[GPU 1]: Config File
{'id': 17, 'model_name': 'swin_large_patch4_window12_384_in22k', 'dropout': 0.5, 'size': 384, 'batch_size_t': 5, 'batch_size_v': 32, 'n_targets': 5, 'criterion': 'CrossEntropyLoss', 'gradient_accumulation_steps': 1, 'max_gradient_norm': None, 'optimizer': 'AdamW', 'scheduler': 'CosineAnnealingWarmRestarts', 'LR': 5e-05, 'T_0': 500, 'T_max': 10, 'T_mult': 5, 'min_lr': 1e-06, 'max_lr': 0.0001, 'no_batches': 'NA', 'warmup_epochs': 1, 'cosine_epochs': 14, 'epochs': 15, 'update_per_batch': True, 'num_workers': 4, 'n_folds': 5, 'train_transforms': [], 'valid_transforms': [], 'observations': None, 'use_swa': True, 'swa_lr': 0.01, 'swa_epoch': 0, 'use_sam': True, 'use_asam': True, 'asam_rho': 0.1, 'print_freq': 50, 'one_fold': True, 'use_apex': True, 'distributed_training': False, 'save_to_log': True}
================================================== Training Fold: 0 ==================================================
[GPU cuda:1][TRAIN] Epoch: [1][0/2480], Elapsed 0m 0s (remain 20m 50s), Accuracy: 0.000(0.000), Loss: 1.758(1.758), LR: 0.000050
[GPU cuda:1][TRAIN] Epoch: [1][50/2480], Elapsed 0m 14s (remain 11m 35s), Accuracy: 40.000(21.176), Loss: 1.599(1.654), LR: 0.000049
[GPU cuda:1][TRAIN] Epoch: [1][100/2480], Elapsed 0m 28s (remain 11m 18s), Accuracy: 40.000(22.574), Loss: 1.453(1.630), LR: 0.000045
[GPU cuda:1][TRAIN] Epoch: [1][150/2480], Elapsed 0m 42s (remain 11m 2s), Accuracy: 20.000(23.311), Loss: 1.695(1.624), LR: 0.000040
[GPU cuda:1][TRAIN] Epoch: [1][200/2480], Elapsed 0m 57s (remain 10m 47s), Accuracy: 0.000(25.572), Loss: 1.686(1.596), LR: 0.000033
[GPU cuda:1][TRAIN] Epoch: [1][250/2480], Elapsed 1m 11s (remain 10m 33s), Accuracy: 40.000(27.410), Loss: 1.076(1.555), LR: 0.000025
[GPU cuda:1][TRAIN] Epoch: [1][300/2480], Elapsed 1m 25s (remain 10m 18s), Accuracy: 40.000(30.299), Loss: 1.397(1.498), LR: 0.000018
[GPU cuda:1][TRAIN] Epoch: [1][350/2480], Elapsed 1m 39s (remain 10m 4s), Accuracy: 60.000(33.162), Loss: 0.946(1.446), LR: 0.000011
[GPU cuda:1][TRAIN] Epoch: [1][400/2480], Elapsed 1m 53s (remain 9m 49s), Accuracy: 60.000(35.362), Loss: 0.844(1.408), LR: 0.000006
[GPU cuda:1][TRAIN] Epoch: [1][450/2480], Elapsed 2m 7s (remain 9m 35s), Accuracy: 40.000(37.827), Loss: 1.255(1.365), LR: 0.000002
[GPU cuda:1][TRAIN] Epoch: [1][500/2480], Elapsed 2m 22s (remain 9m 21s), Accuracy: 40.000(39.800), Loss: 1.494(1.328), LR: 0.000050
[GPU cuda:1][TRAIN] Epoch: [1][550/2480], Elapsed 2m 36s (remain 9m 7s), Accuracy: 60.000(40.181), Loss: 0.852(1.327), LR: 0.000050
[GPU cuda:1][TRAIN] Epoch: [1][600/2480], Elapsed 2m 50s (remain 8m 52s), Accuracy: 100.000(40.732), Loss: 0.450(1.320), LR: 0.000050
[GPU cuda:1][TRAIN] Epoch: [1][650/2480], Elapsed 3m 4s (remain 8m 38s), Accuracy: 60.000(41.536), Loss: 1.009(1.309), LR: 0.000050
[GPU cuda:1][TRAIN] Epoch: [1][700/2480], Elapsed 3m 18s (remain 8m 24s), Accuracy: 40.000(42.026), Loss: 1.304(1.303), LR: 0.000049
[GPU cuda:1][TRAIN] Epoch: [1][750/2480], Elapsed 3m 32s (remain 8m 10s), Accuracy: 40.000(42.344), Loss: 1.054(1.293), LR: 0.000049
[GPU cuda:1][TRAIN] Epoch: [1][800/2480], Elapsed 3m 47s (remain 7m 55s), Accuracy: 40.000(43.096), Loss: 0.969(1.279), LR: 0.000048
[GPU cuda:1][TRAIN] Epoch: [1][850/2480], Elapsed 4m 1s (remain 7m 41s), Accuracy: 20.000(43.831), Loss: 1.479(1.262), LR: 0.000048
[GPU cuda:1][TRAIN] Epoch: [1][900/2480], Elapsed 4m 15s (remain 7m 27s), Accuracy: 60.000(44.750), Loss: 1.453(1.246), LR: 0.000047
[GPU cuda:1][TRAIN] Epoch: [1][950/2480], Elapsed 4m 29s (remain 7m 13s), Accuracy: 40.000(45.258), Loss: 1.098(1.235), LR: 0.000046
[GPU cuda:1][TRAIN] Epoch: [1][1000/2480], Elapsed 4m 43s (remain 6m 59s), Accuracy: 20.000(45.355), Loss: 1.417(1.225), LR: 0.000045
[GPU cuda:1][TRAIN] Epoch: [1][1050/2480], Elapsed 4m 57s (remain 6m 45s), Accuracy: 40.000(46.013), Loss: 1.356(1.217), LR: 0.000044
[GPU cuda:1][TRAIN] Epoch: [1][1100/2480], Elapsed 5m 12s (remain 6m 30s), Accuracy: 80.000(46.594), Loss: 0.750(1.204), LR: 0.000043
[GPU cuda:1][TRAIN] Epoch: [1][1150/2480], Elapsed 5m 26s (remain 6m 16s), Accuracy: 60.000(47.089), Loss: 0.818(1.192), LR: 0.000042
[GPU cuda:1][TRAIN] Epoch: [1][1200/2480], Elapsed 5m 40s (remain 6m 2s), Accuracy: 80.000(47.610), Loss: 0.769(1.180), LR: 0.000041
[GPU cuda:1][TRAIN] Epoch: [1][1250/2480], Elapsed 5m 54s (remain 5m 48s), Accuracy: 40.000(48.074), Loss: 0.892(1.172), LR: 0.000040
[GPU cuda:1][TRAIN] Epoch: [1][1300/2480], Elapsed 6m 8s (remain 5m 34s), Accuracy: 20.000(48.640), Loss: 1.602(1.159), LR: 0.000039
[GPU cuda:1][TRAIN] Epoch: [1][1350/2480], Elapsed 6m 22s (remain 5m 19s), Accuracy: 80.000(49.060), Loss: 0.535(1.152), LR: 0.000037
[GPU cuda:1][TRAIN] Epoch: [1][1400/2480], Elapsed 6m 36s (remain 5m 5s), Accuracy: 60.000(49.379), Loss: 0.826(1.147), LR: 0.000036
[GPU cuda:1][TRAIN] Epoch: [1][1450/2480], Elapsed 6m 51s (remain 4m 51s), Accuracy: 100.000(49.800), Loss: 0.471(1.139), LR: 0.000034
[GPU cuda:1][TRAIN] Epoch: [1][1500/2480], Elapsed 7m 5s (remain 4m 37s), Accuracy: 80.000(50.220), Loss: 0.504(1.132), LR: 0.000033
[GPU cuda:1][TRAIN] Epoch: [1][1550/2480], Elapsed 7m 19s (remain 4m 23s), Accuracy: 80.000(50.587), Loss: 0.692(1.124), LR: 0.000032
[GPU cuda:1][TRAIN] Epoch: [1][1600/2480], Elapsed 7m 33s (remain 4m 9s), Accuracy: 60.000(51.131), Loss: 0.743(1.115), LR: 0.000030
[GPU cuda:1][TRAIN] Epoch: [1][1650/2480], Elapsed 7m 47s (remain 3m 54s), Accuracy: 80.000(51.569), Loss: 0.340(1.103), LR: 0.000029
[GPU cuda:1][TRAIN] Epoch: [1][1700/2480], Elapsed 8m 1s (remain 3m 40s), Accuracy: 60.000(51.805), Loss: 0.756(1.098), LR: 0.000027
[GPU cuda:1][TRAIN] Epoch: [1][1750/2480], Elapsed 8m 16s (remain 3m 26s), Accuracy: 40.000(52.210), Loss: 1.156(1.090), LR: 0.000025
[GPU cuda:1][TRAIN] Epoch: [1][1800/2480], Elapsed 8m 30s (remain 3m 12s), Accuracy: 60.000(52.615), Loss: 0.894(1.083), LR: 0.000024
[GPU cuda:1][TRAIN] Epoch: [1][1850/2480], Elapsed 8m 44s (remain 2m 58s), Accuracy: 20.000(52.858), Loss: 1.216(1.077), LR: 0.000022
[GPU cuda:1][TRAIN] Epoch: [1][1900/2480], Elapsed 8m 58s (remain 2m 43s), Accuracy: 60.000(53.214), Loss: 0.741(1.069), LR: 0.000021
[GPU cuda:1][TRAIN] Epoch: [1][1950/2480], Elapsed 9m 12s (remain 2m 29s), Accuracy: 60.000(53.470), Loss: 0.648(1.065), LR: 0.000019
[GPU cuda:1][TRAIN] Epoch: [1][2000/2480], Elapsed 9m 26s (remain 2m 15s), Accuracy: 60.000(53.823), Loss: 0.931(1.058), LR: 0.000018
[GPU cuda:1][TRAIN] Epoch: [1][2050/2480], Elapsed 9m 40s (remain 2m 1s), Accuracy: 40.000(53.935), Loss: 1.078(1.054), LR: 0.000016
[GPU cuda:1][TRAIN] Epoch: [1][2100/2480], Elapsed 9m 55s (remain 1m 47s), Accuracy: 80.000(54.469), Loss: 0.762(1.044), LR: 0.000015
[GPU cuda:1][TRAIN] Epoch: [1][2150/2480], Elapsed 10m 9s (remain 1m 33s), Accuracy: 40.000(54.868), Loss: 1.013(1.036), LR: 0.000014
[GPU cuda:1][TRAIN] Epoch: [1][2200/2480], Elapsed 10m 23s (remain 1m 19s), Accuracy: 60.000(55.266), Loss: 0.728(1.029), LR: 0.000012
[GPU cuda:1][TRAIN] Epoch: [1][2250/2480], Elapsed 10m 37s (remain 1m 4s), Accuracy: 60.000(55.566), Loss: 0.931(1.023), LR: 0.000011
[GPU cuda:1][TRAIN] Epoch: [1][2300/2480], Elapsed 10m 51s (remain 0m 50s), Accuracy: 60.000(55.889), Loss: 0.731(1.017), LR: 0.000010
[GPU cuda:1][TRAIN] Epoch: [1][2350/2480], Elapsed 11m 6s (remain 0m 36s), Accuracy: 80.000(56.214), Loss: 0.586(1.011), LR: 0.000009
[GPU cuda:1][TRAIN] Epoch: [1][2400/2480], Elapsed 11m 20s (remain 0m 22s), Accuracy: 60.000(56.576), Loss: 0.967(1.004), LR: 0.000008
[GPU cuda:1][TRAIN] Epoch: [1][2450/2480], Elapsed 11m 34s (remain 0m 8s), Accuracy: 60.000(56.867), Loss: 0.665(0.998), LR: 0.000007
[GPU cuda:1][TRAIN] Epoch: [1][2479/2480], Elapsed 11m 42s (remain 0m 0s), Accuracy: 40.000(57.032), Loss: 1.848(0.995), LR: 0.000006
[GPU cuda:1][VALID][0/97], Elapsed 0m 1s (remain 2m 10s), Accuracy: 81.250(81.250), Batch Loss: 0.5858, Average Loss: 0.5858
[GPU cuda:1][VALID][50/97], Elapsed 0m 48s (remain 0m 43s), Accuracy: 84.375(74.510), Batch Loss: 0.3944, Average Loss: 0.6600
[GPU cuda:1][VALID][96/97], Elapsed 1m 32s (remain 0m 0s), Accuracy: 75.000(74.323), Batch Loss: 0.6152, Average Loss: 0.6675
Valid Labels Samples: [2 0 1 4 1 0 3 1 4 3]
Valid Predictions Samples: [2, 0, 1, 3, 1, 0, 3, 1, 3, 0]
Epoch 1 - Train Average Loss: 57.032, Valid Average Loss: 74.323, Epoch Time: 796.541s
Epoch 1 - Accuracy: 0.743, Precision: 0.759, Recall: 0.743
Saved Best Model: 0.74
[GPU cuda:1][TRAIN] Epoch: [2][0/2480], Elapsed 0m 0s (remain 25m 59s), Accuracy: 80.000(80.000), Loss: 0.741(0.741), LR: 0.000006
[GPU cuda:1][TRAIN] Epoch: [2][50/2480], Elapsed 0m 14s (remain 11m 52s), Accuracy: 60.000(74.902), Loss: 0.939(0.597), LR: 0.000005
[GPU cuda:1][TRAIN] Epoch: [2][100/2480], Elapsed 0m 29s (remain 11m 27s), Accuracy: 80.000(71.881), Loss: 0.547(0.652), LR: 0.000004
[GPU cuda:1][TRAIN] Epoch: [2][150/2480], Elapsed 0m 43s (remain 11m 8s), Accuracy: 60.000(72.318), Loss: 0.895(0.660), LR: 0.000004
[GPU cuda:1][TRAIN] Epoch: [2][200/2480], Elapsed 0m 57s (remain 10m 52s), Accuracy: 60.000(71.542), Loss: 0.845(0.686), LR: 0.000003
[GPU cuda:1][TRAIN] Epoch: [2][250/2480], Elapsed 1m 11s (remain 10m 36s), Accuracy: 100.000(72.351), Loss: 0.131(0.673), LR: 0.000002
[GPU cuda:1][TRAIN] Epoch: [2][300/2480], Elapsed 1m 25s (remain 10m 21s), Accuracy: 60.000(72.425), Loss: 1.023(0.675), LR: 0.000002
[GPU cuda:1][TRAIN] Epoch: [2][350/2480], Elapsed 1m 39s (remain 10m 6s), Accuracy: 60.000(71.510), Loss: 0.981(0.689), LR: 0.000002
[GPU cuda:1][TRAIN] Epoch: [2][400/2480], Elapsed 1m 54s (remain 9m 51s), Accuracy: 60.000(71.920), Loss: 0.603(0.683), LR: 0.000001
[GPU cuda:1][TRAIN] Epoch: [2][450/2480], Elapsed 2m 8s (remain 9m 36s), Accuracy: 60.000(72.328), Loss: 0.705(0.682), LR: 0.000001
[GPU cuda:1][TRAIN] Epoch: [2][500/2480], Elapsed 2m 22s (remain 9m 22s), Accuracy: 60.000(72.655), Loss: 0.854(0.674), LR: 0.000001
[GPU cuda:1][TRAIN] Epoch: [2][550/2480], Elapsed 2m 36s (remain 9m 8s), Accuracy: 100.000(72.160), Loss: 0.271(0.687), LR: 0.000050
[GPU cuda:1][TRAIN] Epoch: [2][600/2480], Elapsed 2m 50s (remain 8m 53s), Accuracy: 100.000(71.414), Loss: 0.196(0.708), LR: 0.000050
[GPU cuda:1][TRAIN] Epoch: [2][650/2480], Elapsed 3m 4s (remain 8m 39s), Accuracy: 100.000(70.783), Loss: 0.142(0.724), LR: 0.000050
[GPU cuda:1][TRAIN] Epoch: [2][700/2480], Elapsed 3m 19s (remain 8m 25s), Accuracy: 80.000(70.357), Loss: 0.536(0.738), LR: 0.000050
[GPU cuda:1][TRAIN] Epoch: [2][750/2480], Elapsed 3m 33s (remain 8m 10s), Accuracy: 80.000(69.880), Loss: 0.762(0.750), LR: 0.000050
[GPU cuda:1][TRAIN] Epoch: [2][800/2480], Elapsed 3m 47s (remain 7m 56s), Accuracy: 80.000(69.638), Loss: 0.590(0.754), LR: 0.000050
[GPU cuda:1][TRAIN] Epoch: [2][850/2480], Elapsed 4m 1s (remain 7m 42s), Accuracy: 40.000(69.330), Loss: 1.155(0.755), LR: 0.000050
[GPU cuda:1][TRAIN] Epoch: [2][900/2480], Elapsed 4m 15s (remain 7m 28s), Accuracy: 60.000(69.212), Loss: 1.136(0.762), LR: 0.000050
[GPU cuda:1][TRAIN] Epoch: [2][950/2480], Elapsed 4m 29s (remain 7m 13s), Accuracy: 60.000(69.148), Loss: 1.005(0.761), LR: 0.000050
[GPU cuda:1][TRAIN] Epoch: [2][1000/2480], Elapsed 4m 44s (remain 6m 59s), Accuracy: 40.000(68.671), Loss: 0.994(0.767), LR: 0.000050
[GPU cuda:1][TRAIN] Epoch: [2][1050/2480], Elapsed 4m 58s (remain 6m 45s), Accuracy: 40.000(68.373), Loss: 1.282(0.770), LR: 0.000050
[GPU cuda:1][TRAIN] Epoch: [2][1100/2480], Elapsed 5m 12s (remain 6m 31s), Accuracy: 100.000(68.501), Loss: 0.295(0.767), LR: 0.000050
[GPU cuda:1][TRAIN] Epoch: [2][1150/2480], Elapsed 5m 26s (remain 6m 17s), Accuracy: 80.000(68.184), Loss: 1.132(0.772), LR: 0.000050
[GPU cuda:1][TRAIN] Epoch: [2][1200/2480], Elapsed 5m 40s (remain 6m 2s), Accuracy: 60.000(68.160), Loss: 0.931(0.773), LR: 0.000050
[GPU cuda:1][TRAIN] Epoch: [2][1250/2480], Elapsed 5m 54s (remain 5m 48s), Accuracy: 40.000(67.962), Loss: 1.053(0.775), LR: 0.000050
[GPU cuda:1][TRAIN] Epoch: [2][1300/2480], Elapsed 6m 9s (remain 5m 34s), Accuracy: 40.000(67.809), Loss: 1.084(0.777), LR: 0.000050
[GPU cuda:1][TRAIN] Epoch: [2][1350/2480], Elapsed 6m 23s (remain 5m 20s), Accuracy: 100.000(67.846), Loss: 0.204(0.777), LR: 0.000049
[GPU cuda:1][TRAIN] Epoch: [2][1400/2480], Elapsed 6m 37s (remain 5m 6s), Accuracy: 60.000(67.652), Loss: 0.563(0.782), LR: 0.000049
[GPU cuda:1][TRAIN] Epoch: [2][1450/2480], Elapsed 6m 51s (remain 4m 52s), Accuracy: 80.000(67.595), Loss: 0.814(0.783), LR: 0.000049
[GPU cuda:1][TRAIN] Epoch: [2][1500/2480], Elapsed 7m 5s (remain 4m 37s), Accuracy: 80.000(67.515), Loss: 0.300(0.785), LR: 0.000049
[GPU cuda:1][TRAIN] Epoch: [2][1550/2480], Elapsed 7m 20s (remain 4m 23s), Accuracy: 80.000(67.556), Loss: 0.463(0.783), LR: 0.000049
[GPU cuda:1][TRAIN] Epoch: [2][1600/2480], Elapsed 7m 34s (remain 4m 9s), Accuracy: 80.000(67.570), Loss: 0.580(0.783), LR: 0.000049
[GPU cuda:1][TRAIN] Epoch: [2][1650/2480], Elapsed 7m 48s (remain 3m 55s), Accuracy: 80.000(67.486), Loss: 0.381(0.781), LR: 0.000049
[GPU cuda:1][TRAIN] Epoch: [2][1700/2480], Elapsed 8m 2s (remain 3m 41s), Accuracy: 60.000(67.255), Loss: 0.567(0.784), LR: 0.000049
[GPU cuda:1][TRAIN] Epoch: [2][1750/2480], Elapsed 8m 17s (remain 3m 26s), Accuracy: 40.000(67.127), Loss: 1.117(0.787), LR: 0.000049
[GPU cuda:1][TRAIN] Epoch: [2][1800/2480], Elapsed 8m 31s (remain 3m 12s), Accuracy: 80.000(67.096), Loss: 0.836(0.786), LR: 0.000049
[GPU cuda:1][TRAIN] Epoch: [2][1850/2480], Elapsed 8m 45s (remain 2m 58s), Accuracy: 80.000(67.110), Loss: 0.835(0.787), LR: 0.000049
[GPU cuda:1][TRAIN] Epoch: [2][1900/2480], Elapsed 8m 59s (remain 2m 44s), Accuracy: 80.000(67.154), Loss: 0.499(0.788), LR: 0.000049
[GPU cuda:1][TRAIN] Epoch: [2][1950/2480], Elapsed 9m 13s (remain 2m 30s), Accuracy: 100.000(66.991), Loss: 0.503(0.790), LR: 0.000048
[GPU cuda:1][TRAIN] Epoch: [2][2000/2480], Elapsed 9m 28s (remain 2m 16s), Accuracy: 60.000(67.036), Loss: 1.070(0.790), LR: 0.000048
[GPU cuda:1][TRAIN] Epoch: [2][2050/2480], Elapsed 9m 42s (remain 2m 1s), Accuracy: 60.000(66.914), Loss: 0.940(0.793), LR: 0.000048
[GPU cuda:1][TRAIN] Epoch: [2][2100/2480], Elapsed 9m 56s (remain 1m 47s), Accuracy: 60.000(66.978), Loss: 0.910(0.791), LR: 0.000048
[GPU cuda:1][TRAIN] Epoch: [2][2150/2480], Elapsed 10m 10s (remain 1m 33s), Accuracy: 40.000(66.992), Loss: 1.096(0.791), LR: 0.000048
[GPU cuda:1][TRAIN] Epoch: [2][2200/2480], Elapsed 10m 25s (remain 1m 19s), Accuracy: 60.000(67.060), Loss: 0.571(0.789), LR: 0.000048
[GPU cuda:1][TRAIN] Epoch: [2][2250/2480], Elapsed 10m 39s (remain 1m 5s), Accuracy: 80.000(67.010), Loss: 0.811(0.790), LR: 0.000048
[GPU cuda:1][TRAIN] Epoch: [2][2300/2480], Elapsed 10m 53s (remain 0m 50s), Accuracy: 40.000(66.962), Loss: 0.660(0.790), LR: 0.000048
[GPU cuda:1][TRAIN] Epoch: [2][2350/2480], Elapsed 11m 7s (remain 0m 36s), Accuracy: 80.000(67.044), Loss: 0.598(0.790), LR: 0.000047
[GPU cuda:1][TRAIN] Epoch: [2][2400/2480], Elapsed 11m 21s (remain 0m 22s), Accuracy: 60.000(67.139), Loss: 0.811(0.790), LR: 0.000047
[GPU cuda:1][TRAIN] Epoch: [2][2450/2480], Elapsed 11m 35s (remain 0m 8s), Accuracy: 80.000(67.246), Loss: 0.572(0.788), LR: 0.000047
[GPU cuda:1][TRAIN] Epoch: [2][2479/2480], Elapsed 11m 44s (remain 0m 0s), Accuracy: 20.000(67.226), Loss: 2.222(0.789), LR: 0.000047
[GPU cuda:1][VALID][0/97], Elapsed 0m 1s (remain 2m 13s), Accuracy: 75.000(75.000), Batch Loss: 0.6821, Average Loss: 0.6821
[GPU cuda:1][VALID][50/97], Elapsed 0m 48s (remain 0m 43s), Accuracy: 71.875(69.608), Batch Loss: 0.5518, Average Loss: 0.7294
[GPU cuda:1][VALID][96/97], Elapsed 1m 32s (remain 0m 0s), Accuracy: 75.000(69.394), Batch Loss: 0.7752, Average Loss: 0.7299
Valid Labels Samples: [2 0 1 4 1 0 3 1 4 3]
Valid Predictions Samples: [2, 0, 1, 3, 1, 0, 3, 1, 3, 4]
Epoch 2 - Train Average Loss: 67.226, Valid Average Loss: 69.394, Epoch Time: 798.668s
Epoch 2 - Accuracy: 0.694, Precision: 0.695, Recall: 0.694
[GPU cuda:1][TRAIN] Epoch: [3][0/2480], Elapsed 0m 0s (remain 25m 46s), Accuracy: 80.000(80.000), Loss: 0.685(0.685), LR: 0.000047
[GPU cuda:1][TRAIN] Epoch: [3][50/2480], Elapsed 0m 14s (remain 11m 54s), Accuracy: 60.000(69.020), Loss: 0.900(0.735), LR: 0.000047
[GPU cuda:1][TRAIN] Epoch: [3][100/2480], Elapsed 0m 29s (remain 11m 28s), Accuracy: 80.000(68.911), Loss: 0.784(0.756), LR: 0.000047
[GPU cuda:1][TRAIN] Epoch: [3][150/2480], Elapsed 0m 43s (remain 11m 10s), Accuracy: 40.000(67.550), Loss: 1.064(0.772), LR: 0.000047
[GPU cuda:1][TRAIN] Epoch: [3][200/2480], Elapsed 0m 57s (remain 10m 53s), Accuracy: 60.000(67.065), Loss: 0.791(0.787), LR: 0.000046
[GPU cuda:1][TRAIN] Epoch: [3][250/2480], Elapsed 1m 11s (remain 10m 37s), Accuracy: 80.000(68.048), Loss: 0.296(0.772), LR: 0.000046
[GPU cuda:1][TRAIN] Epoch: [3][300/2480], Elapsed 1m 26s (remain 10m 22s), Accuracy: 40.000(68.173), Loss: 1.248(0.768), LR: 0.000046
[GPU cuda:1][TRAIN] Epoch: [3][350/2480], Elapsed 1m 40s (remain 10m 8s), Accuracy: 80.000(67.578), Loss: 0.668(0.784), LR: 0.000046
[GPU cuda:1][TRAIN] Epoch: [3][400/2480], Elapsed 1m 54s (remain 9m 53s), Accuracy: 60.000(67.830), Loss: 0.734(0.783), LR: 0.000046
[GPU cuda:1][TRAIN] Epoch: [3][450/2480], Elapsed 2m 8s (remain 9m 38s), Accuracy: 60.000(67.761), Loss: 1.125(0.785), LR: 0.000046
[GPU cuda:1][TRAIN] Epoch: [3][500/2480], Elapsed 2m 22s (remain 9m 24s), Accuracy: 20.000(68.024), Loss: 1.329(0.779), LR: 0.000045
[GPU cuda:1][TRAIN] Epoch: [3][550/2480], Elapsed 2m 37s (remain 9m 9s), Accuracy: 100.000(68.240), Loss: 0.147(0.778), LR: 0.000045
[GPU cuda:1][TRAIN] Epoch: [3][600/2480], Elapsed 2m 51s (remain 8m 55s), Accuracy: 100.000(68.020), Loss: 0.103(0.779), LR: 0.000045
[GPU cuda:1][TRAIN] Epoch: [3][650/2480], Elapsed 3m 5s (remain 8m 40s), Accuracy: 100.000(68.049), Loss: 0.057(0.781), LR: 0.000045
[GPU cuda:1][TRAIN] Epoch: [3][700/2480], Elapsed 3m 19s (remain 8m 26s), Accuracy: 80.000(67.732), Loss: 0.570(0.787), LR: 0.000045
[GPU cuda:1][TRAIN] Epoch: [3][750/2480], Elapsed 3m 33s (remain 8m 11s), Accuracy: 80.000(67.830), Loss: 0.900(0.787), LR: 0.000045
[GPU cuda:1][TRAIN] Epoch: [3][800/2480], Elapsed 3m 47s (remain 7m 57s), Accuracy: 80.000(68.015), Loss: 0.688(0.785), LR: 0.000044
[GPU cuda:1][TRAIN] Epoch: [3][850/2480], Elapsed 4m 2s (remain 7m 43s), Accuracy: 60.000(68.414), Loss: 0.650(0.776), LR: 0.000044
[GPU cuda:1][TRAIN] Epoch: [3][900/2480], Elapsed 4m 16s (remain 7m 29s), Accuracy: 80.000(68.546), Loss: 1.152(0.773), LR: 0.000044
[GPU cuda:1][TRAIN] Epoch: [3][950/2480], Elapsed 4m 30s (remain 7m 14s), Accuracy: 80.000(68.812), Loss: 0.650(0.765), LR: 0.000044
[GPU cuda:1][TRAIN] Epoch: [3][1000/2480], Elapsed 4m 44s (remain 7m 0s), Accuracy: 60.000(68.771), Loss: 0.771(0.763), LR: 0.000044
[GPU cuda:1][TRAIN] Epoch: [3][1050/2480], Elapsed 4m 58s (remain 6m 46s), Accuracy: 60.000(68.963), Loss: 0.755(0.759), LR: 0.000043
[GPU cuda:1][TRAIN] Epoch: [3][1100/2480], Elapsed 5m 12s (remain 6m 31s), Accuracy: 80.000(69.137), Loss: 0.238(0.753), LR: 0.000043
[GPU cuda:1][TRAIN] Epoch: [3][1150/2480], Elapsed 5m 27s (remain 6m 17s), Accuracy: 60.000(69.314), Loss: 0.973(0.751), LR: 0.000043
[GPU cuda:1][TRAIN] Epoch: [3][1200/2480], Elapsed 5m 41s (remain 6m 3s), Accuracy: 80.000(69.475), Loss: 0.766(0.746), LR: 0.000043
[GPU cuda:1][TRAIN] Epoch: [3][1250/2480], Elapsed 5m 55s (remain 5m 49s), Accuracy: 40.000(69.353), Loss: 1.203(0.747), LR: 0.000042
[GPU cuda:1][TRAIN] Epoch: [3][1300/2480], Elapsed 6m 9s (remain 5m 34s), Accuracy: 60.000(69.669), Loss: 1.006(0.742), LR: 0.000042
[GPU cuda:1][TRAIN] Epoch: [3][1350/2480], Elapsed 6m 23s (remain 5m 20s), Accuracy: 100.000(69.652), Loss: 0.155(0.741), LR: 0.000042
[GPU cuda:1][TRAIN] Epoch: [3][1400/2480], Elapsed 6m 37s (remain 5m 6s), Accuracy: 100.000(69.622), Loss: 0.435(0.742), LR: 0.000042
[GPU cuda:1][TRAIN] Epoch: [3][1450/2480], Elapsed 6m 51s (remain 4m 52s), Accuracy: 80.000(69.745), Loss: 0.613(0.740), LR: 0.000042
[GPU cuda:1][TRAIN] Epoch: [3][1500/2480], Elapsed 7m 6s (remain 4m 37s), Accuracy: 80.000(69.727), Loss: 0.502(0.740), LR: 0.000041
[GPU cuda:1][TRAIN] Epoch: [3][1550/2480], Elapsed 7m 20s (remain 4m 23s), Accuracy: 100.000(69.774), Loss: 0.243(0.739), LR: 0.000041
[GPU cuda:1][TRAIN] Epoch: [3][1600/2480], Elapsed 7m 34s (remain 4m 9s), Accuracy: 80.000(69.844), Loss: 0.446(0.736), LR: 0.000041
[GPU cuda:1][TRAIN] Epoch: [3][1650/2480], Elapsed 7m 48s (remain 3m 55s), Accuracy: 80.000(70.067), Loss: 0.347(0.732), LR: 0.000041
[GPU cuda:1][TRAIN] Epoch: [3][1700/2480], Elapsed 8m 2s (remain 3m 41s), Accuracy: 80.000(70.112), Loss: 0.440(0.732), LR: 0.000040
[GPU cuda:1][TRAIN] Epoch: [3][1750/2480], Elapsed 8m 16s (remain 3m 26s), Accuracy: 40.000(70.188), Loss: 1.248(0.732), LR: 0.000040
[GPU cuda:1][TRAIN] Epoch: [3][1800/2480], Elapsed 8m 30s (remain 3m 12s), Accuracy: 40.000(70.150), Loss: 1.015(0.732), LR: 0.000040
[GPU cuda:1][TRAIN] Epoch: [3][1850/2480], Elapsed 8m 45s (remain 2m 58s), Accuracy: 80.000(70.059), Loss: 0.645(0.730), LR: 0.000040
[GPU cuda:1][TRAIN] Epoch: [3][1900/2480], Elapsed 8m 59s (remain 2m 44s), Accuracy: 60.000(70.079), Loss: 0.673(0.729), LR: 0.000039
[GPU cuda:1][TRAIN] Epoch: [3][1950/2480], Elapsed 9m 13s (remain 2m 30s), Accuracy: 60.000(70.015), Loss: 0.569(0.731), LR: 0.000039
[GPU cuda:1][TRAIN] Epoch: [3][2000/2480], Elapsed 9m 27s (remain 2m 15s), Accuracy: 80.000(70.105), Loss: 0.619(0.729), LR: 0.000039
[GPU cuda:1][TRAIN] Epoch: [3][2050/2480], Elapsed 9m 41s (remain 2m 1s), Accuracy: 40.000(69.985), Loss: 1.011(0.731), LR: 0.000039
[GPU cuda:1][TRAIN] Epoch: [3][2100/2480], Elapsed 9m 55s (remain 1m 47s), Accuracy: 80.000(70.138), Loss: 0.759(0.728), LR: 0.000038
[GPU cuda:1][TRAIN] Epoch: [3][2150/2480], Elapsed 10m 9s (remain 1m 33s), Accuracy: 80.000(70.246), Loss: 0.718(0.726), LR: 0.000038
[GPU cuda:1][TRAIN] Epoch: [3][2200/2480], Elapsed 10m 23s (remain 1m 19s), Accuracy: 60.000(70.395), Loss: 0.642(0.723), LR: 0.000038
[GPU cuda:1][TRAIN] Epoch: [3][2250/2480], Elapsed 10m 38s (remain 1m 4s), Accuracy: 60.000(70.369), Loss: 0.909(0.722), LR: 0.000038
[GPU cuda:1][TRAIN] Epoch: [3][2300/2480], Elapsed 10m 52s (remain 0m 50s), Accuracy: 80.000(70.387), Loss: 0.622(0.721), LR: 0.000037
[GPU cuda:1][TRAIN] Epoch: [3][2350/2480], Elapsed 11m 6s (remain 0m 36s), Accuracy: 80.000(70.447), Loss: 0.522(0.720), LR: 0.000037
[GPU cuda:1][TRAIN] Epoch: [3][2400/2480], Elapsed 11m 20s (remain 0m 22s), Accuracy: 60.000(70.596), Loss: 1.015(0.719), LR: 0.000037
[GPU cuda:1][TRAIN] Epoch: [3][2450/2480], Elapsed 11m 34s (remain 0m 8s), Accuracy: 80.000(70.706), Loss: 0.554(0.716), LR: 0.000036
[GPU cuda:1][TRAIN] Epoch: [3][2479/2480], Elapsed 11m 42s (remain 0m 0s), Accuracy: 40.000(70.758), Loss: 2.094(0.716), LR: 0.000036
[GPU cuda:1][VALID][0/97], Elapsed 0m 1s (remain 2m 11s), Accuracy: 71.875(71.875), Batch Loss: 0.7916, Average Loss: 0.7916
[GPU cuda:1][VALID][50/97], Elapsed 0m 48s (remain 0m 43s), Accuracy: 81.250(74.694), Batch Loss: 0.3530, Average Loss: 0.6436
[GPU cuda:1][VALID][96/97], Elapsed 1m 32s (remain 0m 0s), Accuracy: 78.571(74.425), Batch Loss: 0.5133, Average Loss: 0.6551
Valid Labels Samples: [2 0 1 4 1 0 3 1 4 3]
Valid Predictions Samples: [2, 0, 1, 3, 1, 0, 3, 1, 3, 0]
Epoch 3 - Train Average Loss: 70.758, Valid Average Loss: 74.425, Epoch Time: 797.362s
Epoch 3 - Accuracy: 0.744, Precision: 0.743, Recall: 0.744
Saved Best Model: 0.74
[GPU cuda:1][TRAIN] Epoch: [4][0/2480], Elapsed 0m 0s (remain 26m 7s), Accuracy: 80.000(80.000), Loss: 0.652(0.652), LR: 0.000036
[GPU cuda:1][TRAIN] Epoch: [4][50/2480], Elapsed 0m 15s (remain 11m 54s), Accuracy: 60.000(76.863), Loss: 0.981(0.541), LR: 0.000036
[GPU cuda:1][TRAIN] Epoch: [4][100/2480], Elapsed 0m 29s (remain 11m 28s), Accuracy: 80.000(73.465), Loss: 0.584(0.629), LR: 0.000036
[GPU cuda:1][TRAIN] Epoch: [4][150/2480], Elapsed 0m 43s (remain 11m 10s), Accuracy: 60.000(74.305), Loss: 0.793(0.625), LR: 0.000035
[GPU cuda:1][TRAIN] Epoch: [4][200/2480], Elapsed 0m 57s (remain 10m 54s), Accuracy: 80.000(73.731), Loss: 0.686(0.653), LR: 0.000035
[GPU cuda:1][TRAIN] Epoch: [4][250/2480], Elapsed 1m 11s (remain 10m 38s), Accuracy: 100.000(74.263), Loss: 0.072(0.637), LR: 0.000035
[GPU cuda:1][TRAIN] Epoch: [4][300/2480], Elapsed 1m 26s (remain 10m 23s), Accuracy: 20.000(73.953), Loss: 1.306(0.649), LR: 0.000035
[GPU cuda:1][TRAIN] Epoch: [4][350/2480], Elapsed 1m 40s (remain 10m 8s), Accuracy: 100.000(73.561), Loss: 0.276(0.658), LR: 0.000034
[GPU cuda:1][TRAIN] Epoch: [4][400/2480], Elapsed 1m 54s (remain 9m 53s), Accuracy: 60.000(73.267), Loss: 0.708(0.666), LR: 0.000034
[GPU cuda:1][TRAIN] Epoch: [4][450/2480], Elapsed 2m 8s (remain 9m 39s), Accuracy: 80.000(73.525), Loss: 0.477(0.664), LR: 0.000034
[GPU cuda:1][TRAIN] Epoch: [4][500/2480], Elapsed 2m 22s (remain 9m 24s), Accuracy: 40.000(73.733), Loss: 0.971(0.661), LR: 0.000033
[GPU cuda:1][TRAIN] Epoch: [4][550/2480], Elapsed 2m 37s (remain 9m 10s), Accuracy: 100.000(73.575), Loss: 0.107(0.663), LR: 0.000033
[GPU cuda:1][TRAIN] Epoch: [4][600/2480], Elapsed 2m 51s (remain 8m 55s), Accuracy: 100.000(73.178), Loss: 0.205(0.672), LR: 0.000033
[GPU cuda:1][TRAIN] Epoch: [4][650/2480], Elapsed 3m 5s (remain 8m 41s), Accuracy: 100.000(72.750), Loss: 0.097(0.679), LR: 0.000033
[GPU cuda:1][TRAIN] Epoch: [4][700/2480], Elapsed 3m 19s (remain 8m 27s), Accuracy: 60.000(72.582), Loss: 0.516(0.682), LR: 0.000032
[GPU cuda:1][TRAIN] Epoch: [4][750/2480], Elapsed 3m 34s (remain 8m 12s), Accuracy: 100.000(72.543), Loss: 0.209(0.682), LR: 0.000032
[GPU cuda:1][TRAIN] Epoch: [4][800/2480], Elapsed 3m 48s (remain 7m 58s), Accuracy: 100.000(72.809), Loss: 0.451(0.678), LR: 0.000032
[GPU cuda:1][TRAIN] Epoch: [4][850/2480], Elapsed 4m 2s (remain 7m 44s), Accuracy: 80.000(73.043), Loss: 0.488(0.672), LR: 0.000031
[GPU cuda:1][TRAIN] Epoch: [4][900/2480], Elapsed 4m 16s (remain 7m 29s), Accuracy: 60.000(73.430), Loss: 0.946(0.667), LR: 0.000031
[GPU cuda:1][TRAIN] Epoch: [4][950/2480], Elapsed 4m 30s (remain 7m 15s), Accuracy: 60.000(73.607), Loss: 0.751(0.659), LR: 0.000031
[GPU cuda:1][TRAIN] Epoch: [4][1000/2480], Elapsed 4m 45s (remain 7m 1s), Accuracy: 80.000(73.267), Loss: 0.780(0.663), LR: 0.000030
[GPU cuda:1][TRAIN] Epoch: [4][1050/2480], Elapsed 4m 59s (remain 6m 46s), Accuracy: 60.000(73.454), Loss: 0.608(0.660), LR: 0.000030
[GPU cuda:1][TRAIN] Epoch: [4][1100/2480], Elapsed 5m 13s (remain 6m 32s), Accuracy: 80.000(73.697), Loss: 0.213(0.654), LR: 0.000030
[GPU cuda:1][TRAIN] Epoch: [4][1150/2480], Elapsed 5m 27s (remain 6m 18s), Accuracy: 60.000(73.779), Loss: 0.815(0.653), LR: 0.000030
[GPU cuda:1][TRAIN] Epoch: [4][1200/2480], Elapsed 5m 42s (remain 6m 4s), Accuracy: 60.000(73.888), Loss: 0.962(0.648), LR: 0.000029
[GPU cuda:1][TRAIN] Epoch: [4][1250/2480], Elapsed 5m 56s (remain 5m 50s), Accuracy: 40.000(73.765), Loss: 1.002(0.650), LR: 0.000029
[GPU cuda:1][TRAIN] Epoch: [4][1300/2480], Elapsed 6m 10s (remain 5m 35s), Accuracy: 80.000(73.928), Loss: 0.740(0.646), LR: 0.000029
[GPU cuda:1][TRAIN] Epoch: [4][1350/2480], Elapsed 6m 24s (remain 5m 21s), Accuracy: 100.000(74.034), Loss: 0.121(0.643), LR: 0.000028
[GPU cuda:1][TRAIN] Epoch: [4][1400/2480], Elapsed 6m 39s (remain 5m 7s), Accuracy: 100.000(73.976), Loss: 0.281(0.644), LR: 0.000028
[GPU cuda:1][TRAIN] Epoch: [4][1450/2480], Elapsed 6m 53s (remain 4m 53s), Accuracy: 80.000(74.004), Loss: 0.525(0.642), LR: 0.000028
[GPU cuda:1][TRAIN] Epoch: [4][1500/2480], Elapsed 7m 7s (remain 4m 38s), Accuracy: 100.000(74.031), Loss: 0.109(0.642), LR: 0.000027
[GPU cuda:1][TRAIN] Epoch: [4][1550/2480], Elapsed 7m 21s (remain 4m 24s), Accuracy: 100.000(74.068), Loss: 0.291(0.641), LR: 0.000027
[GPU cuda:1][TRAIN] Epoch: [4][1600/2480], Elapsed 7m 36s (remain 4m 10s), Accuracy: 100.000(74.116), Loss: 0.372(0.640), LR: 0.000027
[GPU cuda:1][TRAIN] Epoch: [4][1650/2480], Elapsed 7m 50s (remain 3m 56s), Accuracy: 80.000(74.319), Loss: 0.332(0.635), LR: 0.000026
[GPU cuda:1][TRAIN] Epoch: [4][1700/2480], Elapsed 8m 4s (remain 3m 41s), Accuracy: 80.000(74.274), Loss: 0.386(0.636), LR: 0.000026
[GPU cuda:1][TRAIN] Epoch: [4][1750/2480], Elapsed 8m 18s (remain 3m 27s), Accuracy: 60.000(74.369), Loss: 0.853(0.634), LR: 0.000026
[GPU cuda:1][TRAIN] Epoch: [4][1800/2480], Elapsed 8m 33s (remain 3m 13s), Accuracy: 80.000(74.303), Loss: 0.756(0.633), LR: 0.000026
[GPU cuda:1][TRAIN] Epoch: [4][1850/2480], Elapsed 8m 47s (remain 2m 59s), Accuracy: 80.000(74.317), Loss: 0.719(0.633), LR: 0.000025
[GPU cuda:1][TRAIN] Epoch: [4][1900/2480], Elapsed 9m 1s (remain 2m 45s), Accuracy: 60.000(74.308), Loss: 0.751(0.633), LR: 0.000025
[GPU cuda:1][TRAIN] Epoch: [4][1950/2480], Elapsed 9m 16s (remain 2m 30s), Accuracy: 60.000(74.198), Loss: 0.560(0.636), LR: 0.000025
[GPU cuda:1][TRAIN] Epoch: [4][2000/2480], Elapsed 9m 30s (remain 2m 16s), Accuracy: 100.000(74.243), Loss: 0.431(0.634), LR: 0.000024
[GPU cuda:1][TRAIN] Epoch: [4][2050/2480], Elapsed 9m 44s (remain 2m 2s), Accuracy: 40.000(74.286), Loss: 1.221(0.634), LR: 0.000024
[GPU cuda:1][TRAIN] Epoch: [4][2100/2480], Elapsed 9m 58s (remain 1m 48s), Accuracy: 80.000(74.488), Loss: 0.329(0.630), LR: 0.000024
[GPU cuda:1][TRAIN] Epoch: [4][2150/2480], Elapsed 10m 13s (remain 1m 33s), Accuracy: 80.000(74.589), Loss: 0.485(0.627), LR: 0.000023
[GPU cuda:1][TRAIN] Epoch: [4][2200/2480], Elapsed 10m 27s (remain 1m 19s), Accuracy: 80.000(74.648), Loss: 0.456(0.626), LR: 0.000023
[GPU cuda:1][TRAIN] Epoch: [4][2250/2480], Elapsed 10m 41s (remain 1m 5s), Accuracy: 80.000(74.562), Loss: 0.714(0.626), LR: 0.000023
[GPU cuda:1][TRAIN] Epoch: [4][2300/2480], Elapsed 10m 55s (remain 0m 51s), Accuracy: 80.000(74.620), Loss: 0.300(0.625), LR: 0.000022
[GPU cuda:1][TRAIN] Epoch: [4][2350/2480], Elapsed 11m 9s (remain 0m 36s), Accuracy: 100.000(74.658), Loss: 0.410(0.624), LR: 0.000022
[GPU cuda:1][TRAIN] Epoch: [4][2400/2480], Elapsed 11m 24s (remain 0m 22s), Accuracy: 60.000(74.769), Loss: 1.138(0.623), LR: 0.000022
[GPU cuda:1][TRAIN] Epoch: [4][2450/2480], Elapsed 11m 38s (remain 0m 8s), Accuracy: 80.000(74.900), Loss: 0.486(0.620), LR: 0.000022
[GPU cuda:1][TRAIN] Epoch: [4][2479/2480], Elapsed 11m 46s (remain 0m 0s), Accuracy: 20.000(74.903), Loss: 2.335(0.621), LR: 0.000021
[GPU cuda:1][VALID][0/97], Elapsed 0m 1s (remain 2m 11s), Accuracy: 81.250(81.250), Batch Loss: 0.5848, Average Loss: 0.5848
[GPU cuda:1][VALID][50/97], Elapsed 0m 48s (remain 0m 43s), Accuracy: 87.500(75.674), Batch Loss: 0.2642, Average Loss: 0.6326
[GPU cuda:1][VALID][96/97], Elapsed 1m 32s (remain 0m 0s), Accuracy: 75.000(74.356), Batch Loss: 0.6241, Average Loss: 0.6538
Valid Labels Samples: [2 0 1 4 1 0 3 1 4 3]
Valid Predictions Samples: [2, 0, 1, 3, 1, 0, 3, 1, 3, 0]
Epoch 4 - Train Average Loss: 74.903, Valid Average Loss: 74.356, Epoch Time: 801.509s
Epoch 4 - Accuracy: 0.744, Precision: 0.743, Recall: 0.744
[GPU cuda:1][TRAIN] Epoch: [5][0/2480], Elapsed 0m 0s (remain 25m 56s), Accuracy: 80.000(80.000), Loss: 0.621(0.621), LR: 0.000021
[GPU cuda:1][TRAIN] Epoch: [5][50/2480], Elapsed 0m 15s (remain 11m 57s), Accuracy: 60.000(79.216), Loss: 0.776(0.482), LR: 0.000021
[GPU cuda:1][TRAIN] Epoch: [5][100/2480], Elapsed 0m 29s (remain 11m 31s), Accuracy: 80.000(78.020), Loss: 0.451(0.526), LR: 0.000021
[GPU cuda:1][TRAIN] Epoch: [5][150/2480], Elapsed 0m 43s (remain 11m 12s), Accuracy: 60.000(78.278), Loss: 0.672(0.524), LR: 0.000020
[GPU cuda:1][TRAIN] Epoch: [5][200/2480], Elapsed 0m 57s (remain 10m 55s), Accuracy: 80.000(76.816), Loss: 0.414(0.562), LR: 0.000020
[GPU cuda:1][TRAIN] Epoch: [5][250/2480], Elapsed 1m 12s (remain 10m 39s), Accuracy: 100.000(77.131), Loss: 0.116(0.557), LR: 0.000020
[GPU cuda:1][TRAIN] Epoch: [5][300/2480], Elapsed 1m 26s (remain 10m 24s), Accuracy: 20.000(76.744), Loss: 1.142(0.565), LR: 0.000020
[GPU cuda:1][TRAIN] Epoch: [5][350/2480], Elapsed 1m 40s (remain 10m 9s), Accuracy: 80.000(76.125), Loss: 0.715(0.579), LR: 0.000019
[GPU cuda:1][TRAIN] Epoch: [5][400/2480], Elapsed 1m 54s (remain 9m 54s), Accuracy: 80.000(76.309), Loss: 0.671(0.579), LR: 0.000019
[GPU cuda:1][TRAIN] Epoch: [5][450/2480], Elapsed 2m 8s (remain 9m 39s), Accuracy: 80.000(76.763), Loss: 0.499(0.577), LR: 0.000019
[GPU cuda:1][TRAIN] Epoch: [5][500/2480], Elapsed 2m 23s (remain 9m 24s), Accuracy: 40.000(77.006), Loss: 0.948(0.570), LR: 0.000018
[GPU cuda:1][TRAIN] Epoch: [5][550/2480], Elapsed 2m 37s (remain 9m 10s), Accuracy: 100.000(76.842), Loss: 0.105(0.575), LR: 0.000018
[GPU cuda:1][TRAIN] Epoch: [5][600/2480], Elapsed 2m 51s (remain 8m 55s), Accuracy: 100.000(76.805), Loss: 0.059(0.581), LR: 0.000018
[GPU cuda:1][TRAIN] Epoch: [5][650/2480], Elapsed 3m 5s (remain 8m 41s), Accuracy: 100.000(76.651), Loss: 0.074(0.581), LR: 0.000018
[GPU cuda:1][TRAIN] Epoch: [5][700/2480], Elapsed 3m 19s (remain 8m 26s), Accuracy: 100.000(76.462), Loss: 0.217(0.586), LR: 0.000017
[GPU cuda:1][TRAIN] Epoch: [5][750/2480], Elapsed 3m 33s (remain 8m 12s), Accuracy: 80.000(76.511), Loss: 0.540(0.585), LR: 0.000017
[GPU cuda:1][TRAIN] Epoch: [5][800/2480], Elapsed 3m 48s (remain 7m 58s), Accuracy: 80.000(76.804), Loss: 0.245(0.580), LR: 0.000017
[GPU cuda:1][TRAIN] Epoch: [5][850/2480], Elapsed 4m 2s (remain 7m 43s), Accuracy: 80.000(77.109), Loss: 0.513(0.574), LR: 0.000016
[GPU cuda:1][TRAIN] Epoch: [5][900/2480], Elapsed 4m 16s (remain 7m 29s), Accuracy: 80.000(77.270), Loss: 0.618(0.572), LR: 0.000016
[GPU cuda:1][TRAIN] Epoch: [5][950/2480], Elapsed 4m 30s (remain 7m 15s), Accuracy: 80.000(77.539), Loss: 0.627(0.566), LR: 0.000016
[GPU cuda:1][TRAIN] Epoch: [5][1000/2480], Elapsed 4m 44s (remain 7m 0s), Accuracy: 60.000(77.502), Loss: 1.087(0.565), LR: 0.000016
[GPU cuda:1][TRAIN] Epoch: [5][1050/2480], Elapsed 4m 59s (remain 6m 46s), Accuracy: 60.000(77.697), Loss: 0.717(0.562), LR: 0.000015
[GPU cuda:1][TRAIN] Epoch: [5][1100/2480], Elapsed 5m 13s (remain 6m 32s), Accuracy: 80.000(77.965), Loss: 0.197(0.556), LR: 0.000015
[GPU cuda:1][TRAIN] Epoch: [5][1150/2480], Elapsed 5m 27s (remain 6m 18s), Accuracy: 100.000(77.863), Loss: 0.354(0.556), LR: 0.000015
[GPU cuda:1][TRAIN] Epoch: [5][1200/2480], Elapsed 5m 41s (remain 6m 3s), Accuracy: 100.000(78.218), Loss: 0.483(0.550), LR: 0.000014
[GPU cuda:1][TRAIN] Epoch: [5][1250/2480], Elapsed 5m 55s (remain 5m 49s), Accuracy: 40.000(78.082), Loss: 1.013(0.552), LR: 0.000014
[GPU cuda:1][TRAIN] Epoch: [5][1300/2480], Elapsed 6m 9s (remain 5m 35s), Accuracy: 80.000(78.155), Loss: 0.452(0.549), LR: 0.000014
[GPU cuda:1][TRAIN] Epoch: [5][1350/2480], Elapsed 6m 24s (remain 5m 21s), Accuracy: 100.000(78.372), Loss: 0.104(0.546), LR: 0.000014
[GPU cuda:1][TRAIN] Epoch: [5][1400/2480], Elapsed 6m 38s (remain 5m 6s), Accuracy: 80.000(78.258), Loss: 0.362(0.547), LR: 0.000013
[GPU cuda:1][TRAIN] Epoch: [5][1450/2480], Elapsed 6m 52s (remain 4m 52s), Accuracy: 100.000(78.374), Loss: 0.257(0.545), LR: 0.000013
[GPU cuda:1][TRAIN] Epoch: [5][1500/2480], Elapsed 7m 6s (remain 4m 38s), Accuracy: 100.000(78.414), Loss: 0.107(0.544), LR: 0.000013
[GPU cuda:1][TRAIN] Epoch: [5][1550/2480], Elapsed 7m 20s (remain 4m 24s), Accuracy: 60.000(78.427), Loss: 0.516(0.542), LR: 0.000013
[GPU cuda:1][TRAIN] Epoch: [5][1600/2480], Elapsed 7m 34s (remain 4m 9s), Accuracy: 80.000(78.476), Loss: 0.558(0.542), LR: 0.000012
[GPU cuda:1][TRAIN] Epoch: [5][1650/2480], Elapsed 7m 49s (remain 3m 55s), Accuracy: 80.000(78.631), Loss: 0.256(0.538), LR: 0.000012
[GPU cuda:1][TRAIN] Epoch: [5][1700/2480], Elapsed 8m 3s (remain 3m 41s), Accuracy: 80.000(78.624), Loss: 0.419(0.539), LR: 0.000012
[GPU cuda:1][TRAIN] Epoch: [5][1750/2480], Elapsed 8m 17s (remain 3m 27s), Accuracy: 80.000(78.744), Loss: 0.290(0.537), LR: 0.000011
[GPU cuda:1][TRAIN] Epoch: [5][1800/2480], Elapsed 8m 31s (remain 3m 12s), Accuracy: 80.000(78.790), Loss: 0.564(0.536), LR: 0.000011
[GPU cuda:1][TRAIN] Epoch: [5][1850/2480], Elapsed 8m 45s (remain 2m 58s), Accuracy: 80.000(78.801), Loss: 0.567(0.534), LR: 0.000011
[GPU cuda:1][TRAIN] Epoch: [5][1900/2480], Elapsed 8m 59s (remain 2m 44s), Accuracy: 60.000(78.864), Loss: 0.836(0.533), LR: 0.000011
[GPU cuda:1][TRAIN] Epoch: [5][1950/2480], Elapsed 9m 14s (remain 2m 30s), Accuracy: 80.000(78.801), Loss: 0.460(0.535), LR: 0.000011
[GPU cuda:1][TRAIN] Epoch: [5][2000/2480], Elapsed 9m 28s (remain 2m 16s), Accuracy: 80.000(78.861), Loss: 0.367(0.533), LR: 0.000010
[GPU cuda:1][TRAIN] Epoch: [5][2050/2480], Elapsed 9m 42s (remain 2m 1s), Accuracy: 80.000(78.937), Loss: 0.590(0.531), LR: 0.000010
[GPU cuda:1][TRAIN] Epoch: [5][2100/2480], Elapsed 9m 56s (remain 1m 47s), Accuracy: 100.000(79.115), Loss: 0.132(0.527), LR: 0.000010
[GPU cuda:1][TRAIN] Epoch: [5][2150/2480], Elapsed 10m 10s (remain 1m 33s), Accuracy: 80.000(79.219), Loss: 0.350(0.523), LR: 0.000010
[GPU cuda:1][TRAIN] Epoch: [5][2200/2480], Elapsed 10m 24s (remain 1m 19s), Accuracy: 80.000(79.318), Loss: 0.409(0.521), LR: 0.000009
[GPU cuda:1][TRAIN] Epoch: [5][2250/2480], Elapsed 10m 39s (remain 1m 5s), Accuracy: 80.000(79.316), Loss: 0.631(0.521), LR: 0.000009
[GPU cuda:1][TRAIN] Epoch: [5][2300/2480], Elapsed 10m 53s (remain 0m 50s), Accuracy: 80.000(79.270), Loss: 0.316(0.521), LR: 0.000009
[GPU cuda:1][TRAIN] Epoch: [5][2350/2480], Elapsed 11m 7s (remain 0m 36s), Accuracy: 100.000(79.353), Loss: 0.358(0.520), LR: 0.000009
[GPU cuda:1][TRAIN] Epoch: [5][2400/2480], Elapsed 11m 21s (remain 0m 22s), Accuracy: 40.000(79.442), Loss: 1.097(0.518), LR: 0.000008
[GPU cuda:1][TRAIN] Epoch: [5][2450/2480], Elapsed 11m 35s (remain 0m 8s), Accuracy: 80.000(79.535), Loss: 0.345(0.516), LR: 0.000008
[GPU cuda:1][TRAIN] Epoch: [5][2479/2480], Elapsed 11m 44s (remain 0m 0s), Accuracy: 40.000(79.548), Loss: 1.541(0.516), LR: 0.000008
[GPU cuda:1][VALID][0/97], Elapsed 0m 1s (remain 2m 14s), Accuracy: 81.250(81.250), Batch Loss: 0.6564, Average Loss: 0.6564
[GPU cuda:1][VALID][50/97], Elapsed 0m 48s (remain 0m 43s), Accuracy: 87.500(76.409), Batch Loss: 0.2508, Average Loss: 0.6216
[GPU cuda:1][VALID][96/97], Elapsed 1m 32s (remain 0m 0s), Accuracy: 78.571(76.229), Batch Loss: 0.4544, Average Loss: 0.6327
Valid Labels Samples: [2 0 1 4 1 0 3 1 4 3]
Valid Predictions Samples: [2, 0, 1, 3, 1, 0, 3, 1, 3, 0]
Epoch 5 - Train Average Loss: 79.548, Valid Average Loss: 76.229, Epoch Time: 798.400s
Epoch 5 - Accuracy: 0.762, Precision: 0.766, Recall: 0.762
Saved Best Model: 0.76
[GPU cuda:1][TRAIN] Epoch: [6][0/2480], Elapsed 0m 0s (remain 25m 58s), Accuracy: 80.000(80.000), Loss: 0.523(0.523), LR: 0.000008
[GPU cuda:1][TRAIN] Epoch: [6][50/2480], Elapsed 0m 15s (remain 11m 55s), Accuracy: 60.000(83.529), Loss: 0.783(0.399), LR: 0.000008
[GPU cuda:1][TRAIN] Epoch: [6][100/2480], Elapsed 0m 29s (remain 11m 28s), Accuracy: 80.000(82.178), Loss: 0.400(0.428), LR: 0.000008
[GPU cuda:1][TRAIN] Epoch: [6][150/2480], Elapsed 0m 43s (remain 11m 10s), Accuracy: 80.000(82.252), Loss: 0.574(0.429), LR: 0.000007
[GPU cuda:1][TRAIN] Epoch: [6][200/2480], Elapsed 0m 57s (remain 10m 53s), Accuracy: 100.000(81.194), Loss: 0.261(0.463), LR: 0.000007
[GPU cuda:1][TRAIN] Epoch: [6][250/2480], Elapsed 1m 11s (remain 10m 37s), Accuracy: 100.000(81.833), Loss: 0.046(0.457), LR: 0.000007
[GPU cuda:1][TRAIN] Epoch: [6][300/2480], Elapsed 1m 25s (remain 10m 22s), Accuracy: 80.000(81.728), Loss: 0.645(0.459), LR: 0.000007
[GPU cuda:1][TRAIN] Epoch: [6][350/2480], Elapsed 1m 40s (remain 10m 7s), Accuracy: 100.000(81.083), Loss: 0.173(0.469), LR: 0.000007
[GPU cuda:1][TRAIN] Epoch: [6][400/2480], Elapsed 1m 54s (remain 9m 52s), Accuracy: 80.000(81.247), Loss: 0.605(0.472), LR: 0.000006
[GPU cuda:1][TRAIN] Epoch: [6][450/2480], Elapsed 2m 8s (remain 9m 38s), Accuracy: 100.000(81.463), Loss: 0.221(0.473), LR: 0.000006
[GPU cuda:1][TRAIN] Epoch: [6][500/2480], Elapsed 2m 22s (remain 9m 23s), Accuracy: 60.000(81.677), Loss: 0.553(0.469), LR: 0.000006
[GPU cuda:1][TRAIN] Epoch: [6][550/2480], Elapsed 2m 36s (remain 9m 9s), Accuracy: 100.000(81.525), Loss: 0.075(0.475), LR: 0.000006
[GPU cuda:1][TRAIN] Epoch: [6][600/2480], Elapsed 2m 51s (remain 8m 54s), Accuracy: 100.000(81.531), Loss: 0.038(0.478), LR: 0.000006
[GPU cuda:1][TRAIN] Epoch: [6][650/2480], Elapsed 3m 5s (remain 8m 40s), Accuracy: 100.000(81.321), Loss: 0.026(0.478), LR: 0.000005
[GPU cuda:1][TRAIN] Epoch: [6][700/2480], Elapsed 3m 19s (remain 8m 26s), Accuracy: 80.000(81.170), Loss: 0.303(0.479), LR: 0.000005
[GPU cuda:1][TRAIN] Epoch: [6][750/2480], Elapsed 3m 33s (remain 8m 11s), Accuracy: 100.000(81.039), Loss: 0.229(0.482), LR: 0.000005
[GPU cuda:1][TRAIN] Epoch: [6][800/2480], Elapsed 3m 47s (remain 7m 57s), Accuracy: 80.000(81.124), Loss: 0.267(0.479), LR: 0.000005
[GPU cuda:1][TRAIN] Epoch: [6][850/2480], Elapsed 4m 2s (remain 7m 43s), Accuracy: 80.000(81.387), Loss: 0.454(0.474), LR: 0.000005
[GPU cuda:1][TRAIN] Epoch: [6][900/2480], Elapsed 4m 16s (remain 7m 29s), Accuracy: 100.000(81.554), Loss: 0.370(0.473), LR: 0.000005
[GPU cuda:1][TRAIN] Epoch: [6][950/2480], Elapsed 4m 30s (remain 7m 14s), Accuracy: 80.000(81.788), Loss: 0.508(0.466), LR: 0.000004
[GPU cuda:1][TRAIN] Epoch: [6][1000/2480], Elapsed 4m 44s (remain 7m 0s), Accuracy: 60.000(81.658), Loss: 0.775(0.467), LR: 0.000004
[GPU cuda:1][TRAIN] Epoch: [6][1050/2480], Elapsed 4m 58s (remain 6m 46s), Accuracy: 80.000(81.865), Loss: 0.558(0.463), LR: 0.000004
[GPU cuda:1][TRAIN] Epoch: [6][1100/2480], Elapsed 5m 13s (remain 6m 32s), Accuracy: 100.000(82.125), Loss: 0.154(0.458), LR: 0.000004
[GPU cuda:1][TRAIN] Epoch: [6][1150/2480], Elapsed 5m 27s (remain 6m 17s), Accuracy: 100.000(82.120), Loss: 0.223(0.458), LR: 0.000004
[GPU cuda:1][TRAIN] Epoch: [6][1200/2480], Elapsed 5m 41s (remain 6m 3s), Accuracy: 100.000(82.365), Loss: 0.391(0.453), LR: 0.000004
[GPU cuda:1][TRAIN] Epoch: [6][1250/2480], Elapsed 5m 55s (remain 5m 49s), Accuracy: 60.000(82.318), Loss: 0.848(0.454), LR: 0.000004
[GPU cuda:1][TRAIN] Epoch: [6][1300/2480], Elapsed 6m 9s (remain 5m 35s), Accuracy: 80.000(82.444), Loss: 0.467(0.452), LR: 0.000003
[GPU cuda:1][TRAIN] Epoch: [6][1350/2480], Elapsed 6m 24s (remain 5m 20s), Accuracy: 100.000(82.576), Loss: 0.167(0.448), LR: 0.000003
[GPU cuda:1][TRAIN] Epoch: [6][1400/2480], Elapsed 6m 38s (remain 5m 6s), Accuracy: 100.000(82.484), Loss: 0.081(0.449), LR: 0.000003
[GPU cuda:1][TRAIN] Epoch: [6][1450/2480], Elapsed 6m 52s (remain 4m 52s), Accuracy: 100.000(82.536), Loss: 0.282(0.448), LR: 0.000003
[GPU cuda:1][TRAIN] Epoch: [6][1500/2480], Elapsed 7m 6s (remain 4m 38s), Accuracy: 100.000(82.545), Loss: 0.136(0.447), LR: 0.000003
[GPU cuda:1][TRAIN] Epoch: [6][1550/2480], Elapsed 7m 20s (remain 4m 24s), Accuracy: 100.000(82.579), Loss: 0.181(0.445), LR: 0.000003
[GPU cuda:1][TRAIN] Epoch: [6][1600/2480], Elapsed 7m 35s (remain 4m 9s), Accuracy: 80.000(82.561), Loss: 0.249(0.444), LR: 0.000003
[GPU cuda:1][TRAIN] Epoch: [6][1650/2480], Elapsed 7m 49s (remain 3m 55s), Accuracy: 100.000(82.568), Loss: 0.198(0.442), LR: 0.000003
[GPU cuda:1][TRAIN] Epoch: [6][1700/2480], Elapsed 8m 3s (remain 3m 41s), Accuracy: 100.000(82.610), Loss: 0.290(0.442), LR: 0.000002
[GPU cuda:1][TRAIN] Epoch: [6][1750/2480], Elapsed 8m 17s (remain 3m 27s), Accuracy: 80.000(82.650), Loss: 0.343(0.441), LR: 0.000002
[GPU cuda:1][TRAIN] Epoch: [6][1800/2480], Elapsed 8m 32s (remain 3m 13s), Accuracy: 100.000(82.676), Loss: 0.180(0.440), LR: 0.000002
[GPU cuda:1][TRAIN] Epoch: [6][1850/2480], Elapsed 8m 46s (remain 2m 58s), Accuracy: 100.000(82.680), Loss: 0.264(0.440), LR: 0.000002
[GPU cuda:1][TRAIN] Epoch: [6][1900/2480], Elapsed 9m 0s (remain 2m 44s), Accuracy: 60.000(82.830), Loss: 0.645(0.437), LR: 0.000002
[GPU cuda:1][TRAIN] Epoch: [6][1950/2480], Elapsed 9m 14s (remain 2m 30s), Accuracy: 100.000(82.686), Loss: 0.058(0.439), LR: 0.000002
[GPU cuda:1][TRAIN] Epoch: [6][2000/2480], Elapsed 9m 29s (remain 2m 16s), Accuracy: 80.000(82.759), Loss: 0.365(0.438), LR: 0.000002
[GPU cuda:1][TRAIN] Epoch: [6][2050/2480], Elapsed 9m 43s (remain 2m 1s), Accuracy: 60.000(82.867), Loss: 0.640(0.436), LR: 0.000002
[GPU cuda:1][TRAIN] Epoch: [6][2100/2480], Elapsed 9m 57s (remain 1m 47s), Accuracy: 100.000(83.037), Loss: 0.035(0.433), LR: 0.000002
[GPU cuda:1][TRAIN] Epoch: [6][2150/2480], Elapsed 10m 11s (remain 1m 33s), Accuracy: 100.000(83.161), Loss: 0.304(0.429), LR: 0.000002
[GPU cuda:1][TRAIN] Epoch: [6][2200/2480], Elapsed 10m 26s (remain 1m 19s), Accuracy: 80.000(83.253), Loss: 0.328(0.428), LR: 0.000002
[GPU cuda:1][TRAIN] Epoch: [6][2250/2480], Elapsed 10m 40s (remain 1m 5s), Accuracy: 80.000(83.190), Loss: 0.540(0.428), LR: 0.000002
[GPU cuda:1][TRAIN] Epoch: [6][2300/2480], Elapsed 10m 54s (remain 0m 50s), Accuracy: 80.000(83.277), Loss: 0.294(0.428), LR: 0.000001
[GPU cuda:1][TRAIN] Epoch: [6][2350/2480], Elapsed 11m 8s (remain 0m 36s), Accuracy: 100.000(83.267), Loss: 0.323(0.427), LR: 0.000001
[GPU cuda:1][TRAIN] Epoch: [6][2400/2480], Elapsed 11m 23s (remain 0m 22s), Accuracy: 60.000(83.382), Loss: 0.697(0.426), LR: 0.000001
[GPU cuda:1][TRAIN] Epoch: [6][2450/2480], Elapsed 11m 37s (remain 0m 8s), Accuracy: 100.000(83.443), Loss: 0.200(0.424), LR: 0.000001
[GPU cuda:1][TRAIN] Epoch: [6][2479/2480], Elapsed 11m 45s (remain 0m 0s), Accuracy: 60.000(83.427), Loss: 1.440(0.424), LR: 0.000001
[GPU cuda:1][VALID][0/97], Elapsed 0m 1s (remain 2m 10s), Accuracy: 81.250(81.250), Batch Loss: 0.7299, Average Loss: 0.7299
[GPU cuda:1][VALID][50/97], Elapsed 0m 48s (remain 0m 44s), Accuracy: 90.625(76.471), Batch Loss: 0.2076, Average Loss: 0.6717
[GPU cuda:1][VALID][96/97], Elapsed 1m 33s (remain 0m 0s), Accuracy: 78.571(76.325), Batch Loss: 0.5025, Average Loss: 0.6724
Valid Labels Samples: [2 0 1 4 1 0 3 1 4 3]
Valid Predictions Samples: [2, 0, 1, 3, 1, 0, 3, 1, 3, 0]
Epoch 6 - Train Average Loss: 83.427, Valid Average Loss: 76.325, Epoch Time: 800.718s
Epoch 6 - Accuracy: 0.763, Precision: 0.767, Recall: 0.763
Saved Best Model: 0.76
[GPU cuda:1][TRAIN] Epoch: [7][0/2480], Elapsed 0m 0s (remain 25m 52s), Accuracy: 80.000(80.000), Loss: 0.249(0.249), LR: 0.000001
[GPU cuda:1][TRAIN] Epoch: [7][50/2480], Elapsed 0m 15s (remain 11m 57s), Accuracy: 60.000(84.314), Loss: 0.677(0.356), LR: 0.000001
[GPU cuda:1][TRAIN] Epoch: [7][100/2480], Elapsed 0m 29s (remain 11m 31s), Accuracy: 80.000(84.950), Loss: 0.465(0.362), LR: 0.000001
[GPU cuda:1][TRAIN] Epoch: [7][150/2480], Elapsed 0m 43s (remain 11m 13s), Accuracy: 80.000(84.371), Loss: 0.493(0.371), LR: 0.000001
[GPU cuda:1][TRAIN] Epoch: [7][200/2480], Elapsed 0m 57s (remain 10m 56s), Accuracy: 100.000(83.682), Loss: 0.193(0.406), LR: 0.000001
[GPU cuda:1][TRAIN] Epoch: [7][250/2480], Elapsed 1m 12s (remain 10m 40s), Accuracy: 100.000(83.586), Loss: 0.049(0.406), LR: 0.000001
[GPU cuda:1][TRAIN] Epoch: [7][300/2480], Elapsed 1m 26s (remain 10m 26s), Accuracy: 100.000(83.987), Loss: 0.453(0.400), LR: 0.000001
[GPU cuda:1][TRAIN] Epoch: [7][350/2480], Elapsed 1m 40s (remain 10m 10s), Accuracy: 100.000(83.362), Loss: 0.096(0.413), LR: 0.000001
[GPU cuda:1][TRAIN] Epoch: [7][400/2480], Elapsed 1m 54s (remain 9m 55s), Accuracy: 100.000(83.292), Loss: 0.370(0.415), LR: 0.000001
[GPU cuda:1][TRAIN] Epoch: [7][450/2480], Elapsed 2m 9s (remain 9m 41s), Accuracy: 100.000(83.548), Loss: 0.179(0.417), LR: 0.000001
[GPU cuda:1][TRAIN] Epoch: [7][500/2480], Elapsed 2m 23s (remain 9m 26s), Accuracy: 80.000(83.832), Loss: 0.536(0.410), LR: 0.000001
[GPU cuda:1][TRAIN] Epoch: [7][550/2480], Elapsed 2m 37s (remain 9m 11s), Accuracy: 100.000(83.666), Loss: 0.032(0.417), LR: 0.000001
[GPU cuda:1][TRAIN] Epoch: [7][600/2480], Elapsed 2m 51s (remain 8m 57s), Accuracy: 100.000(83.794), Loss: 0.017(0.419), LR: 0.000001
[GPU cuda:1][TRAIN] Epoch: [7][650/2480], Elapsed 3m 6s (remain 8m 42s), Accuracy: 100.000(83.410), Loss: 0.057(0.423), LR: 0.000050
[GPU cuda:1][TRAIN] Epoch: [7][700/2480], Elapsed 3m 20s (remain 8m 28s), Accuracy: 80.000(82.511), Loss: 0.322(0.442), LR: 0.000050
[GPU cuda:1][TRAIN] Epoch: [7][750/2480], Elapsed 3m 34s (remain 8m 13s), Accuracy: 100.000(82.077), Loss: 0.112(0.451), LR: 0.000050
[GPU cuda:1][TRAIN] Epoch: [7][800/2480], Elapsed 3m 48s (remain 7m 59s), Accuracy: 80.000(81.598), Loss: 0.285(0.458), LR: 0.000050
[GPU cuda:1][TRAIN] Epoch: [7][850/2480], Elapsed 4m 2s (remain 7m 44s), Accuracy: 80.000(81.528), Loss: 0.504(0.462), LR: 0.000050
[GPU cuda:1][TRAIN] Epoch: [7][900/2480], Elapsed 4m 17s (remain 7m 30s), Accuracy: 60.000(81.265), Loss: 0.868(0.467), LR: 0.000050
[GPU cuda:1][TRAIN] Epoch: [7][950/2480], Elapsed 4m 31s (remain 7m 16s), Accuracy: 80.000(81.115), Loss: 0.591(0.469), LR: 0.000050
[GPU cuda:1][TRAIN] Epoch: [7][1000/2480], Elapsed 4m 45s (remain 7m 1s), Accuracy: 60.000(80.500), Loss: 0.810(0.479), LR: 0.000050
[GPU cuda:1][TRAIN] Epoch: [7][1050/2480], Elapsed 4m 59s (remain 6m 47s), Accuracy: 80.000(80.400), Loss: 0.553(0.483), LR: 0.000050
[GPU cuda:1][TRAIN] Epoch: [7][1100/2480], Elapsed 5m 13s (remain 6m 33s), Accuracy: 80.000(80.400), Loss: 0.268(0.482), LR: 0.000050
[GPU cuda:1][TRAIN] Epoch: [7][1150/2480], Elapsed 5m 28s (remain 6m 18s), Accuracy: 80.000(80.000), Loss: 0.573(0.491), LR: 0.000050
[GPU cuda:1][TRAIN] Epoch: [7][1200/2480], Elapsed 5m 42s (remain 6m 4s), Accuracy: 100.000(79.950), Loss: 0.498(0.491), LR: 0.000050
[GPU cuda:1][TRAIN] Epoch: [7][1250/2480], Elapsed 5m 56s (remain 5m 50s), Accuracy: 40.000(79.632), Loss: 1.170(0.496), LR: 0.000050
[GPU cuda:1][TRAIN] Epoch: [7][1300/2480], Elapsed 6m 10s (remain 5m 35s), Accuracy: 80.000(79.616), Loss: 0.649(0.498), LR: 0.000050
[GPU cuda:1][TRAIN] Epoch: [7][1350/2480], Elapsed 6m 24s (remain 5m 21s), Accuracy: 100.000(79.585), Loss: 0.121(0.498), LR: 0.000050
[GPU cuda:1][TRAIN] Epoch: [7][1400/2480], Elapsed 6m 38s (remain 5m 7s), Accuracy: 100.000(79.415), Loss: 0.117(0.501), LR: 0.000050
[GPU cuda:1][TRAIN] Epoch: [7][1450/2480], Elapsed 6m 53s (remain 4m 52s), Accuracy: 80.000(79.283), Loss: 0.546(0.506), LR: 0.000050
[GPU cuda:1][TRAIN] Epoch: [7][1500/2480], Elapsed 7m 7s (remain 4m 38s), Accuracy: 100.000(79.147), Loss: 0.166(0.510), LR: 0.000050
[GPU cuda:1][TRAIN] Epoch: [7][1550/2480], Elapsed 7m 21s (remain 4m 24s), Accuracy: 80.000(79.020), Loss: 0.585(0.512), LR: 0.000050
[GPU cuda:1][TRAIN] Epoch: [7][1600/2480], Elapsed 7m 35s (remain 4m 10s), Accuracy: 100.000(78.913), Loss: 0.287(0.514), LR: 0.000050
[GPU cuda:1][TRAIN] Epoch: [7][1650/2480], Elapsed 7m 49s (remain 3m 55s), Accuracy: 80.000(79.019), Loss: 0.577(0.514), LR: 0.000050
[GPU cuda:1][TRAIN] Epoch: [7][1700/2480], Elapsed 8m 3s (remain 3m 41s), Accuracy: 80.000(78.977), Loss: 0.447(0.516), LR: 0.000050
[GPU cuda:1][TRAIN] Epoch: [7][1750/2480], Elapsed 8m 18s (remain 3m 27s), Accuracy: 60.000(79.018), Loss: 1.167(0.517), LR: 0.000050
[GPU cuda:1][TRAIN] Epoch: [7][1800/2480], Elapsed 8m 32s (remain 3m 13s), Accuracy: 60.000(78.967), Loss: 0.793(0.517), LR: 0.000050
[GPU cuda:1][TRAIN] Epoch: [7][1850/2480], Elapsed 8m 46s (remain 2m 58s), Accuracy: 100.000(78.822), Loss: 0.450(0.520), LR: 0.000050
[GPU cuda:1][TRAIN] Epoch: [7][1900/2480], Elapsed 9m 0s (remain 2m 44s), Accuracy: 60.000(78.811), Loss: 1.019(0.521), LR: 0.000050
[GPU cuda:1][TRAIN] Epoch: [7][1950/2480], Elapsed 9m 14s (remain 2m 30s), Accuracy: 60.000(78.534), Loss: 0.693(0.526), LR: 0.000050
[GPU cuda:1][TRAIN] Epoch: [7][2000/2480], Elapsed 9m 28s (remain 2m 16s), Accuracy: 80.000(78.461), Loss: 0.536(0.527), LR: 0.000050
[GPU cuda:1][TRAIN] Epoch: [7][2050/2480], Elapsed 9m 43s (remain 2m 1s), Accuracy: 80.000(78.352), Loss: 0.666(0.530), LR: 0.000050
[GPU cuda:1][TRAIN] Epoch: [7][2100/2480], Elapsed 9m 57s (remain 1m 47s), Accuracy: 80.000(78.486), Loss: 0.816(0.529), LR: 0.000050
[GPU cuda:1][TRAIN] Epoch: [7][2150/2480], Elapsed 10m 11s (remain 1m 33s), Accuracy: 100.000(78.540), Loss: 0.327(0.527), LR: 0.000050
[GPU cuda:1][TRAIN] Epoch: [7][2200/2480], Elapsed 10m 25s (remain 1m 19s), Accuracy: 80.000(78.537), Loss: 0.434(0.528), LR: 0.000050
[GPU cuda:1][TRAIN] Epoch: [7][2250/2480], Elapsed 10m 39s (remain 1m 5s), Accuracy: 80.000(78.472), Loss: 0.720(0.529), LR: 0.000050
[GPU cuda:1][TRAIN] Epoch: [7][2300/2480], Elapsed 10m 53s (remain 0m 50s), Accuracy: 80.000(78.427), Loss: 0.525(0.531), LR: 0.000050
[GPU cuda:1][TRAIN] Epoch: [7][2350/2480], Elapsed 11m 8s (remain 0m 36s), Accuracy: 80.000(78.435), Loss: 0.581(0.532), LR: 0.000050
[GPU cuda:1][TRAIN] Epoch: [7][2400/2480], Elapsed 11m 22s (remain 0m 22s), Accuracy: 60.000(78.501), Loss: 1.122(0.532), LR: 0.000050
[GPU cuda:1][TRAIN] Epoch: [7][2450/2480], Elapsed 11m 36s (remain 0m 8s), Accuracy: 100.000(78.548), Loss: 0.219(0.532), LR: 0.000050
[GPU cuda:1][TRAIN] Epoch: [7][2479/2480], Elapsed 11m 44s (remain 0m 0s), Accuracy: 40.000(78.500), Loss: 2.108(0.533), LR: 0.000050
[GPU cuda:1][VALID][0/97], Elapsed 0m 1s (remain 2m 15s), Accuracy: 68.750(68.750), Batch Loss: 0.7871, Average Loss: 0.7871
[GPU cuda:1][VALID][50/97], Elapsed 0m 48s (remain 0m 43s), Accuracy: 68.750(72.059), Batch Loss: 0.7229, Average Loss: 0.7496
[GPU cuda:1][VALID][96/97], Elapsed 1m 32s (remain 0m 0s), Accuracy: 75.000(71.811), Batch Loss: 0.5052, Average Loss: 0.7423
Valid Labels Samples: [2 0 1 4 1 0 3 1 4 3]
Valid Predictions Samples: [2, 0, 1, 3, 1, 0, 3, 1, 3, 0]
Epoch 7 - Train Average Loss: 78.500, Valid Average Loss: 71.811, Epoch Time: 798.816s
Epoch 7 - Accuracy: 0.718, Precision: 0.719, Recall: 0.718
[GPU cuda:1][TRAIN] Epoch: [8][0/2480], Elapsed 0m 0s (remain 25m 43s), Accuracy: 80.000(80.000), Loss: 0.719(0.719), LR: 0.000050
[GPU cuda:1][TRAIN] Epoch: [8][50/2480], Elapsed 0m 14s (remain 11m 53s), Accuracy: 60.000(75.294), Loss: 0.923(0.543), LR: 0.000050
[GPU cuda:1][TRAIN] Epoch: [8][100/2480], Elapsed 0m 29s (remain 11m 27s), Accuracy: 80.000(74.653), Loss: 0.490(0.581), LR: 0.000050
[GPU cuda:1][TRAIN] Epoch: [8][150/2480], Elapsed 0m 43s (remain 11m 9s), Accuracy: 60.000(74.834), Loss: 0.579(0.575), LR: 0.000050
[GPU cuda:1][TRAIN] Epoch: [8][200/2480], Elapsed 0m 57s (remain 10m 53s), Accuracy: 60.000(74.428), Loss: 0.767(0.591), LR: 0.000050
[GPU cuda:1][TRAIN] Epoch: [8][250/2480], Elapsed 1m 11s (remain 10m 37s), Accuracy: 80.000(74.502), Loss: 0.641(0.599), LR: 0.000050
[GPU cuda:1][TRAIN] Epoch: [8][300/2480], Elapsed 1m 25s (remain 10m 22s), Accuracy: 40.000(74.485), Loss: 1.092(0.604), LR: 0.000050
[GPU cuda:1][TRAIN] Epoch: [8][350/2480], Elapsed 1m 40s (remain 10m 7s), Accuracy: 100.000(74.131), Loss: 0.342(0.616), LR: 0.000050
[GPU cuda:1][TRAIN] Epoch: [8][400/2480], Elapsed 1m 54s (remain 9m 53s), Accuracy: 60.000(74.115), Loss: 0.682(0.612), LR: 0.000050
[GPU cuda:1][TRAIN] Epoch: [8][450/2480], Elapsed 2m 8s (remain 9m 38s), Accuracy: 60.000(74.368), Loss: 0.626(0.612), LR: 0.000050
[GPU cuda:1][TRAIN] Epoch: [8][500/2480], Elapsed 2m 22s (remain 9m 24s), Accuracy: 40.000(74.611), Loss: 1.281(0.610), LR: 0.000050
[GPU cuda:1][TRAIN] Epoch: [8][550/2480], Elapsed 2m 37s (remain 9m 9s), Accuracy: 100.000(74.701), Loss: 0.116(0.614), LR: 0.000050
[GPU cuda:1][TRAIN] Epoch: [8][600/2480], Elapsed 2m 51s (remain 8m 55s), Accuracy: 100.000(74.676), Loss: 0.091(0.618), LR: 0.000050
[GPU cuda:1][TRAIN] Epoch: [8][650/2480], Elapsed 3m 5s (remain 8m 41s), Accuracy: 100.000(74.685), Loss: 0.067(0.617), LR: 0.000050
[GPU cuda:1][TRAIN] Epoch: [8][700/2480], Elapsed 3m 19s (remain 8m 26s), Accuracy: 100.000(74.494), Loss: 0.241(0.620), LR: 0.000050
[GPU cuda:1][TRAIN] Epoch: [8][750/2480], Elapsed 3m 33s (remain 8m 12s), Accuracy: 100.000(74.621), Loss: 0.186(0.619), LR: 0.000050
[GPU cuda:1][TRAIN] Epoch: [8][800/2480], Elapsed 3m 48s (remain 7m 58s), Accuracy: 60.000(74.782), Loss: 0.448(0.617), LR: 0.000050
[GPU cuda:1][TRAIN] Epoch: [8][850/2480], Elapsed 4m 2s (remain 7m 43s), Accuracy: 80.000(75.182), Loss: 0.465(0.610), LR: 0.000050
[GPU cuda:1][TRAIN] Epoch: [8][900/2480], Elapsed 4m 16s (remain 7m 29s), Accuracy: 80.000(75.494), Loss: 0.617(0.607), LR: 0.000050
[GPU cuda:1][TRAIN] Epoch: [8][950/2480], Elapsed 4m 30s (remain 7m 15s), Accuracy: 80.000(75.647), Loss: 0.704(0.601), LR: 0.000050
[GPU cuda:1][TRAIN] Epoch: [8][1000/2480], Elapsed 4m 45s (remain 7m 1s), Accuracy: 60.000(75.584), Loss: 0.811(0.601), LR: 0.000050
[GPU cuda:1][TRAIN] Epoch: [8][1050/2480], Elapsed 4m 59s (remain 6m 46s), Accuracy: 60.000(75.718), Loss: 0.555(0.600), LR: 0.000050
[GPU cuda:1][TRAIN] Epoch: [8][1100/2480], Elapsed 5m 13s (remain 6m 32s), Accuracy: 100.000(75.876), Loss: 0.241(0.595), LR: 0.000050
[GPU cuda:1][TRAIN] Epoch: [8][1150/2480], Elapsed 5m 27s (remain 6m 18s), Accuracy: 80.000(75.725), Loss: 0.496(0.600), LR: 0.000050
[GPU cuda:1][TRAIN] Epoch: [8][1200/2480], Elapsed 5m 41s (remain 6m 4s), Accuracy: 60.000(76.003), Loss: 0.863(0.592), LR: 0.000050
[GPU cuda:1][TRAIN] Epoch: [8][1250/2480], Elapsed 5m 56s (remain 5m 49s), Accuracy: 40.000(75.987), Loss: 0.841(0.592), LR: 0.000050
[GPU cuda:1][TRAIN] Epoch: [8][1300/2480], Elapsed 6m 10s (remain 5m 35s), Accuracy: 60.000(76.157), Loss: 0.829(0.589), LR: 0.000050
[GPU cuda:1][TRAIN] Epoch: [8][1350/2480], Elapsed 6m 24s (remain 5m 21s), Accuracy: 100.000(76.314), Loss: 0.148(0.587), LR: 0.000050
[GPU cuda:1][TRAIN] Epoch: [8][1400/2480], Elapsed 6m 38s (remain 5m 7s), Accuracy: 100.000(76.317), Loss: 0.264(0.587), LR: 0.000050
[GPU cuda:1][TRAIN] Epoch: [8][1450/2480], Elapsed 6m 53s (remain 4m 53s), Accuracy: 100.000(76.402), Loss: 0.314(0.586), LR: 0.000050
[GPU cuda:1][TRAIN] Epoch: [8][1500/2480], Elapsed 7m 7s (remain 4m 38s), Accuracy: 100.000(76.496), Loss: 0.151(0.586), LR: 0.000050
[GPU cuda:1][TRAIN] Epoch: [8][1550/2480], Elapsed 7m 21s (remain 4m 24s), Accuracy: 100.000(76.557), Loss: 0.151(0.584), LR: 0.000050
[GPU cuda:1][TRAIN] Epoch: [8][1600/2480], Elapsed 7m 35s (remain 4m 10s), Accuracy: 100.000(76.565), Loss: 0.282(0.582), LR: 0.000050
[GPU cuda:1][TRAIN] Epoch: [8][1650/2480], Elapsed 7m 50s (remain 3m 56s), Accuracy: 80.000(76.644), Loss: 0.355(0.580), LR: 0.000050
[GPU cuda:1][TRAIN] Epoch: [8][1700/2480], Elapsed 8m 4s (remain 3m 41s), Accuracy: 80.000(76.578), Loss: 0.497(0.582), LR: 0.000050
[GPU cuda:1][TRAIN] Epoch: [8][1750/2480], Elapsed 8m 18s (remain 3m 27s), Accuracy: 60.000(76.653), Loss: 0.661(0.579), LR: 0.000050
[GPU cuda:1][TRAIN] Epoch: [8][1800/2480], Elapsed 8m 32s (remain 3m 13s), Accuracy: 60.000(76.680), Loss: 0.660(0.578), LR: 0.000050
[GPU cuda:1][TRAIN] Epoch: [8][1850/2480], Elapsed 8m 47s (remain 2m 59s), Accuracy: 100.000(76.694), Loss: 0.355(0.578), LR: 0.000050
[GPU cuda:1][TRAIN] Epoch: [8][1900/2480], Elapsed 9m 1s (remain 2m 44s), Accuracy: 60.000(76.770), Loss: 0.645(0.577), LR: 0.000050
[GPU cuda:1][TRAIN] Epoch: [8][1950/2480], Elapsed 9m 15s (remain 2m 30s), Accuracy: 80.000(76.740), Loss: 0.391(0.578), LR: 0.000050
[GPU cuda:1][TRAIN] Epoch: [8][2000/2480], Elapsed 9m 30s (remain 2m 16s), Accuracy: 40.000(76.772), Loss: 1.766(0.578), LR: 0.000050
[GPU cuda:1][TRAIN] Epoch: [8][2050/2480], Elapsed 9m 44s (remain 2m 2s), Accuracy: 60.000(76.714), Loss: 0.707(0.579), LR: 0.000050
[GPU cuda:1][TRAIN] Epoch: [8][2100/2480], Elapsed 9m 58s (remain 1m 47s), Accuracy: 40.000(76.840), Loss: 1.203(0.576), LR: 0.000050
[GPU cuda:1][TRAIN] Epoch: [8][2150/2480], Elapsed 10m 12s (remain 1m 33s), Accuracy: 60.000(76.950), Loss: 0.969(0.572), LR: 0.000050
[GPU cuda:1][TRAIN] Epoch: [8][2200/2480], Elapsed 10m 27s (remain 1m 19s), Accuracy: 80.000(76.992), Loss: 0.546(0.573), LR: 0.000049
[GPU cuda:1][TRAIN] Epoch: [8][2250/2480], Elapsed 10m 41s (remain 1m 5s), Accuracy: 80.000(76.926), Loss: 0.716(0.574), LR: 0.000049
[GPU cuda:1][TRAIN] Epoch: [8][2300/2480], Elapsed 10m 55s (remain 0m 51s), Accuracy: 60.000(76.932), Loss: 0.607(0.575), LR: 0.000049
[GPU cuda:1][TRAIN] Epoch: [8][2350/2480], Elapsed 11m 9s (remain 0m 36s), Accuracy: 80.000(76.929), Loss: 0.525(0.575), LR: 0.000049
[GPU cuda:1][TRAIN] Epoch: [8][2400/2480], Elapsed 11m 24s (remain 0m 22s), Accuracy: 60.000(77.035), Loss: 1.386(0.573), LR: 0.000049
[GPU cuda:1][TRAIN] Epoch: [8][2450/2480], Elapsed 11m 38s (remain 0m 8s), Accuracy: 60.000(77.087), Loss: 0.914(0.572), LR: 0.000049
[GPU cuda:1][TRAIN] Epoch: [8][2479/2480], Elapsed 11m 46s (remain 0m 0s), Accuracy: 60.000(77.073), Loss: 1.798(0.572), LR: 0.000049
[GPU cuda:1][VALID][0/97], Elapsed 0m 1s (remain 2m 20s), Accuracy: 75.000(75.000), Batch Loss: 0.7700, Average Loss: 0.7700
[GPU cuda:1][VALID][50/97], Elapsed 0m 48s (remain 0m 44s), Accuracy: 84.375(72.794), Batch Loss: 0.4079, Average Loss: 0.7264
[GPU cuda:1][VALID][96/97], Elapsed 1m 33s (remain 0m 0s), Accuracy: 75.000(72.777), Batch Loss: 0.6383, Average Loss: 0.7193
Valid Labels Samples: [2 0 1 4 1 0 3 1 4 3]
Valid Predictions Samples: [2, 0, 1, 3, 1, 0, 3, 1, 3, 0]
Epoch 8 - Train Average Loss: 77.073, Valid Average Loss: 72.777, Epoch Time: 801.829s
Epoch 8 - Accuracy: 0.728, Precision: 0.728, Recall: 0.728
[GPU cuda:1][TRAIN] Epoch: [9][0/2480], Elapsed 0m 0s (remain 26m 19s), Accuracy: 80.000(80.000), Loss: 0.574(0.574), LR: 0.000049
[GPU cuda:1][TRAIN] Epoch: [9][50/2480], Elapsed 0m 15s (remain 11m 58s), Accuracy: 60.000(81.569), Loss: 0.839(0.426), LR: 0.000049
[GPU cuda:1][TRAIN] Epoch: [9][100/2480], Elapsed 0m 29s (remain 11m 31s), Accuracy: 80.000(79.802), Loss: 0.590(0.502), LR: 0.000049
[GPU cuda:1][TRAIN] Epoch: [9][150/2480], Elapsed 0m 43s (remain 11m 12s), Accuracy: 80.000(78.675), Loss: 0.601(0.526), LR: 0.000049
[GPU cuda:1][TRAIN] Epoch: [9][200/2480], Elapsed 0m 57s (remain 10m 55s), Accuracy: 80.000(77.512), Loss: 0.578(0.546), LR: 0.000049
[GPU cuda:1][TRAIN] Epoch: [9][250/2480], Elapsed 1m 12s (remain 10m 39s), Accuracy: 100.000(77.849), Loss: 0.059(0.546), LR: 0.000049
[GPU cuda:1][TRAIN] Epoch: [9][300/2480], Elapsed 1m 26s (remain 10m 24s), Accuracy: 40.000(76.811), Loss: 1.179(0.557), LR: 0.000049
[GPU cuda:1][TRAIN] Epoch: [9][350/2480], Elapsed 1m 40s (remain 10m 9s), Accuracy: 100.000(76.239), Loss: 0.110(0.565), LR: 0.000049
[GPU cuda:1][TRAIN] Epoch: [9][400/2480], Elapsed 1m 54s (remain 9m 55s), Accuracy: 80.000(76.209), Loss: 0.808(0.571), LR: 0.000049
[GPU cuda:1][TRAIN] Epoch: [9][450/2480], Elapsed 2m 8s (remain 9m 40s), Accuracy: 80.000(76.541), Loss: 0.503(0.567), LR: 0.000049
[GPU cuda:1][TRAIN] Epoch: [9][500/2480], Elapsed 2m 23s (remain 9m 25s), Accuracy: 40.000(76.727), Loss: 1.104(0.560), LR: 0.000049
[GPU cuda:1][TRAIN] Epoch: [9][550/2480], Elapsed 2m 37s (remain 9m 11s), Accuracy: 100.000(76.697), Loss: 0.102(0.566), LR: 0.000049
[GPU cuda:1][TRAIN] Epoch: [9][600/2480], Elapsed 2m 51s (remain 8m 56s), Accuracy: 100.000(76.739), Loss: 0.051(0.567), LR: 0.000049
[GPU cuda:1][TRAIN] Epoch: [9][650/2480], Elapsed 3m 5s (remain 8m 42s), Accuracy: 100.000(76.651), Loss: 0.063(0.568), LR: 0.000049
[GPU cuda:1][TRAIN] Epoch: [9][700/2480], Elapsed 3m 20s (remain 8m 27s), Accuracy: 100.000(76.462), Loss: 0.139(0.570), LR: 0.000049
[GPU cuda:1][TRAIN] Epoch: [9][750/2480], Elapsed 3m 34s (remain 8m 13s), Accuracy: 100.000(76.538), Loss: 0.144(0.571), LR: 0.000049
[GPU cuda:1][TRAIN] Epoch: [9][800/2480], Elapsed 3m 48s (remain 7m 58s), Accuracy: 80.000(76.779), Loss: 0.374(0.565), LR: 0.000049
[GPU cuda:1][TRAIN] Epoch: [9][850/2480], Elapsed 4m 2s (remain 7m 44s), Accuracy: 60.000(77.227), Loss: 0.554(0.560), LR: 0.000049
[GPU cuda:1][TRAIN] Epoch: [9][900/2480], Elapsed 4m 16s (remain 7m 30s), Accuracy: 60.000(77.203), Loss: 0.576(0.559), LR: 0.000049
[GPU cuda:1][TRAIN] Epoch: [9][950/2480], Elapsed 4m 31s (remain 7m 15s), Accuracy: 60.000(77.476), Loss: 1.037(0.554), LR: 0.000049
[GPU cuda:1][TRAIN] Epoch: [9][1000/2480], Elapsed 4m 45s (remain 7m 1s), Accuracy: 60.000(77.403), Loss: 1.115(0.556), LR: 0.000049
[GPU cuda:1][TRAIN] Epoch: [9][1050/2480], Elapsed 4m 59s (remain 6m 47s), Accuracy: 60.000(77.526), Loss: 0.725(0.556), LR: 0.000049
[GPU cuda:1][TRAIN] Epoch: [9][1100/2480], Elapsed 5m 13s (remain 6m 32s), Accuracy: 80.000(77.748), Loss: 0.201(0.550), LR: 0.000049
[GPU cuda:1][TRAIN] Epoch: [9][1150/2480], Elapsed 5m 27s (remain 6m 18s), Accuracy: 40.000(77.706), Loss: 0.879(0.550), LR: 0.000049
[GPU cuda:1][TRAIN] Epoch: [9][1200/2480], Elapsed 5m 41s (remain 6m 4s), Accuracy: 100.000(77.852), Loss: 0.462(0.549), LR: 0.000049
[GPU cuda:1][TRAIN] Epoch: [9][1250/2480], Elapsed 5m 56s (remain 5m 49s), Accuracy: 60.000(77.762), Loss: 0.901(0.548), LR: 0.000049
[GPU cuda:1][TRAIN] Epoch: [9][1300/2480], Elapsed 6m 10s (remain 5m 35s), Accuracy: 80.000(77.940), Loss: 0.560(0.544), LR: 0.000049
[GPU cuda:1][TRAIN] Epoch: [9][1350/2480], Elapsed 6m 24s (remain 5m 21s), Accuracy: 100.000(78.075), Loss: 0.049(0.540), LR: 0.000049
[GPU cuda:1][TRAIN] Epoch: [9][1400/2480], Elapsed 6m 38s (remain 5m 7s), Accuracy: 100.000(78.001), Loss: 0.090(0.542), LR: 0.000049
[GPU cuda:1][TRAIN] Epoch: [9][1450/2480], Elapsed 6m 52s (remain 4m 52s), Accuracy: 80.000(77.988), Loss: 0.331(0.542), LR: 0.000049
[GPU cuda:1][TRAIN] Epoch: [9][1500/2480], Elapsed 7m 7s (remain 4m 38s), Accuracy: 100.000(77.988), Loss: 0.095(0.542), LR: 0.000049
[GPU cuda:1][TRAIN] Epoch: [9][1550/2480], Elapsed 7m 21s (remain 4m 24s), Accuracy: 80.000(78.001), Loss: 0.403(0.542), LR: 0.000049
[GPU cuda:1][TRAIN] Epoch: [9][1600/2480], Elapsed 7m 35s (remain 4m 10s), Accuracy: 80.000(78.001), Loss: 0.469(0.542), LR: 0.000049
[GPU cuda:1][TRAIN] Epoch: [9][1650/2480], Elapsed 7m 49s (remain 3m 55s), Accuracy: 100.000(78.219), Loss: 0.248(0.538), LR: 0.000049
[GPU cuda:1][TRAIN] Epoch: [9][1700/2480], Elapsed 8m 3s (remain 3m 41s), Accuracy: 80.000(78.178), Loss: 0.492(0.541), LR: 0.000049
[GPU cuda:1][TRAIN] Epoch: [9][1750/2480], Elapsed 8m 17s (remain 3m 27s), Accuracy: 80.000(78.230), Loss: 0.402(0.541), LR: 0.000049
[GPU cuda:1][TRAIN] Epoch: [9][1800/2480], Elapsed 8m 32s (remain 3m 13s), Accuracy: 80.000(78.223), Loss: 0.228(0.540), LR: 0.000049
[GPU cuda:1][TRAIN] Epoch: [9][1850/2480], Elapsed 8m 46s (remain 2m 58s), Accuracy: 100.000(78.250), Loss: 0.341(0.539), LR: 0.000049
[GPU cuda:1][TRAIN] Epoch: [9][1900/2480], Elapsed 9m 0s (remain 2m 44s), Accuracy: 80.000(78.275), Loss: 0.307(0.539), LR: 0.000049
[GPU cuda:1][TRAIN] Epoch: [9][1950/2480], Elapsed 9m 14s (remain 2m 30s), Accuracy: 100.000(78.247), Loss: 0.199(0.540), LR: 0.000049
[GPU cuda:1][TRAIN] Epoch: [9][2000/2480], Elapsed 9m 28s (remain 2m 16s), Accuracy: 60.000(78.351), Loss: 0.768(0.537), LR: 0.000049
[GPU cuda:1][TRAIN] Epoch: [9][2050/2480], Elapsed 9m 42s (remain 2m 1s), Accuracy: 60.000(78.303), Loss: 1.119(0.539), LR: 0.000049
[GPU cuda:1][TRAIN] Epoch: [9][2100/2480], Elapsed 9m 57s (remain 1m 47s), Accuracy: 80.000(78.325), Loss: 0.328(0.538), LR: 0.000049
[GPU cuda:1][TRAIN] Epoch: [9][2150/2480], Elapsed 10m 11s (remain 1m 33s), Accuracy: 80.000(78.354), Loss: 0.663(0.537), LR: 0.000049
[GPU cuda:1][TRAIN] Epoch: [9][2200/2480], Elapsed 10m 25s (remain 1m 19s), Accuracy: 80.000(78.437), Loss: 0.415(0.537), LR: 0.000049
[GPU cuda:1][TRAIN] Epoch: [9][2250/2480], Elapsed 10m 39s (remain 1m 5s), Accuracy: 80.000(78.347), Loss: 0.601(0.538), LR: 0.000049
[GPU cuda:1][TRAIN] Epoch: [9][2300/2480], Elapsed 10m 53s (remain 0m 50s), Accuracy: 100.000(78.357), Loss: 0.280(0.538), LR: 0.000049
[GPU cuda:1][TRAIN] Epoch: [9][2350/2480], Elapsed 11m 8s (remain 0m 36s), Accuracy: 80.000(78.324), Loss: 0.591(0.538), LR: 0.000049
[GPU cuda:1][TRAIN] Epoch: [9][2400/2480], Elapsed 11m 22s (remain 0m 22s), Accuracy: 60.000(78.467), Loss: 1.151(0.536), LR: 0.000049
[GPU cuda:1][TRAIN] Epoch: [9][2450/2480], Elapsed 11m 36s (remain 0m 8s), Accuracy: 80.000(78.588), Loss: 0.396(0.535), LR: 0.000049
[GPU cuda:1][TRAIN] Epoch: [9][2479/2480], Elapsed 11m 44s (remain 0m 0s), Accuracy: 60.000(78.581), Loss: 1.517(0.536), LR: 0.000049
[GPU cuda:1][VALID][0/97], Elapsed 0m 1s (remain 2m 10s), Accuracy: 75.000(75.000), Batch Loss: 0.7930, Average Loss: 0.7930
[GPU cuda:1][VALID][50/97], Elapsed 0m 48s (remain 0m 43s), Accuracy: 75.000(74.081), Batch Loss: 0.5582, Average Loss: 0.7084
[GPU cuda:1][VALID][96/97], Elapsed 1m 32s (remain 0m 0s), Accuracy: 82.143(74.558), Batch Loss: 0.4770, Average Loss: 0.6963
Valid Labels Samples: [2 0 1 4 1 0 3 1 4 3]
Valid Predictions Samples: [2, 0, 1, 3, 1, 0, 3, 1, 3, 0]
Epoch 9 - Train Average Loss: 78.581, Valid Average Loss: 74.558, Epoch Time: 799.039s
Epoch 9 - Accuracy: 0.745, Precision: 0.745, Recall: 0.745
[GPU cuda:1][TRAIN] Epoch: [10][0/2480], Elapsed 0m 0s (remain 26m 14s), Accuracy: 100.000(100.000), Loss: 0.265(0.265), LR: 0.000049
[GPU cuda:1][TRAIN] Epoch: [10][50/2480], Elapsed 0m 14s (remain 11m 54s), Accuracy: 60.000(82.353), Loss: 0.868(0.440), LR: 0.000049
[GPU cuda:1][TRAIN] Epoch: [10][100/2480], Elapsed 0m 29s (remain 11m 27s), Accuracy: 80.000(81.980), Loss: 0.567(0.437), LR: 0.000049
[GPU cuda:1][TRAIN] Epoch: [10][150/2480], Elapsed 0m 43s (remain 11m 8s), Accuracy: 60.000(80.132), Loss: 0.603(0.480), LR: 0.000049
[GPU cuda:1][TRAIN] Epoch: [10][200/2480], Elapsed 0m 57s (remain 10m 52s), Accuracy: 100.000(79.801), Loss: 0.276(0.498), LR: 0.000048
[GPU cuda:1][TRAIN] Epoch: [10][250/2480], Elapsed 1m 11s (remain 10m 36s), Accuracy: 100.000(79.920), Loss: 0.046(0.490), LR: 0.000048
[GPU cuda:1][TRAIN] Epoch: [10][300/2480], Elapsed 1m 25s (remain 10m 21s), Accuracy: 40.000(80.066), Loss: 1.197(0.498), LR: 0.000048
[GPU cuda:1][TRAIN] Epoch: [10][350/2480], Elapsed 1m 40s (remain 10m 6s), Accuracy: 100.000(79.373), Loss: 0.179(0.509), LR: 0.000048
[GPU cuda:1][TRAIN] Epoch: [10][400/2480], Elapsed 1m 54s (remain 9m 52s), Accuracy: 60.000(79.551), Loss: 0.741(0.508), LR: 0.000048
[GPU cuda:1][TRAIN] Epoch: [10][450/2480], Elapsed 2m 8s (remain 9m 37s), Accuracy: 80.000(79.823), Loss: 0.464(0.508), LR: 0.000048
[GPU cuda:1][TRAIN] Epoch: [10][500/2480], Elapsed 2m 22s (remain 9m 22s), Accuracy: 60.000(79.681), Loss: 0.728(0.505), LR: 0.000048
[GPU cuda:1][TRAIN] Epoch: [10][550/2480], Elapsed 2m 36s (remain 9m 8s), Accuracy: 100.000(79.564), Loss: 0.061(0.510), LR: 0.000048
[GPU cuda:1][TRAIN] Epoch: [10][600/2480], Elapsed 2m 50s (remain 8m 53s), Accuracy: 100.000(79.667), Loss: 0.058(0.515), LR: 0.000048
[GPU cuda:1][TRAIN] Epoch: [10][650/2480], Elapsed 3m 4s (remain 8m 39s), Accuracy: 100.000(79.355), Loss: 0.077(0.518), LR: 0.000048
[GPU cuda:1][TRAIN] Epoch: [10][700/2480], Elapsed 3m 19s (remain 8m 25s), Accuracy: 80.000(79.344), Loss: 0.330(0.519), LR: 0.000048
[GPU cuda:1][TRAIN] Epoch: [10][750/2480], Elapsed 3m 33s (remain 8m 11s), Accuracy: 100.000(79.174), Loss: 0.128(0.522), LR: 0.000048
[GPU cuda:1][TRAIN] Epoch: [10][800/2480], Elapsed 3m 47s (remain 7m 56s), Accuracy: 80.000(79.326), Loss: 0.484(0.518), LR: 0.000048
[GPU cuda:1][TRAIN] Epoch: [10][850/2480], Elapsed 4m 1s (remain 7m 42s), Accuracy: 80.000(79.577), Loss: 0.523(0.514), LR: 0.000048
[GPU cuda:1][TRAIN] Epoch: [10][900/2480], Elapsed 4m 15s (remain 7m 28s), Accuracy: 100.000(79.800), Loss: 0.362(0.511), LR: 0.000048
[GPU cuda:1][TRAIN] Epoch: [10][950/2480], Elapsed 4m 29s (remain 7m 13s), Accuracy: 40.000(79.895), Loss: 1.156(0.506), LR: 0.000048
[GPU cuda:1][TRAIN] Epoch: [10][1000/2480], Elapsed 4m 44s (remain 6m 59s), Accuracy: 60.000(79.780), Loss: 0.809(0.505), LR: 0.000048
[GPU cuda:1][TRAIN] Epoch: [10][1050/2480], Elapsed 4m 58s (remain 6m 45s), Accuracy: 60.000(79.715), Loss: 0.579(0.505), LR: 0.000048
[GPU cuda:1][TRAIN] Epoch: [10][1100/2480], Elapsed 5m 12s (remain 6m 31s), Accuracy: 80.000(80.018), Loss: 0.186(0.500), LR: 0.000048
[GPU cuda:1][TRAIN] Epoch: [10][1150/2480], Elapsed 5m 26s (remain 6m 17s), Accuracy: 80.000(80.017), Loss: 0.308(0.499), LR: 0.000048
[GPU cuda:1][TRAIN] Epoch: [10][1200/2480], Elapsed 5m 40s (remain 6m 2s), Accuracy: 100.000(80.150), Loss: 0.331(0.496), LR: 0.000048
[GPU cuda:1][TRAIN] Epoch: [10][1250/2480], Elapsed 5m 54s (remain 5m 48s), Accuracy: 40.000(80.112), Loss: 0.823(0.494), LR: 0.000048
[GPU cuda:1][TRAIN] Epoch: [10][1300/2480], Elapsed 6m 8s (remain 5m 34s), Accuracy: 80.000(80.307), Loss: 0.290(0.491), LR: 0.000048
[GPU cuda:1][TRAIN] Epoch: [10][1350/2480], Elapsed 6m 23s (remain 5m 20s), Accuracy: 100.000(80.533), Loss: 0.036(0.486), LR: 0.000048
[GPU cuda:1][TRAIN] Epoch: [10][1400/2480], Elapsed 6m 37s (remain 5m 5s), Accuracy: 100.000(80.485), Loss: 0.104(0.487), LR: 0.000048
[GPU cuda:1][TRAIN] Epoch: [10][1450/2480], Elapsed 6m 51s (remain 4m 51s), Accuracy: 100.000(80.538), Loss: 0.248(0.486), LR: 0.000048
[GPU cuda:1][TRAIN] Epoch: [10][1500/2480], Elapsed 7m 5s (remain 4m 37s), Accuracy: 100.000(80.626), Loss: 0.021(0.485), LR: 0.000048
[GPU cuda:1][TRAIN] Epoch: [10][1550/2480], Elapsed 7m 19s (remain 4m 23s), Accuracy: 100.000(80.567), Loss: 0.119(0.485), LR: 0.000048
[GPU cuda:1][TRAIN] Epoch: [10][1600/2480], Elapsed 7m 33s (remain 4m 9s), Accuracy: 100.000(80.600), Loss: 0.185(0.484), LR: 0.000048
[GPU cuda:1][TRAIN] Epoch: [10][1650/2480], Elapsed 7m 47s (remain 3m 54s), Accuracy: 100.000(80.787), Loss: 0.139(0.480), LR: 0.000048
[GPU cuda:1][TRAIN] Epoch: [10][1700/2480], Elapsed 8m 1s (remain 3m 40s), Accuracy: 80.000(80.588), Loss: 0.456(0.485), LR: 0.000048
[GPU cuda:1][TRAIN] Epoch: [10][1750/2480], Elapsed 8m 16s (remain 3m 26s), Accuracy: 80.000(80.617), Loss: 0.376(0.484), LR: 0.000048
[GPU cuda:1][TRAIN] Epoch: [10][1800/2480], Elapsed 8m 30s (remain 3m 12s), Accuracy: 80.000(80.655), Loss: 0.368(0.483), LR: 0.000048
[GPU cuda:1][TRAIN] Epoch: [10][1850/2480], Elapsed 8m 44s (remain 2m 58s), Accuracy: 100.000(80.637), Loss: 0.199(0.483), LR: 0.000048
[GPU cuda:1][TRAIN] Epoch: [10][1900/2480], Elapsed 8m 58s (remain 2m 44s), Accuracy: 60.000(80.652), Loss: 0.641(0.482), LR: 0.000048
[GPU cuda:1][TRAIN] Epoch: [10][1950/2480], Elapsed 9m 12s (remain 2m 29s), Accuracy: 100.000(80.656), Loss: 0.171(0.483), LR: 0.000048
[GPU cuda:1][TRAIN] Epoch: [10][2000/2480], Elapsed 9m 26s (remain 2m 15s), Accuracy: 80.000(80.680), Loss: 0.529(0.484), LR: 0.000048
[GPU cuda:1][TRAIN] Epoch: [10][2050/2480], Elapsed 9m 40s (remain 2m 1s), Accuracy: 60.000(80.653), Loss: 0.862(0.484), LR: 0.000048
[GPU cuda:1][TRAIN] Epoch: [10][2100/2480], Elapsed 9m 55s (remain 1m 47s), Accuracy: 100.000(80.819), Loss: 0.042(0.481), LR: 0.000048
[GPU cuda:1][TRAIN] Epoch: [10][2150/2480], Elapsed 10m 9s (remain 1m 33s), Accuracy: 80.000(80.818), Loss: 0.285(0.479), LR: 0.000048
[GPU cuda:1][TRAIN] Epoch: [10][2200/2480], Elapsed 10m 23s (remain 1m 19s), Accuracy: 60.000(80.854), Loss: 0.635(0.480), LR: 0.000048
[GPU cuda:1][TRAIN] Epoch: [10][2250/2480], Elapsed 10m 37s (remain 1m 4s), Accuracy: 80.000(80.809), Loss: 0.448(0.481), LR: 0.000047
[GPU cuda:1][TRAIN] Epoch: [10][2300/2480], Elapsed 10m 51s (remain 0m 50s), Accuracy: 80.000(80.817), Loss: 0.299(0.480), LR: 0.000047
[GPU cuda:1][TRAIN] Epoch: [10][2350/2480], Elapsed 11m 5s (remain 0m 36s), Accuracy: 80.000(80.859), Loss: 0.308(0.480), LR: 0.000047
[GPU cuda:1][TRAIN] Epoch: [10][2400/2480], Elapsed 11m 19s (remain 0m 22s), Accuracy: 60.000(80.975), Loss: 0.899(0.479), LR: 0.000047
[GPU cuda:1][TRAIN] Epoch: [10][2450/2480], Elapsed 11m 34s (remain 0m 8s), Accuracy: 80.000(81.028), Loss: 0.362(0.478), LR: 0.000047
[GPU cuda:1][TRAIN] Epoch: [10][2479/2480], Elapsed 11m 42s (remain 0m 0s), Accuracy: 60.000(81.040), Loss: 1.664(0.479), LR: 0.000047
[GPU cuda:1][VALID][0/97], Elapsed 0m 1s (remain 2m 17s), Accuracy: 75.000(75.000), Batch Loss: 0.7747, Average Loss: 0.7747
[GPU cuda:1][VALID][50/97], Elapsed 0m 48s (remain 0m 43s), Accuracy: 84.375(71.814), Batch Loss: 0.3193, Average Loss: 0.7449
[GPU cuda:1][VALID][96/97], Elapsed 1m 32s (remain 0m 0s), Accuracy: 75.000(71.166), Batch Loss: 0.5222, Average Loss: 0.7623
Valid Labels Samples: [2 0 1 4 1 0 3 1 4 3]
Valid Predictions Samples: [2, 0, 1, 3, 1, 0, 3, 1, 3, 0]
Epoch 10 - Train Average Loss: 81.040, Valid Average Loss: 71.166, Epoch Time: 796.565s
Epoch 10 - Accuracy: 0.712, Precision: 0.714, Recall: 0.712
[GPU cuda:1][TRAIN] Epoch: [11][0/2480], Elapsed 0m 0s (remain 26m 37s), Accuracy: 60.000(60.000), Loss: 1.041(1.041), LR: 0.000047
[GPU cuda:1][TRAIN] Epoch: [11][50/2480], Elapsed 0m 15s (remain 11m 54s), Accuracy: 60.000(83.529), Loss: 0.710(0.432), LR: 0.000047
[GPU cuda:1][TRAIN] Epoch: [11][100/2480], Elapsed 0m 29s (remain 11m 27s), Accuracy: 60.000(83.762), Loss: 0.659(0.446), LR: 0.000047
[GPU cuda:1][TRAIN] Epoch: [11][150/2480], Elapsed 0m 43s (remain 11m 8s), Accuracy: 60.000(83.179), Loss: 0.681(0.451), LR: 0.000047
[GPU cuda:1][TRAIN] Epoch: [11][200/2480], Elapsed 0m 57s (remain 10m 52s), Accuracy: 80.000(83.284), Loss: 0.318(0.468), LR: 0.000047
[GPU cuda:1][TRAIN] Epoch: [11][250/2480], Elapsed 1m 11s (remain 10m 36s), Accuracy: 80.000(83.506), Loss: 0.304(0.464), LR: 0.000047
[GPU cuda:1][TRAIN] Epoch: [11][300/2480], Elapsed 1m 25s (remain 10m 21s), Accuracy: 40.000(82.990), Loss: 1.276(0.457), LR: 0.000047
[GPU cuda:1][TRAIN] Epoch: [11][350/2480], Elapsed 1m 40s (remain 10m 7s), Accuracy: 80.000(82.279), Loss: 0.355(0.474), LR: 0.000047
[GPU cuda:1][TRAIN] Epoch: [11][400/2480], Elapsed 1m 54s (remain 9m 52s), Accuracy: 60.000(82.095), Loss: 0.690(0.477), LR: 0.000047
[GPU cuda:1][TRAIN] Epoch: [11][450/2480], Elapsed 2m 8s (remain 9m 37s), Accuracy: 100.000(82.616), Loss: 0.142(0.472), LR: 0.000047
[GPU cuda:1][TRAIN] Epoch: [11][500/2480], Elapsed 2m 22s (remain 9m 23s), Accuracy: 60.000(82.834), Loss: 1.144(0.469), LR: 0.000047
[GPU cuda:1][TRAIN] Epoch: [11][550/2480], Elapsed 2m 36s (remain 9m 9s), Accuracy: 100.000(82.432), Loss: 0.098(0.478), LR: 0.000047
[GPU cuda:1][TRAIN] Epoch: [11][600/2480], Elapsed 2m 50s (remain 8m 54s), Accuracy: 100.000(82.263), Loss: 0.150(0.481), LR: 0.000047
[GPU cuda:1][TRAIN] Epoch: [11][650/2480], Elapsed 3m 5s (remain 8m 40s), Accuracy: 80.000(82.396), Loss: 0.291(0.477), LR: 0.000047
[GPU cuda:1][TRAIN] Epoch: [11][700/2480], Elapsed 3m 19s (remain 8m 25s), Accuracy: 100.000(82.511), Loss: 0.076(0.473), LR: 0.000047
[GPU cuda:1][TRAIN] Epoch: [11][750/2480], Elapsed 3m 33s (remain 8m 11s), Accuracy: 100.000(82.610), Loss: 0.082(0.471), LR: 0.000047
[GPU cuda:1][TRAIN] Epoch: [11][800/2480], Elapsed 3m 47s (remain 7m 56s), Accuracy: 80.000(82.647), Loss: 0.341(0.470), LR: 0.000047
[GPU cuda:1][TRAIN] Epoch: [11][850/2480], Elapsed 4m 1s (remain 7m 42s), Accuracy: 80.000(82.844), Loss: 0.359(0.466), LR: 0.000047
[GPU cuda:1][TRAIN] Epoch: [11][900/2480], Elapsed 4m 15s (remain 7m 28s), Accuracy: 60.000(82.841), Loss: 0.795(0.467), LR: 0.000047
[GPU cuda:1][TRAIN] Epoch: [11][950/2480], Elapsed 4m 29s (remain 7m 13s), Accuracy: 80.000(82.902), Loss: 0.544(0.464), LR: 0.000047
[GPU cuda:1][TRAIN] Epoch: [11][1000/2480], Elapsed 4m 43s (remain 6m 59s), Accuracy: 60.000(82.997), Loss: 1.222(0.462), LR: 0.000047
[GPU cuda:1][TRAIN] Epoch: [11][1050/2480], Elapsed 4m 58s (remain 6m 45s), Accuracy: 60.000(82.931), Loss: 0.694(0.461), LR: 0.000047
[GPU cuda:1][TRAIN] Epoch: [11][1100/2480], Elapsed 5m 12s (remain 6m 31s), Accuracy: 80.000(83.034), Loss: 0.202(0.456), LR: 0.000047
[GPU cuda:1][TRAIN] Epoch: [11][1150/2480], Elapsed 5m 26s (remain 6m 16s), Accuracy: 80.000(82.919), Loss: 0.408(0.457), LR: 0.000047
[GPU cuda:1][TRAIN] Epoch: [11][1200/2480], Elapsed 5m 40s (remain 6m 2s), Accuracy: 100.000(83.114), Loss: 0.266(0.454), LR: 0.000047
[GPU cuda:1][TRAIN] Epoch: [11][1250/2480], Elapsed 5m 54s (remain 5m 48s), Accuracy: 100.000(83.102), Loss: 0.457(0.454), LR: 0.000047
[GPU cuda:1][TRAIN] Epoch: [11][1300/2480], Elapsed 6m 8s (remain 5m 34s), Accuracy: 80.000(83.321), Loss: 0.543(0.449), LR: 0.000047
[GPU cuda:1][TRAIN] Epoch: [11][1350/2480], Elapsed 6m 22s (remain 5m 20s), Accuracy: 100.000(83.568), Loss: 0.021(0.443), LR: 0.000047
[GPU cuda:1][TRAIN] Epoch: [11][1400/2480], Elapsed 6m 37s (remain 5m 5s), Accuracy: 100.000(83.369), Loss: 0.245(0.447), LR: 0.000047
[GPU cuda:1][TRAIN] Epoch: [11][1450/2480], Elapsed 6m 51s (remain 4m 51s), Accuracy: 80.000(83.391), Loss: 0.272(0.445), LR: 0.000047
[GPU cuda:1][TRAIN] Epoch: [11][1500/2480], Elapsed 7m 5s (remain 4m 37s), Accuracy: 100.000(83.344), Loss: 0.033(0.445), LR: 0.000046
[GPU cuda:1][TRAIN] Epoch: [11][1550/2480], Elapsed 7m 19s (remain 4m 23s), Accuracy: 100.000(83.378), Loss: 0.245(0.442), LR: 0.000046
[GPU cuda:1][TRAIN] Epoch: [11][1600/2480], Elapsed 7m 33s (remain 4m 9s), Accuracy: 100.000(83.323), Loss: 0.174(0.444), LR: 0.000046
[GPU cuda:1][TRAIN] Epoch: [11][1650/2480], Elapsed 7m 47s (remain 3m 54s), Accuracy: 80.000(83.380), Loss: 0.390(0.442), LR: 0.000046
[GPU cuda:1][TRAIN] Epoch: [11][1700/2480], Elapsed 8m 1s (remain 3m 40s), Accuracy: 80.000(83.327), Loss: 0.443(0.444), LR: 0.000046
[GPU cuda:1][TRAIN] Epoch: [11][1750/2480], Elapsed 8m 16s (remain 3m 26s), Accuracy: 60.000(83.370), Loss: 0.781(0.443), LR: 0.000046
[GPU cuda:1][TRAIN] Epoch: [11][1800/2480], Elapsed 8m 30s (remain 3m 12s), Accuracy: 100.000(83.465), Loss: 0.157(0.440), LR: 0.000046
[GPU cuda:1][TRAIN] Epoch: [11][1850/2480], Elapsed 8m 44s (remain 2m 58s), Accuracy: 100.000(83.425), Loss: 0.257(0.441), LR: 0.000046
[GPU cuda:1][TRAIN] Epoch: [11][1900/2480], Elapsed 8m 58s (remain 2m 44s), Accuracy: 80.000(83.409), Loss: 0.420(0.440), LR: 0.000046
[GPU cuda:1][TRAIN] Epoch: [11][1950/2480], Elapsed 9m 12s (remain 2m 29s), Accuracy: 100.000(83.444), Loss: 0.181(0.440), LR: 0.000046
[GPU cuda:1][TRAIN] Epoch: [11][2000/2480], Elapsed 9m 26s (remain 2m 15s), Accuracy: 80.000(83.408), Loss: 0.640(0.439), LR: 0.000046
[GPU cuda:1][TRAIN] Epoch: [11][2050/2480], Elapsed 9m 40s (remain 2m 1s), Accuracy: 60.000(83.325), Loss: 0.747(0.441), LR: 0.000046
[GPU cuda:1][TRAIN] Epoch: [11][2100/2480], Elapsed 9m 55s (remain 1m 47s), Accuracy: 100.000(83.360), Loss: 0.069(0.440), LR: 0.000046
[GPU cuda:1][TRAIN] Epoch: [11][2150/2480], Elapsed 10m 9s (remain 1m 33s), Accuracy: 80.000(83.459), Loss: 0.302(0.438), LR: 0.000046
[GPU cuda:1][TRAIN] Epoch: [11][2200/2480], Elapsed 10m 23s (remain 1m 19s), Accuracy: 100.000(83.526), Loss: 0.219(0.436), LR: 0.000046
[GPU cuda:1][TRAIN] Epoch: [11][2250/2480], Elapsed 10m 37s (remain 1m 4s), Accuracy: 80.000(83.510), Loss: 0.321(0.436), LR: 0.000046
[GPU cuda:1][TRAIN] Epoch: [11][2300/2480], Elapsed 10m 51s (remain 0m 50s), Accuracy: 80.000(83.477), Loss: 0.390(0.436), LR: 0.000046
[GPU cuda:1][TRAIN] Epoch: [11][2350/2480], Elapsed 11m 5s (remain 0m 36s), Accuracy: 80.000(83.505), Loss: 0.368(0.435), LR: 0.000046
[GPU cuda:1][TRAIN] Epoch: [11][2400/2480], Elapsed 11m 19s (remain 0m 22s), Accuracy: 60.000(83.565), Loss: 0.704(0.433), LR: 0.000046
[GPU cuda:1][TRAIN] Epoch: [11][2450/2480], Elapsed 11m 33s (remain 0m 8s), Accuracy: 100.000(83.615), Loss: 0.187(0.432), LR: 0.000046
[GPU cuda:1][TRAIN] Epoch: [11][2479/2480], Elapsed 11m 42s (remain 0m 0s), Accuracy: 40.000(83.556), Loss: 1.849(0.433), LR: 0.000046
[GPU cuda:1][VALID][0/97], Elapsed 0m 1s (remain 2m 12s), Accuracy: 68.750(68.750), Batch Loss: 0.8956, Average Loss: 0.8956
[GPU cuda:1][VALID][50/97], Elapsed 0m 48s (remain 0m 43s), Accuracy: 90.625(72.733), Batch Loss: 0.2816, Average Loss: 0.7785
[GPU cuda:1][VALID][96/97], Elapsed 1m 31s (remain 0m 0s), Accuracy: 71.429(72.096), Batch Loss: 0.5187, Average Loss: 0.7657
Valid Labels Samples: [2 0 1 4 1 0 3 1 4 3]
Valid Predictions Samples: [2, 0, 1, 3, 1, 0, 3, 1, 3, 0]
Epoch 11 - Train Average Loss: 83.556, Valid Average Loss: 72.096, Epoch Time: 796.293s
Epoch 11 - Accuracy: 0.721, Precision: 0.723, Recall: 0.721
