[GPU 0]: Config File
{'id': 39, 'model_name': 'swin_large_patch4_window12_384_in22k', 'dropout': 0.5, 'size': 384, 'batch_size_t': 4, 'batch_size_v': 8, 'n_targets': 5, 'criterion': 'CrossEntropyLoss', 'gradient_accumulation_steps': 1, 'max_gradient_norm': None, 'optimizer': 'RangerLars', 'scheduler': 'OneCycleLR', 'LR': 7e-05, 'T_0': 200, 'T_max': 10, 'T_mult': 2, 'min_lr': 1e-06, 'max_lr': 0.00034999999999999994, 'no_batches': 3100, 'warmup_epochs': 1, 'cosine_epochs': 14, 'epochs': 15, 'update_per_batch': True, 'num_workers': 4, 'n_folds': 5, 'train_transforms': [HorizontalFlip(always_apply=False, p=0.5), VerticalFlip(always_apply=False, p=0.5), RandomRotate90(always_apply=False, p=0.5)], 'valid_transforms': [], 'observations': None, 'use_swa': True, 'swa_lr': 0.01, 'swa_epoch': 0, 'use_sam': True, 'use_asam': True, 'asam_rho': 0.1, 'print_freq': 50, 'one_fold': True, 'use_apex': True, 'distributed_training': False, 'save_to_log': True}
================================================== Training Fold: 0 ==================================================
[GPU cuda:0][TRAIN] Epoch: [1][0/3100], Elapsed 0m 0s (remain 25m 36s), Accuracy: 0.000(0.000), Loss: 1.683(1.683), LR: 0.000014
[GPU cuda:0][TRAIN] Epoch: [1][50/3100], Elapsed 0m 16s (remain 16m 24s), Accuracy: 50.000(15.196), Loss: 1.601(1.657), LR: 0.000014
[GPU cuda:0][TRAIN] Epoch: [1][100/3100], Elapsed 0m 32s (remain 16m 7s), Accuracy: 25.000(16.584), Loss: 1.501(1.649), LR: 0.000014
[GPU cuda:0][TRAIN] Epoch: [1][150/3100], Elapsed 0m 48s (remain 15m 48s), Accuracy: 25.000(16.225), Loss: 1.449(1.648), LR: 0.000014
[GPU cuda:0][TRAIN] Epoch: [1][200/3100], Elapsed 1m 4s (remain 15m 33s), Accuracy: 0.000(16.542), Loss: 1.631(1.651), LR: 0.000014
[GPU cuda:0][TRAIN] Epoch: [1][250/3100], Elapsed 1m 20s (remain 15m 17s), Accuracy: 25.000(16.833), Loss: 1.672(1.648), LR: 0.000014
[GPU cuda:0][TRAIN] Epoch: [1][300/3100], Elapsed 1m 36s (remain 15m 0s), Accuracy: 25.000(17.525), Loss: 1.558(1.644), LR: 0.000014
[GPU cuda:0][TRAIN] Epoch: [1][350/3100], Elapsed 1m 52s (remain 14m 40s), Accuracy: 50.000(18.447), Loss: 1.593(1.640), LR: 0.000015
[GPU cuda:0][TRAIN] Epoch: [1][400/3100], Elapsed 2m 8s (remain 14m 21s), Accuracy: 0.000(18.641), Loss: 1.733(1.638), LR: 0.000015
[GPU cuda:0][TRAIN] Epoch: [1][450/3100], Elapsed 2m 23s (remain 14m 5s), Accuracy: 50.000(19.678), Loss: 1.471(1.632), LR: 0.000015
[GPU cuda:0][TRAIN] Epoch: [1][500/3100], Elapsed 2m 40s (remain 13m 51s), Accuracy: 25.000(19.711), Loss: 1.679(1.630), LR: 0.000015
[GPU cuda:0][TRAIN] Epoch: [1][550/3100], Elapsed 2m 56s (remain 13m 37s), Accuracy: 25.000(19.737), Loss: 1.622(1.629), LR: 0.000015
[GPU cuda:0][TRAIN] Epoch: [1][600/3100], Elapsed 3m 12s (remain 13m 21s), Accuracy: 0.000(20.008), Loss: 1.732(1.628), LR: 0.000016
[GPU cuda:0][TRAIN] Epoch: [1][650/3100], Elapsed 3m 29s (remain 13m 6s), Accuracy: 25.000(20.469), Loss: 1.653(1.626), LR: 0.000016
[GPU cuda:0][TRAIN] Epoch: [1][700/3100], Elapsed 3m 45s (remain 12m 51s), Accuracy: 75.000(20.649), Loss: 1.379(1.624), LR: 0.000016
[GPU cuda:0][TRAIN] Epoch: [1][750/3100], Elapsed 4m 1s (remain 12m 36s), Accuracy: 50.000(21.305), Loss: 1.519(1.621), LR: 0.000016
[GPU cuda:0][TRAIN] Epoch: [1][800/3100], Elapsed 4m 18s (remain 12m 21s), Accuracy: 25.000(21.598), Loss: 1.501(1.619), LR: 0.000017
[GPU cuda:0][TRAIN] Epoch: [1][850/3100], Elapsed 4m 34s (remain 12m 5s), Accuracy: 50.000(22.033), Loss: 1.492(1.616), LR: 0.000017
[GPU cuda:0][TRAIN] Epoch: [1][900/3100], Elapsed 4m 51s (remain 11m 50s), Accuracy: 50.000(22.198), Loss: 1.504(1.616), LR: 0.000017
[GPU cuda:0][TRAIN] Epoch: [1][950/3100], Elapsed 5m 7s (remain 11m 34s), Accuracy: 25.000(22.660), Loss: 1.525(1.615), LR: 0.000018
[GPU cuda:0][TRAIN] Epoch: [1][1000/3100], Elapsed 5m 23s (remain 11m 18s), Accuracy: 50.000(23.202), Loss: 1.570(1.612), LR: 0.000018
[GPU cuda:0][TRAIN] Epoch: [1][1050/3100], Elapsed 5m 39s (remain 11m 1s), Accuracy: 25.000(23.382), Loss: 1.570(1.610), LR: 0.000019
[GPU cuda:0][TRAIN] Epoch: [1][1100/3100], Elapsed 5m 55s (remain 10m 45s), Accuracy: 25.000(23.774), Loss: 1.662(1.608), LR: 0.000019
[GPU cuda:0][TRAIN] Epoch: [1][1150/3100], Elapsed 6m 11s (remain 10m 29s), Accuracy: 0.000(23.957), Loss: 1.683(1.607), LR: 0.000020
[GPU cuda:0][TRAIN] Epoch: [1][1200/3100], Elapsed 6m 27s (remain 10m 13s), Accuracy: 75.000(24.230), Loss: 1.484(1.605), LR: 0.000020
[GPU cuda:0][TRAIN] Epoch: [1][1250/3100], Elapsed 6m 43s (remain 9m 56s), Accuracy: 25.000(24.660), Loss: 1.661(1.603), LR: 0.000021
[GPU cuda:0][TRAIN] Epoch: [1][1300/3100], Elapsed 7m 0s (remain 9m 40s), Accuracy: 0.000(25.115), Loss: 1.747(1.600), LR: 0.000021
[GPU cuda:0][TRAIN] Epoch: [1][1350/3100], Elapsed 7m 16s (remain 9m 24s), Accuracy: 50.000(25.407), Loss: 1.266(1.598), LR: 0.000022
[GPU cuda:0][TRAIN] Epoch: [1][1400/3100], Elapsed 7m 32s (remain 9m 8s), Accuracy: 25.000(25.535), Loss: 1.492(1.597), LR: 0.000022
[GPU cuda:0][TRAIN] Epoch: [1][1450/3100], Elapsed 7m 48s (remain 8m 52s), Accuracy: 75.000(25.896), Loss: 1.286(1.595), LR: 0.000023
[GPU cuda:0][TRAIN] Epoch: [1][1500/3100], Elapsed 8m 4s (remain 8m 36s), Accuracy: 75.000(26.083), Loss: 1.261(1.592), LR: 0.000024
[GPU cuda:0][TRAIN] Epoch: [1][1550/3100], Elapsed 8m 20s (remain 8m 19s), Accuracy: 100.000(26.354), Loss: 1.355(1.590), LR: 0.000024
[GPU cuda:0][TRAIN] Epoch: [1][1600/3100], Elapsed 8m 36s (remain 8m 3s), Accuracy: 0.000(26.686), Loss: 1.521(1.586), LR: 0.000025
[GPU cuda:0][TRAIN] Epoch: [1][1650/3100], Elapsed 8m 52s (remain 7m 47s), Accuracy: 25.000(26.863), Loss: 1.561(1.584), LR: 0.000025
[GPU cuda:0][TRAIN] Epoch: [1][1700/3100], Elapsed 9m 9s (remain 7m 31s), Accuracy: 25.000(27.190), Loss: 1.586(1.580), LR: 0.000026
[GPU cuda:0][TRAIN] Epoch: [1][1750/3100], Elapsed 9m 25s (remain 7m 15s), Accuracy: 50.000(27.313), Loss: 1.529(1.577), LR: 0.000027
[GPU cuda:0][TRAIN] Epoch: [1][1800/3100], Elapsed 9m 41s (remain 6m 59s), Accuracy: 50.000(27.804), Loss: 1.261(1.572), LR: 0.000028
[GPU cuda:0][TRAIN] Epoch: [1][1850/3100], Elapsed 9m 57s (remain 6m 42s), Accuracy: 25.000(27.971), Loss: 1.602(1.568), LR: 0.000028
[GPU cuda:0][TRAIN] Epoch: [1][1900/3100], Elapsed 10m 13s (remain 6m 26s), Accuracy: 50.000(28.393), Loss: 1.324(1.562), LR: 0.000029
[GPU cuda:0][TRAIN] Epoch: [1][1950/3100], Elapsed 10m 29s (remain 6m 10s), Accuracy: 100.000(28.575), Loss: 1.178(1.559), LR: 0.000030
[GPU cuda:0][TRAIN] Epoch: [1][2000/3100], Elapsed 10m 45s (remain 5m 54s), Accuracy: 50.000(28.923), Loss: 1.403(1.553), LR: 0.000031
[GPU cuda:0][TRAIN] Epoch: [1][2050/3100], Elapsed 11m 1s (remain 5m 38s), Accuracy: 50.000(29.352), Loss: 1.207(1.546), LR: 0.000032
[GPU cuda:0][TRAIN] Epoch: [1][2100/3100], Elapsed 11m 17s (remain 5m 22s), Accuracy: 50.000(29.783), Loss: 1.560(1.539), LR: 0.000032
[GPU cuda:0][TRAIN] Epoch: [1][2150/3100], Elapsed 11m 33s (remain 5m 6s), Accuracy: 50.000(30.219), Loss: 1.371(1.531), LR: 0.000033
[GPU cuda:0][TRAIN] Epoch: [1][2200/3100], Elapsed 11m 49s (remain 4m 49s), Accuracy: 25.000(30.566), Loss: 1.456(1.525), LR: 0.000034
[GPU cuda:0][TRAIN] Epoch: [1][2250/3100], Elapsed 12m 4s (remain 4m 33s), Accuracy: 50.000(30.853), Loss: 0.933(1.519), LR: 0.000035
[GPU cuda:0][TRAIN] Epoch: [1][2300/3100], Elapsed 12m 20s (remain 4m 17s), Accuracy: 25.000(31.356), Loss: 1.534(1.511), LR: 0.000036
[GPU cuda:0][TRAIN] Epoch: [1][2350/3100], Elapsed 12m 36s (remain 4m 1s), Accuracy: 25.000(31.721), Loss: 1.571(1.503), LR: 0.000037
[GPU cuda:0][TRAIN] Epoch: [1][2400/3100], Elapsed 12m 53s (remain 3m 45s), Accuracy: 25.000(31.935), Loss: 1.309(1.498), LR: 0.000038
[GPU cuda:0][TRAIN] Epoch: [1][2450/3100], Elapsed 13m 9s (remain 3m 29s), Accuracy: 25.000(32.313), Loss: 1.070(1.491), LR: 0.000039
[GPU cuda:0][TRAIN] Epoch: [1][2500/3100], Elapsed 13m 25s (remain 3m 13s), Accuracy: 25.000(32.747), Loss: 1.533(1.484), LR: 0.000040
[GPU cuda:0][TRAIN] Epoch: [1][2550/3100], Elapsed 13m 41s (remain 2m 56s), Accuracy: 75.000(33.036), Loss: 1.029(1.478), LR: 0.000041
[GPU cuda:0][TRAIN] Epoch: [1][2600/3100], Elapsed 13m 58s (remain 2m 40s), Accuracy: 50.000(33.420), Loss: 1.152(1.471), LR: 0.000042
[GPU cuda:0][TRAIN] Epoch: [1][2650/3100], Elapsed 14m 14s (remain 2m 24s), Accuracy: 25.000(33.733), Loss: 1.770(1.465), LR: 0.000043
[GPU cuda:0][TRAIN] Epoch: [1][2700/3100], Elapsed 14m 30s (remain 2m 8s), Accuracy: 75.000(34.126), Loss: 0.861(1.457), LR: 0.000044
[GPU cuda:0][TRAIN] Epoch: [1][2750/3100], Elapsed 14m 47s (remain 1m 52s), Accuracy: 50.000(34.433), Loss: 1.087(1.450), LR: 0.000045
[GPU cuda:0][TRAIN] Epoch: [1][2800/3100], Elapsed 15m 3s (remain 1m 36s), Accuracy: 25.000(34.738), Loss: 1.625(1.444), LR: 0.000046
[GPU cuda:0][TRAIN] Epoch: [1][2850/3100], Elapsed 15m 19s (remain 1m 20s), Accuracy: 50.000(35.067), Loss: 1.304(1.438), LR: 0.000047
[GPU cuda:0][TRAIN] Epoch: [1][2900/3100], Elapsed 15m 35s (remain 1m 4s), Accuracy: 100.000(35.324), Loss: 0.730(1.431), LR: 0.000049
[GPU cuda:0][TRAIN] Epoch: [1][2950/3100], Elapsed 15m 51s (remain 0m 48s), Accuracy: 75.000(35.674), Loss: 1.021(1.425), LR: 0.000050
[GPU cuda:0][TRAIN] Epoch: [1][3000/3100], Elapsed 16m 7s (remain 0m 31s), Accuracy: 25.000(36.071), Loss: 2.157(1.418), LR: 0.000051
[GPU cuda:0][TRAIN] Epoch: [1][3050/3100], Elapsed 16m 23s (remain 0m 15s), Accuracy: 50.000(36.414), Loss: 0.845(1.411), LR: 0.000052
[GPU cuda:0][TRAIN] Epoch: [1][3099/3100], Elapsed 16m 38s (remain 0m 0s), Accuracy: 25.000(36.718), Loss: 1.603(1.405), LR: 0.000053
[GPU cuda:0][VALID][0/388], Elapsed 0m 0s (remain 3m 37s), Accuracy: 62.500(62.500), Batch Loss: 0.8242, Average Loss: 0.8242
[GPU cuda:0][VALID][50/388], Elapsed 0m 12s (remain 1m 20s), Accuracy: 62.500(65.441), Batch Loss: 0.7716, Average Loss: 0.8733
[GPU cuda:0][VALID][100/388], Elapsed 0m 23s (remain 1m 7s), Accuracy: 62.500(61.262), Batch Loss: 1.2368, Average Loss: 0.9231
[GPU cuda:0][VALID][150/388], Elapsed 0m 35s (remain 0m 55s), Accuracy: 37.500(59.603), Batch Loss: 1.2635, Average Loss: 0.9433
[GPU cuda:0][VALID][200/388], Elapsed 0m 47s (remain 0m 43s), Accuracy: 50.000(58.893), Batch Loss: 0.8108, Average Loss: 0.9524
[GPU cuda:0][VALID][250/388], Elapsed 0m 59s (remain 0m 32s), Accuracy: 50.000(58.616), Batch Loss: 1.1949, Average Loss: 0.9533
[GPU cuda:0][VALID][300/388], Elapsed 1m 10s (remain 0m 20s), Accuracy: 25.000(58.264), Batch Loss: 1.2755, Average Loss: 0.9513
[GPU cuda:0][VALID][350/388], Elapsed 1m 22s (remain 0m 8s), Accuracy: 62.500(58.405), Batch Loss: 0.9415, Average Loss: 0.9542
[GPU cuda:0][VALID][387/388], Elapsed 1m 31s (remain 0m 0s), Accuracy: 25.000(58.376), Batch Loss: 1.2906, Average Loss: 0.9534
Valid Labels Samples: [2 0 1 4 1 0 3 1 4 3]
Valid Predictions Samples: [2, 0, 1, 4, 1, 1, 2, 2, 3, 0]
Epoch 1 - Train Average Loss: 36.718, Valid Average Loss: 58.376, Epoch Time: 1092.172s
Epoch 1 - Accuracy: 0.584, Precision: 0.593, Recall: 0.584
Saved Best Model: 0.58
[GPU cuda:0][TRAIN] Epoch: [2][0/3100], Elapsed 0m 0s (remain 37m 18s), Accuracy: 75.000(75.000), Loss: 1.076(1.076), LR: 0.000053
[GPU cuda:0][TRAIN] Epoch: [2][50/3100], Elapsed 0m 16s (remain 16m 49s), Accuracy: 50.000(56.863), Loss: 0.847(1.036), LR: 0.000055
[GPU cuda:0][TRAIN] Epoch: [2][100/3100], Elapsed 0m 33s (remain 16m 20s), Accuracy: 50.000(58.168), Loss: 1.274(0.976), LR: 0.000056
[GPU cuda:0][TRAIN] Epoch: [2][150/3100], Elapsed 0m 49s (remain 15m 59s), Accuracy: 75.000(56.623), Loss: 0.614(0.990), LR: 0.000057
[GPU cuda:0][TRAIN] Epoch: [2][200/3100], Elapsed 1m 5s (remain 15m 39s), Accuracy: 75.000(56.965), Loss: 0.487(0.993), LR: 0.000058
[GPU cuda:0][TRAIN] Epoch: [2][250/3100], Elapsed 1m 21s (remain 15m 21s), Accuracy: 25.000(56.175), Loss: 1.510(1.014), LR: 0.000060
[GPU cuda:0][TRAIN] Epoch: [2][300/3100], Elapsed 1m 37s (remain 15m 3s), Accuracy: 0.000(56.977), Loss: 1.277(1.021), LR: 0.000061
[GPU cuda:0][TRAIN] Epoch: [2][350/3100], Elapsed 1m 53s (remain 14m 47s), Accuracy: 25.000(56.838), Loss: 1.759(1.022), LR: 0.000062
[GPU cuda:0][TRAIN] Epoch: [2][400/3100], Elapsed 2m 9s (remain 14m 30s), Accuracy: 50.000(56.671), Loss: 1.138(1.017), LR: 0.000064
[GPU cuda:0][TRAIN] Epoch: [2][450/3100], Elapsed 2m 25s (remain 14m 14s), Accuracy: 75.000(57.373), Loss: 1.053(1.006), LR: 0.000065
[GPU cuda:0][TRAIN] Epoch: [2][500/3100], Elapsed 2m 41s (remain 13m 58s), Accuracy: 25.000(57.485), Loss: 1.044(1.007), LR: 0.000066
[GPU cuda:0][TRAIN] Epoch: [2][550/3100], Elapsed 2m 57s (remain 13m 41s), Accuracy: 25.000(57.985), Loss: 1.471(0.999), LR: 0.000068
[GPU cuda:0][TRAIN] Epoch: [2][600/3100], Elapsed 3m 13s (remain 13m 25s), Accuracy: 75.000(58.195), Loss: 0.847(0.992), LR: 0.000069
[GPU cuda:0][TRAIN] Epoch: [2][650/3100], Elapsed 3m 29s (remain 13m 7s), Accuracy: 75.000(58.333), Loss: 0.651(0.993), LR: 0.000070
[GPU cuda:0][TRAIN] Epoch: [2][700/3100], Elapsed 3m 45s (remain 12m 50s), Accuracy: 100.000(58.417), Loss: 0.617(0.990), LR: 0.000072
[GPU cuda:0][TRAIN] Epoch: [2][750/3100], Elapsed 4m 0s (remain 12m 32s), Accuracy: 100.000(58.655), Loss: 0.146(0.986), LR: 0.000073
[GPU cuda:0][TRAIN] Epoch: [2][800/3100], Elapsed 4m 16s (remain 12m 17s), Accuracy: 75.000(58.833), Loss: 0.858(0.985), LR: 0.000075
[GPU cuda:0][TRAIN] Epoch: [2][850/3100], Elapsed 4m 33s (remain 12m 1s), Accuracy: 75.000(58.784), Loss: 0.563(0.983), LR: 0.000076
[GPU cuda:0][TRAIN] Epoch: [2][900/3100], Elapsed 4m 49s (remain 11m 46s), Accuracy: 75.000(58.296), Loss: 1.021(0.990), LR: 0.000078
[GPU cuda:0][TRAIN] Epoch: [2][950/3100], Elapsed 5m 5s (remain 11m 30s), Accuracy: 50.000(58.333), Loss: 1.210(0.990), LR: 0.000079
[GPU cuda:0][TRAIN] Epoch: [2][1000/3100], Elapsed 5m 21s (remain 11m 15s), Accuracy: 50.000(58.566), Loss: 0.974(0.984), LR: 0.000081
[GPU cuda:0][TRAIN] Epoch: [2][1050/3100], Elapsed 5m 38s (remain 10m 59s), Accuracy: 100.000(58.896), Loss: 0.326(0.978), LR: 0.000082
[GPU cuda:0][TRAIN] Epoch: [2][1100/3100], Elapsed 5m 54s (remain 10m 43s), Accuracy: 25.000(59.083), Loss: 1.272(0.973), LR: 0.000084
[GPU cuda:0][TRAIN] Epoch: [2][1150/3100], Elapsed 6m 10s (remain 10m 27s), Accuracy: 25.000(59.296), Loss: 0.818(0.971), LR: 0.000085
[GPU cuda:0][TRAIN] Epoch: [2][1200/3100], Elapsed 6m 27s (remain 10m 12s), Accuracy: 100.000(59.367), Loss: 0.179(0.967), LR: 0.000087
[GPU cuda:0][TRAIN] Epoch: [2][1250/3100], Elapsed 6m 43s (remain 9m 56s), Accuracy: 50.000(59.133), Loss: 1.033(0.970), LR: 0.000088
[GPU cuda:0][TRAIN] Epoch: [2][1300/3100], Elapsed 6m 59s (remain 9m 40s), Accuracy: 50.000(59.262), Loss: 1.036(0.969), LR: 0.000090
[GPU cuda:0][TRAIN] Epoch: [2][1350/3100], Elapsed 7m 15s (remain 9m 23s), Accuracy: 100.000(59.456), Loss: 0.529(0.966), LR: 0.000092
[GPU cuda:0][TRAIN] Epoch: [2][1400/3100], Elapsed 7m 31s (remain 9m 7s), Accuracy: 75.000(59.368), Loss: 0.695(0.965), LR: 0.000093
[GPU cuda:0][TRAIN] Epoch: [2][1450/3100], Elapsed 7m 47s (remain 8m 51s), Accuracy: 50.000(59.425), Loss: 0.902(0.962), LR: 0.000095
[GPU cuda:0][TRAIN] Epoch: [2][1500/3100], Elapsed 8m 3s (remain 8m 35s), Accuracy: 75.000(59.544), Loss: 1.031(0.960), LR: 0.000096
[GPU cuda:0][TRAIN] Epoch: [2][1550/3100], Elapsed 8m 19s (remain 8m 19s), Accuracy: 100.000(59.510), Loss: 0.288(0.959), LR: 0.000098
[GPU cuda:0][TRAIN] Epoch: [2][1600/3100], Elapsed 8m 35s (remain 8m 2s), Accuracy: 100.000(59.838), Loss: 0.286(0.955), LR: 0.000100
[GPU cuda:0][TRAIN] Epoch: [2][1650/3100], Elapsed 8m 51s (remain 7m 46s), Accuracy: 50.000(59.767), Loss: 1.005(0.956), LR: 0.000101
[GPU cuda:0][TRAIN] Epoch: [2][1700/3100], Elapsed 9m 8s (remain 7m 30s), Accuracy: 75.000(59.965), Loss: 1.284(0.953), LR: 0.000103
[GPU cuda:0][TRAIN] Epoch: [2][1750/3100], Elapsed 9m 24s (remain 7m 14s), Accuracy: 75.000(60.009), Loss: 0.778(0.954), LR: 0.000105
[GPU cuda:0][TRAIN] Epoch: [2][1800/3100], Elapsed 9m 40s (remain 6m 58s), Accuracy: 100.000(60.064), Loss: 0.495(0.952), LR: 0.000106
[GPU cuda:0][TRAIN] Epoch: [2][1850/3100], Elapsed 9m 56s (remain 6m 42s), Accuracy: 50.000(59.860), Loss: 0.926(0.953), LR: 0.000108
[GPU cuda:0][TRAIN] Epoch: [2][1900/3100], Elapsed 10m 12s (remain 6m 26s), Accuracy: 50.000(60.008), Loss: 1.112(0.950), LR: 0.000110
[GPU cuda:0][TRAIN] Epoch: [2][1950/3100], Elapsed 10m 28s (remain 6m 10s), Accuracy: 100.000(59.905), Loss: 0.541(0.950), LR: 0.000111
[GPU cuda:0][TRAIN] Epoch: [2][2000/3100], Elapsed 10m 44s (remain 5m 54s), Accuracy: 75.000(59.920), Loss: 0.738(0.950), LR: 0.000113
[GPU cuda:0][TRAIN] Epoch: [2][2050/3100], Elapsed 11m 0s (remain 5m 37s), Accuracy: 75.000(60.044), Loss: 0.582(0.947), LR: 0.000115
[GPU cuda:0][TRAIN] Epoch: [2][2100/3100], Elapsed 11m 16s (remain 5m 21s), Accuracy: 25.000(59.995), Loss: 2.185(0.946), LR: 0.000117
[GPU cuda:0][TRAIN] Epoch: [2][2150/3100], Elapsed 11m 32s (remain 5m 5s), Accuracy: 25.000(60.100), Loss: 1.349(0.943), LR: 0.000118
[GPU cuda:0][TRAIN] Epoch: [2][2200/3100], Elapsed 11m 48s (remain 4m 49s), Accuracy: 50.000(60.041), Loss: 1.354(0.944), LR: 0.000120
[GPU cuda:0][TRAIN] Epoch: [2][2250/3100], Elapsed 12m 5s (remain 4m 33s), Accuracy: 50.000(60.129), Loss: 1.087(0.942), LR: 0.000122
[GPU cuda:0][TRAIN] Epoch: [2][2300/3100], Elapsed 12m 21s (remain 4m 17s), Accuracy: 0.000(60.072), Loss: 1.942(0.940), LR: 0.000124
[GPU cuda:0][TRAIN] Epoch: [2][2350/3100], Elapsed 12m 37s (remain 4m 1s), Accuracy: 75.000(60.081), Loss: 0.735(0.939), LR: 0.000125
[GPU cuda:0][TRAIN] Epoch: [2][2400/3100], Elapsed 12m 53s (remain 3m 45s), Accuracy: 25.000(60.017), Loss: 1.124(0.941), LR: 0.000127
[GPU cuda:0][TRAIN] Epoch: [2][2450/3100], Elapsed 13m 9s (remain 3m 29s), Accuracy: 25.000(59.976), Loss: 0.993(0.940), LR: 0.000129
[GPU cuda:0][TRAIN] Epoch: [2][2500/3100], Elapsed 13m 25s (remain 3m 12s), Accuracy: 50.000(60.106), Loss: 1.152(0.938), LR: 0.000131
[GPU cuda:0][TRAIN] Epoch: [2][2550/3100], Elapsed 13m 41s (remain 2m 56s), Accuracy: 50.000(60.065), Loss: 0.975(0.939), LR: 0.000133
[GPU cuda:0][TRAIN] Epoch: [2][2600/3100], Elapsed 13m 56s (remain 2m 40s), Accuracy: 50.000(60.246), Loss: 1.009(0.935), LR: 0.000134
[GPU cuda:0][TRAIN] Epoch: [2][2650/3100], Elapsed 14m 12s (remain 2m 24s), Accuracy: 25.000(60.213), Loss: 1.673(0.936), LR: 0.000136
[GPU cuda:0][TRAIN] Epoch: [2][2700/3100], Elapsed 14m 28s (remain 2m 8s), Accuracy: 100.000(60.367), Loss: 0.554(0.934), LR: 0.000138
[GPU cuda:0][TRAIN] Epoch: [2][2750/3100], Elapsed 14m 45s (remain 1m 52s), Accuracy: 75.000(60.442), Loss: 0.820(0.933), LR: 0.000140
[GPU cuda:0][TRAIN] Epoch: [2][2800/3100], Elapsed 15m 1s (remain 1m 36s), Accuracy: 25.000(60.532), Loss: 1.666(0.932), LR: 0.000142
[GPU cuda:0][TRAIN] Epoch: [2][2850/3100], Elapsed 15m 17s (remain 1m 20s), Accuracy: 50.000(60.575), Loss: 1.188(0.931), LR: 0.000144
[GPU cuda:0][TRAIN] Epoch: [2][2900/3100], Elapsed 15m 34s (remain 1m 4s), Accuracy: 50.000(60.514), Loss: 0.775(0.931), LR: 0.000145
[GPU cuda:0][TRAIN] Epoch: [2][2950/3100], Elapsed 15m 50s (remain 0m 47s), Accuracy: 75.000(60.607), Loss: 0.559(0.931), LR: 0.000147
[GPU cuda:0][TRAIN] Epoch: [2][3000/3100], Elapsed 16m 6s (remain 0m 31s), Accuracy: 25.000(60.596), Loss: 1.519(0.931), LR: 0.000149
[GPU cuda:0][TRAIN] Epoch: [2][3050/3100], Elapsed 16m 22s (remain 0m 15s), Accuracy: 100.000(60.677), Loss: 0.257(0.930), LR: 0.000151
[GPU cuda:0][TRAIN] Epoch: [2][3099/3100], Elapsed 16m 38s (remain 0m 0s), Accuracy: 25.000(60.710), Loss: 2.339(0.930), LR: 0.000153
[GPU cuda:0][VALID][0/388], Elapsed 0m 0s (remain 3m 30s), Accuracy: 87.500(87.500), Batch Loss: 0.4235, Average Loss: 0.4235
[GPU cuda:0][VALID][50/388], Elapsed 0m 12s (remain 1m 20s), Accuracy: 75.000(70.343), Batch Loss: 0.7798, Average Loss: 0.7152
[GPU cuda:0][VALID][100/388], Elapsed 0m 23s (remain 1m 7s), Accuracy: 62.500(68.441), Batch Loss: 0.9577, Average Loss: 0.7425
[GPU cuda:0][VALID][150/388], Elapsed 0m 35s (remain 0m 55s), Accuracy: 75.000(67.550), Batch Loss: 1.0438, Average Loss: 0.7656
[GPU cuda:0][VALID][200/388], Elapsed 0m 47s (remain 0m 44s), Accuracy: 75.000(67.600), Batch Loss: 0.6328, Average Loss: 0.7678
[GPU cuda:0][VALID][250/388], Elapsed 0m 59s (remain 0m 32s), Accuracy: 37.500(67.480), Batch Loss: 1.0213, Average Loss: 0.7778
[GPU cuda:0][VALID][300/388], Elapsed 1m 10s (remain 0m 20s), Accuracy: 50.000(67.400), Batch Loss: 1.0634, Average Loss: 0.7796
[GPU cuda:0][VALID][350/388], Elapsed 1m 22s (remain 0m 8s), Accuracy: 62.500(67.272), Batch Loss: 0.8269, Average Loss: 0.7773
[GPU cuda:0][VALID][387/388], Elapsed 1m 31s (remain 0m 0s), Accuracy: 75.000(67.204), Batch Loss: 0.8153, Average Loss: 0.7795
Valid Labels Samples: [2 0 1 4 1 0 3 1 4 3]
Valid Predictions Samples: [2, 0, 1, 4, 1, 0, 3, 2, 3, 0]
Epoch 2 - Train Average Loss: 60.710, Valid Average Loss: 67.204, Epoch Time: 1092.598s
Epoch 2 - Accuracy: 0.672, Precision: 0.675, Recall: 0.672
Saved Best Model: 0.67
[GPU cuda:0][TRAIN] Epoch: [3][0/3100], Elapsed 0m 0s (remain 38m 12s), Accuracy: 75.000(75.000), Loss: 1.228(1.228), LR: 0.000153
[GPU cuda:0][TRAIN] Epoch: [3][50/3100], Elapsed 0m 16s (remain 16m 49s), Accuracy: 50.000(64.706), Loss: 0.812(0.827), LR: 0.000155
[GPU cuda:0][TRAIN] Epoch: [3][100/3100], Elapsed 0m 33s (remain 16m 19s), Accuracy: 25.000(64.109), Loss: 1.396(0.838), LR: 0.000157
[GPU cuda:0][TRAIN] Epoch: [3][150/3100], Elapsed 0m 49s (remain 15m 59s), Accuracy: 75.000(62.417), Loss: 0.312(0.853), LR: 0.000158
[GPU cuda:0][TRAIN] Epoch: [3][200/3100], Elapsed 1m 5s (remain 15m 41s), Accuracy: 100.000(61.940), Loss: 0.282(0.876), LR: 0.000160
[GPU cuda:0][TRAIN] Epoch: [3][250/3100], Elapsed 1m 21s (remain 15m 23s), Accuracy: 50.000(60.857), Loss: 0.992(0.901), LR: 0.000162
[GPU cuda:0][TRAIN] Epoch: [3][300/3100], Elapsed 1m 37s (remain 15m 6s), Accuracy: 50.000(61.379), Loss: 1.225(0.898), LR: 0.000164
[GPU cuda:0][TRAIN] Epoch: [3][350/3100], Elapsed 1m 53s (remain 14m 49s), Accuracy: 25.000(60.826), Loss: 1.166(0.894), LR: 0.000166
[GPU cuda:0][TRAIN] Epoch: [3][400/3100], Elapsed 2m 9s (remain 14m 32s), Accuracy: 50.000(60.786), Loss: 1.049(0.901), LR: 0.000168
[GPU cuda:0][TRAIN] Epoch: [3][450/3100], Elapsed 2m 25s (remain 14m 16s), Accuracy: 75.000(61.475), Loss: 0.996(0.889), LR: 0.000170
[GPU cuda:0][TRAIN] Epoch: [3][500/3100], Elapsed 2m 41s (remain 13m 59s), Accuracy: 50.000(61.277), Loss: 0.971(0.895), LR: 0.000172
[GPU cuda:0][TRAIN] Epoch: [3][550/3100], Elapsed 2m 58s (remain 13m 43s), Accuracy: 25.000(61.751), Loss: 1.677(0.892), LR: 0.000174
[GPU cuda:0][TRAIN] Epoch: [3][600/3100], Elapsed 3m 14s (remain 13m 27s), Accuracy: 100.000(62.063), Loss: 0.439(0.892), LR: 0.000175
[GPU cuda:0][TRAIN] Epoch: [3][650/3100], Elapsed 3m 30s (remain 13m 10s), Accuracy: 75.000(62.135), Loss: 0.601(0.891), LR: 0.000177
[GPU cuda:0][TRAIN] Epoch: [3][700/3100], Elapsed 3m 46s (remain 12m 54s), Accuracy: 50.000(61.947), Loss: 1.166(0.895), LR: 0.000179
[GPU cuda:0][TRAIN] Epoch: [3][750/3100], Elapsed 4m 2s (remain 12m 38s), Accuracy: 100.000(61.951), Loss: 0.179(0.894), LR: 0.000181
[GPU cuda:0][TRAIN] Epoch: [3][800/3100], Elapsed 4m 18s (remain 12m 21s), Accuracy: 75.000(62.203), Loss: 0.806(0.892), LR: 0.000183
[GPU cuda:0][TRAIN] Epoch: [3][850/3100], Elapsed 4m 34s (remain 12m 5s), Accuracy: 100.000(62.280), Loss: 0.622(0.895), LR: 0.000185
[GPU cuda:0][TRAIN] Epoch: [3][900/3100], Elapsed 4m 50s (remain 11m 48s), Accuracy: 25.000(61.959), Loss: 1.103(0.899), LR: 0.000187
[GPU cuda:0][TRAIN] Epoch: [3][950/3100], Elapsed 5m 6s (remain 11m 32s), Accuracy: 100.000(61.961), Loss: 0.581(0.904), LR: 0.000189
[GPU cuda:0][TRAIN] Epoch: [3][1000/3100], Elapsed 5m 22s (remain 11m 15s), Accuracy: 75.000(62.238), Loss: 0.542(0.897), LR: 0.000191
[GPU cuda:0][TRAIN] Epoch: [3][1050/3100], Elapsed 5m 37s (remain 10m 58s), Accuracy: 100.000(62.607), Loss: 0.258(0.889), LR: 0.000192
[GPU cuda:0][TRAIN] Epoch: [3][1100/3100], Elapsed 5m 53s (remain 10m 41s), Accuracy: 50.000(62.807), Loss: 1.313(0.886), LR: 0.000194
[GPU cuda:0][TRAIN] Epoch: [3][1150/3100], Elapsed 6m 9s (remain 10m 25s), Accuracy: 25.000(62.576), Loss: 0.972(0.888), LR: 0.000196
[GPU cuda:0][TRAIN] Epoch: [3][1200/3100], Elapsed 6m 25s (remain 10m 10s), Accuracy: 100.000(62.677), Loss: 0.281(0.885), LR: 0.000198
[GPU cuda:0][TRAIN] Epoch: [3][1250/3100], Elapsed 6m 42s (remain 9m 54s), Accuracy: 50.000(62.430), Loss: 1.130(0.888), LR: 0.000200
[GPU cuda:0][TRAIN] Epoch: [3][1300/3100], Elapsed 6m 58s (remain 9m 38s), Accuracy: 50.000(62.490), Loss: 1.081(0.889), LR: 0.000202
[GPU cuda:0][TRAIN] Epoch: [3][1350/3100], Elapsed 7m 14s (remain 9m 22s), Accuracy: 75.000(62.694), Loss: 0.546(0.883), LR: 0.000204
[GPU cuda:0][TRAIN] Epoch: [3][1400/3100], Elapsed 7m 31s (remain 9m 6s), Accuracy: 50.000(62.562), Loss: 1.240(0.885), LR: 0.000206
[GPU cuda:0][TRAIN] Epoch: [3][1450/3100], Elapsed 7m 47s (remain 8m 51s), Accuracy: 75.000(62.836), Loss: 0.664(0.882), LR: 0.000207
[GPU cuda:0][TRAIN] Epoch: [3][1500/3100], Elapsed 8m 3s (remain 8m 35s), Accuracy: 75.000(62.841), Loss: 0.838(0.882), LR: 0.000209
[GPU cuda:0][TRAIN] Epoch: [3][1550/3100], Elapsed 8m 19s (remain 8m 19s), Accuracy: 100.000(62.750), Loss: 0.252(0.882), LR: 0.000211
[GPU cuda:0][TRAIN] Epoch: [3][1600/3100], Elapsed 8m 36s (remain 8m 3s), Accuracy: 100.000(62.820), Loss: 0.381(0.880), LR: 0.000213
[GPU cuda:0][TRAIN] Epoch: [3][1650/3100], Elapsed 8m 52s (remain 7m 47s), Accuracy: 100.000(62.795), Loss: 0.268(0.881), LR: 0.000215
[GPU cuda:0][TRAIN] Epoch: [3][1700/3100], Elapsed 9m 8s (remain 7m 31s), Accuracy: 50.000(62.610), Loss: 1.183(0.883), LR: 0.000217
[GPU cuda:0][TRAIN] Epoch: [3][1750/3100], Elapsed 9m 24s (remain 7m 14s), Accuracy: 50.000(62.507), Loss: 1.049(0.885), LR: 0.000219
[GPU cuda:0][TRAIN] Epoch: [3][1800/3100], Elapsed 9m 40s (remain 6m 58s), Accuracy: 100.000(62.549), Loss: 0.178(0.884), LR: 0.000220
[GPU cuda:0][TRAIN] Epoch: [3][1850/3100], Elapsed 9m 56s (remain 6m 42s), Accuracy: 50.000(62.426), Loss: 0.885(0.885), LR: 0.000222
[GPU cuda:0][TRAIN] Epoch: [3][1900/3100], Elapsed 10m 12s (remain 6m 26s), Accuracy: 50.000(62.507), Loss: 0.990(0.885), LR: 0.000224
[GPU cuda:0][TRAIN] Epoch: [3][1950/3100], Elapsed 10m 28s (remain 6m 10s), Accuracy: 75.000(62.494), Loss: 0.797(0.884), LR: 0.000226
[GPU cuda:0][TRAIN] Epoch: [3][2000/3100], Elapsed 10m 45s (remain 5m 54s), Accuracy: 75.000(62.406), Loss: 0.786(0.884), LR: 0.000228
[GPU cuda:0][TRAIN] Epoch: [3][2050/3100], Elapsed 11m 1s (remain 5m 38s), Accuracy: 75.000(62.482), Loss: 0.456(0.882), LR: 0.000230
[GPU cuda:0][TRAIN] Epoch: [3][2100/3100], Elapsed 11m 16s (remain 5m 21s), Accuracy: 50.000(62.423), Loss: 1.924(0.884), LR: 0.000231
[GPU cuda:0][TRAIN] Epoch: [3][2150/3100], Elapsed 11m 32s (remain 5m 5s), Accuracy: 25.000(62.494), Loss: 1.356(0.882), LR: 0.000233
[GPU cuda:0][TRAIN] Epoch: [3][2200/3100], Elapsed 11m 48s (remain 4m 49s), Accuracy: 25.000(62.392), Loss: 1.518(0.882), LR: 0.000235
[GPU cuda:0][TRAIN] Epoch: [3][2250/3100], Elapsed 12m 4s (remain 4m 33s), Accuracy: 75.000(62.428), Loss: 0.813(0.880), LR: 0.000237
[GPU cuda:0][TRAIN] Epoch: [3][2300/3100], Elapsed 12m 20s (remain 4m 17s), Accuracy: 25.000(62.375), Loss: 1.834(0.880), LR: 0.000239
[GPU cuda:0][TRAIN] Epoch: [3][2350/3100], Elapsed 12m 37s (remain 4m 1s), Accuracy: 75.000(62.335), Loss: 0.594(0.880), LR: 0.000240
[GPU cuda:0][TRAIN] Epoch: [3][2400/3100], Elapsed 12m 53s (remain 3m 45s), Accuracy: 25.000(62.328), Loss: 1.567(0.881), LR: 0.000242
[GPU cuda:0][TRAIN] Epoch: [3][2450/3100], Elapsed 13m 9s (remain 3m 28s), Accuracy: 25.000(62.281), Loss: 0.918(0.880), LR: 0.000244
[GPU cuda:0][TRAIN] Epoch: [3][2500/3100], Elapsed 13m 25s (remain 3m 12s), Accuracy: 50.000(62.255), Loss: 1.154(0.881), LR: 0.000246
[GPU cuda:0][TRAIN] Epoch: [3][2550/3100], Elapsed 13m 41s (remain 2m 56s), Accuracy: 50.000(62.113), Loss: 1.049(0.882), LR: 0.000247
[GPU cuda:0][TRAIN] Epoch: [3][2600/3100], Elapsed 13m 57s (remain 2m 40s), Accuracy: 50.000(62.255), Loss: 0.914(0.879), LR: 0.000249
[GPU cuda:0][TRAIN] Epoch: [3][2650/3100], Elapsed 14m 13s (remain 2m 24s), Accuracy: 25.000(62.241), Loss: 1.463(0.877), LR: 0.000251
[GPU cuda:0][TRAIN] Epoch: [3][2700/3100], Elapsed 14m 29s (remain 2m 8s), Accuracy: 50.000(62.357), Loss: 0.815(0.876), LR: 0.000253
[GPU cuda:0][TRAIN] Epoch: [3][2750/3100], Elapsed 14m 45s (remain 1m 52s), Accuracy: 50.000(62.259), Loss: 0.860(0.877), LR: 0.000254
[GPU cuda:0][TRAIN] Epoch: [3][2800/3100], Elapsed 15m 1s (remain 1m 36s), Accuracy: 0.000(62.076), Loss: 1.612(0.880), LR: 0.000256
[GPU cuda:0][TRAIN] Epoch: [3][2850/3100], Elapsed 15m 17s (remain 1m 20s), Accuracy: 75.000(62.101), Loss: 0.837(0.880), LR: 0.000258
[GPU cuda:0][TRAIN] Epoch: [3][2900/3100], Elapsed 15m 33s (remain 1m 4s), Accuracy: 50.000(62.013), Loss: 0.855(0.881), LR: 0.000259
[GPU cuda:0][TRAIN] Epoch: [3][2950/3100], Elapsed 15m 48s (remain 0m 47s), Accuracy: 75.000(62.089), Loss: 0.980(0.880), LR: 0.000261
[GPU cuda:0][TRAIN] Epoch: [3][3000/3100], Elapsed 16m 4s (remain 0m 31s), Accuracy: 50.000(62.179), Loss: 1.497(0.879), LR: 0.000263
[GPU cuda:0][TRAIN] Epoch: [3][3050/3100], Elapsed 16m 21s (remain 0m 15s), Accuracy: 75.000(62.217), Loss: 0.678(0.879), LR: 0.000264
[GPU cuda:0][TRAIN] Epoch: [3][3099/3100], Elapsed 16m 37s (remain 0m 0s), Accuracy: 50.000(62.298), Loss: 1.258(0.878), LR: 0.000266
[GPU cuda:0][VALID][0/388], Elapsed 0m 0s (remain 3m 43s), Accuracy: 37.500(37.500), Batch Loss: 1.3172, Average Loss: 1.3172
[GPU cuda:0][VALID][50/388], Elapsed 0m 12s (remain 1m 20s), Accuracy: 75.000(52.941), Batch Loss: 1.0489, Average Loss: 1.0729
[GPU cuda:0][VALID][100/388], Elapsed 0m 23s (remain 1m 8s), Accuracy: 25.000(52.847), Batch Loss: 1.4907, Average Loss: 1.0786
[GPU cuda:0][VALID][150/388], Elapsed 0m 35s (remain 0m 56s), Accuracy: 50.000(52.980), Batch Loss: 1.4283, Average Loss: 1.0665
[GPU cuda:0][VALID][200/388], Elapsed 0m 47s (remain 0m 44s), Accuracy: 75.000(52.239), Batch Loss: 0.4904, Average Loss: 1.0827
[GPU cuda:0][VALID][250/388], Elapsed 0m 59s (remain 0m 32s), Accuracy: 50.000(52.291), Batch Loss: 0.9589, Average Loss: 1.0866
[GPU cuda:0][VALID][300/388], Elapsed 1m 10s (remain 0m 20s), Accuracy: 25.000(52.118), Batch Loss: 1.4603, Average Loss: 1.0870
[GPU cuda:0][VALID][350/388], Elapsed 1m 22s (remain 0m 8s), Accuracy: 50.000(51.887), Batch Loss: 1.0582, Average Loss: 1.0862
[GPU cuda:0][VALID][387/388], Elapsed 1m 31s (remain 0m 0s), Accuracy: 75.000(52.030), Batch Loss: 0.7043, Average Loss: 1.0854
Valid Labels Samples: [2 0 1 4 1 0 3 1 4 3]
Valid Predictions Samples: [3, 0, 2, 4, 2, 0, 4, 2, 4, 0]
Epoch 3 - Train Average Loss: 62.298, Valid Average Loss: 52.030, Epoch Time: 1090.972s
Epoch 3 - Accuracy: 0.520, Precision: 0.517, Recall: 0.520
