[GPU 1]: Config File
{'id': 14, 'model_name': 'swin_large_patch4_window12_384_in22k', 'dropout': 0.5, 'size': 384, 'batch_size_t': 5, 'batch_size_v': 32, 'n_targets': 5, 'criterion': 'CrossEntropyLoss', 'gradient_accumulation_steps': 1, 'max_gradient_norm': None, 'optimizer': 'AdamW', 'scheduler': 'CosineAnnealingWarmRestarts', 'LR': 7e-06, 'T_0': 500, 'T_max': 10, 'T_mult': 5, 'min_lr': 1e-06, 'max_lr': 0.0001, 'no_batches': 'NA', 'warmup_epochs': 1, 'cosine_epochs': 14, 'epochs': 15, 'update_per_batch': True, 'num_workers': 4, 'n_folds': 5, 'train_transforms': [], 'valid_transforms': [], 'observations': None, 'use_swa': True, 'swa_lr': 0.01, 'swa_epoch': 0, 'use_sam': True, 'use_asam': True, 'asam_rho': 0.1, 'print_freq': 50, 'one_fold': True, 'use_apex': True, 'distributed_training': False, 'save_to_log': True}
================================================== Training Fold: 0 ==================================================
[GPU cuda:1][TRAIN] Epoch: [1][0/2480], Elapsed 0m 0s (remain 20m 43s), Accuracy: 0.000(0.000), Loss: 1.758(1.758), LR: 0.000007
[GPU cuda:1][TRAIN] Epoch: [1][50/2480], Elapsed 0m 14s (remain 11m 34s), Accuracy: 20.000(19.608), Loss: 1.557(1.642), LR: 0.000007
[GPU cuda:1][TRAIN] Epoch: [1][100/2480], Elapsed 0m 28s (remain 11m 17s), Accuracy: 60.000(21.386), Loss: 1.425(1.617), LR: 0.000006
[GPU cuda:1][TRAIN] Epoch: [1][150/2480], Elapsed 0m 42s (remain 11m 3s), Accuracy: 0.000(22.914), Loss: 1.677(1.608), LR: 0.000006
[GPU cuda:1][TRAIN] Epoch: [1][200/2480], Elapsed 0m 57s (remain 10m 48s), Accuracy: 20.000(23.781), Loss: 1.642(1.597), LR: 0.000005
[GPU cuda:1][TRAIN] Epoch: [1][250/2480], Elapsed 1m 11s (remain 10m 33s), Accuracy: 20.000(25.339), Loss: 1.398(1.583), LR: 0.000004
[GPU cuda:1][TRAIN] Epoch: [1][300/2480], Elapsed 1m 25s (remain 10m 19s), Accuracy: 0.000(27.841), Loss: 1.619(1.563), LR: 0.000003
[GPU cuda:1][TRAIN] Epoch: [1][350/2480], Elapsed 1m 39s (remain 10m 5s), Accuracy: 100.000(29.744), Loss: 0.861(1.538), LR: 0.000002
[GPU cuda:1][TRAIN] Epoch: [1][400/2480], Elapsed 1m 54s (remain 9m 51s), Accuracy: 60.000(31.471), Loss: 1.022(1.510), LR: 0.000002
[GPU cuda:1][TRAIN] Epoch: [1][450/2480], Elapsed 2m 8s (remain 9m 36s), Accuracy: 40.000(32.195), Loss: 1.172(1.487), LR: 0.000001
[GPU cuda:1][TRAIN] Epoch: [1][500/2480], Elapsed 2m 22s (remain 9m 22s), Accuracy: 40.000(33.253), Loss: 1.441(1.468), LR: 0.000007
[GPU cuda:1][TRAIN] Epoch: [1][550/2480], Elapsed 2m 36s (remain 9m 8s), Accuracy: 60.000(34.338), Loss: 1.013(1.450), LR: 0.000007
[GPU cuda:1][TRAIN] Epoch: [1][600/2480], Elapsed 2m 50s (remain 8m 54s), Accuracy: 100.000(35.441), Loss: 0.442(1.429), LR: 0.000007
[GPU cuda:1][TRAIN] Epoch: [1][650/2480], Elapsed 3m 5s (remain 8m 39s), Accuracy: 80.000(36.559), Loss: 0.689(1.409), LR: 0.000007
[GPU cuda:1][TRAIN] Epoch: [1][700/2480], Elapsed 3m 19s (remain 8m 25s), Accuracy: 40.000(37.518), Loss: 1.088(1.393), LR: 0.000007
[GPU cuda:1][TRAIN] Epoch: [1][750/2480], Elapsed 3m 33s (remain 8m 11s), Accuracy: 40.000(38.349), Loss: 1.076(1.377), LR: 0.000007
[GPU cuda:1][TRAIN] Epoch: [1][800/2480], Elapsed 3m 47s (remain 7m 57s), Accuracy: 60.000(39.700), Loss: 0.884(1.357), LR: 0.000007
[GPU cuda:1][TRAIN] Epoch: [1][850/2480], Elapsed 4m 1s (remain 7m 42s), Accuracy: 40.000(40.799), Loss: 1.125(1.334), LR: 0.000007
[GPU cuda:1][TRAIN] Epoch: [1][900/2480], Elapsed 4m 16s (remain 7m 28s), Accuracy: 60.000(41.842), Loss: 1.221(1.311), LR: 0.000007
[GPU cuda:1][TRAIN] Epoch: [1][950/2480], Elapsed 4m 30s (remain 7m 14s), Accuracy: 60.000(42.734), Loss: 0.999(1.293), LR: 0.000007
[GPU cuda:1][TRAIN] Epoch: [1][1000/2480], Elapsed 4m 44s (remain 7m 0s), Accuracy: 20.000(43.337), Loss: 1.413(1.280), LR: 0.000006
[GPU cuda:1][TRAIN] Epoch: [1][1050/2480], Elapsed 4m 58s (remain 6m 45s), Accuracy: 40.000(43.882), Loss: 1.155(1.267), LR: 0.000006
[GPU cuda:1][TRAIN] Epoch: [1][1100/2480], Elapsed 5m 12s (remain 6m 31s), Accuracy: 80.000(44.832), Loss: 0.661(1.248), LR: 0.000006
[GPU cuda:1][TRAIN] Epoch: [1][1150/2480], Elapsed 5m 26s (remain 6m 17s), Accuracy: 80.000(45.317), Loss: 0.720(1.239), LR: 0.000006
[GPU cuda:1][TRAIN] Epoch: [1][1200/2480], Elapsed 5m 41s (remain 6m 3s), Accuracy: 80.000(46.162), Loss: 1.024(1.223), LR: 0.000006
[GPU cuda:1][TRAIN] Epoch: [1][1250/2480], Elapsed 5m 55s (remain 5m 48s), Accuracy: 40.000(46.731), Loss: 1.011(1.212), LR: 0.000006
[GPU cuda:1][TRAIN] Epoch: [1][1300/2480], Elapsed 6m 9s (remain 5m 34s), Accuracy: 20.000(47.579), Loss: 1.566(1.196), LR: 0.000006
[GPU cuda:1][TRAIN] Epoch: [1][1350/2480], Elapsed 6m 23s (remain 5m 20s), Accuracy: 80.000(48.172), Loss: 0.544(1.185), LR: 0.000005
[GPU cuda:1][TRAIN] Epoch: [1][1400/2480], Elapsed 6m 37s (remain 5m 6s), Accuracy: 60.000(48.580), Loss: 0.863(1.177), LR: 0.000005
[GPU cuda:1][TRAIN] Epoch: [1][1450/2480], Elapsed 6m 51s (remain 4m 52s), Accuracy: 80.000(49.139), Loss: 0.687(1.166), LR: 0.000005
[GPU cuda:1][TRAIN] Epoch: [1][1500/2480], Elapsed 7m 6s (remain 4m 37s), Accuracy: 100.000(49.594), Loss: 0.246(1.158), LR: 0.000005
[GPU cuda:1][TRAIN] Epoch: [1][1550/2480], Elapsed 7m 20s (remain 4m 23s), Accuracy: 40.000(49.994), Loss: 1.000(1.148), LR: 0.000005
[GPU cuda:1][TRAIN] Epoch: [1][1600/2480], Elapsed 7m 34s (remain 4m 9s), Accuracy: 60.000(50.456), Loss: 0.758(1.138), LR: 0.000005
[GPU cuda:1][TRAIN] Epoch: [1][1650/2480], Elapsed 7m 48s (remain 3m 55s), Accuracy: 80.000(50.987), Loss: 0.351(1.125), LR: 0.000004
[GPU cuda:1][TRAIN] Epoch: [1][1700/2480], Elapsed 8m 2s (remain 3m 41s), Accuracy: 80.000(51.499), Loss: 0.501(1.116), LR: 0.000004
[GPU cuda:1][TRAIN] Epoch: [1][1750/2480], Elapsed 8m 16s (remain 3m 26s), Accuracy: 40.000(51.982), Loss: 1.708(1.108), LR: 0.000004
[GPU cuda:1][TRAIN] Epoch: [1][1800/2480], Elapsed 8m 31s (remain 3m 12s), Accuracy: 60.000(52.338), Loss: 1.012(1.100), LR: 0.000004
[GPU cuda:1][TRAIN] Epoch: [1][1850/2480], Elapsed 8m 45s (remain 2m 58s), Accuracy: 60.000(52.534), Loss: 0.931(1.094), LR: 0.000004
[GPU cuda:1][TRAIN] Epoch: [1][1900/2480], Elapsed 8m 59s (remain 2m 44s), Accuracy: 60.000(52.877), Loss: 0.712(1.086), LR: 0.000003
[GPU cuda:1][TRAIN] Epoch: [1][1950/2480], Elapsed 9m 13s (remain 2m 30s), Accuracy: 40.000(53.121), Loss: 0.833(1.082), LR: 0.000003
[GPU cuda:1][TRAIN] Epoch: [1][2000/2480], Elapsed 9m 27s (remain 2m 15s), Accuracy: 60.000(53.483), Loss: 1.005(1.075), LR: 0.000003
[GPU cuda:1][TRAIN] Epoch: [1][2050/2480], Elapsed 9m 41s (remain 2m 1s), Accuracy: 40.000(53.632), Loss: 1.490(1.071), LR: 0.000003
[GPU cuda:1][TRAIN] Epoch: [1][2100/2480], Elapsed 9m 56s (remain 1m 47s), Accuracy: 80.000(54.127), Loss: 0.538(1.063), LR: 0.000003
[GPU cuda:1][TRAIN] Epoch: [1][2150/2480], Elapsed 10m 10s (remain 1m 33s), Accuracy: 40.000(54.440), Loss: 1.199(1.056), LR: 0.000003
[GPU cuda:1][TRAIN] Epoch: [1][2200/2480], Elapsed 10m 24s (remain 1m 19s), Accuracy: 60.000(54.830), Loss: 0.775(1.050), LR: 0.000002
[GPU cuda:1][TRAIN] Epoch: [1][2250/2480], Elapsed 10m 38s (remain 1m 4s), Accuracy: 60.000(55.042), Loss: 0.974(1.046), LR: 0.000002
[GPU cuda:1][TRAIN] Epoch: [1][2300/2480], Elapsed 10m 52s (remain 0m 50s), Accuracy: 60.000(55.341), Loss: 0.694(1.040), LR: 0.000002
[GPU cuda:1][TRAIN] Epoch: [1][2350/2480], Elapsed 11m 7s (remain 0m 36s), Accuracy: 80.000(55.593), Loss: 0.761(1.036), LR: 0.000002
[GPU cuda:1][TRAIN] Epoch: [1][2400/2480], Elapsed 11m 21s (remain 0m 22s), Accuracy: 40.000(55.852), Loss: 1.135(1.031), LR: 0.000002
[GPU cuda:1][TRAIN] Epoch: [1][2450/2480], Elapsed 11m 35s (remain 0m 8s), Accuracy: 80.000(56.181), Loss: 0.690(1.025), LR: 0.000002
[GPU cuda:1][TRAIN] Epoch: [1][2479/2480], Elapsed 11m 43s (remain 0m 0s), Accuracy: 40.000(56.395), Loss: 2.082(1.022), LR: 0.000002
[GPU cuda:1][VALID][0/97], Elapsed 0m 1s (remain 2m 15s), Accuracy: 71.875(71.875), Batch Loss: 0.7299, Average Loss: 0.7299
[GPU cuda:1][VALID][50/97], Elapsed 0m 48s (remain 0m 43s), Accuracy: 65.625(71.385), Batch Loss: 0.5388, Average Loss: 0.7185
[GPU cuda:1][VALID][96/97], Elapsed 1m 32s (remain 0m 0s), Accuracy: 75.000(71.134), Batch Loss: 0.5953, Average Loss: 0.7252
Valid Labels Samples: [2 0 1 4 1 0 3 1 4 3]
Valid Predictions Samples: [2, 0, 1, 3, 1, 0, 3, 1, 3, 0]
Epoch 1 - Train Average Loss: 56.395, Valid Average Loss: 71.134, Epoch Time: 798.185s
Epoch 1 - Accuracy: 0.711, Precision: 0.719, Recall: 0.711
Saved Best Model: 0.71
[GPU cuda:1][TRAIN] Epoch: [2][0/2480], Elapsed 0m 0s (remain 26m 2s), Accuracy: 60.000(60.000), Loss: 1.055(1.055), LR: 0.000002
[GPU cuda:1][TRAIN] Epoch: [2][50/2480], Elapsed 0m 15s (remain 11m 57s), Accuracy: 60.000(71.373), Loss: 0.870(0.671), LR: 0.000002
[GPU cuda:1][TRAIN] Epoch: [2][100/2480], Elapsed 0m 29s (remain 11m 31s), Accuracy: 80.000(69.505), Loss: 0.808(0.709), LR: 0.000001
[GPU cuda:1][TRAIN] Epoch: [2][150/2480], Elapsed 0m 43s (remain 11m 12s), Accuracy: 40.000(69.272), Loss: 1.048(0.733), LR: 0.000001
[GPU cuda:1][TRAIN] Epoch: [2][200/2480], Elapsed 0m 57s (remain 10m 55s), Accuracy: 60.000(68.358), Loss: 0.592(0.754), LR: 0.000001
[GPU cuda:1][TRAIN] Epoch: [2][250/2480], Elapsed 1m 12s (remain 10m 40s), Accuracy: 80.000(68.526), Loss: 0.311(0.752), LR: 0.000001
[GPU cuda:1][TRAIN] Epoch: [2][300/2480], Elapsed 1m 26s (remain 10m 24s), Accuracy: 20.000(68.040), Loss: 1.230(0.758), LR: 0.000001
[GPU cuda:1][TRAIN] Epoch: [2][350/2480], Elapsed 1m 40s (remain 10m 9s), Accuracy: 80.000(67.749), Loss: 0.732(0.765), LR: 0.000001
[GPU cuda:1][TRAIN] Epoch: [2][400/2480], Elapsed 1m 54s (remain 9m 54s), Accuracy: 60.000(67.531), Loss: 0.639(0.769), LR: 0.000001
[GPU cuda:1][TRAIN] Epoch: [2][450/2480], Elapsed 2m 8s (remain 9m 40s), Accuracy: 80.000(67.805), Loss: 0.600(0.764), LR: 0.000001
[GPU cuda:1][TRAIN] Epoch: [2][500/2480], Elapsed 2m 23s (remain 9m 25s), Accuracy: 40.000(67.984), Loss: 1.087(0.763), LR: 0.000001
[GPU cuda:1][TRAIN] Epoch: [2][550/2480], Elapsed 2m 37s (remain 9m 10s), Accuracy: 100.000(68.131), Loss: 0.309(0.766), LR: 0.000007
[GPU cuda:1][TRAIN] Epoch: [2][600/2480], Elapsed 2m 51s (remain 8m 56s), Accuracy: 100.000(67.720), Loss: 0.120(0.776), LR: 0.000007
[GPU cuda:1][TRAIN] Epoch: [2][650/2480], Elapsed 3m 5s (remain 8m 42s), Accuracy: 100.000(67.343), Loss: 0.069(0.780), LR: 0.000007
[GPU cuda:1][TRAIN] Epoch: [2][700/2480], Elapsed 3m 20s (remain 8m 27s), Accuracy: 80.000(66.904), Loss: 0.726(0.788), LR: 0.000007
[GPU cuda:1][TRAIN] Epoch: [2][750/2480], Elapsed 3m 34s (remain 8m 13s), Accuracy: 80.000(66.818), Loss: 0.530(0.792), LR: 0.000007
[GPU cuda:1][TRAIN] Epoch: [2][800/2480], Elapsed 3m 48s (remain 7m 59s), Accuracy: 80.000(66.966), Loss: 0.464(0.790), LR: 0.000007
[GPU cuda:1][TRAIN] Epoch: [2][850/2480], Elapsed 4m 2s (remain 7m 44s), Accuracy: 60.000(67.121), Loss: 0.990(0.785), LR: 0.000007
[GPU cuda:1][TRAIN] Epoch: [2][900/2480], Elapsed 4m 17s (remain 7m 30s), Accuracy: 80.000(67.259), Loss: 1.164(0.783), LR: 0.000007
[GPU cuda:1][TRAIN] Epoch: [2][950/2480], Elapsed 4m 31s (remain 7m 16s), Accuracy: 80.000(67.361), Loss: 0.857(0.782), LR: 0.000007
[GPU cuda:1][TRAIN] Epoch: [2][1000/2480], Elapsed 4m 45s (remain 7m 1s), Accuracy: 60.000(66.973), Loss: 0.972(0.785), LR: 0.000007
[GPU cuda:1][TRAIN] Epoch: [2][1050/2480], Elapsed 4m 59s (remain 6m 47s), Accuracy: 20.000(66.832), Loss: 1.382(0.786), LR: 0.000007
[GPU cuda:1][TRAIN] Epoch: [2][1100/2480], Elapsed 5m 14s (remain 6m 33s), Accuracy: 100.000(67.066), Loss: 0.401(0.781), LR: 0.000007
[GPU cuda:1][TRAIN] Epoch: [2][1150/2480], Elapsed 5m 28s (remain 6m 19s), Accuracy: 60.000(67.003), Loss: 0.845(0.783), LR: 0.000007
[GPU cuda:1][TRAIN] Epoch: [2][1200/2480], Elapsed 5m 42s (remain 6m 4s), Accuracy: 60.000(66.944), Loss: 1.105(0.784), LR: 0.000007
[GPU cuda:1][TRAIN] Epoch: [2][1250/2480], Elapsed 5m 56s (remain 5m 50s), Accuracy: 40.000(66.827), Loss: 1.047(0.785), LR: 0.000007
[GPU cuda:1][TRAIN] Epoch: [2][1300/2480], Elapsed 6m 11s (remain 5m 36s), Accuracy: 80.000(67.118), Loss: 0.819(0.782), LR: 0.000007
[GPU cuda:1][TRAIN] Epoch: [2][1350/2480], Elapsed 6m 25s (remain 5m 22s), Accuracy: 100.000(67.254), Loss: 0.113(0.779), LR: 0.000007
[GPU cuda:1][TRAIN] Epoch: [2][1400/2480], Elapsed 6m 39s (remain 5m 8s), Accuracy: 80.000(67.209), Loss: 0.260(0.781), LR: 0.000007
[GPU cuda:1][TRAIN] Epoch: [2][1450/2480], Elapsed 6m 54s (remain 4m 53s), Accuracy: 100.000(67.443), Loss: 0.525(0.779), LR: 0.000007
[GPU cuda:1][TRAIN] Epoch: [2][1500/2480], Elapsed 7m 8s (remain 4m 39s), Accuracy: 100.000(67.448), Loss: 0.197(0.779), LR: 0.000007
[GPU cuda:1][TRAIN] Epoch: [2][1550/2480], Elapsed 7m 22s (remain 4m 25s), Accuracy: 40.000(67.389), Loss: 0.729(0.780), LR: 0.000007
[GPU cuda:1][TRAIN] Epoch: [2][1600/2480], Elapsed 7m 37s (remain 4m 10s), Accuracy: 80.000(67.508), Loss: 0.597(0.777), LR: 0.000007
[GPU cuda:1][TRAIN] Epoch: [2][1650/2480], Elapsed 7m 51s (remain 3m 56s), Accuracy: 100.000(67.692), Loss: 0.307(0.773), LR: 0.000007
[GPU cuda:1][TRAIN] Epoch: [2][1700/2480], Elapsed 8m 5s (remain 3m 42s), Accuracy: 80.000(67.737), Loss: 0.499(0.774), LR: 0.000007
[GPU cuda:1][TRAIN] Epoch: [2][1750/2480], Elapsed 8m 19s (remain 3m 28s), Accuracy: 60.000(67.813), Loss: 1.145(0.773), LR: 0.000007
[GPU cuda:1][TRAIN] Epoch: [2][1800/2480], Elapsed 8m 34s (remain 3m 13s), Accuracy: 60.000(67.796), Loss: 0.735(0.772), LR: 0.000007
[GPU cuda:1][TRAIN] Epoch: [2][1850/2480], Elapsed 8m 48s (remain 2m 59s), Accuracy: 20.000(67.780), Loss: 1.365(0.772), LR: 0.000007
[GPU cuda:1][TRAIN] Epoch: [2][1900/2480], Elapsed 9m 2s (remain 2m 45s), Accuracy: 60.000(67.912), Loss: 0.501(0.770), LR: 0.000007
[GPU cuda:1][TRAIN] Epoch: [2][1950/2480], Elapsed 9m 16s (remain 2m 30s), Accuracy: 80.000(67.781), Loss: 0.566(0.773), LR: 0.000007
[GPU cuda:1][TRAIN] Epoch: [2][2000/2480], Elapsed 9m 31s (remain 2m 16s), Accuracy: 60.000(67.796), Loss: 0.803(0.771), LR: 0.000007
[GPU cuda:1][TRAIN] Epoch: [2][2050/2480], Elapsed 9m 45s (remain 2m 2s), Accuracy: 40.000(67.704), Loss: 1.280(0.774), LR: 0.000007
[GPU cuda:1][TRAIN] Epoch: [2][2100/2480], Elapsed 9m 59s (remain 1m 48s), Accuracy: 80.000(67.815), Loss: 0.851(0.772), LR: 0.000007
[GPU cuda:1][TRAIN] Epoch: [2][2150/2480], Elapsed 10m 13s (remain 1m 33s), Accuracy: 60.000(67.913), Loss: 0.911(0.770), LR: 0.000007
[GPU cuda:1][TRAIN] Epoch: [2][2200/2480], Elapsed 10m 27s (remain 1m 19s), Accuracy: 60.000(67.905), Loss: 0.845(0.770), LR: 0.000007
[GPU cuda:1][TRAIN] Epoch: [2][2250/2480], Elapsed 10m 42s (remain 1m 5s), Accuracy: 60.000(67.845), Loss: 0.960(0.771), LR: 0.000007
[GPU cuda:1][TRAIN] Epoch: [2][2300/2480], Elapsed 10m 56s (remain 0m 51s), Accuracy: 80.000(67.831), Loss: 0.379(0.769), LR: 0.000007
[GPU cuda:1][TRAIN] Epoch: [2][2350/2480], Elapsed 11m 10s (remain 0m 36s), Accuracy: 80.000(67.818), Loss: 0.693(0.770), LR: 0.000007
[GPU cuda:1][TRAIN] Epoch: [2][2400/2480], Elapsed 11m 24s (remain 0m 22s), Accuracy: 40.000(67.855), Loss: 1.524(0.770), LR: 0.000007
[GPU cuda:1][TRAIN] Epoch: [2][2450/2480], Elapsed 11m 39s (remain 0m 8s), Accuracy: 60.000(67.948), Loss: 0.565(0.769), LR: 0.000007
[GPU cuda:1][TRAIN] Epoch: [2][2479/2480], Elapsed 11m 47s (remain 0m 0s), Accuracy: 40.000(68.008), Loss: 1.644(0.768), LR: 0.000007
[GPU cuda:1][VALID][0/97], Elapsed 0m 1s (remain 2m 11s), Accuracy: 75.000(75.000), Batch Loss: 0.6680, Average Loss: 0.6680
[GPU cuda:1][VALID][50/97], Elapsed 0m 48s (remain 0m 43s), Accuracy: 71.875(71.385), Batch Loss: 0.6171, Average Loss: 0.6992
[GPU cuda:1][VALID][96/97], Elapsed 1m 32s (remain 0m 0s), Accuracy: 78.571(71.300), Batch Loss: 0.4979, Average Loss: 0.6998
Valid Labels Samples: [2 0 1 4 1 0 3 1 4 3]
Valid Predictions Samples: [2, 0, 1, 4, 1, 0, 3, 1, 3, 0]
Epoch 2 - Train Average Loss: 68.008, Valid Average Loss: 71.300, Epoch Time: 802.102s
Epoch 2 - Accuracy: 0.713, Precision: 0.724, Recall: 0.713
Saved Best Model: 0.71
[GPU cuda:1][TRAIN] Epoch: [3][0/2480], Elapsed 0m 0s (remain 26m 11s), Accuracy: 80.000(80.000), Loss: 1.001(1.001), LR: 0.000007
[GPU cuda:1][TRAIN] Epoch: [3][50/2480], Elapsed 0m 15s (remain 11m 55s), Accuracy: 60.000(71.765), Loss: 0.883(0.680), LR: 0.000007
[GPU cuda:1][TRAIN] Epoch: [3][100/2480], Elapsed 0m 29s (remain 11m 30s), Accuracy: 80.000(70.297), Loss: 0.781(0.713), LR: 0.000007
[GPU cuda:1][TRAIN] Epoch: [3][150/2480], Elapsed 0m 43s (remain 11m 11s), Accuracy: 40.000(69.404), Loss: 1.135(0.730), LR: 0.000007
[GPU cuda:1][TRAIN] Epoch: [3][200/2480], Elapsed 0m 57s (remain 10m 54s), Accuracy: 60.000(68.756), Loss: 0.718(0.746), LR: 0.000007
[GPU cuda:1][TRAIN] Epoch: [3][250/2480], Elapsed 1m 11s (remain 10m 38s), Accuracy: 100.000(69.004), Loss: 0.188(0.746), LR: 0.000007
[GPU cuda:1][TRAIN] Epoch: [3][300/2480], Elapsed 1m 26s (remain 10m 23s), Accuracy: 0.000(68.571), Loss: 1.431(0.751), LR: 0.000007
[GPU cuda:1][TRAIN] Epoch: [3][350/2480], Elapsed 1m 40s (remain 10m 8s), Accuracy: 60.000(67.977), Loss: 0.895(0.765), LR: 0.000007
[GPU cuda:1][TRAIN] Epoch: [3][400/2480], Elapsed 1m 54s (remain 9m 53s), Accuracy: 60.000(68.279), Loss: 0.668(0.757), LR: 0.000006
[GPU cuda:1][TRAIN] Epoch: [3][450/2480], Elapsed 2m 8s (remain 9m 39s), Accuracy: 80.000(68.559), Loss: 0.755(0.752), LR: 0.000006
[GPU cuda:1][TRAIN] Epoch: [3][500/2480], Elapsed 2m 22s (remain 9m 24s), Accuracy: 20.000(68.982), Loss: 1.338(0.741), LR: 0.000006
[GPU cuda:1][TRAIN] Epoch: [3][550/2480], Elapsed 2m 37s (remain 9m 10s), Accuracy: 100.000(69.147), Loss: 0.186(0.743), LR: 0.000006
[GPU cuda:1][TRAIN] Epoch: [3][600/2480], Elapsed 2m 51s (remain 8m 55s), Accuracy: 100.000(69.218), Loss: 0.032(0.742), LR: 0.000006
[GPU cuda:1][TRAIN] Epoch: [3][650/2480], Elapsed 3m 5s (remain 8m 41s), Accuracy: 100.000(69.309), Loss: 0.041(0.742), LR: 0.000006
[GPU cuda:1][TRAIN] Epoch: [3][700/2480], Elapsed 3m 19s (remain 8m 26s), Accuracy: 80.000(69.101), Loss: 0.540(0.747), LR: 0.000006
[GPU cuda:1][TRAIN] Epoch: [3][750/2480], Elapsed 3m 33s (remain 8m 12s), Accuracy: 80.000(69.161), Loss: 0.452(0.746), LR: 0.000006
[GPU cuda:1][TRAIN] Epoch: [3][800/2480], Elapsed 3m 48s (remain 7m 58s), Accuracy: 60.000(69.413), Loss: 0.633(0.742), LR: 0.000006
[GPU cuda:1][TRAIN] Epoch: [3][850/2480], Elapsed 4m 2s (remain 7m 43s), Accuracy: 60.000(69.730), Loss: 0.698(0.735), LR: 0.000006
[GPU cuda:1][TRAIN] Epoch: [3][900/2480], Elapsed 4m 16s (remain 7m 29s), Accuracy: 80.000(70.122), Loss: 0.924(0.727), LR: 0.000006
[GPU cuda:1][TRAIN] Epoch: [3][950/2480], Elapsed 4m 30s (remain 7m 14s), Accuracy: 80.000(70.263), Loss: 0.804(0.721), LR: 0.000006
[GPU cuda:1][TRAIN] Epoch: [3][1000/2480], Elapsed 4m 44s (remain 7m 0s), Accuracy: 80.000(70.150), Loss: 0.832(0.722), LR: 0.000006
[GPU cuda:1][TRAIN] Epoch: [3][1050/2480], Elapsed 4m 58s (remain 6m 46s), Accuracy: 60.000(70.333), Loss: 0.714(0.720), LR: 0.000006
[GPU cuda:1][TRAIN] Epoch: [3][1100/2480], Elapsed 5m 13s (remain 6m 32s), Accuracy: 100.000(70.518), Loss: 0.362(0.715), LR: 0.000006
[GPU cuda:1][TRAIN] Epoch: [3][1150/2480], Elapsed 5m 27s (remain 6m 17s), Accuracy: 80.000(70.738), Loss: 0.591(0.712), LR: 0.000006
[GPU cuda:1][TRAIN] Epoch: [3][1200/2480], Elapsed 5m 41s (remain 6m 3s), Accuracy: 100.000(70.941), Loss: 0.459(0.708), LR: 0.000006
[GPU cuda:1][TRAIN] Epoch: [3][1250/2480], Elapsed 5m 55s (remain 5m 49s), Accuracy: 60.000(70.855), Loss: 0.825(0.709), LR: 0.000006
[GPU cuda:1][TRAIN] Epoch: [3][1300/2480], Elapsed 6m 9s (remain 5m 35s), Accuracy: 60.000(70.976), Loss: 0.736(0.706), LR: 0.000006
[GPU cuda:1][TRAIN] Epoch: [3][1350/2480], Elapsed 6m 23s (remain 5m 20s), Accuracy: 100.000(71.132), Loss: 0.086(0.703), LR: 0.000006
[GPU cuda:1][TRAIN] Epoch: [3][1400/2480], Elapsed 6m 38s (remain 5m 6s), Accuracy: 100.000(71.035), Loss: 0.343(0.705), LR: 0.000006
[GPU cuda:1][TRAIN] Epoch: [3][1450/2480], Elapsed 6m 52s (remain 4m 52s), Accuracy: 80.000(71.220), Loss: 0.513(0.701), LR: 0.000006
[GPU cuda:1][TRAIN] Epoch: [3][1500/2480], Elapsed 7m 6s (remain 4m 38s), Accuracy: 80.000(71.206), Loss: 0.255(0.702), LR: 0.000006
[GPU cuda:1][TRAIN] Epoch: [3][1550/2480], Elapsed 7m 20s (remain 4m 23s), Accuracy: 100.000(71.244), Loss: 0.476(0.701), LR: 0.000006
[GPU cuda:1][TRAIN] Epoch: [3][1600/2480], Elapsed 7m 34s (remain 4m 9s), Accuracy: 80.000(71.280), Loss: 0.423(0.700), LR: 0.000006
[GPU cuda:1][TRAIN] Epoch: [3][1650/2480], Elapsed 7m 48s (remain 3m 55s), Accuracy: 80.000(71.472), Loss: 0.362(0.696), LR: 0.000006
[GPU cuda:1][TRAIN] Epoch: [3][1700/2480], Elapsed 8m 3s (remain 3m 41s), Accuracy: 80.000(71.499), Loss: 0.409(0.696), LR: 0.000006
[GPU cuda:1][TRAIN] Epoch: [3][1750/2480], Elapsed 8m 17s (remain 3m 27s), Accuracy: 40.000(71.559), Loss: 1.091(0.696), LR: 0.000006
[GPU cuda:1][TRAIN] Epoch: [3][1800/2480], Elapsed 8m 31s (remain 3m 12s), Accuracy: 60.000(71.616), Loss: 0.662(0.694), LR: 0.000006
[GPU cuda:1][TRAIN] Epoch: [3][1850/2480], Elapsed 8m 45s (remain 2m 58s), Accuracy: 60.000(71.529), Loss: 0.729(0.695), LR: 0.000006
[GPU cuda:1][TRAIN] Epoch: [3][1900/2480], Elapsed 8m 59s (remain 2m 44s), Accuracy: 60.000(71.552), Loss: 0.732(0.693), LR: 0.000006
[GPU cuda:1][TRAIN] Epoch: [3][1950/2480], Elapsed 9m 14s (remain 2m 30s), Accuracy: 60.000(71.420), Loss: 0.681(0.696), LR: 0.000006
[GPU cuda:1][TRAIN] Epoch: [3][2000/2480], Elapsed 9m 28s (remain 2m 16s), Accuracy: 80.000(71.434), Loss: 0.664(0.695), LR: 0.000006
[GPU cuda:1][TRAIN] Epoch: [3][2050/2480], Elapsed 9m 42s (remain 2m 1s), Accuracy: 60.000(71.341), Loss: 0.906(0.697), LR: 0.000006
[GPU cuda:1][TRAIN] Epoch: [3][2100/2480], Elapsed 9m 56s (remain 1m 47s), Accuracy: 100.000(71.556), Loss: 0.217(0.693), LR: 0.000006
[GPU cuda:1][TRAIN] Epoch: [3][2150/2480], Elapsed 10m 11s (remain 1m 33s), Accuracy: 80.000(71.660), Loss: 0.745(0.691), LR: 0.000006
[GPU cuda:1][TRAIN] Epoch: [3][2200/2480], Elapsed 10m 25s (remain 1m 19s), Accuracy: 60.000(71.758), Loss: 0.871(0.690), LR: 0.000006
[GPU cuda:1][TRAIN] Epoch: [3][2250/2480], Elapsed 10m 39s (remain 1m 5s), Accuracy: 60.000(71.701), Loss: 0.668(0.690), LR: 0.000005
[GPU cuda:1][TRAIN] Epoch: [3][2300/2480], Elapsed 10m 53s (remain 0m 50s), Accuracy: 80.000(71.708), Loss: 0.483(0.690), LR: 0.000005
[GPU cuda:1][TRAIN] Epoch: [3][2350/2480], Elapsed 11m 8s (remain 0m 36s), Accuracy: 60.000(71.706), Loss: 0.889(0.691), LR: 0.000005
[GPU cuda:1][TRAIN] Epoch: [3][2400/2480], Elapsed 11m 22s (remain 0m 22s), Accuracy: 40.000(71.812), Loss: 1.593(0.690), LR: 0.000005
[GPU cuda:1][TRAIN] Epoch: [3][2450/2480], Elapsed 11m 36s (remain 0m 8s), Accuracy: 60.000(71.881), Loss: 0.503(0.689), LR: 0.000005
[GPU cuda:1][TRAIN] Epoch: [3][2479/2480], Elapsed 11m 44s (remain 0m 0s), Accuracy: 40.000(71.911), Loss: 2.315(0.689), LR: 0.000005
[GPU cuda:1][VALID][0/97], Elapsed 0m 1s (remain 2m 16s), Accuracy: 75.000(75.000), Batch Loss: 0.6888, Average Loss: 0.6888
[GPU cuda:1][VALID][50/97], Elapsed 0m 48s (remain 0m 44s), Accuracy: 78.125(74.265), Batch Loss: 0.4630, Average Loss: 0.6472
[GPU cuda:1][VALID][96/97], Elapsed 1m 32s (remain 0m 0s), Accuracy: 82.143(73.721), Batch Loss: 0.4563, Average Loss: 0.6580
Valid Labels Samples: [2 0 1 4 1 0 3 1 4 3]
Valid Predictions Samples: [2, 0, 1, 3, 1, 0, 3, 1, 3, 0]
Epoch 3 - Train Average Loss: 71.911, Valid Average Loss: 73.721, Epoch Time: 799.917s
Epoch 3 - Accuracy: 0.737, Precision: 0.739, Recall: 0.737
Saved Best Model: 0.74
[GPU cuda:1][TRAIN] Epoch: [4][0/2480], Elapsed 0m 0s (remain 26m 9s), Accuracy: 80.000(80.000), Loss: 0.769(0.769), LR: 0.000005
[GPU cuda:1][TRAIN] Epoch: [4][50/2480], Elapsed 0m 15s (remain 11m 58s), Accuracy: 60.000(76.078), Loss: 0.983(0.581), LR: 0.000005
[GPU cuda:1][TRAIN] Epoch: [4][100/2480], Elapsed 0m 29s (remain 11m 31s), Accuracy: 80.000(73.069), Loss: 1.112(0.626), LR: 0.000005
[GPU cuda:1][TRAIN] Epoch: [4][150/2480], Elapsed 0m 43s (remain 11m 12s), Accuracy: 60.000(72.980), Loss: 0.943(0.640), LR: 0.000005
[GPU cuda:1][TRAIN] Epoch: [4][200/2480], Elapsed 0m 57s (remain 10m 55s), Accuracy: 60.000(71.940), Loss: 0.672(0.659), LR: 0.000005
[GPU cuda:1][TRAIN] Epoch: [4][250/2480], Elapsed 1m 12s (remain 10m 40s), Accuracy: 100.000(72.351), Loss: 0.096(0.655), LR: 0.000005
[GPU cuda:1][TRAIN] Epoch: [4][300/2480], Elapsed 1m 26s (remain 10m 24s), Accuracy: 20.000(72.093), Loss: 1.379(0.662), LR: 0.000005
[GPU cuda:1][TRAIN] Epoch: [4][350/2480], Elapsed 1m 40s (remain 10m 9s), Accuracy: 80.000(71.624), Loss: 1.030(0.675), LR: 0.000005
[GPU cuda:1][TRAIN] Epoch: [4][400/2480], Elapsed 1m 54s (remain 9m 54s), Accuracy: 100.000(72.020), Loss: 0.483(0.671), LR: 0.000005
[GPU cuda:1][TRAIN] Epoch: [4][450/2480], Elapsed 2m 8s (remain 9m 40s), Accuracy: 60.000(72.284), Loss: 0.742(0.670), LR: 0.000005
[GPU cuda:1][TRAIN] Epoch: [4][500/2480], Elapsed 2m 23s (remain 9m 25s), Accuracy: 20.000(72.774), Loss: 1.372(0.661), LR: 0.000005
[GPU cuda:1][TRAIN] Epoch: [4][550/2480], Elapsed 2m 37s (remain 9m 10s), Accuracy: 100.000(72.886), Loss: 0.160(0.663), LR: 0.000005
[GPU cuda:1][TRAIN] Epoch: [4][600/2480], Elapsed 2m 51s (remain 8m 56s), Accuracy: 100.000(73.078), Loss: 0.035(0.663), LR: 0.000005
[GPU cuda:1][TRAIN] Epoch: [4][650/2480], Elapsed 3m 5s (remain 8m 42s), Accuracy: 100.000(72.903), Loss: 0.049(0.667), LR: 0.000005
[GPU cuda:1][TRAIN] Epoch: [4][700/2480], Elapsed 3m 19s (remain 8m 27s), Accuracy: 80.000(72.725), Loss: 0.572(0.671), LR: 0.000005
[GPU cuda:1][TRAIN] Epoch: [4][750/2480], Elapsed 3m 34s (remain 8m 13s), Accuracy: 100.000(72.730), Loss: 0.220(0.671), LR: 0.000005
[GPU cuda:1][TRAIN] Epoch: [4][800/2480], Elapsed 3m 48s (remain 7m 58s), Accuracy: 100.000(73.009), Loss: 0.420(0.666), LR: 0.000005
[GPU cuda:1][TRAIN] Epoch: [4][850/2480], Elapsed 4m 2s (remain 7m 44s), Accuracy: 60.000(73.325), Loss: 0.690(0.659), LR: 0.000005
[GPU cuda:1][TRAIN] Epoch: [4][900/2480], Elapsed 4m 16s (remain 7m 30s), Accuracy: 80.000(73.496), Loss: 0.728(0.658), LR: 0.000005
[GPU cuda:1][TRAIN] Epoch: [4][950/2480], Elapsed 4m 30s (remain 7m 15s), Accuracy: 60.000(73.838), Loss: 0.696(0.651), LR: 0.000005
[GPU cuda:1][TRAIN] Epoch: [4][1000/2480], Elapsed 4m 45s (remain 7m 1s), Accuracy: 60.000(73.566), Loss: 0.663(0.650), LR: 0.000005
[GPU cuda:1][TRAIN] Epoch: [4][1050/2480], Elapsed 4m 59s (remain 6m 47s), Accuracy: 80.000(73.682), Loss: 0.803(0.649), LR: 0.000005
[GPU cuda:1][TRAIN] Epoch: [4][1100/2480], Elapsed 5m 13s (remain 6m 32s), Accuracy: 80.000(73.896), Loss: 0.275(0.643), LR: 0.000005
[GPU cuda:1][TRAIN] Epoch: [4][1150/2480], Elapsed 5m 27s (remain 6m 18s), Accuracy: 60.000(73.901), Loss: 1.355(0.642), LR: 0.000004
[GPU cuda:1][TRAIN] Epoch: [4][1200/2480], Elapsed 5m 41s (remain 6m 4s), Accuracy: 80.000(74.005), Loss: 0.918(0.639), LR: 0.000004
[GPU cuda:1][TRAIN] Epoch: [4][1250/2480], Elapsed 5m 56s (remain 5m 49s), Accuracy: 40.000(73.861), Loss: 0.813(0.640), LR: 0.000004
[GPU cuda:1][TRAIN] Epoch: [4][1300/2480], Elapsed 6m 10s (remain 5m 35s), Accuracy: 80.000(74.097), Loss: 0.823(0.637), LR: 0.000004
[GPU cuda:1][TRAIN] Epoch: [4][1350/2480], Elapsed 6m 24s (remain 5m 21s), Accuracy: 100.000(74.375), Loss: 0.108(0.633), LR: 0.000004
[GPU cuda:1][TRAIN] Epoch: [4][1400/2480], Elapsed 6m 38s (remain 5m 7s), Accuracy: 100.000(74.318), Loss: 0.236(0.633), LR: 0.000004
[GPU cuda:1][TRAIN] Epoch: [4][1450/2480], Elapsed 6m 52s (remain 4m 52s), Accuracy: 100.000(74.487), Loss: 0.230(0.630), LR: 0.000004
[GPU cuda:1][TRAIN] Epoch: [4][1500/2480], Elapsed 7m 6s (remain 4m 38s), Accuracy: 100.000(74.497), Loss: 0.158(0.629), LR: 0.000004
[GPU cuda:1][TRAIN] Epoch: [4][1550/2480], Elapsed 7m 21s (remain 4m 24s), Accuracy: 100.000(74.584), Loss: 0.246(0.627), LR: 0.000004
[GPU cuda:1][TRAIN] Epoch: [4][1600/2480], Elapsed 7m 35s (remain 4m 9s), Accuracy: 100.000(74.591), Loss: 0.326(0.627), LR: 0.000004
[GPU cuda:1][TRAIN] Epoch: [4][1650/2480], Elapsed 7m 49s (remain 3m 55s), Accuracy: 80.000(74.718), Loss: 0.267(0.622), LR: 0.000004
[GPU cuda:1][TRAIN] Epoch: [4][1700/2480], Elapsed 8m 3s (remain 3m 41s), Accuracy: 80.000(74.709), Loss: 0.320(0.624), LR: 0.000004
[GPU cuda:1][TRAIN] Epoch: [4][1750/2480], Elapsed 8m 17s (remain 3m 27s), Accuracy: 60.000(74.837), Loss: 1.031(0.623), LR: 0.000004
[GPU cuda:1][TRAIN] Epoch: [4][1800/2480], Elapsed 8m 32s (remain 3m 13s), Accuracy: 80.000(74.947), Loss: 0.202(0.620), LR: 0.000004
[GPU cuda:1][TRAIN] Epoch: [4][1850/2480], Elapsed 8m 46s (remain 2m 58s), Accuracy: 80.000(74.954), Loss: 0.551(0.620), LR: 0.000004
[GPU cuda:1][TRAIN] Epoch: [4][1900/2480], Elapsed 9m 0s (remain 2m 44s), Accuracy: 60.000(75.076), Loss: 0.945(0.619), LR: 0.000004
[GPU cuda:1][TRAIN] Epoch: [4][1950/2480], Elapsed 9m 14s (remain 2m 30s), Accuracy: 100.000(74.967), Loss: 0.373(0.621), LR: 0.000004
[GPU cuda:1][TRAIN] Epoch: [4][2000/2480], Elapsed 9m 28s (remain 2m 16s), Accuracy: 100.000(74.973), Loss: 0.515(0.621), LR: 0.000004
[GPU cuda:1][TRAIN] Epoch: [4][2050/2480], Elapsed 9m 42s (remain 2m 1s), Accuracy: 60.000(74.939), Loss: 0.925(0.621), LR: 0.000004
[GPU cuda:1][TRAIN] Epoch: [4][2100/2480], Elapsed 9m 57s (remain 1m 47s), Accuracy: 80.000(75.107), Loss: 0.300(0.618), LR: 0.000004
[GPU cuda:1][TRAIN] Epoch: [4][2150/2480], Elapsed 10m 11s (remain 1m 33s), Accuracy: 60.000(75.193), Loss: 0.817(0.615), LR: 0.000004
[GPU cuda:1][TRAIN] Epoch: [4][2200/2480], Elapsed 10m 25s (remain 1m 19s), Accuracy: 60.000(75.266), Loss: 1.140(0.614), LR: 0.000004
[GPU cuda:1][TRAIN] Epoch: [4][2250/2480], Elapsed 10m 39s (remain 1m 5s), Accuracy: 80.000(75.211), Loss: 0.968(0.615), LR: 0.000004
[GPU cuda:1][TRAIN] Epoch: [4][2300/2480], Elapsed 10m 53s (remain 0m 50s), Accuracy: 60.000(75.219), Loss: 0.673(0.615), LR: 0.000004
[GPU cuda:1][TRAIN] Epoch: [4][2350/2480], Elapsed 11m 7s (remain 0m 36s), Accuracy: 80.000(75.185), Loss: 0.596(0.617), LR: 0.000004
[GPU cuda:1][TRAIN] Epoch: [4][2400/2480], Elapsed 11m 22s (remain 0m 22s), Accuracy: 60.000(75.252), Loss: 1.442(0.616), LR: 0.000004
[GPU cuda:1][TRAIN] Epoch: [4][2450/2480], Elapsed 11m 36s (remain 0m 8s), Accuracy: 80.000(75.292), Loss: 0.393(0.615), LR: 0.000004
[GPU cuda:1][TRAIN] Epoch: [4][2479/2480], Elapsed 11m 44s (remain 0m 0s), Accuracy: 40.000(75.315), Loss: 2.049(0.615), LR: 0.000003
[GPU cuda:1][VALID][0/97], Elapsed 0m 1s (remain 2m 13s), Accuracy: 71.875(71.875), Batch Loss: 0.7287, Average Loss: 0.7287
[GPU cuda:1][VALID][50/97], Elapsed 0m 48s (remain 0m 43s), Accuracy: 78.125(74.265), Batch Loss: 0.4125, Average Loss: 0.6640
[GPU cuda:1][VALID][96/97], Elapsed 1m 32s (remain 0m 0s), Accuracy: 78.571(73.845), Batch Loss: 0.4894, Average Loss: 0.6735
Valid Labels Samples: [2 0 1 4 1 0 3 1 4 3]
Valid Predictions Samples: [2, 0, 1, 3, 1, 0, 3, 1, 3, 0]
Epoch 4 - Train Average Loss: 75.315, Valid Average Loss: 73.845, Epoch Time: 798.827s
Epoch 4 - Accuracy: 0.738, Precision: 0.746, Recall: 0.738
Saved Best Model: 0.74
[GPU cuda:1][TRAIN] Epoch: [5][0/2480], Elapsed 0m 0s (remain 25m 48s), Accuracy: 80.000(80.000), Loss: 0.565(0.565), LR: 0.000003
[GPU cuda:1][TRAIN] Epoch: [5][50/2480], Elapsed 0m 14s (remain 11m 54s), Accuracy: 60.000(80.000), Loss: 0.894(0.488), LR: 0.000003
[GPU cuda:1][TRAIN] Epoch: [5][100/2480], Elapsed 0m 29s (remain 11m 28s), Accuracy: 80.000(77.822), Loss: 0.794(0.544), LR: 0.000003
[GPU cuda:1][TRAIN] Epoch: [5][150/2480], Elapsed 0m 43s (remain 11m 9s), Accuracy: 60.000(76.954), Loss: 0.808(0.560), LR: 0.000003
[GPU cuda:1][TRAIN] Epoch: [5][200/2480], Elapsed 0m 57s (remain 10m 52s), Accuracy: 80.000(75.423), Loss: 0.485(0.587), LR: 0.000003
[GPU cuda:1][TRAIN] Epoch: [5][250/2480], Elapsed 1m 11s (remain 10m 37s), Accuracy: 100.000(76.335), Loss: 0.102(0.580), LR: 0.000003
[GPU cuda:1][TRAIN] Epoch: [5][300/2480], Elapsed 1m 25s (remain 10m 22s), Accuracy: 20.000(76.013), Loss: 1.281(0.588), LR: 0.000003
[GPU cuda:1][TRAIN] Epoch: [5][350/2480], Elapsed 1m 40s (remain 10m 7s), Accuracy: 60.000(75.043), Loss: 1.273(0.602), LR: 0.000003
[GPU cuda:1][TRAIN] Epoch: [5][400/2480], Elapsed 1m 54s (remain 9m 52s), Accuracy: 100.000(75.262), Loss: 0.455(0.598), LR: 0.000003
[GPU cuda:1][TRAIN] Epoch: [5][450/2480], Elapsed 2m 8s (remain 9m 38s), Accuracy: 80.000(75.521), Loss: 0.554(0.596), LR: 0.000003
[GPU cuda:1][TRAIN] Epoch: [5][500/2480], Elapsed 2m 22s (remain 9m 23s), Accuracy: 60.000(75.848), Loss: 0.850(0.591), LR: 0.000003
[GPU cuda:1][TRAIN] Epoch: [5][550/2480], Elapsed 2m 36s (remain 9m 9s), Accuracy: 100.000(76.007), Loss: 0.091(0.593), LR: 0.000003
[GPU cuda:1][TRAIN] Epoch: [5][600/2480], Elapsed 2m 51s (remain 8m 55s), Accuracy: 100.000(76.007), Loss: 0.026(0.594), LR: 0.000003
[GPU cuda:1][TRAIN] Epoch: [5][650/2480], Elapsed 3m 5s (remain 8m 40s), Accuracy: 100.000(76.006), Loss: 0.017(0.597), LR: 0.000003
[GPU cuda:1][TRAIN] Epoch: [5][700/2480], Elapsed 3m 19s (remain 8m 26s), Accuracy: 60.000(75.863), Loss: 0.494(0.601), LR: 0.000003
[GPU cuda:1][TRAIN] Epoch: [5][750/2480], Elapsed 3m 33s (remain 8m 11s), Accuracy: 100.000(75.792), Loss: 0.154(0.601), LR: 0.000003
[GPU cuda:1][TRAIN] Epoch: [5][800/2480], Elapsed 3m 47s (remain 7m 57s), Accuracy: 100.000(76.005), Loss: 0.239(0.598), LR: 0.000003
[GPU cuda:1][TRAIN] Epoch: [5][850/2480], Elapsed 4m 1s (remain 7m 43s), Accuracy: 60.000(76.193), Loss: 0.592(0.592), LR: 0.000003
[GPU cuda:1][TRAIN] Epoch: [5][900/2480], Elapsed 4m 16s (remain 7m 28s), Accuracy: 80.000(76.337), Loss: 0.540(0.589), LR: 0.000003
[GPU cuda:1][TRAIN] Epoch: [5][950/2480], Elapsed 4m 30s (remain 7m 14s), Accuracy: 80.000(76.740), Loss: 0.575(0.582), LR: 0.000003
[GPU cuda:1][TRAIN] Epoch: [5][1000/2480], Elapsed 4m 44s (remain 7m 0s), Accuracy: 60.000(76.643), Loss: 0.814(0.583), LR: 0.000003
[GPU cuda:1][TRAIN] Epoch: [5][1050/2480], Elapsed 4m 58s (remain 6m 46s), Accuracy: 20.000(76.822), Loss: 1.177(0.581), LR: 0.000003
[GPU cuda:1][TRAIN] Epoch: [5][1100/2480], Elapsed 5m 12s (remain 6m 31s), Accuracy: 80.000(76.948), Loss: 0.273(0.576), LR: 0.000003
[GPU cuda:1][TRAIN] Epoch: [5][1150/2480], Elapsed 5m 26s (remain 6m 17s), Accuracy: 100.000(76.959), Loss: 0.410(0.576), LR: 0.000003
[GPU cuda:1][TRAIN] Epoch: [5][1200/2480], Elapsed 5m 41s (remain 6m 3s), Accuracy: 100.000(77.202), Loss: 0.251(0.570), LR: 0.000003
[GPU cuda:1][TRAIN] Epoch: [5][1250/2480], Elapsed 5m 55s (remain 5m 48s), Accuracy: 40.000(77.090), Loss: 1.000(0.571), LR: 0.000003
[GPU cuda:1][TRAIN] Epoch: [5][1300/2480], Elapsed 6m 9s (remain 5m 34s), Accuracy: 80.000(77.218), Loss: 0.624(0.569), LR: 0.000003
[GPU cuda:1][TRAIN] Epoch: [5][1350/2480], Elapsed 6m 23s (remain 5m 20s), Accuracy: 100.000(77.395), Loss: 0.068(0.567), LR: 0.000003
[GPU cuda:1][TRAIN] Epoch: [5][1400/2480], Elapsed 6m 37s (remain 5m 6s), Accuracy: 100.000(77.302), Loss: 0.322(0.567), LR: 0.000003
[GPU cuda:1][TRAIN] Epoch: [5][1450/2480], Elapsed 6m 51s (remain 4m 52s), Accuracy: 100.000(77.354), Loss: 0.323(0.566), LR: 0.000002
[GPU cuda:1][TRAIN] Epoch: [5][1500/2480], Elapsed 7m 5s (remain 4m 37s), Accuracy: 100.000(77.402), Loss: 0.169(0.564), LR: 0.000002
[GPU cuda:1][TRAIN] Epoch: [5][1550/2480], Elapsed 7m 20s (remain 4m 23s), Accuracy: 80.000(77.408), Loss: 0.650(0.562), LR: 0.000002
[GPU cuda:1][TRAIN] Epoch: [5][1600/2480], Elapsed 7m 34s (remain 4m 9s), Accuracy: 100.000(77.464), Loss: 0.246(0.562), LR: 0.000002
[GPU cuda:1][TRAIN] Epoch: [5][1650/2480], Elapsed 7m 48s (remain 3m 55s), Accuracy: 100.000(77.626), Loss: 0.205(0.558), LR: 0.000002
[GPU cuda:1][TRAIN] Epoch: [5][1700/2480], Elapsed 8m 2s (remain 3m 41s), Accuracy: 80.000(77.637), Loss: 0.351(0.558), LR: 0.000002
[GPU cuda:1][TRAIN] Epoch: [5][1750/2480], Elapsed 8m 16s (remain 3m 26s), Accuracy: 60.000(77.704), Loss: 1.073(0.558), LR: 0.000002
[GPU cuda:1][TRAIN] Epoch: [5][1800/2480], Elapsed 8m 30s (remain 3m 12s), Accuracy: 80.000(77.757), Loss: 0.393(0.556), LR: 0.000002
[GPU cuda:1][TRAIN] Epoch: [5][1850/2480], Elapsed 8m 45s (remain 2m 58s), Accuracy: 80.000(77.753), Loss: 0.667(0.556), LR: 0.000002
[GPU cuda:1][TRAIN] Epoch: [5][1900/2480], Elapsed 8m 59s (remain 2m 44s), Accuracy: 60.000(77.812), Loss: 0.938(0.555), LR: 0.000002
[GPU cuda:1][TRAIN] Epoch: [5][1950/2480], Elapsed 9m 13s (remain 2m 30s), Accuracy: 100.000(77.683), Loss: 0.153(0.556), LR: 0.000002
[GPU cuda:1][TRAIN] Epoch: [5][2000/2480], Elapsed 9m 27s (remain 2m 15s), Accuracy: 100.000(77.611), Loss: 0.497(0.557), LR: 0.000002
[GPU cuda:1][TRAIN] Epoch: [5][2050/2480], Elapsed 9m 41s (remain 2m 1s), Accuracy: 60.000(77.601), Loss: 0.833(0.557), LR: 0.000002
[GPU cuda:1][TRAIN] Epoch: [5][2100/2480], Elapsed 9m 55s (remain 1m 47s), Accuracy: 80.000(77.715), Loss: 0.265(0.555), LR: 0.000002
[GPU cuda:1][TRAIN] Epoch: [5][2150/2480], Elapsed 10m 9s (remain 1m 33s), Accuracy: 80.000(77.768), Loss: 0.383(0.553), LR: 0.000002
[GPU cuda:1][TRAIN] Epoch: [5][2200/2480], Elapsed 10m 24s (remain 1m 19s), Accuracy: 60.000(77.792), Loss: 1.093(0.552), LR: 0.000002
[GPU cuda:1][TRAIN] Epoch: [5][2250/2480], Elapsed 10m 38s (remain 1m 4s), Accuracy: 80.000(77.619), Loss: 0.869(0.554), LR: 0.000002
[GPU cuda:1][TRAIN] Epoch: [5][2300/2480], Elapsed 10m 52s (remain 0m 50s), Accuracy: 80.000(77.705), Loss: 0.410(0.554), LR: 0.000002
[GPU cuda:1][TRAIN] Epoch: [5][2350/2480], Elapsed 11m 6s (remain 0m 36s), Accuracy: 60.000(77.703), Loss: 0.563(0.554), LR: 0.000002
[GPU cuda:1][TRAIN] Epoch: [5][2400/2480], Elapsed 11m 20s (remain 0m 22s), Accuracy: 40.000(77.751), Loss: 1.078(0.553), LR: 0.000002
[GPU cuda:1][TRAIN] Epoch: [5][2450/2480], Elapsed 11m 34s (remain 0m 8s), Accuracy: 80.000(77.780), Loss: 0.392(0.553), LR: 0.000002
[GPU cuda:1][TRAIN] Epoch: [5][2479/2480], Elapsed 11m 43s (remain 0m 0s), Accuracy: 40.000(77.782), Loss: 2.364(0.553), LR: 0.000002
[GPU cuda:1][VALID][0/97], Elapsed 0m 1s (remain 2m 12s), Accuracy: 68.750(68.750), Batch Loss: 0.8182, Average Loss: 0.8182
[GPU cuda:1][VALID][50/97], Elapsed 0m 48s (remain 0m 43s), Accuracy: 71.875(75.061), Batch Loss: 0.4888, Average Loss: 0.6702
[GPU cuda:1][VALID][96/97], Elapsed 1m 32s (remain 0m 0s), Accuracy: 78.571(74.554), Batch Loss: 0.4696, Average Loss: 0.6773
Valid Labels Samples: [2 0 1 4 1 0 3 1 4 3]
Valid Predictions Samples: [2, 0, 1, 3, 1, 1, 3, 1, 3, 0]
Epoch 5 - Train Average Loss: 77.782, Valid Average Loss: 74.554, Epoch Time: 797.280s
Epoch 5 - Accuracy: 0.745, Precision: 0.753, Recall: 0.745
Saved Best Model: 0.75
[GPU cuda:1][TRAIN] Epoch: [6][0/2480], Elapsed 0m 0s (remain 25m 35s), Accuracy: 80.000(80.000), Loss: 0.501(0.501), LR: 0.000002
[GPU cuda:1][TRAIN] Epoch: [6][50/2480], Elapsed 0m 14s (remain 11m 52s), Accuracy: 60.000(81.569), Loss: 0.885(0.439), LR: 0.000002
[GPU cuda:1][TRAIN] Epoch: [6][100/2480], Elapsed 0m 29s (remain 11m 26s), Accuracy: 80.000(79.010), Loss: 0.733(0.487), LR: 0.000002
[GPU cuda:1][TRAIN] Epoch: [6][150/2480], Elapsed 0m 43s (remain 11m 8s), Accuracy: 60.000(78.675), Loss: 0.902(0.499), LR: 0.000002
[GPU cuda:1][TRAIN] Epoch: [6][200/2480], Elapsed 0m 57s (remain 10m 51s), Accuracy: 80.000(77.612), Loss: 0.351(0.528), LR: 0.000002
[GPU cuda:1][TRAIN] Epoch: [6][250/2480], Elapsed 1m 11s (remain 10m 36s), Accuracy: 100.000(78.486), Loss: 0.071(0.524), LR: 0.000002
[GPU cuda:1][TRAIN] Epoch: [6][300/2480], Elapsed 1m 25s (remain 10m 21s), Accuracy: 40.000(78.140), Loss: 1.076(0.529), LR: 0.000002
[GPU cuda:1][TRAIN] Epoch: [6][350/2480], Elapsed 1m 39s (remain 10m 6s), Accuracy: 80.000(77.379), Loss: 1.007(0.544), LR: 0.000002
[GPU cuda:1][TRAIN] Epoch: [6][400/2480], Elapsed 1m 54s (remain 9m 51s), Accuracy: 100.000(77.756), Loss: 0.383(0.541), LR: 0.000002
[GPU cuda:1][TRAIN] Epoch: [6][450/2480], Elapsed 2m 8s (remain 9m 37s), Accuracy: 80.000(77.871), Loss: 0.643(0.544), LR: 0.000002
[GPU cuda:1][TRAIN] Epoch: [6][500/2480], Elapsed 2m 22s (remain 9m 22s), Accuracy: 60.000(77.844), Loss: 0.803(0.541), LR: 0.000002
[GPU cuda:1][TRAIN] Epoch: [6][550/2480], Elapsed 2m 36s (remain 9m 8s), Accuracy: 100.000(77.895), Loss: 0.057(0.545), LR: 0.000002
[GPU cuda:1][TRAIN] Epoch: [6][600/2480], Elapsed 2m 50s (remain 8m 53s), Accuracy: 100.000(77.837), Loss: 0.019(0.548), LR: 0.000002
[GPU cuda:1][TRAIN] Epoch: [6][650/2480], Elapsed 3m 4s (remain 8m 39s), Accuracy: 100.000(77.665), Loss: 0.018(0.551), LR: 0.000002
[GPU cuda:1][TRAIN] Epoch: [6][700/2480], Elapsed 3m 19s (remain 8m 25s), Accuracy: 100.000(77.603), Loss: 0.258(0.553), LR: 0.000002
[GPU cuda:1][TRAIN] Epoch: [6][750/2480], Elapsed 3m 33s (remain 8m 10s), Accuracy: 100.000(77.656), Loss: 0.087(0.554), LR: 0.000002
[GPU cuda:1][TRAIN] Epoch: [6][800/2480], Elapsed 3m 47s (remain 7m 56s), Accuracy: 80.000(77.903), Loss: 0.304(0.551), LR: 0.000001
[GPU cuda:1][TRAIN] Epoch: [6][850/2480], Elapsed 4m 1s (remain 7m 42s), Accuracy: 80.000(78.026), Loss: 0.555(0.546), LR: 0.000001
[GPU cuda:1][TRAIN] Epoch: [6][900/2480], Elapsed 4m 15s (remain 7m 28s), Accuracy: 80.000(78.269), Loss: 0.359(0.543), LR: 0.000001
[GPU cuda:1][TRAIN] Epoch: [6][950/2480], Elapsed 4m 29s (remain 7m 13s), Accuracy: 80.000(78.570), Loss: 0.494(0.536), LR: 0.000001
[GPU cuda:1][TRAIN] Epoch: [6][1000/2480], Elapsed 4m 43s (remain 6m 59s), Accuracy: 60.000(78.482), Loss: 0.872(0.535), LR: 0.000001
[GPU cuda:1][TRAIN] Epoch: [6][1050/2480], Elapsed 4m 58s (remain 6m 45s), Accuracy: 60.000(78.592), Loss: 0.720(0.533), LR: 0.000001
[GPU cuda:1][TRAIN] Epoch: [6][1100/2480], Elapsed 5m 12s (remain 6m 31s), Accuracy: 80.000(78.874), Loss: 0.264(0.529), LR: 0.000001
[GPU cuda:1][TRAIN] Epoch: [6][1150/2480], Elapsed 5m 26s (remain 6m 16s), Accuracy: 80.000(79.044), Loss: 0.384(0.526), LR: 0.000001
[GPU cuda:1][TRAIN] Epoch: [6][1200/2480], Elapsed 5m 40s (remain 6m 2s), Accuracy: 100.000(79.251), Loss: 0.343(0.520), LR: 0.000001
[GPU cuda:1][TRAIN] Epoch: [6][1250/2480], Elapsed 5m 54s (remain 5m 48s), Accuracy: 80.000(79.297), Loss: 0.603(0.519), LR: 0.000001
[GPU cuda:1][TRAIN] Epoch: [6][1300/2480], Elapsed 6m 8s (remain 5m 34s), Accuracy: 80.000(79.339), Loss: 0.795(0.517), LR: 0.000001
[GPU cuda:1][TRAIN] Epoch: [6][1350/2480], Elapsed 6m 23s (remain 5m 20s), Accuracy: 100.000(79.393), Loss: 0.056(0.515), LR: 0.000001
[GPU cuda:1][TRAIN] Epoch: [6][1400/2480], Elapsed 6m 37s (remain 5m 5s), Accuracy: 100.000(79.358), Loss: 0.220(0.516), LR: 0.000001
[GPU cuda:1][TRAIN] Epoch: [6][1450/2480], Elapsed 6m 51s (remain 4m 51s), Accuracy: 100.000(79.490), Loss: 0.279(0.514), LR: 0.000001
[GPU cuda:1][TRAIN] Epoch: [6][1500/2480], Elapsed 7m 5s (remain 4m 37s), Accuracy: 100.000(79.534), Loss: 0.131(0.513), LR: 0.000001
[GPU cuda:1][TRAIN] Epoch: [6][1550/2480], Elapsed 7m 19s (remain 4m 23s), Accuracy: 100.000(79.574), Loss: 0.141(0.512), LR: 0.000001
[GPU cuda:1][TRAIN] Epoch: [6][1600/2480], Elapsed 7m 33s (remain 4m 9s), Accuracy: 80.000(79.625), Loss: 0.310(0.512), LR: 0.000001
[GPU cuda:1][TRAIN] Epoch: [6][1650/2480], Elapsed 7m 48s (remain 3m 54s), Accuracy: 80.000(79.806), Loss: 0.211(0.508), LR: 0.000001
[GPU cuda:1][TRAIN] Epoch: [6][1700/2480], Elapsed 8m 2s (remain 3m 40s), Accuracy: 80.000(79.765), Loss: 0.273(0.509), LR: 0.000001
[GPU cuda:1][TRAIN] Epoch: [6][1750/2480], Elapsed 8m 16s (remain 3m 26s), Accuracy: 60.000(79.840), Loss: 1.252(0.508), LR: 0.000001
[GPU cuda:1][TRAIN] Epoch: [6][1800/2480], Elapsed 8m 30s (remain 3m 12s), Accuracy: 100.000(79.944), Loss: 0.108(0.505), LR: 0.000001
[GPU cuda:1][TRAIN] Epoch: [6][1850/2480], Elapsed 8m 44s (remain 2m 58s), Accuracy: 80.000(79.924), Loss: 0.543(0.505), LR: 0.000001
[GPU cuda:1][TRAIN] Epoch: [6][1900/2480], Elapsed 8m 58s (remain 2m 44s), Accuracy: 60.000(80.021), Loss: 1.215(0.503), LR: 0.000001
[GPU cuda:1][TRAIN] Epoch: [6][1950/2480], Elapsed 9m 12s (remain 2m 29s), Accuracy: 100.000(79.877), Loss: 0.088(0.506), LR: 0.000001
[GPU cuda:1][TRAIN] Epoch: [6][2000/2480], Elapsed 9m 27s (remain 2m 15s), Accuracy: 80.000(79.820), Loss: 0.595(0.507), LR: 0.000001
[GPU cuda:1][TRAIN] Epoch: [6][2050/2480], Elapsed 9m 41s (remain 2m 1s), Accuracy: 60.000(79.824), Loss: 0.812(0.507), LR: 0.000001
[GPU cuda:1][TRAIN] Epoch: [6][2100/2480], Elapsed 9m 55s (remain 1m 47s), Accuracy: 80.000(79.952), Loss: 0.385(0.504), LR: 0.000001
[GPU cuda:1][TRAIN] Epoch: [6][2150/2480], Elapsed 10m 9s (remain 1m 33s), Accuracy: 100.000(80.028), Loss: 0.343(0.502), LR: 0.000001
[GPU cuda:1][TRAIN] Epoch: [6][2200/2480], Elapsed 10m 23s (remain 1m 19s), Accuracy: 80.000(80.118), Loss: 0.532(0.501), LR: 0.000001
[GPU cuda:1][TRAIN] Epoch: [6][2250/2480], Elapsed 10m 38s (remain 1m 4s), Accuracy: 60.000(80.018), Loss: 1.064(0.503), LR: 0.000001
[GPU cuda:1][TRAIN] Epoch: [6][2300/2480], Elapsed 10m 52s (remain 0m 50s), Accuracy: 80.000(80.061), Loss: 0.403(0.502), LR: 0.000001
[GPU cuda:1][TRAIN] Epoch: [6][2350/2480], Elapsed 11m 6s (remain 0m 36s), Accuracy: 80.000(80.034), Loss: 0.498(0.503), LR: 0.000001
[GPU cuda:1][TRAIN] Epoch: [6][2400/2480], Elapsed 11m 20s (remain 0m 22s), Accuracy: 60.000(80.100), Loss: 0.981(0.503), LR: 0.000001
[GPU cuda:1][TRAIN] Epoch: [6][2450/2480], Elapsed 11m 34s (remain 0m 8s), Accuracy: 80.000(80.139), Loss: 0.370(0.502), LR: 0.000001
[GPU cuda:1][TRAIN] Epoch: [6][2479/2480], Elapsed 11m 43s (remain 0m 0s), Accuracy: 40.000(80.129), Loss: 2.319(0.502), LR: 0.000001
[GPU cuda:1][VALID][0/97], Elapsed 0m 1s (remain 2m 11s), Accuracy: 71.875(71.875), Batch Loss: 0.7733, Average Loss: 0.7733
[GPU cuda:1][VALID][50/97], Elapsed 0m 48s (remain 0m 43s), Accuracy: 78.125(75.123), Batch Loss: 0.4478, Average Loss: 0.6800
[GPU cuda:1][VALID][96/97], Elapsed 1m 32s (remain 0m 0s), Accuracy: 82.143(74.558), Batch Loss: 0.4569, Average Loss: 0.6921
Valid Labels Samples: [2 0 1 4 1 0 3 1 4 3]
Valid Predictions Samples: [2, 0, 1, 3, 1, 1, 3, 1, 3, 0]
Epoch 6 - Train Average Loss: 80.129, Valid Average Loss: 74.558, Epoch Time: 797.672s
Epoch 6 - Accuracy: 0.745, Precision: 0.751, Recall: 0.745
[GPU cuda:1][TRAIN] Epoch: [7][0/2480], Elapsed 0m 0s (remain 25m 53s), Accuracy: 80.000(80.000), Loss: 0.595(0.595), LR: 0.000001
[GPU cuda:1][TRAIN] Epoch: [7][50/2480], Elapsed 0m 15s (remain 11m 55s), Accuracy: 60.000(81.961), Loss: 0.794(0.417), LR: 0.000001
[GPU cuda:1][TRAIN] Epoch: [7][100/2480], Elapsed 0m 29s (remain 11m 29s), Accuracy: 80.000(80.000), Loss: 0.656(0.461), LR: 0.000001
[GPU cuda:1][TRAIN] Epoch: [7][150/2480], Elapsed 0m 43s (remain 11m 10s), Accuracy: 80.000(80.662), Loss: 0.674(0.468), LR: 0.000001
[GPU cuda:1][TRAIN] Epoch: [7][200/2480], Elapsed 0m 57s (remain 10m 53s), Accuracy: 80.000(80.398), Loss: 0.384(0.494), LR: 0.000001
[GPU cuda:1][TRAIN] Epoch: [7][250/2480], Elapsed 1m 11s (remain 10m 38s), Accuracy: 100.000(80.876), Loss: 0.042(0.490), LR: 0.000001
[GPU cuda:1][TRAIN] Epoch: [7][300/2480], Elapsed 1m 26s (remain 10m 23s), Accuracy: 40.000(80.332), Loss: 1.129(0.499), LR: 0.000001
[GPU cuda:1][TRAIN] Epoch: [7][350/2480], Elapsed 1m 40s (remain 10m 8s), Accuracy: 80.000(79.658), Loss: 1.115(0.512), LR: 0.000001
[GPU cuda:1][TRAIN] Epoch: [7][400/2480], Elapsed 1m 54s (remain 9m 53s), Accuracy: 80.000(79.900), Loss: 0.469(0.506), LR: 0.000001
[GPU cuda:1][TRAIN] Epoch: [7][450/2480], Elapsed 2m 8s (remain 9m 39s), Accuracy: 80.000(80.443), Loss: 0.602(0.506), LR: 0.000001
[GPU cuda:1][TRAIN] Epoch: [7][500/2480], Elapsed 2m 22s (remain 9m 24s), Accuracy: 40.000(80.559), Loss: 0.807(0.503), LR: 0.000001
[GPU cuda:1][TRAIN] Epoch: [7][550/2480], Elapsed 2m 37s (remain 9m 10s), Accuracy: 100.000(80.327), Loss: 0.026(0.506), LR: 0.000001
[GPU cuda:1][TRAIN] Epoch: [7][600/2480], Elapsed 2m 51s (remain 8m 55s), Accuracy: 100.000(80.067), Loss: 0.018(0.509), LR: 0.000001
[GPU cuda:1][TRAIN] Epoch: [7][650/2480], Elapsed 3m 5s (remain 8m 41s), Accuracy: 100.000(79.877), Loss: 0.160(0.513), LR: 0.000007
[GPU cuda:1][TRAIN] Epoch: [7][700/2480], Elapsed 3m 19s (remain 8m 26s), Accuracy: 80.000(79.230), Loss: 0.330(0.525), LR: 0.000007
[GPU cuda:1][TRAIN] Epoch: [7][750/2480], Elapsed 3m 33s (remain 8m 12s), Accuracy: 80.000(78.908), Loss: 0.294(0.530), LR: 0.000007
[GPU cuda:1][TRAIN] Epoch: [7][800/2480], Elapsed 3m 48s (remain 7m 58s), Accuracy: 80.000(79.001), Loss: 0.341(0.531), LR: 0.000007
[GPU cuda:1][TRAIN] Epoch: [7][850/2480], Elapsed 4m 2s (remain 7m 43s), Accuracy: 60.000(78.966), Loss: 0.581(0.532), LR: 0.000007
[GPU cuda:1][TRAIN] Epoch: [7][900/2480], Elapsed 4m 16s (remain 7m 29s), Accuracy: 80.000(79.068), Loss: 0.595(0.532), LR: 0.000007
[GPU cuda:1][TRAIN] Epoch: [7][950/2480], Elapsed 4m 30s (remain 7m 15s), Accuracy: 80.000(79.306), Loss: 0.582(0.529), LR: 0.000007
[GPU cuda:1][TRAIN] Epoch: [7][1000/2480], Elapsed 4m 44s (remain 7m 0s), Accuracy: 60.000(79.141), Loss: 0.803(0.529), LR: 0.000007
[GPU cuda:1][TRAIN] Epoch: [7][1050/2480], Elapsed 4m 59s (remain 6m 46s), Accuracy: 60.000(79.182), Loss: 0.842(0.529), LR: 0.000007
[GPU cuda:1][TRAIN] Epoch: [7][1100/2480], Elapsed 5m 13s (remain 6m 32s), Accuracy: 100.000(79.146), Loss: 0.219(0.528), LR: 0.000007
[GPU cuda:1][TRAIN] Epoch: [7][1150/2480], Elapsed 5m 27s (remain 6m 18s), Accuracy: 80.000(79.044), Loss: 0.364(0.529), LR: 0.000007
[GPU cuda:1][TRAIN] Epoch: [7][1200/2480], Elapsed 5m 41s (remain 6m 3s), Accuracy: 100.000(79.117), Loss: 0.392(0.526), LR: 0.000007
[GPU cuda:1][TRAIN] Epoch: [7][1250/2480], Elapsed 5m 55s (remain 5m 49s), Accuracy: 80.000(78.961), Loss: 0.576(0.527), LR: 0.000007
[GPU cuda:1][TRAIN] Epoch: [7][1300/2480], Elapsed 6m 9s (remain 5m 35s), Accuracy: 80.000(78.985), Loss: 0.864(0.528), LR: 0.000007
[GPU cuda:1][TRAIN] Epoch: [7][1350/2480], Elapsed 6m 24s (remain 5m 20s), Accuracy: 100.000(79.067), Loss: 0.049(0.528), LR: 0.000007
[GPU cuda:1][TRAIN] Epoch: [7][1400/2480], Elapsed 6m 38s (remain 5m 6s), Accuracy: 100.000(78.986), Loss: 0.265(0.529), LR: 0.000007
[GPU cuda:1][TRAIN] Epoch: [7][1450/2480], Elapsed 6m 52s (remain 4m 52s), Accuracy: 100.000(79.063), Loss: 0.210(0.527), LR: 0.000007
[GPU cuda:1][TRAIN] Epoch: [7][1500/2480], Elapsed 7m 6s (remain 4m 38s), Accuracy: 100.000(79.014), Loss: 0.135(0.529), LR: 0.000007
[GPU cuda:1][TRAIN] Epoch: [7][1550/2480], Elapsed 7m 20s (remain 4m 23s), Accuracy: 100.000(78.891), Loss: 0.388(0.529), LR: 0.000007
[GPU cuda:1][TRAIN] Epoch: [7][1600/2480], Elapsed 7m 34s (remain 4m 9s), Accuracy: 80.000(78.901), Loss: 0.372(0.530), LR: 0.000007
[GPU cuda:1][TRAIN] Epoch: [7][1650/2480], Elapsed 7m 48s (remain 3m 55s), Accuracy: 80.000(78.995), Loss: 0.221(0.528), LR: 0.000007
[GPU cuda:1][TRAIN] Epoch: [7][1700/2480], Elapsed 8m 3s (remain 3m 41s), Accuracy: 80.000(78.918), Loss: 0.356(0.529), LR: 0.000007
[GPU cuda:1][TRAIN] Epoch: [7][1750/2480], Elapsed 8m 17s (remain 3m 26s), Accuracy: 60.000(78.812), Loss: 1.024(0.532), LR: 0.000007
[GPU cuda:1][TRAIN] Epoch: [7][1800/2480], Elapsed 8m 31s (remain 3m 12s), Accuracy: 80.000(78.923), Loss: 0.274(0.530), LR: 0.000007
[GPU cuda:1][TRAIN] Epoch: [7][1850/2480], Elapsed 8m 45s (remain 2m 58s), Accuracy: 80.000(78.822), Loss: 0.486(0.530), LR: 0.000007
[GPU cuda:1][TRAIN] Epoch: [7][1900/2480], Elapsed 8m 59s (remain 2m 44s), Accuracy: 60.000(78.832), Loss: 0.815(0.530), LR: 0.000007
[GPU cuda:1][TRAIN] Epoch: [7][1950/2480], Elapsed 9m 13s (remain 2m 30s), Accuracy: 80.000(78.626), Loss: 0.439(0.533), LR: 0.000007
[GPU cuda:1][TRAIN] Epoch: [7][2000/2480], Elapsed 9m 27s (remain 2m 15s), Accuracy: 80.000(78.641), Loss: 0.545(0.533), LR: 0.000007
[GPU cuda:1][TRAIN] Epoch: [7][2050/2480], Elapsed 9m 42s (remain 2m 1s), Accuracy: 60.000(78.596), Loss: 0.887(0.535), LR: 0.000007
[GPU cuda:1][TRAIN] Epoch: [7][2100/2480], Elapsed 9m 56s (remain 1m 47s), Accuracy: 100.000(78.715), Loss: 0.144(0.533), LR: 0.000007
[GPU cuda:1][TRAIN] Epoch: [7][2150/2480], Elapsed 10m 10s (remain 1m 33s), Accuracy: 80.000(78.754), Loss: 0.493(0.532), LR: 0.000007
[GPU cuda:1][TRAIN] Epoch: [7][2200/2480], Elapsed 10m 24s (remain 1m 19s), Accuracy: 60.000(78.755), Loss: 0.727(0.532), LR: 0.000007
[GPU cuda:1][TRAIN] Epoch: [7][2250/2480], Elapsed 10m 38s (remain 1m 4s), Accuracy: 80.000(78.632), Loss: 1.167(0.534), LR: 0.000007
[GPU cuda:1][TRAIN] Epoch: [7][2300/2480], Elapsed 10m 53s (remain 0m 50s), Accuracy: 80.000(78.592), Loss: 0.534(0.535), LR: 0.000007
[GPU cuda:1][TRAIN] Epoch: [7][2350/2480], Elapsed 11m 7s (remain 0m 36s), Accuracy: 80.000(78.469), Loss: 0.480(0.539), LR: 0.000007
[GPU cuda:1][TRAIN] Epoch: [7][2400/2480], Elapsed 11m 21s (remain 0m 22s), Accuracy: 60.000(78.492), Loss: 0.963(0.539), LR: 0.000007
[GPU cuda:1][TRAIN] Epoch: [7][2450/2480], Elapsed 11m 35s (remain 0m 8s), Accuracy: 80.000(78.523), Loss: 0.398(0.539), LR: 0.000007
[GPU cuda:1][TRAIN] Epoch: [7][2479/2480], Elapsed 11m 43s (remain 0m 0s), Accuracy: 40.000(78.516), Loss: 2.306(0.540), LR: 0.000007
[GPU cuda:1][VALID][0/97], Elapsed 0m 1s (remain 2m 13s), Accuracy: 71.875(71.875), Batch Loss: 0.9035, Average Loss: 0.9035
[GPU cuda:1][VALID][50/97], Elapsed 0m 48s (remain 0m 43s), Accuracy: 78.125(73.468), Batch Loss: 0.4553, Average Loss: 0.6947
[GPU cuda:1][VALID][96/97], Elapsed 1m 32s (remain 0m 0s), Accuracy: 78.571(72.878), Batch Loss: 0.4293, Average Loss: 0.6987
Valid Labels Samples: [2 0 1 4 1 0 3 1 4 3]
Valid Predictions Samples: [2, 0, 1, 3, 1, 1, 3, 1, 3, 0]
Epoch 7 - Train Average Loss: 78.516, Valid Average Loss: 72.878, Epoch Time: 798.601s
Epoch 7 - Accuracy: 0.729, Precision: 0.728, Recall: 0.729
[GPU cuda:1][TRAIN] Epoch: [8][0/2480], Elapsed 0m 0s (remain 26m 27s), Accuracy: 60.000(60.000), Loss: 0.639(0.639), LR: 0.000007
[GPU cuda:1][TRAIN] Epoch: [8][50/2480], Elapsed 0m 15s (remain 11m 56s), Accuracy: 60.000(81.569), Loss: 0.744(0.460), LR: 0.000007
[GPU cuda:1][TRAIN] Epoch: [8][100/2480], Elapsed 0m 29s (remain 11m 30s), Accuracy: 80.000(80.000), Loss: 0.782(0.491), LR: 0.000007
[GPU cuda:1][TRAIN] Epoch: [8][150/2480], Elapsed 0m 43s (remain 11m 11s), Accuracy: 60.000(78.940), Loss: 0.679(0.527), LR: 0.000007
[GPU cuda:1][TRAIN] Epoch: [8][200/2480], Elapsed 0m 57s (remain 10m 54s), Accuracy: 60.000(76.716), Loss: 0.715(0.557), LR: 0.000007
[GPU cuda:1][TRAIN] Epoch: [8][250/2480], Elapsed 1m 11s (remain 10m 39s), Accuracy: 100.000(76.972), Loss: 0.086(0.557), LR: 0.000007
[GPU cuda:1][TRAIN] Epoch: [8][300/2480], Elapsed 1m 26s (remain 10m 23s), Accuracy: 60.000(76.944), Loss: 1.042(0.563), LR: 0.000007
[GPU cuda:1][TRAIN] Epoch: [8][350/2480], Elapsed 1m 40s (remain 10m 8s), Accuracy: 60.000(76.296), Loss: 1.169(0.580), LR: 0.000007
[GPU cuda:1][TRAIN] Epoch: [8][400/2480], Elapsed 1m 54s (remain 9m 53s), Accuracy: 100.000(76.459), Loss: 0.399(0.576), LR: 0.000007
[GPU cuda:1][TRAIN] Epoch: [8][450/2480], Elapsed 2m 8s (remain 9m 39s), Accuracy: 80.000(76.807), Loss: 0.701(0.578), LR: 0.000007
[GPU cuda:1][TRAIN] Epoch: [8][500/2480], Elapsed 2m 23s (remain 9m 24s), Accuracy: 60.000(76.567), Loss: 0.855(0.576), LR: 0.000007
[GPU cuda:1][TRAIN] Epoch: [8][550/2480], Elapsed 2m 37s (remain 9m 10s), Accuracy: 100.000(76.370), Loss: 0.104(0.584), LR: 0.000007
[GPU cuda:1][TRAIN] Epoch: [8][600/2480], Elapsed 2m 51s (remain 8m 56s), Accuracy: 100.000(76.206), Loss: 0.023(0.588), LR: 0.000007
[GPU cuda:1][TRAIN] Epoch: [8][650/2480], Elapsed 3m 5s (remain 8m 41s), Accuracy: 100.000(76.160), Loss: 0.061(0.587), LR: 0.000007
[GPU cuda:1][TRAIN] Epoch: [8][700/2480], Elapsed 3m 19s (remain 8m 27s), Accuracy: 80.000(76.205), Loss: 0.403(0.589), LR: 0.000007
[GPU cuda:1][TRAIN] Epoch: [8][750/2480], Elapsed 3m 34s (remain 8m 13s), Accuracy: 100.000(76.352), Loss: 0.108(0.585), LR: 0.000007
[GPU cuda:1][TRAIN] Epoch: [8][800/2480], Elapsed 3m 48s (remain 7m 58s), Accuracy: 80.000(76.754), Loss: 0.305(0.579), LR: 0.000007
[GPU cuda:1][TRAIN] Epoch: [8][850/2480], Elapsed 4m 2s (remain 7m 44s), Accuracy: 80.000(77.109), Loss: 0.618(0.572), LR: 0.000007
[GPU cuda:1][TRAIN] Epoch: [8][900/2480], Elapsed 4m 16s (remain 7m 30s), Accuracy: 80.000(77.314), Loss: 0.778(0.568), LR: 0.000007
[GPU cuda:1][TRAIN] Epoch: [8][950/2480], Elapsed 4m 31s (remain 7m 16s), Accuracy: 80.000(77.518), Loss: 0.433(0.565), LR: 0.000007
[GPU cuda:1][TRAIN] Epoch: [8][1000/2480], Elapsed 4m 45s (remain 7m 1s), Accuracy: 60.000(77.483), Loss: 1.447(0.564), LR: 0.000007
[GPU cuda:1][TRAIN] Epoch: [8][1050/2480], Elapsed 4m 59s (remain 6m 47s), Accuracy: 60.000(77.583), Loss: 0.620(0.562), LR: 0.000007
[GPU cuda:1][TRAIN] Epoch: [8][1100/2480], Elapsed 5m 13s (remain 6m 33s), Accuracy: 100.000(77.748), Loss: 0.198(0.557), LR: 0.000007
[GPU cuda:1][TRAIN] Epoch: [8][1150/2480], Elapsed 5m 28s (remain 6m 18s), Accuracy: 60.000(77.672), Loss: 0.819(0.555), LR: 0.000007
[GPU cuda:1][TRAIN] Epoch: [8][1200/2480], Elapsed 5m 42s (remain 6m 4s), Accuracy: 100.000(77.868), Loss: 0.314(0.551), LR: 0.000007
[GPU cuda:1][TRAIN] Epoch: [8][1250/2480], Elapsed 5m 56s (remain 5m 50s), Accuracy: 40.000(77.842), Loss: 0.972(0.550), LR: 0.000007
[GPU cuda:1][TRAIN] Epoch: [8][1300/2480], Elapsed 6m 10s (remain 5m 36s), Accuracy: 60.000(77.848), Loss: 0.881(0.549), LR: 0.000007
[GPU cuda:1][TRAIN] Epoch: [8][1350/2480], Elapsed 6m 25s (remain 5m 21s), Accuracy: 100.000(78.105), Loss: 0.018(0.544), LR: 0.000007
[GPU cuda:1][TRAIN] Epoch: [8][1400/2480], Elapsed 6m 39s (remain 5m 7s), Accuracy: 100.000(78.087), Loss: 0.199(0.543), LR: 0.000007
[GPU cuda:1][TRAIN] Epoch: [8][1450/2480], Elapsed 6m 53s (remain 4m 53s), Accuracy: 80.000(78.236), Loss: 0.474(0.541), LR: 0.000007
[GPU cuda:1][TRAIN] Epoch: [8][1500/2480], Elapsed 7m 7s (remain 4m 39s), Accuracy: 80.000(78.201), Loss: 0.225(0.541), LR: 0.000007
[GPU cuda:1][TRAIN] Epoch: [8][1550/2480], Elapsed 7m 22s (remain 4m 24s), Accuracy: 100.000(78.169), Loss: 0.342(0.540), LR: 0.000007
[GPU cuda:1][TRAIN] Epoch: [8][1600/2480], Elapsed 7m 36s (remain 4m 10s), Accuracy: 80.000(78.164), Loss: 0.263(0.540), LR: 0.000007
[GPU cuda:1][TRAIN] Epoch: [8][1650/2480], Elapsed 7m 50s (remain 3m 56s), Accuracy: 100.000(78.304), Loss: 0.168(0.535), LR: 0.000007
[GPU cuda:1][TRAIN] Epoch: [8][1700/2480], Elapsed 8m 4s (remain 3m 42s), Accuracy: 100.000(78.354), Loss: 0.280(0.535), LR: 0.000007
[GPU cuda:1][TRAIN] Epoch: [8][1750/2480], Elapsed 8m 19s (remain 3m 27s), Accuracy: 60.000(78.344), Loss: 0.783(0.533), LR: 0.000007
[GPU cuda:1][TRAIN] Epoch: [8][1800/2480], Elapsed 8m 33s (remain 3m 13s), Accuracy: 100.000(78.368), Loss: 0.121(0.532), LR: 0.000007
[GPU cuda:1][TRAIN] Epoch: [8][1850/2480], Elapsed 8m 47s (remain 2m 59s), Accuracy: 80.000(78.444), Loss: 0.540(0.532), LR: 0.000007
[GPU cuda:1][TRAIN] Epoch: [8][1900/2480], Elapsed 9m 2s (remain 2m 45s), Accuracy: 60.000(78.485), Loss: 0.623(0.531), LR: 0.000007
[GPU cuda:1][TRAIN] Epoch: [8][1950/2480], Elapsed 9m 16s (remain 2m 30s), Accuracy: 80.000(78.380), Loss: 0.809(0.532), LR: 0.000007
[GPU cuda:1][TRAIN] Epoch: [8][2000/2480], Elapsed 9m 30s (remain 2m 16s), Accuracy: 100.000(78.351), Loss: 0.539(0.532), LR: 0.000007
[GPU cuda:1][TRAIN] Epoch: [8][2050/2480], Elapsed 9m 44s (remain 2m 2s), Accuracy: 60.000(78.333), Loss: 0.741(0.534), LR: 0.000007
[GPU cuda:1][TRAIN] Epoch: [8][2100/2480], Elapsed 9m 58s (remain 1m 48s), Accuracy: 100.000(78.477), Loss: 0.135(0.531), LR: 0.000007
[GPU cuda:1][TRAIN] Epoch: [8][2150/2480], Elapsed 10m 13s (remain 1m 33s), Accuracy: 100.000(78.559), Loss: 0.446(0.529), LR: 0.000007
[GPU cuda:1][TRAIN] Epoch: [8][2200/2480], Elapsed 10m 27s (remain 1m 19s), Accuracy: 60.000(78.637), Loss: 0.835(0.528), LR: 0.000007
[GPU cuda:1][TRAIN] Epoch: [8][2250/2480], Elapsed 10m 41s (remain 1m 5s), Accuracy: 80.000(78.543), Loss: 0.657(0.529), LR: 0.000007
[GPU cuda:1][TRAIN] Epoch: [8][2300/2480], Elapsed 10m 55s (remain 0m 51s), Accuracy: 80.000(78.627), Loss: 0.289(0.528), LR: 0.000007
[GPU cuda:1][TRAIN] Epoch: [8][2350/2480], Elapsed 11m 9s (remain 0m 36s), Accuracy: 80.000(78.639), Loss: 0.507(0.528), LR: 0.000007
[GPU cuda:1][TRAIN] Epoch: [8][2400/2480], Elapsed 11m 24s (remain 0m 22s), Accuracy: 60.000(78.626), Loss: 1.108(0.528), LR: 0.000007
[GPU cuda:1][TRAIN] Epoch: [8][2450/2480], Elapsed 11m 38s (remain 0m 8s), Accuracy: 80.000(78.645), Loss: 0.529(0.529), LR: 0.000007
[GPU cuda:1][TRAIN] Epoch: [8][2479/2480], Elapsed 11m 46s (remain 0m 0s), Accuracy: 40.000(78.685), Loss: 2.209(0.529), LR: 0.000007
[GPU cuda:1][VALID][0/97], Elapsed 0m 1s (remain 2m 11s), Accuracy: 71.875(71.875), Batch Loss: 0.8415, Average Loss: 0.8415
[GPU cuda:1][VALID][50/97], Elapsed 0m 48s (remain 0m 43s), Accuracy: 78.125(73.836), Batch Loss: 0.4530, Average Loss: 0.7165
[GPU cuda:1][VALID][96/97], Elapsed 1m 32s (remain 0m 0s), Accuracy: 78.571(73.104), Batch Loss: 0.4652, Average Loss: 0.7243
Valid Labels Samples: [2 0 1 4 1 0 3 1 4 3]
Valid Predictions Samples: [2, 0, 1, 3, 1, 1, 3, 1, 3, 0]
Epoch 8 - Train Average Loss: 78.685, Valid Average Loss: 73.104, Epoch Time: 801.222s
Epoch 8 - Accuracy: 0.731, Precision: 0.732, Recall: 0.731
[GPU cuda:1][TRAIN] Epoch: [9][0/2480], Elapsed 0m 0s (remain 26m 29s), Accuracy: 60.000(60.000), Loss: 0.654(0.654), LR: 0.000007
[GPU cuda:1][TRAIN] Epoch: [9][50/2480], Elapsed 0m 15s (remain 11m 55s), Accuracy: 60.000(82.745), Loss: 0.670(0.428), LR: 0.000007
[GPU cuda:1][TRAIN] Epoch: [9][100/2480], Elapsed 0m 29s (remain 11m 29s), Accuracy: 80.000(80.000), Loss: 0.894(0.474), LR: 0.000007
[GPU cuda:1][TRAIN] Epoch: [9][150/2480], Elapsed 0m 43s (remain 11m 10s), Accuracy: 80.000(80.795), Loss: 0.677(0.481), LR: 0.000007
[GPU cuda:1][TRAIN] Epoch: [9][200/2480], Elapsed 0m 57s (remain 10m 54s), Accuracy: 100.000(79.403), Loss: 0.338(0.508), LR: 0.000007
[GPU cuda:1][TRAIN] Epoch: [9][250/2480], Elapsed 1m 11s (remain 10m 38s), Accuracy: 100.000(79.442), Loss: 0.196(0.510), LR: 0.000007
[GPU cuda:1][TRAIN] Epoch: [9][300/2480], Elapsed 1m 26s (remain 10m 23s), Accuracy: 20.000(79.070), Loss: 1.067(0.516), LR: 0.000007
[GPU cuda:1][TRAIN] Epoch: [9][350/2480], Elapsed 1m 40s (remain 10m 8s), Accuracy: 80.000(78.519), Loss: 0.993(0.528), LR: 0.000007
[GPU cuda:1][TRAIN] Epoch: [9][400/2480], Elapsed 1m 54s (remain 9m 53s), Accuracy: 80.000(78.554), Loss: 0.468(0.523), LR: 0.000007
[GPU cuda:1][TRAIN] Epoch: [9][450/2480], Elapsed 2m 8s (remain 9m 38s), Accuracy: 60.000(78.670), Loss: 0.861(0.526), LR: 0.000007
[GPU cuda:1][TRAIN] Epoch: [9][500/2480], Elapsed 2m 22s (remain 9m 24s), Accuracy: 40.000(78.683), Loss: 0.936(0.519), LR: 0.000007
[GPU cuda:1][TRAIN] Epoch: [9][550/2480], Elapsed 2m 37s (remain 9m 9s), Accuracy: 100.000(78.657), Loss: 0.104(0.526), LR: 0.000007
[GPU cuda:1][TRAIN] Epoch: [9][600/2480], Elapsed 2m 51s (remain 8m 55s), Accuracy: 100.000(78.702), Loss: 0.016(0.528), LR: 0.000007
[GPU cuda:1][TRAIN] Epoch: [9][650/2480], Elapsed 3m 5s (remain 8m 41s), Accuracy: 100.000(78.771), Loss: 0.020(0.530), LR: 0.000007
[GPU cuda:1][TRAIN] Epoch: [9][700/2480], Elapsed 3m 19s (remain 8m 26s), Accuracy: 100.000(78.631), Loss: 0.209(0.534), LR: 0.000007
[GPU cuda:1][TRAIN] Epoch: [9][750/2480], Elapsed 3m 33s (remain 8m 12s), Accuracy: 100.000(78.828), Loss: 0.164(0.531), LR: 0.000007
[GPU cuda:1][TRAIN] Epoch: [9][800/2480], Elapsed 3m 47s (remain 7m 57s), Accuracy: 80.000(79.126), Loss: 0.248(0.526), LR: 0.000007
[GPU cuda:1][TRAIN] Epoch: [9][850/2480], Elapsed 4m 2s (remain 7m 43s), Accuracy: 60.000(79.295), Loss: 0.602(0.519), LR: 0.000007
[GPU cuda:1][TRAIN] Epoch: [9][900/2480], Elapsed 4m 16s (remain 7m 29s), Accuracy: 80.000(79.623), Loss: 0.429(0.514), LR: 0.000007
[GPU cuda:1][TRAIN] Epoch: [9][950/2480], Elapsed 4m 30s (remain 7m 14s), Accuracy: 80.000(79.916), Loss: 0.518(0.506), LR: 0.000007
[GPU cuda:1][TRAIN] Epoch: [9][1000/2480], Elapsed 4m 44s (remain 7m 0s), Accuracy: 60.000(79.900), Loss: 0.809(0.505), LR: 0.000007
[GPU cuda:1][TRAIN] Epoch: [9][1050/2480], Elapsed 4m 58s (remain 6m 46s), Accuracy: 100.000(79.810), Loss: 0.453(0.509), LR: 0.000007
[GPU cuda:1][TRAIN] Epoch: [9][1100/2480], Elapsed 5m 12s (remain 6m 31s), Accuracy: 80.000(80.018), Loss: 0.210(0.505), LR: 0.000007
[GPU cuda:1][TRAIN] Epoch: [9][1150/2480], Elapsed 5m 27s (remain 6m 17s), Accuracy: 80.000(79.826), Loss: 0.466(0.508), LR: 0.000007
[GPU cuda:1][TRAIN] Epoch: [9][1200/2480], Elapsed 5m 41s (remain 6m 3s), Accuracy: 100.000(80.067), Loss: 0.369(0.503), LR: 0.000007
[GPU cuda:1][TRAIN] Epoch: [9][1250/2480], Elapsed 5m 55s (remain 5m 49s), Accuracy: 80.000(80.128), Loss: 0.403(0.501), LR: 0.000007
[GPU cuda:1][TRAIN] Epoch: [9][1300/2480], Elapsed 6m 9s (remain 5m 34s), Accuracy: 60.000(80.154), Loss: 0.905(0.500), LR: 0.000007
[GPU cuda:1][TRAIN] Epoch: [9][1350/2480], Elapsed 6m 23s (remain 5m 20s), Accuracy: 100.000(80.518), Loss: 0.032(0.493), LR: 0.000007
[GPU cuda:1][TRAIN] Epoch: [9][1400/2480], Elapsed 6m 37s (remain 5m 6s), Accuracy: 100.000(80.500), Loss: 0.082(0.493), LR: 0.000007
[GPU cuda:1][TRAIN] Epoch: [9][1450/2480], Elapsed 6m 51s (remain 4m 52s), Accuracy: 100.000(80.662), Loss: 0.204(0.490), LR: 0.000007
[GPU cuda:1][TRAIN] Epoch: [9][1500/2480], Elapsed 7m 6s (remain 4m 37s), Accuracy: 80.000(80.706), Loss: 0.212(0.489), LR: 0.000007
[GPU cuda:1][TRAIN] Epoch: [9][1550/2480], Elapsed 7m 20s (remain 4m 23s), Accuracy: 100.000(80.774), Loss: 0.100(0.487), LR: 0.000007
[GPU cuda:1][TRAIN] Epoch: [9][1600/2480], Elapsed 7m 34s (remain 4m 9s), Accuracy: 100.000(80.775), Loss: 0.226(0.486), LR: 0.000007
[GPU cuda:1][TRAIN] Epoch: [9][1650/2480], Elapsed 7m 48s (remain 3m 55s), Accuracy: 80.000(80.945), Loss: 0.267(0.482), LR: 0.000007
[GPU cuda:1][TRAIN] Epoch: [9][1700/2480], Elapsed 8m 2s (remain 3m 41s), Accuracy: 80.000(80.905), Loss: 0.320(0.483), LR: 0.000007
[GPU cuda:1][TRAIN] Epoch: [9][1750/2480], Elapsed 8m 16s (remain 3m 26s), Accuracy: 60.000(80.959), Loss: 1.341(0.482), LR: 0.000007
[GPU cuda:1][TRAIN] Epoch: [9][1800/2480], Elapsed 8m 31s (remain 3m 12s), Accuracy: 100.000(80.966), Loss: 0.076(0.480), LR: 0.000007
[GPU cuda:1][TRAIN] Epoch: [9][1850/2480], Elapsed 8m 45s (remain 2m 58s), Accuracy: 100.000(81.070), Loss: 0.334(0.479), LR: 0.000007
[GPU cuda:1][TRAIN] Epoch: [9][1900/2480], Elapsed 8m 59s (remain 2m 44s), Accuracy: 60.000(81.157), Loss: 0.754(0.478), LR: 0.000007
[GPU cuda:1][TRAIN] Epoch: [9][1950/2480], Elapsed 9m 13s (remain 2m 30s), Accuracy: 100.000(81.046), Loss: 0.207(0.479), LR: 0.000007
[GPU cuda:1][TRAIN] Epoch: [9][2000/2480], Elapsed 9m 27s (remain 2m 15s), Accuracy: 100.000(81.039), Loss: 0.449(0.479), LR: 0.000007
[GPU cuda:1][TRAIN] Epoch: [9][2050/2480], Elapsed 9m 41s (remain 2m 1s), Accuracy: 40.000(81.121), Loss: 1.071(0.479), LR: 0.000007
[GPU cuda:1][TRAIN] Epoch: [9][2100/2480], Elapsed 9m 55s (remain 1m 47s), Accuracy: 100.000(81.266), Loss: 0.049(0.476), LR: 0.000007
[GPU cuda:1][TRAIN] Epoch: [9][2150/2480], Elapsed 10m 10s (remain 1m 33s), Accuracy: 80.000(81.339), Loss: 0.344(0.474), LR: 0.000007
[GPU cuda:1][TRAIN] Epoch: [9][2200/2480], Elapsed 10m 24s (remain 1m 19s), Accuracy: 80.000(81.354), Loss: 0.339(0.474), LR: 0.000007
[GPU cuda:1][TRAIN] Epoch: [9][2250/2480], Elapsed 10m 38s (remain 1m 4s), Accuracy: 100.000(81.244), Loss: 0.266(0.476), LR: 0.000007
[GPU cuda:1][TRAIN] Epoch: [9][2300/2480], Elapsed 10m 52s (remain 0m 50s), Accuracy: 80.000(81.182), Loss: 0.304(0.476), LR: 0.000007
[GPU cuda:1][TRAIN] Epoch: [9][2350/2480], Elapsed 11m 6s (remain 0m 36s), Accuracy: 80.000(81.174), Loss: 0.304(0.477), LR: 0.000007
[GPU cuda:1][TRAIN] Epoch: [9][2400/2480], Elapsed 11m 20s (remain 0m 22s), Accuracy: 40.000(81.241), Loss: 1.587(0.476), LR: 0.000007
[GPU cuda:1][TRAIN] Epoch: [9][2450/2480], Elapsed 11m 35s (remain 0m 8s), Accuracy: 80.000(81.314), Loss: 0.518(0.474), LR: 0.000007
[GPU cuda:1][TRAIN] Epoch: [9][2479/2480], Elapsed 11m 43s (remain 0m 0s), Accuracy: 40.000(81.323), Loss: 2.128(0.475), LR: 0.000007
[GPU cuda:1][VALID][0/97], Elapsed 0m 1s (remain 2m 14s), Accuracy: 65.625(65.625), Batch Loss: 0.9266, Average Loss: 0.9266
[GPU cuda:1][VALID][50/97], Elapsed 0m 48s (remain 0m 43s), Accuracy: 71.875(71.691), Batch Loss: 0.6352, Average Loss: 0.8252
[GPU cuda:1][VALID][96/97], Elapsed 1m 32s (remain 0m 0s), Accuracy: 78.571(70.623), Batch Loss: 0.5559, Average Loss: 0.8374
Valid Labels Samples: [2 0 1 4 1 0 3 1 4 3]
Valid Predictions Samples: [2, 0, 1, 3, 1, 1, 3, 1, 3, 0]
Epoch 9 - Train Average Loss: 81.323, Valid Average Loss: 70.623, Epoch Time: 798.323s
Epoch 9 - Accuracy: 0.706, Precision: 0.720, Recall: 0.706
