[GPU 0]: Config File
{'id': 33, 'model_name': 'swin_large_patch4_window12_384_in22k', 'dropout': 0.5, 'size': 384, 'batch_size_t': 4, 'batch_size_v': 8, 'n_targets': 5, 'criterion': 'CrossEntropyLoss', 'gradient_accumulation_steps': 1, 'max_gradient_norm': None, 'optimizer': 'RangerLars', 'scheduler': 'OneCycleLR', 'LR': 0.0001, 'T_0': 200, 'T_max': 10, 'T_mult': 2, 'min_lr': 1e-06, 'max_lr': 0.0005, 'no_batches': 3100, 'warmup_epochs': 1, 'cosine_epochs': 14, 'epochs': 15, 'update_per_batch': True, 'num_workers': 4, 'n_folds': 5, 'train_transforms': [], 'valid_transforms': [], 'observations': None, 'use_swa': True, 'swa_lr': 0.01, 'swa_epoch': 0, 'use_sam': True, 'use_asam': True, 'asam_rho': 0.1, 'print_freq': 50, 'one_fold': True, 'use_apex': True, 'distributed_training': False, 'save_to_log': True}
================================================== Training Fold: 0 ==================================================
[GPU cuda:0][TRAIN] Epoch: [1][0/3100], Elapsed 0m 0s (remain 25m 6s), Accuracy: 0.000(0.000), Loss: 1.718(1.718), LR: 0.000020
[GPU cuda:0][TRAIN] Epoch: [1][50/3100], Elapsed 0m 15s (remain 15m 49s), Accuracy: 50.000(16.667), Loss: 1.552(1.664), LR: 0.000020
[GPU cuda:0][TRAIN] Epoch: [1][100/3100], Elapsed 0m 31s (remain 15m 32s), Accuracy: 50.000(17.079), Loss: 1.488(1.654), LR: 0.000020
[GPU cuda:0][TRAIN] Epoch: [1][150/3100], Elapsed 0m 46s (remain 15m 17s), Accuracy: 25.000(17.219), Loss: 1.498(1.649), LR: 0.000020
[GPU cuda:0][TRAIN] Epoch: [1][200/3100], Elapsed 1m 2s (remain 15m 0s), Accuracy: 25.000(17.040), Loss: 1.549(1.651), LR: 0.000020
[GPU cuda:0][TRAIN] Epoch: [1][250/3100], Elapsed 1m 17s (remain 14m 45s), Accuracy: 25.000(16.833), Loss: 1.645(1.647), LR: 0.000020
[GPU cuda:0][TRAIN] Epoch: [1][300/3100], Elapsed 1m 33s (remain 14m 29s), Accuracy: 25.000(17.442), Loss: 1.667(1.643), LR: 0.000021
[GPU cuda:0][TRAIN] Epoch: [1][350/3100], Elapsed 1m 49s (remain 14m 14s), Accuracy: 25.000(18.091), Loss: 1.673(1.640), LR: 0.000021
[GPU cuda:0][TRAIN] Epoch: [1][400/3100], Elapsed 2m 4s (remain 13m 58s), Accuracy: 0.000(18.579), Loss: 1.766(1.636), LR: 0.000021
[GPU cuda:0][TRAIN] Epoch: [1][450/3100], Elapsed 2m 20s (remain 13m 43s), Accuracy: 50.000(19.457), Loss: 1.439(1.630), LR: 0.000021
[GPU cuda:0][TRAIN] Epoch: [1][500/3100], Elapsed 2m 35s (remain 13m 27s), Accuracy: 0.000(19.611), Loss: 1.653(1.628), LR: 0.000022
[GPU cuda:0][TRAIN] Epoch: [1][550/3100], Elapsed 2m 51s (remain 13m 12s), Accuracy: 25.000(20.191), Loss: 1.580(1.625), LR: 0.000022
[GPU cuda:0][TRAIN] Epoch: [1][600/3100], Elapsed 3m 6s (remain 12m 56s), Accuracy: 0.000(20.424), Loss: 1.649(1.623), LR: 0.000022
[GPU cuda:0][TRAIN] Epoch: [1][650/3100], Elapsed 3m 22s (remain 12m 41s), Accuracy: 25.000(20.814), Loss: 1.617(1.620), LR: 0.000023
[GPU cuda:0][TRAIN] Epoch: [1][700/3100], Elapsed 3m 37s (remain 12m 25s), Accuracy: 75.000(21.291), Loss: 1.314(1.617), LR: 0.000023
[GPU cuda:0][TRAIN] Epoch: [1][750/3100], Elapsed 3m 53s (remain 12m 9s), Accuracy: 50.000(22.004), Loss: 1.472(1.612), LR: 0.000023
[GPU cuda:0][TRAIN] Epoch: [1][800/3100], Elapsed 4m 8s (remain 11m 54s), Accuracy: 50.000(22.503), Loss: 1.393(1.611), LR: 0.000024
[GPU cuda:0][TRAIN] Epoch: [1][850/3100], Elapsed 4m 24s (remain 11m 38s), Accuracy: 50.000(23.090), Loss: 1.435(1.608), LR: 0.000024
[GPU cuda:0][TRAIN] Epoch: [1][900/3100], Elapsed 4m 39s (remain 11m 23s), Accuracy: 25.000(23.141), Loss: 1.532(1.608), LR: 0.000025
[GPU cuda:0][TRAIN] Epoch: [1][950/3100], Elapsed 4m 55s (remain 11m 7s), Accuracy: 25.000(23.265), Loss: 1.496(1.606), LR: 0.000025
[GPU cuda:0][TRAIN] Epoch: [1][1000/3100], Elapsed 5m 10s (remain 10m 52s), Accuracy: 25.000(23.876), Loss: 1.662(1.603), LR: 0.000026
[GPU cuda:0][TRAIN] Epoch: [1][1050/3100], Elapsed 5m 26s (remain 10m 36s), Accuracy: 0.000(24.286), Loss: 1.673(1.599), LR: 0.000027
[GPU cuda:0][TRAIN] Epoch: [1][1100/3100], Elapsed 5m 41s (remain 10m 20s), Accuracy: 25.000(24.886), Loss: 1.750(1.596), LR: 0.000027
[GPU cuda:0][TRAIN] Epoch: [1][1150/3100], Elapsed 5m 57s (remain 10m 5s), Accuracy: 25.000(25.174), Loss: 1.490(1.592), LR: 0.000028
[GPU cuda:0][TRAIN] Epoch: [1][1200/3100], Elapsed 6m 12s (remain 9m 49s), Accuracy: 75.000(25.833), Loss: 1.296(1.587), LR: 0.000029
[GPU cuda:0][TRAIN] Epoch: [1][1250/3100], Elapsed 6m 28s (remain 9m 34s), Accuracy: 25.000(26.299), Loss: 1.765(1.583), LR: 0.000029
[GPU cuda:0][TRAIN] Epoch: [1][1300/3100], Elapsed 6m 43s (remain 9m 18s), Accuracy: 0.000(26.883), Loss: 1.600(1.577), LR: 0.000030
[GPU cuda:0][TRAIN] Epoch: [1][1350/3100], Elapsed 6m 59s (remain 9m 2s), Accuracy: 50.000(27.369), Loss: 1.060(1.570), LR: 0.000031
[GPU cuda:0][TRAIN] Epoch: [1][1400/3100], Elapsed 7m 14s (remain 8m 47s), Accuracy: 25.000(27.766), Loss: 1.308(1.565), LR: 0.000032
[GPU cuda:0][TRAIN] Epoch: [1][1450/3100], Elapsed 7m 30s (remain 8m 31s), Accuracy: 75.000(28.532), Loss: 1.100(1.557), LR: 0.000033
[GPU cuda:0][TRAIN] Epoch: [1][1500/3100], Elapsed 7m 45s (remain 8m 16s), Accuracy: 50.000(29.114), Loss: 1.233(1.549), LR: 0.000034
[GPU cuda:0][TRAIN] Epoch: [1][1550/3100], Elapsed 8m 1s (remain 8m 0s), Accuracy: 50.000(29.610), Loss: 1.012(1.541), LR: 0.000034
[GPU cuda:0][TRAIN] Epoch: [1][1600/3100], Elapsed 8m 16s (remain 7m 45s), Accuracy: 100.000(30.356), Loss: 0.908(1.530), LR: 0.000035
[GPU cuda:0][TRAIN] Epoch: [1][1650/3100], Elapsed 8m 32s (remain 7m 29s), Accuracy: 50.000(30.769), Loss: 1.243(1.521), LR: 0.000036
[GPU cuda:0][TRAIN] Epoch: [1][1700/3100], Elapsed 8m 47s (remain 7m 13s), Accuracy: 50.000(31.335), Loss: 1.371(1.511), LR: 0.000037
[GPU cuda:0][TRAIN] Epoch: [1][1750/3100], Elapsed 9m 3s (remain 6m 58s), Accuracy: 75.000(31.967), Loss: 0.837(1.502), LR: 0.000038
[GPU cuda:0][TRAIN] Epoch: [1][1800/3100], Elapsed 9m 18s (remain 6m 42s), Accuracy: 75.000(32.760), Loss: 0.837(1.489), LR: 0.000039
[GPU cuda:0][TRAIN] Epoch: [1][1850/3100], Elapsed 9m 34s (remain 6m 27s), Accuracy: 25.000(33.036), Loss: 1.256(1.481), LR: 0.000041
[GPU cuda:0][TRAIN] Epoch: [1][1900/3100], Elapsed 9m 49s (remain 6m 11s), Accuracy: 50.000(33.548), Loss: 1.142(1.470), LR: 0.000042
[GPU cuda:0][TRAIN] Epoch: [1][1950/3100], Elapsed 10m 5s (remain 5m 56s), Accuracy: 100.000(33.957), Loss: 0.810(1.462), LR: 0.000043
[GPU cuda:0][TRAIN] Epoch: [1][2000/3100], Elapsed 10m 20s (remain 5m 40s), Accuracy: 75.000(34.458), Loss: 1.054(1.453), LR: 0.000044
[GPU cuda:0][TRAIN] Epoch: [1][2050/3100], Elapsed 10m 36s (remain 5m 25s), Accuracy: 50.000(35.020), Loss: 0.965(1.441), LR: 0.000045
[GPU cuda:0][TRAIN] Epoch: [1][2100/3100], Elapsed 10m 51s (remain 5m 9s), Accuracy: 50.000(35.436), Loss: 1.850(1.433), LR: 0.000046
[GPU cuda:0][TRAIN] Epoch: [1][2150/3100], Elapsed 11m 7s (remain 4m 54s), Accuracy: 25.000(36.007), Loss: 1.420(1.422), LR: 0.000048
[GPU cuda:0][TRAIN] Epoch: [1][2200/3100], Elapsed 11m 22s (remain 4m 38s), Accuracy: 25.000(36.438), Loss: 1.484(1.414), LR: 0.000049
[GPU cuda:0][TRAIN] Epoch: [1][2250/3100], Elapsed 11m 38s (remain 4m 23s), Accuracy: 75.000(36.950), Loss: 0.825(1.403), LR: 0.000050
[GPU cuda:0][TRAIN] Epoch: [1][2300/3100], Elapsed 11m 53s (remain 4m 7s), Accuracy: 0.000(37.462), Loss: 1.609(1.394), LR: 0.000052
[GPU cuda:0][TRAIN] Epoch: [1][2350/3100], Elapsed 12m 9s (remain 3m 52s), Accuracy: 50.000(37.771), Loss: 1.003(1.386), LR: 0.000053
[GPU cuda:0][TRAIN] Epoch: [1][2400/3100], Elapsed 12m 24s (remain 3m 36s), Accuracy: 0.000(38.067), Loss: 1.413(1.381), LR: 0.000054
[GPU cuda:0][TRAIN] Epoch: [1][2450/3100], Elapsed 12m 40s (remain 3m 21s), Accuracy: 50.000(38.413), Loss: 0.907(1.374), LR: 0.000056
[GPU cuda:0][TRAIN] Epoch: [1][2500/3100], Elapsed 12m 55s (remain 3m 5s), Accuracy: 25.000(38.784), Loss: 1.332(1.367), LR: 0.000057
[GPU cuda:0][TRAIN] Epoch: [1][2550/3100], Elapsed 13m 11s (remain 2m 50s), Accuracy: 75.000(39.073), Loss: 0.912(1.362), LR: 0.000059
[GPU cuda:0][TRAIN] Epoch: [1][2600/3100], Elapsed 13m 26s (remain 2m 34s), Accuracy: 50.000(39.552), Loss: 0.908(1.353), LR: 0.000060
[GPU cuda:0][TRAIN] Epoch: [1][2650/3100], Elapsed 13m 42s (remain 2m 19s), Accuracy: 0.000(39.909), Loss: 1.780(1.346), LR: 0.000062
[GPU cuda:0][TRAIN] Epoch: [1][2700/3100], Elapsed 13m 57s (remain 2m 3s), Accuracy: 75.000(40.411), Loss: 0.579(1.338), LR: 0.000063
[GPU cuda:0][TRAIN] Epoch: [1][2750/3100], Elapsed 14m 13s (remain 1m 48s), Accuracy: 50.000(40.740), Loss: 0.900(1.330), LR: 0.000065
[GPU cuda:0][TRAIN] Epoch: [1][2800/3100], Elapsed 14m 28s (remain 1m 32s), Accuracy: 25.000(41.003), Loss: 1.842(1.325), LR: 0.000066
[GPU cuda:0][TRAIN] Epoch: [1][2850/3100], Elapsed 14m 44s (remain 1m 17s), Accuracy: 75.000(41.257), Loss: 0.955(1.319), LR: 0.000068
[GPU cuda:0][TRAIN] Epoch: [1][2900/3100], Elapsed 14m 59s (remain 1m 1s), Accuracy: 100.000(41.555), Loss: 0.882(1.314), LR: 0.000069
[GPU cuda:0][TRAIN] Epoch: [1][2950/3100], Elapsed 15m 14s (remain 0m 46s), Accuracy: 50.000(41.943), Loss: 1.012(1.308), LR: 0.000071
[GPU cuda:0][TRAIN] Epoch: [1][3000/3100], Elapsed 15m 30s (remain 0m 30s), Accuracy: 25.000(42.303), Loss: 2.141(1.301), LR: 0.000073
[GPU cuda:0][TRAIN] Epoch: [1][3050/3100], Elapsed 15m 45s (remain 0m 15s), Accuracy: 75.000(42.675), Loss: 0.651(1.294), LR: 0.000074
[GPU cuda:0][TRAIN] Epoch: [1][3099/3100], Elapsed 16m 1s (remain 0m 0s), Accuracy: 25.000(42.911), Loss: 1.949(1.289), LR: 0.000076
[GPU cuda:0][VALID][0/388], Elapsed 0m 0s (remain 3m 19s), Accuracy: 75.000(75.000), Batch Loss: 0.5754, Average Loss: 0.5754
[GPU cuda:0][VALID][50/388], Elapsed 0m 12s (remain 1m 20s), Accuracy: 62.500(64.951), Batch Loss: 0.7545, Average Loss: 0.8128
[GPU cuda:0][VALID][100/388], Elapsed 0m 23s (remain 1m 7s), Accuracy: 37.500(63.243), Batch Loss: 1.2099, Average Loss: 0.8391
[GPU cuda:0][VALID][150/388], Elapsed 0m 35s (remain 0m 55s), Accuracy: 50.000(62.500), Batch Loss: 1.1555, Average Loss: 0.8582
[GPU cuda:0][VALID][200/388], Elapsed 0m 47s (remain 0m 43s), Accuracy: 75.000(62.189), Batch Loss: 0.5618, Average Loss: 0.8587
[GPU cuda:0][VALID][250/388], Elapsed 0m 58s (remain 0m 32s), Accuracy: 37.500(62.251), Batch Loss: 1.2684, Average Loss: 0.8593
[GPU cuda:0][VALID][300/388], Elapsed 1m 10s (remain 0m 20s), Accuracy: 37.500(62.417), Batch Loss: 1.1724, Average Loss: 0.8572
[GPU cuda:0][VALID][350/388], Elapsed 1m 22s (remain 0m 8s), Accuracy: 62.500(62.251), Batch Loss: 0.9173, Average Loss: 0.8620
[GPU cuda:0][VALID][387/388], Elapsed 1m 30s (remain 0m 0s), Accuracy: 0.000(62.081), Batch Loss: 1.2351, Average Loss: 0.8624
Valid Labels Samples: [2 0 1 4 1 0 3 1 4 3]
Valid Predictions Samples: [2, 0, 2, 4, 1, 0, 3, 2, 4, 0]
Epoch 1 - Train Average Loss: 42.911, Valid Average Loss: 62.081, Epoch Time: 1053.768s
Epoch 1 - Accuracy: 0.622, Precision: 0.637, Recall: 0.622
Saved Best Model: 0.62
[GPU cuda:0][TRAIN] Epoch: [2][0/3100], Elapsed 0m 0s (remain 36m 2s), Accuracy: 75.000(75.000), Loss: 0.861(0.861), LR: 0.000076
[GPU cuda:0][TRAIN] Epoch: [2][50/3100], Elapsed 0m 16s (remain 16m 8s), Accuracy: 50.000(60.294), Loss: 0.916(0.906), LR: 0.000078
[GPU cuda:0][TRAIN] Epoch: [2][100/3100], Elapsed 0m 31s (remain 15m 41s), Accuracy: 25.000(63.366), Loss: 1.250(0.850), LR: 0.000080
[GPU cuda:0][TRAIN] Epoch: [2][150/3100], Elapsed 0m 47s (remain 15m 21s), Accuracy: 75.000(61.258), Loss: 0.267(0.878), LR: 0.000082
[GPU cuda:0][TRAIN] Epoch: [2][200/3100], Elapsed 1m 2s (remain 15m 4s), Accuracy: 75.000(61.318), Loss: 0.421(0.888), LR: 0.000083
[GPU cuda:0][TRAIN] Epoch: [2][250/3100], Elapsed 1m 18s (remain 14m 47s), Accuracy: 25.000(59.861), Loss: 1.673(0.916), LR: 0.000085
[GPU cuda:0][TRAIN] Epoch: [2][300/3100], Elapsed 1m 33s (remain 14m 31s), Accuracy: 0.000(59.801), Loss: 1.567(0.923), LR: 0.000087
[GPU cuda:0][TRAIN] Epoch: [2][350/3100], Elapsed 1m 49s (remain 14m 15s), Accuracy: 25.000(60.114), Loss: 1.298(0.914), LR: 0.000089
[GPU cuda:0][TRAIN] Epoch: [2][400/3100], Elapsed 2m 4s (remain 13m 59s), Accuracy: 25.000(59.165), Loss: 1.298(0.923), LR: 0.000091
[GPU cuda:0][TRAIN] Epoch: [2][450/3100], Elapsed 2m 20s (remain 13m 43s), Accuracy: 75.000(59.756), Loss: 0.715(0.915), LR: 0.000093
[GPU cuda:0][TRAIN] Epoch: [2][500/3100], Elapsed 2m 35s (remain 13m 27s), Accuracy: 50.000(59.431), Loss: 0.987(0.924), LR: 0.000095
[GPU cuda:0][TRAIN] Epoch: [2][550/3100], Elapsed 2m 51s (remain 13m 11s), Accuracy: 25.000(59.891), Loss: 2.085(0.917), LR: 0.000097
[GPU cuda:0][TRAIN] Epoch: [2][600/3100], Elapsed 3m 6s (remain 12m 56s), Accuracy: 50.000(60.358), Loss: 1.083(0.913), LR: 0.000099
[GPU cuda:0][TRAIN] Epoch: [2][650/3100], Elapsed 3m 22s (remain 12m 40s), Accuracy: 75.000(60.061), Loss: 0.874(0.916), LR: 0.000101
[GPU cuda:0][TRAIN] Epoch: [2][700/3100], Elapsed 3m 37s (remain 12m 24s), Accuracy: 75.000(60.093), Loss: 0.621(0.916), LR: 0.000103
[GPU cuda:0][TRAIN] Epoch: [2][750/3100], Elapsed 3m 53s (remain 12m 9s), Accuracy: 75.000(60.353), Loss: 0.307(0.915), LR: 0.000105
[GPU cuda:0][TRAIN] Epoch: [2][800/3100], Elapsed 4m 8s (remain 11m 53s), Accuracy: 50.000(60.424), Loss: 0.912(0.915), LR: 0.000107
[GPU cuda:0][TRAIN] Epoch: [2][850/3100], Elapsed 4m 24s (remain 11m 37s), Accuracy: 100.000(60.458), Loss: 0.462(0.916), LR: 0.000109
[GPU cuda:0][TRAIN] Epoch: [2][900/3100], Elapsed 4m 39s (remain 11m 22s), Accuracy: 75.000(60.044), Loss: 0.876(0.922), LR: 0.000111
[GPU cuda:0][TRAIN] Epoch: [2][950/3100], Elapsed 4m 55s (remain 11m 6s), Accuracy: 75.000(60.174), Loss: 0.838(0.923), LR: 0.000113
[GPU cuda:0][TRAIN] Epoch: [2][1000/3100], Elapsed 5m 10s (remain 10m 51s), Accuracy: 75.000(60.664), Loss: 0.625(0.916), LR: 0.000115
[GPU cuda:0][TRAIN] Epoch: [2][1050/3100], Elapsed 5m 26s (remain 10m 35s), Accuracy: 100.000(60.942), Loss: 0.225(0.911), LR: 0.000117
[GPU cuda:0][TRAIN] Epoch: [2][1100/3100], Elapsed 5m 41s (remain 10m 20s), Accuracy: 25.000(61.172), Loss: 1.340(0.906), LR: 0.000120
[GPU cuda:0][TRAIN] Epoch: [2][1150/3100], Elapsed 5m 56s (remain 10m 4s), Accuracy: 75.000(61.360), Loss: 0.649(0.905), LR: 0.000122
[GPU cuda:0][TRAIN] Epoch: [2][1200/3100], Elapsed 6m 12s (remain 9m 48s), Accuracy: 100.000(61.553), Loss: 0.126(0.901), LR: 0.000124
[GPU cuda:0][TRAIN] Epoch: [2][1250/3100], Elapsed 6m 27s (remain 9m 33s), Accuracy: 50.000(61.391), Loss: 1.153(0.901), LR: 0.000126
[GPU cuda:0][TRAIN] Epoch: [2][1300/3100], Elapsed 6m 43s (remain 9m 17s), Accuracy: 50.000(61.357), Loss: 1.021(0.902), LR: 0.000129
[GPU cuda:0][TRAIN] Epoch: [2][1350/3100], Elapsed 6m 58s (remain 9m 2s), Accuracy: 100.000(61.714), Loss: 0.364(0.897), LR: 0.000131
[GPU cuda:0][TRAIN] Epoch: [2][1400/3100], Elapsed 7m 14s (remain 8m 46s), Accuracy: 25.000(61.492), Loss: 0.912(0.898), LR: 0.000133
[GPU cuda:0][TRAIN] Epoch: [2][1450/3100], Elapsed 7m 29s (remain 8m 31s), Accuracy: 75.000(61.751), Loss: 0.737(0.893), LR: 0.000135
[GPU cuda:0][TRAIN] Epoch: [2][1500/3100], Elapsed 7m 45s (remain 8m 15s), Accuracy: 50.000(61.609), Loss: 1.256(0.896), LR: 0.000138
[GPU cuda:0][TRAIN] Epoch: [2][1550/3100], Elapsed 8m 0s (remain 8m 0s), Accuracy: 100.000(61.605), Loss: 0.277(0.896), LR: 0.000140
[GPU cuda:0][TRAIN] Epoch: [2][1600/3100], Elapsed 8m 16s (remain 7m 44s), Accuracy: 100.000(61.680), Loss: 0.516(0.895), LR: 0.000142
[GPU cuda:0][TRAIN] Epoch: [2][1650/3100], Elapsed 8m 31s (remain 7m 29s), Accuracy: 100.000(61.887), Loss: 0.481(0.893), LR: 0.000145
[GPU cuda:0][TRAIN] Epoch: [2][1700/3100], Elapsed 8m 47s (remain 7m 13s), Accuracy: 75.000(62.111), Loss: 1.063(0.891), LR: 0.000147
[GPU cuda:0][TRAIN] Epoch: [2][1750/3100], Elapsed 9m 2s (remain 6m 58s), Accuracy: 100.000(62.079), Loss: 0.453(0.892), LR: 0.000150
[GPU cuda:0][TRAIN] Epoch: [2][1800/3100], Elapsed 9m 18s (remain 6m 42s), Accuracy: 100.000(62.243), Loss: 0.235(0.890), LR: 0.000152
[GPU cuda:0][TRAIN] Epoch: [2][1850/3100], Elapsed 9m 33s (remain 6m 27s), Accuracy: 75.000(62.102), Loss: 1.009(0.892), LR: 0.000154
[GPU cuda:0][TRAIN] Epoch: [2][1900/3100], Elapsed 9m 49s (remain 6m 11s), Accuracy: 50.000(62.270), Loss: 1.337(0.889), LR: 0.000157
[GPU cuda:0][TRAIN] Epoch: [2][1950/3100], Elapsed 10m 4s (remain 5m 56s), Accuracy: 100.000(62.314), Loss: 0.332(0.888), LR: 0.000159
[GPU cuda:0][TRAIN] Epoch: [2][2000/3100], Elapsed 10m 20s (remain 5m 40s), Accuracy: 75.000(62.256), Loss: 0.656(0.889), LR: 0.000162
[GPU cuda:0][TRAIN] Epoch: [2][2050/3100], Elapsed 10m 35s (remain 5m 25s), Accuracy: 75.000(62.335), Loss: 0.503(0.886), LR: 0.000164
[GPU cuda:0][TRAIN] Epoch: [2][2100/3100], Elapsed 10m 51s (remain 5m 9s), Accuracy: 50.000(62.375), Loss: 2.249(0.885), LR: 0.000167
[GPU cuda:0][TRAIN] Epoch: [2][2150/3100], Elapsed 11m 6s (remain 4m 54s), Accuracy: 25.000(62.529), Loss: 1.253(0.882), LR: 0.000169
[GPU cuda:0][TRAIN] Epoch: [2][2200/3100], Elapsed 11m 22s (remain 4m 38s), Accuracy: 25.000(62.528), Loss: 1.340(0.883), LR: 0.000172
[GPU cuda:0][TRAIN] Epoch: [2][2250/3100], Elapsed 11m 37s (remain 4m 23s), Accuracy: 50.000(62.617), Loss: 1.100(0.881), LR: 0.000174
[GPU cuda:0][TRAIN] Epoch: [2][2300/3100], Elapsed 11m 53s (remain 4m 7s), Accuracy: 0.000(62.636), Loss: 1.611(0.881), LR: 0.000177
[GPU cuda:0][TRAIN] Epoch: [2][2350/3100], Elapsed 12m 8s (remain 3m 52s), Accuracy: 75.000(62.644), Loss: 0.861(0.880), LR: 0.000179
[GPU cuda:0][TRAIN] Epoch: [2][2400/3100], Elapsed 12m 23s (remain 3m 36s), Accuracy: 0.000(62.547), Loss: 1.492(0.883), LR: 0.000182
[GPU cuda:0][TRAIN] Epoch: [2][2450/3100], Elapsed 12m 39s (remain 3m 21s), Accuracy: 50.000(62.525), Loss: 0.868(0.883), LR: 0.000184
[GPU cuda:0][TRAIN] Epoch: [2][2500/3100], Elapsed 12m 54s (remain 3m 5s), Accuracy: 25.000(62.615), Loss: 1.377(0.882), LR: 0.000187
[GPU cuda:0][TRAIN] Epoch: [2][2550/3100], Elapsed 13m 10s (remain 2m 50s), Accuracy: 25.000(62.466), Loss: 1.142(0.885), LR: 0.000190
[GPU cuda:0][TRAIN] Epoch: [2][2600/3100], Elapsed 13m 25s (remain 2m 34s), Accuracy: 50.000(62.639), Loss: 0.912(0.882), LR: 0.000192
[GPU cuda:0][TRAIN] Epoch: [2][2650/3100], Elapsed 13m 41s (remain 2m 19s), Accuracy: 50.000(62.637), Loss: 1.376(0.882), LR: 0.000195
[GPU cuda:0][TRAIN] Epoch: [2][2700/3100], Elapsed 13m 56s (remain 2m 3s), Accuracy: 50.000(62.782), Loss: 0.743(0.881), LR: 0.000197
[GPU cuda:0][TRAIN] Epoch: [2][2750/3100], Elapsed 14m 12s (remain 1m 48s), Accuracy: 25.000(62.841), Loss: 1.268(0.880), LR: 0.000200
[GPU cuda:0][TRAIN] Epoch: [2][2800/3100], Elapsed 14m 27s (remain 1m 32s), Accuracy: 50.000(62.897), Loss: 1.246(0.879), LR: 0.000203
[GPU cuda:0][TRAIN] Epoch: [2][2850/3100], Elapsed 14m 43s (remain 1m 17s), Accuracy: 75.000(62.960), Loss: 0.811(0.879), LR: 0.000205
[GPU cuda:0][TRAIN] Epoch: [2][2900/3100], Elapsed 14m 58s (remain 1m 1s), Accuracy: 100.000(62.978), Loss: 0.706(0.879), LR: 0.000208
[GPU cuda:0][TRAIN] Epoch: [2][2950/3100], Elapsed 15m 14s (remain 0m 46s), Accuracy: 50.000(63.063), Loss: 0.741(0.879), LR: 0.000210
[GPU cuda:0][TRAIN] Epoch: [2][3000/3100], Elapsed 15m 29s (remain 0m 30s), Accuracy: 25.000(63.079), Loss: 1.229(0.878), LR: 0.000213
[GPU cuda:0][TRAIN] Epoch: [2][3050/3100], Elapsed 15m 45s (remain 0m 15s), Accuracy: 50.000(63.151), Loss: 0.905(0.878), LR: 0.000216
[GPU cuda:0][TRAIN] Epoch: [2][3099/3100], Elapsed 16m 0s (remain 0m 0s), Accuracy: 25.000(63.185), Loss: 1.251(0.878), LR: 0.000218
[GPU cuda:0][VALID][0/388], Elapsed 0m 0s (remain 3m 24s), Accuracy: 87.500(87.500), Batch Loss: 0.3485, Average Loss: 0.3485
[GPU cuda:0][VALID][50/388], Elapsed 0m 12s (remain 1m 20s), Accuracy: 87.500(63.971), Batch Loss: 0.8774, Average Loss: 0.8198
[GPU cuda:0][VALID][100/388], Elapsed 0m 23s (remain 1m 7s), Accuracy: 50.000(63.243), Batch Loss: 0.9538, Average Loss: 0.8322
[GPU cuda:0][VALID][150/388], Elapsed 0m 35s (remain 0m 55s), Accuracy: 62.500(62.831), Batch Loss: 1.0708, Average Loss: 0.8389
[GPU cuda:0][VALID][200/388], Elapsed 0m 47s (remain 0m 43s), Accuracy: 87.500(62.189), Batch Loss: 0.4058, Average Loss: 0.8552
[GPU cuda:0][VALID][250/388], Elapsed 0m 58s (remain 0m 32s), Accuracy: 37.500(61.653), Batch Loss: 1.0476, Average Loss: 0.8599
[GPU cuda:0][VALID][300/388], Elapsed 1m 10s (remain 0m 20s), Accuracy: 37.500(61.420), Batch Loss: 1.2135, Average Loss: 0.8616
[GPU cuda:0][VALID][350/388], Elapsed 1m 22s (remain 0m 8s), Accuracy: 37.500(61.147), Batch Loss: 1.1098, Average Loss: 0.8580
[GPU cuda:0][VALID][387/388], Elapsed 1m 30s (remain 0m 0s), Accuracy: 100.000(60.954), Batch Loss: 0.7417, Average Loss: 0.8600
Valid Labels Samples: [2 0 1 4 1 0 3 1 4 3]
Valid Predictions Samples: [2, 0, 1, 4, 2, 0, 3, 1, 3, 0]
Epoch 2 - Train Average Loss: 63.185, Valid Average Loss: 60.954, Epoch Time: 1053.853s
Epoch 2 - Accuracy: 0.609, Precision: 0.605, Recall: 0.609
[GPU cuda:0][TRAIN] Epoch: [3][0/3100], Elapsed 0m 0s (remain 36m 7s), Accuracy: 75.000(75.000), Loss: 1.170(1.170), LR: 0.000218
[GPU cuda:0][TRAIN] Epoch: [3][50/3100], Elapsed 0m 16s (remain 16m 9s), Accuracy: 50.000(64.216), Loss: 0.767(0.853), LR: 0.000221
[GPU cuda:0][TRAIN] Epoch: [3][100/3100], Elapsed 0m 31s (remain 15m 43s), Accuracy: 0.000(65.099), Loss: 2.497(0.834), LR: 0.000224
[GPU cuda:0][TRAIN] Epoch: [3][150/3100], Elapsed 0m 47s (remain 15m 23s), Accuracy: 75.000(64.735), Loss: 0.247(0.828), LR: 0.000226
[GPU cuda:0][TRAIN] Epoch: [3][200/3100], Elapsed 1m 2s (remain 15m 5s), Accuracy: 100.000(64.801), Loss: 0.164(0.831), LR: 0.000229
[GPU cuda:0][TRAIN] Epoch: [3][250/3100], Elapsed 1m 18s (remain 14m 49s), Accuracy: 25.000(64.442), Loss: 1.200(0.845), LR: 0.000232
[GPU cuda:0][TRAIN] Epoch: [3][300/3100], Elapsed 1m 33s (remain 14m 32s), Accuracy: 50.000(65.615), Loss: 0.792(0.831), LR: 0.000234
[GPU cuda:0][TRAIN] Epoch: [3][350/3100], Elapsed 1m 49s (remain 14m 16s), Accuracy: 25.000(66.168), Loss: 1.694(0.823), LR: 0.000237
[GPU cuda:0][TRAIN] Epoch: [3][400/3100], Elapsed 2m 4s (remain 14m 0s), Accuracy: 50.000(65.586), Loss: 0.958(0.838), LR: 0.000240
[GPU cuda:0][TRAIN] Epoch: [3][450/3100], Elapsed 2m 20s (remain 13m 44s), Accuracy: 75.000(66.020), Loss: 0.657(0.832), LR: 0.000243
[GPU cuda:0][TRAIN] Epoch: [3][500/3100], Elapsed 2m 35s (remain 13m 28s), Accuracy: 25.000(65.369), Loss: 1.210(0.844), LR: 0.000245
[GPU cuda:0][TRAIN] Epoch: [3][550/3100], Elapsed 2m 51s (remain 13m 12s), Accuracy: 25.000(64.882), Loss: 1.635(0.848), LR: 0.000248
[GPU cuda:0][TRAIN] Epoch: [3][600/3100], Elapsed 3m 6s (remain 12m 56s), Accuracy: 100.000(65.183), Loss: 0.358(0.846), LR: 0.000251
[GPU cuda:0][TRAIN] Epoch: [3][650/3100], Elapsed 3m 22s (remain 12m 41s), Accuracy: 100.000(65.399), Loss: 0.236(0.846), LR: 0.000253
[GPU cuda:0][TRAIN] Epoch: [3][700/3100], Elapsed 3m 37s (remain 12m 25s), Accuracy: 75.000(65.121), Loss: 0.945(0.857), LR: 0.000256
[GPU cuda:0][TRAIN] Epoch: [3][750/3100], Elapsed 3m 53s (remain 12m 10s), Accuracy: 100.000(65.246), Loss: 0.140(0.855), LR: 0.000259
[GPU cuda:0][TRAIN] Epoch: [3][800/3100], Elapsed 4m 9s (remain 11m 54s), Accuracy: 100.000(65.200), Loss: 0.529(0.856), LR: 0.000261
[GPU cuda:0][TRAIN] Epoch: [3][850/3100], Elapsed 4m 24s (remain 11m 39s), Accuracy: 50.000(65.071), Loss: 1.213(0.857), LR: 0.000264
[GPU cuda:0][TRAIN] Epoch: [3][900/3100], Elapsed 4m 40s (remain 11m 23s), Accuracy: 75.000(64.872), Loss: 0.634(0.859), LR: 0.000267
[GPU cuda:0][TRAIN] Epoch: [3][950/3100], Elapsed 4m 55s (remain 11m 8s), Accuracy: 100.000(64.905), Loss: 0.505(0.861), LR: 0.000270
[GPU cuda:0][TRAIN] Epoch: [3][1000/3100], Elapsed 5m 11s (remain 10m 52s), Accuracy: 75.000(65.235), Loss: 0.586(0.855), LR: 0.000272
[GPU cuda:0][TRAIN] Epoch: [3][1050/3100], Elapsed 5m 26s (remain 10m 36s), Accuracy: 100.000(65.533), Loss: 0.184(0.848), LR: 0.000275
[GPU cuda:0][TRAIN] Epoch: [3][1100/3100], Elapsed 5m 42s (remain 10m 21s), Accuracy: 25.000(65.781), Loss: 1.356(0.842), LR: 0.000278
[GPU cuda:0][TRAIN] Epoch: [3][1150/3100], Elapsed 5m 57s (remain 10m 5s), Accuracy: 50.000(65.530), Loss: 0.714(0.844), LR: 0.000280
[GPU cuda:0][TRAIN] Epoch: [3][1200/3100], Elapsed 6m 13s (remain 9m 50s), Accuracy: 75.000(65.550), Loss: 0.425(0.840), LR: 0.000283
[GPU cuda:0][TRAIN] Epoch: [3][1250/3100], Elapsed 6m 28s (remain 9m 34s), Accuracy: 50.000(65.148), Loss: 1.109(0.845), LR: 0.000286
[GPU cuda:0][TRAIN] Epoch: [3][1300/3100], Elapsed 6m 44s (remain 9m 19s), Accuracy: 75.000(64.969), Loss: 0.720(0.846), LR: 0.000288
[GPU cuda:0][TRAIN] Epoch: [3][1350/3100], Elapsed 6m 59s (remain 9m 3s), Accuracy: 75.000(65.007), Loss: 0.627(0.841), LR: 0.000291
[GPU cuda:0][TRAIN] Epoch: [3][1400/3100], Elapsed 7m 15s (remain 8m 48s), Accuracy: 25.000(64.793), Loss: 1.386(0.843), LR: 0.000294
[GPU cuda:0][TRAIN] Epoch: [3][1450/3100], Elapsed 7m 31s (remain 8m 32s), Accuracy: 75.000(64.938), Loss: 0.581(0.840), LR: 0.000296
[GPU cuda:0][TRAIN] Epoch: [3][1500/3100], Elapsed 7m 46s (remain 8m 17s), Accuracy: 100.000(65.040), Loss: 0.704(0.837), LR: 0.000299
[GPU cuda:0][TRAIN] Epoch: [3][1550/3100], Elapsed 8m 2s (remain 8m 1s), Accuracy: 100.000(64.942), Loss: 0.125(0.837), LR: 0.000302
[GPU cuda:0][TRAIN] Epoch: [3][1600/3100], Elapsed 8m 17s (remain 7m 45s), Accuracy: 100.000(64.944), Loss: 0.317(0.836), LR: 0.000304
[GPU cuda:0][TRAIN] Epoch: [3][1650/3100], Elapsed 8m 33s (remain 7m 30s), Accuracy: 100.000(64.915), Loss: 0.266(0.838), LR: 0.000307
[GPU cuda:0][TRAIN] Epoch: [3][1700/3100], Elapsed 8m 48s (remain 7m 14s), Accuracy: 25.000(64.991), Loss: 2.105(0.837), LR: 0.000310
[GPU cuda:0][TRAIN] Epoch: [3][1750/3100], Elapsed 9m 4s (remain 6m 59s), Accuracy: 75.000(64.863), Loss: 0.738(0.839), LR: 0.000312
[GPU cuda:0][TRAIN] Epoch: [3][1800/3100], Elapsed 9m 19s (remain 6m 43s), Accuracy: 100.000(64.867), Loss: 0.263(0.838), LR: 0.000315
[GPU cuda:0][TRAIN] Epoch: [3][1850/3100], Elapsed 9m 35s (remain 6m 28s), Accuracy: 50.000(64.722), Loss: 0.828(0.840), LR: 0.000318
[GPU cuda:0][TRAIN] Epoch: [3][1900/3100], Elapsed 9m 50s (remain 6m 12s), Accuracy: 50.000(64.940), Loss: 1.282(0.836), LR: 0.000320
[GPU cuda:0][TRAIN] Epoch: [3][1950/3100], Elapsed 10m 6s (remain 5m 57s), Accuracy: 100.000(64.851), Loss: 0.386(0.837), LR: 0.000323
[GPU cuda:0][TRAIN] Epoch: [3][2000/3100], Elapsed 10m 21s (remain 5m 41s), Accuracy: 100.000(64.905), Loss: 0.552(0.835), LR: 0.000325
[GPU cuda:0][TRAIN] Epoch: [3][2050/3100], Elapsed 10m 37s (remain 5m 26s), Accuracy: 50.000(65.066), Loss: 1.140(0.832), LR: 0.000328
[GPU cuda:0][TRAIN] Epoch: [3][2100/3100], Elapsed 10m 52s (remain 5m 10s), Accuracy: 50.000(64.993), Loss: 1.684(0.833), LR: 0.000331
[GPU cuda:0][TRAIN] Epoch: [3][2150/3100], Elapsed 11m 8s (remain 4m 54s), Accuracy: 50.000(65.086), Loss: 1.210(0.831), LR: 0.000333
[GPU cuda:0][TRAIN] Epoch: [3][2200/3100], Elapsed 11m 23s (remain 4m 39s), Accuracy: 25.000(65.050), Loss: 1.473(0.831), LR: 0.000336
[GPU cuda:0][TRAIN] Epoch: [3][2250/3100], Elapsed 11m 39s (remain 4m 23s), Accuracy: 50.000(65.027), Loss: 0.783(0.831), LR: 0.000338
[GPU cuda:0][TRAIN] Epoch: [3][2300/3100], Elapsed 11m 55s (remain 4m 8s), Accuracy: 25.000(65.091), Loss: 1.626(0.829), LR: 0.000341
[GPU cuda:0][TRAIN] Epoch: [3][2350/3100], Elapsed 12m 10s (remain 3m 52s), Accuracy: 50.000(65.057), Loss: 1.451(0.830), LR: 0.000343
[GPU cuda:0][TRAIN] Epoch: [3][2400/3100], Elapsed 12m 26s (remain 3m 37s), Accuracy: 25.000(64.973), Loss: 1.587(0.832), LR: 0.000346
[GPU cuda:0][TRAIN] Epoch: [3][2450/3100], Elapsed 12m 41s (remain 3m 21s), Accuracy: 50.000(64.780), Loss: 1.169(0.834), LR: 0.000348
[GPU cuda:0][TRAIN] Epoch: [3][2500/3100], Elapsed 12m 57s (remain 3m 6s), Accuracy: 75.000(64.874), Loss: 0.899(0.832), LR: 0.000351
[GPU cuda:0][TRAIN] Epoch: [3][2550/3100], Elapsed 13m 12s (remain 2m 50s), Accuracy: 50.000(64.818), Loss: 1.141(0.833), LR: 0.000353
[GPU cuda:0][TRAIN] Epoch: [3][2600/3100], Elapsed 13m 28s (remain 2m 35s), Accuracy: 50.000(64.946), Loss: 0.873(0.830), LR: 0.000356
[GPU cuda:0][TRAIN] Epoch: [3][2650/3100], Elapsed 13m 43s (remain 2m 19s), Accuracy: 25.000(64.957), Loss: 1.131(0.830), LR: 0.000358
[GPU cuda:0][TRAIN] Epoch: [3][2700/3100], Elapsed 13m 59s (remain 2m 3s), Accuracy: 100.000(65.031), Loss: 0.387(0.828), LR: 0.000361
[GPU cuda:0][TRAIN] Epoch: [3][2750/3100], Elapsed 14m 14s (remain 1m 48s), Accuracy: 75.000(65.095), Loss: 0.692(0.828), LR: 0.000363
[GPU cuda:0][TRAIN] Epoch: [3][2800/3100], Elapsed 14m 30s (remain 1m 32s), Accuracy: 25.000(65.066), Loss: 1.630(0.829), LR: 0.000366
[GPU cuda:0][TRAIN] Epoch: [3][2850/3100], Elapsed 14m 45s (remain 1m 17s), Accuracy: 75.000(65.030), Loss: 0.901(0.829), LR: 0.000368
[GPU cuda:0][TRAIN] Epoch: [3][2900/3100], Elapsed 15m 1s (remain 1m 1s), Accuracy: 50.000(64.986), Loss: 0.810(0.830), LR: 0.000371
[GPU cuda:0][TRAIN] Epoch: [3][2950/3100], Elapsed 15m 16s (remain 0m 46s), Accuracy: 75.000(65.063), Loss: 0.602(0.829), LR: 0.000373
[GPU cuda:0][TRAIN] Epoch: [3][3000/3100], Elapsed 15m 32s (remain 0m 30s), Accuracy: 50.000(65.203), Loss: 1.744(0.828), LR: 0.000375
[GPU cuda:0][TRAIN] Epoch: [3][3050/3100], Elapsed 15m 47s (remain 0m 15s), Accuracy: 50.000(65.192), Loss: 0.649(0.827), LR: 0.000378
[GPU cuda:0][TRAIN] Epoch: [3][3099/3100], Elapsed 16m 2s (remain 0m 0s), Accuracy: 50.000(65.210), Loss: 1.168(0.827), LR: 0.000380
[GPU cuda:0][VALID][0/388], Elapsed 0m 0s (remain 3m 24s), Accuracy: 75.000(75.000), Batch Loss: 0.7660, Average Loss: 0.7660
[GPU cuda:0][VALID][50/388], Elapsed 0m 12s (remain 1m 20s), Accuracy: 50.000(60.539), Batch Loss: 0.9533, Average Loss: 0.8943
[GPU cuda:0][VALID][100/388], Elapsed 0m 23s (remain 1m 7s), Accuracy: 37.500(59.282), Batch Loss: 1.3261, Average Loss: 0.9038
[GPU cuda:0][VALID][150/388], Elapsed 0m 35s (remain 0m 55s), Accuracy: 62.500(57.781), Batch Loss: 1.1445, Average Loss: 0.9375
[GPU cuda:0][VALID][200/388], Elapsed 0m 47s (remain 0m 43s), Accuracy: 75.000(57.525), Batch Loss: 0.7229, Average Loss: 0.9438
[GPU cuda:0][VALID][250/388], Elapsed 0m 58s (remain 0m 32s), Accuracy: 50.000(57.321), Batch Loss: 1.0247, Average Loss: 0.9524
[GPU cuda:0][VALID][300/388], Elapsed 1m 10s (remain 0m 20s), Accuracy: 37.500(57.890), Batch Loss: 1.3639, Average Loss: 0.9519
[GPU cuda:0][VALID][350/388], Elapsed 1m 22s (remain 0m 8s), Accuracy: 50.000(57.835), Batch Loss: 1.0913, Average Loss: 0.9544
[GPU cuda:0][VALID][387/388], Elapsed 1m 30s (remain 0m 0s), Accuracy: 0.000(57.668), Batch Loss: 1.3965, Average Loss: 0.9548
Valid Labels Samples: [2 0 1 4 1 0 3 1 4 3]
Valid Predictions Samples: [3, 0, 1, 4, 2, 0, 3, 1, 4, 4]
Epoch 3 - Train Average Loss: 65.210, Valid Average Loss: 57.668, Epoch Time: 1056.006s
Epoch 3 - Accuracy: 0.577, Precision: 0.609, Recall: 0.577
[GPU cuda:0][TRAIN] Epoch: [4][0/3100], Elapsed 0m 0s (remain 36m 17s), Accuracy: 50.000(50.000), Loss: 1.224(1.224), LR: 0.000380
[GPU cuda:0][TRAIN] Epoch: [4][50/3100], Elapsed 0m 16s (remain 16m 9s), Accuracy: 50.000(66.176), Loss: 0.941(0.735), LR: 0.000382
[GPU cuda:0][TRAIN] Epoch: [4][100/3100], Elapsed 0m 31s (remain 15m 42s), Accuracy: 50.000(66.832), Loss: 1.328(0.760), LR: 0.000385
[GPU cuda:0][TRAIN] Epoch: [4][150/3100], Elapsed 0m 47s (remain 15m 24s), Accuracy: 100.000(65.728), Loss: 0.086(0.779), LR: 0.000387
[GPU cuda:0][TRAIN] Epoch: [4][200/3100], Elapsed 1m 2s (remain 15m 6s), Accuracy: 100.000(67.040), Loss: 0.176(0.769), LR: 0.000389
[GPU cuda:0][TRAIN] Epoch: [4][250/3100], Elapsed 1m 18s (remain 14m 49s), Accuracy: 25.000(66.235), Loss: 1.311(0.799), LR: 0.000392
[GPU cuda:0][TRAIN] Epoch: [4][300/3100], Elapsed 1m 33s (remain 14m 31s), Accuracy: 50.000(65.532), Loss: 0.976(0.823), LR: 0.000394
[GPU cuda:0][TRAIN] Epoch: [4][350/3100], Elapsed 1m 49s (remain 14m 15s), Accuracy: 25.000(64.886), Loss: 1.506(0.831), LR: 0.000396
[GPU cuda:0][TRAIN] Epoch: [4][400/3100], Elapsed 2m 4s (remain 13m 59s), Accuracy: 50.000(64.713), Loss: 0.867(0.842), LR: 0.000398
[GPU cuda:0][TRAIN] Epoch: [4][450/3100], Elapsed 2m 20s (remain 13m 43s), Accuracy: 100.000(65.521), Loss: 0.376(0.826), LR: 0.000400
[GPU cuda:0][TRAIN] Epoch: [4][500/3100], Elapsed 2m 35s (remain 13m 27s), Accuracy: 25.000(65.070), Loss: 1.151(0.837), LR: 0.000403
[GPU cuda:0][TRAIN] Epoch: [4][550/3100], Elapsed 2m 51s (remain 13m 11s), Accuracy: 25.000(65.200), Loss: 1.815(0.839), LR: 0.000405
[GPU cuda:0][TRAIN] Epoch: [4][600/3100], Elapsed 3m 6s (remain 12m 56s), Accuracy: 50.000(65.599), Loss: 0.715(0.831), LR: 0.000407
[GPU cuda:0][TRAIN] Epoch: [4][650/3100], Elapsed 3m 22s (remain 12m 40s), Accuracy: 75.000(65.399), Loss: 0.646(0.835), LR: 0.000409
[GPU cuda:0][TRAIN] Epoch: [4][700/3100], Elapsed 3m 37s (remain 12m 25s), Accuracy: 100.000(64.979), Loss: 0.489(0.843), LR: 0.000411
[GPU cuda:0][TRAIN] Epoch: [4][750/3100], Elapsed 3m 53s (remain 12m 9s), Accuracy: 100.000(65.446), Loss: 0.092(0.839), LR: 0.000413
[GPU cuda:0][TRAIN] Epoch: [4][800/3100], Elapsed 4m 8s (remain 11m 54s), Accuracy: 75.000(65.137), Loss: 0.845(0.844), LR: 0.000415
[GPU cuda:0][TRAIN] Epoch: [4][850/3100], Elapsed 4m 24s (remain 11m 38s), Accuracy: 50.000(65.276), Loss: 0.963(0.841), LR: 0.000417
[GPU cuda:0][TRAIN] Epoch: [4][900/3100], Elapsed 4m 39s (remain 11m 22s), Accuracy: 50.000(65.316), Loss: 0.790(0.843), LR: 0.000419
[GPU cuda:0][TRAIN] Epoch: [4][950/3100], Elapsed 4m 55s (remain 11m 7s), Accuracy: 100.000(65.300), Loss: 0.475(0.846), LR: 0.000421
[GPU cuda:0][TRAIN] Epoch: [4][1000/3100], Elapsed 5m 10s (remain 10m 51s), Accuracy: 100.000(65.584), Loss: 0.490(0.841), LR: 0.000423
[GPU cuda:0][TRAIN] Epoch: [4][1050/3100], Elapsed 5m 26s (remain 10m 36s), Accuracy: 100.000(65.866), Loss: 0.203(0.835), LR: 0.000425
[GPU cuda:0][TRAIN] Epoch: [4][1100/3100], Elapsed 5m 42s (remain 10m 20s), Accuracy: 50.000(66.144), Loss: 1.209(0.829), LR: 0.000427
[GPU cuda:0][TRAIN] Epoch: [4][1150/3100], Elapsed 5m 57s (remain 10m 5s), Accuracy: 75.000(65.573), Loss: 0.338(0.838), LR: 0.000429
[GPU cuda:0][TRAIN] Epoch: [4][1200/3100], Elapsed 6m 12s (remain 9m 49s), Accuracy: 100.000(65.820), Loss: 0.308(0.832), LR: 0.000431
[GPU cuda:0][TRAIN] Epoch: [4][1250/3100], Elapsed 6m 28s (remain 9m 34s), Accuracy: 75.000(65.588), Loss: 0.795(0.833), LR: 0.000433
[GPU cuda:0][TRAIN] Epoch: [4][1300/3100], Elapsed 6m 44s (remain 9m 18s), Accuracy: 75.000(65.546), Loss: 0.690(0.834), LR: 0.000435
[GPU cuda:0][TRAIN] Epoch: [4][1350/3100], Elapsed 6m 59s (remain 9m 3s), Accuracy: 100.000(65.803), Loss: 0.263(0.827), LR: 0.000437
[GPU cuda:0][TRAIN] Epoch: [4][1400/3100], Elapsed 7m 15s (remain 8m 47s), Accuracy: 50.000(65.846), Loss: 0.895(0.827), LR: 0.000439
[GPU cuda:0][TRAIN] Epoch: [4][1450/3100], Elapsed 7m 30s (remain 8m 32s), Accuracy: 75.000(65.903), Loss: 0.612(0.823), LR: 0.000440
[GPU cuda:0][TRAIN] Epoch: [4][1500/3100], Elapsed 7m 46s (remain 8m 16s), Accuracy: 75.000(66.023), Loss: 0.896(0.822), LR: 0.000442
[GPU cuda:0][TRAIN] Epoch: [4][1550/3100], Elapsed 8m 1s (remain 8m 0s), Accuracy: 100.000(65.974), Loss: 0.071(0.821), LR: 0.000444
[GPU cuda:0][TRAIN] Epoch: [4][1600/3100], Elapsed 8m 17s (remain 7m 45s), Accuracy: 100.000(65.896), Loss: 0.393(0.824), LR: 0.000446
[GPU cuda:0][TRAIN] Epoch: [4][1650/3100], Elapsed 8m 32s (remain 7m 29s), Accuracy: 100.000(66.066), Loss: 0.277(0.822), LR: 0.000447
[GPU cuda:0][TRAIN] Epoch: [4][1700/3100], Elapsed 8m 48s (remain 7m 14s), Accuracy: 50.000(66.123), Loss: 1.011(0.821), LR: 0.000449
[GPU cuda:0][TRAIN] Epoch: [4][1750/3100], Elapsed 9m 3s (remain 6m 58s), Accuracy: 75.000(65.991), Loss: 0.626(0.825), LR: 0.000451
[GPU cuda:0][TRAIN] Epoch: [4][1800/3100], Elapsed 9m 19s (remain 6m 43s), Accuracy: 100.000(66.074), Loss: 0.173(0.823), LR: 0.000452
[GPU cuda:0][TRAIN] Epoch: [4][1850/3100], Elapsed 9m 34s (remain 6m 27s), Accuracy: 50.000(65.897), Loss: 0.847(0.826), LR: 0.000454
[GPU cuda:0][TRAIN] Epoch: [4][1900/3100], Elapsed 9m 50s (remain 6m 12s), Accuracy: 50.000(65.913), Loss: 0.964(0.823), LR: 0.000455
[GPU cuda:0][TRAIN] Epoch: [4][1950/3100], Elapsed 10m 5s (remain 5m 56s), Accuracy: 100.000(65.748), Loss: 0.589(0.825), LR: 0.000457
[GPU cuda:0][TRAIN] Epoch: [4][2000/3100], Elapsed 10m 21s (remain 5m 41s), Accuracy: 100.000(65.730), Loss: 0.505(0.827), LR: 0.000459
[GPU cuda:0][TRAIN] Epoch: [4][2050/3100], Elapsed 10m 36s (remain 5m 25s), Accuracy: 75.000(65.858), Loss: 0.437(0.824), LR: 0.000460
[GPU cuda:0][TRAIN] Epoch: [4][2100/3100], Elapsed 10m 52s (remain 5m 10s), Accuracy: 75.000(65.873), Loss: 1.284(0.825), LR: 0.000462
[GPU cuda:0][TRAIN] Epoch: [4][2150/3100], Elapsed 11m 7s (remain 4m 54s), Accuracy: 50.000(65.981), Loss: 1.169(0.823), LR: 0.000463
[GPU cuda:0][TRAIN] Epoch: [4][2200/3100], Elapsed 11m 23s (remain 4m 39s), Accuracy: 25.000(65.777), Loss: 1.307(0.829), LR: 0.000464
[GPU cuda:0][TRAIN] Epoch: [4][2250/3100], Elapsed 11m 38s (remain 4m 23s), Accuracy: 50.000(65.749), Loss: 1.166(0.828), LR: 0.000466
[GPU cuda:0][TRAIN] Epoch: [4][2300/3100], Elapsed 11m 54s (remain 4m 8s), Accuracy: 25.000(65.743), Loss: 1.962(0.829), LR: 0.000467
[GPU cuda:0][TRAIN] Epoch: [4][2350/3100], Elapsed 12m 9s (remain 3m 52s), Accuracy: 50.000(65.791), Loss: 0.864(0.828), LR: 0.000469
[GPU cuda:0][TRAIN] Epoch: [4][2400/3100], Elapsed 12m 25s (remain 3m 36s), Accuracy: 25.000(65.723), Loss: 1.624(0.829), LR: 0.000470
[GPU cuda:0][TRAIN] Epoch: [4][2450/3100], Elapsed 12m 40s (remain 3m 21s), Accuracy: 50.000(65.687), Loss: 1.082(0.829), LR: 0.000471
[GPU cuda:0][TRAIN] Epoch: [4][2500/3100], Elapsed 12m 56s (remain 3m 5s), Accuracy: 50.000(65.734), Loss: 1.458(0.828), LR: 0.000472
[GPU cuda:0][TRAIN] Epoch: [4][2550/3100], Elapsed 13m 11s (remain 2m 50s), Accuracy: 25.000(65.621), Loss: 1.348(0.830), LR: 0.000474
[GPU cuda:0][TRAIN] Epoch: [4][2600/3100], Elapsed 13m 27s (remain 2m 34s), Accuracy: 50.000(65.725), Loss: 0.715(0.827), LR: 0.000475
[GPU cuda:0][TRAIN] Epoch: [4][2650/3100], Elapsed 13m 42s (remain 2m 19s), Accuracy: 50.000(65.768), Loss: 0.963(0.826), LR: 0.000476
[GPU cuda:0][TRAIN] Epoch: [4][2700/3100], Elapsed 13m 58s (remain 2m 3s), Accuracy: 50.000(65.735), Loss: 0.523(0.826), LR: 0.000477
[GPU cuda:0][TRAIN] Epoch: [4][2750/3100], Elapsed 14m 13s (remain 1m 48s), Accuracy: 25.000(65.776), Loss: 1.448(0.825), LR: 0.000478
[GPU cuda:0][TRAIN] Epoch: [4][2800/3100], Elapsed 14m 29s (remain 1m 32s), Accuracy: 50.000(65.834), Loss: 1.286(0.823), LR: 0.000480
[GPU cuda:0][TRAIN] Epoch: [4][2850/3100], Elapsed 14m 44s (remain 1m 17s), Accuracy: 50.000(65.810), Loss: 0.978(0.822), LR: 0.000481
[GPU cuda:0][TRAIN] Epoch: [4][2900/3100], Elapsed 15m 0s (remain 1m 1s), Accuracy: 75.000(65.788), Loss: 0.637(0.823), LR: 0.000482
[GPU cuda:0][TRAIN] Epoch: [4][2950/3100], Elapsed 15m 15s (remain 0m 46s), Accuracy: 50.000(65.825), Loss: 0.716(0.822), LR: 0.000483
[GPU cuda:0][TRAIN] Epoch: [4][3000/3100], Elapsed 15m 31s (remain 0m 30s), Accuracy: 25.000(65.928), Loss: 1.617(0.821), LR: 0.000484
[GPU cuda:0][TRAIN] Epoch: [4][3050/3100], Elapsed 15m 46s (remain 0m 15s), Accuracy: 75.000(65.970), Loss: 0.791(0.820), LR: 0.000485
[GPU cuda:0][TRAIN] Epoch: [4][3099/3100], Elapsed 16m 2s (remain 0m 0s), Accuracy: 25.000(66.032), Loss: 2.321(0.819), LR: 0.000486
[GPU cuda:0][VALID][0/388], Elapsed 0m 0s (remain 3m 21s), Accuracy: 100.000(100.000), Batch Loss: 0.3842, Average Loss: 0.3842
[GPU cuda:0][VALID][50/388], Elapsed 0m 12s (remain 1m 20s), Accuracy: 75.000(68.382), Batch Loss: 0.7456, Average Loss: 0.7658
[GPU cuda:0][VALID][100/388], Elapsed 0m 23s (remain 1m 7s), Accuracy: 62.500(66.089), Batch Loss: 1.0000, Average Loss: 0.7901
[GPU cuda:0][VALID][150/388], Elapsed 0m 35s (remain 0m 55s), Accuracy: 75.000(65.232), Batch Loss: 1.1008, Average Loss: 0.8122
[GPU cuda:0][VALID][200/388], Elapsed 0m 47s (remain 0m 43s), Accuracy: 100.000(65.609), Batch Loss: 0.3659, Average Loss: 0.8176
[GPU cuda:0][VALID][250/388], Elapsed 0m 58s (remain 0m 32s), Accuracy: 50.000(65.936), Batch Loss: 0.9479, Average Loss: 0.8215
[GPU cuda:0][VALID][300/388], Elapsed 1m 10s (remain 0m 20s), Accuracy: 37.500(66.238), Batch Loss: 1.1261, Average Loss: 0.8167
[GPU cuda:0][VALID][350/388], Elapsed 1m 22s (remain 0m 8s), Accuracy: 62.500(66.097), Batch Loss: 0.9322, Average Loss: 0.8200
[GPU cuda:0][VALID][387/388], Elapsed 1m 30s (remain 0m 0s), Accuracy: 50.000(66.044), Batch Loss: 0.9264, Average Loss: 0.8152
Valid Labels Samples: [2 0 1 4 1 0 3 1 4 3]
Valid Predictions Samples: [2, 0, 1, 4, 1, 0, 3, 1, 3, 0]
Epoch 4 - Train Average Loss: 66.032, Valid Average Loss: 66.044, Epoch Time: 1055.488s
Epoch 4 - Accuracy: 0.661, Precision: 0.670, Recall: 0.661
Saved Best Model: 0.66
[GPU cuda:0][TRAIN] Epoch: [5][0/3100], Elapsed 0m 0s (remain 35m 58s), Accuracy: 75.000(75.000), Loss: 0.745(0.745), LR: 0.000486
[GPU cuda:0][TRAIN] Epoch: [5][50/3100], Elapsed 0m 16s (remain 16m 8s), Accuracy: 50.000(69.118), Loss: 1.413(0.732), LR: 0.000486
[GPU cuda:0][TRAIN] Epoch: [5][100/3100], Elapsed 0m 31s (remain 15m 41s), Accuracy: 25.000(69.059), Loss: 1.660(0.712), LR: 0.000487
[GPU cuda:0][TRAIN] Epoch: [5][150/3100], Elapsed 0m 47s (remain 15m 21s), Accuracy: 100.000(67.715), Loss: 0.105(0.749), LR: 0.000488
[GPU cuda:0][TRAIN] Epoch: [5][200/3100], Elapsed 1m 2s (remain 15m 3s), Accuracy: 100.000(68.284), Loss: 0.131(0.752), LR: 0.000489
[GPU cuda:0][TRAIN] Epoch: [5][250/3100], Elapsed 1m 18s (remain 14m 47s), Accuracy: 25.000(68.227), Loss: 1.117(0.756), LR: 0.000490
[GPU cuda:0][TRAIN] Epoch: [5][300/3100], Elapsed 1m 33s (remain 14m 30s), Accuracy: 0.000(67.525), Loss: 2.332(0.765), LR: 0.000491
[GPU cuda:0][TRAIN] Epoch: [5][350/3100], Elapsed 1m 49s (remain 14m 14s), Accuracy: 50.000(66.453), Loss: 1.019(0.782), LR: 0.000491
[GPU cuda:0][TRAIN] Epoch: [5][400/3100], Elapsed 2m 4s (remain 13m 58s), Accuracy: 50.000(66.209), Loss: 0.917(0.791), LR: 0.000492
[GPU cuda:0][TRAIN] Epoch: [5][450/3100], Elapsed 2m 20s (remain 13m 43s), Accuracy: 100.000(67.018), Loss: 0.396(0.779), LR: 0.000493
[GPU cuda:0][TRAIN] Epoch: [5][500/3100], Elapsed 2m 35s (remain 13m 27s), Accuracy: 50.000(66.717), Loss: 0.987(0.783), LR: 0.000493
[GPU cuda:0][TRAIN] Epoch: [5][550/3100], Elapsed 2m 51s (remain 13m 12s), Accuracy: 25.000(67.060), Loss: 1.738(0.777), LR: 0.000494
[GPU cuda:0][TRAIN] Epoch: [5][600/3100], Elapsed 3m 6s (remain 12m 56s), Accuracy: 100.000(67.554), Loss: 0.186(0.768), LR: 0.000495
[GPU cuda:0][TRAIN] Epoch: [5][650/3100], Elapsed 3m 22s (remain 12m 41s), Accuracy: 75.000(67.127), Loss: 0.407(0.777), LR: 0.000495
[GPU cuda:0][TRAIN] Epoch: [5][700/3100], Elapsed 3m 37s (remain 12m 25s), Accuracy: 50.000(66.869), Loss: 1.150(0.785), LR: 0.000496
[GPU cuda:0][TRAIN] Epoch: [5][750/3100], Elapsed 3m 53s (remain 12m 9s), Accuracy: 100.000(66.811), Loss: 0.217(0.789), LR: 0.000496
[GPU cuda:0][TRAIN] Epoch: [5][800/3100], Elapsed 4m 8s (remain 11m 54s), Accuracy: 100.000(66.573), Loss: 0.501(0.793), LR: 0.000497
[GPU cuda:0][TRAIN] Epoch: [5][850/3100], Elapsed 4m 24s (remain 11m 38s), Accuracy: 25.000(66.392), Loss: 1.001(0.798), LR: 0.000497
[GPU cuda:0][TRAIN] Epoch: [5][900/3100], Elapsed 4m 39s (remain 11m 23s), Accuracy: 75.000(66.260), Loss: 0.607(0.801), LR: 0.000497
[GPU cuda:0][TRAIN] Epoch: [5][950/3100], Elapsed 4m 55s (remain 11m 7s), Accuracy: 100.000(66.719), Loss: 0.386(0.797), LR: 0.000498
[GPU cuda:0][TRAIN] Epoch: [5][1000/3100], Elapsed 5m 10s (remain 10m 52s), Accuracy: 100.000(66.933), Loss: 0.563(0.797), LR: 0.000498
[GPU cuda:0][TRAIN] Epoch: [5][1050/3100], Elapsed 5m 26s (remain 10m 36s), Accuracy: 75.000(67.222), Loss: 0.225(0.789), LR: 0.000498
[GPU cuda:0][TRAIN] Epoch: [5][1100/3100], Elapsed 5m 41s (remain 10m 20s), Accuracy: 50.000(67.325), Loss: 1.460(0.788), LR: 0.000499
[GPU cuda:0][TRAIN] Epoch: [5][1150/3100], Elapsed 5m 57s (remain 10m 5s), Accuracy: 0.000(67.333), Loss: 2.087(0.791), LR: 0.000499
[GPU cuda:0][TRAIN] Epoch: [5][1200/3100], Elapsed 6m 13s (remain 9m 49s), Accuracy: 75.000(67.298), Loss: 0.880(0.787), LR: 0.000499
[GPU cuda:0][TRAIN] Epoch: [5][1250/3100], Elapsed 6m 28s (remain 9m 34s), Accuracy: 75.000(67.146), Loss: 0.817(0.791), LR: 0.000499
[GPU cuda:0][TRAIN] Epoch: [5][1300/3100], Elapsed 6m 44s (remain 9m 18s), Accuracy: 100.000(67.198), Loss: 0.129(0.791), LR: 0.000500
[GPU cuda:0][TRAIN] Epoch: [5][1350/3100], Elapsed 6m 59s (remain 9m 3s), Accuracy: 100.000(67.413), Loss: 0.320(0.788), LR: 0.000500
[GPU cuda:0][TRAIN] Epoch: [5][1400/3100], Elapsed 7m 15s (remain 8m 47s), Accuracy: 75.000(67.434), Loss: 0.654(0.786), LR: 0.000500
[GPU cuda:0][TRAIN] Epoch: [5][1450/3100], Elapsed 7m 30s (remain 8m 32s), Accuracy: 50.000(67.453), Loss: 0.860(0.783), LR: 0.000500
[GPU cuda:0][TRAIN] Epoch: [5][1500/3100], Elapsed 7m 46s (remain 8m 16s), Accuracy: 100.000(67.572), Loss: 0.592(0.783), LR: 0.000500
[GPU cuda:0][TRAIN] Epoch: [5][1550/3100], Elapsed 8m 1s (remain 8m 0s), Accuracy: 100.000(67.521), Loss: 0.083(0.782), LR: 0.000500
[GPU cuda:0][TRAIN] Epoch: [5][1600/3100], Elapsed 8m 17s (remain 7m 45s), Accuracy: 75.000(67.520), Loss: 0.287(0.782), LR: 0.000500
[GPU cuda:0][TRAIN] Epoch: [5][1650/3100], Elapsed 8m 32s (remain 7m 29s), Accuracy: 100.000(67.686), Loss: 0.228(0.780), LR: 0.000500
[GPU cuda:0][TRAIN] Epoch: [5][1700/3100], Elapsed 8m 48s (remain 7m 14s), Accuracy: 50.000(67.710), Loss: 1.225(0.778), LR: 0.000500
[GPU cuda:0][TRAIN] Epoch: [5][1750/3100], Elapsed 9m 3s (remain 6m 58s), Accuracy: 100.000(67.633), Loss: 0.423(0.781), LR: 0.000500
[GPU cuda:0][TRAIN] Epoch: [5][1800/3100], Elapsed 9m 19s (remain 6m 43s), Accuracy: 100.000(67.782), Loss: 0.113(0.779), LR: 0.000500
[GPU cuda:0][TRAIN] Epoch: [5][1850/3100], Elapsed 9m 34s (remain 6m 27s), Accuracy: 50.000(67.680), Loss: 0.705(0.781), LR: 0.000500
[GPU cuda:0][TRAIN] Epoch: [5][1900/3100], Elapsed 9m 50s (remain 6m 12s), Accuracy: 75.000(67.898), Loss: 0.896(0.776), LR: 0.000500
[GPU cuda:0][TRAIN] Epoch: [5][1950/3100], Elapsed 10m 5s (remain 5m 56s), Accuracy: 75.000(67.940), Loss: 0.551(0.777), LR: 0.000500
[GPU cuda:0][TRAIN] Epoch: [5][2000/3100], Elapsed 10m 21s (remain 5m 41s), Accuracy: 100.000(68.003), Loss: 0.682(0.777), LR: 0.000500
[GPU cuda:0][TRAIN] Epoch: [5][2050/3100], Elapsed 10m 36s (remain 5m 25s), Accuracy: 75.000(68.113), Loss: 0.477(0.774), LR: 0.000500
[GPU cuda:0][TRAIN] Epoch: [5][2100/3100], Elapsed 10m 52s (remain 5m 10s), Accuracy: 75.000(68.170), Loss: 1.526(0.774), LR: 0.000500
[GPU cuda:0][TRAIN] Epoch: [5][2150/3100], Elapsed 11m 7s (remain 4m 54s), Accuracy: 50.000(68.294), Loss: 0.979(0.770), LR: 0.000500
[GPU cuda:0][TRAIN] Epoch: [5][2200/3100], Elapsed 11m 23s (remain 4m 39s), Accuracy: 25.000(68.174), Loss: 2.110(0.773), LR: 0.000500
[GPU cuda:0][TRAIN] Epoch: [5][2250/3100], Elapsed 11m 38s (remain 4m 23s), Accuracy: 50.000(68.225), Loss: 0.743(0.772), LR: 0.000499
[GPU cuda:0][TRAIN] Epoch: [5][2300/3100], Elapsed 11m 54s (remain 4m 7s), Accuracy: 25.000(68.264), Loss: 1.348(0.771), LR: 0.000499
[GPU cuda:0][TRAIN] Epoch: [5][2350/3100], Elapsed 12m 9s (remain 3m 52s), Accuracy: 75.000(68.216), Loss: 0.661(0.771), LR: 0.000499
[GPU cuda:0][TRAIN] Epoch: [5][2400/3100], Elapsed 12m 25s (remain 3m 36s), Accuracy: 25.000(68.117), Loss: 1.512(0.773), LR: 0.000499
[GPU cuda:0][TRAIN] Epoch: [5][2450/3100], Elapsed 12m 40s (remain 3m 21s), Accuracy: 75.000(68.044), Loss: 0.636(0.775), LR: 0.000499
[GPU cuda:0][TRAIN] Epoch: [5][2500/3100], Elapsed 12m 56s (remain 3m 5s), Accuracy: 75.000(68.083), Loss: 0.726(0.774), LR: 0.000499
[GPU cuda:0][TRAIN] Epoch: [5][2550/3100], Elapsed 13m 11s (remain 2m 50s), Accuracy: 50.000(68.022), Loss: 0.964(0.775), LR: 0.000499
[GPU cuda:0][TRAIN] Epoch: [5][2600/3100], Elapsed 13m 27s (remain 2m 34s), Accuracy: 50.000(68.195), Loss: 0.796(0.774), LR: 0.000499
[GPU cuda:0][TRAIN] Epoch: [5][2650/3100], Elapsed 13m 42s (remain 2m 19s), Accuracy: 75.000(68.323), Loss: 0.773(0.771), LR: 0.000499
[GPU cuda:0][TRAIN] Epoch: [5][2700/3100], Elapsed 13m 58s (remain 2m 3s), Accuracy: 100.000(68.382), Loss: 0.422(0.770), LR: 0.000498
[GPU cuda:0][TRAIN] Epoch: [5][2750/3100], Elapsed 14m 13s (remain 1m 48s), Accuracy: 25.000(68.448), Loss: 1.010(0.769), LR: 0.000498
[GPU cuda:0][TRAIN] Epoch: [5][2800/3100], Elapsed 14m 29s (remain 1m 32s), Accuracy: 0.000(68.449), Loss: 1.600(0.769), LR: 0.000498
[GPU cuda:0][TRAIN] Epoch: [5][2850/3100], Elapsed 14m 44s (remain 1m 17s), Accuracy: 75.000(68.467), Loss: 0.707(0.769), LR: 0.000498
[GPU cuda:0][TRAIN] Epoch: [5][2900/3100], Elapsed 14m 59s (remain 1m 1s), Accuracy: 75.000(68.459), Loss: 0.649(0.769), LR: 0.000498
[GPU cuda:0][TRAIN] Epoch: [5][2950/3100], Elapsed 15m 15s (remain 0m 46s), Accuracy: 75.000(68.562), Loss: 0.470(0.767), LR: 0.000498
[GPU cuda:0][TRAIN] Epoch: [5][3000/3100], Elapsed 15m 30s (remain 0m 30s), Accuracy: 50.000(68.627), Loss: 1.513(0.766), LR: 0.000498
[GPU cuda:0][TRAIN] Epoch: [5][3050/3100], Elapsed 15m 46s (remain 0m 15s), Accuracy: 75.000(68.658), Loss: 0.612(0.764), LR: 0.000497
[GPU cuda:0][TRAIN] Epoch: [5][3099/3100], Elapsed 16m 1s (remain 0m 0s), Accuracy: 25.000(68.718), Loss: 1.026(0.763), LR: 0.000497
[GPU cuda:0][VALID][0/388], Elapsed 0m 0s (remain 3m 28s), Accuracy: 75.000(75.000), Batch Loss: 0.6251, Average Loss: 0.6251
[GPU cuda:0][VALID][50/388], Elapsed 0m 12s (remain 1m 20s), Accuracy: 75.000(64.951), Batch Loss: 1.0000, Average Loss: 0.8214
[GPU cuda:0][VALID][100/388], Elapsed 0m 23s (remain 1m 7s), Accuracy: 50.000(63.738), Batch Loss: 1.0592, Average Loss: 0.8320
[GPU cuda:0][VALID][150/388], Elapsed 0m 35s (remain 0m 55s), Accuracy: 75.000(63.079), Batch Loss: 0.8122, Average Loss: 0.8446
[GPU cuda:0][VALID][200/388], Elapsed 0m 47s (remain 0m 43s), Accuracy: 75.000(63.246), Batch Loss: 0.6121, Average Loss: 0.8494
[GPU cuda:0][VALID][250/388], Elapsed 0m 58s (remain 0m 32s), Accuracy: 37.500(62.550), Batch Loss: 1.1315, Average Loss: 0.8655
[GPU cuda:0][VALID][300/388], Elapsed 1m 10s (remain 0m 20s), Accuracy: 50.000(62.625), Batch Loss: 1.0587, Average Loss: 0.8647
[GPU cuda:0][VALID][350/388], Elapsed 1m 22s (remain 0m 8s), Accuracy: 50.000(62.536), Batch Loss: 0.9980, Average Loss: 0.8648
[GPU cuda:0][VALID][387/388], Elapsed 1m 30s (remain 0m 0s), Accuracy: 25.000(62.629), Batch Loss: 1.1381, Average Loss: 0.8578
Valid Labels Samples: [2 0 1 4 1 0 3 1 4 3]
Valid Predictions Samples: [3, 0, 1, 4, 1, 0, 4, 1, 4, 0]
Epoch 5 - Train Average Loss: 68.718, Valid Average Loss: 62.629, Epoch Time: 1054.824s
Epoch 5 - Accuracy: 0.627, Precision: 0.633, Recall: 0.627
[GPU cuda:0][TRAIN] Epoch: [6][0/3100], Elapsed 0m 0s (remain 35m 53s), Accuracy: 75.000(75.000), Loss: 0.672(0.672), LR: 0.000497
[GPU cuda:0][TRAIN] Epoch: [6][50/3100], Elapsed 0m 16s (remain 16m 7s), Accuracy: 100.000(74.020), Loss: 0.413(0.604), LR: 0.000497
[GPU cuda:0][TRAIN] Epoch: [6][100/3100], Elapsed 0m 31s (remain 15m 40s), Accuracy: 25.000(70.297), Loss: 1.975(0.655), LR: 0.000497
[GPU cuda:0][TRAIN] Epoch: [6][150/3100], Elapsed 0m 47s (remain 15m 21s), Accuracy: 100.000(68.709), Loss: 0.065(0.703), LR: 0.000497
[GPU cuda:0][TRAIN] Epoch: [6][200/3100], Elapsed 1m 2s (remain 15m 3s), Accuracy: 100.000(70.025), Loss: 0.077(0.682), LR: 0.000496
[GPU cuda:0][TRAIN] Epoch: [6][250/3100], Elapsed 1m 18s (remain 14m 47s), Accuracy: 50.000(68.426), Loss: 0.894(0.720), LR: 0.000496
[GPU cuda:0][TRAIN] Epoch: [6][300/3100], Elapsed 1m 33s (remain 14m 31s), Accuracy: 75.000(69.103), Loss: 0.518(0.723), LR: 0.000496
[GPU cuda:0][TRAIN] Epoch: [6][350/3100], Elapsed 1m 49s (remain 14m 14s), Accuracy: 25.000(69.231), Loss: 0.943(0.719), LR: 0.000496
[GPU cuda:0][TRAIN] Epoch: [6][400/3100], Elapsed 2m 4s (remain 13m 58s), Accuracy: 50.000(67.955), Loss: 0.817(0.735), LR: 0.000496
[GPU cuda:0][TRAIN] Epoch: [6][450/3100], Elapsed 2m 20s (remain 13m 43s), Accuracy: 75.000(68.459), Loss: 0.724(0.725), LR: 0.000495
[GPU cuda:0][TRAIN] Epoch: [6][500/3100], Elapsed 2m 35s (remain 13m 27s), Accuracy: 50.000(68.613), Loss: 0.876(0.730), LR: 0.000495
[GPU cuda:0][TRAIN] Epoch: [6][550/3100], Elapsed 2m 51s (remain 13m 11s), Accuracy: 50.000(68.966), Loss: 1.187(0.725), LR: 0.000495
[GPU cuda:0][TRAIN] Epoch: [6][600/3100], Elapsed 3m 6s (remain 12m 55s), Accuracy: 100.000(69.551), Loss: 0.148(0.720), LR: 0.000495
[GPU cuda:0][TRAIN] Epoch: [6][650/3100], Elapsed 3m 22s (remain 12m 40s), Accuracy: 75.000(69.316), Loss: 0.542(0.723), LR: 0.000494
[GPU cuda:0][TRAIN] Epoch: [6][700/3100], Elapsed 3m 37s (remain 12m 24s), Accuracy: 100.000(68.830), Loss: 0.484(0.735), LR: 0.000494
[GPU cuda:0][TRAIN] Epoch: [6][750/3100], Elapsed 3m 53s (remain 12m 8s), Accuracy: 100.000(68.675), Loss: 0.079(0.738), LR: 0.000494
[GPU cuda:0][TRAIN] Epoch: [6][800/3100], Elapsed 4m 8s (remain 11m 53s), Accuracy: 50.000(68.539), Loss: 0.789(0.739), LR: 0.000494
[GPU cuda:0][TRAIN] Epoch: [6][850/3100], Elapsed 4m 24s (remain 11m 37s), Accuracy: 100.000(68.508), Loss: 0.511(0.743), LR: 0.000493
[GPU cuda:0][TRAIN] Epoch: [6][900/3100], Elapsed 4m 39s (remain 11m 22s), Accuracy: 75.000(68.257), Loss: 0.850(0.744), LR: 0.000493
[GPU cuda:0][TRAIN] Epoch: [6][950/3100], Elapsed 4m 55s (remain 11m 6s), Accuracy: 100.000(68.428), Loss: 0.399(0.745), LR: 0.000493
[GPU cuda:0][TRAIN] Epoch: [6][1000/3100], Elapsed 5m 10s (remain 10m 51s), Accuracy: 75.000(68.581), Loss: 0.466(0.744), LR: 0.000492
[GPU cuda:0][TRAIN] Epoch: [6][1050/3100], Elapsed 5m 26s (remain 10m 35s), Accuracy: 75.000(68.982), Loss: 0.304(0.737), LR: 0.000492
[GPU cuda:0][TRAIN] Epoch: [6][1100/3100], Elapsed 5m 41s (remain 10m 20s), Accuracy: 25.000(69.301), Loss: 1.391(0.732), LR: 0.000492
[GPU cuda:0][TRAIN] Epoch: [6][1150/3100], Elapsed 5m 57s (remain 10m 4s), Accuracy: 100.000(69.353), Loss: 0.099(0.733), LR: 0.000492
[GPU cuda:0][TRAIN] Epoch: [6][1200/3100], Elapsed 6m 12s (remain 9m 48s), Accuracy: 100.000(69.525), Loss: 0.148(0.726), LR: 0.000491
[GPU cuda:0][TRAIN] Epoch: [6][1250/3100], Elapsed 6m 27s (remain 9m 33s), Accuracy: 75.000(69.245), Loss: 0.817(0.732), LR: 0.000491
[GPU cuda:0][TRAIN] Epoch: [6][1300/3100], Elapsed 6m 43s (remain 9m 17s), Accuracy: 75.000(69.389), Loss: 0.513(0.731), LR: 0.000491
[GPU cuda:0][TRAIN] Epoch: [6][1350/3100], Elapsed 6m 58s (remain 9m 2s), Accuracy: 100.000(69.671), Loss: 0.208(0.724), LR: 0.000490
[GPU cuda:0][TRAIN] Epoch: [6][1400/3100], Elapsed 7m 14s (remain 8m 46s), Accuracy: 75.000(69.575), Loss: 0.492(0.724), LR: 0.000490
[GPU cuda:0][TRAIN] Epoch: [6][1450/3100], Elapsed 7m 29s (remain 8m 31s), Accuracy: 75.000(69.779), Loss: 1.090(0.720), LR: 0.000490
[GPU cuda:0][TRAIN] Epoch: [6][1500/3100], Elapsed 7m 45s (remain 8m 15s), Accuracy: 75.000(69.953), Loss: 0.685(0.719), LR: 0.000489
[GPU cuda:0][TRAIN] Epoch: [6][1550/3100], Elapsed 8m 0s (remain 8m 0s), Accuracy: 100.000(69.971), Loss: 0.120(0.717), LR: 0.000489
[GPU cuda:0][TRAIN] Epoch: [6][1600/3100], Elapsed 8m 16s (remain 7m 44s), Accuracy: 100.000(70.019), Loss: 0.205(0.717), LR: 0.000489
[GPU cuda:0][TRAIN] Epoch: [6][1650/3100], Elapsed 8m 32s (remain 7m 29s), Accuracy: 100.000(70.200), Loss: 0.245(0.713), LR: 0.000488
[GPU cuda:0][TRAIN] Epoch: [6][1700/3100], Elapsed 8m 47s (remain 7m 13s), Accuracy: 75.000(70.414), Loss: 0.859(0.711), LR: 0.000488
[GPU cuda:0][TRAIN] Epoch: [6][1750/3100], Elapsed 9m 3s (remain 6m 58s), Accuracy: 75.000(70.317), Loss: 0.494(0.713), LR: 0.000487
[GPU cuda:0][TRAIN] Epoch: [6][1800/3100], Elapsed 9m 18s (remain 6m 42s), Accuracy: 100.000(70.516), Loss: 0.143(0.712), LR: 0.000487
[GPU cuda:0][TRAIN] Epoch: [6][1850/3100], Elapsed 9m 34s (remain 6m 27s), Accuracy: 100.000(70.394), Loss: 0.485(0.714), LR: 0.000487
[GPU cuda:0][TRAIN] Epoch: [6][1900/3100], Elapsed 9m 49s (remain 6m 11s), Accuracy: 75.000(70.581), Loss: 0.826(0.711), LR: 0.000486
[GPU cuda:0][TRAIN] Epoch: [6][1950/3100], Elapsed 10m 5s (remain 5m 56s), Accuracy: 75.000(70.605), Loss: 0.584(0.709), LR: 0.000486
[GPU cuda:0][TRAIN] Epoch: [6][2000/3100], Elapsed 10m 20s (remain 5m 40s), Accuracy: 75.000(70.652), Loss: 0.401(0.709), LR: 0.000485
[GPU cuda:0][TRAIN] Epoch: [6][2050/3100], Elapsed 10m 36s (remain 5m 25s), Accuracy: 75.000(70.770), Loss: 0.380(0.706), LR: 0.000485
[GPU cuda:0][TRAIN] Epoch: [6][2100/3100], Elapsed 10m 51s (remain 5m 9s), Accuracy: 75.000(70.657), Loss: 1.500(0.707), LR: 0.000485
[GPU cuda:0][TRAIN] Epoch: [6][2150/3100], Elapsed 11m 6s (remain 4m 54s), Accuracy: 25.000(70.711), Loss: 1.783(0.707), LR: 0.000484
[GPU cuda:0][TRAIN] Epoch: [6][2200/3100], Elapsed 11m 22s (remain 4m 38s), Accuracy: 25.000(70.582), Loss: 1.570(0.708), LR: 0.000484
[GPU cuda:0][TRAIN] Epoch: [6][2250/3100], Elapsed 11m 37s (remain 4m 23s), Accuracy: 50.000(70.569), Loss: 0.966(0.708), LR: 0.000483
[GPU cuda:0][TRAIN] Epoch: [6][2300/3100], Elapsed 11m 53s (remain 4m 7s), Accuracy: 50.000(70.491), Loss: 1.370(0.708), LR: 0.000483
[GPU cuda:0][TRAIN] Epoch: [6][2350/3100], Elapsed 12m 8s (remain 3m 52s), Accuracy: 50.000(70.534), Loss: 1.275(0.708), LR: 0.000482
[GPU cuda:0][TRAIN] Epoch: [6][2400/3100], Elapsed 12m 24s (remain 3m 36s), Accuracy: 75.000(70.491), Loss: 0.934(0.710), LR: 0.000482
[GPU cuda:0][TRAIN] Epoch: [6][2450/3100], Elapsed 12m 39s (remain 3m 21s), Accuracy: 75.000(70.390), Loss: 0.488(0.712), LR: 0.000482
[GPU cuda:0][TRAIN] Epoch: [6][2500/3100], Elapsed 12m 55s (remain 3m 5s), Accuracy: 75.000(70.402), Loss: 0.825(0.712), LR: 0.000481
[GPU cuda:0][TRAIN] Epoch: [6][2550/3100], Elapsed 13m 10s (remain 2m 50s), Accuracy: 50.000(70.355), Loss: 1.077(0.714), LR: 0.000481
[GPU cuda:0][TRAIN] Epoch: [6][2600/3100], Elapsed 13m 26s (remain 2m 34s), Accuracy: 75.000(70.531), Loss: 0.540(0.712), LR: 0.000480
[GPU cuda:0][TRAIN] Epoch: [6][2650/3100], Elapsed 13m 41s (remain 2m 19s), Accuracy: 50.000(70.671), Loss: 0.816(0.710), LR: 0.000480
[GPU cuda:0][TRAIN] Epoch: [6][2700/3100], Elapsed 13m 57s (remain 2m 3s), Accuracy: 50.000(70.733), Loss: 0.703(0.709), LR: 0.000479
[GPU cuda:0][TRAIN] Epoch: [6][2750/3100], Elapsed 14m 12s (remain 1m 48s), Accuracy: 50.000(70.820), Loss: 0.944(0.707), LR: 0.000479
[GPU cuda:0][TRAIN] Epoch: [6][2800/3100], Elapsed 14m 28s (remain 1m 32s), Accuracy: 25.000(70.894), Loss: 1.258(0.706), LR: 0.000478
[GPU cuda:0][TRAIN] Epoch: [6][2850/3100], Elapsed 14m 43s (remain 1m 17s), Accuracy: 75.000(71.036), Loss: 0.927(0.705), LR: 0.000478
[GPU cuda:0][TRAIN] Epoch: [6][2900/3100], Elapsed 14m 59s (remain 1m 1s), Accuracy: 75.000(71.001), Loss: 0.580(0.706), LR: 0.000477
[GPU cuda:0][TRAIN] Epoch: [6][2950/3100], Elapsed 15m 14s (remain 0m 46s), Accuracy: 75.000(71.145), Loss: 0.419(0.704), LR: 0.000477
[GPU cuda:0][TRAIN] Epoch: [6][3000/3100], Elapsed 15m 30s (remain 0m 30s), Accuracy: 50.000(71.285), Loss: 1.073(0.701), LR: 0.000476
[GPU cuda:0][TRAIN] Epoch: [6][3050/3100], Elapsed 15m 45s (remain 0m 15s), Accuracy: 75.000(71.386), Loss: 0.532(0.699), LR: 0.000476
[GPU cuda:0][TRAIN] Epoch: [6][3099/3100], Elapsed 16m 1s (remain 0m 0s), Accuracy: 25.000(71.395), Loss: 1.834(0.699), LR: 0.000475
[GPU cuda:0][VALID][0/388], Elapsed 0m 0s (remain 3m 33s), Accuracy: 87.500(87.500), Batch Loss: 0.3043, Average Loss: 0.3043
[GPU cuda:0][VALID][50/388], Elapsed 0m 12s (remain 1m 20s), Accuracy: 50.000(64.461), Batch Loss: 1.0138, Average Loss: 0.8770
[GPU cuda:0][VALID][100/388], Elapsed 0m 23s (remain 1m 7s), Accuracy: 75.000(63.985), Batch Loss: 0.7711, Average Loss: 0.9039
[GPU cuda:0][VALID][150/388], Elapsed 0m 35s (remain 0m 55s), Accuracy: 75.000(64.321), Batch Loss: 0.8140, Average Loss: 0.8937
[GPU cuda:0][VALID][200/388], Elapsed 0m 47s (remain 0m 43s), Accuracy: 75.000(64.117), Batch Loss: 0.4682, Average Loss: 0.8823
[GPU cuda:0][VALID][250/388], Elapsed 0m 58s (remain 0m 32s), Accuracy: 37.500(63.347), Batch Loss: 1.4181, Average Loss: 0.9002
[GPU cuda:0][VALID][300/388], Elapsed 1m 10s (remain 0m 20s), Accuracy: 50.000(63.455), Batch Loss: 1.0782, Average Loss: 0.9005
[GPU cuda:0][VALID][350/388], Elapsed 1m 22s (remain 0m 8s), Accuracy: 62.500(63.675), Batch Loss: 0.9540, Average Loss: 0.8940
[GPU cuda:0][VALID][387/388], Elapsed 1m 30s (remain 0m 0s), Accuracy: 75.000(63.950), Batch Loss: 0.6903, Average Loss: 0.8877
Valid Labels Samples: [2 0 1 4 1 0 3 1 4 3]
Valid Predictions Samples: [3, 0, 1, 4, 1, 0, 3, 1, 4, 0]
Epoch 6 - Train Average Loss: 71.395, Valid Average Loss: 63.950, Epoch Time: 1054.296s
Epoch 6 - Accuracy: 0.639, Precision: 0.657, Recall: 0.639
[GPU cuda:0][TRAIN] Epoch: [7][0/3100], Elapsed 0m 0s (remain 37m 23s), Accuracy: 50.000(50.000), Loss: 0.801(0.801), LR: 0.000475
[GPU cuda:0][TRAIN] Epoch: [7][50/3100], Elapsed 0m 16s (remain 16m 15s), Accuracy: 50.000(71.569), Loss: 0.476(0.651), LR: 0.000475
[GPU cuda:0][TRAIN] Epoch: [7][100/3100], Elapsed 0m 31s (remain 15m 46s), Accuracy: 25.000(73.762), Loss: 1.906(0.622), LR: 0.000474
[GPU cuda:0][TRAIN] Epoch: [7][150/3100], Elapsed 0m 47s (remain 15m 25s), Accuracy: 100.000(71.854), Loss: 0.022(0.649), LR: 0.000474
[GPU cuda:0][TRAIN] Epoch: [7][200/3100], Elapsed 1m 2s (remain 15m 7s), Accuracy: 100.000(72.761), Loss: 0.058(0.646), LR: 0.000473
[GPU cuda:0][TRAIN] Epoch: [7][250/3100], Elapsed 1m 18s (remain 14m 50s), Accuracy: 75.000(72.112), Loss: 0.740(0.667), LR: 0.000473
[GPU cuda:0][TRAIN] Epoch: [7][300/3100], Elapsed 1m 33s (remain 14m 33s), Accuracy: 100.000(72.425), Loss: 0.357(0.662), LR: 0.000472
[GPU cuda:0][TRAIN] Epoch: [7][350/3100], Elapsed 1m 49s (remain 14m 17s), Accuracy: 0.000(72.650), Loss: 2.356(0.661), LR: 0.000471
[GPU cuda:0][TRAIN] Epoch: [7][400/3100], Elapsed 2m 5s (remain 14m 1s), Accuracy: 50.000(72.007), Loss: 0.932(0.672), LR: 0.000471
[GPU cuda:0][TRAIN] Epoch: [7][450/3100], Elapsed 2m 20s (remain 13m 45s), Accuracy: 75.000(72.284), Loss: 0.610(0.665), LR: 0.000470
[GPU cuda:0][TRAIN] Epoch: [7][500/3100], Elapsed 2m 36s (remain 13m 29s), Accuracy: 50.000(72.405), Loss: 0.880(0.666), LR: 0.000470
[GPU cuda:0][TRAIN] Epoch: [7][550/3100], Elapsed 2m 51s (remain 13m 13s), Accuracy: 75.000(73.049), Loss: 0.730(0.656), LR: 0.000469
[GPU cuda:0][TRAIN] Epoch: [7][600/3100], Elapsed 3m 7s (remain 12m 58s), Accuracy: 75.000(73.669), Loss: 0.257(0.649), LR: 0.000469
[GPU cuda:0][TRAIN] Epoch: [7][650/3100], Elapsed 3m 22s (remain 12m 42s), Accuracy: 75.000(73.349), Loss: 0.437(0.655), LR: 0.000468
[GPU cuda:0][TRAIN] Epoch: [7][700/3100], Elapsed 3m 38s (remain 12m 26s), Accuracy: 75.000(72.718), Loss: 0.634(0.663), LR: 0.000467
[GPU cuda:0][TRAIN] Epoch: [7][750/3100], Elapsed 3m 53s (remain 12m 11s), Accuracy: 100.000(72.870), Loss: 0.066(0.664), LR: 0.000467
[GPU cuda:0][TRAIN] Epoch: [7][800/3100], Elapsed 4m 9s (remain 11m 55s), Accuracy: 100.000(72.940), Loss: 0.472(0.664), LR: 0.000466
[GPU cuda:0][TRAIN] Epoch: [7][850/3100], Elapsed 4m 24s (remain 11m 39s), Accuracy: 100.000(72.855), Loss: 0.284(0.668), LR: 0.000466
[GPU cuda:0][TRAIN] Epoch: [7][900/3100], Elapsed 4m 40s (remain 11m 24s), Accuracy: 75.000(72.558), Loss: 0.491(0.670), LR: 0.000465
[GPU cuda:0][TRAIN] Epoch: [7][950/3100], Elapsed 4m 55s (remain 11m 8s), Accuracy: 75.000(72.608), Loss: 0.369(0.669), LR: 0.000464
[GPU cuda:0][TRAIN] Epoch: [7][1000/3100], Elapsed 5m 11s (remain 10m 52s), Accuracy: 100.000(72.802), Loss: 0.261(0.665), LR: 0.000464
[GPU cuda:0][TRAIN] Epoch: [7][1050/3100], Elapsed 5m 26s (remain 10m 37s), Accuracy: 75.000(72.479), Loss: 0.394(0.670), LR: 0.000463
[GPU cuda:0][TRAIN] Epoch: [7][1100/3100], Elapsed 5m 42s (remain 10m 21s), Accuracy: 50.000(72.775), Loss: 1.483(0.664), LR: 0.000462
[GPU cuda:0][TRAIN] Epoch: [7][1150/3100], Elapsed 5m 57s (remain 10m 5s), Accuracy: 100.000(72.763), Loss: 0.064(0.665), LR: 0.000462
[GPU cuda:0][TRAIN] Epoch: [7][1200/3100], Elapsed 6m 13s (remain 9m 50s), Accuracy: 100.000(72.773), Loss: 0.110(0.662), LR: 0.000461
[GPU cuda:0][TRAIN] Epoch: [7][1250/3100], Elapsed 6m 28s (remain 9m 34s), Accuracy: 75.000(72.382), Loss: 0.722(0.665), LR: 0.000461
[GPU cuda:0][TRAIN] Epoch: [7][1300/3100], Elapsed 6m 44s (remain 9m 19s), Accuracy: 50.000(72.463), Loss: 0.717(0.664), LR: 0.000460
[GPU cuda:0][TRAIN] Epoch: [7][1350/3100], Elapsed 6m 59s (remain 9m 3s), Accuracy: 100.000(72.742), Loss: 0.244(0.657), LR: 0.000459
[GPU cuda:0][TRAIN] Epoch: [7][1400/3100], Elapsed 7m 15s (remain 8m 48s), Accuracy: 50.000(72.627), Loss: 0.933(0.659), LR: 0.000459
[GPU cuda:0][TRAIN] Epoch: [7][1450/3100], Elapsed 7m 30s (remain 8m 32s), Accuracy: 75.000(72.795), Loss: 0.561(0.655), LR: 0.000458
[GPU cuda:0][TRAIN] Epoch: [7][1500/3100], Elapsed 7m 46s (remain 8m 16s), Accuracy: 75.000(72.901), Loss: 0.649(0.654), LR: 0.000457
[GPU cuda:0][TRAIN] Epoch: [7][1550/3100], Elapsed 8m 1s (remain 8m 1s), Accuracy: 100.000(72.840), Loss: 0.063(0.654), LR: 0.000457
[GPU cuda:0][TRAIN] Epoch: [7][1600/3100], Elapsed 8m 17s (remain 7m 45s), Accuracy: 100.000(72.798), Loss: 0.146(0.653), LR: 0.000456
[GPU cuda:0][TRAIN] Epoch: [7][1650/3100], Elapsed 8m 33s (remain 7m 30s), Accuracy: 100.000(72.956), Loss: 0.136(0.650), LR: 0.000455
[GPU cuda:0][TRAIN] Epoch: [7][1700/3100], Elapsed 8m 48s (remain 7m 14s), Accuracy: 75.000(73.104), Loss: 0.766(0.648), LR: 0.000454
[GPU cuda:0][TRAIN] Epoch: [7][1750/3100], Elapsed 9m 4s (remain 6m 59s), Accuracy: 100.000(73.015), Loss: 0.199(0.650), LR: 0.000454
[GPU cuda:0][TRAIN] Epoch: [7][1800/3100], Elapsed 9m 19s (remain 6m 43s), Accuracy: 100.000(73.098), Loss: 0.276(0.649), LR: 0.000453
[GPU cuda:0][TRAIN] Epoch: [7][1850/3100], Elapsed 9m 35s (remain 6m 28s), Accuracy: 75.000(72.988), Loss: 0.634(0.651), LR: 0.000452
[GPU cuda:0][TRAIN] Epoch: [7][1900/3100], Elapsed 9m 50s (remain 6m 12s), Accuracy: 75.000(73.172), Loss: 0.637(0.648), LR: 0.000452
[GPU cuda:0][TRAIN] Epoch: [7][1950/3100], Elapsed 10m 6s (remain 5m 57s), Accuracy: 75.000(73.168), Loss: 0.615(0.647), LR: 0.000451
[GPU cuda:0][TRAIN] Epoch: [7][2000/3100], Elapsed 10m 21s (remain 5m 41s), Accuracy: 100.000(73.176), Loss: 0.321(0.649), LR: 0.000450
[GPU cuda:0][TRAIN] Epoch: [7][2050/3100], Elapsed 10m 37s (remain 5m 25s), Accuracy: 75.000(73.342), Loss: 0.340(0.646), LR: 0.000449
[GPU cuda:0][TRAIN] Epoch: [7][2100/3100], Elapsed 10m 52s (remain 5m 10s), Accuracy: 75.000(73.346), Loss: 1.361(0.646), LR: 0.000449
[GPU cuda:0][TRAIN] Epoch: [7][2150/3100], Elapsed 11m 8s (remain 4m 54s), Accuracy: 50.000(73.512), Loss: 1.105(0.644), LR: 0.000448
[GPU cuda:0][TRAIN] Epoch: [7][2200/3100], Elapsed 11m 23s (remain 4m 39s), Accuracy: 25.000(73.501), Loss: 1.224(0.644), LR: 0.000447
[GPU cuda:0][TRAIN] Epoch: [7][2250/3100], Elapsed 11m 39s (remain 4m 23s), Accuracy: 50.000(73.545), Loss: 1.326(0.642), LR: 0.000447
[GPU cuda:0][TRAIN] Epoch: [7][2300/3100], Elapsed 11m 54s (remain 4m 8s), Accuracy: 50.000(73.533), Loss: 1.525(0.641), LR: 0.000446
[GPU cuda:0][TRAIN] Epoch: [7][2350/3100], Elapsed 12m 10s (remain 3m 52s), Accuracy: 75.000(73.543), Loss: 0.676(0.641), LR: 0.000445
[GPU cuda:0][TRAIN] Epoch: [7][2400/3100], Elapsed 12m 26s (remain 3m 37s), Accuracy: 50.000(73.480), Loss: 1.143(0.642), LR: 0.000444
[GPU cuda:0][TRAIN] Epoch: [7][2450/3100], Elapsed 12m 41s (remain 3m 21s), Accuracy: 100.000(73.358), Loss: 0.395(0.644), LR: 0.000444
[GPU cuda:0][TRAIN] Epoch: [7][2500/3100], Elapsed 12m 57s (remain 3m 6s), Accuracy: 75.000(73.471), Loss: 0.658(0.642), LR: 0.000443
[GPU cuda:0][TRAIN] Epoch: [7][2550/3100], Elapsed 13m 12s (remain 2m 50s), Accuracy: 75.000(73.442), Loss: 1.042(0.643), LR: 0.000442
[GPU cuda:0][TRAIN] Epoch: [7][2600/3100], Elapsed 13m 28s (remain 2m 35s), Accuracy: 50.000(73.549), Loss: 0.754(0.641), LR: 0.000441
[GPU cuda:0][TRAIN] Epoch: [7][2650/3100], Elapsed 13m 43s (remain 2m 19s), Accuracy: 50.000(73.585), Loss: 0.834(0.639), LR: 0.000440
[GPU cuda:0][TRAIN] Epoch: [7][2700/3100], Elapsed 13m 59s (remain 2m 3s), Accuracy: 75.000(73.713), Loss: 0.827(0.637), LR: 0.000440
[GPU cuda:0][TRAIN] Epoch: [7][2750/3100], Elapsed 14m 14s (remain 1m 48s), Accuracy: 50.000(73.810), Loss: 0.790(0.637), LR: 0.000439
[GPU cuda:0][TRAIN] Epoch: [7][2800/3100], Elapsed 14m 30s (remain 1m 32s), Accuracy: 50.000(73.786), Loss: 1.161(0.638), LR: 0.000438
[GPU cuda:0][TRAIN] Epoch: [7][2850/3100], Elapsed 14m 45s (remain 1m 17s), Accuracy: 75.000(73.904), Loss: 1.006(0.636), LR: 0.000437
[GPU cuda:0][TRAIN] Epoch: [7][2900/3100], Elapsed 15m 1s (remain 1m 1s), Accuracy: 100.000(73.845), Loss: 0.480(0.638), LR: 0.000436
[GPU cuda:0][TRAIN] Epoch: [7][2950/3100], Elapsed 15m 16s (remain 0m 46s), Accuracy: 75.000(73.941), Loss: 0.297(0.636), LR: 0.000436
[GPU cuda:0][TRAIN] Epoch: [7][3000/3100], Elapsed 15m 32s (remain 0m 30s), Accuracy: 50.000(74.042), Loss: 1.447(0.634), LR: 0.000435
[GPU cuda:0][TRAIN] Epoch: [7][3050/3100], Elapsed 15m 47s (remain 0m 15s), Accuracy: 75.000(74.156), Loss: 0.400(0.632), LR: 0.000434
[GPU cuda:0][TRAIN] Epoch: [7][3099/3100], Elapsed 16m 3s (remain 0m 0s), Accuracy: 50.000(74.202), Loss: 1.850(0.632), LR: 0.000433
[GPU cuda:0][VALID][0/388], Elapsed 0m 0s (remain 3m 34s), Accuracy: 87.500(87.500), Batch Loss: 0.7404, Average Loss: 0.7404
[GPU cuda:0][VALID][50/388], Elapsed 0m 12s (remain 1m 20s), Accuracy: 62.500(68.137), Batch Loss: 0.9430, Average Loss: 0.8848
[GPU cuda:0][VALID][100/388], Elapsed 0m 23s (remain 1m 7s), Accuracy: 50.000(66.708), Batch Loss: 0.9285, Average Loss: 0.9195
[GPU cuda:0][VALID][150/388], Elapsed 0m 35s (remain 0m 55s), Accuracy: 75.000(67.053), Batch Loss: 1.0477, Average Loss: 0.9155
[GPU cuda:0][VALID][200/388], Elapsed 0m 47s (remain 0m 43s), Accuracy: 87.500(67.226), Batch Loss: 0.3711, Average Loss: 0.9092
[GPU cuda:0][VALID][250/388], Elapsed 0m 58s (remain 0m 32s), Accuracy: 37.500(66.584), Batch Loss: 1.3692, Average Loss: 0.9187
[GPU cuda:0][VALID][300/388], Elapsed 1m 10s (remain 0m 20s), Accuracy: 37.500(66.487), Batch Loss: 1.6606, Average Loss: 0.9272
[GPU cuda:0][VALID][350/388], Elapsed 1m 22s (remain 0m 8s), Accuracy: 25.000(66.097), Batch Loss: 1.8119, Average Loss: 0.9318
[GPU cuda:0][VALID][387/388], Elapsed 1m 30s (remain 0m 0s), Accuracy: 75.000(66.302), Batch Loss: 0.6913, Average Loss: 0.9282
Valid Labels Samples: [2 0 1 4 1 0 3 1 4 3]
Valid Predictions Samples: [2, 0, 1, 4, 1, 1, 3, 1, 3, 0]
Epoch 7 - Train Average Loss: 74.202, Valid Average Loss: 66.302, Epoch Time: 1056.596s
Epoch 7 - Accuracy: 0.663, Precision: 0.668, Recall: 0.663
Saved Best Model: 0.66
[GPU cuda:0][TRAIN] Epoch: [8][0/3100], Elapsed 0m 0s (remain 35m 52s), Accuracy: 100.000(100.000), Loss: 0.331(0.331), LR: 0.000433
[GPU cuda:0][TRAIN] Epoch: [8][50/3100], Elapsed 0m 16s (remain 16m 9s), Accuracy: 75.000(79.412), Loss: 0.284(0.554), LR: 0.000432
[GPU cuda:0][TRAIN] Epoch: [8][100/3100], Elapsed 0m 31s (remain 15m 42s), Accuracy: 50.000(77.228), Loss: 1.709(0.569), LR: 0.000432
[GPU cuda:0][TRAIN] Epoch: [8][150/3100], Elapsed 0m 47s (remain 15m 22s), Accuracy: 75.000(74.834), Loss: 0.257(0.602), LR: 0.000431
[GPU cuda:0][TRAIN] Epoch: [8][200/3100], Elapsed 1m 2s (remain 15m 4s), Accuracy: 100.000(75.000), Loss: 0.066(0.603), LR: 0.000430
[GPU cuda:0][TRAIN] Epoch: [8][250/3100], Elapsed 1m 18s (remain 14m 47s), Accuracy: 50.000(74.004), Loss: 1.058(0.620), LR: 0.000429
[GPU cuda:0][TRAIN] Epoch: [8][300/3100], Elapsed 1m 33s (remain 14m 30s), Accuracy: 100.000(74.751), Loss: 0.187(0.609), LR: 0.000428
[GPU cuda:0][TRAIN] Epoch: [8][350/3100], Elapsed 1m 49s (remain 14m 14s), Accuracy: 25.000(75.427), Loss: 1.672(0.594), LR: 0.000427
[GPU cuda:0][TRAIN] Epoch: [8][400/3100], Elapsed 2m 4s (remain 13m 58s), Accuracy: 50.000(74.252), Loss: 0.824(0.608), LR: 0.000427
[GPU cuda:0][TRAIN] Epoch: [8][450/3100], Elapsed 2m 20s (remain 13m 42s), Accuracy: 100.000(74.612), Loss: 0.216(0.601), LR: 0.000426
[GPU cuda:0][TRAIN] Epoch: [8][500/3100], Elapsed 2m 35s (remain 13m 26s), Accuracy: 50.000(74.701), Loss: 1.078(0.605), LR: 0.000425
[GPU cuda:0][TRAIN] Epoch: [8][550/3100], Elapsed 2m 50s (remain 13m 10s), Accuracy: 75.000(75.272), Loss: 0.718(0.597), LR: 0.000424
[GPU cuda:0][TRAIN] Epoch: [8][600/3100], Elapsed 3m 6s (remain 12m 55s), Accuracy: 100.000(75.499), Loss: 0.160(0.590), LR: 0.000423
[GPU cuda:0][TRAIN] Epoch: [8][650/3100], Elapsed 3m 21s (remain 12m 39s), Accuracy: 100.000(75.499), Loss: 0.048(0.592), LR: 0.000422
[GPU cuda:0][TRAIN] Epoch: [8][700/3100], Elapsed 3m 37s (remain 12m 23s), Accuracy: 100.000(75.392), Loss: 0.385(0.594), LR: 0.000421
[GPU cuda:0][TRAIN] Epoch: [8][750/3100], Elapsed 3m 52s (remain 12m 8s), Accuracy: 100.000(75.466), Loss: 0.048(0.596), LR: 0.000420
[GPU cuda:0][TRAIN] Epoch: [8][800/3100], Elapsed 4m 8s (remain 11m 52s), Accuracy: 100.000(75.312), Loss: 0.354(0.600), LR: 0.000420
[GPU cuda:0][TRAIN] Epoch: [8][850/3100], Elapsed 4m 23s (remain 11m 37s), Accuracy: 100.000(75.382), Loss: 0.127(0.601), LR: 0.000419
[GPU cuda:0][TRAIN] Epoch: [8][900/3100], Elapsed 4m 39s (remain 11m 21s), Accuracy: 50.000(75.055), Loss: 0.777(0.605), LR: 0.000418
[GPU cuda:0][TRAIN] Epoch: [8][950/3100], Elapsed 4m 54s (remain 11m 6s), Accuracy: 100.000(75.237), Loss: 0.343(0.605), LR: 0.000417
[GPU cuda:0][TRAIN] Epoch: [8][1000/3100], Elapsed 5m 10s (remain 10m 50s), Accuracy: 75.000(75.624), Loss: 0.284(0.597), LR: 0.000416
[GPU cuda:0][TRAIN] Epoch: [8][1050/3100], Elapsed 5m 25s (remain 10m 35s), Accuracy: 75.000(75.856), Loss: 0.303(0.591), LR: 0.000415
[GPU cuda:0][TRAIN] Epoch: [8][1100/3100], Elapsed 5m 41s (remain 10m 19s), Accuracy: 25.000(75.840), Loss: 1.364(0.590), LR: 0.000414
[GPU cuda:0][TRAIN] Epoch: [8][1150/3100], Elapsed 5m 56s (remain 10m 4s), Accuracy: 75.000(75.847), Loss: 0.386(0.590), LR: 0.000413
[GPU cuda:0][TRAIN] Epoch: [8][1200/3100], Elapsed 6m 12s (remain 9m 48s), Accuracy: 75.000(75.895), Loss: 0.483(0.587), LR: 0.000412
[GPU cuda:0][TRAIN] Epoch: [8][1250/3100], Elapsed 6m 27s (remain 9m 33s), Accuracy: 75.000(75.659), Loss: 0.725(0.591), LR: 0.000411
[GPU cuda:0][TRAIN] Epoch: [8][1300/3100], Elapsed 6m 43s (remain 9m 17s), Accuracy: 75.000(75.615), Loss: 1.202(0.593), LR: 0.000411
[GPU cuda:0][TRAIN] Epoch: [8][1350/3100], Elapsed 6m 58s (remain 9m 2s), Accuracy: 100.000(75.907), Loss: 0.227(0.586), LR: 0.000410
[GPU cuda:0][TRAIN] Epoch: [8][1400/3100], Elapsed 7m 14s (remain 8m 46s), Accuracy: 75.000(75.749), Loss: 0.520(0.589), LR: 0.000409
[GPU cuda:0][TRAIN] Epoch: [8][1450/3100], Elapsed 7m 29s (remain 8m 30s), Accuracy: 75.000(75.741), Loss: 0.403(0.588), LR: 0.000408
[GPU cuda:0][TRAIN] Epoch: [8][1500/3100], Elapsed 7m 45s (remain 8m 15s), Accuracy: 100.000(75.849), Loss: 0.573(0.588), LR: 0.000407
[GPU cuda:0][TRAIN] Epoch: [8][1550/3100], Elapsed 8m 0s (remain 7m 59s), Accuracy: 100.000(75.790), Loss: 0.034(0.588), LR: 0.000406
[GPU cuda:0][TRAIN] Epoch: [8][1600/3100], Elapsed 8m 15s (remain 7m 44s), Accuracy: 75.000(75.828), Loss: 0.305(0.588), LR: 0.000405
[GPU cuda:0][TRAIN] Epoch: [8][1650/3100], Elapsed 8m 31s (remain 7m 28s), Accuracy: 100.000(76.030), Loss: 0.066(0.584), LR: 0.000404
[GPU cuda:0][TRAIN] Epoch: [8][1700/3100], Elapsed 8m 46s (remain 7m 13s), Accuracy: 50.000(76.190), Loss: 0.941(0.581), LR: 0.000403
[GPU cuda:0][TRAIN] Epoch: [8][1750/3100], Elapsed 9m 2s (remain 6m 57s), Accuracy: 100.000(76.142), Loss: 0.234(0.585), LR: 0.000402
[GPU cuda:0][TRAIN] Epoch: [8][1800/3100], Elapsed 9m 17s (remain 6m 42s), Accuracy: 100.000(76.166), Loss: 0.039(0.584), LR: 0.000401
[GPU cuda:0][TRAIN] Epoch: [8][1850/3100], Elapsed 9m 33s (remain 6m 26s), Accuracy: 75.000(76.080), Loss: 0.907(0.586), LR: 0.000400
[GPU cuda:0][TRAIN] Epoch: [8][1900/3100], Elapsed 9m 48s (remain 6m 11s), Accuracy: 75.000(76.184), Loss: 0.625(0.584), LR: 0.000399
[GPU cuda:0][TRAIN] Epoch: [8][1950/3100], Elapsed 10m 4s (remain 5m 55s), Accuracy: 100.000(76.243), Loss: 0.287(0.582), LR: 0.000398
[GPU cuda:0][TRAIN] Epoch: [8][2000/3100], Elapsed 10m 19s (remain 5m 40s), Accuracy: 75.000(76.274), Loss: 0.691(0.582), LR: 0.000397
[GPU cuda:0][TRAIN] Epoch: [8][2050/3100], Elapsed 10m 35s (remain 5m 24s), Accuracy: 75.000(76.438), Loss: 0.236(0.580), LR: 0.000396
[GPU cuda:0][TRAIN] Epoch: [8][2100/3100], Elapsed 10m 50s (remain 5m 9s), Accuracy: 75.000(76.380), Loss: 1.476(0.580), LR: 0.000395
[GPU cuda:0][TRAIN] Epoch: [8][2150/3100], Elapsed 11m 6s (remain 4m 53s), Accuracy: 50.000(76.395), Loss: 1.065(0.580), LR: 0.000394
[GPU cuda:0][TRAIN] Epoch: [8][2200/3100], Elapsed 11m 21s (remain 4m 38s), Accuracy: 25.000(76.408), Loss: 1.286(0.579), LR: 0.000393
[GPU cuda:0][TRAIN] Epoch: [8][2250/3100], Elapsed 11m 37s (remain 4m 22s), Accuracy: 75.000(76.477), Loss: 0.441(0.578), LR: 0.000392
[GPU cuda:0][TRAIN] Epoch: [8][2300/3100], Elapsed 11m 52s (remain 4m 7s), Accuracy: 25.000(76.445), Loss: 1.183(0.579), LR: 0.000391
[GPU cuda:0][TRAIN] Epoch: [8][2350/3100], Elapsed 12m 7s (remain 3m 51s), Accuracy: 50.000(76.425), Loss: 0.920(0.579), LR: 0.000390
[GPU cuda:0][TRAIN] Epoch: [8][2400/3100], Elapsed 12m 23s (remain 3m 36s), Accuracy: 50.000(76.374), Loss: 0.839(0.580), LR: 0.000389
[GPU cuda:0][TRAIN] Epoch: [8][2450/3100], Elapsed 12m 38s (remain 3m 20s), Accuracy: 75.000(76.244), Loss: 0.534(0.582), LR: 0.000388
[GPU cuda:0][TRAIN] Epoch: [8][2500/3100], Elapsed 12m 54s (remain 3m 5s), Accuracy: 75.000(76.309), Loss: 0.636(0.581), LR: 0.000387
[GPU cuda:0][TRAIN] Epoch: [8][2550/3100], Elapsed 13m 9s (remain 2m 50s), Accuracy: 75.000(76.352), Loss: 1.004(0.582), LR: 0.000386
[GPU cuda:0][TRAIN] Epoch: [8][2600/3100], Elapsed 13m 25s (remain 2m 34s), Accuracy: 100.000(76.509), Loss: 0.441(0.579), LR: 0.000385
[GPU cuda:0][TRAIN] Epoch: [8][2650/3100], Elapsed 13m 40s (remain 2m 19s), Accuracy: 75.000(76.537), Loss: 0.850(0.578), LR: 0.000384
[GPU cuda:0][TRAIN] Epoch: [8][2700/3100], Elapsed 13m 56s (remain 2m 3s), Accuracy: 75.000(76.703), Loss: 0.734(0.575), LR: 0.000383
[GPU cuda:0][TRAIN] Epoch: [8][2750/3100], Elapsed 14m 11s (remain 1m 48s), Accuracy: 50.000(76.727), Loss: 1.134(0.575), LR: 0.000382
[GPU cuda:0][TRAIN] Epoch: [8][2800/3100], Elapsed 14m 27s (remain 1m 32s), Accuracy: 50.000(76.696), Loss: 1.264(0.575), LR: 0.000381
[GPU cuda:0][TRAIN] Epoch: [8][2850/3100], Elapsed 14m 42s (remain 1m 17s), Accuracy: 75.000(76.789), Loss: 0.885(0.573), LR: 0.000380
[GPU cuda:0][TRAIN] Epoch: [8][2900/3100], Elapsed 14m 58s (remain 1m 1s), Accuracy: 75.000(76.732), Loss: 0.622(0.574), LR: 0.000379
[GPU cuda:0][TRAIN] Epoch: [8][2950/3100], Elapsed 15m 13s (remain 0m 46s), Accuracy: 75.000(76.796), Loss: 0.379(0.572), LR: 0.000378
[GPU cuda:0][TRAIN] Epoch: [8][3000/3100], Elapsed 15m 29s (remain 0m 30s), Accuracy: 50.000(76.941), Loss: 0.751(0.570), LR: 0.000377
[GPU cuda:0][TRAIN] Epoch: [8][3050/3100], Elapsed 15m 45s (remain 0m 15s), Accuracy: 100.000(77.073), Loss: 0.244(0.568), LR: 0.000376
[GPU cuda:0][TRAIN] Epoch: [8][3099/3100], Elapsed 16m 0s (remain 0m 0s), Accuracy: 25.000(77.048), Loss: 2.155(0.568), LR: 0.000375
[GPU cuda:0][VALID][0/388], Elapsed 0m 0s (remain 3m 20s), Accuracy: 87.500(87.500), Batch Loss: 0.5972, Average Loss: 0.5972
[GPU cuda:0][VALID][50/388], Elapsed 0m 12s (remain 1m 20s), Accuracy: 87.500(69.118), Batch Loss: 0.3982, Average Loss: 0.8003
[GPU cuda:0][VALID][100/388], Elapsed 0m 23s (remain 1m 7s), Accuracy: 75.000(68.812), Batch Loss: 0.6783, Average Loss: 0.8205
[GPU cuda:0][VALID][150/388], Elapsed 0m 35s (remain 0m 55s), Accuracy: 87.500(67.632), Batch Loss: 0.7530, Average Loss: 0.8193
[GPU cuda:0][VALID][200/388], Elapsed 0m 47s (remain 0m 43s), Accuracy: 100.000(67.848), Batch Loss: 0.1532, Average Loss: 0.8156
[GPU cuda:0][VALID][250/388], Elapsed 0m 58s (remain 0m 32s), Accuracy: 37.500(67.281), Batch Loss: 1.2783, Average Loss: 0.8314
[GPU cuda:0][VALID][300/388], Elapsed 1m 10s (remain 0m 20s), Accuracy: 37.500(67.110), Batch Loss: 1.0735, Average Loss: 0.8353
[GPU cuda:0][VALID][350/388], Elapsed 1m 22s (remain 0m 8s), Accuracy: 50.000(66.560), Batch Loss: 1.0576, Average Loss: 0.8428
[GPU cuda:0][VALID][387/388], Elapsed 1m 30s (remain 0m 0s), Accuracy: 50.000(67.139), Batch Loss: 1.4699, Average Loss: 0.8340
Valid Labels Samples: [2 0 1 4 1 0 3 1 4 3]
Valid Predictions Samples: [2, 0, 1, 3, 1, 0, 3, 1, 3, 0]
Epoch 8 - Train Average Loss: 77.048, Valid Average Loss: 67.139, Epoch Time: 1053.555s
Epoch 8 - Accuracy: 0.672, Precision: 0.678, Recall: 0.672
Saved Best Model: 0.67
[GPU cuda:0][TRAIN] Epoch: [9][0/3100], Elapsed 0m 0s (remain 35m 39s), Accuracy: 75.000(75.000), Loss: 0.734(0.734), LR: 0.000375
[GPU cuda:0][TRAIN] Epoch: [9][50/3100], Elapsed 0m 16s (remain 16m 8s), Accuracy: 100.000(82.353), Loss: 0.320(0.510), LR: 0.000374
[GPU cuda:0][TRAIN] Epoch: [9][100/3100], Elapsed 0m 31s (remain 15m 41s), Accuracy: 50.000(79.950), Loss: 1.820(0.505), LR: 0.000373
[GPU cuda:0][TRAIN] Epoch: [9][150/3100], Elapsed 0m 47s (remain 15m 22s), Accuracy: 100.000(78.311), Loss: 0.025(0.522), LR: 0.000372
[GPU cuda:0][TRAIN] Epoch: [9][200/3100], Elapsed 1m 2s (remain 15m 5s), Accuracy: 100.000(79.104), Loss: 0.025(0.505), LR: 0.000371
[GPU cuda:0][TRAIN] Epoch: [9][250/3100], Elapsed 1m 18s (remain 14m 48s), Accuracy: 75.000(78.187), Loss: 0.767(0.540), LR: 0.000370
[GPU cuda:0][TRAIN] Epoch: [9][300/3100], Elapsed 1m 33s (remain 14m 32s), Accuracy: 100.000(78.904), Loss: 0.063(0.527), LR: 0.000369
[GPU cuda:0][TRAIN] Epoch: [9][350/3100], Elapsed 1m 49s (remain 14m 15s), Accuracy: 25.000(79.274), Loss: 1.844(0.519), LR: 0.000368
[GPU cuda:0][TRAIN] Epoch: [9][400/3100], Elapsed 2m 4s (remain 13m 59s), Accuracy: 25.000(78.180), Loss: 1.145(0.546), LR: 0.000367
[GPU cuda:0][TRAIN] Epoch: [9][450/3100], Elapsed 2m 20s (remain 13m 44s), Accuracy: 75.000(78.326), Loss: 0.326(0.539), LR: 0.000365
[GPU cuda:0][TRAIN] Epoch: [9][500/3100], Elapsed 2m 35s (remain 13m 28s), Accuracy: 50.000(78.393), Loss: 0.797(0.534), LR: 0.000364
[GPU cuda:0][TRAIN] Epoch: [9][550/3100], Elapsed 2m 51s (remain 13m 12s), Accuracy: 50.000(78.584), Loss: 1.000(0.529), LR: 0.000363
[GPU cuda:0][TRAIN] Epoch: [9][600/3100], Elapsed 3m 6s (remain 12m 57s), Accuracy: 100.000(78.785), Loss: 0.021(0.522), LR: 0.000362
[GPU cuda:0][TRAIN] Epoch: [9][650/3100], Elapsed 3m 22s (remain 12m 41s), Accuracy: 75.000(78.571), Loss: 0.257(0.525), LR: 0.000361
[GPU cuda:0][TRAIN] Epoch: [9][700/3100], Elapsed 3m 37s (remain 12m 25s), Accuracy: 75.000(78.352), Loss: 0.671(0.534), LR: 0.000360
[GPU cuda:0][TRAIN] Epoch: [9][750/3100], Elapsed 3m 53s (remain 12m 10s), Accuracy: 100.000(78.395), Loss: 0.057(0.536), LR: 0.000359
[GPU cuda:0][TRAIN] Epoch: [9][800/3100], Elapsed 4m 9s (remain 11m 54s), Accuracy: 75.000(78.464), Loss: 0.491(0.534), LR: 0.000358
[GPU cuda:0][TRAIN] Epoch: [9][850/3100], Elapsed 4m 24s (remain 11m 39s), Accuracy: 100.000(78.378), Loss: 0.055(0.535), LR: 0.000357
[GPU cuda:0][TRAIN] Epoch: [9][900/3100], Elapsed 4m 40s (remain 11m 23s), Accuracy: 75.000(78.108), Loss: 0.486(0.538), LR: 0.000356
[GPU cuda:0][TRAIN] Epoch: [9][950/3100], Elapsed 4m 55s (remain 11m 7s), Accuracy: 100.000(78.207), Loss: 0.203(0.537), LR: 0.000355
[GPU cuda:0][TRAIN] Epoch: [9][1000/3100], Elapsed 5m 11s (remain 10m 52s), Accuracy: 75.000(78.646), Loss: 0.420(0.528), LR: 0.000354
[GPU cuda:0][TRAIN] Epoch: [9][1050/3100], Elapsed 5m 26s (remain 10m 36s), Accuracy: 75.000(78.663), Loss: 0.203(0.528), LR: 0.000352
[GPU cuda:0][TRAIN] Epoch: [9][1100/3100], Elapsed 5m 42s (remain 10m 21s), Accuracy: 25.000(78.792), Loss: 1.382(0.526), LR: 0.000351
[GPU cuda:0][TRAIN] Epoch: [9][1150/3100], Elapsed 5m 57s (remain 10m 5s), Accuracy: 100.000(78.975), Loss: 0.006(0.524), LR: 0.000350
[GPU cuda:0][TRAIN] Epoch: [9][1200/3100], Elapsed 6m 13s (remain 9m 49s), Accuracy: 100.000(79.205), Loss: 0.069(0.518), LR: 0.000349
[GPU cuda:0][TRAIN] Epoch: [9][1250/3100], Elapsed 6m 28s (remain 9m 34s), Accuracy: 75.000(78.957), Loss: 0.845(0.522), LR: 0.000348
[GPU cuda:0][TRAIN] Epoch: [9][1300/3100], Elapsed 6m 43s (remain 9m 18s), Accuracy: 75.000(78.862), Loss: 0.464(0.523), LR: 0.000347
[GPU cuda:0][TRAIN] Epoch: [9][1350/3100], Elapsed 6m 59s (remain 9m 3s), Accuracy: 100.000(79.164), Loss: 0.414(0.517), LR: 0.000346
[GPU cuda:0][TRAIN] Epoch: [9][1400/3100], Elapsed 7m 14s (remain 8m 47s), Accuracy: 100.000(79.086), Loss: 0.265(0.518), LR: 0.000345
[GPU cuda:0][TRAIN] Epoch: [9][1450/3100], Elapsed 7m 30s (remain 8m 31s), Accuracy: 75.000(79.083), Loss: 0.457(0.516), LR: 0.000344
[GPU cuda:0][TRAIN] Epoch: [9][1500/3100], Elapsed 7m 45s (remain 8m 16s), Accuracy: 100.000(79.214), Loss: 0.483(0.514), LR: 0.000342
[GPU cuda:0][TRAIN] Epoch: [9][1550/3100], Elapsed 8m 1s (remain 8m 0s), Accuracy: 100.000(79.175), Loss: 0.030(0.515), LR: 0.000341
[GPU cuda:0][TRAIN] Epoch: [9][1600/3100], Elapsed 8m 17s (remain 7m 45s), Accuracy: 75.000(79.091), Loss: 0.231(0.517), LR: 0.000340
[GPU cuda:0][TRAIN] Epoch: [9][1650/3100], Elapsed 8m 32s (remain 7m 29s), Accuracy: 100.000(79.210), Loss: 0.039(0.514), LR: 0.000339
[GPU cuda:0][TRAIN] Epoch: [9][1700/3100], Elapsed 8m 48s (remain 7m 14s), Accuracy: 50.000(79.365), Loss: 0.756(0.512), LR: 0.000338
[GPU cuda:0][TRAIN] Epoch: [9][1750/3100], Elapsed 9m 3s (remain 6m 58s), Accuracy: 100.000(79.283), Loss: 0.181(0.514), LR: 0.000337
[GPU cuda:0][TRAIN] Epoch: [9][1800/3100], Elapsed 9m 19s (remain 6m 43s), Accuracy: 100.000(79.359), Loss: 0.031(0.513), LR: 0.000336
[GPU cuda:0][TRAIN] Epoch: [9][1850/3100], Elapsed 9m 34s (remain 6m 27s), Accuracy: 75.000(79.200), Loss: 0.818(0.516), LR: 0.000335
[GPU cuda:0][TRAIN] Epoch: [9][1900/3100], Elapsed 9m 50s (remain 6m 12s), Accuracy: 75.000(79.379), Loss: 0.427(0.512), LR: 0.000333
[GPU cuda:0][TRAIN] Epoch: [9][1950/3100], Elapsed 10m 5s (remain 5m 56s), Accuracy: 75.000(79.395), Loss: 0.619(0.513), LR: 0.000332
[GPU cuda:0][TRAIN] Epoch: [9][2000/3100], Elapsed 10m 21s (remain 5m 41s), Accuracy: 75.000(79.398), Loss: 0.309(0.513), LR: 0.000331
[GPU cuda:0][TRAIN] Epoch: [9][2050/3100], Elapsed 10m 36s (remain 5m 25s), Accuracy: 100.000(79.595), Loss: 0.158(0.509), LR: 0.000330
[GPU cuda:0][TRAIN] Epoch: [9][2100/3100], Elapsed 10m 52s (remain 5m 10s), Accuracy: 75.000(79.629), Loss: 1.438(0.510), LR: 0.000329
[GPU cuda:0][TRAIN] Epoch: [9][2150/3100], Elapsed 11m 7s (remain 4m 54s), Accuracy: 75.000(79.742), Loss: 0.766(0.507), LR: 0.000328
[GPU cuda:0][TRAIN] Epoch: [9][2200/3100], Elapsed 11m 23s (remain 4m 39s), Accuracy: 75.000(79.793), Loss: 1.165(0.507), LR: 0.000327
[GPU cuda:0][TRAIN] Epoch: [9][2250/3100], Elapsed 11m 38s (remain 4m 23s), Accuracy: 75.000(79.842), Loss: 0.309(0.506), LR: 0.000325
[GPU cuda:0][TRAIN] Epoch: [9][2300/3100], Elapsed 11m 54s (remain 4m 8s), Accuracy: 50.000(79.846), Loss: 1.423(0.506), LR: 0.000324
[GPU cuda:0][TRAIN] Epoch: [9][2350/3100], Elapsed 12m 9s (remain 3m 52s), Accuracy: 75.000(79.806), Loss: 0.478(0.507), LR: 0.000323
[GPU cuda:0][TRAIN] Epoch: [9][2400/3100], Elapsed 12m 25s (remain 3m 37s), Accuracy: 25.000(79.758), Loss: 1.455(0.507), LR: 0.000322
[GPU cuda:0][TRAIN] Epoch: [9][2450/3100], Elapsed 12m 41s (remain 3m 21s), Accuracy: 75.000(79.641), Loss: 0.384(0.510), LR: 0.000321
[GPU cuda:0][TRAIN] Epoch: [9][2500/3100], Elapsed 12m 56s (remain 3m 6s), Accuracy: 75.000(79.698), Loss: 0.721(0.509), LR: 0.000320
[GPU cuda:0][TRAIN] Epoch: [9][2550/3100], Elapsed 13m 12s (remain 2m 50s), Accuracy: 50.000(79.665), Loss: 0.973(0.510), LR: 0.000318
[GPU cuda:0][TRAIN] Epoch: [9][2600/3100], Elapsed 13m 27s (remain 2m 34s), Accuracy: 75.000(79.796), Loss: 0.503(0.507), LR: 0.000317
[GPU cuda:0][TRAIN] Epoch: [9][2650/3100], Elapsed 13m 43s (remain 2m 19s), Accuracy: 75.000(79.781), Loss: 0.589(0.506), LR: 0.000316
[GPU cuda:0][TRAIN] Epoch: [9][2700/3100], Elapsed 13m 58s (remain 2m 3s), Accuracy: 75.000(79.924), Loss: 1.180(0.504), LR: 0.000315
[GPU cuda:0][TRAIN] Epoch: [9][2750/3100], Elapsed 14m 13s (remain 1m 48s), Accuracy: 75.000(79.980), Loss: 0.471(0.503), LR: 0.000314
[GPU cuda:0][TRAIN] Epoch: [9][2800/3100], Elapsed 14m 29s (remain 1m 32s), Accuracy: 25.000(79.989), Loss: 1.020(0.502), LR: 0.000313
[GPU cuda:0][TRAIN] Epoch: [9][2850/3100], Elapsed 14m 44s (remain 1m 17s), Accuracy: 75.000(80.068), Loss: 0.714(0.500), LR: 0.000311
[GPU cuda:0][TRAIN] Epoch: [9][2900/3100], Elapsed 15m 0s (remain 1m 1s), Accuracy: 75.000(80.093), Loss: 0.355(0.500), LR: 0.000310
[GPU cuda:0][TRAIN] Epoch: [9][2950/3100], Elapsed 15m 16s (remain 0m 46s), Accuracy: 100.000(80.134), Loss: 0.086(0.499), LR: 0.000309
[GPU cuda:0][TRAIN] Epoch: [9][3000/3100], Elapsed 15m 31s (remain 0m 30s), Accuracy: 75.000(80.265), Loss: 0.545(0.496), LR: 0.000308
[GPU cuda:0][TRAIN] Epoch: [9][3050/3100], Elapsed 15m 47s (remain 0m 15s), Accuracy: 75.000(80.326), Loss: 0.481(0.495), LR: 0.000307
[GPU cuda:0][TRAIN] Epoch: [9][3099/3100], Elapsed 16m 2s (remain 0m 0s), Accuracy: 25.000(80.331), Loss: 2.788(0.495), LR: 0.000306
[GPU cuda:0][VALID][0/388], Elapsed 0m 0s (remain 3m 21s), Accuracy: 87.500(87.500), Batch Loss: 0.3738, Average Loss: 0.3738
[GPU cuda:0][VALID][50/388], Elapsed 0m 12s (remain 1m 20s), Accuracy: 75.000(73.529), Batch Loss: 1.0629, Average Loss: 0.7489
[GPU cuda:0][VALID][100/388], Elapsed 0m 23s (remain 1m 7s), Accuracy: 75.000(72.277), Batch Loss: 0.7408, Average Loss: 0.8074
[GPU cuda:0][VALID][150/388], Elapsed 0m 35s (remain 0m 55s), Accuracy: 75.000(71.523), Batch Loss: 1.1172, Average Loss: 0.8059
[GPU cuda:0][VALID][200/388], Elapsed 0m 47s (remain 0m 43s), Accuracy: 100.000(71.455), Batch Loss: 0.1314, Average Loss: 0.7777
[GPU cuda:0][VALID][250/388], Elapsed 0m 58s (remain 0m 32s), Accuracy: 50.000(70.518), Batch Loss: 1.1876, Average Loss: 0.8013
[GPU cuda:0][VALID][300/388], Elapsed 1m 10s (remain 0m 20s), Accuracy: 62.500(70.764), Batch Loss: 0.8195, Average Loss: 0.7911
[GPU cuda:0][VALID][350/388], Elapsed 1m 22s (remain 0m 8s), Accuracy: 50.000(70.905), Batch Loss: 0.9393, Average Loss: 0.7920
[GPU cuda:0][VALID][387/388], Elapsed 1m 30s (remain 0m 0s), Accuracy: 75.000(71.037), Batch Loss: 0.5234, Average Loss: 0.7838
Valid Labels Samples: [2 0 1 4 1 0 3 1 4 3]
Valid Predictions Samples: [2, 0, 1, 3, 1, 0, 3, 1, 3, 0]
Epoch 9 - Train Average Loss: 80.331, Valid Average Loss: 71.037, Epoch Time: 1055.657s
Epoch 9 - Accuracy: 0.710, Precision: 0.714, Recall: 0.710
Saved Best Model: 0.71
[GPU cuda:0][TRAIN] Epoch: [10][0/3100], Elapsed 0m 0s (remain 35m 24s), Accuracy: 75.000(75.000), Loss: 0.368(0.368), LR: 0.000306
[GPU cuda:0][TRAIN] Epoch: [10][50/3100], Elapsed 0m 16s (remain 16m 11s), Accuracy: 100.000(80.392), Loss: 0.181(0.479), LR: 0.000304
[GPU cuda:0][TRAIN] Epoch: [10][100/3100], Elapsed 0m 31s (remain 15m 45s), Accuracy: 25.000(82.178), Loss: 2.753(0.457), LR: 0.000303
[GPU cuda:0][TRAIN] Epoch: [10][150/3100], Elapsed 0m 47s (remain 15m 24s), Accuracy: 100.000(80.298), Loss: 0.022(0.479), LR: 0.000302
[GPU cuda:0][TRAIN] Epoch: [10][200/3100], Elapsed 1m 2s (remain 15m 7s), Accuracy: 100.000(81.219), Loss: 0.067(0.460), LR: 0.000301
[GPU cuda:0][TRAIN] Epoch: [10][250/3100], Elapsed 1m 18s (remain 14m 50s), Accuracy: 75.000(80.777), Loss: 0.239(0.481), LR: 0.000300
[GPU cuda:0][TRAIN] Epoch: [10][300/3100], Elapsed 1m 33s (remain 14m 33s), Accuracy: 100.000(81.645), Loss: 0.147(0.465), LR: 0.000299
[GPU cuda:0][TRAIN] Epoch: [10][350/3100], Elapsed 1m 49s (remain 14m 17s), Accuracy: 75.000(81.481), Loss: 0.785(0.461), LR: 0.000297
[GPU cuda:0][TRAIN] Epoch: [10][400/3100], Elapsed 2m 4s (remain 14m 1s), Accuracy: 75.000(81.172), Loss: 0.672(0.469), LR: 0.000296
[GPU cuda:0][TRAIN] Epoch: [10][450/3100], Elapsed 2m 20s (remain 13m 44s), Accuracy: 100.000(82.151), Loss: 0.082(0.453), LR: 0.000295
[GPU cuda:0][TRAIN] Epoch: [10][500/3100], Elapsed 2m 35s (remain 13m 28s), Accuracy: 50.000(81.986), Loss: 0.821(0.453), LR: 0.000294
[GPU cuda:0][TRAIN] Epoch: [10][550/3100], Elapsed 2m 51s (remain 13m 13s), Accuracy: 75.000(82.260), Loss: 0.598(0.451), LR: 0.000293
[GPU cuda:0][TRAIN] Epoch: [10][600/3100], Elapsed 3m 7s (remain 12m 57s), Accuracy: 100.000(82.488), Loss: 0.049(0.444), LR: 0.000291
[GPU cuda:0][TRAIN] Epoch: [10][650/3100], Elapsed 3m 22s (remain 12m 42s), Accuracy: 100.000(82.335), Loss: 0.009(0.443), LR: 0.000290
[GPU cuda:0][TRAIN] Epoch: [10][700/3100], Elapsed 3m 38s (remain 12m 26s), Accuracy: 100.000(82.275), Loss: 0.160(0.446), LR: 0.000289
[GPU cuda:0][TRAIN] Epoch: [10][750/3100], Elapsed 3m 53s (remain 12m 10s), Accuracy: 100.000(82.257), Loss: 0.052(0.451), LR: 0.000288
[GPU cuda:0][TRAIN] Epoch: [10][800/3100], Elapsed 4m 9s (remain 11m 54s), Accuracy: 100.000(82.179), Loss: 0.207(0.453), LR: 0.000287
[GPU cuda:0][TRAIN] Epoch: [10][850/3100], Elapsed 4m 24s (remain 11m 39s), Accuracy: 100.000(82.227), Loss: 0.079(0.453), LR: 0.000285
[GPU cuda:0][TRAIN] Epoch: [10][900/3100], Elapsed 4m 40s (remain 11m 23s), Accuracy: 100.000(81.964), Loss: 0.277(0.456), LR: 0.000284
[GPU cuda:0][TRAIN] Epoch: [10][950/3100], Elapsed 4m 55s (remain 11m 7s), Accuracy: 100.000(82.150), Loss: 0.175(0.454), LR: 0.000283
[GPU cuda:0][TRAIN] Epoch: [10][1000/3100], Elapsed 5m 11s (remain 10m 52s), Accuracy: 75.000(82.368), Loss: 0.656(0.450), LR: 0.000282
[GPU cuda:0][TRAIN] Epoch: [10][1050/3100], Elapsed 5m 26s (remain 10m 36s), Accuracy: 100.000(82.517), Loss: 0.133(0.448), LR: 0.000281
[GPU cuda:0][TRAIN] Epoch: [10][1100/3100], Elapsed 5m 41s (remain 10m 20s), Accuracy: 25.000(82.516), Loss: 1.383(0.448), LR: 0.000279
[GPU cuda:0][TRAIN] Epoch: [10][1150/3100], Elapsed 5m 57s (remain 10m 5s), Accuracy: 100.000(82.580), Loss: 0.047(0.445), LR: 0.000278
[GPU cuda:0][TRAIN] Epoch: [10][1200/3100], Elapsed 6m 12s (remain 9m 49s), Accuracy: 100.000(82.702), Loss: 0.071(0.440), LR: 0.000277
[GPU cuda:0][TRAIN] Epoch: [10][1250/3100], Elapsed 6m 28s (remain 9m 33s), Accuracy: 75.000(82.534), Loss: 0.751(0.444), LR: 0.000276
[GPU cuda:0][TRAIN] Epoch: [10][1300/3100], Elapsed 6m 43s (remain 9m 18s), Accuracy: 100.000(82.571), Loss: 0.156(0.445), LR: 0.000275
[GPU cuda:0][TRAIN] Epoch: [10][1350/3100], Elapsed 6m 59s (remain 9m 2s), Accuracy: 100.000(82.717), Loss: 0.134(0.441), LR: 0.000273
[GPU cuda:0][TRAIN] Epoch: [10][1400/3100], Elapsed 7m 14s (remain 8m 47s), Accuracy: 75.000(82.637), Loss: 0.257(0.441), LR: 0.000272
[GPU cuda:0][TRAIN] Epoch: [10][1450/3100], Elapsed 7m 30s (remain 8m 31s), Accuracy: 75.000(82.650), Loss: 0.396(0.439), LR: 0.000271
[GPU cuda:0][TRAIN] Epoch: [10][1500/3100], Elapsed 7m 45s (remain 8m 16s), Accuracy: 50.000(82.778), Loss: 1.795(0.437), LR: 0.000270
[GPU cuda:0][TRAIN] Epoch: [10][1550/3100], Elapsed 8m 1s (remain 8m 0s), Accuracy: 100.000(82.624), Loss: 0.010(0.438), LR: 0.000269
[GPU cuda:0][TRAIN] Epoch: [10][1600/3100], Elapsed 8m 16s (remain 7m 45s), Accuracy: 75.000(82.620), Loss: 0.332(0.439), LR: 0.000267
[GPU cuda:0][TRAIN] Epoch: [10][1650/3100], Elapsed 8m 32s (remain 7m 29s), Accuracy: 100.000(82.586), Loss: 0.029(0.437), LR: 0.000266
[GPU cuda:0][TRAIN] Epoch: [10][1700/3100], Elapsed 8m 47s (remain 7m 13s), Accuracy: 50.000(82.672), Loss: 0.861(0.433), LR: 0.000265
[GPU cuda:0][TRAIN] Epoch: [10][1750/3100], Elapsed 9m 3s (remain 6m 58s), Accuracy: 100.000(82.667), Loss: 0.054(0.434), LR: 0.000264
[GPU cuda:0][TRAIN] Epoch: [10][1800/3100], Elapsed 9m 18s (remain 6m 42s), Accuracy: 100.000(82.704), Loss: 0.025(0.433), LR: 0.000263
[GPU cuda:0][TRAIN] Epoch: [10][1850/3100], Elapsed 9m 34s (remain 6m 27s), Accuracy: 75.000(82.590), Loss: 0.431(0.435), LR: 0.000261
[GPU cuda:0][TRAIN] Epoch: [10][1900/3100], Elapsed 9m 49s (remain 6m 11s), Accuracy: 75.000(82.720), Loss: 0.474(0.433), LR: 0.000260
[GPU cuda:0][TRAIN] Epoch: [10][1950/3100], Elapsed 10m 5s (remain 5m 56s), Accuracy: 75.000(82.650), Loss: 0.392(0.435), LR: 0.000259
[GPU cuda:0][TRAIN] Epoch: [10][2000/3100], Elapsed 10m 20s (remain 5m 40s), Accuracy: 100.000(82.684), Loss: 0.215(0.434), LR: 0.000258
[GPU cuda:0][TRAIN] Epoch: [10][2050/3100], Elapsed 10m 36s (remain 5m 25s), Accuracy: 100.000(82.728), Loss: 0.119(0.432), LR: 0.000257
[GPU cuda:0][TRAIN] Epoch: [10][2100/3100], Elapsed 10m 51s (remain 5m 9s), Accuracy: 75.000(82.782), Loss: 1.488(0.432), LR: 0.000255
[GPU cuda:0][TRAIN] Epoch: [10][2150/3100], Elapsed 11m 7s (remain 4m 54s), Accuracy: 75.000(82.810), Loss: 0.483(0.431), LR: 0.000254
[GPU cuda:0][TRAIN] Epoch: [10][2200/3100], Elapsed 11m 22s (remain 4m 38s), Accuracy: 75.000(82.826), Loss: 0.714(0.430), LR: 0.000253
[GPU cuda:0][TRAIN] Epoch: [10][2250/3100], Elapsed 11m 38s (remain 4m 23s), Accuracy: 75.000(82.852), Loss: 0.561(0.428), LR: 0.000252
[GPU cuda:0][TRAIN] Epoch: [10][2300/3100], Elapsed 11m 53s (remain 4m 7s), Accuracy: 50.000(82.942), Loss: 2.002(0.426), LR: 0.000251
[GPU cuda:0][TRAIN] Epoch: [10][2350/3100], Elapsed 12m 9s (remain 3m 52s), Accuracy: 75.000(83.071), Loss: 1.305(0.425), LR: 0.000249
[GPU cuda:0][TRAIN] Epoch: [10][2400/3100], Elapsed 12m 24s (remain 3m 36s), Accuracy: 75.000(83.028), Loss: 0.441(0.426), LR: 0.000248
[GPU cuda:0][TRAIN] Epoch: [10][2450/3100], Elapsed 12m 40s (remain 3m 21s), Accuracy: 100.000(82.956), Loss: 0.171(0.428), LR: 0.000247
[GPU cuda:0][TRAIN] Epoch: [10][2500/3100], Elapsed 12m 55s (remain 3m 5s), Accuracy: 75.000(82.967), Loss: 0.580(0.426), LR: 0.000246
[GPU cuda:0][TRAIN] Epoch: [10][2550/3100], Elapsed 13m 11s (remain 2m 50s), Accuracy: 75.000(82.948), Loss: 0.540(0.428), LR: 0.000245
[GPU cuda:0][TRAIN] Epoch: [10][2600/3100], Elapsed 13m 26s (remain 2m 34s), Accuracy: 75.000(83.074), Loss: 0.431(0.425), LR: 0.000243
[GPU cuda:0][TRAIN] Epoch: [10][2650/3100], Elapsed 13m 42s (remain 2m 19s), Accuracy: 100.000(83.138), Loss: 0.302(0.423), LR: 0.000242
[GPU cuda:0][TRAIN] Epoch: [10][2700/3100], Elapsed 13m 57s (remain 2m 3s), Accuracy: 100.000(83.201), Loss: 0.115(0.421), LR: 0.000241
[GPU cuda:0][TRAIN] Epoch: [10][2750/3100], Elapsed 14m 12s (remain 1m 48s), Accuracy: 75.000(83.242), Loss: 0.414(0.420), LR: 0.000240
[GPU cuda:0][TRAIN] Epoch: [10][2800/3100], Elapsed 14m 28s (remain 1m 32s), Accuracy: 75.000(83.310), Loss: 0.531(0.419), LR: 0.000238
[GPU cuda:0][TRAIN] Epoch: [10][2850/3100], Elapsed 14m 44s (remain 1m 17s), Accuracy: 50.000(83.409), Loss: 1.022(0.418), LR: 0.000237
[GPU cuda:0][TRAIN] Epoch: [10][2900/3100], Elapsed 14m 59s (remain 1m 1s), Accuracy: 75.000(83.428), Loss: 0.315(0.418), LR: 0.000236
[GPU cuda:0][TRAIN] Epoch: [10][2950/3100], Elapsed 15m 15s (remain 0m 46s), Accuracy: 100.000(83.531), Loss: 0.175(0.415), LR: 0.000235
[GPU cuda:0][TRAIN] Epoch: [10][3000/3100], Elapsed 15m 30s (remain 0m 30s), Accuracy: 50.000(83.622), Loss: 0.658(0.413), LR: 0.000234
[GPU cuda:0][TRAIN] Epoch: [10][3050/3100], Elapsed 15m 46s (remain 0m 15s), Accuracy: 100.000(83.727), Loss: 0.246(0.410), LR: 0.000232
[GPU cuda:0][TRAIN] Epoch: [10][3099/3100], Elapsed 16m 1s (remain 0m 0s), Accuracy: 25.000(83.702), Loss: 2.829(0.411), LR: 0.000231
[GPU cuda:0][VALID][0/388], Elapsed 0m 0s (remain 3m 32s), Accuracy: 87.500(87.500), Batch Loss: 0.4426, Average Loss: 0.4426
[GPU cuda:0][VALID][50/388], Elapsed 0m 12s (remain 1m 20s), Accuracy: 75.000(74.510), Batch Loss: 1.1337, Average Loss: 0.7388
[GPU cuda:0][VALID][100/388], Elapsed 0m 23s (remain 1m 7s), Accuracy: 75.000(73.515), Batch Loss: 1.0752, Average Loss: 0.7690
[GPU cuda:0][VALID][150/388], Elapsed 0m 35s (remain 0m 55s), Accuracy: 75.000(72.599), Batch Loss: 1.0765, Average Loss: 0.7769
[GPU cuda:0][VALID][200/388], Elapsed 0m 47s (remain 0m 43s), Accuracy: 100.000(72.761), Batch Loss: 0.0712, Average Loss: 0.7526
[GPU cuda:0][VALID][250/388], Elapsed 0m 58s (remain 0m 32s), Accuracy: 37.500(71.614), Batch Loss: 1.6656, Average Loss: 0.7900
[GPU cuda:0][VALID][300/388], Elapsed 1m 10s (remain 0m 20s), Accuracy: 62.500(71.719), Batch Loss: 0.6751, Average Loss: 0.7862
[GPU cuda:0][VALID][350/388], Elapsed 1m 22s (remain 0m 8s), Accuracy: 62.500(71.652), Batch Loss: 0.8506, Average Loss: 0.7906
[GPU cuda:0][VALID][387/388], Elapsed 1m 30s (remain 0m 0s), Accuracy: 100.000(71.939), Batch Loss: 0.4104, Average Loss: 0.7880
Valid Labels Samples: [2 0 1 4 1 0 3 1 4 3]
Valid Predictions Samples: [2, 0, 1, 3, 1, 0, 3, 1, 3, 0]
Epoch 10 - Train Average Loss: 83.702, Valid Average Loss: 71.939, Epoch Time: 1054.501s
Epoch 10 - Accuracy: 0.719, Precision: 0.724, Recall: 0.719
Saved Best Model: 0.72
