[GPU 1]: Config File
{'id': 7, 'model_name': 'swin_large_patch4_window12_384_in22k', 'dropout': 0.5, 'size': 384, 'batch_size_t': 5, 'batch_size_v': 32, 'n_targets': 5, 'criterion': 'CrossEntropyLoss', 'gradient_accumulation_steps': 1, 'max_gradient_norm': None, 'optimizer': 'AdamW', 'scheduler': 'CosineAnnealingWarmRestarts', 'LR': 7e-06, 'T_0': 200, 'T_max': 10, 'T_mult': 2, 'min_lr': 1e-06, 'max_lr': 0.0001, 'no_batches': 'NA', 'warmup_epochs': 1, 'cosine_epochs': 14, 'epochs': 15, 'update_per_batch': True, 'num_workers': 4, 'n_folds': 5, 'train_transforms': [HorizontalFlip(always_apply=False, p=0.5), VerticalFlip(always_apply=False, p=0.5), RandomRotate90(always_apply=False, p=0.5)], 'valid_transforms': [], 'observations': None, 'use_swa': True, 'swa_lr': 0.01, 'swa_epoch': 0, 'use_sam': True, 'use_asam': True, 'asam_rho': 0.1, 'print_freq': 50, 'one_fold': True, 'use_apex': True, 'distributed_training': False, 'save_to_log': True}
================================================== Training Fold: 0 ==================================================
[GPU cuda:1][TRAIN] Epoch: [1][0/2480], Elapsed 0m 0s (remain 21m 26s), Accuracy: 0.000(0.000), Loss: 1.750(1.750), LR: 0.000007
[GPU cuda:1][TRAIN] Epoch: [1][50/2480], Elapsed 0m 14s (remain 11m 33s), Accuracy: 20.000(20.392), Loss: 1.542(1.643), LR: 0.000006
[GPU cuda:1][TRAIN] Epoch: [1][100/2480], Elapsed 0m 28s (remain 11m 16s), Accuracy: 60.000(23.960), Loss: 1.457(1.620), LR: 0.000004
[GPU cuda:1][TRAIN] Epoch: [1][150/2480], Elapsed 0m 42s (remain 11m 1s), Accuracy: 0.000(23.709), Loss: 1.647(1.611), LR: 0.000002
[GPU cuda:1][TRAIN] Epoch: [1][200/2480], Elapsed 0m 57s (remain 10m 46s), Accuracy: 20.000(24.080), Loss: 1.637(1.604), LR: 0.000007
[GPU cuda:1][TRAIN] Epoch: [1][250/2480], Elapsed 1m 11s (remain 10m 32s), Accuracy: 20.000(24.143), Loss: 1.476(1.596), LR: 0.000007
[GPU cuda:1][TRAIN] Epoch: [1][300/2480], Elapsed 1m 25s (remain 10m 18s), Accuracy: 0.000(25.249), Loss: 1.700(1.586), LR: 0.000006
[GPU cuda:1][TRAIN] Epoch: [1][350/2480], Elapsed 1m 39s (remain 10m 3s), Accuracy: 80.000(27.009), Loss: 1.084(1.570), LR: 0.000005
[GPU cuda:1][TRAIN] Epoch: [1][400/2480], Elapsed 1m 53s (remain 9m 49s), Accuracy: 60.000(28.828), Loss: 1.000(1.546), LR: 0.000004
[GPU cuda:1][TRAIN] Epoch: [1][450/2480], Elapsed 2m 7s (remain 9m 35s), Accuracy: 40.000(30.200), Loss: 1.172(1.520), LR: 0.000003
[GPU cuda:1][TRAIN] Epoch: [1][500/2480], Elapsed 2m 22s (remain 9m 21s), Accuracy: 60.000(31.896), Loss: 1.601(1.495), LR: 0.000002
[GPU cuda:1][TRAIN] Epoch: [1][550/2480], Elapsed 2m 36s (remain 9m 7s), Accuracy: 60.000(33.648), Loss: 0.902(1.468), LR: 0.000001
[GPU cuda:1][TRAIN] Epoch: [1][600/2480], Elapsed 2m 50s (remain 8m 53s), Accuracy: 80.000(35.141), Loss: 0.864(1.445), LR: 0.000007
[GPU cuda:1][TRAIN] Epoch: [1][650/2480], Elapsed 3m 4s (remain 8m 38s), Accuracy: 80.000(36.129), Loss: 0.820(1.429), LR: 0.000007
[GPU cuda:1][TRAIN] Epoch: [1][700/2480], Elapsed 3m 18s (remain 8m 24s), Accuracy: 60.000(36.919), Loss: 1.092(1.416), LR: 0.000007
[GPU cuda:1][TRAIN] Epoch: [1][750/2480], Elapsed 3m 33s (remain 8m 10s), Accuracy: 60.000(37.870), Loss: 1.100(1.401), LR: 0.000006
[GPU cuda:1][TRAIN] Epoch: [1][800/2480], Elapsed 3m 47s (remain 7m 56s), Accuracy: 20.000(38.901), Loss: 1.290(1.382), LR: 0.000006
[GPU cuda:1][TRAIN] Epoch: [1][850/2480], Elapsed 4m 1s (remain 7m 42s), Accuracy: 40.000(39.906), Loss: 1.382(1.362), LR: 0.000006
[GPU cuda:1][TRAIN] Epoch: [1][900/2480], Elapsed 4m 15s (remain 7m 27s), Accuracy: 60.000(40.666), Loss: 1.003(1.344), LR: 0.000005
[GPU cuda:1][TRAIN] Epoch: [1][950/2480], Elapsed 4m 29s (remain 7m 13s), Accuracy: 20.000(41.451), Loss: 1.181(1.328), LR: 0.000005
[GPU cuda:1][TRAIN] Epoch: [1][1000/2480], Elapsed 4m 43s (remain 6m 59s), Accuracy: 20.000(41.998), Loss: 1.645(1.313), LR: 0.000004
[GPU cuda:1][TRAIN] Epoch: [1][1050/2480], Elapsed 4m 58s (remain 6m 45s), Accuracy: 20.000(42.683), Loss: 1.490(1.298), LR: 0.000003
[GPU cuda:1][TRAIN] Epoch: [1][1100/2480], Elapsed 5m 12s (remain 6m 31s), Accuracy: 80.000(43.524), Loss: 0.804(1.281), LR: 0.000003
[GPU cuda:1][TRAIN] Epoch: [1][1150/2480], Elapsed 5m 26s (remain 6m 16s), Accuracy: 60.000(44.170), Loss: 0.806(1.267), LR: 0.000002
[GPU cuda:1][TRAIN] Epoch: [1][1200/2480], Elapsed 5m 40s (remain 6m 2s), Accuracy: 60.000(44.946), Loss: 0.926(1.251), LR: 0.000002
[GPU cuda:1][TRAIN] Epoch: [1][1250/2480], Elapsed 5m 54s (remain 5m 48s), Accuracy: 40.000(45.452), Loss: 0.937(1.240), LR: 0.000001
[GPU cuda:1][TRAIN] Epoch: [1][1300/2480], Elapsed 6m 8s (remain 5m 34s), Accuracy: 40.000(46.180), Loss: 1.340(1.225), LR: 0.000001
[GPU cuda:1][TRAIN] Epoch: [1][1350/2480], Elapsed 6m 23s (remain 5m 20s), Accuracy: 80.000(46.810), Loss: 0.548(1.214), LR: 0.000001
[GPU cuda:1][TRAIN] Epoch: [1][1400/2480], Elapsed 6m 37s (remain 5m 5s), Accuracy: 60.000(47.295), Loss: 0.647(1.205), LR: 0.000007
[GPU cuda:1][TRAIN] Epoch: [1][1450/2480], Elapsed 6m 51s (remain 4m 51s), Accuracy: 60.000(47.746), Loss: 0.997(1.196), LR: 0.000007
[GPU cuda:1][TRAIN] Epoch: [1][1500/2480], Elapsed 7m 5s (remain 4m 37s), Accuracy: 80.000(47.888), Loss: 0.461(1.192), LR: 0.000007
[GPU cuda:1][TRAIN] Epoch: [1][1550/2480], Elapsed 7m 19s (remain 4m 23s), Accuracy: 40.000(48.072), Loss: 1.020(1.187), LR: 0.000007
[GPU cuda:1][TRAIN] Epoch: [1][1600/2480], Elapsed 7m 33s (remain 4m 9s), Accuracy: 60.000(48.132), Loss: 0.911(1.183), LR: 0.000007
[GPU cuda:1][TRAIN] Epoch: [1][1650/2480], Elapsed 7m 48s (remain 3m 55s), Accuracy: 80.000(48.649), Loss: 0.500(1.173), LR: 0.000007
[GPU cuda:1][TRAIN] Epoch: [1][1700/2480], Elapsed 8m 2s (remain 3m 40s), Accuracy: 40.000(49.077), Loss: 0.967(1.166), LR: 0.000006
[GPU cuda:1][TRAIN] Epoch: [1][1750/2480], Elapsed 8m 16s (remain 3m 26s), Accuracy: 20.000(49.457), Loss: 1.636(1.159), LR: 0.000006
[GPU cuda:1][TRAIN] Epoch: [1][1800/2480], Elapsed 8m 30s (remain 3m 12s), Accuracy: 40.000(49.761), Loss: 1.343(1.151), LR: 0.000006
[GPU cuda:1][TRAIN] Epoch: [1][1850/2480], Elapsed 8m 44s (remain 2m 58s), Accuracy: 40.000(49.941), Loss: 1.393(1.146), LR: 0.000006
[GPU cuda:1][TRAIN] Epoch: [1][1900/2480], Elapsed 8m 59s (remain 2m 44s), Accuracy: 60.000(50.237), Loss: 0.624(1.140), LR: 0.000006
[GPU cuda:1][TRAIN] Epoch: [1][1950/2480], Elapsed 9m 13s (remain 2m 30s), Accuracy: 60.000(50.415), Loss: 0.926(1.137), LR: 0.000005
[GPU cuda:1][TRAIN] Epoch: [1][2000/2480], Elapsed 9m 27s (remain 2m 15s), Accuracy: 60.000(50.805), Loss: 0.911(1.130), LR: 0.000005
[GPU cuda:1][TRAIN] Epoch: [1][2050/2480], Elapsed 9m 41s (remain 2m 1s), Accuracy: 40.000(50.970), Loss: 1.678(1.127), LR: 0.000005
[GPU cuda:1][TRAIN] Epoch: [1][2100/2480], Elapsed 9m 55s (remain 1m 47s), Accuracy: 60.000(51.423), Loss: 0.994(1.119), LR: 0.000005
[GPU cuda:1][TRAIN] Epoch: [1][2150/2480], Elapsed 10m 9s (remain 1m 33s), Accuracy: 60.000(51.762), Loss: 1.258(1.113), LR: 0.000004
[GPU cuda:1][TRAIN] Epoch: [1][2200/2480], Elapsed 10m 24s (remain 1m 19s), Accuracy: 80.000(52.067), Loss: 0.609(1.106), LR: 0.000004
[GPU cuda:1][TRAIN] Epoch: [1][2250/2480], Elapsed 10m 38s (remain 1m 4s), Accuracy: 40.000(52.217), Loss: 1.080(1.103), LR: 0.000004
[GPU cuda:1][TRAIN] Epoch: [1][2300/2480], Elapsed 10m 52s (remain 0m 50s), Accuracy: 60.000(52.499), Loss: 0.825(1.097), LR: 0.000003
[GPU cuda:1][TRAIN] Epoch: [1][2350/2480], Elapsed 11m 6s (remain 0m 36s), Accuracy: 80.000(52.718), Loss: 0.777(1.094), LR: 0.000003
[GPU cuda:1][TRAIN] Epoch: [1][2400/2480], Elapsed 11m 20s (remain 0m 22s), Accuracy: 60.000(52.986), Loss: 1.017(1.088), LR: 0.000003
[GPU cuda:1][TRAIN] Epoch: [1][2450/2480], Elapsed 11m 35s (remain 0m 8s), Accuracy: 100.000(53.293), Loss: 0.611(1.082), LR: 0.000003
[GPU cuda:1][TRAIN] Epoch: [1][2479/2480], Elapsed 11m 43s (remain 0m 0s), Accuracy: 40.000(53.363), Loss: 2.046(1.080), LR: 0.000002
[GPU cuda:1][VALID][0/97], Elapsed 0m 1s (remain 2m 10s), Accuracy: 75.000(75.000), Batch Loss: 0.7036, Average Loss: 0.7036
[GPU cuda:1][VALID][50/97], Elapsed 0m 48s (remain 0m 43s), Accuracy: 59.375(69.240), Batch Loss: 0.6342, Average Loss: 0.7634
[GPU cuda:1][VALID][96/97], Elapsed 1m 32s (remain 0m 0s), Accuracy: 71.429(69.486), Batch Loss: 0.6347, Average Loss: 0.7638
Valid Labels Samples: [2 0 1 4 1 0 3 1 4 3]
Valid Predictions Samples: [2, 0, 1, 4, 1, 0, 3, 1, 3, 0]
Epoch 1 - Train Average Loss: 53.363, Valid Average Loss: 69.486, Epoch Time: 797.281s
Epoch 1 - Accuracy: 0.695, Precision: 0.704, Recall: 0.695
Saved Best Model: 0.69
[GPU cuda:1][TRAIN] Epoch: [2][0/2480], Elapsed 0m 0s (remain 25m 34s), Accuracy: 60.000(60.000), Loss: 1.273(1.273), LR: 0.000002
[GPU cuda:1][TRAIN] Epoch: [2][50/2480], Elapsed 0m 14s (remain 11m 54s), Accuracy: 60.000(69.020), Loss: 0.843(0.732), LR: 0.000002
[GPU cuda:1][TRAIN] Epoch: [2][100/2480], Elapsed 0m 29s (remain 11m 26s), Accuracy: 80.000(68.119), Loss: 0.736(0.764), LR: 0.000002
[GPU cuda:1][TRAIN] Epoch: [2][150/2480], Elapsed 0m 43s (remain 11m 9s), Accuracy: 40.000(68.079), Loss: 1.194(0.775), LR: 0.000002
[GPU cuda:1][TRAIN] Epoch: [2][200/2480], Elapsed 0m 57s (remain 10m 53s), Accuracy: 80.000(66.965), Loss: 0.593(0.800), LR: 0.000002
[GPU cuda:1][TRAIN] Epoch: [2][250/2480], Elapsed 1m 11s (remain 10m 37s), Accuracy: 80.000(67.092), Loss: 0.471(0.798), LR: 0.000001
[GPU cuda:1][TRAIN] Epoch: [2][300/2480], Elapsed 1m 25s (remain 10m 22s), Accuracy: 20.000(66.711), Loss: 1.475(0.800), LR: 0.000001
[GPU cuda:1][TRAIN] Epoch: [2][350/2480], Elapsed 1m 40s (remain 10m 7s), Accuracy: 80.000(66.382), Loss: 0.758(0.809), LR: 0.000001
[GPU cuda:1][TRAIN] Epoch: [2][400/2480], Elapsed 1m 54s (remain 9m 52s), Accuracy: 40.000(66.234), Loss: 0.935(0.812), LR: 0.000001
[GPU cuda:1][TRAIN] Epoch: [2][450/2480], Elapsed 2m 8s (remain 9m 37s), Accuracy: 60.000(66.386), Loss: 0.869(0.813), LR: 0.000001
[GPU cuda:1][TRAIN] Epoch: [2][500/2480], Elapsed 2m 22s (remain 9m 23s), Accuracy: 40.000(66.467), Loss: 1.185(0.813), LR: 0.000001
[GPU cuda:1][TRAIN] Epoch: [2][550/2480], Elapsed 2m 36s (remain 9m 8s), Accuracy: 100.000(66.134), Loss: 0.293(0.818), LR: 0.000007
[GPU cuda:1][TRAIN] Epoch: [2][600/2480], Elapsed 2m 50s (remain 8m 54s), Accuracy: 100.000(66.090), Loss: 0.099(0.821), LR: 0.000007
[GPU cuda:1][TRAIN] Epoch: [2][650/2480], Elapsed 3m 5s (remain 8m 40s), Accuracy: 100.000(66.144), Loss: 0.179(0.822), LR: 0.000007
[GPU cuda:1][TRAIN] Epoch: [2][700/2480], Elapsed 3m 19s (remain 8m 25s), Accuracy: 80.000(65.706), Loss: 0.704(0.832), LR: 0.000007
[GPU cuda:1][TRAIN] Epoch: [2][750/2480], Elapsed 3m 33s (remain 8m 11s), Accuracy: 60.000(65.539), Loss: 0.768(0.836), LR: 0.000007
[GPU cuda:1][TRAIN] Epoch: [2][800/2480], Elapsed 3m 47s (remain 7m 57s), Accuracy: 80.000(65.643), Loss: 0.502(0.832), LR: 0.000007
[GPU cuda:1][TRAIN] Epoch: [2][850/2480], Elapsed 4m 1s (remain 7m 42s), Accuracy: 60.000(65.711), Loss: 1.043(0.830), LR: 0.000007
[GPU cuda:1][TRAIN] Epoch: [2][900/2480], Elapsed 4m 15s (remain 7m 28s), Accuracy: 80.000(65.882), Loss: 1.215(0.827), LR: 0.000007
[GPU cuda:1][TRAIN] Epoch: [2][950/2480], Elapsed 4m 30s (remain 7m 14s), Accuracy: 60.000(65.931), Loss: 0.990(0.825), LR: 0.000007
[GPU cuda:1][TRAIN] Epoch: [2][1000/2480], Elapsed 4m 44s (remain 6m 59s), Accuracy: 80.000(65.774), Loss: 0.872(0.825), LR: 0.000007
[GPU cuda:1][TRAIN] Epoch: [2][1050/2480], Elapsed 4m 58s (remain 6m 45s), Accuracy: 40.000(65.652), Loss: 1.301(0.826), LR: 0.000007
[GPU cuda:1][TRAIN] Epoch: [2][1100/2480], Elapsed 5m 12s (remain 6m 31s), Accuracy: 80.000(65.795), Loss: 0.575(0.823), LR: 0.000007
[GPU cuda:1][TRAIN] Epoch: [2][1150/2480], Elapsed 5m 26s (remain 6m 17s), Accuracy: 60.000(65.769), Loss: 0.721(0.822), LR: 0.000006
[GPU cuda:1][TRAIN] Epoch: [2][1200/2480], Elapsed 5m 40s (remain 6m 3s), Accuracy: 80.000(65.779), Loss: 0.729(0.821), LR: 0.000006
[GPU cuda:1][TRAIN] Epoch: [2][1250/2480], Elapsed 5m 54s (remain 5m 48s), Accuracy: 40.000(65.627), Loss: 1.140(0.824), LR: 0.000006
[GPU cuda:1][TRAIN] Epoch: [2][1300/2480], Elapsed 6m 9s (remain 5m 34s), Accuracy: 40.000(65.703), Loss: 1.188(0.821), LR: 0.000006
[GPU cuda:1][TRAIN] Epoch: [2][1350/2480], Elapsed 6m 23s (remain 5m 20s), Accuracy: 100.000(65.714), Loss: 0.270(0.821), LR: 0.000006
[GPU cuda:1][TRAIN] Epoch: [2][1400/2480], Elapsed 6m 37s (remain 5m 6s), Accuracy: 100.000(65.710), Loss: 0.254(0.822), LR: 0.000006
[GPU cuda:1][TRAIN] Epoch: [2][1450/2480], Elapsed 6m 51s (remain 4m 51s), Accuracy: 80.000(65.803), Loss: 0.690(0.820), LR: 0.000006
[GPU cuda:1][TRAIN] Epoch: [2][1500/2480], Elapsed 7m 5s (remain 4m 37s), Accuracy: 100.000(65.783), Loss: 0.176(0.819), LR: 0.000006
[GPU cuda:1][TRAIN] Epoch: [2][1550/2480], Elapsed 7m 19s (remain 4m 23s), Accuracy: 40.000(65.712), Loss: 0.943(0.818), LR: 0.000006
[GPU cuda:1][TRAIN] Epoch: [2][1600/2480], Elapsed 7m 33s (remain 4m 9s), Accuracy: 100.000(65.809), Loss: 0.574(0.816), LR: 0.000005
[GPU cuda:1][TRAIN] Epoch: [2][1650/2480], Elapsed 7m 48s (remain 3m 55s), Accuracy: 100.000(66.105), Loss: 0.280(0.811), LR: 0.000005
[GPU cuda:1][TRAIN] Epoch: [2][1700/2480], Elapsed 8m 2s (remain 3m 40s), Accuracy: 80.000(66.114), Loss: 0.502(0.811), LR: 0.000005
[GPU cuda:1][TRAIN] Epoch: [2][1750/2480], Elapsed 8m 16s (remain 3m 26s), Accuracy: 60.000(66.145), Loss: 0.885(0.810), LR: 0.000005
[GPU cuda:1][TRAIN] Epoch: [2][1800/2480], Elapsed 8m 30s (remain 3m 12s), Accuracy: 60.000(66.285), Loss: 0.891(0.807), LR: 0.000005
[GPU cuda:1][TRAIN] Epoch: [2][1850/2480], Elapsed 8m 44s (remain 2m 58s), Accuracy: 40.000(66.234), Loss: 1.021(0.807), LR: 0.000005
[GPU cuda:1][TRAIN] Epoch: [2][1900/2480], Elapsed 8m 58s (remain 2m 44s), Accuracy: 60.000(66.344), Loss: 0.524(0.804), LR: 0.000005
[GPU cuda:1][TRAIN] Epoch: [2][1950/2480], Elapsed 9m 12s (remain 2m 29s), Accuracy: 60.000(66.274), Loss: 0.821(0.807), LR: 0.000004
[GPU cuda:1][TRAIN] Epoch: [2][2000/2480], Elapsed 9m 27s (remain 2m 15s), Accuracy: 60.000(66.417), Loss: 0.784(0.805), LR: 0.000004
[GPU cuda:1][TRAIN] Epoch: [2][2050/2480], Elapsed 9m 41s (remain 2m 1s), Accuracy: 60.000(66.407), Loss: 0.958(0.805), LR: 0.000004
[GPU cuda:1][TRAIN] Epoch: [2][2100/2480], Elapsed 9m 55s (remain 1m 47s), Accuracy: 100.000(66.559), Loss: 0.327(0.802), LR: 0.000004
[GPU cuda:1][TRAIN] Epoch: [2][2150/2480], Elapsed 10m 9s (remain 1m 33s), Accuracy: 60.000(66.657), Loss: 0.927(0.800), LR: 0.000004
[GPU cuda:1][TRAIN] Epoch: [2][2200/2480], Elapsed 10m 23s (remain 1m 19s), Accuracy: 60.000(66.770), Loss: 0.710(0.798), LR: 0.000004
[GPU cuda:1][TRAIN] Epoch: [2][2250/2480], Elapsed 10m 37s (remain 1m 4s), Accuracy: 60.000(66.744), Loss: 0.945(0.798), LR: 0.000004
[GPU cuda:1][TRAIN] Epoch: [2][2300/2480], Elapsed 10m 52s (remain 0m 50s), Accuracy: 80.000(66.780), Loss: 0.481(0.797), LR: 0.000003
[GPU cuda:1][TRAIN] Epoch: [2][2350/2480], Elapsed 11m 6s (remain 0m 36s), Accuracy: 80.000(66.789), Loss: 0.594(0.798), LR: 0.000003
[GPU cuda:1][TRAIN] Epoch: [2][2400/2480], Elapsed 11m 20s (remain 0m 22s), Accuracy: 40.000(66.822), Loss: 1.031(0.797), LR: 0.000003
[GPU cuda:1][TRAIN] Epoch: [2][2450/2480], Elapsed 11m 34s (remain 0m 8s), Accuracy: 100.000(66.920), Loss: 0.423(0.795), LR: 0.000003
[GPU cuda:1][TRAIN] Epoch: [2][2479/2480], Elapsed 11m 42s (remain 0m 0s), Accuracy: 40.000(66.944), Loss: 1.766(0.795), LR: 0.000003
[GPU cuda:1][VALID][0/97], Elapsed 0m 1s (remain 2m 14s), Accuracy: 75.000(75.000), Batch Loss: 0.7057, Average Loss: 0.7057
[GPU cuda:1][VALID][50/97], Elapsed 0m 48s (remain 0m 43s), Accuracy: 68.750(71.691), Batch Loss: 0.5619, Average Loss: 0.6964
[GPU cuda:1][VALID][96/97], Elapsed 1m 32s (remain 0m 0s), Accuracy: 82.143(71.401), Batch Loss: 0.5090, Average Loss: 0.7019
Valid Labels Samples: [2 0 1 4 1 0 3 1 4 3]
Valid Predictions Samples: [2, 0, 1, 4, 1, 0, 3, 1, 3, 0]
Epoch 2 - Train Average Loss: 66.944, Valid Average Loss: 71.401, Epoch Time: 796.959s
Epoch 2 - Accuracy: 0.714, Precision: 0.720, Recall: 0.714
Saved Best Model: 0.71
[GPU cuda:1][TRAIN] Epoch: [3][0/2480], Elapsed 0m 0s (remain 25m 50s), Accuracy: 80.000(80.000), Loss: 0.978(0.978), LR: 0.000003
[GPU cuda:1][TRAIN] Epoch: [3][50/2480], Elapsed 0m 14s (remain 11m 51s), Accuracy: 60.000(72.549), Loss: 0.870(0.669), LR: 0.000003
[GPU cuda:1][TRAIN] Epoch: [3][100/2480], Elapsed 0m 29s (remain 11m 24s), Accuracy: 80.000(70.297), Loss: 0.683(0.711), LR: 0.000003
[GPU cuda:1][TRAIN] Epoch: [3][150/2480], Elapsed 0m 43s (remain 11m 7s), Accuracy: 40.000(69.934), Loss: 0.936(0.713), LR: 0.000003
[GPU cuda:1][TRAIN] Epoch: [3][200/2480], Elapsed 0m 57s (remain 10m 51s), Accuracy: 60.000(69.453), Loss: 0.709(0.736), LR: 0.000002
[GPU cuda:1][TRAIN] Epoch: [3][250/2480], Elapsed 1m 11s (remain 10m 36s), Accuracy: 100.000(69.880), Loss: 0.233(0.738), LR: 0.000002
[GPU cuda:1][TRAIN] Epoch: [3][300/2480], Elapsed 1m 25s (remain 10m 22s), Accuracy: 0.000(69.169), Loss: 1.464(0.739), LR: 0.000002
[GPU cuda:1][TRAIN] Epoch: [3][350/2480], Elapsed 1m 40s (remain 10m 7s), Accuracy: 80.000(68.490), Loss: 1.023(0.751), LR: 0.000002
[GPU cuda:1][TRAIN] Epoch: [3][400/2480], Elapsed 1m 54s (remain 9m 52s), Accuracy: 60.000(68.279), Loss: 0.688(0.749), LR: 0.000002
[GPU cuda:1][TRAIN] Epoch: [3][450/2480], Elapsed 2m 8s (remain 9m 38s), Accuracy: 60.000(68.825), Loss: 1.037(0.748), LR: 0.000002
[GPU cuda:1][TRAIN] Epoch: [3][500/2480], Elapsed 2m 22s (remain 9m 23s), Accuracy: 60.000(69.222), Loss: 1.029(0.742), LR: 0.000002
[GPU cuda:1][TRAIN] Epoch: [3][550/2480], Elapsed 2m 36s (remain 9m 9s), Accuracy: 100.000(69.147), Loss: 0.208(0.743), LR: 0.000002
[GPU cuda:1][TRAIN] Epoch: [3][600/2480], Elapsed 2m 50s (remain 8m 54s), Accuracy: 100.000(69.251), Loss: 0.092(0.743), LR: 0.000002
[GPU cuda:1][TRAIN] Epoch: [3][650/2480], Elapsed 3m 5s (remain 8m 40s), Accuracy: 100.000(69.186), Loss: 0.053(0.742), LR: 0.000001
[GPU cuda:1][TRAIN] Epoch: [3][700/2480], Elapsed 3m 19s (remain 8m 25s), Accuracy: 100.000(69.044), Loss: 0.486(0.745), LR: 0.000001
[GPU cuda:1][TRAIN] Epoch: [3][750/2480], Elapsed 3m 33s (remain 8m 11s), Accuracy: 80.000(69.241), Loss: 0.407(0.742), LR: 0.000001
[GPU cuda:1][TRAIN] Epoch: [3][800/2480], Elapsed 3m 47s (remain 7m 57s), Accuracy: 80.000(69.613), Loss: 0.346(0.736), LR: 0.000001
[GPU cuda:1][TRAIN] Epoch: [3][850/2480], Elapsed 4m 1s (remain 7m 42s), Accuracy: 60.000(70.012), Loss: 0.958(0.728), LR: 0.000001
[GPU cuda:1][TRAIN] Epoch: [3][900/2480], Elapsed 4m 15s (remain 7m 28s), Accuracy: 60.000(70.122), Loss: 0.864(0.724), LR: 0.000001
[GPU cuda:1][TRAIN] Epoch: [3][950/2480], Elapsed 4m 30s (remain 7m 14s), Accuracy: 60.000(70.347), Loss: 0.896(0.719), LR: 0.000001
[GPU cuda:1][TRAIN] Epoch: [3][1000/2480], Elapsed 4m 44s (remain 6m 59s), Accuracy: 60.000(70.390), Loss: 0.855(0.717), LR: 0.000001
[GPU cuda:1][TRAIN] Epoch: [3][1050/2480], Elapsed 4m 58s (remain 6m 45s), Accuracy: 60.000(70.447), Loss: 0.822(0.717), LR: 0.000001
[GPU cuda:1][TRAIN] Epoch: [3][1100/2480], Elapsed 5m 12s (remain 6m 31s), Accuracy: 60.000(70.518), Loss: 0.620(0.714), LR: 0.000001
[GPU cuda:1][TRAIN] Epoch: [3][1150/2480], Elapsed 5m 26s (remain 6m 17s), Accuracy: 60.000(70.565), Loss: 0.630(0.711), LR: 0.000001
[GPU cuda:1][TRAIN] Epoch: [3][1200/2480], Elapsed 5m 40s (remain 6m 3s), Accuracy: 100.000(70.774), Loss: 0.488(0.706), LR: 0.000001
[GPU cuda:1][TRAIN] Epoch: [3][1250/2480], Elapsed 5m 55s (remain 5m 48s), Accuracy: 40.000(70.759), Loss: 0.935(0.708), LR: 0.000007
[GPU cuda:1][TRAIN] Epoch: [3][1300/2480], Elapsed 6m 9s (remain 5m 34s), Accuracy: 80.000(70.792), Loss: 0.826(0.706), LR: 0.000007
[GPU cuda:1][TRAIN] Epoch: [3][1350/2480], Elapsed 6m 23s (remain 5m 20s), Accuracy: 100.000(70.733), Loss: 0.119(0.706), LR: 0.000007
[GPU cuda:1][TRAIN] Epoch: [3][1400/2480], Elapsed 6m 37s (remain 5m 6s), Accuracy: 100.000(70.635), Loss: 0.228(0.708), LR: 0.000007
[GPU cuda:1][TRAIN] Epoch: [3][1450/2480], Elapsed 6m 51s (remain 4m 51s), Accuracy: 80.000(70.613), Loss: 0.715(0.709), LR: 0.000007
[GPU cuda:1][TRAIN] Epoch: [3][1500/2480], Elapsed 7m 5s (remain 4m 37s), Accuracy: 100.000(70.580), Loss: 0.220(0.710), LR: 0.000007
[GPU cuda:1][TRAIN] Epoch: [3][1550/2480], Elapsed 7m 19s (remain 4m 23s), Accuracy: 80.000(70.496), Loss: 0.556(0.712), LR: 0.000007
[GPU cuda:1][TRAIN] Epoch: [3][1600/2480], Elapsed 7m 34s (remain 4m 9s), Accuracy: 100.000(70.518), Loss: 0.324(0.711), LR: 0.000007
[GPU cuda:1][TRAIN] Epoch: [3][1650/2480], Elapsed 7m 48s (remain 3m 55s), Accuracy: 80.000(70.672), Loss: 0.325(0.708), LR: 0.000007
[GPU cuda:1][TRAIN] Epoch: [3][1700/2480], Elapsed 8m 2s (remain 3m 40s), Accuracy: 100.000(70.664), Loss: 0.474(0.710), LR: 0.000007
[GPU cuda:1][TRAIN] Epoch: [3][1750/2480], Elapsed 8m 16s (remain 3m 26s), Accuracy: 60.000(70.680), Loss: 0.920(0.711), LR: 0.000007
[GPU cuda:1][TRAIN] Epoch: [3][1800/2480], Elapsed 8m 30s (remain 3m 12s), Accuracy: 80.000(70.661), Loss: 0.749(0.709), LR: 0.000007
[GPU cuda:1][TRAIN] Epoch: [3][1850/2480], Elapsed 8m 44s (remain 2m 58s), Accuracy: 80.000(70.589), Loss: 0.774(0.711), LR: 0.000007
[GPU cuda:1][TRAIN] Epoch: [3][1900/2480], Elapsed 8m 58s (remain 2m 44s), Accuracy: 60.000(70.594), Loss: 0.668(0.710), LR: 0.000007
[GPU cuda:1][TRAIN] Epoch: [3][1950/2480], Elapsed 9m 12s (remain 2m 29s), Accuracy: 40.000(70.456), Loss: 0.675(0.713), LR: 0.000007
[GPU cuda:1][TRAIN] Epoch: [3][2000/2480], Elapsed 9m 27s (remain 2m 15s), Accuracy: 40.000(70.455), Loss: 0.953(0.713), LR: 0.000007
[GPU cuda:1][TRAIN] Epoch: [3][2050/2480], Elapsed 9m 41s (remain 2m 1s), Accuracy: 40.000(70.258), Loss: 0.993(0.717), LR: 0.000007
[GPU cuda:1][TRAIN] Epoch: [3][2100/2480], Elapsed 9m 55s (remain 1m 47s), Accuracy: 80.000(70.414), Loss: 0.409(0.715), LR: 0.000007
[GPU cuda:1][TRAIN] Epoch: [3][2150/2480], Elapsed 10m 9s (remain 1m 33s), Accuracy: 80.000(70.404), Loss: 0.837(0.715), LR: 0.000007
[GPU cuda:1][TRAIN] Epoch: [3][2200/2480], Elapsed 10m 23s (remain 1m 19s), Accuracy: 60.000(70.468), Loss: 0.593(0.714), LR: 0.000007
[GPU cuda:1][TRAIN] Epoch: [3][2250/2480], Elapsed 10m 37s (remain 1m 4s), Accuracy: 60.000(70.395), Loss: 0.780(0.717), LR: 0.000007
[GPU cuda:1][TRAIN] Epoch: [3][2300/2480], Elapsed 10m 51s (remain 0m 50s), Accuracy: 80.000(70.335), Loss: 0.482(0.717), LR: 0.000007
[GPU cuda:1][TRAIN] Epoch: [3][2350/2480], Elapsed 11m 6s (remain 0m 36s), Accuracy: 80.000(70.251), Loss: 0.492(0.720), LR: 0.000007
[GPU cuda:1][TRAIN] Epoch: [3][2400/2480], Elapsed 11m 20s (remain 0m 22s), Accuracy: 60.000(70.237), Loss: 1.021(0.719), LR: 0.000007
[GPU cuda:1][TRAIN] Epoch: [3][2450/2480], Elapsed 11m 34s (remain 0m 8s), Accuracy: 80.000(70.265), Loss: 0.388(0.720), LR: 0.000006
[GPU cuda:1][TRAIN] Epoch: [3][2479/2480], Elapsed 11m 42s (remain 0m 0s), Accuracy: 40.000(70.234), Loss: 2.016(0.720), LR: 0.000006
[GPU cuda:1][VALID][0/97], Elapsed 0m 1s (remain 2m 15s), Accuracy: 78.125(78.125), Batch Loss: 0.6692, Average Loss: 0.6692
[GPU cuda:1][VALID][50/97], Elapsed 0m 48s (remain 0m 43s), Accuracy: 65.625(70.466), Batch Loss: 0.6327, Average Loss: 0.7028
[GPU cuda:1][VALID][96/97], Elapsed 1m 32s (remain 0m 0s), Accuracy: 85.714(70.181), Batch Loss: 0.5090, Average Loss: 0.7110
Valid Labels Samples: [2 0 1 4 1 0 3 1 4 3]
Valid Predictions Samples: [2, 0, 1, 4, 1, 0, 3, 1, 3, 0]
Epoch 3 - Train Average Loss: 70.234, Valid Average Loss: 70.181, Epoch Time: 796.719s
Epoch 3 - Accuracy: 0.702, Precision: 0.709, Recall: 0.702
[GPU cuda:1][TRAIN] Epoch: [4][0/2480], Elapsed 0m 0s (remain 26m 23s), Accuracy: 80.000(80.000), Loss: 0.834(0.834), LR: 0.000006
[GPU cuda:1][TRAIN] Epoch: [4][50/2480], Elapsed 0m 14s (remain 11m 52s), Accuracy: 60.000(73.333), Loss: 1.011(0.637), LR: 0.000006
[GPU cuda:1][TRAIN] Epoch: [4][100/2480], Elapsed 0m 29s (remain 11m 26s), Accuracy: 80.000(70.099), Loss: 0.882(0.696), LR: 0.000006
[GPU cuda:1][TRAIN] Epoch: [4][150/2480], Elapsed 0m 43s (remain 11m 7s), Accuracy: 20.000(69.934), Loss: 1.135(0.715), LR: 0.000006
[GPU cuda:1][TRAIN] Epoch: [4][200/2480], Elapsed 0m 57s (remain 10m 51s), Accuracy: 60.000(68.955), Loss: 0.784(0.749), LR: 0.000006
[GPU cuda:1][TRAIN] Epoch: [4][250/2480], Elapsed 1m 11s (remain 10m 35s), Accuracy: 80.000(69.163), Loss: 0.358(0.751), LR: 0.000006
[GPU cuda:1][TRAIN] Epoch: [4][300/2480], Elapsed 1m 25s (remain 10m 20s), Accuracy: 20.000(69.103), Loss: 1.418(0.749), LR: 0.000006
[GPU cuda:1][TRAIN] Epoch: [4][350/2480], Elapsed 1m 39s (remain 10m 5s), Accuracy: 80.000(68.889), Loss: 0.609(0.755), LR: 0.000006
[GPU cuda:1][TRAIN] Epoch: [4][400/2480], Elapsed 1m 54s (remain 9m 51s), Accuracy: 60.000(68.878), Loss: 0.662(0.755), LR: 0.000006
[GPU cuda:1][TRAIN] Epoch: [4][450/2480], Elapsed 2m 8s (remain 9m 36s), Accuracy: 40.000(69.135), Loss: 0.877(0.754), LR: 0.000006
[GPU cuda:1][TRAIN] Epoch: [4][500/2480], Elapsed 2m 22s (remain 9m 21s), Accuracy: 40.000(69.182), Loss: 1.295(0.750), LR: 0.000006
[GPU cuda:1][TRAIN] Epoch: [4][550/2480], Elapsed 2m 36s (remain 9m 7s), Accuracy: 100.000(69.292), Loss: 0.221(0.751), LR: 0.000006
[GPU cuda:1][TRAIN] Epoch: [4][600/2480], Elapsed 2m 50s (remain 8m 53s), Accuracy: 100.000(69.684), Loss: 0.044(0.749), LR: 0.000006
[GPU cuda:1][TRAIN] Epoch: [4][650/2480], Elapsed 3m 4s (remain 8m 38s), Accuracy: 100.000(69.647), Loss: 0.048(0.748), LR: 0.000006
[GPU cuda:1][TRAIN] Epoch: [4][700/2480], Elapsed 3m 18s (remain 8m 24s), Accuracy: 100.000(69.387), Loss: 0.440(0.752), LR: 0.000006
[GPU cuda:1][TRAIN] Epoch: [4][750/2480], Elapsed 3m 33s (remain 8m 10s), Accuracy: 100.000(69.401), Loss: 0.207(0.752), LR: 0.000006
[GPU cuda:1][TRAIN] Epoch: [4][800/2480], Elapsed 3m 47s (remain 7m 56s), Accuracy: 100.000(69.763), Loss: 0.319(0.745), LR: 0.000006
[GPU cuda:1][TRAIN] Epoch: [4][850/2480], Elapsed 4m 1s (remain 7m 41s), Accuracy: 60.000(69.918), Loss: 0.774(0.739), LR: 0.000006
[GPU cuda:1][TRAIN] Epoch: [4][900/2480], Elapsed 4m 15s (remain 7m 27s), Accuracy: 80.000(70.144), Loss: 1.085(0.736), LR: 0.000005
[GPU cuda:1][TRAIN] Epoch: [4][950/2480], Elapsed 4m 29s (remain 7m 13s), Accuracy: 80.000(70.347), Loss: 0.749(0.731), LR: 0.000005
[GPU cuda:1][TRAIN] Epoch: [4][1000/2480], Elapsed 4m 43s (remain 6m 59s), Accuracy: 60.000(70.410), Loss: 0.828(0.730), LR: 0.000005
[GPU cuda:1][TRAIN] Epoch: [4][1050/2480], Elapsed 4m 58s (remain 6m 45s), Accuracy: 60.000(70.390), Loss: 0.900(0.729), LR: 0.000005
[GPU cuda:1][TRAIN] Epoch: [4][1100/2480], Elapsed 5m 12s (remain 6m 31s), Accuracy: 100.000(70.463), Loss: 0.407(0.725), LR: 0.000005
[GPU cuda:1][TRAIN] Epoch: [4][1150/2480], Elapsed 5m 26s (remain 6m 16s), Accuracy: 80.000(70.513), Loss: 0.675(0.724), LR: 0.000005
[GPU cuda:1][TRAIN] Epoch: [4][1200/2480], Elapsed 5m 40s (remain 6m 2s), Accuracy: 60.000(70.624), Loss: 0.843(0.720), LR: 0.000005
[GPU cuda:1][TRAIN] Epoch: [4][1250/2480], Elapsed 5m 54s (remain 5m 48s), Accuracy: 40.000(70.488), Loss: 0.983(0.722), LR: 0.000005
[GPU cuda:1][TRAIN] Epoch: [4][1300/2480], Elapsed 6m 9s (remain 5m 34s), Accuracy: 80.000(70.730), Loss: 0.768(0.717), LR: 0.000005
[GPU cuda:1][TRAIN] Epoch: [4][1350/2480], Elapsed 6m 23s (remain 5m 20s), Accuracy: 100.000(70.762), Loss: 0.200(0.715), LR: 0.000005
[GPU cuda:1][TRAIN] Epoch: [4][1400/2480], Elapsed 6m 37s (remain 5m 6s), Accuracy: 100.000(70.835), Loss: 0.255(0.714), LR: 0.000005
[GPU cuda:1][TRAIN] Epoch: [4][1450/2480], Elapsed 6m 51s (remain 4m 51s), Accuracy: 100.000(71.068), Loss: 0.389(0.711), LR: 0.000005
[GPU cuda:1][TRAIN] Epoch: [4][1500/2480], Elapsed 7m 5s (remain 4m 37s), Accuracy: 80.000(71.046), Loss: 0.259(0.709), LR: 0.000005
[GPU cuda:1][TRAIN] Epoch: [4][1550/2480], Elapsed 7m 20s (remain 4m 23s), Accuracy: 100.000(71.025), Loss: 0.395(0.707), LR: 0.000005
[GPU cuda:1][TRAIN] Epoch: [4][1600/2480], Elapsed 7m 34s (remain 4m 9s), Accuracy: 100.000(71.081), Loss: 0.281(0.705), LR: 0.000005
[GPU cuda:1][TRAIN] Epoch: [4][1650/2480], Elapsed 7m 48s (remain 3m 55s), Accuracy: 100.000(71.314), Loss: 0.212(0.699), LR: 0.000004
[GPU cuda:1][TRAIN] Epoch: [4][1700/2480], Elapsed 8m 2s (remain 3m 41s), Accuracy: 80.000(71.405), Loss: 0.375(0.699), LR: 0.000004
[GPU cuda:1][TRAIN] Epoch: [4][1750/2480], Elapsed 8m 17s (remain 3m 26s), Accuracy: 60.000(71.536), Loss: 0.818(0.697), LR: 0.000004
[GPU cuda:1][TRAIN] Epoch: [4][1800/2480], Elapsed 8m 31s (remain 3m 12s), Accuracy: 80.000(71.694), Loss: 0.312(0.693), LR: 0.000004
[GPU cuda:1][TRAIN] Epoch: [4][1850/2480], Elapsed 8m 45s (remain 2m 58s), Accuracy: 80.000(71.723), Loss: 0.630(0.693), LR: 0.000004
[GPU cuda:1][TRAIN] Epoch: [4][1900/2480], Elapsed 8m 59s (remain 2m 44s), Accuracy: 60.000(71.710), Loss: 0.650(0.691), LR: 0.000004
[GPU cuda:1][TRAIN] Epoch: [4][1950/2480], Elapsed 9m 13s (remain 2m 30s), Accuracy: 80.000(71.717), Loss: 0.446(0.692), LR: 0.000004
[GPU cuda:1][TRAIN] Epoch: [4][2000/2480], Elapsed 9m 28s (remain 2m 16s), Accuracy: 60.000(71.814), Loss: 0.826(0.690), LR: 0.000004
[GPU cuda:1][TRAIN] Epoch: [4][2050/2480], Elapsed 9m 42s (remain 2m 1s), Accuracy: 60.000(71.799), Loss: 0.884(0.689), LR: 0.000004
[GPU cuda:1][TRAIN] Epoch: [4][2100/2480], Elapsed 9m 56s (remain 1m 47s), Accuracy: 80.000(72.023), Loss: 0.332(0.685), LR: 0.000004
[GPU cuda:1][TRAIN] Epoch: [4][2150/2480], Elapsed 10m 10s (remain 1m 33s), Accuracy: 60.000(72.134), Loss: 0.912(0.683), LR: 0.000004
[GPU cuda:1][TRAIN] Epoch: [4][2200/2480], Elapsed 10m 24s (remain 1m 19s), Accuracy: 80.000(72.249), Loss: 0.478(0.680), LR: 0.000004
[GPU cuda:1][TRAIN] Epoch: [4][2250/2480], Elapsed 10m 39s (remain 1m 5s), Accuracy: 80.000(72.190), Loss: 0.835(0.681), LR: 0.000004
[GPU cuda:1][TRAIN] Epoch: [4][2300/2480], Elapsed 10m 53s (remain 0m 50s), Accuracy: 80.000(72.195), Loss: 0.475(0.681), LR: 0.000004
[GPU cuda:1][TRAIN] Epoch: [4][2350/2480], Elapsed 11m 7s (remain 0m 36s), Accuracy: 100.000(72.165), Loss: 0.593(0.682), LR: 0.000003
[GPU cuda:1][TRAIN] Epoch: [4][2400/2480], Elapsed 11m 21s (remain 0m 22s), Accuracy: 60.000(72.270), Loss: 0.970(0.681), LR: 0.000003
[GPU cuda:1][TRAIN] Epoch: [4][2450/2480], Elapsed 11m 35s (remain 0m 8s), Accuracy: 100.000(72.395), Loss: 0.388(0.679), LR: 0.000003
[GPU cuda:1][TRAIN] Epoch: [4][2479/2480], Elapsed 11m 44s (remain 0m 0s), Accuracy: 40.000(72.411), Loss: 1.966(0.679), LR: 0.000003
[GPU cuda:1][VALID][0/97], Elapsed 0m 1s (remain 2m 11s), Accuracy: 68.750(68.750), Batch Loss: 0.7279, Average Loss: 0.7279
[GPU cuda:1][VALID][50/97], Elapsed 0m 48s (remain 0m 43s), Accuracy: 75.000(71.385), Batch Loss: 0.4791, Average Loss: 0.7112
[GPU cuda:1][VALID][96/97], Elapsed 1m 32s (remain 0m 0s), Accuracy: 75.000(71.521), Batch Loss: 0.4905, Average Loss: 0.7169
Valid Labels Samples: [2 0 1 4 1 0 3 1 4 3]
Valid Predictions Samples: [2, 0, 1, 3, 1, 0, 3, 1, 3, 0]
Epoch 4 - Train Average Loss: 72.411, Valid Average Loss: 71.521, Epoch Time: 798.684s
Epoch 4 - Accuracy: 0.715, Precision: 0.723, Recall: 0.715
Saved Best Model: 0.72
[GPU cuda:1][TRAIN] Epoch: [5][0/2480], Elapsed 0m 0s (remain 25m 56s), Accuracy: 60.000(60.000), Loss: 0.759(0.759), LR: 0.000003
[GPU cuda:1][TRAIN] Epoch: [5][50/2480], Elapsed 0m 15s (remain 11m 54s), Accuracy: 60.000(74.902), Loss: 0.969(0.557), LR: 0.000003
[GPU cuda:1][TRAIN] Epoch: [5][100/2480], Elapsed 0m 29s (remain 11m 28s), Accuracy: 80.000(74.059), Loss: 0.522(0.585), LR: 0.000003
[GPU cuda:1][TRAIN] Epoch: [5][150/2480], Elapsed 0m 43s (remain 11m 10s), Accuracy: 40.000(72.583), Loss: 0.985(0.612), LR: 0.000003
[GPU cuda:1][TRAIN] Epoch: [5][200/2480], Elapsed 0m 57s (remain 10m 53s), Accuracy: 60.000(72.040), Loss: 0.616(0.642), LR: 0.000003
[GPU cuda:1][TRAIN] Epoch: [5][250/2480], Elapsed 1m 11s (remain 10m 37s), Accuracy: 100.000(73.068), Loss: 0.093(0.635), LR: 0.000003
[GPU cuda:1][TRAIN] Epoch: [5][300/2480], Elapsed 1m 26s (remain 10m 22s), Accuracy: 20.000(72.691), Loss: 1.332(0.635), LR: 0.000003
[GPU cuda:1][TRAIN] Epoch: [5][350/2480], Elapsed 1m 40s (remain 10m 7s), Accuracy: 60.000(72.251), Loss: 0.841(0.646), LR: 0.000003
[GPU cuda:1][TRAIN] Epoch: [5][400/2480], Elapsed 1m 54s (remain 9m 52s), Accuracy: 60.000(72.519), Loss: 0.615(0.644), LR: 0.000003
[GPU cuda:1][TRAIN] Epoch: [5][450/2480], Elapsed 2m 8s (remain 9m 38s), Accuracy: 80.000(72.860), Loss: 0.520(0.642), LR: 0.000003
[GPU cuda:1][TRAIN] Epoch: [5][500/2480], Elapsed 2m 22s (remain 9m 23s), Accuracy: 60.000(73.253), Loss: 0.969(0.638), LR: 0.000003
[GPU cuda:1][TRAIN] Epoch: [5][550/2480], Elapsed 2m 36s (remain 9m 9s), Accuracy: 100.000(73.321), Loss: 0.082(0.637), LR: 0.000002
[GPU cuda:1][TRAIN] Epoch: [5][600/2480], Elapsed 2m 51s (remain 8m 54s), Accuracy: 100.000(73.478), Loss: 0.048(0.641), LR: 0.000002
[GPU cuda:1][TRAIN] Epoch: [5][650/2480], Elapsed 3m 5s (remain 8m 40s), Accuracy: 100.000(73.364), Loss: 0.036(0.640), LR: 0.000002
[GPU cuda:1][TRAIN] Epoch: [5][700/2480], Elapsed 3m 19s (remain 8m 26s), Accuracy: 100.000(73.238), Loss: 0.407(0.645), LR: 0.000002
[GPU cuda:1][TRAIN] Epoch: [5][750/2480], Elapsed 3m 33s (remain 8m 11s), Accuracy: 100.000(73.262), Loss: 0.147(0.645), LR: 0.000002
[GPU cuda:1][TRAIN] Epoch: [5][800/2480], Elapsed 3m 47s (remain 7m 57s), Accuracy: 100.000(73.333), Loss: 0.290(0.643), LR: 0.000002
[GPU cuda:1][TRAIN] Epoch: [5][850/2480], Elapsed 4m 1s (remain 7m 43s), Accuracy: 40.000(73.561), Loss: 0.981(0.637), LR: 0.000002
[GPU cuda:1][TRAIN] Epoch: [5][900/2480], Elapsed 4m 16s (remain 7m 28s), Accuracy: 80.000(73.740), Loss: 0.877(0.635), LR: 0.000002
[GPU cuda:1][TRAIN] Epoch: [5][950/2480], Elapsed 4m 30s (remain 7m 14s), Accuracy: 80.000(74.090), Loss: 0.738(0.629), LR: 0.000002
[GPU cuda:1][TRAIN] Epoch: [5][1000/2480], Elapsed 4m 44s (remain 7m 0s), Accuracy: 80.000(74.026), Loss: 0.676(0.629), LR: 0.000002
[GPU cuda:1][TRAIN] Epoch: [5][1050/2480], Elapsed 4m 58s (remain 6m 45s), Accuracy: 60.000(74.101), Loss: 0.962(0.630), LR: 0.000002
[GPU cuda:1][TRAIN] Epoch: [5][1100/2480], Elapsed 5m 12s (remain 6m 31s), Accuracy: 100.000(74.187), Loss: 0.384(0.628), LR: 0.000002
[GPU cuda:1][TRAIN] Epoch: [5][1150/2480], Elapsed 5m 26s (remain 6m 17s), Accuracy: 80.000(74.266), Loss: 0.383(0.626), LR: 0.000002
[GPU cuda:1][TRAIN] Epoch: [5][1200/2480], Elapsed 5m 41s (remain 6m 3s), Accuracy: 100.000(74.521), Loss: 0.443(0.620), LR: 0.000002
[GPU cuda:1][TRAIN] Epoch: [5][1250/2480], Elapsed 5m 55s (remain 5m 48s), Accuracy: 40.000(74.468), Loss: 0.871(0.622), LR: 0.000002
[GPU cuda:1][TRAIN] Epoch: [5][1300/2480], Elapsed 6m 9s (remain 5m 34s), Accuracy: 80.000(74.712), Loss: 0.396(0.617), LR: 0.000002
[GPU cuda:1][TRAIN] Epoch: [5][1350/2480], Elapsed 6m 23s (remain 5m 20s), Accuracy: 100.000(74.937), Loss: 0.076(0.614), LR: 0.000002
[GPU cuda:1][TRAIN] Epoch: [5][1400/2480], Elapsed 6m 37s (remain 5m 6s), Accuracy: 100.000(74.975), Loss: 0.174(0.613), LR: 0.000002
[GPU cuda:1][TRAIN] Epoch: [5][1450/2480], Elapsed 6m 51s (remain 4m 52s), Accuracy: 100.000(75.245), Loss: 0.342(0.611), LR: 0.000002
[GPU cuda:1][TRAIN] Epoch: [5][1500/2480], Elapsed 7m 6s (remain 4m 37s), Accuracy: 80.000(75.243), Loss: 0.257(0.610), LR: 0.000001
[GPU cuda:1][TRAIN] Epoch: [5][1550/2480], Elapsed 7m 20s (remain 4m 23s), Accuracy: 60.000(75.268), Loss: 0.790(0.609), LR: 0.000001
[GPU cuda:1][TRAIN] Epoch: [5][1600/2480], Elapsed 7m 34s (remain 4m 9s), Accuracy: 100.000(75.478), Loss: 0.228(0.607), LR: 0.000001
[GPU cuda:1][TRAIN] Epoch: [5][1650/2480], Elapsed 7m 48s (remain 3m 55s), Accuracy: 100.000(75.821), Loss: 0.192(0.601), LR: 0.000001
[GPU cuda:1][TRAIN] Epoch: [5][1700/2480], Elapsed 8m 2s (remain 3m 41s), Accuracy: 80.000(75.861), Loss: 0.361(0.600), LR: 0.000001
[GPU cuda:1][TRAIN] Epoch: [5][1750/2480], Elapsed 8m 16s (remain 3m 26s), Accuracy: 60.000(75.979), Loss: 0.711(0.600), LR: 0.000001
[GPU cuda:1][TRAIN] Epoch: [5][1800/2480], Elapsed 8m 30s (remain 3m 12s), Accuracy: 100.000(76.013), Loss: 0.244(0.598), LR: 0.000001
[GPU cuda:1][TRAIN] Epoch: [5][1850/2480], Elapsed 8m 44s (remain 2m 58s), Accuracy: 60.000(76.121), Loss: 0.727(0.596), LR: 0.000001
[GPU cuda:1][TRAIN] Epoch: [5][1900/2480], Elapsed 8m 59s (remain 2m 44s), Accuracy: 60.000(76.202), Loss: 0.688(0.593), LR: 0.000001
[GPU cuda:1][TRAIN] Epoch: [5][1950/2480], Elapsed 9m 13s (remain 2m 30s), Accuracy: 100.000(76.033), Loss: 0.248(0.595), LR: 0.000001
[GPU cuda:1][TRAIN] Epoch: [5][2000/2480], Elapsed 9m 27s (remain 2m 15s), Accuracy: 60.000(76.002), Loss: 0.591(0.594), LR: 0.000001
[GPU cuda:1][TRAIN] Epoch: [5][2050/2480], Elapsed 9m 41s (remain 2m 1s), Accuracy: 40.000(75.982), Loss: 1.049(0.593), LR: 0.000001
[GPU cuda:1][TRAIN] Epoch: [5][2100/2480], Elapsed 9m 55s (remain 1m 47s), Accuracy: 80.000(76.154), Loss: 0.424(0.590), LR: 0.000001
[GPU cuda:1][TRAIN] Epoch: [5][2150/2480], Elapsed 10m 9s (remain 1m 33s), Accuracy: 80.000(76.160), Loss: 0.525(0.589), LR: 0.000001
[GPU cuda:1][TRAIN] Epoch: [5][2200/2480], Elapsed 10m 24s (remain 1m 19s), Accuracy: 60.000(76.220), Loss: 0.617(0.588), LR: 0.000001
[GPU cuda:1][TRAIN] Epoch: [5][2250/2480], Elapsed 10m 38s (remain 1m 4s), Accuracy: 40.000(76.135), Loss: 0.868(0.589), LR: 0.000001
[GPU cuda:1][TRAIN] Epoch: [5][2300/2480], Elapsed 10m 52s (remain 0m 50s), Accuracy: 60.000(76.132), Loss: 0.564(0.589), LR: 0.000001
[GPU cuda:1][TRAIN] Epoch: [5][2350/2480], Elapsed 11m 6s (remain 0m 36s), Accuracy: 100.000(76.129), Loss: 0.366(0.590), LR: 0.000001
[GPU cuda:1][TRAIN] Epoch: [5][2400/2480], Elapsed 11m 20s (remain 0m 22s), Accuracy: 80.000(76.227), Loss: 0.708(0.589), LR: 0.000001
[GPU cuda:1][TRAIN] Epoch: [5][2450/2480], Elapsed 11m 34s (remain 0m 8s), Accuracy: 100.000(76.279), Loss: 0.289(0.588), LR: 0.000001
[GPU cuda:1][TRAIN] Epoch: [5][2479/2480], Elapsed 11m 43s (remain 0m 0s), Accuracy: 40.000(76.315), Loss: 1.620(0.587), LR: 0.000001
[GPU cuda:1][VALID][0/97], Elapsed 0m 1s (remain 2m 14s), Accuracy: 71.875(71.875), Batch Loss: 0.8007, Average Loss: 0.8007
[GPU cuda:1][VALID][50/97], Elapsed 0m 48s (remain 0m 43s), Accuracy: 71.875(72.672), Batch Loss: 0.5108, Average Loss: 0.6833
[GPU cuda:1][VALID][96/97], Elapsed 1m 32s (remain 0m 0s), Accuracy: 82.143(73.012), Batch Loss: 0.3925, Average Loss: 0.6890
Valid Labels Samples: [2 0 1 4 1 0 3 1 4 3]
Valid Predictions Samples: [2, 0, 1, 3, 1, 0, 3, 1, 3, 0]
Epoch 5 - Train Average Loss: 76.315, Valid Average Loss: 73.012, Epoch Time: 797.470s
Epoch 5 - Accuracy: 0.730, Precision: 0.735, Recall: 0.730
Saved Best Model: 0.73
[GPU cuda:1][TRAIN] Epoch: [6][0/2480], Elapsed 0m 0s (remain 26m 18s), Accuracy: 80.000(80.000), Loss: 0.545(0.545), LR: 0.000001
[GPU cuda:1][TRAIN] Epoch: [6][50/2480], Elapsed 0m 14s (remain 11m 53s), Accuracy: 60.000(80.392), Loss: 0.850(0.471), LR: 0.000001
[GPU cuda:1][TRAIN] Epoch: [6][100/2480], Elapsed 0m 29s (remain 11m 28s), Accuracy: 80.000(78.020), Loss: 0.711(0.507), LR: 0.000001
[GPU cuda:1][TRAIN] Epoch: [6][150/2480], Elapsed 0m 43s (remain 11m 9s), Accuracy: 80.000(77.616), Loss: 0.832(0.529), LR: 0.000001
[GPU cuda:1][TRAIN] Epoch: [6][200/2480], Elapsed 0m 57s (remain 10m 52s), Accuracy: 80.000(76.816), Loss: 0.583(0.554), LR: 0.000007
[GPU cuda:1][TRAIN] Epoch: [6][250/2480], Elapsed 1m 11s (remain 10m 37s), Accuracy: 80.000(75.936), Loss: 0.336(0.579), LR: 0.000007
[GPU cuda:1][TRAIN] Epoch: [6][300/2480], Elapsed 1m 25s (remain 10m 22s), Accuracy: 40.000(75.083), Loss: 1.205(0.595), LR: 0.000007
[GPU cuda:1][TRAIN] Epoch: [6][350/2480], Elapsed 1m 40s (remain 10m 7s), Accuracy: 60.000(74.701), Loss: 0.848(0.606), LR: 0.000007
[GPU cuda:1][TRAIN] Epoch: [6][400/2480], Elapsed 1m 54s (remain 9m 52s), Accuracy: 80.000(74.464), Loss: 0.590(0.618), LR: 0.000007
[GPU cuda:1][TRAIN] Epoch: [6][450/2480], Elapsed 2m 8s (remain 9m 37s), Accuracy: 40.000(74.457), Loss: 0.880(0.623), LR: 0.000007
[GPU cuda:1][TRAIN] Epoch: [6][500/2480], Elapsed 2m 22s (remain 9m 23s), Accuracy: 20.000(74.331), Loss: 1.214(0.621), LR: 0.000007
[GPU cuda:1][TRAIN] Epoch: [6][550/2480], Elapsed 2m 36s (remain 9m 8s), Accuracy: 100.000(74.410), Loss: 0.104(0.627), LR: 0.000007
[GPU cuda:1][TRAIN] Epoch: [6][600/2480], Elapsed 2m 50s (remain 8m 54s), Accuracy: 100.000(74.243), Loss: 0.032(0.631), LR: 0.000007
[GPU cuda:1][TRAIN] Epoch: [6][650/2480], Elapsed 3m 5s (remain 8m 39s), Accuracy: 100.000(73.978), Loss: 0.098(0.637), LR: 0.000007
[GPU cuda:1][TRAIN] Epoch: [6][700/2480], Elapsed 3m 19s (remain 8m 25s), Accuracy: 80.000(73.752), Loss: 0.332(0.643), LR: 0.000007
[GPU cuda:1][TRAIN] Epoch: [6][750/2480], Elapsed 3m 33s (remain 8m 11s), Accuracy: 100.000(73.715), Loss: 0.160(0.645), LR: 0.000007
[GPU cuda:1][TRAIN] Epoch: [6][800/2480], Elapsed 3m 47s (remain 7m 56s), Accuracy: 60.000(73.683), Loss: 0.677(0.644), LR: 0.000007
[GPU cuda:1][TRAIN] Epoch: [6][850/2480], Elapsed 4m 1s (remain 7m 42s), Accuracy: 60.000(73.796), Loss: 0.700(0.639), LR: 0.000007
[GPU cuda:1][TRAIN] Epoch: [6][900/2480], Elapsed 4m 15s (remain 7m 28s), Accuracy: 60.000(73.896), Loss: 0.970(0.640), LR: 0.000007
[GPU cuda:1][TRAIN] Epoch: [6][950/2480], Elapsed 4m 30s (remain 7m 14s), Accuracy: 60.000(74.175), Loss: 0.803(0.636), LR: 0.000007
[GPU cuda:1][TRAIN] Epoch: [6][1000/2480], Elapsed 4m 44s (remain 6m 59s), Accuracy: 80.000(73.986), Loss: 0.708(0.637), LR: 0.000007
[GPU cuda:1][TRAIN] Epoch: [6][1050/2480], Elapsed 4m 58s (remain 6m 45s), Accuracy: 60.000(74.044), Loss: 0.835(0.637), LR: 0.000007
[GPU cuda:1][TRAIN] Epoch: [6][1100/2480], Elapsed 5m 12s (remain 6m 31s), Accuracy: 80.000(74.114), Loss: 1.224(0.636), LR: 0.000007
[GPU cuda:1][TRAIN] Epoch: [6][1150/2480], Elapsed 5m 26s (remain 6m 17s), Accuracy: 100.000(74.144), Loss: 0.391(0.635), LR: 0.000007
[GPU cuda:1][TRAIN] Epoch: [6][1200/2480], Elapsed 5m 40s (remain 6m 3s), Accuracy: 100.000(74.371), Loss: 0.309(0.630), LR: 0.000007
[GPU cuda:1][TRAIN] Epoch: [6][1250/2480], Elapsed 5m 55s (remain 5m 48s), Accuracy: 40.000(74.149), Loss: 0.815(0.634), LR: 0.000007
[GPU cuda:1][TRAIN] Epoch: [6][1300/2480], Elapsed 6m 9s (remain 5m 34s), Accuracy: 40.000(74.235), Loss: 1.090(0.631), LR: 0.000007
[GPU cuda:1][TRAIN] Epoch: [6][1350/2480], Elapsed 6m 23s (remain 5m 20s), Accuracy: 100.000(74.419), Loss: 0.098(0.627), LR: 0.000007
[GPU cuda:1][TRAIN] Epoch: [6][1400/2480], Elapsed 6m 37s (remain 5m 6s), Accuracy: 100.000(74.304), Loss: 0.205(0.629), LR: 0.000007
[GPU cuda:1][TRAIN] Epoch: [6][1450/2480], Elapsed 6m 52s (remain 4m 52s), Accuracy: 100.000(74.349), Loss: 0.477(0.627), LR: 0.000007
[GPU cuda:1][TRAIN] Epoch: [6][1500/2480], Elapsed 7m 6s (remain 4m 38s), Accuracy: 80.000(74.137), Loss: 0.204(0.629), LR: 0.000007
[GPU cuda:1][TRAIN] Epoch: [6][1550/2480], Elapsed 7m 20s (remain 4m 23s), Accuracy: 100.000(74.133), Loss: 0.271(0.628), LR: 0.000007
[GPU cuda:1][TRAIN] Epoch: [6][1600/2480], Elapsed 7m 34s (remain 4m 9s), Accuracy: 100.000(74.141), Loss: 0.230(0.628), LR: 0.000007
[GPU cuda:1][TRAIN] Epoch: [6][1650/2480], Elapsed 7m 48s (remain 3m 55s), Accuracy: 100.000(74.403), Loss: 0.201(0.622), LR: 0.000007
[GPU cuda:1][TRAIN] Epoch: [6][1700/2480], Elapsed 8m 3s (remain 3m 41s), Accuracy: 80.000(74.345), Loss: 0.433(0.624), LR: 0.000007
[GPU cuda:1][TRAIN] Epoch: [6][1750/2480], Elapsed 8m 17s (remain 3m 27s), Accuracy: 60.000(74.483), Loss: 1.238(0.624), LR: 0.000007
[GPU cuda:1][TRAIN] Epoch: [6][1800/2480], Elapsed 8m 31s (remain 3m 12s), Accuracy: 80.000(74.603), Loss: 0.642(0.621), LR: 0.000007
[GPU cuda:1][TRAIN] Epoch: [6][1850/2480], Elapsed 8m 45s (remain 2m 58s), Accuracy: 60.000(74.576), Loss: 0.651(0.622), LR: 0.000007
[GPU cuda:1][TRAIN] Epoch: [6][1900/2480], Elapsed 8m 59s (remain 2m 44s), Accuracy: 60.000(74.634), Loss: 0.659(0.619), LR: 0.000007
[GPU cuda:1][TRAIN] Epoch: [6][1950/2480], Elapsed 9m 14s (remain 2m 30s), Accuracy: 80.000(74.536), Loss: 0.482(0.623), LR: 0.000007
[GPU cuda:1][TRAIN] Epoch: [6][2000/2480], Elapsed 9m 28s (remain 2m 16s), Accuracy: 60.000(74.513), Loss: 1.017(0.623), LR: 0.000007
[GPU cuda:1][TRAIN] Epoch: [6][2050/2480], Elapsed 9m 42s (remain 2m 1s), Accuracy: 60.000(74.373), Loss: 0.892(0.626), LR: 0.000007
[GPU cuda:1][TRAIN] Epoch: [6][2100/2480], Elapsed 9m 56s (remain 1m 47s), Accuracy: 80.000(74.526), Loss: 0.296(0.622), LR: 0.000007
[GPU cuda:1][TRAIN] Epoch: [6][2150/2480], Elapsed 10m 10s (remain 1m 33s), Accuracy: 80.000(74.616), Loss: 0.618(0.620), LR: 0.000007
[GPU cuda:1][TRAIN] Epoch: [6][2200/2480], Elapsed 10m 25s (remain 1m 19s), Accuracy: 80.000(74.702), Loss: 0.461(0.619), LR: 0.000007
[GPU cuda:1][TRAIN] Epoch: [6][2250/2480], Elapsed 10m 39s (remain 1m 5s), Accuracy: 40.000(74.616), Loss: 1.015(0.621), LR: 0.000007
[GPU cuda:1][TRAIN] Epoch: [6][2300/2480], Elapsed 10m 53s (remain 0m 50s), Accuracy: 60.000(74.611), Loss: 0.701(0.622), LR: 0.000007
[GPU cuda:1][TRAIN] Epoch: [6][2350/2480], Elapsed 11m 7s (remain 0m 36s), Accuracy: 100.000(74.598), Loss: 0.450(0.623), LR: 0.000007
[GPU cuda:1][TRAIN] Epoch: [6][2400/2480], Elapsed 11m 22s (remain 0m 22s), Accuracy: 60.000(74.711), Loss: 0.733(0.622), LR: 0.000007
[GPU cuda:1][TRAIN] Epoch: [6][2450/2480], Elapsed 11m 36s (remain 0m 8s), Accuracy: 60.000(74.737), Loss: 0.698(0.621), LR: 0.000007
[GPU cuda:1][TRAIN] Epoch: [6][2479/2480], Elapsed 11m 44s (remain 0m 0s), Accuracy: 40.000(74.702), Loss: 1.771(0.622), LR: 0.000007
[GPU cuda:1][VALID][0/97], Elapsed 0m 1s (remain 2m 16s), Accuracy: 78.125(78.125), Batch Loss: 0.7733, Average Loss: 0.7733
[GPU cuda:1][VALID][50/97], Elapsed 0m 48s (remain 0m 44s), Accuracy: 75.000(71.814), Batch Loss: 0.5696, Average Loss: 0.7023
[GPU cuda:1][VALID][96/97], Elapsed 1m 33s (remain 0m 0s), Accuracy: 85.714(72.179), Batch Loss: 0.4522, Average Loss: 0.7077
Valid Labels Samples: [2 0 1 4 1 0 3 1 4 3]
Valid Predictions Samples: [2, 0, 1, 3, 1, 0, 3, 1, 3, 0]
Epoch 6 - Train Average Loss: 74.702, Valid Average Loss: 72.179, Epoch Time: 799.859s
Epoch 6 - Accuracy: 0.722, Precision: 0.731, Recall: 0.722
[GPU cuda:1][TRAIN] Epoch: [7][0/2480], Elapsed 0m 0s (remain 26m 22s), Accuracy: 80.000(80.000), Loss: 0.480(0.480), LR: 0.000007
[GPU cuda:1][TRAIN] Epoch: [7][50/2480], Elapsed 0m 15s (remain 11m 59s), Accuracy: 60.000(77.255), Loss: 0.908(0.539), LR: 0.000007
[GPU cuda:1][TRAIN] Epoch: [7][100/2480], Elapsed 0m 29s (remain 11m 33s), Accuracy: 80.000(74.851), Loss: 0.712(0.586), LR: 0.000007
[GPU cuda:1][TRAIN] Epoch: [7][150/2480], Elapsed 0m 43s (remain 11m 14s), Accuracy: 60.000(74.834), Loss: 0.780(0.609), LR: 0.000006
[GPU cuda:1][TRAIN] Epoch: [7][200/2480], Elapsed 0m 58s (remain 10m 58s), Accuracy: 80.000(74.229), Loss: 0.506(0.629), LR: 0.000006
[GPU cuda:1][TRAIN] Epoch: [7][250/2480], Elapsed 1m 12s (remain 10m 42s), Accuracy: 80.000(74.582), Loss: 0.324(0.622), LR: 0.000006
[GPU cuda:1][TRAIN] Epoch: [7][300/2480], Elapsed 1m 26s (remain 10m 26s), Accuracy: 20.000(74.485), Loss: 1.459(0.625), LR: 0.000006
[GPU cuda:1][TRAIN] Epoch: [7][350/2480], Elapsed 1m 40s (remain 10m 12s), Accuracy: 80.000(74.245), Loss: 0.523(0.626), LR: 0.000006
[GPU cuda:1][TRAIN] Epoch: [7][400/2480], Elapsed 1m 55s (remain 9m 57s), Accuracy: 60.000(74.264), Loss: 0.683(0.621), LR: 0.000006
[GPU cuda:1][TRAIN] Epoch: [7][450/2480], Elapsed 2m 9s (remain 9m 42s), Accuracy: 80.000(74.723), Loss: 0.536(0.618), LR: 0.000006
[GPU cuda:1][TRAIN] Epoch: [7][500/2480], Elapsed 2m 23s (remain 9m 27s), Accuracy: 40.000(74.890), Loss: 1.026(0.610), LR: 0.000006
[GPU cuda:1][TRAIN] Epoch: [7][550/2480], Elapsed 2m 37s (remain 9m 13s), Accuracy: 100.000(75.209), Loss: 0.055(0.609), LR: 0.000006
[GPU cuda:1][TRAIN] Epoch: [7][600/2480], Elapsed 2m 52s (remain 8m 58s), Accuracy: 100.000(74.975), Loss: 0.038(0.614), LR: 0.000006
[GPU cuda:1][TRAIN] Epoch: [7][650/2480], Elapsed 3m 6s (remain 8m 43s), Accuracy: 100.000(74.900), Loss: 0.034(0.616), LR: 0.000006
[GPU cuda:1][TRAIN] Epoch: [7][700/2480], Elapsed 3m 20s (remain 8m 29s), Accuracy: 100.000(74.750), Loss: 0.172(0.617), LR: 0.000006
[GPU cuda:1][TRAIN] Epoch: [7][750/2480], Elapsed 3m 34s (remain 8m 14s), Accuracy: 100.000(74.727), Loss: 0.134(0.616), LR: 0.000006
[GPU cuda:1][TRAIN] Epoch: [7][800/2480], Elapsed 3m 49s (remain 8m 0s), Accuracy: 80.000(74.782), Loss: 0.277(0.612), LR: 0.000006
[GPU cuda:1][TRAIN] Epoch: [7][850/2480], Elapsed 4m 3s (remain 7m 45s), Accuracy: 60.000(75.112), Loss: 0.674(0.606), LR: 0.000006
[GPU cuda:1][TRAIN] Epoch: [7][900/2480], Elapsed 4m 17s (remain 7m 31s), Accuracy: 80.000(75.228), Loss: 0.921(0.602), LR: 0.000006
[GPU cuda:1][TRAIN] Epoch: [7][950/2480], Elapsed 4m 31s (remain 7m 17s), Accuracy: 80.000(75.710), Loss: 0.610(0.595), LR: 0.000006
[GPU cuda:1][TRAIN] Epoch: [7][1000/2480], Elapsed 4m 46s (remain 7m 2s), Accuracy: 40.000(75.824), Loss: 1.146(0.595), LR: 0.000006
[GPU cuda:1][TRAIN] Epoch: [7][1050/2480], Elapsed 5m 0s (remain 6m 48s), Accuracy: 60.000(75.909), Loss: 0.688(0.595), LR: 0.000006
[GPU cuda:1][TRAIN] Epoch: [7][1100/2480], Elapsed 5m 14s (remain 6m 33s), Accuracy: 80.000(75.967), Loss: 0.485(0.593), LR: 0.000006
[GPU cuda:1][TRAIN] Epoch: [7][1150/2480], Elapsed 5m 28s (remain 6m 19s), Accuracy: 100.000(75.882), Loss: 0.279(0.593), LR: 0.000006
[GPU cuda:1][TRAIN] Epoch: [7][1200/2480], Elapsed 5m 42s (remain 6m 5s), Accuracy: 80.000(76.037), Loss: 0.427(0.589), LR: 0.000006
[GPU cuda:1][TRAIN] Epoch: [7][1250/2480], Elapsed 5m 57s (remain 5m 50s), Accuracy: 40.000(75.731), Loss: 1.107(0.594), LR: 0.000006
[GPU cuda:1][TRAIN] Epoch: [7][1300/2480], Elapsed 6m 11s (remain 5m 36s), Accuracy: 80.000(75.865), Loss: 0.720(0.593), LR: 0.000006
[GPU cuda:1][TRAIN] Epoch: [7][1350/2480], Elapsed 6m 25s (remain 5m 22s), Accuracy: 100.000(75.988), Loss: 0.114(0.590), LR: 0.000006
[GPU cuda:1][TRAIN] Epoch: [7][1400/2480], Elapsed 6m 39s (remain 5m 7s), Accuracy: 100.000(76.103), Loss: 0.197(0.589), LR: 0.000006
[GPU cuda:1][TRAIN] Epoch: [7][1450/2480], Elapsed 6m 53s (remain 4m 53s), Accuracy: 100.000(76.320), Loss: 0.360(0.585), LR: 0.000006
[GPU cuda:1][TRAIN] Epoch: [7][1500/2480], Elapsed 7m 8s (remain 4m 39s), Accuracy: 100.000(76.322), Loss: 0.228(0.586), LR: 0.000006
[GPU cuda:1][TRAIN] Epoch: [7][1550/2480], Elapsed 7m 22s (remain 4m 24s), Accuracy: 100.000(76.325), Loss: 0.268(0.585), LR: 0.000006
[GPU cuda:1][TRAIN] Epoch: [7][1600/2480], Elapsed 7m 36s (remain 4m 10s), Accuracy: 80.000(76.340), Loss: 0.305(0.584), LR: 0.000006
[GPU cuda:1][TRAIN] Epoch: [7][1650/2480], Elapsed 7m 50s (remain 3m 56s), Accuracy: 100.000(76.584), Loss: 0.179(0.578), LR: 0.000006
[GPU cuda:1][TRAIN] Epoch: [7][1700/2480], Elapsed 8m 4s (remain 3m 42s), Accuracy: 80.000(76.484), Loss: 0.335(0.579), LR: 0.000006
[GPU cuda:1][TRAIN] Epoch: [7][1750/2480], Elapsed 8m 19s (remain 3m 27s), Accuracy: 60.000(76.539), Loss: 1.011(0.578), LR: 0.000006
[GPU cuda:1][TRAIN] Epoch: [7][1800/2480], Elapsed 8m 33s (remain 3m 13s), Accuracy: 60.000(76.669), Loss: 0.799(0.575), LR: 0.000006
[GPU cuda:1][TRAIN] Epoch: [7][1850/2480], Elapsed 8m 47s (remain 2m 59s), Accuracy: 80.000(76.694), Loss: 0.532(0.574), LR: 0.000006
[GPU cuda:1][TRAIN] Epoch: [7][1900/2480], Elapsed 9m 1s (remain 2m 44s), Accuracy: 80.000(76.739), Loss: 0.485(0.573), LR: 0.000006
[GPU cuda:1][TRAIN] Epoch: [7][1950/2480], Elapsed 9m 15s (remain 2m 30s), Accuracy: 80.000(76.689), Loss: 0.363(0.575), LR: 0.000006
[GPU cuda:1][TRAIN] Epoch: [7][2000/2480], Elapsed 9m 29s (remain 2m 16s), Accuracy: 60.000(76.682), Loss: 0.838(0.573), LR: 0.000005
[GPU cuda:1][TRAIN] Epoch: [7][2050/2480], Elapsed 9m 44s (remain 2m 2s), Accuracy: 40.000(76.597), Loss: 1.112(0.574), LR: 0.000005
[GPU cuda:1][TRAIN] Epoch: [7][2100/2480], Elapsed 9m 58s (remain 1m 47s), Accuracy: 80.000(76.773), Loss: 0.187(0.571), LR: 0.000005
[GPU cuda:1][TRAIN] Epoch: [7][2150/2480], Elapsed 10m 12s (remain 1m 33s), Accuracy: 60.000(76.848), Loss: 0.493(0.568), LR: 0.000005
[GPU cuda:1][TRAIN] Epoch: [7][2200/2480], Elapsed 10m 26s (remain 1m 19s), Accuracy: 80.000(76.901), Loss: 0.440(0.567), LR: 0.000005
[GPU cuda:1][TRAIN] Epoch: [7][2250/2480], Elapsed 10m 40s (remain 1m 5s), Accuracy: 60.000(76.837), Loss: 0.810(0.568), LR: 0.000005
[GPU cuda:1][TRAIN] Epoch: [7][2300/2480], Elapsed 10m 54s (remain 0m 50s), Accuracy: 60.000(76.793), Loss: 0.415(0.569), LR: 0.000005
[GPU cuda:1][TRAIN] Epoch: [7][2350/2480], Elapsed 11m 9s (remain 0m 36s), Accuracy: 100.000(76.801), Loss: 0.474(0.570), LR: 0.000005
[GPU cuda:1][TRAIN] Epoch: [7][2400/2480], Elapsed 11m 23s (remain 0m 22s), Accuracy: 60.000(76.935), Loss: 0.873(0.569), LR: 0.000005
[GPU cuda:1][TRAIN] Epoch: [7][2450/2480], Elapsed 11m 37s (remain 0m 8s), Accuracy: 100.000(77.062), Loss: 0.173(0.567), LR: 0.000005
[GPU cuda:1][TRAIN] Epoch: [7][2479/2480], Elapsed 11m 45s (remain 0m 0s), Accuracy: 40.000(77.065), Loss: 2.207(0.568), LR: 0.000005
[GPU cuda:1][VALID][0/97], Elapsed 0m 1s (remain 2m 10s), Accuracy: 65.625(65.625), Batch Loss: 0.9824, Average Loss: 0.9824
[GPU cuda:1][VALID][50/97], Elapsed 0m 48s (remain 0m 43s), Accuracy: 78.125(71.507), Batch Loss: 0.6115, Average Loss: 0.7703
[GPU cuda:1][VALID][96/97], Elapsed 1m 32s (remain 0m 0s), Accuracy: 82.143(71.852), Batch Loss: 0.3966, Average Loss: 0.7707
Valid Labels Samples: [2 0 1 4 1 0 3 1 4 3]
Valid Predictions Samples: [2, 0, 1, 3, 1, 0, 3, 1, 3, 0]
Epoch 7 - Train Average Loss: 77.065, Valid Average Loss: 71.852, Epoch Time: 800.105s
Epoch 7 - Accuracy: 0.718, Precision: 0.719, Recall: 0.718
[GPU cuda:1][TRAIN] Epoch: [8][0/2480], Elapsed 0m 0s (remain 25m 50s), Accuracy: 80.000(80.000), Loss: 0.661(0.661), LR: 0.000005
[GPU cuda:1][TRAIN] Epoch: [8][50/2480], Elapsed 0m 14s (remain 11m 54s), Accuracy: 40.000(78.824), Loss: 1.078(0.485), LR: 0.000005
[GPU cuda:1][TRAIN] Epoch: [8][100/2480], Elapsed 0m 29s (remain 11m 27s), Accuracy: 80.000(79.010), Loss: 0.662(0.514), LR: 0.000005
[GPU cuda:1][TRAIN] Epoch: [8][150/2480], Elapsed 0m 43s (remain 11m 9s), Accuracy: 40.000(77.616), Loss: 0.898(0.533), LR: 0.000005
[GPU cuda:1][TRAIN] Epoch: [8][200/2480], Elapsed 0m 57s (remain 10m 53s), Accuracy: 60.000(76.418), Loss: 0.590(0.563), LR: 0.000005
[GPU cuda:1][TRAIN] Epoch: [8][250/2480], Elapsed 1m 11s (remain 10m 37s), Accuracy: 100.000(77.689), Loss: 0.061(0.549), LR: 0.000005
[GPU cuda:1][TRAIN] Epoch: [8][300/2480], Elapsed 1m 25s (remain 10m 22s), Accuracy: 40.000(77.475), Loss: 1.178(0.555), LR: 0.000005
[GPU cuda:1][TRAIN] Epoch: [8][350/2480], Elapsed 1m 40s (remain 10m 7s), Accuracy: 100.000(77.778), Loss: 0.289(0.556), LR: 0.000005
[GPU cuda:1][TRAIN] Epoch: [8][400/2480], Elapsed 1m 54s (remain 9m 52s), Accuracy: 80.000(77.756), Loss: 0.478(0.551), LR: 0.000005
[GPU cuda:1][TRAIN] Epoch: [8][450/2480], Elapsed 2m 8s (remain 9m 38s), Accuracy: 80.000(78.004), Loss: 0.417(0.548), LR: 0.000005
[GPU cuda:1][TRAIN] Epoch: [8][500/2480], Elapsed 2m 22s (remain 9m 23s), Accuracy: 60.000(78.204), Loss: 0.932(0.545), LR: 0.000005
[GPU cuda:1][TRAIN] Epoch: [8][550/2480], Elapsed 2m 36s (remain 9m 9s), Accuracy: 100.000(78.403), Loss: 0.058(0.544), LR: 0.000005
[GPU cuda:1][TRAIN] Epoch: [8][600/2480], Elapsed 2m 51s (remain 8m 54s), Accuracy: 100.000(78.270), Loss: 0.050(0.548), LR: 0.000005
[GPU cuda:1][TRAIN] Epoch: [8][650/2480], Elapsed 3m 5s (remain 8m 40s), Accuracy: 100.000(78.157), Loss: 0.028(0.549), LR: 0.000005
[GPU cuda:1][TRAIN] Epoch: [8][700/2480], Elapsed 3m 19s (remain 8m 25s), Accuracy: 100.000(78.117), Loss: 0.237(0.552), LR: 0.000005
[GPU cuda:1][TRAIN] Epoch: [8][750/2480], Elapsed 3m 33s (remain 8m 11s), Accuracy: 100.000(78.056), Loss: 0.066(0.551), LR: 0.000005
[GPU cuda:1][TRAIN] Epoch: [8][800/2480], Elapsed 3m 47s (remain 7m 57s), Accuracy: 100.000(78.277), Loss: 0.213(0.548), LR: 0.000005
[GPU cuda:1][TRAIN] Epoch: [8][850/2480], Elapsed 4m 1s (remain 7m 42s), Accuracy: 60.000(78.590), Loss: 0.617(0.543), LR: 0.000005
[GPU cuda:1][TRAIN] Epoch: [8][900/2480], Elapsed 4m 16s (remain 7m 28s), Accuracy: 80.000(78.713), Loss: 0.656(0.539), LR: 0.000005
[GPU cuda:1][TRAIN] Epoch: [8][950/2480], Elapsed 4m 30s (remain 7m 14s), Accuracy: 80.000(78.675), Loss: 0.594(0.538), LR: 0.000005
[GPU cuda:1][TRAIN] Epoch: [8][1000/2480], Elapsed 4m 44s (remain 7m 0s), Accuracy: 80.000(78.681), Loss: 0.723(0.536), LR: 0.000004
[GPU cuda:1][TRAIN] Epoch: [8][1050/2480], Elapsed 4m 58s (remain 6m 45s), Accuracy: 60.000(78.896), Loss: 0.449(0.533), LR: 0.000004
[GPU cuda:1][TRAIN] Epoch: [8][1100/2480], Elapsed 5m 12s (remain 6m 31s), Accuracy: 100.000(79.055), Loss: 0.277(0.529), LR: 0.000004
[GPU cuda:1][TRAIN] Epoch: [8][1150/2480], Elapsed 5m 26s (remain 6m 17s), Accuracy: 100.000(79.027), Loss: 0.213(0.528), LR: 0.000004
[GPU cuda:1][TRAIN] Epoch: [8][1200/2480], Elapsed 5m 40s (remain 6m 3s), Accuracy: 100.000(79.084), Loss: 0.190(0.524), LR: 0.000004
[GPU cuda:1][TRAIN] Epoch: [8][1250/2480], Elapsed 5m 55s (remain 5m 48s), Accuracy: 60.000(78.769), Loss: 0.733(0.530), LR: 0.000004
[GPU cuda:1][TRAIN] Epoch: [8][1300/2480], Elapsed 6m 9s (remain 5m 34s), Accuracy: 80.000(78.816), Loss: 0.399(0.527), LR: 0.000004
[GPU cuda:1][TRAIN] Epoch: [8][1350/2480], Elapsed 6m 23s (remain 5m 20s), Accuracy: 100.000(79.082), Loss: 0.038(0.523), LR: 0.000004
[GPU cuda:1][TRAIN] Epoch: [8][1400/2480], Elapsed 6m 37s (remain 5m 6s), Accuracy: 100.000(79.101), Loss: 0.248(0.522), LR: 0.000004
[GPU cuda:1][TRAIN] Epoch: [8][1450/2480], Elapsed 6m 52s (remain 4m 52s), Accuracy: 100.000(79.242), Loss: 0.193(0.520), LR: 0.000004
[GPU cuda:1][TRAIN] Epoch: [8][1500/2480], Elapsed 7m 6s (remain 4m 37s), Accuracy: 100.000(79.347), Loss: 0.140(0.519), LR: 0.000004
[GPU cuda:1][TRAIN] Epoch: [8][1550/2480], Elapsed 7m 20s (remain 4m 23s), Accuracy: 80.000(79.355), Loss: 0.452(0.518), LR: 0.000004
[GPU cuda:1][TRAIN] Epoch: [8][1600/2480], Elapsed 7m 34s (remain 4m 9s), Accuracy: 80.000(79.438), Loss: 0.245(0.516), LR: 0.000004
[GPU cuda:1][TRAIN] Epoch: [8][1650/2480], Elapsed 7m 48s (remain 3m 55s), Accuracy: 80.000(79.600), Loss: 0.282(0.512), LR: 0.000004
[GPU cuda:1][TRAIN] Epoch: [8][1700/2480], Elapsed 8m 3s (remain 3m 41s), Accuracy: 80.000(79.624), Loss: 0.311(0.512), LR: 0.000004
[GPU cuda:1][TRAIN] Epoch: [8][1750/2480], Elapsed 8m 17s (remain 3m 27s), Accuracy: 60.000(79.760), Loss: 0.477(0.510), LR: 0.000004
[GPU cuda:1][TRAIN] Epoch: [8][1800/2480], Elapsed 8m 31s (remain 3m 12s), Accuracy: 100.000(79.856), Loss: 0.128(0.508), LR: 0.000004
[GPU cuda:1][TRAIN] Epoch: [8][1850/2480], Elapsed 8m 45s (remain 2m 58s), Accuracy: 60.000(79.892), Loss: 0.566(0.506), LR: 0.000004
[GPU cuda:1][TRAIN] Epoch: [8][1900/2480], Elapsed 8m 59s (remain 2m 44s), Accuracy: 100.000(79.979), Loss: 0.229(0.504), LR: 0.000004
[GPU cuda:1][TRAIN] Epoch: [8][1950/2480], Elapsed 9m 14s (remain 2m 30s), Accuracy: 80.000(79.856), Loss: 0.947(0.506), LR: 0.000004
[GPU cuda:1][TRAIN] Epoch: [8][2000/2480], Elapsed 9m 28s (remain 2m 16s), Accuracy: 80.000(79.840), Loss: 0.816(0.505), LR: 0.000004
[GPU cuda:1][TRAIN] Epoch: [8][2050/2480], Elapsed 9m 42s (remain 2m 1s), Accuracy: 60.000(79.912), Loss: 0.633(0.504), LR: 0.000004
[GPU cuda:1][TRAIN] Epoch: [8][2100/2480], Elapsed 9m 56s (remain 1m 47s), Accuracy: 80.000(80.105), Loss: 0.338(0.500), LR: 0.000004
[GPU cuda:1][TRAIN] Epoch: [8][2150/2480], Elapsed 10m 11s (remain 1m 33s), Accuracy: 80.000(80.102), Loss: 0.516(0.498), LR: 0.000004
[GPU cuda:1][TRAIN] Epoch: [8][2200/2480], Elapsed 10m 25s (remain 1m 19s), Accuracy: 60.000(80.100), Loss: 0.536(0.498), LR: 0.000004
[GPU cuda:1][TRAIN] Epoch: [8][2250/2480], Elapsed 10m 39s (remain 1m 5s), Accuracy: 60.000(80.062), Loss: 0.608(0.499), LR: 0.000004
[GPU cuda:1][TRAIN] Epoch: [8][2300/2480], Elapsed 10m 53s (remain 0m 50s), Accuracy: 100.000(80.113), Loss: 0.196(0.498), LR: 0.000004
[GPU cuda:1][TRAIN] Epoch: [8][2350/2480], Elapsed 11m 7s (remain 0m 36s), Accuracy: 100.000(80.111), Loss: 0.319(0.499), LR: 0.000003
[GPU cuda:1][TRAIN] Epoch: [8][2400/2480], Elapsed 11m 22s (remain 0m 22s), Accuracy: 80.000(80.183), Loss: 0.596(0.498), LR: 0.000003
[GPU cuda:1][TRAIN] Epoch: [8][2450/2480], Elapsed 11m 36s (remain 0m 8s), Accuracy: 100.000(80.253), Loss: 0.137(0.497), LR: 0.000003
[GPU cuda:1][TRAIN] Epoch: [8][2479/2480], Elapsed 11m 44s (remain 0m 0s), Accuracy: 40.000(80.258), Loss: 1.654(0.496), LR: 0.000003
[GPU cuda:1][VALID][0/97], Elapsed 0m 1s (remain 2m 12s), Accuracy: 75.000(75.000), Batch Loss: 0.8194, Average Loss: 0.8194
[GPU cuda:1][VALID][50/97], Elapsed 0m 48s (remain 0m 43s), Accuracy: 78.125(71.936), Batch Loss: 0.6535, Average Loss: 0.7822
[GPU cuda:1][VALID][96/97], Elapsed 1m 32s (remain 0m 0s), Accuracy: 85.714(72.243), Batch Loss: 0.3467, Average Loss: 0.7897
Valid Labels Samples: [2 0 1 4 1 0 3 1 4 3]
Valid Predictions Samples: [2, 0, 1, 3, 1, 0, 3, 1, 3, 0]
Epoch 8 - Train Average Loss: 80.258, Valid Average Loss: 72.243, Epoch Time: 799.414s
Epoch 8 - Accuracy: 0.722, Precision: 0.725, Recall: 0.722
[GPU cuda:1][TRAIN] Epoch: [9][0/2480], Elapsed 0m 0s (remain 26m 5s), Accuracy: 100.000(100.000), Loss: 0.188(0.188), LR: 0.000003
[GPU cuda:1][TRAIN] Epoch: [9][50/2480], Elapsed 0m 14s (remain 11m 53s), Accuracy: 60.000(84.314), Loss: 0.761(0.399), LR: 0.000003
[GPU cuda:1][TRAIN] Epoch: [9][100/2480], Elapsed 0m 29s (remain 11m 29s), Accuracy: 80.000(84.554), Loss: 0.506(0.425), LR: 0.000003
[GPU cuda:1][TRAIN] Epoch: [9][150/2480], Elapsed 0m 43s (remain 11m 10s), Accuracy: 80.000(82.914), Loss: 0.709(0.456), LR: 0.000003
[GPU cuda:1][TRAIN] Epoch: [9][200/2480], Elapsed 0m 57s (remain 10m 54s), Accuracy: 80.000(81.692), Loss: 0.464(0.477), LR: 0.000003
[GPU cuda:1][TRAIN] Epoch: [9][250/2480], Elapsed 1m 11s (remain 10m 38s), Accuracy: 100.000(81.992), Loss: 0.037(0.468), LR: 0.000003
[GPU cuda:1][TRAIN] Epoch: [9][300/2480], Elapsed 1m 26s (remain 10m 23s), Accuracy: 40.000(81.728), Loss: 1.016(0.472), LR: 0.000003
[GPU cuda:1][TRAIN] Epoch: [9][350/2480], Elapsed 1m 40s (remain 10m 8s), Accuracy: 80.000(81.595), Loss: 0.299(0.479), LR: 0.000003
[GPU cuda:1][TRAIN] Epoch: [9][400/2480], Elapsed 1m 54s (remain 9m 53s), Accuracy: 100.000(81.696), Loss: 0.269(0.474), LR: 0.000003
[GPU cuda:1][TRAIN] Epoch: [9][450/2480], Elapsed 2m 8s (remain 9m 39s), Accuracy: 80.000(81.729), Loss: 0.425(0.476), LR: 0.000003
[GPU cuda:1][TRAIN] Epoch: [9][500/2480], Elapsed 2m 22s (remain 9m 24s), Accuracy: 80.000(81.717), Loss: 0.679(0.474), LR: 0.000003
[GPU cuda:1][TRAIN] Epoch: [9][550/2480], Elapsed 2m 37s (remain 9m 9s), Accuracy: 100.000(81.742), Loss: 0.021(0.473), LR: 0.000003
[GPU cuda:1][TRAIN] Epoch: [9][600/2480], Elapsed 2m 51s (remain 8m 55s), Accuracy: 100.000(81.564), Loss: 0.048(0.476), LR: 0.000003
[GPU cuda:1][TRAIN] Epoch: [9][650/2480], Elapsed 3m 5s (remain 8m 41s), Accuracy: 100.000(81.505), Loss: 0.020(0.477), LR: 0.000003
[GPU cuda:1][TRAIN] Epoch: [9][700/2480], Elapsed 3m 19s (remain 8m 26s), Accuracy: 100.000(81.455), Loss: 0.189(0.482), LR: 0.000003
[GPU cuda:1][TRAIN] Epoch: [9][750/2480], Elapsed 3m 33s (remain 8m 12s), Accuracy: 100.000(81.518), Loss: 0.040(0.478), LR: 0.000003
[GPU cuda:1][TRAIN] Epoch: [9][800/2480], Elapsed 3m 48s (remain 7m 57s), Accuracy: 80.000(81.698), Loss: 0.237(0.476), LR: 0.000003
[GPU cuda:1][TRAIN] Epoch: [9][850/2480], Elapsed 4m 2s (remain 7m 43s), Accuracy: 40.000(81.904), Loss: 0.730(0.469), LR: 0.000003
[GPU cuda:1][TRAIN] Epoch: [9][900/2480], Elapsed 4m 16s (remain 7m 29s), Accuracy: 80.000(81.953), Loss: 0.633(0.467), LR: 0.000003
[GPU cuda:1][TRAIN] Epoch: [9][950/2480], Elapsed 4m 30s (remain 7m 15s), Accuracy: 60.000(82.103), Loss: 0.744(0.464), LR: 0.000003
[GPU cuda:1][TRAIN] Epoch: [9][1000/2480], Elapsed 4m 44s (remain 7m 0s), Accuracy: 60.000(81.958), Loss: 0.767(0.465), LR: 0.000003
[GPU cuda:1][TRAIN] Epoch: [9][1050/2480], Elapsed 4m 58s (remain 6m 46s), Accuracy: 60.000(82.055), Loss: 0.559(0.463), LR: 0.000003
[GPU cuda:1][TRAIN] Epoch: [9][1100/2480], Elapsed 5m 13s (remain 6m 32s), Accuracy: 100.000(82.271), Loss: 0.277(0.459), LR: 0.000003
[GPU cuda:1][TRAIN] Epoch: [9][1150/2480], Elapsed 5m 27s (remain 6m 17s), Accuracy: 80.000(82.155), Loss: 0.547(0.460), LR: 0.000003
[GPU cuda:1][TRAIN] Epoch: [9][1200/2480], Elapsed 5m 41s (remain 6m 3s), Accuracy: 100.000(82.431), Loss: 0.203(0.455), LR: 0.000003
[GPU cuda:1][TRAIN] Epoch: [9][1250/2480], Elapsed 5m 55s (remain 5m 49s), Accuracy: 60.000(82.286), Loss: 0.681(0.458), LR: 0.000003
[GPU cuda:1][TRAIN] Epoch: [9][1300/2480], Elapsed 6m 9s (remain 5m 35s), Accuracy: 60.000(82.321), Loss: 0.476(0.457), LR: 0.000002
[GPU cuda:1][TRAIN] Epoch: [9][1350/2480], Elapsed 6m 23s (remain 5m 20s), Accuracy: 100.000(82.502), Loss: 0.116(0.453), LR: 0.000002
[GPU cuda:1][TRAIN] Epoch: [9][1400/2480], Elapsed 6m 37s (remain 5m 6s), Accuracy: 100.000(82.512), Loss: 0.100(0.452), LR: 0.000002
[GPU cuda:1][TRAIN] Epoch: [9][1450/2480], Elapsed 6m 52s (remain 4m 52s), Accuracy: 80.000(82.660), Loss: 0.347(0.449), LR: 0.000002
[GPU cuda:1][TRAIN] Epoch: [9][1500/2480], Elapsed 7m 6s (remain 4m 38s), Accuracy: 100.000(82.612), Loss: 0.118(0.448), LR: 0.000002
[GPU cuda:1][TRAIN] Epoch: [9][1550/2480], Elapsed 7m 20s (remain 4m 23s), Accuracy: 100.000(82.643), Loss: 0.053(0.447), LR: 0.000002
[GPU cuda:1][TRAIN] Epoch: [9][1600/2480], Elapsed 7m 34s (remain 4m 9s), Accuracy: 80.000(82.623), Loss: 0.213(0.446), LR: 0.000002
[GPU cuda:1][TRAIN] Epoch: [9][1650/2480], Elapsed 7m 48s (remain 3m 55s), Accuracy: 100.000(82.871), Loss: 0.166(0.441), LR: 0.000002
[GPU cuda:1][TRAIN] Epoch: [9][1700/2480], Elapsed 8m 2s (remain 3m 41s), Accuracy: 100.000(82.845), Loss: 0.272(0.441), LR: 0.000002
[GPU cuda:1][TRAIN] Epoch: [9][1750/2480], Elapsed 8m 16s (remain 3m 26s), Accuracy: 60.000(82.878), Loss: 0.703(0.439), LR: 0.000002
[GPU cuda:1][TRAIN] Epoch: [9][1800/2480], Elapsed 8m 31s (remain 3m 12s), Accuracy: 80.000(82.943), Loss: 0.497(0.438), LR: 0.000002
[GPU cuda:1][TRAIN] Epoch: [9][1850/2480], Elapsed 8m 45s (remain 2m 58s), Accuracy: 60.000(83.090), Loss: 0.530(0.436), LR: 0.000002
[GPU cuda:1][TRAIN] Epoch: [9][1900/2480], Elapsed 8m 59s (remain 2m 44s), Accuracy: 80.000(83.125), Loss: 0.332(0.434), LR: 0.000002
[GPU cuda:1][TRAIN] Epoch: [9][1950/2480], Elapsed 9m 13s (remain 2m 30s), Accuracy: 80.000(83.014), Loss: 0.365(0.435), LR: 0.000002
[GPU cuda:1][TRAIN] Epoch: [9][2000/2480], Elapsed 9m 27s (remain 2m 15s), Accuracy: 80.000(83.078), Loss: 0.739(0.434), LR: 0.000002
[GPU cuda:1][TRAIN] Epoch: [9][2050/2480], Elapsed 9m 41s (remain 2m 1s), Accuracy: 60.000(83.120), Loss: 0.675(0.433), LR: 0.000002
[GPU cuda:1][TRAIN] Epoch: [9][2100/2480], Elapsed 9m 56s (remain 1m 47s), Accuracy: 80.000(83.265), Loss: 0.353(0.429), LR: 0.000002
[GPU cuda:1][TRAIN] Epoch: [9][2150/2480], Elapsed 10m 10s (remain 1m 33s), Accuracy: 80.000(83.310), Loss: 0.428(0.428), LR: 0.000002
[GPU cuda:1][TRAIN] Epoch: [9][2200/2480], Elapsed 10m 24s (remain 1m 19s), Accuracy: 80.000(83.280), Loss: 0.365(0.429), LR: 0.000002
[GPU cuda:1][TRAIN] Epoch: [9][2250/2480], Elapsed 10m 38s (remain 1m 4s), Accuracy: 80.000(83.172), Loss: 0.490(0.430), LR: 0.000002
[GPU cuda:1][TRAIN] Epoch: [9][2300/2480], Elapsed 10m 52s (remain 0m 50s), Accuracy: 80.000(83.181), Loss: 0.616(0.430), LR: 0.000002
[GPU cuda:1][TRAIN] Epoch: [9][2350/2480], Elapsed 11m 7s (remain 0m 36s), Accuracy: 100.000(83.054), Loss: 0.227(0.431), LR: 0.000002
[GPU cuda:1][TRAIN] Epoch: [9][2400/2480], Elapsed 11m 21s (remain 0m 22s), Accuracy: 60.000(83.124), Loss: 0.562(0.431), LR: 0.000002
[GPU cuda:1][TRAIN] Epoch: [9][2450/2480], Elapsed 11m 35s (remain 0m 8s), Accuracy: 100.000(83.182), Loss: 0.143(0.430), LR: 0.000002
[GPU cuda:1][TRAIN] Epoch: [9][2479/2480], Elapsed 11m 43s (remain 0m 0s), Accuracy: 40.000(83.202), Loss: 1.423(0.429), LR: 0.000002
[GPU cuda:1][VALID][0/97], Elapsed 0m 1s (remain 2m 11s), Accuracy: 68.750(68.750), Batch Loss: 1.1337, Average Loss: 1.1337
[GPU cuda:1][VALID][50/97], Elapsed 0m 48s (remain 0m 43s), Accuracy: 68.750(72.059), Batch Loss: 0.6121, Average Loss: 0.7943
[GPU cuda:1][VALID][96/97], Elapsed 1m 32s (remain 0m 0s), Accuracy: 82.143(72.593), Batch Loss: 0.3378, Average Loss: 0.7951
Valid Labels Samples: [2 0 1 4 1 0 3 1 4 3]
Valid Predictions Samples: [2, 0, 1, 3, 1, 0, 3, 1, 3, 0]
Epoch 9 - Train Average Loss: 83.202, Valid Average Loss: 72.593, Epoch Time: 798.740s
Epoch 9 - Accuracy: 0.726, Precision: 0.733, Recall: 0.726
