[GPU 0]: Config File
{'id': 31, 'model_name': 'swin_large_patch4_window12_384_in22k', 'dropout': 0.5, 'size': 384, 'batch_size_t': 4, 'batch_size_v': 8, 'n_targets': 5, 'criterion': 'CrossEntropyLoss', 'gradient_accumulation_steps': 1, 'max_gradient_norm': None, 'optimizer': 'RangerLars', 'scheduler': 'OneCycleLR', 'LR': 5e-05, 'T_0': 200, 'T_max': 10, 'T_mult': 2, 'min_lr': 1e-06, 'max_lr': 0.00025, 'no_batches': 3100, 'warmup_epochs': 1, 'cosine_epochs': 14, 'epochs': 15, 'update_per_batch': True, 'num_workers': 4, 'n_folds': 5, 'train_transforms': [], 'valid_transforms': [], 'observations': None, 'use_swa': True, 'swa_lr': 0.01, 'swa_epoch': 0, 'use_sam': True, 'use_asam': True, 'asam_rho': 0.1, 'print_freq': 50, 'one_fold': True, 'use_apex': True, 'distributed_training': False, 'save_to_log': True}
================================================== Training Fold: 0 ==================================================
[GPU cuda:0][TRAIN] Epoch: [1][0/3100], Elapsed 0m 0s (remain 24m 59s), Accuracy: 0.000(0.000), Loss: 1.718(1.718), LR: 0.000010
[GPU cuda:0][TRAIN] Epoch: [1][50/3100], Elapsed 0m 15s (remain 15m 50s), Accuracy: 50.000(16.176), Loss: 1.554(1.665), LR: 0.000010
[GPU cuda:0][TRAIN] Epoch: [1][100/3100], Elapsed 0m 31s (remain 15m 34s), Accuracy: 25.000(16.832), Loss: 1.485(1.657), LR: 0.000010
[GPU cuda:0][TRAIN] Epoch: [1][150/3100], Elapsed 0m 47s (remain 15m 18s), Accuracy: 25.000(16.556), Loss: 1.508(1.653), LR: 0.000010
[GPU cuda:0][TRAIN] Epoch: [1][200/3100], Elapsed 1m 2s (remain 15m 0s), Accuracy: 0.000(16.169), Loss: 1.552(1.658), LR: 0.000010
[GPU cuda:0][TRAIN] Epoch: [1][250/3100], Elapsed 1m 17s (remain 14m 45s), Accuracy: 25.000(16.733), Loss: 1.683(1.655), LR: 0.000010
[GPU cuda:0][TRAIN] Epoch: [1][300/3100], Elapsed 1m 33s (remain 14m 29s), Accuracy: 25.000(16.944), Loss: 1.650(1.652), LR: 0.000010
[GPU cuda:0][TRAIN] Epoch: [1][350/3100], Elapsed 1m 49s (remain 14m 13s), Accuracy: 50.000(17.735), Loss: 1.662(1.650), LR: 0.000010
[GPU cuda:0][TRAIN] Epoch: [1][400/3100], Elapsed 2m 4s (remain 13m 58s), Accuracy: 0.000(17.955), Loss: 1.819(1.647), LR: 0.000010
[GPU cuda:0][TRAIN] Epoch: [1][450/3100], Elapsed 2m 20s (remain 13m 42s), Accuracy: 50.000(18.681), Loss: 1.459(1.641), LR: 0.000011
[GPU cuda:0][TRAIN] Epoch: [1][500/3100], Elapsed 2m 35s (remain 13m 27s), Accuracy: 25.000(18.713), Loss: 1.658(1.639), LR: 0.000011
[GPU cuda:0][TRAIN] Epoch: [1][550/3100], Elapsed 2m 51s (remain 13m 11s), Accuracy: 0.000(18.739), Loss: 1.693(1.637), LR: 0.000011
[GPU cuda:0][TRAIN] Epoch: [1][600/3100], Elapsed 3m 6s (remain 12m 55s), Accuracy: 25.000(18.968), Loss: 1.627(1.635), LR: 0.000011
[GPU cuda:0][TRAIN] Epoch: [1][650/3100], Elapsed 3m 22s (remain 12m 40s), Accuracy: 25.000(19.124), Loss: 1.702(1.633), LR: 0.000011
[GPU cuda:0][TRAIN] Epoch: [1][700/3100], Elapsed 3m 37s (remain 12m 24s), Accuracy: 75.000(19.401), Loss: 1.432(1.631), LR: 0.000011
[GPU cuda:0][TRAIN] Epoch: [1][750/3100], Elapsed 3m 53s (remain 12m 9s), Accuracy: 50.000(19.973), Loss: 1.525(1.627), LR: 0.000012
[GPU cuda:0][TRAIN] Epoch: [1][800/3100], Elapsed 4m 8s (remain 11m 53s), Accuracy: 25.000(20.381), Loss: 1.520(1.625), LR: 0.000012
[GPU cuda:0][TRAIN] Epoch: [1][850/3100], Elapsed 4m 24s (remain 11m 37s), Accuracy: 25.000(20.946), Loss: 1.586(1.623), LR: 0.000012
[GPU cuda:0][TRAIN] Epoch: [1][900/3100], Elapsed 4m 39s (remain 11m 22s), Accuracy: 25.000(20.977), Loss: 1.546(1.623), LR: 0.000012
[GPU cuda:0][TRAIN] Epoch: [1][950/3100], Elapsed 4m 55s (remain 11m 6s), Accuracy: 25.000(21.188), Loss: 1.530(1.622), LR: 0.000013
[GPU cuda:0][TRAIN] Epoch: [1][1000/3100], Elapsed 5m 10s (remain 10m 51s), Accuracy: 50.000(21.728), Loss: 1.604(1.619), LR: 0.000013
[GPU cuda:0][TRAIN] Epoch: [1][1050/3100], Elapsed 5m 26s (remain 10m 36s), Accuracy: 0.000(22.003), Loss: 1.621(1.618), LR: 0.000013
[GPU cuda:0][TRAIN] Epoch: [1][1100/3100], Elapsed 5m 41s (remain 10m 20s), Accuracy: 25.000(22.389), Loss: 1.636(1.616), LR: 0.000014
[GPU cuda:0][TRAIN] Epoch: [1][1150/3100], Elapsed 5m 57s (remain 10m 5s), Accuracy: 0.000(22.654), Loss: 1.667(1.614), LR: 0.000014
[GPU cuda:0][TRAIN] Epoch: [1][1200/3100], Elapsed 6m 12s (remain 9m 49s), Accuracy: 75.000(22.918), Loss: 1.453(1.612), LR: 0.000014
[GPU cuda:0][TRAIN] Epoch: [1][1250/3100], Elapsed 6m 28s (remain 9m 34s), Accuracy: 25.000(23.181), Loss: 1.649(1.610), LR: 0.000015
[GPU cuda:0][TRAIN] Epoch: [1][1300/3100], Elapsed 6m 44s (remain 9m 18s), Accuracy: 25.000(23.636), Loss: 1.663(1.608), LR: 0.000015
[GPU cuda:0][TRAIN] Epoch: [1][1350/3100], Elapsed 6m 59s (remain 9m 3s), Accuracy: 50.000(23.871), Loss: 1.410(1.606), LR: 0.000016
[GPU cuda:0][TRAIN] Epoch: [1][1400/3100], Elapsed 7m 15s (remain 8m 47s), Accuracy: 50.000(24.001), Loss: 1.473(1.605), LR: 0.000016
[GPU cuda:0][TRAIN] Epoch: [1][1450/3100], Elapsed 7m 30s (remain 8m 32s), Accuracy: 75.000(24.345), Loss: 1.333(1.603), LR: 0.000016
[GPU cuda:0][TRAIN] Epoch: [1][1500/3100], Elapsed 7m 46s (remain 8m 16s), Accuracy: 75.000(24.467), Loss: 1.303(1.601), LR: 0.000017
[GPU cuda:0][TRAIN] Epoch: [1][1550/3100], Elapsed 8m 1s (remain 8m 1s), Accuracy: 75.000(24.662), Loss: 1.357(1.600), LR: 0.000017
[GPU cuda:0][TRAIN] Epoch: [1][1600/3100], Elapsed 8m 17s (remain 7m 45s), Accuracy: 50.000(25.203), Loss: 1.412(1.596), LR: 0.000018
[GPU cuda:0][TRAIN] Epoch: [1][1650/3100], Elapsed 8m 32s (remain 7m 29s), Accuracy: 25.000(25.363), Loss: 1.564(1.594), LR: 0.000018
[GPU cuda:0][TRAIN] Epoch: [1][1700/3100], Elapsed 8m 48s (remain 7m 14s), Accuracy: 50.000(25.647), Loss: 1.459(1.591), LR: 0.000019
[GPU cuda:0][TRAIN] Epoch: [1][1750/3100], Elapsed 9m 3s (remain 6m 58s), Accuracy: 25.000(25.899), Loss: 1.457(1.589), LR: 0.000019
[GPU cuda:0][TRAIN] Epoch: [1][1800/3100], Elapsed 9m 19s (remain 6m 43s), Accuracy: 50.000(26.263), Loss: 1.381(1.586), LR: 0.000020
[GPU cuda:0][TRAIN] Epoch: [1][1850/3100], Elapsed 9m 34s (remain 6m 27s), Accuracy: 25.000(26.513), Loss: 1.633(1.583), LR: 0.000020
[GPU cuda:0][TRAIN] Epoch: [1][1900/3100], Elapsed 9m 50s (remain 6m 12s), Accuracy: 50.000(26.920), Loss: 1.303(1.578), LR: 0.000021
[GPU cuda:0][TRAIN] Epoch: [1][1950/3100], Elapsed 10m 5s (remain 5m 56s), Accuracy: 50.000(27.140), Loss: 1.247(1.575), LR: 0.000021
[GPU cuda:0][TRAIN] Epoch: [1][2000/3100], Elapsed 10m 21s (remain 5m 41s), Accuracy: 25.000(27.499), Loss: 1.461(1.571), LR: 0.000022
[GPU cuda:0][TRAIN] Epoch: [1][2050/3100], Elapsed 10m 36s (remain 5m 25s), Accuracy: 50.000(27.974), Loss: 1.286(1.565), LR: 0.000023
[GPU cuda:0][TRAIN] Epoch: [1][2100/3100], Elapsed 10m 52s (remain 5m 10s), Accuracy: 25.000(28.415), Loss: 1.446(1.559), LR: 0.000023
[GPU cuda:0][TRAIN] Epoch: [1][2150/3100], Elapsed 11m 7s (remain 4m 54s), Accuracy: 50.000(28.894), Loss: 1.438(1.551), LR: 0.000024
[GPU cuda:0][TRAIN] Epoch: [1][2200/3100], Elapsed 11m 22s (remain 4m 38s), Accuracy: 25.000(29.271), Loss: 1.455(1.546), LR: 0.000024
[GPU cuda:0][TRAIN] Epoch: [1][2250/3100], Elapsed 11m 38s (remain 4m 23s), Accuracy: 75.000(29.598), Loss: 1.128(1.540), LR: 0.000025
[GPU cuda:0][TRAIN] Epoch: [1][2300/3100], Elapsed 11m 53s (remain 4m 7s), Accuracy: 0.000(30.030), Loss: 1.625(1.533), LR: 0.000026
[GPU cuda:0][TRAIN] Epoch: [1][2350/3100], Elapsed 12m 9s (remain 3m 52s), Accuracy: 25.000(30.328), Loss: 1.539(1.526), LR: 0.000026
[GPU cuda:0][TRAIN] Epoch: [1][2400/3100], Elapsed 12m 24s (remain 3m 36s), Accuracy: 0.000(30.643), Loss: 1.328(1.520), LR: 0.000027
[GPU cuda:0][TRAIN] Epoch: [1][2450/3100], Elapsed 12m 40s (remain 3m 21s), Accuracy: 25.000(31.008), Loss: 1.091(1.514), LR: 0.000028
[GPU cuda:0][TRAIN] Epoch: [1][2500/3100], Elapsed 12m 55s (remain 3m 5s), Accuracy: 25.000(31.497), Loss: 1.693(1.508), LR: 0.000029
[GPU cuda:0][TRAIN] Epoch: [1][2550/3100], Elapsed 13m 11s (remain 2m 50s), Accuracy: 75.000(31.782), Loss: 1.001(1.501), LR: 0.000029
[GPU cuda:0][TRAIN] Epoch: [1][2600/3100], Elapsed 13m 26s (remain 2m 34s), Accuracy: 75.000(32.276), Loss: 1.059(1.493), LR: 0.000030
[GPU cuda:0][TRAIN] Epoch: [1][2650/3100], Elapsed 13m 42s (remain 2m 19s), Accuracy: 25.000(32.648), Loss: 1.968(1.486), LR: 0.000031
[GPU cuda:0][TRAIN] Epoch: [1][2700/3100], Elapsed 13m 57s (remain 2m 3s), Accuracy: 50.000(33.062), Loss: 0.904(1.478), LR: 0.000032
[GPU cuda:0][TRAIN] Epoch: [1][2750/3100], Elapsed 14m 13s (remain 1m 48s), Accuracy: 50.000(33.451), Loss: 1.094(1.470), LR: 0.000032
[GPU cuda:0][TRAIN] Epoch: [1][2800/3100], Elapsed 14m 28s (remain 1m 32s), Accuracy: 25.000(33.783), Loss: 1.766(1.463), LR: 0.000033
[GPU cuda:0][TRAIN] Epoch: [1][2850/3100], Elapsed 14m 44s (remain 1m 17s), Accuracy: 50.000(34.120), Loss: 1.287(1.456), LR: 0.000034
[GPU cuda:0][TRAIN] Epoch: [1][2900/3100], Elapsed 14m 59s (remain 1m 1s), Accuracy: 75.000(34.488), Loss: 0.926(1.450), LR: 0.000035
[GPU cuda:0][TRAIN] Epoch: [1][2950/3100], Elapsed 15m 15s (remain 0m 46s), Accuracy: 50.000(34.819), Loss: 1.318(1.444), LR: 0.000036
[GPU cuda:0][TRAIN] Epoch: [1][3000/3100], Elapsed 15m 30s (remain 0m 30s), Accuracy: 25.000(35.255), Loss: 1.784(1.436), LR: 0.000036
[GPU cuda:0][TRAIN] Epoch: [1][3050/3100], Elapsed 15m 46s (remain 0m 15s), Accuracy: 50.000(35.636), Loss: 0.866(1.428), LR: 0.000037
[GPU cuda:0][TRAIN] Epoch: [1][3099/3100], Elapsed 16m 1s (remain 0m 0s), Accuracy: 50.000(35.960), Loss: 1.796(1.421), LR: 0.000038
[GPU cuda:0][VALID][0/388], Elapsed 0m 0s (remain 3m 26s), Accuracy: 87.500(87.500), Batch Loss: 0.7895, Average Loss: 0.7895
[GPU cuda:0][VALID][50/388], Elapsed 0m 12s (remain 1m 20s), Accuracy: 62.500(64.216), Batch Loss: 0.9663, Average Loss: 0.8853
[GPU cuda:0][VALID][100/388], Elapsed 0m 23s (remain 1m 7s), Accuracy: 37.500(60.149), Batch Loss: 1.2499, Average Loss: 0.9378
[GPU cuda:0][VALID][150/388], Elapsed 0m 35s (remain 0m 55s), Accuracy: 50.000(59.272), Batch Loss: 1.2039, Average Loss: 0.9573
[GPU cuda:0][VALID][200/388], Elapsed 0m 47s (remain 0m 43s), Accuracy: 62.500(58.769), Batch Loss: 0.6950, Average Loss: 0.9645
[GPU cuda:0][VALID][250/388], Elapsed 0m 58s (remain 0m 32s), Accuracy: 37.500(58.765), Batch Loss: 1.1412, Average Loss: 0.9602
[GPU cuda:0][VALID][300/388], Elapsed 1m 10s (remain 0m 20s), Accuracy: 37.500(58.762), Batch Loss: 1.2231, Average Loss: 0.9598
[GPU cuda:0][VALID][350/388], Elapsed 1m 22s (remain 0m 8s), Accuracy: 62.500(58.369), Batch Loss: 1.0260, Average Loss: 0.9642
[GPU cuda:0][VALID][387/388], Elapsed 1m 30s (remain 0m 0s), Accuracy: 25.000(58.215), Batch Loss: 1.4356, Average Loss: 0.9630
Valid Labels Samples: [2 0 1 4 1 0 3 1 4 3]
Valid Predictions Samples: [2, 0, 1, 4, 1, 0, 3, 2, 3, 0]
Epoch 1 - Train Average Loss: 35.960, Valid Average Loss: 58.215, Epoch Time: 1054.477s
Epoch 1 - Accuracy: 0.583, Precision: 0.595, Recall: 0.583
Saved Best Model: 0.58
[GPU cuda:0][TRAIN] Epoch: [2][0/3100], Elapsed 0m 0s (remain 35m 45s), Accuracy: 75.000(75.000), Loss: 0.987(0.987), LR: 0.000038
[GPU cuda:0][TRAIN] Epoch: [2][50/3100], Elapsed 0m 16s (remain 16m 8s), Accuracy: 75.000(54.412), Loss: 0.933(1.047), LR: 0.000039
[GPU cuda:0][TRAIN] Epoch: [2][100/3100], Elapsed 0m 31s (remain 15m 40s), Accuracy: 25.000(57.921), Loss: 1.294(0.982), LR: 0.000040
[GPU cuda:0][TRAIN] Epoch: [2][150/3100], Elapsed 0m 47s (remain 15m 21s), Accuracy: 75.000(57.616), Loss: 0.552(0.988), LR: 0.000041
[GPU cuda:0][TRAIN] Epoch: [2][200/3100], Elapsed 1m 2s (remain 15m 3s), Accuracy: 100.000(58.955), Loss: 0.444(0.992), LR: 0.000042
[GPU cuda:0][TRAIN] Epoch: [2][250/3100], Elapsed 1m 18s (remain 14m 47s), Accuracy: 25.000(57.371), Loss: 1.458(1.007), LR: 0.000043
[GPU cuda:0][TRAIN] Epoch: [2][300/3100], Elapsed 1m 33s (remain 14m 31s), Accuracy: 0.000(57.226), Loss: 1.428(1.005), LR: 0.000044
[GPU cuda:0][TRAIN] Epoch: [2][350/3100], Elapsed 1m 49s (remain 14m 15s), Accuracy: 50.000(57.692), Loss: 0.859(0.994), LR: 0.000044
[GPU cuda:0][TRAIN] Epoch: [2][400/3100], Elapsed 2m 4s (remain 13m 59s), Accuracy: 50.000(57.606), Loss: 1.090(0.996), LR: 0.000045
[GPU cuda:0][TRAIN] Epoch: [2][450/3100], Elapsed 2m 20s (remain 13m 43s), Accuracy: 75.000(58.149), Loss: 0.837(0.985), LR: 0.000046
[GPU cuda:0][TRAIN] Epoch: [2][500/3100], Elapsed 2m 35s (remain 13m 27s), Accuracy: 50.000(57.984), Loss: 0.921(0.985), LR: 0.000047
[GPU cuda:0][TRAIN] Epoch: [2][550/3100], Elapsed 2m 51s (remain 13m 11s), Accuracy: 25.000(58.711), Loss: 2.187(0.977), LR: 0.000048
[GPU cuda:0][TRAIN] Epoch: [2][600/3100], Elapsed 3m 6s (remain 12m 56s), Accuracy: 50.000(58.860), Loss: 0.804(0.972), LR: 0.000049
[GPU cuda:0][TRAIN] Epoch: [2][650/3100], Elapsed 3m 22s (remain 12m 40s), Accuracy: 75.000(59.101), Loss: 0.846(0.970), LR: 0.000050
[GPU cuda:0][TRAIN] Epoch: [2][700/3100], Elapsed 3m 37s (remain 12m 25s), Accuracy: 100.000(58.880), Loss: 0.669(0.970), LR: 0.000051
[GPU cuda:0][TRAIN] Epoch: [2][750/3100], Elapsed 3m 53s (remain 12m 9s), Accuracy: 100.000(59.321), Loss: 0.171(0.966), LR: 0.000052
[GPU cuda:0][TRAIN] Epoch: [2][800/3100], Elapsed 4m 8s (remain 11m 54s), Accuracy: 50.000(59.332), Loss: 0.936(0.966), LR: 0.000053
[GPU cuda:0][TRAIN] Epoch: [2][850/3100], Elapsed 4m 24s (remain 11m 38s), Accuracy: 100.000(59.371), Loss: 0.444(0.966), LR: 0.000054
[GPU cuda:0][TRAIN] Epoch: [2][900/3100], Elapsed 4m 39s (remain 11m 23s), Accuracy: 75.000(59.156), Loss: 0.885(0.970), LR: 0.000056
[GPU cuda:0][TRAIN] Epoch: [2][950/3100], Elapsed 4m 55s (remain 11m 7s), Accuracy: 75.000(59.227), Loss: 0.924(0.969), LR: 0.000057
[GPU cuda:0][TRAIN] Epoch: [2][1000/3100], Elapsed 5m 11s (remain 10m 52s), Accuracy: 100.000(59.615), Loss: 0.633(0.965), LR: 0.000058
[GPU cuda:0][TRAIN] Epoch: [2][1050/3100], Elapsed 5m 26s (remain 10m 36s), Accuracy: 100.000(60.038), Loss: 0.243(0.957), LR: 0.000059
[GPU cuda:0][TRAIN] Epoch: [2][1100/3100], Elapsed 5m 41s (remain 10m 20s), Accuracy: 25.000(60.354), Loss: 1.454(0.950), LR: 0.000060
[GPU cuda:0][TRAIN] Epoch: [2][1150/3100], Elapsed 5m 57s (remain 10m 5s), Accuracy: 75.000(60.469), Loss: 0.599(0.948), LR: 0.000061
[GPU cuda:0][TRAIN] Epoch: [2][1200/3100], Elapsed 6m 12s (remain 9m 49s), Accuracy: 100.000(60.720), Loss: 0.133(0.942), LR: 0.000062
[GPU cuda:0][TRAIN] Epoch: [2][1250/3100], Elapsed 6m 28s (remain 9m 34s), Accuracy: 0.000(60.512), Loss: 1.680(0.943), LR: 0.000063
[GPU cuda:0][TRAIN] Epoch: [2][1300/3100], Elapsed 6m 43s (remain 9m 18s), Accuracy: 25.000(60.569), Loss: 1.243(0.943), LR: 0.000064
[GPU cuda:0][TRAIN] Epoch: [2][1350/3100], Elapsed 6m 59s (remain 9m 2s), Accuracy: 100.000(60.770), Loss: 0.380(0.939), LR: 0.000065
[GPU cuda:0][TRAIN] Epoch: [2][1400/3100], Elapsed 7m 14s (remain 8m 47s), Accuracy: 75.000(60.689), Loss: 0.781(0.938), LR: 0.000067
[GPU cuda:0][TRAIN] Epoch: [2][1450/3100], Elapsed 7m 30s (remain 8m 31s), Accuracy: 75.000(60.717), Loss: 0.665(0.935), LR: 0.000068
[GPU cuda:0][TRAIN] Epoch: [2][1500/3100], Elapsed 7m 45s (remain 8m 16s), Accuracy: 100.000(60.693), Loss: 0.799(0.933), LR: 0.000069
[GPU cuda:0][TRAIN] Epoch: [2][1550/3100], Elapsed 8m 1s (remain 8m 0s), Accuracy: 75.000(60.671), Loss: 0.353(0.932), LR: 0.000070
[GPU cuda:0][TRAIN] Epoch: [2][1600/3100], Elapsed 8m 17s (remain 7m 45s), Accuracy: 100.000(60.868), Loss: 0.406(0.928), LR: 0.000071
[GPU cuda:0][TRAIN] Epoch: [2][1650/3100], Elapsed 8m 32s (remain 7m 29s), Accuracy: 75.000(60.933), Loss: 0.735(0.927), LR: 0.000072
[GPU cuda:0][TRAIN] Epoch: [2][1700/3100], Elapsed 8m 48s (remain 7m 14s), Accuracy: 50.000(61.126), Loss: 1.115(0.924), LR: 0.000074
[GPU cuda:0][TRAIN] Epoch: [2][1750/3100], Elapsed 9m 3s (remain 6m 58s), Accuracy: 50.000(61.136), Loss: 0.678(0.925), LR: 0.000075
[GPU cuda:0][TRAIN] Epoch: [2][1800/3100], Elapsed 9m 18s (remain 6m 43s), Accuracy: 100.000(61.341), Loss: 0.301(0.923), LR: 0.000076
[GPU cuda:0][TRAIN] Epoch: [2][1850/3100], Elapsed 9m 34s (remain 6m 27s), Accuracy: 50.000(61.143), Loss: 0.799(0.924), LR: 0.000077
[GPU cuda:0][TRAIN] Epoch: [2][1900/3100], Elapsed 9m 50s (remain 6m 12s), Accuracy: 50.000(61.349), Loss: 1.277(0.920), LR: 0.000078
[GPU cuda:0][TRAIN] Epoch: [2][1950/3100], Elapsed 10m 5s (remain 5m 56s), Accuracy: 100.000(61.404), Loss: 0.398(0.919), LR: 0.000080
[GPU cuda:0][TRAIN] Epoch: [2][2000/3100], Elapsed 10m 20s (remain 5m 41s), Accuracy: 100.000(61.469), Loss: 0.633(0.918), LR: 0.000081
[GPU cuda:0][TRAIN] Epoch: [2][2050/3100], Elapsed 10m 36s (remain 5m 25s), Accuracy: 75.000(61.628), Loss: 0.496(0.914), LR: 0.000082
[GPU cuda:0][TRAIN] Epoch: [2][2100/3100], Elapsed 10m 51s (remain 5m 9s), Accuracy: 25.000(61.625), Loss: 2.068(0.913), LR: 0.000083
[GPU cuda:0][TRAIN] Epoch: [2][2150/3100], Elapsed 11m 7s (remain 4m 54s), Accuracy: 25.000(61.855), Loss: 1.296(0.909), LR: 0.000085
[GPU cuda:0][TRAIN] Epoch: [2][2200/3100], Elapsed 11m 23s (remain 4m 39s), Accuracy: 25.000(61.801), Loss: 1.307(0.909), LR: 0.000086
[GPU cuda:0][TRAIN] Epoch: [2][2250/3100], Elapsed 11m 38s (remain 4m 23s), Accuracy: 50.000(61.873), Loss: 1.129(0.907), LR: 0.000087
[GPU cuda:0][TRAIN] Epoch: [2][2300/3100], Elapsed 11m 54s (remain 4m 7s), Accuracy: 25.000(61.908), Loss: 1.616(0.905), LR: 0.000088
[GPU cuda:0][TRAIN] Epoch: [2][2350/3100], Elapsed 12m 9s (remain 3m 52s), Accuracy: 50.000(61.846), Loss: 0.985(0.904), LR: 0.000090
[GPU cuda:0][TRAIN] Epoch: [2][2400/3100], Elapsed 12m 25s (remain 3m 36s), Accuracy: 25.000(61.745), Loss: 1.230(0.905), LR: 0.000091
[GPU cuda:0][TRAIN] Epoch: [2][2450/3100], Elapsed 12m 40s (remain 3m 21s), Accuracy: 50.000(61.771), Loss: 0.822(0.905), LR: 0.000092
[GPU cuda:0][TRAIN] Epoch: [2][2500/3100], Elapsed 12m 56s (remain 3m 5s), Accuracy: 25.000(61.935), Loss: 1.337(0.902), LR: 0.000093
[GPU cuda:0][TRAIN] Epoch: [2][2550/3100], Elapsed 13m 11s (remain 2m 50s), Accuracy: 50.000(61.917), Loss: 1.206(0.904), LR: 0.000095
[GPU cuda:0][TRAIN] Epoch: [2][2600/3100], Elapsed 13m 27s (remain 2m 34s), Accuracy: 50.000(62.111), Loss: 1.272(0.900), LR: 0.000096
[GPU cuda:0][TRAIN] Epoch: [2][2650/3100], Elapsed 13m 42s (remain 2m 19s), Accuracy: 50.000(62.165), Loss: 1.229(0.899), LR: 0.000097
[GPU cuda:0][TRAIN] Epoch: [2][2700/3100], Elapsed 13m 58s (remain 2m 3s), Accuracy: 50.000(62.310), Loss: 0.554(0.896), LR: 0.000099
[GPU cuda:0][TRAIN] Epoch: [2][2750/3100], Elapsed 14m 13s (remain 1m 48s), Accuracy: 50.000(62.386), Loss: 1.019(0.895), LR: 0.000100
[GPU cuda:0][TRAIN] Epoch: [2][2800/3100], Elapsed 14m 29s (remain 1m 32s), Accuracy: 25.000(62.406), Loss: 1.818(0.895), LR: 0.000101
[GPU cuda:0][TRAIN] Epoch: [2][2850/3100], Elapsed 14m 44s (remain 1m 17s), Accuracy: 50.000(62.417), Loss: 0.869(0.894), LR: 0.000103
[GPU cuda:0][TRAIN] Epoch: [2][2900/3100], Elapsed 15m 0s (remain 1m 1s), Accuracy: 100.000(62.366), Loss: 0.794(0.895), LR: 0.000104
[GPU cuda:0][TRAIN] Epoch: [2][2950/3100], Elapsed 15m 15s (remain 0m 46s), Accuracy: 75.000(62.386), Loss: 0.713(0.894), LR: 0.000105
[GPU cuda:0][TRAIN] Epoch: [2][3000/3100], Elapsed 15m 31s (remain 0m 30s), Accuracy: 50.000(62.463), Loss: 1.307(0.893), LR: 0.000107
[GPU cuda:0][TRAIN] Epoch: [2][3050/3100], Elapsed 15m 47s (remain 0m 15s), Accuracy: 75.000(62.529), Loss: 0.645(0.892), LR: 0.000108
[GPU cuda:0][TRAIN] Epoch: [2][3099/3100], Elapsed 16m 2s (remain 0m 0s), Accuracy: 25.000(62.605), Loss: 1.213(0.891), LR: 0.000109
[GPU cuda:0][VALID][0/388], Elapsed 0m 0s (remain 3m 25s), Accuracy: 100.000(100.000), Batch Loss: 0.2597, Average Loss: 0.2597
[GPU cuda:0][VALID][50/388], Elapsed 0m 12s (remain 1m 20s), Accuracy: 87.500(71.324), Batch Loss: 0.8761, Average Loss: 0.6954
[GPU cuda:0][VALID][100/388], Elapsed 0m 23s (remain 1m 7s), Accuracy: 50.000(71.287), Batch Loss: 0.9564, Average Loss: 0.7084
[GPU cuda:0][VALID][150/388], Elapsed 0m 35s (remain 0m 55s), Accuracy: 75.000(70.033), Batch Loss: 1.0859, Average Loss: 0.7372
[GPU cuda:0][VALID][200/388], Elapsed 0m 47s (remain 0m 43s), Accuracy: 87.500(69.714), Batch Loss: 0.3261, Average Loss: 0.7455
[GPU cuda:0][VALID][250/388], Elapsed 0m 58s (remain 0m 32s), Accuracy: 50.000(68.775), Batch Loss: 1.0400, Average Loss: 0.7566
[GPU cuda:0][VALID][300/388], Elapsed 1m 10s (remain 0m 20s), Accuracy: 50.000(68.314), Batch Loss: 0.9847, Average Loss: 0.7582
[GPU cuda:0][VALID][350/388], Elapsed 1m 22s (remain 0m 8s), Accuracy: 50.000(68.340), Batch Loss: 0.9450, Average Loss: 0.7534
[GPU cuda:0][VALID][387/388], Elapsed 1m 30s (remain 0m 0s), Accuracy: 75.000(68.396), Batch Loss: 0.8451, Average Loss: 0.7520
Valid Labels Samples: [2 0 1 4 1 0 3 1 4 3]
Valid Predictions Samples: [2, 0, 1, 4, 1, 0, 3, 1, 3, 0]
Epoch 2 - Train Average Loss: 62.605, Valid Average Loss: 68.396, Epoch Time: 1055.983s
Epoch 2 - Accuracy: 0.684, Precision: 0.691, Recall: 0.684
Saved Best Model: 0.68
[GPU cuda:0][TRAIN] Epoch: [3][0/3100], Elapsed 0m 0s (remain 36m 0s), Accuracy: 75.000(75.000), Loss: 1.143(1.143), LR: 0.000109
[GPU cuda:0][TRAIN] Epoch: [3][50/3100], Elapsed 0m 16s (remain 16m 9s), Accuracy: 50.000(64.216), Loss: 0.719(0.837), LR: 0.000111
[GPU cuda:0][TRAIN] Epoch: [3][100/3100], Elapsed 0m 31s (remain 15m 43s), Accuracy: 0.000(65.347), Loss: 1.386(0.791), LR: 0.000112
[GPU cuda:0][TRAIN] Epoch: [3][150/3100], Elapsed 0m 47s (remain 15m 23s), Accuracy: 75.000(63.907), Loss: 0.281(0.816), LR: 0.000113
[GPU cuda:0][TRAIN] Epoch: [3][200/3100], Elapsed 1m 2s (remain 15m 5s), Accuracy: 75.000(62.811), Loss: 0.348(0.831), LR: 0.000115
[GPU cuda:0][TRAIN] Epoch: [3][250/3100], Elapsed 1m 18s (remain 14m 49s), Accuracy: 25.000(62.550), Loss: 1.155(0.842), LR: 0.000116
[GPU cuda:0][TRAIN] Epoch: [3][300/3100], Elapsed 1m 33s (remain 14m 32s), Accuracy: 25.000(63.953), Loss: 0.925(0.826), LR: 0.000117
[GPU cuda:0][TRAIN] Epoch: [3][350/3100], Elapsed 1m 49s (remain 14m 16s), Accuracy: 50.000(64.387), Loss: 1.379(0.816), LR: 0.000119
[GPU cuda:0][TRAIN] Epoch: [3][400/3100], Elapsed 2m 4s (remain 14m 0s), Accuracy: 50.000(63.092), Loss: 0.870(0.832), LR: 0.000120
[GPU cuda:0][TRAIN] Epoch: [3][450/3100], Elapsed 2m 20s (remain 13m 44s), Accuracy: 75.000(63.470), Loss: 0.655(0.826), LR: 0.000121
[GPU cuda:0][TRAIN] Epoch: [3][500/3100], Elapsed 2m 35s (remain 13m 28s), Accuracy: 50.000(63.224), Loss: 0.783(0.831), LR: 0.000123
[GPU cuda:0][TRAIN] Epoch: [3][550/3100], Elapsed 2m 51s (remain 13m 12s), Accuracy: 25.000(63.203), Loss: 1.604(0.833), LR: 0.000124
[GPU cuda:0][TRAIN] Epoch: [3][600/3100], Elapsed 3m 6s (remain 12m 56s), Accuracy: 100.000(63.519), Loss: 0.331(0.829), LR: 0.000125
[GPU cuda:0][TRAIN] Epoch: [3][650/3100], Elapsed 3m 22s (remain 12m 41s), Accuracy: 75.000(63.556), Loss: 0.546(0.829), LR: 0.000127
[GPU cuda:0][TRAIN] Epoch: [3][700/3100], Elapsed 3m 37s (remain 12m 25s), Accuracy: 75.000(63.481), Loss: 0.619(0.835), LR: 0.000128
[GPU cuda:0][TRAIN] Epoch: [3][750/3100], Elapsed 3m 53s (remain 12m 9s), Accuracy: 100.000(63.782), Loss: 0.106(0.834), LR: 0.000129
[GPU cuda:0][TRAIN] Epoch: [3][800/3100], Elapsed 4m 8s (remain 11m 54s), Accuracy: 75.000(63.826), Loss: 0.529(0.834), LR: 0.000131
[GPU cuda:0][TRAIN] Epoch: [3][850/3100], Elapsed 4m 24s (remain 11m 38s), Accuracy: 75.000(63.807), Loss: 0.789(0.836), LR: 0.000132
[GPU cuda:0][TRAIN] Epoch: [3][900/3100], Elapsed 4m 39s (remain 11m 22s), Accuracy: 75.000(63.402), Loss: 0.769(0.842), LR: 0.000133
[GPU cuda:0][TRAIN] Epoch: [3][950/3100], Elapsed 4m 55s (remain 11m 7s), Accuracy: 75.000(63.381), Loss: 0.420(0.843), LR: 0.000135
[GPU cuda:0][TRAIN] Epoch: [3][1000/3100], Elapsed 5m 10s (remain 10m 51s), Accuracy: 100.000(63.861), Loss: 0.550(0.838), LR: 0.000136
[GPU cuda:0][TRAIN] Epoch: [3][1050/3100], Elapsed 5m 26s (remain 10m 36s), Accuracy: 100.000(64.225), Loss: 0.227(0.831), LR: 0.000137
[GPU cuda:0][TRAIN] Epoch: [3][1100/3100], Elapsed 5m 41s (remain 10m 20s), Accuracy: 25.000(64.623), Loss: 1.310(0.826), LR: 0.000139
[GPU cuda:0][TRAIN] Epoch: [3][1150/3100], Elapsed 5m 57s (remain 10m 5s), Accuracy: 0.000(64.748), Loss: 1.707(0.824), LR: 0.000140
[GPU cuda:0][TRAIN] Epoch: [3][1200/3100], Elapsed 6m 12s (remain 9m 49s), Accuracy: 100.000(64.613), Loss: 0.204(0.823), LR: 0.000142
[GPU cuda:0][TRAIN] Epoch: [3][1250/3100], Elapsed 6m 28s (remain 9m 34s), Accuracy: 75.000(64.488), Loss: 0.750(0.826), LR: 0.000143
[GPU cuda:0][TRAIN] Epoch: [3][1300/3100], Elapsed 6m 44s (remain 9m 18s), Accuracy: 50.000(64.604), Loss: 0.816(0.825), LR: 0.000144
[GPU cuda:0][TRAIN] Epoch: [3][1350/3100], Elapsed 6m 59s (remain 9m 3s), Accuracy: 100.000(64.989), Loss: 0.288(0.819), LR: 0.000146
[GPU cuda:0][TRAIN] Epoch: [3][1400/3100], Elapsed 7m 15s (remain 8m 47s), Accuracy: 75.000(64.971), Loss: 0.722(0.820), LR: 0.000147
[GPU cuda:0][TRAIN] Epoch: [3][1450/3100], Elapsed 7m 30s (remain 8m 32s), Accuracy: 75.000(65.162), Loss: 0.664(0.816), LR: 0.000148
[GPU cuda:0][TRAIN] Epoch: [3][1500/3100], Elapsed 7m 46s (remain 8m 16s), Accuracy: 100.000(65.240), Loss: 0.761(0.815), LR: 0.000150
[GPU cuda:0][TRAIN] Epoch: [3][1550/3100], Elapsed 8m 1s (remain 8m 0s), Accuracy: 100.000(65.071), Loss: 0.175(0.816), LR: 0.000151
[GPU cuda:0][TRAIN] Epoch: [3][1600/3100], Elapsed 8m 17s (remain 7m 45s), Accuracy: 100.000(65.069), Loss: 0.371(0.817), LR: 0.000152
[GPU cuda:0][TRAIN] Epoch: [3][1650/3100], Elapsed 8m 32s (remain 7m 29s), Accuracy: 100.000(65.203), Loss: 0.294(0.816), LR: 0.000154
[GPU cuda:0][TRAIN] Epoch: [3][1700/3100], Elapsed 8m 48s (remain 7m 14s), Accuracy: 50.000(65.300), Loss: 1.114(0.816), LR: 0.000155
[GPU cuda:0][TRAIN] Epoch: [3][1750/3100], Elapsed 9m 3s (remain 6m 58s), Accuracy: 100.000(65.148), Loss: 0.576(0.818), LR: 0.000156
[GPU cuda:0][TRAIN] Epoch: [3][1800/3100], Elapsed 9m 19s (remain 6m 43s), Accuracy: 100.000(65.228), Loss: 0.105(0.816), LR: 0.000157
[GPU cuda:0][TRAIN] Epoch: [3][1850/3100], Elapsed 9m 34s (remain 6m 27s), Accuracy: 50.000(65.113), Loss: 0.819(0.820), LR: 0.000159
[GPU cuda:0][TRAIN] Epoch: [3][1900/3100], Elapsed 9m 50s (remain 6m 12s), Accuracy: 50.000(65.295), Loss: 1.133(0.817), LR: 0.000160
[GPU cuda:0][TRAIN] Epoch: [3][1950/3100], Elapsed 10m 5s (remain 5m 56s), Accuracy: 100.000(65.249), Loss: 0.346(0.818), LR: 0.000161
[GPU cuda:0][TRAIN] Epoch: [3][2000/3100], Elapsed 10m 21s (remain 5m 41s), Accuracy: 100.000(65.305), Loss: 0.504(0.816), LR: 0.000163
[GPU cuda:0][TRAIN] Epoch: [3][2050/3100], Elapsed 10m 36s (remain 5m 25s), Accuracy: 75.000(65.431), Loss: 0.436(0.814), LR: 0.000164
[GPU cuda:0][TRAIN] Epoch: [3][2100/3100], Elapsed 10m 52s (remain 5m 10s), Accuracy: 50.000(65.433), Loss: 1.954(0.815), LR: 0.000165
[GPU cuda:0][TRAIN] Epoch: [3][2150/3100], Elapsed 11m 7s (remain 4m 54s), Accuracy: 25.000(65.574), Loss: 1.352(0.812), LR: 0.000167
[GPU cuda:0][TRAIN] Epoch: [3][2200/3100], Elapsed 11m 22s (remain 4m 38s), Accuracy: 25.000(65.618), Loss: 1.537(0.812), LR: 0.000168
[GPU cuda:0][TRAIN] Epoch: [3][2250/3100], Elapsed 11m 38s (remain 4m 23s), Accuracy: 50.000(65.649), Loss: 0.855(0.811), LR: 0.000169
[GPU cuda:0][TRAIN] Epoch: [3][2300/3100], Elapsed 11m 53s (remain 4m 7s), Accuracy: 25.000(65.754), Loss: 1.880(0.810), LR: 0.000170
[GPU cuda:0][TRAIN] Epoch: [3][2350/3100], Elapsed 12m 9s (remain 3m 52s), Accuracy: 50.000(65.738), Loss: 1.372(0.810), LR: 0.000172
[GPU cuda:0][TRAIN] Epoch: [3][2400/3100], Elapsed 12m 25s (remain 3m 36s), Accuracy: 25.000(65.650), Loss: 1.395(0.811), LR: 0.000173
[GPU cuda:0][TRAIN] Epoch: [3][2450/3100], Elapsed 12m 40s (remain 3m 21s), Accuracy: 25.000(65.626), Loss: 1.050(0.812), LR: 0.000174
[GPU cuda:0][TRAIN] Epoch: [3][2500/3100], Elapsed 12m 56s (remain 3m 5s), Accuracy: 50.000(65.704), Loss: 0.981(0.810), LR: 0.000175
[GPU cuda:0][TRAIN] Epoch: [3][2550/3100], Elapsed 13m 11s (remain 2m 50s), Accuracy: 25.000(65.641), Loss: 1.459(0.812), LR: 0.000177
[GPU cuda:0][TRAIN] Epoch: [3][2600/3100], Elapsed 13m 27s (remain 2m 34s), Accuracy: 50.000(65.773), Loss: 0.766(0.809), LR: 0.000178
[GPU cuda:0][TRAIN] Epoch: [3][2650/3100], Elapsed 13m 42s (remain 2m 19s), Accuracy: 50.000(65.834), Loss: 0.906(0.807), LR: 0.000179
[GPU cuda:0][TRAIN] Epoch: [3][2700/3100], Elapsed 13m 58s (remain 2m 3s), Accuracy: 75.000(65.864), Loss: 0.677(0.807), LR: 0.000180
[GPU cuda:0][TRAIN] Epoch: [3][2750/3100], Elapsed 14m 13s (remain 1m 48s), Accuracy: 75.000(65.940), Loss: 0.671(0.806), LR: 0.000182
[GPU cuda:0][TRAIN] Epoch: [3][2800/3100], Elapsed 14m 29s (remain 1m 32s), Accuracy: 25.000(65.887), Loss: 1.709(0.807), LR: 0.000183
[GPU cuda:0][TRAIN] Epoch: [3][2850/3100], Elapsed 14m 44s (remain 1m 17s), Accuracy: 50.000(65.959), Loss: 0.850(0.806), LR: 0.000184
[GPU cuda:0][TRAIN] Epoch: [3][2900/3100], Elapsed 15m 0s (remain 1m 1s), Accuracy: 100.000(65.969), Loss: 0.649(0.807), LR: 0.000185
[GPU cuda:0][TRAIN] Epoch: [3][2950/3100], Elapsed 15m 15s (remain 0m 46s), Accuracy: 75.000(66.071), Loss: 0.762(0.806), LR: 0.000186
[GPU cuda:0][TRAIN] Epoch: [3][3000/3100], Elapsed 15m 31s (remain 0m 30s), Accuracy: 25.000(65.953), Loss: 1.605(0.810), LR: 0.000188
[GPU cuda:0][TRAIN] Epoch: [3][3050/3100], Elapsed 15m 47s (remain 0m 15s), Accuracy: 75.000(66.028), Loss: 0.549(0.810), LR: 0.000189
[GPU cuda:0][TRAIN] Epoch: [3][3099/3100], Elapsed 16m 2s (remain 0m 0s), Accuracy: 25.000(66.048), Loss: 1.842(0.809), LR: 0.000190
[GPU cuda:0][VALID][0/388], Elapsed 0m 0s (remain 3m 25s), Accuracy: 100.000(100.000), Batch Loss: 0.2689, Average Loss: 0.2689
[GPU cuda:0][VALID][50/388], Elapsed 0m 12s (remain 1m 20s), Accuracy: 75.000(68.873), Batch Loss: 1.0052, Average Loss: 0.7296
[GPU cuda:0][VALID][100/388], Elapsed 0m 23s (remain 1m 7s), Accuracy: 62.500(67.327), Batch Loss: 0.9875, Average Loss: 0.7413
[GPU cuda:0][VALID][150/388], Elapsed 0m 35s (remain 0m 55s), Accuracy: 75.000(67.136), Batch Loss: 1.1137, Average Loss: 0.7750
[GPU cuda:0][VALID][200/388], Elapsed 0m 47s (remain 0m 43s), Accuracy: 100.000(67.600), Batch Loss: 0.3803, Average Loss: 0.7712
[GPU cuda:0][VALID][250/388], Elapsed 0m 58s (remain 0m 32s), Accuracy: 37.500(66.932), Batch Loss: 0.9703, Average Loss: 0.7867
[GPU cuda:0][VALID][300/388], Elapsed 1m 10s (remain 0m 20s), Accuracy: 37.500(67.276), Batch Loss: 1.1049, Average Loss: 0.7845
[GPU cuda:0][VALID][350/388], Elapsed 1m 22s (remain 0m 8s), Accuracy: 50.000(67.379), Batch Loss: 0.9399, Average Loss: 0.7833
[GPU cuda:0][VALID][387/388], Elapsed 1m 30s (remain 0m 0s), Accuracy: 50.000(67.300), Batch Loss: 0.8934, Average Loss: 0.7824
Valid Labels Samples: [2 0 1 4 1 0 3 1 4 3]
Valid Predictions Samples: [2, 0, 1, 4, 1, 0, 3, 1, 3, 0]
Epoch 3 - Train Average Loss: 66.048, Valid Average Loss: 67.300, Epoch Time: 1055.785s
Epoch 3 - Accuracy: 0.673, Precision: 0.689, Recall: 0.673
[GPU cuda:0][TRAIN] Epoch: [4][0/3100], Elapsed 0m 0s (remain 35m 54s), Accuracy: 50.000(50.000), Loss: 0.988(0.988), LR: 0.000190
[GPU cuda:0][TRAIN] Epoch: [4][50/3100], Elapsed 0m 16s (remain 16m 9s), Accuracy: 75.000(68.137), Loss: 1.009(0.731), LR: 0.000191
[GPU cuda:0][TRAIN] Epoch: [4][100/3100], Elapsed 0m 31s (remain 15m 42s), Accuracy: 50.000(70.545), Loss: 1.581(0.706), LR: 0.000192
[GPU cuda:0][TRAIN] Epoch: [4][150/3100], Elapsed 0m 47s (remain 15m 22s), Accuracy: 100.000(67.384), Loss: 0.185(0.765), LR: 0.000194
[GPU cuda:0][TRAIN] Epoch: [4][200/3100], Elapsed 1m 2s (remain 15m 5s), Accuracy: 100.000(68.284), Loss: 0.147(0.761), LR: 0.000195
[GPU cuda:0][TRAIN] Epoch: [4][250/3100], Elapsed 1m 18s (remain 14m 48s), Accuracy: 50.000(67.231), Loss: 0.889(0.783), LR: 0.000196
[GPU cuda:0][TRAIN] Epoch: [4][300/3100], Elapsed 1m 33s (remain 14m 32s), Accuracy: 25.000(67.691), Loss: 1.057(0.778), LR: 0.000197
[GPU cuda:0][TRAIN] Epoch: [4][350/3100], Elapsed 1m 49s (remain 14m 16s), Accuracy: 0.000(67.023), Loss: 1.805(0.778), LR: 0.000198
[GPU cuda:0][TRAIN] Epoch: [4][400/3100], Elapsed 2m 4s (remain 14m 0s), Accuracy: 50.000(66.022), Loss: 0.887(0.797), LR: 0.000199
[GPU cuda:0][TRAIN] Epoch: [4][450/3100], Elapsed 2m 20s (remain 13m 44s), Accuracy: 75.000(66.408), Loss: 0.804(0.789), LR: 0.000200
[GPU cuda:0][TRAIN] Epoch: [4][500/3100], Elapsed 2m 35s (remain 13m 28s), Accuracy: 75.000(66.168), Loss: 0.803(0.796), LR: 0.000201
[GPU cuda:0][TRAIN] Epoch: [4][550/3100], Elapsed 2m 51s (remain 13m 13s), Accuracy: 50.000(66.697), Loss: 1.665(0.789), LR: 0.000202
[GPU cuda:0][TRAIN] Epoch: [4][600/3100], Elapsed 3m 6s (remain 12m 57s), Accuracy: 75.000(66.764), Loss: 0.638(0.783), LR: 0.000203
[GPU cuda:0][TRAIN] Epoch: [4][650/3100], Elapsed 3m 22s (remain 12m 41s), Accuracy: 75.000(66.859), Loss: 0.407(0.784), LR: 0.000205
[GPU cuda:0][TRAIN] Epoch: [4][700/3100], Elapsed 3m 37s (remain 12m 25s), Accuracy: 100.000(66.833), Loss: 0.641(0.789), LR: 0.000206
[GPU cuda:0][TRAIN] Epoch: [4][750/3100], Elapsed 3m 53s (remain 12m 9s), Accuracy: 100.000(66.811), Loss: 0.137(0.790), LR: 0.000207
[GPU cuda:0][TRAIN] Epoch: [4][800/3100], Elapsed 4m 8s (remain 11m 54s), Accuracy: 100.000(66.698), Loss: 0.586(0.791), LR: 0.000208
[GPU cuda:0][TRAIN] Epoch: [4][850/3100], Elapsed 4m 24s (remain 11m 38s), Accuracy: 100.000(66.539), Loss: 0.468(0.792), LR: 0.000209
[GPU cuda:0][TRAIN] Epoch: [4][900/3100], Elapsed 4m 39s (remain 11m 22s), Accuracy: 50.000(66.371), Loss: 0.793(0.798), LR: 0.000210
[GPU cuda:0][TRAIN] Epoch: [4][950/3100], Elapsed 4m 55s (remain 11m 7s), Accuracy: 75.000(66.430), Loss: 0.412(0.797), LR: 0.000211
[GPU cuda:0][TRAIN] Epoch: [4][1000/3100], Elapsed 5m 10s (remain 10m 51s), Accuracy: 75.000(66.758), Loss: 0.461(0.794), LR: 0.000212
[GPU cuda:0][TRAIN] Epoch: [4][1050/3100], Elapsed 5m 26s (remain 10m 35s), Accuracy: 100.000(67.127), Loss: 0.074(0.787), LR: 0.000213
[GPU cuda:0][TRAIN] Epoch: [4][1100/3100], Elapsed 5m 41s (remain 10m 20s), Accuracy: 25.000(67.302), Loss: 1.250(0.782), LR: 0.000214
[GPU cuda:0][TRAIN] Epoch: [4][1150/3100], Elapsed 5m 57s (remain 10m 4s), Accuracy: 50.000(67.268), Loss: 0.753(0.782), LR: 0.000215
[GPU cuda:0][TRAIN] Epoch: [4][1200/3100], Elapsed 6m 12s (remain 9m 49s), Accuracy: 75.000(67.277), Loss: 0.771(0.780), LR: 0.000216
[GPU cuda:0][TRAIN] Epoch: [4][1250/3100], Elapsed 6m 28s (remain 9m 33s), Accuracy: 75.000(67.226), Loss: 0.797(0.782), LR: 0.000217
[GPU cuda:0][TRAIN] Epoch: [4][1300/3100], Elapsed 6m 43s (remain 9m 17s), Accuracy: 50.000(67.256), Loss: 0.571(0.781), LR: 0.000217
[GPU cuda:0][TRAIN] Epoch: [4][1350/3100], Elapsed 6m 58s (remain 9m 2s), Accuracy: 100.000(67.524), Loss: 0.330(0.774), LR: 0.000218
[GPU cuda:0][TRAIN] Epoch: [4][1400/3100], Elapsed 7m 14s (remain 8m 46s), Accuracy: 75.000(67.363), Loss: 0.700(0.778), LR: 0.000219
[GPU cuda:0][TRAIN] Epoch: [4][1450/3100], Elapsed 7m 29s (remain 8m 31s), Accuracy: 50.000(67.540), Loss: 0.768(0.774), LR: 0.000220
[GPU cuda:0][TRAIN] Epoch: [4][1500/3100], Elapsed 7m 45s (remain 8m 15s), Accuracy: 100.000(67.572), Loss: 0.918(0.776), LR: 0.000221
[GPU cuda:0][TRAIN] Epoch: [4][1550/3100], Elapsed 8m 0s (remain 8m 0s), Accuracy: 100.000(67.569), Loss: 0.063(0.775), LR: 0.000222
[GPU cuda:0][TRAIN] Epoch: [4][1600/3100], Elapsed 8m 16s (remain 7m 44s), Accuracy: 100.000(67.708), Loss: 0.230(0.774), LR: 0.000223
[GPU cuda:0][TRAIN] Epoch: [4][1650/3100], Elapsed 8m 31s (remain 7m 29s), Accuracy: 100.000(67.701), Loss: 0.306(0.773), LR: 0.000224
[GPU cuda:0][TRAIN] Epoch: [4][1700/3100], Elapsed 8m 47s (remain 7m 13s), Accuracy: 50.000(67.754), Loss: 1.093(0.771), LR: 0.000225
[GPU cuda:0][TRAIN] Epoch: [4][1750/3100], Elapsed 9m 2s (remain 6m 58s), Accuracy: 100.000(67.633), Loss: 0.303(0.773), LR: 0.000225
[GPU cuda:0][TRAIN] Epoch: [4][1800/3100], Elapsed 9m 18s (remain 6m 42s), Accuracy: 100.000(67.782), Loss: 0.133(0.771), LR: 0.000226
[GPU cuda:0][TRAIN] Epoch: [4][1850/3100], Elapsed 9m 33s (remain 6m 27s), Accuracy: 75.000(67.612), Loss: 0.500(0.773), LR: 0.000227
[GPU cuda:0][TRAIN] Epoch: [4][1900/3100], Elapsed 9m 49s (remain 6m 11s), Accuracy: 50.000(67.767), Loss: 1.079(0.772), LR: 0.000228
[GPU cuda:0][TRAIN] Epoch: [4][1950/3100], Elapsed 10m 4s (remain 5m 56s), Accuracy: 100.000(67.875), Loss: 0.251(0.769), LR: 0.000229
[GPU cuda:0][TRAIN] Epoch: [4][2000/3100], Elapsed 10m 20s (remain 5m 40s), Accuracy: 100.000(67.954), Loss: 0.434(0.769), LR: 0.000229
[GPU cuda:0][TRAIN] Epoch: [4][2050/3100], Elapsed 10m 35s (remain 5m 25s), Accuracy: 75.000(68.016), Loss: 0.494(0.767), LR: 0.000230
[GPU cuda:0][TRAIN] Epoch: [4][2100/3100], Elapsed 10m 51s (remain 5m 9s), Accuracy: 75.000(68.039), Loss: 1.856(0.767), LR: 0.000231
[GPU cuda:0][TRAIN] Epoch: [4][2150/3100], Elapsed 11m 6s (remain 4m 54s), Accuracy: 50.000(68.085), Loss: 1.166(0.767), LR: 0.000232
[GPU cuda:0][TRAIN] Epoch: [4][2200/3100], Elapsed 11m 21s (remain 4m 38s), Accuracy: 25.000(67.980), Loss: 1.398(0.769), LR: 0.000232
[GPU cuda:0][TRAIN] Epoch: [4][2250/3100], Elapsed 11m 37s (remain 4m 23s), Accuracy: 50.000(68.036), Loss: 1.069(0.767), LR: 0.000233
[GPU cuda:0][TRAIN] Epoch: [4][2300/3100], Elapsed 11m 52s (remain 4m 7s), Accuracy: 25.000(68.068), Loss: 1.929(0.766), LR: 0.000234
[GPU cuda:0][TRAIN] Epoch: [4][2350/3100], Elapsed 12m 8s (remain 3m 52s), Accuracy: 75.000(68.152), Loss: 0.576(0.765), LR: 0.000234
[GPU cuda:0][TRAIN] Epoch: [4][2400/3100], Elapsed 12m 23s (remain 3m 36s), Accuracy: 75.000(68.097), Loss: 0.931(0.766), LR: 0.000235
[GPU cuda:0][TRAIN] Epoch: [4][2450/3100], Elapsed 12m 39s (remain 3m 21s), Accuracy: 50.000(68.033), Loss: 0.836(0.768), LR: 0.000236
[GPU cuda:0][TRAIN] Epoch: [4][2500/3100], Elapsed 12m 54s (remain 3m 5s), Accuracy: 50.000(68.083), Loss: 1.383(0.766), LR: 0.000236
[GPU cuda:0][TRAIN] Epoch: [4][2550/3100], Elapsed 13m 10s (remain 2m 50s), Accuracy: 25.000(68.081), Loss: 1.444(0.767), LR: 0.000237
[GPU cuda:0][TRAIN] Epoch: [4][2600/3100], Elapsed 13m 25s (remain 2m 34s), Accuracy: 50.000(68.291), Loss: 0.791(0.764), LR: 0.000237
[GPU cuda:0][TRAIN] Epoch: [4][2650/3100], Elapsed 13m 41s (remain 2m 19s), Accuracy: 50.000(68.352), Loss: 1.015(0.763), LR: 0.000238
[GPU cuda:0][TRAIN] Epoch: [4][2700/3100], Elapsed 13m 56s (remain 2m 3s), Accuracy: 75.000(68.456), Loss: 0.453(0.761), LR: 0.000239
[GPU cuda:0][TRAIN] Epoch: [4][2750/3100], Elapsed 14m 12s (remain 1m 48s), Accuracy: 75.000(68.421), Loss: 0.792(0.761), LR: 0.000239
[GPU cuda:0][TRAIN] Epoch: [4][2800/3100], Elapsed 14m 27s (remain 1m 32s), Accuracy: 25.000(68.368), Loss: 1.302(0.761), LR: 0.000240
[GPU cuda:0][TRAIN] Epoch: [4][2850/3100], Elapsed 14m 43s (remain 1m 17s), Accuracy: 75.000(68.353), Loss: 0.731(0.761), LR: 0.000240
[GPU cuda:0][TRAIN] Epoch: [4][2900/3100], Elapsed 14m 58s (remain 1m 1s), Accuracy: 100.000(68.278), Loss: 0.535(0.762), LR: 0.000241
[GPU cuda:0][TRAIN] Epoch: [4][2950/3100], Elapsed 15m 14s (remain 0m 46s), Accuracy: 50.000(68.341), Loss: 1.246(0.762), LR: 0.000241
[GPU cuda:0][TRAIN] Epoch: [4][3000/3100], Elapsed 15m 29s (remain 0m 30s), Accuracy: 50.000(68.361), Loss: 1.161(0.763), LR: 0.000242
[GPU cuda:0][TRAIN] Epoch: [4][3050/3100], Elapsed 15m 45s (remain 0m 15s), Accuracy: 75.000(68.412), Loss: 0.608(0.762), LR: 0.000242
[GPU cuda:0][TRAIN] Epoch: [4][3099/3100], Elapsed 16m 0s (remain 0m 0s), Accuracy: 25.000(68.452), Loss: 2.140(0.762), LR: 0.000243
[GPU cuda:0][VALID][0/388], Elapsed 0m 0s (remain 3m 30s), Accuracy: 100.000(100.000), Batch Loss: 0.2860, Average Loss: 0.2860
[GPU cuda:0][VALID][50/388], Elapsed 0m 12s (remain 1m 20s), Accuracy: 50.000(68.382), Batch Loss: 1.0638, Average Loss: 0.7243
[GPU cuda:0][VALID][100/388], Elapsed 0m 23s (remain 1m 7s), Accuracy: 62.500(68.564), Batch Loss: 0.6647, Average Loss: 0.7359
[GPU cuda:0][VALID][150/388], Elapsed 0m 35s (remain 0m 55s), Accuracy: 75.000(68.295), Batch Loss: 0.8518, Average Loss: 0.7565
[GPU cuda:0][VALID][200/388], Elapsed 0m 47s (remain 0m 43s), Accuracy: 87.500(68.595), Batch Loss: 0.3582, Average Loss: 0.7509
[GPU cuda:0][VALID][250/388], Elapsed 0m 58s (remain 0m 32s), Accuracy: 50.000(67.629), Batch Loss: 0.9131, Average Loss: 0.7680
[GPU cuda:0][VALID][300/388], Elapsed 1m 10s (remain 0m 20s), Accuracy: 50.000(67.940), Batch Loss: 0.9792, Average Loss: 0.7637
[GPU cuda:0][VALID][350/388], Elapsed 1m 22s (remain 0m 8s), Accuracy: 50.000(68.020), Batch Loss: 0.9742, Average Loss: 0.7616
[GPU cuda:0][VALID][387/388], Elapsed 1m 30s (remain 0m 0s), Accuracy: 100.000(68.202), Batch Loss: 0.6202, Average Loss: 0.7559
Valid Labels Samples: [2 0 1 4 1 0 3 1 4 3]
Valid Predictions Samples: [2, 0, 1, 4, 1, 0, 3, 1, 3, 0]
Epoch 4 - Train Average Loss: 68.452, Valid Average Loss: 68.202, Epoch Time: 1053.853s
Epoch 4 - Accuracy: 0.682, Precision: 0.700, Recall: 0.682
[GPU cuda:0][TRAIN] Epoch: [5][0/3100], Elapsed 0m 0s (remain 36m 2s), Accuracy: 75.000(75.000), Loss: 0.901(0.901), LR: 0.000243
[GPU cuda:0][TRAIN] Epoch: [5][50/3100], Elapsed 0m 16s (remain 16m 14s), Accuracy: 50.000(71.078), Loss: 0.940(0.725), LR: 0.000243
[GPU cuda:0][TRAIN] Epoch: [5][100/3100], Elapsed 0m 31s (remain 15m 45s), Accuracy: 25.000(70.297), Loss: 1.521(0.740), LR: 0.000244
[GPU cuda:0][TRAIN] Epoch: [5][150/3100], Elapsed 0m 47s (remain 15m 25s), Accuracy: 100.000(69.040), Loss: 0.068(0.748), LR: 0.000244
[GPU cuda:0][TRAIN] Epoch: [5][200/3100], Elapsed 1m 2s (remain 15m 7s), Accuracy: 100.000(69.652), Loss: 0.191(0.743), LR: 0.000245
[GPU cuda:0][TRAIN] Epoch: [5][250/3100], Elapsed 1m 18s (remain 14m 50s), Accuracy: 25.000(68.227), Loss: 1.298(0.762), LR: 0.000245
[GPU cuda:0][TRAIN] Epoch: [5][300/3100], Elapsed 1m 34s (remain 14m 34s), Accuracy: 100.000(69.186), Loss: 0.351(0.753), LR: 0.000245
[GPU cuda:0][TRAIN] Epoch: [5][350/3100], Elapsed 1m 49s (remain 14m 18s), Accuracy: 50.000(69.516), Loss: 1.227(0.741), LR: 0.000246
[GPU cuda:0][TRAIN] Epoch: [5][400/3100], Elapsed 2m 5s (remain 14m 1s), Accuracy: 50.000(68.454), Loss: 0.909(0.757), LR: 0.000246
[GPU cuda:0][TRAIN] Epoch: [5][450/3100], Elapsed 2m 20s (remain 13m 46s), Accuracy: 100.000(68.625), Loss: 0.368(0.749), LR: 0.000246
[GPU cuda:0][TRAIN] Epoch: [5][500/3100], Elapsed 2m 36s (remain 13m 30s), Accuracy: 75.000(68.363), Loss: 0.675(0.754), LR: 0.000247
[GPU cuda:0][TRAIN] Epoch: [5][550/3100], Elapsed 2m 51s (remain 13m 14s), Accuracy: 25.000(68.693), Loss: 1.184(0.747), LR: 0.000247
[GPU cuda:0][TRAIN] Epoch: [5][600/3100], Elapsed 3m 7s (remain 12m 58s), Accuracy: 100.000(69.093), Loss: 0.164(0.743), LR: 0.000247
[GPU cuda:0][TRAIN] Epoch: [5][650/3100], Elapsed 3m 22s (remain 12m 42s), Accuracy: 75.000(69.201), Loss: 0.297(0.740), LR: 0.000248
[GPU cuda:0][TRAIN] Epoch: [5][700/3100], Elapsed 3m 38s (remain 12m 27s), Accuracy: 75.000(68.902), Loss: 0.566(0.747), LR: 0.000248
[GPU cuda:0][TRAIN] Epoch: [5][750/3100], Elapsed 3m 53s (remain 12m 11s), Accuracy: 100.000(69.208), Loss: 0.026(0.744), LR: 0.000248
[GPU cuda:0][TRAIN] Epoch: [5][800/3100], Elapsed 4m 9s (remain 11m 55s), Accuracy: 100.000(69.257), Loss: 0.405(0.745), LR: 0.000248
[GPU cuda:0][TRAIN] Epoch: [5][850/3100], Elapsed 4m 24s (remain 11m 40s), Accuracy: 50.000(69.271), Loss: 0.930(0.746), LR: 0.000249
[GPU cuda:0][TRAIN] Epoch: [5][900/3100], Elapsed 4m 40s (remain 11m 24s), Accuracy: 75.000(69.062), Loss: 0.624(0.751), LR: 0.000249
[GPU cuda:0][TRAIN] Epoch: [5][950/3100], Elapsed 4m 55s (remain 11m 8s), Accuracy: 75.000(69.085), Loss: 0.566(0.753), LR: 0.000249
[GPU cuda:0][TRAIN] Epoch: [5][1000/3100], Elapsed 5m 11s (remain 10m 53s), Accuracy: 75.000(69.505), Loss: 0.390(0.747), LR: 0.000249
[GPU cuda:0][TRAIN] Epoch: [5][1050/3100], Elapsed 5m 27s (remain 10m 37s), Accuracy: 75.000(69.791), Loss: 0.209(0.740), LR: 0.000249
[GPU cuda:0][TRAIN] Epoch: [5][1100/3100], Elapsed 5m 42s (remain 10m 22s), Accuracy: 25.000(69.664), Loss: 1.361(0.739), LR: 0.000249
[GPU cuda:0][TRAIN] Epoch: [5][1150/3100], Elapsed 5m 58s (remain 10m 6s), Accuracy: 75.000(69.809), Loss: 0.619(0.737), LR: 0.000250
[GPU cuda:0][TRAIN] Epoch: [5][1200/3100], Elapsed 6m 13s (remain 9m 51s), Accuracy: 100.000(69.838), Loss: 0.219(0.736), LR: 0.000250
[GPU cuda:0][TRAIN] Epoch: [5][1250/3100], Elapsed 6m 29s (remain 9m 35s), Accuracy: 75.000(69.604), Loss: 0.734(0.738), LR: 0.000250
[GPU cuda:0][TRAIN] Epoch: [5][1300/3100], Elapsed 6m 44s (remain 9m 19s), Accuracy: 75.000(69.600), Loss: 0.374(0.738), LR: 0.000250
[GPU cuda:0][TRAIN] Epoch: [5][1350/3100], Elapsed 7m 0s (remain 9m 4s), Accuracy: 100.000(69.837), Loss: 0.233(0.732), LR: 0.000250
[GPU cuda:0][TRAIN] Epoch: [5][1400/3100], Elapsed 7m 15s (remain 8m 48s), Accuracy: 100.000(69.772), Loss: 0.580(0.732), LR: 0.000250
[GPU cuda:0][TRAIN] Epoch: [5][1450/3100], Elapsed 7m 31s (remain 8m 32s), Accuracy: 75.000(69.883), Loss: 0.549(0.729), LR: 0.000250
[GPU cuda:0][TRAIN] Epoch: [5][1500/3100], Elapsed 7m 46s (remain 8m 17s), Accuracy: 100.000(70.020), Loss: 0.683(0.727), LR: 0.000250
[GPU cuda:0][TRAIN] Epoch: [5][1550/3100], Elapsed 8m 2s (remain 8m 1s), Accuracy: 100.000(70.003), Loss: 0.080(0.726), LR: 0.000250
[GPU cuda:0][TRAIN] Epoch: [5][1600/3100], Elapsed 8m 17s (remain 7m 46s), Accuracy: 100.000(69.863), Loss: 0.313(0.730), LR: 0.000250
[GPU cuda:0][TRAIN] Epoch: [5][1650/3100], Elapsed 8m 33s (remain 7m 30s), Accuracy: 100.000(69.973), Loss: 0.234(0.727), LR: 0.000250
[GPU cuda:0][TRAIN] Epoch: [5][1700/3100], Elapsed 8m 49s (remain 7m 15s), Accuracy: 50.000(69.812), Loss: 1.070(0.728), LR: 0.000250
[GPU cuda:0][TRAIN] Epoch: [5][1750/3100], Elapsed 9m 4s (remain 6m 59s), Accuracy: 75.000(69.703), Loss: 0.952(0.731), LR: 0.000250
[GPU cuda:0][TRAIN] Epoch: [5][1800/3100], Elapsed 9m 20s (remain 6m 43s), Accuracy: 100.000(69.684), Loss: 0.248(0.730), LR: 0.000250
[GPU cuda:0][TRAIN] Epoch: [5][1850/3100], Elapsed 9m 35s (remain 6m 28s), Accuracy: 50.000(69.598), Loss: 0.648(0.731), LR: 0.000250
[GPU cuda:0][TRAIN] Epoch: [5][1900/3100], Elapsed 9m 51s (remain 6m 12s), Accuracy: 75.000(69.805), Loss: 0.608(0.728), LR: 0.000250
[GPU cuda:0][TRAIN] Epoch: [5][1950/3100], Elapsed 10m 6s (remain 5m 57s), Accuracy: 75.000(69.874), Loss: 0.577(0.726), LR: 0.000250
[GPU cuda:0][TRAIN] Epoch: [5][2000/3100], Elapsed 10m 22s (remain 5m 41s), Accuracy: 75.000(69.915), Loss: 0.649(0.725), LR: 0.000250
[GPU cuda:0][TRAIN] Epoch: [5][2050/3100], Elapsed 10m 37s (remain 5m 26s), Accuracy: 75.000(70.063), Loss: 0.334(0.722), LR: 0.000250
[GPU cuda:0][TRAIN] Epoch: [5][2100/3100], Elapsed 10m 53s (remain 5m 10s), Accuracy: 75.000(70.145), Loss: 1.789(0.723), LR: 0.000250
[GPU cuda:0][TRAIN] Epoch: [5][2150/3100], Elapsed 11m 8s (remain 4m 55s), Accuracy: 50.000(70.328), Loss: 1.115(0.720), LR: 0.000250
[GPU cuda:0][TRAIN] Epoch: [5][2200/3100], Elapsed 11m 24s (remain 4m 39s), Accuracy: 25.000(70.366), Loss: 1.572(0.720), LR: 0.000250
[GPU cuda:0][TRAIN] Epoch: [5][2250/3100], Elapsed 11m 39s (remain 4m 23s), Accuracy: 50.000(70.469), Loss: 0.589(0.717), LR: 0.000250
[GPU cuda:0][TRAIN] Epoch: [5][2300/3100], Elapsed 11m 55s (remain 4m 8s), Accuracy: 25.000(70.448), Loss: 1.616(0.718), LR: 0.000250
[GPU cuda:0][TRAIN] Epoch: [5][2350/3100], Elapsed 12m 11s (remain 3m 52s), Accuracy: 50.000(70.449), Loss: 0.845(0.717), LR: 0.000250
[GPU cuda:0][TRAIN] Epoch: [5][2400/3100], Elapsed 12m 26s (remain 3m 37s), Accuracy: 25.000(70.242), Loss: 1.424(0.720), LR: 0.000250
[GPU cuda:0][TRAIN] Epoch: [5][2450/3100], Elapsed 12m 42s (remain 3m 21s), Accuracy: 50.000(70.186), Loss: 0.756(0.721), LR: 0.000250
[GPU cuda:0][TRAIN] Epoch: [5][2500/3100], Elapsed 12m 57s (remain 3m 6s), Accuracy: 75.000(70.292), Loss: 0.807(0.719), LR: 0.000249
[GPU cuda:0][TRAIN] Epoch: [5][2550/3100], Elapsed 13m 13s (remain 2m 50s), Accuracy: 75.000(70.257), Loss: 1.114(0.721), LR: 0.000249
[GPU cuda:0][TRAIN] Epoch: [5][2600/3100], Elapsed 13m 28s (remain 2m 35s), Accuracy: 50.000(70.434), Loss: 0.717(0.717), LR: 0.000249
[GPU cuda:0][TRAIN] Epoch: [5][2650/3100], Elapsed 13m 44s (remain 2m 19s), Accuracy: 50.000(70.568), Loss: 0.717(0.714), LR: 0.000249
[GPU cuda:0][TRAIN] Epoch: [5][2700/3100], Elapsed 13m 59s (remain 2m 4s), Accuracy: 75.000(70.715), Loss: 0.673(0.712), LR: 0.000249
[GPU cuda:0][TRAIN] Epoch: [5][2750/3100], Elapsed 14m 15s (remain 1m 48s), Accuracy: 50.000(70.829), Loss: 0.978(0.712), LR: 0.000249
[GPU cuda:0][TRAIN] Epoch: [5][2800/3100], Elapsed 14m 30s (remain 1m 32s), Accuracy: 50.000(70.743), Loss: 1.022(0.713), LR: 0.000249
[GPU cuda:0][TRAIN] Epoch: [5][2850/3100], Elapsed 14m 46s (remain 1m 17s), Accuracy: 75.000(70.730), Loss: 0.939(0.715), LR: 0.000249
[GPU cuda:0][TRAIN] Epoch: [5][2900/3100], Elapsed 15m 1s (remain 1m 1s), Accuracy: 75.000(70.614), Loss: 0.702(0.716), LR: 0.000249
[GPU cuda:0][TRAIN] Epoch: [5][2950/3100], Elapsed 15m 17s (remain 0m 46s), Accuracy: 75.000(70.637), Loss: 0.298(0.715), LR: 0.000249
[GPU cuda:0][TRAIN] Epoch: [5][3000/3100], Elapsed 15m 32s (remain 0m 30s), Accuracy: 25.000(70.660), Loss: 1.150(0.715), LR: 0.000249
[GPU cuda:0][TRAIN] Epoch: [5][3050/3100], Elapsed 15m 48s (remain 0m 15s), Accuracy: 75.000(70.764), Loss: 0.415(0.713), LR: 0.000249
[GPU cuda:0][TRAIN] Epoch: [5][3099/3100], Elapsed 16m 3s (remain 0m 0s), Accuracy: 25.000(70.823), Loss: 1.740(0.712), LR: 0.000249
[GPU cuda:0][VALID][0/388], Elapsed 0m 0s (remain 3m 21s), Accuracy: 87.500(87.500), Batch Loss: 0.3732, Average Loss: 0.3732
[GPU cuda:0][VALID][50/388], Elapsed 0m 12s (remain 1m 20s), Accuracy: 62.500(69.853), Batch Loss: 1.0764, Average Loss: 0.7332
[GPU cuda:0][VALID][100/388], Elapsed 0m 23s (remain 1m 7s), Accuracy: 75.000(68.688), Batch Loss: 0.7052, Average Loss: 0.7641
[GPU cuda:0][VALID][150/388], Elapsed 0m 35s (remain 0m 55s), Accuracy: 62.500(67.136), Batch Loss: 0.9250, Average Loss: 0.7973
[GPU cuda:0][VALID][200/388], Elapsed 0m 47s (remain 0m 43s), Accuracy: 75.000(66.604), Batch Loss: 0.4393, Average Loss: 0.8011
[GPU cuda:0][VALID][250/388], Elapsed 0m 58s (remain 0m 32s), Accuracy: 62.500(66.335), Batch Loss: 0.8528, Average Loss: 0.8135
[GPU cuda:0][VALID][300/388], Elapsed 1m 10s (remain 0m 20s), Accuracy: 37.500(66.487), Batch Loss: 1.1284, Average Loss: 0.8109
[GPU cuda:0][VALID][350/388], Elapsed 1m 22s (remain 0m 8s), Accuracy: 37.500(66.311), Batch Loss: 1.4883, Average Loss: 0.8114
[GPU cuda:0][VALID][387/388], Elapsed 1m 30s (remain 0m 0s), Accuracy: 75.000(66.269), Batch Loss: 0.6948, Average Loss: 0.8091
Valid Labels Samples: [2 0 1 4 1 0 3 1 4 3]
Valid Predictions Samples: [2, 0, 1, 4, 1, 1, 3, 1, 3, 0]
Epoch 5 - Train Average Loss: 70.823, Valid Average Loss: 66.269, Epoch Time: 1057.143s
Epoch 5 - Accuracy: 0.663, Precision: 0.668, Recall: 0.663
[GPU cuda:0][TRAIN] Epoch: [6][0/3100], Elapsed 0m 0s (remain 35m 55s), Accuracy: 75.000(75.000), Loss: 0.698(0.698), LR: 0.000249
[GPU cuda:0][TRAIN] Epoch: [6][50/3100], Elapsed 0m 16s (remain 16m 12s), Accuracy: 50.000(73.039), Loss: 1.087(0.641), LR: 0.000249
[GPU cuda:0][TRAIN] Epoch: [6][100/3100], Elapsed 0m 31s (remain 15m 44s), Accuracy: 25.000(72.772), Loss: 1.645(0.643), LR: 0.000248
[GPU cuda:0][TRAIN] Epoch: [6][150/3100], Elapsed 0m 47s (remain 15m 24s), Accuracy: 100.000(70.861), Loss: 0.033(0.675), LR: 0.000248
[GPU cuda:0][TRAIN] Epoch: [6][200/3100], Elapsed 1m 2s (remain 15m 6s), Accuracy: 100.000(72.264), Loss: 0.106(0.664), LR: 0.000248
[GPU cuda:0][TRAIN] Epoch: [6][250/3100], Elapsed 1m 18s (remain 14m 50s), Accuracy: 50.000(71.116), Loss: 0.951(0.682), LR: 0.000248
[GPU cuda:0][TRAIN] Epoch: [6][300/3100], Elapsed 1m 33s (remain 14m 33s), Accuracy: 100.000(71.927), Loss: 0.317(0.677), LR: 0.000248
[GPU cuda:0][TRAIN] Epoch: [6][350/3100], Elapsed 1m 49s (remain 14m 18s), Accuracy: 25.000(71.937), Loss: 2.240(0.671), LR: 0.000248
[GPU cuda:0][TRAIN] Epoch: [6][400/3100], Elapsed 2m 5s (remain 14m 2s), Accuracy: 50.000(71.259), Loss: 0.916(0.688), LR: 0.000248
[GPU cuda:0][TRAIN] Epoch: [6][450/3100], Elapsed 2m 20s (remain 13m 46s), Accuracy: 75.000(71.729), Loss: 0.463(0.678), LR: 0.000248
[GPU cuda:0][TRAIN] Epoch: [6][500/3100], Elapsed 2m 36s (remain 13m 30s), Accuracy: 75.000(71.707), Loss: 0.530(0.682), LR: 0.000248
[GPU cuda:0][TRAIN] Epoch: [6][550/3100], Elapsed 2m 51s (remain 13m 14s), Accuracy: 50.000(72.232), Loss: 1.144(0.675), LR: 0.000247
[GPU cuda:0][TRAIN] Epoch: [6][600/3100], Elapsed 3m 7s (remain 12m 58s), Accuracy: 100.000(72.546), Loss: 0.288(0.673), LR: 0.000247
[GPU cuda:0][TRAIN] Epoch: [6][650/3100], Elapsed 3m 22s (remain 12m 42s), Accuracy: 75.000(72.696), Loss: 0.340(0.672), LR: 0.000247
[GPU cuda:0][TRAIN] Epoch: [6][700/3100], Elapsed 3m 38s (remain 12m 26s), Accuracy: 100.000(72.682), Loss: 0.459(0.675), LR: 0.000247
[GPU cuda:0][TRAIN] Epoch: [6][750/3100], Elapsed 3m 53s (remain 12m 10s), Accuracy: 100.000(72.703), Loss: 0.060(0.677), LR: 0.000247
[GPU cuda:0][TRAIN] Epoch: [6][800/3100], Elapsed 4m 9s (remain 11m 55s), Accuracy: 100.000(72.503), Loss: 0.412(0.679), LR: 0.000247
[GPU cuda:0][TRAIN] Epoch: [6][850/3100], Elapsed 4m 24s (remain 11m 39s), Accuracy: 100.000(72.650), Loss: 0.170(0.678), LR: 0.000247
[GPU cuda:0][TRAIN] Epoch: [6][900/3100], Elapsed 4m 40s (remain 11m 23s), Accuracy: 50.000(72.558), Loss: 0.771(0.681), LR: 0.000247
[GPU cuda:0][TRAIN] Epoch: [6][950/3100], Elapsed 4m 55s (remain 11m 8s), Accuracy: 100.000(72.634), Loss: 0.399(0.681), LR: 0.000246
[GPU cuda:0][TRAIN] Epoch: [6][1000/3100], Elapsed 5m 11s (remain 10m 52s), Accuracy: 100.000(72.727), Loss: 0.427(0.678), LR: 0.000246
[GPU cuda:0][TRAIN] Epoch: [6][1050/3100], Elapsed 5m 26s (remain 10m 36s), Accuracy: 100.000(72.835), Loss: 0.097(0.673), LR: 0.000246
[GPU cuda:0][TRAIN] Epoch: [6][1100/3100], Elapsed 5m 42s (remain 10m 21s), Accuracy: 25.000(72.934), Loss: 1.289(0.671), LR: 0.000246
[GPU cuda:0][TRAIN] Epoch: [6][1150/3100], Elapsed 5m 57s (remain 10m 5s), Accuracy: 100.000(73.197), Loss: 0.176(0.668), LR: 0.000246
[GPU cuda:0][TRAIN] Epoch: [6][1200/3100], Elapsed 6m 13s (remain 9m 50s), Accuracy: 100.000(73.231), Loss: 0.147(0.666), LR: 0.000246
[GPU cuda:0][TRAIN] Epoch: [6][1250/3100], Elapsed 6m 28s (remain 9m 34s), Accuracy: 75.000(72.942), Loss: 0.801(0.669), LR: 0.000245
[GPU cuda:0][TRAIN] Epoch: [6][1300/3100], Elapsed 6m 44s (remain 9m 18s), Accuracy: 75.000(72.963), Loss: 0.638(0.670), LR: 0.000245
[GPU cuda:0][TRAIN] Epoch: [6][1350/3100], Elapsed 6m 59s (remain 9m 3s), Accuracy: 100.000(73.131), Loss: 0.218(0.664), LR: 0.000245
[GPU cuda:0][TRAIN] Epoch: [6][1400/3100], Elapsed 7m 15s (remain 8m 47s), Accuracy: 100.000(72.930), Loss: 0.433(0.665), LR: 0.000245
[GPU cuda:0][TRAIN] Epoch: [6][1450/3100], Elapsed 7m 30s (remain 8m 32s), Accuracy: 75.000(73.122), Loss: 0.507(0.661), LR: 0.000245
[GPU cuda:0][TRAIN] Epoch: [6][1500/3100], Elapsed 7m 46s (remain 8m 16s), Accuracy: 50.000(73.135), Loss: 1.034(0.660), LR: 0.000245
[GPU cuda:0][TRAIN] Epoch: [6][1550/3100], Elapsed 8m 1s (remain 8m 1s), Accuracy: 100.000(73.066), Loss: 0.055(0.660), LR: 0.000244
[GPU cuda:0][TRAIN] Epoch: [6][1600/3100], Elapsed 8m 17s (remain 7m 45s), Accuracy: 100.000(73.079), Loss: 0.196(0.659), LR: 0.000244
[GPU cuda:0][TRAIN] Epoch: [6][1650/3100], Elapsed 8m 32s (remain 7m 30s), Accuracy: 100.000(73.228), Loss: 0.089(0.655), LR: 0.000244
[GPU cuda:0][TRAIN] Epoch: [6][1700/3100], Elapsed 8m 48s (remain 7m 14s), Accuracy: 25.000(73.266), Loss: 1.685(0.654), LR: 0.000244
[GPU cuda:0][TRAIN] Epoch: [6][1750/3100], Elapsed 9m 3s (remain 6m 59s), Accuracy: 75.000(73.172), Loss: 0.527(0.657), LR: 0.000244
[GPU cuda:0][TRAIN] Epoch: [6][1800/3100], Elapsed 9m 19s (remain 6m 43s), Accuracy: 100.000(73.154), Loss: 0.156(0.657), LR: 0.000244
[GPU cuda:0][TRAIN] Epoch: [6][1850/3100], Elapsed 9m 35s (remain 6m 28s), Accuracy: 50.000(73.109), Loss: 0.820(0.659), LR: 0.000243
[GPU cuda:0][TRAIN] Epoch: [6][1900/3100], Elapsed 9m 50s (remain 6m 12s), Accuracy: 75.000(73.211), Loss: 0.718(0.657), LR: 0.000243
[GPU cuda:0][TRAIN] Epoch: [6][1950/3100], Elapsed 10m 6s (remain 5m 56s), Accuracy: 75.000(73.168), Loss: 0.415(0.656), LR: 0.000243
[GPU cuda:0][TRAIN] Epoch: [6][2000/3100], Elapsed 10m 21s (remain 5m 41s), Accuracy: 75.000(73.226), Loss: 0.394(0.655), LR: 0.000243
[GPU cuda:0][TRAIN] Epoch: [6][2050/3100], Elapsed 10m 37s (remain 5m 25s), Accuracy: 75.000(73.354), Loss: 0.472(0.653), LR: 0.000243
[GPU cuda:0][TRAIN] Epoch: [6][2100/3100], Elapsed 10m 52s (remain 5m 10s), Accuracy: 75.000(73.263), Loss: 1.562(0.655), LR: 0.000242
[GPU cuda:0][TRAIN] Epoch: [6][2150/3100], Elapsed 11m 8s (remain 4m 54s), Accuracy: 50.000(73.384), Loss: 0.968(0.652), LR: 0.000242
[GPU cuda:0][TRAIN] Epoch: [6][2200/3100], Elapsed 11m 23s (remain 4m 39s), Accuracy: 25.000(73.364), Loss: 1.240(0.653), LR: 0.000242
[GPU cuda:0][TRAIN] Epoch: [6][2250/3100], Elapsed 11m 39s (remain 4m 23s), Accuracy: 50.000(73.412), Loss: 0.551(0.652), LR: 0.000242
[GPU cuda:0][TRAIN] Epoch: [6][2300/3100], Elapsed 11m 54s (remain 4m 8s), Accuracy: 50.000(73.425), Loss: 1.106(0.651), LR: 0.000241
[GPU cuda:0][TRAIN] Epoch: [6][2350/3100], Elapsed 12m 10s (remain 3m 52s), Accuracy: 75.000(73.479), Loss: 0.594(0.650), LR: 0.000241
[GPU cuda:0][TRAIN] Epoch: [6][2400/3100], Elapsed 12m 25s (remain 3m 37s), Accuracy: 50.000(73.386), Loss: 0.903(0.651), LR: 0.000241
[GPU cuda:0][TRAIN] Epoch: [6][2450/3100], Elapsed 12m 41s (remain 3m 21s), Accuracy: 50.000(73.337), Loss: 1.330(0.653), LR: 0.000241
[GPU cuda:0][TRAIN] Epoch: [6][2500/3100], Elapsed 12m 57s (remain 3m 6s), Accuracy: 75.000(73.321), Loss: 0.797(0.653), LR: 0.000241
[GPU cuda:0][TRAIN] Epoch: [6][2550/3100], Elapsed 13m 12s (remain 2m 50s), Accuracy: 25.000(73.275), Loss: 1.522(0.654), LR: 0.000240
[GPU cuda:0][TRAIN] Epoch: [6][2600/3100], Elapsed 13m 28s (remain 2m 35s), Accuracy: 50.000(73.376), Loss: 0.684(0.652), LR: 0.000240
[GPU cuda:0][TRAIN] Epoch: [6][2650/3100], Elapsed 13m 43s (remain 2m 19s), Accuracy: 50.000(73.397), Loss: 1.265(0.650), LR: 0.000240
[GPU cuda:0][TRAIN] Epoch: [6][2700/3100], Elapsed 13m 59s (remain 2m 3s), Accuracy: 100.000(73.547), Loss: 0.242(0.648), LR: 0.000240
[GPU cuda:0][TRAIN] Epoch: [6][2750/3100], Elapsed 14m 14s (remain 1m 48s), Accuracy: 75.000(73.628), Loss: 0.757(0.647), LR: 0.000239
[GPU cuda:0][TRAIN] Epoch: [6][2800/3100], Elapsed 14m 30s (remain 1m 32s), Accuracy: 50.000(73.608), Loss: 1.157(0.648), LR: 0.000239
[GPU cuda:0][TRAIN] Epoch: [6][2850/3100], Elapsed 14m 45s (remain 1m 17s), Accuracy: 75.000(73.676), Loss: 0.956(0.647), LR: 0.000239
[GPU cuda:0][TRAIN] Epoch: [6][2900/3100], Elapsed 15m 1s (remain 1m 1s), Accuracy: 100.000(73.595), Loss: 0.635(0.648), LR: 0.000239
[GPU cuda:0][TRAIN] Epoch: [6][2950/3100], Elapsed 15m 16s (remain 0m 46s), Accuracy: 75.000(73.687), Loss: 0.314(0.647), LR: 0.000238
[GPU cuda:0][TRAIN] Epoch: [6][3000/3100], Elapsed 15m 32s (remain 0m 30s), Accuracy: 25.000(73.742), Loss: 1.103(0.647), LR: 0.000238
[GPU cuda:0][TRAIN] Epoch: [6][3050/3100], Elapsed 15m 47s (remain 0m 15s), Accuracy: 75.000(73.869), Loss: 0.442(0.646), LR: 0.000238
[GPU cuda:0][TRAIN] Epoch: [6][3099/3100], Elapsed 16m 2s (remain 0m 0s), Accuracy: 25.000(73.839), Loss: 2.105(0.647), LR: 0.000238
[GPU cuda:0][VALID][0/388], Elapsed 0m 0s (remain 3m 25s), Accuracy: 87.500(87.500), Batch Loss: 0.3099, Average Loss: 0.3099
[GPU cuda:0][VALID][50/388], Elapsed 0m 12s (remain 1m 20s), Accuracy: 50.000(66.422), Batch Loss: 1.0441, Average Loss: 0.7536
[GPU cuda:0][VALID][100/388], Elapsed 0m 23s (remain 1m 7s), Accuracy: 75.000(68.936), Batch Loss: 0.7343, Average Loss: 0.7655
[GPU cuda:0][VALID][150/388], Elapsed 0m 35s (remain 0m 55s), Accuracy: 62.500(68.295), Batch Loss: 1.1290, Average Loss: 0.7883
[GPU cuda:0][VALID][200/388], Elapsed 0m 47s (remain 0m 43s), Accuracy: 87.500(68.159), Batch Loss: 0.3324, Average Loss: 0.7838
[GPU cuda:0][VALID][250/388], Elapsed 0m 58s (remain 0m 32s), Accuracy: 37.500(67.530), Batch Loss: 1.0323, Average Loss: 0.7970
[GPU cuda:0][VALID][300/388], Elapsed 1m 10s (remain 0m 20s), Accuracy: 50.000(67.525), Batch Loss: 1.0489, Average Loss: 0.7956
[GPU cuda:0][VALID][350/388], Elapsed 1m 22s (remain 0m 8s), Accuracy: 62.500(67.521), Batch Loss: 0.7487, Average Loss: 0.7873
[GPU cuda:0][VALID][387/388], Elapsed 1m 30s (remain 0m 0s), Accuracy: 100.000(68.138), Batch Loss: 0.6690, Average Loss: 0.7767
Valid Labels Samples: [2 0 1 4 1 0 3 1 4 3]
Valid Predictions Samples: [2, 0, 1, 4, 1, 0, 4, 1, 4, 0]
Epoch 6 - Train Average Loss: 73.839, Valid Average Loss: 68.138, Epoch Time: 1056.408s
Epoch 6 - Accuracy: 0.681, Precision: 0.694, Recall: 0.681
[GPU cuda:0][TRAIN] Epoch: [7][0/3100], Elapsed 0m 0s (remain 35m 51s), Accuracy: 75.000(75.000), Loss: 0.839(0.839), LR: 0.000238
[GPU cuda:0][TRAIN] Epoch: [7][50/3100], Elapsed 0m 16s (remain 16m 12s), Accuracy: 75.000(75.980), Loss: 0.411(0.576), LR: 0.000237
[GPU cuda:0][TRAIN] Epoch: [7][100/3100], Elapsed 0m 31s (remain 15m 45s), Accuracy: 25.000(75.743), Loss: 2.243(0.580), LR: 0.000237
[GPU cuda:0][TRAIN] Epoch: [7][150/3100], Elapsed 0m 47s (remain 15m 25s), Accuracy: 100.000(73.510), Loss: 0.101(0.603), LR: 0.000237
[GPU cuda:0][TRAIN] Epoch: [7][200/3100], Elapsed 1m 2s (remain 15m 7s), Accuracy: 100.000(73.881), Loss: 0.110(0.605), LR: 0.000237
[GPU cuda:0][TRAIN] Epoch: [7][250/3100], Elapsed 1m 18s (remain 14m 49s), Accuracy: 75.000(73.705), Loss: 0.776(0.612), LR: 0.000236
[GPU cuda:0][TRAIN] Epoch: [7][300/3100], Elapsed 1m 33s (remain 14m 33s), Accuracy: 100.000(74.003), Loss: 0.130(0.606), LR: 0.000236
[GPU cuda:0][TRAIN] Epoch: [7][350/3100], Elapsed 1m 49s (remain 14m 17s), Accuracy: 0.000(74.145), Loss: 1.606(0.599), LR: 0.000236
[GPU cuda:0][TRAIN] Epoch: [7][400/3100], Elapsed 2m 4s (remain 14m 1s), Accuracy: 25.000(73.940), Loss: 1.201(0.612), LR: 0.000235
[GPU cuda:0][TRAIN] Epoch: [7][450/3100], Elapsed 2m 20s (remain 13m 45s), Accuracy: 100.000(74.446), Loss: 0.279(0.605), LR: 0.000235
[GPU cuda:0][TRAIN] Epoch: [7][500/3100], Elapsed 2m 36s (remain 13m 29s), Accuracy: 100.000(74.501), Loss: 0.663(0.606), LR: 0.000235
[GPU cuda:0][TRAIN] Epoch: [7][550/3100], Elapsed 2m 51s (remain 13m 13s), Accuracy: 25.000(74.909), Loss: 1.654(0.603), LR: 0.000235
[GPU cuda:0][TRAIN] Epoch: [7][600/3100], Elapsed 3m 7s (remain 12m 58s), Accuracy: 100.000(75.083), Loss: 0.188(0.602), LR: 0.000234
[GPU cuda:0][TRAIN] Epoch: [7][650/3100], Elapsed 3m 22s (remain 12m 42s), Accuracy: 100.000(75.000), Loss: 0.105(0.604), LR: 0.000234
[GPU cuda:0][TRAIN] Epoch: [7][700/3100], Elapsed 3m 38s (remain 12m 26s), Accuracy: 75.000(74.679), Loss: 0.502(0.612), LR: 0.000234
[GPU cuda:0][TRAIN] Epoch: [7][750/3100], Elapsed 3m 53s (remain 12m 10s), Accuracy: 100.000(74.867), Loss: 0.040(0.613), LR: 0.000233
[GPU cuda:0][TRAIN] Epoch: [7][800/3100], Elapsed 4m 9s (remain 11m 54s), Accuracy: 75.000(74.844), Loss: 0.429(0.613), LR: 0.000233
[GPU cuda:0][TRAIN] Epoch: [7][850/3100], Elapsed 4m 24s (remain 11m 39s), Accuracy: 100.000(74.765), Loss: 0.128(0.617), LR: 0.000233
[GPU cuda:0][TRAIN] Epoch: [7][900/3100], Elapsed 4m 40s (remain 11m 23s), Accuracy: 75.000(74.695), Loss: 0.469(0.620), LR: 0.000232
[GPU cuda:0][TRAIN] Epoch: [7][950/3100], Elapsed 4m 55s (remain 11m 8s), Accuracy: 100.000(74.606), Loss: 0.328(0.622), LR: 0.000232
[GPU cuda:0][TRAIN] Epoch: [7][1000/3100], Elapsed 5m 11s (remain 10m 52s), Accuracy: 100.000(74.925), Loss: 0.288(0.616), LR: 0.000232
[GPU cuda:0][TRAIN] Epoch: [7][1050/3100], Elapsed 5m 26s (remain 10m 36s), Accuracy: 75.000(75.143), Loss: 0.195(0.609), LR: 0.000232
[GPU cuda:0][TRAIN] Epoch: [7][1100/3100], Elapsed 5m 42s (remain 10m 21s), Accuracy: 25.000(75.454), Loss: 1.314(0.604), LR: 0.000231
[GPU cuda:0][TRAIN] Epoch: [7][1150/3100], Elapsed 5m 57s (remain 10m 5s), Accuracy: 75.000(75.521), Loss: 0.593(0.604), LR: 0.000231
[GPU cuda:0][TRAIN] Epoch: [7][1200/3100], Elapsed 6m 13s (remain 9m 49s), Accuracy: 100.000(75.541), Loss: 0.117(0.602), LR: 0.000231
[GPU cuda:0][TRAIN] Epoch: [7][1250/3100], Elapsed 6m 28s (remain 9m 34s), Accuracy: 75.000(75.360), Loss: 0.803(0.605), LR: 0.000230
[GPU cuda:0][TRAIN] Epoch: [7][1300/3100], Elapsed 6m 44s (remain 9m 18s), Accuracy: 50.000(75.404), Loss: 0.548(0.604), LR: 0.000230
[GPU cuda:0][TRAIN] Epoch: [7][1350/3100], Elapsed 6m 59s (remain 9m 3s), Accuracy: 100.000(75.648), Loss: 0.269(0.598), LR: 0.000230
[GPU cuda:0][TRAIN] Epoch: [7][1400/3100], Elapsed 7m 15s (remain 8m 47s), Accuracy: 75.000(75.589), Loss: 1.159(0.598), LR: 0.000229
[GPU cuda:0][TRAIN] Epoch: [7][1450/3100], Elapsed 7m 30s (remain 8m 32s), Accuracy: 75.000(75.603), Loss: 0.646(0.597), LR: 0.000229
[GPU cuda:0][TRAIN] Epoch: [7][1500/3100], Elapsed 7m 46s (remain 8m 16s), Accuracy: 100.000(75.700), Loss: 0.600(0.596), LR: 0.000229
[GPU cuda:0][TRAIN] Epoch: [7][1550/3100], Elapsed 8m 1s (remain 8m 0s), Accuracy: 100.000(75.709), Loss: 0.076(0.596), LR: 0.000228
[GPU cuda:0][TRAIN] Epoch: [7][1600/3100], Elapsed 8m 17s (remain 7m 45s), Accuracy: 75.000(75.750), Loss: 0.391(0.596), LR: 0.000228
[GPU cuda:0][TRAIN] Epoch: [7][1650/3100], Elapsed 8m 32s (remain 7m 29s), Accuracy: 100.000(75.863), Loss: 0.074(0.594), LR: 0.000228
[GPU cuda:0][TRAIN] Epoch: [7][1700/3100], Elapsed 8m 48s (remain 7m 14s), Accuracy: 50.000(75.838), Loss: 0.820(0.594), LR: 0.000227
[GPU cuda:0][TRAIN] Epoch: [7][1750/3100], Elapsed 9m 3s (remain 6m 58s), Accuracy: 100.000(75.642), Loss: 0.272(0.597), LR: 0.000227
[GPU cuda:0][TRAIN] Epoch: [7][1800/3100], Elapsed 9m 19s (remain 6m 43s), Accuracy: 100.000(75.708), Loss: 0.026(0.597), LR: 0.000227
[GPU cuda:0][TRAIN] Epoch: [7][1850/3100], Elapsed 9m 34s (remain 6m 27s), Accuracy: 75.000(75.608), Loss: 0.636(0.600), LR: 0.000226
[GPU cuda:0][TRAIN] Epoch: [7][1900/3100], Elapsed 9m 50s (remain 6m 12s), Accuracy: 50.000(75.644), Loss: 0.831(0.600), LR: 0.000226
[GPU cuda:0][TRAIN] Epoch: [7][1950/3100], Elapsed 10m 5s (remain 5m 56s), Accuracy: 75.000(75.679), Loss: 0.681(0.599), LR: 0.000225
[GPU cuda:0][TRAIN] Epoch: [7][2000/3100], Elapsed 10m 21s (remain 5m 41s), Accuracy: 100.000(75.737), Loss: 0.249(0.598), LR: 0.000225
[GPU cuda:0][TRAIN] Epoch: [7][2050/3100], Elapsed 10m 36s (remain 5m 25s), Accuracy: 75.000(75.902), Loss: 0.527(0.595), LR: 0.000225
[GPU cuda:0][TRAIN] Epoch: [7][2100/3100], Elapsed 10m 51s (remain 5m 9s), Accuracy: 75.000(75.904), Loss: 1.575(0.596), LR: 0.000224
[GPU cuda:0][TRAIN] Epoch: [7][2150/3100], Elapsed 11m 7s (remain 4m 54s), Accuracy: 50.000(76.000), Loss: 1.005(0.594), LR: 0.000224
[GPU cuda:0][TRAIN] Epoch: [7][2200/3100], Elapsed 11m 22s (remain 4m 38s), Accuracy: 50.000(75.977), Loss: 1.144(0.595), LR: 0.000224
[GPU cuda:0][TRAIN] Epoch: [7][2250/3100], Elapsed 11m 38s (remain 4m 23s), Accuracy: 50.000(76.044), Loss: 0.985(0.592), LR: 0.000223
[GPU cuda:0][TRAIN] Epoch: [7][2300/3100], Elapsed 11m 53s (remain 4m 7s), Accuracy: 50.000(76.097), Loss: 1.189(0.591), LR: 0.000223
[GPU cuda:0][TRAIN] Epoch: [7][2350/3100], Elapsed 12m 9s (remain 3m 52s), Accuracy: 75.000(76.159), Loss: 0.728(0.591), LR: 0.000223
[GPU cuda:0][TRAIN] Epoch: [7][2400/3100], Elapsed 12m 24s (remain 3m 36s), Accuracy: 50.000(76.104), Loss: 0.944(0.592), LR: 0.000222
[GPU cuda:0][TRAIN] Epoch: [7][2450/3100], Elapsed 12m 40s (remain 3m 21s), Accuracy: 75.000(76.051), Loss: 0.402(0.593), LR: 0.000222
[GPU cuda:0][TRAIN] Epoch: [7][2500/3100], Elapsed 12m 55s (remain 3m 5s), Accuracy: 75.000(76.120), Loss: 0.818(0.591), LR: 0.000221
[GPU cuda:0][TRAIN] Epoch: [7][2550/3100], Elapsed 13m 11s (remain 2m 50s), Accuracy: 25.000(76.107), Loss: 1.408(0.591), LR: 0.000221
[GPU cuda:0][TRAIN] Epoch: [7][2600/3100], Elapsed 13m 26s (remain 2m 34s), Accuracy: 75.000(76.278), Loss: 0.608(0.588), LR: 0.000221
[GPU cuda:0][TRAIN] Epoch: [7][2650/3100], Elapsed 13m 42s (remain 2m 19s), Accuracy: 50.000(76.330), Loss: 1.237(0.586), LR: 0.000220
[GPU cuda:0][TRAIN] Epoch: [7][2700/3100], Elapsed 13m 57s (remain 2m 3s), Accuracy: 75.000(76.342), Loss: 0.650(0.585), LR: 0.000220
[GPU cuda:0][TRAIN] Epoch: [7][2750/3100], Elapsed 14m 13s (remain 1m 48s), Accuracy: 25.000(76.381), Loss: 1.299(0.586), LR: 0.000219
[GPU cuda:0][TRAIN] Epoch: [7][2800/3100], Elapsed 14m 28s (remain 1m 32s), Accuracy: 50.000(76.348), Loss: 1.225(0.586), LR: 0.000219
[GPU cuda:0][TRAIN] Epoch: [7][2850/3100], Elapsed 14m 44s (remain 1m 17s), Accuracy: 75.000(76.377), Loss: 0.760(0.586), LR: 0.000219
[GPU cuda:0][TRAIN] Epoch: [7][2900/3100], Elapsed 14m 59s (remain 1m 1s), Accuracy: 100.000(76.353), Loss: 0.301(0.587), LR: 0.000218
[GPU cuda:0][TRAIN] Epoch: [7][2950/3100], Elapsed 15m 15s (remain 0m 46s), Accuracy: 100.000(76.457), Loss: 0.124(0.584), LR: 0.000218
[GPU cuda:0][TRAIN] Epoch: [7][3000/3100], Elapsed 15m 30s (remain 0m 30s), Accuracy: 50.000(76.483), Loss: 1.251(0.584), LR: 0.000217
[GPU cuda:0][TRAIN] Epoch: [7][3050/3100], Elapsed 15m 46s (remain 0m 15s), Accuracy: 75.000(76.483), Loss: 0.403(0.584), LR: 0.000217
[GPU cuda:0][TRAIN] Epoch: [7][3099/3100], Elapsed 16m 1s (remain 0m 0s), Accuracy: 25.000(76.516), Loss: 1.731(0.584), LR: 0.000217
[GPU cuda:0][VALID][0/388], Elapsed 0m 0s (remain 3m 26s), Accuracy: 87.500(87.500), Batch Loss: 0.4218, Average Loss: 0.4218
[GPU cuda:0][VALID][50/388], Elapsed 0m 12s (remain 1m 20s), Accuracy: 62.500(66.176), Batch Loss: 1.1089, Average Loss: 0.8221
[GPU cuda:0][VALID][100/388], Elapsed 0m 23s (remain 1m 7s), Accuracy: 50.000(68.317), Batch Loss: 0.8709, Average Loss: 0.8097
[GPU cuda:0][VALID][150/388], Elapsed 0m 35s (remain 0m 55s), Accuracy: 50.000(66.805), Batch Loss: 0.9876, Average Loss: 0.8466
[GPU cuda:0][VALID][200/388], Elapsed 0m 47s (remain 0m 43s), Accuracy: 87.500(66.604), Batch Loss: 0.6094, Average Loss: 0.8429
[GPU cuda:0][VALID][250/388], Elapsed 0m 58s (remain 0m 32s), Accuracy: 37.500(65.986), Batch Loss: 1.0123, Average Loss: 0.8548
[GPU cuda:0][VALID][300/388], Elapsed 1m 10s (remain 0m 20s), Accuracy: 50.000(66.113), Batch Loss: 0.8541, Average Loss: 0.8557
[GPU cuda:0][VALID][350/388], Elapsed 1m 22s (remain 0m 8s), Accuracy: 50.000(65.919), Batch Loss: 1.1090, Average Loss: 0.8603
[GPU cuda:0][VALID][387/388], Elapsed 1m 30s (remain 0m 0s), Accuracy: 75.000(66.366), Batch Loss: 0.6170, Average Loss: 0.8486
Valid Labels Samples: [2 0 1 4 1 0 3 1 4 3]
Valid Predictions Samples: [2, 0, 1, 4, 1, 1, 3, 1, 3, 0]
Epoch 7 - Train Average Loss: 76.516, Valid Average Loss: 66.366, Epoch Time: 1055.090s
Epoch 7 - Accuracy: 0.664, Precision: 0.691, Recall: 0.664
