[GPU 0]: Config File
{'id': 13, 'model_name': 'swin_large_patch4_window12_384_in22k', 'dropout': 0.5, 'size': 384, 'batch_size_t': 4, 'batch_size_v': 32, 'n_targets': 5, 'criterion': 'CrossEntropyLoss', 'gradient_accumulation_steps': 1, 'max_gradient_norm': None, 'optimizer': 'RangerLars', 'scheduler': 'CosineAnnealingWarmRestarts', 'LR': 0.0003, 'T_0': 200, 'T_max': 10, 'T_mult': 2, 'min_lr': 1e-06, 'max_lr': 0.0001, 'no_batches': 'NA', 'warmup_epochs': 1, 'cosine_epochs': 14, 'epochs': 15, 'update_per_batch': True, 'num_workers': 4, 'n_folds': 5, 'train_transforms': [HorizontalFlip(always_apply=False, p=0.5), VerticalFlip(always_apply=False, p=0.5), RandomRotate90(always_apply=False, p=0.5)], 'valid_transforms': [], 'observations': None, 'use_swa': True, 'swa_lr': 0.01, 'swa_epoch': 0, 'use_sam': True, 'use_asam': True, 'asam_rho': 0.1, 'print_freq': 50, 'one_fold': True, 'use_apex': True, 'distributed_training': False, 'save_to_log': True}
================================================== Training Fold: 0 ==================================================
[GPU cuda:0][TRAIN] Epoch: [1][0/3100], Elapsed 0m 0s (remain 25m 16s), Accuracy: 0.000(0.000), Loss: 1.683(1.683), LR: 0.000300
[GPU cuda:0][TRAIN] Epoch: [1][50/3100], Elapsed 0m 15s (remain 15m 50s), Accuracy: 25.000(13.725), Loss: 1.622(1.645), LR: 0.000255
[GPU cuda:0][TRAIN] Epoch: [1][100/3100], Elapsed 0m 31s (remain 15m 36s), Accuracy: 25.000(15.594), Loss: 1.585(1.630), LR: 0.000148
[GPU cuda:0][TRAIN] Epoch: [1][150/3100], Elapsed 0m 47s (remain 15m 21s), Accuracy: 50.000(17.384), Loss: 1.420(1.622), LR: 0.000043
[GPU cuda:0][TRAIN] Epoch: [1][200/3100], Elapsed 1m 2s (remain 15m 7s), Accuracy: 50.000(19.030), Loss: 1.553(1.615), LR: 0.000300
[GPU cuda:0][TRAIN] Epoch: [1][250/3100], Elapsed 1m 18s (remain 14m 52s), Accuracy: 0.000(20.717), Loss: 1.714(1.612), LR: 0.000288
[GPU cuda:0][TRAIN] Epoch: [1][300/3100], Elapsed 1m 34s (remain 14m 36s), Accuracy: 0.000(21.927), Loss: 1.801(1.606), LR: 0.000255
[GPU cuda:0][TRAIN] Epoch: [1][350/3100], Elapsed 1m 49s (remain 14m 20s), Accuracy: 25.000(22.650), Loss: 1.459(1.600), LR: 0.000207
[GPU cuda:0][TRAIN] Epoch: [1][400/3100], Elapsed 2m 5s (remain 14m 4s), Accuracy: 50.000(23.379), Loss: 1.510(1.592), LR: 0.000149
[GPU cuda:0][TRAIN] Epoch: [1][450/3100], Elapsed 2m 21s (remain 13m 49s), Accuracy: 75.000(25.388), Loss: 1.109(1.576), LR: 0.000092
[GPU cuda:0][TRAIN] Epoch: [1][500/3100], Elapsed 2m 36s (remain 13m 33s), Accuracy: 50.000(26.796), Loss: 1.399(1.564), LR: 0.000044
[GPU cuda:0][TRAIN] Epoch: [1][550/3100], Elapsed 2m 52s (remain 13m 17s), Accuracy: 25.000(27.858), Loss: 1.575(1.548), LR: 0.000012
[GPU cuda:0][TRAIN] Epoch: [1][600/3100], Elapsed 3m 8s (remain 13m 2s), Accuracy: 50.000(28.785), Loss: 1.367(1.536), LR: 0.000300
[GPU cuda:0][TRAIN] Epoch: [1][650/3100], Elapsed 3m 23s (remain 12m 46s), Accuracy: 100.000(29.147), Loss: 0.807(1.529), LR: 0.000297
[GPU cuda:0][TRAIN] Epoch: [1][700/3100], Elapsed 3m 39s (remain 12m 30s), Accuracy: 0.000(29.529), Loss: 1.380(1.522), LR: 0.000288
[GPU cuda:0][TRAIN] Epoch: [1][750/3100], Elapsed 3m 55s (remain 12m 15s), Accuracy: 100.000(30.826), Loss: 0.600(1.503), LR: 0.000274
[GPU cuda:0][TRAIN] Epoch: [1][800/3100], Elapsed 4m 10s (remain 11m 59s), Accuracy: 50.000(31.586), Loss: 1.100(1.494), LR: 0.000256
[GPU cuda:0][TRAIN] Epoch: [1][850/3100], Elapsed 4m 26s (remain 11m 43s), Accuracy: 50.000(32.667), Loss: 1.082(1.480), LR: 0.000233
[GPU cuda:0][TRAIN] Epoch: [1][900/3100], Elapsed 4m 42s (remain 11m 28s), Accuracy: 75.000(33.185), Loss: 1.203(1.469), LR: 0.000207
[GPU cuda:0][TRAIN] Epoch: [1][950/3100], Elapsed 4m 57s (remain 11m 12s), Accuracy: 75.000(34.148), Loss: 0.857(1.453), LR: 0.000179
[GPU cuda:0][TRAIN] Epoch: [1][1000/3100], Elapsed 5m 13s (remain 10m 56s), Accuracy: 25.000(35.040), Loss: 1.148(1.436), LR: 0.000150
[GPU cuda:0][TRAIN] Epoch: [1][1050/3100], Elapsed 5m 28s (remain 10m 41s), Accuracy: 75.000(35.990), Loss: 0.701(1.417), LR: 0.000121
[GPU cuda:0][TRAIN] Epoch: [1][1100/3100], Elapsed 5m 44s (remain 10m 25s), Accuracy: 0.000(37.057), Loss: 1.656(1.397), LR: 0.000093
[GPU cuda:0][TRAIN] Epoch: [1][1150/3100], Elapsed 6m 0s (remain 10m 10s), Accuracy: 50.000(37.750), Loss: 1.512(1.381), LR: 0.000067
[GPU cuda:0][TRAIN] Epoch: [1][1200/3100], Elapsed 6m 15s (remain 9m 54s), Accuracy: 100.000(38.551), Loss: 0.293(1.362), LR: 0.000044
[GPU cuda:0][TRAIN] Epoch: [1][1250/3100], Elapsed 6m 31s (remain 9m 38s), Accuracy: 25.000(39.089), Loss: 1.504(1.350), LR: 0.000026
[GPU cuda:0][TRAIN] Epoch: [1][1300/3100], Elapsed 6m 47s (remain 9m 22s), Accuracy: 25.000(39.835), Loss: 1.087(1.337), LR: 0.000012
[GPU cuda:0][TRAIN] Epoch: [1][1350/3100], Elapsed 7m 2s (remain 9m 7s), Accuracy: 75.000(40.618), Loss: 0.853(1.321), LR: 0.000004
[GPU cuda:0][TRAIN] Epoch: [1][1400/3100], Elapsed 7m 18s (remain 8m 51s), Accuracy: 50.000(41.096), Loss: 0.744(1.309), LR: 0.000300
[GPU cuda:0][TRAIN] Epoch: [1][1450/3100], Elapsed 7m 34s (remain 8m 36s), Accuracy: 75.000(41.489), Loss: 0.730(1.301), LR: 0.000299
[GPU cuda:0][TRAIN] Epoch: [1][1500/3100], Elapsed 7m 49s (remain 8m 20s), Accuracy: 25.000(41.722), Loss: 1.496(1.297), LR: 0.000297
[GPU cuda:0][TRAIN] Epoch: [1][1550/3100], Elapsed 8m 5s (remain 8m 5s), Accuracy: 75.000(41.763), Loss: 0.582(1.293), LR: 0.000293
[GPU cuda:0][TRAIN] Epoch: [1][1600/3100], Elapsed 8m 21s (remain 7m 49s), Accuracy: 25.000(42.146), Loss: 1.209(1.285), LR: 0.000289
[GPU cuda:0][TRAIN] Epoch: [1][1650/3100], Elapsed 8m 37s (remain 7m 33s), Accuracy: 75.000(42.459), Loss: 0.745(1.280), LR: 0.000282
[GPU cuda:0][TRAIN] Epoch: [1][1700/3100], Elapsed 8m 52s (remain 7m 18s), Accuracy: 25.000(42.887), Loss: 1.396(1.272), LR: 0.000275
[GPU cuda:0][TRAIN] Epoch: [1][1750/3100], Elapsed 9m 8s (remain 7m 2s), Accuracy: 50.000(43.033), Loss: 1.119(1.271), LR: 0.000266
[GPU cuda:0][TRAIN] Epoch: [1][1800/3100], Elapsed 9m 24s (remain 6m 46s), Accuracy: 100.000(43.448), Loss: 0.631(1.262), LR: 0.000256
[GPU cuda:0][TRAIN] Epoch: [1][1850/3100], Elapsed 9m 39s (remain 6m 31s), Accuracy: 50.000(43.558), Loss: 1.037(1.258), LR: 0.000245
[GPU cuda:0][TRAIN] Epoch: [1][1900/3100], Elapsed 9m 55s (remain 6m 15s), Accuracy: 50.000(43.911), Loss: 1.202(1.251), LR: 0.000233
[GPU cuda:0][TRAIN] Epoch: [1][1950/3100], Elapsed 10m 11s (remain 6m 0s), Accuracy: 100.000(44.195), Loss: 0.634(1.247), LR: 0.000221
[GPU cuda:0][TRAIN] Epoch: [1][2000/3100], Elapsed 10m 27s (remain 5m 44s), Accuracy: 50.000(44.590), Loss: 1.082(1.240), LR: 0.000207
[GPU cuda:0][TRAIN] Epoch: [1][2050/3100], Elapsed 10m 42s (remain 5m 28s), Accuracy: 75.000(45.027), Loss: 0.667(1.231), LR: 0.000194
[GPU cuda:0][TRAIN] Epoch: [1][2100/3100], Elapsed 10m 58s (remain 5m 13s), Accuracy: 75.000(45.288), Loss: 1.998(1.224), LR: 0.000179
[GPU cuda:0][TRAIN] Epoch: [1][2150/3100], Elapsed 11m 14s (remain 4m 57s), Accuracy: 50.000(45.653), Loss: 1.203(1.217), LR: 0.000165
[GPU cuda:0][TRAIN] Epoch: [1][2200/3100], Elapsed 11m 29s (remain 4m 41s), Accuracy: 25.000(45.945), Loss: 1.443(1.212), LR: 0.000150
[GPU cuda:0][TRAIN] Epoch: [1][2250/3100], Elapsed 11m 45s (remain 4m 26s), Accuracy: 50.000(46.291), Loss: 0.943(1.204), LR: 0.000136
[GPU cuda:0][TRAIN] Epoch: [1][2300/3100], Elapsed 12m 1s (remain 4m 10s), Accuracy: 0.000(46.556), Loss: 1.463(1.197), LR: 0.000121
[GPU cuda:0][TRAIN] Epoch: [1][2350/3100], Elapsed 12m 17s (remain 3m 54s), Accuracy: 75.000(46.810), Loss: 0.811(1.190), LR: 0.000107
[GPU cuda:0][TRAIN] Epoch: [1][2400/3100], Elapsed 12m 32s (remain 3m 39s), Accuracy: 25.000(47.116), Loss: 1.475(1.186), LR: 0.000093
[GPU cuda:0][TRAIN] Epoch: [1][2450/3100], Elapsed 12m 48s (remain 3m 23s), Accuracy: 50.000(47.328), Loss: 0.837(1.180), LR: 0.000080
[GPU cuda:0][TRAIN] Epoch: [1][2500/3100], Elapsed 13m 4s (remain 3m 7s), Accuracy: 25.000(47.651), Loss: 1.302(1.174), LR: 0.000067
[GPU cuda:0][TRAIN] Epoch: [1][2550/3100], Elapsed 13m 19s (remain 2m 52s), Accuracy: 75.000(47.962), Loss: 0.808(1.169), LR: 0.000055
[GPU cuda:0][TRAIN] Epoch: [1][2600/3100], Elapsed 13m 35s (remain 2m 36s), Accuracy: 50.000(48.472), Loss: 0.877(1.160), LR: 0.000045
[GPU cuda:0][TRAIN] Epoch: [1][2650/3100], Elapsed 13m 51s (remain 2m 20s), Accuracy: 25.000(48.802), Loss: 1.448(1.154), LR: 0.000035
[GPU cuda:0][TRAIN] Epoch: [1][2700/3100], Elapsed 14m 6s (remain 2m 5s), Accuracy: 100.000(49.130), Loss: 0.403(1.147), LR: 0.000026
[GPU cuda:0][TRAIN] Epoch: [1][2750/3100], Elapsed 14m 22s (remain 1m 49s), Accuracy: 50.000(49.464), Loss: 0.823(1.140), LR: 0.000019
[GPU cuda:0][TRAIN] Epoch: [1][2800/3100], Elapsed 14m 38s (remain 1m 33s), Accuracy: 25.000(49.723), Loss: 1.446(1.135), LR: 0.000012
[GPU cuda:0][TRAIN] Epoch: [1][2850/3100], Elapsed 14m 53s (remain 1m 18s), Accuracy: 75.000(50.026), Loss: 0.942(1.130), LR: 0.000007
[GPU cuda:0][TRAIN] Epoch: [1][2900/3100], Elapsed 15m 9s (remain 1m 2s), Accuracy: 100.000(50.327), Loss: 0.625(1.125), LR: 0.000004
[GPU cuda:0][TRAIN] Epoch: [1][2950/3100], Elapsed 15m 25s (remain 0m 46s), Accuracy: 75.000(50.585), Loss: 0.519(1.120), LR: 0.000002
[GPU cuda:0][TRAIN] Epoch: [1][3000/3100], Elapsed 15m 40s (remain 0m 31s), Accuracy: 50.000(50.908), Loss: 1.370(1.114), LR: 0.000300
[GPU cuda:0][TRAIN] Epoch: [1][3050/3100], Elapsed 15m 56s (remain 0m 15s), Accuracy: 50.000(51.073), Loss: 1.109(1.111), LR: 0.000300
[GPU cuda:0][TRAIN] Epoch: [1][3099/3100], Elapsed 16m 12s (remain 0m 0s), Accuracy: 50.000(51.145), Loss: 1.852(1.109), LR: 0.000299
[GPU cuda:0][VALID][0/97], Elapsed 0m 1s (remain 2m 11s), Accuracy: 34.375(34.375), Batch Loss: 1.3302, Average Loss: 1.3302
[GPU cuda:0][VALID][50/97], Elapsed 0m 47s (remain 0m 42s), Accuracy: 50.000(43.199), Batch Loss: 1.0196, Average Loss: 1.2633
[GPU cuda:0][VALID][96/97], Elapsed 1m 29s (remain 0m 0s), Accuracy: 42.857(42.259), Batch Loss: 1.2965, Average Loss: 1.2888
Valid Labels Samples: [2 0 1 4 1 0 3 1 4 3]
Valid Predictions Samples: [3, 0, 0, 4, 2, 1, 3, 3, 4, 0]
Epoch 1 - Train Average Loss: 51.145, Valid Average Loss: 42.259, Epoch Time: 1063.768s
Epoch 1 - Accuracy: 0.423, Precision: 0.390, Recall: 0.423
Saved Best Model: 0.42
[GPU cuda:0][TRAIN] Epoch: [2][0/3100], Elapsed 0m 0s (remain 37m 22s), Accuracy: 25.000(25.000), Loss: 1.522(1.522), LR: 0.000299
[GPU cuda:0][TRAIN] Epoch: [2][50/3100], Elapsed 0m 16s (remain 16m 24s), Accuracy: 25.000(53.431), Loss: 1.703(1.057), LR: 0.000298
[GPU cuda:0][TRAIN] Epoch: [2][100/3100], Elapsed 0m 32s (remain 15m 55s), Accuracy: 50.000(50.743), Loss: 1.024(1.084), LR: 0.000297
[GPU cuda:0][TRAIN] Epoch: [2][150/3100], Elapsed 0m 47s (remain 15m 34s), Accuracy: 100.000(52.980), Loss: 0.258(1.044), LR: 0.000295
[GPU cuda:0][TRAIN] Epoch: [2][200/3100], Elapsed 1m 3s (remain 15m 16s), Accuracy: 100.000(54.851), Loss: 0.370(1.034), LR: 0.000294
[GPU cuda:0][TRAIN] Epoch: [2][250/3100], Elapsed 1m 19s (remain 14m 59s), Accuracy: 0.000(53.685), Loss: 1.413(1.036), LR: 0.000291
[GPU cuda:0][TRAIN] Epoch: [2][300/3100], Elapsed 1m 34s (remain 14m 41s), Accuracy: 0.000(54.485), Loss: 1.513(1.028), LR: 0.000289
[GPU cuda:0][TRAIN] Epoch: [2][350/3100], Elapsed 1m 50s (remain 14m 25s), Accuracy: 25.000(54.986), Loss: 1.091(1.013), LR: 0.000286
[GPU cuda:0][TRAIN] Epoch: [2][400/3100], Elapsed 2m 6s (remain 14m 9s), Accuracy: 50.000(54.676), Loss: 0.989(1.015), LR: 0.000282
[GPU cuda:0][TRAIN] Epoch: [2][450/3100], Elapsed 2m 21s (remain 13m 53s), Accuracy: 100.000(55.377), Loss: 0.537(1.000), LR: 0.000279
[GPU cuda:0][TRAIN] Epoch: [2][500/3100], Elapsed 2m 37s (remain 13m 37s), Accuracy: 50.000(55.788), Loss: 1.033(1.001), LR: 0.000275
[GPU cuda:0][TRAIN] Epoch: [2][550/3100], Elapsed 2m 53s (remain 13m 21s), Accuracy: 25.000(56.171), Loss: 1.643(1.000), LR: 0.000270
[GPU cuda:0][TRAIN] Epoch: [2][600/3100], Elapsed 3m 9s (remain 13m 5s), Accuracy: 50.000(56.448), Loss: 1.029(0.993), LR: 0.000266
[GPU cuda:0][TRAIN] Epoch: [2][650/3100], Elapsed 3m 24s (remain 12m 50s), Accuracy: 75.000(57.028), Loss: 0.636(0.986), LR: 0.000261
[GPU cuda:0][TRAIN] Epoch: [2][700/3100], Elapsed 3m 40s (remain 12m 34s), Accuracy: 75.000(56.669), Loss: 0.825(0.990), LR: 0.000256
[GPU cuda:0][TRAIN] Epoch: [2][750/3100], Elapsed 3m 56s (remain 12m 19s), Accuracy: 100.000(56.658), Loss: 0.342(0.993), LR: 0.000251
[GPU cuda:0][TRAIN] Epoch: [2][800/3100], Elapsed 4m 11s (remain 12m 3s), Accuracy: 100.000(56.866), Loss: 0.645(0.991), LR: 0.000245
[GPU cuda:0][TRAIN] Epoch: [2][850/3100], Elapsed 4m 27s (remain 11m 47s), Accuracy: 50.000(57.227), Loss: 1.048(0.986), LR: 0.000239
[GPU cuda:0][TRAIN] Epoch: [2][900/3100], Elapsed 4m 43s (remain 11m 31s), Accuracy: 75.000(57.242), Loss: 0.961(0.989), LR: 0.000233
[GPU cuda:0][TRAIN] Epoch: [2][950/3100], Elapsed 4m 58s (remain 11m 15s), Accuracy: 50.000(57.518), Loss: 0.970(0.989), LR: 0.000227
[GPU cuda:0][TRAIN] Epoch: [2][1000/3100], Elapsed 5m 14s (remain 10m 59s), Accuracy: 75.000(57.892), Loss: 0.694(0.980), LR: 0.000221
[GPU cuda:0][TRAIN] Epoch: [2][1050/3100], Elapsed 5m 30s (remain 10m 43s), Accuracy: 100.000(58.135), Loss: 0.438(0.972), LR: 0.000214
[GPU cuda:0][TRAIN] Epoch: [2][1100/3100], Elapsed 5m 45s (remain 10m 28s), Accuracy: 25.000(58.356), Loss: 1.437(0.966), LR: 0.000208
[GPU cuda:0][TRAIN] Epoch: [2][1150/3100], Elapsed 6m 1s (remain 10m 12s), Accuracy: 75.000(58.536), Loss: 0.631(0.962), LR: 0.000201
[GPU cuda:0][TRAIN] Epoch: [2][1200/3100], Elapsed 6m 17s (remain 9m 56s), Accuracy: 100.000(58.868), Loss: 0.209(0.954), LR: 0.000194
[GPU cuda:0][TRAIN] Epoch: [2][1250/3100], Elapsed 6m 33s (remain 9m 41s), Accuracy: 50.000(58.753), Loss: 1.298(0.954), LR: 0.000187
[GPU cuda:0][TRAIN] Epoch: [2][1300/3100], Elapsed 6m 48s (remain 9m 25s), Accuracy: 50.000(59.051), Loss: 0.957(0.951), LR: 0.000180
[GPU cuda:0][TRAIN] Epoch: [2][1350/3100], Elapsed 7m 4s (remain 9m 9s), Accuracy: 75.000(59.382), Loss: 0.574(0.944), LR: 0.000172
[GPU cuda:0][TRAIN] Epoch: [2][1400/3100], Elapsed 7m 20s (remain 8m 54s), Accuracy: 50.000(59.386), Loss: 1.013(0.942), LR: 0.000165
[GPU cuda:0][TRAIN] Epoch: [2][1450/3100], Elapsed 7m 36s (remain 8m 38s), Accuracy: 75.000(59.666), Loss: 0.565(0.935), LR: 0.000158
[GPU cuda:0][TRAIN] Epoch: [2][1500/3100], Elapsed 7m 51s (remain 8m 22s), Accuracy: 50.000(59.744), Loss: 0.953(0.931), LR: 0.000150
[GPU cuda:0][TRAIN] Epoch: [2][1550/3100], Elapsed 8m 7s (remain 8m 6s), Accuracy: 75.000(59.865), Loss: 0.336(0.927), LR: 0.000143
[GPU cuda:0][TRAIN] Epoch: [2][1600/3100], Elapsed 8m 23s (remain 7m 51s), Accuracy: 75.000(60.119), Loss: 0.342(0.922), LR: 0.000136
[GPU cuda:0][TRAIN] Epoch: [2][1650/3100], Elapsed 8m 39s (remain 7m 35s), Accuracy: 100.000(60.251), Loss: 0.296(0.919), LR: 0.000128
[GPU cuda:0][TRAIN] Epoch: [2][1700/3100], Elapsed 8m 54s (remain 7m 19s), Accuracy: 50.000(60.582), Loss: 0.985(0.913), LR: 0.000121
[GPU cuda:0][TRAIN] Epoch: [2][1750/3100], Elapsed 9m 10s (remain 7m 4s), Accuracy: 75.000(60.580), Loss: 0.772(0.913), LR: 0.000114
[GPU cuda:0][TRAIN] Epoch: [2][1800/3100], Elapsed 9m 26s (remain 6m 48s), Accuracy: 100.000(60.855), Loss: 0.320(0.909), LR: 0.000107
[GPU cuda:0][TRAIN] Epoch: [2][1850/3100], Elapsed 9m 41s (remain 6m 32s), Accuracy: 50.000(60.886), Loss: 1.025(0.907), LR: 0.000100
[GPU cuda:0][TRAIN] Epoch: [2][1900/3100], Elapsed 9m 57s (remain 6m 16s), Accuracy: 50.000(61.270), Loss: 0.834(0.901), LR: 0.000093
[GPU cuda:0][TRAIN] Epoch: [2][1950/3100], Elapsed 10m 13s (remain 6m 1s), Accuracy: 100.000(61.507), Loss: 0.357(0.896), LR: 0.000086
[GPU cuda:0][TRAIN] Epoch: [2][2000/3100], Elapsed 10m 29s (remain 5m 45s), Accuracy: 75.000(61.694), Loss: 0.642(0.892), LR: 0.000080
[GPU cuda:0][TRAIN] Epoch: [2][2050/3100], Elapsed 10m 44s (remain 5m 29s), Accuracy: 75.000(62.055), Loss: 0.517(0.886), LR: 0.000074
[GPU cuda:0][TRAIN] Epoch: [2][2100/3100], Elapsed 11m 0s (remain 5m 14s), Accuracy: 75.000(62.280), Loss: 2.465(0.883), LR: 0.000067
[GPU cuda:0][TRAIN] Epoch: [2][2150/3100], Elapsed 11m 16s (remain 4m 58s), Accuracy: 25.000(62.506), Loss: 1.310(0.878), LR: 0.000061
[GPU cuda:0][TRAIN] Epoch: [2][2200/3100], Elapsed 11m 31s (remain 4m 42s), Accuracy: 25.000(62.585), Loss: 1.124(0.876), LR: 0.000056
[GPU cuda:0][TRAIN] Epoch: [2][2250/3100], Elapsed 11m 47s (remain 4m 26s), Accuracy: 50.000(62.817), Loss: 1.022(0.871), LR: 0.000050
[GPU cuda:0][TRAIN] Epoch: [2][2300/3100], Elapsed 12m 3s (remain 4m 11s), Accuracy: 0.000(62.907), Loss: 1.842(0.867), LR: 0.000045
[GPU cuda:0][TRAIN] Epoch: [2][2350/3100], Elapsed 12m 18s (remain 3m 55s), Accuracy: 50.000(63.037), Loss: 0.795(0.864), LR: 0.000040
[GPU cuda:0][TRAIN] Epoch: [2][2400/3100], Elapsed 12m 34s (remain 3m 39s), Accuracy: 25.000(63.088), Loss: 1.714(0.862), LR: 0.000035
[GPU cuda:0][TRAIN] Epoch: [2][2450/3100], Elapsed 12m 50s (remain 3m 23s), Accuracy: 50.000(63.158), Loss: 0.912(0.861), LR: 0.000030
[GPU cuda:0][TRAIN] Epoch: [2][2500/3100], Elapsed 13m 5s (remain 3m 8s), Accuracy: 75.000(63.335), Loss: 0.855(0.858), LR: 0.000026
[GPU cuda:0][TRAIN] Epoch: [2][2550/3100], Elapsed 13m 21s (remain 2m 52s), Accuracy: 75.000(63.377), Loss: 0.797(0.857), LR: 0.000022
[GPU cuda:0][TRAIN] Epoch: [2][2600/3100], Elapsed 13m 37s (remain 2m 36s), Accuracy: 50.000(63.677), Loss: 0.764(0.852), LR: 0.000019
[GPU cuda:0][TRAIN] Epoch: [2][2650/3100], Elapsed 13m 52s (remain 2m 21s), Accuracy: 50.000(63.853), Loss: 1.259(0.848), LR: 0.000015
[GPU cuda:0][TRAIN] Epoch: [2][2700/3100], Elapsed 14m 8s (remain 2m 5s), Accuracy: 75.000(63.949), Loss: 0.533(0.846), LR: 0.000012
[GPU cuda:0][TRAIN] Epoch: [2][2750/3100], Elapsed 14m 24s (remain 1m 49s), Accuracy: 50.000(64.068), Loss: 0.894(0.843), LR: 0.000010
[GPU cuda:0][TRAIN] Epoch: [2][2800/3100], Elapsed 14m 40s (remain 1m 33s), Accuracy: 25.000(64.120), Loss: 1.305(0.842), LR: 0.000007
[GPU cuda:0][TRAIN] Epoch: [2][2850/3100], Elapsed 14m 55s (remain 1m 18s), Accuracy: 75.000(64.276), Loss: 0.888(0.839), LR: 0.000005
[GPU cuda:0][TRAIN] Epoch: [2][2900/3100], Elapsed 15m 11s (remain 1m 2s), Accuracy: 100.000(64.374), Loss: 0.545(0.839), LR: 0.000004
[GPU cuda:0][TRAIN] Epoch: [2][2950/3100], Elapsed 15m 27s (remain 0m 46s), Accuracy: 75.000(64.546), Loss: 0.446(0.836), LR: 0.000003
[GPU cuda:0][TRAIN] Epoch: [2][3000/3100], Elapsed 15m 42s (remain 0m 31s), Accuracy: 50.000(64.695), Loss: 1.144(0.834), LR: 0.000002
[GPU cuda:0][TRAIN] Epoch: [2][3050/3100], Elapsed 15m 58s (remain 0m 15s), Accuracy: 75.000(64.864), Loss: 0.357(0.830), LR: 0.000001
[GPU cuda:0][TRAIN] Epoch: [2][3099/3100], Elapsed 16m 13s (remain 0m 0s), Accuracy: 25.000(65.024), Loss: 2.243(0.828), LR: 0.000300
[GPU cuda:0][VALID][0/97], Elapsed 0m 1s (remain 2m 12s), Accuracy: 75.000(75.000), Batch Loss: 0.6952, Average Loss: 0.6952
[GPU cuda:0][VALID][50/97], Elapsed 0m 46s (remain 0m 42s), Accuracy: 81.250(73.346), Batch Loss: 0.4212, Average Loss: 0.6499
[GPU cuda:0][VALID][96/97], Elapsed 1m 28s (remain 0m 0s), Accuracy: 71.429(72.805), Batch Loss: 0.4931, Average Loss: 0.6607
Valid Labels Samples: [2 0 1 4 1 0 3 1 4 3]
Valid Predictions Samples: [2, 0, 1, 3, 1, 0, 3, 1, 3, 0]
Epoch 2 - Train Average Loss: 65.024, Valid Average Loss: 72.805, Epoch Time: 1065.786s
Epoch 2 - Accuracy: 0.728, Precision: 0.732, Recall: 0.728
Saved Best Model: 0.73
[GPU cuda:0][TRAIN] Epoch: [3][0/3100], Elapsed 0m 0s (remain 35m 31s), Accuracy: 75.000(75.000), Loss: 1.002(1.002), LR: 0.000300
[GPU cuda:0][TRAIN] Epoch: [3][50/3100], Elapsed 0m 16s (remain 16m 20s), Accuracy: 100.000(57.843), Loss: 0.698(0.983), LR: 0.000300
[GPU cuda:0][TRAIN] Epoch: [3][100/3100], Elapsed 0m 32s (remain 15m 59s), Accuracy: 25.000(59.158), Loss: 1.816(0.926), LR: 0.000300
[GPU cuda:0][TRAIN] Epoch: [3][150/3100], Elapsed 0m 48s (remain 15m 38s), Accuracy: 100.000(57.119), Loss: 0.141(0.960), LR: 0.000300
[GPU cuda:0][TRAIN] Epoch: [3][200/3100], Elapsed 1m 3s (remain 15m 19s), Accuracy: 75.000(57.836), Loss: 0.553(0.953), LR: 0.000299
[GPU cuda:0][TRAIN] Epoch: [3][250/3100], Elapsed 1m 19s (remain 15m 1s), Accuracy: 25.000(57.470), Loss: 1.789(0.967), LR: 0.000299
[GPU cuda:0][TRAIN] Epoch: [3][300/3100], Elapsed 1m 35s (remain 14m 44s), Accuracy: 25.000(58.721), Loss: 1.320(0.949), LR: 0.000298
[GPU cuda:0][TRAIN] Epoch: [3][350/3100], Elapsed 1m 50s (remain 14m 27s), Accuracy: 75.000(58.903), Loss: 0.877(0.938), LR: 0.000298
[GPU cuda:0][TRAIN] Epoch: [3][400/3100], Elapsed 2m 6s (remain 14m 11s), Accuracy: 50.000(58.853), Loss: 0.903(0.938), LR: 0.000297
[GPU cuda:0][TRAIN] Epoch: [3][450/3100], Elapsed 2m 22s (remain 13m 55s), Accuracy: 100.000(59.479), Loss: 0.459(0.928), LR: 0.000296
[GPU cuda:0][TRAIN] Epoch: [3][500/3100], Elapsed 2m 37s (remain 13m 38s), Accuracy: 25.000(59.681), Loss: 1.670(0.935), LR: 0.000296
[GPU cuda:0][TRAIN] Epoch: [3][550/3100], Elapsed 2m 53s (remain 13m 22s), Accuracy: 50.000(59.846), Loss: 1.234(0.933), LR: 0.000295
[GPU cuda:0][TRAIN] Epoch: [3][600/3100], Elapsed 3m 9s (remain 13m 6s), Accuracy: 50.000(60.108), Loss: 0.573(0.925), LR: 0.000294
[GPU cuda:0][TRAIN] Epoch: [3][650/3100], Elapsed 3m 25s (remain 12m 51s), Accuracy: 75.000(60.484), Loss: 0.634(0.924), LR: 0.000292
[GPU cuda:0][TRAIN] Epoch: [3][700/3100], Elapsed 3m 40s (remain 12m 35s), Accuracy: 50.000(60.485), Loss: 1.009(0.924), LR: 0.000291
[GPU cuda:0][TRAIN] Epoch: [3][750/3100], Elapsed 3m 56s (remain 12m 19s), Accuracy: 100.000(60.719), Loss: 0.244(0.921), LR: 0.000290
[GPU cuda:0][TRAIN] Epoch: [3][800/3100], Elapsed 4m 12s (remain 12m 3s), Accuracy: 100.000(60.986), Loss: 0.648(0.917), LR: 0.000289
[GPU cuda:0][TRAIN] Epoch: [3][850/3100], Elapsed 4m 27s (remain 11m 47s), Accuracy: 75.000(61.163), Loss: 0.786(0.917), LR: 0.000287
[GPU cuda:0][TRAIN] Epoch: [3][900/3100], Elapsed 4m 43s (remain 11m 31s), Accuracy: 75.000(61.127), Loss: 0.624(0.919), LR: 0.000286
[GPU cuda:0][TRAIN] Epoch: [3][950/3100], Elapsed 4m 59s (remain 11m 15s), Accuracy: 50.000(61.304), Loss: 0.784(0.919), LR: 0.000284
[GPU cuda:0][TRAIN] Epoch: [3][1000/3100], Elapsed 5m 14s (remain 11m 0s), Accuracy: 100.000(61.788), Loss: 0.477(0.911), LR: 0.000282
[GPU cuda:0][TRAIN] Epoch: [3][1050/3100], Elapsed 5m 30s (remain 10m 44s), Accuracy: 100.000(62.012), Loss: 0.321(0.905), LR: 0.000281
[GPU cuda:0][TRAIN] Epoch: [3][1100/3100], Elapsed 5m 46s (remain 10m 28s), Accuracy: 50.000(62.398), Loss: 1.156(0.895), LR: 0.000279
[GPU cuda:0][TRAIN] Epoch: [3][1150/3100], Elapsed 6m 1s (remain 10m 12s), Accuracy: 25.000(62.554), Loss: 1.171(0.891), LR: 0.000277
[GPU cuda:0][TRAIN] Epoch: [3][1200/3100], Elapsed 6m 17s (remain 9m 56s), Accuracy: 100.000(62.552), Loss: 0.337(0.889), LR: 0.000275
[GPU cuda:0][TRAIN] Epoch: [3][1250/3100], Elapsed 6m 33s (remain 9m 41s), Accuracy: 25.000(62.350), Loss: 1.533(0.892), LR: 0.000273
[GPU cuda:0][TRAIN] Epoch: [3][1300/3100], Elapsed 6m 48s (remain 9m 25s), Accuracy: 75.000(62.490), Loss: 0.378(0.889), LR: 0.000271
[GPU cuda:0][TRAIN] Epoch: [3][1350/3100], Elapsed 7m 4s (remain 9m 9s), Accuracy: 100.000(62.750), Loss: 0.433(0.883), LR: 0.000268
[GPU cuda:0][TRAIN] Epoch: [3][1400/3100], Elapsed 7m 20s (remain 8m 53s), Accuracy: 100.000(62.741), Loss: 0.520(0.883), LR: 0.000266
[GPU cuda:0][TRAIN] Epoch: [3][1450/3100], Elapsed 7m 35s (remain 8m 38s), Accuracy: 75.000(62.974), Loss: 0.484(0.877), LR: 0.000264
[GPU cuda:0][TRAIN] Epoch: [3][1500/3100], Elapsed 7m 51s (remain 8m 22s), Accuracy: 75.000(63.158), Loss: 1.111(0.874), LR: 0.000261
[GPU cuda:0][TRAIN] Epoch: [3][1550/3100], Elapsed 8m 7s (remain 8m 6s), Accuracy: 100.000(63.121), Loss: 0.096(0.871), LR: 0.000259
[GPU cuda:0][TRAIN] Epoch: [3][1600/3100], Elapsed 8m 22s (remain 7m 50s), Accuracy: 100.000(63.195), Loss: 0.371(0.868), LR: 0.000256
[GPU cuda:0][TRAIN] Epoch: [3][1650/3100], Elapsed 8m 38s (remain 7m 35s), Accuracy: 100.000(63.280), Loss: 0.271(0.868), LR: 0.000254
[GPU cuda:0][TRAIN] Epoch: [3][1700/3100], Elapsed 8m 54s (remain 7m 19s), Accuracy: 50.000(63.580), Loss: 1.018(0.863), LR: 0.000251
[GPU cuda:0][TRAIN] Epoch: [3][1750/3100], Elapsed 9m 9s (remain 7m 3s), Accuracy: 100.000(63.692), Loss: 0.478(0.863), LR: 0.000248
[GPU cuda:0][TRAIN] Epoch: [3][1800/3100], Elapsed 9m 25s (remain 6m 47s), Accuracy: 100.000(63.853), Loss: 0.119(0.860), LR: 0.000245
[GPU cuda:0][TRAIN] Epoch: [3][1850/3100], Elapsed 9m 41s (remain 6m 32s), Accuracy: 50.000(63.803), Loss: 0.951(0.860), LR: 0.000242
[GPU cuda:0][TRAIN] Epoch: [3][1900/3100], Elapsed 9m 56s (remain 6m 16s), Accuracy: 50.000(63.993), Loss: 1.181(0.856), LR: 0.000239
[GPU cuda:0][TRAIN] Epoch: [3][1950/3100], Elapsed 10m 12s (remain 6m 0s), Accuracy: 100.000(63.980), Loss: 0.426(0.855), LR: 0.000237
[GPU cuda:0][TRAIN] Epoch: [3][2000/3100], Elapsed 10m 28s (remain 5m 44s), Accuracy: 50.000(64.068), Loss: 0.687(0.853), LR: 0.000233
[GPU cuda:0][TRAIN] Epoch: [3][2050/3100], Elapsed 10m 43s (remain 5m 29s), Accuracy: 75.000(64.359), Loss: 0.795(0.848), LR: 0.000230
[GPU cuda:0][TRAIN] Epoch: [3][2100/3100], Elapsed 10m 59s (remain 5m 13s), Accuracy: 50.000(64.327), Loss: 2.167(0.848), LR: 0.000227
[GPU cuda:0][TRAIN] Epoch: [3][2150/3100], Elapsed 11m 15s (remain 4m 57s), Accuracy: 50.000(64.470), Loss: 1.212(0.845), LR: 0.000224
[GPU cuda:0][TRAIN] Epoch: [3][2200/3100], Elapsed 11m 30s (remain 4m 42s), Accuracy: 25.000(64.437), Loss: 1.298(0.845), LR: 0.000221
[GPU cuda:0][TRAIN] Epoch: [3][2250/3100], Elapsed 11m 46s (remain 4m 26s), Accuracy: 50.000(64.638), Loss: 0.652(0.842), LR: 0.000218
[GPU cuda:0][TRAIN] Epoch: [3][2300/3100], Elapsed 12m 2s (remain 4m 10s), Accuracy: 50.000(64.613), Loss: 1.491(0.840), LR: 0.000214
[GPU cuda:0][TRAIN] Epoch: [3][2350/3100], Elapsed 12m 17s (remain 3m 55s), Accuracy: 75.000(64.462), Loss: 0.647(0.841), LR: 0.000211
[GPU cuda:0][TRAIN] Epoch: [3][2400/3100], Elapsed 12m 33s (remain 3m 39s), Accuracy: 25.000(64.442), Loss: 1.344(0.841), LR: 0.000208
[GPU cuda:0][TRAIN] Epoch: [3][2450/3100], Elapsed 12m 49s (remain 3m 23s), Accuracy: 75.000(64.392), Loss: 0.662(0.841), LR: 0.000204
[GPU cuda:0][TRAIN] Epoch: [3][2500/3100], Elapsed 13m 4s (remain 3m 8s), Accuracy: 50.000(64.484), Loss: 1.054(0.839), LR: 0.000201
[GPU cuda:0][TRAIN] Epoch: [3][2550/3100], Elapsed 13m 20s (remain 2m 52s), Accuracy: 50.000(64.465), Loss: 1.155(0.840), LR: 0.000197
[GPU cuda:0][TRAIN] Epoch: [3][2600/3100], Elapsed 13m 36s (remain 2m 36s), Accuracy: 50.000(64.696), Loss: 0.807(0.836), LR: 0.000194
[GPU cuda:0][TRAIN] Epoch: [3][2650/3100], Elapsed 13m 51s (remain 2m 20s), Accuracy: 50.000(64.815), Loss: 1.266(0.835), LR: 0.000190
[GPU cuda:0][TRAIN] Epoch: [3][2700/3100], Elapsed 14m 7s (remain 2m 5s), Accuracy: 75.000(64.893), Loss: 0.606(0.834), LR: 0.000187
[GPU cuda:0][TRAIN] Epoch: [3][2750/3100], Elapsed 14m 23s (remain 1m 49s), Accuracy: 50.000(64.967), Loss: 0.876(0.832), LR: 0.000183
[GPU cuda:0][TRAIN] Epoch: [3][2800/3100], Elapsed 14m 38s (remain 1m 33s), Accuracy: 25.000(64.941), Loss: 1.531(0.832), LR: 0.000180
[GPU cuda:0][TRAIN] Epoch: [3][2850/3100], Elapsed 14m 54s (remain 1m 18s), Accuracy: 75.000(64.898), Loss: 0.893(0.832), LR: 0.000176
[GPU cuda:0][TRAIN] Epoch: [3][2900/3100], Elapsed 15m 10s (remain 1m 2s), Accuracy: 50.000(64.814), Loss: 0.937(0.834), LR: 0.000172
[GPU cuda:0][TRAIN] Epoch: [3][2950/3100], Elapsed 15m 25s (remain 0m 46s), Accuracy: 50.000(64.953), Loss: 0.675(0.832), LR: 0.000169
[GPU cuda:0][TRAIN] Epoch: [3][3000/3100], Elapsed 15m 41s (remain 0m 31s), Accuracy: 50.000(65.012), Loss: 1.135(0.831), LR: 0.000165
[GPU cuda:0][TRAIN] Epoch: [3][3050/3100], Elapsed 15m 57s (remain 0m 15s), Accuracy: 75.000(65.093), Loss: 0.539(0.830), LR: 0.000161
[GPU cuda:0][TRAIN] Epoch: [3][3099/3100], Elapsed 16m 12s (remain 0m 0s), Accuracy: 25.000(65.177), Loss: 1.705(0.828), LR: 0.000158
[GPU cuda:0][VALID][0/97], Elapsed 0m 1s (remain 2m 11s), Accuracy: 75.000(75.000), Batch Loss: 0.5904, Average Loss: 0.5904
[GPU cuda:0][VALID][50/97], Elapsed 0m 46s (remain 0m 42s), Accuracy: 78.125(71.691), Batch Loss: 0.5541, Average Loss: 0.6877
[GPU cuda:0][VALID][96/97], Elapsed 1m 28s (remain 0m 0s), Accuracy: 82.143(71.788), Batch Loss: 0.5094, Average Loss: 0.6851
Valid Labels Samples: [2 0 1 4 1 0 3 1 4 3]
Valid Predictions Samples: [2, 0, 1, 4, 1, 0, 3, 1, 3, 0]
Epoch 3 - Train Average Loss: 65.177, Valid Average Loss: 71.788, Epoch Time: 1064.549s
Epoch 3 - Accuracy: 0.718, Precision: 0.732, Recall: 0.718
[GPU cuda:0][TRAIN] Epoch: [4][0/3100], Elapsed 0m 0s (remain 35m 55s), Accuracy: 75.000(75.000), Loss: 1.026(1.026), LR: 0.000158
[GPU cuda:0][TRAIN] Epoch: [4][50/3100], Elapsed 0m 16s (remain 16m 24s), Accuracy: 75.000(73.529), Loss: 0.395(0.621), LR: 0.000154
[GPU cuda:0][TRAIN] Epoch: [4][100/3100], Elapsed 0m 32s (remain 15m 55s), Accuracy: 25.000(71.535), Loss: 1.712(0.652), LR: 0.000150
[GPU cuda:0][TRAIN] Epoch: [4][150/3100], Elapsed 0m 47s (remain 15m 35s), Accuracy: 100.000(70.530), Loss: 0.077(0.674), LR: 0.000147
[GPU cuda:0][TRAIN] Epoch: [4][200/3100], Elapsed 1m 3s (remain 15m 17s), Accuracy: 100.000(71.517), Loss: 0.246(0.673), LR: 0.000143
[GPU cuda:0][TRAIN] Epoch: [4][250/3100], Elapsed 1m 19s (remain 15m 0s), Accuracy: 50.000(70.717), Loss: 0.874(0.704), LR: 0.000139
[GPU cuda:0][TRAIN] Epoch: [4][300/3100], Elapsed 1m 35s (remain 14m 44s), Accuracy: 50.000(71.262), Loss: 1.024(0.701), LR: 0.000136
[GPU cuda:0][TRAIN] Epoch: [4][350/3100], Elapsed 1m 50s (remain 14m 27s), Accuracy: 25.000(71.439), Loss: 1.144(0.690), LR: 0.000132
[GPU cuda:0][TRAIN] Epoch: [4][400/3100], Elapsed 2m 6s (remain 14m 11s), Accuracy: 50.000(71.010), Loss: 0.806(0.701), LR: 0.000128
[GPU cuda:0][TRAIN] Epoch: [4][450/3100], Elapsed 2m 22s (remain 13m 55s), Accuracy: 100.000(70.787), Loss: 0.355(0.704), LR: 0.000125
[GPU cuda:0][TRAIN] Epoch: [4][500/3100], Elapsed 2m 37s (remain 13m 39s), Accuracy: 75.000(71.008), Loss: 0.831(0.703), LR: 0.000121
[GPU cuda:0][TRAIN] Epoch: [4][550/3100], Elapsed 2m 53s (remain 13m 23s), Accuracy: 75.000(71.325), Loss: 1.016(0.698), LR: 0.000118
[GPU cuda:0][TRAIN] Epoch: [4][600/3100], Elapsed 3m 9s (remain 13m 7s), Accuracy: 100.000(71.547), Loss: 0.192(0.691), LR: 0.000114
[GPU cuda:0][TRAIN] Epoch: [4][650/3100], Elapsed 3m 25s (remain 12m 51s), Accuracy: 75.000(71.429), Loss: 0.764(0.693), LR: 0.000111
[GPU cuda:0][TRAIN] Epoch: [4][700/3100], Elapsed 3m 40s (remain 12m 35s), Accuracy: 100.000(71.113), Loss: 0.440(0.698), LR: 0.000107
[GPU cuda:0][TRAIN] Epoch: [4][750/3100], Elapsed 3m 56s (remain 12m 19s), Accuracy: 75.000(71.138), Loss: 0.575(0.698), LR: 0.000104
[GPU cuda:0][TRAIN] Epoch: [4][800/3100], Elapsed 4m 12s (remain 12m 3s), Accuracy: 75.000(71.067), Loss: 0.609(0.699), LR: 0.000100
[GPU cuda:0][TRAIN] Epoch: [4][850/3100], Elapsed 4m 27s (remain 11m 47s), Accuracy: 75.000(71.210), Loss: 0.492(0.695), LR: 0.000097
[GPU cuda:0][TRAIN] Epoch: [4][900/3100], Elapsed 4m 43s (remain 11m 32s), Accuracy: 75.000(71.115), Loss: 0.523(0.697), LR: 0.000093
[GPU cuda:0][TRAIN] Epoch: [4][950/3100], Elapsed 4m 59s (remain 11m 16s), Accuracy: 75.000(71.109), Loss: 0.509(0.698), LR: 0.000090
[GPU cuda:0][TRAIN] Epoch: [4][1000/3100], Elapsed 5m 14s (remain 11m 0s), Accuracy: 100.000(71.454), Loss: 0.331(0.692), LR: 0.000087
[GPU cuda:0][TRAIN] Epoch: [4][1050/3100], Elapsed 5m 30s (remain 10m 44s), Accuracy: 100.000(71.860), Loss: 0.087(0.683), LR: 0.000083
[GPU cuda:0][TRAIN] Epoch: [4][1100/3100], Elapsed 5m 46s (remain 10m 28s), Accuracy: 25.000(71.935), Loss: 1.328(0.680), LR: 0.000080
[GPU cuda:0][TRAIN] Epoch: [4][1150/3100], Elapsed 6m 1s (remain 10m 12s), Accuracy: 100.000(72.068), Loss: 0.054(0.678), LR: 0.000077
[GPU cuda:0][TRAIN] Epoch: [4][1200/3100], Elapsed 6m 17s (remain 9m 57s), Accuracy: 100.000(72.127), Loss: 0.034(0.674), LR: 0.000074
[GPU cuda:0][TRAIN] Epoch: [4][1250/3100], Elapsed 6m 33s (remain 9m 41s), Accuracy: 50.000(71.942), Loss: 1.217(0.676), LR: 0.000070
[GPU cuda:0][TRAIN] Epoch: [4][1300/3100], Elapsed 6m 49s (remain 9m 25s), Accuracy: 75.000(71.983), Loss: 0.709(0.674), LR: 0.000067
[GPU cuda:0][TRAIN] Epoch: [4][1350/3100], Elapsed 7m 4s (remain 9m 9s), Accuracy: 100.000(72.298), Loss: 0.350(0.667), LR: 0.000064
[GPU cuda:0][TRAIN] Epoch: [4][1400/3100], Elapsed 7m 20s (remain 8m 53s), Accuracy: 75.000(72.216), Loss: 0.510(0.666), LR: 0.000061
[GPU cuda:0][TRAIN] Epoch: [4][1450/3100], Elapsed 7m 35s (remain 8m 38s), Accuracy: 75.000(72.433), Loss: 0.504(0.662), LR: 0.000058
[GPU cuda:0][TRAIN] Epoch: [4][1500/3100], Elapsed 7m 51s (remain 8m 22s), Accuracy: 100.000(72.652), Loss: 0.550(0.659), LR: 0.000056
[GPU cuda:0][TRAIN] Epoch: [4][1550/3100], Elapsed 8m 7s (remain 8m 6s), Accuracy: 75.000(72.614), Loss: 0.246(0.658), LR: 0.000053
[GPU cuda:0][TRAIN] Epoch: [4][1600/3100], Elapsed 8m 22s (remain 7m 50s), Accuracy: 100.000(72.720), Loss: 0.186(0.655), LR: 0.000050
[GPU cuda:0][TRAIN] Epoch: [4][1650/3100], Elapsed 8m 38s (remain 7m 35s), Accuracy: 100.000(72.774), Loss: 0.058(0.653), LR: 0.000047
[GPU cuda:0][TRAIN] Epoch: [4][1700/3100], Elapsed 8m 54s (remain 7m 19s), Accuracy: 25.000(72.942), Loss: 1.051(0.650), LR: 0.000045
[GPU cuda:0][TRAIN] Epoch: [4][1750/3100], Elapsed 9m 9s (remain 7m 3s), Accuracy: 100.000(72.801), Loss: 0.265(0.650), LR: 0.000042
[GPU cuda:0][TRAIN] Epoch: [4][1800/3100], Elapsed 9m 25s (remain 6m 47s), Accuracy: 100.000(72.932), Loss: 0.051(0.649), LR: 0.000040
[GPU cuda:0][TRAIN] Epoch: [4][1850/3100], Elapsed 9m 41s (remain 6m 32s), Accuracy: 75.000(72.853), Loss: 0.581(0.650), LR: 0.000037
[GPU cuda:0][TRAIN] Epoch: [4][1900/3100], Elapsed 9m 56s (remain 6m 16s), Accuracy: 75.000(73.080), Loss: 0.732(0.647), LR: 0.000035
[GPU cuda:0][TRAIN] Epoch: [4][1950/3100], Elapsed 10m 12s (remain 6m 0s), Accuracy: 75.000(73.078), Loss: 0.474(0.646), LR: 0.000033
[GPU cuda:0][TRAIN] Epoch: [4][2000/3100], Elapsed 10m 28s (remain 5m 45s), Accuracy: 75.000(73.138), Loss: 0.369(0.645), LR: 0.000030
[GPU cuda:0][TRAIN] Epoch: [4][2050/3100], Elapsed 10m 43s (remain 5m 29s), Accuracy: 75.000(73.403), Loss: 0.471(0.640), LR: 0.000028
[GPU cuda:0][TRAIN] Epoch: [4][2100/3100], Elapsed 10m 59s (remain 5m 13s), Accuracy: 75.000(73.394), Loss: 1.809(0.641), LR: 0.000026
[GPU cuda:0][TRAIN] Epoch: [4][2150/3100], Elapsed 11m 15s (remain 4m 57s), Accuracy: 50.000(73.501), Loss: 1.106(0.638), LR: 0.000024
[GPU cuda:0][TRAIN] Epoch: [4][2200/3100], Elapsed 11m 31s (remain 4m 42s), Accuracy: 50.000(73.535), Loss: 0.892(0.637), LR: 0.000022
[GPU cuda:0][TRAIN] Epoch: [4][2250/3100], Elapsed 11m 46s (remain 4m 26s), Accuracy: 50.000(73.667), Loss: 0.865(0.634), LR: 0.000020
[GPU cuda:0][TRAIN] Epoch: [4][2300/3100], Elapsed 12m 2s (remain 4m 10s), Accuracy: 75.000(73.696), Loss: 0.819(0.633), LR: 0.000019
[GPU cuda:0][TRAIN] Epoch: [4][2350/3100], Elapsed 12m 18s (remain 3m 55s), Accuracy: 50.000(73.618), Loss: 0.776(0.633), LR: 0.000017
[GPU cuda:0][TRAIN] Epoch: [4][2400/3100], Elapsed 12m 33s (remain 3m 39s), Accuracy: 0.000(73.584), Loss: 1.759(0.634), LR: 0.000015
[GPU cuda:0][TRAIN] Epoch: [4][2450/3100], Elapsed 12m 49s (remain 3m 23s), Accuracy: 75.000(73.531), Loss: 0.492(0.634), LR: 0.000014
[GPU cuda:0][TRAIN] Epoch: [4][2500/3100], Elapsed 13m 5s (remain 3m 8s), Accuracy: 75.000(73.531), Loss: 0.676(0.633), LR: 0.000012
[GPU cuda:0][TRAIN] Epoch: [4][2550/3100], Elapsed 13m 20s (remain 2m 52s), Accuracy: 50.000(73.481), Loss: 1.249(0.634), LR: 0.000011
[GPU cuda:0][TRAIN] Epoch: [4][2600/3100], Elapsed 13m 36s (remain 2m 36s), Accuracy: 50.000(73.664), Loss: 0.565(0.631), LR: 0.000010
[GPU cuda:0][TRAIN] Epoch: [4][2650/3100], Elapsed 13m 52s (remain 2m 20s), Accuracy: 25.000(73.727), Loss: 1.299(0.630), LR: 0.000009
[GPU cuda:0][TRAIN] Epoch: [4][2700/3100], Elapsed 14m 8s (remain 2m 5s), Accuracy: 100.000(73.787), Loss: 0.352(0.628), LR: 0.000007
[GPU cuda:0][TRAIN] Epoch: [4][2750/3100], Elapsed 14m 23s (remain 1m 49s), Accuracy: 50.000(73.810), Loss: 0.877(0.628), LR: 0.000006
[GPU cuda:0][TRAIN] Epoch: [4][2800/3100], Elapsed 14m 39s (remain 1m 33s), Accuracy: 50.000(73.759), Loss: 1.186(0.628), LR: 0.000005
[GPU cuda:0][TRAIN] Epoch: [4][2850/3100], Elapsed 14m 55s (remain 1m 18s), Accuracy: 75.000(73.834), Loss: 0.763(0.628), LR: 0.000005
[GPU cuda:0][TRAIN] Epoch: [4][2900/3100], Elapsed 15m 10s (remain 1m 2s), Accuracy: 100.000(73.768), Loss: 0.438(0.630), LR: 0.000004
[GPU cuda:0][TRAIN] Epoch: [4][2950/3100], Elapsed 15m 26s (remain 0m 46s), Accuracy: 75.000(73.882), Loss: 0.355(0.629), LR: 0.000003
[GPU cuda:0][TRAIN] Epoch: [4][3000/3100], Elapsed 15m 42s (remain 0m 31s), Accuracy: 50.000(73.959), Loss: 0.866(0.627), LR: 0.000003
[GPU cuda:0][TRAIN] Epoch: [4][3050/3100], Elapsed 15m 57s (remain 0m 15s), Accuracy: 75.000(73.976), Loss: 0.447(0.627), LR: 0.000002
[GPU cuda:0][TRAIN] Epoch: [4][3099/3100], Elapsed 16m 13s (remain 0m 0s), Accuracy: 25.000(74.016), Loss: 1.703(0.625), LR: 0.000002
[GPU cuda:0][VALID][0/97], Elapsed 0m 1s (remain 2m 9s), Accuracy: 78.125(78.125), Batch Loss: 0.7079, Average Loss: 0.7079
[GPU cuda:0][VALID][50/97], Elapsed 0m 46s (remain 0m 42s), Accuracy: 81.250(75.123), Batch Loss: 0.3631, Average Loss: 0.6258
[GPU cuda:0][VALID][96/97], Elapsed 1m 28s (remain 0m 0s), Accuracy: 78.571(74.521), Batch Loss: 0.4283, Average Loss: 0.6358
Valid Labels Samples: [2 0 1 4 1 0 3 1 4 3]
Valid Predictions Samples: [2, 0, 1, 3, 1, 0, 3, 1, 3, 0]
Epoch 4 - Train Average Loss: 74.016, Valid Average Loss: 74.521, Epoch Time: 1065.002s
Epoch 4 - Accuracy: 0.745, Precision: 0.751, Recall: 0.745
Saved Best Model: 0.75
[GPU cuda:0][TRAIN] Epoch: [5][0/3100], Elapsed 0m 0s (remain 37m 5s), Accuracy: 75.000(75.000), Loss: 0.938(0.938), LR: 0.000002
[GPU cuda:0][TRAIN] Epoch: [5][50/3100], Elapsed 0m 16s (remain 16m 22s), Accuracy: 75.000(80.882), Loss: 0.401(0.509), LR: 0.000001
[GPU cuda:0][TRAIN] Epoch: [5][100/3100], Elapsed 0m 32s (remain 15m 54s), Accuracy: 25.000(79.703), Loss: 1.745(0.519), LR: 0.000001
[GPU cuda:0][TRAIN] Epoch: [5][150/3100], Elapsed 0m 47s (remain 15m 34s), Accuracy: 100.000(79.305), Loss: 0.047(0.534), LR: 0.000001
[GPU cuda:0][TRAIN] Epoch: [5][200/3100], Elapsed 1m 3s (remain 15m 15s), Accuracy: 100.000(79.478), Loss: 0.124(0.534), LR: 0.000300
[GPU cuda:0][TRAIN] Epoch: [5][250/3100], Elapsed 1m 19s (remain 14m 58s), Accuracy: 25.000(77.291), Loss: 0.982(0.577), LR: 0.000300
[GPU cuda:0][TRAIN] Epoch: [5][300/3100], Elapsed 1m 34s (remain 14m 41s), Accuracy: 50.000(75.914), Loss: 0.755(0.610), LR: 0.000300
[GPU cuda:0][TRAIN] Epoch: [5][350/3100], Elapsed 1m 50s (remain 14m 25s), Accuracy: 25.000(75.000), Loss: 1.954(0.624), LR: 0.000300
[GPU cuda:0][TRAIN] Epoch: [5][400/3100], Elapsed 2m 6s (remain 14m 8s), Accuracy: 50.000(73.192), Loss: 0.786(0.653), LR: 0.000300
[GPU cuda:0][TRAIN] Epoch: [5][450/3100], Elapsed 2m 21s (remain 13m 52s), Accuracy: 75.000(72.561), Loss: 0.560(0.668), LR: 0.000300
[GPU cuda:0][TRAIN] Epoch: [5][500/3100], Elapsed 2m 37s (remain 13m 36s), Accuracy: 75.000(72.206), Loss: 0.677(0.676), LR: 0.000300
[GPU cuda:0][TRAIN] Epoch: [5][550/3100], Elapsed 2m 53s (remain 13m 21s), Accuracy: 50.000(72.187), Loss: 1.076(0.680), LR: 0.000299
[GPU cuda:0][TRAIN] Epoch: [5][600/3100], Elapsed 3m 8s (remain 13m 5s), Accuracy: 75.000(71.922), Loss: 0.661(0.685), LR: 0.000299
[GPU cuda:0][TRAIN] Epoch: [5][650/3100], Elapsed 3m 24s (remain 12m 49s), Accuracy: 100.000(71.889), Loss: 0.215(0.690), LR: 0.000299
[GPU cuda:0][TRAIN] Epoch: [5][700/3100], Elapsed 3m 40s (remain 12m 33s), Accuracy: 50.000(71.327), Loss: 0.880(0.700), LR: 0.000299
[GPU cuda:0][TRAIN] Epoch: [5][750/3100], Elapsed 3m 55s (remain 12m 17s), Accuracy: 100.000(71.372), Loss: 0.029(0.705), LR: 0.000299
[GPU cuda:0][TRAIN] Epoch: [5][800/3100], Elapsed 4m 11s (remain 12m 2s), Accuracy: 100.000(71.348), Loss: 0.510(0.709), LR: 0.000298
[GPU cuda:0][TRAIN] Epoch: [5][850/3100], Elapsed 4m 27s (remain 11m 46s), Accuracy: 100.000(71.005), Loss: 0.285(0.715), LR: 0.000298
[GPU cuda:0][TRAIN] Epoch: [5][900/3100], Elapsed 4m 43s (remain 11m 30s), Accuracy: 75.000(70.394), Loss: 0.568(0.725), LR: 0.000298
[GPU cuda:0][TRAIN] Epoch: [5][950/3100], Elapsed 4m 58s (remain 11m 15s), Accuracy: 100.000(70.242), Loss: 0.536(0.733), LR: 0.000297
[GPU cuda:0][TRAIN] Epoch: [5][1000/3100], Elapsed 5m 14s (remain 10m 59s), Accuracy: 75.000(70.480), Loss: 1.116(0.729), LR: 0.000297
[GPU cuda:0][TRAIN] Epoch: [5][1050/3100], Elapsed 5m 30s (remain 10m 43s), Accuracy: 75.000(70.409), Loss: 0.493(0.727), LR: 0.000297
[GPU cuda:0][TRAIN] Epoch: [5][1100/3100], Elapsed 5m 45s (remain 10m 27s), Accuracy: 25.000(70.345), Loss: 1.388(0.728), LR: 0.000296
[GPU cuda:0][TRAIN] Epoch: [5][1150/3100], Elapsed 6m 1s (remain 10m 11s), Accuracy: 100.000(70.308), Loss: 0.346(0.728), LR: 0.000296
[GPU cuda:0][TRAIN] Epoch: [5][1200/3100], Elapsed 6m 17s (remain 9m 56s), Accuracy: 100.000(70.254), Loss: 0.130(0.725), LR: 0.000296
[GPU cuda:0][TRAIN] Epoch: [5][1250/3100], Elapsed 6m 32s (remain 9m 40s), Accuracy: 75.000(70.044), Loss: 1.006(0.729), LR: 0.000295
[GPU cuda:0][TRAIN] Epoch: [5][1300/3100], Elapsed 6m 48s (remain 9m 25s), Accuracy: 75.000(70.138), Loss: 0.721(0.730), LR: 0.000295
[GPU cuda:0][TRAIN] Epoch: [5][1350/3100], Elapsed 7m 4s (remain 9m 9s), Accuracy: 100.000(70.300), Loss: 0.244(0.724), LR: 0.000294
[GPU cuda:0][TRAIN] Epoch: [5][1400/3100], Elapsed 7m 19s (remain 8m 53s), Accuracy: 50.000(69.968), Loss: 0.756(0.727), LR: 0.000294
[GPU cuda:0][TRAIN] Epoch: [5][1450/3100], Elapsed 7m 35s (remain 8m 37s), Accuracy: 75.000(70.021), Loss: 0.455(0.725), LR: 0.000293
[GPU cuda:0][TRAIN] Epoch: [5][1500/3100], Elapsed 7m 51s (remain 8m 22s), Accuracy: 75.000(69.803), Loss: 0.868(0.728), LR: 0.000292
[GPU cuda:0][TRAIN] Epoch: [5][1550/3100], Elapsed 8m 7s (remain 8m 6s), Accuracy: 100.000(69.552), Loss: 0.079(0.730), LR: 0.000292
[GPU cuda:0][TRAIN] Epoch: [5][1600/3100], Elapsed 8m 22s (remain 7m 50s), Accuracy: 100.000(69.597), Loss: 0.220(0.729), LR: 0.000291
[GPU cuda:0][TRAIN] Epoch: [5][1650/3100], Elapsed 8m 38s (remain 7m 35s), Accuracy: 100.000(69.443), Loss: 0.304(0.732), LR: 0.000291
[GPU cuda:0][TRAIN] Epoch: [5][1700/3100], Elapsed 8m 54s (remain 7m 19s), Accuracy: 25.000(69.621), Loss: 1.722(0.730), LR: 0.000290
[GPU cuda:0][TRAIN] Epoch: [5][1750/3100], Elapsed 9m 10s (remain 7m 3s), Accuracy: 75.000(69.475), Loss: 0.503(0.733), LR: 0.000289
[GPU cuda:0][TRAIN] Epoch: [5][1800/3100], Elapsed 9m 25s (remain 6m 48s), Accuracy: 75.000(69.461), Loss: 0.329(0.733), LR: 0.000289
[GPU cuda:0][TRAIN] Epoch: [5][1850/3100], Elapsed 9m 41s (remain 6m 32s), Accuracy: 50.000(69.260), Loss: 0.826(0.737), LR: 0.000288
[GPU cuda:0][TRAIN] Epoch: [5][1900/3100], Elapsed 9m 57s (remain 6m 16s), Accuracy: 75.000(69.490), Loss: 0.846(0.735), LR: 0.000287
[GPU cuda:0][TRAIN] Epoch: [5][1950/3100], Elapsed 10m 12s (remain 6m 0s), Accuracy: 75.000(69.439), Loss: 0.702(0.736), LR: 0.000286
[GPU cuda:0][TRAIN] Epoch: [5][2000/3100], Elapsed 10m 28s (remain 5m 45s), Accuracy: 100.000(69.428), Loss: 0.543(0.736), LR: 0.000286
[GPU cuda:0][TRAIN] Epoch: [5][2050/3100], Elapsed 10m 44s (remain 5m 29s), Accuracy: 75.000(69.527), Loss: 0.586(0.733), LR: 0.000285
[GPU cuda:0][TRAIN] Epoch: [5][2100/3100], Elapsed 11m 0s (remain 5m 13s), Accuracy: 75.000(69.550), Loss: 1.757(0.734), LR: 0.000284
[GPU cuda:0][TRAIN] Epoch: [5][2150/3100], Elapsed 11m 15s (remain 4m 58s), Accuracy: 50.000(69.561), Loss: 1.133(0.734), LR: 0.000283
[GPU cuda:0][TRAIN] Epoch: [5][2200/3100], Elapsed 11m 31s (remain 4m 42s), Accuracy: 75.000(69.559), Loss: 1.157(0.735), LR: 0.000282
[GPU cuda:0][TRAIN] Epoch: [5][2250/3100], Elapsed 11m 47s (remain 4m 26s), Accuracy: 75.000(69.614), Loss: 0.374(0.732), LR: 0.000281
[GPU cuda:0][TRAIN] Epoch: [5][2300/3100], Elapsed 12m 2s (remain 4m 11s), Accuracy: 50.000(69.600), Loss: 0.963(0.731), LR: 0.000281
[GPU cuda:0][TRAIN] Epoch: [5][2350/3100], Elapsed 12m 18s (remain 3m 55s), Accuracy: 50.000(69.449), Loss: 1.027(0.732), LR: 0.000280
[GPU cuda:0][TRAIN] Epoch: [5][2400/3100], Elapsed 12m 34s (remain 3m 39s), Accuracy: 25.000(69.294), Loss: 1.308(0.735), LR: 0.000279
[GPU cuda:0][TRAIN] Epoch: [5][2450/3100], Elapsed 12m 49s (remain 3m 23s), Accuracy: 25.000(69.217), Loss: 0.823(0.735), LR: 0.000278
[GPU cuda:0][TRAIN] Epoch: [5][2500/3100], Elapsed 13m 5s (remain 3m 8s), Accuracy: 75.000(69.302), Loss: 0.813(0.734), LR: 0.000277
[GPU cuda:0][TRAIN] Epoch: [5][2550/3100], Elapsed 13m 21s (remain 2m 52s), Accuracy: 50.000(69.218), Loss: 1.180(0.736), LR: 0.000276
[GPU cuda:0][TRAIN] Epoch: [5][2600/3100], Elapsed 13m 37s (remain 2m 36s), Accuracy: 50.000(69.291), Loss: 0.779(0.734), LR: 0.000275
[GPU cuda:0][TRAIN] Epoch: [5][2650/3100], Elapsed 13m 52s (remain 2m 21s), Accuracy: 50.000(69.379), Loss: 1.525(0.734), LR: 0.000274
[GPU cuda:0][TRAIN] Epoch: [5][2700/3100], Elapsed 14m 8s (remain 2m 5s), Accuracy: 100.000(69.409), Loss: 0.330(0.733), LR: 0.000273
[GPU cuda:0][TRAIN] Epoch: [5][2750/3100], Elapsed 14m 23s (remain 1m 49s), Accuracy: 25.000(69.329), Loss: 1.079(0.735), LR: 0.000272
[GPU cuda:0][TRAIN] Epoch: [5][2800/3100], Elapsed 14m 39s (remain 1m 33s), Accuracy: 25.000(69.297), Loss: 1.682(0.736), LR: 0.000271
[GPU cuda:0][TRAIN] Epoch: [5][2850/3100], Elapsed 14m 55s (remain 1m 18s), Accuracy: 75.000(69.318), Loss: 0.742(0.736), LR: 0.000269
[GPU cuda:0][TRAIN] Epoch: [5][2900/3100], Elapsed 15m 10s (remain 1m 2s), Accuracy: 100.000(69.312), Loss: 0.575(0.738), LR: 0.000268
[GPU cuda:0][TRAIN] Epoch: [5][2950/3100], Elapsed 15m 26s (remain 0m 46s), Accuracy: 75.000(69.366), Loss: 0.502(0.737), LR: 0.000267
[GPU cuda:0][TRAIN] Epoch: [5][3000/3100], Elapsed 15m 42s (remain 0m 31s), Accuracy: 50.000(69.452), Loss: 1.629(0.736), LR: 0.000266
[GPU cuda:0][TRAIN] Epoch: [5][3050/3100], Elapsed 15m 57s (remain 0m 15s), Accuracy: 100.000(69.485), Loss: 0.337(0.736), LR: 0.000265
[GPU cuda:0][TRAIN] Epoch: [5][3099/3100], Elapsed 16m 13s (remain 0m 0s), Accuracy: 25.000(69.427), Loss: 1.415(0.737), LR: 0.000264
[GPU cuda:0][VALID][0/97], Elapsed 0m 1s (remain 2m 12s), Accuracy: 62.500(62.500), Batch Loss: 0.8218, Average Loss: 0.8218
[GPU cuda:0][VALID][50/97], Elapsed 0m 46s (remain 0m 42s), Accuracy: 75.000(63.664), Batch Loss: 0.5499, Average Loss: 0.8842
[GPU cuda:0][VALID][96/97], Elapsed 1m 28s (remain 0m 0s), Accuracy: 75.000(63.724), Batch Loss: 0.6369, Average Loss: 0.8627
Valid Labels Samples: [2 0 1 4 1 0 3 1 4 3]
Valid Predictions Samples: [2, 0, 2, 4, 1, 0, 3, 2, 4, 0]
Epoch 5 - Train Average Loss: 69.427, Valid Average Loss: 63.724, Epoch Time: 1065.076s
Epoch 5 - Accuracy: 0.637, Precision: 0.630, Recall: 0.637
[GPU cuda:0][TRAIN] Epoch: [6][0/3100], Elapsed 0m 0s (remain 36m 27s), Accuracy: 75.000(75.000), Loss: 0.840(0.840), LR: 0.000264
[GPU cuda:0][TRAIN] Epoch: [6][50/3100], Elapsed 0m 16s (remain 16m 23s), Accuracy: 50.000(71.078), Loss: 0.635(0.704), LR: 0.000262
[GPU cuda:0][TRAIN] Epoch: [6][100/3100], Elapsed 0m 32s (remain 15m 54s), Accuracy: 25.000(70.545), Loss: 1.536(0.696), LR: 0.000261
[GPU cuda:0][TRAIN] Epoch: [6][150/3100], Elapsed 0m 47s (remain 15m 34s), Accuracy: 100.000(70.199), Loss: 0.030(0.708), LR: 0.000260
[GPU cuda:0][TRAIN] Epoch: [6][200/3100], Elapsed 1m 3s (remain 15m 14s), Accuracy: 100.000(71.144), Loss: 0.139(0.701), LR: 0.000259
[GPU cuda:0][TRAIN] Epoch: [6][250/3100], Elapsed 1m 19s (remain 14m 58s), Accuracy: 50.000(70.319), Loss: 1.105(0.712), LR: 0.000257
[GPU cuda:0][TRAIN] Epoch: [6][300/3100], Elapsed 1m 34s (remain 14m 41s), Accuracy: 75.000(70.681), Loss: 0.447(0.703), LR: 0.000256
[GPU cuda:0][TRAIN] Epoch: [6][350/3100], Elapsed 1m 50s (remain 14m 26s), Accuracy: 0.000(69.872), Loss: 1.726(0.711), LR: 0.000255
[GPU cuda:0][TRAIN] Epoch: [6][400/3100], Elapsed 2m 6s (remain 14m 10s), Accuracy: 50.000(69.327), Loss: 0.812(0.719), LR: 0.000254
[GPU cuda:0][TRAIN] Epoch: [6][450/3100], Elapsed 2m 22s (remain 13m 54s), Accuracy: 100.000(69.678), Loss: 0.416(0.710), LR: 0.000252
[GPU cuda:0][TRAIN] Epoch: [6][500/3100], Elapsed 2m 37s (remain 13m 38s), Accuracy: 75.000(70.110), Loss: 0.612(0.705), LR: 0.000251
[GPU cuda:0][TRAIN] Epoch: [6][550/3100], Elapsed 2m 53s (remain 13m 22s), Accuracy: 75.000(70.327), Loss: 0.876(0.700), LR: 0.000250
[GPU cuda:0][TRAIN] Epoch: [6][600/3100], Elapsed 3m 9s (remain 13m 6s), Accuracy: 100.000(70.591), Loss: 0.173(0.694), LR: 0.000248
[GPU cuda:0][TRAIN] Epoch: [6][650/3100], Elapsed 3m 24s (remain 12m 50s), Accuracy: 75.000(70.584), Loss: 0.773(0.694), LR: 0.000247
[GPU cuda:0][TRAIN] Epoch: [6][700/3100], Elapsed 3m 40s (remain 12m 34s), Accuracy: 100.000(70.685), Loss: 0.390(0.694), LR: 0.000245
[GPU cuda:0][TRAIN] Epoch: [6][750/3100], Elapsed 3m 56s (remain 12m 18s), Accuracy: 100.000(70.772), Loss: 0.048(0.693), LR: 0.000244
[GPU cuda:0][TRAIN] Epoch: [6][800/3100], Elapsed 4m 11s (remain 12m 2s), Accuracy: 100.000(70.943), Loss: 0.318(0.691), LR: 0.000242
[GPU cuda:0][TRAIN] Epoch: [6][850/3100], Elapsed 4m 27s (remain 11m 46s), Accuracy: 100.000(71.122), Loss: 0.210(0.688), LR: 0.000241
[GPU cuda:0][TRAIN] Epoch: [6][900/3100], Elapsed 4m 43s (remain 11m 30s), Accuracy: 75.000(71.032), Loss: 0.420(0.690), LR: 0.000240
[GPU cuda:0][TRAIN] Epoch: [6][950/3100], Elapsed 4m 58s (remain 11m 14s), Accuracy: 100.000(71.083), Loss: 0.658(0.693), LR: 0.000238
[GPU cuda:0][TRAIN] Epoch: [6][1000/3100], Elapsed 5m 14s (remain 10m 59s), Accuracy: 75.000(71.454), Loss: 0.277(0.688), LR: 0.000237
[GPU cuda:0][TRAIN] Epoch: [6][1050/3100], Elapsed 5m 30s (remain 10m 43s), Accuracy: 75.000(71.813), Loss: 0.380(0.681), LR: 0.000235
[GPU cuda:0][TRAIN] Epoch: [6][1100/3100], Elapsed 5m 45s (remain 10m 27s), Accuracy: 25.000(71.776), Loss: 1.128(0.679), LR: 0.000234
[GPU cuda:0][TRAIN] Epoch: [6][1150/3100], Elapsed 6m 1s (remain 10m 11s), Accuracy: 100.000(71.807), Loss: 0.185(0.679), LR: 0.000232
[GPU cuda:0][TRAIN] Epoch: [6][1200/3100], Elapsed 6m 16s (remain 9m 55s), Accuracy: 100.000(71.919), Loss: 0.070(0.673), LR: 0.000230
[GPU cuda:0][TRAIN] Epoch: [6][1250/3100], Elapsed 6m 32s (remain 9m 40s), Accuracy: 75.000(71.623), Loss: 0.845(0.679), LR: 0.000229
[GPU cuda:0][TRAIN] Epoch: [6][1300/3100], Elapsed 6m 48s (remain 9m 24s), Accuracy: 75.000(71.733), Loss: 0.719(0.678), LR: 0.000227
[GPU cuda:0][TRAIN] Epoch: [6][1350/3100], Elapsed 7m 3s (remain 9m 8s), Accuracy: 100.000(72.058), Loss: 0.310(0.671), LR: 0.000226
[GPU cuda:0][TRAIN] Epoch: [6][1400/3100], Elapsed 7m 19s (remain 8m 53s), Accuracy: 75.000(71.931), Loss: 0.355(0.671), LR: 0.000224
[GPU cuda:0][TRAIN] Epoch: [6][1450/3100], Elapsed 7m 35s (remain 8m 37s), Accuracy: 75.000(72.123), Loss: 0.842(0.667), LR: 0.000223
[GPU cuda:0][TRAIN] Epoch: [6][1500/3100], Elapsed 7m 50s (remain 8m 21s), Accuracy: 50.000(72.219), Loss: 1.112(0.665), LR: 0.000221
[GPU cuda:0][TRAIN] Epoch: [6][1550/3100], Elapsed 8m 6s (remain 8m 5s), Accuracy: 100.000(72.131), Loss: 0.069(0.666), LR: 0.000219
[GPU cuda:0][TRAIN] Epoch: [6][1600/3100], Elapsed 8m 22s (remain 7m 50s), Accuracy: 100.000(72.205), Loss: 0.173(0.663), LR: 0.000218
[GPU cuda:0][TRAIN] Epoch: [6][1650/3100], Elapsed 8m 37s (remain 7m 34s), Accuracy: 100.000(72.290), Loss: 0.060(0.660), LR: 0.000216
[GPU cuda:0][TRAIN] Epoch: [6][1700/3100], Elapsed 8m 53s (remain 7m 18s), Accuracy: 50.000(72.369), Loss: 0.757(0.659), LR: 0.000214
[GPU cuda:0][TRAIN] Epoch: [6][1750/3100], Elapsed 9m 9s (remain 7m 3s), Accuracy: 100.000(72.230), Loss: 0.350(0.662), LR: 0.000213
[GPU cuda:0][TRAIN] Epoch: [6][1800/3100], Elapsed 9m 24s (remain 6m 47s), Accuracy: 100.000(72.418), Loss: 0.046(0.659), LR: 0.000211
[GPU cuda:0][TRAIN] Epoch: [6][1850/3100], Elapsed 9m 40s (remain 6m 31s), Accuracy: 50.000(72.380), Loss: 0.659(0.660), LR: 0.000209
[GPU cuda:0][TRAIN] Epoch: [6][1900/3100], Elapsed 9m 56s (remain 6m 16s), Accuracy: 75.000(72.528), Loss: 1.140(0.657), LR: 0.000208
[GPU cuda:0][TRAIN] Epoch: [6][1950/3100], Elapsed 10m 11s (remain 6m 0s), Accuracy: 50.000(72.476), Loss: 0.792(0.657), LR: 0.000206
[GPU cuda:0][TRAIN] Epoch: [6][2000/3100], Elapsed 10m 27s (remain 5m 44s), Accuracy: 75.000(72.451), Loss: 0.544(0.658), LR: 0.000204
[GPU cuda:0][TRAIN] Epoch: [6][2050/3100], Elapsed 10m 43s (remain 5m 29s), Accuracy: 75.000(72.635), Loss: 0.328(0.655), LR: 0.000203
[GPU cuda:0][TRAIN] Epoch: [6][2100/3100], Elapsed 10m 59s (remain 5m 13s), Accuracy: 75.000(72.680), Loss: 1.864(0.655), LR: 0.000201
[GPU cuda:0][TRAIN] Epoch: [6][2150/3100], Elapsed 11m 14s (remain 4m 57s), Accuracy: 50.000(72.768), Loss: 1.161(0.653), LR: 0.000199
[GPU cuda:0][TRAIN] Epoch: [6][2200/3100], Elapsed 11m 30s (remain 4m 42s), Accuracy: 25.000(72.762), Loss: 1.241(0.653), LR: 0.000197
[GPU cuda:0][TRAIN] Epoch: [6][2250/3100], Elapsed 11m 46s (remain 4m 26s), Accuracy: 50.000(72.812), Loss: 0.555(0.650), LR: 0.000196
[GPU cuda:0][TRAIN] Epoch: [6][2300/3100], Elapsed 12m 1s (remain 4m 10s), Accuracy: 75.000(72.903), Loss: 0.817(0.648), LR: 0.000194
[GPU cuda:0][TRAIN] Epoch: [6][2350/3100], Elapsed 12m 17s (remain 3m 54s), Accuracy: 75.000(72.916), Loss: 0.716(0.648), LR: 0.000192
[GPU cuda:0][TRAIN] Epoch: [6][2400/3100], Elapsed 12m 33s (remain 3m 39s), Accuracy: 25.000(72.782), Loss: 1.470(0.650), LR: 0.000190
[GPU cuda:0][TRAIN] Epoch: [6][2450/3100], Elapsed 12m 49s (remain 3m 23s), Accuracy: 50.000(72.776), Loss: 1.124(0.651), LR: 0.000189
[GPU cuda:0][TRAIN] Epoch: [6][2500/3100], Elapsed 13m 4s (remain 3m 7s), Accuracy: 75.000(72.811), Loss: 0.867(0.652), LR: 0.000187
[GPU cuda:0][TRAIN] Epoch: [6][2550/3100], Elapsed 13m 20s (remain 2m 52s), Accuracy: 50.000(72.726), Loss: 1.046(0.654), LR: 0.000185
[GPU cuda:0][TRAIN] Epoch: [6][2600/3100], Elapsed 13m 36s (remain 2m 36s), Accuracy: 50.000(72.885), Loss: 0.855(0.650), LR: 0.000183
[GPU cuda:0][TRAIN] Epoch: [6][2650/3100], Elapsed 13m 51s (remain 2m 20s), Accuracy: 75.000(72.991), Loss: 1.161(0.648), LR: 0.000181
[GPU cuda:0][TRAIN] Epoch: [6][2700/3100], Elapsed 14m 7s (remain 2m 5s), Accuracy: 75.000(73.093), Loss: 0.394(0.647), LR: 0.000180
[GPU cuda:0][TRAIN] Epoch: [6][2750/3100], Elapsed 14m 23s (remain 1m 49s), Accuracy: 50.000(73.146), Loss: 1.068(0.647), LR: 0.000178
[GPU cuda:0][TRAIN] Epoch: [6][2800/3100], Elapsed 14m 39s (remain 1m 33s), Accuracy: 25.000(73.126), Loss: 1.323(0.648), LR: 0.000176
[GPU cuda:0][TRAIN] Epoch: [6][2850/3100], Elapsed 14m 54s (remain 1m 18s), Accuracy: 75.000(73.220), Loss: 0.836(0.647), LR: 0.000174
[GPU cuda:0][TRAIN] Epoch: [6][2900/3100], Elapsed 15m 10s (remain 1m 2s), Accuracy: 75.000(73.164), Loss: 0.636(0.649), LR: 0.000172
[GPU cuda:0][TRAIN] Epoch: [6][2950/3100], Elapsed 15m 26s (remain 0m 46s), Accuracy: 50.000(73.229), Loss: 1.195(0.649), LR: 0.000171
[GPU cuda:0][TRAIN] Epoch: [6][3000/3100], Elapsed 15m 42s (remain 0m 31s), Accuracy: 50.000(73.317), Loss: 1.103(0.648), LR: 0.000169
[GPU cuda:0][TRAIN] Epoch: [6][3050/3100], Elapsed 15m 57s (remain 0m 15s), Accuracy: 75.000(73.328), Loss: 0.546(0.648), LR: 0.000167
[GPU cuda:0][TRAIN] Epoch: [6][3099/3100], Elapsed 16m 13s (remain 0m 0s), Accuracy: 25.000(73.355), Loss: 2.753(0.648), LR: 0.000165
[GPU cuda:0][VALID][0/97], Elapsed 0m 1s (remain 2m 14s), Accuracy: 75.000(75.000), Batch Loss: 0.6229, Average Loss: 0.6229
[GPU cuda:0][VALID][50/97], Elapsed 0m 47s (remain 0m 42s), Accuracy: 84.375(74.326), Batch Loss: 0.3679, Average Loss: 0.6577
[GPU cuda:0][VALID][96/97], Elapsed 1m 29s (remain 0m 0s), Accuracy: 85.714(74.112), Batch Loss: 0.4250, Average Loss: 0.6653
Valid Labels Samples: [2 0 1 4 1 0 3 1 4 3]
Valid Predictions Samples: [2, 0, 1, 3, 1, 0, 3, 1, 3, 0]
Epoch 6 - Train Average Loss: 73.355, Valid Average Loss: 74.112, Epoch Time: 1065.039s
Epoch 6 - Accuracy: 0.741, Precision: 0.742, Recall: 0.741
[GPU cuda:0][TRAIN] Epoch: [7][0/3100], Elapsed 0m 0s (remain 36m 19s), Accuracy: 75.000(75.000), Loss: 0.608(0.608), LR: 0.000165
[GPU cuda:0][TRAIN] Epoch: [7][50/3100], Elapsed 0m 16s (remain 16m 17s), Accuracy: 75.000(77.451), Loss: 0.446(0.513), LR: 0.000163
[GPU cuda:0][TRAIN] Epoch: [7][100/3100], Elapsed 0m 32s (remain 15m 52s), Accuracy: 50.000(75.495), Loss: 2.087(0.542), LR: 0.000161
[GPU cuda:0][TRAIN] Epoch: [7][150/3100], Elapsed 0m 47s (remain 15m 32s), Accuracy: 100.000(73.841), Loss: 0.041(0.586), LR: 0.000160
[GPU cuda:0][TRAIN] Epoch: [7][200/3100], Elapsed 1m 3s (remain 15m 14s), Accuracy: 100.000(74.751), Loss: 0.096(0.573), LR: 0.000158
[GPU cuda:0][TRAIN] Epoch: [7][250/3100], Elapsed 1m 19s (remain 14m 58s), Accuracy: 50.000(74.900), Loss: 0.916(0.580), LR: 0.000156
[GPU cuda:0][TRAIN] Epoch: [7][300/3100], Elapsed 1m 34s (remain 14m 41s), Accuracy: 75.000(75.664), Loss: 0.522(0.571), LR: 0.000154
[GPU cuda:0][TRAIN] Epoch: [7][350/3100], Elapsed 1m 50s (remain 14m 24s), Accuracy: 0.000(75.997), Loss: 1.590(0.563), LR: 0.000152
[GPU cuda:0][TRAIN] Epoch: [7][400/3100], Elapsed 2m 6s (remain 14m 8s), Accuracy: 50.000(75.748), Loss: 0.856(0.575), LR: 0.000150
[GPU cuda:0][TRAIN] Epoch: [7][450/3100], Elapsed 2m 21s (remain 13m 52s), Accuracy: 75.000(75.499), Loss: 0.310(0.573), LR: 0.000149
[GPU cuda:0][TRAIN] Epoch: [7][500/3100], Elapsed 2m 37s (remain 13m 37s), Accuracy: 100.000(75.699), Loss: 0.492(0.574), LR: 0.000147
[GPU cuda:0][TRAIN] Epoch: [7][550/3100], Elapsed 2m 53s (remain 13m 21s), Accuracy: 75.000(76.180), Loss: 0.706(0.568), LR: 0.000145
[GPU cuda:0][TRAIN] Epoch: [7][600/3100], Elapsed 3m 8s (remain 13m 5s), Accuracy: 100.000(76.622), Loss: 0.139(0.560), LR: 0.000143
[GPU cuda:0][TRAIN] Epoch: [7][650/3100], Elapsed 3m 24s (remain 12m 49s), Accuracy: 75.000(76.613), Loss: 0.608(0.559), LR: 0.000141
[GPU cuda:0][TRAIN] Epoch: [7][700/3100], Elapsed 3m 40s (remain 12m 34s), Accuracy: 75.000(76.462), Loss: 0.426(0.568), LR: 0.000139
[GPU cuda:0][TRAIN] Epoch: [7][750/3100], Elapsed 3m 56s (remain 12m 18s), Accuracy: 100.000(76.831), Loss: 0.123(0.565), LR: 0.000138
[GPU cuda:0][TRAIN] Epoch: [7][800/3100], Elapsed 4m 11s (remain 12m 2s), Accuracy: 100.000(76.717), Loss: 0.340(0.569), LR: 0.000136
[GPU cuda:0][TRAIN] Epoch: [7][850/3100], Elapsed 4m 27s (remain 11m 46s), Accuracy: 100.000(76.763), Loss: 0.082(0.567), LR: 0.000134
[GPU cuda:0][TRAIN] Epoch: [7][900/3100], Elapsed 4m 43s (remain 11m 31s), Accuracy: 75.000(76.554), Loss: 0.656(0.569), LR: 0.000132
[GPU cuda:0][TRAIN] Epoch: [7][950/3100], Elapsed 4m 58s (remain 11m 15s), Accuracy: 100.000(76.498), Loss: 0.335(0.571), LR: 0.000130
[GPU cuda:0][TRAIN] Epoch: [7][1000/3100], Elapsed 5m 14s (remain 10m 59s), Accuracy: 100.000(76.923), Loss: 0.292(0.565), LR: 0.000129
[GPU cuda:0][TRAIN] Epoch: [7][1050/3100], Elapsed 5m 30s (remain 10m 43s), Accuracy: 75.000(77.284), Loss: 1.313(0.559), LR: 0.000127
[GPU cuda:0][TRAIN] Epoch: [7][1100/3100], Elapsed 5m 45s (remain 10m 27s), Accuracy: 25.000(77.248), Loss: 1.360(0.562), LR: 0.000125
[GPU cuda:0][TRAIN] Epoch: [7][1150/3100], Elapsed 6m 1s (remain 10m 12s), Accuracy: 100.000(77.368), Loss: 0.105(0.561), LR: 0.000123
[GPU cuda:0][TRAIN] Epoch: [7][1200/3100], Elapsed 6m 17s (remain 9m 56s), Accuracy: 100.000(77.519), Loss: 0.027(0.556), LR: 0.000121
[GPU cuda:0][TRAIN] Epoch: [7][1250/3100], Elapsed 6m 32s (remain 9m 40s), Accuracy: 75.000(77.298), Loss: 0.740(0.559), LR: 0.000120
[GPU cuda:0][TRAIN] Epoch: [7][1300/3100], Elapsed 6m 48s (remain 9m 24s), Accuracy: 75.000(77.383), Loss: 0.634(0.557), LR: 0.000118
[GPU cuda:0][TRAIN] Epoch: [7][1350/3100], Elapsed 7m 4s (remain 9m 9s), Accuracy: 100.000(77.683), Loss: 0.212(0.550), LR: 0.000116
[GPU cuda:0][TRAIN] Epoch: [7][1400/3100], Elapsed 7m 19s (remain 8m 53s), Accuracy: 50.000(77.587), Loss: 0.576(0.550), LR: 0.000114
[GPU cuda:0][TRAIN] Epoch: [7][1450/3100], Elapsed 7m 35s (remain 8m 37s), Accuracy: 100.000(77.739), Loss: 0.260(0.547), LR: 0.000112
[GPU cuda:0][TRAIN] Epoch: [7][1500/3100], Elapsed 7m 50s (remain 8m 21s), Accuracy: 100.000(77.848), Loss: 0.510(0.543), LR: 0.000111
[GPU cuda:0][TRAIN] Epoch: [7][1550/3100], Elapsed 8m 6s (remain 8m 5s), Accuracy: 100.000(77.821), Loss: 0.040(0.544), LR: 0.000109
[GPU cuda:0][TRAIN] Epoch: [7][1600/3100], Elapsed 8m 22s (remain 7m 50s), Accuracy: 100.000(77.920), Loss: 0.103(0.541), LR: 0.000107
[GPU cuda:0][TRAIN] Epoch: [7][1650/3100], Elapsed 8m 37s (remain 7m 34s), Accuracy: 100.000(78.165), Loss: 0.064(0.537), LR: 0.000105
[GPU cuda:0][TRAIN] Epoch: [7][1700/3100], Elapsed 8m 53s (remain 7m 18s), Accuracy: 75.000(78.307), Loss: 0.633(0.534), LR: 0.000104
[GPU cuda:0][TRAIN] Epoch: [7][1750/3100], Elapsed 9m 9s (remain 7m 3s), Accuracy: 75.000(78.327), Loss: 0.563(0.536), LR: 0.000102
[GPU cuda:0][TRAIN] Epoch: [7][1800/3100], Elapsed 9m 24s (remain 6m 47s), Accuracy: 100.000(78.443), Loss: 0.161(0.534), LR: 0.000100
[GPU cuda:0][TRAIN] Epoch: [7][1850/3100], Elapsed 9m 40s (remain 6m 31s), Accuracy: 75.000(78.390), Loss: 1.068(0.534), LR: 0.000098
[GPU cuda:0][TRAIN] Epoch: [7][1900/3100], Elapsed 9m 56s (remain 6m 16s), Accuracy: 75.000(78.564), Loss: 1.216(0.531), LR: 0.000097
[GPU cuda:0][TRAIN] Epoch: [7][1950/3100], Elapsed 10m 11s (remain 6m 0s), Accuracy: 100.000(78.524), Loss: 0.361(0.530), LR: 0.000095
[GPU cuda:0][TRAIN] Epoch: [7][2000/3100], Elapsed 10m 27s (remain 5m 44s), Accuracy: 75.000(78.473), Loss: 0.304(0.531), LR: 0.000093
[GPU cuda:0][TRAIN] Epoch: [7][2050/3100], Elapsed 10m 43s (remain 5m 28s), Accuracy: 75.000(78.657), Loss: 0.285(0.527), LR: 0.000092
[GPU cuda:0][TRAIN] Epoch: [7][2100/3100], Elapsed 10m 58s (remain 5m 13s), Accuracy: 75.000(78.629), Loss: 1.976(0.528), LR: 0.000090
[GPU cuda:0][TRAIN] Epoch: [7][2150/3100], Elapsed 11m 14s (remain 4m 57s), Accuracy: 50.000(78.754), Loss: 0.980(0.526), LR: 0.000088
[GPU cuda:0][TRAIN] Epoch: [7][2200/3100], Elapsed 11m 30s (remain 4m 41s), Accuracy: 50.000(78.771), Loss: 0.976(0.525), LR: 0.000087
[GPU cuda:0][TRAIN] Epoch: [7][2250/3100], Elapsed 11m 46s (remain 4m 26s), Accuracy: 100.000(78.943), Loss: 0.281(0.521), LR: 0.000085
[GPU cuda:0][TRAIN] Epoch: [7][2300/3100], Elapsed 12m 1s (remain 4m 10s), Accuracy: 75.000(79.053), Loss: 0.388(0.518), LR: 0.000083
[GPU cuda:0][TRAIN] Epoch: [7][2350/3100], Elapsed 12m 17s (remain 3m 54s), Accuracy: 75.000(78.988), Loss: 0.592(0.519), LR: 0.000082
[GPU cuda:0][TRAIN] Epoch: [7][2400/3100], Elapsed 12m 33s (remain 3m 39s), Accuracy: 50.000(78.967), Loss: 1.611(0.521), LR: 0.000080
[GPU cuda:0][TRAIN] Epoch: [7][2450/3100], Elapsed 12m 49s (remain 3m 23s), Accuracy: 75.000(78.886), Loss: 0.391(0.522), LR: 0.000078
[GPU cuda:0][TRAIN] Epoch: [7][2500/3100], Elapsed 13m 4s (remain 3m 7s), Accuracy: 75.000(78.868), Loss: 0.836(0.522), LR: 0.000077
[GPU cuda:0][TRAIN] Epoch: [7][2550/3100], Elapsed 13m 20s (remain 2m 52s), Accuracy: 50.000(78.842), Loss: 1.137(0.522), LR: 0.000075
[GPU cuda:0][TRAIN] Epoch: [7][2600/3100], Elapsed 13m 36s (remain 2m 36s), Accuracy: 75.000(78.970), Loss: 0.592(0.519), LR: 0.000074
[GPU cuda:0][TRAIN] Epoch: [7][2650/3100], Elapsed 13m 51s (remain 2m 20s), Accuracy: 75.000(79.102), Loss: 1.009(0.517), LR: 0.000072
[GPU cuda:0][TRAIN] Epoch: [7][2700/3100], Elapsed 14m 7s (remain 2m 5s), Accuracy: 75.000(79.184), Loss: 0.475(0.515), LR: 0.000070
[GPU cuda:0][TRAIN] Epoch: [7][2750/3100], Elapsed 14m 23s (remain 1m 49s), Accuracy: 50.000(79.198), Loss: 0.968(0.515), LR: 0.000069
[GPU cuda:0][TRAIN] Epoch: [7][2800/3100], Elapsed 14m 39s (remain 1m 33s), Accuracy: 50.000(79.115), Loss: 1.153(0.517), LR: 0.000067
[GPU cuda:0][TRAIN] Epoch: [7][2850/3100], Elapsed 14m 54s (remain 1m 18s), Accuracy: 75.000(79.183), Loss: 0.793(0.517), LR: 0.000066
[GPU cuda:0][TRAIN] Epoch: [7][2900/3100], Elapsed 15m 10s (remain 1m 2s), Accuracy: 100.000(79.085), Loss: 0.336(0.518), LR: 0.000064
[GPU cuda:0][TRAIN] Epoch: [7][2950/3100], Elapsed 15m 26s (remain 0m 46s), Accuracy: 75.000(79.134), Loss: 0.368(0.518), LR: 0.000063
[GPU cuda:0][TRAIN] Epoch: [7][3000/3100], Elapsed 15m 42s (remain 0m 31s), Accuracy: 50.000(79.199), Loss: 1.054(0.516), LR: 0.000061
[GPU cuda:0][TRAIN] Epoch: [7][3050/3100], Elapsed 15m 57s (remain 0m 15s), Accuracy: 75.000(79.220), Loss: 0.379(0.516), LR: 0.000060
[GPU cuda:0][TRAIN] Epoch: [7][3099/3100], Elapsed 16m 13s (remain 0m 0s), Accuracy: 25.000(79.226), Loss: 2.184(0.515), LR: 0.000059
[GPU cuda:0][VALID][0/97], Elapsed 0m 1s (remain 2m 12s), Accuracy: 78.125(78.125), Batch Loss: 0.6311, Average Loss: 0.6311
[GPU cuda:0][VALID][50/97], Elapsed 0m 47s (remain 0m 42s), Accuracy: 81.250(73.591), Batch Loss: 0.4022, Average Loss: 0.6910
[GPU cuda:0][VALID][96/97], Elapsed 1m 29s (remain 0m 0s), Accuracy: 71.429(73.707), Batch Loss: 0.5215, Average Loss: 0.6993
Valid Labels Samples: [2 0 1 4 1 0 3 1 4 3]
Valid Predictions Samples: [2, 0, 1, 3, 1, 0, 3, 1, 3, 0]
Epoch 7 - Train Average Loss: 79.226, Valid Average Loss: 73.707, Epoch Time: 1065.233s
Epoch 7 - Accuracy: 0.737, Precision: 0.741, Recall: 0.737
[GPU cuda:0][TRAIN] Epoch: [8][0/3100], Elapsed 0m 0s (remain 36m 49s), Accuracy: 100.000(100.000), Loss: 0.205(0.205), LR: 0.000058
[GPU cuda:0][TRAIN] Epoch: [8][50/3100], Elapsed 0m 16s (remain 16m 26s), Accuracy: 75.000(83.824), Loss: 0.326(0.393), LR: 0.000057
[GPU cuda:0][TRAIN] Epoch: [8][100/3100], Elapsed 0m 32s (remain 15m 58s), Accuracy: 50.000(82.673), Loss: 1.813(0.420), LR: 0.000056
[GPU cuda:0][TRAIN] Epoch: [8][150/3100], Elapsed 0m 48s (remain 15m 38s), Accuracy: 100.000(82.119), Loss: 0.031(0.445), LR: 0.000054
[GPU cuda:0][TRAIN] Epoch: [8][200/3100], Elapsed 1m 3s (remain 15m 21s), Accuracy: 100.000(81.965), Loss: 0.067(0.453), LR: 0.000053
[GPU cuda:0][TRAIN] Epoch: [8][250/3100], Elapsed 1m 19s (remain 15m 4s), Accuracy: 75.000(81.375), Loss: 0.594(0.464), LR: 0.000051
[GPU cuda:0][TRAIN] Epoch: [8][300/3100], Elapsed 1m 35s (remain 14m 47s), Accuracy: 100.000(82.226), Loss: 0.084(0.452), LR: 0.000050
[GPU cuda:0][TRAIN] Epoch: [8][350/3100], Elapsed 1m 51s (remain 14m 31s), Accuracy: 25.000(81.980), Loss: 1.222(0.450), LR: 0.000049
[GPU cuda:0][TRAIN] Epoch: [8][400/3100], Elapsed 2m 6s (remain 14m 14s), Accuracy: 75.000(81.484), Loss: 0.608(0.458), LR: 0.000047
[GPU cuda:0][TRAIN] Epoch: [8][450/3100], Elapsed 2m 22s (remain 13m 58s), Accuracy: 100.000(82.095), Loss: 0.227(0.447), LR: 0.000046
[GPU cuda:0][TRAIN] Epoch: [8][500/3100], Elapsed 2m 38s (remain 13m 42s), Accuracy: 100.000(82.285), Loss: 0.345(0.446), LR: 0.000045
[GPU cuda:0][TRAIN] Epoch: [8][550/3100], Elapsed 2m 54s (remain 13m 25s), Accuracy: 75.000(82.623), Loss: 0.688(0.442), LR: 0.000043
[GPU cuda:0][TRAIN] Epoch: [8][600/3100], Elapsed 3m 9s (remain 13m 9s), Accuracy: 100.000(82.779), Loss: 0.055(0.436), LR: 0.000042
[GPU cuda:0][TRAIN] Epoch: [8][650/3100], Elapsed 3m 25s (remain 12m 53s), Accuracy: 100.000(82.680), Loss: 0.004(0.434), LR: 0.000041
[GPU cuda:0][TRAIN] Epoch: [8][700/3100], Elapsed 3m 41s (remain 12m 37s), Accuracy: 100.000(82.561), Loss: 0.340(0.440), LR: 0.000040
[GPU cuda:0][TRAIN] Epoch: [8][750/3100], Elapsed 3m 56s (remain 12m 21s), Accuracy: 100.000(82.557), Loss: 0.016(0.438), LR: 0.000038
[GPU cuda:0][TRAIN] Epoch: [8][800/3100], Elapsed 4m 12s (remain 12m 4s), Accuracy: 100.000(82.428), Loss: 0.167(0.439), LR: 0.000037
[GPU cuda:0][TRAIN] Epoch: [8][850/3100], Elapsed 4m 28s (remain 11m 48s), Accuracy: 100.000(82.638), Loss: 0.067(0.435), LR: 0.000036
[GPU cuda:0][TRAIN] Epoch: [8][900/3100], Elapsed 4m 43s (remain 11m 32s), Accuracy: 75.000(82.436), Loss: 0.767(0.438), LR: 0.000035
[GPU cuda:0][TRAIN] Epoch: [8][950/3100], Elapsed 4m 59s (remain 11m 16s), Accuracy: 75.000(82.466), Loss: 0.238(0.436), LR: 0.000034
[GPU cuda:0][TRAIN] Epoch: [8][1000/3100], Elapsed 5m 15s (remain 11m 0s), Accuracy: 75.000(82.592), Loss: 0.416(0.433), LR: 0.000033
[GPU cuda:0][TRAIN] Epoch: [8][1050/3100], Elapsed 5m 30s (remain 10m 45s), Accuracy: 100.000(82.826), Loss: 0.026(0.427), LR: 0.000032
[GPU cuda:0][TRAIN] Epoch: [8][1100/3100], Elapsed 5m 46s (remain 10m 29s), Accuracy: 25.000(82.879), Loss: 1.238(0.427), LR: 0.000030
[GPU cuda:0][TRAIN] Epoch: [8][1150/3100], Elapsed 6m 2s (remain 10m 13s), Accuracy: 100.000(82.906), Loss: 0.006(0.427), LR: 0.000029
[GPU cuda:0][TRAIN] Epoch: [8][1200/3100], Elapsed 6m 17s (remain 9m 57s), Accuracy: 100.000(83.014), Loss: 0.028(0.424), LR: 0.000028
[GPU cuda:0][TRAIN] Epoch: [8][1250/3100], Elapsed 6m 33s (remain 9m 41s), Accuracy: 75.000(82.814), Loss: 0.657(0.427), LR: 0.000027
[GPU cuda:0][TRAIN] Epoch: [8][1300/3100], Elapsed 6m 49s (remain 9m 26s), Accuracy: 75.000(82.898), Loss: 0.275(0.425), LR: 0.000026
[GPU cuda:0][TRAIN] Epoch: [8][1350/3100], Elapsed 7m 5s (remain 9m 10s), Accuracy: 100.000(83.068), Loss: 0.199(0.419), LR: 0.000025
[GPU cuda:0][TRAIN] Epoch: [8][1400/3100], Elapsed 7m 20s (remain 8m 54s), Accuracy: 75.000(83.066), Loss: 0.314(0.419), LR: 0.000024
[GPU cuda:0][TRAIN] Epoch: [8][1450/3100], Elapsed 7m 36s (remain 8m 38s), Accuracy: 100.000(83.218), Loss: 0.233(0.416), LR: 0.000023
[GPU cuda:0][TRAIN] Epoch: [8][1500/3100], Elapsed 7m 52s (remain 8m 23s), Accuracy: 100.000(83.428), Loss: 0.257(0.412), LR: 0.000022
[GPU cuda:0][TRAIN] Epoch: [8][1550/3100], Elapsed 8m 7s (remain 8m 7s), Accuracy: 100.000(83.430), Loss: 0.043(0.411), LR: 0.000021
[GPU cuda:0][TRAIN] Epoch: [8][1600/3100], Elapsed 8m 23s (remain 7m 51s), Accuracy: 100.000(83.620), Loss: 0.131(0.409), LR: 0.000020
[GPU cuda:0][TRAIN] Epoch: [8][1650/3100], Elapsed 8m 39s (remain 7m 35s), Accuracy: 100.000(83.661), Loss: 0.016(0.406), LR: 0.000020
[GPU cuda:0][TRAIN] Epoch: [8][1700/3100], Elapsed 8m 55s (remain 7m 20s), Accuracy: 50.000(83.745), Loss: 0.704(0.404), LR: 0.000019
[GPU cuda:0][TRAIN] Epoch: [8][1750/3100], Elapsed 9m 10s (remain 7m 4s), Accuracy: 100.000(83.681), Loss: 0.194(0.404), LR: 0.000018
[GPU cuda:0][TRAIN] Epoch: [8][1800/3100], Elapsed 9m 26s (remain 6m 48s), Accuracy: 100.000(83.676), Loss: 0.004(0.404), LR: 0.000017
[GPU cuda:0][TRAIN] Epoch: [8][1850/3100], Elapsed 9m 42s (remain 6m 32s), Accuracy: 100.000(83.725), Loss: 0.290(0.404), LR: 0.000016
[GPU cuda:0][TRAIN] Epoch: [8][1900/3100], Elapsed 9m 57s (remain 6m 17s), Accuracy: 75.000(83.798), Loss: 1.103(0.401), LR: 0.000015
[GPU cuda:0][TRAIN] Epoch: [8][1950/3100], Elapsed 10m 13s (remain 6m 1s), Accuracy: 75.000(83.854), Loss: 0.647(0.402), LR: 0.000015
[GPU cuda:0][TRAIN] Epoch: [8][2000/3100], Elapsed 10m 29s (remain 5m 45s), Accuracy: 75.000(83.721), Loss: 0.461(0.404), LR: 0.000014
[GPU cuda:0][TRAIN] Epoch: [8][2050/3100], Elapsed 10m 44s (remain 5m 29s), Accuracy: 75.000(83.837), Loss: 0.353(0.402), LR: 0.000013
[GPU cuda:0][TRAIN] Epoch: [8][2100/3100], Elapsed 11m 0s (remain 5m 14s), Accuracy: 75.000(83.817), Loss: 2.272(0.402), LR: 0.000012
[GPU cuda:0][TRAIN] Epoch: [8][2150/3100], Elapsed 11m 16s (remain 4m 58s), Accuracy: 75.000(83.880), Loss: 0.561(0.401), LR: 0.000012
[GPU cuda:0][TRAIN] Epoch: [8][2200/3100], Elapsed 11m 32s (remain 4m 42s), Accuracy: 75.000(83.894), Loss: 0.621(0.401), LR: 0.000011
[GPU cuda:0][TRAIN] Epoch: [8][2250/3100], Elapsed 11m 47s (remain 4m 26s), Accuracy: 100.000(84.029), Loss: 0.048(0.399), LR: 0.000010
[GPU cuda:0][TRAIN] Epoch: [8][2300/3100], Elapsed 12m 3s (remain 4m 11s), Accuracy: 75.000(84.072), Loss: 0.303(0.397), LR: 0.000010
[GPU cuda:0][TRAIN] Epoch: [8][2350/3100], Elapsed 12m 19s (remain 3m 55s), Accuracy: 75.000(84.017), Loss: 0.672(0.399), LR: 0.000009
[GPU cuda:0][TRAIN] Epoch: [8][2400/3100], Elapsed 12m 34s (remain 3m 39s), Accuracy: 50.000(84.059), Loss: 1.210(0.399), LR: 0.000009
[GPU cuda:0][TRAIN] Epoch: [8][2450/3100], Elapsed 12m 50s (remain 3m 24s), Accuracy: 75.000(83.956), Loss: 0.384(0.401), LR: 0.000008
[GPU cuda:0][TRAIN] Epoch: [8][2500/3100], Elapsed 13m 6s (remain 3m 8s), Accuracy: 75.000(83.916), Loss: 0.840(0.402), LR: 0.000007
[GPU cuda:0][TRAIN] Epoch: [8][2550/3100], Elapsed 13m 22s (remain 2m 52s), Accuracy: 75.000(83.898), Loss: 0.809(0.402), LR: 0.000007
[GPU cuda:0][TRAIN] Epoch: [8][2600/3100], Elapsed 13m 37s (remain 2m 36s), Accuracy: 75.000(83.948), Loss: 0.585(0.401), LR: 0.000006
[GPU cuda:0][TRAIN] Epoch: [8][2650/3100], Elapsed 13m 53s (remain 2m 21s), Accuracy: 75.000(83.978), Loss: 0.474(0.399), LR: 0.000006
[GPU cuda:0][TRAIN] Epoch: [8][2700/3100], Elapsed 14m 9s (remain 2m 5s), Accuracy: 75.000(84.061), Loss: 0.397(0.398), LR: 0.000005
[GPU cuda:0][TRAIN] Epoch: [8][2750/3100], Elapsed 14m 24s (remain 1m 49s), Accuracy: 75.000(84.097), Loss: 0.837(0.398), LR: 0.000005
[GPU cuda:0][TRAIN] Epoch: [8][2800/3100], Elapsed 14m 40s (remain 1m 33s), Accuracy: 50.000(84.015), Loss: 0.942(0.399), LR: 0.000005
[GPU cuda:0][TRAIN] Epoch: [8][2850/3100], Elapsed 14m 56s (remain 1m 18s), Accuracy: 75.000(84.041), Loss: 0.895(0.400), LR: 0.000004
[GPU cuda:0][TRAIN] Epoch: [8][2900/3100], Elapsed 15m 11s (remain 1m 2s), Accuracy: 100.000(83.911), Loss: 0.121(0.401), LR: 0.000004
[GPU cuda:0][TRAIN] Epoch: [8][2950/3100], Elapsed 15m 27s (remain 0m 46s), Accuracy: 100.000(83.929), Loss: 0.100(0.402), LR: 0.000004
[GPU cuda:0][TRAIN] Epoch: [8][3000/3100], Elapsed 15m 43s (remain 0m 31s), Accuracy: 75.000(83.997), Loss: 0.680(0.401), LR: 0.000003
[GPU cuda:0][TRAIN] Epoch: [8][3050/3100], Elapsed 15m 58s (remain 0m 15s), Accuracy: 75.000(83.989), Loss: 0.232(0.401), LR: 0.000003
[GPU cuda:0][TRAIN] Epoch: [8][3099/3100], Elapsed 16m 14s (remain 0m 0s), Accuracy: 25.000(83.960), Loss: 2.184(0.401), LR: 0.000003
[GPU cuda:0][VALID][0/97], Elapsed 0m 1s (remain 2m 14s), Accuracy: 75.000(75.000), Batch Loss: 0.8662, Average Loss: 0.8662
[GPU cuda:0][VALID][50/97], Elapsed 0m 46s (remain 0m 42s), Accuracy: 84.375(74.632), Batch Loss: 0.2866, Average Loss: 0.7310
[GPU cuda:0][VALID][96/97], Elapsed 1m 28s (remain 0m 0s), Accuracy: 75.000(73.937), Batch Loss: 0.4257, Average Loss: 0.7483
Valid Labels Samples: [2 0 1 4 1 0 3 1 4 3]
Valid Predictions Samples: [2, 0, 1, 3, 1, 0, 3, 1, 3, 0]
Epoch 8 - Train Average Loss: 83.960, Valid Average Loss: 73.937, Epoch Time: 1066.053s
Epoch 8 - Accuracy: 0.739, Precision: 0.743, Recall: 0.739
