[GPU 0]: Config File
{'id': 30, 'model_name': 'swin_large_patch4_window12_384_in22k', 'dropout': 0.5, 'size': 384, 'batch_size_t': 4, 'batch_size_v': 8, 'n_targets': 5, 'criterion': 'CrossEntropyLoss', 'gradient_accumulation_steps': 1, 'max_gradient_norm': None, 'optimizer': 'RangerLars', 'scheduler': 'OneCycleLR', 'LR': 3e-05, 'T_0': 200, 'T_max': 10, 'T_mult': 2, 'min_lr': 1e-06, 'max_lr': 0.00015000000000000001, 'no_batches': 3100, 'warmup_epochs': 1, 'cosine_epochs': 14, 'epochs': 15, 'update_per_batch': True, 'num_workers': 4, 'n_folds': 5, 'train_transforms': [], 'valid_transforms': [], 'observations': None, 'use_swa': True, 'swa_lr': 0.01, 'swa_epoch': 0, 'use_sam': True, 'use_asam': True, 'asam_rho': 0.1, 'print_freq': 50, 'one_fold': True, 'use_apex': True, 'distributed_training': False, 'save_to_log': True}
================================================== Training Fold: 0 ==================================================
[GPU cuda:0][TRAIN] Epoch: [1][0/3100], Elapsed 0m 0s (remain 24m 57s), Accuracy: 0.000(0.000), Loss: 1.718(1.718), LR: 0.000006
[GPU cuda:0][TRAIN] Epoch: [1][50/3100], Elapsed 0m 15s (remain 15m 47s), Accuracy: 50.000(16.176), Loss: 1.554(1.666), LR: 0.000006
[GPU cuda:0][TRAIN] Epoch: [1][100/3100], Elapsed 0m 31s (remain 15m 28s), Accuracy: 25.000(17.079), Loss: 1.485(1.658), LR: 0.000006
[GPU cuda:0][TRAIN] Epoch: [1][150/3100], Elapsed 0m 46s (remain 15m 12s), Accuracy: 25.000(16.556), Loss: 1.511(1.655), LR: 0.000006
[GPU cuda:0][TRAIN] Epoch: [1][200/3100], Elapsed 1m 2s (remain 14m 57s), Accuracy: 0.000(15.920), Loss: 1.560(1.661), LR: 0.000006
[GPU cuda:0][TRAIN] Epoch: [1][250/3100], Elapsed 1m 17s (remain 14m 42s), Accuracy: 25.000(16.534), Loss: 1.704(1.658), LR: 0.000006
[GPU cuda:0][TRAIN] Epoch: [1][300/3100], Elapsed 1m 33s (remain 14m 26s), Accuracy: 25.000(16.694), Loss: 1.641(1.657), LR: 0.000006
[GPU cuda:0][TRAIN] Epoch: [1][350/3100], Elapsed 1m 48s (remain 14m 10s), Accuracy: 0.000(17.379), Loss: 1.674(1.655), LR: 0.000006
[GPU cuda:0][TRAIN] Epoch: [1][400/3100], Elapsed 2m 4s (remain 13m 55s), Accuracy: 0.000(17.456), Loss: 1.858(1.653), LR: 0.000006
[GPU cuda:0][TRAIN] Epoch: [1][450/3100], Elapsed 2m 19s (remain 13m 40s), Accuracy: 50.000(18.293), Loss: 1.480(1.647), LR: 0.000006
[GPU cuda:0][TRAIN] Epoch: [1][500/3100], Elapsed 2m 35s (remain 13m 24s), Accuracy: 25.000(18.313), Loss: 1.681(1.644), LR: 0.000006
[GPU cuda:0][TRAIN] Epoch: [1][550/3100], Elapsed 2m 50s (remain 13m 9s), Accuracy: 0.000(18.194), Loss: 1.727(1.643), LR: 0.000007
[GPU cuda:0][TRAIN] Epoch: [1][600/3100], Elapsed 3m 6s (remain 12m 53s), Accuracy: 25.000(18.220), Loss: 1.603(1.642), LR: 0.000007
[GPU cuda:0][TRAIN] Epoch: [1][650/3100], Elapsed 3m 21s (remain 12m 38s), Accuracy: 0.000(18.280), Loss: 1.754(1.640), LR: 0.000007
[GPU cuda:0][TRAIN] Epoch: [1][700/3100], Elapsed 3m 36s (remain 12m 22s), Accuracy: 50.000(18.509), Loss: 1.490(1.638), LR: 0.000007
[GPU cuda:0][TRAIN] Epoch: [1][750/3100], Elapsed 3m 52s (remain 12m 7s), Accuracy: 25.000(18.941), Loss: 1.563(1.635), LR: 0.000007
[GPU cuda:0][TRAIN] Epoch: [1][800/3100], Elapsed 4m 7s (remain 11m 51s), Accuracy: 25.000(18.883), Loss: 1.574(1.634), LR: 0.000007
[GPU cuda:0][TRAIN] Epoch: [1][850/3100], Elapsed 4m 23s (remain 11m 36s), Accuracy: 25.000(19.389), Loss: 1.621(1.632), LR: 0.000007
[GPU cuda:0][TRAIN] Epoch: [1][900/3100], Elapsed 4m 38s (remain 11m 20s), Accuracy: 25.000(19.451), Loss: 1.583(1.631), LR: 0.000007
[GPU cuda:0][TRAIN] Epoch: [1][950/3100], Elapsed 4m 54s (remain 11m 5s), Accuracy: 50.000(19.611), Loss: 1.577(1.631), LR: 0.000008
[GPU cuda:0][TRAIN] Epoch: [1][1000/3100], Elapsed 5m 9s (remain 10m 49s), Accuracy: 50.000(19.980), Loss: 1.574(1.629), LR: 0.000008
[GPU cuda:0][TRAIN] Epoch: [1][1050/3100], Elapsed 5m 25s (remain 10m 34s), Accuracy: 0.000(20.266), Loss: 1.598(1.628), LR: 0.000008
[GPU cuda:0][TRAIN] Epoch: [1][1100/3100], Elapsed 5m 40s (remain 10m 18s), Accuracy: 25.000(20.618), Loss: 1.599(1.626), LR: 0.000008
[GPU cuda:0][TRAIN] Epoch: [1][1150/3100], Elapsed 5m 56s (remain 10m 3s), Accuracy: 0.000(20.808), Loss: 1.679(1.625), LR: 0.000008
[GPU cuda:0][TRAIN] Epoch: [1][1200/3100], Elapsed 6m 11s (remain 9m 47s), Accuracy: 50.000(20.962), Loss: 1.484(1.623), LR: 0.000009
[GPU cuda:0][TRAIN] Epoch: [1][1250/3100], Elapsed 6m 27s (remain 9m 32s), Accuracy: 25.000(21.183), Loss: 1.650(1.622), LR: 0.000009
[GPU cuda:0][TRAIN] Epoch: [1][1300/3100], Elapsed 6m 42s (remain 9m 16s), Accuracy: 25.000(21.637), Loss: 1.652(1.620), LR: 0.000009
[GPU cuda:0][TRAIN] Epoch: [1][1350/3100], Elapsed 6m 58s (remain 9m 1s), Accuracy: 50.000(21.799), Loss: 1.467(1.619), LR: 0.000009
[GPU cuda:0][TRAIN] Epoch: [1][1400/3100], Elapsed 7m 13s (remain 8m 45s), Accuracy: 50.000(22.002), Loss: 1.526(1.618), LR: 0.000010
[GPU cuda:0][TRAIN] Epoch: [1][1450/3100], Elapsed 7m 29s (remain 8m 30s), Accuracy: 50.000(22.261), Loss: 1.410(1.617), LR: 0.000010
[GPU cuda:0][TRAIN] Epoch: [1][1500/3100], Elapsed 7m 44s (remain 8m 14s), Accuracy: 75.000(22.352), Loss: 1.410(1.616), LR: 0.000010
[GPU cuda:0][TRAIN] Epoch: [1][1550/3100], Elapsed 8m 0s (remain 7m 59s), Accuracy: 50.000(22.373), Loss: 1.488(1.615), LR: 0.000010
[GPU cuda:0][TRAIN] Epoch: [1][1600/3100], Elapsed 8m 15s (remain 7m 44s), Accuracy: 50.000(22.814), Loss: 1.436(1.612), LR: 0.000011
[GPU cuda:0][TRAIN] Epoch: [1][1650/3100], Elapsed 8m 31s (remain 7m 28s), Accuracy: 50.000(22.941), Loss: 1.615(1.612), LR: 0.000011
[GPU cuda:0][TRAIN] Epoch: [1][1700/3100], Elapsed 8m 46s (remain 7m 13s), Accuracy: 50.000(23.148), Loss: 1.552(1.610), LR: 0.000011
[GPU cuda:0][TRAIN] Epoch: [1][1750/3100], Elapsed 9m 2s (remain 6m 57s), Accuracy: 25.000(23.301), Loss: 1.529(1.609), LR: 0.000012
[GPU cuda:0][TRAIN] Epoch: [1][1800/3100], Elapsed 9m 17s (remain 6m 42s), Accuracy: 25.000(23.542), Loss: 1.487(1.608), LR: 0.000012
[GPU cuda:0][TRAIN] Epoch: [1][1850/3100], Elapsed 9m 33s (remain 6m 26s), Accuracy: 0.000(23.771), Loss: 1.650(1.606), LR: 0.000012
[GPU cuda:0][TRAIN] Epoch: [1][1900/3100], Elapsed 9m 48s (remain 6m 11s), Accuracy: 50.000(24.132), Loss: 1.519(1.604), LR: 0.000012
[GPU cuda:0][TRAIN] Epoch: [1][1950/3100], Elapsed 10m 4s (remain 5m 55s), Accuracy: 50.000(24.193), Loss: 1.398(1.603), LR: 0.000013
[GPU cuda:0][TRAIN] Epoch: [1][2000/3100], Elapsed 10m 19s (remain 5m 40s), Accuracy: 0.000(24.275), Loss: 1.631(1.602), LR: 0.000013
[GPU cuda:0][TRAIN] Epoch: [1][2050/3100], Elapsed 10m 35s (remain 5m 24s), Accuracy: 25.000(24.476), Loss: 1.451(1.600), LR: 0.000014
[GPU cuda:0][TRAIN] Epoch: [1][2100/3100], Elapsed 10m 50s (remain 5m 9s), Accuracy: 25.000(24.798), Loss: 1.479(1.597), LR: 0.000014
[GPU cuda:0][TRAIN] Epoch: [1][2150/3100], Elapsed 11m 6s (remain 4m 54s), Accuracy: 25.000(25.163), Loss: 1.671(1.594), LR: 0.000014
[GPU cuda:0][TRAIN] Epoch: [1][2200/3100], Elapsed 11m 21s (remain 4m 38s), Accuracy: 25.000(25.511), Loss: 1.635(1.593), LR: 0.000015
[GPU cuda:0][TRAIN] Epoch: [1][2250/3100], Elapsed 11m 37s (remain 4m 23s), Accuracy: 0.000(25.755), Loss: 1.533(1.590), LR: 0.000015
[GPU cuda:0][TRAIN] Epoch: [1][2300/3100], Elapsed 11m 53s (remain 4m 7s), Accuracy: 0.000(25.945), Loss: 1.673(1.588), LR: 0.000015
[GPU cuda:0][TRAIN] Epoch: [1][2350/3100], Elapsed 12m 8s (remain 3m 52s), Accuracy: 25.000(26.117), Loss: 1.614(1.585), LR: 0.000016
[GPU cuda:0][TRAIN] Epoch: [1][2400/3100], Elapsed 12m 24s (remain 3m 36s), Accuracy: 0.000(26.364), Loss: 1.455(1.583), LR: 0.000016
[GPU cuda:0][TRAIN] Epoch: [1][2450/3100], Elapsed 12m 39s (remain 3m 21s), Accuracy: 25.000(26.479), Loss: 1.386(1.580), LR: 0.000017
[GPU cuda:0][TRAIN] Epoch: [1][2500/3100], Elapsed 12m 55s (remain 3m 5s), Accuracy: 0.000(26.849), Loss: 1.729(1.576), LR: 0.000017
[GPU cuda:0][TRAIN] Epoch: [1][2550/3100], Elapsed 13m 10s (remain 2m 50s), Accuracy: 25.000(27.078), Loss: 1.501(1.573), LR: 0.000018
[GPU cuda:0][TRAIN] Epoch: [1][2600/3100], Elapsed 13m 26s (remain 2m 34s), Accuracy: 25.000(27.393), Loss: 1.406(1.569), LR: 0.000018
[GPU cuda:0][TRAIN] Epoch: [1][2650/3100], Elapsed 13m 41s (remain 2m 19s), Accuracy: 0.000(27.754), Loss: 1.722(1.565), LR: 0.000018
[GPU cuda:0][TRAIN] Epoch: [1][2700/3100], Elapsed 13m 57s (remain 2m 3s), Accuracy: 75.000(28.193), Loss: 1.167(1.559), LR: 0.000019
[GPU cuda:0][TRAIN] Epoch: [1][2750/3100], Elapsed 14m 12s (remain 1m 48s), Accuracy: 50.000(28.535), Loss: 1.406(1.554), LR: 0.000019
[GPU cuda:0][TRAIN] Epoch: [1][2800/3100], Elapsed 14m 28s (remain 1m 32s), Accuracy: 25.000(28.811), Loss: 1.592(1.549), LR: 0.000020
[GPU cuda:0][TRAIN] Epoch: [1][2850/3100], Elapsed 14m 43s (remain 1m 17s), Accuracy: 25.000(29.121), Loss: 1.452(1.543), LR: 0.000020
[GPU cuda:0][TRAIN] Epoch: [1][2900/3100], Elapsed 14m 59s (remain 1m 1s), Accuracy: 75.000(29.386), Loss: 0.999(1.538), LR: 0.000021
[GPU cuda:0][TRAIN] Epoch: [1][2950/3100], Elapsed 15m 14s (remain 0m 46s), Accuracy: 25.000(29.710), Loss: 1.652(1.533), LR: 0.000021
[GPU cuda:0][TRAIN] Epoch: [1][3000/3100], Elapsed 15m 30s (remain 0m 30s), Accuracy: 50.000(30.223), Loss: 1.547(1.525), LR: 0.000022
[GPU cuda:0][TRAIN] Epoch: [1][3050/3100], Elapsed 15m 45s (remain 0m 15s), Accuracy: 50.000(30.556), Loss: 1.204(1.519), LR: 0.000022
[GPU cuda:0][TRAIN] Epoch: [1][3099/3100], Elapsed 16m 0s (remain 0m 0s), Accuracy: 50.000(30.871), Loss: 1.382(1.513), LR: 0.000023
[GPU cuda:0][VALID][0/388], Elapsed 0m 0s (remain 3m 24s), Accuracy: 50.000(50.000), Batch Loss: 1.0761, Average Loss: 1.0761
[GPU cuda:0][VALID][50/388], Elapsed 0m 12s (remain 1m 20s), Accuracy: 75.000(58.578), Batch Loss: 1.0174, Average Loss: 1.0255
[GPU cuda:0][VALID][100/388], Elapsed 0m 23s (remain 1m 7s), Accuracy: 75.000(55.074), Batch Loss: 1.1218, Average Loss: 1.0723
[GPU cuda:0][VALID][150/388], Elapsed 0m 35s (remain 0m 55s), Accuracy: 37.500(54.139), Batch Loss: 1.2808, Average Loss: 1.0876
[GPU cuda:0][VALID][200/388], Elapsed 0m 47s (remain 0m 43s), Accuracy: 50.000(53.794), Batch Loss: 1.0074, Average Loss: 1.0889
[GPU cuda:0][VALID][250/388], Elapsed 0m 58s (remain 0m 32s), Accuracy: 25.000(53.984), Batch Loss: 1.2241, Average Loss: 1.0852
[GPU cuda:0][VALID][300/388], Elapsed 1m 10s (remain 0m 20s), Accuracy: 37.500(53.904), Batch Loss: 1.2470, Average Loss: 1.0830
[GPU cuda:0][VALID][350/388], Elapsed 1m 22s (remain 0m 8s), Accuracy: 62.500(53.668), Batch Loss: 1.1135, Average Loss: 1.0867
[GPU cuda:0][VALID][387/388], Elapsed 1m 30s (remain 0m 0s), Accuracy: 25.000(53.737), Batch Loss: 1.3488, Average Loss: 1.0835
Valid Labels Samples: [2 0 1 4 1 0 3 1 4 3]
Valid Predictions Samples: [4, 0, 0, 4, 1, 0, 2, 2, 3, 4]
Epoch 1 - Train Average Loss: 30.871, Valid Average Loss: 53.737, Epoch Time: 1053.721s
Epoch 1 - Accuracy: 0.538, Precision: 0.547, Recall: 0.538
Saved Best Model: 0.54
[GPU cuda:0][TRAIN] Epoch: [2][0/3100], Elapsed 0m 0s (remain 36m 12s), Accuracy: 50.000(50.000), Loss: 1.005(1.005), LR: 0.000023
[GPU cuda:0][TRAIN] Epoch: [2][50/3100], Elapsed 0m 16s (remain 16m 12s), Accuracy: 50.000(51.471), Loss: 1.105(1.156), LR: 0.000023
[GPU cuda:0][TRAIN] Epoch: [2][100/3100], Elapsed 0m 31s (remain 15m 44s), Accuracy: 50.000(53.960), Loss: 1.518(1.106), LR: 0.000024
[GPU cuda:0][TRAIN] Epoch: [2][150/3100], Elapsed 0m 47s (remain 15m 23s), Accuracy: 75.000(54.636), Loss: 0.664(1.108), LR: 0.000024
[GPU cuda:0][TRAIN] Epoch: [2][200/3100], Elapsed 1m 2s (remain 15m 6s), Accuracy: 100.000(54.726), Loss: 0.596(1.111), LR: 0.000025
[GPU cuda:0][TRAIN] Epoch: [2][250/3100], Elapsed 1m 18s (remain 14m 49s), Accuracy: 50.000(53.088), Loss: 1.166(1.117), LR: 0.000026
[GPU cuda:0][TRAIN] Epoch: [2][300/3100], Elapsed 1m 33s (remain 14m 32s), Accuracy: 0.000(53.571), Loss: 1.298(1.111), LR: 0.000026
[GPU cuda:0][TRAIN] Epoch: [2][350/3100], Elapsed 1m 49s (remain 14m 16s), Accuracy: 75.000(53.917), Loss: 0.874(1.100), LR: 0.000027
[GPU cuda:0][TRAIN] Epoch: [2][400/3100], Elapsed 2m 4s (remain 14m 0s), Accuracy: 50.000(53.678), Loss: 1.209(1.101), LR: 0.000027
[GPU cuda:0][TRAIN] Epoch: [2][450/3100], Elapsed 2m 20s (remain 13m 44s), Accuracy: 75.000(54.656), Loss: 1.026(1.090), LR: 0.000028
[GPU cuda:0][TRAIN] Epoch: [2][500/3100], Elapsed 2m 35s (remain 13m 28s), Accuracy: 50.000(54.092), Loss: 1.082(1.092), LR: 0.000028
[GPU cuda:0][TRAIN] Epoch: [2][550/3100], Elapsed 2m 51s (remain 13m 13s), Accuracy: 25.000(54.764), Loss: 1.971(1.085), LR: 0.000029
[GPU cuda:0][TRAIN] Epoch: [2][600/3100], Elapsed 3m 7s (remain 12m 57s), Accuracy: 75.000(55.324), Loss: 0.995(1.077), LR: 0.000030
[GPU cuda:0][TRAIN] Epoch: [2][650/3100], Elapsed 3m 22s (remain 12m 42s), Accuracy: 75.000(55.607), Loss: 0.751(1.074), LR: 0.000030
[GPU cuda:0][TRAIN] Epoch: [2][700/3100], Elapsed 3m 38s (remain 12m 26s), Accuracy: 75.000(55.777), Loss: 0.827(1.068), LR: 0.000031
[GPU cuda:0][TRAIN] Epoch: [2][750/3100], Elapsed 3m 53s (remain 12m 10s), Accuracy: 100.000(56.092), Loss: 0.324(1.062), LR: 0.000031
[GPU cuda:0][TRAIN] Epoch: [2][800/3100], Elapsed 4m 9s (remain 11m 55s), Accuracy: 75.000(56.305), Loss: 0.963(1.060), LR: 0.000032
[GPU cuda:0][TRAIN] Epoch: [2][850/3100], Elapsed 4m 24s (remain 11m 39s), Accuracy: 100.000(56.580), Loss: 0.555(1.057), LR: 0.000033
[GPU cuda:0][TRAIN] Epoch: [2][900/3100], Elapsed 4m 40s (remain 11m 24s), Accuracy: 50.000(56.410), Loss: 1.050(1.058), LR: 0.000033
[GPU cuda:0][TRAIN] Epoch: [2][950/3100], Elapsed 4m 55s (remain 11m 8s), Accuracy: 75.000(56.467), Loss: 0.998(1.056), LR: 0.000034
[GPU cuda:0][TRAIN] Epoch: [2][1000/3100], Elapsed 5m 11s (remain 10m 53s), Accuracy: 50.000(56.693), Loss: 0.804(1.050), LR: 0.000035
[GPU cuda:0][TRAIN] Epoch: [2][1050/3100], Elapsed 5m 26s (remain 10m 37s), Accuracy: 100.000(57.112), Loss: 0.293(1.041), LR: 0.000035
[GPU cuda:0][TRAIN] Epoch: [2][1100/3100], Elapsed 5m 42s (remain 10m 21s), Accuracy: 25.000(57.539), Loss: 1.587(1.034), LR: 0.000036
[GPU cuda:0][TRAIN] Epoch: [2][1150/3100], Elapsed 5m 58s (remain 10m 6s), Accuracy: 75.000(57.580), Loss: 0.581(1.031), LR: 0.000037
[GPU cuda:0][TRAIN] Epoch: [2][1200/3100], Elapsed 6m 13s (remain 9m 50s), Accuracy: 100.000(57.889), Loss: 0.242(1.024), LR: 0.000037
[GPU cuda:0][TRAIN] Epoch: [2][1250/3100], Elapsed 6m 29s (remain 9m 35s), Accuracy: 25.000(57.834), Loss: 1.435(1.023), LR: 0.000038
[GPU cuda:0][TRAIN] Epoch: [2][1300/3100], Elapsed 6m 44s (remain 9m 19s), Accuracy: 50.000(57.975), Loss: 1.124(1.021), LR: 0.000039
[GPU cuda:0][TRAIN] Epoch: [2][1350/3100], Elapsed 7m 0s (remain 9m 3s), Accuracy: 100.000(58.124), Loss: 0.536(1.016), LR: 0.000039
[GPU cuda:0][TRAIN] Epoch: [2][1400/3100], Elapsed 7m 15s (remain 8m 48s), Accuracy: 75.000(58.012), Loss: 0.607(1.014), LR: 0.000040
[GPU cuda:0][TRAIN] Epoch: [2][1450/3100], Elapsed 7m 31s (remain 8m 32s), Accuracy: 75.000(58.132), Loss: 0.767(1.009), LR: 0.000041
[GPU cuda:0][TRAIN] Epoch: [2][1500/3100], Elapsed 7m 46s (remain 8m 17s), Accuracy: 75.000(58.245), Loss: 0.854(1.005), LR: 0.000041
[GPU cuda:0][TRAIN] Epoch: [2][1550/3100], Elapsed 8m 2s (remain 8m 1s), Accuracy: 75.000(58.285), Loss: 0.582(1.003), LR: 0.000042
[GPU cuda:0][TRAIN] Epoch: [2][1600/3100], Elapsed 8m 17s (remain 7m 46s), Accuracy: 100.000(58.463), Loss: 0.455(0.998), LR: 0.000043
[GPU cuda:0][TRAIN] Epoch: [2][1650/3100], Elapsed 8m 33s (remain 7m 30s), Accuracy: 75.000(58.540), Loss: 0.851(0.997), LR: 0.000043
[GPU cuda:0][TRAIN] Epoch: [2][1700/3100], Elapsed 8m 48s (remain 7m 15s), Accuracy: 50.000(58.745), Loss: 1.151(0.994), LR: 0.000044
[GPU cuda:0][TRAIN] Epoch: [2][1750/3100], Elapsed 9m 4s (remain 6m 59s), Accuracy: 50.000(58.724), Loss: 1.084(0.995), LR: 0.000045
[GPU cuda:0][TRAIN] Epoch: [2][1800/3100], Elapsed 9m 19s (remain 6m 43s), Accuracy: 100.000(58.912), Loss: 0.503(0.991), LR: 0.000046
[GPU cuda:0][TRAIN] Epoch: [2][1850/3100], Elapsed 9m 35s (remain 6m 28s), Accuracy: 100.000(58.766), Loss: 0.706(0.992), LR: 0.000046
[GPU cuda:0][TRAIN] Epoch: [2][1900/3100], Elapsed 9m 51s (remain 6m 12s), Accuracy: 50.000(59.035), Loss: 1.219(0.987), LR: 0.000047
[GPU cuda:0][TRAIN] Epoch: [2][1950/3100], Elapsed 10m 6s (remain 5m 57s), Accuracy: 75.000(58.995), Loss: 0.951(0.985), LR: 0.000048
[GPU cuda:0][TRAIN] Epoch: [2][2000/3100], Elapsed 10m 21s (remain 5m 41s), Accuracy: 50.000(59.120), Loss: 0.949(0.982), LR: 0.000049
[GPU cuda:0][TRAIN] Epoch: [2][2050/3100], Elapsed 10m 37s (remain 5m 26s), Accuracy: 75.000(59.300), Loss: 0.668(0.978), LR: 0.000049
[GPU cuda:0][TRAIN] Epoch: [2][2100/3100], Elapsed 10m 52s (remain 5m 10s), Accuracy: 25.000(59.376), Loss: 1.791(0.976), LR: 0.000050
[GPU cuda:0][TRAIN] Epoch: [2][2150/3100], Elapsed 11m 8s (remain 4m 54s), Accuracy: 50.000(59.577), Loss: 1.329(0.971), LR: 0.000051
[GPU cuda:0][TRAIN] Epoch: [2][2200/3100], Elapsed 11m 24s (remain 4m 39s), Accuracy: 25.000(59.552), Loss: 1.377(0.971), LR: 0.000052
[GPU cuda:0][TRAIN] Epoch: [2][2250/3100], Elapsed 11m 39s (remain 4m 23s), Accuracy: 50.000(59.596), Loss: 0.924(0.969), LR: 0.000052
[GPU cuda:0][TRAIN] Epoch: [2][2300/3100], Elapsed 11m 55s (remain 4m 8s), Accuracy: 0.000(59.626), Loss: 1.776(0.966), LR: 0.000053
[GPU cuda:0][TRAIN] Epoch: [2][2350/3100], Elapsed 12m 10s (remain 3m 52s), Accuracy: 50.000(59.698), Loss: 0.885(0.964), LR: 0.000054
[GPU cuda:0][TRAIN] Epoch: [2][2400/3100], Elapsed 12m 26s (remain 3m 37s), Accuracy: 25.000(59.704), Loss: 1.571(0.965), LR: 0.000055
[GPU cuda:0][TRAIN] Epoch: [2][2450/3100], Elapsed 12m 41s (remain 3m 21s), Accuracy: 25.000(59.731), Loss: 1.004(0.964), LR: 0.000055
[GPU cuda:0][TRAIN] Epoch: [2][2500/3100], Elapsed 12m 57s (remain 3m 6s), Accuracy: 25.000(59.916), Loss: 1.116(0.961), LR: 0.000056
[GPU cuda:0][TRAIN] Epoch: [2][2550/3100], Elapsed 13m 12s (remain 2m 50s), Accuracy: 50.000(59.918), Loss: 1.263(0.961), LR: 0.000057
[GPU cuda:0][TRAIN] Epoch: [2][2600/3100], Elapsed 13m 28s (remain 2m 35s), Accuracy: 50.000(60.121), Loss: 1.158(0.958), LR: 0.000058
[GPU cuda:0][TRAIN] Epoch: [2][2650/3100], Elapsed 13m 43s (remain 2m 19s), Accuracy: 50.000(60.213), Loss: 1.054(0.955), LR: 0.000058
[GPU cuda:0][TRAIN] Epoch: [2][2700/3100], Elapsed 13m 59s (remain 2m 3s), Accuracy: 75.000(60.367), Loss: 0.499(0.952), LR: 0.000059
[GPU cuda:0][TRAIN] Epoch: [2][2750/3100], Elapsed 14m 14s (remain 1m 48s), Accuracy: 50.000(60.487), Loss: 0.832(0.950), LR: 0.000060
[GPU cuda:0][TRAIN] Epoch: [2][2800/3100], Elapsed 14m 30s (remain 1m 32s), Accuracy: 25.000(60.496), Loss: 1.848(0.949), LR: 0.000061
[GPU cuda:0][TRAIN] Epoch: [2][2850/3100], Elapsed 14m 45s (remain 1m 17s), Accuracy: 50.000(60.540), Loss: 0.853(0.948), LR: 0.000062
[GPU cuda:0][TRAIN] Epoch: [2][2900/3100], Elapsed 15m 1s (remain 1m 1s), Accuracy: 75.000(60.548), Loss: 0.836(0.948), LR: 0.000062
[GPU cuda:0][TRAIN] Epoch: [2][2950/3100], Elapsed 15m 17s (remain 0m 46s), Accuracy: 75.000(60.556), Loss: 0.849(0.948), LR: 0.000063
[GPU cuda:0][TRAIN] Epoch: [2][3000/3100], Elapsed 15m 32s (remain 0m 30s), Accuracy: 25.000(60.596), Loss: 1.398(0.947), LR: 0.000064
[GPU cuda:0][TRAIN] Epoch: [2][3050/3100], Elapsed 15m 48s (remain 0m 15s), Accuracy: 50.000(60.685), Loss: 0.688(0.945), LR: 0.000065
[GPU cuda:0][TRAIN] Epoch: [2][3099/3100], Elapsed 16m 3s (remain 0m 0s), Accuracy: 25.000(60.806), Loss: 2.100(0.943), LR: 0.000066
[GPU cuda:0][VALID][0/388], Elapsed 0m 0s (remain 3m 21s), Accuracy: 87.500(87.500), Batch Loss: 0.4006, Average Loss: 0.4006
[GPU cuda:0][VALID][50/388], Elapsed 0m 12s (remain 1m 20s), Accuracy: 87.500(69.363), Batch Loss: 0.8497, Average Loss: 0.7382
[GPU cuda:0][VALID][100/388], Elapsed 0m 23s (remain 1m 7s), Accuracy: 37.500(69.431), Batch Loss: 1.0280, Average Loss: 0.7434
[GPU cuda:0][VALID][150/388], Elapsed 0m 35s (remain 0m 55s), Accuracy: 62.500(67.384), Batch Loss: 1.2366, Average Loss: 0.7706
[GPU cuda:0][VALID][200/388], Elapsed 0m 47s (remain 0m 43s), Accuracy: 87.500(66.915), Batch Loss: 0.3819, Average Loss: 0.7798
[GPU cuda:0][VALID][250/388], Elapsed 0m 58s (remain 0m 32s), Accuracy: 37.500(66.833), Batch Loss: 1.1682, Average Loss: 0.7866
[GPU cuda:0][VALID][300/388], Elapsed 1m 10s (remain 0m 20s), Accuracy: 50.000(66.487), Batch Loss: 1.0159, Average Loss: 0.7866
[GPU cuda:0][VALID][350/388], Elapsed 1m 22s (remain 0m 8s), Accuracy: 62.500(66.560), Batch Loss: 0.8529, Average Loss: 0.7816
[GPU cuda:0][VALID][387/388], Elapsed 1m 30s (remain 0m 0s), Accuracy: 75.000(66.720), Batch Loss: 0.8861, Average Loss: 0.7790
Valid Labels Samples: [2 0 1 4 1 0 3 1 4 3]
Valid Predictions Samples: [2, 0, 1, 4, 1, 0, 3, 2, 3, 0]
Epoch 2 - Train Average Loss: 60.806, Valid Average Loss: 66.720, Epoch Time: 1056.374s
Epoch 2 - Accuracy: 0.667, Precision: 0.674, Recall: 0.667
Saved Best Model: 0.67
[GPU cuda:0][TRAIN] Epoch: [3][0/3100], Elapsed 0m 0s (remain 35m 26s), Accuracy: 75.000(75.000), Loss: 0.884(0.884), LR: 0.000066
[GPU cuda:0][TRAIN] Epoch: [3][50/3100], Elapsed 0m 16s (remain 16m 9s), Accuracy: 50.000(61.275), Loss: 0.774(0.871), LR: 0.000066
[GPU cuda:0][TRAIN] Epoch: [3][100/3100], Elapsed 0m 31s (remain 15m 42s), Accuracy: 0.000(62.871), Loss: 1.587(0.817), LR: 0.000067
[GPU cuda:0][TRAIN] Epoch: [3][150/3100], Elapsed 0m 47s (remain 15m 23s), Accuracy: 75.000(63.576), Loss: 0.327(0.824), LR: 0.000068
[GPU cuda:0][TRAIN] Epoch: [3][200/3100], Elapsed 1m 2s (remain 15m 5s), Accuracy: 75.000(63.557), Loss: 0.399(0.836), LR: 0.000069
[GPU cuda:0][TRAIN] Epoch: [3][250/3100], Elapsed 1m 18s (remain 14m 48s), Accuracy: 50.000(63.347), Loss: 0.995(0.842), LR: 0.000070
[GPU cuda:0][TRAIN] Epoch: [3][300/3100], Elapsed 1m 33s (remain 14m 31s), Accuracy: 25.000(64.618), Loss: 1.045(0.832), LR: 0.000070
[GPU cuda:0][TRAIN] Epoch: [3][350/3100], Elapsed 1m 49s (remain 14m 15s), Accuracy: 50.000(65.100), Loss: 1.193(0.822), LR: 0.000071
[GPU cuda:0][TRAIN] Epoch: [3][400/3100], Elapsed 2m 4s (remain 13m 59s), Accuracy: 50.000(63.840), Loss: 0.908(0.839), LR: 0.000072
[GPU cuda:0][TRAIN] Epoch: [3][450/3100], Elapsed 2m 20s (remain 13m 43s), Accuracy: 75.000(64.191), Loss: 0.755(0.834), LR: 0.000073
[GPU cuda:0][TRAIN] Epoch: [3][500/3100], Elapsed 2m 35s (remain 13m 27s), Accuracy: 50.000(63.922), Loss: 0.875(0.843), LR: 0.000074
[GPU cuda:0][TRAIN] Epoch: [3][550/3100], Elapsed 2m 51s (remain 13m 11s), Accuracy: 0.000(64.111), Loss: 1.767(0.842), LR: 0.000074
[GPU cuda:0][TRAIN] Epoch: [3][600/3100], Elapsed 3m 6s (remain 12m 55s), Accuracy: 75.000(64.268), Loss: 0.546(0.837), LR: 0.000075
[GPU cuda:0][TRAIN] Epoch: [3][650/3100], Elapsed 3m 22s (remain 12m 40s), Accuracy: 75.000(64.439), Loss: 0.630(0.838), LR: 0.000076
[GPU cuda:0][TRAIN] Epoch: [3][700/3100], Elapsed 3m 37s (remain 12m 24s), Accuracy: 75.000(64.087), Loss: 0.727(0.846), LR: 0.000077
[GPU cuda:0][TRAIN] Epoch: [3][750/3100], Elapsed 3m 52s (remain 12m 8s), Accuracy: 100.000(64.481), Loss: 0.118(0.844), LR: 0.000078
[GPU cuda:0][TRAIN] Epoch: [3][800/3100], Elapsed 4m 8s (remain 11m 53s), Accuracy: 100.000(64.576), Loss: 0.536(0.842), LR: 0.000078
[GPU cuda:0][TRAIN] Epoch: [3][850/3100], Elapsed 4m 23s (remain 11m 37s), Accuracy: 75.000(64.424), Loss: 0.738(0.844), LR: 0.000079
[GPU cuda:0][TRAIN] Epoch: [3][900/3100], Elapsed 4m 39s (remain 11m 21s), Accuracy: 75.000(64.179), Loss: 0.851(0.849), LR: 0.000080
[GPU cuda:0][TRAIN] Epoch: [3][950/3100], Elapsed 4m 54s (remain 11m 6s), Accuracy: 75.000(64.038), Loss: 0.564(0.851), LR: 0.000081
[GPU cuda:0][TRAIN] Epoch: [3][1000/3100], Elapsed 5m 10s (remain 10m 50s), Accuracy: 100.000(64.436), Loss: 0.519(0.846), LR: 0.000082
[GPU cuda:0][TRAIN] Epoch: [3][1050/3100], Elapsed 5m 25s (remain 10m 35s), Accuracy: 100.000(64.795), Loss: 0.159(0.839), LR: 0.000082
[GPU cuda:0][TRAIN] Epoch: [3][1100/3100], Elapsed 5m 41s (remain 10m 19s), Accuracy: 50.000(65.191), Loss: 1.328(0.833), LR: 0.000083
[GPU cuda:0][TRAIN] Epoch: [3][1150/3100], Elapsed 5m 56s (remain 10m 4s), Accuracy: 0.000(65.248), Loss: 1.317(0.831), LR: 0.000084
[GPU cuda:0][TRAIN] Epoch: [3][1200/3100], Elapsed 6m 12s (remain 9m 48s), Accuracy: 100.000(65.216), Loss: 0.124(0.829), LR: 0.000085
[GPU cuda:0][TRAIN] Epoch: [3][1250/3100], Elapsed 6m 27s (remain 9m 33s), Accuracy: 75.000(64.988), Loss: 0.833(0.831), LR: 0.000086
[GPU cuda:0][TRAIN] Epoch: [3][1300/3100], Elapsed 6m 43s (remain 9m 17s), Accuracy: 50.000(65.104), Loss: 1.143(0.832), LR: 0.000087
[GPU cuda:0][TRAIN] Epoch: [3][1350/3100], Elapsed 6m 58s (remain 9m 2s), Accuracy: 100.000(65.303), Loss: 0.342(0.828), LR: 0.000087
[GPU cuda:0][TRAIN] Epoch: [3][1400/3100], Elapsed 7m 14s (remain 8m 46s), Accuracy: 75.000(65.346), Loss: 0.503(0.826), LR: 0.000088
[GPU cuda:0][TRAIN] Epoch: [3][1450/3100], Elapsed 7m 29s (remain 8m 31s), Accuracy: 75.000(65.541), Loss: 0.527(0.822), LR: 0.000089
[GPU cuda:0][TRAIN] Epoch: [3][1500/3100], Elapsed 7m 45s (remain 8m 15s), Accuracy: 100.000(65.590), Loss: 0.853(0.821), LR: 0.000090
[GPU cuda:0][TRAIN] Epoch: [3][1550/3100], Elapsed 8m 0s (remain 8m 0s), Accuracy: 100.000(65.554), Loss: 0.259(0.820), LR: 0.000091
[GPU cuda:0][TRAIN] Epoch: [3][1600/3100], Elapsed 8m 16s (remain 7m 44s), Accuracy: 100.000(65.631), Loss: 0.317(0.819), LR: 0.000091
[GPU cuda:0][TRAIN] Epoch: [3][1650/3100], Elapsed 8m 31s (remain 7m 29s), Accuracy: 100.000(65.703), Loss: 0.334(0.819), LR: 0.000092
[GPU cuda:0][TRAIN] Epoch: [3][1700/3100], Elapsed 8m 47s (remain 7m 13s), Accuracy: 50.000(65.755), Loss: 1.170(0.818), LR: 0.000093
[GPU cuda:0][TRAIN] Epoch: [3][1750/3100], Elapsed 9m 2s (remain 6m 58s), Accuracy: 50.000(65.577), Loss: 0.612(0.821), LR: 0.000094
[GPU cuda:0][TRAIN] Epoch: [3][1800/3100], Elapsed 9m 18s (remain 6m 42s), Accuracy: 100.000(65.727), Loss: 0.197(0.818), LR: 0.000094
[GPU cuda:0][TRAIN] Epoch: [3][1850/3100], Elapsed 9m 33s (remain 6m 27s), Accuracy: 50.000(65.519), Loss: 0.785(0.821), LR: 0.000095
[GPU cuda:0][TRAIN] Epoch: [3][1900/3100], Elapsed 9m 49s (remain 6m 11s), Accuracy: 50.000(65.781), Loss: 0.911(0.818), LR: 0.000096
[GPU cuda:0][TRAIN] Epoch: [3][1950/3100], Elapsed 10m 4s (remain 5m 56s), Accuracy: 75.000(65.723), Loss: 0.626(0.817), LR: 0.000097
[GPU cuda:0][TRAIN] Epoch: [3][2000/3100], Elapsed 10m 20s (remain 5m 40s), Accuracy: 75.000(65.742), Loss: 0.636(0.817), LR: 0.000098
[GPU cuda:0][TRAIN] Epoch: [3][2050/3100], Elapsed 10m 35s (remain 5m 25s), Accuracy: 75.000(65.822), Loss: 0.433(0.814), LR: 0.000098
[GPU cuda:0][TRAIN] Epoch: [3][2100/3100], Elapsed 10m 51s (remain 5m 9s), Accuracy: 50.000(65.802), Loss: 2.094(0.815), LR: 0.000099
[GPU cuda:0][TRAIN] Epoch: [3][2150/3100], Elapsed 11m 6s (remain 4m 54s), Accuracy: 25.000(65.981), Loss: 1.509(0.813), LR: 0.000100
[GPU cuda:0][TRAIN] Epoch: [3][2200/3100], Elapsed 11m 22s (remain 4m 38s), Accuracy: 25.000(65.993), Loss: 1.442(0.815), LR: 0.000101
[GPU cuda:0][TRAIN] Epoch: [3][2250/3100], Elapsed 11m 37s (remain 4m 23s), Accuracy: 75.000(66.171), Loss: 0.713(0.812), LR: 0.000102
[GPU cuda:0][TRAIN] Epoch: [3][2300/3100], Elapsed 11m 53s (remain 4m 7s), Accuracy: 25.000(66.254), Loss: 1.743(0.810), LR: 0.000102
[GPU cuda:0][TRAIN] Epoch: [3][2350/3100], Elapsed 12m 8s (remain 3m 52s), Accuracy: 50.000(66.195), Loss: 1.284(0.810), LR: 0.000103
[GPU cuda:0][TRAIN] Epoch: [3][2400/3100], Elapsed 12m 24s (remain 3m 36s), Accuracy: 25.000(66.160), Loss: 1.566(0.812), LR: 0.000104
[GPU cuda:0][TRAIN] Epoch: [3][2450/3100], Elapsed 12m 39s (remain 3m 21s), Accuracy: 50.000(66.085), Loss: 0.824(0.812), LR: 0.000105
[GPU cuda:0][TRAIN] Epoch: [3][2500/3100], Elapsed 12m 55s (remain 3m 5s), Accuracy: 50.000(66.174), Loss: 1.011(0.811), LR: 0.000105
[GPU cuda:0][TRAIN] Epoch: [3][2550/3100], Elapsed 13m 10s (remain 2m 50s), Accuracy: 50.000(66.151), Loss: 1.169(0.813), LR: 0.000106
[GPU cuda:0][TRAIN] Epoch: [3][2600/3100], Elapsed 13m 26s (remain 2m 34s), Accuracy: 75.000(66.398), Loss: 0.659(0.809), LR: 0.000107
[GPU cuda:0][TRAIN] Epoch: [3][2650/3100], Elapsed 13m 41s (remain 2m 19s), Accuracy: 50.000(66.475), Loss: 1.161(0.807), LR: 0.000108
[GPU cuda:0][TRAIN] Epoch: [3][2700/3100], Elapsed 13m 57s (remain 2m 3s), Accuracy: 75.000(66.605), Loss: 0.451(0.805), LR: 0.000108
[GPU cuda:0][TRAIN] Epoch: [3][2750/3100], Elapsed 14m 12s (remain 1m 48s), Accuracy: 25.000(66.603), Loss: 0.938(0.804), LR: 0.000109
[GPU cuda:0][TRAIN] Epoch: [3][2800/3100], Elapsed 14m 28s (remain 1m 32s), Accuracy: 0.000(66.601), Loss: 2.096(0.805), LR: 0.000110
[GPU cuda:0][TRAIN] Epoch: [3][2850/3100], Elapsed 14m 43s (remain 1m 17s), Accuracy: 75.000(66.635), Loss: 0.872(0.804), LR: 0.000110
[GPU cuda:0][TRAIN] Epoch: [3][2900/3100], Elapsed 14m 58s (remain 1m 1s), Accuracy: 50.000(66.598), Loss: 0.742(0.806), LR: 0.000111
[GPU cuda:0][TRAIN] Epoch: [3][2950/3100], Elapsed 15m 14s (remain 0m 46s), Accuracy: 75.000(66.689), Loss: 0.725(0.805), LR: 0.000112
[GPU cuda:0][TRAIN] Epoch: [3][3000/3100], Elapsed 15m 29s (remain 0m 30s), Accuracy: 50.000(66.819), Loss: 1.861(0.804), LR: 0.000113
[GPU cuda:0][TRAIN] Epoch: [3][3050/3100], Elapsed 15m 45s (remain 0m 15s), Accuracy: 75.000(66.912), Loss: 0.798(0.803), LR: 0.000113
[GPU cuda:0][TRAIN] Epoch: [3][3099/3100], Elapsed 16m 0s (remain 0m 0s), Accuracy: 25.000(66.952), Loss: 2.498(0.803), LR: 0.000114
[GPU cuda:0][VALID][0/388], Elapsed 0m 0s (remain 3m 19s), Accuracy: 100.000(100.000), Batch Loss: 0.1859, Average Loss: 0.1859
[GPU cuda:0][VALID][50/388], Elapsed 0m 12s (remain 1m 20s), Accuracy: 75.000(69.608), Batch Loss: 1.2066, Average Loss: 0.7255
[GPU cuda:0][VALID][100/388], Elapsed 0m 23s (remain 1m 7s), Accuracy: 62.500(68.193), Batch Loss: 0.7354, Average Loss: 0.7490
[GPU cuda:0][VALID][150/388], Elapsed 0m 35s (remain 0m 55s), Accuracy: 87.500(67.219), Batch Loss: 0.8403, Average Loss: 0.7821
[GPU cuda:0][VALID][200/388], Elapsed 0m 47s (remain 0m 43s), Accuracy: 100.000(66.915), Batch Loss: 0.3401, Average Loss: 0.7862
[GPU cuda:0][VALID][250/388], Elapsed 0m 58s (remain 0m 32s), Accuracy: 50.000(66.235), Batch Loss: 0.9610, Average Loss: 0.7957
[GPU cuda:0][VALID][300/388], Elapsed 1m 10s (remain 0m 20s), Accuracy: 50.000(66.404), Batch Loss: 1.0471, Average Loss: 0.7938
[GPU cuda:0][VALID][350/388], Elapsed 1m 22s (remain 0m 8s), Accuracy: 50.000(66.489), Batch Loss: 0.9532, Average Loss: 0.7937
[GPU cuda:0][VALID][387/388], Elapsed 1m 30s (remain 0m 0s), Accuracy: 75.000(66.753), Batch Loss: 0.6847, Average Loss: 0.7907
Valid Labels Samples: [2 0 1 4 1 0 3 1 4 3]
Valid Predictions Samples: [2, 0, 1, 4, 1, 0, 3, 1, 3, 4]
Epoch 3 - Train Average Loss: 66.952, Valid Average Loss: 66.753, Epoch Time: 1053.805s
Epoch 3 - Accuracy: 0.667, Precision: 0.698, Recall: 0.667
Saved Best Model: 0.67
[GPU cuda:0][TRAIN] Epoch: [4][0/3100], Elapsed 0m 0s (remain 35m 58s), Accuracy: 75.000(75.000), Loss: 0.887(0.887), LR: 0.000114
[GPU cuda:0][TRAIN] Epoch: [4][50/3100], Elapsed 0m 16s (remain 16m 12s), Accuracy: 75.000(67.647), Loss: 0.443(0.723), LR: 0.000115
[GPU cuda:0][TRAIN] Epoch: [4][100/3100], Elapsed 0m 31s (remain 15m 45s), Accuracy: 25.000(70.297), Loss: 1.930(0.694), LR: 0.000115
[GPU cuda:0][TRAIN] Epoch: [4][150/3100], Elapsed 0m 47s (remain 15m 25s), Accuracy: 100.000(69.040), Loss: 0.198(0.727), LR: 0.000116
[GPU cuda:0][TRAIN] Epoch: [4][200/3100], Elapsed 1m 2s (remain 15m 7s), Accuracy: 100.000(69.652), Loss: 0.154(0.729), LR: 0.000117
[GPU cuda:0][TRAIN] Epoch: [4][250/3100], Elapsed 1m 18s (remain 14m 49s), Accuracy: 50.000(69.024), Loss: 0.883(0.751), LR: 0.000117
[GPU cuda:0][TRAIN] Epoch: [4][300/3100], Elapsed 1m 33s (remain 14m 33s), Accuracy: 25.000(69.601), Loss: 1.095(0.746), LR: 0.000118
[GPU cuda:0][TRAIN] Epoch: [4][350/3100], Elapsed 1m 49s (remain 14m 16s), Accuracy: 0.000(68.875), Loss: 1.903(0.752), LR: 0.000119
[GPU cuda:0][TRAIN] Epoch: [4][400/3100], Elapsed 2m 4s (remain 14m 0s), Accuracy: 50.000(67.893), Loss: 0.973(0.771), LR: 0.000119
[GPU cuda:0][TRAIN] Epoch: [4][450/3100], Elapsed 2m 20s (remain 13m 45s), Accuracy: 50.000(67.738), Loss: 0.966(0.767), LR: 0.000120
[GPU cuda:0][TRAIN] Epoch: [4][500/3100], Elapsed 2m 36s (remain 13m 29s), Accuracy: 50.000(67.465), Loss: 0.943(0.770), LR: 0.000121
[GPU cuda:0][TRAIN] Epoch: [4][550/3100], Elapsed 2m 51s (remain 13m 13s), Accuracy: 50.000(67.604), Loss: 1.559(0.771), LR: 0.000121
[GPU cuda:0][TRAIN] Epoch: [4][600/3100], Elapsed 3m 7s (remain 12m 57s), Accuracy: 100.000(67.887), Loss: 0.284(0.767), LR: 0.000122
[GPU cuda:0][TRAIN] Epoch: [4][650/3100], Elapsed 3m 22s (remain 12m 41s), Accuracy: 75.000(67.819), Loss: 0.659(0.771), LR: 0.000123
[GPU cuda:0][TRAIN] Epoch: [4][700/3100], Elapsed 3m 38s (remain 12m 26s), Accuracy: 75.000(67.653), Loss: 0.843(0.778), LR: 0.000123
[GPU cuda:0][TRAIN] Epoch: [4][750/3100], Elapsed 3m 53s (remain 12m 10s), Accuracy: 100.000(67.876), Loss: 0.198(0.780), LR: 0.000124
[GPU cuda:0][TRAIN] Epoch: [4][800/3100], Elapsed 4m 9s (remain 11m 54s), Accuracy: 75.000(67.884), Loss: 0.719(0.781), LR: 0.000125
[GPU cuda:0][TRAIN] Epoch: [4][850/3100], Elapsed 4m 24s (remain 11m 39s), Accuracy: 50.000(67.891), Loss: 0.705(0.780), LR: 0.000125
[GPU cuda:0][TRAIN] Epoch: [4][900/3100], Elapsed 4m 39s (remain 11m 23s), Accuracy: 75.000(67.564), Loss: 0.740(0.785), LR: 0.000126
[GPU cuda:0][TRAIN] Epoch: [4][950/3100], Elapsed 4m 55s (remain 11m 7s), Accuracy: 75.000(67.613), Loss: 0.486(0.784), LR: 0.000126
[GPU cuda:0][TRAIN] Epoch: [4][1000/3100], Elapsed 5m 10s (remain 10m 51s), Accuracy: 100.000(67.957), Loss: 0.394(0.780), LR: 0.000127
[GPU cuda:0][TRAIN] Epoch: [4][1050/3100], Elapsed 5m 26s (remain 10m 36s), Accuracy: 100.000(68.245), Loss: 0.085(0.774), LR: 0.000128
[GPU cuda:0][TRAIN] Epoch: [4][1100/3100], Elapsed 5m 41s (remain 10m 20s), Accuracy: 25.000(68.483), Loss: 1.321(0.770), LR: 0.000128
[GPU cuda:0][TRAIN] Epoch: [4][1150/3100], Elapsed 5m 57s (remain 10m 5s), Accuracy: 25.000(68.614), Loss: 0.792(0.766), LR: 0.000129
[GPU cuda:0][TRAIN] Epoch: [4][1200/3100], Elapsed 6m 12s (remain 9m 49s), Accuracy: 100.000(68.609), Loss: 0.271(0.766), LR: 0.000129
[GPU cuda:0][TRAIN] Epoch: [4][1250/3100], Elapsed 6m 28s (remain 9m 34s), Accuracy: 75.000(68.445), Loss: 0.744(0.767), LR: 0.000130
[GPU cuda:0][TRAIN] Epoch: [4][1300/3100], Elapsed 6m 43s (remain 9m 18s), Accuracy: 75.000(68.563), Loss: 0.392(0.765), LR: 0.000130
[GPU cuda:0][TRAIN] Epoch: [4][1350/3100], Elapsed 6m 59s (remain 9m 3s), Accuracy: 100.000(68.653), Loss: 0.261(0.762), LR: 0.000131
[GPU cuda:0][TRAIN] Epoch: [4][1400/3100], Elapsed 7m 15s (remain 8m 47s), Accuracy: 50.000(68.433), Loss: 0.612(0.765), LR: 0.000132
[GPU cuda:0][TRAIN] Epoch: [4][1450/3100], Elapsed 7m 30s (remain 8m 32s), Accuracy: 75.000(68.539), Loss: 0.736(0.762), LR: 0.000132
[GPU cuda:0][TRAIN] Epoch: [4][1500/3100], Elapsed 7m 46s (remain 8m 16s), Accuracy: 50.000(68.721), Loss: 1.543(0.760), LR: 0.000133
[GPU cuda:0][TRAIN] Epoch: [4][1550/3100], Elapsed 8m 1s (remain 8m 1s), Accuracy: 100.000(68.730), Loss: 0.062(0.759), LR: 0.000133
[GPU cuda:0][TRAIN] Epoch: [4][1600/3100], Elapsed 8m 17s (remain 7m 45s), Accuracy: 100.000(68.754), Loss: 0.264(0.759), LR: 0.000134
[GPU cuda:0][TRAIN] Epoch: [4][1650/3100], Elapsed 8m 32s (remain 7m 30s), Accuracy: 100.000(68.822), Loss: 0.290(0.757), LR: 0.000134
[GPU cuda:0][TRAIN] Epoch: [4][1700/3100], Elapsed 8m 48s (remain 7m 14s), Accuracy: 75.000(68.945), Loss: 1.059(0.755), LR: 0.000135
[GPU cuda:0][TRAIN] Epoch: [4][1750/3100], Elapsed 9m 3s (remain 6m 58s), Accuracy: 100.000(68.918), Loss: 0.371(0.758), LR: 0.000135
[GPU cuda:0][TRAIN] Epoch: [4][1800/3100], Elapsed 9m 19s (remain 6m 43s), Accuracy: 100.000(68.920), Loss: 0.277(0.757), LR: 0.000136
[GPU cuda:0][TRAIN] Epoch: [4][1850/3100], Elapsed 9m 34s (remain 6m 27s), Accuracy: 50.000(68.706), Loss: 0.622(0.759), LR: 0.000136
[GPU cuda:0][TRAIN] Epoch: [4][1900/3100], Elapsed 9m 50s (remain 6m 12s), Accuracy: 50.000(68.951), Loss: 1.044(0.756), LR: 0.000137
[GPU cuda:0][TRAIN] Epoch: [4][1950/3100], Elapsed 10m 5s (remain 5m 56s), Accuracy: 100.000(68.977), Loss: 0.355(0.755), LR: 0.000137
[GPU cuda:0][TRAIN] Epoch: [4][2000/3100], Elapsed 10m 21s (remain 5m 41s), Accuracy: 100.000(69.003), Loss: 0.463(0.755), LR: 0.000138
[GPU cuda:0][TRAIN] Epoch: [4][2050/3100], Elapsed 10m 36s (remain 5m 25s), Accuracy: 75.000(69.161), Loss: 0.490(0.753), LR: 0.000138
[GPU cuda:0][TRAIN] Epoch: [4][2100/3100], Elapsed 10m 52s (remain 5m 10s), Accuracy: 50.000(69.146), Loss: 2.234(0.754), LR: 0.000138
[GPU cuda:0][TRAIN] Epoch: [4][2150/3100], Elapsed 11m 8s (remain 4m 54s), Accuracy: 50.000(69.224), Loss: 1.130(0.752), LR: 0.000139
[GPU cuda:0][TRAIN] Epoch: [4][2200/3100], Elapsed 11m 23s (remain 4m 39s), Accuracy: 25.000(69.184), Loss: 1.181(0.753), LR: 0.000139
[GPU cuda:0][TRAIN] Epoch: [4][2250/3100], Elapsed 11m 38s (remain 4m 23s), Accuracy: 50.000(69.191), Loss: 1.086(0.752), LR: 0.000140
[GPU cuda:0][TRAIN] Epoch: [4][2300/3100], Elapsed 11m 54s (remain 4m 8s), Accuracy: 50.000(69.100), Loss: 1.492(0.753), LR: 0.000140
[GPU cuda:0][TRAIN] Epoch: [4][2350/3100], Elapsed 12m 10s (remain 3m 52s), Accuracy: 75.000(68.981), Loss: 0.567(0.755), LR: 0.000141
[GPU cuda:0][TRAIN] Epoch: [4][2400/3100], Elapsed 12m 25s (remain 3m 37s), Accuracy: 0.000(68.846), Loss: 1.236(0.757), LR: 0.000141
[GPU cuda:0][TRAIN] Epoch: [4][2450/3100], Elapsed 12m 41s (remain 3m 21s), Accuracy: 50.000(68.849), Loss: 0.759(0.758), LR: 0.000141
[GPU cuda:0][TRAIN] Epoch: [4][2500/3100], Elapsed 12m 56s (remain 3m 6s), Accuracy: 50.000(68.962), Loss: 1.132(0.757), LR: 0.000142
[GPU cuda:0][TRAIN] Epoch: [4][2550/3100], Elapsed 13m 12s (remain 2m 50s), Accuracy: 25.000(68.904), Loss: 1.219(0.759), LR: 0.000142
[GPU cuda:0][TRAIN] Epoch: [4][2600/3100], Elapsed 13m 27s (remain 2m 34s), Accuracy: 50.000(69.079), Loss: 0.696(0.756), LR: 0.000142
[GPU cuda:0][TRAIN] Epoch: [4][2650/3100], Elapsed 13m 43s (remain 2m 19s), Accuracy: 25.000(69.134), Loss: 1.311(0.754), LR: 0.000143
[GPU cuda:0][TRAIN] Epoch: [4][2700/3100], Elapsed 13m 58s (remain 2m 3s), Accuracy: 50.000(69.113), Loss: 0.573(0.753), LR: 0.000143
[GPU cuda:0][TRAIN] Epoch: [4][2750/3100], Elapsed 14m 14s (remain 1m 48s), Accuracy: 50.000(69.138), Loss: 0.720(0.752), LR: 0.000144
[GPU cuda:0][TRAIN] Epoch: [4][2800/3100], Elapsed 14m 29s (remain 1m 32s), Accuracy: 25.000(69.082), Loss: 1.481(0.752), LR: 0.000144
[GPU cuda:0][TRAIN] Epoch: [4][2850/3100], Elapsed 14m 45s (remain 1m 17s), Accuracy: 75.000(69.142), Loss: 0.771(0.751), LR: 0.000144
[GPU cuda:0][TRAIN] Epoch: [4][2900/3100], Elapsed 15m 0s (remain 1m 1s), Accuracy: 75.000(69.062), Loss: 0.707(0.752), LR: 0.000144
[GPU cuda:0][TRAIN] Epoch: [4][2950/3100], Elapsed 15m 16s (remain 0m 46s), Accuracy: 75.000(69.087), Loss: 0.607(0.752), LR: 0.000145
[GPU cuda:0][TRAIN] Epoch: [4][3000/3100], Elapsed 15m 31s (remain 0m 30s), Accuracy: 50.000(69.169), Loss: 1.097(0.752), LR: 0.000145
[GPU cuda:0][TRAIN] Epoch: [4][3050/3100], Elapsed 15m 47s (remain 0m 15s), Accuracy: 75.000(69.264), Loss: 0.564(0.751), LR: 0.000145
[GPU cuda:0][TRAIN] Epoch: [4][3099/3100], Elapsed 16m 2s (remain 0m 0s), Accuracy: 25.000(69.331), Loss: 2.355(0.751), LR: 0.000146
[GPU cuda:0][VALID][0/388], Elapsed 0m 0s (remain 3m 18s), Accuracy: 100.000(100.000), Batch Loss: 0.1929, Average Loss: 0.1929
[GPU cuda:0][VALID][50/388], Elapsed 0m 12s (remain 1m 20s), Accuracy: 50.000(73.039), Batch Loss: 1.1874, Average Loss: 0.6616
[GPU cuda:0][VALID][100/388], Elapsed 0m 23s (remain 1m 7s), Accuracy: 75.000(73.639), Batch Loss: 0.7707, Average Loss: 0.6690
[GPU cuda:0][VALID][150/388], Elapsed 0m 35s (remain 0m 55s), Accuracy: 87.500(72.930), Batch Loss: 0.7634, Average Loss: 0.6968
[GPU cuda:0][VALID][200/388], Elapsed 0m 47s (remain 0m 43s), Accuracy: 100.000(72.201), Batch Loss: 0.2559, Average Loss: 0.7007
[GPU cuda:0][VALID][250/388], Elapsed 0m 58s (remain 0m 32s), Accuracy: 50.000(71.066), Batch Loss: 0.8279, Average Loss: 0.7215
[GPU cuda:0][VALID][300/388], Elapsed 1m 10s (remain 0m 20s), Accuracy: 50.000(71.138), Batch Loss: 0.9065, Average Loss: 0.7180
[GPU cuda:0][VALID][350/388], Elapsed 1m 22s (remain 0m 8s), Accuracy: 50.000(70.940), Batch Loss: 0.9781, Average Loss: 0.7184
[GPU cuda:0][VALID][387/388], Elapsed 1m 30s (remain 0m 0s), Accuracy: 75.000(71.102), Batch Loss: 0.6414, Average Loss: 0.7147
Valid Labels Samples: [2 0 1 4 1 0 3 1 4 3]
Valid Predictions Samples: [2, 0, 1, 4, 1, 0, 3, 1, 3, 4]
Epoch 4 - Train Average Loss: 69.331, Valid Average Loss: 71.102, Epoch Time: 1055.732s
Epoch 4 - Accuracy: 0.711, Precision: 0.727, Recall: 0.711
Saved Best Model: 0.71
[GPU cuda:0][TRAIN] Epoch: [5][0/3100], Elapsed 0m 0s (remain 35m 39s), Accuracy: 75.000(75.000), Loss: 1.076(1.076), LR: 0.000146
[GPU cuda:0][TRAIN] Epoch: [5][50/3100], Elapsed 0m 16s (remain 16m 11s), Accuracy: 75.000(70.588), Loss: 0.535(0.670), LR: 0.000146
[GPU cuda:0][TRAIN] Epoch: [5][100/3100], Elapsed 0m 31s (remain 15m 44s), Accuracy: 25.000(71.535), Loss: 2.070(0.680), LR: 0.000146
[GPU cuda:0][TRAIN] Epoch: [5][150/3100], Elapsed 0m 47s (remain 15m 24s), Accuracy: 100.000(70.695), Loss: 0.029(0.705), LR: 0.000146
[GPU cuda:0][TRAIN] Epoch: [5][200/3100], Elapsed 1m 2s (remain 15m 6s), Accuracy: 100.000(70.896), Loss: 0.172(0.707), LR: 0.000147
[GPU cuda:0][TRAIN] Epoch: [5][250/3100], Elapsed 1m 18s (remain 14m 50s), Accuracy: 25.000(69.422), Loss: 0.981(0.729), LR: 0.000147
[GPU cuda:0][TRAIN] Epoch: [5][300/3100], Elapsed 1m 34s (remain 14m 34s), Accuracy: 75.000(70.100), Loss: 0.457(0.726), LR: 0.000147
[GPU cuda:0][TRAIN] Epoch: [5][350/3100], Elapsed 1m 49s (remain 14m 17s), Accuracy: 75.000(70.442), Loss: 1.218(0.711), LR: 0.000147
[GPU cuda:0][TRAIN] Epoch: [5][400/3100], Elapsed 2m 5s (remain 14m 1s), Accuracy: 50.000(69.202), Loss: 0.955(0.735), LR: 0.000148
[GPU cuda:0][TRAIN] Epoch: [5][450/3100], Elapsed 2m 20s (remain 13m 45s), Accuracy: 75.000(69.069), Loss: 0.466(0.729), LR: 0.000148
[GPU cuda:0][TRAIN] Epoch: [5][500/3100], Elapsed 2m 36s (remain 13m 29s), Accuracy: 50.000(69.062), Loss: 0.945(0.732), LR: 0.000148
[GPU cuda:0][TRAIN] Epoch: [5][550/3100], Elapsed 2m 51s (remain 13m 13s), Accuracy: 50.000(69.283), Loss: 1.102(0.724), LR: 0.000148
[GPU cuda:0][TRAIN] Epoch: [5][600/3100], Elapsed 3m 7s (remain 12m 57s), Accuracy: 100.000(69.634), Loss: 0.280(0.721), LR: 0.000148
[GPU cuda:0][TRAIN] Epoch: [5][650/3100], Elapsed 3m 22s (remain 12m 42s), Accuracy: 75.000(69.624), Loss: 0.350(0.719), LR: 0.000149
[GPU cuda:0][TRAIN] Epoch: [5][700/3100], Elapsed 3m 38s (remain 12m 26s), Accuracy: 100.000(69.508), Loss: 0.470(0.727), LR: 0.000149
[GPU cuda:0][TRAIN] Epoch: [5][750/3100], Elapsed 3m 53s (remain 12m 10s), Accuracy: 100.000(69.740), Loss: 0.043(0.728), LR: 0.000149
[GPU cuda:0][TRAIN] Epoch: [5][800/3100], Elapsed 4m 9s (remain 11m 55s), Accuracy: 100.000(69.819), Loss: 0.273(0.726), LR: 0.000149
[GPU cuda:0][TRAIN] Epoch: [5][850/3100], Elapsed 4m 24s (remain 11m 39s), Accuracy: 75.000(69.565), Loss: 0.719(0.730), LR: 0.000149
[GPU cuda:0][TRAIN] Epoch: [5][900/3100], Elapsed 4m 40s (remain 11m 23s), Accuracy: 75.000(69.478), Loss: 0.690(0.732), LR: 0.000149
[GPU cuda:0][TRAIN] Epoch: [5][950/3100], Elapsed 4m 55s (remain 11m 8s), Accuracy: 100.000(69.453), Loss: 0.421(0.739), LR: 0.000149
[GPU cuda:0][TRAIN] Epoch: [5][1000/3100], Elapsed 5m 11s (remain 10m 52s), Accuracy: 75.000(69.555), Loss: 0.505(0.734), LR: 0.000149
[GPU cuda:0][TRAIN] Epoch: [5][1050/3100], Elapsed 5m 26s (remain 10m 37s), Accuracy: 75.000(69.791), Loss: 0.252(0.727), LR: 0.000150
[GPU cuda:0][TRAIN] Epoch: [5][1100/3100], Elapsed 5m 42s (remain 10m 21s), Accuracy: 25.000(70.095), Loss: 1.372(0.722), LR: 0.000150
[GPU cuda:0][TRAIN] Epoch: [5][1150/3100], Elapsed 5m 57s (remain 10m 5s), Accuracy: 25.000(70.178), Loss: 0.970(0.720), LR: 0.000150
[GPU cuda:0][TRAIN] Epoch: [5][1200/3100], Elapsed 6m 13s (remain 9m 50s), Accuracy: 100.000(69.942), Loss: 0.283(0.724), LR: 0.000150
[GPU cuda:0][TRAIN] Epoch: [5][1250/3100], Elapsed 6m 28s (remain 9m 34s), Accuracy: 75.000(69.744), Loss: 0.686(0.726), LR: 0.000150
[GPU cuda:0][TRAIN] Epoch: [5][1300/3100], Elapsed 6m 44s (remain 9m 19s), Accuracy: 75.000(69.773), Loss: 0.495(0.726), LR: 0.000150
[GPU cuda:0][TRAIN] Epoch: [5][1350/3100], Elapsed 6m 59s (remain 9m 3s), Accuracy: 75.000(70.041), Loss: 0.504(0.719), LR: 0.000150
[GPU cuda:0][TRAIN] Epoch: [5][1400/3100], Elapsed 7m 15s (remain 8m 47s), Accuracy: 100.000(69.986), Loss: 0.439(0.720), LR: 0.000150
[GPU cuda:0][TRAIN] Epoch: [5][1450/3100], Elapsed 7m 30s (remain 8m 32s), Accuracy: 75.000(70.107), Loss: 0.653(0.717), LR: 0.000150
[GPU cuda:0][TRAIN] Epoch: [5][1500/3100], Elapsed 7m 46s (remain 8m 16s), Accuracy: 100.000(70.170), Loss: 0.610(0.715), LR: 0.000150
[GPU cuda:0][TRAIN] Epoch: [5][1550/3100], Elapsed 8m 1s (remain 8m 1s), Accuracy: 100.000(70.132), Loss: 0.047(0.714), LR: 0.000150
[GPU cuda:0][TRAIN] Epoch: [5][1600/3100], Elapsed 8m 17s (remain 7m 45s), Accuracy: 100.000(70.128), Loss: 0.369(0.715), LR: 0.000150
[GPU cuda:0][TRAIN] Epoch: [5][1650/3100], Elapsed 8m 32s (remain 7m 30s), Accuracy: 50.000(70.230), Loss: 0.743(0.714), LR: 0.000150
[GPU cuda:0][TRAIN] Epoch: [5][1700/3100], Elapsed 8m 48s (remain 7m 14s), Accuracy: 50.000(70.385), Loss: 1.188(0.712), LR: 0.000150
[GPU cuda:0][TRAIN] Epoch: [5][1750/3100], Elapsed 9m 3s (remain 6m 58s), Accuracy: 100.000(70.403), Loss: 0.267(0.714), LR: 0.000150
[GPU cuda:0][TRAIN] Epoch: [5][1800/3100], Elapsed 9m 19s (remain 6m 43s), Accuracy: 100.000(70.516), Loss: 0.114(0.712), LR: 0.000150
[GPU cuda:0][TRAIN] Epoch: [5][1850/3100], Elapsed 9m 34s (remain 6m 27s), Accuracy: 50.000(70.448), Loss: 0.622(0.713), LR: 0.000150
[GPU cuda:0][TRAIN] Epoch: [5][1900/3100], Elapsed 9m 50s (remain 6m 12s), Accuracy: 75.000(70.608), Loss: 0.876(0.710), LR: 0.000150
[GPU cuda:0][TRAIN] Epoch: [5][1950/3100], Elapsed 10m 5s (remain 5m 56s), Accuracy: 100.000(70.630), Loss: 0.345(0.708), LR: 0.000150
[GPU cuda:0][TRAIN] Epoch: [5][2000/3100], Elapsed 10m 21s (remain 5m 41s), Accuracy: 75.000(70.577), Loss: 0.575(0.709), LR: 0.000150
[GPU cuda:0][TRAIN] Epoch: [5][2050/3100], Elapsed 10m 36s (remain 5m 25s), Accuracy: 75.000(70.648), Loss: 0.366(0.706), LR: 0.000150
[GPU cuda:0][TRAIN] Epoch: [5][2100/3100], Elapsed 10m 52s (remain 5m 10s), Accuracy: 50.000(70.657), Loss: 2.048(0.707), LR: 0.000150
[GPU cuda:0][TRAIN] Epoch: [5][2150/3100], Elapsed 11m 7s (remain 4m 54s), Accuracy: 50.000(70.746), Loss: 1.086(0.706), LR: 0.000150
[GPU cuda:0][TRAIN] Epoch: [5][2200/3100], Elapsed 11m 23s (remain 4m 39s), Accuracy: 25.000(70.752), Loss: 1.416(0.706), LR: 0.000150
[GPU cuda:0][TRAIN] Epoch: [5][2250/3100], Elapsed 11m 39s (remain 4m 23s), Accuracy: 50.000(70.802), Loss: 0.750(0.703), LR: 0.000150
[GPU cuda:0][TRAIN] Epoch: [5][2300/3100], Elapsed 11m 54s (remain 4m 8s), Accuracy: 50.000(70.730), Loss: 1.456(0.704), LR: 0.000150
[GPU cuda:0][TRAIN] Epoch: [5][2350/3100], Elapsed 12m 10s (remain 3m 52s), Accuracy: 75.000(70.725), Loss: 0.764(0.704), LR: 0.000150
[GPU cuda:0][TRAIN] Epoch: [5][2400/3100], Elapsed 12m 25s (remain 3m 37s), Accuracy: 50.000(70.544), Loss: 0.988(0.706), LR: 0.000150
[GPU cuda:0][TRAIN] Epoch: [5][2450/3100], Elapsed 12m 41s (remain 3m 21s), Accuracy: 50.000(70.430), Loss: 0.831(0.707), LR: 0.000150
[GPU cuda:0][TRAIN] Epoch: [5][2500/3100], Elapsed 12m 56s (remain 3m 6s), Accuracy: 75.000(70.542), Loss: 0.771(0.706), LR: 0.000150
[GPU cuda:0][TRAIN] Epoch: [5][2550/3100], Elapsed 13m 12s (remain 2m 50s), Accuracy: 50.000(70.512), Loss: 1.264(0.707), LR: 0.000150
[GPU cuda:0][TRAIN] Epoch: [5][2600/3100], Elapsed 13m 27s (remain 2m 34s), Accuracy: 50.000(70.704), Loss: 0.664(0.704), LR: 0.000150
[GPU cuda:0][TRAIN] Epoch: [5][2650/3100], Elapsed 13m 43s (remain 2m 19s), Accuracy: 25.000(70.813), Loss: 1.031(0.701), LR: 0.000150
[GPU cuda:0][TRAIN] Epoch: [5][2700/3100], Elapsed 13m 58s (remain 2m 3s), Accuracy: 100.000(70.946), Loss: 0.347(0.699), LR: 0.000150
[GPU cuda:0][TRAIN] Epoch: [5][2750/3100], Elapsed 14m 14s (remain 1m 48s), Accuracy: 50.000(71.056), Loss: 0.887(0.698), LR: 0.000149
[GPU cuda:0][TRAIN] Epoch: [5][2800/3100], Elapsed 14m 29s (remain 1m 32s), Accuracy: 50.000(71.001), Loss: 1.170(0.699), LR: 0.000149
[GPU cuda:0][TRAIN] Epoch: [5][2850/3100], Elapsed 14m 45s (remain 1m 17s), Accuracy: 75.000(71.054), Loss: 0.786(0.699), LR: 0.000149
[GPU cuda:0][TRAIN] Epoch: [5][2900/3100], Elapsed 15m 0s (remain 1m 1s), Accuracy: 100.000(71.001), Loss: 0.501(0.700), LR: 0.000149
[GPU cuda:0][TRAIN] Epoch: [5][2950/3100], Elapsed 15m 16s (remain 0m 46s), Accuracy: 75.000(71.078), Loss: 0.549(0.699), LR: 0.000149
[GPU cuda:0][TRAIN] Epoch: [5][3000/3100], Elapsed 15m 31s (remain 0m 30s), Accuracy: 50.000(71.160), Loss: 0.955(0.698), LR: 0.000149
[GPU cuda:0][TRAIN] Epoch: [5][3050/3100], Elapsed 15m 47s (remain 0m 15s), Accuracy: 75.000(71.264), Loss: 0.540(0.697), LR: 0.000149
[GPU cuda:0][TRAIN] Epoch: [5][3099/3100], Elapsed 16m 2s (remain 0m 0s), Accuracy: 25.000(71.290), Loss: 2.306(0.697), LR: 0.000149
[GPU cuda:0][VALID][0/388], Elapsed 0m 0s (remain 3m 22s), Accuracy: 100.000(100.000), Batch Loss: 0.2992, Average Loss: 0.2992
[GPU cuda:0][VALID][50/388], Elapsed 0m 12s (remain 1m 20s), Accuracy: 50.000(67.157), Batch Loss: 1.0935, Average Loss: 0.7823
[GPU cuda:0][VALID][100/388], Elapsed 0m 23s (remain 1m 7s), Accuracy: 50.000(65.718), Batch Loss: 0.8261, Average Loss: 0.8073
[GPU cuda:0][VALID][150/388], Elapsed 0m 35s (remain 0m 55s), Accuracy: 75.000(65.894), Batch Loss: 0.8286, Average Loss: 0.8226
[GPU cuda:0][VALID][200/388], Elapsed 0m 47s (remain 0m 43s), Accuracy: 62.500(65.672), Batch Loss: 0.5301, Average Loss: 0.8238
[GPU cuda:0][VALID][250/388], Elapsed 0m 58s (remain 0m 32s), Accuracy: 50.000(65.339), Batch Loss: 0.9172, Average Loss: 0.8345
[GPU cuda:0][VALID][300/388], Elapsed 1m 10s (remain 0m 20s), Accuracy: 50.000(65.449), Batch Loss: 0.9726, Average Loss: 0.8336
[GPU cuda:0][VALID][350/388], Elapsed 1m 22s (remain 0m 8s), Accuracy: 50.000(65.385), Batch Loss: 1.0851, Average Loss: 0.8335
[GPU cuda:0][VALID][387/388], Elapsed 1m 30s (remain 0m 0s), Accuracy: 50.000(65.689), Batch Loss: 0.7076, Average Loss: 0.8275
Valid Labels Samples: [2 0 1 4 1 0 3 1 4 3]
Valid Predictions Samples: [2, 0, 1, 4, 1, 0, 3, 1, 3, 0]
Epoch 5 - Train Average Loss: 71.290, Valid Average Loss: 65.689, Epoch Time: 1055.679s
Epoch 5 - Accuracy: 0.657, Precision: 0.690, Recall: 0.657
[GPU cuda:0][TRAIN] Epoch: [6][0/3100], Elapsed 0m 0s (remain 36m 16s), Accuracy: 75.000(75.000), Loss: 0.653(0.653), LR: 0.000149
[GPU cuda:0][TRAIN] Epoch: [6][50/3100], Elapsed 0m 16s (remain 16m 10s), Accuracy: 75.000(74.020), Loss: 0.336(0.620), LR: 0.000149
[GPU cuda:0][TRAIN] Epoch: [6][100/3100], Elapsed 0m 31s (remain 15m 42s), Accuracy: 50.000(73.267), Loss: 1.870(0.629), LR: 0.000149
[GPU cuda:0][TRAIN] Epoch: [6][150/3100], Elapsed 0m 47s (remain 15m 23s), Accuracy: 100.000(71.523), Loss: 0.035(0.644), LR: 0.000149
[GPU cuda:0][TRAIN] Epoch: [6][200/3100], Elapsed 1m 2s (remain 15m 6s), Accuracy: 75.000(72.388), Loss: 0.581(0.644), LR: 0.000149
[GPU cuda:0][TRAIN] Epoch: [6][250/3100], Elapsed 1m 18s (remain 14m 49s), Accuracy: 50.000(70.717), Loss: 0.866(0.671), LR: 0.000149
[GPU cuda:0][TRAIN] Epoch: [6][300/3100], Elapsed 1m 33s (remain 14m 32s), Accuracy: 50.000(71.927), Loss: 0.654(0.663), LR: 0.000149
[GPU cuda:0][TRAIN] Epoch: [6][350/3100], Elapsed 1m 49s (remain 14m 16s), Accuracy: 0.000(71.866), Loss: 2.124(0.654), LR: 0.000149
[GPU cuda:0][TRAIN] Epoch: [6][400/3100], Elapsed 2m 4s (remain 14m 0s), Accuracy: 50.000(71.322), Loss: 1.208(0.671), LR: 0.000149
[GPU cuda:0][TRAIN] Epoch: [6][450/3100], Elapsed 2m 20s (remain 13m 44s), Accuracy: 75.000(71.397), Loss: 0.657(0.667), LR: 0.000149
[GPU cuda:0][TRAIN] Epoch: [6][500/3100], Elapsed 2m 35s (remain 13m 29s), Accuracy: 75.000(71.457), Loss: 0.938(0.668), LR: 0.000149
[GPU cuda:0][TRAIN] Epoch: [6][550/3100], Elapsed 2m 51s (remain 13m 13s), Accuracy: 25.000(72.096), Loss: 1.486(0.661), LR: 0.000148
[GPU cuda:0][TRAIN] Epoch: [6][600/3100], Elapsed 3m 7s (remain 12m 57s), Accuracy: 100.000(72.504), Loss: 0.147(0.654), LR: 0.000148
[GPU cuda:0][TRAIN] Epoch: [6][650/3100], Elapsed 3m 22s (remain 12m 41s), Accuracy: 100.000(72.734), Loss: 0.101(0.652), LR: 0.000148
[GPU cuda:0][TRAIN] Epoch: [6][700/3100], Elapsed 3m 38s (remain 12m 26s), Accuracy: 75.000(72.325), Loss: 0.480(0.663), LR: 0.000148
[GPU cuda:0][TRAIN] Epoch: [6][750/3100], Elapsed 3m 53s (remain 12m 10s), Accuracy: 100.000(72.104), Loss: 0.113(0.673), LR: 0.000148
[GPU cuda:0][TRAIN] Epoch: [6][800/3100], Elapsed 4m 9s (remain 11m 55s), Accuracy: 100.000(72.160), Loss: 0.340(0.674), LR: 0.000148
[GPU cuda:0][TRAIN] Epoch: [6][850/3100], Elapsed 4m 24s (remain 11m 39s), Accuracy: 100.000(72.092), Loss: 0.402(0.675), LR: 0.000148
[GPU cuda:0][TRAIN] Epoch: [6][900/3100], Elapsed 4m 40s (remain 11m 23s), Accuracy: 50.000(71.920), Loss: 0.859(0.679), LR: 0.000148
[GPU cuda:0][TRAIN] Epoch: [6][950/3100], Elapsed 4m 55s (remain 11m 8s), Accuracy: 100.000(71.872), Loss: 0.426(0.680), LR: 0.000148
[GPU cuda:0][TRAIN] Epoch: [6][1000/3100], Elapsed 5m 11s (remain 10m 52s), Accuracy: 75.000(72.178), Loss: 0.369(0.675), LR: 0.000148
[GPU cuda:0][TRAIN] Epoch: [6][1050/3100], Elapsed 5m 26s (remain 10m 36s), Accuracy: 100.000(72.455), Loss: 0.115(0.669), LR: 0.000148
[GPU cuda:0][TRAIN] Epoch: [6][1100/3100], Elapsed 5m 42s (remain 10m 21s), Accuracy: 25.000(72.661), Loss: 1.396(0.665), LR: 0.000148
[GPU cuda:0][TRAIN] Epoch: [6][1150/3100], Elapsed 5m 57s (remain 10m 5s), Accuracy: 100.000(72.828), Loss: 0.074(0.664), LR: 0.000147
[GPU cuda:0][TRAIN] Epoch: [6][1200/3100], Elapsed 6m 13s (remain 9m 50s), Accuracy: 100.000(72.918), Loss: 0.326(0.662), LR: 0.000147
[GPU cuda:0][TRAIN] Epoch: [6][1250/3100], Elapsed 6m 28s (remain 9m 34s), Accuracy: 50.000(72.762), Loss: 0.880(0.664), LR: 0.000147
[GPU cuda:0][TRAIN] Epoch: [6][1300/3100], Elapsed 6m 44s (remain 9m 18s), Accuracy: 75.000(72.675), Loss: 0.791(0.665), LR: 0.000147
[GPU cuda:0][TRAIN] Epoch: [6][1350/3100], Elapsed 6m 59s (remain 9m 3s), Accuracy: 100.000(72.964), Loss: 0.225(0.659), LR: 0.000147
[GPU cuda:0][TRAIN] Epoch: [6][1400/3100], Elapsed 7m 15s (remain 8m 47s), Accuracy: 100.000(72.805), Loss: 0.369(0.660), LR: 0.000147
[GPU cuda:0][TRAIN] Epoch: [6][1450/3100], Elapsed 7m 30s (remain 8m 32s), Accuracy: 75.000(72.967), Loss: 0.635(0.657), LR: 0.000147
[GPU cuda:0][TRAIN] Epoch: [6][1500/3100], Elapsed 7m 46s (remain 8m 16s), Accuracy: 75.000(73.001), Loss: 0.697(0.655), LR: 0.000147
[GPU cuda:0][TRAIN] Epoch: [6][1550/3100], Elapsed 8m 1s (remain 8m 1s), Accuracy: 100.000(73.066), Loss: 0.083(0.653), LR: 0.000147
[GPU cuda:0][TRAIN] Epoch: [6][1600/3100], Elapsed 8m 17s (remain 7m 45s), Accuracy: 100.000(73.142), Loss: 0.162(0.653), LR: 0.000147
[GPU cuda:0][TRAIN] Epoch: [6][1650/3100], Elapsed 8m 32s (remain 7m 30s), Accuracy: 100.000(73.228), Loss: 0.291(0.652), LR: 0.000146
[GPU cuda:0][TRAIN] Epoch: [6][1700/3100], Elapsed 8m 48s (remain 7m 14s), Accuracy: 50.000(73.442), Loss: 1.383(0.649), LR: 0.000146
[GPU cuda:0][TRAIN] Epoch: [6][1750/3100], Elapsed 9m 3s (remain 6m 58s), Accuracy: 75.000(73.230), Loss: 0.466(0.653), LR: 0.000146
[GPU cuda:0][TRAIN] Epoch: [6][1800/3100], Elapsed 9m 19s (remain 6m 43s), Accuracy: 100.000(73.306), Loss: 0.022(0.651), LR: 0.000146
[GPU cuda:0][TRAIN] Epoch: [6][1850/3100], Elapsed 9m 34s (remain 6m 27s), Accuracy: 50.000(73.244), Loss: 0.649(0.653), LR: 0.000146
[GPU cuda:0][TRAIN] Epoch: [6][1900/3100], Elapsed 9m 50s (remain 6m 12s), Accuracy: 75.000(73.396), Loss: 1.002(0.651), LR: 0.000146
[GPU cuda:0][TRAIN] Epoch: [6][1950/3100], Elapsed 10m 5s (remain 5m 56s), Accuracy: 100.000(73.309), Loss: 0.294(0.652), LR: 0.000146
[GPU cuda:0][TRAIN] Epoch: [6][2000/3100], Elapsed 10m 21s (remain 5m 41s), Accuracy: 75.000(73.138), Loss: 0.465(0.653), LR: 0.000146
[GPU cuda:0][TRAIN] Epoch: [6][2050/3100], Elapsed 10m 36s (remain 5m 25s), Accuracy: 75.000(73.220), Loss: 0.531(0.651), LR: 0.000146
[GPU cuda:0][TRAIN] Epoch: [6][2100/3100], Elapsed 10m 52s (remain 5m 10s), Accuracy: 75.000(73.179), Loss: 1.941(0.653), LR: 0.000145
[GPU cuda:0][TRAIN] Epoch: [6][2150/3100], Elapsed 11m 7s (remain 4m 54s), Accuracy: 50.000(73.257), Loss: 1.023(0.652), LR: 0.000145
[GPU cuda:0][TRAIN] Epoch: [6][2200/3100], Elapsed 11m 23s (remain 4m 39s), Accuracy: 25.000(73.262), Loss: 1.452(0.651), LR: 0.000145
[GPU cuda:0][TRAIN] Epoch: [6][2250/3100], Elapsed 11m 38s (remain 4m 23s), Accuracy: 50.000(73.323), Loss: 0.696(0.649), LR: 0.000145
[GPU cuda:0][TRAIN] Epoch: [6][2300/3100], Elapsed 11m 54s (remain 4m 8s), Accuracy: 25.000(73.370), Loss: 1.708(0.648), LR: 0.000145
[GPU cuda:0][TRAIN] Epoch: [6][2350/3100], Elapsed 12m 9s (remain 3m 52s), Accuracy: 75.000(73.437), Loss: 0.619(0.646), LR: 0.000145
[GPU cuda:0][TRAIN] Epoch: [6][2400/3100], Elapsed 12m 25s (remain 3m 36s), Accuracy: 25.000(73.261), Loss: 1.325(0.649), LR: 0.000145
[GPU cuda:0][TRAIN] Epoch: [6][2450/3100], Elapsed 12m 40s (remain 3m 21s), Accuracy: 50.000(73.266), Loss: 0.709(0.650), LR: 0.000144
[GPU cuda:0][TRAIN] Epoch: [6][2500/3100], Elapsed 12m 56s (remain 3m 5s), Accuracy: 75.000(73.351), Loss: 0.701(0.648), LR: 0.000144
[GPU cuda:0][TRAIN] Epoch: [6][2550/3100], Elapsed 13m 11s (remain 2m 50s), Accuracy: 50.000(73.363), Loss: 1.640(0.649), LR: 0.000144
[GPU cuda:0][TRAIN] Epoch: [6][2600/3100], Elapsed 13m 27s (remain 2m 34s), Accuracy: 50.000(73.568), Loss: 0.648(0.645), LR: 0.000144
[GPU cuda:0][TRAIN] Epoch: [6][2650/3100], Elapsed 13m 42s (remain 2m 19s), Accuracy: 50.000(73.661), Loss: 1.039(0.643), LR: 0.000144
[GPU cuda:0][TRAIN] Epoch: [6][2700/3100], Elapsed 13m 58s (remain 2m 3s), Accuracy: 75.000(73.797), Loss: 0.369(0.640), LR: 0.000144
[GPU cuda:0][TRAIN] Epoch: [6][2750/3100], Elapsed 14m 13s (remain 1m 48s), Accuracy: 75.000(73.837), Loss: 0.732(0.640), LR: 0.000144
[GPU cuda:0][TRAIN] Epoch: [6][2800/3100], Elapsed 14m 29s (remain 1m 32s), Accuracy: 25.000(73.822), Loss: 1.548(0.640), LR: 0.000143
[GPU cuda:0][TRAIN] Epoch: [6][2850/3100], Elapsed 14m 44s (remain 1m 17s), Accuracy: 75.000(73.843), Loss: 0.680(0.639), LR: 0.000143
[GPU cuda:0][TRAIN] Epoch: [6][2900/3100], Elapsed 15m 0s (remain 1m 1s), Accuracy: 100.000(73.811), Loss: 0.409(0.640), LR: 0.000143
[GPU cuda:0][TRAIN] Epoch: [6][2950/3100], Elapsed 15m 16s (remain 0m 46s), Accuracy: 75.000(73.907), Loss: 0.380(0.639), LR: 0.000143
[GPU cuda:0][TRAIN] Epoch: [6][3000/3100], Elapsed 15m 31s (remain 0m 30s), Accuracy: 75.000(74.000), Loss: 0.812(0.638), LR: 0.000143
[GPU cuda:0][TRAIN] Epoch: [6][3050/3100], Elapsed 15m 47s (remain 0m 15s), Accuracy: 75.000(74.082), Loss: 0.556(0.637), LR: 0.000143
[GPU cuda:0][TRAIN] Epoch: [6][3099/3100], Elapsed 16m 2s (remain 0m 0s), Accuracy: 25.000(74.081), Loss: 2.723(0.637), LR: 0.000143
[GPU cuda:0][VALID][0/388], Elapsed 0m 0s (remain 3m 28s), Accuracy: 100.000(100.000), Batch Loss: 0.2479, Average Loss: 0.2479
[GPU cuda:0][VALID][50/388], Elapsed 0m 12s (remain 1m 20s), Accuracy: 62.500(70.343), Batch Loss: 0.8135, Average Loss: 0.7291
[GPU cuda:0][VALID][100/388], Elapsed 0m 23s (remain 1m 7s), Accuracy: 62.500(71.040), Batch Loss: 1.0348, Average Loss: 0.7149
[GPU cuda:0][VALID][150/388], Elapsed 0m 35s (remain 0m 55s), Accuracy: 75.000(70.447), Batch Loss: 0.9774, Average Loss: 0.7336
[GPU cuda:0][VALID][200/388], Elapsed 0m 47s (remain 0m 43s), Accuracy: 100.000(70.833), Batch Loss: 0.1903, Average Loss: 0.7247
[GPU cuda:0][VALID][250/388], Elapsed 0m 58s (remain 0m 32s), Accuracy: 37.500(70.169), Batch Loss: 1.1819, Average Loss: 0.7321
[GPU cuda:0][VALID][300/388], Elapsed 1m 10s (remain 0m 20s), Accuracy: 62.500(69.767), Batch Loss: 0.8650, Average Loss: 0.7342
[GPU cuda:0][VALID][350/388], Elapsed 1m 22s (remain 0m 8s), Accuracy: 62.500(69.872), Batch Loss: 0.7553, Average Loss: 0.7289
[GPU cuda:0][VALID][387/388], Elapsed 1m 30s (remain 0m 0s), Accuracy: 100.000(70.264), Batch Loss: 0.5819, Average Loss: 0.7243
Valid Labels Samples: [2 0 1 4 1 0 3 1 4 3]
Valid Predictions Samples: [2, 0, 1, 4, 1, 0, 3, 1, 3, 0]
Epoch 6 - Train Average Loss: 74.081, Valid Average Loss: 70.264, Epoch Time: 1055.693s
Epoch 6 - Accuracy: 0.702, Precision: 0.703, Recall: 0.702
[GPU cuda:0][TRAIN] Epoch: [7][0/3100], Elapsed 0m 0s (remain 36m 5s), Accuracy: 75.000(75.000), Loss: 0.473(0.473), LR: 0.000143
[GPU cuda:0][TRAIN] Epoch: [7][50/3100], Elapsed 0m 16s (remain 16m 14s), Accuracy: 75.000(75.490), Loss: 0.347(0.600), LR: 0.000142
[GPU cuda:0][TRAIN] Epoch: [7][100/3100], Elapsed 0m 31s (remain 15m 46s), Accuracy: 25.000(76.485), Loss: 1.729(0.570), LR: 0.000142
[GPU cuda:0][TRAIN] Epoch: [7][150/3100], Elapsed 0m 47s (remain 15m 25s), Accuracy: 100.000(75.331), Loss: 0.023(0.587), LR: 0.000142
[GPU cuda:0][TRAIN] Epoch: [7][200/3100], Elapsed 1m 3s (remain 15m 8s), Accuracy: 100.000(75.746), Loss: 0.159(0.588), LR: 0.000142
[GPU cuda:0][TRAIN] Epoch: [7][250/3100], Elapsed 1m 18s (remain 14m 51s), Accuracy: 50.000(74.402), Loss: 0.757(0.608), LR: 0.000142
[GPU cuda:0][TRAIN] Epoch: [7][300/3100], Elapsed 1m 34s (remain 14m 35s), Accuracy: 100.000(74.502), Loss: 0.301(0.609), LR: 0.000142
[GPU cuda:0][TRAIN] Epoch: [7][350/3100], Elapsed 1m 49s (remain 14m 18s), Accuracy: 25.000(75.071), Loss: 1.307(0.594), LR: 0.000141
[GPU cuda:0][TRAIN] Epoch: [7][400/3100], Elapsed 2m 5s (remain 14m 1s), Accuracy: 75.000(74.314), Loss: 0.806(0.604), LR: 0.000141
[GPU cuda:0][TRAIN] Epoch: [7][450/3100], Elapsed 2m 20s (remain 13m 45s), Accuracy: 75.000(74.279), Loss: 0.428(0.603), LR: 0.000141
[GPU cuda:0][TRAIN] Epoch: [7][500/3100], Elapsed 2m 36s (remain 13m 29s), Accuracy: 75.000(74.451), Loss: 0.622(0.604), LR: 0.000141
[GPU cuda:0][TRAIN] Epoch: [7][550/3100], Elapsed 2m 51s (remain 13m 13s), Accuracy: 75.000(74.955), Loss: 0.829(0.599), LR: 0.000141
[GPU cuda:0][TRAIN] Epoch: [7][600/3100], Elapsed 3m 7s (remain 12m 58s), Accuracy: 100.000(75.333), Loss: 0.045(0.593), LR: 0.000141
[GPU cuda:0][TRAIN] Epoch: [7][650/3100], Elapsed 3m 22s (remain 12m 42s), Accuracy: 100.000(75.230), Loss: 0.087(0.594), LR: 0.000140
[GPU cuda:0][TRAIN] Epoch: [7][700/3100], Elapsed 3m 38s (remain 12m 26s), Accuracy: 100.000(75.143), Loss: 0.382(0.599), LR: 0.000140
[GPU cuda:0][TRAIN] Epoch: [7][750/3100], Elapsed 3m 53s (remain 12m 10s), Accuracy: 100.000(75.399), Loss: 0.052(0.600), LR: 0.000140
[GPU cuda:0][TRAIN] Epoch: [7][800/3100], Elapsed 4m 9s (remain 11m 54s), Accuracy: 100.000(75.250), Loss: 0.314(0.603), LR: 0.000140
[GPU cuda:0][TRAIN] Epoch: [7][850/3100], Elapsed 4m 24s (remain 11m 39s), Accuracy: 75.000(75.353), Loss: 0.449(0.603), LR: 0.000140
[GPU cuda:0][TRAIN] Epoch: [7][900/3100], Elapsed 4m 40s (remain 11m 23s), Accuracy: 75.000(74.806), Loss: 0.517(0.610), LR: 0.000139
[GPU cuda:0][TRAIN] Epoch: [7][950/3100], Elapsed 4m 55s (remain 11m 7s), Accuracy: 100.000(74.816), Loss: 0.285(0.610), LR: 0.000139
[GPU cuda:0][TRAIN] Epoch: [7][1000/3100], Elapsed 5m 11s (remain 10m 52s), Accuracy: 100.000(75.150), Loss: 0.321(0.606), LR: 0.000139
[GPU cuda:0][TRAIN] Epoch: [7][1050/3100], Elapsed 5m 26s (remain 10m 36s), Accuracy: 75.000(75.476), Loss: 0.209(0.599), LR: 0.000139
[GPU cuda:0][TRAIN] Epoch: [7][1100/3100], Elapsed 5m 42s (remain 10m 20s), Accuracy: 25.000(75.590), Loss: 1.460(0.599), LR: 0.000139
[GPU cuda:0][TRAIN] Epoch: [7][1150/3100], Elapsed 5m 57s (remain 10m 5s), Accuracy: 100.000(75.804), Loss: 0.070(0.596), LR: 0.000139
[GPU cuda:0][TRAIN] Epoch: [7][1200/3100], Elapsed 6m 12s (remain 9m 49s), Accuracy: 100.000(75.791), Loss: 0.148(0.593), LR: 0.000138
[GPU cuda:0][TRAIN] Epoch: [7][1250/3100], Elapsed 6m 28s (remain 9m 33s), Accuracy: 75.000(75.540), Loss: 0.725(0.595), LR: 0.000138
[GPU cuda:0][TRAIN] Epoch: [7][1300/3100], Elapsed 6m 43s (remain 9m 18s), Accuracy: 75.000(75.500), Loss: 0.722(0.596), LR: 0.000138
[GPU cuda:0][TRAIN] Epoch: [7][1350/3100], Elapsed 6m 59s (remain 9m 2s), Accuracy: 100.000(75.833), Loss: 0.293(0.589), LR: 0.000138
[GPU cuda:0][TRAIN] Epoch: [7][1400/3100], Elapsed 7m 14s (remain 8m 47s), Accuracy: 100.000(75.785), Loss: 0.298(0.588), LR: 0.000138
[GPU cuda:0][TRAIN] Epoch: [7][1450/3100], Elapsed 7m 30s (remain 8m 31s), Accuracy: 75.000(75.827), Loss: 0.594(0.587), LR: 0.000137
[GPU cuda:0][TRAIN] Epoch: [7][1500/3100], Elapsed 7m 45s (remain 8m 16s), Accuracy: 100.000(75.883), Loss: 0.405(0.586), LR: 0.000137
[GPU cuda:0][TRAIN] Epoch: [7][1550/3100], Elapsed 8m 1s (remain 8m 0s), Accuracy: 100.000(75.870), Loss: 0.027(0.584), LR: 0.000137
[GPU cuda:0][TRAIN] Epoch: [7][1600/3100], Elapsed 8m 16s (remain 7m 44s), Accuracy: 100.000(75.906), Loss: 0.123(0.583), LR: 0.000137
[GPU cuda:0][TRAIN] Epoch: [7][1650/3100], Elapsed 8m 31s (remain 7m 29s), Accuracy: 100.000(75.999), Loss: 0.067(0.583), LR: 0.000137
[GPU cuda:0][TRAIN] Epoch: [7][1700/3100], Elapsed 8m 47s (remain 7m 13s), Accuracy: 50.000(76.088), Loss: 0.670(0.583), LR: 0.000136
[GPU cuda:0][TRAIN] Epoch: [7][1750/3100], Elapsed 9m 2s (remain 6m 58s), Accuracy: 100.000(75.957), Loss: 0.216(0.585), LR: 0.000136
[GPU cuda:0][TRAIN] Epoch: [7][1800/3100], Elapsed 9m 18s (remain 6m 42s), Accuracy: 100.000(75.986), Loss: 0.021(0.583), LR: 0.000136
[GPU cuda:0][TRAIN] Epoch: [7][1850/3100], Elapsed 9m 33s (remain 6m 27s), Accuracy: 50.000(75.905), Loss: 0.901(0.585), LR: 0.000136
[GPU cuda:0][TRAIN] Epoch: [7][1900/3100], Elapsed 9m 49s (remain 6m 11s), Accuracy: 75.000(76.105), Loss: 0.548(0.582), LR: 0.000135
[GPU cuda:0][TRAIN] Epoch: [7][1950/3100], Elapsed 10m 4s (remain 5m 56s), Accuracy: 100.000(76.115), Loss: 0.232(0.582), LR: 0.000135
[GPU cuda:0][TRAIN] Epoch: [7][2000/3100], Elapsed 10m 20s (remain 5m 40s), Accuracy: 100.000(76.024), Loss: 0.293(0.582), LR: 0.000135
[GPU cuda:0][TRAIN] Epoch: [7][2050/3100], Elapsed 10m 35s (remain 5m 25s), Accuracy: 75.000(76.073), Loss: 0.338(0.580), LR: 0.000135
[GPU cuda:0][TRAIN] Epoch: [7][2100/3100], Elapsed 10m 51s (remain 5m 9s), Accuracy: 75.000(76.071), Loss: 2.050(0.582), LR: 0.000135
[GPU cuda:0][TRAIN] Epoch: [7][2150/3100], Elapsed 11m 6s (remain 4m 54s), Accuracy: 75.000(76.139), Loss: 0.930(0.580), LR: 0.000134
[GPU cuda:0][TRAIN] Epoch: [7][2200/3100], Elapsed 11m 22s (remain 4m 38s), Accuracy: 75.000(76.170), Loss: 1.146(0.581), LR: 0.000134
[GPU cuda:0][TRAIN] Epoch: [7][2250/3100], Elapsed 11m 37s (remain 4m 23s), Accuracy: 75.000(76.199), Loss: 0.746(0.579), LR: 0.000134
[GPU cuda:0][TRAIN] Epoch: [7][2300/3100], Elapsed 11m 53s (remain 4m 7s), Accuracy: 50.000(76.163), Loss: 2.316(0.578), LR: 0.000134
[GPU cuda:0][TRAIN] Epoch: [7][2350/3100], Elapsed 12m 8s (remain 3m 52s), Accuracy: 75.000(76.191), Loss: 0.547(0.577), LR: 0.000134
[GPU cuda:0][TRAIN] Epoch: [7][2400/3100], Elapsed 12m 23s (remain 3m 36s), Accuracy: 25.000(76.062), Loss: 1.443(0.579), LR: 0.000133
[GPU cuda:0][TRAIN] Epoch: [7][2450/3100], Elapsed 12m 39s (remain 3m 21s), Accuracy: 75.000(75.979), Loss: 0.569(0.581), LR: 0.000133
[GPU cuda:0][TRAIN] Epoch: [7][2500/3100], Elapsed 12m 54s (remain 3m 5s), Accuracy: 75.000(76.010), Loss: 0.699(0.580), LR: 0.000133
[GPU cuda:0][TRAIN] Epoch: [7][2550/3100], Elapsed 13m 10s (remain 2m 50s), Accuracy: 50.000(76.009), Loss: 1.183(0.581), LR: 0.000133
[GPU cuda:0][TRAIN] Epoch: [7][2600/3100], Elapsed 13m 25s (remain 2m 34s), Accuracy: 75.000(76.182), Loss: 0.546(0.577), LR: 0.000132
[GPU cuda:0][TRAIN] Epoch: [7][2650/3100], Elapsed 13m 41s (remain 2m 19s), Accuracy: 75.000(76.245), Loss: 0.856(0.575), LR: 0.000132
[GPU cuda:0][TRAIN] Epoch: [7][2700/3100], Elapsed 13m 56s (remain 2m 3s), Accuracy: 75.000(76.342), Loss: 0.397(0.574), LR: 0.000132
[GPU cuda:0][TRAIN] Epoch: [7][2750/3100], Elapsed 14m 12s (remain 1m 48s), Accuracy: 50.000(76.409), Loss: 1.197(0.573), LR: 0.000132
[GPU cuda:0][TRAIN] Epoch: [7][2800/3100], Elapsed 14m 27s (remain 1m 32s), Accuracy: 50.000(76.366), Loss: 1.241(0.573), LR: 0.000131
[GPU cuda:0][TRAIN] Epoch: [7][2850/3100], Elapsed 14m 43s (remain 1m 17s), Accuracy: 75.000(76.377), Loss: 0.977(0.573), LR: 0.000131
[GPU cuda:0][TRAIN] Epoch: [7][2900/3100], Elapsed 14m 58s (remain 1m 1s), Accuracy: 75.000(76.301), Loss: 0.448(0.575), LR: 0.000131
[GPU cuda:0][TRAIN] Epoch: [7][2950/3100], Elapsed 15m 14s (remain 0m 46s), Accuracy: 100.000(76.381), Loss: 0.208(0.574), LR: 0.000131
[GPU cuda:0][TRAIN] Epoch: [7][3000/3100], Elapsed 15m 29s (remain 0m 30s), Accuracy: 50.000(76.358), Loss: 0.888(0.575), LR: 0.000130
[GPU cuda:0][TRAIN] Epoch: [7][3050/3100], Elapsed 15m 45s (remain 0m 15s), Accuracy: 75.000(76.401), Loss: 0.735(0.574), LR: 0.000130
[GPU cuda:0][TRAIN] Epoch: [7][3099/3100], Elapsed 16m 0s (remain 0m 0s), Accuracy: 25.000(76.452), Loss: 2.322(0.573), LR: 0.000130
[GPU cuda:0][VALID][0/388], Elapsed 0m 0s (remain 3m 31s), Accuracy: 87.500(87.500), Batch Loss: 0.5095, Average Loss: 0.5095
[GPU cuda:0][VALID][50/388], Elapsed 0m 12s (remain 1m 20s), Accuracy: 75.000(68.382), Batch Loss: 0.5791, Average Loss: 0.8410
[GPU cuda:0][VALID][100/388], Elapsed 0m 23s (remain 1m 7s), Accuracy: 62.500(66.460), Batch Loss: 0.8359, Average Loss: 0.8606
[GPU cuda:0][VALID][150/388], Elapsed 0m 35s (remain 0m 55s), Accuracy: 62.500(66.225), Batch Loss: 0.9232, Average Loss: 0.8696
[GPU cuda:0][VALID][200/388], Elapsed 0m 47s (remain 0m 43s), Accuracy: 87.500(66.480), Batch Loss: 0.2534, Average Loss: 0.8620
[GPU cuda:0][VALID][250/388], Elapsed 0m 58s (remain 0m 32s), Accuracy: 37.500(66.434), Batch Loss: 0.9796, Average Loss: 0.8670
[GPU cuda:0][VALID][300/388], Elapsed 1m 10s (remain 0m 20s), Accuracy: 50.000(66.113), Batch Loss: 1.2214, Average Loss: 0.8745
[GPU cuda:0][VALID][350/388], Elapsed 1m 22s (remain 0m 8s), Accuracy: 62.500(65.848), Batch Loss: 1.1781, Average Loss: 0.8801
[GPU cuda:0][VALID][387/388], Elapsed 1m 30s (remain 0m 0s), Accuracy: 100.000(66.205), Batch Loss: 0.5276, Average Loss: 0.8720
Valid Labels Samples: [2 0 1 4 1 0 3 1 4 3]
Valid Predictions Samples: [3, 0, 1, 4, 1, 0, 3, 1, 3, 4]
Epoch 7 - Train Average Loss: 76.452, Valid Average Loss: 66.205, Epoch Time: 1053.757s
Epoch 7 - Accuracy: 0.662, Precision: 0.674, Recall: 0.662
