[GPU 1]: Config File
{'id': 10, 'model_name': 'swin_large_patch4_window12_384_in22k', 'dropout': 0.5, 'size': 384, 'batch_size_t': 5, 'batch_size_v': 32, 'n_targets': 5, 'criterion': 'CrossEntropyLoss', 'gradient_accumulation_steps': 1, 'max_gradient_norm': None, 'optimizer': 'AdamW', 'scheduler': 'CosineAnnealingWarmRestarts', 'LR': 5e-05, 'T_0': 200, 'T_max': 10, 'T_mult': 2, 'min_lr': 1e-06, 'max_lr': 0.0001, 'no_batches': 'NA', 'warmup_epochs': 1, 'cosine_epochs': 14, 'epochs': 15, 'update_per_batch': True, 'num_workers': 4, 'n_folds': 5, 'train_transforms': [HorizontalFlip(always_apply=False, p=0.5), VerticalFlip(always_apply=False, p=0.5), RandomRotate90(always_apply=False, p=0.5)], 'valid_transforms': [], 'observations': None, 'use_swa': True, 'swa_lr': 0.01, 'swa_epoch': 0, 'use_sam': True, 'use_asam': True, 'asam_rho': 0.1, 'print_freq': 50, 'one_fold': True, 'use_apex': True, 'distributed_training': False, 'save_to_log': True}
================================================== Training Fold: 0 ==================================================
[GPU cuda:1][TRAIN] Epoch: [1][0/2480], Elapsed 0m 0s (remain 21m 44s), Accuracy: 0.000(0.000), Loss: 1.750(1.750), LR: 0.000050
[GPU cuda:1][TRAIN] Epoch: [1][50/2480], Elapsed 0m 14s (remain 11m 32s), Accuracy: 40.000(18.824), Loss: 1.586(1.652), LR: 0.000043
[GPU cuda:1][TRAIN] Epoch: [1][100/2480], Elapsed 0m 28s (remain 11m 15s), Accuracy: 40.000(19.802), Loss: 1.559(1.636), LR: 0.000025
[GPU cuda:1][TRAIN] Epoch: [1][150/2480], Elapsed 0m 42s (remain 11m 1s), Accuracy: 20.000(20.530), Loss: 1.617(1.625), LR: 0.000008
[GPU cuda:1][TRAIN] Epoch: [1][200/2480], Elapsed 0m 57s (remain 10m 47s), Accuracy: 20.000(22.886), Loss: 1.605(1.613), LR: 0.000050
[GPU cuda:1][TRAIN] Epoch: [1][250/2480], Elapsed 1m 11s (remain 10m 32s), Accuracy: 20.000(22.470), Loss: 1.620(1.610), LR: 0.000048
[GPU cuda:1][TRAIN] Epoch: [1][300/2480], Elapsed 1m 25s (remain 10m 18s), Accuracy: 20.000(21.993), Loss: 1.649(1.612), LR: 0.000043
[GPU cuda:1][TRAIN] Epoch: [1][350/2480], Elapsed 1m 39s (remain 10m 4s), Accuracy: 20.000(22.735), Loss: 1.489(1.611), LR: 0.000035
[GPU cuda:1][TRAIN] Epoch: [1][400/2480], Elapsed 1m 53s (remain 9m 50s), Accuracy: 40.000(23.142), Loss: 1.544(1.610), LR: 0.000025
[GPU cuda:1][TRAIN] Epoch: [1][450/2480], Elapsed 2m 8s (remain 9m 36s), Accuracy: 40.000(23.370), Loss: 1.583(1.611), LR: 0.000016
[GPU cuda:1][TRAIN] Epoch: [1][500/2480], Elapsed 2m 22s (remain 9m 21s), Accuracy: 20.000(23.273), Loss: 1.579(1.611), LR: 0.000008
[GPU cuda:1][TRAIN] Epoch: [1][550/2480], Elapsed 2m 36s (remain 9m 7s), Accuracy: 40.000(23.376), Loss: 1.522(1.610), LR: 0.000003
[GPU cuda:1][TRAIN] Epoch: [1][600/2480], Elapsed 2m 50s (remain 8m 53s), Accuracy: 40.000(23.661), Loss: 1.594(1.608), LR: 0.000050
[GPU cuda:1][TRAIN] Epoch: [1][650/2480], Elapsed 3m 4s (remain 8m 38s), Accuracy: 20.000(23.748), Loss: 1.565(1.608), LR: 0.000050
[GPU cuda:1][TRAIN] Epoch: [1][700/2480], Elapsed 3m 18s (remain 8m 24s), Accuracy: 0.000(23.966), Loss: 1.593(1.608), LR: 0.000048
[GPU cuda:1][TRAIN] Epoch: [1][750/2480], Elapsed 3m 33s (remain 8m 10s), Accuracy: 20.000(23.888), Loss: 1.674(1.608), LR: 0.000046
[GPU cuda:1][TRAIN] Epoch: [1][800/2480], Elapsed 3m 47s (remain 7m 56s), Accuracy: 60.000(24.469), Loss: 1.224(1.603), LR: 0.000043
[GPU cuda:1][TRAIN] Epoch: [1][850/2480], Elapsed 4m 1s (remain 7m 42s), Accuracy: 20.000(24.747), Loss: 1.653(1.601), LR: 0.000039
[GPU cuda:1][TRAIN] Epoch: [1][900/2480], Elapsed 4m 15s (remain 7m 27s), Accuracy: 20.000(25.327), Loss: 1.609(1.597), LR: 0.000035
[GPU cuda:1][TRAIN] Epoch: [1][950/2480], Elapsed 4m 29s (remain 7m 13s), Accuracy: 40.000(25.889), Loss: 1.395(1.591), LR: 0.000030
[GPU cuda:1][TRAIN] Epoch: [1][1000/2480], Elapsed 4m 43s (remain 6m 59s), Accuracy: 20.000(26.114), Loss: 1.629(1.590), LR: 0.000025
[GPU cuda:1][TRAIN] Epoch: [1][1050/2480], Elapsed 4m 57s (remain 6m 45s), Accuracy: 20.000(26.489), Loss: 1.684(1.582), LR: 0.000021
[GPU cuda:1][TRAIN] Epoch: [1][1100/2480], Elapsed 5m 12s (remain 6m 30s), Accuracy: 60.000(26.939), Loss: 1.247(1.573), LR: 0.000016
[GPU cuda:1][TRAIN] Epoch: [1][1150/2480], Elapsed 5m 26s (remain 6m 16s), Accuracy: 20.000(27.472), Loss: 1.392(1.565), LR: 0.000012
[GPU cuda:1][TRAIN] Epoch: [1][1200/2480], Elapsed 5m 40s (remain 6m 2s), Accuracy: 60.000(28.393), Loss: 0.963(1.552), LR: 0.000008
[GPU cuda:1][TRAIN] Epoch: [1][1250/2480], Elapsed 5m 54s (remain 5m 48s), Accuracy: 60.000(29.129), Loss: 1.071(1.540), LR: 0.000005
[GPU cuda:1][TRAIN] Epoch: [1][1300/2480], Elapsed 6m 8s (remain 5m 34s), Accuracy: 20.000(29.931), Loss: 1.367(1.522), LR: 0.000003
[GPU cuda:1][TRAIN] Epoch: [1][1350/2480], Elapsed 6m 22s (remain 5m 19s), Accuracy: 40.000(30.777), Loss: 1.081(1.509), LR: 0.000001
[GPU cuda:1][TRAIN] Epoch: [1][1400/2480], Elapsed 6m 36s (remain 5m 5s), Accuracy: 80.000(31.592), Loss: 0.637(1.495), LR: 0.000050
[GPU cuda:1][TRAIN] Epoch: [1][1450/2480], Elapsed 6m 51s (remain 4m 51s), Accuracy: 80.000(32.061), Loss: 0.703(1.488), LR: 0.000050
[GPU cuda:1][TRAIN] Epoch: [1][1500/2480], Elapsed 7m 5s (remain 4m 37s), Accuracy: 60.000(32.205), Loss: 1.084(1.486), LR: 0.000050
[GPU cuda:1][TRAIN] Epoch: [1][1550/2480], Elapsed 7m 19s (remain 4m 23s), Accuracy: 80.000(32.585), Loss: 1.337(1.482), LR: 0.000049
[GPU cuda:1][TRAIN] Epoch: [1][1600/2480], Elapsed 7m 33s (remain 4m 8s), Accuracy: 60.000(32.979), Loss: 1.186(1.477), LR: 0.000048
[GPU cuda:1][TRAIN] Epoch: [1][1650/2480], Elapsed 7m 47s (remain 3m 54s), Accuracy: 40.000(33.313), Loss: 1.076(1.471), LR: 0.000047
[GPU cuda:1][TRAIN] Epoch: [1][1700/2480], Elapsed 8m 1s (remain 3m 40s), Accuracy: 60.000(33.721), Loss: 1.155(1.463), LR: 0.000046
[GPU cuda:1][TRAIN] Epoch: [1][1750/2480], Elapsed 8m 15s (remain 3m 26s), Accuracy: 20.000(33.958), Loss: 1.526(1.460), LR: 0.000044
[GPU cuda:1][TRAIN] Epoch: [1][1800/2480], Elapsed 8m 30s (remain 3m 12s), Accuracy: 60.000(34.436), Loss: 1.128(1.452), LR: 0.000043
[GPU cuda:1][TRAIN] Epoch: [1][1850/2480], Elapsed 8m 44s (remain 2m 58s), Accuracy: 20.000(34.608), Loss: 1.248(1.449), LR: 0.000041
[GPU cuda:1][TRAIN] Epoch: [1][1900/2480], Elapsed 8m 58s (remain 2m 43s), Accuracy: 80.000(34.992), Loss: 0.702(1.441), LR: 0.000039
[GPU cuda:1][TRAIN] Epoch: [1][1950/2480], Elapsed 9m 12s (remain 2m 29s), Accuracy: 20.000(35.213), Loss: 1.146(1.436), LR: 0.000037
[GPU cuda:1][TRAIN] Epoch: [1][2000/2480], Elapsed 9m 26s (remain 2m 15s), Accuracy: 60.000(35.732), Loss: 1.088(1.427), LR: 0.000035
[GPU cuda:1][TRAIN] Epoch: [1][2050/2480], Elapsed 9m 40s (remain 2m 1s), Accuracy: 40.000(36.012), Loss: 1.396(1.422), LR: 0.000033
[GPU cuda:1][TRAIN] Epoch: [1][2100/2480], Elapsed 9m 54s (remain 1m 47s), Accuracy: 60.000(36.506), Loss: 1.125(1.413), LR: 0.000030
[GPU cuda:1][TRAIN] Epoch: [1][2150/2480], Elapsed 10m 8s (remain 1m 33s), Accuracy: 20.000(36.857), Loss: 2.718(1.404), LR: 0.000028
[GPU cuda:1][TRAIN] Epoch: [1][2200/2480], Elapsed 10m 23s (remain 1m 18s), Accuracy: 20.000(37.265), Loss: 1.109(1.396), LR: 0.000025
[GPU cuda:1][TRAIN] Epoch: [1][2250/2480], Elapsed 10m 37s (remain 1m 4s), Accuracy: 40.000(37.583), Loss: 0.952(1.390), LR: 0.000023
[GPU cuda:1][TRAIN] Epoch: [1][2300/2480], Elapsed 10m 51s (remain 0m 50s), Accuracy: 60.000(38.044), Loss: 0.985(1.382), LR: 0.000021
[GPU cuda:1][TRAIN] Epoch: [1][2350/2480], Elapsed 11m 5s (remain 0m 36s), Accuracy: 100.000(38.350), Loss: 0.761(1.375), LR: 0.000018
[GPU cuda:1][TRAIN] Epoch: [1][2400/2480], Elapsed 11m 19s (remain 0m 22s), Accuracy: 40.000(38.792), Loss: 1.178(1.367), LR: 0.000016
[GPU cuda:1][TRAIN] Epoch: [1][2450/2480], Elapsed 11m 33s (remain 0m 8s), Accuracy: 60.000(39.241), Loss: 0.809(1.358), LR: 0.000014
[GPU cuda:1][TRAIN] Epoch: [1][2479/2480], Elapsed 11m 41s (remain 0m 0s), Accuracy: 60.000(39.484), Loss: 1.061(1.352), LR: 0.000013
[GPU cuda:1][VALID][0/97], Elapsed 0m 1s (remain 2m 18s), Accuracy: 50.000(50.000), Batch Loss: 0.9696, Average Loss: 0.9696
[GPU cuda:1][VALID][50/97], Elapsed 0m 48s (remain 0m 43s), Accuracy: 50.000(54.473), Batch Loss: 1.0062, Average Loss: 0.9878
[GPU cuda:1][VALID][96/97], Elapsed 1m 32s (remain 0m 0s), Accuracy: 60.714(53.461), Batch Loss: 0.8776, Average Loss: 0.9997
Valid Labels Samples: [2 0 1 4 1 0 3 1 4 3]
Valid Predictions Samples: [3, 0, 2, 4, 1, 1, 4, 2, 4, 0]
Epoch 1 - Train Average Loss: 39.484, Valid Average Loss: 53.461, Epoch Time: 795.888s
Epoch 1 - Accuracy: 0.535, Precision: 0.505, Recall: 0.535
Saved Best Model: 0.53
[GPU cuda:1][TRAIN] Epoch: [2][0/2480], Elapsed 0m 0s (remain 25m 51s), Accuracy: 60.000(60.000), Loss: 0.604(0.604), LR: 0.000013
[GPU cuda:1][TRAIN] Epoch: [2][50/2480], Elapsed 0m 15s (remain 11m 55s), Accuracy: 60.000(61.176), Loss: 0.938(0.872), LR: 0.000011
[GPU cuda:1][TRAIN] Epoch: [2][100/2480], Elapsed 0m 29s (remain 11m 29s), Accuracy: 80.000(60.990), Loss: 1.068(0.886), LR: 0.000009
[GPU cuda:1][TRAIN] Epoch: [2][150/2480], Elapsed 0m 43s (remain 11m 10s), Accuracy: 40.000(61.325), Loss: 1.167(0.887), LR: 0.000007
[GPU cuda:1][TRAIN] Epoch: [2][200/2480], Elapsed 0m 57s (remain 10m 53s), Accuracy: 60.000(60.896), Loss: 0.923(0.908), LR: 0.000006
[GPU cuda:1][TRAIN] Epoch: [2][250/2480], Elapsed 1m 11s (remain 10m 37s), Accuracy: 80.000(62.151), Loss: 0.432(0.899), LR: 0.000004
[GPU cuda:1][TRAIN] Epoch: [2][300/2480], Elapsed 1m 26s (remain 10m 22s), Accuracy: 0.000(62.591), Loss: 1.469(0.892), LR: 0.000003
[GPU cuda:1][TRAIN] Epoch: [2][350/2480], Elapsed 1m 40s (remain 10m 7s), Accuracy: 60.000(62.564), Loss: 0.573(0.891), LR: 0.000002
[GPU cuda:1][TRAIN] Epoch: [2][400/2480], Elapsed 1m 54s (remain 9m 53s), Accuracy: 60.000(63.042), Loss: 0.813(0.884), LR: 0.000002
[GPU cuda:1][TRAIN] Epoch: [2][450/2480], Elapsed 2m 8s (remain 9m 38s), Accuracy: 80.000(63.282), Loss: 0.769(0.880), LR: 0.000001
[GPU cuda:1][TRAIN] Epoch: [2][500/2480], Elapsed 2m 22s (remain 9m 24s), Accuracy: 40.000(63.872), Loss: 1.169(0.873), LR: 0.000001
[GPU cuda:1][TRAIN] Epoch: [2][550/2480], Elapsed 2m 37s (remain 9m 9s), Accuracy: 60.000(63.085), Loss: 0.626(0.885), LR: 0.000050
[GPU cuda:1][TRAIN] Epoch: [2][600/2480], Elapsed 2m 51s (remain 8m 55s), Accuracy: 80.000(62.496), Loss: 0.316(0.897), LR: 0.000050
[GPU cuda:1][TRAIN] Epoch: [2][650/2480], Elapsed 3m 5s (remain 8m 41s), Accuracy: 80.000(61.444), Loss: 0.598(0.919), LR: 0.000050
[GPU cuda:1][TRAIN] Epoch: [2][700/2480], Elapsed 3m 19s (remain 8m 26s), Accuracy: 40.000(60.628), Loss: 1.250(0.937), LR: 0.000050
[GPU cuda:1][TRAIN] Epoch: [2][750/2480], Elapsed 3m 33s (remain 8m 12s), Accuracy: 80.000(60.027), Loss: 0.911(0.951), LR: 0.000049
[GPU cuda:1][TRAIN] Epoch: [2][800/2480], Elapsed 3m 48s (remain 7m 58s), Accuracy: 60.000(60.350), Loss: 0.818(0.952), LR: 0.000049
[GPU cuda:1][TRAIN] Epoch: [2][850/2480], Elapsed 4m 2s (remain 7m 43s), Accuracy: 40.000(60.024), Loss: 1.364(0.960), LR: 0.000049
[GPU cuda:1][TRAIN] Epoch: [2][900/2480], Elapsed 4m 16s (remain 7m 29s), Accuracy: 60.000(59.933), Loss: 1.313(0.963), LR: 0.000048
[GPU cuda:1][TRAIN] Epoch: [2][950/2480], Elapsed 4m 30s (remain 7m 15s), Accuracy: 60.000(59.537), Loss: 1.193(0.969), LR: 0.000048
[GPU cuda:1][TRAIN] Epoch: [2][1000/2480], Elapsed 4m 44s (remain 7m 1s), Accuracy: 40.000(59.461), Loss: 1.332(0.974), LR: 0.000047
[GPU cuda:1][TRAIN] Epoch: [2][1050/2480], Elapsed 4m 59s (remain 6m 46s), Accuracy: 20.000(58.744), Loss: 1.481(0.985), LR: 0.000047
[GPU cuda:1][TRAIN] Epoch: [2][1100/2480], Elapsed 5m 13s (remain 6m 32s), Accuracy: 80.000(58.710), Loss: 0.589(0.988), LR: 0.000046
[GPU cuda:1][TRAIN] Epoch: [2][1150/2480], Elapsed 5m 27s (remain 6m 18s), Accuracy: 40.000(58.262), Loss: 1.062(0.989), LR: 0.000045
[GPU cuda:1][TRAIN] Epoch: [2][1200/2480], Elapsed 5m 41s (remain 6m 3s), Accuracy: 80.000(58.285), Loss: 0.605(0.987), LR: 0.000045
[GPU cuda:1][TRAIN] Epoch: [2][1250/2480], Elapsed 5m 56s (remain 5m 49s), Accuracy: 40.000(58.082), Loss: 0.971(0.988), LR: 0.000044
[GPU cuda:1][TRAIN] Epoch: [2][1300/2480], Elapsed 6m 10s (remain 5m 35s), Accuracy: 20.000(58.263), Loss: 1.572(0.983), LR: 0.000043
[GPU cuda:1][TRAIN] Epoch: [2][1350/2480], Elapsed 6m 24s (remain 5m 21s), Accuracy: 80.000(58.194), Loss: 0.795(0.984), LR: 0.000042
[GPU cuda:1][TRAIN] Epoch: [2][1400/2480], Elapsed 6m 38s (remain 5m 7s), Accuracy: 60.000(58.044), Loss: 0.712(0.986), LR: 0.000041
[GPU cuda:1][TRAIN] Epoch: [2][1450/2480], Elapsed 6m 52s (remain 4m 52s), Accuracy: 80.000(58.249), Loss: 0.630(0.982), LR: 0.000040
[GPU cuda:1][TRAIN] Epoch: [2][1500/2480], Elapsed 7m 7s (remain 4m 38s), Accuracy: 60.000(58.228), Loss: 0.779(0.983), LR: 0.000039
[GPU cuda:1][TRAIN] Epoch: [2][1550/2480], Elapsed 7m 21s (remain 4m 24s), Accuracy: 40.000(58.221), Loss: 0.972(0.982), LR: 0.000038
[GPU cuda:1][TRAIN] Epoch: [2][1600/2480], Elapsed 7m 35s (remain 4m 10s), Accuracy: 100.000(58.226), Loss: 0.706(0.982), LR: 0.000037
[GPU cuda:1][TRAIN] Epoch: [2][1650/2480], Elapsed 7m 49s (remain 3m 55s), Accuracy: 80.000(58.534), Loss: 0.444(0.975), LR: 0.000036
[GPU cuda:1][TRAIN] Epoch: [2][1700/2480], Elapsed 8m 4s (remain 3m 41s), Accuracy: 40.000(58.589), Loss: 1.863(0.974), LR: 0.000035
[GPU cuda:1][TRAIN] Epoch: [2][1750/2480], Elapsed 8m 18s (remain 3m 27s), Accuracy: 20.000(58.766), Loss: 1.262(0.972), LR: 0.000034
[GPU cuda:1][TRAIN] Epoch: [2][1800/2480], Elapsed 8m 32s (remain 3m 13s), Accuracy: 40.000(58.934), Loss: 1.206(0.968), LR: 0.000033
[GPU cuda:1][TRAIN] Epoch: [2][1850/2480], Elapsed 8m 46s (remain 2m 58s), Accuracy: 0.000(58.898), Loss: 1.387(0.966), LR: 0.000032
[GPU cuda:1][TRAIN] Epoch: [2][1900/2480], Elapsed 9m 0s (remain 2m 44s), Accuracy: 60.000(59.001), Loss: 0.589(0.963), LR: 0.000031
[GPU cuda:1][TRAIN] Epoch: [2][1950/2480], Elapsed 9m 15s (remain 2m 30s), Accuracy: 40.000(59.026), Loss: 0.811(0.963), LR: 0.000030
[GPU cuda:1][TRAIN] Epoch: [2][2000/2480], Elapsed 9m 29s (remain 2m 16s), Accuracy: 20.000(59.080), Loss: 1.036(0.960), LR: 0.000028
[GPU cuda:1][TRAIN] Epoch: [2][2050/2480], Elapsed 9m 43s (remain 2m 2s), Accuracy: 20.000(59.074), Loss: 1.372(0.960), LR: 0.000027
[GPU cuda:1][TRAIN] Epoch: [2][2100/2480], Elapsed 9m 57s (remain 1m 47s), Accuracy: 80.000(59.324), Loss: 0.631(0.954), LR: 0.000026
[GPU cuda:1][TRAIN] Epoch: [2][2150/2480], Elapsed 10m 11s (remain 1m 33s), Accuracy: 60.000(59.451), Loss: 1.021(0.950), LR: 0.000025
[GPU cuda:1][TRAIN] Epoch: [2][2200/2480], Elapsed 10m 26s (remain 1m 19s), Accuracy: 80.000(59.618), Loss: 0.695(0.948), LR: 0.000024
[GPU cuda:1][TRAIN] Epoch: [2][2250/2480], Elapsed 10m 40s (remain 1m 5s), Accuracy: 40.000(59.680), Loss: 0.722(0.947), LR: 0.000022
[GPU cuda:1][TRAIN] Epoch: [2][2300/2480], Elapsed 10m 54s (remain 0m 50s), Accuracy: 80.000(59.722), Loss: 0.527(0.945), LR: 0.000021
[GPU cuda:1][TRAIN] Epoch: [2][2350/2480], Elapsed 11m 8s (remain 0m 36s), Accuracy: 80.000(59.813), Loss: 0.753(0.943), LR: 0.000020
[GPU cuda:1][TRAIN] Epoch: [2][2400/2480], Elapsed 11m 22s (remain 0m 22s), Accuracy: 40.000(59.992), Loss: 1.178(0.939), LR: 0.000019
[GPU cuda:1][TRAIN] Epoch: [2][2450/2480], Elapsed 11m 36s (remain 0m 8s), Accuracy: 80.000(60.253), Loss: 0.720(0.935), LR: 0.000018
[GPU cuda:1][TRAIN] Epoch: [2][2479/2480], Elapsed 11m 45s (remain 0m 0s), Accuracy: 40.000(60.339), Loss: 1.439(0.933), LR: 0.000017
[GPU cuda:1][VALID][0/97], Elapsed 0m 1s (remain 2m 19s), Accuracy: 68.750(68.750), Batch Loss: 0.7425, Average Loss: 0.7425
[GPU cuda:1][VALID][50/97], Elapsed 0m 48s (remain 0m 43s), Accuracy: 78.125(69.914), Batch Loss: 0.5311, Average Loss: 0.7523
[GPU cuda:1][VALID][96/97], Elapsed 1m 32s (remain 0m 0s), Accuracy: 82.143(68.566), Batch Loss: 0.6464, Average Loss: 0.7610
Valid Labels Samples: [2 0 1 4 1 0 3 1 4 3]
Valid Predictions Samples: [2, 0, 2, 4, 1, 0, 3, 2, 3, 0]
Epoch 2 - Train Average Loss: 60.339, Valid Average Loss: 68.566, Epoch Time: 799.529s
Epoch 2 - Accuracy: 0.685, Precision: 0.689, Recall: 0.685
Saved Best Model: 0.69
[GPU cuda:1][TRAIN] Epoch: [3][0/2480], Elapsed 0m 0s (remain 25m 58s), Accuracy: 80.000(80.000), Loss: 0.693(0.693), LR: 0.000017
[GPU cuda:1][TRAIN] Epoch: [3][50/2480], Elapsed 0m 14s (remain 11m 52s), Accuracy: 40.000(69.804), Loss: 0.975(0.731), LR: 0.000016
[GPU cuda:1][TRAIN] Epoch: [3][100/2480], Elapsed 0m 29s (remain 11m 27s), Accuracy: 80.000(68.515), Loss: 0.558(0.762), LR: 0.000015
[GPU cuda:1][TRAIN] Epoch: [3][150/2480], Elapsed 0m 43s (remain 11m 9s), Accuracy: 60.000(68.742), Loss: 0.984(0.770), LR: 0.000014
[GPU cuda:1][TRAIN] Epoch: [3][200/2480], Elapsed 0m 57s (remain 10m 52s), Accuracy: 80.000(68.159), Loss: 0.759(0.796), LR: 0.000013
[GPU cuda:1][TRAIN] Epoch: [3][250/2480], Elapsed 1m 11s (remain 10m 37s), Accuracy: 100.000(68.765), Loss: 0.246(0.786), LR: 0.000012
[GPU cuda:1][TRAIN] Epoch: [3][300/2480], Elapsed 1m 25s (remain 10m 22s), Accuracy: 40.000(68.372), Loss: 1.439(0.788), LR: 0.000011
[GPU cuda:1][TRAIN] Epoch: [3][350/2480], Elapsed 1m 40s (remain 10m 7s), Accuracy: 80.000(68.205), Loss: 0.613(0.788), LR: 0.000010
[GPU cuda:1][TRAIN] Epoch: [3][400/2480], Elapsed 1m 54s (remain 9m 52s), Accuracy: 60.000(67.830), Loss: 0.769(0.784), LR: 0.000009
[GPU cuda:1][TRAIN] Epoch: [3][450/2480], Elapsed 2m 8s (remain 9m 37s), Accuracy: 80.000(67.494), Loss: 0.721(0.785), LR: 0.000008
[GPU cuda:1][TRAIN] Epoch: [3][500/2480], Elapsed 2m 22s (remain 9m 23s), Accuracy: 60.000(67.984), Loss: 1.094(0.778), LR: 0.000007
[GPU cuda:1][TRAIN] Epoch: [3][550/2480], Elapsed 2m 36s (remain 9m 8s), Accuracy: 80.000(68.058), Loss: 0.319(0.774), LR: 0.000006
[GPU cuda:1][TRAIN] Epoch: [3][600/2480], Elapsed 2m 50s (remain 8m 54s), Accuracy: 100.000(67.987), Loss: 0.078(0.774), LR: 0.000006
[GPU cuda:1][TRAIN] Epoch: [3][650/2480], Elapsed 3m 5s (remain 8m 40s), Accuracy: 100.000(68.233), Loss: 0.073(0.771), LR: 0.000005
[GPU cuda:1][TRAIN] Epoch: [3][700/2480], Elapsed 3m 19s (remain 8m 25s), Accuracy: 80.000(68.188), Loss: 0.491(0.775), LR: 0.000004
[GPU cuda:1][TRAIN] Epoch: [3][750/2480], Elapsed 3m 33s (remain 8m 11s), Accuracy: 80.000(68.229), Loss: 0.588(0.775), LR: 0.000004
[GPU cuda:1][TRAIN] Epoch: [3][800/2480], Elapsed 3m 47s (remain 7m 56s), Accuracy: 100.000(68.714), Loss: 0.337(0.769), LR: 0.000003
[GPU cuda:1][TRAIN] Epoch: [3][850/2480], Elapsed 4m 1s (remain 7m 42s), Accuracy: 40.000(69.025), Loss: 0.937(0.760), LR: 0.000003
[GPU cuda:1][TRAIN] Epoch: [3][900/2480], Elapsed 4m 15s (remain 7m 28s), Accuracy: 60.000(69.323), Loss: 1.104(0.755), LR: 0.000002
[GPU cuda:1][TRAIN] Epoch: [3][950/2480], Elapsed 4m 30s (remain 7m 14s), Accuracy: 60.000(69.485), Loss: 0.985(0.751), LR: 0.000002
[GPU cuda:1][TRAIN] Epoch: [3][1000/2480], Elapsed 4m 44s (remain 6m 59s), Accuracy: 80.000(69.510), Loss: 0.831(0.749), LR: 0.000002
[GPU cuda:1][TRAIN] Epoch: [3][1050/2480], Elapsed 4m 58s (remain 6m 45s), Accuracy: 60.000(69.686), Loss: 1.268(0.749), LR: 0.000001
[GPU cuda:1][TRAIN] Epoch: [3][1100/2480], Elapsed 5m 12s (remain 6m 31s), Accuracy: 100.000(69.846), Loss: 0.371(0.745), LR: 0.000001
[GPU cuda:1][TRAIN] Epoch: [3][1150/2480], Elapsed 5m 26s (remain 6m 17s), Accuracy: 80.000(69.852), Loss: 0.679(0.742), LR: 0.000001
[GPU cuda:1][TRAIN] Epoch: [3][1200/2480], Elapsed 5m 40s (remain 6m 2s), Accuracy: 80.000(70.125), Loss: 0.520(0.735), LR: 0.000001
[GPU cuda:1][TRAIN] Epoch: [3][1250/2480], Elapsed 5m 54s (remain 5m 48s), Accuracy: 40.000(70.088), Loss: 1.109(0.735), LR: 0.000050
[GPU cuda:1][TRAIN] Epoch: [3][1300/2480], Elapsed 6m 9s (remain 5m 34s), Accuracy: 20.000(69.946), Loss: 1.457(0.737), LR: 0.000050
[GPU cuda:1][TRAIN] Epoch: [3][1350/2480], Elapsed 6m 23s (remain 5m 20s), Accuracy: 80.000(69.741), Loss: 0.427(0.743), LR: 0.000050
[GPU cuda:1][TRAIN] Epoch: [3][1400/2480], Elapsed 6m 37s (remain 5m 6s), Accuracy: 100.000(69.422), Loss: 0.616(0.750), LR: 0.000050
[GPU cuda:1][TRAIN] Epoch: [3][1450/2480], Elapsed 6m 51s (remain 4m 51s), Accuracy: 100.000(69.221), Loss: 0.509(0.753), LR: 0.000050
[GPU cuda:1][TRAIN] Epoch: [3][1500/2480], Elapsed 7m 5s (remain 4m 37s), Accuracy: 100.000(69.034), Loss: 0.342(0.758), LR: 0.000050
[GPU cuda:1][TRAIN] Epoch: [3][1550/2480], Elapsed 7m 19s (remain 4m 23s), Accuracy: 60.000(68.743), Loss: 0.781(0.764), LR: 0.000050
[GPU cuda:1][TRAIN] Epoch: [3][1600/2480], Elapsed 7m 33s (remain 4m 9s), Accuracy: 100.000(68.570), Loss: 0.598(0.767), LR: 0.000050
[GPU cuda:1][TRAIN] Epoch: [3][1650/2480], Elapsed 7m 48s (remain 3m 55s), Accuracy: 80.000(68.661), Loss: 0.397(0.766), LR: 0.000050
[GPU cuda:1][TRAIN] Epoch: [3][1700/2480], Elapsed 8m 2s (remain 3m 40s), Accuracy: 40.000(68.454), Loss: 0.978(0.769), LR: 0.000049
[GPU cuda:1][TRAIN] Epoch: [3][1750/2480], Elapsed 8m 16s (remain 3m 26s), Accuracy: 40.000(68.212), Loss: 1.271(0.773), LR: 0.000049
[GPU cuda:1][TRAIN] Epoch: [3][1800/2480], Elapsed 8m 30s (remain 3m 12s), Accuracy: 60.000(68.084), Loss: 1.834(0.774), LR: 0.000049
[GPU cuda:1][TRAIN] Epoch: [3][1850/2480], Elapsed 8m 44s (remain 2m 58s), Accuracy: 60.000(67.931), Loss: 0.932(0.776), LR: 0.000049
[GPU cuda:1][TRAIN] Epoch: [3][1900/2480], Elapsed 8m 58s (remain 2m 44s), Accuracy: 60.000(67.722), Loss: 0.844(0.778), LR: 0.000049
[GPU cuda:1][TRAIN] Epoch: [3][1950/2480], Elapsed 9m 13s (remain 2m 29s), Accuracy: 60.000(67.422), Loss: 0.776(0.785), LR: 0.000049
[GPU cuda:1][TRAIN] Epoch: [3][2000/2480], Elapsed 9m 27s (remain 2m 15s), Accuracy: 60.000(67.276), Loss: 1.052(0.786), LR: 0.000048
[GPU cuda:1][TRAIN] Epoch: [3][2050/2480], Elapsed 9m 41s (remain 2m 1s), Accuracy: 20.000(67.011), Loss: 1.320(0.791), LR: 0.000048
[GPU cuda:1][TRAIN] Epoch: [3][2100/2480], Elapsed 9m 55s (remain 1m 47s), Accuracy: 80.000(67.092), Loss: 0.536(0.790), LR: 0.000048
[GPU cuda:1][TRAIN] Epoch: [3][2150/2480], Elapsed 10m 9s (remain 1m 33s), Accuracy: 40.000(67.094), Loss: 1.297(0.790), LR: 0.000048
[GPU cuda:1][TRAIN] Epoch: [3][2200/2480], Elapsed 10m 23s (remain 1m 19s), Accuracy: 60.000(67.015), Loss: 0.791(0.791), LR: 0.000047
[GPU cuda:1][TRAIN] Epoch: [3][2250/2480], Elapsed 10m 38s (remain 1m 4s), Accuracy: 60.000(66.886), Loss: 0.745(0.793), LR: 0.000047
[GPU cuda:1][TRAIN] Epoch: [3][2300/2480], Elapsed 10m 52s (remain 0m 50s), Accuracy: 80.000(66.814), Loss: 0.587(0.794), LR: 0.000047
[GPU cuda:1][TRAIN] Epoch: [3][2350/2480], Elapsed 11m 6s (remain 0m 36s), Accuracy: 80.000(66.601), Loss: 1.117(0.799), LR: 0.000046
[GPU cuda:1][TRAIN] Epoch: [3][2400/2480], Elapsed 11m 20s (remain 0m 22s), Accuracy: 40.000(66.581), Loss: 1.006(0.800), LR: 0.000046
[GPU cuda:1][TRAIN] Epoch: [3][2450/2480], Elapsed 11m 34s (remain 0m 8s), Accuracy: 80.000(66.659), Loss: 0.497(0.798), LR: 0.000046
[GPU cuda:1][TRAIN] Epoch: [3][2479/2480], Elapsed 11m 43s (remain 0m 0s), Accuracy: 40.000(66.581), Loss: 1.318(0.800), LR: 0.000046
[GPU cuda:1][VALID][0/97], Elapsed 0m 1s (remain 2m 17s), Accuracy: 68.750(68.750), Batch Loss: 0.7208, Average Loss: 0.7208
[GPU cuda:1][VALID][50/97], Elapsed 0m 48s (remain 0m 44s), Accuracy: 71.875(67.402), Batch Loss: 0.5832, Average Loss: 0.7704
[GPU cuda:1][VALID][96/97], Elapsed 1m 32s (remain 0m 0s), Accuracy: 75.000(67.300), Batch Loss: 0.6953, Average Loss: 0.7773
Valid Labels Samples: [2 0 1 4 1 0 3 1 4 3]
Valid Predictions Samples: [2, 0, 1, 3, 1, 0, 3, 2, 3, 0]
Epoch 3 - Train Average Loss: 66.581, Valid Average Loss: 67.300, Epoch Time: 798.173s
Epoch 3 - Accuracy: 0.673, Precision: 0.690, Recall: 0.673
[GPU cuda:1][TRAIN] Epoch: [4][0/2480], Elapsed 0m 0s (remain 26m 9s), Accuracy: 80.000(80.000), Loss: 0.568(0.568), LR: 0.000046
[GPU cuda:1][TRAIN] Epoch: [4][50/2480], Elapsed 0m 15s (remain 11m 58s), Accuracy: 60.000(71.373), Loss: 0.891(0.723), LR: 0.000045
[GPU cuda:1][TRAIN] Epoch: [4][100/2480], Elapsed 0m 29s (remain 11m 32s), Accuracy: 80.000(66.337), Loss: 0.589(0.805), LR: 0.000045
[GPU cuda:1][TRAIN] Epoch: [4][150/2480], Elapsed 0m 43s (remain 11m 13s), Accuracy: 60.000(65.298), Loss: 1.145(0.811), LR: 0.000045
[GPU cuda:1][TRAIN] Epoch: [4][200/2480], Elapsed 0m 57s (remain 10m 56s), Accuracy: 60.000(65.473), Loss: 0.909(0.832), LR: 0.000044
[GPU cuda:1][TRAIN] Epoch: [4][250/2480], Elapsed 1m 12s (remain 10m 40s), Accuracy: 80.000(65.020), Loss: 0.396(0.845), LR: 0.000044
[GPU cuda:1][TRAIN] Epoch: [4][300/2480], Elapsed 1m 26s (remain 10m 25s), Accuracy: 60.000(65.116), Loss: 1.329(0.842), LR: 0.000043
[GPU cuda:1][TRAIN] Epoch: [4][350/2480], Elapsed 1m 40s (remain 10m 10s), Accuracy: 80.000(64.615), Loss: 0.669(0.846), LR: 0.000043
[GPU cuda:1][TRAIN] Epoch: [4][400/2480], Elapsed 1m 54s (remain 9m 55s), Accuracy: 60.000(64.339), Loss: 0.899(0.847), LR: 0.000042
[GPU cuda:1][TRAIN] Epoch: [4][450/2480], Elapsed 2m 9s (remain 9m 41s), Accuracy: 80.000(64.435), Loss: 0.908(0.848), LR: 0.000042
[GPU cuda:1][TRAIN] Epoch: [4][500/2480], Elapsed 2m 23s (remain 9m 26s), Accuracy: 20.000(64.351), Loss: 1.449(0.843), LR: 0.000042
[GPU cuda:1][TRAIN] Epoch: [4][550/2480], Elapsed 2m 37s (remain 9m 11s), Accuracy: 100.000(64.247), Loss: 0.243(0.846), LR: 0.000041
[GPU cuda:1][TRAIN] Epoch: [4][600/2480], Elapsed 2m 51s (remain 8m 57s), Accuracy: 100.000(64.226), Loss: 0.125(0.845), LR: 0.000041
[GPU cuda:1][TRAIN] Epoch: [4][650/2480], Elapsed 3m 6s (remain 8m 43s), Accuracy: 100.000(64.547), Loss: 0.182(0.843), LR: 0.000040
[GPU cuda:1][TRAIN] Epoch: [4][700/2480], Elapsed 3m 20s (remain 8m 28s), Accuracy: 80.000(64.080), Loss: 0.835(0.852), LR: 0.000040
[GPU cuda:1][TRAIN] Epoch: [4][750/2480], Elapsed 3m 34s (remain 8m 14s), Accuracy: 60.000(64.208), Loss: 0.724(0.852), LR: 0.000039
[GPU cuda:1][TRAIN] Epoch: [4][800/2480], Elapsed 3m 48s (remain 7m 59s), Accuracy: 80.000(64.644), Loss: 0.374(0.844), LR: 0.000039
[GPU cuda:1][TRAIN] Epoch: [4][850/2480], Elapsed 4m 3s (remain 7m 45s), Accuracy: 60.000(64.888), Loss: 0.742(0.838), LR: 0.000038
[GPU cuda:1][TRAIN] Epoch: [4][900/2480], Elapsed 4m 17s (remain 7m 31s), Accuracy: 60.000(65.105), Loss: 0.883(0.833), LR: 0.000038
[GPU cuda:1][TRAIN] Epoch: [4][950/2480], Elapsed 4m 31s (remain 7m 16s), Accuracy: 60.000(65.089), Loss: 0.902(0.829), LR: 0.000037
[GPU cuda:1][TRAIN] Epoch: [4][1000/2480], Elapsed 4m 45s (remain 7m 2s), Accuracy: 80.000(64.975), Loss: 0.856(0.831), LR: 0.000037
[GPU cuda:1][TRAIN] Epoch: [4][1050/2480], Elapsed 5m 0s (remain 6m 48s), Accuracy: 40.000(64.986), Loss: 1.194(0.832), LR: 0.000036
[GPU cuda:1][TRAIN] Epoch: [4][1100/2480], Elapsed 5m 14s (remain 6m 33s), Accuracy: 80.000(65.032), Loss: 0.374(0.828), LR: 0.000036
[GPU cuda:1][TRAIN] Epoch: [4][1150/2480], Elapsed 5m 28s (remain 6m 19s), Accuracy: 80.000(65.213), Loss: 0.843(0.827), LR: 0.000035
[GPU cuda:1][TRAIN] Epoch: [4][1200/2480], Elapsed 5m 43s (remain 6m 5s), Accuracy: 100.000(65.396), Loss: 0.501(0.821), LR: 0.000034
[GPU cuda:1][TRAIN] Epoch: [4][1250/2480], Elapsed 5m 57s (remain 5m 50s), Accuracy: 40.000(65.276), Loss: 0.968(0.822), LR: 0.000034
[GPU cuda:1][TRAIN] Epoch: [4][1300/2480], Elapsed 6m 11s (remain 5m 36s), Accuracy: 80.000(65.534), Loss: 0.781(0.817), LR: 0.000033
[GPU cuda:1][TRAIN] Epoch: [4][1350/2480], Elapsed 6m 25s (remain 5m 22s), Accuracy: 80.000(65.655), Loss: 0.381(0.812), LR: 0.000033
[GPU cuda:1][TRAIN] Epoch: [4][1400/2480], Elapsed 6m 40s (remain 5m 8s), Accuracy: 80.000(65.696), Loss: 0.600(0.813), LR: 0.000032
[GPU cuda:1][TRAIN] Epoch: [4][1450/2480], Elapsed 6m 54s (remain 4m 53s), Accuracy: 100.000(65.789), Loss: 0.380(0.810), LR: 0.000032
[GPU cuda:1][TRAIN] Epoch: [4][1500/2480], Elapsed 7m 8s (remain 4m 39s), Accuracy: 100.000(65.863), Loss: 0.269(0.807), LR: 0.000031
[GPU cuda:1][TRAIN] Epoch: [4][1550/2480], Elapsed 7m 22s (remain 4m 25s), Accuracy: 80.000(65.945), Loss: 0.701(0.806), LR: 0.000030
[GPU cuda:1][TRAIN] Epoch: [4][1600/2480], Elapsed 7m 36s (remain 4m 10s), Accuracy: 100.000(66.121), Loss: 0.453(0.802), LR: 0.000030
[GPU cuda:1][TRAIN] Epoch: [4][1650/2480], Elapsed 7m 51s (remain 3m 56s), Accuracy: 80.000(66.372), Loss: 0.348(0.796), LR: 0.000029
[GPU cuda:1][TRAIN] Epoch: [4][1700/2480], Elapsed 8m 5s (remain 3m 42s), Accuracy: 80.000(66.502), Loss: 0.385(0.794), LR: 0.000029
[GPU cuda:1][TRAIN] Epoch: [4][1750/2480], Elapsed 8m 19s (remain 3m 27s), Accuracy: 40.000(66.602), Loss: 0.930(0.791), LR: 0.000028
[GPU cuda:1][TRAIN] Epoch: [4][1800/2480], Elapsed 8m 33s (remain 3m 13s), Accuracy: 60.000(66.763), Loss: 0.601(0.787), LR: 0.000027
[GPU cuda:1][TRAIN] Epoch: [4][1850/2480], Elapsed 8m 48s (remain 2m 59s), Accuracy: 60.000(66.688), Loss: 1.196(0.787), LR: 0.000027
[GPU cuda:1][TRAIN] Epoch: [4][1900/2480], Elapsed 9m 2s (remain 2m 45s), Accuracy: 60.000(66.702), Loss: 0.560(0.786), LR: 0.000026
[GPU cuda:1][TRAIN] Epoch: [4][1950/2480], Elapsed 9m 16s (remain 2m 30s), Accuracy: 80.000(66.663), Loss: 0.489(0.786), LR: 0.000026
[GPU cuda:1][TRAIN] Epoch: [4][2000/2480], Elapsed 9m 30s (remain 2m 16s), Accuracy: 100.000(66.857), Loss: 0.522(0.782), LR: 0.000025
[GPU cuda:1][TRAIN] Epoch: [4][2050/2480], Elapsed 9m 44s (remain 2m 2s), Accuracy: 40.000(66.894), Loss: 1.186(0.782), LR: 0.000024
[GPU cuda:1][TRAIN] Epoch: [4][2100/2480], Elapsed 9m 59s (remain 1m 48s), Accuracy: 80.000(67.187), Loss: 0.392(0.776), LR: 0.000024
[GPU cuda:1][TRAIN] Epoch: [4][2150/2480], Elapsed 10m 13s (remain 1m 33s), Accuracy: 60.000(67.383), Loss: 0.691(0.771), LR: 0.000023
[GPU cuda:1][TRAIN] Epoch: [4][2200/2480], Elapsed 10m 27s (remain 1m 19s), Accuracy: 60.000(67.506), Loss: 0.796(0.770), LR: 0.000023
[GPU cuda:1][TRAIN] Epoch: [4][2250/2480], Elapsed 10m 41s (remain 1m 5s), Accuracy: 60.000(67.508), Loss: 1.151(0.770), LR: 0.000022
[GPU cuda:1][TRAIN] Epoch: [4][2300/2480], Elapsed 10m 55s (remain 0m 51s), Accuracy: 80.000(67.536), Loss: 0.616(0.769), LR: 0.000021
[GPU cuda:1][TRAIN] Epoch: [4][2350/2480], Elapsed 11m 10s (remain 0m 36s), Accuracy: 80.000(67.597), Loss: 0.649(0.769), LR: 0.000021
[GPU cuda:1][TRAIN] Epoch: [4][2400/2480], Elapsed 11m 24s (remain 0m 22s), Accuracy: 80.000(67.805), Loss: 0.803(0.766), LR: 0.000020
[GPU cuda:1][TRAIN] Epoch: [4][2450/2480], Elapsed 11m 38s (remain 0m 8s), Accuracy: 100.000(67.980), Loss: 0.401(0.762), LR: 0.000020
[GPU cuda:1][TRAIN] Epoch: [4][2479/2480], Elapsed 11m 46s (remain 0m 0s), Accuracy: 40.000(68.016), Loss: 1.828(0.761), LR: 0.000019
[GPU cuda:1][VALID][0/97], Elapsed 0m 1s (remain 2m 13s), Accuracy: 65.625(65.625), Batch Loss: 0.8963, Average Loss: 0.8963
[GPU cuda:1][VALID][50/97], Elapsed 0m 48s (remain 0m 43s), Accuracy: 81.250(73.407), Batch Loss: 0.4851, Average Loss: 0.6802
[GPU cuda:1][VALID][96/97], Elapsed 1m 32s (remain 0m 0s), Accuracy: 78.571(73.362), Batch Loss: 0.4973, Average Loss: 0.6897
Valid Labels Samples: [2 0 1 4 1 0 3 1 4 3]
Valid Predictions Samples: [2, 0, 1, 3, 1, 0, 3, 1, 3, 0]
Epoch 4 - Train Average Loss: 68.016, Valid Average Loss: 73.362, Epoch Time: 801.178s
Epoch 4 - Accuracy: 0.734, Precision: 0.734, Recall: 0.734
Saved Best Model: 0.73
[GPU cuda:1][TRAIN] Epoch: [5][0/2480], Elapsed 0m 0s (remain 25m 57s), Accuracy: 80.000(80.000), Loss: 0.520(0.520), LR: 0.000019
[GPU cuda:1][TRAIN] Epoch: [5][50/2480], Elapsed 0m 15s (remain 11m 54s), Accuracy: 60.000(77.647), Loss: 0.805(0.562), LR: 0.000019
[GPU cuda:1][TRAIN] Epoch: [5][100/2480], Elapsed 0m 29s (remain 11m 28s), Accuracy: 80.000(73.465), Loss: 0.462(0.648), LR: 0.000018
[GPU cuda:1][TRAIN] Epoch: [5][150/2480], Elapsed 0m 43s (remain 11m 9s), Accuracy: 60.000(72.583), Loss: 0.931(0.658), LR: 0.000018
[GPU cuda:1][TRAIN] Epoch: [5][200/2480], Elapsed 0m 57s (remain 10m 53s), Accuracy: 60.000(71.741), Loss: 0.687(0.686), LR: 0.000017
[GPU cuda:1][TRAIN] Epoch: [5][250/2480], Elapsed 1m 11s (remain 10m 37s), Accuracy: 100.000(72.191), Loss: 0.151(0.685), LR: 0.000016
[GPU cuda:1][TRAIN] Epoch: [5][300/2480], Elapsed 1m 25s (remain 10m 22s), Accuracy: 40.000(72.691), Loss: 1.192(0.684), LR: 0.000016
[GPU cuda:1][TRAIN] Epoch: [5][350/2480], Elapsed 1m 40s (remain 10m 7s), Accuracy: 80.000(72.650), Loss: 0.359(0.679), LR: 0.000015
[GPU cuda:1][TRAIN] Epoch: [5][400/2480], Elapsed 1m 54s (remain 9m 52s), Accuracy: 80.000(72.868), Loss: 0.686(0.679), LR: 0.000015
[GPU cuda:1][TRAIN] Epoch: [5][450/2480], Elapsed 2m 8s (remain 9m 38s), Accuracy: 100.000(73.038), Loss: 0.596(0.678), LR: 0.000014
[GPU cuda:1][TRAIN] Epoch: [5][500/2480], Elapsed 2m 22s (remain 9m 23s), Accuracy: 60.000(73.493), Loss: 0.966(0.672), LR: 0.000014
[GPU cuda:1][TRAIN] Epoch: [5][550/2480], Elapsed 2m 36s (remain 9m 9s), Accuracy: 100.000(73.394), Loss: 0.144(0.677), LR: 0.000013
[GPU cuda:1][TRAIN] Epoch: [5][600/2480], Elapsed 2m 51s (remain 8m 54s), Accuracy: 100.000(72.978), Loss: 0.085(0.680), LR: 0.000013
[GPU cuda:1][TRAIN] Epoch: [5][650/2480], Elapsed 3m 5s (remain 8m 40s), Accuracy: 100.000(72.934), Loss: 0.094(0.679), LR: 0.000012
[GPU cuda:1][TRAIN] Epoch: [5][700/2480], Elapsed 3m 19s (remain 8m 25s), Accuracy: 100.000(72.553), Loss: 0.413(0.685), LR: 0.000012
[GPU cuda:1][TRAIN] Epoch: [5][750/2480], Elapsed 3m 33s (remain 8m 11s), Accuracy: 80.000(72.383), Loss: 0.386(0.685), LR: 0.000011
[GPU cuda:1][TRAIN] Epoch: [5][800/2480], Elapsed 3m 47s (remain 7m 57s), Accuracy: 100.000(72.709), Loss: 0.217(0.677), LR: 0.000011
[GPU cuda:1][TRAIN] Epoch: [5][850/2480], Elapsed 4m 1s (remain 7m 43s), Accuracy: 60.000(72.996), Loss: 0.714(0.672), LR: 0.000010
[GPU cuda:1][TRAIN] Epoch: [5][900/2480], Elapsed 4m 16s (remain 7m 28s), Accuracy: 60.000(73.230), Loss: 0.706(0.667), LR: 0.000010
[GPU cuda:1][TRAIN] Epoch: [5][950/2480], Elapsed 4m 30s (remain 7m 14s), Accuracy: 60.000(73.228), Loss: 0.850(0.663), LR: 0.000009
[GPU cuda:1][TRAIN] Epoch: [5][1000/2480], Elapsed 4m 44s (remain 7m 0s), Accuracy: 80.000(73.127), Loss: 0.738(0.663), LR: 0.000009
[GPU cuda:1][TRAIN] Epoch: [5][1050/2480], Elapsed 4m 58s (remain 6m 46s), Accuracy: 60.000(73.130), Loss: 0.737(0.662), LR: 0.000008
[GPU cuda:1][TRAIN] Epoch: [5][1100/2480], Elapsed 5m 12s (remain 6m 31s), Accuracy: 80.000(73.170), Loss: 0.304(0.660), LR: 0.000008
[GPU cuda:1][TRAIN] Epoch: [5][1150/2480], Elapsed 5m 27s (remain 6m 17s), Accuracy: 80.000(73.119), Loss: 0.648(0.660), LR: 0.000008
[GPU cuda:1][TRAIN] Epoch: [5][1200/2480], Elapsed 5m 41s (remain 6m 3s), Accuracy: 100.000(73.389), Loss: 0.347(0.653), LR: 0.000007
[GPU cuda:1][TRAIN] Epoch: [5][1250/2480], Elapsed 5m 55s (remain 5m 49s), Accuracy: 40.000(73.349), Loss: 1.197(0.651), LR: 0.000007
[GPU cuda:1][TRAIN] Epoch: [5][1300/2480], Elapsed 6m 9s (remain 5m 34s), Accuracy: 60.000(73.559), Loss: 0.711(0.647), LR: 0.000006
[GPU cuda:1][TRAIN] Epoch: [5][1350/2480], Elapsed 6m 23s (remain 5m 20s), Accuracy: 100.000(73.842), Loss: 0.092(0.642), LR: 0.000006
[GPU cuda:1][TRAIN] Epoch: [5][1400/2480], Elapsed 6m 37s (remain 5m 6s), Accuracy: 80.000(73.662), Loss: 0.307(0.644), LR: 0.000006
[GPU cuda:1][TRAIN] Epoch: [5][1450/2480], Elapsed 6m 52s (remain 4m 52s), Accuracy: 100.000(73.797), Loss: 0.347(0.642), LR: 0.000005
[GPU cuda:1][TRAIN] Epoch: [5][1500/2480], Elapsed 7m 6s (remain 4m 38s), Accuracy: 100.000(73.791), Loss: 0.099(0.642), LR: 0.000005
[GPU cuda:1][TRAIN] Epoch: [5][1550/2480], Elapsed 7m 20s (remain 4m 23s), Accuracy: 80.000(73.914), Loss: 0.521(0.640), LR: 0.000005
[GPU cuda:1][TRAIN] Epoch: [5][1600/2480], Elapsed 7m 34s (remain 4m 9s), Accuracy: 80.000(73.991), Loss: 0.341(0.638), LR: 0.000004
[GPU cuda:1][TRAIN] Epoch: [5][1650/2480], Elapsed 7m 48s (remain 3m 55s), Accuracy: 100.000(74.246), Loss: 0.287(0.633), LR: 0.000004
[GPU cuda:1][TRAIN] Epoch: [5][1700/2480], Elapsed 8m 2s (remain 3m 41s), Accuracy: 80.000(74.309), Loss: 0.350(0.631), LR: 0.000004
[GPU cuda:1][TRAIN] Epoch: [5][1750/2480], Elapsed 8m 17s (remain 3m 26s), Accuracy: 60.000(74.449), Loss: 0.905(0.629), LR: 0.000004
[GPU cuda:1][TRAIN] Epoch: [5][1800/2480], Elapsed 8m 31s (remain 3m 12s), Accuracy: 80.000(74.581), Loss: 0.485(0.626), LR: 0.000003
[GPU cuda:1][TRAIN] Epoch: [5][1850/2480], Elapsed 8m 45s (remain 2m 58s), Accuracy: 60.000(74.587), Loss: 0.673(0.626), LR: 0.000003
[GPU cuda:1][TRAIN] Epoch: [5][1900/2480], Elapsed 8m 59s (remain 2m 44s), Accuracy: 60.000(74.603), Loss: 0.685(0.624), LR: 0.000003
[GPU cuda:1][TRAIN] Epoch: [5][1950/2480], Elapsed 9m 13s (remain 2m 30s), Accuracy: 80.000(74.536), Loss: 0.342(0.625), LR: 0.000003
[GPU cuda:1][TRAIN] Epoch: [5][2000/2480], Elapsed 9m 27s (remain 2m 15s), Accuracy: 100.000(74.613), Loss: 0.377(0.623), LR: 0.000002
[GPU cuda:1][TRAIN] Epoch: [5][2050/2480], Elapsed 9m 42s (remain 2m 1s), Accuracy: 60.000(74.647), Loss: 0.902(0.622), LR: 0.000002
[GPU cuda:1][TRAIN] Epoch: [5][2100/2480], Elapsed 9m 56s (remain 1m 47s), Accuracy: 80.000(74.860), Loss: 0.274(0.618), LR: 0.000002
[GPU cuda:1][TRAIN] Epoch: [5][2150/2480], Elapsed 10m 10s (remain 1m 33s), Accuracy: 80.000(74.979), Loss: 0.612(0.615), LR: 0.000002
[GPU cuda:1][TRAIN] Epoch: [5][2200/2480], Elapsed 10m 24s (remain 1m 19s), Accuracy: 60.000(75.057), Loss: 0.553(0.613), LR: 0.000002
[GPU cuda:1][TRAIN] Epoch: [5][2250/2480], Elapsed 10m 38s (remain 1m 4s), Accuracy: 60.000(74.989), Loss: 1.033(0.614), LR: 0.000002
[GPU cuda:1][TRAIN] Epoch: [5][2300/2480], Elapsed 10m 52s (remain 0m 50s), Accuracy: 80.000(75.072), Loss: 0.438(0.612), LR: 0.000001
[GPU cuda:1][TRAIN] Epoch: [5][2350/2480], Elapsed 11m 7s (remain 0m 36s), Accuracy: 80.000(75.142), Loss: 0.589(0.612), LR: 0.000001
[GPU cuda:1][TRAIN] Epoch: [5][2400/2480], Elapsed 11m 21s (remain 0m 22s), Accuracy: 60.000(75.260), Loss: 0.776(0.610), LR: 0.000001
[GPU cuda:1][TRAIN] Epoch: [5][2450/2480], Elapsed 11m 35s (remain 0m 8s), Accuracy: 100.000(75.316), Loss: 0.332(0.608), LR: 0.000001
[GPU cuda:1][TRAIN] Epoch: [5][2479/2480], Elapsed 11m 43s (remain 0m 0s), Accuracy: 40.000(75.355), Loss: 1.718(0.607), LR: 0.000001
[GPU cuda:1][VALID][0/97], Elapsed 0m 1s (remain 2m 13s), Accuracy: 75.000(75.000), Batch Loss: 0.6483, Average Loss: 0.6483
[GPU cuda:1][VALID][50/97], Elapsed 0m 48s (remain 0m 43s), Accuracy: 87.500(76.042), Batch Loss: 0.3740, Average Loss: 0.6262
[GPU cuda:1][VALID][96/97], Elapsed 1m 32s (remain 0m 0s), Accuracy: 78.571(75.456), Batch Loss: 0.4443, Average Loss: 0.6406
Valid Labels Samples: [2 0 1 4 1 0 3 1 4 3]
Valid Predictions Samples: [2, 0, 1, 3, 1, 0, 3, 1, 3, 0]
Epoch 5 - Train Average Loss: 75.355, Valid Average Loss: 75.456, Epoch Time: 798.573s
Epoch 5 - Accuracy: 0.755, Precision: 0.762, Recall: 0.755
Saved Best Model: 0.75
[GPU cuda:1][TRAIN] Epoch: [6][0/2480], Elapsed 0m 0s (remain 26m 20s), Accuracy: 80.000(80.000), Loss: 0.485(0.485), LR: 0.000001
[GPU cuda:1][TRAIN] Epoch: [6][50/2480], Elapsed 0m 15s (remain 11m 57s), Accuracy: 60.000(80.784), Loss: 0.749(0.464), LR: 0.000001
[GPU cuda:1][TRAIN] Epoch: [6][100/2480], Elapsed 0m 29s (remain 11m 31s), Accuracy: 80.000(77.228), Loss: 0.587(0.537), LR: 0.000001
[GPU cuda:1][TRAIN] Epoch: [6][150/2480], Elapsed 0m 43s (remain 11m 12s), Accuracy: 60.000(77.219), Loss: 0.811(0.555), LR: 0.000001
[GPU cuda:1][TRAIN] Epoch: [6][200/2480], Elapsed 0m 57s (remain 10m 55s), Accuracy: 80.000(77.015), Loss: 0.531(0.573), LR: 0.000050
[GPU cuda:1][TRAIN] Epoch: [6][250/2480], Elapsed 1m 12s (remain 10m 39s), Accuracy: 80.000(75.378), Loss: 0.396(0.600), LR: 0.000050
[GPU cuda:1][TRAIN] Epoch: [6][300/2480], Elapsed 1m 26s (remain 10m 24s), Accuracy: 40.000(74.618), Loss: 1.326(0.614), LR: 0.000050
[GPU cuda:1][TRAIN] Epoch: [6][350/2480], Elapsed 1m 40s (remain 10m 9s), Accuracy: 100.000(72.707), Loss: 0.567(0.642), LR: 0.000050
[GPU cuda:1][TRAIN] Epoch: [6][400/2480], Elapsed 1m 54s (remain 9m 54s), Accuracy: 60.000(72.020), Loss: 0.779(0.660), LR: 0.000050
[GPU cuda:1][TRAIN] Epoch: [6][450/2480], Elapsed 2m 8s (remain 9m 39s), Accuracy: 40.000(71.663), Loss: 0.841(0.674), LR: 0.000050
[GPU cuda:1][TRAIN] Epoch: [6][500/2480], Elapsed 2m 23s (remain 9m 25s), Accuracy: 40.000(71.497), Loss: 1.220(0.673), LR: 0.000050
[GPU cuda:1][TRAIN] Epoch: [6][550/2480], Elapsed 2m 37s (remain 9m 11s), Accuracy: 100.000(71.252), Loss: 0.372(0.683), LR: 0.000050
[GPU cuda:1][TRAIN] Epoch: [6][600/2480], Elapsed 2m 51s (remain 8m 56s), Accuracy: 100.000(70.815), Loss: 0.057(0.689), LR: 0.000050
[GPU cuda:1][TRAIN] Epoch: [6][650/2480], Elapsed 3m 5s (remain 8m 42s), Accuracy: 100.000(70.507), Loss: 0.070(0.696), LR: 0.000050
[GPU cuda:1][TRAIN] Epoch: [6][700/2480], Elapsed 3m 20s (remain 8m 27s), Accuracy: 60.000(70.128), Loss: 0.641(0.706), LR: 0.000050
[GPU cuda:1][TRAIN] Epoch: [6][750/2480], Elapsed 3m 34s (remain 8m 13s), Accuracy: 80.000(69.614), Loss: 0.692(0.715), LR: 0.000050
[GPU cuda:1][TRAIN] Epoch: [6][800/2480], Elapsed 3m 48s (remain 7m 59s), Accuracy: 80.000(69.588), Loss: 0.241(0.714), LR: 0.000050
[GPU cuda:1][TRAIN] Epoch: [6][850/2480], Elapsed 4m 2s (remain 7m 44s), Accuracy: 80.000(69.753), Loss: 0.666(0.710), LR: 0.000050
[GPU cuda:1][TRAIN] Epoch: [6][900/2480], Elapsed 4m 16s (remain 7m 30s), Accuracy: 60.000(69.811), Loss: 1.195(0.711), LR: 0.000050
[GPU cuda:1][TRAIN] Epoch: [6][950/2480], Elapsed 4m 31s (remain 7m 16s), Accuracy: 60.000(69.821), Loss: 0.902(0.710), LR: 0.000050
[GPU cuda:1][TRAIN] Epoch: [6][1000/2480], Elapsed 4m 45s (remain 7m 1s), Accuracy: 80.000(69.451), Loss: 0.831(0.715), LR: 0.000050
[GPU cuda:1][TRAIN] Epoch: [6][1050/2480], Elapsed 4m 59s (remain 6m 47s), Accuracy: 60.000(69.420), Loss: 0.847(0.717), LR: 0.000049
[GPU cuda:1][TRAIN] Epoch: [6][1100/2480], Elapsed 5m 14s (remain 6m 33s), Accuracy: 80.000(69.410), Loss: 0.329(0.716), LR: 0.000049
[GPU cuda:1][TRAIN] Epoch: [6][1150/2480], Elapsed 5m 28s (remain 6m 19s), Accuracy: 40.000(69.383), Loss: 1.037(0.718), LR: 0.000049
[GPU cuda:1][TRAIN] Epoch: [6][1200/2480], Elapsed 5m 42s (remain 6m 4s), Accuracy: 100.000(69.742), Loss: 0.373(0.714), LR: 0.000049
[GPU cuda:1][TRAIN] Epoch: [6][1250/2480], Elapsed 5m 56s (remain 5m 50s), Accuracy: 40.000(69.480), Loss: 1.133(0.718), LR: 0.000049
[GPU cuda:1][TRAIN] Epoch: [6][1300/2480], Elapsed 6m 10s (remain 5m 36s), Accuracy: 80.000(69.377), Loss: 0.753(0.718), LR: 0.000049
[GPU cuda:1][TRAIN] Epoch: [6][1350/2480], Elapsed 6m 25s (remain 5m 21s), Accuracy: 100.000(69.519), Loss: 0.133(0.715), LR: 0.000049
[GPU cuda:1][TRAIN] Epoch: [6][1400/2480], Elapsed 6m 39s (remain 5m 7s), Accuracy: 100.000(69.479), Loss: 0.455(0.718), LR: 0.000049
[GPU cuda:1][TRAIN] Epoch: [6][1450/2480], Elapsed 6m 53s (remain 4m 53s), Accuracy: 100.000(69.359), Loss: 0.303(0.719), LR: 0.000049
[GPU cuda:1][TRAIN] Epoch: [6][1500/2480], Elapsed 7m 7s (remain 4m 39s), Accuracy: 100.000(69.434), Loss: 0.127(0.719), LR: 0.000049
[GPU cuda:1][TRAIN] Epoch: [6][1550/2480], Elapsed 7m 22s (remain 4m 24s), Accuracy: 80.000(69.284), Loss: 0.709(0.723), LR: 0.000049
[GPU cuda:1][TRAIN] Epoch: [6][1600/2480], Elapsed 7m 36s (remain 4m 10s), Accuracy: 100.000(69.194), Loss: 0.364(0.725), LR: 0.000049
[GPU cuda:1][TRAIN] Epoch: [6][1650/2480], Elapsed 7m 50s (remain 3m 56s), Accuracy: 100.000(69.267), Loss: 0.225(0.723), LR: 0.000048
[GPU cuda:1][TRAIN] Epoch: [6][1700/2480], Elapsed 8m 4s (remain 3m 42s), Accuracy: 80.000(69.300), Loss: 0.486(0.724), LR: 0.000048
[GPU cuda:1][TRAIN] Epoch: [6][1750/2480], Elapsed 8m 19s (remain 3m 27s), Accuracy: 40.000(69.320), Loss: 1.189(0.724), LR: 0.000048
[GPU cuda:1][TRAIN] Epoch: [6][1800/2480], Elapsed 8m 33s (remain 3m 13s), Accuracy: 60.000(69.339), Loss: 1.103(0.723), LR: 0.000048
[GPU cuda:1][TRAIN] Epoch: [6][1850/2480], Elapsed 8m 47s (remain 2m 59s), Accuracy: 40.000(69.217), Loss: 1.107(0.723), LR: 0.000048
[GPU cuda:1][TRAIN] Epoch: [6][1900/2480], Elapsed 9m 1s (remain 2m 45s), Accuracy: 60.000(69.048), Loss: 0.540(0.727), LR: 0.000048
[GPU cuda:1][TRAIN] Epoch: [6][1950/2480], Elapsed 9m 16s (remain 2m 30s), Accuracy: 80.000(68.929), Loss: 0.502(0.729), LR: 0.000048
[GPU cuda:1][TRAIN] Epoch: [6][2000/2480], Elapsed 9m 30s (remain 2m 16s), Accuracy: 60.000(69.085), Loss: 1.085(0.727), LR: 0.000048
[GPU cuda:1][TRAIN] Epoch: [6][2050/2480], Elapsed 9m 44s (remain 2m 2s), Accuracy: 40.000(68.874), Loss: 1.245(0.732), LR: 0.000048
[GPU cuda:1][TRAIN] Epoch: [6][2100/2480], Elapsed 9m 58s (remain 1m 48s), Accuracy: 60.000(68.977), Loss: 0.663(0.729), LR: 0.000047
[GPU cuda:1][TRAIN] Epoch: [6][2150/2480], Elapsed 10m 13s (remain 1m 33s), Accuracy: 60.000(69.047), Loss: 0.690(0.727), LR: 0.000047
[GPU cuda:1][TRAIN] Epoch: [6][2200/2480], Elapsed 10m 27s (remain 1m 19s), Accuracy: 60.000(69.041), Loss: 0.664(0.727), LR: 0.000047
[GPU cuda:1][TRAIN] Epoch: [6][2250/2480], Elapsed 10m 41s (remain 1m 5s), Accuracy: 80.000(69.009), Loss: 0.797(0.729), LR: 0.000047
[GPU cuda:1][TRAIN] Epoch: [6][2300/2480], Elapsed 10m 55s (remain 0m 51s), Accuracy: 80.000(69.048), Loss: 0.490(0.729), LR: 0.000047
[GPU cuda:1][TRAIN] Epoch: [6][2350/2480], Elapsed 11m 10s (remain 0m 36s), Accuracy: 60.000(69.051), Loss: 0.705(0.730), LR: 0.000047
[GPU cuda:1][TRAIN] Epoch: [6][2400/2480], Elapsed 11m 24s (remain 0m 22s), Accuracy: 60.000(69.163), Loss: 1.008(0.728), LR: 0.000047
[GPU cuda:1][TRAIN] Epoch: [6][2450/2480], Elapsed 11m 38s (remain 0m 8s), Accuracy: 60.000(69.237), Loss: 0.552(0.727), LR: 0.000046
[GPU cuda:1][TRAIN] Epoch: [6][2479/2480], Elapsed 11m 46s (remain 0m 0s), Accuracy: 40.000(69.234), Loss: 1.498(0.727), LR: 0.000046
[GPU cuda:1][VALID][0/97], Elapsed 0m 1s (remain 2m 20s), Accuracy: 75.000(75.000), Batch Loss: 0.7145, Average Loss: 0.7145
[GPU cuda:1][VALID][50/97], Elapsed 0m 48s (remain 0m 43s), Accuracy: 81.250(71.998), Batch Loss: 0.4885, Average Loss: 0.6975
[GPU cuda:1][VALID][96/97], Elapsed 1m 32s (remain 0m 0s), Accuracy: 64.286(71.603), Batch Loss: 0.6515, Average Loss: 0.7064
Valid Labels Samples: [2 0 1 4 1 0 3 1 4 3]
Valid Predictions Samples: [2, 0, 1, 3, 1, 0, 3, 1, 3, 0]
Epoch 6 - Train Average Loss: 69.234, Valid Average Loss: 71.603, Epoch Time: 801.555s
Epoch 6 - Accuracy: 0.716, Precision: 0.720, Recall: 0.716
[GPU cuda:1][TRAIN] Epoch: [7][0/2480], Elapsed 0m 0s (remain 26m 14s), Accuracy: 80.000(80.000), Loss: 0.450(0.450), LR: 0.000046
[GPU cuda:1][TRAIN] Epoch: [7][50/2480], Elapsed 0m 15s (remain 11m 56s), Accuracy: 20.000(70.588), Loss: 1.162(0.632), LR: 0.000046
[GPU cuda:1][TRAIN] Epoch: [7][100/2480], Elapsed 0m 29s (remain 11m 29s), Accuracy: 80.000(70.297), Loss: 0.493(0.677), LR: 0.000046
[GPU cuda:1][TRAIN] Epoch: [7][150/2480], Elapsed 0m 43s (remain 11m 11s), Accuracy: 80.000(71.258), Loss: 0.694(0.682), LR: 0.000046
[GPU cuda:1][TRAIN] Epoch: [7][200/2480], Elapsed 0m 57s (remain 10m 54s), Accuracy: 80.000(70.348), Loss: 0.517(0.720), LR: 0.000046
[GPU cuda:1][TRAIN] Epoch: [7][250/2480], Elapsed 1m 11s (remain 10m 39s), Accuracy: 100.000(70.120), Loss: 0.220(0.713), LR: 0.000045
[GPU cuda:1][TRAIN] Epoch: [7][300/2480], Elapsed 1m 26s (remain 10m 23s), Accuracy: 20.000(69.701), Loss: 1.322(0.721), LR: 0.000045
[GPU cuda:1][TRAIN] Epoch: [7][350/2480], Elapsed 1m 40s (remain 10m 8s), Accuracy: 80.000(69.003), Loss: 0.688(0.735), LR: 0.000045
[GPU cuda:1][TRAIN] Epoch: [7][400/2480], Elapsed 1m 54s (remain 9m 54s), Accuracy: 40.000(69.077), Loss: 0.944(0.734), LR: 0.000045
[GPU cuda:1][TRAIN] Epoch: [7][450/2480], Elapsed 2m 8s (remain 9m 39s), Accuracy: 100.000(69.224), Loss: 0.490(0.732), LR: 0.000045
[GPU cuda:1][TRAIN] Epoch: [7][500/2480], Elapsed 2m 22s (remain 9m 24s), Accuracy: 20.000(69.741), Loss: 1.567(0.724), LR: 0.000045
[GPU cuda:1][TRAIN] Epoch: [7][550/2480], Elapsed 2m 37s (remain 9m 10s), Accuracy: 100.000(69.982), Loss: 0.158(0.723), LR: 0.000044
[GPU cuda:1][TRAIN] Epoch: [7][600/2480], Elapsed 2m 51s (remain 8m 55s), Accuracy: 100.000(69.584), Loss: 0.100(0.728), LR: 0.000044
[GPU cuda:1][TRAIN] Epoch: [7][650/2480], Elapsed 3m 5s (remain 8m 41s), Accuracy: 100.000(69.739), Loss: 0.061(0.724), LR: 0.000044
[GPU cuda:1][TRAIN] Epoch: [7][700/2480], Elapsed 3m 19s (remain 8m 26s), Accuracy: 100.000(69.558), Loss: 0.417(0.731), LR: 0.000044
[GPU cuda:1][TRAIN] Epoch: [7][750/2480], Elapsed 3m 33s (remain 8m 12s), Accuracy: 100.000(69.481), Loss: 0.299(0.734), LR: 0.000044
[GPU cuda:1][TRAIN] Epoch: [7][800/2480], Elapsed 3m 48s (remain 7m 58s), Accuracy: 100.000(69.813), Loss: 0.132(0.728), LR: 0.000043
[GPU cuda:1][TRAIN] Epoch: [7][850/2480], Elapsed 4m 2s (remain 7m 43s), Accuracy: 60.000(70.082), Loss: 0.804(0.721), LR: 0.000043
[GPU cuda:1][TRAIN] Epoch: [7][900/2480], Elapsed 4m 16s (remain 7m 29s), Accuracy: 100.000(70.366), Loss: 0.595(0.716), LR: 0.000043
[GPU cuda:1][TRAIN] Epoch: [7][950/2480], Elapsed 4m 30s (remain 7m 14s), Accuracy: 60.000(70.410), Loss: 1.402(0.714), LR: 0.000043
[GPU cuda:1][TRAIN] Epoch: [7][1000/2480], Elapsed 4m 44s (remain 7m 0s), Accuracy: 60.000(70.210), Loss: 1.369(0.717), LR: 0.000042
[GPU cuda:1][TRAIN] Epoch: [7][1050/2480], Elapsed 4m 58s (remain 6m 46s), Accuracy: 60.000(70.352), Loss: 0.912(0.715), LR: 0.000042
[GPU cuda:1][TRAIN] Epoch: [7][1100/2480], Elapsed 5m 13s (remain 6m 32s), Accuracy: 80.000(70.372), Loss: 0.404(0.712), LR: 0.000042
[GPU cuda:1][TRAIN] Epoch: [7][1150/2480], Elapsed 5m 27s (remain 6m 17s), Accuracy: 80.000(70.460), Loss: 0.596(0.709), LR: 0.000042
[GPU cuda:1][TRAIN] Epoch: [7][1200/2480], Elapsed 5m 41s (remain 6m 3s), Accuracy: 100.000(70.791), Loss: 0.393(0.702), LR: 0.000042
[GPU cuda:1][TRAIN] Epoch: [7][1250/2480], Elapsed 5m 55s (remain 5m 49s), Accuracy: 40.000(70.647), Loss: 0.940(0.703), LR: 0.000041
[GPU cuda:1][TRAIN] Epoch: [7][1300/2480], Elapsed 6m 9s (remain 5m 35s), Accuracy: 80.000(70.669), Loss: 0.799(0.701), LR: 0.000041
[GPU cuda:1][TRAIN] Epoch: [7][1350/2480], Elapsed 6m 23s (remain 5m 20s), Accuracy: 80.000(70.896), Loss: 0.375(0.697), LR: 0.000041
[GPU cuda:1][TRAIN] Epoch: [7][1400/2480], Elapsed 6m 38s (remain 5m 6s), Accuracy: 60.000(70.878), Loss: 0.515(0.698), LR: 0.000041
[GPU cuda:1][TRAIN] Epoch: [7][1450/2480], Elapsed 6m 52s (remain 4m 52s), Accuracy: 80.000(70.917), Loss: 0.413(0.696), LR: 0.000040
[GPU cuda:1][TRAIN] Epoch: [7][1500/2480], Elapsed 7m 6s (remain 4m 38s), Accuracy: 100.000(70.873), Loss: 0.197(0.697), LR: 0.000040
[GPU cuda:1][TRAIN] Epoch: [7][1550/2480], Elapsed 7m 20s (remain 4m 23s), Accuracy: 20.000(70.754), Loss: 0.978(0.699), LR: 0.000040
[GPU cuda:1][TRAIN] Epoch: [7][1600/2480], Elapsed 7m 34s (remain 4m 9s), Accuracy: 100.000(70.856), Loss: 0.328(0.696), LR: 0.000040
[GPU cuda:1][TRAIN] Epoch: [7][1650/2480], Elapsed 7m 48s (remain 3m 55s), Accuracy: 80.000(71.108), Loss: 0.319(0.691), LR: 0.000039
[GPU cuda:1][TRAIN] Epoch: [7][1700/2480], Elapsed 8m 3s (remain 3m 41s), Accuracy: 80.000(71.217), Loss: 0.410(0.690), LR: 0.000039
[GPU cuda:1][TRAIN] Epoch: [7][1750/2480], Elapsed 8m 17s (remain 3m 27s), Accuracy: 60.000(71.342), Loss: 1.234(0.687), LR: 0.000039
[GPU cuda:1][TRAIN] Epoch: [7][1800/2480], Elapsed 8m 31s (remain 3m 12s), Accuracy: 80.000(71.371), Loss: 0.387(0.686), LR: 0.000039
[GPU cuda:1][TRAIN] Epoch: [7][1850/2480], Elapsed 8m 45s (remain 2m 58s), Accuracy: 80.000(71.367), Loss: 0.755(0.685), LR: 0.000038
[GPU cuda:1][TRAIN] Epoch: [7][1900/2480], Elapsed 8m 59s (remain 2m 44s), Accuracy: 60.000(71.394), Loss: 0.650(0.685), LR: 0.000038
[GPU cuda:1][TRAIN] Epoch: [7][1950/2480], Elapsed 9m 13s (remain 2m 30s), Accuracy: 100.000(71.338), Loss: 0.293(0.687), LR: 0.000038
[GPU cuda:1][TRAIN] Epoch: [7][2000/2480], Elapsed 9m 28s (remain 2m 16s), Accuracy: 80.000(71.444), Loss: 0.613(0.684), LR: 0.000038
[GPU cuda:1][TRAIN] Epoch: [7][2050/2480], Elapsed 9m 42s (remain 2m 1s), Accuracy: 60.000(71.458), Loss: 1.051(0.685), LR: 0.000037
[GPU cuda:1][TRAIN] Epoch: [7][2100/2480], Elapsed 9m 56s (remain 1m 47s), Accuracy: 80.000(71.709), Loss: 0.310(0.680), LR: 0.000037
[GPU cuda:1][TRAIN] Epoch: [7][2150/2480], Elapsed 10m 10s (remain 1m 33s), Accuracy: 60.000(71.827), Loss: 0.837(0.677), LR: 0.000037
[GPU cuda:1][TRAIN] Epoch: [7][2200/2480], Elapsed 10m 24s (remain 1m 19s), Accuracy: 60.000(71.822), Loss: 0.779(0.677), LR: 0.000037
[GPU cuda:1][TRAIN] Epoch: [7][2250/2480], Elapsed 10m 39s (remain 1m 5s), Accuracy: 60.000(71.844), Loss: 0.662(0.678), LR: 0.000036
[GPU cuda:1][TRAIN] Epoch: [7][2300/2480], Elapsed 10m 53s (remain 0m 50s), Accuracy: 80.000(71.864), Loss: 0.399(0.678), LR: 0.000036
[GPU cuda:1][TRAIN] Epoch: [7][2350/2480], Elapsed 11m 7s (remain 0m 36s), Accuracy: 80.000(71.893), Loss: 0.551(0.678), LR: 0.000036
[GPU cuda:1][TRAIN] Epoch: [7][2400/2480], Elapsed 11m 21s (remain 0m 22s), Accuracy: 60.000(72.045), Loss: 1.009(0.675), LR: 0.000036
[GPU cuda:1][TRAIN] Epoch: [7][2450/2480], Elapsed 11m 35s (remain 0m 8s), Accuracy: 100.000(72.142), Loss: 0.358(0.673), LR: 0.000035
[GPU cuda:1][TRAIN] Epoch: [7][2479/2480], Elapsed 11m 44s (remain 0m 0s), Accuracy: 40.000(72.145), Loss: 1.903(0.673), LR: 0.000035
[GPU cuda:1][VALID][0/97], Elapsed 0m 1s (remain 2m 10s), Accuracy: 68.750(68.750), Batch Loss: 0.9679, Average Loss: 0.9679
[GPU cuda:1][VALID][50/97], Elapsed 0m 48s (remain 0m 43s), Accuracy: 78.125(73.346), Batch Loss: 0.5476, Average Loss: 0.7045
[GPU cuda:1][VALID][96/97], Elapsed 1m 32s (remain 0m 0s), Accuracy: 82.143(72.110), Batch Loss: 0.4808, Average Loss: 0.7297
Valid Labels Samples: [2 0 1 4 1 0 3 1 4 3]
Valid Predictions Samples: [2, 0, 1, 3, 1, 1, 3, 1, 3, 0]
Epoch 7 - Train Average Loss: 72.145, Valid Average Loss: 72.110, Epoch Time: 799.189s
Epoch 7 - Accuracy: 0.721, Precision: 0.719, Recall: 0.721
[GPU cuda:1][TRAIN] Epoch: [8][0/2480], Elapsed 0m 0s (remain 26m 13s), Accuracy: 80.000(80.000), Loss: 0.749(0.749), LR: 0.000035
[GPU cuda:1][TRAIN] Epoch: [8][50/2480], Elapsed 0m 15s (remain 11m 58s), Accuracy: 40.000(75.294), Loss: 0.920(0.557), LR: 0.000035
[GPU cuda:1][TRAIN] Epoch: [8][100/2480], Elapsed 0m 29s (remain 11m 32s), Accuracy: 80.000(73.861), Loss: 0.503(0.611), LR: 0.000035
[GPU cuda:1][TRAIN] Epoch: [8][150/2480], Elapsed 0m 43s (remain 11m 13s), Accuracy: 40.000(74.834), Loss: 0.864(0.610), LR: 0.000034
[GPU cuda:1][TRAIN] Epoch: [8][200/2480], Elapsed 0m 57s (remain 10m 56s), Accuracy: 60.000(73.234), Loss: 0.641(0.661), LR: 0.000034
[GPU cuda:1][TRAIN] Epoch: [8][250/2480], Elapsed 1m 12s (remain 10m 40s), Accuracy: 80.000(74.183), Loss: 0.268(0.649), LR: 0.000034
[GPU cuda:1][TRAIN] Epoch: [8][300/2480], Elapsed 1m 26s (remain 10m 25s), Accuracy: 20.000(74.219), Loss: 1.410(0.650), LR: 0.000033
[GPU cuda:1][TRAIN] Epoch: [8][350/2480], Elapsed 1m 40s (remain 10m 10s), Accuracy: 100.000(74.074), Loss: 0.453(0.655), LR: 0.000033
[GPU cuda:1][TRAIN] Epoch: [8][400/2480], Elapsed 1m 54s (remain 9m 55s), Accuracy: 60.000(74.115), Loss: 0.898(0.648), LR: 0.000033
[GPU cuda:1][TRAIN] Epoch: [8][450/2480], Elapsed 2m 9s (remain 9m 40s), Accuracy: 80.000(74.279), Loss: 0.533(0.644), LR: 0.000033
[GPU cuda:1][TRAIN] Epoch: [8][500/2480], Elapsed 2m 23s (remain 9m 25s), Accuracy: 40.000(74.571), Loss: 1.193(0.635), LR: 0.000032
[GPU cuda:1][TRAIN] Epoch: [8][550/2480], Elapsed 2m 37s (remain 9m 11s), Accuracy: 100.000(74.592), Loss: 0.115(0.639), LR: 0.000032
[GPU cuda:1][TRAIN] Epoch: [8][600/2480], Elapsed 2m 51s (remain 8m 56s), Accuracy: 100.000(74.243), Loss: 0.048(0.643), LR: 0.000032
[GPU cuda:1][TRAIN] Epoch: [8][650/2480], Elapsed 3m 5s (remain 8m 42s), Accuracy: 100.000(74.316), Loss: 0.077(0.641), LR: 0.000031
[GPU cuda:1][TRAIN] Epoch: [8][700/2480], Elapsed 3m 20s (remain 8m 27s), Accuracy: 60.000(74.094), Loss: 0.493(0.647), LR: 0.000031
[GPU cuda:1][TRAIN] Epoch: [8][750/2480], Elapsed 3m 34s (remain 8m 13s), Accuracy: 100.000(73.928), Loss: 0.193(0.648), LR: 0.000031
[GPU cuda:1][TRAIN] Epoch: [8][800/2480], Elapsed 3m 48s (remain 7m 58s), Accuracy: 100.000(74.207), Loss: 0.136(0.640), LR: 0.000031
[GPU cuda:1][TRAIN] Epoch: [8][850/2480], Elapsed 4m 2s (remain 7m 44s), Accuracy: 80.000(74.383), Loss: 0.477(0.636), LR: 0.000030
[GPU cuda:1][TRAIN] Epoch: [8][900/2480], Elapsed 4m 16s (remain 7m 30s), Accuracy: 80.000(74.539), Loss: 0.587(0.632), LR: 0.000030
[GPU cuda:1][TRAIN] Epoch: [8][950/2480], Elapsed 4m 31s (remain 7m 15s), Accuracy: 80.000(74.700), Loss: 0.683(0.626), LR: 0.000030
[GPU cuda:1][TRAIN] Epoch: [8][1000/2480], Elapsed 4m 45s (remain 7m 1s), Accuracy: 80.000(74.505), Loss: 0.778(0.627), LR: 0.000029
[GPU cuda:1][TRAIN] Epoch: [8][1050/2480], Elapsed 4m 59s (remain 6m 47s), Accuracy: 60.000(74.634), Loss: 1.231(0.626), LR: 0.000029
[GPU cuda:1][TRAIN] Epoch: [8][1100/2480], Elapsed 5m 13s (remain 6m 32s), Accuracy: 80.000(74.750), Loss: 0.253(0.622), LR: 0.000029
[GPU cuda:1][TRAIN] Epoch: [8][1150/2480], Elapsed 5m 27s (remain 6m 18s), Accuracy: 80.000(74.770), Loss: 0.854(0.622), LR: 0.000028
[GPU cuda:1][TRAIN] Epoch: [8][1200/2480], Elapsed 5m 42s (remain 6m 4s), Accuracy: 100.000(75.037), Loss: 0.288(0.616), LR: 0.000028
[GPU cuda:1][TRAIN] Epoch: [8][1250/2480], Elapsed 5m 56s (remain 5m 49s), Accuracy: 40.000(74.996), Loss: 1.126(0.617), LR: 0.000028
[GPU cuda:1][TRAIN] Epoch: [8][1300/2480], Elapsed 6m 10s (remain 5m 35s), Accuracy: 60.000(75.127), Loss: 0.792(0.614), LR: 0.000028
[GPU cuda:1][TRAIN] Epoch: [8][1350/2480], Elapsed 6m 24s (remain 5m 21s), Accuracy: 100.000(75.381), Loss: 0.169(0.609), LR: 0.000027
[GPU cuda:1][TRAIN] Epoch: [8][1400/2480], Elapsed 6m 38s (remain 5m 7s), Accuracy: 80.000(75.189), Loss: 0.507(0.612), LR: 0.000027
[GPU cuda:1][TRAIN] Epoch: [8][1450/2480], Elapsed 6m 52s (remain 4m 52s), Accuracy: 80.000(75.176), Loss: 0.266(0.612), LR: 0.000027
[GPU cuda:1][TRAIN] Epoch: [8][1500/2480], Elapsed 7m 7s (remain 4m 38s), Accuracy: 100.000(75.097), Loss: 0.104(0.612), LR: 0.000026
[GPU cuda:1][TRAIN] Epoch: [8][1550/2480], Elapsed 7m 21s (remain 4m 24s), Accuracy: 80.000(75.113), Loss: 0.427(0.611), LR: 0.000026
[GPU cuda:1][TRAIN] Epoch: [8][1600/2480], Elapsed 7m 35s (remain 4m 10s), Accuracy: 80.000(75.141), Loss: 0.318(0.609), LR: 0.000026
[GPU cuda:1][TRAIN] Epoch: [8][1650/2480], Elapsed 7m 49s (remain 3m 55s), Accuracy: 100.000(75.251), Loss: 0.309(0.606), LR: 0.000025
[GPU cuda:1][TRAIN] Epoch: [8][1700/2480], Elapsed 8m 3s (remain 3m 41s), Accuracy: 80.000(75.309), Loss: 0.399(0.606), LR: 0.000025
[GPU cuda:1][TRAIN] Epoch: [8][1750/2480], Elapsed 8m 17s (remain 3m 27s), Accuracy: 60.000(75.408), Loss: 1.093(0.604), LR: 0.000025
[GPU cuda:1][TRAIN] Epoch: [8][1800/2480], Elapsed 8m 32s (remain 3m 13s), Accuracy: 60.000(75.525), Loss: 0.963(0.601), LR: 0.000025
[GPU cuda:1][TRAIN] Epoch: [8][1850/2480], Elapsed 8m 46s (remain 2m 58s), Accuracy: 100.000(75.494), Loss: 0.317(0.600), LR: 0.000024
[GPU cuda:1][TRAIN] Epoch: [8][1900/2480], Elapsed 9m 0s (remain 2m 44s), Accuracy: 60.000(75.560), Loss: 0.685(0.599), LR: 0.000024
[GPU cuda:1][TRAIN] Epoch: [8][1950/2480], Elapsed 9m 14s (remain 2m 30s), Accuracy: 80.000(75.510), Loss: 0.310(0.600), LR: 0.000024
[GPU cuda:1][TRAIN] Epoch: [8][2000/2480], Elapsed 9m 28s (remain 2m 16s), Accuracy: 80.000(75.632), Loss: 0.349(0.597), LR: 0.000023
[GPU cuda:1][TRAIN] Epoch: [8][2050/2480], Elapsed 9m 42s (remain 2m 1s), Accuracy: 40.000(75.661), Loss: 0.873(0.596), LR: 0.000023
[GPU cuda:1][TRAIN] Epoch: [8][2100/2480], Elapsed 9m 57s (remain 1m 47s), Accuracy: 100.000(75.888), Loss: 0.058(0.592), LR: 0.000023
[GPU cuda:1][TRAIN] Epoch: [8][2150/2480], Elapsed 10m 11s (remain 1m 33s), Accuracy: 60.000(75.955), Loss: 0.845(0.589), LR: 0.000022
[GPU cuda:1][TRAIN] Epoch: [8][2200/2480], Elapsed 10m 25s (remain 1m 19s), Accuracy: 60.000(75.965), Loss: 0.600(0.588), LR: 0.000022
[GPU cuda:1][TRAIN] Epoch: [8][2250/2480], Elapsed 10m 39s (remain 1m 5s), Accuracy: 60.000(75.904), Loss: 1.132(0.590), LR: 0.000022
[GPU cuda:1][TRAIN] Epoch: [8][2300/2480], Elapsed 10m 53s (remain 0m 50s), Accuracy: 80.000(75.967), Loss: 0.543(0.589), LR: 0.000022
[GPU cuda:1][TRAIN] Epoch: [8][2350/2480], Elapsed 11m 7s (remain 0m 36s), Accuracy: 100.000(75.985), Loss: 0.404(0.588), LR: 0.000021
[GPU cuda:1][TRAIN] Epoch: [8][2400/2480], Elapsed 11m 21s (remain 0m 22s), Accuracy: 60.000(76.093), Loss: 1.592(0.586), LR: 0.000021
[GPU cuda:1][TRAIN] Epoch: [8][2450/2480], Elapsed 11m 36s (remain 0m 8s), Accuracy: 100.000(76.197), Loss: 0.243(0.584), LR: 0.000021
[GPU cuda:1][TRAIN] Epoch: [8][2479/2480], Elapsed 11m 44s (remain 0m 0s), Accuracy: 40.000(76.218), Loss: 1.707(0.584), LR: 0.000020
[GPU cuda:1][VALID][0/97], Elapsed 0m 1s (remain 2m 12s), Accuracy: 75.000(75.000), Batch Loss: 0.7620, Average Loss: 0.7620
[GPU cuda:1][VALID][50/97], Elapsed 0m 48s (remain 0m 43s), Accuracy: 75.000(74.510), Batch Loss: 0.5369, Average Loss: 0.6926
[GPU cuda:1][VALID][96/97], Elapsed 1m 32s (remain 0m 0s), Accuracy: 85.714(73.661), Batch Loss: 0.4653, Average Loss: 0.7055
Valid Labels Samples: [2 0 1 4 1 0 3 1 4 3]
Valid Predictions Samples: [2, 0, 1, 3, 1, 0, 3, 1, 3, 0]
Epoch 8 - Train Average Loss: 76.218, Valid Average Loss: 73.661, Epoch Time: 798.404s
Epoch 8 - Accuracy: 0.736, Precision: 0.737, Recall: 0.736
[GPU cuda:1][TRAIN] Epoch: [9][0/2480], Elapsed 0m 0s (remain 25m 29s), Accuracy: 80.000(80.000), Loss: 0.697(0.697), LR: 0.000020
[GPU cuda:1][TRAIN] Epoch: [9][50/2480], Elapsed 0m 14s (remain 11m 52s), Accuracy: 40.000(78.824), Loss: 0.819(0.486), LR: 0.000020
[GPU cuda:1][TRAIN] Epoch: [9][100/2480], Elapsed 0m 29s (remain 11m 27s), Accuracy: 80.000(78.218), Loss: 0.405(0.510), LR: 0.000020
[GPU cuda:1][TRAIN] Epoch: [9][150/2480], Elapsed 0m 43s (remain 11m 8s), Accuracy: 60.000(77.351), Loss: 0.825(0.526), LR: 0.000020
[GPU cuda:1][TRAIN] Epoch: [9][200/2480], Elapsed 0m 57s (remain 10m 52s), Accuracy: 100.000(77.811), Loss: 0.223(0.542), LR: 0.000019
[GPU cuda:1][TRAIN] Epoch: [9][250/2480], Elapsed 1m 11s (remain 10m 36s), Accuracy: 100.000(77.928), Loss: 0.080(0.530), LR: 0.000019
[GPU cuda:1][TRAIN] Epoch: [9][300/2480], Elapsed 1m 25s (remain 10m 21s), Accuracy: 80.000(78.472), Loss: 0.872(0.522), LR: 0.000019
[GPU cuda:1][TRAIN] Epoch: [9][350/2480], Elapsed 1m 40s (remain 10m 6s), Accuracy: 100.000(77.664), Loss: 0.235(0.532), LR: 0.000018
[GPU cuda:1][TRAIN] Epoch: [9][400/2480], Elapsed 1m 54s (remain 9m 52s), Accuracy: 60.000(78.105), Loss: 0.755(0.527), LR: 0.000018
[GPU cuda:1][TRAIN] Epoch: [9][450/2480], Elapsed 2m 8s (remain 9m 37s), Accuracy: 100.000(78.271), Loss: 0.240(0.527), LR: 0.000018
[GPU cuda:1][TRAIN] Epoch: [9][500/2480], Elapsed 2m 22s (remain 9m 23s), Accuracy: 40.000(78.563), Loss: 0.938(0.519), LR: 0.000018
[GPU cuda:1][TRAIN] Epoch: [9][550/2480], Elapsed 2m 36s (remain 9m 8s), Accuracy: 100.000(78.621), Loss: 0.108(0.522), LR: 0.000017
[GPU cuda:1][TRAIN] Epoch: [9][600/2480], Elapsed 2m 50s (remain 8m 54s), Accuracy: 100.000(78.203), Loss: 0.052(0.530), LR: 0.000017
[GPU cuda:1][TRAIN] Epoch: [9][650/2480], Elapsed 3m 5s (remain 8m 40s), Accuracy: 100.000(78.095), Loss: 0.039(0.533), LR: 0.000017
[GPU cuda:1][TRAIN] Epoch: [9][700/2480], Elapsed 3m 19s (remain 8m 25s), Accuracy: 100.000(78.088), Loss: 0.209(0.534), LR: 0.000016
[GPU cuda:1][TRAIN] Epoch: [9][750/2480], Elapsed 3m 33s (remain 8m 11s), Accuracy: 100.000(78.136), Loss: 0.085(0.534), LR: 0.000016
[GPU cuda:1][TRAIN] Epoch: [9][800/2480], Elapsed 3m 47s (remain 7m 57s), Accuracy: 100.000(78.552), Loss: 0.220(0.527), LR: 0.000016
[GPU cuda:1][TRAIN] Epoch: [9][850/2480], Elapsed 4m 2s (remain 7m 43s), Accuracy: 80.000(78.848), Loss: 0.467(0.520), LR: 0.000016
[GPU cuda:1][TRAIN] Epoch: [9][900/2480], Elapsed 4m 16s (remain 7m 29s), Accuracy: 100.000(78.957), Loss: 0.441(0.518), LR: 0.000015
[GPU cuda:1][TRAIN] Epoch: [9][950/2480], Elapsed 4m 30s (remain 7m 15s), Accuracy: 80.000(79.138), Loss: 0.648(0.514), LR: 0.000015
[GPU cuda:1][TRAIN] Epoch: [9][1000/2480], Elapsed 4m 44s (remain 7m 0s), Accuracy: 60.000(79.221), Loss: 0.907(0.513), LR: 0.000015
[GPU cuda:1][TRAIN] Epoch: [9][1050/2480], Elapsed 4m 59s (remain 6m 46s), Accuracy: 60.000(79.182), Loss: 0.600(0.513), LR: 0.000015
[GPU cuda:1][TRAIN] Epoch: [9][1100/2480], Elapsed 5m 13s (remain 6m 32s), Accuracy: 80.000(79.219), Loss: 0.288(0.509), LR: 0.000014
[GPU cuda:1][TRAIN] Epoch: [9][1150/2480], Elapsed 5m 27s (remain 6m 18s), Accuracy: 80.000(79.166), Loss: 0.733(0.508), LR: 0.000014
[GPU cuda:1][TRAIN] Epoch: [9][1200/2480], Elapsed 5m 41s (remain 6m 3s), Accuracy: 100.000(79.550), Loss: 0.214(0.502), LR: 0.000014
[GPU cuda:1][TRAIN] Epoch: [9][1250/2480], Elapsed 5m 55s (remain 5m 49s), Accuracy: 60.000(79.297), Loss: 0.629(0.505), LR: 0.000013
[GPU cuda:1][TRAIN] Epoch: [9][1300/2480], Elapsed 6m 10s (remain 5m 35s), Accuracy: 60.000(79.477), Loss: 0.918(0.503), LR: 0.000013
[GPU cuda:1][TRAIN] Epoch: [9][1350/2480], Elapsed 6m 24s (remain 5m 21s), Accuracy: 100.000(79.689), Loss: 0.110(0.498), LR: 0.000013
[GPU cuda:1][TRAIN] Epoch: [9][1400/2480], Elapsed 6m 38s (remain 5m 6s), Accuracy: 80.000(79.643), Loss: 0.362(0.500), LR: 0.000013
[GPU cuda:1][TRAIN] Epoch: [9][1450/2480], Elapsed 6m 52s (remain 4m 52s), Accuracy: 100.000(79.628), Loss: 0.167(0.501), LR: 0.000012
[GPU cuda:1][TRAIN] Epoch: [9][1500/2480], Elapsed 7m 7s (remain 4m 38s), Accuracy: 100.000(79.520), Loss: 0.045(0.502), LR: 0.000012
[GPU cuda:1][TRAIN] Epoch: [9][1550/2480], Elapsed 7m 21s (remain 4m 24s), Accuracy: 100.000(79.562), Loss: 0.162(0.501), LR: 0.000012
[GPU cuda:1][TRAIN] Epoch: [9][1600/2480], Elapsed 7m 35s (remain 4m 10s), Accuracy: 80.000(79.638), Loss: 0.420(0.499), LR: 0.000012
[GPU cuda:1][TRAIN] Epoch: [9][1650/2480], Elapsed 7m 49s (remain 3m 55s), Accuracy: 100.000(79.818), Loss: 0.268(0.495), LR: 0.000011
[GPU cuda:1][TRAIN] Epoch: [9][1700/2480], Elapsed 8m 3s (remain 3m 41s), Accuracy: 80.000(79.835), Loss: 0.329(0.495), LR: 0.000011
[GPU cuda:1][TRAIN] Epoch: [9][1750/2480], Elapsed 8m 18s (remain 3m 27s), Accuracy: 60.000(79.954), Loss: 0.510(0.493), LR: 0.000011
[GPU cuda:1][TRAIN] Epoch: [9][1800/2480], Elapsed 8m 32s (remain 3m 13s), Accuracy: 60.000(79.989), Loss: 0.456(0.492), LR: 0.000011
[GPU cuda:1][TRAIN] Epoch: [9][1850/2480], Elapsed 8m 46s (remain 2m 58s), Accuracy: 80.000(79.989), Loss: 0.319(0.492), LR: 0.000010
[GPU cuda:1][TRAIN] Epoch: [9][1900/2480], Elapsed 9m 0s (remain 2m 44s), Accuracy: 60.000(80.032), Loss: 0.492(0.491), LR: 0.000010
[GPU cuda:1][TRAIN] Epoch: [9][1950/2480], Elapsed 9m 15s (remain 2m 30s), Accuracy: 100.000(79.990), Loss: 0.286(0.490), LR: 0.000010
[GPU cuda:1][TRAIN] Epoch: [9][2000/2480], Elapsed 9m 29s (remain 2m 16s), Accuracy: 80.000(80.020), Loss: 0.506(0.488), LR: 0.000010
[GPU cuda:1][TRAIN] Epoch: [9][2050/2480], Elapsed 9m 43s (remain 2m 2s), Accuracy: 60.000(80.098), Loss: 0.743(0.487), LR: 0.000010
[GPU cuda:1][TRAIN] Epoch: [9][2100/2480], Elapsed 9m 57s (remain 1m 47s), Accuracy: 100.000(80.314), Loss: 0.041(0.483), LR: 0.000009
[GPU cuda:1][TRAIN] Epoch: [9][2150/2480], Elapsed 10m 12s (remain 1m 33s), Accuracy: 80.000(80.418), Loss: 0.507(0.479), LR: 0.000009
[GPU cuda:1][TRAIN] Epoch: [9][2200/2480], Elapsed 10m 26s (remain 1m 19s), Accuracy: 80.000(80.482), Loss: 0.451(0.478), LR: 0.000009
[GPU cuda:1][TRAIN] Epoch: [9][2250/2480], Elapsed 10m 40s (remain 1m 5s), Accuracy: 80.000(80.409), Loss: 0.370(0.479), LR: 0.000009
[GPU cuda:1][TRAIN] Epoch: [9][2300/2480], Elapsed 10m 54s (remain 0m 50s), Accuracy: 60.000(80.400), Loss: 0.576(0.480), LR: 0.000008
[GPU cuda:1][TRAIN] Epoch: [9][2350/2480], Elapsed 11m 9s (remain 0m 36s), Accuracy: 100.000(80.434), Loss: 0.346(0.480), LR: 0.000008
[GPU cuda:1][TRAIN] Epoch: [9][2400/2480], Elapsed 11m 23s (remain 0m 22s), Accuracy: 60.000(80.516), Loss: 0.680(0.478), LR: 0.000008
[GPU cuda:1][TRAIN] Epoch: [9][2450/2480], Elapsed 11m 37s (remain 0m 8s), Accuracy: 100.000(80.620), Loss: 0.186(0.477), LR: 0.000008
[GPU cuda:1][TRAIN] Epoch: [9][2479/2480], Elapsed 11m 45s (remain 0m 0s), Accuracy: 40.000(80.629), Loss: 1.309(0.476), LR: 0.000008
[GPU cuda:1][VALID][0/97], Elapsed 0m 1s (remain 2m 14s), Accuracy: 75.000(75.000), Batch Loss: 0.8220, Average Loss: 0.8220
[GPU cuda:1][VALID][50/97], Elapsed 0m 48s (remain 0m 44s), Accuracy: 78.125(75.000), Batch Loss: 0.4945, Average Loss: 0.6976
[GPU cuda:1][VALID][96/97], Elapsed 1m 33s (remain 0m 0s), Accuracy: 78.571(74.296), Batch Loss: 0.4827, Average Loss: 0.7176
Valid Labels Samples: [2 0 1 4 1 0 3 1 4 3]
Valid Predictions Samples: [2, 0, 1, 3, 1, 0, 3, 1, 3, 0]
Epoch 9 - Train Average Loss: 80.629, Valid Average Loss: 74.296, Epoch Time: 801.010s
Epoch 9 - Accuracy: 0.743, Precision: 0.748, Recall: 0.743
[GPU cuda:1][TRAIN] Epoch: [10][0/2480], Elapsed 0m 0s (remain 26m 24s), Accuracy: 80.000(80.000), Loss: 0.429(0.429), LR: 0.000008
[GPU cuda:1][TRAIN] Epoch: [10][50/2480], Elapsed 0m 15s (remain 11m 59s), Accuracy: 60.000(82.353), Loss: 0.667(0.357), LR: 0.000007
[GPU cuda:1][TRAIN] Epoch: [10][100/2480], Elapsed 0m 29s (remain 11m 32s), Accuracy: 80.000(80.990), Loss: 0.591(0.408), LR: 0.000007
[GPU cuda:1][TRAIN] Epoch: [10][150/2480], Elapsed 0m 43s (remain 11m 12s), Accuracy: 80.000(81.589), Loss: 0.753(0.422), LR: 0.000007
[GPU cuda:1][TRAIN] Epoch: [10][200/2480], Elapsed 0m 57s (remain 10m 56s), Accuracy: 100.000(82.189), Loss: 0.108(0.424), LR: 0.000007
[GPU cuda:1][TRAIN] Epoch: [10][250/2480], Elapsed 1m 12s (remain 10m 40s), Accuracy: 100.000(83.108), Loss: 0.063(0.412), LR: 0.000007
[GPU cuda:1][TRAIN] Epoch: [10][300/2480], Elapsed 1m 26s (remain 10m 24s), Accuracy: 80.000(83.588), Loss: 0.728(0.404), LR: 0.000006
[GPU cuda:1][TRAIN] Epoch: [10][350/2480], Elapsed 1m 40s (remain 10m 10s), Accuracy: 100.000(82.792), Loss: 0.129(0.415), LR: 0.000006
[GPU cuda:1][TRAIN] Epoch: [10][400/2480], Elapsed 1m 54s (remain 9m 55s), Accuracy: 60.000(82.993), Loss: 0.511(0.412), LR: 0.000006
[GPU cuda:1][TRAIN] Epoch: [10][450/2480], Elapsed 2m 9s (remain 9m 40s), Accuracy: 100.000(83.193), Loss: 0.103(0.413), LR: 0.000006
[GPU cuda:1][TRAIN] Epoch: [10][500/2480], Elapsed 2m 23s (remain 9m 25s), Accuracy: 60.000(83.473), Loss: 0.512(0.405), LR: 0.000006
[GPU cuda:1][TRAIN] Epoch: [10][550/2480], Elapsed 2m 37s (remain 9m 11s), Accuracy: 100.000(83.303), Loss: 0.016(0.411), LR: 0.000006
[GPU cuda:1][TRAIN] Epoch: [10][600/2480], Elapsed 2m 51s (remain 8m 56s), Accuracy: 100.000(82.928), Loss: 0.037(0.419), LR: 0.000005
[GPU cuda:1][TRAIN] Epoch: [10][650/2480], Elapsed 3m 5s (remain 8m 42s), Accuracy: 100.000(82.857), Loss: 0.021(0.422), LR: 0.000005
[GPU cuda:1][TRAIN] Epoch: [10][700/2480], Elapsed 3m 20s (remain 8m 28s), Accuracy: 100.000(82.767), Loss: 0.179(0.426), LR: 0.000005
[GPU cuda:1][TRAIN] Epoch: [10][750/2480], Elapsed 3m 34s (remain 8m 13s), Accuracy: 80.000(82.823), Loss: 0.275(0.425), LR: 0.000005
[GPU cuda:1][TRAIN] Epoch: [10][800/2480], Elapsed 3m 48s (remain 7m 59s), Accuracy: 80.000(83.146), Loss: 0.225(0.420), LR: 0.000005
[GPU cuda:1][TRAIN] Epoch: [10][850/2480], Elapsed 4m 2s (remain 7m 44s), Accuracy: 80.000(83.337), Loss: 0.380(0.416), LR: 0.000005
[GPU cuda:1][TRAIN] Epoch: [10][900/2480], Elapsed 4m 17s (remain 7m 30s), Accuracy: 100.000(83.374), Loss: 0.338(0.417), LR: 0.000004
[GPU cuda:1][TRAIN] Epoch: [10][950/2480], Elapsed 4m 31s (remain 7m 16s), Accuracy: 80.000(83.449), Loss: 0.676(0.414), LR: 0.000004
[GPU cuda:1][TRAIN] Epoch: [10][1000/2480], Elapsed 4m 45s (remain 7m 1s), Accuracy: 60.000(83.457), Loss: 0.783(0.413), LR: 0.000004
[GPU cuda:1][TRAIN] Epoch: [10][1050/2480], Elapsed 4m 59s (remain 6m 47s), Accuracy: 60.000(83.635), Loss: 0.573(0.413), LR: 0.000004
[GPU cuda:1][TRAIN] Epoch: [10][1100/2480], Elapsed 5m 13s (remain 6m 33s), Accuracy: 100.000(83.724), Loss: 0.176(0.412), LR: 0.000004
[GPU cuda:1][TRAIN] Epoch: [10][1150/2480], Elapsed 5m 28s (remain 6m 18s), Accuracy: 80.000(83.701), Loss: 0.346(0.411), LR: 0.000004
[GPU cuda:1][TRAIN] Epoch: [10][1200/2480], Elapsed 5m 42s (remain 6m 4s), Accuracy: 100.000(84.030), Loss: 0.139(0.405), LR: 0.000004
[GPU cuda:1][TRAIN] Epoch: [10][1250/2480], Elapsed 5m 56s (remain 5m 50s), Accuracy: 60.000(83.933), Loss: 0.521(0.405), LR: 0.000003
[GPU cuda:1][TRAIN] Epoch: [10][1300/2480], Elapsed 6m 10s (remain 5m 35s), Accuracy: 80.000(83.997), Loss: 0.248(0.404), LR: 0.000003
[GPU cuda:1][TRAIN] Epoch: [10][1350/2480], Elapsed 6m 24s (remain 5m 21s), Accuracy: 100.000(84.264), Loss: 0.025(0.398), LR: 0.000003
[GPU cuda:1][TRAIN] Epoch: [10][1400/2480], Elapsed 6m 39s (remain 5m 7s), Accuracy: 100.000(84.168), Loss: 0.027(0.399), LR: 0.000003
[GPU cuda:1][TRAIN] Epoch: [10][1450/2480], Elapsed 6m 53s (remain 4m 53s), Accuracy: 100.000(84.080), Loss: 0.188(0.400), LR: 0.000003
[GPU cuda:1][TRAIN] Epoch: [10][1500/2480], Elapsed 7m 7s (remain 4m 38s), Accuracy: 100.000(84.077), Loss: 0.029(0.401), LR: 0.000003
[GPU cuda:1][TRAIN] Epoch: [10][1550/2480], Elapsed 7m 21s (remain 4m 24s), Accuracy: 100.000(84.101), Loss: 0.110(0.400), LR: 0.000003
[GPU cuda:1][TRAIN] Epoch: [10][1600/2480], Elapsed 7m 35s (remain 4m 10s), Accuracy: 80.000(84.197), Loss: 0.244(0.398), LR: 0.000003
[GPU cuda:1][TRAIN] Epoch: [10][1650/2480], Elapsed 7m 50s (remain 3m 56s), Accuracy: 80.000(84.349), Loss: 0.445(0.395), LR: 0.000002
[GPU cuda:1][TRAIN] Epoch: [10][1700/2480], Elapsed 8m 4s (remain 3m 41s), Accuracy: 80.000(84.386), Loss: 0.344(0.395), LR: 0.000002
[GPU cuda:1][TRAIN] Epoch: [10][1750/2480], Elapsed 8m 18s (remain 3m 27s), Accuracy: 80.000(84.477), Loss: 0.325(0.393), LR: 0.000002
[GPU cuda:1][TRAIN] Epoch: [10][1800/2480], Elapsed 8m 32s (remain 3m 13s), Accuracy: 80.000(84.486), Loss: 0.328(0.392), LR: 0.000002
[GPU cuda:1][TRAIN] Epoch: [10][1850/2480], Elapsed 8m 46s (remain 2m 59s), Accuracy: 80.000(84.549), Loss: 0.389(0.391), LR: 0.000002
[GPU cuda:1][TRAIN] Epoch: [10][1900/2480], Elapsed 9m 1s (remain 2m 44s), Accuracy: 60.000(84.661), Loss: 0.531(0.389), LR: 0.000002
[GPU cuda:1][TRAIN] Epoch: [10][1950/2480], Elapsed 9m 15s (remain 2m 30s), Accuracy: 100.000(84.654), Loss: 0.078(0.390), LR: 0.000002
[GPU cuda:1][TRAIN] Epoch: [10][2000/2480], Elapsed 9m 29s (remain 2m 16s), Accuracy: 100.000(84.648), Loss: 0.237(0.389), LR: 0.000002
[GPU cuda:1][TRAIN] Epoch: [10][2050/2480], Elapsed 9m 43s (remain 2m 2s), Accuracy: 80.000(84.700), Loss: 0.636(0.387), LR: 0.000002
[GPU cuda:1][TRAIN] Epoch: [10][2100/2480], Elapsed 9m 57s (remain 1m 47s), Accuracy: 100.000(84.845), Loss: 0.020(0.383), LR: 0.000002
[GPU cuda:1][TRAIN] Epoch: [10][2150/2480], Elapsed 10m 11s (remain 1m 33s), Accuracy: 80.000(84.956), Loss: 0.422(0.381), LR: 0.000002
[GPU cuda:1][TRAIN] Epoch: [10][2200/2480], Elapsed 10m 26s (remain 1m 19s), Accuracy: 80.000(85.016), Loss: 0.435(0.380), LR: 0.000002
[GPU cuda:1][TRAIN] Epoch: [10][2250/2480], Elapsed 10m 40s (remain 1m 5s), Accuracy: 80.000(84.931), Loss: 0.392(0.381), LR: 0.000002
[GPU cuda:1][TRAIN] Epoch: [10][2300/2480], Elapsed 10m 54s (remain 0m 50s), Accuracy: 80.000(84.954), Loss: 0.453(0.380), LR: 0.000001
[GPU cuda:1][TRAIN] Epoch: [10][2350/2480], Elapsed 11m 8s (remain 0m 36s), Accuracy: 100.000(84.960), Loss: 0.222(0.381), LR: 0.000001
[GPU cuda:1][TRAIN] Epoch: [10][2400/2480], Elapsed 11m 22s (remain 0m 22s), Accuracy: 100.000(84.981), Loss: 0.322(0.380), LR: 0.000001
[GPU cuda:1][TRAIN] Epoch: [10][2450/2480], Elapsed 11m 37s (remain 0m 8s), Accuracy: 100.000(85.108), Loss: 0.121(0.378), LR: 0.000001
[GPU cuda:1][TRAIN] Epoch: [10][2479/2480], Elapsed 11m 45s (remain 0m 0s), Accuracy: 60.000(85.089), Loss: 1.369(0.378), LR: 0.000001
[GPU cuda:1][VALID][0/97], Elapsed 0m 1s (remain 2m 13s), Accuracy: 71.875(71.875), Batch Loss: 0.9251, Average Loss: 0.9251
[GPU cuda:1][VALID][50/97], Elapsed 0m 48s (remain 0m 43s), Accuracy: 81.250(74.694), Batch Loss: 0.4159, Average Loss: 0.7907
[GPU cuda:1][VALID][96/97], Elapsed 1m 32s (remain 0m 0s), Accuracy: 78.571(74.264), Batch Loss: 0.5644, Average Loss: 0.8159
Valid Labels Samples: [2 0 1 4 1 0 3 1 4 3]
Valid Predictions Samples: [2, 0, 1, 3, 1, 0, 3, 1, 3, 0]
Epoch 10 - Train Average Loss: 85.089, Valid Average Loss: 74.264, Epoch Time: 799.672s
Epoch 10 - Accuracy: 0.743, Precision: 0.752, Recall: 0.743
