[GPU 1]: Config File
{'id': 25, 'model_name': 'swin_large_patch4_window12_384_in22k', 'dropout': 0.5, 'size': 384, 'batch_size_t': 5, 'batch_size_v': 32, 'n_targets': 5, 'criterion': 'CrossEntropyLoss', 'gradient_accumulation_steps': 1, 'max_gradient_norm': None, 'optimizer': 'AdamW', 'scheduler': 'CosineAnnealingWarmRestarts', 'LR': 7e-05, 'T_0': 500, 'T_max': 10, 'T_mult': 5, 'min_lr': 1e-06, 'max_lr': 0.0001, 'no_batches': 'NA', 'warmup_epochs': 1, 'cosine_epochs': 14, 'epochs': 15, 'update_per_batch': True, 'num_workers': 4, 'n_folds': 5, 'train_transforms': [HorizontalFlip(always_apply=False, p=0.5), VerticalFlip(always_apply=False, p=0.5), RandomRotate90(always_apply=False, p=0.5)], 'valid_transforms': [], 'observations': None, 'use_swa': True, 'swa_lr': 0.01, 'swa_epoch': 0, 'use_sam': True, 'use_asam': True, 'asam_rho': 0.1, 'print_freq': 50, 'one_fold': True, 'use_apex': True, 'distributed_training': False, 'save_to_log': True}
================================================== Training Fold: 0 ==================================================
[GPU cuda:1][TRAIN] Epoch: [1][0/2480], Elapsed 0m 0s (remain 21m 21s), Accuracy: 0.000(0.000), Loss: 1.750(1.750), LR: 0.000070
[GPU cuda:1][TRAIN] Epoch: [1][50/2480], Elapsed 0m 14s (remain 11m 44s), Accuracy: 40.000(16.471), Loss: 1.597(1.657), LR: 0.000068
[GPU cuda:1][TRAIN] Epoch: [1][100/2480], Elapsed 0m 29s (remain 11m 24s), Accuracy: 40.000(19.208), Loss: 1.584(1.643), LR: 0.000063
[GPU cuda:1][TRAIN] Epoch: [1][150/2480], Elapsed 0m 43s (remain 11m 9s), Accuracy: 0.000(19.603), Loss: 1.602(1.636), LR: 0.000056
[GPU cuda:1][TRAIN] Epoch: [1][200/2480], Elapsed 0m 57s (remain 10m 54s), Accuracy: 0.000(19.502), Loss: 1.686(1.632), LR: 0.000046
[GPU cuda:1][TRAIN] Epoch: [1][250/2480], Elapsed 1m 12s (remain 10m 39s), Accuracy: 20.000(19.841), Loss: 1.580(1.630), LR: 0.000035
[GPU cuda:1][TRAIN] Epoch: [1][300/2480], Elapsed 1m 26s (remain 10m 24s), Accuracy: 0.000(19.867), Loss: 1.599(1.628), LR: 0.000025
[GPU cuda:1][TRAIN] Epoch: [1][350/2480], Elapsed 1m 40s (remain 10m 10s), Accuracy: 20.000(20.171), Loss: 1.553(1.624), LR: 0.000015
[GPU cuda:1][TRAIN] Epoch: [1][400/2480], Elapsed 1m 54s (remain 9m 55s), Accuracy: 40.000(20.349), Loss: 1.514(1.622), LR: 0.000007
[GPU cuda:1][TRAIN] Epoch: [1][450/2480], Elapsed 2m 9s (remain 9m 41s), Accuracy: 60.000(20.177), Loss: 1.531(1.622), LR: 0.000003
[GPU cuda:1][TRAIN] Epoch: [1][500/2480], Elapsed 2m 23s (remain 9m 26s), Accuracy: 0.000(20.798), Loss: 1.690(1.621), LR: 0.000070
[GPU cuda:1][TRAIN] Epoch: [1][550/2480], Elapsed 2m 37s (remain 9m 12s), Accuracy: 40.000(21.089), Loss: 1.561(1.621), LR: 0.000070
[GPU cuda:1][TRAIN] Epoch: [1][600/2480], Elapsed 2m 52s (remain 8m 57s), Accuracy: 80.000(21.697), Loss: 1.366(1.617), LR: 0.000070
[GPU cuda:1][TRAIN] Epoch: [1][650/2480], Elapsed 3m 6s (remain 8m 43s), Accuracy: 40.000(21.536), Loss: 1.544(1.618), LR: 0.000069
[GPU cuda:1][TRAIN] Epoch: [1][700/2480], Elapsed 3m 20s (remain 8m 29s), Accuracy: 40.000(21.969), Loss: 1.475(1.618), LR: 0.000069
[GPU cuda:1][TRAIN] Epoch: [1][750/2480], Elapsed 3m 34s (remain 8m 14s), Accuracy: 40.000(21.651), Loss: 1.564(1.619), LR: 0.000068
[GPU cuda:1][TRAIN] Epoch: [1][800/2480], Elapsed 3m 49s (remain 8m 0s), Accuracy: 20.000(21.748), Loss: 1.736(1.618), LR: 0.000068
[GPU cuda:1][TRAIN] Epoch: [1][850/2480], Elapsed 4m 3s (remain 7m 45s), Accuracy: 20.000(21.904), Loss: 1.623(1.618), LR: 0.000067
[GPU cuda:1][TRAIN] Epoch: [1][900/2480], Elapsed 4m 17s (remain 7m 31s), Accuracy: 0.000(21.865), Loss: 1.671(1.618), LR: 0.000066
[GPU cuda:1][TRAIN] Epoch: [1][950/2480], Elapsed 4m 31s (remain 7m 17s), Accuracy: 40.000(22.040), Loss: 1.519(1.617), LR: 0.000065
[GPU cuda:1][TRAIN] Epoch: [1][1000/2480], Elapsed 4m 46s (remain 7m 2s), Accuracy: 20.000(21.838), Loss: 1.636(1.617), LR: 0.000063
[GPU cuda:1][TRAIN] Epoch: [1][1050/2480], Elapsed 5m 0s (remain 6m 48s), Accuracy: 20.000(21.598), Loss: 1.632(1.617), LR: 0.000062
[GPU cuda:1][TRAIN] Epoch: [1][1100/2480], Elapsed 5m 14s (remain 6m 33s), Accuracy: 0.000(21.635), Loss: 1.460(1.617), LR: 0.000061
[GPU cuda:1][TRAIN] Epoch: [1][1150/2480], Elapsed 5m 28s (remain 6m 19s), Accuracy: 20.000(21.581), Loss: 1.601(1.617), LR: 0.000059
[GPU cuda:1][TRAIN] Epoch: [1][1200/2480], Elapsed 5m 43s (remain 6m 5s), Accuracy: 0.000(21.465), Loss: 1.623(1.617), LR: 0.000057
[GPU cuda:1][TRAIN] Epoch: [1][1250/2480], Elapsed 5m 57s (remain 5m 50s), Accuracy: 20.000(21.295), Loss: 1.525(1.617), LR: 0.000056
[GPU cuda:1][TRAIN] Epoch: [1][1300/2480], Elapsed 6m 11s (remain 5m 36s), Accuracy: 20.000(21.399), Loss: 1.575(1.616), LR: 0.000054
[GPU cuda:1][TRAIN] Epoch: [1][1350/2480], Elapsed 6m 25s (remain 5m 22s), Accuracy: 20.000(21.747), Loss: 1.435(1.613), LR: 0.000052
[GPU cuda:1][TRAIN] Epoch: [1][1400/2480], Elapsed 6m 39s (remain 5m 7s), Accuracy: 40.000(21.842), Loss: 1.527(1.614), LR: 0.000050
[GPU cuda:1][TRAIN] Epoch: [1][1450/2480], Elapsed 6m 54s (remain 4m 53s), Accuracy: 60.000(22.012), Loss: 1.457(1.614), LR: 0.000048
[GPU cuda:1][TRAIN] Epoch: [1][1500/2480], Elapsed 7m 8s (remain 4m 39s), Accuracy: 20.000(22.145), Loss: 1.723(1.613), LR: 0.000046
[GPU cuda:1][TRAIN] Epoch: [1][1550/2480], Elapsed 7m 22s (remain 4m 25s), Accuracy: 0.000(22.257), Loss: 1.748(1.612), LR: 0.000044
[GPU cuda:1][TRAIN] Epoch: [1][1600/2480], Elapsed 7m 36s (remain 4m 10s), Accuracy: 0.000(22.448), Loss: 1.590(1.610), LR: 0.000042
[GPU cuda:1][TRAIN] Epoch: [1][1650/2480], Elapsed 7m 51s (remain 3m 56s), Accuracy: 20.000(22.738), Loss: 1.469(1.608), LR: 0.000040
[GPU cuda:1][TRAIN] Epoch: [1][1700/2480], Elapsed 8m 5s (remain 3m 42s), Accuracy: 20.000(23.139), Loss: 1.374(1.603), LR: 0.000038
[GPU cuda:1][TRAIN] Epoch: [1][1750/2480], Elapsed 8m 19s (remain 3m 27s), Accuracy: 20.000(23.438), Loss: 1.643(1.602), LR: 0.000035
[GPU cuda:1][TRAIN] Epoch: [1][1800/2480], Elapsed 8m 33s (remain 3m 13s), Accuracy: 0.000(23.798), Loss: 1.559(1.601), LR: 0.000033
[GPU cuda:1][TRAIN] Epoch: [1][1850/2480], Elapsed 8m 47s (remain 2m 59s), Accuracy: 40.000(24.009), Loss: 1.286(1.597), LR: 0.000031
[GPU cuda:1][TRAIN] Epoch: [1][1900/2480], Elapsed 9m 2s (remain 2m 45s), Accuracy: 80.000(24.387), Loss: 1.046(1.592), LR: 0.000029
[GPU cuda:1][TRAIN] Epoch: [1][1950/2480], Elapsed 9m 16s (remain 2m 30s), Accuracy: 40.000(24.808), Loss: 1.159(1.587), LR: 0.000027
[GPU cuda:1][TRAIN] Epoch: [1][2000/2480], Elapsed 9m 30s (remain 2m 16s), Accuracy: 20.000(25.317), Loss: 1.696(1.580), LR: 0.000025
[GPU cuda:1][TRAIN] Epoch: [1][2050/2480], Elapsed 9m 44s (remain 2m 2s), Accuracy: 40.000(25.646), Loss: 1.368(1.574), LR: 0.000023
[GPU cuda:1][TRAIN] Epoch: [1][2100/2480], Elapsed 9m 58s (remain 1m 48s), Accuracy: 60.000(26.197), Loss: 1.079(1.565), LR: 0.000021
[GPU cuda:1][TRAIN] Epoch: [1][2150/2480], Elapsed 10m 13s (remain 1m 33s), Accuracy: 60.000(26.611), Loss: 1.856(1.558), LR: 0.000019
[GPU cuda:1][TRAIN] Epoch: [1][2200/2480], Elapsed 10m 27s (remain 1m 19s), Accuracy: 20.000(27.151), Loss: 1.313(1.550), LR: 0.000017
[GPU cuda:1][TRAIN] Epoch: [1][2250/2480], Elapsed 10m 41s (remain 1m 5s), Accuracy: 20.000(27.588), Loss: 1.249(1.543), LR: 0.000015
[GPU cuda:1][TRAIN] Epoch: [1][2300/2480], Elapsed 10m 55s (remain 0m 51s), Accuracy: 80.000(28.110), Loss: 0.898(1.533), LR: 0.000013
[GPU cuda:1][TRAIN] Epoch: [1][2350/2480], Elapsed 11m 9s (remain 0m 36s), Accuracy: 100.000(28.499), Loss: 0.784(1.525), LR: 0.000012
[GPU cuda:1][TRAIN] Epoch: [1][2400/2480], Elapsed 11m 24s (remain 0m 22s), Accuracy: 20.000(29.113), Loss: 1.544(1.515), LR: 0.000010
[GPU cuda:1][TRAIN] Epoch: [1][2450/2480], Elapsed 11m 38s (remain 0m 8s), Accuracy: 40.000(29.767), Loss: 0.844(1.504), LR: 0.000009
[GPU cuda:1][TRAIN] Epoch: [1][2479/2480], Elapsed 11m 46s (remain 0m 0s), Accuracy: 40.000(30.105), Loss: 1.213(1.499), LR: 0.000008
[GPU cuda:1][VALID][0/97], Elapsed 0m 1s (remain 2m 16s), Accuracy: 71.875(71.875), Batch Loss: 0.8672, Average Loss: 0.8672
[GPU cuda:1][VALID][50/97], Elapsed 0m 48s (remain 0m 43s), Accuracy: 56.250(57.721), Batch Loss: 0.7831, Average Loss: 0.9405
[GPU cuda:1][VALID][96/97], Elapsed 1m 32s (remain 0m 0s), Accuracy: 57.143(58.031), Batch Loss: 0.8947, Average Loss: 0.9341
Valid Labels Samples: [2 0 1 4 1 0 3 1 4 3]
Valid Predictions Samples: [2, 0, 2, 4, 1, 0, 4, 2, 4, 0]
Epoch 1 - Train Average Loss: 30.105, Valid Average Loss: 58.031, Epoch Time: 800.970s
Epoch 1 - Accuracy: 0.580, Precision: 0.573, Recall: 0.580
Saved Best Model: 0.58
[GPU cuda:1][TRAIN] Epoch: [2][0/2480], Elapsed 0m 0s (remain 25m 59s), Accuracy: 80.000(80.000), Loss: 0.762(0.762), LR: 0.000008
[GPU cuda:1][TRAIN] Epoch: [2][50/2480], Elapsed 0m 15s (remain 11m 57s), Accuracy: 40.000(58.824), Loss: 1.368(0.971), LR: 0.000007
[GPU cuda:1][TRAIN] Epoch: [2][100/2480], Elapsed 0m 29s (remain 11m 30s), Accuracy: 80.000(59.208), Loss: 0.852(0.977), LR: 0.000006
[GPU cuda:1][TRAIN] Epoch: [2][150/2480], Elapsed 0m 43s (remain 11m 11s), Accuracy: 40.000(59.735), Loss: 1.446(0.968), LR: 0.000005
[GPU cuda:1][TRAIN] Epoch: [2][200/2480], Elapsed 0m 57s (remain 10m 55s), Accuracy: 60.000(58.308), Loss: 1.019(0.991), LR: 0.000004
[GPU cuda:1][TRAIN] Epoch: [2][250/2480], Elapsed 1m 12s (remain 10m 39s), Accuracy: 80.000(59.203), Loss: 0.676(0.977), LR: 0.000003
[GPU cuda:1][TRAIN] Epoch: [2][300/2480], Elapsed 1m 26s (remain 10m 24s), Accuracy: 0.000(58.804), Loss: 1.483(0.975), LR: 0.000002
[GPU cuda:1][TRAIN] Epoch: [2][350/2480], Elapsed 1m 40s (remain 10m 9s), Accuracy: 80.000(58.519), Loss: 0.472(0.978), LR: 0.000002
[GPU cuda:1][TRAIN] Epoch: [2][400/2480], Elapsed 1m 54s (remain 9m 54s), Accuracy: 80.000(59.202), Loss: 0.830(0.970), LR: 0.000001
[GPU cuda:1][TRAIN] Epoch: [2][450/2480], Elapsed 2m 8s (remain 9m 40s), Accuracy: 60.000(59.690), Loss: 1.446(0.964), LR: 0.000001
[GPU cuda:1][TRAIN] Epoch: [2][500/2480], Elapsed 2m 23s (remain 9m 25s), Accuracy: 20.000(60.000), Loss: 1.168(0.957), LR: 0.000001
[GPU cuda:1][TRAIN] Epoch: [2][550/2480], Elapsed 2m 37s (remain 9m 11s), Accuracy: 80.000(59.528), Loss: 0.886(0.975), LR: 0.000070
[GPU cuda:1][TRAIN] Epoch: [2][600/2480], Elapsed 2m 51s (remain 8m 56s), Accuracy: 100.000(58.769), Loss: 0.597(0.994), LR: 0.000070
[GPU cuda:1][TRAIN] Epoch: [2][650/2480], Elapsed 3m 5s (remain 8m 42s), Accuracy: 60.000(57.819), Loss: 1.026(1.013), LR: 0.000070
[GPU cuda:1][TRAIN] Epoch: [2][700/2480], Elapsed 3m 20s (remain 8m 27s), Accuracy: 40.000(56.605), Loss: 1.049(1.029), LR: 0.000070
[GPU cuda:1][TRAIN] Epoch: [2][750/2480], Elapsed 3m 34s (remain 8m 13s), Accuracy: 40.000(55.846), Loss: 1.306(1.045), LR: 0.000070
[GPU cuda:1][TRAIN] Epoch: [2][800/2480], Elapsed 3m 48s (remain 7m 58s), Accuracy: 40.000(55.905), Loss: 1.015(1.045), LR: 0.000070
[GPU cuda:1][TRAIN] Epoch: [2][850/2480], Elapsed 4m 2s (remain 7m 44s), Accuracy: 60.000(55.793), Loss: 1.388(1.046), LR: 0.000070
[GPU cuda:1][TRAIN] Epoch: [2][900/2480], Elapsed 4m 16s (remain 7m 30s), Accuracy: 60.000(55.361), Loss: 1.187(1.055), LR: 0.000070
[GPU cuda:1][TRAIN] Epoch: [2][950/2480], Elapsed 4m 31s (remain 7m 15s), Accuracy: 60.000(55.058), Loss: 1.182(1.057), LR: 0.000070
[GPU cuda:1][TRAIN] Epoch: [2][1000/2480], Elapsed 4m 45s (remain 7m 1s), Accuracy: 40.000(54.725), Loss: 1.568(1.062), LR: 0.000070
[GPU cuda:1][TRAIN] Epoch: [2][1050/2480], Elapsed 4m 59s (remain 6m 47s), Accuracy: 20.000(54.462), Loss: 1.191(1.066), LR: 0.000070
[GPU cuda:1][TRAIN] Epoch: [2][1100/2480], Elapsed 5m 13s (remain 6m 32s), Accuracy: 80.000(54.532), Loss: 0.621(1.066), LR: 0.000070
[GPU cuda:1][TRAIN] Epoch: [2][1150/2480], Elapsed 5m 27s (remain 6m 18s), Accuracy: 40.000(54.179), Loss: 1.353(1.069), LR: 0.000070
[GPU cuda:1][TRAIN] Epoch: [2][1200/2480], Elapsed 5m 41s (remain 6m 4s), Accuracy: 80.000(54.355), Loss: 0.738(1.067), LR: 0.000069
[GPU cuda:1][TRAIN] Epoch: [2][1250/2480], Elapsed 5m 56s (remain 5m 49s), Accuracy: 40.000(54.309), Loss: 1.161(1.068), LR: 0.000069
[GPU cuda:1][TRAIN] Epoch: [2][1300/2480], Elapsed 6m 10s (remain 5m 35s), Accuracy: 20.000(54.481), Loss: 1.177(1.065), LR: 0.000069
[GPU cuda:1][TRAIN] Epoch: [2][1350/2480], Elapsed 6m 24s (remain 5m 21s), Accuracy: 40.000(54.537), Loss: 0.784(1.063), LR: 0.000069
[GPU cuda:1][TRAIN] Epoch: [2][1400/2480], Elapsed 6m 38s (remain 5m 6s), Accuracy: 60.000(54.218), Loss: 0.817(1.069), LR: 0.000069
[GPU cuda:1][TRAIN] Epoch: [2][1450/2480], Elapsed 6m 52s (remain 4m 52s), Accuracy: 80.000(54.211), Loss: 0.890(1.070), LR: 0.000069
[GPU cuda:1][TRAIN] Epoch: [2][1500/2480], Elapsed 7m 6s (remain 4m 38s), Accuracy: 80.000(54.191), Loss: 0.836(1.069), LR: 0.000069
[GPU cuda:1][TRAIN] Epoch: [2][1550/2480], Elapsed 7m 21s (remain 4m 24s), Accuracy: 80.000(54.030), Loss: 0.936(1.070), LR: 0.000069
[GPU cuda:1][TRAIN] Epoch: [2][1600/2480], Elapsed 7m 35s (remain 4m 10s), Accuracy: 60.000(54.079), Loss: 1.007(1.070), LR: 0.000069
[GPU cuda:1][TRAIN] Epoch: [2][1650/2480], Elapsed 7m 49s (remain 3m 55s), Accuracy: 80.000(54.210), Loss: 0.470(1.066), LR: 0.000069
[GPU cuda:1][TRAIN] Epoch: [2][1700/2480], Elapsed 8m 3s (remain 3m 41s), Accuracy: 20.000(54.227), Loss: 1.584(1.064), LR: 0.000068
[GPU cuda:1][TRAIN] Epoch: [2][1750/2480], Elapsed 8m 17s (remain 3m 27s), Accuracy: 40.000(54.266), Loss: 1.036(1.064), LR: 0.000068
[GPU cuda:1][TRAIN] Epoch: [2][1800/2480], Elapsed 8m 32s (remain 3m 13s), Accuracy: 40.000(54.392), Loss: 1.620(1.061), LR: 0.000068
[GPU cuda:1][TRAIN] Epoch: [2][1850/2480], Elapsed 8m 46s (remain 2m 58s), Accuracy: 40.000(54.403), Loss: 1.135(1.059), LR: 0.000068
[GPU cuda:1][TRAIN] Epoch: [2][1900/2480], Elapsed 9m 0s (remain 2m 44s), Accuracy: 60.000(54.582), Loss: 0.865(1.057), LR: 0.000068
[GPU cuda:1][TRAIN] Epoch: [2][1950/2480], Elapsed 9m 14s (remain 2m 30s), Accuracy: 80.000(54.505), Loss: 0.719(1.059), LR: 0.000068
[GPU cuda:1][TRAIN] Epoch: [2][2000/2480], Elapsed 9m 29s (remain 2m 16s), Accuracy: 40.000(54.533), Loss: 1.099(1.057), LR: 0.000068
[GPU cuda:1][TRAIN] Epoch: [2][2050/2480], Elapsed 9m 43s (remain 2m 2s), Accuracy: 40.000(54.481), Loss: 1.281(1.058), LR: 0.000067
[GPU cuda:1][TRAIN] Epoch: [2][2100/2480], Elapsed 9m 57s (remain 1m 47s), Accuracy: 60.000(54.745), Loss: 1.056(1.052), LR: 0.000067
[GPU cuda:1][TRAIN] Epoch: [2][2150/2480], Elapsed 10m 11s (remain 1m 33s), Accuracy: 40.000(54.905), Loss: 1.363(1.048), LR: 0.000067
[GPU cuda:1][TRAIN] Epoch: [2][2200/2480], Elapsed 10m 25s (remain 1m 19s), Accuracy: 60.000(54.975), Loss: 0.854(1.047), LR: 0.000067
[GPU cuda:1][TRAIN] Epoch: [2][2250/2480], Elapsed 10m 40s (remain 1m 5s), Accuracy: 60.000(55.007), Loss: 0.866(1.045), LR: 0.000067
[GPU cuda:1][TRAIN] Epoch: [2][2300/2480], Elapsed 10m 54s (remain 0m 50s), Accuracy: 60.000(55.063), Loss: 0.679(1.043), LR: 0.000067
[GPU cuda:1][TRAIN] Epoch: [2][2350/2480], Elapsed 11m 8s (remain 0m 36s), Accuracy: 80.000(55.066), Loss: 0.721(1.043), LR: 0.000066
[GPU cuda:1][TRAIN] Epoch: [2][2400/2480], Elapsed 11m 22s (remain 0m 22s), Accuracy: 0.000(55.219), Loss: 1.417(1.040), LR: 0.000066
[GPU cuda:1][TRAIN] Epoch: [2][2450/2480], Elapsed 11m 37s (remain 0m 8s), Accuracy: 100.000(55.463), Loss: 0.686(1.036), LR: 0.000066
[GPU cuda:1][TRAIN] Epoch: [2][2479/2480], Elapsed 11m 45s (remain 0m 0s), Accuracy: 20.000(55.500), Loss: 1.484(1.036), LR: 0.000066
[GPU cuda:1][VALID][0/97], Elapsed 0m 1s (remain 2m 11s), Accuracy: 78.125(78.125), Batch Loss: 0.7359, Average Loss: 0.7359
[GPU cuda:1][VALID][50/97], Elapsed 0m 48s (remain 0m 44s), Accuracy: 59.375(63.174), Batch Loss: 0.7864, Average Loss: 0.8436
[GPU cuda:1][VALID][96/97], Elapsed 1m 32s (remain 0m 0s), Accuracy: 64.286(63.259), Batch Loss: 0.7226, Average Loss: 0.8464
Valid Labels Samples: [2 0 1 4 1 0 3 1 4 3]
Valid Predictions Samples: [2, 0, 2, 4, 1, 0, 3, 1, 4, 0]
Epoch 2 - Train Average Loss: 55.500, Valid Average Loss: 63.259, Epoch Time: 800.362s
Epoch 2 - Accuracy: 0.633, Precision: 0.629, Recall: 0.633
Saved Best Model: 0.63
[GPU cuda:1][TRAIN] Epoch: [3][0/2480], Elapsed 0m 0s (remain 26m 31s), Accuracy: 60.000(60.000), Loss: 1.132(1.132), LR: 0.000066
[GPU cuda:1][TRAIN] Epoch: [3][50/2480], Elapsed 0m 15s (remain 12m 0s), Accuracy: 60.000(63.137), Loss: 0.893(0.835), LR: 0.000066
[GPU cuda:1][TRAIN] Epoch: [3][100/2480], Elapsed 0m 29s (remain 11m 33s), Accuracy: 80.000(60.792), Loss: 0.789(0.881), LR: 0.000065
[GPU cuda:1][TRAIN] Epoch: [3][150/2480], Elapsed 0m 43s (remain 11m 14s), Accuracy: 40.000(61.192), Loss: 1.572(0.886), LR: 0.000065
[GPU cuda:1][TRAIN] Epoch: [3][200/2480], Elapsed 0m 58s (remain 10m 57s), Accuracy: 40.000(60.896), Loss: 0.986(0.912), LR: 0.000065
[GPU cuda:1][TRAIN] Epoch: [3][250/2480], Elapsed 1m 12s (remain 10m 42s), Accuracy: 40.000(59.761), Loss: 0.722(0.919), LR: 0.000065
[GPU cuda:1][TRAIN] Epoch: [3][300/2480], Elapsed 1m 26s (remain 10m 26s), Accuracy: 0.000(59.601), Loss: 1.501(0.917), LR: 0.000065
[GPU cuda:1][TRAIN] Epoch: [3][350/2480], Elapsed 1m 40s (remain 10m 11s), Accuracy: 100.000(59.373), Loss: 0.471(0.922), LR: 0.000064
[GPU cuda:1][TRAIN] Epoch: [3][400/2480], Elapsed 1m 55s (remain 9m 57s), Accuracy: 40.000(59.152), Loss: 1.066(0.931), LR: 0.000064
[GPU cuda:1][TRAIN] Epoch: [3][450/2480], Elapsed 2m 9s (remain 9m 42s), Accuracy: 60.000(59.202), Loss: 1.228(0.931), LR: 0.000064
[GPU cuda:1][TRAIN] Epoch: [3][500/2480], Elapsed 2m 23s (remain 9m 27s), Accuracy: 40.000(59.880), Loss: 1.299(0.921), LR: 0.000064
[GPU cuda:1][TRAIN] Epoch: [3][550/2480], Elapsed 2m 37s (remain 9m 13s), Accuracy: 60.000(59.564), Loss: 0.859(0.929), LR: 0.000063
[GPU cuda:1][TRAIN] Epoch: [3][600/2480], Elapsed 2m 52s (remain 8m 58s), Accuracy: 100.000(59.933), Loss: 0.212(0.926), LR: 0.000063
[GPU cuda:1][TRAIN] Epoch: [3][650/2480], Elapsed 3m 6s (remain 8m 44s), Accuracy: 100.000(59.846), Loss: 0.170(0.929), LR: 0.000063
[GPU cuda:1][TRAIN] Epoch: [3][700/2480], Elapsed 3m 20s (remain 8m 29s), Accuracy: 80.000(59.658), Loss: 0.857(0.935), LR: 0.000063
[GPU cuda:1][TRAIN] Epoch: [3][750/2480], Elapsed 3m 35s (remain 8m 15s), Accuracy: 100.000(59.787), Loss: 0.562(0.933), LR: 0.000062
[GPU cuda:1][TRAIN] Epoch: [3][800/2480], Elapsed 3m 49s (remain 8m 1s), Accuracy: 100.000(60.125), Loss: 0.318(0.927), LR: 0.000062
[GPU cuda:1][TRAIN] Epoch: [3][850/2480], Elapsed 4m 3s (remain 7m 46s), Accuracy: 60.000(60.306), Loss: 0.946(0.924), LR: 0.000062
[GPU cuda:1][TRAIN] Epoch: [3][900/2480], Elapsed 4m 18s (remain 7m 32s), Accuracy: 60.000(60.511), Loss: 0.877(0.921), LR: 0.000061
[GPU cuda:1][TRAIN] Epoch: [3][950/2480], Elapsed 4m 32s (remain 7m 18s), Accuracy: 60.000(60.442), Loss: 0.924(0.919), LR: 0.000061
[GPU cuda:1][TRAIN] Epoch: [3][1000/2480], Elapsed 4m 46s (remain 7m 3s), Accuracy: 60.000(60.400), Loss: 1.322(0.919), LR: 0.000061
[GPU cuda:1][TRAIN] Epoch: [3][1050/2480], Elapsed 5m 1s (remain 6m 49s), Accuracy: 40.000(60.495), Loss: 1.281(0.918), LR: 0.000061
[GPU cuda:1][TRAIN] Epoch: [3][1100/2480], Elapsed 5m 15s (remain 6m 35s), Accuracy: 80.000(60.745), Loss: 0.390(0.911), LR: 0.000060
[GPU cuda:1][TRAIN] Epoch: [3][1150/2480], Elapsed 5m 29s (remain 6m 20s), Accuracy: 60.000(60.834), Loss: 1.426(0.910), LR: 0.000060
[GPU cuda:1][TRAIN] Epoch: [3][1200/2480], Elapsed 5m 44s (remain 6m 6s), Accuracy: 100.000(61.166), Loss: 0.550(0.902), LR: 0.000060
[GPU cuda:1][TRAIN] Epoch: [3][1250/2480], Elapsed 5m 58s (remain 5m 52s), Accuracy: 40.000(61.183), Loss: 1.135(0.900), LR: 0.000059
[GPU cuda:1][TRAIN] Epoch: [3][1300/2480], Elapsed 6m 12s (remain 5m 37s), Accuracy: 80.000(61.353), Loss: 0.899(0.897), LR: 0.000059
[GPU cuda:1][TRAIN] Epoch: [3][1350/2480], Elapsed 6m 26s (remain 5m 23s), Accuracy: 80.000(61.584), Loss: 0.442(0.893), LR: 0.000059
[GPU cuda:1][TRAIN] Epoch: [3][1400/2480], Elapsed 6m 41s (remain 5m 8s), Accuracy: 80.000(61.670), Loss: 0.650(0.894), LR: 0.000058
[GPU cuda:1][TRAIN] Epoch: [3][1450/2480], Elapsed 6m 55s (remain 4m 54s), Accuracy: 100.000(61.764), Loss: 0.637(0.893), LR: 0.000058
[GPU cuda:1][TRAIN] Epoch: [3][1500/2480], Elapsed 7m 9s (remain 4m 40s), Accuracy: 80.000(61.732), Loss: 0.571(0.893), LR: 0.000058
[GPU cuda:1][TRAIN] Epoch: [3][1550/2480], Elapsed 7m 23s (remain 4m 25s), Accuracy: 80.000(61.651), Loss: 0.714(0.893), LR: 0.000057
[GPU cuda:1][TRAIN] Epoch: [3][1600/2480], Elapsed 7m 38s (remain 4m 11s), Accuracy: 80.000(61.774), Loss: 0.576(0.891), LR: 0.000057
[GPU cuda:1][TRAIN] Epoch: [3][1650/2480], Elapsed 7m 52s (remain 3m 57s), Accuracy: 80.000(61.999), Loss: 0.477(0.886), LR: 0.000057
[GPU cuda:1][TRAIN] Epoch: [3][1700/2480], Elapsed 8m 6s (remain 3m 42s), Accuracy: 60.000(62.152), Loss: 0.587(0.885), LR: 0.000056
[GPU cuda:1][TRAIN] Epoch: [3][1750/2480], Elapsed 8m 21s (remain 3m 28s), Accuracy: 80.000(62.250), Loss: 1.095(0.883), LR: 0.000056
[GPU cuda:1][TRAIN] Epoch: [3][1800/2480], Elapsed 8m 35s (remain 3m 14s), Accuracy: 40.000(62.332), Loss: 1.239(0.881), LR: 0.000056
[GPU cuda:1][TRAIN] Epoch: [3][1850/2480], Elapsed 8m 49s (remain 2m 59s), Accuracy: 40.000(62.215), Loss: 0.968(0.880), LR: 0.000055
[GPU cuda:1][TRAIN] Epoch: [3][1900/2480], Elapsed 9m 3s (remain 2m 45s), Accuracy: 60.000(62.409), Loss: 0.510(0.878), LR: 0.000055
[GPU cuda:1][TRAIN] Epoch: [3][1950/2480], Elapsed 9m 18s (remain 2m 31s), Accuracy: 80.000(62.307), Loss: 0.610(0.879), LR: 0.000055
[GPU cuda:1][TRAIN] Epoch: [3][2000/2480], Elapsed 9m 32s (remain 2m 17s), Accuracy: 40.000(62.419), Loss: 1.056(0.877), LR: 0.000054
[GPU cuda:1][TRAIN] Epoch: [3][2050/2480], Elapsed 9m 46s (remain 2m 2s), Accuracy: 40.000(62.321), Loss: 1.208(0.879), LR: 0.000054
[GPU cuda:1][TRAIN] Epoch: [3][2100/2480], Elapsed 10m 0s (remain 1m 48s), Accuracy: 80.000(62.627), Loss: 0.706(0.874), LR: 0.000054
[GPU cuda:1][TRAIN] Epoch: [3][2150/2480], Elapsed 10m 15s (remain 1m 34s), Accuracy: 60.000(62.854), Loss: 1.111(0.871), LR: 0.000053
[GPU cuda:1][TRAIN] Epoch: [3][2200/2480], Elapsed 10m 29s (remain 1m 19s), Accuracy: 80.000(62.862), Loss: 0.665(0.871), LR: 0.000053
[GPU cuda:1][TRAIN] Epoch: [3][2250/2480], Elapsed 10m 43s (remain 1m 5s), Accuracy: 80.000(62.896), Loss: 0.833(0.871), LR: 0.000052
[GPU cuda:1][TRAIN] Epoch: [3][2300/2480], Elapsed 10m 57s (remain 0m 51s), Accuracy: 60.000(62.920), Loss: 0.598(0.870), LR: 0.000052
[GPU cuda:1][TRAIN] Epoch: [3][2350/2480], Elapsed 11m 11s (remain 0m 36s), Accuracy: 80.000(62.952), Loss: 0.650(0.870), LR: 0.000052
[GPU cuda:1][TRAIN] Epoch: [3][2400/2480], Elapsed 11m 26s (remain 0m 22s), Accuracy: 40.000(63.090), Loss: 1.402(0.868), LR: 0.000051
[GPU cuda:1][TRAIN] Epoch: [3][2450/2480], Elapsed 11m 40s (remain 0m 8s), Accuracy: 80.000(63.133), Loss: 0.452(0.866), LR: 0.000051
[GPU cuda:1][TRAIN] Epoch: [3][2479/2480], Elapsed 11m 48s (remain 0m 0s), Accuracy: 40.000(63.137), Loss: 1.639(0.866), LR: 0.000051
[GPU cuda:1][VALID][0/97], Elapsed 0m 1s (remain 2m 19s), Accuracy: 56.250(56.250), Batch Loss: 0.8553, Average Loss: 0.8553
[GPU cuda:1][VALID][50/97], Elapsed 0m 48s (remain 0m 44s), Accuracy: 59.375(62.255), Batch Loss: 0.8553, Average Loss: 0.8522
[GPU cuda:1][VALID][96/97], Elapsed 1m 32s (remain 0m 0s), Accuracy: 71.429(60.917), Batch Loss: 0.8404, Average Loss: 0.8662
Valid Labels Samples: [2 0 1 4 1 0 3 1 4 3]
Valid Predictions Samples: [3, 0, 2, 3, 1, 0, 3, 2, 3, 0]
Epoch 3 - Train Average Loss: 63.137, Valid Average Loss: 60.917, Epoch Time: 803.418s
Epoch 3 - Accuracy: 0.609, Precision: 0.601, Recall: 0.609
[GPU cuda:1][TRAIN] Epoch: [4][0/2480], Elapsed 0m 0s (remain 27m 3s), Accuracy: 80.000(80.000), Loss: 0.602(0.602), LR: 0.000051
[GPU cuda:1][TRAIN] Epoch: [4][50/2480], Elapsed 0m 15s (remain 11m 58s), Accuracy: 60.000(68.627), Loss: 0.929(0.732), LR: 0.000050
[GPU cuda:1][TRAIN] Epoch: [4][100/2480], Elapsed 0m 29s (remain 11m 32s), Accuracy: 80.000(65.347), Loss: 0.635(0.784), LR: 0.000050
[GPU cuda:1][TRAIN] Epoch: [4][150/2480], Elapsed 0m 43s (remain 11m 12s), Accuracy: 40.000(65.695), Loss: 1.652(0.787), LR: 0.000049
[GPU cuda:1][TRAIN] Epoch: [4][200/2480], Elapsed 0m 57s (remain 10m 56s), Accuracy: 60.000(65.672), Loss: 0.819(0.799), LR: 0.000049
[GPU cuda:1][TRAIN] Epoch: [4][250/2480], Elapsed 1m 12s (remain 10m 40s), Accuracy: 100.000(65.498), Loss: 0.353(0.807), LR: 0.000049
[GPU cuda:1][TRAIN] Epoch: [4][300/2480], Elapsed 1m 26s (remain 10m 24s), Accuracy: 40.000(65.449), Loss: 1.241(0.803), LR: 0.000048
[GPU cuda:1][TRAIN] Epoch: [4][350/2480], Elapsed 1m 40s (remain 10m 9s), Accuracy: 100.000(65.983), Loss: 0.500(0.802), LR: 0.000048
[GPU cuda:1][TRAIN] Epoch: [4][400/2480], Elapsed 1m 54s (remain 9m 55s), Accuracy: 60.000(66.584), Loss: 0.842(0.796), LR: 0.000047
[GPU cuda:1][TRAIN] Epoch: [4][450/2480], Elapsed 2m 8s (remain 9m 40s), Accuracy: 60.000(66.475), Loss: 0.831(0.795), LR: 0.000047
[GPU cuda:1][TRAIN] Epoch: [4][500/2480], Elapsed 2m 23s (remain 9m 25s), Accuracy: 20.000(66.747), Loss: 1.323(0.790), LR: 0.000047
[GPU cuda:1][TRAIN] Epoch: [4][550/2480], Elapsed 2m 37s (remain 9m 11s), Accuracy: 100.000(66.933), Loss: 0.280(0.793), LR: 0.000046
[GPU cuda:1][TRAIN] Epoch: [4][600/2480], Elapsed 2m 51s (remain 8m 56s), Accuracy: 100.000(66.922), Loss: 0.064(0.794), LR: 0.000046
[GPU cuda:1][TRAIN] Epoch: [4][650/2480], Elapsed 3m 5s (remain 8m 41s), Accuracy: 100.000(66.882), Loss: 0.092(0.796), LR: 0.000045
[GPU cuda:1][TRAIN] Epoch: [4][700/2480], Elapsed 3m 19s (remain 8m 27s), Accuracy: 100.000(66.819), Loss: 0.488(0.799), LR: 0.000045
[GPU cuda:1][TRAIN] Epoch: [4][750/2480], Elapsed 3m 34s (remain 8m 12s), Accuracy: 80.000(66.844), Loss: 0.531(0.801), LR: 0.000045
[GPU cuda:1][TRAIN] Epoch: [4][800/2480], Elapsed 3m 48s (remain 7m 58s), Accuracy: 100.000(67.241), Loss: 0.318(0.796), LR: 0.000044
[GPU cuda:1][TRAIN] Epoch: [4][850/2480], Elapsed 4m 2s (remain 7m 44s), Accuracy: 60.000(67.403), Loss: 0.869(0.790), LR: 0.000044
[GPU cuda:1][TRAIN] Epoch: [4][900/2480], Elapsed 4m 16s (remain 7m 29s), Accuracy: 80.000(67.569), Loss: 0.998(0.790), LR: 0.000043
[GPU cuda:1][TRAIN] Epoch: [4][950/2480], Elapsed 4m 30s (remain 7m 15s), Accuracy: 40.000(67.697), Loss: 0.937(0.784), LR: 0.000043
[GPU cuda:1][TRAIN] Epoch: [4][1000/2480], Elapsed 4m 44s (remain 7m 1s), Accuracy: 60.000(67.552), Loss: 1.144(0.784), LR: 0.000042
[GPU cuda:1][TRAIN] Epoch: [4][1050/2480], Elapsed 4m 59s (remain 6m 46s), Accuracy: 80.000(67.650), Loss: 0.764(0.782), LR: 0.000042
[GPU cuda:1][TRAIN] Epoch: [4][1100/2480], Elapsed 5m 13s (remain 6m 32s), Accuracy: 60.000(67.720), Loss: 0.755(0.778), LR: 0.000042
[GPU cuda:1][TRAIN] Epoch: [4][1150/2480], Elapsed 5m 27s (remain 6m 18s), Accuracy: 80.000(67.715), Loss: 0.877(0.774), LR: 0.000041
[GPU cuda:1][TRAIN] Epoch: [4][1200/2480], Elapsed 5m 41s (remain 6m 3s), Accuracy: 80.000(67.943), Loss: 0.753(0.769), LR: 0.000041
[GPU cuda:1][TRAIN] Epoch: [4][1250/2480], Elapsed 5m 55s (remain 5m 49s), Accuracy: 40.000(67.914), Loss: 0.880(0.769), LR: 0.000040
[GPU cuda:1][TRAIN] Epoch: [4][1300/2480], Elapsed 6m 10s (remain 5m 35s), Accuracy: 60.000(68.086), Loss: 1.095(0.765), LR: 0.000040
[GPU cuda:1][TRAIN] Epoch: [4][1350/2480], Elapsed 6m 24s (remain 5m 21s), Accuracy: 80.000(68.231), Loss: 0.308(0.762), LR: 0.000039
[GPU cuda:1][TRAIN] Epoch: [4][1400/2480], Elapsed 6m 38s (remain 5m 6s), Accuracy: 80.000(68.208), Loss: 0.559(0.764), LR: 0.000039
[GPU cuda:1][TRAIN] Epoch: [4][1450/2480], Elapsed 6m 52s (remain 4m 52s), Accuracy: 100.000(68.284), Loss: 0.425(0.762), LR: 0.000039
[GPU cuda:1][TRAIN] Epoch: [4][1500/2480], Elapsed 7m 6s (remain 4m 38s), Accuracy: 100.000(68.408), Loss: 0.137(0.761), LR: 0.000038
[GPU cuda:1][TRAIN] Epoch: [4][1550/2480], Elapsed 7m 20s (remain 4m 24s), Accuracy: 100.000(68.459), Loss: 0.497(0.761), LR: 0.000038
[GPU cuda:1][TRAIN] Epoch: [4][1600/2480], Elapsed 7m 35s (remain 4m 9s), Accuracy: 100.000(68.570), Loss: 0.490(0.759), LR: 0.000037
[GPU cuda:1][TRAIN] Epoch: [4][1650/2480], Elapsed 7m 49s (remain 3m 55s), Accuracy: 80.000(68.722), Loss: 0.474(0.754), LR: 0.000037
[GPU cuda:1][TRAIN] Epoch: [4][1700/2480], Elapsed 8m 3s (remain 3m 41s), Accuracy: 80.000(68.842), Loss: 0.431(0.753), LR: 0.000036
[GPU cuda:1][TRAIN] Epoch: [4][1750/2480], Elapsed 8m 17s (remain 3m 27s), Accuracy: 60.000(68.978), Loss: 0.905(0.752), LR: 0.000036
[GPU cuda:1][TRAIN] Epoch: [4][1800/2480], Elapsed 8m 31s (remain 3m 12s), Accuracy: 60.000(69.073), Loss: 0.545(0.750), LR: 0.000036
[GPU cuda:1][TRAIN] Epoch: [4][1850/2480], Elapsed 8m 46s (remain 2m 58s), Accuracy: 60.000(68.990), Loss: 0.938(0.750), LR: 0.000035
[GPU cuda:1][TRAIN] Epoch: [4][1900/2480], Elapsed 9m 0s (remain 2m 44s), Accuracy: 60.000(69.048), Loss: 0.626(0.748), LR: 0.000035
[GPU cuda:1][TRAIN] Epoch: [4][1950/2480], Elapsed 9m 14s (remain 2m 30s), Accuracy: 60.000(68.867), Loss: 0.450(0.750), LR: 0.000034
[GPU cuda:1][TRAIN] Epoch: [4][2000/2480], Elapsed 9m 28s (remain 2m 16s), Accuracy: 80.000(68.946), Loss: 0.608(0.748), LR: 0.000034
[GPU cuda:1][TRAIN] Epoch: [4][2050/2480], Elapsed 9m 42s (remain 2m 1s), Accuracy: 20.000(68.903), Loss: 1.139(0.749), LR: 0.000033
[GPU cuda:1][TRAIN] Epoch: [4][2100/2480], Elapsed 9m 57s (remain 1m 47s), Accuracy: 80.000(69.167), Loss: 0.879(0.744), LR: 0.000033
[GPU cuda:1][TRAIN] Epoch: [4][2150/2480], Elapsed 10m 11s (remain 1m 33s), Accuracy: 60.000(69.298), Loss: 0.737(0.740), LR: 0.000033
[GPU cuda:1][TRAIN] Epoch: [4][2200/2480], Elapsed 10m 25s (remain 1m 19s), Accuracy: 60.000(69.323), Loss: 0.756(0.739), LR: 0.000032
[GPU cuda:1][TRAIN] Epoch: [4][2250/2480], Elapsed 10m 39s (remain 1m 5s), Accuracy: 60.000(69.320), Loss: 0.829(0.740), LR: 0.000032
[GPU cuda:1][TRAIN] Epoch: [4][2300/2480], Elapsed 10m 53s (remain 0m 50s), Accuracy: 80.000(69.405), Loss: 0.610(0.739), LR: 0.000031
[GPU cuda:1][TRAIN] Epoch: [4][2350/2480], Elapsed 11m 8s (remain 0m 36s), Accuracy: 100.000(69.451), Loss: 0.531(0.739), LR: 0.000031
[GPU cuda:1][TRAIN] Epoch: [4][2400/2480], Elapsed 11m 22s (remain 0m 22s), Accuracy: 60.000(69.596), Loss: 0.974(0.737), LR: 0.000030
[GPU cuda:1][TRAIN] Epoch: [4][2450/2480], Elapsed 11m 36s (remain 0m 8s), Accuracy: 80.000(69.702), Loss: 0.494(0.735), LR: 0.000030
[GPU cuda:1][TRAIN] Epoch: [4][2479/2480], Elapsed 11m 44s (remain 0m 0s), Accuracy: 40.000(69.718), Loss: 1.907(0.735), LR: 0.000030
[GPU cuda:1][VALID][0/97], Elapsed 0m 1s (remain 2m 20s), Accuracy: 65.625(65.625), Batch Loss: 0.8641, Average Loss: 0.8641
[GPU cuda:1][VALID][50/97], Elapsed 0m 48s (remain 0m 44s), Accuracy: 68.750(71.507), Batch Loss: 0.6201, Average Loss: 0.7194
[GPU cuda:1][VALID][96/97], Elapsed 1m 32s (remain 0m 0s), Accuracy: 75.000(71.295), Batch Loss: 0.5402, Average Loss: 0.7278
Valid Labels Samples: [2 0 1 4 1 0 3 1 4 3]
Valid Predictions Samples: [2, 0, 1, 3, 1, 0, 3, 1, 3, 0]
Epoch 4 - Train Average Loss: 69.718, Valid Average Loss: 71.295, Epoch Time: 799.769s
Epoch 4 - Accuracy: 0.713, Precision: 0.723, Recall: 0.713
Saved Best Model: 0.71
[GPU cuda:1][TRAIN] Epoch: [5][0/2480], Elapsed 0m 0s (remain 25m 59s), Accuracy: 80.000(80.000), Loss: 0.685(0.685), LR: 0.000030
[GPU cuda:1][TRAIN] Epoch: [5][50/2480], Elapsed 0m 15s (remain 11m 59s), Accuracy: 60.000(76.471), Loss: 0.993(0.614), LR: 0.000029
[GPU cuda:1][TRAIN] Epoch: [5][100/2480], Elapsed 0m 29s (remain 11m 33s), Accuracy: 100.000(73.663), Loss: 0.402(0.645), LR: 0.000029
[GPU cuda:1][TRAIN] Epoch: [5][150/2480], Elapsed 0m 43s (remain 11m 14s), Accuracy: 60.000(72.980), Loss: 0.968(0.653), LR: 0.000028
[GPU cuda:1][TRAIN] Epoch: [5][200/2480], Elapsed 0m 57s (remain 10m 57s), Accuracy: 80.000(72.040), Loss: 0.529(0.669), LR: 0.000028
[GPU cuda:1][TRAIN] Epoch: [5][250/2480], Elapsed 1m 12s (remain 10m 41s), Accuracy: 80.000(72.430), Loss: 0.257(0.669), LR: 0.000028
[GPU cuda:1][TRAIN] Epoch: [5][300/2480], Elapsed 1m 26s (remain 10m 26s), Accuracy: 40.000(72.890), Loss: 0.982(0.663), LR: 0.000027
[GPU cuda:1][TRAIN] Epoch: [5][350/2480], Elapsed 1m 40s (remain 10m 10s), Accuracy: 100.000(72.650), Loss: 0.371(0.663), LR: 0.000027
[GPU cuda:1][TRAIN] Epoch: [5][400/2480], Elapsed 1m 54s (remain 9m 56s), Accuracy: 80.000(73.267), Loss: 0.603(0.651), LR: 0.000026
[GPU cuda:1][TRAIN] Epoch: [5][450/2480], Elapsed 2m 9s (remain 9m 41s), Accuracy: 40.000(73.259), Loss: 1.109(0.654), LR: 0.000026
[GPU cuda:1][TRAIN] Epoch: [5][500/2480], Elapsed 2m 23s (remain 9m 26s), Accuracy: 20.000(73.174), Loss: 1.572(0.652), LR: 0.000025
[GPU cuda:1][TRAIN] Epoch: [5][550/2480], Elapsed 2m 37s (remain 9m 12s), Accuracy: 100.000(73.067), Loss: 0.125(0.658), LR: 0.000025
[GPU cuda:1][TRAIN] Epoch: [5][600/2480], Elapsed 2m 51s (remain 8m 57s), Accuracy: 100.000(73.111), Loss: 0.053(0.660), LR: 0.000025
[GPU cuda:1][TRAIN] Epoch: [5][650/2480], Elapsed 3m 6s (remain 8m 43s), Accuracy: 100.000(73.210), Loss: 0.049(0.659), LR: 0.000024
[GPU cuda:1][TRAIN] Epoch: [5][700/2480], Elapsed 3m 20s (remain 8m 28s), Accuracy: 80.000(72.867), Loss: 0.405(0.664), LR: 0.000024
[GPU cuda:1][TRAIN] Epoch: [5][750/2480], Elapsed 3m 34s (remain 8m 14s), Accuracy: 80.000(72.543), Loss: 0.309(0.667), LR: 0.000023
[GPU cuda:1][TRAIN] Epoch: [5][800/2480], Elapsed 3m 49s (remain 8m 0s), Accuracy: 100.000(73.009), Loss: 0.164(0.660), LR: 0.000023
[GPU cuda:1][TRAIN] Epoch: [5][850/2480], Elapsed 4m 3s (remain 7m 45s), Accuracy: 80.000(73.231), Loss: 0.596(0.655), LR: 0.000023
[GPU cuda:1][TRAIN] Epoch: [5][900/2480], Elapsed 4m 17s (remain 7m 31s), Accuracy: 80.000(73.363), Loss: 0.865(0.653), LR: 0.000022
[GPU cuda:1][TRAIN] Epoch: [5][950/2480], Elapsed 4m 31s (remain 7m 17s), Accuracy: 80.000(73.502), Loss: 0.731(0.647), LR: 0.000022
[GPU cuda:1][TRAIN] Epoch: [5][1000/2480], Elapsed 4m 46s (remain 7m 2s), Accuracy: 80.000(73.487), Loss: 0.754(0.648), LR: 0.000021
[GPU cuda:1][TRAIN] Epoch: [5][1050/2480], Elapsed 5m 0s (remain 6m 48s), Accuracy: 60.000(73.644), Loss: 0.824(0.646), LR: 0.000021
[GPU cuda:1][TRAIN] Epoch: [5][1100/2480], Elapsed 5m 14s (remain 6m 34s), Accuracy: 80.000(73.660), Loss: 0.324(0.644), LR: 0.000021
[GPU cuda:1][TRAIN] Epoch: [5][1150/2480], Elapsed 5m 29s (remain 6m 19s), Accuracy: 60.000(73.588), Loss: 0.808(0.645), LR: 0.000020
[GPU cuda:1][TRAIN] Epoch: [5][1200/2480], Elapsed 5m 43s (remain 6m 5s), Accuracy: 100.000(73.905), Loss: 0.406(0.639), LR: 0.000020
[GPU cuda:1][TRAIN] Epoch: [5][1250/2480], Elapsed 5m 57s (remain 5m 51s), Accuracy: 40.000(73.813), Loss: 1.260(0.639), LR: 0.000019
[GPU cuda:1][TRAIN] Epoch: [5][1300/2480], Elapsed 6m 11s (remain 5m 37s), Accuracy: 80.000(73.989), Loss: 0.842(0.637), LR: 0.000019
[GPU cuda:1][TRAIN] Epoch: [5][1350/2480], Elapsed 6m 26s (remain 5m 22s), Accuracy: 100.000(74.167), Loss: 0.082(0.633), LR: 0.000019
[GPU cuda:1][TRAIN] Epoch: [5][1400/2480], Elapsed 6m 40s (remain 5m 8s), Accuracy: 80.000(74.061), Loss: 0.412(0.635), LR: 0.000018
[GPU cuda:1][TRAIN] Epoch: [5][1450/2480], Elapsed 6m 54s (remain 4m 54s), Accuracy: 100.000(74.156), Loss: 0.285(0.634), LR: 0.000018
[GPU cuda:1][TRAIN] Epoch: [5][1500/2480], Elapsed 7m 9s (remain 4m 39s), Accuracy: 100.000(74.071), Loss: 0.130(0.634), LR: 0.000018
[GPU cuda:1][TRAIN] Epoch: [5][1550/2480], Elapsed 7m 23s (remain 4m 25s), Accuracy: 60.000(73.939), Loss: 0.483(0.635), LR: 0.000017
[GPU cuda:1][TRAIN] Epoch: [5][1600/2480], Elapsed 7m 37s (remain 4m 11s), Accuracy: 80.000(74.016), Loss: 0.364(0.635), LR: 0.000017
[GPU cuda:1][TRAIN] Epoch: [5][1650/2480], Elapsed 7m 51s (remain 3m 56s), Accuracy: 100.000(74.246), Loss: 0.388(0.631), LR: 0.000016
[GPU cuda:1][TRAIN] Epoch: [5][1700/2480], Elapsed 8m 6s (remain 3m 42s), Accuracy: 80.000(74.297), Loss: 0.367(0.630), LR: 0.000016
[GPU cuda:1][TRAIN] Epoch: [5][1750/2480], Elapsed 8m 20s (remain 3m 28s), Accuracy: 60.000(74.369), Loss: 1.118(0.629), LR: 0.000016
[GPU cuda:1][TRAIN] Epoch: [5][1800/2480], Elapsed 8m 34s (remain 3m 14s), Accuracy: 100.000(74.470), Loss: 0.196(0.627), LR: 0.000015
[GPU cuda:1][TRAIN] Epoch: [5][1850/2480], Elapsed 8m 49s (remain 2m 59s), Accuracy: 80.000(74.479), Loss: 0.713(0.627), LR: 0.000015
[GPU cuda:1][TRAIN] Epoch: [5][1900/2480], Elapsed 9m 3s (remain 2m 45s), Accuracy: 60.000(74.445), Loss: 0.593(0.626), LR: 0.000015
[GPU cuda:1][TRAIN] Epoch: [5][1950/2480], Elapsed 9m 17s (remain 2m 31s), Accuracy: 80.000(74.382), Loss: 0.452(0.628), LR: 0.000014
[GPU cuda:1][TRAIN] Epoch: [5][2000/2480], Elapsed 9m 31s (remain 2m 16s), Accuracy: 80.000(74.403), Loss: 0.524(0.627), LR: 0.000014
[GPU cuda:1][TRAIN] Epoch: [5][2050/2480], Elapsed 9m 46s (remain 2m 2s), Accuracy: 40.000(74.422), Loss: 1.341(0.628), LR: 0.000014
[GPU cuda:1][TRAIN] Epoch: [5][2100/2480], Elapsed 10m 0s (remain 1m 48s), Accuracy: 100.000(74.612), Loss: 0.128(0.624), LR: 0.000013
[GPU cuda:1][TRAIN] Epoch: [5][2150/2480], Elapsed 10m 14s (remain 1m 34s), Accuracy: 80.000(74.737), Loss: 0.439(0.620), LR: 0.000013
[GPU cuda:1][TRAIN] Epoch: [5][2200/2480], Elapsed 10m 28s (remain 1m 19s), Accuracy: 80.000(74.830), Loss: 0.444(0.619), LR: 0.000013
[GPU cuda:1][TRAIN] Epoch: [5][2250/2480], Elapsed 10m 43s (remain 1m 5s), Accuracy: 80.000(74.767), Loss: 0.741(0.620), LR: 0.000012
[GPU cuda:1][TRAIN] Epoch: [5][2300/2480], Elapsed 10m 57s (remain 0m 51s), Accuracy: 80.000(74.828), Loss: 0.556(0.620), LR: 0.000012
[GPU cuda:1][TRAIN] Epoch: [5][2350/2480], Elapsed 11m 11s (remain 0m 36s), Accuracy: 100.000(74.879), Loss: 0.400(0.619), LR: 0.000012
[GPU cuda:1][TRAIN] Epoch: [5][2400/2480], Elapsed 11m 25s (remain 0m 22s), Accuracy: 60.000(74.985), Loss: 0.672(0.617), LR: 0.000011
[GPU cuda:1][TRAIN] Epoch: [5][2450/2480], Elapsed 11m 40s (remain 0m 8s), Accuracy: 80.000(75.055), Loss: 0.359(0.615), LR: 0.000011
[GPU cuda:1][TRAIN] Epoch: [5][2479/2480], Elapsed 11m 48s (remain 0m 0s), Accuracy: 40.000(75.097), Loss: 1.917(0.615), LR: 0.000011
[GPU cuda:1][VALID][0/97], Elapsed 0m 1s (remain 2m 20s), Accuracy: 75.000(75.000), Batch Loss: 0.8068, Average Loss: 0.8068
[GPU cuda:1][VALID][50/97], Elapsed 0m 48s (remain 0m 44s), Accuracy: 65.625(74.326), Batch Loss: 0.5479, Average Loss: 0.6603
[GPU cuda:1][VALID][96/97], Elapsed 1m 33s (remain 0m 0s), Accuracy: 75.000(74.066), Batch Loss: 0.5673, Average Loss: 0.6739
Valid Labels Samples: [2 0 1 4 1 0 3 1 4 3]
Valid Predictions Samples: [2, 0, 1, 3, 1, 0, 3, 1, 3, 0]
Epoch 5 - Train Average Loss: 75.097, Valid Average Loss: 74.066, Epoch Time: 803.638s
Epoch 5 - Accuracy: 0.741, Precision: 0.742, Recall: 0.741
Saved Best Model: 0.74
[GPU cuda:1][TRAIN] Epoch: [6][0/2480], Elapsed 0m 0s (remain 26m 5s), Accuracy: 80.000(80.000), Loss: 0.586(0.586), LR: 0.000011
[GPU cuda:1][TRAIN] Epoch: [6][50/2480], Elapsed 0m 15s (remain 11m 59s), Accuracy: 60.000(76.078), Loss: 0.799(0.523), LR: 0.000011
[GPU cuda:1][TRAIN] Epoch: [6][100/2480], Elapsed 0m 29s (remain 11m 33s), Accuracy: 80.000(76.634), Loss: 0.441(0.542), LR: 0.000010
[GPU cuda:1][TRAIN] Epoch: [6][150/2480], Elapsed 0m 43s (remain 11m 14s), Accuracy: 40.000(76.689), Loss: 0.979(0.553), LR: 0.000010
[GPU cuda:1][TRAIN] Epoch: [6][200/2480], Elapsed 0m 57s (remain 10m 57s), Accuracy: 80.000(76.716), Loss: 0.539(0.563), LR: 0.000010
[GPU cuda:1][TRAIN] Epoch: [6][250/2480], Elapsed 1m 12s (remain 10m 41s), Accuracy: 100.000(76.813), Loss: 0.138(0.564), LR: 0.000009
[GPU cuda:1][TRAIN] Epoch: [6][300/2480], Elapsed 1m 26s (remain 10m 26s), Accuracy: 40.000(76.744), Loss: 0.967(0.560), LR: 0.000009
[GPU cuda:1][TRAIN] Epoch: [6][350/2480], Elapsed 1m 40s (remain 10m 11s), Accuracy: 80.000(76.467), Loss: 0.340(0.568), LR: 0.000009
[GPU cuda:1][TRAIN] Epoch: [6][400/2480], Elapsed 1m 54s (remain 9m 56s), Accuracy: 60.000(77.307), Loss: 0.531(0.554), LR: 0.000009
[GPU cuda:1][TRAIN] Epoch: [6][450/2480], Elapsed 2m 9s (remain 9m 41s), Accuracy: 100.000(77.605), Loss: 0.405(0.554), LR: 0.000008
[GPU cuda:1][TRAIN] Epoch: [6][500/2480], Elapsed 2m 23s (remain 9m 26s), Accuracy: 40.000(77.844), Loss: 1.338(0.545), LR: 0.000008
[GPU cuda:1][TRAIN] Epoch: [6][550/2480], Elapsed 2m 37s (remain 9m 12s), Accuracy: 100.000(77.677), Loss: 0.093(0.555), LR: 0.000008
[GPU cuda:1][TRAIN] Epoch: [6][600/2480], Elapsed 2m 51s (remain 8m 57s), Accuracy: 100.000(77.471), Loss: 0.023(0.560), LR: 0.000008
[GPU cuda:1][TRAIN] Epoch: [6][650/2480], Elapsed 3m 6s (remain 8m 43s), Accuracy: 100.000(77.235), Loss: 0.048(0.561), LR: 0.000007
[GPU cuda:1][TRAIN] Epoch: [6][700/2480], Elapsed 3m 20s (remain 8m 28s), Accuracy: 100.000(76.890), Loss: 0.325(0.567), LR: 0.000007
[GPU cuda:1][TRAIN] Epoch: [6][750/2480], Elapsed 3m 34s (remain 8m 13s), Accuracy: 80.000(76.751), Loss: 0.293(0.570), LR: 0.000007
[GPU cuda:1][TRAIN] Epoch: [6][800/2480], Elapsed 3m 48s (remain 7m 59s), Accuracy: 100.000(77.129), Loss: 0.208(0.564), LR: 0.000007
[GPU cuda:1][TRAIN] Epoch: [6][850/2480], Elapsed 4m 2s (remain 7m 45s), Accuracy: 80.000(77.438), Loss: 0.624(0.558), LR: 0.000006
[GPU cuda:1][TRAIN] Epoch: [6][900/2480], Elapsed 4m 17s (remain 7m 30s), Accuracy: 80.000(77.536), Loss: 0.723(0.556), LR: 0.000006
[GPU cuda:1][TRAIN] Epoch: [6][950/2480], Elapsed 4m 31s (remain 7m 16s), Accuracy: 80.000(77.708), Loss: 0.666(0.549), LR: 0.000006
[GPU cuda:1][TRAIN] Epoch: [6][1000/2480], Elapsed 4m 45s (remain 7m 2s), Accuracy: 60.000(77.622), Loss: 0.874(0.551), LR: 0.000006
[GPU cuda:1][TRAIN] Epoch: [6][1050/2480], Elapsed 4m 59s (remain 6m 47s), Accuracy: 40.000(77.735), Loss: 0.831(0.551), LR: 0.000005
[GPU cuda:1][TRAIN] Epoch: [6][1100/2480], Elapsed 5m 14s (remain 6m 33s), Accuracy: 80.000(77.893), Loss: 0.230(0.547), LR: 0.000005
[GPU cuda:1][TRAIN] Epoch: [6][1150/2480], Elapsed 5m 28s (remain 6m 19s), Accuracy: 100.000(77.897), Loss: 0.484(0.546), LR: 0.000005
[GPU cuda:1][TRAIN] Epoch: [6][1200/2480], Elapsed 5m 42s (remain 6m 4s), Accuracy: 100.000(78.251), Loss: 0.324(0.540), LR: 0.000005
[GPU cuda:1][TRAIN] Epoch: [6][1250/2480], Elapsed 5m 56s (remain 5m 50s), Accuracy: 60.000(78.225), Loss: 0.721(0.539), LR: 0.000005
[GPU cuda:1][TRAIN] Epoch: [6][1300/2480], Elapsed 6m 10s (remain 5m 36s), Accuracy: 80.000(78.386), Loss: 0.615(0.535), LR: 0.000004
[GPU cuda:1][TRAIN] Epoch: [6][1350/2480], Elapsed 6m 25s (remain 5m 21s), Accuracy: 100.000(78.653), Loss: 0.101(0.531), LR: 0.000004
[GPU cuda:1][TRAIN] Epoch: [6][1400/2480], Elapsed 6m 39s (remain 5m 7s), Accuracy: 100.000(78.515), Loss: 0.188(0.534), LR: 0.000004
[GPU cuda:1][TRAIN] Epoch: [6][1450/2480], Elapsed 6m 53s (remain 4m 53s), Accuracy: 80.000(78.484), Loss: 0.496(0.535), LR: 0.000004
[GPU cuda:1][TRAIN] Epoch: [6][1500/2480], Elapsed 7m 7s (remain 4m 39s), Accuracy: 100.000(78.468), Loss: 0.060(0.535), LR: 0.000004
[GPU cuda:1][TRAIN] Epoch: [6][1550/2480], Elapsed 7m 22s (remain 4m 24s), Accuracy: 100.000(78.530), Loss: 0.281(0.536), LR: 0.000004
[GPU cuda:1][TRAIN] Epoch: [6][1600/2480], Elapsed 7m 36s (remain 4m 10s), Accuracy: 80.000(78.563), Loss: 0.313(0.536), LR: 0.000003
[GPU cuda:1][TRAIN] Epoch: [6][1650/2480], Elapsed 7m 50s (remain 3m 56s), Accuracy: 80.000(78.692), Loss: 0.313(0.532), LR: 0.000003
[GPU cuda:1][TRAIN] Epoch: [6][1700/2480], Elapsed 8m 4s (remain 3m 41s), Accuracy: 100.000(78.765), Loss: 0.254(0.533), LR: 0.000003
[GPU cuda:1][TRAIN] Epoch: [6][1750/2480], Elapsed 8m 18s (remain 3m 27s), Accuracy: 60.000(78.903), Loss: 1.184(0.531), LR: 0.000003
[GPU cuda:1][TRAIN] Epoch: [6][1800/2480], Elapsed 8m 33s (remain 3m 13s), Accuracy: 100.000(78.956), Loss: 0.234(0.530), LR: 0.000003
[GPU cuda:1][TRAIN] Epoch: [6][1850/2480], Elapsed 8m 47s (remain 2m 59s), Accuracy: 80.000(78.974), Loss: 0.507(0.530), LR: 0.000003
[GPU cuda:1][TRAIN] Epoch: [6][1900/2480], Elapsed 9m 1s (remain 2m 44s), Accuracy: 60.000(79.011), Loss: 0.658(0.528), LR: 0.000003
[GPU cuda:1][TRAIN] Epoch: [6][1950/2480], Elapsed 9m 15s (remain 2m 30s), Accuracy: 100.000(78.944), Loss: 0.166(0.529), LR: 0.000002
[GPU cuda:1][TRAIN] Epoch: [6][2000/2480], Elapsed 9m 29s (remain 2m 16s), Accuracy: 100.000(78.931), Loss: 0.484(0.529), LR: 0.000002
[GPU cuda:1][TRAIN] Epoch: [6][2050/2480], Elapsed 9m 44s (remain 2m 2s), Accuracy: 60.000(78.888), Loss: 0.795(0.529), LR: 0.000002
[GPU cuda:1][TRAIN] Epoch: [6][2100/2480], Elapsed 9m 58s (remain 1m 47s), Accuracy: 80.000(79.096), Loss: 0.214(0.525), LR: 0.000002
[GPU cuda:1][TRAIN] Epoch: [6][2150/2480], Elapsed 10m 12s (remain 1m 33s), Accuracy: 80.000(79.163), Loss: 0.448(0.522), LR: 0.000002
[GPU cuda:1][TRAIN] Epoch: [6][2200/2480], Elapsed 10m 26s (remain 1m 19s), Accuracy: 80.000(79.173), Loss: 0.398(0.522), LR: 0.000002
[GPU cuda:1][TRAIN] Epoch: [6][2250/2480], Elapsed 10m 40s (remain 1m 5s), Accuracy: 80.000(79.120), Loss: 0.823(0.523), LR: 0.000002
[GPU cuda:1][TRAIN] Epoch: [6][2300/2480], Elapsed 10m 55s (remain 0m 50s), Accuracy: 80.000(79.105), Loss: 0.493(0.523), LR: 0.000002
[GPU cuda:1][TRAIN] Epoch: [6][2350/2480], Elapsed 11m 9s (remain 0m 36s), Accuracy: 100.000(79.073), Loss: 0.205(0.523), LR: 0.000002
[GPU cuda:1][TRAIN] Epoch: [6][2400/2480], Elapsed 11m 23s (remain 0m 22s), Accuracy: 60.000(79.150), Loss: 0.752(0.522), LR: 0.000002
[GPU cuda:1][TRAIN] Epoch: [6][2450/2480], Elapsed 11m 37s (remain 0m 8s), Accuracy: 80.000(79.249), Loss: 0.367(0.520), LR: 0.000001
[GPU cuda:1][TRAIN] Epoch: [6][2479/2480], Elapsed 11m 45s (remain 0m 0s), Accuracy: 40.000(79.266), Loss: 1.811(0.519), LR: 0.000001
[GPU cuda:1][VALID][0/97], Elapsed 0m 1s (remain 2m 14s), Accuracy: 75.000(75.000), Batch Loss: 0.7765, Average Loss: 0.7765
[GPU cuda:1][VALID][50/97], Elapsed 0m 48s (remain 0m 43s), Accuracy: 65.625(75.123), Batch Loss: 0.6377, Average Loss: 0.6677
[GPU cuda:1][VALID][96/97], Elapsed 1m 32s (remain 0m 0s), Accuracy: 75.000(74.774), Batch Loss: 0.4917, Average Loss: 0.6820
Valid Labels Samples: [2 0 1 4 1 0 3 1 4 3]
Valid Predictions Samples: [2, 0, 1, 3, 1, 0, 3, 1, 3, 0]
Epoch 6 - Train Average Loss: 79.266, Valid Average Loss: 74.774, Epoch Time: 800.496s
Epoch 6 - Accuracy: 0.748, Precision: 0.753, Recall: 0.748
Saved Best Model: 0.75
[GPU cuda:1][TRAIN] Epoch: [7][0/2480], Elapsed 0m 0s (remain 26m 18s), Accuracy: 80.000(80.000), Loss: 0.741(0.741), LR: 0.000001
[GPU cuda:1][TRAIN] Epoch: [7][50/2480], Elapsed 0m 15s (remain 11m 55s), Accuracy: 60.000(80.392), Loss: 0.777(0.439), LR: 0.000001
[GPU cuda:1][TRAIN] Epoch: [7][100/2480], Elapsed 0m 29s (remain 11m 29s), Accuracy: 80.000(80.594), Loss: 0.458(0.456), LR: 0.000001
[GPU cuda:1][TRAIN] Epoch: [7][150/2480], Elapsed 0m 43s (remain 11m 10s), Accuracy: 40.000(79.603), Loss: 0.879(0.485), LR: 0.000001
[GPU cuda:1][TRAIN] Epoch: [7][200/2480], Elapsed 0m 57s (remain 10m 54s), Accuracy: 80.000(79.701), Loss: 0.785(0.500), LR: 0.000001
[GPU cuda:1][TRAIN] Epoch: [7][250/2480], Elapsed 1m 11s (remain 10m 38s), Accuracy: 100.000(80.080), Loss: 0.049(0.495), LR: 0.000001
[GPU cuda:1][TRAIN] Epoch: [7][300/2480], Elapsed 1m 26s (remain 10m 23s), Accuracy: 40.000(79.867), Loss: 0.907(0.492), LR: 0.000001
[GPU cuda:1][TRAIN] Epoch: [7][350/2480], Elapsed 1m 40s (remain 10m 8s), Accuracy: 80.000(79.316), Loss: 0.221(0.503), LR: 0.000001
[GPU cuda:1][TRAIN] Epoch: [7][400/2480], Elapsed 1m 54s (remain 9m 53s), Accuracy: 80.000(79.751), Loss: 0.442(0.492), LR: 0.000001
[GPU cuda:1][TRAIN] Epoch: [7][450/2480], Elapsed 2m 8s (remain 9m 38s), Accuracy: 100.000(79.911), Loss: 0.280(0.494), LR: 0.000001
[GPU cuda:1][TRAIN] Epoch: [7][500/2480], Elapsed 2m 22s (remain 9m 24s), Accuracy: 40.000(80.080), Loss: 1.200(0.488), LR: 0.000001
[GPU cuda:1][TRAIN] Epoch: [7][550/2480], Elapsed 2m 37s (remain 9m 9s), Accuracy: 100.000(79.855), Loss: 0.040(0.499), LR: 0.000001
[GPU cuda:1][TRAIN] Epoch: [7][600/2480], Elapsed 2m 51s (remain 8m 55s), Accuracy: 100.000(79.867), Loss: 0.034(0.503), LR: 0.000001
[GPU cuda:1][TRAIN] Epoch: [7][650/2480], Elapsed 3m 5s (remain 8m 41s), Accuracy: 80.000(79.601), Loss: 0.340(0.510), LR: 0.000070
[GPU cuda:1][TRAIN] Epoch: [7][700/2480], Elapsed 3m 19s (remain 8m 26s), Accuracy: 80.000(78.773), Loss: 0.555(0.535), LR: 0.000070
[GPU cuda:1][TRAIN] Epoch: [7][750/2480], Elapsed 3m 33s (remain 8m 12s), Accuracy: 100.000(77.816), Loss: 0.342(0.554), LR: 0.000070
[GPU cuda:1][TRAIN] Epoch: [7][800/2480], Elapsed 3m 48s (remain 7m 58s), Accuracy: 100.000(77.528), Loss: 0.106(0.560), LR: 0.000070
[GPU cuda:1][TRAIN] Epoch: [7][850/2480], Elapsed 4m 2s (remain 7m 43s), Accuracy: 60.000(76.992), Loss: 0.784(0.568), LR: 0.000070
[GPU cuda:1][TRAIN] Epoch: [7][900/2480], Elapsed 4m 16s (remain 7m 29s), Accuracy: 40.000(76.759), Loss: 1.085(0.574), LR: 0.000070
[GPU cuda:1][TRAIN] Epoch: [7][950/2480], Elapsed 4m 30s (remain 7m 15s), Accuracy: 80.000(76.257), Loss: 0.739(0.584), LR: 0.000070
[GPU cuda:1][TRAIN] Epoch: [7][1000/2480], Elapsed 4m 44s (remain 7m 1s), Accuracy: 60.000(75.684), Loss: 1.023(0.598), LR: 0.000070
[GPU cuda:1][TRAIN] Epoch: [7][1050/2480], Elapsed 4m 59s (remain 6m 46s), Accuracy: 60.000(75.338), Loss: 1.997(0.608), LR: 0.000070
[GPU cuda:1][TRAIN] Epoch: [7][1100/2480], Elapsed 5m 13s (remain 6m 32s), Accuracy: 80.000(74.968), Loss: 0.359(0.613), LR: 0.000070
[GPU cuda:1][TRAIN] Epoch: [7][1150/2480], Elapsed 5m 27s (remain 6m 18s), Accuracy: 80.000(74.805), Loss: 0.673(0.618), LR: 0.000070
[GPU cuda:1][TRAIN] Epoch: [7][1200/2480], Elapsed 5m 41s (remain 6m 4s), Accuracy: 80.000(74.688), Loss: 0.759(0.620), LR: 0.000070
[GPU cuda:1][TRAIN] Epoch: [7][1250/2480], Elapsed 5m 56s (remain 5m 49s), Accuracy: 40.000(74.580), Loss: 0.988(0.624), LR: 0.000070
[GPU cuda:1][TRAIN] Epoch: [7][1300/2480], Elapsed 6m 10s (remain 5m 35s), Accuracy: 80.000(74.435), Loss: 0.566(0.626), LR: 0.000070
[GPU cuda:1][TRAIN] Epoch: [7][1350/2480], Elapsed 6m 24s (remain 5m 21s), Accuracy: 100.000(74.493), Loss: 0.219(0.627), LR: 0.000070
[GPU cuda:1][TRAIN] Epoch: [7][1400/2480], Elapsed 6m 38s (remain 5m 7s), Accuracy: 80.000(74.261), Loss: 0.503(0.631), LR: 0.000070
[GPU cuda:1][TRAIN] Epoch: [7][1450/2480], Elapsed 6m 52s (remain 4m 52s), Accuracy: 80.000(74.073), Loss: 0.557(0.635), LR: 0.000070
[GPU cuda:1][TRAIN] Epoch: [7][1500/2480], Elapsed 7m 7s (remain 4m 38s), Accuracy: 100.000(73.951), Loss: 0.152(0.638), LR: 0.000070
[GPU cuda:1][TRAIN] Epoch: [7][1550/2480], Elapsed 7m 21s (remain 4m 24s), Accuracy: 60.000(73.759), Loss: 0.785(0.641), LR: 0.000070
[GPU cuda:1][TRAIN] Epoch: [7][1600/2480], Elapsed 7m 35s (remain 4m 10s), Accuracy: 100.000(73.666), Loss: 0.428(0.643), LR: 0.000070
[GPU cuda:1][TRAIN] Epoch: [7][1650/2480], Elapsed 7m 49s (remain 3m 55s), Accuracy: 60.000(73.677), Loss: 0.610(0.642), LR: 0.000070
[GPU cuda:1][TRAIN] Epoch: [7][1700/2480], Elapsed 8m 3s (remain 3m 41s), Accuracy: 60.000(73.674), Loss: 0.705(0.643), LR: 0.000070
[GPU cuda:1][TRAIN] Epoch: [7][1750/2480], Elapsed 8m 18s (remain 3m 27s), Accuracy: 60.000(73.638), Loss: 0.492(0.643), LR: 0.000070
[GPU cuda:1][TRAIN] Epoch: [7][1800/2480], Elapsed 8m 32s (remain 3m 13s), Accuracy: 60.000(73.481), Loss: 0.969(0.646), LR: 0.000070
[GPU cuda:1][TRAIN] Epoch: [7][1850/2480], Elapsed 8m 46s (remain 2m 58s), Accuracy: 80.000(73.312), Loss: 0.924(0.649), LR: 0.000070
[GPU cuda:1][TRAIN] Epoch: [7][1900/2480], Elapsed 9m 0s (remain 2m 44s), Accuracy: 80.000(73.225), Loss: 0.635(0.650), LR: 0.000070
[GPU cuda:1][TRAIN] Epoch: [7][1950/2480], Elapsed 9m 14s (remain 2m 30s), Accuracy: 80.000(72.957), Loss: 0.841(0.657), LR: 0.000070
[GPU cuda:1][TRAIN] Epoch: [7][2000/2480], Elapsed 9m 29s (remain 2m 16s), Accuracy: 60.000(72.984), Loss: 0.700(0.657), LR: 0.000070
[GPU cuda:1][TRAIN] Epoch: [7][2050/2480], Elapsed 9m 43s (remain 2m 1s), Accuracy: 20.000(72.765), Loss: 1.420(0.662), LR: 0.000070
[GPU cuda:1][TRAIN] Epoch: [7][2100/2480], Elapsed 9m 57s (remain 1m 47s), Accuracy: 80.000(72.775), Loss: 0.539(0.662), LR: 0.000070
[GPU cuda:1][TRAIN] Epoch: [7][2150/2480], Elapsed 10m 11s (remain 1m 33s), Accuracy: 60.000(72.813), Loss: 0.856(0.662), LR: 0.000070
[GPU cuda:1][TRAIN] Epoch: [7][2200/2480], Elapsed 10m 25s (remain 1m 19s), Accuracy: 60.000(72.721), Loss: 0.656(0.664), LR: 0.000070
[GPU cuda:1][TRAIN] Epoch: [7][2250/2480], Elapsed 10m 40s (remain 1m 5s), Accuracy: 60.000(72.608), Loss: 0.678(0.666), LR: 0.000070
[GPU cuda:1][TRAIN] Epoch: [7][2300/2480], Elapsed 10m 54s (remain 0m 50s), Accuracy: 60.000(72.577), Loss: 0.536(0.667), LR: 0.000070
[GPU cuda:1][TRAIN] Epoch: [7][2350/2480], Elapsed 11m 8s (remain 0m 36s), Accuracy: 80.000(72.497), Loss: 0.513(0.669), LR: 0.000070
[GPU cuda:1][TRAIN] Epoch: [7][2400/2480], Elapsed 11m 22s (remain 0m 22s), Accuracy: 40.000(72.545), Loss: 1.056(0.669), LR: 0.000070
[GPU cuda:1][TRAIN] Epoch: [7][2450/2480], Elapsed 11m 36s (remain 0m 8s), Accuracy: 80.000(72.534), Loss: 0.458(0.669), LR: 0.000070
[GPU cuda:1][TRAIN] Epoch: [7][2479/2480], Elapsed 11m 44s (remain 0m 0s), Accuracy: 40.000(72.492), Loss: 1.703(0.670), LR: 0.000070
[GPU cuda:1][VALID][0/97], Elapsed 0m 1s (remain 2m 19s), Accuracy: 68.750(68.750), Batch Loss: 0.7962, Average Loss: 0.7962
[GPU cuda:1][VALID][50/97], Elapsed 0m 48s (remain 0m 43s), Accuracy: 71.875(71.569), Batch Loss: 0.5153, Average Loss: 0.7114
[GPU cuda:1][VALID][96/97], Elapsed 1m 32s (remain 0m 0s), Accuracy: 60.714(71.180), Batch Loss: 0.6970, Average Loss: 0.7226
Valid Labels Samples: [2 0 1 4 1 0 3 1 4 3]
Valid Predictions Samples: [2, 0, 1, 3, 1, 0, 3, 1, 3, 0]
Epoch 7 - Train Average Loss: 72.492, Valid Average Loss: 71.180, Epoch Time: 799.477s
Epoch 7 - Accuracy: 0.712, Precision: 0.713, Recall: 0.712
[GPU cuda:1][TRAIN] Epoch: [8][0/2480], Elapsed 0m 0s (remain 26m 5s), Accuracy: 80.000(80.000), Loss: 0.797(0.797), LR: 0.000070
[GPU cuda:1][TRAIN] Epoch: [8][50/2480], Elapsed 0m 15s (remain 11m 54s), Accuracy: 60.000(75.686), Loss: 0.927(0.629), LR: 0.000070
[GPU cuda:1][TRAIN] Epoch: [8][100/2480], Elapsed 0m 29s (remain 11m 28s), Accuracy: 80.000(72.475), Loss: 0.422(0.676), LR: 0.000070
[GPU cuda:1][TRAIN] Epoch: [8][150/2480], Elapsed 0m 43s (remain 11m 10s), Accuracy: 40.000(71.258), Loss: 0.967(0.669), LR: 0.000070
[GPU cuda:1][TRAIN] Epoch: [8][200/2480], Elapsed 0m 57s (remain 10m 53s), Accuracy: 40.000(70.249), Loss: 1.346(0.702), LR: 0.000070
[GPU cuda:1][TRAIN] Epoch: [8][250/2480], Elapsed 1m 11s (remain 10m 37s), Accuracy: 80.000(69.243), Loss: 0.584(0.736), LR: 0.000070
[GPU cuda:1][TRAIN] Epoch: [8][300/2480], Elapsed 1m 26s (remain 10m 22s), Accuracy: 40.000(69.236), Loss: 1.289(0.736), LR: 0.000070
[GPU cuda:1][TRAIN] Epoch: [8][350/2480], Elapsed 1m 40s (remain 10m 7s), Accuracy: 100.000(69.288), Loss: 0.391(0.739), LR: 0.000070
[GPU cuda:1][TRAIN] Epoch: [8][400/2480], Elapsed 1m 54s (remain 9m 53s), Accuracy: 60.000(69.875), Loss: 0.668(0.731), LR: 0.000070
[GPU cuda:1][TRAIN] Epoch: [8][450/2480], Elapsed 2m 8s (remain 9m 38s), Accuracy: 60.000(70.022), Loss: 0.867(0.731), LR: 0.000070
[GPU cuda:1][TRAIN] Epoch: [8][500/2480], Elapsed 2m 22s (remain 9m 24s), Accuracy: 20.000(70.220), Loss: 1.322(0.724), LR: 0.000070
[GPU cuda:1][TRAIN] Epoch: [8][550/2480], Elapsed 2m 36s (remain 9m 9s), Accuracy: 100.000(70.309), Loss: 0.132(0.728), LR: 0.000070
[GPU cuda:1][TRAIN] Epoch: [8][600/2480], Elapsed 2m 51s (remain 8m 55s), Accuracy: 100.000(70.083), Loss: 0.124(0.730), LR: 0.000070
[GPU cuda:1][TRAIN] Epoch: [8][650/2480], Elapsed 3m 5s (remain 8m 40s), Accuracy: 100.000(69.954), Loss: 0.293(0.734), LR: 0.000070
[GPU cuda:1][TRAIN] Epoch: [8][700/2480], Elapsed 3m 19s (remain 8m 26s), Accuracy: 80.000(69.586), Loss: 0.495(0.742), LR: 0.000070
[GPU cuda:1][TRAIN] Epoch: [8][750/2480], Elapsed 3m 33s (remain 8m 11s), Accuracy: 80.000(69.427), Loss: 0.492(0.744), LR: 0.000070
[GPU cuda:1][TRAIN] Epoch: [8][800/2480], Elapsed 3m 47s (remain 7m 57s), Accuracy: 100.000(69.913), Loss: 0.229(0.737), LR: 0.000070
[GPU cuda:1][TRAIN] Epoch: [8][850/2480], Elapsed 4m 2s (remain 7m 43s), Accuracy: 40.000(70.059), Loss: 1.045(0.732), LR: 0.000070
[GPU cuda:1][TRAIN] Epoch: [8][900/2480], Elapsed 4m 16s (remain 7m 29s), Accuracy: 60.000(69.922), Loss: 0.850(0.734), LR: 0.000070
[GPU cuda:1][TRAIN] Epoch: [8][950/2480], Elapsed 4m 30s (remain 7m 14s), Accuracy: 60.000(70.116), Loss: 0.815(0.727), LR: 0.000070
[GPU cuda:1][TRAIN] Epoch: [8][1000/2480], Elapsed 4m 44s (remain 7m 0s), Accuracy: 60.000(70.010), Loss: 1.339(0.731), LR: 0.000070
[GPU cuda:1][TRAIN] Epoch: [8][1050/2480], Elapsed 4m 58s (remain 6m 46s), Accuracy: 80.000(70.086), Loss: 0.763(0.729), LR: 0.000070
[GPU cuda:1][TRAIN] Epoch: [8][1100/2480], Elapsed 5m 12s (remain 6m 31s), Accuracy: 80.000(70.136), Loss: 0.338(0.724), LR: 0.000070
[GPU cuda:1][TRAIN] Epoch: [8][1150/2480], Elapsed 5m 27s (remain 6m 17s), Accuracy: 60.000(70.165), Loss: 1.481(0.721), LR: 0.000070
[GPU cuda:1][TRAIN] Epoch: [8][1200/2480], Elapsed 5m 41s (remain 6m 3s), Accuracy: 80.000(70.308), Loss: 0.600(0.719), LR: 0.000070
[GPU cuda:1][TRAIN] Epoch: [8][1250/2480], Elapsed 5m 55s (remain 5m 49s), Accuracy: 40.000(70.312), Loss: 0.937(0.718), LR: 0.000070
[GPU cuda:1][TRAIN] Epoch: [8][1300/2480], Elapsed 6m 9s (remain 5m 34s), Accuracy: 60.000(70.546), Loss: 0.806(0.712), LR: 0.000070
[GPU cuda:1][TRAIN] Epoch: [8][1350/2480], Elapsed 6m 23s (remain 5m 20s), Accuracy: 80.000(70.777), Loss: 0.395(0.708), LR: 0.000070
[GPU cuda:1][TRAIN] Epoch: [8][1400/2480], Elapsed 6m 37s (remain 5m 6s), Accuracy: 100.000(70.664), Loss: 0.349(0.711), LR: 0.000070
[GPU cuda:1][TRAIN] Epoch: [8][1450/2480], Elapsed 6m 52s (remain 4m 52s), Accuracy: 100.000(70.682), Loss: 0.435(0.711), LR: 0.000070
[GPU cuda:1][TRAIN] Epoch: [8][1500/2480], Elapsed 7m 6s (remain 4m 38s), Accuracy: 100.000(70.633), Loss: 0.212(0.712), LR: 0.000070
[GPU cuda:1][TRAIN] Epoch: [8][1550/2480], Elapsed 7m 20s (remain 4m 23s), Accuracy: 80.000(70.664), Loss: 0.453(0.711), LR: 0.000069
[GPU cuda:1][TRAIN] Epoch: [8][1600/2480], Elapsed 7m 34s (remain 4m 9s), Accuracy: 100.000(70.681), Loss: 0.424(0.712), LR: 0.000069
[GPU cuda:1][TRAIN] Epoch: [8][1650/2480], Elapsed 7m 48s (remain 3m 55s), Accuracy: 80.000(70.890), Loss: 0.510(0.708), LR: 0.000069
[GPU cuda:1][TRAIN] Epoch: [8][1700/2480], Elapsed 8m 2s (remain 3m 41s), Accuracy: 80.000(70.923), Loss: 0.528(0.708), LR: 0.000069
[GPU cuda:1][TRAIN] Epoch: [8][1750/2480], Elapsed 8m 17s (remain 3m 26s), Accuracy: 80.000(71.136), Loss: 1.406(0.705), LR: 0.000069
[GPU cuda:1][TRAIN] Epoch: [8][1800/2480], Elapsed 8m 31s (remain 3m 12s), Accuracy: 60.000(70.927), Loss: 0.735(0.710), LR: 0.000069
[GPU cuda:1][TRAIN] Epoch: [8][1850/2480], Elapsed 8m 45s (remain 2m 58s), Accuracy: 80.000(70.902), Loss: 0.849(0.711), LR: 0.000069
[GPU cuda:1][TRAIN] Epoch: [8][1900/2480], Elapsed 8m 59s (remain 2m 44s), Accuracy: 60.000(70.952), Loss: 0.589(0.711), LR: 0.000069
[GPU cuda:1][TRAIN] Epoch: [8][1950/2480], Elapsed 9m 13s (remain 2m 30s), Accuracy: 80.000(70.794), Loss: 0.523(0.713), LR: 0.000069
[GPU cuda:1][TRAIN] Epoch: [8][2000/2480], Elapsed 9m 28s (remain 2m 15s), Accuracy: 80.000(70.865), Loss: 0.645(0.712), LR: 0.000069
[GPU cuda:1][TRAIN] Epoch: [8][2050/2480], Elapsed 9m 42s (remain 2m 1s), Accuracy: 40.000(70.804), Loss: 1.339(0.712), LR: 0.000069
[GPU cuda:1][TRAIN] Epoch: [8][2100/2480], Elapsed 9m 56s (remain 1m 47s), Accuracy: 80.000(71.061), Loss: 0.526(0.708), LR: 0.000069
[GPU cuda:1][TRAIN] Epoch: [8][2150/2480], Elapsed 10m 10s (remain 1m 33s), Accuracy: 60.000(71.185), Loss: 0.588(0.705), LR: 0.000069
[GPU cuda:1][TRAIN] Epoch: [8][2200/2480], Elapsed 10m 24s (remain 1m 19s), Accuracy: 60.000(71.095), Loss: 0.624(0.706), LR: 0.000069
[GPU cuda:1][TRAIN] Epoch: [8][2250/2480], Elapsed 10m 38s (remain 1m 5s), Accuracy: 60.000(71.071), Loss: 1.119(0.706), LR: 0.000069
[GPU cuda:1][TRAIN] Epoch: [8][2300/2480], Elapsed 10m 53s (remain 0m 50s), Accuracy: 80.000(71.091), Loss: 0.455(0.706), LR: 0.000069
[GPU cuda:1][TRAIN] Epoch: [8][2350/2480], Elapsed 11m 7s (remain 0m 36s), Accuracy: 80.000(71.110), Loss: 0.455(0.706), LR: 0.000069
[GPU cuda:1][TRAIN] Epoch: [8][2400/2480], Elapsed 11m 21s (remain 0m 22s), Accuracy: 20.000(71.187), Loss: 1.011(0.705), LR: 0.000069
[GPU cuda:1][TRAIN] Epoch: [8][2450/2480], Elapsed 11m 35s (remain 0m 8s), Accuracy: 80.000(71.204), Loss: 0.467(0.704), LR: 0.000069
[GPU cuda:1][TRAIN] Epoch: [8][2479/2480], Elapsed 11m 43s (remain 0m 0s), Accuracy: 40.000(71.194), Loss: 1.452(0.704), LR: 0.000069
[GPU cuda:1][VALID][0/97], Elapsed 0m 1s (remain 2m 17s), Accuracy: 56.250(56.250), Batch Loss: 1.2835, Average Loss: 1.2835
[GPU cuda:1][VALID][50/97], Elapsed 0m 48s (remain 0m 43s), Accuracy: 65.625(63.480), Batch Loss: 0.8190, Average Loss: 0.9703
[GPU cuda:1][VALID][96/97], Elapsed 1m 32s (remain 0m 0s), Accuracy: 64.286(62.486), Batch Loss: 0.9544, Average Loss: 0.9691
Valid Labels Samples: [2 0 1 4 1 0 3 1 4 3]
Valid Predictions Samples: [2, 0, 1, 4, 1, 1, 4, 1, 4, 0]
Epoch 8 - Train Average Loss: 71.194, Valid Average Loss: 62.486, Epoch Time: 798.317s
Epoch 8 - Accuracy: 0.625, Precision: 0.634, Recall: 0.625
[GPU cuda:1][TRAIN] Epoch: [9][0/2480], Elapsed 0m 0s (remain 26m 11s), Accuracy: 60.000(60.000), Loss: 0.564(0.564), LR: 0.000069
[GPU cuda:1][TRAIN] Epoch: [9][50/2480], Elapsed 0m 14s (remain 11m 54s), Accuracy: 40.000(74.118), Loss: 1.265(0.634), LR: 0.000069
[GPU cuda:1][TRAIN] Epoch: [9][100/2480], Elapsed 0m 29s (remain 11m 27s), Accuracy: 100.000(74.059), Loss: 0.420(0.664), LR: 0.000069
[GPU cuda:1][TRAIN] Epoch: [9][150/2480], Elapsed 0m 43s (remain 11m 9s), Accuracy: 40.000(72.848), Loss: 0.990(0.671), LR: 0.000069
[GPU cuda:1][TRAIN] Epoch: [9][200/2480], Elapsed 0m 57s (remain 10m 53s), Accuracy: 40.000(70.846), Loss: 1.008(0.707), LR: 0.000069
[GPU cuda:1][TRAIN] Epoch: [9][250/2480], Elapsed 1m 11s (remain 10m 37s), Accuracy: 100.000(70.199), Loss: 0.296(0.717), LR: 0.000069
[GPU cuda:1][TRAIN] Epoch: [9][300/2480], Elapsed 1m 25s (remain 10m 22s), Accuracy: 40.000(70.233), Loss: 1.046(0.714), LR: 0.000069
[GPU cuda:1][TRAIN] Epoch: [9][350/2480], Elapsed 1m 40s (remain 10m 7s), Accuracy: 100.000(70.028), Loss: 0.343(0.717), LR: 0.000069
[GPU cuda:1][TRAIN] Epoch: [9][400/2480], Elapsed 1m 54s (remain 9m 52s), Accuracy: 80.000(70.424), Loss: 0.765(0.712), LR: 0.000069
[GPU cuda:1][TRAIN] Epoch: [9][450/2480], Elapsed 2m 8s (remain 9m 38s), Accuracy: 80.000(70.643), Loss: 0.663(0.710), LR: 0.000069
[GPU cuda:1][TRAIN] Epoch: [9][500/2480], Elapsed 2m 22s (remain 9m 23s), Accuracy: 40.000(70.978), Loss: 0.872(0.701), LR: 0.000069
[GPU cuda:1][TRAIN] Epoch: [9][550/2480], Elapsed 2m 36s (remain 9m 8s), Accuracy: 80.000(71.071), Loss: 0.536(0.707), LR: 0.000069
[GPU cuda:1][TRAIN] Epoch: [9][600/2480], Elapsed 2m 50s (remain 8m 54s), Accuracy: 100.000(71.015), Loss: 0.050(0.708), LR: 0.000069
[GPU cuda:1][TRAIN] Epoch: [9][650/2480], Elapsed 3m 5s (remain 8m 40s), Accuracy: 100.000(71.183), Loss: 0.133(0.705), LR: 0.000069
[GPU cuda:1][TRAIN] Epoch: [9][700/2480], Elapsed 3m 19s (remain 8m 25s), Accuracy: 100.000(70.899), Loss: 0.253(0.710), LR: 0.000069
[GPU cuda:1][TRAIN] Epoch: [9][750/2480], Elapsed 3m 33s (remain 8m 11s), Accuracy: 100.000(70.999), Loss: 0.175(0.710), LR: 0.000069
[GPU cuda:1][TRAIN] Epoch: [9][800/2480], Elapsed 3m 47s (remain 7m 56s), Accuracy: 100.000(71.286), Loss: 0.229(0.705), LR: 0.000069
[GPU cuda:1][TRAIN] Epoch: [9][850/2480], Elapsed 4m 1s (remain 7m 42s), Accuracy: 80.000(71.610), Loss: 0.574(0.699), LR: 0.000069
[GPU cuda:1][TRAIN] Epoch: [9][900/2480], Elapsed 4m 15s (remain 7m 28s), Accuracy: 60.000(71.676), Loss: 0.813(0.696), LR: 0.000069
[GPU cuda:1][TRAIN] Epoch: [9][950/2480], Elapsed 4m 30s (remain 7m 14s), Accuracy: 60.000(71.819), Loss: 0.795(0.690), LR: 0.000069
[GPU cuda:1][TRAIN] Epoch: [9][1000/2480], Elapsed 4m 44s (remain 6m 59s), Accuracy: 80.000(71.928), Loss: 0.801(0.688), LR: 0.000069
[GPU cuda:1][TRAIN] Epoch: [9][1050/2480], Elapsed 4m 58s (remain 6m 45s), Accuracy: 80.000(71.893), Loss: 0.602(0.688), LR: 0.000069
[GPU cuda:1][TRAIN] Epoch: [9][1100/2480], Elapsed 5m 12s (remain 6m 31s), Accuracy: 80.000(71.953), Loss: 0.429(0.682), LR: 0.000069
[GPU cuda:1][TRAIN] Epoch: [9][1150/2480], Elapsed 5m 26s (remain 6m 17s), Accuracy: 60.000(71.955), Loss: 0.919(0.681), LR: 0.000069
[GPU cuda:1][TRAIN] Epoch: [9][1200/2480], Elapsed 5m 40s (remain 6m 2s), Accuracy: 100.000(72.290), Loss: 0.334(0.674), LR: 0.000069
[GPU cuda:1][TRAIN] Epoch: [9][1250/2480], Elapsed 5m 55s (remain 5m 48s), Accuracy: 60.000(72.326), Loss: 0.805(0.674), LR: 0.000069
[GPU cuda:1][TRAIN] Epoch: [9][1300/2480], Elapsed 6m 9s (remain 5m 34s), Accuracy: 80.000(72.575), Loss: 0.833(0.673), LR: 0.000069
[GPU cuda:1][TRAIN] Epoch: [9][1350/2480], Elapsed 6m 23s (remain 5m 20s), Accuracy: 80.000(72.598), Loss: 0.249(0.669), LR: 0.000069
[GPU cuda:1][TRAIN] Epoch: [9][1400/2480], Elapsed 6m 37s (remain 5m 6s), Accuracy: 80.000(72.363), Loss: 0.370(0.671), LR: 0.000069
[GPU cuda:1][TRAIN] Epoch: [9][1450/2480], Elapsed 6m 51s (remain 4m 51s), Accuracy: 80.000(72.226), Loss: 0.772(0.673), LR: 0.000069
[GPU cuda:1][TRAIN] Epoch: [9][1500/2480], Elapsed 7m 5s (remain 4m 37s), Accuracy: 100.000(72.192), Loss: 0.155(0.674), LR: 0.000069
[GPU cuda:1][TRAIN] Epoch: [9][1550/2480], Elapsed 7m 19s (remain 4m 23s), Accuracy: 80.000(72.263), Loss: 0.350(0.672), LR: 0.000068
[GPU cuda:1][TRAIN] Epoch: [9][1600/2480], Elapsed 7m 34s (remain 4m 9s), Accuracy: 80.000(72.217), Loss: 0.622(0.673), LR: 0.000068
[GPU cuda:1][TRAIN] Epoch: [9][1650/2480], Elapsed 7m 48s (remain 3m 55s), Accuracy: 100.000(72.283), Loss: 0.300(0.670), LR: 0.000068
[GPU cuda:1][TRAIN] Epoch: [9][1700/2480], Elapsed 8m 2s (remain 3m 40s), Accuracy: 100.000(72.369), Loss: 0.329(0.670), LR: 0.000068
[GPU cuda:1][TRAIN] Epoch: [9][1750/2480], Elapsed 8m 16s (remain 3m 26s), Accuracy: 20.000(72.370), Loss: 1.751(0.670), LR: 0.000068
[GPU cuda:1][TRAIN] Epoch: [9][1800/2480], Elapsed 8m 30s (remain 3m 12s), Accuracy: 80.000(72.315), Loss: 0.503(0.671), LR: 0.000068
[GPU cuda:1][TRAIN] Epoch: [9][1850/2480], Elapsed 8m 44s (remain 2m 58s), Accuracy: 80.000(72.382), Loss: 0.555(0.670), LR: 0.000068
[GPU cuda:1][TRAIN] Epoch: [9][1900/2480], Elapsed 8m 58s (remain 2m 44s), Accuracy: 80.000(72.225), Loss: 0.514(0.672), LR: 0.000068
[GPU cuda:1][TRAIN] Epoch: [9][1950/2480], Elapsed 9m 13s (remain 2m 29s), Accuracy: 100.000(72.035), Loss: 0.451(0.675), LR: 0.000068
[GPU cuda:1][TRAIN] Epoch: [9][2000/2480], Elapsed 9m 27s (remain 2m 15s), Accuracy: 80.000(72.114), Loss: 0.564(0.674), LR: 0.000068
[GPU cuda:1][TRAIN] Epoch: [9][2050/2480], Elapsed 9m 41s (remain 2m 1s), Accuracy: 40.000(72.082), Loss: 1.368(0.676), LR: 0.000068
[GPU cuda:1][TRAIN] Epoch: [9][2100/2480], Elapsed 9m 55s (remain 1m 47s), Accuracy: 80.000(72.223), Loss: 0.495(0.673), LR: 0.000068
[GPU cuda:1][TRAIN] Epoch: [9][2150/2480], Elapsed 10m 9s (remain 1m 33s), Accuracy: 80.000(72.357), Loss: 0.987(0.671), LR: 0.000068
[GPU cuda:1][TRAIN] Epoch: [9][2200/2480], Elapsed 10m 23s (remain 1m 19s), Accuracy: 60.000(72.313), Loss: 0.857(0.672), LR: 0.000068
[GPU cuda:1][TRAIN] Epoch: [9][2250/2480], Elapsed 10m 38s (remain 1m 4s), Accuracy: 60.000(72.208), Loss: 1.005(0.673), LR: 0.000068
[GPU cuda:1][TRAIN] Epoch: [9][2300/2480], Elapsed 10m 52s (remain 0m 50s), Accuracy: 80.000(72.282), Loss: 0.517(0.673), LR: 0.000068
[GPU cuda:1][TRAIN] Epoch: [9][2350/2480], Elapsed 11m 6s (remain 0m 36s), Accuracy: 100.000(72.318), Loss: 0.518(0.674), LR: 0.000068
[GPU cuda:1][TRAIN] Epoch: [9][2400/2480], Elapsed 11m 20s (remain 0m 22s), Accuracy: 60.000(72.420), Loss: 1.047(0.671), LR: 0.000068
[GPU cuda:1][TRAIN] Epoch: [9][2450/2480], Elapsed 11m 34s (remain 0m 8s), Accuracy: 100.000(72.468), Loss: 0.624(0.670), LR: 0.000068
[GPU cuda:1][TRAIN] Epoch: [9][2479/2480], Elapsed 11m 42s (remain 0m 0s), Accuracy: 40.000(72.468), Loss: 1.456(0.670), LR: 0.000068
[GPU cuda:1][VALID][0/97], Elapsed 0m 1s (remain 2m 13s), Accuracy: 62.500(62.500), Batch Loss: 1.1501, Average Loss: 1.1501
[GPU cuda:1][VALID][50/97], Elapsed 0m 48s (remain 0m 43s), Accuracy: 90.625(68.260), Batch Loss: 0.3543, Average Loss: 0.8888
[GPU cuda:1][VALID][96/97], Elapsed 1m 32s (remain 0m 0s), Accuracy: 82.143(67.406), Batch Loss: 0.5728, Average Loss: 0.9271
Valid Labels Samples: [2 0 1 4 1 0 3 1 4 3]
Valid Predictions Samples: [2, 0, 2, 3, 1, 0, 3, 1, 3, 0]
Epoch 9 - Train Average Loss: 72.468, Valid Average Loss: 67.406, Epoch Time: 797.154s
Epoch 9 - Accuracy: 0.674, Precision: 0.697, Recall: 0.674
[GPU cuda:1][TRAIN] Epoch: [10][0/2480], Elapsed 0m 0s (remain 25m 56s), Accuracy: 80.000(80.000), Loss: 1.085(1.085), LR: 0.000068
[GPU cuda:1][TRAIN] Epoch: [10][50/2480], Elapsed 0m 15s (remain 11m 56s), Accuracy: 60.000(74.118), Loss: 1.095(0.614), LR: 0.000068
[GPU cuda:1][TRAIN] Epoch: [10][100/2480], Elapsed 0m 29s (remain 11m 29s), Accuracy: 80.000(73.861), Loss: 0.492(0.635), LR: 0.000068
[GPU cuda:1][TRAIN] Epoch: [10][150/2480], Elapsed 0m 43s (remain 11m 11s), Accuracy: 60.000(73.245), Loss: 0.922(0.641), LR: 0.000068
[GPU cuda:1][TRAIN] Epoch: [10][200/2480], Elapsed 0m 57s (remain 10m 54s), Accuracy: 80.000(73.532), Loss: 0.545(0.651), LR: 0.000068
[GPU cuda:1][TRAIN] Epoch: [10][250/2480], Elapsed 1m 11s (remain 10m 39s), Accuracy: 80.000(73.625), Loss: 0.241(0.648), LR: 0.000068
[GPU cuda:1][TRAIN] Epoch: [10][300/2480], Elapsed 1m 26s (remain 10m 23s), Accuracy: 0.000(73.289), Loss: 1.240(0.644), LR: 0.000068
[GPU cuda:1][TRAIN] Epoch: [10][350/2480], Elapsed 1m 40s (remain 10m 8s), Accuracy: 80.000(73.447), Loss: 0.305(0.640), LR: 0.000068
[GPU cuda:1][TRAIN] Epoch: [10][400/2480], Elapsed 1m 54s (remain 9m 54s), Accuracy: 60.000(73.716), Loss: 0.953(0.637), LR: 0.000068
[GPU cuda:1][TRAIN] Epoch: [10][450/2480], Elapsed 2m 8s (remain 9m 39s), Accuracy: 60.000(73.659), Loss: 0.609(0.643), LR: 0.000068
[GPU cuda:1][TRAIN] Epoch: [10][500/2480], Elapsed 2m 22s (remain 9m 24s), Accuracy: 60.000(73.733), Loss: 0.955(0.634), LR: 0.000068
[GPU cuda:1][TRAIN] Epoch: [10][550/2480], Elapsed 2m 37s (remain 9m 10s), Accuracy: 100.000(73.430), Loss: 0.072(0.642), LR: 0.000068
[GPU cuda:1][TRAIN] Epoch: [10][600/2480], Elapsed 2m 51s (remain 8m 55s), Accuracy: 100.000(73.344), Loss: 0.059(0.645), LR: 0.000068
[GPU cuda:1][TRAIN] Epoch: [10][650/2480], Elapsed 3m 5s (remain 8m 41s), Accuracy: 80.000(73.548), Loss: 0.638(0.641), LR: 0.000068
[GPU cuda:1][TRAIN] Epoch: [10][700/2480], Elapsed 3m 19s (remain 8m 27s), Accuracy: 100.000(73.210), Loss: 0.287(0.646), LR: 0.000068
[GPU cuda:1][TRAIN] Epoch: [10][750/2480], Elapsed 3m 34s (remain 8m 12s), Accuracy: 80.000(72.996), Loss: 0.489(0.649), LR: 0.000068
[GPU cuda:1][TRAIN] Epoch: [10][800/2480], Elapsed 3m 48s (remain 7m 58s), Accuracy: 80.000(73.408), Loss: 0.362(0.641), LR: 0.000067
[GPU cuda:1][TRAIN] Epoch: [10][850/2480], Elapsed 4m 2s (remain 7m 44s), Accuracy: 60.000(73.678), Loss: 0.814(0.636), LR: 0.000067
[GPU cuda:1][TRAIN] Epoch: [10][900/2480], Elapsed 4m 16s (remain 7m 29s), Accuracy: 60.000(73.629), Loss: 0.885(0.637), LR: 0.000067
[GPU cuda:1][TRAIN] Epoch: [10][950/2480], Elapsed 4m 30s (remain 7m 15s), Accuracy: 60.000(73.775), Loss: 0.874(0.633), LR: 0.000067
[GPU cuda:1][TRAIN] Epoch: [10][1000/2480], Elapsed 4m 45s (remain 7m 1s), Accuracy: 60.000(73.806), Loss: 1.073(0.631), LR: 0.000067
[GPU cuda:1][TRAIN] Epoch: [10][1050/2480], Elapsed 4m 59s (remain 6m 47s), Accuracy: 60.000(73.968), Loss: 0.947(0.630), LR: 0.000067
[GPU cuda:1][TRAIN] Epoch: [10][1100/2480], Elapsed 5m 13s (remain 6m 32s), Accuracy: 100.000(74.187), Loss: 0.249(0.625), LR: 0.000067
[GPU cuda:1][TRAIN] Epoch: [10][1150/2480], Elapsed 5m 27s (remain 6m 18s), Accuracy: 60.000(74.231), Loss: 1.036(0.624), LR: 0.000067
[GPU cuda:1][TRAIN] Epoch: [10][1200/2480], Elapsed 5m 42s (remain 6m 4s), Accuracy: 100.000(74.438), Loss: 0.446(0.620), LR: 0.000067
[GPU cuda:1][TRAIN] Epoch: [10][1250/2480], Elapsed 5m 56s (remain 5m 49s), Accuracy: 80.000(74.516), Loss: 0.482(0.618), LR: 0.000067
[GPU cuda:1][TRAIN] Epoch: [10][1300/2480], Elapsed 6m 10s (remain 5m 35s), Accuracy: 60.000(74.543), Loss: 0.952(0.616), LR: 0.000067
[GPU cuda:1][TRAIN] Epoch: [10][1350/2480], Elapsed 6m 24s (remain 5m 21s), Accuracy: 100.000(74.700), Loss: 0.054(0.613), LR: 0.000067
[GPU cuda:1][TRAIN] Epoch: [10][1400/2480], Elapsed 6m 38s (remain 5m 7s), Accuracy: 60.000(74.675), Loss: 0.541(0.614), LR: 0.000067
[GPU cuda:1][TRAIN] Epoch: [10][1450/2480], Elapsed 6m 53s (remain 4m 52s), Accuracy: 80.000(74.638), Loss: 0.545(0.615), LR: 0.000067
[GPU cuda:1][TRAIN] Epoch: [10][1500/2480], Elapsed 7m 7s (remain 4m 38s), Accuracy: 100.000(74.470), Loss: 0.176(0.618), LR: 0.000067
[GPU cuda:1][TRAIN] Epoch: [10][1550/2480], Elapsed 7m 21s (remain 4m 24s), Accuracy: 100.000(74.429), Loss: 0.314(0.619), LR: 0.000067
[GPU cuda:1][TRAIN] Epoch: [10][1600/2480], Elapsed 7m 35s (remain 4m 10s), Accuracy: 100.000(74.416), Loss: 0.355(0.619), LR: 0.000067
[GPU cuda:1][TRAIN] Epoch: [10][1650/2480], Elapsed 7m 50s (remain 3m 56s), Accuracy: 100.000(74.525), Loss: 0.256(0.616), LR: 0.000067
[GPU cuda:1][TRAIN] Epoch: [10][1700/2480], Elapsed 8m 4s (remain 3m 41s), Accuracy: 80.000(74.568), Loss: 0.496(0.616), LR: 0.000067
[GPU cuda:1][TRAIN] Epoch: [10][1750/2480], Elapsed 8m 18s (remain 3m 27s), Accuracy: 60.000(74.666), Loss: 1.154(0.614), LR: 0.000067
[GPU cuda:1][TRAIN] Epoch: [10][1800/2480], Elapsed 8m 32s (remain 3m 13s), Accuracy: 80.000(74.625), Loss: 0.341(0.614), LR: 0.000067
[GPU cuda:1][TRAIN] Epoch: [10][1850/2480], Elapsed 8m 47s (remain 2m 59s), Accuracy: 60.000(74.543), Loss: 0.844(0.614), LR: 0.000067
[GPU cuda:1][TRAIN] Epoch: [10][1900/2480], Elapsed 9m 1s (remain 2m 44s), Accuracy: 60.000(74.498), Loss: 0.658(0.614), LR: 0.000067
[GPU cuda:1][TRAIN] Epoch: [10][1950/2480], Elapsed 9m 15s (remain 2m 30s), Accuracy: 100.000(74.362), Loss: 0.281(0.617), LR: 0.000067
[GPU cuda:1][TRAIN] Epoch: [10][2000/2480], Elapsed 9m 29s (remain 2m 16s), Accuracy: 80.000(74.443), Loss: 0.550(0.615), LR: 0.000067
[GPU cuda:1][TRAIN] Epoch: [10][2050/2480], Elapsed 9m 44s (remain 2m 2s), Accuracy: 80.000(74.451), Loss: 1.061(0.617), LR: 0.000067
[GPU cuda:1][TRAIN] Epoch: [10][2100/2480], Elapsed 9m 58s (remain 1m 47s), Accuracy: 80.000(74.593), Loss: 0.616(0.614), LR: 0.000067
[GPU cuda:1][TRAIN] Epoch: [10][2150/2480], Elapsed 10m 12s (remain 1m 33s), Accuracy: 100.000(74.654), Loss: 0.308(0.612), LR: 0.000067
[GPU cuda:1][TRAIN] Epoch: [10][2200/2480], Elapsed 10m 26s (remain 1m 19s), Accuracy: 40.000(74.621), Loss: 1.750(0.613), LR: 0.000067
[GPU cuda:1][TRAIN] Epoch: [10][2250/2480], Elapsed 10m 41s (remain 1m 5s), Accuracy: 60.000(74.456), Loss: 0.727(0.616), LR: 0.000066
[GPU cuda:1][TRAIN] Epoch: [10][2300/2480], Elapsed 10m 55s (remain 0m 50s), Accuracy: 60.000(74.498), Loss: 0.782(0.616), LR: 0.000066
[GPU cuda:1][TRAIN] Epoch: [10][2350/2480], Elapsed 11m 9s (remain 0m 36s), Accuracy: 80.000(74.453), Loss: 0.432(0.618), LR: 0.000066
[GPU cuda:1][TRAIN] Epoch: [10][2400/2480], Elapsed 11m 23s (remain 0m 22s), Accuracy: 80.000(74.569), Loss: 0.772(0.617), LR: 0.000066
[GPU cuda:1][TRAIN] Epoch: [10][2450/2480], Elapsed 11m 38s (remain 0m 8s), Accuracy: 100.000(74.696), Loss: 0.313(0.615), LR: 0.000066
[GPU cuda:1][TRAIN] Epoch: [10][2479/2480], Elapsed 11m 46s (remain 0m 0s), Accuracy: 40.000(74.694), Loss: 1.275(0.614), LR: 0.000066
[GPU cuda:1][VALID][0/97], Elapsed 0m 1s (remain 2m 11s), Accuracy: 75.000(75.000), Batch Loss: 0.7788, Average Loss: 0.7788
[GPU cuda:1][VALID][50/97], Elapsed 0m 48s (remain 0m 44s), Accuracy: 78.125(71.814), Batch Loss: 0.5820, Average Loss: 0.7553
[GPU cuda:1][VALID][96/97], Elapsed 1m 33s (remain 0m 0s), Accuracy: 75.000(71.456), Batch Loss: 0.5976, Average Loss: 0.7724
Valid Labels Samples: [2 0 1 4 1 0 3 1 4 3]
Valid Predictions Samples: [2, 0, 1, 3, 1, 1, 3, 1, 3, 0]
Epoch 10 - Train Average Loss: 74.694, Valid Average Loss: 71.456, Epoch Time: 801.628s
Epoch 10 - Accuracy: 0.715, Precision: 0.714, Recall: 0.715
[GPU cuda:1][TRAIN] Epoch: [11][0/2480], Elapsed 0m 0s (remain 26m 41s), Accuracy: 80.000(80.000), Loss: 0.369(0.369), LR: 0.000066
[GPU cuda:1][TRAIN] Epoch: [11][50/2480], Elapsed 0m 15s (remain 11m 59s), Accuracy: 40.000(76.078), Loss: 0.884(0.577), LR: 0.000066
[GPU cuda:1][TRAIN] Epoch: [11][100/2480], Elapsed 0m 29s (remain 11m 33s), Accuracy: 80.000(76.832), Loss: 0.458(0.572), LR: 0.000066
[GPU cuda:1][TRAIN] Epoch: [11][150/2480], Elapsed 0m 43s (remain 11m 13s), Accuracy: 20.000(74.967), Loss: 1.067(0.598), LR: 0.000066
[GPU cuda:1][TRAIN] Epoch: [11][200/2480], Elapsed 0m 57s (remain 10m 56s), Accuracy: 80.000(73.930), Loss: 0.875(0.624), LR: 0.000066
[GPU cuda:1][TRAIN] Epoch: [11][250/2480], Elapsed 1m 12s (remain 10m 41s), Accuracy: 100.000(75.139), Loss: 0.145(0.616), LR: 0.000066
[GPU cuda:1][TRAIN] Epoch: [11][300/2480], Elapsed 1m 26s (remain 10m 25s), Accuracy: 40.000(75.150), Loss: 1.173(0.613), LR: 0.000066
[GPU cuda:1][TRAIN] Epoch: [11][350/2480], Elapsed 1m 40s (remain 10m 10s), Accuracy: 100.000(75.499), Loss: 0.050(0.601), LR: 0.000066
[GPU cuda:1][TRAIN] Epoch: [11][400/2480], Elapsed 1m 54s (remain 9m 55s), Accuracy: 80.000(75.810), Loss: 0.732(0.588), LR: 0.000066
[GPU cuda:1][TRAIN] Epoch: [11][450/2480], Elapsed 2m 9s (remain 9m 40s), Accuracy: 80.000(75.565), Loss: 0.803(0.596), LR: 0.000066
[GPU cuda:1][TRAIN] Epoch: [11][500/2480], Elapsed 2m 23s (remain 9m 26s), Accuracy: 40.000(75.649), Loss: 1.493(0.591), LR: 0.000066
[GPU cuda:1][TRAIN] Epoch: [11][550/2480], Elapsed 2m 37s (remain 9m 11s), Accuracy: 100.000(75.499), Loss: 0.211(0.599), LR: 0.000066
[GPU cuda:1][TRAIN] Epoch: [11][600/2480], Elapsed 2m 51s (remain 8m 57s), Accuracy: 80.000(75.374), Loss: 0.336(0.603), LR: 0.000066
[GPU cuda:1][TRAIN] Epoch: [11][650/2480], Elapsed 3m 6s (remain 8m 42s), Accuracy: 100.000(75.607), Loss: 0.082(0.603), LR: 0.000066
[GPU cuda:1][TRAIN] Epoch: [11][700/2480], Elapsed 3m 20s (remain 8m 28s), Accuracy: 60.000(75.178), Loss: 0.525(0.609), LR: 0.000066
[GPU cuda:1][TRAIN] Epoch: [11][750/2480], Elapsed 3m 34s (remain 8m 13s), Accuracy: 60.000(75.233), Loss: 0.537(0.608), LR: 0.000066
[GPU cuda:1][TRAIN] Epoch: [11][800/2480], Elapsed 3m 48s (remain 7m 59s), Accuracy: 100.000(75.456), Loss: 0.095(0.603), LR: 0.000066
[GPU cuda:1][TRAIN] Epoch: [11][850/2480], Elapsed 4m 3s (remain 7m 45s), Accuracy: 80.000(75.605), Loss: 0.604(0.600), LR: 0.000066
[GPU cuda:1][TRAIN] Epoch: [11][900/2480], Elapsed 4m 17s (remain 7m 30s), Accuracy: 60.000(75.738), Loss: 0.946(0.598), LR: 0.000066
[GPU cuda:1][TRAIN] Epoch: [11][950/2480], Elapsed 4m 31s (remain 7m 16s), Accuracy: 80.000(76.067), Loss: 0.552(0.593), LR: 0.000066
[GPU cuda:1][TRAIN] Epoch: [11][1000/2480], Elapsed 4m 45s (remain 7m 2s), Accuracy: 80.000(76.184), Loss: 0.715(0.592), LR: 0.000065
[GPU cuda:1][TRAIN] Epoch: [11][1050/2480], Elapsed 4m 59s (remain 6m 47s), Accuracy: 60.000(76.308), Loss: 0.826(0.591), LR: 0.000065
[GPU cuda:1][TRAIN] Epoch: [11][1100/2480], Elapsed 5m 14s (remain 6m 33s), Accuracy: 100.000(76.440), Loss: 0.270(0.587), LR: 0.000065
[GPU cuda:1][TRAIN] Epoch: [11][1150/2480], Elapsed 5m 28s (remain 6m 19s), Accuracy: 80.000(76.368), Loss: 0.684(0.588), LR: 0.000065
[GPU cuda:1][TRAIN] Epoch: [11][1200/2480], Elapsed 5m 42s (remain 6m 4s), Accuracy: 100.000(76.420), Loss: 0.223(0.584), LR: 0.000065
[GPU cuda:1][TRAIN] Epoch: [11][1250/2480], Elapsed 5m 56s (remain 5m 50s), Accuracy: 40.000(76.227), Loss: 1.265(0.586), LR: 0.000065
[GPU cuda:1][TRAIN] Epoch: [11][1300/2480], Elapsed 6m 11s (remain 5m 36s), Accuracy: 80.000(76.280), Loss: 0.751(0.585), LR: 0.000065
[GPU cuda:1][TRAIN] Epoch: [11][1350/2480], Elapsed 6m 25s (remain 5m 22s), Accuracy: 80.000(76.521), Loss: 0.336(0.581), LR: 0.000065
[GPU cuda:1][TRAIN] Epoch: [11][1400/2480], Elapsed 6m 39s (remain 5m 7s), Accuracy: 80.000(76.474), Loss: 0.445(0.582), LR: 0.000065
[GPU cuda:1][TRAIN] Epoch: [11][1450/2480], Elapsed 6m 53s (remain 4m 53s), Accuracy: 80.000(76.416), Loss: 0.453(0.582), LR: 0.000065
[GPU cuda:1][TRAIN] Epoch: [11][1500/2480], Elapsed 7m 8s (remain 4m 39s), Accuracy: 100.000(76.469), Loss: 0.103(0.582), LR: 0.000065
[GPU cuda:1][TRAIN] Epoch: [11][1550/2480], Elapsed 7m 22s (remain 4m 25s), Accuracy: 80.000(76.364), Loss: 0.432(0.582), LR: 0.000065
[GPU cuda:1][TRAIN] Epoch: [11][1600/2480], Elapsed 7m 36s (remain 4m 10s), Accuracy: 80.000(76.452), Loss: 0.334(0.581), LR: 0.000065
[GPU cuda:1][TRAIN] Epoch: [11][1650/2480], Elapsed 7m 51s (remain 3m 56s), Accuracy: 80.000(76.572), Loss: 0.341(0.577), LR: 0.000065
[GPU cuda:1][TRAIN] Epoch: [11][1700/2480], Elapsed 8m 5s (remain 3m 42s), Accuracy: 60.000(76.673), Loss: 0.695(0.577), LR: 0.000065
[GPU cuda:1][TRAIN] Epoch: [11][1750/2480], Elapsed 8m 19s (remain 3m 27s), Accuracy: 60.000(76.642), Loss: 0.603(0.579), LR: 0.000065
[GPU cuda:1][TRAIN] Epoch: [11][1800/2480], Elapsed 8m 33s (remain 3m 13s), Accuracy: 80.000(76.613), Loss: 0.319(0.578), LR: 0.000065
[GPU cuda:1][TRAIN] Epoch: [11][1850/2480], Elapsed 8m 47s (remain 2m 59s), Accuracy: 60.000(76.564), Loss: 0.513(0.577), LR: 0.000065
[GPU cuda:1][TRAIN] Epoch: [11][1900/2480], Elapsed 9m 2s (remain 2m 45s), Accuracy: 60.000(76.497), Loss: 0.876(0.578), LR: 0.000065
[GPU cuda:1][TRAIN] Epoch: [11][1950/2480], Elapsed 9m 16s (remain 2m 30s), Accuracy: 100.000(76.381), Loss: 0.216(0.579), LR: 0.000065
[GPU cuda:1][TRAIN] Epoch: [11][2000/2480], Elapsed 9m 30s (remain 2m 16s), Accuracy: 100.000(76.432), Loss: 0.324(0.579), LR: 0.000065
[GPU cuda:1][TRAIN] Epoch: [11][2050/2480], Elapsed 9m 44s (remain 2m 2s), Accuracy: 20.000(76.363), Loss: 1.290(0.579), LR: 0.000065
[GPU cuda:1][TRAIN] Epoch: [11][2100/2480], Elapsed 9m 59s (remain 1m 48s), Accuracy: 80.000(76.516), Loss: 0.413(0.575), LR: 0.000064
[GPU cuda:1][TRAIN] Epoch: [11][2150/2480], Elapsed 10m 13s (remain 1m 33s), Accuracy: 80.000(76.634), Loss: 0.422(0.574), LR: 0.000064
[GPU cuda:1][TRAIN] Epoch: [11][2200/2480], Elapsed 10m 27s (remain 1m 19s), Accuracy: 60.000(76.665), Loss: 0.631(0.572), LR: 0.000064
[GPU cuda:1][TRAIN] Epoch: [11][2250/2480], Elapsed 10m 41s (remain 1m 5s), Accuracy: 80.000(76.588), Loss: 0.533(0.573), LR: 0.000064
[GPU cuda:1][TRAIN] Epoch: [11][2300/2480], Elapsed 10m 55s (remain 0m 51s), Accuracy: 80.000(76.610), Loss: 0.409(0.573), LR: 0.000064
[GPU cuda:1][TRAIN] Epoch: [11][2350/2480], Elapsed 11m 9s (remain 0m 36s), Accuracy: 100.000(76.606), Loss: 0.337(0.574), LR: 0.000064
[GPU cuda:1][TRAIN] Epoch: [11][2400/2480], Elapsed 11m 24s (remain 0m 22s), Accuracy: 60.000(76.651), Loss: 0.532(0.574), LR: 0.000064
[GPU cuda:1][TRAIN] Epoch: [11][2450/2480], Elapsed 11m 38s (remain 0m 8s), Accuracy: 100.000(76.744), Loss: 0.302(0.574), LR: 0.000064
[GPU cuda:1][TRAIN] Epoch: [11][2479/2480], Elapsed 11m 46s (remain 0m 0s), Accuracy: 40.000(76.710), Loss: 1.765(0.574), LR: 0.000064
[GPU cuda:1][VALID][0/97], Elapsed 0m 1s (remain 2m 15s), Accuracy: 56.250(56.250), Batch Loss: 1.1098, Average Loss: 1.1098
[GPU cuda:1][VALID][50/97], Elapsed 0m 48s (remain 0m 43s), Accuracy: 68.750(69.485), Batch Loss: 0.6839, Average Loss: 0.7803
[GPU cuda:1][VALID][96/97], Elapsed 1m 32s (remain 0m 0s), Accuracy: 75.000(69.265), Batch Loss: 0.5989, Average Loss: 0.8006
Valid Labels Samples: [2 0 1 4 1 0 3 1 4 3]
Valid Predictions Samples: [2, 0, 2, 3, 1, 0, 3, 1, 3, 0]
Epoch 11 - Train Average Loss: 76.710, Valid Average Loss: 69.265, Epoch Time: 801.127s
Epoch 11 - Accuracy: 0.693, Precision: 0.697, Recall: 0.693
[GPU cuda:1][TRAIN] Epoch: [12][0/2480], Elapsed 0m 0s (remain 26m 31s), Accuracy: 80.000(80.000), Loss: 0.484(0.484), LR: 0.000064
[GPU cuda:1][TRAIN] Epoch: [12][50/2480], Elapsed 0m 15s (remain 11m 56s), Accuracy: 60.000(78.824), Loss: 0.711(0.507), LR: 0.000064
[GPU cuda:1][TRAIN] Epoch: [12][100/2480], Elapsed 0m 29s (remain 11m 29s), Accuracy: 80.000(80.000), Loss: 0.315(0.488), LR: 0.000064
[GPU cuda:1][TRAIN] Epoch: [12][150/2480], Elapsed 0m 43s (remain 11m 10s), Accuracy: 40.000(79.868), Loss: 1.002(0.516), LR: 0.000064
[GPU cuda:1][TRAIN] Epoch: [12][200/2480], Elapsed 0m 57s (remain 10m 53s), Accuracy: 100.000(79.104), Loss: 0.373(0.532), LR: 0.000064
[GPU cuda:1][TRAIN] Epoch: [12][250/2480], Elapsed 1m 11s (remain 10m 38s), Accuracy: 100.000(79.124), Loss: 0.073(0.528), LR: 0.000064
[GPU cuda:1][TRAIN] Epoch: [12][300/2480], Elapsed 1m 26s (remain 10m 22s), Accuracy: 40.000(79.003), Loss: 1.017(0.530), LR: 0.000064
[GPU cuda:1][TRAIN] Epoch: [12][350/2480], Elapsed 1m 40s (remain 10m 7s), Accuracy: 100.000(78.917), Loss: 0.101(0.533), LR: 0.000064
[GPU cuda:1][TRAIN] Epoch: [12][400/2480], Elapsed 1m 54s (remain 9m 53s), Accuracy: 80.000(79.601), Loss: 0.350(0.524), LR: 0.000064
[GPU cuda:1][TRAIN] Epoch: [12][450/2480], Elapsed 2m 8s (remain 9m 38s), Accuracy: 40.000(79.512), Loss: 1.091(0.525), LR: 0.000064
[GPU cuda:1][TRAIN] Epoch: [12][500/2480], Elapsed 2m 22s (remain 9m 23s), Accuracy: 60.000(79.242), Loss: 1.231(0.524), LR: 0.000064
[GPU cuda:1][TRAIN] Epoch: [12][550/2480], Elapsed 2m 36s (remain 9m 9s), Accuracy: 100.000(78.838), Loss: 0.126(0.537), LR: 0.000064
[GPU cuda:1][TRAIN] Epoch: [12][600/2480], Elapsed 2m 51s (remain 8m 54s), Accuracy: 100.000(78.702), Loss: 0.228(0.539), LR: 0.000064
[GPU cuda:1][TRAIN] Epoch: [12][650/2480], Elapsed 3m 5s (remain 8m 40s), Accuracy: 100.000(78.802), Loss: 0.059(0.540), LR: 0.000063
[GPU cuda:1][TRAIN] Epoch: [12][700/2480], Elapsed 3m 19s (remain 8m 25s), Accuracy: 100.000(78.659), Loss: 0.238(0.546), LR: 0.000063
[GPU cuda:1][TRAIN] Epoch: [12][750/2480], Elapsed 3m 33s (remain 8m 11s), Accuracy: 80.000(78.455), Loss: 0.343(0.547), LR: 0.000063
[GPU cuda:1][TRAIN] Epoch: [12][800/2480], Elapsed 3m 47s (remain 7m 57s), Accuracy: 100.000(78.702), Loss: 0.079(0.542), LR: 0.000063
[GPU cuda:1][TRAIN] Epoch: [12][850/2480], Elapsed 4m 1s (remain 7m 43s), Accuracy: 80.000(78.754), Loss: 0.431(0.540), LR: 0.000063
[GPU cuda:1][TRAIN] Epoch: [12][900/2480], Elapsed 4m 16s (remain 7m 28s), Accuracy: 40.000(78.535), Loss: 0.838(0.545), LR: 0.000063
[GPU cuda:1][TRAIN] Epoch: [12][950/2480], Elapsed 4m 30s (remain 7m 14s), Accuracy: 80.000(78.696), Loss: 0.631(0.543), LR: 0.000063
[GPU cuda:1][TRAIN] Epoch: [12][1000/2480], Elapsed 4m 44s (remain 7m 0s), Accuracy: 80.000(78.581), Loss: 0.606(0.544), LR: 0.000063
[GPU cuda:1][TRAIN] Epoch: [12][1050/2480], Elapsed 4m 58s (remain 6m 46s), Accuracy: 80.000(78.744), Loss: 0.338(0.541), LR: 0.000063
[GPU cuda:1][TRAIN] Epoch: [12][1100/2480], Elapsed 5m 12s (remain 6m 31s), Accuracy: 100.000(78.856), Loss: 0.288(0.537), LR: 0.000063
[GPU cuda:1][TRAIN] Epoch: [12][1150/2480], Elapsed 5m 26s (remain 6m 17s), Accuracy: 40.000(78.749), Loss: 0.826(0.538), LR: 0.000063
[GPU cuda:1][TRAIN] Epoch: [12][1200/2480], Elapsed 5m 41s (remain 6m 3s), Accuracy: 80.000(78.918), Loss: 0.371(0.532), LR: 0.000063
[GPU cuda:1][TRAIN] Epoch: [12][1250/2480], Elapsed 5m 55s (remain 5m 49s), Accuracy: 40.000(78.801), Loss: 0.945(0.534), LR: 0.000063
[GPU cuda:1][TRAIN] Epoch: [12][1300/2480], Elapsed 6m 9s (remain 5m 34s), Accuracy: 80.000(78.832), Loss: 0.601(0.533), LR: 0.000063
[GPU cuda:1][TRAIN] Epoch: [12][1350/2480], Elapsed 6m 23s (remain 5m 20s), Accuracy: 80.000(79.008), Loss: 0.206(0.529), LR: 0.000063
[GPU cuda:1][TRAIN] Epoch: [12][1400/2480], Elapsed 6m 37s (remain 5m 6s), Accuracy: 100.000(78.929), Loss: 0.079(0.530), LR: 0.000063
[GPU cuda:1][TRAIN] Epoch: [12][1450/2480], Elapsed 6m 51s (remain 4m 52s), Accuracy: 80.000(78.966), Loss: 0.652(0.529), LR: 0.000063
[GPU cuda:1][TRAIN] Epoch: [12][1500/2480], Elapsed 7m 6s (remain 4m 37s), Accuracy: 100.000(79.054), Loss: 0.106(0.528), LR: 0.000063
[GPU cuda:1][TRAIN] Epoch: [12][1550/2480], Elapsed 7m 20s (remain 4m 23s), Accuracy: 80.000(79.136), Loss: 0.483(0.526), LR: 0.000063
[GPU cuda:1][TRAIN] Epoch: [12][1600/2480], Elapsed 7m 34s (remain 4m 9s), Accuracy: 80.000(79.063), Loss: 0.279(0.525), LR: 0.000062
[GPU cuda:1][TRAIN] Epoch: [12][1650/2480], Elapsed 7m 48s (remain 3m 55s), Accuracy: 100.000(79.164), Loss: 0.243(0.523), LR: 0.000062
[GPU cuda:1][TRAIN] Epoch: [12][1700/2480], Elapsed 8m 2s (remain 3m 41s), Accuracy: 80.000(79.259), Loss: 0.415(0.522), LR: 0.000062
[GPU cuda:1][TRAIN] Epoch: [12][1750/2480], Elapsed 8m 16s (remain 3m 26s), Accuracy: 60.000(79.360), Loss: 0.716(0.520), LR: 0.000062
[GPU cuda:1][TRAIN] Epoch: [12][1800/2480], Elapsed 8m 30s (remain 3m 12s), Accuracy: 80.000(79.311), Loss: 0.424(0.522), LR: 0.000062
[GPU cuda:1][TRAIN] Epoch: [12][1850/2480], Elapsed 8m 45s (remain 2m 58s), Accuracy: 80.000(79.341), Loss: 0.312(0.521), LR: 0.000062
[GPU cuda:1][TRAIN] Epoch: [12][1900/2480], Elapsed 8m 59s (remain 2m 44s), Accuracy: 100.000(79.379), Loss: 0.209(0.522), LR: 0.000062
[GPU cuda:1][TRAIN] Epoch: [12][1950/2480], Elapsed 9m 13s (remain 2m 30s), Accuracy: 60.000(79.067), Loss: 0.797(0.527), LR: 0.000062
[GPU cuda:1][TRAIN] Epoch: [12][2000/2480], Elapsed 9m 27s (remain 2m 15s), Accuracy: 60.000(79.010), Loss: 0.596(0.529), LR: 0.000062
[GPU cuda:1][TRAIN] Epoch: [12][2050/2480], Elapsed 9m 41s (remain 2m 1s), Accuracy: 100.000(79.035), Loss: 0.618(0.530), LR: 0.000062
[GPU cuda:1][TRAIN] Epoch: [12][2100/2480], Elapsed 9m 55s (remain 1m 47s), Accuracy: 80.000(79.181), Loss: 0.588(0.527), LR: 0.000062
[GPU cuda:1][TRAIN] Epoch: [12][2150/2480], Elapsed 10m 9s (remain 1m 33s), Accuracy: 80.000(79.200), Loss: 0.337(0.526), LR: 0.000062
[GPU cuda:1][TRAIN] Epoch: [12][2200/2480], Elapsed 10m 24s (remain 1m 19s), Accuracy: 80.000(79.146), Loss: 0.397(0.526), LR: 0.000062
[GPU cuda:1][TRAIN] Epoch: [12][2250/2480], Elapsed 10m 38s (remain 1m 4s), Accuracy: 80.000(79.058), Loss: 1.175(0.527), LR: 0.000062
[GPU cuda:1][TRAIN] Epoch: [12][2300/2480], Elapsed 10m 52s (remain 0m 50s), Accuracy: 60.000(79.061), Loss: 0.785(0.527), LR: 0.000062
[GPU cuda:1][TRAIN] Epoch: [12][2350/2480], Elapsed 11m 6s (remain 0m 36s), Accuracy: 100.000(79.073), Loss: 0.322(0.527), LR: 0.000062
[GPU cuda:1][TRAIN] Epoch: [12][2400/2480], Elapsed 11m 20s (remain 0m 22s), Accuracy: 80.000(79.142), Loss: 0.615(0.526), LR: 0.000062
[GPU cuda:1][TRAIN] Epoch: [12][2450/2480], Elapsed 11m 35s (remain 0m 8s), Accuracy: 60.000(79.241), Loss: 0.529(0.523), LR: 0.000062
[GPU cuda:1][TRAIN] Epoch: [12][2479/2480], Elapsed 11m 43s (remain 0m 0s), Accuracy: 60.000(79.290), Loss: 1.241(0.522), LR: 0.000062
[GPU cuda:1][VALID][0/97], Elapsed 0m 1s (remain 2m 16s), Accuracy: 68.750(68.750), Batch Loss: 1.2336, Average Loss: 1.2336
[GPU cuda:1][VALID][50/97], Elapsed 0m 48s (remain 0m 44s), Accuracy: 71.875(70.404), Batch Loss: 0.6226, Average Loss: 0.8666
[GPU cuda:1][VALID][96/97], Elapsed 1m 32s (remain 0m 0s), Accuracy: 71.429(70.195), Batch Loss: 0.7950, Average Loss: 0.8767
Valid Labels Samples: [2 0 1 4 1 0 3 1 4 3]
Valid Predictions Samples: [2, 0, 1, 3, 1, 0, 3, 1, 3, 0]
Epoch 12 - Train Average Loss: 79.290, Valid Average Loss: 70.195, Epoch Time: 798.362s
Epoch 12 - Accuracy: 0.702, Precision: 0.703, Recall: 0.702
[GPU cuda:1][TRAIN] Epoch: [13][0/2480], Elapsed 0m 0s (remain 26m 48s), Accuracy: 80.000(80.000), Loss: 0.485(0.485), LR: 0.000062
[GPU cuda:1][TRAIN] Epoch: [13][50/2480], Elapsed 0m 15s (remain 11m 58s), Accuracy: 40.000(78.824), Loss: 0.880(0.472), LR: 0.000061
[GPU cuda:1][TRAIN] Epoch: [13][100/2480], Elapsed 0m 29s (remain 11m 31s), Accuracy: 60.000(79.208), Loss: 0.795(0.486), LR: 0.000061
[GPU cuda:1][TRAIN] Epoch: [13][150/2480], Elapsed 0m 43s (remain 11m 12s), Accuracy: 60.000(79.735), Loss: 0.882(0.501), LR: 0.000061
[GPU cuda:1][TRAIN] Epoch: [13][200/2480], Elapsed 0m 57s (remain 10m 55s), Accuracy: 100.000(79.801), Loss: 0.256(0.503), LR: 0.000061
[GPU cuda:1][TRAIN] Epoch: [13][250/2480], Elapsed 1m 12s (remain 10m 40s), Accuracy: 100.000(80.000), Loss: 0.074(0.504), LR: 0.000061
[GPU cuda:1][TRAIN] Epoch: [13][300/2480], Elapsed 1m 26s (remain 10m 25s), Accuracy: 60.000(80.399), Loss: 1.032(0.496), LR: 0.000061
[GPU cuda:1][TRAIN] Epoch: [13][350/2480], Elapsed 1m 40s (remain 10m 10s), Accuracy: 100.000(80.399), Loss: 0.169(0.491), LR: 0.000061
[GPU cuda:1][TRAIN] Epoch: [13][400/2480], Elapsed 1m 54s (remain 9m 55s), Accuracy: 60.000(80.798), Loss: 0.614(0.483), LR: 0.000061
[GPU cuda:1][TRAIN] Epoch: [13][450/2480], Elapsed 2m 9s (remain 9m 40s), Accuracy: 80.000(81.020), Loss: 0.541(0.484), LR: 0.000061
[GPU cuda:1][TRAIN] Epoch: [13][500/2480], Elapsed 2m 23s (remain 9m 26s), Accuracy: 40.000(80.918), Loss: 1.155(0.479), LR: 0.000061
[GPU cuda:1][TRAIN] Epoch: [13][550/2480], Elapsed 2m 37s (remain 9m 11s), Accuracy: 100.000(80.544), Loss: 0.077(0.495), LR: 0.000061
[GPU cuda:1][TRAIN] Epoch: [13][600/2480], Elapsed 2m 51s (remain 8m 57s), Accuracy: 100.000(80.300), Loss: 0.037(0.503), LR: 0.000061
[GPU cuda:1][TRAIN] Epoch: [13][650/2480], Elapsed 3m 6s (remain 8m 42s), Accuracy: 100.000(80.461), Loss: 0.037(0.504), LR: 0.000061
[GPU cuda:1][TRAIN] Epoch: [13][700/2480], Elapsed 3m 20s (remain 8m 28s), Accuracy: 100.000(80.114), Loss: 0.327(0.510), LR: 0.000061
[GPU cuda:1][TRAIN] Epoch: [13][750/2480], Elapsed 3m 34s (remain 8m 13s), Accuracy: 100.000(79.814), Loss: 0.177(0.514), LR: 0.000061
[GPU cuda:1][TRAIN] Epoch: [13][800/2480], Elapsed 3m 48s (remain 7m 59s), Accuracy: 100.000(80.150), Loss: 0.028(0.507), LR: 0.000061
[GPU cuda:1][TRAIN] Epoch: [13][850/2480], Elapsed 4m 2s (remain 7m 45s), Accuracy: 80.000(80.188), Loss: 0.453(0.507), LR: 0.000061
[GPU cuda:1][TRAIN] Epoch: [13][900/2480], Elapsed 4m 17s (remain 7m 30s), Accuracy: 80.000(80.200), Loss: 0.434(0.506), LR: 0.000060
[GPU cuda:1][TRAIN] Epoch: [13][950/2480], Elapsed 4m 31s (remain 7m 16s), Accuracy: 60.000(80.336), Loss: 0.661(0.502), LR: 0.000060
[GPU cuda:1][TRAIN] Epoch: [13][1000/2480], Elapsed 4m 45s (remain 7m 2s), Accuracy: 80.000(80.420), Loss: 0.602(0.500), LR: 0.000060
[GPU cuda:1][TRAIN] Epoch: [13][1050/2480], Elapsed 4m 59s (remain 6m 47s), Accuracy: 80.000(80.571), Loss: 0.444(0.498), LR: 0.000060
[GPU cuda:1][TRAIN] Epoch: [13][1100/2480], Elapsed 5m 14s (remain 6m 33s), Accuracy: 100.000(80.690), Loss: 0.170(0.492), LR: 0.000060
[GPU cuda:1][TRAIN] Epoch: [13][1150/2480], Elapsed 5m 28s (remain 6m 19s), Accuracy: 60.000(80.556), Loss: 0.619(0.493), LR: 0.000060
[GPU cuda:1][TRAIN] Epoch: [13][1200/2480], Elapsed 5m 42s (remain 6m 5s), Accuracy: 80.000(80.550), Loss: 0.369(0.493), LR: 0.000060
[GPU cuda:1][TRAIN] Epoch: [13][1250/2480], Elapsed 5m 57s (remain 5m 50s), Accuracy: 60.000(80.576), Loss: 0.744(0.492), LR: 0.000060
[GPU cuda:1][TRAIN] Epoch: [13][1300/2480], Elapsed 6m 11s (remain 5m 36s), Accuracy: 80.000(80.676), Loss: 0.458(0.490), LR: 0.000060
[GPU cuda:1][TRAIN] Epoch: [13][1350/2480], Elapsed 6m 25s (remain 5m 22s), Accuracy: 100.000(80.873), Loss: 0.082(0.486), LR: 0.000060
[GPU cuda:1][TRAIN] Epoch: [13][1400/2480], Elapsed 6m 39s (remain 5m 7s), Accuracy: 100.000(80.671), Loss: 0.182(0.490), LR: 0.000060
[GPU cuda:1][TRAIN] Epoch: [13][1450/2480], Elapsed 6m 54s (remain 4m 53s), Accuracy: 100.000(80.634), Loss: 0.166(0.491), LR: 0.000060
[GPU cuda:1][TRAIN] Epoch: [13][1500/2480], Elapsed 7m 8s (remain 4m 39s), Accuracy: 100.000(80.720), Loss: 0.165(0.492), LR: 0.000060
[GPU cuda:1][TRAIN] Epoch: [13][1550/2480], Elapsed 7m 22s (remain 4m 25s), Accuracy: 100.000(80.632), Loss: 0.336(0.493), LR: 0.000060
[GPU cuda:1][TRAIN] Epoch: [13][1600/2480], Elapsed 7m 36s (remain 4m 10s), Accuracy: 80.000(80.712), Loss: 0.254(0.493), LR: 0.000060
[GPU cuda:1][TRAIN] Epoch: [13][1650/2480], Elapsed 7m 51s (remain 3m 56s), Accuracy: 100.000(80.800), Loss: 0.197(0.490), LR: 0.000060
[GPU cuda:1][TRAIN] Epoch: [13][1700/2480], Elapsed 8m 5s (remain 3m 42s), Accuracy: 100.000(80.800), Loss: 0.385(0.490), LR: 0.000059
[GPU cuda:1][TRAIN] Epoch: [13][1750/2480], Elapsed 8m 19s (remain 3m 28s), Accuracy: 80.000(80.822), Loss: 0.718(0.488), LR: 0.000059
[GPU cuda:1][TRAIN] Epoch: [13][1800/2480], Elapsed 8m 33s (remain 3m 13s), Accuracy: 60.000(80.700), Loss: 0.495(0.490), LR: 0.000059
[GPU cuda:1][TRAIN] Epoch: [13][1850/2480], Elapsed 8m 48s (remain 2m 59s), Accuracy: 100.000(80.670), Loss: 0.281(0.491), LR: 0.000059
[GPU cuda:1][TRAIN] Epoch: [13][1900/2480], Elapsed 9m 2s (remain 2m 45s), Accuracy: 80.000(80.768), Loss: 0.374(0.488), LR: 0.000059
[GPU cuda:1][TRAIN] Epoch: [13][1950/2480], Elapsed 9m 16s (remain 2m 30s), Accuracy: 80.000(80.595), Loss: 0.647(0.492), LR: 0.000059
[GPU cuda:1][TRAIN] Epoch: [13][2000/2480], Elapsed 9m 30s (remain 2m 16s), Accuracy: 60.000(80.600), Loss: 0.796(0.492), LR: 0.000059
[GPU cuda:1][TRAIN] Epoch: [13][2050/2480], Elapsed 9m 45s (remain 2m 2s), Accuracy: 40.000(80.536), Loss: 0.971(0.493), LR: 0.000059
[GPU cuda:1][TRAIN] Epoch: [13][2100/2480], Elapsed 9m 59s (remain 1m 48s), Accuracy: 100.000(80.781), Loss: 0.072(0.488), LR: 0.000059
[GPU cuda:1][TRAIN] Epoch: [13][2150/2480], Elapsed 10m 13s (remain 1m 33s), Accuracy: 80.000(80.790), Loss: 0.425(0.486), LR: 0.000059
[GPU cuda:1][TRAIN] Epoch: [13][2200/2480], Elapsed 10m 27s (remain 1m 19s), Accuracy: 60.000(80.836), Loss: 0.502(0.486), LR: 0.000059
[GPU cuda:1][TRAIN] Epoch: [13][2250/2480], Elapsed 10m 42s (remain 1m 5s), Accuracy: 80.000(80.835), Loss: 0.567(0.486), LR: 0.000059
[GPU cuda:1][TRAIN] Epoch: [13][2300/2480], Elapsed 10m 56s (remain 0m 51s), Accuracy: 80.000(80.808), Loss: 0.418(0.487), LR: 0.000059
[GPU cuda:1][TRAIN] Epoch: [13][2350/2480], Elapsed 11m 10s (remain 0m 36s), Accuracy: 80.000(80.766), Loss: 0.315(0.488), LR: 0.000059
[GPU cuda:1][TRAIN] Epoch: [13][2400/2480], Elapsed 11m 24s (remain 0m 22s), Accuracy: 60.000(80.875), Loss: 0.671(0.485), LR: 0.000059
[GPU cuda:1][TRAIN] Epoch: [13][2450/2480], Elapsed 11m 39s (remain 0m 8s), Accuracy: 80.000(80.938), Loss: 0.321(0.484), LR: 0.000059
[GPU cuda:1][TRAIN] Epoch: [13][2479/2480], Elapsed 11m 47s (remain 0m 0s), Accuracy: 20.000(80.903), Loss: 1.500(0.483), LR: 0.000058
[GPU cuda:1][VALID][0/97], Elapsed 0m 1s (remain 2m 14s), Accuracy: 59.375(59.375), Batch Loss: 1.1829, Average Loss: 1.1829
[GPU cuda:1][VALID][50/97], Elapsed 0m 48s (remain 0m 44s), Accuracy: 81.250(68.995), Batch Loss: 0.4259, Average Loss: 0.8649
[GPU cuda:1][VALID][96/97], Elapsed 1m 32s (remain 0m 0s), Accuracy: 78.571(68.980), Batch Loss: 0.5718, Average Loss: 0.8746
Valid Labels Samples: [2 0 1 4 1 0 3 1 4 3]
Valid Predictions Samples: [2, 0, 3, 4, 1, 0, 3, 1, 3, 0]
Epoch 13 - Train Average Loss: 80.903, Valid Average Loss: 68.980, Epoch Time: 802.333s
Epoch 13 - Accuracy: 0.690, Precision: 0.695, Recall: 0.690
