[GPU 1]: Config File
{'id': 8, 'model_name': 'swin_large_patch4_window12_384_in22k', 'dropout': 0.5, 'size': 384, 'batch_size_t': 5, 'batch_size_v': 32, 'n_targets': 5, 'criterion': 'CrossEntropyLoss', 'gradient_accumulation_steps': 1, 'max_gradient_norm': None, 'optimizer': 'AdamW', 'scheduler': 'CosineAnnealingWarmRestarts', 'LR': 1e-05, 'T_0': 200, 'T_max': 10, 'T_mult': 2, 'min_lr': 1e-06, 'max_lr': 0.0001, 'no_batches': 'NA', 'warmup_epochs': 1, 'cosine_epochs': 14, 'epochs': 15, 'update_per_batch': True, 'num_workers': 4, 'n_folds': 5, 'train_transforms': [HorizontalFlip(always_apply=False, p=0.5), VerticalFlip(always_apply=False, p=0.5), RandomRotate90(always_apply=False, p=0.5)], 'valid_transforms': [], 'observations': None, 'use_swa': True, 'swa_lr': 0.01, 'swa_epoch': 0, 'use_sam': True, 'use_asam': True, 'asam_rho': 0.1, 'print_freq': 50, 'one_fold': True, 'use_apex': True, 'distributed_training': False, 'save_to_log': True}
================================================== Training Fold: 0 ==================================================
[GPU cuda:1][TRAIN] Epoch: [1][0/2480], Elapsed 0m 0s (remain 20m 37s), Accuracy: 0.000(0.000), Loss: 1.750(1.750), LR: 0.000010
[GPU cuda:1][TRAIN] Epoch: [1][50/2480], Elapsed 0m 14s (remain 11m 36s), Accuracy: 20.000(18.824), Loss: 1.556(1.646), LR: 0.000009
[GPU cuda:1][TRAIN] Epoch: [1][100/2480], Elapsed 0m 28s (remain 11m 19s), Accuracy: 40.000(25.545), Loss: 1.442(1.615), LR: 0.000005
[GPU cuda:1][TRAIN] Epoch: [1][150/2480], Elapsed 0m 43s (remain 11m 4s), Accuracy: 0.000(25.166), Loss: 1.643(1.608), LR: 0.000002
[GPU cuda:1][TRAIN] Epoch: [1][200/2480], Elapsed 0m 57s (remain 10m 50s), Accuracy: 40.000(25.473), Loss: 1.631(1.599), LR: 0.000010
[GPU cuda:1][TRAIN] Epoch: [1][250/2480], Elapsed 1m 11s (remain 10m 35s), Accuracy: 20.000(26.056), Loss: 1.460(1.589), LR: 0.000010
[GPU cuda:1][TRAIN] Epoch: [1][300/2480], Elapsed 1m 25s (remain 10m 21s), Accuracy: 20.000(27.442), Loss: 1.698(1.568), LR: 0.000009
[GPU cuda:1][TRAIN] Epoch: [1][350/2480], Elapsed 1m 40s (remain 10m 6s), Accuracy: 80.000(29.174), Loss: 0.843(1.539), LR: 0.000007
[GPU cuda:1][TRAIN] Epoch: [1][400/2480], Elapsed 1m 54s (remain 9m 52s), Accuracy: 60.000(31.072), Loss: 0.928(1.511), LR: 0.000005
[GPU cuda:1][TRAIN] Epoch: [1][450/2480], Elapsed 2m 8s (remain 9m 37s), Accuracy: 60.000(33.082), Loss: 1.243(1.479), LR: 0.000004
[GPU cuda:1][TRAIN] Epoch: [1][500/2480], Elapsed 2m 22s (remain 9m 23s), Accuracy: 60.000(34.531), Loss: 1.678(1.447), LR: 0.000002
[GPU cuda:1][TRAIN] Epoch: [1][550/2480], Elapsed 2m 36s (remain 9m 9s), Accuracy: 60.000(35.753), Loss: 0.747(1.418), LR: 0.000001
[GPU cuda:1][TRAIN] Epoch: [1][600/2480], Elapsed 2m 51s (remain 8m 55s), Accuracy: 100.000(37.504), Loss: 0.542(1.390), LR: 0.000010
[GPU cuda:1][TRAIN] Epoch: [1][650/2480], Elapsed 3m 5s (remain 8m 40s), Accuracy: 60.000(38.556), Loss: 0.789(1.372), LR: 0.000010
[GPU cuda:1][TRAIN] Epoch: [1][700/2480], Elapsed 3m 19s (remain 8m 26s), Accuracy: 60.000(39.116), Loss: 1.299(1.360), LR: 0.000010
[GPU cuda:1][TRAIN] Epoch: [1][750/2480], Elapsed 3m 33s (remain 8m 12s), Accuracy: 60.000(39.947), Loss: 1.081(1.346), LR: 0.000009
[GPU cuda:1][TRAIN] Epoch: [1][800/2480], Elapsed 3m 48s (remain 7m 58s), Accuracy: 20.000(40.824), Loss: 1.691(1.331), LR: 0.000009
[GPU cuda:1][TRAIN] Epoch: [1][850/2480], Elapsed 4m 2s (remain 7m 44s), Accuracy: 40.000(41.786), Loss: 1.340(1.312), LR: 0.000008
[GPU cuda:1][TRAIN] Epoch: [1][900/2480], Elapsed 4m 16s (remain 7m 29s), Accuracy: 80.000(42.819), Loss: 0.931(1.290), LR: 0.000007
[GPU cuda:1][TRAIN] Epoch: [1][950/2480], Elapsed 4m 30s (remain 7m 15s), Accuracy: 20.000(43.512), Loss: 1.240(1.276), LR: 0.000006
[GPU cuda:1][TRAIN] Epoch: [1][1000/2480], Elapsed 4m 45s (remain 7m 1s), Accuracy: 20.000(44.136), Loss: 1.529(1.262), LR: 0.000005
[GPU cuda:1][TRAIN] Epoch: [1][1050/2480], Elapsed 4m 59s (remain 6m 46s), Accuracy: 20.000(44.967), Loss: 1.613(1.248), LR: 0.000005
[GPU cuda:1][TRAIN] Epoch: [1][1100/2480], Elapsed 5m 13s (remain 6m 32s), Accuracy: 80.000(45.704), Loss: 0.810(1.231), LR: 0.000004
[GPU cuda:1][TRAIN] Epoch: [1][1150/2480], Elapsed 5m 27s (remain 6m 18s), Accuracy: 60.000(46.273), Loss: 0.800(1.218), LR: 0.000003
[GPU cuda:1][TRAIN] Epoch: [1][1200/2480], Elapsed 5m 41s (remain 6m 4s), Accuracy: 80.000(47.077), Loss: 0.895(1.202), LR: 0.000002
[GPU cuda:1][TRAIN] Epoch: [1][1250/2480], Elapsed 5m 56s (remain 5m 49s), Accuracy: 40.000(47.482), Loss: 0.867(1.190), LR: 0.000002
[GPU cuda:1][TRAIN] Epoch: [1][1300/2480], Elapsed 6m 10s (remain 5m 35s), Accuracy: 40.000(48.224), Loss: 1.170(1.176), LR: 0.000001
[GPU cuda:1][TRAIN] Epoch: [1][1350/2480], Elapsed 6m 24s (remain 5m 21s), Accuracy: 100.000(48.897), Loss: 0.416(1.164), LR: 0.000001
[GPU cuda:1][TRAIN] Epoch: [1][1400/2480], Elapsed 6m 38s (remain 5m 7s), Accuracy: 80.000(49.293), Loss: 0.518(1.156), LR: 0.000010
[GPU cuda:1][TRAIN] Epoch: [1][1450/2480], Elapsed 6m 52s (remain 4m 52s), Accuracy: 80.000(49.800), Loss: 0.850(1.148), LR: 0.000010
[GPU cuda:1][TRAIN] Epoch: [1][1500/2480], Elapsed 7m 7s (remain 4m 38s), Accuracy: 100.000(50.073), Loss: 0.360(1.144), LR: 0.000010
[GPU cuda:1][TRAIN] Epoch: [1][1550/2480], Elapsed 7m 21s (remain 4m 24s), Accuracy: 60.000(50.226), Loss: 0.828(1.140), LR: 0.000010
[GPU cuda:1][TRAIN] Epoch: [1][1600/2480], Elapsed 7m 35s (remain 4m 10s), Accuracy: 80.000(50.331), Loss: 0.793(1.135), LR: 0.000010
[GPU cuda:1][TRAIN] Epoch: [1][1650/2480], Elapsed 7m 49s (remain 3m 55s), Accuracy: 80.000(50.733), Loss: 0.365(1.126), LR: 0.000009
[GPU cuda:1][TRAIN] Epoch: [1][1700/2480], Elapsed 8m 3s (remain 3m 41s), Accuracy: 40.000(51.099), Loss: 0.979(1.120), LR: 0.000009
[GPU cuda:1][TRAIN] Epoch: [1][1750/2480], Elapsed 8m 17s (remain 3m 27s), Accuracy: 20.000(51.468), Loss: 1.511(1.114), LR: 0.000009
[GPU cuda:1][TRAIN] Epoch: [1][1800/2480], Elapsed 8m 32s (remain 3m 13s), Accuracy: 60.000(51.738), Loss: 1.031(1.108), LR: 0.000009
[GPU cuda:1][TRAIN] Epoch: [1][1850/2480], Elapsed 8m 46s (remain 2m 58s), Accuracy: 40.000(51.885), Loss: 1.734(1.104), LR: 0.000008
[GPU cuda:1][TRAIN] Epoch: [1][1900/2480], Elapsed 9m 0s (remain 2m 44s), Accuracy: 60.000(52.088), Loss: 0.670(1.098), LR: 0.000008
[GPU cuda:1][TRAIN] Epoch: [1][1950/2480], Elapsed 9m 14s (remain 2m 30s), Accuracy: 80.000(52.168), Loss: 0.834(1.096), LR: 0.000008
[GPU cuda:1][TRAIN] Epoch: [1][2000/2480], Elapsed 9m 28s (remain 2m 16s), Accuracy: 60.000(52.544), Loss: 1.032(1.089), LR: 0.000007
[GPU cuda:1][TRAIN] Epoch: [1][2050/2480], Elapsed 9m 42s (remain 2m 1s), Accuracy: 20.000(52.608), Loss: 1.725(1.087), LR: 0.000007
[GPU cuda:1][TRAIN] Epoch: [1][2100/2480], Elapsed 9m 57s (remain 1m 47s), Accuracy: 60.000(52.994), Loss: 0.766(1.079), LR: 0.000006
[GPU cuda:1][TRAIN] Epoch: [1][2150/2480], Elapsed 10m 11s (remain 1m 33s), Accuracy: 60.000(53.287), Loss: 0.958(1.074), LR: 0.000006
[GPU cuda:1][TRAIN] Epoch: [1][2200/2480], Elapsed 10m 25s (remain 1m 19s), Accuracy: 80.000(53.621), Loss: 0.664(1.067), LR: 0.000005
[GPU cuda:1][TRAIN] Epoch: [1][2250/2480], Elapsed 10m 39s (remain 1m 5s), Accuracy: 60.000(53.798), Loss: 1.131(1.064), LR: 0.000005
[GPU cuda:1][TRAIN] Epoch: [1][2300/2480], Elapsed 10m 53s (remain 0m 50s), Accuracy: 60.000(54.037), Loss: 0.706(1.059), LR: 0.000005
[GPU cuda:1][TRAIN] Epoch: [1][2350/2480], Elapsed 11m 7s (remain 0m 36s), Accuracy: 100.000(54.241), Loss: 0.652(1.056), LR: 0.000004
[GPU cuda:1][TRAIN] Epoch: [1][2400/2480], Elapsed 11m 22s (remain 0m 22s), Accuracy: 60.000(54.502), Loss: 1.075(1.051), LR: 0.000004
[GPU cuda:1][TRAIN] Epoch: [1][2450/2480], Elapsed 11m 36s (remain 0m 8s), Accuracy: 100.000(54.786), Loss: 0.475(1.045), LR: 0.000003
[GPU cuda:1][TRAIN] Epoch: [1][2479/2480], Elapsed 11m 44s (remain 0m 0s), Accuracy: 40.000(54.879), Loss: 2.258(1.043), LR: 0.000003
[GPU cuda:1][VALID][0/97], Elapsed 0m 1s (remain 2m 17s), Accuracy: 68.750(68.750), Batch Loss: 0.7187, Average Loss: 0.7187
[GPU cuda:1][VALID][50/97], Elapsed 0m 48s (remain 0m 43s), Accuracy: 68.750(71.262), Batch Loss: 0.6066, Average Loss: 0.7373
[GPU cuda:1][VALID][96/97], Elapsed 1m 32s (remain 0m 0s), Accuracy: 78.571(71.300), Batch Loss: 0.6066, Average Loss: 0.7451
Valid Labels Samples: [2 0 1 4 1 0 3 1 4 3]
Valid Predictions Samples: [2, 0, 1, 4, 1, 0, 3, 1, 3, 0]
Epoch 1 - Train Average Loss: 54.879, Valid Average Loss: 71.300, Epoch Time: 798.700s
Epoch 1 - Accuracy: 0.713, Precision: 0.727, Recall: 0.713
Saved Best Model: 0.71
[GPU cuda:1][TRAIN] Epoch: [2][0/2480], Elapsed 0m 0s (remain 25m 53s), Accuracy: 60.000(60.000), Loss: 1.362(1.362), LR: 0.000003
[GPU cuda:1][TRAIN] Epoch: [2][50/2480], Elapsed 0m 15s (remain 11m 56s), Accuracy: 60.000(73.333), Loss: 0.845(0.699), LR: 0.000003
[GPU cuda:1][TRAIN] Epoch: [2][100/2480], Elapsed 0m 29s (remain 11m 30s), Accuracy: 80.000(70.099), Loss: 0.829(0.739), LR: 0.000002
[GPU cuda:1][TRAIN] Epoch: [2][150/2480], Elapsed 0m 43s (remain 11m 11s), Accuracy: 40.000(68.477), Loss: 1.191(0.754), LR: 0.000002
[GPU cuda:1][TRAIN] Epoch: [2][200/2480], Elapsed 0m 57s (remain 10m 54s), Accuracy: 60.000(66.965), Loss: 0.615(0.784), LR: 0.000002
[GPU cuda:1][TRAIN] Epoch: [2][250/2480], Elapsed 1m 12s (remain 10m 39s), Accuracy: 60.000(67.809), Loss: 0.452(0.781), LR: 0.000002
[GPU cuda:1][TRAIN] Epoch: [2][300/2480], Elapsed 1m 26s (remain 10m 24s), Accuracy: 20.000(67.841), Loss: 1.687(0.779), LR: 0.000001
[GPU cuda:1][TRAIN] Epoch: [2][350/2480], Elapsed 1m 40s (remain 10m 9s), Accuracy: 80.000(67.236), Loss: 0.750(0.788), LR: 0.000001
[GPU cuda:1][TRAIN] Epoch: [2][400/2480], Elapsed 1m 54s (remain 9m 54s), Accuracy: 60.000(67.631), Loss: 0.727(0.786), LR: 0.000001
[GPU cuda:1][TRAIN] Epoch: [2][450/2480], Elapsed 2m 8s (remain 9m 40s), Accuracy: 60.000(67.805), Loss: 0.799(0.786), LR: 0.000001
[GPU cuda:1][TRAIN] Epoch: [2][500/2480], Elapsed 2m 23s (remain 9m 25s), Accuracy: 40.000(67.984), Loss: 1.191(0.783), LR: 0.000001
[GPU cuda:1][TRAIN] Epoch: [2][550/2480], Elapsed 2m 37s (remain 9m 11s), Accuracy: 80.000(67.441), Loss: 0.394(0.791), LR: 0.000010
[GPU cuda:1][TRAIN] Epoch: [2][600/2480], Elapsed 2m 51s (remain 8m 56s), Accuracy: 100.000(67.255), Loss: 0.069(0.798), LR: 0.000010
[GPU cuda:1][TRAIN] Epoch: [2][650/2480], Elapsed 3m 5s (remain 8m 42s), Accuracy: 100.000(67.097), Loss: 0.207(0.800), LR: 0.000010
[GPU cuda:1][TRAIN] Epoch: [2][700/2480], Elapsed 3m 20s (remain 8m 27s), Accuracy: 40.000(66.819), Loss: 0.745(0.808), LR: 0.000010
[GPU cuda:1][TRAIN] Epoch: [2][750/2480], Elapsed 3m 34s (remain 8m 13s), Accuracy: 80.000(66.498), Loss: 0.555(0.813), LR: 0.000010
[GPU cuda:1][TRAIN] Epoch: [2][800/2480], Elapsed 3m 48s (remain 7m 59s), Accuracy: 100.000(66.792), Loss: 0.333(0.810), LR: 0.000010
[GPU cuda:1][TRAIN] Epoch: [2][850/2480], Elapsed 4m 2s (remain 7m 44s), Accuracy: 60.000(66.792), Loss: 0.905(0.808), LR: 0.000010
[GPU cuda:1][TRAIN] Epoch: [2][900/2480], Elapsed 4m 17s (remain 7m 30s), Accuracy: 80.000(66.992), Loss: 1.305(0.806), LR: 0.000010
[GPU cuda:1][TRAIN] Epoch: [2][950/2480], Elapsed 4m 31s (remain 7m 16s), Accuracy: 60.000(66.919), Loss: 0.983(0.805), LR: 0.000010
[GPU cuda:1][TRAIN] Epoch: [2][1000/2480], Elapsed 4m 45s (remain 7m 1s), Accuracy: 80.000(66.793), Loss: 0.777(0.805), LR: 0.000010
[GPU cuda:1][TRAIN] Epoch: [2][1050/2480], Elapsed 4m 59s (remain 6m 47s), Accuracy: 20.000(66.622), Loss: 1.726(0.808), LR: 0.000009
[GPU cuda:1][TRAIN] Epoch: [2][1100/2480], Elapsed 5m 14s (remain 6m 33s), Accuracy: 80.000(66.667), Loss: 0.625(0.806), LR: 0.000009
[GPU cuda:1][TRAIN] Epoch: [2][1150/2480], Elapsed 5m 28s (remain 6m 19s), Accuracy: 80.000(66.655), Loss: 0.786(0.806), LR: 0.000009
[GPU cuda:1][TRAIN] Epoch: [2][1200/2480], Elapsed 5m 42s (remain 6m 4s), Accuracy: 80.000(66.661), Loss: 0.592(0.802), LR: 0.000009
[GPU cuda:1][TRAIN] Epoch: [2][1250/2480], Elapsed 5m 56s (remain 5m 50s), Accuracy: 40.000(66.475), Loss: 1.086(0.806), LR: 0.000009
[GPU cuda:1][TRAIN] Epoch: [2][1300/2480], Elapsed 6m 10s (remain 5m 36s), Accuracy: 60.000(66.641), Loss: 1.210(0.803), LR: 0.000009
[GPU cuda:1][TRAIN] Epoch: [2][1350/2480], Elapsed 6m 25s (remain 5m 21s), Accuracy: 100.000(66.691), Loss: 0.306(0.803), LR: 0.000009
[GPU cuda:1][TRAIN] Epoch: [2][1400/2480], Elapsed 6m 39s (remain 5m 7s), Accuracy: 100.000(66.752), Loss: 0.227(0.803), LR: 0.000008
[GPU cuda:1][TRAIN] Epoch: [2][1450/2480], Elapsed 6m 53s (remain 4m 53s), Accuracy: 100.000(66.947), Loss: 0.548(0.800), LR: 0.000008
[GPU cuda:1][TRAIN] Epoch: [2][1500/2480], Elapsed 7m 8s (remain 4m 39s), Accuracy: 100.000(66.875), Loss: 0.271(0.800), LR: 0.000008
[GPU cuda:1][TRAIN] Epoch: [2][1550/2480], Elapsed 7m 22s (remain 4m 24s), Accuracy: 60.000(66.821), Loss: 0.812(0.801), LR: 0.000008
[GPU cuda:1][TRAIN] Epoch: [2][1600/2480], Elapsed 7m 36s (remain 4m 10s), Accuracy: 100.000(66.971), Loss: 0.511(0.799), LR: 0.000008
[GPU cuda:1][TRAIN] Epoch: [2][1650/2480], Elapsed 7m 50s (remain 3m 56s), Accuracy: 80.000(67.111), Loss: 0.304(0.794), LR: 0.000007
[GPU cuda:1][TRAIN] Epoch: [2][1700/2480], Elapsed 8m 5s (remain 3m 42s), Accuracy: 80.000(67.137), Loss: 0.667(0.794), LR: 0.000007
[GPU cuda:1][TRAIN] Epoch: [2][1750/2480], Elapsed 8m 19s (remain 3m 27s), Accuracy: 60.000(67.207), Loss: 0.867(0.793), LR: 0.000007
[GPU cuda:1][TRAIN] Epoch: [2][1800/2480], Elapsed 8m 33s (remain 3m 13s), Accuracy: 60.000(67.285), Loss: 0.818(0.790), LR: 0.000007
[GPU cuda:1][TRAIN] Epoch: [2][1850/2480], Elapsed 8m 48s (remain 2m 59s), Accuracy: 40.000(67.239), Loss: 1.007(0.789), LR: 0.000007
[GPU cuda:1][TRAIN] Epoch: [2][1900/2480], Elapsed 9m 2s (remain 2m 45s), Accuracy: 60.000(67.301), Loss: 0.557(0.787), LR: 0.000006
[GPU cuda:1][TRAIN] Epoch: [2][1950/2480], Elapsed 9m 16s (remain 2m 30s), Accuracy: 60.000(67.135), Loss: 0.812(0.790), LR: 0.000006
[GPU cuda:1][TRAIN] Epoch: [2][2000/2480], Elapsed 9m 30s (remain 2m 16s), Accuracy: 60.000(67.196), Loss: 0.748(0.789), LR: 0.000006
[GPU cuda:1][TRAIN] Epoch: [2][2050/2480], Elapsed 9m 45s (remain 2m 2s), Accuracy: 60.000(67.187), Loss: 1.003(0.789), LR: 0.000006
[GPU cuda:1][TRAIN] Epoch: [2][2100/2480], Elapsed 9m 59s (remain 1m 48s), Accuracy: 80.000(67.358), Loss: 0.527(0.786), LR: 0.000006
[GPU cuda:1][TRAIN] Epoch: [2][2150/2480], Elapsed 10m 13s (remain 1m 33s), Accuracy: 60.000(67.476), Loss: 0.745(0.783), LR: 0.000005
[GPU cuda:1][TRAIN] Epoch: [2][2200/2480], Elapsed 10m 28s (remain 1m 19s), Accuracy: 60.000(67.624), Loss: 0.716(0.782), LR: 0.000005
[GPU cuda:1][TRAIN] Epoch: [2][2250/2480], Elapsed 10m 42s (remain 1m 5s), Accuracy: 60.000(67.606), Loss: 0.842(0.781), LR: 0.000005
[GPU cuda:1][TRAIN] Epoch: [2][2300/2480], Elapsed 10m 56s (remain 0m 51s), Accuracy: 80.000(67.623), Loss: 0.462(0.781), LR: 0.000005
[GPU cuda:1][TRAIN] Epoch: [2][2350/2480], Elapsed 11m 10s (remain 0m 36s), Accuracy: 80.000(67.631), Loss: 0.665(0.782), LR: 0.000004
[GPU cuda:1][TRAIN] Epoch: [2][2400/2480], Elapsed 11m 25s (remain 0m 22s), Accuracy: 60.000(67.730), Loss: 0.911(0.781), LR: 0.000004
[GPU cuda:1][TRAIN] Epoch: [2][2450/2480], Elapsed 11m 39s (remain 0m 8s), Accuracy: 100.000(67.850), Loss: 0.404(0.779), LR: 0.000004
[GPU cuda:1][TRAIN] Epoch: [2][2479/2480], Elapsed 11m 47s (remain 0m 0s), Accuracy: 40.000(67.839), Loss: 1.996(0.779), LR: 0.000004
[GPU cuda:1][VALID][0/97], Elapsed 0m 1s (remain 2m 15s), Accuracy: 78.125(78.125), Batch Loss: 0.7133, Average Loss: 0.7133
[GPU cuda:1][VALID][50/97], Elapsed 0m 48s (remain 0m 44s), Accuracy: 71.875(71.936), Batch Loss: 0.5380, Average Loss: 0.6897
[GPU cuda:1][VALID][96/97], Elapsed 1m 32s (remain 0m 0s), Accuracy: 82.143(72.045), Batch Loss: 0.5087, Average Loss: 0.6939
Valid Labels Samples: [2 0 1 4 1 0 3 1 4 3]
Valid Predictions Samples: [2, 0, 1, 4, 1, 0, 3, 1, 3, 0]
Epoch 2 - Train Average Loss: 67.839, Valid Average Loss: 72.045, Epoch Time: 802.427s
Epoch 2 - Accuracy: 0.720, Precision: 0.729, Recall: 0.720
Saved Best Model: 0.72
[GPU cuda:1][TRAIN] Epoch: [3][0/2480], Elapsed 0m 0s (remain 25m 59s), Accuracy: 80.000(80.000), Loss: 1.071(1.071), LR: 0.000004
[GPU cuda:1][TRAIN] Epoch: [3][50/2480], Elapsed 0m 15s (remain 11m 57s), Accuracy: 60.000(73.725), Loss: 0.876(0.657), LR: 0.000004
[GPU cuda:1][TRAIN] Epoch: [3][100/2480], Elapsed 0m 29s (remain 11m 30s), Accuracy: 80.000(71.683), Loss: 0.731(0.691), LR: 0.000004
[GPU cuda:1][TRAIN] Epoch: [3][150/2480], Elapsed 0m 43s (remain 11m 11s), Accuracy: 40.000(71.126), Loss: 0.942(0.701), LR: 0.000003
[GPU cuda:1][TRAIN] Epoch: [3][200/2480], Elapsed 0m 57s (remain 10m 54s), Accuracy: 60.000(70.050), Loss: 0.574(0.724), LR: 0.000003
[GPU cuda:1][TRAIN] Epoch: [3][250/2480], Elapsed 1m 11s (remain 10m 39s), Accuracy: 100.000(70.199), Loss: 0.221(0.726), LR: 0.000003
[GPU cuda:1][TRAIN] Epoch: [3][300/2480], Elapsed 1m 26s (remain 10m 23s), Accuracy: 20.000(70.100), Loss: 1.442(0.724), LR: 0.000003
[GPU cuda:1][TRAIN] Epoch: [3][350/2480], Elapsed 1m 40s (remain 10m 8s), Accuracy: 80.000(69.288), Loss: 0.853(0.734), LR: 0.000003
[GPU cuda:1][TRAIN] Epoch: [3][400/2480], Elapsed 1m 54s (remain 9m 54s), Accuracy: 60.000(69.327), Loss: 0.695(0.733), LR: 0.000002
[GPU cuda:1][TRAIN] Epoch: [3][450/2480], Elapsed 2m 8s (remain 9m 39s), Accuracy: 60.000(69.800), Loss: 0.875(0.731), LR: 0.000002
[GPU cuda:1][TRAIN] Epoch: [3][500/2480], Elapsed 2m 23s (remain 9m 25s), Accuracy: 60.000(70.220), Loss: 0.918(0.724), LR: 0.000002
[GPU cuda:1][TRAIN] Epoch: [3][550/2480], Elapsed 2m 37s (remain 9m 10s), Accuracy: 100.000(70.309), Loss: 0.191(0.724), LR: 0.000002
[GPU cuda:1][TRAIN] Epoch: [3][600/2480], Elapsed 2m 51s (remain 8m 55s), Accuracy: 100.000(70.083), Loss: 0.055(0.727), LR: 0.000002
[GPU cuda:1][TRAIN] Epoch: [3][650/2480], Elapsed 3m 5s (remain 8m 41s), Accuracy: 100.000(70.046), Loss: 0.040(0.724), LR: 0.000002
[GPU cuda:1][TRAIN] Epoch: [3][700/2480], Elapsed 3m 19s (remain 8m 27s), Accuracy: 100.000(69.872), Loss: 0.420(0.725), LR: 0.000002
[GPU cuda:1][TRAIN] Epoch: [3][750/2480], Elapsed 3m 33s (remain 8m 12s), Accuracy: 80.000(70.040), Loss: 0.407(0.723), LR: 0.000002
[GPU cuda:1][TRAIN] Epoch: [3][800/2480], Elapsed 3m 48s (remain 7m 58s), Accuracy: 80.000(70.512), Loss: 0.370(0.717), LR: 0.000001
[GPU cuda:1][TRAIN] Epoch: [3][850/2480], Elapsed 4m 2s (remain 7m 43s), Accuracy: 60.000(71.069), Loss: 0.903(0.707), LR: 0.000001
[GPU cuda:1][TRAIN] Epoch: [3][900/2480], Elapsed 4m 16s (remain 7m 29s), Accuracy: 60.000(71.365), Loss: 0.928(0.702), LR: 0.000001
[GPU cuda:1][TRAIN] Epoch: [3][950/2480], Elapsed 4m 30s (remain 7m 15s), Accuracy: 80.000(71.525), Loss: 0.806(0.698), LR: 0.000001
[GPU cuda:1][TRAIN] Epoch: [3][1000/2480], Elapsed 4m 44s (remain 7m 0s), Accuracy: 80.000(71.628), Loss: 0.801(0.695), LR: 0.000001
[GPU cuda:1][TRAIN] Epoch: [3][1050/2480], Elapsed 4m 59s (remain 6m 46s), Accuracy: 60.000(71.741), Loss: 0.724(0.695), LR: 0.000001
[GPU cuda:1][TRAIN] Epoch: [3][1100/2480], Elapsed 5m 13s (remain 6m 32s), Accuracy: 80.000(71.898), Loss: 0.550(0.690), LR: 0.000001
[GPU cuda:1][TRAIN] Epoch: [3][1150/2480], Elapsed 5m 27s (remain 6m 17s), Accuracy: 80.000(71.972), Loss: 0.567(0.687), LR: 0.000001
[GPU cuda:1][TRAIN] Epoch: [3][1200/2480], Elapsed 5m 41s (remain 6m 3s), Accuracy: 100.000(72.190), Loss: 0.418(0.682), LR: 0.000001
[GPU cuda:1][TRAIN] Epoch: [3][1250/2480], Elapsed 5m 55s (remain 5m 49s), Accuracy: 40.000(72.070), Loss: 0.913(0.683), LR: 0.000010
[GPU cuda:1][TRAIN] Epoch: [3][1300/2480], Elapsed 6m 9s (remain 5m 35s), Accuracy: 80.000(72.083), Loss: 0.741(0.682), LR: 0.000010
[GPU cuda:1][TRAIN] Epoch: [3][1350/2480], Elapsed 6m 23s (remain 5m 20s), Accuracy: 100.000(72.110), Loss: 0.163(0.682), LR: 0.000010
[GPU cuda:1][TRAIN] Epoch: [3][1400/2480], Elapsed 6m 38s (remain 5m 6s), Accuracy: 100.000(71.991), Loss: 0.227(0.685), LR: 0.000010
[GPU cuda:1][TRAIN] Epoch: [3][1450/2480], Elapsed 6m 52s (remain 4m 52s), Accuracy: 100.000(71.992), Loss: 0.471(0.685), LR: 0.000010
[GPU cuda:1][TRAIN] Epoch: [3][1500/2480], Elapsed 7m 6s (remain 4m 38s), Accuracy: 100.000(71.845), Loss: 0.239(0.687), LR: 0.000010
[GPU cuda:1][TRAIN] Epoch: [3][1550/2480], Elapsed 7m 20s (remain 4m 23s), Accuracy: 100.000(71.670), Loss: 0.490(0.690), LR: 0.000010
[GPU cuda:1][TRAIN] Epoch: [3][1600/2480], Elapsed 7m 34s (remain 4m 9s), Accuracy: 100.000(71.718), Loss: 0.324(0.689), LR: 0.000010
[GPU cuda:1][TRAIN] Epoch: [3][1650/2480], Elapsed 7m 49s (remain 3m 55s), Accuracy: 100.000(71.872), Loss: 0.336(0.686), LR: 0.000010
[GPU cuda:1][TRAIN] Epoch: [3][1700/2480], Elapsed 8m 3s (remain 3m 41s), Accuracy: 80.000(71.852), Loss: 0.483(0.688), LR: 0.000010
[GPU cuda:1][TRAIN] Epoch: [3][1750/2480], Elapsed 8m 17s (remain 3m 27s), Accuracy: 60.000(71.902), Loss: 1.355(0.689), LR: 0.000010
[GPU cuda:1][TRAIN] Epoch: [3][1800/2480], Elapsed 8m 31s (remain 3m 12s), Accuracy: 80.000(71.893), Loss: 0.562(0.689), LR: 0.000010
[GPU cuda:1][TRAIN] Epoch: [3][1850/2480], Elapsed 8m 45s (remain 2m 58s), Accuracy: 40.000(71.767), Loss: 0.853(0.689), LR: 0.000010
[GPU cuda:1][TRAIN] Epoch: [3][1900/2480], Elapsed 8m 59s (remain 2m 44s), Accuracy: 60.000(71.689), Loss: 0.644(0.691), LR: 0.000010
[GPU cuda:1][TRAIN] Epoch: [3][1950/2480], Elapsed 9m 14s (remain 2m 30s), Accuracy: 60.000(71.533), Loss: 0.778(0.696), LR: 0.000010
[GPU cuda:1][TRAIN] Epoch: [3][2000/2480], Elapsed 9m 28s (remain 2m 16s), Accuracy: 60.000(71.464), Loss: 0.864(0.696), LR: 0.000010
[GPU cuda:1][TRAIN] Epoch: [3][2050/2480], Elapsed 9m 42s (remain 2m 1s), Accuracy: 60.000(71.195), Loss: 0.907(0.700), LR: 0.000010
[GPU cuda:1][TRAIN] Epoch: [3][2100/2480], Elapsed 9m 56s (remain 1m 47s), Accuracy: 100.000(71.385), Loss: 0.299(0.697), LR: 0.000010
[GPU cuda:1][TRAIN] Epoch: [3][2150/2480], Elapsed 10m 10s (remain 1m 33s), Accuracy: 60.000(71.390), Loss: 0.783(0.696), LR: 0.000010
[GPU cuda:1][TRAIN] Epoch: [3][2200/2480], Elapsed 10m 24s (remain 1m 19s), Accuracy: 80.000(71.404), Loss: 0.461(0.695), LR: 0.000010
[GPU cuda:1][TRAIN] Epoch: [3][2250/2480], Elapsed 10m 39s (remain 1m 5s), Accuracy: 60.000(71.159), Loss: 0.807(0.699), LR: 0.000009
[GPU cuda:1][TRAIN] Epoch: [3][2300/2480], Elapsed 10m 53s (remain 0m 50s), Accuracy: 80.000(71.169), Loss: 0.573(0.700), LR: 0.000009
[GPU cuda:1][TRAIN] Epoch: [3][2350/2480], Elapsed 11m 7s (remain 0m 36s), Accuracy: 80.000(71.051), Loss: 0.750(0.703), LR: 0.000009
[GPU cuda:1][TRAIN] Epoch: [3][2400/2480], Elapsed 11m 21s (remain 0m 22s), Accuracy: 80.000(71.037), Loss: 0.845(0.703), LR: 0.000009
[GPU cuda:1][TRAIN] Epoch: [3][2450/2480], Elapsed 11m 35s (remain 0m 8s), Accuracy: 100.000(70.967), Loss: 0.396(0.704), LR: 0.000009
[GPU cuda:1][TRAIN] Epoch: [3][2479/2480], Elapsed 11m 44s (remain 0m 0s), Accuracy: 40.000(70.919), Loss: 1.563(0.704), LR: 0.000009
[GPU cuda:1][VALID][0/97], Elapsed 0m 1s (remain 2m 18s), Accuracy: 75.000(75.000), Batch Loss: 0.6403, Average Loss: 0.6403
[GPU cuda:1][VALID][50/97], Elapsed 0m 48s (remain 0m 43s), Accuracy: 65.625(69.179), Batch Loss: 0.7050, Average Loss: 0.7213
[GPU cuda:1][VALID][96/97], Elapsed 1m 32s (remain 0m 0s), Accuracy: 71.429(68.971), Batch Loss: 0.5940, Average Loss: 0.7325
Valid Labels Samples: [2 0 1 4 1 0 3 1 4 3]
Valid Predictions Samples: [2, 0, 1, 4, 1, 0, 3, 1, 3, 0]
Epoch 3 - Train Average Loss: 70.919, Valid Average Loss: 68.971, Epoch Time: 798.551s
Epoch 3 - Accuracy: 0.690, Precision: 0.697, Recall: 0.690
[GPU cuda:1][TRAIN] Epoch: [4][0/2480], Elapsed 0m 0s (remain 26m 19s), Accuracy: 80.000(80.000), Loss: 0.913(0.913), LR: 0.000009
[GPU cuda:1][TRAIN] Epoch: [4][50/2480], Elapsed 0m 14s (remain 11m 54s), Accuracy: 60.000(70.196), Loss: 0.955(0.647), LR: 0.000009
[GPU cuda:1][TRAIN] Epoch: [4][100/2480], Elapsed 0m 29s (remain 11m 28s), Accuracy: 80.000(69.307), Loss: 0.816(0.698), LR: 0.000009
[GPU cuda:1][TRAIN] Epoch: [4][150/2480], Elapsed 0m 43s (remain 11m 9s), Accuracy: 80.000(69.801), Loss: 0.883(0.718), LR: 0.000009
[GPU cuda:1][TRAIN] Epoch: [4][200/2480], Elapsed 0m 57s (remain 10m 52s), Accuracy: 60.000(69.254), Loss: 0.737(0.743), LR: 0.000009
[GPU cuda:1][TRAIN] Epoch: [4][250/2480], Elapsed 1m 11s (remain 10m 37s), Accuracy: 100.000(69.402), Loss: 0.255(0.744), LR: 0.000009
[GPU cuda:1][TRAIN] Epoch: [4][300/2480], Elapsed 1m 25s (remain 10m 22s), Accuracy: 20.000(69.103), Loss: 1.263(0.742), LR: 0.000009
[GPU cuda:1][TRAIN] Epoch: [4][350/2480], Elapsed 1m 40s (remain 10m 7s), Accuracy: 80.000(68.889), Loss: 0.717(0.746), LR: 0.000009
[GPU cuda:1][TRAIN] Epoch: [4][400/2480], Elapsed 1m 54s (remain 9m 52s), Accuracy: 60.000(68.778), Loss: 0.777(0.744), LR: 0.000009
[GPU cuda:1][TRAIN] Epoch: [4][450/2480], Elapsed 2m 8s (remain 9m 37s), Accuracy: 40.000(69.180), Loss: 0.943(0.742), LR: 0.000009
[GPU cuda:1][TRAIN] Epoch: [4][500/2480], Elapsed 2m 22s (remain 9m 23s), Accuracy: 40.000(69.421), Loss: 1.157(0.736), LR: 0.000008
[GPU cuda:1][TRAIN] Epoch: [4][550/2480], Elapsed 2m 36s (remain 9m 8s), Accuracy: 100.000(69.546), Loss: 0.187(0.737), LR: 0.000008
[GPU cuda:1][TRAIN] Epoch: [4][600/2480], Elapsed 2m 50s (remain 8m 54s), Accuracy: 100.000(69.817), Loss: 0.097(0.736), LR: 0.000008
[GPU cuda:1][TRAIN] Epoch: [4][650/2480], Elapsed 3m 5s (remain 8m 39s), Accuracy: 100.000(69.770), Loss: 0.047(0.736), LR: 0.000008
[GPU cuda:1][TRAIN] Epoch: [4][700/2480], Elapsed 3m 19s (remain 8m 25s), Accuracy: 100.000(69.529), Loss: 0.485(0.740), LR: 0.000008
[GPU cuda:1][TRAIN] Epoch: [4][750/2480], Elapsed 3m 33s (remain 8m 11s), Accuracy: 100.000(69.507), Loss: 0.191(0.742), LR: 0.000008
[GPU cuda:1][TRAIN] Epoch: [4][800/2480], Elapsed 3m 47s (remain 7m 57s), Accuracy: 100.000(69.838), Loss: 0.213(0.735), LR: 0.000008
[GPU cuda:1][TRAIN] Epoch: [4][850/2480], Elapsed 4m 1s (remain 7m 42s), Accuracy: 60.000(70.012), Loss: 0.785(0.730), LR: 0.000008
[GPU cuda:1][TRAIN] Epoch: [4][900/2480], Elapsed 4m 15s (remain 7m 28s), Accuracy: 80.000(70.277), Loss: 1.070(0.726), LR: 0.000008
[GPU cuda:1][TRAIN] Epoch: [4][950/2480], Elapsed 4m 30s (remain 7m 14s), Accuracy: 80.000(70.515), Loss: 0.748(0.721), LR: 0.000008
[GPU cuda:1][TRAIN] Epoch: [4][1000/2480], Elapsed 4m 44s (remain 6m 59s), Accuracy: 80.000(70.669), Loss: 0.815(0.720), LR: 0.000008
[GPU cuda:1][TRAIN] Epoch: [4][1050/2480], Elapsed 4m 58s (remain 6m 45s), Accuracy: 80.000(70.695), Loss: 0.719(0.720), LR: 0.000007
[GPU cuda:1][TRAIN] Epoch: [4][1100/2480], Elapsed 5m 12s (remain 6m 31s), Accuracy: 100.000(70.954), Loss: 0.407(0.715), LR: 0.000007
[GPU cuda:1][TRAIN] Epoch: [4][1150/2480], Elapsed 5m 26s (remain 6m 17s), Accuracy: 100.000(70.912), Loss: 0.591(0.714), LR: 0.000007
[GPU cuda:1][TRAIN] Epoch: [4][1200/2480], Elapsed 5m 40s (remain 6m 2s), Accuracy: 80.000(70.974), Loss: 0.696(0.710), LR: 0.000007
[GPU cuda:1][TRAIN] Epoch: [4][1250/2480], Elapsed 5m 54s (remain 5m 48s), Accuracy: 40.000(70.791), Loss: 0.883(0.712), LR: 0.000007
[GPU cuda:1][TRAIN] Epoch: [4][1300/2480], Elapsed 6m 9s (remain 5m 34s), Accuracy: 80.000(71.007), Loss: 0.732(0.706), LR: 0.000007
[GPU cuda:1][TRAIN] Epoch: [4][1350/2480], Elapsed 6m 23s (remain 5m 20s), Accuracy: 80.000(71.236), Loss: 0.252(0.702), LR: 0.000007
[GPU cuda:1][TRAIN] Epoch: [4][1400/2480], Elapsed 6m 37s (remain 5m 6s), Accuracy: 100.000(71.292), Loss: 0.182(0.702), LR: 0.000007
[GPU cuda:1][TRAIN] Epoch: [4][1450/2480], Elapsed 6m 51s (remain 4m 51s), Accuracy: 100.000(71.620), Loss: 0.329(0.698), LR: 0.000007
[GPU cuda:1][TRAIN] Epoch: [4][1500/2480], Elapsed 7m 5s (remain 4m 37s), Accuracy: 80.000(71.459), Loss: 0.248(0.698), LR: 0.000007
[GPU cuda:1][TRAIN] Epoch: [4][1550/2480], Elapsed 7m 19s (remain 4m 23s), Accuracy: 100.000(71.502), Loss: 0.289(0.697), LR: 0.000006
[GPU cuda:1][TRAIN] Epoch: [4][1600/2480], Elapsed 7m 33s (remain 4m 9s), Accuracy: 100.000(71.618), Loss: 0.252(0.694), LR: 0.000006
[GPU cuda:1][TRAIN] Epoch: [4][1650/2480], Elapsed 7m 48s (remain 3m 55s), Accuracy: 100.000(71.872), Loss: 0.252(0.687), LR: 0.000006
[GPU cuda:1][TRAIN] Epoch: [4][1700/2480], Elapsed 8m 2s (remain 3m 40s), Accuracy: 80.000(71.887), Loss: 0.370(0.688), LR: 0.000006
[GPU cuda:1][TRAIN] Epoch: [4][1750/2480], Elapsed 8m 16s (remain 3m 26s), Accuracy: 60.000(72.027), Loss: 0.846(0.686), LR: 0.000006
[GPU cuda:1][TRAIN] Epoch: [4][1800/2480], Elapsed 8m 30s (remain 3m 12s), Accuracy: 80.000(72.127), Loss: 0.395(0.682), LR: 0.000006
[GPU cuda:1][TRAIN] Epoch: [4][1850/2480], Elapsed 8m 44s (remain 2m 58s), Accuracy: 60.000(72.102), Loss: 0.659(0.682), LR: 0.000006
[GPU cuda:1][TRAIN] Epoch: [4][1900/2480], Elapsed 8m 58s (remain 2m 44s), Accuracy: 60.000(72.141), Loss: 0.651(0.680), LR: 0.000006
[GPU cuda:1][TRAIN] Epoch: [4][1950/2480], Elapsed 9m 12s (remain 2m 29s), Accuracy: 60.000(72.014), Loss: 0.464(0.681), LR: 0.000006
[GPU cuda:1][TRAIN] Epoch: [4][2000/2480], Elapsed 9m 27s (remain 2m 15s), Accuracy: 60.000(72.094), Loss: 0.834(0.679), LR: 0.000005
[GPU cuda:1][TRAIN] Epoch: [4][2050/2480], Elapsed 9m 41s (remain 2m 1s), Accuracy: 40.000(72.101), Loss: 0.910(0.678), LR: 0.000005
[GPU cuda:1][TRAIN] Epoch: [4][2100/2480], Elapsed 9m 55s (remain 1m 47s), Accuracy: 100.000(72.308), Loss: 0.222(0.674), LR: 0.000005
[GPU cuda:1][TRAIN] Epoch: [4][2150/2480], Elapsed 10m 9s (remain 1m 33s), Accuracy: 80.000(72.469), Loss: 0.556(0.670), LR: 0.000005
[GPU cuda:1][TRAIN] Epoch: [4][2200/2480], Elapsed 10m 23s (remain 1m 19s), Accuracy: 80.000(72.558), Loss: 0.516(0.668), LR: 0.000005
[GPU cuda:1][TRAIN] Epoch: [4][2250/2480], Elapsed 10m 37s (remain 1m 4s), Accuracy: 60.000(72.510), Loss: 1.131(0.668), LR: 0.000005
[GPU cuda:1][TRAIN] Epoch: [4][2300/2480], Elapsed 10m 51s (remain 0m 50s), Accuracy: 80.000(72.516), Loss: 0.513(0.669), LR: 0.000005
[GPU cuda:1][TRAIN] Epoch: [4][2350/2480], Elapsed 11m 6s (remain 0m 36s), Accuracy: 100.000(72.497), Loss: 0.617(0.669), LR: 0.000005
[GPU cuda:1][TRAIN] Epoch: [4][2400/2480], Elapsed 11m 20s (remain 0m 22s), Accuracy: 40.000(72.628), Loss: 0.876(0.667), LR: 0.000005
[GPU cuda:1][TRAIN] Epoch: [4][2450/2480], Elapsed 11m 34s (remain 0m 8s), Accuracy: 100.000(72.778), Loss: 0.342(0.666), LR: 0.000004
[GPU cuda:1][TRAIN] Epoch: [4][2479/2480], Elapsed 11m 42s (remain 0m 0s), Accuracy: 40.000(72.790), Loss: 1.939(0.665), LR: 0.000004
[GPU cuda:1][VALID][0/97], Elapsed 0m 1s (remain 2m 15s), Accuracy: 75.000(75.000), Batch Loss: 0.7181, Average Loss: 0.7181
[GPU cuda:1][VALID][50/97], Elapsed 0m 48s (remain 0m 43s), Accuracy: 75.000(72.059), Batch Loss: 0.4544, Average Loss: 0.7134
[GPU cuda:1][VALID][96/97], Elapsed 1m 32s (remain 0m 0s), Accuracy: 82.143(72.174), Batch Loss: 0.4804, Average Loss: 0.7190
Valid Labels Samples: [2 0 1 4 1 0 3 1 4 3]
Valid Predictions Samples: [2, 0, 1, 3, 1, 0, 3, 1, 3, 0]
Epoch 4 - Train Average Loss: 72.790, Valid Average Loss: 72.174, Epoch Time: 796.827s
Epoch 4 - Accuracy: 0.722, Precision: 0.727, Recall: 0.722
Saved Best Model: 0.72
[GPU cuda:1][TRAIN] Epoch: [5][0/2480], Elapsed 0m 0s (remain 26m 18s), Accuracy: 80.000(80.000), Loss: 0.748(0.748), LR: 0.000004
[GPU cuda:1][TRAIN] Epoch: [5][50/2480], Elapsed 0m 14s (remain 11m 53s), Accuracy: 60.000(77.255), Loss: 0.809(0.535), LR: 0.000004
[GPU cuda:1][TRAIN] Epoch: [5][100/2480], Elapsed 0m 29s (remain 11m 27s), Accuracy: 80.000(76.436), Loss: 0.608(0.568), LR: 0.000004
[GPU cuda:1][TRAIN] Epoch: [5][150/2480], Elapsed 0m 43s (remain 11m 8s), Accuracy: 40.000(74.570), Loss: 0.913(0.601), LR: 0.000004
[GPU cuda:1][TRAIN] Epoch: [5][200/2480], Elapsed 0m 57s (remain 10m 51s), Accuracy: 60.000(74.129), Loss: 0.561(0.619), LR: 0.000004
[GPU cuda:1][TRAIN] Epoch: [5][250/2480], Elapsed 1m 11s (remain 10m 35s), Accuracy: 100.000(74.582), Loss: 0.075(0.616), LR: 0.000004
[GPU cuda:1][TRAIN] Epoch: [5][300/2480], Elapsed 1m 25s (remain 10m 20s), Accuracy: 20.000(74.618), Loss: 1.274(0.613), LR: 0.000004
[GPU cuda:1][TRAIN] Epoch: [5][350/2480], Elapsed 1m 39s (remain 10m 5s), Accuracy: 60.000(73.903), Loss: 0.691(0.625), LR: 0.000004
[GPU cuda:1][TRAIN] Epoch: [5][400/2480], Elapsed 1m 54s (remain 9m 51s), Accuracy: 80.000(74.165), Loss: 0.572(0.623), LR: 0.000004
[GPU cuda:1][TRAIN] Epoch: [5][450/2480], Elapsed 2m 8s (remain 9m 36s), Accuracy: 80.000(74.368), Loss: 0.547(0.622), LR: 0.000003
[GPU cuda:1][TRAIN] Epoch: [5][500/2480], Elapsed 2m 22s (remain 9m 22s), Accuracy: 60.000(74.611), Loss: 0.832(0.616), LR: 0.000003
[GPU cuda:1][TRAIN] Epoch: [5][550/2480], Elapsed 2m 36s (remain 9m 7s), Accuracy: 100.000(74.773), Loss: 0.076(0.617), LR: 0.000003
[GPU cuda:1][TRAIN] Epoch: [5][600/2480], Elapsed 2m 50s (remain 8m 53s), Accuracy: 100.000(74.742), Loss: 0.019(0.621), LR: 0.000003
[GPU cuda:1][TRAIN] Epoch: [5][650/2480], Elapsed 3m 4s (remain 8m 39s), Accuracy: 100.000(74.716), Loss: 0.035(0.621), LR: 0.000003
[GPU cuda:1][TRAIN] Epoch: [5][700/2480], Elapsed 3m 19s (remain 8m 25s), Accuracy: 100.000(74.608), Loss: 0.236(0.626), LR: 0.000003
[GPU cuda:1][TRAIN] Epoch: [5][750/2480], Elapsed 3m 33s (remain 8m 10s), Accuracy: 100.000(74.541), Loss: 0.144(0.626), LR: 0.000003
[GPU cuda:1][TRAIN] Epoch: [5][800/2480], Elapsed 3m 47s (remain 7m 56s), Accuracy: 100.000(74.831), Loss: 0.324(0.623), LR: 0.000003
[GPU cuda:1][TRAIN] Epoch: [5][850/2480], Elapsed 4m 1s (remain 7m 42s), Accuracy: 60.000(75.135), Loss: 0.885(0.615), LR: 0.000003
[GPU cuda:1][TRAIN] Epoch: [5][900/2480], Elapsed 4m 15s (remain 7m 28s), Accuracy: 80.000(75.272), Loss: 0.746(0.612), LR: 0.000003
[GPU cuda:1][TRAIN] Epoch: [5][950/2480], Elapsed 4m 29s (remain 7m 13s), Accuracy: 80.000(75.563), Loss: 0.735(0.607), LR: 0.000003
[GPU cuda:1][TRAIN] Epoch: [5][1000/2480], Elapsed 4m 44s (remain 6m 59s), Accuracy: 80.000(75.544), Loss: 0.666(0.605), LR: 0.000002
[GPU cuda:1][TRAIN] Epoch: [5][1050/2480], Elapsed 4m 58s (remain 6m 45s), Accuracy: 40.000(75.604), Loss: 0.998(0.606), LR: 0.000002
[GPU cuda:1][TRAIN] Epoch: [5][1100/2480], Elapsed 5m 12s (remain 6m 31s), Accuracy: 100.000(75.658), Loss: 0.390(0.603), LR: 0.000002
[GPU cuda:1][TRAIN] Epoch: [5][1150/2480], Elapsed 5m 26s (remain 6m 17s), Accuracy: 80.000(75.673), Loss: 0.420(0.601), LR: 0.000002
[GPU cuda:1][TRAIN] Epoch: [5][1200/2480], Elapsed 5m 40s (remain 6m 2s), Accuracy: 100.000(75.887), Loss: 0.324(0.595), LR: 0.000002
[GPU cuda:1][TRAIN] Epoch: [5][1250/2480], Elapsed 5m 55s (remain 5m 48s), Accuracy: 40.000(75.859), Loss: 0.806(0.596), LR: 0.000002
[GPU cuda:1][TRAIN] Epoch: [5][1300/2480], Elapsed 6m 9s (remain 5m 34s), Accuracy: 80.000(76.003), Loss: 0.295(0.593), LR: 0.000002
[GPU cuda:1][TRAIN] Epoch: [5][1350/2480], Elapsed 6m 23s (remain 5m 20s), Accuracy: 100.000(76.195), Loss: 0.082(0.589), LR: 0.000002
[GPU cuda:1][TRAIN] Epoch: [5][1400/2480], Elapsed 6m 37s (remain 5m 6s), Accuracy: 100.000(76.246), Loss: 0.200(0.588), LR: 0.000002
[GPU cuda:1][TRAIN] Epoch: [5][1450/2480], Elapsed 6m 51s (remain 4m 52s), Accuracy: 100.000(76.582), Loss: 0.275(0.584), LR: 0.000002
[GPU cuda:1][TRAIN] Epoch: [5][1500/2480], Elapsed 7m 6s (remain 4m 37s), Accuracy: 80.000(76.562), Loss: 0.237(0.583), LR: 0.000002
[GPU cuda:1][TRAIN] Epoch: [5][1550/2480], Elapsed 7m 20s (remain 4m 23s), Accuracy: 80.000(76.609), Loss: 0.491(0.581), LR: 0.000002
[GPU cuda:1][TRAIN] Epoch: [5][1600/2480], Elapsed 7m 34s (remain 4m 9s), Accuracy: 100.000(76.752), Loss: 0.200(0.579), LR: 0.000002
[GPU cuda:1][TRAIN] Epoch: [5][1650/2480], Elapsed 7m 48s (remain 3m 55s), Accuracy: 100.000(77.068), Loss: 0.174(0.573), LR: 0.000002
[GPU cuda:1][TRAIN] Epoch: [5][1700/2480], Elapsed 8m 2s (remain 3m 41s), Accuracy: 80.000(77.049), Loss: 0.327(0.573), LR: 0.000002
[GPU cuda:1][TRAIN] Epoch: [5][1750/2480], Elapsed 8m 16s (remain 3m 26s), Accuracy: 60.000(77.156), Loss: 0.721(0.572), LR: 0.000001
[GPU cuda:1][TRAIN] Epoch: [5][1800/2480], Elapsed 8m 31s (remain 3m 12s), Accuracy: 100.000(77.213), Loss: 0.248(0.569), LR: 0.000001
[GPU cuda:1][TRAIN] Epoch: [5][1850/2480], Elapsed 8m 45s (remain 2m 58s), Accuracy: 60.000(77.288), Loss: 0.687(0.567), LR: 0.000001
[GPU cuda:1][TRAIN] Epoch: [5][1900/2480], Elapsed 8m 59s (remain 2m 44s), Accuracy: 60.000(77.422), Loss: 0.517(0.564), LR: 0.000001
[GPU cuda:1][TRAIN] Epoch: [5][1950/2480], Elapsed 9m 13s (remain 2m 30s), Accuracy: 80.000(77.263), Loss: 0.408(0.565), LR: 0.000001
[GPU cuda:1][TRAIN] Epoch: [5][2000/2480], Elapsed 9m 27s (remain 2m 15s), Accuracy: 80.000(77.271), Loss: 0.550(0.564), LR: 0.000001
[GPU cuda:1][TRAIN] Epoch: [5][2050/2480], Elapsed 9m 41s (remain 2m 1s), Accuracy: 40.000(77.289), Loss: 1.023(0.564), LR: 0.000001
[GPU cuda:1][TRAIN] Epoch: [5][2100/2480], Elapsed 9m 55s (remain 1m 47s), Accuracy: 80.000(77.487), Loss: 0.207(0.559), LR: 0.000001
[GPU cuda:1][TRAIN] Epoch: [5][2150/2480], Elapsed 10m 10s (remain 1m 33s), Accuracy: 80.000(77.583), Loss: 0.354(0.558), LR: 0.000001
[GPU cuda:1][TRAIN] Epoch: [5][2200/2480], Elapsed 10m 24s (remain 1m 19s), Accuracy: 60.000(77.665), Loss: 0.869(0.556), LR: 0.000001
[GPU cuda:1][TRAIN] Epoch: [5][2250/2480], Elapsed 10m 38s (remain 1m 4s), Accuracy: 80.000(77.548), Loss: 0.913(0.558), LR: 0.000001
[GPU cuda:1][TRAIN] Epoch: [5][2300/2480], Elapsed 10m 52s (remain 0m 50s), Accuracy: 80.000(77.532), Loss: 0.529(0.558), LR: 0.000001
[GPU cuda:1][TRAIN] Epoch: [5][2350/2480], Elapsed 11m 6s (remain 0m 36s), Accuracy: 100.000(77.490), Loss: 0.334(0.559), LR: 0.000001
[GPU cuda:1][TRAIN] Epoch: [5][2400/2480], Elapsed 11m 20s (remain 0m 22s), Accuracy: 80.000(77.609), Loss: 0.578(0.557), LR: 0.000001
[GPU cuda:1][TRAIN] Epoch: [5][2450/2480], Elapsed 11m 34s (remain 0m 8s), Accuracy: 100.000(77.593), Loss: 0.322(0.557), LR: 0.000001
[GPU cuda:1][TRAIN] Epoch: [5][2479/2480], Elapsed 11m 42s (remain 0m 0s), Accuracy: 40.000(77.597), Loss: 1.682(0.556), LR: 0.000001
[GPU cuda:1][VALID][0/97], Elapsed 0m 1s (remain 2m 13s), Accuracy: 75.000(75.000), Batch Loss: 0.8485, Average Loss: 0.8485
[GPU cuda:1][VALID][50/97], Elapsed 0m 48s (remain 0m 43s), Accuracy: 71.875(73.591), Batch Loss: 0.4640, Average Loss: 0.6798
[GPU cuda:1][VALID][96/97], Elapsed 1m 31s (remain 0m 0s), Accuracy: 89.286(73.698), Batch Loss: 0.3767, Average Loss: 0.6914
Valid Labels Samples: [2 0 1 4 1 0 3 1 4 3]
Valid Predictions Samples: [2, 0, 1, 3, 1, 0, 3, 1, 3, 0]
Epoch 5 - Train Average Loss: 77.597, Valid Average Loss: 73.698, Epoch Time: 797.011s
Epoch 5 - Accuracy: 0.737, Precision: 0.741, Recall: 0.737
Saved Best Model: 0.74
[GPU cuda:1][TRAIN] Epoch: [6][0/2480], Elapsed 0m 0s (remain 26m 21s), Accuracy: 80.000(80.000), Loss: 0.471(0.471), LR: 0.000001
[GPU cuda:1][TRAIN] Epoch: [6][50/2480], Elapsed 0m 14s (remain 11m 52s), Accuracy: 60.000(81.569), Loss: 0.834(0.440), LR: 0.000001
[GPU cuda:1][TRAIN] Epoch: [6][100/2480], Elapsed 0m 29s (remain 11m 27s), Accuracy: 80.000(79.604), Loss: 0.712(0.478), LR: 0.000001
[GPU cuda:1][TRAIN] Epoch: [6][150/2480], Elapsed 0m 43s (remain 11m 8s), Accuracy: 60.000(78.940), Loss: 0.746(0.508), LR: 0.000001
[GPU cuda:1][TRAIN] Epoch: [6][200/2480], Elapsed 0m 57s (remain 10m 51s), Accuracy: 60.000(78.209), Loss: 0.644(0.524), LR: 0.000010
[GPU cuda:1][TRAIN] Epoch: [6][250/2480], Elapsed 1m 11s (remain 10m 35s), Accuracy: 80.000(76.653), Loss: 0.373(0.558), LR: 0.000010
[GPU cuda:1][TRAIN] Epoch: [6][300/2480], Elapsed 1m 25s (remain 10m 20s), Accuracy: 40.000(76.013), Loss: 1.179(0.567), LR: 0.000010
[GPU cuda:1][TRAIN] Epoch: [6][350/2480], Elapsed 1m 39s (remain 10m 5s), Accuracy: 80.000(75.328), Loss: 0.661(0.577), LR: 0.000010
[GPU cuda:1][TRAIN] Epoch: [6][400/2480], Elapsed 1m 54s (remain 9m 51s), Accuracy: 60.000(74.813), Loss: 0.591(0.588), LR: 0.000010
[GPU cuda:1][TRAIN] Epoch: [6][450/2480], Elapsed 2m 8s (remain 9m 36s), Accuracy: 60.000(74.767), Loss: 0.865(0.595), LR: 0.000010
[GPU cuda:1][TRAIN] Epoch: [6][500/2480], Elapsed 2m 22s (remain 9m 21s), Accuracy: 20.000(74.930), Loss: 1.018(0.589), LR: 0.000010
[GPU cuda:1][TRAIN] Epoch: [6][550/2480], Elapsed 2m 36s (remain 9m 7s), Accuracy: 100.000(74.664), Loss: 0.109(0.598), LR: 0.000010
[GPU cuda:1][TRAIN] Epoch: [6][600/2480], Elapsed 2m 50s (remain 8m 53s), Accuracy: 100.000(74.443), Loss: 0.052(0.605), LR: 0.000010
[GPU cuda:1][TRAIN] Epoch: [6][650/2480], Elapsed 3m 4s (remain 8m 38s), Accuracy: 100.000(74.101), Loss: 0.055(0.617), LR: 0.000010
[GPU cuda:1][TRAIN] Epoch: [6][700/2480], Elapsed 3m 18s (remain 8m 24s), Accuracy: 80.000(73.980), Loss: 0.298(0.624), LR: 0.000010
[GPU cuda:1][TRAIN] Epoch: [6][750/2480], Elapsed 3m 32s (remain 8m 10s), Accuracy: 100.000(73.688), Loss: 0.163(0.628), LR: 0.000010
[GPU cuda:1][TRAIN] Epoch: [6][800/2480], Elapsed 3m 47s (remain 7m 55s), Accuracy: 80.000(73.858), Loss: 0.364(0.627), LR: 0.000010
[GPU cuda:1][TRAIN] Epoch: [6][850/2480], Elapsed 4m 1s (remain 7m 41s), Accuracy: 60.000(74.219), Loss: 0.773(0.621), LR: 0.000010
[GPU cuda:1][TRAIN] Epoch: [6][900/2480], Elapsed 4m 15s (remain 7m 27s), Accuracy: 60.000(74.251), Loss: 1.034(0.620), LR: 0.000010
[GPU cuda:1][TRAIN] Epoch: [6][950/2480], Elapsed 4m 29s (remain 7m 13s), Accuracy: 80.000(74.553), Loss: 0.651(0.617), LR: 0.000010
[GPU cuda:1][TRAIN] Epoch: [6][1000/2480], Elapsed 4m 43s (remain 6m 58s), Accuracy: 80.000(74.446), Loss: 0.732(0.617), LR: 0.000010
[GPU cuda:1][TRAIN] Epoch: [6][1050/2480], Elapsed 4m 57s (remain 6m 44s), Accuracy: 60.000(74.539), Loss: 0.943(0.615), LR: 0.000010
[GPU cuda:1][TRAIN] Epoch: [6][1100/2480], Elapsed 5m 11s (remain 6m 30s), Accuracy: 60.000(74.714), Loss: 1.123(0.612), LR: 0.000010
[GPU cuda:1][TRAIN] Epoch: [6][1150/2480], Elapsed 5m 25s (remain 6m 16s), Accuracy: 60.000(74.683), Loss: 0.993(0.612), LR: 0.000010
[GPU cuda:1][TRAIN] Epoch: [6][1200/2480], Elapsed 5m 40s (remain 6m 2s), Accuracy: 100.000(74.704), Loss: 0.303(0.611), LR: 0.000010
[GPU cuda:1][TRAIN] Epoch: [6][1250/2480], Elapsed 5m 54s (remain 5m 48s), Accuracy: 40.000(74.468), Loss: 0.825(0.613), LR: 0.000010
[GPU cuda:1][TRAIN] Epoch: [6][1300/2480], Elapsed 6m 8s (remain 5m 33s), Accuracy: 60.000(74.727), Loss: 0.854(0.609), LR: 0.000010
[GPU cuda:1][TRAIN] Epoch: [6][1350/2480], Elapsed 6m 22s (remain 5m 19s), Accuracy: 100.000(74.907), Loss: 0.126(0.605), LR: 0.000010
[GPU cuda:1][TRAIN] Epoch: [6][1400/2480], Elapsed 6m 36s (remain 5m 5s), Accuracy: 100.000(74.989), Loss: 0.129(0.605), LR: 0.000010
[GPU cuda:1][TRAIN] Epoch: [6][1450/2480], Elapsed 6m 50s (remain 4m 51s), Accuracy: 80.000(75.093), Loss: 0.389(0.603), LR: 0.000010
[GPU cuda:1][TRAIN] Epoch: [6][1500/2480], Elapsed 7m 4s (remain 4m 37s), Accuracy: 80.000(75.083), Loss: 0.238(0.605), LR: 0.000010
[GPU cuda:1][TRAIN] Epoch: [6][1550/2480], Elapsed 7m 19s (remain 4m 22s), Accuracy: 100.000(75.048), Loss: 0.129(0.603), LR: 0.000010
[GPU cuda:1][TRAIN] Epoch: [6][1600/2480], Elapsed 7m 33s (remain 4m 8s), Accuracy: 80.000(75.066), Loss: 0.205(0.603), LR: 0.000010
[GPU cuda:1][TRAIN] Epoch: [6][1650/2480], Elapsed 7m 47s (remain 3m 54s), Accuracy: 100.000(75.191), Loss: 0.280(0.600), LR: 0.000010
[GPU cuda:1][TRAIN] Epoch: [6][1700/2480], Elapsed 8m 1s (remain 3m 40s), Accuracy: 80.000(75.156), Loss: 0.302(0.602), LR: 0.000010
[GPU cuda:1][TRAIN] Epoch: [6][1750/2480], Elapsed 8m 15s (remain 3m 26s), Accuracy: 60.000(75.248), Loss: 1.334(0.601), LR: 0.000010
[GPU cuda:1][TRAIN] Epoch: [6][1800/2480], Elapsed 8m 29s (remain 3m 12s), Accuracy: 80.000(75.269), Loss: 0.500(0.600), LR: 0.000010
[GPU cuda:1][TRAIN] Epoch: [6][1850/2480], Elapsed 8m 43s (remain 2m 58s), Accuracy: 60.000(75.235), Loss: 0.618(0.600), LR: 0.000010
[GPU cuda:1][TRAIN] Epoch: [6][1900/2480], Elapsed 8m 58s (remain 2m 43s), Accuracy: 60.000(75.234), Loss: 0.659(0.599), LR: 0.000010
[GPU cuda:1][TRAIN] Epoch: [6][1950/2480], Elapsed 9m 12s (remain 2m 29s), Accuracy: 80.000(75.049), Loss: 0.489(0.602), LR: 0.000010
[GPU cuda:1][TRAIN] Epoch: [6][2000/2480], Elapsed 9m 26s (remain 2m 15s), Accuracy: 60.000(75.102), Loss: 0.951(0.601), LR: 0.000010
[GPU cuda:1][TRAIN] Epoch: [6][2050/2480], Elapsed 9m 40s (remain 2m 1s), Accuracy: 40.000(75.066), Loss: 1.098(0.602), LR: 0.000010
[GPU cuda:1][TRAIN] Epoch: [6][2100/2480], Elapsed 9m 54s (remain 1m 47s), Accuracy: 80.000(75.183), Loss: 0.331(0.600), LR: 0.000010
[GPU cuda:1][TRAIN] Epoch: [6][2150/2480], Elapsed 10m 8s (remain 1m 33s), Accuracy: 80.000(75.314), Loss: 0.406(0.598), LR: 0.000009
[GPU cuda:1][TRAIN] Epoch: [6][2200/2480], Elapsed 10m 22s (remain 1m 18s), Accuracy: 60.000(75.329), Loss: 0.568(0.598), LR: 0.000009
[GPU cuda:1][TRAIN] Epoch: [6][2250/2480], Elapsed 10m 37s (remain 1m 4s), Accuracy: 40.000(75.238), Loss: 0.998(0.600), LR: 0.000009
[GPU cuda:1][TRAIN] Epoch: [6][2300/2480], Elapsed 10m 51s (remain 0m 50s), Accuracy: 80.000(75.133), Loss: 0.473(0.602), LR: 0.000009
[GPU cuda:1][TRAIN] Epoch: [6][2350/2480], Elapsed 11m 5s (remain 0m 36s), Accuracy: 100.000(75.091), Loss: 0.396(0.604), LR: 0.000009
[GPU cuda:1][TRAIN] Epoch: [6][2400/2480], Elapsed 11m 19s (remain 0m 22s), Accuracy: 80.000(75.244), Loss: 0.646(0.602), LR: 0.000009
[GPU cuda:1][TRAIN] Epoch: [6][2450/2480], Elapsed 11m 33s (remain 0m 8s), Accuracy: 80.000(75.365), Loss: 0.629(0.601), LR: 0.000009
[GPU cuda:1][TRAIN] Epoch: [6][2479/2480], Elapsed 11m 42s (remain 0m 0s), Accuracy: 40.000(75.298), Loss: 1.445(0.602), LR: 0.000009
[GPU cuda:1][VALID][0/97], Elapsed 0m 1s (remain 2m 13s), Accuracy: 75.000(75.000), Batch Loss: 0.6360, Average Loss: 0.6360
[GPU cuda:1][VALID][50/97], Elapsed 0m 48s (remain 0m 43s), Accuracy: 71.875(71.752), Batch Loss: 0.6043, Average Loss: 0.7066
[GPU cuda:1][VALID][96/97], Elapsed 1m 32s (remain 0m 0s), Accuracy: 82.143(71.949), Batch Loss: 0.3888, Average Loss: 0.7089
Valid Labels Samples: [2 0 1 4 1 0 3 1 4 3]
Valid Predictions Samples: [2, 0, 1, 4, 1, 1, 3, 1, 3, 0]
Epoch 6 - Train Average Loss: 75.298, Valid Average Loss: 71.949, Epoch Time: 796.890s
Epoch 6 - Accuracy: 0.719, Precision: 0.724, Recall: 0.719
[GPU cuda:1][TRAIN] Epoch: [7][0/2480], Elapsed 0m 0s (remain 25m 53s), Accuracy: 80.000(80.000), Loss: 0.446(0.446), LR: 0.000009
[GPU cuda:1][TRAIN] Epoch: [7][50/2480], Elapsed 0m 15s (remain 11m 57s), Accuracy: 60.000(74.902), Loss: 0.715(0.560), LR: 0.000009
[GPU cuda:1][TRAIN] Epoch: [7][100/2480], Elapsed 0m 29s (remain 11m 31s), Accuracy: 80.000(74.653), Loss: 0.678(0.591), LR: 0.000009
[GPU cuda:1][TRAIN] Epoch: [7][150/2480], Elapsed 0m 43s (remain 11m 12s), Accuracy: 60.000(74.834), Loss: 0.988(0.611), LR: 0.000009
[GPU cuda:1][TRAIN] Epoch: [7][200/2480], Elapsed 0m 57s (remain 10m 55s), Accuracy: 60.000(74.627), Loss: 0.542(0.627), LR: 0.000009
[GPU cuda:1][TRAIN] Epoch: [7][250/2480], Elapsed 1m 12s (remain 10m 39s), Accuracy: 80.000(74.980), Loss: 0.391(0.622), LR: 0.000009
[GPU cuda:1][TRAIN] Epoch: [7][300/2480], Elapsed 1m 26s (remain 10m 24s), Accuracy: 80.000(74.684), Loss: 1.068(0.622), LR: 0.000009
[GPU cuda:1][TRAIN] Epoch: [7][350/2480], Elapsed 1m 40s (remain 10m 9s), Accuracy: 100.000(74.872), Loss: 0.372(0.618), LR: 0.000009
[GPU cuda:1][TRAIN] Epoch: [7][400/2480], Elapsed 1m 54s (remain 9m 54s), Accuracy: 80.000(75.262), Loss: 0.536(0.611), LR: 0.000009
[GPU cuda:1][TRAIN] Epoch: [7][450/2480], Elapsed 2m 8s (remain 9m 39s), Accuracy: 100.000(75.787), Loss: 0.230(0.603), LR: 0.000009
[GPU cuda:1][TRAIN] Epoch: [7][500/2480], Elapsed 2m 23s (remain 9m 25s), Accuracy: 40.000(76.048), Loss: 1.090(0.594), LR: 0.000009
[GPU cuda:1][TRAIN] Epoch: [7][550/2480], Elapsed 2m 37s (remain 9m 10s), Accuracy: 100.000(76.407), Loss: 0.026(0.592), LR: 0.000009
[GPU cuda:1][TRAIN] Epoch: [7][600/2480], Elapsed 2m 51s (remain 8m 56s), Accuracy: 100.000(76.040), Loss: 0.037(0.599), LR: 0.000009
[GPU cuda:1][TRAIN] Epoch: [7][650/2480], Elapsed 3m 5s (remain 8m 41s), Accuracy: 100.000(75.914), Loss: 0.033(0.601), LR: 0.000009
[GPU cuda:1][TRAIN] Epoch: [7][700/2480], Elapsed 3m 19s (remain 8m 27s), Accuracy: 100.000(75.835), Loss: 0.227(0.603), LR: 0.000009
[GPU cuda:1][TRAIN] Epoch: [7][750/2480], Elapsed 3m 34s (remain 8m 12s), Accuracy: 100.000(75.872), Loss: 0.089(0.600), LR: 0.000009
[GPU cuda:1][TRAIN] Epoch: [7][800/2480], Elapsed 3m 48s (remain 7m 58s), Accuracy: 80.000(76.080), Loss: 0.220(0.596), LR: 0.000009
[GPU cuda:1][TRAIN] Epoch: [7][850/2480], Elapsed 4m 2s (remain 7m 44s), Accuracy: 60.000(76.240), Loss: 0.792(0.590), LR: 0.000009
[GPU cuda:1][TRAIN] Epoch: [7][900/2480], Elapsed 4m 16s (remain 7m 29s), Accuracy: 60.000(76.448), Loss: 1.198(0.586), LR: 0.000009
[GPU cuda:1][TRAIN] Epoch: [7][950/2480], Elapsed 4m 30s (remain 7m 15s), Accuracy: 80.000(76.719), Loss: 0.658(0.579), LR: 0.000009
[GPU cuda:1][TRAIN] Epoch: [7][1000/2480], Elapsed 4m 44s (remain 7m 1s), Accuracy: 60.000(76.703), Loss: 0.866(0.579), LR: 0.000009
[GPU cuda:1][TRAIN] Epoch: [7][1050/2480], Elapsed 4m 59s (remain 6m 46s), Accuracy: 60.000(76.689), Loss: 0.955(0.579), LR: 0.000009
[GPU cuda:1][TRAIN] Epoch: [7][1100/2480], Elapsed 5m 13s (remain 6m 32s), Accuracy: 80.000(76.821), Loss: 0.356(0.576), LR: 0.000009
[GPU cuda:1][TRAIN] Epoch: [7][1150/2480], Elapsed 5m 27s (remain 6m 18s), Accuracy: 80.000(76.681), Loss: 0.604(0.577), LR: 0.000008
[GPU cuda:1][TRAIN] Epoch: [7][1200/2480], Elapsed 5m 41s (remain 6m 3s), Accuracy: 100.000(76.736), Loss: 0.406(0.575), LR: 0.000008
[GPU cuda:1][TRAIN] Epoch: [7][1250/2480], Elapsed 5m 55s (remain 5m 49s), Accuracy: 80.000(76.547), Loss: 0.632(0.578), LR: 0.000008
[GPU cuda:1][TRAIN] Epoch: [7][1300/2480], Elapsed 6m 9s (remain 5m 35s), Accuracy: 60.000(76.695), Loss: 0.742(0.575), LR: 0.000008
[GPU cuda:1][TRAIN] Epoch: [7][1350/2480], Elapsed 6m 24s (remain 5m 20s), Accuracy: 100.000(76.965), Loss: 0.099(0.570), LR: 0.000008
[GPU cuda:1][TRAIN] Epoch: [7][1400/2480], Elapsed 6m 38s (remain 5m 6s), Accuracy: 80.000(77.031), Loss: 0.345(0.569), LR: 0.000008
[GPU cuda:1][TRAIN] Epoch: [7][1450/2480], Elapsed 6m 52s (remain 4m 52s), Accuracy: 100.000(77.298), Loss: 0.235(0.565), LR: 0.000008
[GPU cuda:1][TRAIN] Epoch: [7][1500/2480], Elapsed 7m 6s (remain 4m 38s), Accuracy: 100.000(77.202), Loss: 0.175(0.565), LR: 0.000008
[GPU cuda:1][TRAIN] Epoch: [7][1550/2480], Elapsed 7m 20s (remain 4m 24s), Accuracy: 100.000(77.189), Loss: 0.265(0.564), LR: 0.000008
[GPU cuda:1][TRAIN] Epoch: [7][1600/2480], Elapsed 7m 34s (remain 4m 9s), Accuracy: 100.000(77.227), Loss: 0.215(0.563), LR: 0.000008
[GPU cuda:1][TRAIN] Epoch: [7][1650/2480], Elapsed 7m 49s (remain 3m 55s), Accuracy: 100.000(77.396), Loss: 0.169(0.559), LR: 0.000008
[GPU cuda:1][TRAIN] Epoch: [7][1700/2480], Elapsed 8m 3s (remain 3m 41s), Accuracy: 60.000(77.413), Loss: 0.480(0.559), LR: 0.000008
[GPU cuda:1][TRAIN] Epoch: [7][1750/2480], Elapsed 8m 17s (remain 3m 27s), Accuracy: 80.000(77.476), Loss: 0.575(0.558), LR: 0.000008
[GPU cuda:1][TRAIN] Epoch: [7][1800/2480], Elapsed 8m 31s (remain 3m 12s), Accuracy: 60.000(77.524), Loss: 0.574(0.556), LR: 0.000008
[GPU cuda:1][TRAIN] Epoch: [7][1850/2480], Elapsed 8m 45s (remain 2m 58s), Accuracy: 80.000(77.612), Loss: 0.532(0.554), LR: 0.000008
[GPU cuda:1][TRAIN] Epoch: [7][1900/2480], Elapsed 8m 59s (remain 2m 44s), Accuracy: 80.000(77.717), Loss: 0.716(0.552), LR: 0.000008
[GPU cuda:1][TRAIN] Epoch: [7][1950/2480], Elapsed 9m 13s (remain 2m 30s), Accuracy: 80.000(77.581), Loss: 0.410(0.554), LR: 0.000008
[GPU cuda:1][TRAIN] Epoch: [7][2000/2480], Elapsed 9m 28s (remain 2m 15s), Accuracy: 60.000(77.611), Loss: 0.824(0.553), LR: 0.000008
[GPU cuda:1][TRAIN] Epoch: [7][2050/2480], Elapsed 9m 42s (remain 2m 1s), Accuracy: 40.000(77.572), Loss: 0.974(0.553), LR: 0.000008
[GPU cuda:1][TRAIN] Epoch: [7][2100/2480], Elapsed 9m 56s (remain 1m 47s), Accuracy: 100.000(77.744), Loss: 0.029(0.549), LR: 0.000008
[GPU cuda:1][TRAIN] Epoch: [7][2150/2480], Elapsed 10m 10s (remain 1m 33s), Accuracy: 80.000(77.917), Loss: 0.376(0.545), LR: 0.000008
[GPU cuda:1][TRAIN] Epoch: [7][2200/2480], Elapsed 10m 24s (remain 1m 19s), Accuracy: 80.000(78.010), Loss: 0.358(0.544), LR: 0.000008
[GPU cuda:1][TRAIN] Epoch: [7][2250/2480], Elapsed 10m 38s (remain 1m 4s), Accuracy: 60.000(77.876), Loss: 0.979(0.546), LR: 0.000007
[GPU cuda:1][TRAIN] Epoch: [7][2300/2480], Elapsed 10m 53s (remain 0m 50s), Accuracy: 60.000(77.818), Loss: 1.617(0.547), LR: 0.000007
[GPU cuda:1][TRAIN] Epoch: [7][2350/2480], Elapsed 11m 7s (remain 0m 36s), Accuracy: 100.000(77.822), Loss: 0.232(0.548), LR: 0.000007
[GPU cuda:1][TRAIN] Epoch: [7][2400/2480], Elapsed 11m 21s (remain 0m 22s), Accuracy: 80.000(77.909), Loss: 0.717(0.546), LR: 0.000007
[GPU cuda:1][TRAIN] Epoch: [7][2450/2480], Elapsed 11m 35s (remain 0m 8s), Accuracy: 100.000(77.993), Loss: 0.129(0.545), LR: 0.000007
[GPU cuda:1][TRAIN] Epoch: [7][2479/2480], Elapsed 11m 43s (remain 0m 0s), Accuracy: 40.000(77.952), Loss: 1.832(0.545), LR: 0.000007
[GPU cuda:1][VALID][0/97], Elapsed 0m 1s (remain 2m 16s), Accuracy: 68.750(68.750), Batch Loss: 0.7671, Average Loss: 0.7671
[GPU cuda:1][VALID][50/97], Elapsed 0m 48s (remain 0m 43s), Accuracy: 75.000(71.752), Batch Loss: 0.5901, Average Loss: 0.7722
[GPU cuda:1][VALID][96/97], Elapsed 1m 32s (remain 0m 0s), Accuracy: 82.143(72.239), Batch Loss: 0.4272, Average Loss: 0.7637
Valid Labels Samples: [2 0 1 4 1 0 3 1 4 3]
Valid Predictions Samples: [2, 0, 1, 3, 1, 0, 3, 1, 3, 0]
Epoch 7 - Train Average Loss: 77.952, Valid Average Loss: 72.239, Epoch Time: 797.863s
Epoch 7 - Accuracy: 0.722, Precision: 0.725, Recall: 0.722
[GPU cuda:1][TRAIN] Epoch: [8][0/2480], Elapsed 0m 0s (remain 26m 10s), Accuracy: 80.000(80.000), Loss: 0.692(0.692), LR: 0.000007
[GPU cuda:1][TRAIN] Epoch: [8][50/2480], Elapsed 0m 14s (remain 11m 53s), Accuracy: 60.000(78.039), Loss: 0.746(0.498), LR: 0.000007
[GPU cuda:1][TRAIN] Epoch: [8][100/2480], Elapsed 0m 29s (remain 11m 27s), Accuracy: 80.000(77.822), Loss: 0.709(0.519), LR: 0.000007
[GPU cuda:1][TRAIN] Epoch: [8][150/2480], Elapsed 0m 43s (remain 11m 8s), Accuracy: 40.000(77.616), Loss: 0.883(0.542), LR: 0.000007
[GPU cuda:1][TRAIN] Epoch: [8][200/2480], Elapsed 0m 57s (remain 10m 52s), Accuracy: 60.000(76.617), Loss: 0.901(0.568), LR: 0.000007
[GPU cuda:1][TRAIN] Epoch: [8][250/2480], Elapsed 1m 11s (remain 10m 36s), Accuracy: 100.000(77.849), Loss: 0.050(0.550), LR: 0.000007
[GPU cuda:1][TRAIN] Epoch: [8][300/2480], Elapsed 1m 25s (remain 10m 21s), Accuracy: 20.000(77.542), Loss: 1.322(0.549), LR: 0.000007
[GPU cuda:1][TRAIN] Epoch: [8][350/2480], Elapsed 1m 40s (remain 10m 6s), Accuracy: 100.000(78.120), Loss: 0.262(0.543), LR: 0.000007
[GPU cuda:1][TRAIN] Epoch: [8][400/2480], Elapsed 1m 54s (remain 9m 52s), Accuracy: 100.000(78.903), Loss: 0.148(0.527), LR: 0.000007
[GPU cuda:1][TRAIN] Epoch: [8][450/2480], Elapsed 2m 8s (remain 9m 37s), Accuracy: 80.000(79.290), Loss: 0.402(0.519), LR: 0.000007
[GPU cuda:1][TRAIN] Epoch: [8][500/2480], Elapsed 2m 22s (remain 9m 23s), Accuracy: 60.000(79.202), Loss: 0.846(0.521), LR: 0.000007
[GPU cuda:1][TRAIN] Epoch: [8][550/2480], Elapsed 2m 36s (remain 9m 8s), Accuracy: 100.000(79.238), Loss: 0.033(0.522), LR: 0.000007
[GPU cuda:1][TRAIN] Epoch: [8][600/2480], Elapsed 2m 50s (remain 8m 54s), Accuracy: 100.000(79.002), Loss: 0.021(0.524), LR: 0.000007
[GPU cuda:1][TRAIN] Epoch: [8][650/2480], Elapsed 3m 5s (remain 8m 39s), Accuracy: 100.000(78.894), Loss: 0.015(0.526), LR: 0.000007
[GPU cuda:1][TRAIN] Epoch: [8][700/2480], Elapsed 3m 19s (remain 8m 25s), Accuracy: 100.000(78.916), Loss: 0.245(0.530), LR: 0.000007
[GPU cuda:1][TRAIN] Epoch: [8][750/2480], Elapsed 3m 33s (remain 8m 11s), Accuracy: 100.000(79.041), Loss: 0.145(0.529), LR: 0.000006
[GPU cuda:1][TRAIN] Epoch: [8][800/2480], Elapsed 3m 47s (remain 7m 57s), Accuracy: 80.000(79.276), Loss: 0.206(0.526), LR: 0.000006
[GPU cuda:1][TRAIN] Epoch: [8][850/2480], Elapsed 4m 1s (remain 7m 42s), Accuracy: 80.000(79.577), Loss: 0.530(0.518), LR: 0.000006
[GPU cuda:1][TRAIN] Epoch: [8][900/2480], Elapsed 4m 15s (remain 7m 28s), Accuracy: 80.000(79.778), Loss: 0.467(0.514), LR: 0.000006
[GPU cuda:1][TRAIN] Epoch: [8][950/2480], Elapsed 4m 29s (remain 7m 14s), Accuracy: 80.000(79.958), Loss: 0.616(0.511), LR: 0.000006
[GPU cuda:1][TRAIN] Epoch: [8][1000/2480], Elapsed 4m 44s (remain 6m 59s), Accuracy: 60.000(79.840), Loss: 0.733(0.510), LR: 0.000006
[GPU cuda:1][TRAIN] Epoch: [8][1050/2480], Elapsed 4m 58s (remain 6m 45s), Accuracy: 100.000(79.981), Loss: 0.412(0.507), LR: 0.000006
[GPU cuda:1][TRAIN] Epoch: [8][1100/2480], Elapsed 5m 12s (remain 6m 31s), Accuracy: 80.000(80.018), Loss: 0.298(0.505), LR: 0.000006
[GPU cuda:1][TRAIN] Epoch: [8][1150/2480], Elapsed 5m 26s (remain 6m 17s), Accuracy: 100.000(80.104), Loss: 0.122(0.504), LR: 0.000006
[GPU cuda:1][TRAIN] Epoch: [8][1200/2480], Elapsed 5m 40s (remain 6m 2s), Accuracy: 100.000(80.283), Loss: 0.164(0.499), LR: 0.000006
[GPU cuda:1][TRAIN] Epoch: [8][1250/2480], Elapsed 5m 54s (remain 5m 48s), Accuracy: 60.000(80.176), Loss: 0.749(0.501), LR: 0.000006
[GPU cuda:1][TRAIN] Epoch: [8][1300/2480], Elapsed 6m 9s (remain 5m 34s), Accuracy: 80.000(80.292), Loss: 0.479(0.499), LR: 0.000006
[GPU cuda:1][TRAIN] Epoch: [8][1350/2480], Elapsed 6m 23s (remain 5m 20s), Accuracy: 100.000(80.518), Loss: 0.106(0.495), LR: 0.000006
[GPU cuda:1][TRAIN] Epoch: [8][1400/2480], Elapsed 6m 37s (remain 5m 5s), Accuracy: 100.000(80.571), Loss: 0.136(0.493), LR: 0.000006
[GPU cuda:1][TRAIN] Epoch: [8][1450/2480], Elapsed 6m 51s (remain 4m 51s), Accuracy: 100.000(80.731), Loss: 0.277(0.489), LR: 0.000006
[GPU cuda:1][TRAIN] Epoch: [8][1500/2480], Elapsed 7m 5s (remain 4m 37s), Accuracy: 100.000(80.786), Loss: 0.056(0.488), LR: 0.000006
[GPU cuda:1][TRAIN] Epoch: [8][1550/2480], Elapsed 7m 19s (remain 4m 23s), Accuracy: 100.000(80.761), Loss: 0.156(0.486), LR: 0.000006
[GPU cuda:1][TRAIN] Epoch: [8][1600/2480], Elapsed 7m 33s (remain 4m 9s), Accuracy: 80.000(80.750), Loss: 0.252(0.486), LR: 0.000006
[GPU cuda:1][TRAIN] Epoch: [8][1650/2480], Elapsed 7m 48s (remain 3m 55s), Accuracy: 100.000(80.872), Loss: 0.133(0.482), LR: 0.000005
[GPU cuda:1][TRAIN] Epoch: [8][1700/2480], Elapsed 8m 2s (remain 3m 40s), Accuracy: 80.000(80.823), Loss: 0.356(0.484), LR: 0.000005
[GPU cuda:1][TRAIN] Epoch: [8][1750/2480], Elapsed 8m 16s (remain 3m 26s), Accuracy: 100.000(80.971), Loss: 0.178(0.482), LR: 0.000005
[GPU cuda:1][TRAIN] Epoch: [8][1800/2480], Elapsed 8m 30s (remain 3m 12s), Accuracy: 100.000(81.033), Loss: 0.097(0.480), LR: 0.000005
[GPU cuda:1][TRAIN] Epoch: [8][1850/2480], Elapsed 8m 44s (remain 2m 58s), Accuracy: 60.000(81.048), Loss: 0.626(0.479), LR: 0.000005
[GPU cuda:1][TRAIN] Epoch: [8][1900/2480], Elapsed 8m 59s (remain 2m 44s), Accuracy: 80.000(81.115), Loss: 0.301(0.476), LR: 0.000005
[GPU cuda:1][TRAIN] Epoch: [8][1950/2480], Elapsed 9m 13s (remain 2m 30s), Accuracy: 80.000(81.035), Loss: 0.650(0.478), LR: 0.000005
[GPU cuda:1][TRAIN] Epoch: [8][2000/2480], Elapsed 9m 27s (remain 2m 15s), Accuracy: 80.000(81.039), Loss: 0.684(0.478), LR: 0.000005
[GPU cuda:1][TRAIN] Epoch: [8][2050/2480], Elapsed 9m 41s (remain 2m 1s), Accuracy: 60.000(81.131), Loss: 0.849(0.476), LR: 0.000005
[GPU cuda:1][TRAIN] Epoch: [8][2100/2480], Elapsed 9m 55s (remain 1m 47s), Accuracy: 80.000(81.352), Loss: 0.174(0.471), LR: 0.000005
[GPU cuda:1][TRAIN] Epoch: [8][2150/2480], Elapsed 10m 10s (remain 1m 33s), Accuracy: 80.000(81.385), Loss: 0.447(0.469), LR: 0.000005
[GPU cuda:1][TRAIN] Epoch: [8][2200/2480], Elapsed 10m 24s (remain 1m 19s), Accuracy: 80.000(81.418), Loss: 0.421(0.468), LR: 0.000005
[GPU cuda:1][TRAIN] Epoch: [8][2250/2480], Elapsed 10m 38s (remain 1m 4s), Accuracy: 80.000(81.342), Loss: 0.435(0.469), LR: 0.000005
[GPU cuda:1][TRAIN] Epoch: [8][2300/2480], Elapsed 10m 52s (remain 0m 50s), Accuracy: 100.000(81.399), Loss: 0.107(0.469), LR: 0.000005
[GPU cuda:1][TRAIN] Epoch: [8][2350/2480], Elapsed 11m 6s (remain 0m 36s), Accuracy: 100.000(81.429), Loss: 0.167(0.469), LR: 0.000005
[GPU cuda:1][TRAIN] Epoch: [8][2400/2480], Elapsed 11m 20s (remain 0m 22s), Accuracy: 80.000(81.541), Loss: 0.380(0.467), LR: 0.000005
[GPU cuda:1][TRAIN] Epoch: [8][2450/2480], Elapsed 11m 35s (remain 0m 8s), Accuracy: 80.000(81.640), Loss: 0.229(0.465), LR: 0.000005
[GPU cuda:1][TRAIN] Epoch: [8][2479/2480], Elapsed 11m 43s (remain 0m 0s), Accuracy: 60.000(81.661), Loss: 1.059(0.465), LR: 0.000005
[GPU cuda:1][VALID][0/97], Elapsed 0m 1s (remain 2m 11s), Accuracy: 65.625(65.625), Batch Loss: 1.0007, Average Loss: 1.0007
[GPU cuda:1][VALID][50/97], Elapsed 0m 48s (remain 0m 43s), Accuracy: 75.000(70.650), Batch Loss: 0.6162, Average Loss: 0.8486
[GPU cuda:1][VALID][96/97], Elapsed 1m 32s (remain 0m 0s), Accuracy: 85.714(71.051), Batch Loss: 0.3044, Average Loss: 0.8435
Valid Labels Samples: [2 0 1 4 1 0 3 1 4 3]
Valid Predictions Samples: [2, 0, 1, 3, 1, 0, 3, 1, 3, 0]
Epoch 8 - Train Average Loss: 81.661, Valid Average Loss: 71.051, Epoch Time: 798.223s
Epoch 8 - Accuracy: 0.710, Precision: 0.713, Recall: 0.710
