[GPU 0]: Config File
{'id': 20, 'model_name': 'swin_large_patch4_window12_384_in22k', 'dropout': 0.5, 'size': 384, 'batch_size_t': 4, 'batch_size_v': 32, 'n_targets': 5, 'criterion': 'CrossEntropyLoss', 'gradient_accumulation_steps': 1, 'max_gradient_norm': None, 'optimizer': 'RangerLars', 'scheduler': 'CosineAnnealingWarmRestarts', 'LR': 0.0003, 'T_0': 500, 'T_max': 10, 'T_mult': 5, 'min_lr': 1e-06, 'max_lr': 0.0001, 'no_batches': 'NA', 'warmup_epochs': 1, 'cosine_epochs': 14, 'epochs': 15, 'update_per_batch': True, 'num_workers': 4, 'n_folds': 5, 'train_transforms': [], 'valid_transforms': [], 'observations': None, 'use_swa': True, 'swa_lr': 0.01, 'swa_epoch': 0, 'use_sam': True, 'use_asam': True, 'asam_rho': 0.1, 'print_freq': 50, 'one_fold': True, 'use_apex': True, 'distributed_training': False, 'save_to_log': True}
================================================== Training Fold: 0 ==================================================
[GPU cuda:0][TRAIN] Epoch: [1][0/3100], Elapsed 0m 0s (remain 24m 36s), Accuracy: 0.000(0.000), Loss: 1.718(1.718), LR: 0.000300
[GPU cuda:0][TRAIN] Epoch: [1][50/3100], Elapsed 0m 15s (remain 15m 52s), Accuracy: 0.000(15.196), Loss: 1.650(1.659), LR: 0.000292
[GPU cuda:0][TRAIN] Epoch: [1][100/3100], Elapsed 0m 31s (remain 15m 40s), Accuracy: 25.000(19.802), Loss: 1.626(1.639), LR: 0.000271
[GPU cuda:0][TRAIN] Epoch: [1][150/3100], Elapsed 0m 47s (remain 15m 26s), Accuracy: 25.000(21.358), Loss: 1.478(1.627), LR: 0.000238
[GPU cuda:0][TRAIN] Epoch: [1][200/3100], Elapsed 1m 3s (remain 15m 11s), Accuracy: 75.000(23.259), Loss: 1.366(1.615), LR: 0.000196
[GPU cuda:0][TRAIN] Epoch: [1][250/3100], Elapsed 1m 18s (remain 14m 55s), Accuracy: 0.000(23.207), Loss: 1.664(1.608), LR: 0.000150
[GPU cuda:0][TRAIN] Epoch: [1][300/3100], Elapsed 1m 34s (remain 14m 39s), Accuracy: 0.000(24.003), Loss: 1.806(1.599), LR: 0.000103
[GPU cuda:0][TRAIN] Epoch: [1][350/3100], Elapsed 1m 50s (remain 14m 23s), Accuracy: 50.000(24.858), Loss: 1.461(1.591), LR: 0.000062
[GPU cuda:0][TRAIN] Epoch: [1][400/3100], Elapsed 2m 5s (remain 14m 7s), Accuracy: 25.000(25.499), Loss: 1.577(1.582), LR: 0.000029
[GPU cuda:0][TRAIN] Epoch: [1][450/3100], Elapsed 2m 21s (remain 13m 51s), Accuracy: 75.000(27.439), Loss: 1.298(1.568), LR: 0.000008
[GPU cuda:0][TRAIN] Epoch: [1][500/3100], Elapsed 2m 37s (remain 13m 36s), Accuracy: 25.000(28.443), Loss: 1.477(1.561), LR: 0.000300
[GPU cuda:0][TRAIN] Epoch: [1][550/3100], Elapsed 2m 53s (remain 13m 20s), Accuracy: 0.000(29.083), Loss: 1.632(1.554), LR: 0.000300
[GPU cuda:0][TRAIN] Epoch: [1][600/3100], Elapsed 3m 8s (remain 13m 4s), Accuracy: 25.000(29.493), Loss: 1.295(1.538), LR: 0.000299
[GPU cuda:0][TRAIN] Epoch: [1][650/3100], Elapsed 3m 24s (remain 12m 48s), Accuracy: 50.000(30.338), Loss: 0.825(1.525), LR: 0.000297
[GPU cuda:0][TRAIN] Epoch: [1][700/3100], Elapsed 3m 40s (remain 12m 33s), Accuracy: 50.000(31.170), Loss: 1.119(1.512), LR: 0.000295
[GPU cuda:0][TRAIN] Epoch: [1][750/3100], Elapsed 3m 55s (remain 12m 16s), Accuracy: 75.000(32.523), Loss: 1.017(1.494), LR: 0.000293
[GPU cuda:0][TRAIN] Epoch: [1][800/3100], Elapsed 4m 11s (remain 12m 1s), Accuracy: 50.000(33.240), Loss: 1.152(1.483), LR: 0.000289
[GPU cuda:0][TRAIN] Epoch: [1][850/3100], Elapsed 4m 27s (remain 11m 45s), Accuracy: 75.000(34.224), Loss: 0.854(1.464), LR: 0.000286
[GPU cuda:0][TRAIN] Epoch: [1][900/3100], Elapsed 4m 42s (remain 11m 30s), Accuracy: 75.000(34.989), Loss: 0.955(1.451), LR: 0.000281
[GPU cuda:0][TRAIN] Epoch: [1][950/3100], Elapsed 4m 58s (remain 11m 14s), Accuracy: 75.000(36.015), Loss: 0.703(1.434), LR: 0.000277
[GPU cuda:0][TRAIN] Epoch: [1][1000/3100], Elapsed 5m 14s (remain 10m 59s), Accuracy: 50.000(36.913), Loss: 1.361(1.414), LR: 0.000271
[GPU cuda:0][TRAIN] Epoch: [1][1050/3100], Elapsed 5m 29s (remain 10m 43s), Accuracy: 75.000(37.655), Loss: 0.635(1.399), LR: 0.000266
[GPU cuda:0][TRAIN] Epoch: [1][1100/3100], Elapsed 5m 45s (remain 10m 27s), Accuracy: 50.000(38.715), Loss: 1.475(1.378), LR: 0.000259
[GPU cuda:0][TRAIN] Epoch: [1][1150/3100], Elapsed 6m 1s (remain 10m 11s), Accuracy: 25.000(39.466), Loss: 1.221(1.363), LR: 0.000253
[GPU cuda:0][TRAIN] Epoch: [1][1200/3100], Elapsed 6m 17s (remain 9m 56s), Accuracy: 100.000(40.050), Loss: 0.340(1.350), LR: 0.000246
[GPU cuda:0][TRAIN] Epoch: [1][1250/3100], Elapsed 6m 32s (remain 9m 40s), Accuracy: 25.000(40.508), Loss: 1.762(1.339), LR: 0.000238
[GPU cuda:0][TRAIN] Epoch: [1][1300/3100], Elapsed 6m 48s (remain 9m 24s), Accuracy: 25.000(41.141), Loss: 1.433(1.327), LR: 0.000230
[GPU cuda:0][TRAIN] Epoch: [1][1350/3100], Elapsed 7m 4s (remain 9m 9s), Accuracy: 50.000(41.784), Loss: 0.759(1.312), LR: 0.000222
[GPU cuda:0][TRAIN] Epoch: [1][1400/3100], Elapsed 7m 19s (remain 8m 53s), Accuracy: 75.000(42.220), Loss: 0.881(1.301), LR: 0.000214
[GPU cuda:0][TRAIN] Epoch: [1][1450/3100], Elapsed 7m 35s (remain 8m 37s), Accuracy: 50.000(42.850), Loss: 0.757(1.286), LR: 0.000205
[GPU cuda:0][TRAIN] Epoch: [1][1500/3100], Elapsed 7m 51s (remain 8m 22s), Accuracy: 50.000(43.454), Loss: 1.312(1.274), LR: 0.000197
[GPU cuda:0][TRAIN] Epoch: [1][1550/3100], Elapsed 8m 7s (remain 8m 6s), Accuracy: 100.000(43.843), Loss: 0.251(1.263), LR: 0.000187
[GPU cuda:0][TRAIN] Epoch: [1][1600/3100], Elapsed 8m 22s (remain 7m 50s), Accuracy: 100.000(44.519), Loss: 0.435(1.250), LR: 0.000178
[GPU cuda:0][TRAIN] Epoch: [1][1650/3100], Elapsed 8m 38s (remain 7m 35s), Accuracy: 75.000(45.064), Loss: 0.505(1.238), LR: 0.000169
[GPU cuda:0][TRAIN] Epoch: [1][1700/3100], Elapsed 8m 54s (remain 7m 19s), Accuracy: 50.000(45.664), Loss: 1.746(1.227), LR: 0.000160
[GPU cuda:0][TRAIN] Epoch: [1][1750/3100], Elapsed 9m 9s (remain 7m 3s), Accuracy: 100.000(46.088), Loss: 0.386(1.220), LR: 0.000150
[GPU cuda:0][TRAIN] Epoch: [1][1800/3100], Elapsed 9m 25s (remain 6m 47s), Accuracy: 100.000(46.766), Loss: 0.380(1.208), LR: 0.000141
[GPU cuda:0][TRAIN] Epoch: [1][1850/3100], Elapsed 9m 41s (remain 6m 32s), Accuracy: 75.000(46.975), Loss: 0.858(1.203), LR: 0.000132
[GPU cuda:0][TRAIN] Epoch: [1][1900/3100], Elapsed 9m 56s (remain 6m 16s), Accuracy: 50.000(47.541), Loss: 0.889(1.192), LR: 0.000122
[GPU cuda:0][TRAIN] Epoch: [1][1950/3100], Elapsed 10m 12s (remain 6m 0s), Accuracy: 100.000(47.899), Loss: 0.578(1.184), LR: 0.000113
[GPU cuda:0][TRAIN] Epoch: [1][2000/3100], Elapsed 10m 28s (remain 5m 45s), Accuracy: 75.000(48.376), Loss: 0.749(1.174), LR: 0.000104
[GPU cuda:0][TRAIN] Epoch: [1][2050/3100], Elapsed 10m 44s (remain 5m 29s), Accuracy: 75.000(48.927), Loss: 0.600(1.163), LR: 0.000095
[GPU cuda:0][TRAIN] Epoch: [1][2100/3100], Elapsed 10m 59s (remain 5m 13s), Accuracy: 75.000(49.369), Loss: 2.102(1.156), LR: 0.000087
[GPU cuda:0][TRAIN] Epoch: [1][2150/3100], Elapsed 11m 15s (remain 4m 58s), Accuracy: 50.000(49.919), Loss: 1.128(1.145), LR: 0.000078
[GPU cuda:0][TRAIN] Epoch: [1][2200/3100], Elapsed 11m 31s (remain 4m 42s), Accuracy: 25.000(50.273), Loss: 1.228(1.139), LR: 0.000070
[GPU cuda:0][TRAIN] Epoch: [1][2250/3100], Elapsed 11m 46s (remain 4m 26s), Accuracy: 50.000(50.733), Loss: 0.967(1.129), LR: 0.000062
[GPU cuda:0][TRAIN] Epoch: [1][2300/3100], Elapsed 12m 2s (remain 4m 10s), Accuracy: 0.000(51.054), Loss: 2.002(1.122), LR: 0.000055
[GPU cuda:0][TRAIN] Epoch: [1][2350/3100], Elapsed 12m 18s (remain 3m 55s), Accuracy: 50.000(51.382), Loss: 0.823(1.114), LR: 0.000048
[GPU cuda:0][TRAIN] Epoch: [1][2400/3100], Elapsed 12m 34s (remain 3m 39s), Accuracy: 25.000(51.687), Loss: 1.350(1.109), LR: 0.000041
[GPU cuda:0][TRAIN] Epoch: [1][2450/3100], Elapsed 12m 49s (remain 3m 23s), Accuracy: 75.000(51.928), Loss: 0.641(1.104), LR: 0.000035
[GPU cuda:0][TRAIN] Epoch: [1][2500/3100], Elapsed 13m 5s (remain 3m 8s), Accuracy: 50.000(52.269), Loss: 1.014(1.097), LR: 0.000029
[GPU cuda:0][TRAIN] Epoch: [1][2550/3100], Elapsed 13m 20s (remain 2m 52s), Accuracy: 75.000(52.597), Loss: 0.807(1.092), LR: 0.000024
[GPU cuda:0][TRAIN] Epoch: [1][2600/3100], Elapsed 13m 36s (remain 2m 36s), Accuracy: 50.000(53.037), Loss: 1.005(1.084), LR: 0.000019
[GPU cuda:0][TRAIN] Epoch: [1][2650/3100], Elapsed 13m 52s (remain 2m 20s), Accuracy: 25.000(53.357), Loss: 1.576(1.077), LR: 0.000015
[GPU cuda:0][TRAIN] Epoch: [1][2700/3100], Elapsed 14m 7s (remain 2m 5s), Accuracy: 100.000(53.693), Loss: 0.383(1.070), LR: 0.000011
[GPU cuda:0][TRAIN] Epoch: [1][2750/3100], Elapsed 14m 23s (remain 1m 49s), Accuracy: 50.000(54.017), Loss: 0.755(1.064), LR: 0.000008
[GPU cuda:0][TRAIN] Epoch: [1][2800/3100], Elapsed 14m 39s (remain 1m 33s), Accuracy: 25.000(54.284), Loss: 1.473(1.059), LR: 0.000006
[GPU cuda:0][TRAIN] Epoch: [1][2850/3100], Elapsed 14m 54s (remain 1m 18s), Accuracy: 75.000(54.586), Loss: 0.919(1.053), LR: 0.000004
[GPU cuda:0][TRAIN] Epoch: [1][2900/3100], Elapsed 15m 10s (remain 1m 2s), Accuracy: 75.000(54.809), Loss: 0.612(1.049), LR: 0.000002
[GPU cuda:0][TRAIN] Epoch: [1][2950/3100], Elapsed 15m 26s (remain 0m 46s), Accuracy: 75.000(55.108), Loss: 0.609(1.044), LR: 0.000001
[GPU cuda:0][TRAIN] Epoch: [1][3000/3100], Elapsed 15m 42s (remain 0m 31s), Accuracy: 25.000(55.382), Loss: 1.503(1.039), LR: 0.000300
[GPU cuda:0][TRAIN] Epoch: [1][3050/3100], Elapsed 15m 57s (remain 0m 15s), Accuracy: 50.000(55.523), Loss: 0.956(1.036), LR: 0.000300
[GPU cuda:0][TRAIN] Epoch: [1][3099/3100], Elapsed 16m 13s (remain 0m 0s), Accuracy: 50.000(55.629), Loss: 1.728(1.035), LR: 0.000300
[GPU cuda:0][VALID][0/97], Elapsed 0m 1s (remain 2m 11s), Accuracy: 50.000(50.000), Batch Loss: 1.0642, Average Loss: 1.0642
[GPU cuda:0][VALID][50/97], Elapsed 0m 46s (remain 0m 42s), Accuracy: 56.250(49.755), Batch Loss: 0.8268, Average Loss: 1.0518
[GPU cuda:0][VALID][96/97], Elapsed 1m 28s (remain 0m 0s), Accuracy: 57.143(49.010), Batch Loss: 0.8017, Average Loss: 1.0613
Valid Labels Samples: [2 0 1 4 1 0 3 1 4 3]
Valid Predictions Samples: [3, 0, 2, 4, 2, 0, 4, 2, 4, 4]
Epoch 1 - Train Average Loss: 55.629, Valid Average Loss: 49.010, Epoch Time: 1064.713s
Epoch 1 - Accuracy: 0.490, Precision: 0.507, Recall: 0.490
Saved Best Model: 0.49
[GPU cuda:0][TRAIN] Epoch: [2][0/3100], Elapsed 0m 0s (remain 36m 45s), Accuracy: 75.000(75.000), Loss: 1.433(1.433), LR: 0.000300
[GPU cuda:0][TRAIN] Epoch: [2][50/3100], Elapsed 0m 16s (remain 16m 24s), Accuracy: 75.000(58.824), Loss: 0.620(0.929), LR: 0.000300
[GPU cuda:0][TRAIN] Epoch: [2][100/3100], Elapsed 0m 32s (remain 15m 57s), Accuracy: 25.000(57.426), Loss: 1.316(0.942), LR: 0.000300
[GPU cuda:0][TRAIN] Epoch: [2][150/3100], Elapsed 0m 47s (remain 15m 36s), Accuracy: 100.000(59.437), Loss: 0.117(0.931), LR: 0.000300
[GPU cuda:0][TRAIN] Epoch: [2][200/3100], Elapsed 1m 3s (remain 15m 18s), Accuracy: 75.000(59.204), Loss: 0.311(0.947), LR: 0.000300
[GPU cuda:0][TRAIN] Epoch: [2][250/3100], Elapsed 1m 19s (remain 15m 1s), Accuracy: 75.000(58.964), Loss: 0.918(0.954), LR: 0.000299
[GPU cuda:0][TRAIN] Epoch: [2][300/3100], Elapsed 1m 35s (remain 14m 45s), Accuracy: 0.000(59.302), Loss: 2.384(0.953), LR: 0.000299
[GPU cuda:0][TRAIN] Epoch: [2][350/3100], Elapsed 1m 51s (remain 14m 29s), Accuracy: 0.000(59.900), Loss: 1.689(0.943), LR: 0.000299
[GPU cuda:0][TRAIN] Epoch: [2][400/3100], Elapsed 2m 6s (remain 14m 13s), Accuracy: 25.000(58.791), Loss: 1.194(0.963), LR: 0.000299
[GPU cuda:0][TRAIN] Epoch: [2][450/3100], Elapsed 2m 22s (remain 13m 56s), Accuracy: 100.000(59.424), Loss: 0.545(0.949), LR: 0.000299
[GPU cuda:0][TRAIN] Epoch: [2][500/3100], Elapsed 2m 38s (remain 13m 40s), Accuracy: 25.000(59.581), Loss: 1.059(0.950), LR: 0.000298
[GPU cuda:0][TRAIN] Epoch: [2][550/3100], Elapsed 2m 53s (remain 13m 24s), Accuracy: 25.000(59.619), Loss: 1.717(0.950), LR: 0.000298
[GPU cuda:0][TRAIN] Epoch: [2][600/3100], Elapsed 3m 9s (remain 13m 8s), Accuracy: 75.000(60.233), Loss: 0.885(0.943), LR: 0.000298
[GPU cuda:0][TRAIN] Epoch: [2][650/3100], Elapsed 3m 25s (remain 12m 52s), Accuracy: 75.000(60.369), Loss: 0.737(0.935), LR: 0.000297
[GPU cuda:0][TRAIN] Epoch: [2][700/3100], Elapsed 3m 41s (remain 12m 36s), Accuracy: 75.000(60.342), Loss: 0.651(0.939), LR: 0.000297
[GPU cuda:0][TRAIN] Epoch: [2][750/3100], Elapsed 3m 56s (remain 12m 20s), Accuracy: 100.000(60.752), Loss: 0.151(0.934), LR: 0.000297
[GPU cuda:0][TRAIN] Epoch: [2][800/3100], Elapsed 4m 12s (remain 12m 4s), Accuracy: 75.000(60.768), Loss: 0.860(0.934), LR: 0.000296
[GPU cuda:0][TRAIN] Epoch: [2][850/3100], Elapsed 4m 28s (remain 11m 48s), Accuracy: 50.000(60.840), Loss: 1.043(0.933), LR: 0.000296
[GPU cuda:0][TRAIN] Epoch: [2][900/3100], Elapsed 4m 43s (remain 11m 32s), Accuracy: 75.000(60.627), Loss: 0.745(0.935), LR: 0.000295
[GPU cuda:0][TRAIN] Epoch: [2][950/3100], Elapsed 4m 59s (remain 11m 16s), Accuracy: 100.000(60.489), Loss: 0.742(0.939), LR: 0.000295
[GPU cuda:0][TRAIN] Epoch: [2][1000/3100], Elapsed 5m 15s (remain 11m 0s), Accuracy: 75.000(60.939), Loss: 0.648(0.932), LR: 0.000294
[GPU cuda:0][TRAIN] Epoch: [2][1050/3100], Elapsed 5m 30s (remain 10m 45s), Accuracy: 100.000(61.370), Loss: 0.118(0.925), LR: 0.000294
[GPU cuda:0][TRAIN] Epoch: [2][1100/3100], Elapsed 5m 46s (remain 10m 29s), Accuracy: 50.000(61.694), Loss: 1.151(0.917), LR: 0.000293
[GPU cuda:0][TRAIN] Epoch: [2][1150/3100], Elapsed 6m 2s (remain 10m 13s), Accuracy: 75.000(61.599), Loss: 0.604(0.917), LR: 0.000293
[GPU cuda:0][TRAIN] Epoch: [2][1200/3100], Elapsed 6m 18s (remain 9m 57s), Accuracy: 100.000(61.844), Loss: 0.154(0.909), LR: 0.000292
[GPU cuda:0][TRAIN] Epoch: [2][1250/3100], Elapsed 6m 33s (remain 9m 42s), Accuracy: 75.000(61.851), Loss: 0.698(0.906), LR: 0.000291
[GPU cuda:0][TRAIN] Epoch: [2][1300/3100], Elapsed 6m 49s (remain 9m 26s), Accuracy: 50.000(61.972), Loss: 1.306(0.904), LR: 0.000291
[GPU cuda:0][TRAIN] Epoch: [2][1350/3100], Elapsed 7m 5s (remain 9m 10s), Accuracy: 75.000(62.028), Loss: 0.604(0.902), LR: 0.000290
[GPU cuda:0][TRAIN] Epoch: [2][1400/3100], Elapsed 7m 20s (remain 8m 54s), Accuracy: 75.000(62.116), Loss: 0.693(0.900), LR: 0.000289
[GPU cuda:0][TRAIN] Epoch: [2][1450/3100], Elapsed 7m 36s (remain 8m 38s), Accuracy: 75.000(62.371), Loss: 0.517(0.894), LR: 0.000289
[GPU cuda:0][TRAIN] Epoch: [2][1500/3100], Elapsed 7m 52s (remain 8m 23s), Accuracy: 75.000(62.475), Loss: 1.044(0.892), LR: 0.000288
[GPU cuda:0][TRAIN] Epoch: [2][1550/3100], Elapsed 8m 7s (remain 8m 7s), Accuracy: 100.000(62.460), Loss: 0.160(0.889), LR: 0.000287
[GPU cuda:0][TRAIN] Epoch: [2][1600/3100], Elapsed 8m 23s (remain 7m 51s), Accuracy: 100.000(62.601), Loss: 0.468(0.886), LR: 0.000287
[GPU cuda:0][TRAIN] Epoch: [2][1650/3100], Elapsed 8m 39s (remain 7m 35s), Accuracy: 100.000(62.765), Loss: 0.401(0.883), LR: 0.000286
[GPU cuda:0][TRAIN] Epoch: [2][1700/3100], Elapsed 8m 55s (remain 7m 20s), Accuracy: 75.000(62.904), Loss: 1.000(0.879), LR: 0.000285
[GPU cuda:0][TRAIN] Epoch: [2][1750/3100], Elapsed 9m 10s (remain 7m 4s), Accuracy: 100.000(62.893), Loss: 0.393(0.880), LR: 0.000284
[GPU cuda:0][TRAIN] Epoch: [2][1800/3100], Elapsed 9m 26s (remain 6m 48s), Accuracy: 75.000(63.118), Loss: 0.214(0.877), LR: 0.000283
[GPU cuda:0][TRAIN] Epoch: [2][1850/3100], Elapsed 9m 41s (remain 6m 32s), Accuracy: 50.000(62.993), Loss: 0.729(0.878), LR: 0.000282
[GPU cuda:0][TRAIN] Epoch: [2][1900/3100], Elapsed 9m 57s (remain 6m 16s), Accuracy: 50.000(63.125), Loss: 0.784(0.874), LR: 0.000281
[GPU cuda:0][TRAIN] Epoch: [2][1950/3100], Elapsed 10m 13s (remain 6m 1s), Accuracy: 100.000(63.186), Loss: 0.396(0.873), LR: 0.000281
[GPU cuda:0][TRAIN] Epoch: [2][2000/3100], Elapsed 10m 29s (remain 5m 45s), Accuracy: 100.000(63.268), Loss: 0.530(0.870), LR: 0.000280
[GPU cuda:0][TRAIN] Epoch: [2][2050/3100], Elapsed 10m 44s (remain 5m 29s), Accuracy: 50.000(63.408), Loss: 0.982(0.867), LR: 0.000279
[GPU cuda:0][TRAIN] Epoch: [2][2100/3100], Elapsed 11m 0s (remain 5m 13s), Accuracy: 50.000(63.494), Loss: 1.965(0.867), LR: 0.000278
[GPU cuda:0][TRAIN] Epoch: [2][2150/3100], Elapsed 11m 16s (remain 4m 58s), Accuracy: 50.000(63.645), Loss: 1.252(0.864), LR: 0.000277
[GPU cuda:0][TRAIN] Epoch: [2][2200/3100], Elapsed 11m 31s (remain 4m 42s), Accuracy: 25.000(63.551), Loss: 1.497(0.864), LR: 0.000276
[GPU cuda:0][TRAIN] Epoch: [2][2250/3100], Elapsed 11m 47s (remain 4m 26s), Accuracy: 50.000(63.627), Loss: 1.011(0.862), LR: 0.000275
[GPU cuda:0][TRAIN] Epoch: [2][2300/3100], Elapsed 12m 3s (remain 4m 11s), Accuracy: 25.000(63.744), Loss: 1.780(0.860), LR: 0.000274
[GPU cuda:0][TRAIN] Epoch: [2][2350/3100], Elapsed 12m 18s (remain 3m 55s), Accuracy: 50.000(63.749), Loss: 1.229(0.859), LR: 0.000273
[GPU cuda:0][TRAIN] Epoch: [2][2400/3100], Elapsed 12m 34s (remain 3m 39s), Accuracy: 50.000(63.703), Loss: 1.071(0.860), LR: 0.000271
[GPU cuda:0][TRAIN] Epoch: [2][2450/3100], Elapsed 12m 50s (remain 3m 23s), Accuracy: 75.000(63.647), Loss: 0.798(0.859), LR: 0.000270
[GPU cuda:0][TRAIN] Epoch: [2][2500/3100], Elapsed 13m 5s (remain 3m 8s), Accuracy: 25.000(63.754), Loss: 1.576(0.857), LR: 0.000269
[GPU cuda:0][TRAIN] Epoch: [2][2550/3100], Elapsed 13m 21s (remain 2m 52s), Accuracy: 50.000(63.710), Loss: 0.971(0.859), LR: 0.000268
[GPU cuda:0][TRAIN] Epoch: [2][2600/3100], Elapsed 13m 37s (remain 2m 36s), Accuracy: 50.000(63.870), Loss: 0.876(0.856), LR: 0.000267
[GPU cuda:0][TRAIN] Epoch: [2][2650/3100], Elapsed 13m 53s (remain 2m 21s), Accuracy: 50.000(63.966), Loss: 1.218(0.854), LR: 0.000266
[GPU cuda:0][TRAIN] Epoch: [2][2700/3100], Elapsed 14m 8s (remain 2m 5s), Accuracy: 75.000(64.097), Loss: 0.521(0.851), LR: 0.000264
[GPU cuda:0][TRAIN] Epoch: [2][2750/3100], Elapsed 14m 24s (remain 1m 49s), Accuracy: 50.000(64.204), Loss: 0.870(0.850), LR: 0.000263
[GPU cuda:0][TRAIN] Epoch: [2][2800/3100], Elapsed 14m 40s (remain 1m 33s), Accuracy: 25.000(64.245), Loss: 1.516(0.849), LR: 0.000262
[GPU cuda:0][TRAIN] Epoch: [2][2850/3100], Elapsed 14m 55s (remain 1m 18s), Accuracy: 75.000(64.363), Loss: 0.744(0.847), LR: 0.000261
[GPU cuda:0][TRAIN] Epoch: [2][2900/3100], Elapsed 15m 11s (remain 1m 2s), Accuracy: 100.000(64.409), Loss: 0.661(0.847), LR: 0.000259
[GPU cuda:0][TRAIN] Epoch: [2][2950/3100], Elapsed 15m 27s (remain 0m 46s), Accuracy: 50.000(64.487), Loss: 0.760(0.846), LR: 0.000258
[GPU cuda:0][TRAIN] Epoch: [2][3000/3100], Elapsed 15m 43s (remain 0m 31s), Accuracy: 75.000(64.603), Loss: 0.916(0.844), LR: 0.000257
[GPU cuda:0][TRAIN] Epoch: [2][3050/3100], Elapsed 15m 58s (remain 0m 15s), Accuracy: 75.000(64.725), Loss: 0.644(0.843), LR: 0.000256
[GPU cuda:0][TRAIN] Epoch: [2][3099/3100], Elapsed 16m 14s (remain 0m 0s), Accuracy: 25.000(64.758), Loss: 2.237(0.842), LR: 0.000254
[GPU cuda:0][VALID][0/97], Elapsed 0m 1s (remain 2m 10s), Accuracy: 75.000(75.000), Batch Loss: 0.6821, Average Loss: 0.6821
[GPU cuda:0][VALID][50/97], Elapsed 0m 46s (remain 0m 42s), Accuracy: 81.250(67.647), Batch Loss: 0.4918, Average Loss: 0.7638
[GPU cuda:0][VALID][96/97], Elapsed 1m 28s (remain 0m 0s), Accuracy: 75.000(67.043), Batch Loss: 0.5875, Average Loss: 0.7656
Valid Labels Samples: [2 0 1 4 1 0 3 1 4 3]
Valid Predictions Samples: [2, 0, 1, 4, 1, 0, 3, 1, 3, 0]
Epoch 2 - Train Average Loss: 64.758, Valid Average Loss: 67.043, Epoch Time: 1065.922s
Epoch 2 - Accuracy: 0.670, Precision: 0.670, Recall: 0.670
Saved Best Model: 0.67
[GPU cuda:0][TRAIN] Epoch: [3][0/3100], Elapsed 0m 0s (remain 36m 11s), Accuracy: 75.000(75.000), Loss: 0.801(0.801), LR: 0.000254
[GPU cuda:0][TRAIN] Epoch: [3][50/3100], Elapsed 0m 16s (remain 16m 21s), Accuracy: 50.000(71.078), Loss: 0.679(0.747), LR: 0.000253
[GPU cuda:0][TRAIN] Epoch: [3][100/3100], Elapsed 0m 32s (remain 15m 55s), Accuracy: 25.000(70.792), Loss: 1.722(0.722), LR: 0.000251
[GPU cuda:0][TRAIN] Epoch: [3][150/3100], Elapsed 0m 47s (remain 15m 35s), Accuracy: 100.000(70.364), Loss: 0.057(0.724), LR: 0.000250
[GPU cuda:0][TRAIN] Epoch: [3][200/3100], Elapsed 1m 3s (remain 15m 18s), Accuracy: 100.000(70.896), Loss: 0.180(0.720), LR: 0.000249
[GPU cuda:0][TRAIN] Epoch: [3][250/3100], Elapsed 1m 19s (remain 15m 1s), Accuracy: 75.000(69.920), Loss: 0.730(0.738), LR: 0.000247
[GPU cuda:0][TRAIN] Epoch: [3][300/3100], Elapsed 1m 35s (remain 14m 44s), Accuracy: 75.000(70.598), Loss: 0.576(0.730), LR: 0.000246
[GPU cuda:0][TRAIN] Epoch: [3][350/3100], Elapsed 1m 50s (remain 14m 27s), Accuracy: 25.000(70.157), Loss: 1.653(0.726), LR: 0.000244
[GPU cuda:0][TRAIN] Epoch: [3][400/3100], Elapsed 2m 6s (remain 14m 11s), Accuracy: 50.000(68.890), Loss: 0.868(0.749), LR: 0.000243
[GPU cuda:0][TRAIN] Epoch: [3][450/3100], Elapsed 2m 22s (remain 13m 55s), Accuracy: 100.000(69.013), Loss: 0.438(0.744), LR: 0.000241
[GPU cuda:0][TRAIN] Epoch: [3][500/3100], Elapsed 2m 37s (remain 13m 39s), Accuracy: 75.000(68.912), Loss: 0.754(0.751), LR: 0.000240
[GPU cuda:0][TRAIN] Epoch: [3][550/3100], Elapsed 2m 53s (remain 13m 22s), Accuracy: 50.000(68.784), Loss: 1.284(0.749), LR: 0.000238
[GPU cuda:0][TRAIN] Epoch: [3][600/3100], Elapsed 3m 9s (remain 13m 6s), Accuracy: 100.000(69.218), Loss: 0.157(0.738), LR: 0.000237
[GPU cuda:0][TRAIN] Epoch: [3][650/3100], Elapsed 3m 24s (remain 12m 50s), Accuracy: 75.000(69.278), Loss: 0.255(0.737), LR: 0.000235
[GPU cuda:0][TRAIN] Epoch: [3][700/3100], Elapsed 3m 40s (remain 12m 34s), Accuracy: 100.000(68.973), Loss: 0.418(0.744), LR: 0.000234
[GPU cuda:0][TRAIN] Epoch: [3][750/3100], Elapsed 3m 56s (remain 12m 18s), Accuracy: 100.000(69.308), Loss: 0.032(0.744), LR: 0.000232
[GPU cuda:0][TRAIN] Epoch: [3][800/3100], Elapsed 4m 11s (remain 12m 3s), Accuracy: 75.000(69.226), Loss: 0.541(0.747), LR: 0.000231
[GPU cuda:0][TRAIN] Epoch: [3][850/3100], Elapsed 4m 27s (remain 11m 47s), Accuracy: 100.000(69.066), Loss: 0.349(0.751), LR: 0.000229
[GPU cuda:0][TRAIN] Epoch: [3][900/3100], Elapsed 4m 43s (remain 11m 31s), Accuracy: 50.000(69.062), Loss: 0.712(0.752), LR: 0.000227
[GPU cuda:0][TRAIN] Epoch: [3][950/3100], Elapsed 4m 59s (remain 11m 15s), Accuracy: 75.000(69.085), Loss: 0.421(0.753), LR: 0.000226
[GPU cuda:0][TRAIN] Epoch: [3][1000/3100], Elapsed 5m 14s (remain 11m 0s), Accuracy: 100.000(69.356), Loss: 0.536(0.747), LR: 0.000224
[GPU cuda:0][TRAIN] Epoch: [3][1050/3100], Elapsed 5m 30s (remain 10m 44s), Accuracy: 75.000(69.577), Loss: 0.259(0.742), LR: 0.000222
[GPU cuda:0][TRAIN] Epoch: [3][1100/3100], Elapsed 5m 46s (remain 10m 28s), Accuracy: 25.000(69.777), Loss: 1.196(0.735), LR: 0.000221
[GPU cuda:0][TRAIN] Epoch: [3][1150/3100], Elapsed 6m 1s (remain 10m 12s), Accuracy: 75.000(69.744), Loss: 0.463(0.736), LR: 0.000219
[GPU cuda:0][TRAIN] Epoch: [3][1200/3100], Elapsed 6m 17s (remain 9m 57s), Accuracy: 100.000(69.796), Loss: 0.084(0.732), LR: 0.000217
[GPU cuda:0][TRAIN] Epoch: [3][1250/3100], Elapsed 6m 33s (remain 9m 41s), Accuracy: 50.000(69.704), Loss: 1.022(0.732), LR: 0.000216
[GPU cuda:0][TRAIN] Epoch: [3][1300/3100], Elapsed 6m 48s (remain 9m 25s), Accuracy: 75.000(69.754), Loss: 0.463(0.731), LR: 0.000214
[GPU cuda:0][TRAIN] Epoch: [3][1350/3100], Elapsed 7m 4s (remain 9m 9s), Accuracy: 100.000(69.911), Loss: 0.317(0.727), LR: 0.000212
[GPU cuda:0][TRAIN] Epoch: [3][1400/3100], Elapsed 7m 20s (remain 8m 54s), Accuracy: 100.000(69.897), Loss: 0.527(0.727), LR: 0.000211
[GPU cuda:0][TRAIN] Epoch: [3][1450/3100], Elapsed 7m 36s (remain 8m 38s), Accuracy: 75.000(70.021), Loss: 0.525(0.722), LR: 0.000209
[GPU cuda:0][TRAIN] Epoch: [3][1500/3100], Elapsed 7m 51s (remain 8m 22s), Accuracy: 100.000(70.170), Loss: 0.629(0.720), LR: 0.000207
[GPU cuda:0][TRAIN] Epoch: [3][1550/3100], Elapsed 8m 7s (remain 8m 6s), Accuracy: 100.000(70.181), Loss: 0.105(0.719), LR: 0.000205
[GPU cuda:0][TRAIN] Epoch: [3][1600/3100], Elapsed 8m 23s (remain 7m 51s), Accuracy: 100.000(70.237), Loss: 0.220(0.719), LR: 0.000204
[GPU cuda:0][TRAIN] Epoch: [3][1650/3100], Elapsed 8m 38s (remain 7m 35s), Accuracy: 100.000(70.336), Loss: 0.188(0.716), LR: 0.000202
[GPU cuda:0][TRAIN] Epoch: [3][1700/3100], Elapsed 8m 54s (remain 7m 19s), Accuracy: 50.000(70.385), Loss: 0.949(0.713), LR: 0.000200
[GPU cuda:0][TRAIN] Epoch: [3][1750/3100], Elapsed 9m 10s (remain 7m 3s), Accuracy: 75.000(70.188), Loss: 0.449(0.716), LR: 0.000198
[GPU cuda:0][TRAIN] Epoch: [3][1800/3100], Elapsed 9m 26s (remain 6m 48s), Accuracy: 100.000(70.322), Loss: 0.162(0.713), LR: 0.000197
[GPU cuda:0][TRAIN] Epoch: [3][1850/3100], Elapsed 9m 41s (remain 6m 32s), Accuracy: 50.000(70.205), Loss: 0.923(0.716), LR: 0.000195
[GPU cuda:0][TRAIN] Epoch: [3][1900/3100], Elapsed 9m 57s (remain 6m 16s), Accuracy: 75.000(70.384), Loss: 0.756(0.713), LR: 0.000193
[GPU cuda:0][TRAIN] Epoch: [3][1950/3100], Elapsed 10m 13s (remain 6m 1s), Accuracy: 100.000(70.438), Loss: 0.427(0.711), LR: 0.000191
[GPU cuda:0][TRAIN] Epoch: [3][2000/3100], Elapsed 10m 28s (remain 5m 45s), Accuracy: 75.000(70.502), Loss: 0.477(0.711), LR: 0.000189
[GPU cuda:0][TRAIN] Epoch: [3][2050/3100], Elapsed 10m 44s (remain 5m 29s), Accuracy: 75.000(70.673), Loss: 0.460(0.706), LR: 0.000188
[GPU cuda:0][TRAIN] Epoch: [3][2100/3100], Elapsed 11m 0s (remain 5m 14s), Accuracy: 75.000(70.574), Loss: 1.769(0.708), LR: 0.000186
[GPU cuda:0][TRAIN] Epoch: [3][2150/3100], Elapsed 11m 16s (remain 4m 58s), Accuracy: 50.000(70.700), Loss: 1.101(0.706), LR: 0.000184
[GPU cuda:0][TRAIN] Epoch: [3][2200/3100], Elapsed 11m 31s (remain 4m 42s), Accuracy: 25.000(70.695), Loss: 1.334(0.705), LR: 0.000182
[GPU cuda:0][TRAIN] Epoch: [3][2250/3100], Elapsed 11m 47s (remain 4m 26s), Accuracy: 50.000(70.757), Loss: 0.604(0.704), LR: 0.000180
[GPU cuda:0][TRAIN] Epoch: [3][2300/3100], Elapsed 12m 3s (remain 4m 11s), Accuracy: 25.000(70.850), Loss: 2.023(0.703), LR: 0.000178
[GPU cuda:0][TRAIN] Epoch: [3][2350/3100], Elapsed 12m 18s (remain 3m 55s), Accuracy: 50.000(70.917), Loss: 1.131(0.702), LR: 0.000177
[GPU cuda:0][TRAIN] Epoch: [3][2400/3100], Elapsed 12m 34s (remain 3m 39s), Accuracy: 50.000(70.845), Loss: 0.969(0.704), LR: 0.000175
[GPU cuda:0][TRAIN] Epoch: [3][2450/3100], Elapsed 12m 50s (remain 3m 23s), Accuracy: 50.000(70.808), Loss: 0.764(0.704), LR: 0.000173
[GPU cuda:0][TRAIN] Epoch: [3][2500/3100], Elapsed 13m 5s (remain 3m 8s), Accuracy: 50.000(70.892), Loss: 1.063(0.702), LR: 0.000171
[GPU cuda:0][TRAIN] Epoch: [3][2550/3100], Elapsed 13m 21s (remain 2m 52s), Accuracy: 50.000(70.894), Loss: 1.286(0.703), LR: 0.000169
[GPU cuda:0][TRAIN] Epoch: [3][2600/3100], Elapsed 13m 37s (remain 2m 36s), Accuracy: 50.000(71.059), Loss: 0.644(0.700), LR: 0.000167
[GPU cuda:0][TRAIN] Epoch: [3][2650/3100], Elapsed 13m 52s (remain 2m 21s), Accuracy: 50.000(71.049), Loss: 1.130(0.699), LR: 0.000165
[GPU cuda:0][TRAIN] Epoch: [3][2700/3100], Elapsed 14m 8s (remain 2m 5s), Accuracy: 75.000(71.140), Loss: 0.459(0.697), LR: 0.000164
[GPU cuda:0][TRAIN] Epoch: [3][2750/3100], Elapsed 14m 24s (remain 1m 49s), Accuracy: 75.000(71.183), Loss: 0.694(0.696), LR: 0.000162
[GPU cuda:0][TRAIN] Epoch: [3][2800/3100], Elapsed 14m 40s (remain 1m 33s), Accuracy: 25.000(71.198), Loss: 1.588(0.696), LR: 0.000160
[GPU cuda:0][TRAIN] Epoch: [3][2850/3100], Elapsed 14m 55s (remain 1m 18s), Accuracy: 75.000(71.247), Loss: 0.769(0.694), LR: 0.000158
[GPU cuda:0][TRAIN] Epoch: [3][2900/3100], Elapsed 15m 11s (remain 1m 2s), Accuracy: 100.000(71.217), Loss: 0.522(0.694), LR: 0.000156
[GPU cuda:0][TRAIN] Epoch: [3][2950/3100], Elapsed 15m 27s (remain 0m 46s), Accuracy: 75.000(71.298), Loss: 0.415(0.693), LR: 0.000154
[GPU cuda:0][TRAIN] Epoch: [3][3000/3100], Elapsed 15m 43s (remain 0m 31s), Accuracy: 50.000(71.376), Loss: 1.713(0.692), LR: 0.000152
[GPU cuda:0][TRAIN] Epoch: [3][3050/3100], Elapsed 15m 58s (remain 0m 15s), Accuracy: 50.000(71.436), Loss: 0.690(0.690), LR: 0.000150
[GPU cuda:0][TRAIN] Epoch: [3][3099/3100], Elapsed 16m 14s (remain 0m 0s), Accuracy: 25.000(71.484), Loss: 1.731(0.690), LR: 0.000149
[GPU cuda:0][VALID][0/97], Elapsed 0m 1s (remain 2m 20s), Accuracy: 71.875(71.875), Batch Loss: 0.7092, Average Loss: 0.7092
[GPU cuda:0][VALID][50/97], Elapsed 0m 47s (remain 0m 42s), Accuracy: 78.125(71.630), Batch Loss: 0.6818, Average Loss: 0.7339
[GPU cuda:0][VALID][96/97], Elapsed 1m 29s (remain 0m 0s), Accuracy: 82.143(70.724), Batch Loss: 0.5143, Average Loss: 0.7423
Valid Labels Samples: [2 0 1 4 1 0 3 1 4 3]
Valid Predictions Samples: [2, 0, 1, 4, 1, 1, 3, 1, 3, 0]
Epoch 3 - Train Average Loss: 71.484, Valid Average Loss: 70.724, Epoch Time: 1066.073s
Epoch 3 - Accuracy: 0.707, Precision: 0.718, Recall: 0.707
Saved Best Model: 0.71
[GPU cuda:0][TRAIN] Epoch: [4][0/3100], Elapsed 0m 0s (remain 36m 36s), Accuracy: 75.000(75.000), Loss: 0.652(0.652), LR: 0.000149
[GPU cuda:0][TRAIN] Epoch: [4][50/3100], Elapsed 0m 16s (remain 16m 25s), Accuracy: 75.000(75.000), Loss: 0.299(0.609), LR: 0.000147
[GPU cuda:0][TRAIN] Epoch: [4][100/3100], Elapsed 0m 32s (remain 15m 57s), Accuracy: 25.000(75.000), Loss: 1.992(0.585), LR: 0.000145
[GPU cuda:0][TRAIN] Epoch: [4][150/3100], Elapsed 0m 47s (remain 15m 36s), Accuracy: 100.000(74.338), Loss: 0.081(0.610), LR: 0.000143
[GPU cuda:0][TRAIN] Epoch: [4][200/3100], Elapsed 1m 3s (remain 15m 17s), Accuracy: 100.000(74.627), Loss: 0.107(0.604), LR: 0.000141
[GPU cuda:0][TRAIN] Epoch: [4][250/3100], Elapsed 1m 19s (remain 15m 0s), Accuracy: 50.000(73.406), Loss: 0.945(0.634), LR: 0.000139
[GPU cuda:0][TRAIN] Epoch: [4][300/3100], Elapsed 1m 35s (remain 14m 43s), Accuracy: 75.000(74.252), Loss: 0.484(0.626), LR: 0.000137
[GPU cuda:0][TRAIN] Epoch: [4][350/3100], Elapsed 1m 50s (remain 14m 25s), Accuracy: 0.000(74.145), Loss: 1.905(0.624), LR: 0.000135
[GPU cuda:0][TRAIN] Epoch: [4][400/3100], Elapsed 2m 6s (remain 14m 9s), Accuracy: 75.000(73.379), Loss: 0.751(0.639), LR: 0.000134
[GPU cuda:0][TRAIN] Epoch: [4][450/3100], Elapsed 2m 21s (remain 13m 53s), Accuracy: 100.000(73.670), Loss: 0.272(0.634), LR: 0.000132
[GPU cuda:0][TRAIN] Epoch: [4][500/3100], Elapsed 2m 37s (remain 13m 37s), Accuracy: 75.000(73.653), Loss: 0.874(0.638), LR: 0.000130
[GPU cuda:0][TRAIN] Epoch: [4][550/3100], Elapsed 2m 53s (remain 13m 21s), Accuracy: 25.000(74.093), Loss: 1.863(0.633), LR: 0.000128
[GPU cuda:0][TRAIN] Epoch: [4][600/3100], Elapsed 3m 8s (remain 13m 5s), Accuracy: 100.000(74.501), Loss: 0.113(0.625), LR: 0.000126
[GPU cuda:0][TRAIN] Epoch: [4][650/3100], Elapsed 3m 24s (remain 12m 49s), Accuracy: 100.000(74.424), Loss: 0.065(0.624), LR: 0.000124
[GPU cuda:0][TRAIN] Epoch: [4][700/3100], Elapsed 3m 40s (remain 12m 33s), Accuracy: 100.000(74.180), Loss: 0.389(0.631), LR: 0.000122
[GPU cuda:0][TRAIN] Epoch: [4][750/3100], Elapsed 3m 55s (remain 12m 17s), Accuracy: 75.000(74.201), Loss: 0.269(0.635), LR: 0.000121
[GPU cuda:0][TRAIN] Epoch: [4][800/3100], Elapsed 4m 11s (remain 12m 1s), Accuracy: 100.000(74.157), Loss: 0.411(0.636), LR: 0.000119
[GPU cuda:0][TRAIN] Epoch: [4][850/3100], Elapsed 4m 27s (remain 11m 45s), Accuracy: 75.000(74.177), Loss: 0.444(0.637), LR: 0.000117
[GPU cuda:0][TRAIN] Epoch: [4][900/3100], Elapsed 4m 42s (remain 11m 30s), Accuracy: 75.000(73.918), Loss: 0.470(0.639), LR: 0.000115
[GPU cuda:0][TRAIN] Epoch: [4][950/3100], Elapsed 4m 58s (remain 11m 14s), Accuracy: 75.000(73.975), Loss: 0.402(0.639), LR: 0.000113
[GPU cuda:0][TRAIN] Epoch: [4][1000/3100], Elapsed 5m 14s (remain 10m 59s), Accuracy: 75.000(74.351), Loss: 0.454(0.634), LR: 0.000111
[GPU cuda:0][TRAIN] Epoch: [4][1050/3100], Elapsed 5m 30s (remain 10m 43s), Accuracy: 75.000(74.596), Loss: 0.259(0.628), LR: 0.000110
[GPU cuda:0][TRAIN] Epoch: [4][1100/3100], Elapsed 5m 45s (remain 10m 27s), Accuracy: 25.000(74.705), Loss: 1.370(0.624), LR: 0.000108
[GPU cuda:0][TRAIN] Epoch: [4][1150/3100], Elapsed 6m 1s (remain 10m 12s), Accuracy: 100.000(74.913), Loss: 0.035(0.620), LR: 0.000106
[GPU cuda:0][TRAIN] Epoch: [4][1200/3100], Elapsed 6m 17s (remain 9m 56s), Accuracy: 100.000(75.042), Loss: 0.073(0.616), LR: 0.000104
[GPU cuda:0][TRAIN] Epoch: [4][1250/3100], Elapsed 6m 32s (remain 9m 40s), Accuracy: 75.000(74.920), Loss: 0.617(0.617), LR: 0.000102
[GPU cuda:0][TRAIN] Epoch: [4][1300/3100], Elapsed 6m 48s (remain 9m 25s), Accuracy: 75.000(74.942), Loss: 0.726(0.617), LR: 0.000101
[GPU cuda:0][TRAIN] Epoch: [4][1350/3100], Elapsed 7m 4s (remain 9m 9s), Accuracy: 100.000(75.185), Loss: 0.249(0.611), LR: 0.000099
[GPU cuda:0][TRAIN] Epoch: [4][1400/3100], Elapsed 7m 20s (remain 8m 53s), Accuracy: 100.000(75.161), Loss: 0.367(0.611), LR: 0.000097
[GPU cuda:0][TRAIN] Epoch: [4][1450/3100], Elapsed 7m 35s (remain 8m 37s), Accuracy: 75.000(75.276), Loss: 0.653(0.608), LR: 0.000095
[GPU cuda:0][TRAIN] Epoch: [4][1500/3100], Elapsed 7m 51s (remain 8m 22s), Accuracy: 100.000(75.466), Loss: 0.527(0.604), LR: 0.000094
[GPU cuda:0][TRAIN] Epoch: [4][1550/3100], Elapsed 8m 7s (remain 8m 6s), Accuracy: 100.000(75.484), Loss: 0.063(0.603), LR: 0.000092
[GPU cuda:0][TRAIN] Epoch: [4][1600/3100], Elapsed 8m 22s (remain 7m 50s), Accuracy: 100.000(75.531), Loss: 0.095(0.602), LR: 0.000090
[GPU cuda:0][TRAIN] Epoch: [4][1650/3100], Elapsed 8m 38s (remain 7m 35s), Accuracy: 100.000(75.606), Loss: 0.069(0.599), LR: 0.000089
[GPU cuda:0][TRAIN] Epoch: [4][1700/3100], Elapsed 8m 54s (remain 7m 19s), Accuracy: 75.000(75.808), Loss: 0.721(0.596), LR: 0.000087
[GPU cuda:0][TRAIN] Epoch: [4][1750/3100], Elapsed 9m 9s (remain 7m 3s), Accuracy: 100.000(75.771), Loss: 0.239(0.598), LR: 0.000085
[GPU cuda:0][TRAIN] Epoch: [4][1800/3100], Elapsed 9m 25s (remain 6m 48s), Accuracy: 100.000(75.902), Loss: 0.020(0.596), LR: 0.000083
[GPU cuda:0][TRAIN] Epoch: [4][1850/3100], Elapsed 9m 41s (remain 6m 32s), Accuracy: 75.000(75.837), Loss: 0.703(0.598), LR: 0.000082
[GPU cuda:0][TRAIN] Epoch: [4][1900/3100], Elapsed 9m 57s (remain 6m 16s), Accuracy: 50.000(76.039), Loss: 0.693(0.594), LR: 0.000080
[GPU cuda:0][TRAIN] Epoch: [4][1950/3100], Elapsed 10m 12s (remain 6m 0s), Accuracy: 100.000(76.115), Loss: 0.255(0.592), LR: 0.000078
[GPU cuda:0][TRAIN] Epoch: [4][2000/3100], Elapsed 10m 28s (remain 5m 45s), Accuracy: 75.000(76.099), Loss: 0.328(0.592), LR: 0.000077
[GPU cuda:0][TRAIN] Epoch: [4][2050/3100], Elapsed 10m 44s (remain 5m 29s), Accuracy: 75.000(76.304), Loss: 0.341(0.588), LR: 0.000075
[GPU cuda:0][TRAIN] Epoch: [4][2100/3100], Elapsed 10m 59s (remain 5m 13s), Accuracy: 75.000(76.285), Loss: 1.619(0.589), LR: 0.000074
[GPU cuda:0][TRAIN] Epoch: [4][2150/3100], Elapsed 11m 15s (remain 4m 58s), Accuracy: 50.000(76.395), Loss: 0.976(0.588), LR: 0.000072
[GPU cuda:0][TRAIN] Epoch: [4][2200/3100], Elapsed 11m 31s (remain 4m 42s), Accuracy: 25.000(76.374), Loss: 1.182(0.588), LR: 0.000070
[GPU cuda:0][TRAIN] Epoch: [4][2250/3100], Elapsed 11m 47s (remain 4m 26s), Accuracy: 50.000(76.455), Loss: 1.191(0.585), LR: 0.000069
[GPU cuda:0][TRAIN] Epoch: [4][2300/3100], Elapsed 12m 2s (remain 4m 10s), Accuracy: 50.000(76.510), Loss: 1.419(0.584), LR: 0.000067
[GPU cuda:0][TRAIN] Epoch: [4][2350/3100], Elapsed 12m 18s (remain 3m 55s), Accuracy: 75.000(76.574), Loss: 0.571(0.582), LR: 0.000066
[GPU cuda:0][TRAIN] Epoch: [4][2400/3100], Elapsed 12m 34s (remain 3m 39s), Accuracy: 25.000(76.479), Loss: 1.179(0.584), LR: 0.000064
[GPU cuda:0][TRAIN] Epoch: [4][2450/3100], Elapsed 12m 49s (remain 3m 23s), Accuracy: 75.000(76.387), Loss: 0.569(0.585), LR: 0.000063
[GPU cuda:0][TRAIN] Epoch: [4][2500/3100], Elapsed 13m 5s (remain 3m 8s), Accuracy: 75.000(76.469), Loss: 0.608(0.584), LR: 0.000061
[GPU cuda:0][TRAIN] Epoch: [4][2550/3100], Elapsed 13m 21s (remain 2m 52s), Accuracy: 50.000(76.441), Loss: 1.127(0.585), LR: 0.000060
[GPU cuda:0][TRAIN] Epoch: [4][2600/3100], Elapsed 13m 37s (remain 2m 36s), Accuracy: 75.000(76.615), Loss: 0.560(0.582), LR: 0.000058
[GPU cuda:0][TRAIN] Epoch: [4][2650/3100], Elapsed 13m 52s (remain 2m 21s), Accuracy: 50.000(76.716), Loss: 1.051(0.580), LR: 0.000057
[GPU cuda:0][TRAIN] Epoch: [4][2700/3100], Elapsed 14m 8s (remain 2m 5s), Accuracy: 75.000(76.842), Loss: 0.576(0.577), LR: 0.000055
[GPU cuda:0][TRAIN] Epoch: [4][2750/3100], Elapsed 14m 24s (remain 1m 49s), Accuracy: 75.000(76.899), Loss: 0.549(0.577), LR: 0.000054
[GPU cuda:0][TRAIN] Epoch: [4][2800/3100], Elapsed 14m 39s (remain 1m 33s), Accuracy: 75.000(76.848), Loss: 1.081(0.578), LR: 0.000052
[GPU cuda:0][TRAIN] Epoch: [4][2850/3100], Elapsed 14m 55s (remain 1m 18s), Accuracy: 75.000(76.877), Loss: 0.810(0.576), LR: 0.000051
[GPU cuda:0][TRAIN] Epoch: [4][2900/3100], Elapsed 15m 11s (remain 1m 2s), Accuracy: 100.000(76.810), Loss: 0.523(0.578), LR: 0.000050
[GPU cuda:0][TRAIN] Epoch: [4][2950/3100], Elapsed 15m 26s (remain 0m 46s), Accuracy: 75.000(76.898), Loss: 0.288(0.577), LR: 0.000048
[GPU cuda:0][TRAIN] Epoch: [4][3000/3100], Elapsed 15m 42s (remain 0m 31s), Accuracy: 50.000(76.983), Loss: 1.156(0.575), LR: 0.000047
[GPU cuda:0][TRAIN] Epoch: [4][3050/3100], Elapsed 15m 57s (remain 0m 15s), Accuracy: 75.000(77.008), Loss: 0.397(0.574), LR: 0.000045
[GPU cuda:0][TRAIN] Epoch: [4][3099/3100], Elapsed 16m 13s (remain 0m 0s), Accuracy: 25.000(77.040), Loss: 2.870(0.574), LR: 0.000044
[GPU cuda:0][VALID][0/97], Elapsed 0m 1s (remain 2m 16s), Accuracy: 81.250(81.250), Batch Loss: 0.6524, Average Loss: 0.6524
[GPU cuda:0][VALID][50/97], Elapsed 0m 46s (remain 0m 42s), Accuracy: 90.625(77.696), Batch Loss: 0.2950, Average Loss: 0.5933
[GPU cuda:0][VALID][96/97], Elapsed 1m 28s (remain 0m 0s), Accuracy: 78.571(76.519), Batch Loss: 0.5674, Average Loss: 0.6123
Valid Labels Samples: [2 0 1 4 1 0 3 1 4 3]
Valid Predictions Samples: [2, 0, 1, 3, 1, 0, 3, 1, 3, 0]
Epoch 4 - Train Average Loss: 77.040, Valid Average Loss: 76.519, Epoch Time: 1065.137s
Epoch 4 - Accuracy: 0.765, Precision: 0.770, Recall: 0.765
Saved Best Model: 0.77
[GPU cuda:0][TRAIN] Epoch: [5][0/3100], Elapsed 0m 0s (remain 36m 49s), Accuracy: 75.000(75.000), Loss: 0.693(0.693), LR: 0.000044
[GPU cuda:0][TRAIN] Epoch: [5][50/3100], Elapsed 0m 16s (remain 16m 25s), Accuracy: 100.000(79.412), Loss: 0.294(0.472), LR: 0.000043
[GPU cuda:0][TRAIN] Epoch: [5][100/3100], Elapsed 0m 32s (remain 15m 58s), Accuracy: 25.000(79.455), Loss: 1.919(0.489), LR: 0.000041
[GPU cuda:0][TRAIN] Epoch: [5][150/3100], Elapsed 0m 48s (remain 15m 37s), Accuracy: 100.000(78.477), Loss: 0.020(0.517), LR: 0.000040
[GPU cuda:0][TRAIN] Epoch: [5][200/3100], Elapsed 1m 3s (remain 15m 19s), Accuracy: 100.000(78.731), Loss: 0.058(0.507), LR: 0.000039
[GPU cuda:0][TRAIN] Epoch: [5][250/3100], Elapsed 1m 19s (remain 15m 2s), Accuracy: 100.000(78.187), Loss: 0.244(0.524), LR: 0.000038
[GPU cuda:0][TRAIN] Epoch: [5][300/3100], Elapsed 1m 35s (remain 14m 45s), Accuracy: 100.000(78.904), Loss: 0.288(0.514), LR: 0.000036
[GPU cuda:0][TRAIN] Epoch: [5][350/3100], Elapsed 1m 50s (remain 14m 29s), Accuracy: 50.000(78.989), Loss: 1.707(0.513), LR: 0.000035
[GPU cuda:0][TRAIN] Epoch: [5][400/3100], Elapsed 2m 6s (remain 14m 12s), Accuracy: 75.000(78.117), Loss: 0.742(0.530), LR: 0.000034
[GPU cuda:0][TRAIN] Epoch: [5][450/3100], Elapsed 2m 22s (remain 13m 56s), Accuracy: 100.000(78.215), Loss: 0.206(0.525), LR: 0.000033
[GPU cuda:0][TRAIN] Epoch: [5][500/3100], Elapsed 2m 38s (remain 13m 40s), Accuracy: 75.000(78.293), Loss: 0.706(0.526), LR: 0.000032
[GPU cuda:0][TRAIN] Epoch: [5][550/3100], Elapsed 2m 53s (remain 13m 24s), Accuracy: 75.000(78.494), Loss: 0.895(0.525), LR: 0.000031
[GPU cuda:0][TRAIN] Epoch: [5][600/3100], Elapsed 3m 9s (remain 13m 8s), Accuracy: 100.000(78.910), Loss: 0.136(0.520), LR: 0.000030
[GPU cuda:0][TRAIN] Epoch: [5][650/3100], Elapsed 3m 25s (remain 12m 52s), Accuracy: 100.000(78.840), Loss: 0.036(0.519), LR: 0.000028
[GPU cuda:0][TRAIN] Epoch: [5][700/3100], Elapsed 3m 41s (remain 12m 36s), Accuracy: 75.000(78.709), Loss: 0.425(0.524), LR: 0.000027
[GPU cuda:0][TRAIN] Epoch: [5][750/3100], Elapsed 3m 56s (remain 12m 20s), Accuracy: 100.000(78.695), Loss: 0.021(0.528), LR: 0.000026
[GPU cuda:0][TRAIN] Epoch: [5][800/3100], Elapsed 4m 12s (remain 12m 4s), Accuracy: 100.000(78.620), Loss: 0.309(0.530), LR: 0.000025
[GPU cuda:0][TRAIN] Epoch: [5][850/3100], Elapsed 4m 28s (remain 11m 48s), Accuracy: 100.000(78.496), Loss: 0.129(0.532), LR: 0.000024
[GPU cuda:0][TRAIN] Epoch: [5][900/3100], Elapsed 4m 43s (remain 11m 32s), Accuracy: 75.000(78.385), Loss: 0.522(0.533), LR: 0.000023
[GPU cuda:0][TRAIN] Epoch: [5][950/3100], Elapsed 4m 59s (remain 11m 17s), Accuracy: 75.000(78.365), Loss: 0.337(0.534), LR: 0.000022
[GPU cuda:0][TRAIN] Epoch: [5][1000/3100], Elapsed 5m 15s (remain 11m 1s), Accuracy: 75.000(78.571), Loss: 0.423(0.531), LR: 0.000021
[GPU cuda:0][TRAIN] Epoch: [5][1050/3100], Elapsed 5m 31s (remain 10m 45s), Accuracy: 75.000(78.830), Loss: 0.252(0.526), LR: 0.000020
[GPU cuda:0][TRAIN] Epoch: [5][1100/3100], Elapsed 5m 46s (remain 10m 29s), Accuracy: 25.000(78.951), Loss: 1.338(0.525), LR: 0.000019
[GPU cuda:0][TRAIN] Epoch: [5][1150/3100], Elapsed 6m 2s (remain 10m 13s), Accuracy: 100.000(79.105), Loss: 0.026(0.521), LR: 0.000019
[GPU cuda:0][TRAIN] Epoch: [5][1200/3100], Elapsed 6m 18s (remain 9m 58s), Accuracy: 100.000(79.205), Loss: 0.074(0.516), LR: 0.000018
[GPU cuda:0][TRAIN] Epoch: [5][1250/3100], Elapsed 6m 33s (remain 9m 42s), Accuracy: 75.000(79.197), Loss: 0.619(0.517), LR: 0.000017
[GPU cuda:0][TRAIN] Epoch: [5][1300/3100], Elapsed 6m 49s (remain 9m 26s), Accuracy: 75.000(79.362), Loss: 0.957(0.516), LR: 0.000016
[GPU cuda:0][TRAIN] Epoch: [5][1350/3100], Elapsed 7m 5s (remain 9m 10s), Accuracy: 100.000(79.478), Loss: 0.235(0.510), LR: 0.000015
[GPU cuda:0][TRAIN] Epoch: [5][1400/3100], Elapsed 7m 20s (remain 8m 54s), Accuracy: 100.000(79.497), Loss: 0.275(0.510), LR: 0.000014
[GPU cuda:0][TRAIN] Epoch: [5][1450/3100], Elapsed 7m 36s (remain 8m 38s), Accuracy: 75.000(79.583), Loss: 0.597(0.508), LR: 0.000014
[GPU cuda:0][TRAIN] Epoch: [5][1500/3100], Elapsed 7m 52s (remain 8m 23s), Accuracy: 100.000(79.680), Loss: 0.378(0.505), LR: 0.000013
[GPU cuda:0][TRAIN] Epoch: [5][1550/3100], Elapsed 8m 8s (remain 8m 7s), Accuracy: 100.000(79.723), Loss: 0.052(0.504), LR: 0.000012
[GPU cuda:0][TRAIN] Epoch: [5][1600/3100], Elapsed 8m 23s (remain 7m 51s), Accuracy: 100.000(79.778), Loss: 0.166(0.503), LR: 0.000011
[GPU cuda:0][TRAIN] Epoch: [5][1650/3100], Elapsed 8m 39s (remain 7m 35s), Accuracy: 100.000(79.785), Loss: 0.025(0.502), LR: 0.000011
[GPU cuda:0][TRAIN] Epoch: [5][1700/3100], Elapsed 8m 55s (remain 7m 20s), Accuracy: 25.000(79.879), Loss: 1.186(0.500), LR: 0.000010
[GPU cuda:0][TRAIN] Epoch: [5][1750/3100], Elapsed 9m 10s (remain 7m 4s), Accuracy: 100.000(79.754), Loss: 0.242(0.502), LR: 0.000010
[GPU cuda:0][TRAIN] Epoch: [5][1800/3100], Elapsed 9m 26s (remain 6m 48s), Accuracy: 100.000(79.789), Loss: 0.015(0.502), LR: 0.000009
[GPU cuda:0][TRAIN] Epoch: [5][1850/3100], Elapsed 9m 42s (remain 6m 32s), Accuracy: 75.000(79.714), Loss: 0.522(0.503), LR: 0.000008
[GPU cuda:0][TRAIN] Epoch: [5][1900/3100], Elapsed 9m 58s (remain 6m 17s), Accuracy: 75.000(79.892), Loss: 0.354(0.501), LR: 0.000008
[GPU cuda:0][TRAIN] Epoch: [5][1950/3100], Elapsed 10m 13s (remain 6m 1s), Accuracy: 100.000(79.972), Loss: 0.216(0.499), LR: 0.000007
[GPU cuda:0][TRAIN] Epoch: [5][2000/3100], Elapsed 10m 29s (remain 5m 45s), Accuracy: 100.000(80.022), Loss: 0.299(0.499), LR: 0.000007
[GPU cuda:0][TRAIN] Epoch: [5][2050/3100], Elapsed 10m 44s (remain 5m 29s), Accuracy: 75.000(80.119), Loss: 0.247(0.497), LR: 0.000006
[GPU cuda:0][TRAIN] Epoch: [5][2100/3100], Elapsed 11m 0s (remain 5m 14s), Accuracy: 75.000(80.081), Loss: 1.629(0.498), LR: 0.000006
[GPU cuda:0][TRAIN] Epoch: [5][2150/3100], Elapsed 11m 16s (remain 4m 58s), Accuracy: 75.000(80.184), Loss: 0.784(0.497), LR: 0.000005
[GPU cuda:0][TRAIN] Epoch: [5][2200/3100], Elapsed 11m 31s (remain 4m 42s), Accuracy: 50.000(80.157), Loss: 0.964(0.497), LR: 0.000005
[GPU cuda:0][TRAIN] Epoch: [5][2250/3100], Elapsed 11m 47s (remain 4m 26s), Accuracy: 75.000(80.253), Loss: 0.363(0.495), LR: 0.000004
[GPU cuda:0][TRAIN] Epoch: [5][2300/3100], Elapsed 12m 3s (remain 4m 11s), Accuracy: 75.000(80.313), Loss: 0.955(0.494), LR: 0.000004
[GPU cuda:0][TRAIN] Epoch: [5][2350/3100], Elapsed 12m 18s (remain 3m 55s), Accuracy: 75.000(80.349), Loss: 0.505(0.493), LR: 0.000004
[GPU cuda:0][TRAIN] Epoch: [5][2400/3100], Elapsed 12m 34s (remain 3m 39s), Accuracy: 50.000(80.289), Loss: 0.889(0.494), LR: 0.000003
[GPU cuda:0][TRAIN] Epoch: [5][2450/3100], Elapsed 12m 50s (remain 3m 23s), Accuracy: 75.000(80.263), Loss: 0.425(0.494), LR: 0.000003
[GPU cuda:0][TRAIN] Epoch: [5][2500/3100], Elapsed 13m 5s (remain 3m 8s), Accuracy: 100.000(80.308), Loss: 0.374(0.494), LR: 0.000003
[GPU cuda:0][TRAIN] Epoch: [5][2550/3100], Elapsed 13m 21s (remain 2m 52s), Accuracy: 75.000(80.292), Loss: 0.822(0.495), LR: 0.000002
[GPU cuda:0][TRAIN] Epoch: [5][2600/3100], Elapsed 13m 37s (remain 2m 36s), Accuracy: 75.000(80.392), Loss: 0.600(0.493), LR: 0.000002
[GPU cuda:0][TRAIN] Epoch: [5][2650/3100], Elapsed 13m 52s (remain 2m 21s), Accuracy: 50.000(80.460), Loss: 0.818(0.491), LR: 0.000002
[GPU cuda:0][TRAIN] Epoch: [5][2700/3100], Elapsed 14m 8s (remain 2m 5s), Accuracy: 100.000(80.535), Loss: 0.214(0.489), LR: 0.000002
[GPU cuda:0][TRAIN] Epoch: [5][2750/3100], Elapsed 14m 24s (remain 1m 49s), Accuracy: 75.000(80.580), Loss: 0.519(0.489), LR: 0.000002
[GPU cuda:0][TRAIN] Epoch: [5][2800/3100], Elapsed 14m 40s (remain 1m 33s), Accuracy: 75.000(80.516), Loss: 0.837(0.490), LR: 0.000001
[GPU cuda:0][TRAIN] Epoch: [5][2850/3100], Elapsed 14m 55s (remain 1m 18s), Accuracy: 75.000(80.533), Loss: 0.844(0.490), LR: 0.000001
[GPU cuda:0][TRAIN] Epoch: [5][2900/3100], Elapsed 15m 11s (remain 1m 2s), Accuracy: 100.000(80.481), Loss: 0.338(0.491), LR: 0.000001
[GPU cuda:0][TRAIN] Epoch: [5][2950/3100], Elapsed 15m 27s (remain 0m 46s), Accuracy: 75.000(80.524), Loss: 0.227(0.491), LR: 0.000001
[GPU cuda:0][TRAIN] Epoch: [5][3000/3100], Elapsed 15m 43s (remain 0m 31s), Accuracy: 50.000(80.606), Loss: 0.636(0.489), LR: 0.000001
[GPU cuda:0][TRAIN] Epoch: [5][3050/3100], Elapsed 15m 58s (remain 0m 15s), Accuracy: 100.000(80.629), Loss: 0.250(0.488), LR: 0.000001
[GPU cuda:0][TRAIN] Epoch: [5][3099/3100], Elapsed 16m 14s (remain 0m 0s), Accuracy: 25.000(80.645), Loss: 1.944(0.488), LR: 0.000300
[GPU cuda:0][VALID][0/97], Elapsed 0m 1s (remain 2m 11s), Accuracy: 81.250(81.250), Batch Loss: 0.5470, Average Loss: 0.5470
[GPU cuda:0][VALID][50/97], Elapsed 0m 46s (remain 0m 42s), Accuracy: 84.375(77.267), Batch Loss: 0.2912, Average Loss: 0.5982
[GPU cuda:0][VALID][96/97], Elapsed 1m 28s (remain 0m 0s), Accuracy: 82.143(76.781), Batch Loss: 0.4481, Average Loss: 0.6127
Valid Labels Samples: [2 0 1 4 1 0 3 1 4 3]
Valid Predictions Samples: [2, 0, 1, 3, 1, 0, 3, 1, 3, 0]
Epoch 5 - Train Average Loss: 80.645, Valid Average Loss: 76.781, Epoch Time: 1066.143s
Epoch 5 - Accuracy: 0.768, Precision: 0.771, Recall: 0.768
Saved Best Model: 0.77
[GPU cuda:0][TRAIN] Epoch: [6][0/3100], Elapsed 0m 0s (remain 36m 21s), Accuracy: 75.000(75.000), Loss: 0.881(0.881), LR: 0.000300
[GPU cuda:0][TRAIN] Epoch: [6][50/3100], Elapsed 0m 16s (remain 16m 28s), Accuracy: 100.000(77.451), Loss: 0.266(0.515), LR: 0.000300
[GPU cuda:0][TRAIN] Epoch: [6][100/3100], Elapsed 0m 32s (remain 15m 57s), Accuracy: 25.000(76.485), Loss: 2.151(0.555), LR: 0.000300
[GPU cuda:0][TRAIN] Epoch: [6][150/3100], Elapsed 0m 48s (remain 15m 37s), Accuracy: 100.000(74.669), Loss: 0.023(0.602), LR: 0.000300
[GPU cuda:0][TRAIN] Epoch: [6][200/3100], Elapsed 1m 3s (remain 15m 18s), Accuracy: 100.000(75.498), Loss: 0.042(0.589), LR: 0.000300
[GPU cuda:0][TRAIN] Epoch: [6][250/3100], Elapsed 1m 19s (remain 15m 0s), Accuracy: 50.000(73.207), Loss: 0.968(0.630), LR: 0.000300
[GPU cuda:0][TRAIN] Epoch: [6][300/3100], Elapsed 1m 35s (remain 14m 44s), Accuracy: 50.000(72.508), Loss: 0.910(0.652), LR: 0.000300
[GPU cuda:0][TRAIN] Epoch: [6][350/3100], Elapsed 1m 50s (remain 14m 28s), Accuracy: 50.000(72.009), Loss: 0.997(0.665), LR: 0.000300
[GPU cuda:0][TRAIN] Epoch: [6][400/3100], Elapsed 2m 6s (remain 14m 11s), Accuracy: 50.000(70.511), Loss: 1.018(0.694), LR: 0.000300
[GPU cuda:0][TRAIN] Epoch: [6][450/3100], Elapsed 2m 22s (remain 13m 55s), Accuracy: 100.000(70.455), Loss: 0.337(0.696), LR: 0.000300
[GPU cuda:0][TRAIN] Epoch: [6][500/3100], Elapsed 2m 37s (remain 13m 39s), Accuracy: 75.000(70.309), Loss: 0.775(0.704), LR: 0.000300
[GPU cuda:0][TRAIN] Epoch: [6][550/3100], Elapsed 2m 53s (remain 13m 23s), Accuracy: 25.000(70.281), Loss: 1.151(0.700), LR: 0.000300
[GPU cuda:0][TRAIN] Epoch: [6][600/3100], Elapsed 3m 9s (remain 13m 7s), Accuracy: 75.000(70.715), Loss: 0.307(0.692), LR: 0.000300
[GPU cuda:0][TRAIN] Epoch: [6][650/3100], Elapsed 3m 25s (remain 12m 51s), Accuracy: 100.000(70.699), Loss: 0.091(0.692), LR: 0.000300
[GPU cuda:0][TRAIN] Epoch: [6][700/3100], Elapsed 3m 40s (remain 12m 35s), Accuracy: 75.000(70.578), Loss: 0.518(0.697), LR: 0.000300
[GPU cuda:0][TRAIN] Epoch: [6][750/3100], Elapsed 3m 56s (remain 12m 19s), Accuracy: 100.000(70.606), Loss: 0.067(0.701), LR: 0.000300
[GPU cuda:0][TRAIN] Epoch: [6][800/3100], Elapsed 4m 12s (remain 12m 3s), Accuracy: 100.000(70.474), Loss: 0.452(0.703), LR: 0.000300
[GPU cuda:0][TRAIN] Epoch: [6][850/3100], Elapsed 4m 27s (remain 11m 47s), Accuracy: 100.000(70.535), Loss: 0.276(0.704), LR: 0.000300
[GPU cuda:0][TRAIN] Epoch: [6][900/3100], Elapsed 4m 43s (remain 11m 31s), Accuracy: 50.000(70.339), Loss: 0.649(0.708), LR: 0.000300
[GPU cuda:0][TRAIN] Epoch: [6][950/3100], Elapsed 4m 59s (remain 11m 15s), Accuracy: 100.000(70.741), Loss: 0.279(0.704), LR: 0.000300
[GPU cuda:0][TRAIN] Epoch: [6][1000/3100], Elapsed 5m 14s (remain 10m 59s), Accuracy: 75.000(70.979), Loss: 0.501(0.699), LR: 0.000300
[GPU cuda:0][TRAIN] Epoch: [6][1050/3100], Elapsed 5m 30s (remain 10m 44s), Accuracy: 100.000(71.242), Loss: 0.154(0.696), LR: 0.000300
[GPU cuda:0][TRAIN] Epoch: [6][1100/3100], Elapsed 5m 46s (remain 10m 28s), Accuracy: 25.000(71.503), Loss: 1.350(0.691), LR: 0.000300
[GPU cuda:0][TRAIN] Epoch: [6][1150/3100], Elapsed 6m 1s (remain 10m 12s), Accuracy: 100.000(71.677), Loss: 0.115(0.687), LR: 0.000300
[GPU cuda:0][TRAIN] Epoch: [6][1200/3100], Elapsed 6m 17s (remain 9m 56s), Accuracy: 100.000(71.898), Loss: 0.145(0.682), LR: 0.000300
[GPU cuda:0][TRAIN] Epoch: [6][1250/3100], Elapsed 6m 33s (remain 9m 41s), Accuracy: 75.000(71.723), Loss: 0.786(0.685), LR: 0.000300
[GPU cuda:0][TRAIN] Epoch: [6][1300/3100], Elapsed 6m 48s (remain 9m 25s), Accuracy: 75.000(71.868), Loss: 0.687(0.683), LR: 0.000300
[GPU cuda:0][TRAIN] Epoch: [6][1350/3100], Elapsed 7m 4s (remain 9m 9s), Accuracy: 100.000(72.058), Loss: 0.264(0.677), LR: 0.000300
[GPU cuda:0][TRAIN] Epoch: [6][1400/3100], Elapsed 7m 20s (remain 8m 53s), Accuracy: 50.000(72.056), Loss: 0.533(0.677), LR: 0.000300
[GPU cuda:0][TRAIN] Epoch: [6][1450/3100], Elapsed 7m 35s (remain 8m 38s), Accuracy: 75.000(72.209), Loss: 0.621(0.673), LR: 0.000300
[GPU cuda:0][TRAIN] Epoch: [6][1500/3100], Elapsed 7m 51s (remain 8m 22s), Accuracy: 75.000(72.335), Loss: 0.723(0.671), LR: 0.000300
[GPU cuda:0][TRAIN] Epoch: [6][1550/3100], Elapsed 8m 7s (remain 8m 6s), Accuracy: 75.000(72.421), Loss: 0.247(0.668), LR: 0.000300
[GPU cuda:0][TRAIN] Epoch: [6][1600/3100], Elapsed 8m 22s (remain 7m 50s), Accuracy: 100.000(72.455), Loss: 0.188(0.666), LR: 0.000300
[GPU cuda:0][TRAIN] Epoch: [6][1650/3100], Elapsed 8m 38s (remain 7m 35s), Accuracy: 100.000(72.592), Loss: 0.118(0.663), LR: 0.000299
[GPU cuda:0][TRAIN] Epoch: [6][1700/3100], Elapsed 8m 54s (remain 7m 19s), Accuracy: 75.000(72.722), Loss: 0.705(0.660), LR: 0.000299
[GPU cuda:0][TRAIN] Epoch: [6][1750/3100], Elapsed 9m 10s (remain 7m 3s), Accuracy: 100.000(72.658), Loss: 0.271(0.662), LR: 0.000299
[GPU cuda:0][TRAIN] Epoch: [6][1800/3100], Elapsed 9m 25s (remain 6m 48s), Accuracy: 100.000(72.710), Loss: 0.067(0.661), LR: 0.000299
[GPU cuda:0][TRAIN] Epoch: [6][1850/3100], Elapsed 9m 41s (remain 6m 32s), Accuracy: 75.000(72.650), Loss: 0.502(0.663), LR: 0.000299
[GPU cuda:0][TRAIN] Epoch: [6][1900/3100], Elapsed 9m 57s (remain 6m 16s), Accuracy: 75.000(72.817), Loss: 0.827(0.660), LR: 0.000299
[GPU cuda:0][TRAIN] Epoch: [6][1950/3100], Elapsed 10m 12s (remain 6m 0s), Accuracy: 100.000(72.770), Loss: 0.374(0.660), LR: 0.000299
[GPU cuda:0][TRAIN] Epoch: [6][2000/3100], Elapsed 10m 28s (remain 5m 45s), Accuracy: 100.000(72.801), Loss: 0.324(0.660), LR: 0.000299
[GPU cuda:0][TRAIN] Epoch: [6][2050/3100], Elapsed 10m 44s (remain 5m 29s), Accuracy: 75.000(72.928), Loss: 0.359(0.656), LR: 0.000299
[GPU cuda:0][TRAIN] Epoch: [6][2100/3100], Elapsed 11m 0s (remain 5m 13s), Accuracy: 75.000(72.906), Loss: 1.743(0.658), LR: 0.000299
[GPU cuda:0][TRAIN] Epoch: [6][2150/3100], Elapsed 11m 15s (remain 4m 58s), Accuracy: 50.000(73.001), Loss: 1.216(0.657), LR: 0.000299
[GPU cuda:0][TRAIN] Epoch: [6][2200/3100], Elapsed 11m 31s (remain 4m 42s), Accuracy: 25.000(72.967), Loss: 1.415(0.658), LR: 0.000299
[GPU cuda:0][TRAIN] Epoch: [6][2250/3100], Elapsed 11m 47s (remain 4m 26s), Accuracy: 25.000(73.001), Loss: 1.078(0.657), LR: 0.000299
[GPU cuda:0][TRAIN] Epoch: [6][2300/3100], Elapsed 12m 3s (remain 4m 11s), Accuracy: 25.000(73.099), Loss: 1.339(0.656), LR: 0.000299
[GPU cuda:0][TRAIN] Epoch: [6][2350/3100], Elapsed 12m 18s (remain 3m 55s), Accuracy: 50.000(72.682), Loss: 1.227(0.665), LR: 0.000299
[GPU cuda:0][TRAIN] Epoch: [6][2400/3100], Elapsed 12m 34s (remain 3m 39s), Accuracy: 25.000(72.501), Loss: 1.966(0.668), LR: 0.000299
[GPU cuda:0][TRAIN] Epoch: [6][2450/3100], Elapsed 12m 50s (remain 3m 23s), Accuracy: 100.000(72.419), Loss: 0.501(0.669), LR: 0.000299
[GPU cuda:0][TRAIN] Epoch: [6][2500/3100], Elapsed 13m 5s (remain 3m 8s), Accuracy: 75.000(72.491), Loss: 0.985(0.668), LR: 0.000299
[GPU cuda:0][TRAIN] Epoch: [6][2550/3100], Elapsed 13m 21s (remain 2m 52s), Accuracy: 50.000(72.374), Loss: 0.959(0.672), LR: 0.000299
[GPU cuda:0][TRAIN] Epoch: [6][2600/3100], Elapsed 13m 37s (remain 2m 36s), Accuracy: 50.000(72.434), Loss: 0.630(0.670), LR: 0.000299
[GPU cuda:0][TRAIN] Epoch: [6][2650/3100], Elapsed 13m 52s (remain 2m 21s), Accuracy: 50.000(72.482), Loss: 1.175(0.668), LR: 0.000299
[GPU cuda:0][TRAIN] Epoch: [6][2700/3100], Elapsed 14m 8s (remain 2m 5s), Accuracy: 50.000(72.566), Loss: 0.516(0.666), LR: 0.000299
[GPU cuda:0][TRAIN] Epoch: [6][2750/3100], Elapsed 14m 24s (remain 1m 49s), Accuracy: 75.000(72.574), Loss: 0.700(0.667), LR: 0.000299
[GPU cuda:0][TRAIN] Epoch: [6][2800/3100], Elapsed 14m 40s (remain 1m 33s), Accuracy: 50.000(72.465), Loss: 1.329(0.670), LR: 0.000299
[GPU cuda:0][TRAIN] Epoch: [6][2850/3100], Elapsed 14m 55s (remain 1m 18s), Accuracy: 75.000(72.475), Loss: 0.698(0.670), LR: 0.000298
[GPU cuda:0][TRAIN] Epoch: [6][2900/3100], Elapsed 15m 11s (remain 1m 2s), Accuracy: 100.000(72.406), Loss: 0.545(0.672), LR: 0.000298
[GPU cuda:0][TRAIN] Epoch: [6][2950/3100], Elapsed 15m 27s (remain 0m 46s), Accuracy: 75.000(72.509), Loss: 0.471(0.671), LR: 0.000298
[GPU cuda:0][TRAIN] Epoch: [6][3000/3100], Elapsed 15m 42s (remain 0m 31s), Accuracy: 50.000(72.534), Loss: 1.123(0.671), LR: 0.000298
[GPU cuda:0][TRAIN] Epoch: [6][3050/3100], Elapsed 15m 58s (remain 0m 15s), Accuracy: 75.000(72.607), Loss: 0.363(0.670), LR: 0.000298
[GPU cuda:0][TRAIN] Epoch: [6][3099/3100], Elapsed 16m 13s (remain 0m 0s), Accuracy: 25.000(72.629), Loss: 2.564(0.669), LR: 0.000298
[GPU cuda:0][VALID][0/97], Elapsed 0m 1s (remain 2m 18s), Accuracy: 78.125(78.125), Batch Loss: 0.6446, Average Loss: 0.6446
[GPU cuda:0][VALID][50/97], Elapsed 0m 47s (remain 0m 42s), Accuracy: 78.125(71.446), Batch Loss: 0.3753, Average Loss: 0.6943
[GPU cuda:0][VALID][96/97], Elapsed 1m 29s (remain 0m 0s), Accuracy: 78.571(70.623), Batch Loss: 0.5130, Average Loss: 0.7107
Valid Labels Samples: [2 0 1 4 1 0 3 1 4 3]
Valid Predictions Samples: [2, 0, 1, 4, 1, 0, 3, 1, 3, 0]
Epoch 6 - Train Average Loss: 72.629, Valid Average Loss: 70.623, Epoch Time: 1066.017s
Epoch 6 - Accuracy: 0.706, Precision: 0.725, Recall: 0.706
[GPU cuda:0][TRAIN] Epoch: [7][0/3100], Elapsed 0m 0s (remain 36m 46s), Accuracy: 75.000(75.000), Loss: 0.818(0.818), LR: 0.000298
[GPU cuda:0][TRAIN] Epoch: [7][50/3100], Elapsed 0m 16s (remain 16m 23s), Accuracy: 75.000(78.431), Loss: 0.402(0.517), LR: 0.000298
[GPU cuda:0][TRAIN] Epoch: [7][100/3100], Elapsed 0m 32s (remain 15m 56s), Accuracy: 50.000(77.970), Loss: 1.898(0.526), LR: 0.000298
[GPU cuda:0][TRAIN] Epoch: [7][150/3100], Elapsed 0m 47s (remain 15m 35s), Accuracy: 75.000(75.828), Loss: 0.225(0.567), LR: 0.000298
[GPU cuda:0][TRAIN] Epoch: [7][200/3100], Elapsed 1m 3s (remain 15m 17s), Accuracy: 100.000(76.368), Loss: 0.162(0.569), LR: 0.000298
[GPU cuda:0][TRAIN] Epoch: [7][250/3100], Elapsed 1m 19s (remain 14m 59s), Accuracy: 25.000(75.199), Loss: 1.212(0.592), LR: 0.000298
[GPU cuda:0][TRAIN] Epoch: [7][300/3100], Elapsed 1m 34s (remain 14m 43s), Accuracy: 100.000(75.581), Loss: 0.336(0.591), LR: 0.000298
[GPU cuda:0][TRAIN] Epoch: [7][350/3100], Elapsed 1m 50s (remain 14m 26s), Accuracy: 0.000(74.858), Loss: 1.687(0.605), LR: 0.000298
[GPU cuda:0][TRAIN] Epoch: [7][400/3100], Elapsed 2m 6s (remain 14m 10s), Accuracy: 50.000(74.377), Loss: 0.945(0.614), LR: 0.000298
[GPU cuda:0][TRAIN] Epoch: [7][450/3100], Elapsed 2m 22s (remain 13m 54s), Accuracy: 100.000(74.889), Loss: 0.321(0.614), LR: 0.000298
[GPU cuda:0][TRAIN] Epoch: [7][500/3100], Elapsed 2m 37s (remain 13m 38s), Accuracy: 75.000(74.900), Loss: 0.779(0.619), LR: 0.000298
[GPU cuda:0][TRAIN] Epoch: [7][550/3100], Elapsed 2m 53s (remain 13m 22s), Accuracy: 50.000(74.909), Loss: 1.304(0.617), LR: 0.000297
[GPU cuda:0][TRAIN] Epoch: [7][600/3100], Elapsed 3m 9s (remain 13m 6s), Accuracy: 100.000(75.208), Loss: 0.114(0.610), LR: 0.000297
[GPU cuda:0][TRAIN] Epoch: [7][650/3100], Elapsed 3m 24s (remain 12m 50s), Accuracy: 100.000(75.154), Loss: 0.059(0.611), LR: 0.000297
[GPU cuda:0][TRAIN] Epoch: [7][700/3100], Elapsed 3m 40s (remain 12m 34s), Accuracy: 75.000(74.929), Loss: 0.658(0.616), LR: 0.000297
[GPU cuda:0][TRAIN] Epoch: [7][750/3100], Elapsed 3m 56s (remain 12m 19s), Accuracy: 100.000(75.100), Loss: 0.041(0.617), LR: 0.000297
[GPU cuda:0][TRAIN] Epoch: [7][800/3100], Elapsed 4m 11s (remain 12m 3s), Accuracy: 100.000(75.218), Loss: 0.458(0.619), LR: 0.000297
[GPU cuda:0][TRAIN] Epoch: [7][850/3100], Elapsed 4m 27s (remain 11m 47s), Accuracy: 100.000(74.971), Loss: 0.276(0.627), LR: 0.000297
[GPU cuda:0][TRAIN] Epoch: [7][900/3100], Elapsed 4m 43s (remain 11m 31s), Accuracy: 75.000(74.695), Loss: 0.505(0.632), LR: 0.000297
[GPU cuda:0][TRAIN] Epoch: [7][950/3100], Elapsed 4m 59s (remain 11m 15s), Accuracy: 100.000(74.579), Loss: 0.301(0.633), LR: 0.000297
[GPU cuda:0][TRAIN] Epoch: [7][1000/3100], Elapsed 5m 14s (remain 11m 0s), Accuracy: 75.000(75.000), Loss: 0.350(0.626), LR: 0.000297
[GPU cuda:0][TRAIN] Epoch: [7][1050/3100], Elapsed 5m 30s (remain 10m 44s), Accuracy: 75.000(75.143), Loss: 0.326(0.623), LR: 0.000297
[GPU cuda:0][TRAIN] Epoch: [7][1100/3100], Elapsed 5m 46s (remain 10m 28s), Accuracy: 25.000(75.318), Loss: 1.355(0.620), LR: 0.000297
[GPU cuda:0][TRAIN] Epoch: [7][1150/3100], Elapsed 6m 2s (remain 10m 13s), Accuracy: 100.000(75.326), Loss: 0.076(0.621), LR: 0.000297
[GPU cuda:0][TRAIN] Epoch: [7][1200/3100], Elapsed 6m 17s (remain 9m 57s), Accuracy: 100.000(75.396), Loss: 0.039(0.617), LR: 0.000297
[GPU cuda:0][TRAIN] Epoch: [7][1250/3100], Elapsed 6m 33s (remain 9m 41s), Accuracy: 75.000(75.080), Loss: 0.737(0.620), LR: 0.000296
[GPU cuda:0][TRAIN] Epoch: [7][1300/3100], Elapsed 6m 48s (remain 9m 25s), Accuracy: 75.000(75.115), Loss: 0.366(0.619), LR: 0.000296
[GPU cuda:0][TRAIN] Epoch: [7][1350/3100], Elapsed 7m 4s (remain 9m 9s), Accuracy: 100.000(75.352), Loss: 0.212(0.612), LR: 0.000296
[GPU cuda:0][TRAIN] Epoch: [7][1400/3100], Elapsed 7m 20s (remain 8m 53s), Accuracy: 75.000(75.286), Loss: 0.501(0.613), LR: 0.000296
[GPU cuda:0][TRAIN] Epoch: [7][1450/3100], Elapsed 7m 35s (remain 8m 38s), Accuracy: 50.000(75.414), Loss: 0.851(0.611), LR: 0.000296
[GPU cuda:0][TRAIN] Epoch: [7][1500/3100], Elapsed 7m 51s (remain 8m 22s), Accuracy: 100.000(75.550), Loss: 0.414(0.608), LR: 0.000296
[GPU cuda:0][TRAIN] Epoch: [7][1550/3100], Elapsed 8m 7s (remain 8m 6s), Accuracy: 100.000(75.500), Loss: 0.051(0.607), LR: 0.000296
[GPU cuda:0][TRAIN] Epoch: [7][1600/3100], Elapsed 8m 23s (remain 7m 51s), Accuracy: 100.000(75.422), Loss: 0.163(0.607), LR: 0.000296
[GPU cuda:0][TRAIN] Epoch: [7][1650/3100], Elapsed 8m 38s (remain 7m 35s), Accuracy: 100.000(75.530), Loss: 0.152(0.606), LR: 0.000296
[GPU cuda:0][TRAIN] Epoch: [7][1700/3100], Elapsed 8m 54s (remain 7m 19s), Accuracy: 50.000(75.573), Loss: 0.835(0.605), LR: 0.000296
[GPU cuda:0][TRAIN] Epoch: [7][1750/3100], Elapsed 9m 10s (remain 7m 3s), Accuracy: 100.000(75.557), Loss: 0.231(0.606), LR: 0.000296
[GPU cuda:0][TRAIN] Epoch: [7][1800/3100], Elapsed 9m 25s (remain 6m 48s), Accuracy: 100.000(75.541), Loss: 0.031(0.607), LR: 0.000295
[GPU cuda:0][TRAIN] Epoch: [7][1850/3100], Elapsed 9m 41s (remain 6m 32s), Accuracy: 50.000(75.513), Loss: 0.758(0.607), LR: 0.000295
[GPU cuda:0][TRAIN] Epoch: [7][1900/3100], Elapsed 9m 57s (remain 6m 16s), Accuracy: 75.000(75.539), Loss: 0.790(0.606), LR: 0.000295
[GPU cuda:0][TRAIN] Epoch: [7][1950/3100], Elapsed 10m 13s (remain 6m 1s), Accuracy: 75.000(75.500), Loss: 0.598(0.606), LR: 0.000295
[GPU cuda:0][TRAIN] Epoch: [7][2000/3100], Elapsed 10m 28s (remain 5m 45s), Accuracy: 100.000(75.512), Loss: 0.227(0.606), LR: 0.000295
[GPU cuda:0][TRAIN] Epoch: [7][2050/3100], Elapsed 10m 44s (remain 5m 29s), Accuracy: 100.000(75.622), Loss: 0.179(0.603), LR: 0.000295
[GPU cuda:0][TRAIN] Epoch: [7][2100/3100], Elapsed 11m 0s (remain 5m 13s), Accuracy: 75.000(75.524), Loss: 1.486(0.605), LR: 0.000295
[GPU cuda:0][TRAIN] Epoch: [7][2150/3100], Elapsed 11m 15s (remain 4m 58s), Accuracy: 50.000(75.523), Loss: 1.193(0.605), LR: 0.000295
[GPU cuda:0][TRAIN] Epoch: [7][2200/3100], Elapsed 11m 31s (remain 4m 42s), Accuracy: 25.000(75.545), Loss: 1.056(0.605), LR: 0.000295
[GPU cuda:0][TRAIN] Epoch: [7][2250/3100], Elapsed 11m 47s (remain 4m 26s), Accuracy: 50.000(75.622), Loss: 0.827(0.602), LR: 0.000295
[GPU cuda:0][TRAIN] Epoch: [7][2300/3100], Elapsed 12m 3s (remain 4m 11s), Accuracy: 50.000(75.641), Loss: 2.203(0.603), LR: 0.000295
[GPU cuda:0][TRAIN] Epoch: [7][2350/3100], Elapsed 12m 18s (remain 3m 55s), Accuracy: 75.000(75.542), Loss: 0.603(0.604), LR: 0.000294
[GPU cuda:0][TRAIN] Epoch: [7][2400/3100], Elapsed 12m 34s (remain 3m 39s), Accuracy: 25.000(75.416), Loss: 1.770(0.607), LR: 0.000294
[GPU cuda:0][TRAIN] Epoch: [7][2450/3100], Elapsed 12m 50s (remain 3m 23s), Accuracy: 75.000(75.306), Loss: 0.437(0.609), LR: 0.000294
[GPU cuda:0][TRAIN] Epoch: [7][2500/3100], Elapsed 13m 5s (remain 3m 8s), Accuracy: 75.000(75.370), Loss: 0.597(0.608), LR: 0.000294
[GPU cuda:0][TRAIN] Epoch: [7][2550/3100], Elapsed 13m 21s (remain 2m 52s), Accuracy: 50.000(75.294), Loss: 1.100(0.610), LR: 0.000294
[GPU cuda:0][TRAIN] Epoch: [7][2600/3100], Elapsed 13m 37s (remain 2m 36s), Accuracy: 75.000(75.404), Loss: 0.534(0.607), LR: 0.000294
[GPU cuda:0][TRAIN] Epoch: [7][2650/3100], Elapsed 13m 53s (remain 2m 21s), Accuracy: 75.000(75.415), Loss: 0.806(0.607), LR: 0.000294
[GPU cuda:0][TRAIN] Epoch: [7][2700/3100], Elapsed 14m 8s (remain 2m 5s), Accuracy: 75.000(75.500), Loss: 0.434(0.605), LR: 0.000294
[GPU cuda:0][TRAIN] Epoch: [7][2750/3100], Elapsed 14m 24s (remain 1m 49s), Accuracy: 50.000(75.545), Loss: 0.825(0.605), LR: 0.000294
[GPU cuda:0][TRAIN] Epoch: [7][2800/3100], Elapsed 14m 40s (remain 1m 33s), Accuracy: 50.000(75.464), Loss: 1.096(0.606), LR: 0.000293
[GPU cuda:0][TRAIN] Epoch: [7][2850/3100], Elapsed 14m 55s (remain 1m 18s), Accuracy: 75.000(75.412), Loss: 0.840(0.607), LR: 0.000293
[GPU cuda:0][TRAIN] Epoch: [7][2900/3100], Elapsed 15m 11s (remain 1m 2s), Accuracy: 75.000(75.293), Loss: 0.598(0.609), LR: 0.000293
[GPU cuda:0][TRAIN] Epoch: [7][2950/3100], Elapsed 15m 27s (remain 0m 46s), Accuracy: 50.000(75.347), Loss: 0.629(0.609), LR: 0.000293
[GPU cuda:0][TRAIN] Epoch: [7][3000/3100], Elapsed 15m 42s (remain 0m 31s), Accuracy: 25.000(75.367), Loss: 1.115(0.609), LR: 0.000293
[GPU cuda:0][TRAIN] Epoch: [7][3050/3100], Elapsed 15m 58s (remain 0m 15s), Accuracy: 75.000(75.361), Loss: 0.475(0.609), LR: 0.000293
[GPU cuda:0][TRAIN] Epoch: [7][3099/3100], Elapsed 16m 13s (remain 0m 0s), Accuracy: 25.000(75.363), Loss: 1.537(0.609), LR: 0.000293
[GPU cuda:0][VALID][0/97], Elapsed 0m 1s (remain 2m 11s), Accuracy: 71.875(71.875), Batch Loss: 0.5758, Average Loss: 0.5758
[GPU cuda:0][VALID][50/97], Elapsed 0m 46s (remain 0m 42s), Accuracy: 68.750(64.951), Batch Loss: 0.9052, Average Loss: 0.8758
[GPU cuda:0][VALID][96/97], Elapsed 1m 28s (remain 0m 0s), Accuracy: 67.857(64.102), Batch Loss: 0.6732, Average Loss: 0.8887
Valid Labels Samples: [2 0 1 4 1 0 3 1 4 3]
Valid Predictions Samples: [2, 0, 1, 3, 1, 0, 3, 1, 3, 0]
Epoch 7 - Train Average Loss: 75.363, Valid Average Loss: 64.102, Epoch Time: 1065.603s
Epoch 7 - Accuracy: 0.641, Precision: 0.663, Recall: 0.641
