[GPU 0]: Config File
{'id': 32, 'model_name': 'swin_large_patch4_window12_384_in22k', 'dropout': 0.5, 'size': 384, 'batch_size_t': 4, 'batch_size_v': 8, 'n_targets': 5, 'criterion': 'CrossEntropyLoss', 'gradient_accumulation_steps': 1, 'max_gradient_norm': None, 'optimizer': 'RangerLars', 'scheduler': 'OneCycleLR', 'LR': 7e-05, 'T_0': 200, 'T_max': 10, 'T_mult': 2, 'min_lr': 1e-06, 'max_lr': 0.00034999999999999994, 'no_batches': 3100, 'warmup_epochs': 1, 'cosine_epochs': 14, 'epochs': 15, 'update_per_batch': True, 'num_workers': 4, 'n_folds': 5, 'train_transforms': [], 'valid_transforms': [], 'observations': None, 'use_swa': True, 'swa_lr': 0.01, 'swa_epoch': 0, 'use_sam': True, 'use_asam': True, 'asam_rho': 0.1, 'print_freq': 50, 'one_fold': True, 'use_apex': True, 'distributed_training': False, 'save_to_log': True}
================================================== Training Fold: 0 ==================================================
[GPU cuda:0][TRAIN] Epoch: [1][0/3100], Elapsed 0m 0s (remain 23m 40s), Accuracy: 0.000(0.000), Loss: 1.718(1.718), LR: 0.000014
[GPU cuda:0][TRAIN] Epoch: [1][50/3100], Elapsed 0m 15s (remain 15m 45s), Accuracy: 50.000(16.176), Loss: 1.552(1.665), LR: 0.000014
[GPU cuda:0][TRAIN] Epoch: [1][100/3100], Elapsed 0m 31s (remain 15m 31s), Accuracy: 25.000(17.327), Loss: 1.486(1.655), LR: 0.000014
[GPU cuda:0][TRAIN] Epoch: [1][150/3100], Elapsed 0m 46s (remain 15m 15s), Accuracy: 25.000(16.556), Loss: 1.504(1.652), LR: 0.000014
[GPU cuda:0][TRAIN] Epoch: [1][200/3100], Elapsed 1m 2s (remain 14m 58s), Accuracy: 25.000(16.667), Loss: 1.548(1.655), LR: 0.000014
[GPU cuda:0][TRAIN] Epoch: [1][250/3100], Elapsed 1m 17s (remain 14m 43s), Accuracy: 50.000(17.331), Loss: 1.665(1.651), LR: 0.000014
[GPU cuda:0][TRAIN] Epoch: [1][300/3100], Elapsed 1m 33s (remain 14m 27s), Accuracy: 25.000(17.608), Loss: 1.658(1.648), LR: 0.000014
[GPU cuda:0][TRAIN] Epoch: [1][350/3100], Elapsed 1m 48s (remain 14m 12s), Accuracy: 50.000(18.234), Loss: 1.672(1.645), LR: 0.000015
[GPU cuda:0][TRAIN] Epoch: [1][400/3100], Elapsed 2m 4s (remain 13m 57s), Accuracy: 0.000(18.392), Loss: 1.790(1.642), LR: 0.000015
[GPU cuda:0][TRAIN] Epoch: [1][450/3100], Elapsed 2m 19s (remain 13m 41s), Accuracy: 50.000(18.902), Loss: 1.478(1.636), LR: 0.000015
[GPU cuda:0][TRAIN] Epoch: [1][500/3100], Elapsed 2m 35s (remain 13m 26s), Accuracy: 25.000(19.012), Loss: 1.657(1.633), LR: 0.000015
[GPU cuda:0][TRAIN] Epoch: [1][550/3100], Elapsed 2m 50s (remain 13m 10s), Accuracy: 25.000(19.419), Loss: 1.573(1.631), LR: 0.000015
[GPU cuda:0][TRAIN] Epoch: [1][600/3100], Elapsed 3m 6s (remain 12m 55s), Accuracy: 0.000(19.592), Loss: 1.630(1.630), LR: 0.000016
[GPU cuda:0][TRAIN] Epoch: [1][650/3100], Elapsed 3m 21s (remain 12m 39s), Accuracy: 25.000(19.969), Loss: 1.660(1.628), LR: 0.000016
[GPU cuda:0][TRAIN] Epoch: [1][700/3100], Elapsed 3m 37s (remain 12m 23s), Accuracy: 75.000(20.292), Loss: 1.417(1.625), LR: 0.000016
[GPU cuda:0][TRAIN] Epoch: [1][750/3100], Elapsed 3m 52s (remain 12m 8s), Accuracy: 50.000(20.939), Loss: 1.518(1.621), LR: 0.000016
[GPU cuda:0][TRAIN] Epoch: [1][800/3100], Elapsed 4m 8s (remain 11m 52s), Accuracy: 50.000(21.442), Loss: 1.480(1.619), LR: 0.000017
[GPU cuda:0][TRAIN] Epoch: [1][850/3100], Elapsed 4m 23s (remain 11m 37s), Accuracy: 25.000(21.798), Loss: 1.544(1.617), LR: 0.000017
[GPU cuda:0][TRAIN] Epoch: [1][900/3100], Elapsed 4m 39s (remain 11m 21s), Accuracy: 25.000(21.726), Loss: 1.502(1.616), LR: 0.000017
[GPU cuda:0][TRAIN] Epoch: [1][950/3100], Elapsed 4m 54s (remain 11m 6s), Accuracy: 25.000(21.872), Loss: 1.520(1.615), LR: 0.000018
[GPU cuda:0][TRAIN] Epoch: [1][1000/3100], Elapsed 5m 10s (remain 10m 50s), Accuracy: 50.000(22.428), Loss: 1.625(1.613), LR: 0.000018
[GPU cuda:0][TRAIN] Epoch: [1][1050/3100], Elapsed 5m 25s (remain 10m 35s), Accuracy: 0.000(22.716), Loss: 1.643(1.611), LR: 0.000019
[GPU cuda:0][TRAIN] Epoch: [1][1100/3100], Elapsed 5m 41s (remain 10m 19s), Accuracy: 25.000(23.138), Loss: 1.669(1.608), LR: 0.000019
[GPU cuda:0][TRAIN] Epoch: [1][1150/3100], Elapsed 5m 56s (remain 10m 4s), Accuracy: 25.000(23.523), Loss: 1.641(1.606), LR: 0.000020
[GPU cuda:0][TRAIN] Epoch: [1][1200/3100], Elapsed 6m 12s (remain 9m 48s), Accuracy: 75.000(23.959), Loss: 1.407(1.603), LR: 0.000020
[GPU cuda:0][TRAIN] Epoch: [1][1250/3100], Elapsed 6m 27s (remain 9m 33s), Accuracy: 25.000(24.221), Loss: 1.677(1.601), LR: 0.000021
[GPU cuda:0][TRAIN] Epoch: [1][1300/3100], Elapsed 6m 43s (remain 9m 17s), Accuracy: 0.000(24.654), Loss: 1.657(1.598), LR: 0.000021
[GPU cuda:0][TRAIN] Epoch: [1][1350/3100], Elapsed 6m 58s (remain 9m 2s), Accuracy: 50.000(24.963), Loss: 1.338(1.595), LR: 0.000022
[GPU cuda:0][TRAIN] Epoch: [1][1400/3100], Elapsed 7m 14s (remain 8m 46s), Accuracy: 50.000(25.178), Loss: 1.420(1.594), LR: 0.000022
[GPU cuda:0][TRAIN] Epoch: [1][1450/3100], Elapsed 7m 29s (remain 8m 31s), Accuracy: 75.000(25.724), Loss: 1.257(1.590), LR: 0.000023
[GPU cuda:0][TRAIN] Epoch: [1][1500/3100], Elapsed 7m 45s (remain 8m 15s), Accuracy: 75.000(25.949), Loss: 1.226(1.587), LR: 0.000024
[GPU cuda:0][TRAIN] Epoch: [1][1550/3100], Elapsed 8m 0s (remain 8m 0s), Accuracy: 75.000(26.289), Loss: 1.262(1.584), LR: 0.000024
[GPU cuda:0][TRAIN] Epoch: [1][1600/3100], Elapsed 8m 16s (remain 7m 44s), Accuracy: 50.000(26.936), Loss: 1.281(1.578), LR: 0.000025
[GPU cuda:0][TRAIN] Epoch: [1][1650/3100], Elapsed 8m 31s (remain 7m 29s), Accuracy: 50.000(27.135), Loss: 1.430(1.574), LR: 0.000025
[GPU cuda:0][TRAIN] Epoch: [1][1700/3100], Elapsed 8m 47s (remain 7m 13s), Accuracy: 25.000(27.513), Loss: 1.364(1.569), LR: 0.000026
[GPU cuda:0][TRAIN] Epoch: [1][1750/3100], Elapsed 9m 2s (remain 6m 58s), Accuracy: 25.000(27.798), Loss: 1.375(1.564), LR: 0.000027
[GPU cuda:0][TRAIN] Epoch: [1][1800/3100], Elapsed 9m 18s (remain 6m 42s), Accuracy: 50.000(28.415), Loss: 1.082(1.557), LR: 0.000028
[GPU cuda:0][TRAIN] Epoch: [1][1850/3100], Elapsed 9m 33s (remain 6m 27s), Accuracy: 25.000(28.674), Loss: 1.501(1.552), LR: 0.000028
[GPU cuda:0][TRAIN] Epoch: [1][1900/3100], Elapsed 9m 49s (remain 6m 11s), Accuracy: 50.000(29.103), Loss: 1.106(1.543), LR: 0.000029
[GPU cuda:0][TRAIN] Epoch: [1][1950/3100], Elapsed 10m 4s (remain 5m 56s), Accuracy: 75.000(29.498), Loss: 1.177(1.537), LR: 0.000030
[GPU cuda:0][TRAIN] Epoch: [1][2000/3100], Elapsed 10m 20s (remain 5m 40s), Accuracy: 50.000(29.948), Loss: 1.197(1.530), LR: 0.000031
[GPU cuda:0][TRAIN] Epoch: [1][2050/3100], Elapsed 10m 36s (remain 5m 25s), Accuracy: 75.000(30.607), Loss: 1.059(1.520), LR: 0.000032
[GPU cuda:0][TRAIN] Epoch: [1][2100/3100], Elapsed 10m 51s (remain 5m 9s), Accuracy: 25.000(30.997), Loss: 1.540(1.511), LR: 0.000032
[GPU cuda:0][TRAIN] Epoch: [1][2150/3100], Elapsed 11m 7s (remain 4m 54s), Accuracy: 50.000(31.543), Loss: 1.328(1.501), LR: 0.000033
[GPU cuda:0][TRAIN] Epoch: [1][2200/3100], Elapsed 11m 22s (remain 4m 38s), Accuracy: 25.000(31.929), Loss: 1.428(1.494), LR: 0.000034
[GPU cuda:0][TRAIN] Epoch: [1][2250/3100], Elapsed 11m 38s (remain 4m 23s), Accuracy: 50.000(32.419), Loss: 0.913(1.485), LR: 0.000035
[GPU cuda:0][TRAIN] Epoch: [1][2300/3100], Elapsed 11m 53s (remain 4m 7s), Accuracy: 25.000(32.899), Loss: 1.578(1.476), LR: 0.000036
[GPU cuda:0][TRAIN] Epoch: [1][2350/3100], Elapsed 12m 8s (remain 3m 52s), Accuracy: 50.000(33.284), Loss: 1.194(1.468), LR: 0.000037
[GPU cuda:0][TRAIN] Epoch: [1][2400/3100], Elapsed 12m 24s (remain 3m 36s), Accuracy: 0.000(33.549), Loss: 1.381(1.462), LR: 0.000038
[GPU cuda:0][TRAIN] Epoch: [1][2450/3100], Elapsed 12m 39s (remain 3m 21s), Accuracy: 25.000(33.894), Loss: 0.906(1.454), LR: 0.000039
[GPU cuda:0][TRAIN] Epoch: [1][2500/3100], Elapsed 12m 55s (remain 3m 5s), Accuracy: 25.000(34.386), Loss: 1.427(1.446), LR: 0.000040
[GPU cuda:0][TRAIN] Epoch: [1][2550/3100], Elapsed 13m 10s (remain 2m 50s), Accuracy: 75.000(34.692), Loss: 0.900(1.440), LR: 0.000041
[GPU cuda:0][TRAIN] Epoch: [1][2600/3100], Elapsed 13m 26s (remain 2m 34s), Accuracy: 75.000(35.208), Loss: 0.939(1.430), LR: 0.000042
[GPU cuda:0][TRAIN] Epoch: [1][2650/3100], Elapsed 13m 41s (remain 2m 19s), Accuracy: 0.000(35.553), Loss: 2.046(1.423), LR: 0.000043
[GPU cuda:0][TRAIN] Epoch: [1][2700/3100], Elapsed 13m 57s (remain 2m 3s), Accuracy: 75.000(36.024), Loss: 0.863(1.415), LR: 0.000044
[GPU cuda:0][TRAIN] Epoch: [1][2750/3100], Elapsed 14m 12s (remain 1m 48s), Accuracy: 50.000(36.450), Loss: 0.921(1.406), LR: 0.000045
[GPU cuda:0][TRAIN] Epoch: [1][2800/3100], Elapsed 14m 28s (remain 1m 32s), Accuracy: 25.000(36.755), Loss: 1.677(1.400), LR: 0.000046
[GPU cuda:0][TRAIN] Epoch: [1][2850/3100], Elapsed 14m 44s (remain 1m 17s), Accuracy: 50.000(37.075), Loss: 1.158(1.393), LR: 0.000047
[GPU cuda:0][TRAIN] Epoch: [1][2900/3100], Elapsed 14m 59s (remain 1m 1s), Accuracy: 75.000(37.375), Loss: 0.932(1.388), LR: 0.000049
[GPU cuda:0][TRAIN] Epoch: [1][2950/3100], Elapsed 15m 15s (remain 0m 46s), Accuracy: 50.000(37.725), Loss: 1.103(1.381), LR: 0.000050
[GPU cuda:0][TRAIN] Epoch: [1][3000/3100], Elapsed 15m 30s (remain 0m 30s), Accuracy: 25.000(38.137), Loss: 1.805(1.374), LR: 0.000051
[GPU cuda:0][TRAIN] Epoch: [1][3050/3100], Elapsed 15m 46s (remain 0m 15s), Accuracy: 50.000(38.561), Loss: 0.594(1.366), LR: 0.000052
[GPU cuda:0][TRAIN] Epoch: [1][3099/3100], Elapsed 16m 1s (remain 0m 0s), Accuracy: 25.000(38.879), Loss: 1.912(1.360), LR: 0.000053
[GPU cuda:0][VALID][0/388], Elapsed 0m 0s (remain 3m 24s), Accuracy: 62.500(62.500), Batch Loss: 0.7319, Average Loss: 0.7319
[GPU cuda:0][VALID][50/388], Elapsed 0m 12s (remain 1m 20s), Accuracy: 62.500(60.784), Batch Loss: 1.0635, Average Loss: 0.8951
[GPU cuda:0][VALID][100/388], Elapsed 0m 23s (remain 1m 7s), Accuracy: 37.500(59.777), Batch Loss: 1.2959, Average Loss: 0.9343
[GPU cuda:0][VALID][150/388], Elapsed 0m 35s (remain 0m 55s), Accuracy: 62.500(58.858), Batch Loss: 1.3185, Average Loss: 0.9609
[GPU cuda:0][VALID][200/388], Elapsed 0m 47s (remain 0m 43s), Accuracy: 75.000(58.085), Batch Loss: 0.5865, Average Loss: 0.9784
[GPU cuda:0][VALID][250/388], Elapsed 0m 58s (remain 0m 32s), Accuracy: 50.000(57.918), Batch Loss: 1.1214, Average Loss: 0.9766
[GPU cuda:0][VALID][300/388], Elapsed 1m 10s (remain 0m 20s), Accuracy: 37.500(57.849), Batch Loss: 1.1949, Average Loss: 0.9756
[GPU cuda:0][VALID][350/388], Elapsed 1m 22s (remain 0m 8s), Accuracy: 50.000(57.728), Batch Loss: 0.9951, Average Loss: 0.9812
[GPU cuda:0][VALID][387/388], Elapsed 1m 30s (remain 0m 0s), Accuracy: 25.000(57.700), Batch Loss: 1.3495, Average Loss: 0.9784
Valid Labels Samples: [2 0 1 4 1 0 3 1 4 3]
Valid Predictions Samples: [4, 0, 1, 4, 1, 0, 4, 2, 4, 0]
Epoch 1 - Train Average Loss: 38.879, Valid Average Loss: 57.700, Epoch Time: 1054.523s
Epoch 1 - Accuracy: 0.577, Precision: 0.605, Recall: 0.577
Saved Best Model: 0.58
[GPU cuda:0][TRAIN] Epoch: [2][0/3100], Elapsed 0m 0s (remain 36m 27s), Accuracy: 75.000(75.000), Loss: 0.937(0.937), LR: 0.000053
[GPU cuda:0][TRAIN] Epoch: [2][50/3100], Elapsed 0m 16s (remain 16m 10s), Accuracy: 50.000(55.882), Loss: 0.825(1.006), LR: 0.000055
[GPU cuda:0][TRAIN] Epoch: [2][100/3100], Elapsed 0m 31s (remain 15m 43s), Accuracy: 25.000(58.911), Loss: 1.161(0.926), LR: 0.000056
[GPU cuda:0][TRAIN] Epoch: [2][150/3100], Elapsed 0m 47s (remain 15m 23s), Accuracy: 75.000(59.437), Loss: 0.531(0.937), LR: 0.000057
[GPU cuda:0][TRAIN] Epoch: [2][200/3100], Elapsed 1m 2s (remain 15m 5s), Accuracy: 75.000(60.323), Loss: 0.495(0.938), LR: 0.000058
[GPU cuda:0][TRAIN] Epoch: [2][250/3100], Elapsed 1m 18s (remain 14m 48s), Accuracy: 25.000(58.865), Loss: 1.524(0.957), LR: 0.000060
[GPU cuda:0][TRAIN] Epoch: [2][300/3100], Elapsed 1m 33s (remain 14m 32s), Accuracy: 0.000(59.302), Loss: 1.512(0.956), LR: 0.000061
[GPU cuda:0][TRAIN] Epoch: [2][350/3100], Elapsed 1m 49s (remain 14m 16s), Accuracy: 50.000(60.043), Loss: 1.118(0.947), LR: 0.000062
[GPU cuda:0][TRAIN] Epoch: [2][400/3100], Elapsed 2m 4s (remain 14m 0s), Accuracy: 25.000(59.289), Loss: 1.108(0.953), LR: 0.000064
[GPU cuda:0][TRAIN] Epoch: [2][450/3100], Elapsed 2m 20s (remain 13m 44s), Accuracy: 75.000(59.534), Loss: 0.848(0.944), LR: 0.000065
[GPU cuda:0][TRAIN] Epoch: [2][500/3100], Elapsed 2m 35s (remain 13m 28s), Accuracy: 50.000(59.481), Loss: 0.949(0.948), LR: 0.000066
[GPU cuda:0][TRAIN] Epoch: [2][550/3100], Elapsed 2m 51s (remain 13m 13s), Accuracy: 25.000(60.073), Loss: 2.283(0.943), LR: 0.000068
[GPU cuda:0][TRAIN] Epoch: [2][600/3100], Elapsed 3m 6s (remain 12m 57s), Accuracy: 75.000(60.275), Loss: 0.803(0.940), LR: 0.000069
[GPU cuda:0][TRAIN] Epoch: [2][650/3100], Elapsed 3m 22s (remain 12m 41s), Accuracy: 75.000(60.522), Loss: 0.823(0.939), LR: 0.000070
[GPU cuda:0][TRAIN] Epoch: [2][700/3100], Elapsed 3m 38s (remain 12m 26s), Accuracy: 75.000(60.449), Loss: 0.729(0.938), LR: 0.000072
[GPU cuda:0][TRAIN] Epoch: [2][750/3100], Elapsed 3m 53s (remain 12m 10s), Accuracy: 100.000(60.885), Loss: 0.236(0.934), LR: 0.000073
[GPU cuda:0][TRAIN] Epoch: [2][800/3100], Elapsed 4m 8s (remain 11m 54s), Accuracy: 75.000(60.986), Loss: 0.855(0.931), LR: 0.000075
[GPU cuda:0][TRAIN] Epoch: [2][850/3100], Elapsed 4m 24s (remain 11m 38s), Accuracy: 100.000(61.251), Loss: 0.468(0.931), LR: 0.000076
[GPU cuda:0][TRAIN] Epoch: [2][900/3100], Elapsed 4m 39s (remain 11m 23s), Accuracy: 75.000(60.766), Loss: 0.848(0.936), LR: 0.000078
[GPU cuda:0][TRAIN] Epoch: [2][950/3100], Elapsed 4m 55s (remain 11m 7s), Accuracy: 75.000(60.910), Loss: 0.889(0.935), LR: 0.000079
[GPU cuda:0][TRAIN] Epoch: [2][1000/3100], Elapsed 5m 11s (remain 10m 52s), Accuracy: 100.000(61.139), Loss: 0.528(0.930), LR: 0.000081
[GPU cuda:0][TRAIN] Epoch: [2][1050/3100], Elapsed 5m 26s (remain 10m 36s), Accuracy: 100.000(61.370), Loss: 0.138(0.923), LR: 0.000082
[GPU cuda:0][TRAIN] Epoch: [2][1100/3100], Elapsed 5m 42s (remain 10m 21s), Accuracy: 25.000(61.807), Loss: 1.505(0.916), LR: 0.000084
[GPU cuda:0][TRAIN] Epoch: [2][1150/3100], Elapsed 5m 57s (remain 10m 5s), Accuracy: 75.000(61.838), Loss: 0.605(0.915), LR: 0.000085
[GPU cuda:0][TRAIN] Epoch: [2][1200/3100], Elapsed 6m 13s (remain 9m 49s), Accuracy: 100.000(62.011), Loss: 0.138(0.909), LR: 0.000087
[GPU cuda:0][TRAIN] Epoch: [2][1250/3100], Elapsed 6m 28s (remain 9m 34s), Accuracy: 25.000(61.751), Loss: 1.589(0.910), LR: 0.000088
[GPU cuda:0][TRAIN] Epoch: [2][1300/3100], Elapsed 6m 43s (remain 9m 18s), Accuracy: 50.000(61.779), Loss: 1.426(0.911), LR: 0.000090
[GPU cuda:0][TRAIN] Epoch: [2][1350/3100], Elapsed 6m 59s (remain 9m 3s), Accuracy: 100.000(62.028), Loss: 0.415(0.906), LR: 0.000092
[GPU cuda:0][TRAIN] Epoch: [2][1400/3100], Elapsed 7m 15s (remain 8m 47s), Accuracy: 75.000(62.009), Loss: 0.733(0.906), LR: 0.000093
[GPU cuda:0][TRAIN] Epoch: [2][1450/3100], Elapsed 7m 30s (remain 8m 32s), Accuracy: 75.000(62.061), Loss: 0.725(0.902), LR: 0.000095
[GPU cuda:0][TRAIN] Epoch: [2][1500/3100], Elapsed 7m 46s (remain 8m 16s), Accuracy: 75.000(62.092), Loss: 0.879(0.901), LR: 0.000096
[GPU cuda:0][TRAIN] Epoch: [2][1550/3100], Elapsed 8m 1s (remain 8m 1s), Accuracy: 75.000(62.041), Loss: 0.361(0.901), LR: 0.000098
[GPU cuda:0][TRAIN] Epoch: [2][1600/3100], Elapsed 8m 17s (remain 7m 45s), Accuracy: 100.000(62.211), Loss: 0.452(0.898), LR: 0.000100
[GPU cuda:0][TRAIN] Epoch: [2][1650/3100], Elapsed 8m 32s (remain 7m 29s), Accuracy: 75.000(62.174), Loss: 0.758(0.898), LR: 0.000101
[GPU cuda:0][TRAIN] Epoch: [2][1700/3100], Elapsed 8m 48s (remain 7m 14s), Accuracy: 50.000(62.346), Loss: 1.055(0.894), LR: 0.000103
[GPU cuda:0][TRAIN] Epoch: [2][1750/3100], Elapsed 9m 3s (remain 6m 58s), Accuracy: 75.000(62.307), Loss: 0.624(0.896), LR: 0.000105
[GPU cuda:0][TRAIN] Epoch: [2][1800/3100], Elapsed 9m 19s (remain 6m 43s), Accuracy: 100.000(62.438), Loss: 0.347(0.894), LR: 0.000106
[GPU cuda:0][TRAIN] Epoch: [2][1850/3100], Elapsed 9m 34s (remain 6m 27s), Accuracy: 50.000(62.129), Loss: 0.800(0.896), LR: 0.000108
[GPU cuda:0][TRAIN] Epoch: [2][1900/3100], Elapsed 9m 50s (remain 6m 12s), Accuracy: 50.000(62.401), Loss: 1.290(0.892), LR: 0.000110
[GPU cuda:0][TRAIN] Epoch: [2][1950/3100], Elapsed 10m 5s (remain 5m 56s), Accuracy: 100.000(62.481), Loss: 0.387(0.892), LR: 0.000111
[GPU cuda:0][TRAIN] Epoch: [2][2000/3100], Elapsed 10m 21s (remain 5m 41s), Accuracy: 100.000(62.506), Loss: 0.575(0.890), LR: 0.000113
[GPU cuda:0][TRAIN] Epoch: [2][2050/3100], Elapsed 10m 36s (remain 5m 25s), Accuracy: 75.000(62.567), Loss: 0.554(0.889), LR: 0.000115
[GPU cuda:0][TRAIN] Epoch: [2][2100/3100], Elapsed 10m 52s (remain 5m 10s), Accuracy: 50.000(62.554), Loss: 2.283(0.888), LR: 0.000117
[GPU cuda:0][TRAIN] Epoch: [2][2150/3100], Elapsed 11m 7s (remain 4m 54s), Accuracy: 50.000(62.785), Loss: 1.276(0.884), LR: 0.000118
[GPU cuda:0][TRAIN] Epoch: [2][2200/3100], Elapsed 11m 23s (remain 4m 39s), Accuracy: 25.000(62.687), Loss: 1.374(0.885), LR: 0.000120
[GPU cuda:0][TRAIN] Epoch: [2][2250/3100], Elapsed 11m 39s (remain 4m 23s), Accuracy: 50.000(62.728), Loss: 1.272(0.884), LR: 0.000122
[GPU cuda:0][TRAIN] Epoch: [2][2300/3100], Elapsed 11m 54s (remain 4m 8s), Accuracy: 0.000(62.810), Loss: 1.673(0.882), LR: 0.000124
[GPU cuda:0][TRAIN] Epoch: [2][2350/3100], Elapsed 12m 10s (remain 3m 52s), Accuracy: 75.000(62.867), Loss: 0.778(0.881), LR: 0.000125
[GPU cuda:0][TRAIN] Epoch: [2][2400/3100], Elapsed 12m 25s (remain 3m 37s), Accuracy: 25.000(62.797), Loss: 1.125(0.882), LR: 0.000127
[GPU cuda:0][TRAIN] Epoch: [2][2450/3100], Elapsed 12m 41s (remain 3m 21s), Accuracy: 50.000(62.750), Loss: 0.795(0.882), LR: 0.000129
[GPU cuda:0][TRAIN] Epoch: [2][2500/3100], Elapsed 12m 56s (remain 3m 6s), Accuracy: 25.000(62.895), Loss: 1.258(0.880), LR: 0.000131
[GPU cuda:0][TRAIN] Epoch: [2][2550/3100], Elapsed 13m 12s (remain 2m 50s), Accuracy: 50.000(62.809), Loss: 1.161(0.881), LR: 0.000133
[GPU cuda:0][TRAIN] Epoch: [2][2600/3100], Elapsed 13m 27s (remain 2m 34s), Accuracy: 50.000(62.918), Loss: 1.126(0.880), LR: 0.000134
[GPU cuda:0][TRAIN] Epoch: [2][2650/3100], Elapsed 13m 43s (remain 2m 19s), Accuracy: 50.000(62.967), Loss: 1.221(0.878), LR: 0.000136
[GPU cuda:0][TRAIN] Epoch: [2][2700/3100], Elapsed 13m 58s (remain 2m 3s), Accuracy: 75.000(63.097), Loss: 0.775(0.876), LR: 0.000138
[GPU cuda:0][TRAIN] Epoch: [2][2750/3100], Elapsed 14m 14s (remain 1m 48s), Accuracy: 50.000(63.141), Loss: 0.824(0.876), LR: 0.000140
[GPU cuda:0][TRAIN] Epoch: [2][2800/3100], Elapsed 14m 29s (remain 1m 32s), Accuracy: 25.000(63.192), Loss: 1.739(0.875), LR: 0.000142
[GPU cuda:0][TRAIN] Epoch: [2][2850/3100], Elapsed 14m 45s (remain 1m 17s), Accuracy: 75.000(63.267), Loss: 0.847(0.874), LR: 0.000144
[GPU cuda:0][TRAIN] Epoch: [2][2900/3100], Elapsed 15m 0s (remain 1m 1s), Accuracy: 75.000(63.280), Loss: 0.815(0.874), LR: 0.000145
[GPU cuda:0][TRAIN] Epoch: [2][2950/3100], Elapsed 15m 16s (remain 0m 46s), Accuracy: 75.000(63.309), Loss: 0.965(0.875), LR: 0.000147
[GPU cuda:0][TRAIN] Epoch: [2][3000/3100], Elapsed 15m 31s (remain 0m 30s), Accuracy: 25.000(63.321), Loss: 1.622(0.876), LR: 0.000149
[GPU cuda:0][TRAIN] Epoch: [2][3050/3100], Elapsed 15m 47s (remain 0m 15s), Accuracy: 75.000(63.397), Loss: 0.740(0.875), LR: 0.000151
[GPU cuda:0][TRAIN] Epoch: [2][3099/3100], Elapsed 16m 2s (remain 0m 0s), Accuracy: 25.000(63.460), Loss: 2.071(0.873), LR: 0.000153
[GPU cuda:0][VALID][0/388], Elapsed 0m 0s (remain 3m 25s), Accuracy: 87.500(87.500), Batch Loss: 0.4075, Average Loss: 0.4075
[GPU cuda:0][VALID][50/388], Elapsed 0m 12s (remain 1m 20s), Accuracy: 75.000(69.608), Batch Loss: 1.0432, Average Loss: 0.7096
[GPU cuda:0][VALID][100/388], Elapsed 0m 23s (remain 1m 7s), Accuracy: 62.500(69.678), Batch Loss: 0.9185, Average Loss: 0.7130
[GPU cuda:0][VALID][150/388], Elapsed 0m 35s (remain 0m 55s), Accuracy: 62.500(67.798), Batch Loss: 1.1733, Average Loss: 0.7457
[GPU cuda:0][VALID][200/388], Elapsed 0m 47s (remain 0m 43s), Accuracy: 87.500(68.035), Batch Loss: 0.3526, Average Loss: 0.7458
[GPU cuda:0][VALID][250/388], Elapsed 0m 58s (remain 0m 32s), Accuracy: 50.000(67.878), Batch Loss: 0.9432, Average Loss: 0.7575
[GPU cuda:0][VALID][300/388], Elapsed 1m 10s (remain 0m 20s), Accuracy: 50.000(67.650), Batch Loss: 0.9897, Average Loss: 0.7593
[GPU cuda:0][VALID][350/388], Elapsed 1m 22s (remain 0m 8s), Accuracy: 50.000(67.771), Batch Loss: 0.9723, Average Loss: 0.7559
[GPU cuda:0][VALID][387/388], Elapsed 1m 30s (remain 0m 0s), Accuracy: 75.000(67.751), Batch Loss: 0.9070, Average Loss: 0.7573
Valid Labels Samples: [2 0 1 4 1 0 3 1 4 3]
Valid Predictions Samples: [3, 0, 1, 4, 1, 0, 3, 1, 3, 0]
Epoch 2 - Train Average Loss: 63.460, Valid Average Loss: 67.751, Epoch Time: 1056.467s
Epoch 2 - Accuracy: 0.677, Precision: 0.693, Recall: 0.677
Saved Best Model: 0.68
[GPU cuda:0][TRAIN] Epoch: [3][0/3100], Elapsed 0m 0s (remain 35m 33s), Accuracy: 75.000(75.000), Loss: 1.138(1.138), LR: 0.000153
[GPU cuda:0][TRAIN] Epoch: [3][50/3100], Elapsed 0m 16s (remain 16m 12s), Accuracy: 75.000(66.176), Loss: 0.561(0.847), LR: 0.000155
[GPU cuda:0][TRAIN] Epoch: [3][100/3100], Elapsed 0m 31s (remain 15m 45s), Accuracy: 25.000(67.079), Loss: 1.679(0.793), LR: 0.000157
[GPU cuda:0][TRAIN] Epoch: [3][150/3100], Elapsed 0m 47s (remain 15m 24s), Accuracy: 75.000(65.066), Loss: 0.320(0.825), LR: 0.000158
[GPU cuda:0][TRAIN] Epoch: [3][200/3100], Elapsed 1m 2s (remain 15m 6s), Accuracy: 75.000(65.423), Loss: 0.616(0.840), LR: 0.000160
[GPU cuda:0][TRAIN] Epoch: [3][250/3100], Elapsed 1m 18s (remain 14m 49s), Accuracy: 25.000(64.542), Loss: 1.212(0.848), LR: 0.000162
[GPU cuda:0][TRAIN] Epoch: [3][300/3100], Elapsed 1m 33s (remain 14m 33s), Accuracy: 50.000(64.867), Loss: 1.097(0.842), LR: 0.000164
[GPU cuda:0][TRAIN] Epoch: [3][350/3100], Elapsed 1m 49s (remain 14m 17s), Accuracy: 50.000(65.313), Loss: 1.271(0.831), LR: 0.000166
[GPU cuda:0][TRAIN] Epoch: [3][400/3100], Elapsed 2m 4s (remain 14m 1s), Accuracy: 50.000(64.838), Loss: 0.909(0.847), LR: 0.000168
[GPU cuda:0][TRAIN] Epoch: [3][450/3100], Elapsed 2m 20s (remain 13m 45s), Accuracy: 100.000(65.188), Loss: 0.510(0.842), LR: 0.000170
[GPU cuda:0][TRAIN] Epoch: [3][500/3100], Elapsed 2m 35s (remain 13m 29s), Accuracy: 50.000(64.970), Loss: 0.955(0.846), LR: 0.000172
[GPU cuda:0][TRAIN] Epoch: [3][550/3100], Elapsed 2m 51s (remain 13m 13s), Accuracy: 0.000(64.610), Loss: 1.628(0.850), LR: 0.000174
[GPU cuda:0][TRAIN] Epoch: [3][600/3100], Elapsed 3m 6s (remain 12m 57s), Accuracy: 100.000(64.809), Loss: 0.440(0.844), LR: 0.000175
[GPU cuda:0][TRAIN] Epoch: [3][650/3100], Elapsed 3m 22s (remain 12m 41s), Accuracy: 75.000(64.977), Loss: 0.534(0.844), LR: 0.000177
[GPU cuda:0][TRAIN] Epoch: [3][700/3100], Elapsed 3m 37s (remain 12m 25s), Accuracy: 75.000(64.693), Loss: 0.995(0.853), LR: 0.000179
[GPU cuda:0][TRAIN] Epoch: [3][750/3100], Elapsed 3m 53s (remain 12m 9s), Accuracy: 100.000(65.080), Loss: 0.082(0.849), LR: 0.000181
[GPU cuda:0][TRAIN] Epoch: [3][800/3100], Elapsed 4m 8s (remain 11m 54s), Accuracy: 100.000(65.262), Loss: 0.526(0.847), LR: 0.000183
[GPU cuda:0][TRAIN] Epoch: [3][850/3100], Elapsed 4m 24s (remain 11m 38s), Accuracy: 100.000(65.012), Loss: 0.509(0.849), LR: 0.000185
[GPU cuda:0][TRAIN] Epoch: [3][900/3100], Elapsed 4m 39s (remain 11m 23s), Accuracy: 50.000(65.011), Loss: 0.765(0.851), LR: 0.000187
[GPU cuda:0][TRAIN] Epoch: [3][950/3100], Elapsed 4m 55s (remain 11m 7s), Accuracy: 75.000(64.984), Loss: 0.875(0.856), LR: 0.000189
[GPU cuda:0][TRAIN] Epoch: [3][1000/3100], Elapsed 5m 11s (remain 10m 52s), Accuracy: 75.000(65.260), Loss: 0.684(0.851), LR: 0.000191
[GPU cuda:0][TRAIN] Epoch: [3][1050/3100], Elapsed 5m 26s (remain 10m 36s), Accuracy: 100.000(65.580), Loss: 0.224(0.843), LR: 0.000192
[GPU cuda:0][TRAIN] Epoch: [3][1100/3100], Elapsed 5m 42s (remain 10m 21s), Accuracy: 50.000(65.872), Loss: 1.317(0.837), LR: 0.000194
[GPU cuda:0][TRAIN] Epoch: [3][1150/3100], Elapsed 5m 57s (remain 10m 5s), Accuracy: 25.000(65.747), Loss: 1.665(0.835), LR: 0.000196
[GPU cuda:0][TRAIN] Epoch: [3][1200/3100], Elapsed 6m 13s (remain 9m 49s), Accuracy: 100.000(65.633), Loss: 0.273(0.834), LR: 0.000198
[GPU cuda:0][TRAIN] Epoch: [3][1250/3100], Elapsed 6m 28s (remain 9m 34s), Accuracy: 75.000(65.368), Loss: 0.807(0.836), LR: 0.000200
[GPU cuda:0][TRAIN] Epoch: [3][1300/3100], Elapsed 6m 44s (remain 9m 18s), Accuracy: 50.000(65.430), Loss: 0.676(0.835), LR: 0.000202
[GPU cuda:0][TRAIN] Epoch: [3][1350/3100], Elapsed 6m 59s (remain 9m 3s), Accuracy: 100.000(65.711), Loss: 0.374(0.830), LR: 0.000204
[GPU cuda:0][TRAIN] Epoch: [3][1400/3100], Elapsed 7m 15s (remain 8m 47s), Accuracy: 25.000(65.614), Loss: 2.169(0.830), LR: 0.000206
[GPU cuda:0][TRAIN] Epoch: [3][1450/3100], Elapsed 7m 30s (remain 8m 32s), Accuracy: 50.000(65.834), Loss: 0.748(0.827), LR: 0.000207
[GPU cuda:0][TRAIN] Epoch: [3][1500/3100], Elapsed 7m 46s (remain 8m 16s), Accuracy: 75.000(65.806), Loss: 0.935(0.828), LR: 0.000209
[GPU cuda:0][TRAIN] Epoch: [3][1550/3100], Elapsed 8m 1s (remain 8m 1s), Accuracy: 100.000(65.748), Loss: 0.100(0.828), LR: 0.000211
[GPU cuda:0][TRAIN] Epoch: [3][1600/3100], Elapsed 8m 17s (remain 7m 45s), Accuracy: 100.000(65.771), Loss: 0.364(0.826), LR: 0.000213
[GPU cuda:0][TRAIN] Epoch: [3][1650/3100], Elapsed 8m 32s (remain 7m 30s), Accuracy: 100.000(65.824), Loss: 0.289(0.826), LR: 0.000215
[GPU cuda:0][TRAIN] Epoch: [3][1700/3100], Elapsed 8m 48s (remain 7m 14s), Accuracy: 50.000(65.902), Loss: 1.068(0.824), LR: 0.000217
[GPU cuda:0][TRAIN] Epoch: [3][1750/3100], Elapsed 9m 3s (remain 6m 58s), Accuracy: 75.000(65.919), Loss: 0.534(0.826), LR: 0.000219
[GPU cuda:0][TRAIN] Epoch: [3][1800/3100], Elapsed 9m 19s (remain 6m 43s), Accuracy: 100.000(66.033), Loss: 0.244(0.825), LR: 0.000220
[GPU cuda:0][TRAIN] Epoch: [3][1850/3100], Elapsed 9m 34s (remain 6m 27s), Accuracy: 50.000(65.910), Loss: 0.710(0.827), LR: 0.000222
[GPU cuda:0][TRAIN] Epoch: [3][1900/3100], Elapsed 9m 50s (remain 6m 12s), Accuracy: 50.000(66.084), Loss: 1.169(0.823), LR: 0.000224
[GPU cuda:0][TRAIN] Epoch: [3][1950/3100], Elapsed 10m 5s (remain 5m 56s), Accuracy: 100.000(66.005), Loss: 0.468(0.825), LR: 0.000226
[GPU cuda:0][TRAIN] Epoch: [3][2000/3100], Elapsed 10m 21s (remain 5m 41s), Accuracy: 100.000(66.017), Loss: 0.518(0.824), LR: 0.000228
[GPU cuda:0][TRAIN] Epoch: [3][2050/3100], Elapsed 10m 37s (remain 5m 25s), Accuracy: 50.000(66.017), Loss: 0.839(0.822), LR: 0.000230
[GPU cuda:0][TRAIN] Epoch: [3][2100/3100], Elapsed 10m 52s (remain 5m 10s), Accuracy: 50.000(65.969), Loss: 1.831(0.823), LR: 0.000231
[GPU cuda:0][TRAIN] Epoch: [3][2150/3100], Elapsed 11m 8s (remain 4m 54s), Accuracy: 50.000(66.062), Loss: 1.288(0.820), LR: 0.000233
[GPU cuda:0][TRAIN] Epoch: [3][2200/3100], Elapsed 11m 23s (remain 4m 39s), Accuracy: 25.000(65.879), Loss: 1.496(0.824), LR: 0.000235
[GPU cuda:0][TRAIN] Epoch: [3][2250/3100], Elapsed 11m 39s (remain 4m 23s), Accuracy: 50.000(65.826), Loss: 1.188(0.825), LR: 0.000237
[GPU cuda:0][TRAIN] Epoch: [3][2300/3100], Elapsed 11m 54s (remain 4m 8s), Accuracy: 50.000(65.797), Loss: 1.687(0.825), LR: 0.000239
[GPU cuda:0][TRAIN] Epoch: [3][2350/3100], Elapsed 12m 10s (remain 3m 52s), Accuracy: 50.000(65.717), Loss: 0.880(0.825), LR: 0.000240
[GPU cuda:0][TRAIN] Epoch: [3][2400/3100], Elapsed 12m 25s (remain 3m 37s), Accuracy: 25.000(65.629), Loss: 1.400(0.827), LR: 0.000242
[GPU cuda:0][TRAIN] Epoch: [3][2450/3100], Elapsed 12m 41s (remain 3m 21s), Accuracy: 50.000(65.555), Loss: 1.085(0.828), LR: 0.000244
[GPU cuda:0][TRAIN] Epoch: [3][2500/3100], Elapsed 12m 56s (remain 3m 5s), Accuracy: 75.000(65.664), Loss: 0.603(0.826), LR: 0.000246
[GPU cuda:0][TRAIN] Epoch: [3][2550/3100], Elapsed 13m 12s (remain 2m 50s), Accuracy: 25.000(65.621), Loss: 1.269(0.827), LR: 0.000247
[GPU cuda:0][TRAIN] Epoch: [3][2600/3100], Elapsed 13m 27s (remain 2m 34s), Accuracy: 50.000(65.792), Loss: 0.844(0.824), LR: 0.000249
[GPU cuda:0][TRAIN] Epoch: [3][2650/3100], Elapsed 13m 42s (remain 2m 19s), Accuracy: 50.000(65.777), Loss: 1.065(0.824), LR: 0.000251
[GPU cuda:0][TRAIN] Epoch: [3][2700/3100], Elapsed 13m 58s (remain 2m 3s), Accuracy: 75.000(65.846), Loss: 0.487(0.822), LR: 0.000253
[GPU cuda:0][TRAIN] Epoch: [3][2750/3100], Elapsed 14m 13s (remain 1m 48s), Accuracy: 75.000(65.867), Loss: 0.731(0.821), LR: 0.000254
[GPU cuda:0][TRAIN] Epoch: [3][2800/3100], Elapsed 14m 29s (remain 1m 32s), Accuracy: 25.000(65.816), Loss: 1.717(0.822), LR: 0.000256
[GPU cuda:0][TRAIN] Epoch: [3][2850/3100], Elapsed 14m 44s (remain 1m 17s), Accuracy: 75.000(65.872), Loss: 0.918(0.821), LR: 0.000258
[GPU cuda:0][TRAIN] Epoch: [3][2900/3100], Elapsed 15m 0s (remain 1m 1s), Accuracy: 75.000(65.900), Loss: 0.699(0.822), LR: 0.000259
[GPU cuda:0][TRAIN] Epoch: [3][2950/3100], Elapsed 15m 15s (remain 0m 46s), Accuracy: 75.000(65.995), Loss: 0.374(0.820), LR: 0.000261
[GPU cuda:0][TRAIN] Epoch: [3][3000/3100], Elapsed 15m 31s (remain 0m 30s), Accuracy: 50.000(66.095), Loss: 1.578(0.820), LR: 0.000263
[GPU cuda:0][TRAIN] Epoch: [3][3050/3100], Elapsed 15m 46s (remain 0m 15s), Accuracy: 50.000(66.118), Loss: 0.868(0.819), LR: 0.000264
[GPU cuda:0][TRAIN] Epoch: [3][3099/3100], Elapsed 16m 1s (remain 0m 0s), Accuracy: 50.000(66.153), Loss: 1.580(0.818), LR: 0.000266
[GPU cuda:0][VALID][0/388], Elapsed 0m 0s (remain 3m 22s), Accuracy: 87.500(87.500), Batch Loss: 0.6706, Average Loss: 0.6706
[GPU cuda:0][VALID][50/388], Elapsed 0m 12s (remain 1m 20s), Accuracy: 75.000(63.725), Batch Loss: 1.1467, Average Loss: 0.8007
[GPU cuda:0][VALID][100/388], Elapsed 0m 23s (remain 1m 7s), Accuracy: 50.000(64.356), Batch Loss: 1.0246, Average Loss: 0.7973
[GPU cuda:0][VALID][150/388], Elapsed 0m 35s (remain 0m 55s), Accuracy: 75.000(63.245), Batch Loss: 0.9214, Average Loss: 0.8312
[GPU cuda:0][VALID][200/388], Elapsed 0m 47s (remain 0m 43s), Accuracy: 100.000(62.749), Batch Loss: 0.4300, Average Loss: 0.8369
[GPU cuda:0][VALID][250/388], Elapsed 0m 58s (remain 0m 32s), Accuracy: 62.500(62.201), Batch Loss: 0.8426, Average Loss: 0.8426
[GPU cuda:0][VALID][300/388], Elapsed 1m 10s (remain 0m 20s), Accuracy: 25.000(62.002), Batch Loss: 1.2280, Average Loss: 0.8412
[GPU cuda:0][VALID][350/388], Elapsed 1m 22s (remain 0m 8s), Accuracy: 50.000(62.073), Batch Loss: 1.0696, Average Loss: 0.8411
[GPU cuda:0][VALID][387/388], Elapsed 1m 30s (remain 0m 0s), Accuracy: 50.000(62.146), Batch Loss: 0.9272, Average Loss: 0.8366
Valid Labels Samples: [2 0 1 4 1 0 3 1 4 3]
Valid Predictions Samples: [3, 0, 1, 4, 1, 0, 3, 1, 3, 0]
Epoch 3 - Train Average Loss: 66.153, Valid Average Loss: 62.146, Epoch Time: 1055.237s
Epoch 3 - Accuracy: 0.622, Precision: 0.656, Recall: 0.622
[GPU cuda:0][TRAIN] Epoch: [4][0/3100], Elapsed 0m 0s (remain 37m 35s), Accuracy: 75.000(75.000), Loss: 0.852(0.852), LR: 0.000266
[GPU cuda:0][TRAIN] Epoch: [4][50/3100], Elapsed 0m 16s (remain 16m 9s), Accuracy: 75.000(64.706), Loss: 0.331(0.768), LR: 0.000268
[GPU cuda:0][TRAIN] Epoch: [4][100/3100], Elapsed 0m 31s (remain 15m 42s), Accuracy: 25.000(67.079), Loss: 1.166(0.725), LR: 0.000269
[GPU cuda:0][TRAIN] Epoch: [4][150/3100], Elapsed 0m 47s (remain 15m 22s), Accuracy: 100.000(65.894), Loss: 0.098(0.761), LR: 0.000271
[GPU cuda:0][TRAIN] Epoch: [4][200/3100], Elapsed 1m 2s (remain 15m 4s), Accuracy: 100.000(66.791), Loss: 0.203(0.755), LR: 0.000273
[GPU cuda:0][TRAIN] Epoch: [4][250/3100], Elapsed 1m 18s (remain 14m 47s), Accuracy: 0.000(66.534), Loss: 1.221(0.770), LR: 0.000274
[GPU cuda:0][TRAIN] Epoch: [4][300/3100], Elapsed 1m 33s (remain 14m 31s), Accuracy: 50.000(66.694), Loss: 1.335(0.779), LR: 0.000276
[GPU cuda:0][TRAIN] Epoch: [4][350/3100], Elapsed 1m 49s (remain 14m 15s), Accuracy: 50.000(66.524), Loss: 1.384(0.773), LR: 0.000277
[GPU cuda:0][TRAIN] Epoch: [4][400/3100], Elapsed 2m 4s (remain 13m 59s), Accuracy: 50.000(65.337), Loss: 0.865(0.789), LR: 0.000279
[GPU cuda:0][TRAIN] Epoch: [4][450/3100], Elapsed 2m 20s (remain 13m 43s), Accuracy: 75.000(65.133), Loss: 0.508(0.791), LR: 0.000280
[GPU cuda:0][TRAIN] Epoch: [4][500/3100], Elapsed 2m 35s (remain 13m 27s), Accuracy: 75.000(65.170), Loss: 0.891(0.796), LR: 0.000282
[GPU cuda:0][TRAIN] Epoch: [4][550/3100], Elapsed 2m 51s (remain 13m 11s), Accuracy: 25.000(65.835), Loss: 1.646(0.791), LR: 0.000283
[GPU cuda:0][TRAIN] Epoch: [4][600/3100], Elapsed 3m 6s (remain 12m 56s), Accuracy: 100.000(66.140), Loss: 0.274(0.791), LR: 0.000285
[GPU cuda:0][TRAIN] Epoch: [4][650/3100], Elapsed 3m 22s (remain 12m 40s), Accuracy: 100.000(65.937), Loss: 0.211(0.796), LR: 0.000286
[GPU cuda:0][TRAIN] Epoch: [4][700/3100], Elapsed 3m 37s (remain 12m 24s), Accuracy: 75.000(65.228), Loss: 0.894(0.810), LR: 0.000288
[GPU cuda:0][TRAIN] Epoch: [4][750/3100], Elapsed 3m 53s (remain 12m 9s), Accuracy: 100.000(65.679), Loss: 0.104(0.808), LR: 0.000289
[GPU cuda:0][TRAIN] Epoch: [4][800/3100], Elapsed 4m 8s (remain 11m 53s), Accuracy: 100.000(65.637), Loss: 0.655(0.809), LR: 0.000291
[GPU cuda:0][TRAIN] Epoch: [4][850/3100], Elapsed 4m 24s (remain 11m 37s), Accuracy: 100.000(65.629), Loss: 0.479(0.811), LR: 0.000292
[GPU cuda:0][TRAIN] Epoch: [4][900/3100], Elapsed 4m 39s (remain 11m 22s), Accuracy: 75.000(65.483), Loss: 0.701(0.815), LR: 0.000294
[GPU cuda:0][TRAIN] Epoch: [4][950/3100], Elapsed 4m 55s (remain 11m 6s), Accuracy: 100.000(65.747), Loss: 0.420(0.811), LR: 0.000295
[GPU cuda:0][TRAIN] Epoch: [4][1000/3100], Elapsed 5m 10s (remain 10m 51s), Accuracy: 100.000(66.059), Loss: 0.414(0.808), LR: 0.000296
[GPU cuda:0][TRAIN] Epoch: [4][1050/3100], Elapsed 5m 26s (remain 10m 35s), Accuracy: 75.000(65.794), Loss: 0.337(0.815), LR: 0.000298
[GPU cuda:0][TRAIN] Epoch: [4][1100/3100], Elapsed 5m 41s (remain 10m 19s), Accuracy: 50.000(65.940), Loss: 1.364(0.811), LR: 0.000299
[GPU cuda:0][TRAIN] Epoch: [4][1150/3100], Elapsed 5m 56s (remain 10m 4s), Accuracy: 50.000(66.030), Loss: 0.709(0.809), LR: 0.000301
[GPU cuda:0][TRAIN] Epoch: [4][1200/3100], Elapsed 6m 12s (remain 9m 48s), Accuracy: 75.000(66.091), Loss: 0.511(0.807), LR: 0.000302
[GPU cuda:0][TRAIN] Epoch: [4][1250/3100], Elapsed 6m 27s (remain 9m 33s), Accuracy: 50.000(65.847), Loss: 1.079(0.812), LR: 0.000303
[GPU cuda:0][TRAIN] Epoch: [4][1300/3100], Elapsed 6m 43s (remain 9m 17s), Accuracy: 100.000(66.065), Loss: 0.320(0.810), LR: 0.000304
[GPU cuda:0][TRAIN] Epoch: [4][1350/3100], Elapsed 6m 58s (remain 9m 2s), Accuracy: 75.000(66.229), Loss: 0.623(0.806), LR: 0.000306
[GPU cuda:0][TRAIN] Epoch: [4][1400/3100], Elapsed 7m 14s (remain 8m 46s), Accuracy: 75.000(66.292), Loss: 0.534(0.805), LR: 0.000307
[GPU cuda:0][TRAIN] Epoch: [4][1450/3100], Elapsed 7m 29s (remain 8m 31s), Accuracy: 75.000(66.489), Loss: 0.718(0.801), LR: 0.000308
[GPU cuda:0][TRAIN] Epoch: [4][1500/3100], Elapsed 7m 45s (remain 8m 15s), Accuracy: 75.000(66.755), Loss: 0.889(0.799), LR: 0.000310
[GPU cuda:0][TRAIN] Epoch: [4][1550/3100], Elapsed 8m 0s (remain 8m 0s), Accuracy: 100.000(66.812), Loss: 0.111(0.798), LR: 0.000311
[GPU cuda:0][TRAIN] Epoch: [4][1600/3100], Elapsed 8m 16s (remain 7m 44s), Accuracy: 100.000(66.896), Loss: 0.342(0.798), LR: 0.000312
[GPU cuda:0][TRAIN] Epoch: [4][1650/3100], Elapsed 8m 31s (remain 7m 29s), Accuracy: 50.000(67.065), Loss: 0.659(0.795), LR: 0.000313
[GPU cuda:0][TRAIN] Epoch: [4][1700/3100], Elapsed 8m 47s (remain 7m 13s), Accuracy: 75.000(67.093), Loss: 1.214(0.795), LR: 0.000314
[GPU cuda:0][TRAIN] Epoch: [4][1750/3100], Elapsed 9m 2s (remain 6m 58s), Accuracy: 100.000(66.976), Loss: 0.317(0.798), LR: 0.000315
[GPU cuda:0][TRAIN] Epoch: [4][1800/3100], Elapsed 9m 18s (remain 6m 42s), Accuracy: 100.000(67.060), Loss: 0.262(0.795), LR: 0.000317
[GPU cuda:0][TRAIN] Epoch: [4][1850/3100], Elapsed 9m 33s (remain 6m 27s), Accuracy: 75.000(66.910), Loss: 0.545(0.798), LR: 0.000318
[GPU cuda:0][TRAIN] Epoch: [4][1900/3100], Elapsed 9m 49s (remain 6m 11s), Accuracy: 50.000(66.965), Loss: 1.145(0.797), LR: 0.000319
[GPU cuda:0][TRAIN] Epoch: [4][1950/3100], Elapsed 10m 4s (remain 5m 56s), Accuracy: 100.000(66.850), Loss: 0.389(0.797), LR: 0.000320
[GPU cuda:0][TRAIN] Epoch: [4][2000/3100], Elapsed 10m 20s (remain 5m 40s), Accuracy: 75.000(66.954), Loss: 0.484(0.796), LR: 0.000321
[GPU cuda:0][TRAIN] Epoch: [4][2050/3100], Elapsed 10m 35s (remain 5m 25s), Accuracy: 75.000(67.187), Loss: 0.552(0.792), LR: 0.000322
[GPU cuda:0][TRAIN] Epoch: [4][2100/3100], Elapsed 10m 51s (remain 5m 9s), Accuracy: 50.000(67.218), Loss: 1.647(0.792), LR: 0.000323
[GPU cuda:0][TRAIN] Epoch: [4][2150/3100], Elapsed 11m 6s (remain 4m 54s), Accuracy: 50.000(67.329), Loss: 1.089(0.791), LR: 0.000324
[GPU cuda:0][TRAIN] Epoch: [4][2200/3100], Elapsed 11m 22s (remain 4m 38s), Accuracy: 25.000(67.276), Loss: 1.295(0.792), LR: 0.000325
[GPU cuda:0][TRAIN] Epoch: [4][2250/3100], Elapsed 11m 37s (remain 4m 23s), Accuracy: 75.000(67.403), Loss: 1.140(0.789), LR: 0.000326
[GPU cuda:0][TRAIN] Epoch: [4][2300/3100], Elapsed 11m 53s (remain 4m 7s), Accuracy: 25.000(67.395), Loss: 2.668(0.788), LR: 0.000327
[GPU cuda:0][TRAIN] Epoch: [4][2350/3100], Elapsed 12m 8s (remain 3m 52s), Accuracy: 50.000(67.407), Loss: 0.766(0.788), LR: 0.000328
[GPU cuda:0][TRAIN] Epoch: [4][2400/3100], Elapsed 12m 24s (remain 3m 36s), Accuracy: 50.000(67.264), Loss: 1.002(0.791), LR: 0.000329
[GPU cuda:0][TRAIN] Epoch: [4][2450/3100], Elapsed 12m 39s (remain 3m 21s), Accuracy: 50.000(67.238), Loss: 0.694(0.791), LR: 0.000330
[GPU cuda:0][TRAIN] Epoch: [4][2500/3100], Elapsed 12m 55s (remain 3m 5s), Accuracy: 50.000(67.313), Loss: 1.031(0.790), LR: 0.000331
[GPU cuda:0][TRAIN] Epoch: [4][2550/3100], Elapsed 13m 10s (remain 2m 50s), Accuracy: 50.000(67.238), Loss: 1.150(0.791), LR: 0.000332
[GPU cuda:0][TRAIN] Epoch: [4][2600/3100], Elapsed 13m 26s (remain 2m 34s), Accuracy: 50.000(67.388), Loss: 0.704(0.788), LR: 0.000332
[GPU cuda:0][TRAIN] Epoch: [4][2650/3100], Elapsed 13m 41s (remain 2m 19s), Accuracy: 25.000(67.446), Loss: 1.202(0.786), LR: 0.000333
[GPU cuda:0][TRAIN] Epoch: [4][2700/3100], Elapsed 13m 57s (remain 2m 3s), Accuracy: 75.000(67.512), Loss: 1.864(0.785), LR: 0.000334
[GPU cuda:0][TRAIN] Epoch: [4][2750/3100], Elapsed 14m 12s (remain 1m 48s), Accuracy: 50.000(67.457), Loss: 0.866(0.786), LR: 0.000335
[GPU cuda:0][TRAIN] Epoch: [4][2800/3100], Elapsed 14m 28s (remain 1m 32s), Accuracy: 25.000(67.494), Loss: 1.380(0.786), LR: 0.000336
[GPU cuda:0][TRAIN] Epoch: [4][2850/3100], Elapsed 14m 43s (remain 1m 17s), Accuracy: 75.000(67.538), Loss: 0.818(0.784), LR: 0.000336
[GPU cuda:0][TRAIN] Epoch: [4][2900/3100], Elapsed 14m 59s (remain 1m 1s), Accuracy: 100.000(67.554), Loss: 0.557(0.785), LR: 0.000337
[GPU cuda:0][TRAIN] Epoch: [4][2950/3100], Elapsed 15m 14s (remain 0m 46s), Accuracy: 100.000(67.689), Loss: 0.322(0.784), LR: 0.000338
[GPU cuda:0][TRAIN] Epoch: [4][3000/3100], Elapsed 15m 30s (remain 0m 30s), Accuracy: 50.000(67.769), Loss: 1.608(0.784), LR: 0.000339
[GPU cuda:0][TRAIN] Epoch: [4][3050/3100], Elapsed 15m 45s (remain 0m 15s), Accuracy: 75.000(67.871), Loss: 0.663(0.782), LR: 0.000339
[GPU cuda:0][TRAIN] Epoch: [4][3099/3100], Elapsed 16m 1s (remain 0m 0s), Accuracy: 25.000(67.911), Loss: 2.784(0.782), LR: 0.000340
[GPU cuda:0][VALID][0/388], Elapsed 0m 0s (remain 3m 23s), Accuracy: 87.500(87.500), Batch Loss: 0.4697, Average Loss: 0.4697
[GPU cuda:0][VALID][50/388], Elapsed 0m 12s (remain 1m 20s), Accuracy: 62.500(71.569), Batch Loss: 0.9664, Average Loss: 0.6832
[GPU cuda:0][VALID][100/388], Elapsed 0m 23s (remain 1m 7s), Accuracy: 50.000(71.411), Batch Loss: 0.6876, Average Loss: 0.6972
[GPU cuda:0][VALID][150/388], Elapsed 0m 35s (remain 0m 55s), Accuracy: 75.000(69.536), Batch Loss: 0.7610, Average Loss: 0.7326
[GPU cuda:0][VALID][200/388], Elapsed 0m 47s (remain 0m 43s), Accuracy: 75.000(69.900), Batch Loss: 0.5770, Average Loss: 0.7296
[GPU cuda:0][VALID][250/388], Elapsed 0m 58s (remain 0m 32s), Accuracy: 62.500(69.273), Batch Loss: 0.8247, Average Loss: 0.7410
[GPU cuda:0][VALID][300/388], Elapsed 1m 10s (remain 0m 20s), Accuracy: 50.000(69.228), Batch Loss: 0.9528, Average Loss: 0.7381
[GPU cuda:0][VALID][350/388], Elapsed 1m 22s (remain 0m 8s), Accuracy: 62.500(69.444), Batch Loss: 0.8712, Average Loss: 0.7376
[GPU cuda:0][VALID][387/388], Elapsed 1m 30s (remain 0m 0s), Accuracy: 75.000(69.716), Batch Loss: 0.9357, Average Loss: 0.7334
Valid Labels Samples: [2 0 1 4 1 0 3 1 4 3]
Valid Predictions Samples: [2, 0, 0, 4, 1, 0, 3, 1, 3, 0]
Epoch 4 - Train Average Loss: 67.911, Valid Average Loss: 69.716, Epoch Time: 1054.771s
Epoch 4 - Accuracy: 0.697, Precision: 0.696, Recall: 0.697
Saved Best Model: 0.70
[GPU cuda:0][TRAIN] Epoch: [5][0/3100], Elapsed 0m 0s (remain 36m 17s), Accuracy: 75.000(75.000), Loss: 0.846(0.846), LR: 0.000340
[GPU cuda:0][TRAIN] Epoch: [5][50/3100], Elapsed 0m 16s (remain 16m 8s), Accuracy: 50.000(71.078), Loss: 0.843(0.680), LR: 0.000341
[GPU cuda:0][TRAIN] Epoch: [5][100/3100], Elapsed 0m 31s (remain 15m 41s), Accuracy: 25.000(71.040), Loss: 1.576(0.698), LR: 0.000341
[GPU cuda:0][TRAIN] Epoch: [5][150/3100], Elapsed 0m 47s (remain 15m 21s), Accuracy: 100.000(70.695), Loss: 0.024(0.697), LR: 0.000342
[GPU cuda:0][TRAIN] Epoch: [5][200/3100], Elapsed 1m 2s (remain 15m 4s), Accuracy: 100.000(71.020), Loss: 0.169(0.696), LR: 0.000342
[GPU cuda:0][TRAIN] Epoch: [5][250/3100], Elapsed 1m 18s (remain 14m 47s), Accuracy: 25.000(70.219), Loss: 1.036(0.715), LR: 0.000343
[GPU cuda:0][TRAIN] Epoch: [5][300/3100], Elapsed 1m 33s (remain 14m 31s), Accuracy: 75.000(70.349), Loss: 0.691(0.717), LR: 0.000343
[GPU cuda:0][TRAIN] Epoch: [5][350/3100], Elapsed 1m 49s (remain 14m 14s), Accuracy: 75.000(70.299), Loss: 1.181(0.724), LR: 0.000344
[GPU cuda:0][TRAIN] Epoch: [5][400/3100], Elapsed 2m 4s (remain 13m 59s), Accuracy: 50.000(69.451), Loss: 0.968(0.744), LR: 0.000344
[GPU cuda:0][TRAIN] Epoch: [5][450/3100], Elapsed 2m 20s (remain 13m 43s), Accuracy: 75.000(69.512), Loss: 0.495(0.743), LR: 0.000345
[GPU cuda:0][TRAIN] Epoch: [5][500/3100], Elapsed 2m 35s (remain 13m 27s), Accuracy: 75.000(69.261), Loss: 0.752(0.747), LR: 0.000345
[GPU cuda:0][TRAIN] Epoch: [5][550/3100], Elapsed 2m 51s (remain 13m 11s), Accuracy: 25.000(69.782), Loss: 1.289(0.740), LR: 0.000346
[GPU cuda:0][TRAIN] Epoch: [5][600/3100], Elapsed 3m 6s (remain 12m 55s), Accuracy: 75.000(70.258), Loss: 0.576(0.733), LR: 0.000346
[GPU cuda:0][TRAIN] Epoch: [5][650/3100], Elapsed 3m 22s (remain 12m 40s), Accuracy: 100.000(69.931), Loss: 0.055(0.738), LR: 0.000347
[GPU cuda:0][TRAIN] Epoch: [5][700/3100], Elapsed 3m 37s (remain 12m 24s), Accuracy: 100.000(69.508), Loss: 0.520(0.746), LR: 0.000347
[GPU cuda:0][TRAIN] Epoch: [5][750/3100], Elapsed 3m 53s (remain 12m 9s), Accuracy: 100.000(69.441), Loss: 0.065(0.749), LR: 0.000347
[GPU cuda:0][TRAIN] Epoch: [5][800/3100], Elapsed 4m 8s (remain 11m 53s), Accuracy: 100.000(69.132), Loss: 0.392(0.754), LR: 0.000348
[GPU cuda:0][TRAIN] Epoch: [5][850/3100], Elapsed 4m 24s (remain 11m 38s), Accuracy: 50.000(68.948), Loss: 0.825(0.755), LR: 0.000348
[GPU cuda:0][TRAIN] Epoch: [5][900/3100], Elapsed 4m 39s (remain 11m 22s), Accuracy: 75.000(68.785), Loss: 0.625(0.757), LR: 0.000348
[GPU cuda:0][TRAIN] Epoch: [5][950/3100], Elapsed 4m 55s (remain 11m 6s), Accuracy: 100.000(68.954), Loss: 0.612(0.756), LR: 0.000348
[GPU cuda:0][TRAIN] Epoch: [5][1000/3100], Elapsed 5m 10s (remain 10m 51s), Accuracy: 75.000(69.131), Loss: 0.461(0.751), LR: 0.000349
[GPU cuda:0][TRAIN] Epoch: [5][1050/3100], Elapsed 5m 26s (remain 10m 35s), Accuracy: 100.000(69.339), Loss: 0.137(0.746), LR: 0.000349
[GPU cuda:0][TRAIN] Epoch: [5][1100/3100], Elapsed 5m 41s (remain 10m 20s), Accuracy: 50.000(69.460), Loss: 1.296(0.745), LR: 0.000349
[GPU cuda:0][TRAIN] Epoch: [5][1150/3100], Elapsed 5m 57s (remain 10m 4s), Accuracy: 75.000(69.396), Loss: 0.515(0.746), LR: 0.000349
[GPU cuda:0][TRAIN] Epoch: [5][1200/3100], Elapsed 6m 12s (remain 9m 49s), Accuracy: 100.000(69.463), Loss: 0.318(0.745), LR: 0.000349
[GPU cuda:0][TRAIN] Epoch: [5][1250/3100], Elapsed 6m 28s (remain 9m 33s), Accuracy: 50.000(69.285), Loss: 1.619(0.747), LR: 0.000350
[GPU cuda:0][TRAIN] Epoch: [5][1300/3100], Elapsed 6m 43s (remain 9m 18s), Accuracy: 100.000(69.120), Loss: 0.328(0.750), LR: 0.000350
[GPU cuda:0][TRAIN] Epoch: [5][1350/3100], Elapsed 6m 59s (remain 9m 2s), Accuracy: 100.000(69.393), Loss: 0.215(0.744), LR: 0.000350
[GPU cuda:0][TRAIN] Epoch: [5][1400/3100], Elapsed 7m 14s (remain 8m 47s), Accuracy: 50.000(69.290), Loss: 1.856(0.745), LR: 0.000350
[GPU cuda:0][TRAIN] Epoch: [5][1450/3100], Elapsed 7m 30s (remain 8m 31s), Accuracy: 75.000(69.452), Loss: 0.565(0.741), LR: 0.000350
[GPU cuda:0][TRAIN] Epoch: [5][1500/3100], Elapsed 7m 45s (remain 8m 16s), Accuracy: 100.000(69.520), Loss: 0.559(0.741), LR: 0.000350
[GPU cuda:0][TRAIN] Epoch: [5][1550/3100], Elapsed 8m 1s (remain 8m 0s), Accuracy: 100.000(69.455), Loss: 0.088(0.739), LR: 0.000350
[GPU cuda:0][TRAIN] Epoch: [5][1600/3100], Elapsed 8m 16s (remain 7m 44s), Accuracy: 100.000(69.535), Loss: 0.321(0.738), LR: 0.000350
[GPU cuda:0][TRAIN] Epoch: [5][1650/3100], Elapsed 8m 32s (remain 7m 29s), Accuracy: 100.000(69.685), Loss: 0.181(0.737), LR: 0.000350
[GPU cuda:0][TRAIN] Epoch: [5][1700/3100], Elapsed 8m 47s (remain 7m 13s), Accuracy: 50.000(69.841), Loss: 1.436(0.734), LR: 0.000350
[GPU cuda:0][TRAIN] Epoch: [5][1750/3100], Elapsed 9m 3s (remain 6m 58s), Accuracy: 100.000(69.832), Loss: 0.170(0.736), LR: 0.000350
[GPU cuda:0][TRAIN] Epoch: [5][1800/3100], Elapsed 9m 18s (remain 6m 42s), Accuracy: 100.000(69.822), Loss: 0.170(0.736), LR: 0.000350
[GPU cuda:0][TRAIN] Epoch: [5][1850/3100], Elapsed 9m 34s (remain 6m 27s), Accuracy: 75.000(69.760), Loss: 0.454(0.736), LR: 0.000350
[GPU cuda:0][TRAIN] Epoch: [5][1900/3100], Elapsed 9m 49s (remain 6m 11s), Accuracy: 50.000(69.937), Loss: 1.283(0.733), LR: 0.000350
[GPU cuda:0][TRAIN] Epoch: [5][1950/3100], Elapsed 10m 5s (remain 5m 56s), Accuracy: 100.000(69.964), Loss: 0.458(0.733), LR: 0.000350
[GPU cuda:0][TRAIN] Epoch: [5][2000/3100], Elapsed 10m 20s (remain 5m 40s), Accuracy: 100.000(70.040), Loss: 0.531(0.733), LR: 0.000350
[GPU cuda:0][TRAIN] Epoch: [5][2050/3100], Elapsed 10m 36s (remain 5m 25s), Accuracy: 75.000(69.978), Loss: 0.443(0.732), LR: 0.000350
[GPU cuda:0][TRAIN] Epoch: [5][2100/3100], Elapsed 10m 51s (remain 5m 9s), Accuracy: 75.000(69.943), Loss: 1.659(0.733), LR: 0.000350
[GPU cuda:0][TRAIN] Epoch: [5][2150/3100], Elapsed 11m 7s (remain 4m 54s), Accuracy: 50.000(70.060), Loss: 1.118(0.732), LR: 0.000350
[GPU cuda:0][TRAIN] Epoch: [5][2200/3100], Elapsed 11m 22s (remain 4m 38s), Accuracy: 25.000(69.980), Loss: 1.725(0.734), LR: 0.000350
[GPU cuda:0][TRAIN] Epoch: [5][2250/3100], Elapsed 11m 38s (remain 4m 23s), Accuracy: 50.000(70.069), Loss: 0.782(0.732), LR: 0.000350
[GPU cuda:0][TRAIN] Epoch: [5][2300/3100], Elapsed 11m 53s (remain 4m 7s), Accuracy: 25.000(69.980), Loss: 1.333(0.732), LR: 0.000350
[GPU cuda:0][TRAIN] Epoch: [5][2350/3100], Elapsed 12m 9s (remain 3m 52s), Accuracy: 50.000(69.864), Loss: 1.360(0.734), LR: 0.000349
[GPU cuda:0][TRAIN] Epoch: [5][2400/3100], Elapsed 12m 24s (remain 3m 36s), Accuracy: 25.000(69.742), Loss: 1.557(0.737), LR: 0.000349
[GPU cuda:0][TRAIN] Epoch: [5][2450/3100], Elapsed 12m 40s (remain 3m 21s), Accuracy: 75.000(69.727), Loss: 0.619(0.737), LR: 0.000349
[GPU cuda:0][TRAIN] Epoch: [5][2500/3100], Elapsed 12m 55s (remain 3m 5s), Accuracy: 75.000(69.872), Loss: 0.782(0.735), LR: 0.000349
[GPU cuda:0][TRAIN] Epoch: [5][2550/3100], Elapsed 13m 11s (remain 2m 50s), Accuracy: 50.000(69.796), Loss: 1.210(0.737), LR: 0.000349
[GPU cuda:0][TRAIN] Epoch: [5][2600/3100], Elapsed 13m 26s (remain 2m 34s), Accuracy: 50.000(69.925), Loss: 0.664(0.734), LR: 0.000349
[GPU cuda:0][TRAIN] Epoch: [5][2650/3100], Elapsed 13m 42s (remain 2m 19s), Accuracy: 50.000(69.983), Loss: 0.978(0.733), LR: 0.000349
[GPU cuda:0][TRAIN] Epoch: [5][2700/3100], Elapsed 13m 57s (remain 2m 3s), Accuracy: 100.000(70.085), Loss: 0.401(0.730), LR: 0.000349
[GPU cuda:0][TRAIN] Epoch: [5][2750/3100], Elapsed 14m 13s (remain 1m 48s), Accuracy: 50.000(70.174), Loss: 0.839(0.729), LR: 0.000349
[GPU cuda:0][TRAIN] Epoch: [5][2800/3100], Elapsed 14m 28s (remain 1m 32s), Accuracy: 0.000(70.100), Loss: 1.937(0.730), LR: 0.000349
[GPU cuda:0][TRAIN] Epoch: [5][2850/3100], Elapsed 14m 44s (remain 1m 17s), Accuracy: 75.000(70.203), Loss: 0.698(0.728), LR: 0.000349
[GPU cuda:0][TRAIN] Epoch: [5][2900/3100], Elapsed 14m 59s (remain 1m 1s), Accuracy: 100.000(70.217), Loss: 0.488(0.729), LR: 0.000349
[GPU cuda:0][TRAIN] Epoch: [5][2950/3100], Elapsed 15m 15s (remain 0m 46s), Accuracy: 75.000(70.290), Loss: 0.370(0.727), LR: 0.000348
[GPU cuda:0][TRAIN] Epoch: [5][3000/3100], Elapsed 15m 30s (remain 0m 30s), Accuracy: 50.000(70.368), Loss: 1.127(0.726), LR: 0.000348
[GPU cuda:0][TRAIN] Epoch: [5][3050/3100], Elapsed 15m 46s (remain 0m 15s), Accuracy: 100.000(70.436), Loss: 0.456(0.724), LR: 0.000348
[GPU cuda:0][TRAIN] Epoch: [5][3099/3100], Elapsed 16m 1s (remain 0m 0s), Accuracy: 25.000(70.427), Loss: 1.306(0.724), LR: 0.000348
[GPU cuda:0][VALID][0/388], Elapsed 0m 0s (remain 3m 25s), Accuracy: 87.500(87.500), Batch Loss: 0.3945, Average Loss: 0.3945
[GPU cuda:0][VALID][50/388], Elapsed 0m 12s (remain 1m 20s), Accuracy: 75.000(68.873), Batch Loss: 0.9327, Average Loss: 0.7453
[GPU cuda:0][VALID][100/388], Elapsed 0m 23s (remain 1m 7s), Accuracy: 62.500(66.832), Batch Loss: 0.8801, Average Loss: 0.7903
[GPU cuda:0][VALID][150/388], Elapsed 0m 35s (remain 0m 55s), Accuracy: 75.000(65.894), Batch Loss: 0.9086, Average Loss: 0.8108
[GPU cuda:0][VALID][200/388], Elapsed 0m 47s (remain 0m 43s), Accuracy: 75.000(65.485), Batch Loss: 0.5303, Average Loss: 0.8129
[GPU cuda:0][VALID][250/388], Elapsed 0m 58s (remain 0m 32s), Accuracy: 37.500(64.990), Batch Loss: 1.0686, Average Loss: 0.8206
[GPU cuda:0][VALID][300/388], Elapsed 1m 10s (remain 0m 20s), Accuracy: 50.000(65.449), Batch Loss: 1.0408, Average Loss: 0.8168
[GPU cuda:0][VALID][350/388], Elapsed 1m 22s (remain 0m 8s), Accuracy: 50.000(65.385), Batch Loss: 1.0300, Average Loss: 0.8210
[GPU cuda:0][VALID][387/388], Elapsed 1m 30s (remain 0m 0s), Accuracy: 50.000(65.464), Batch Loss: 0.9171, Average Loss: 0.8205
Valid Labels Samples: [2 0 1 4 1 0 3 1 4 3]
Valid Predictions Samples: [2, 0, 1, 4, 1, 1, 3, 1, 3, 0]
Epoch 5 - Train Average Loss: 70.427, Valid Average Loss: 65.464, Epoch Time: 1055.042s
Epoch 5 - Accuracy: 0.655, Precision: 0.682, Recall: 0.655
[GPU cuda:0][TRAIN] Epoch: [6][0/3100], Elapsed 0m 0s (remain 36m 15s), Accuracy: 75.000(75.000), Loss: 0.599(0.599), LR: 0.000348
[GPU cuda:0][TRAIN] Epoch: [6][50/3100], Elapsed 0m 16s (remain 16m 11s), Accuracy: 75.000(75.000), Loss: 0.420(0.595), LR: 0.000348
[GPU cuda:0][TRAIN] Epoch: [6][100/3100], Elapsed 0m 31s (remain 15m 42s), Accuracy: 50.000(74.010), Loss: 1.288(0.641), LR: 0.000348
[GPU cuda:0][TRAIN] Epoch: [6][150/3100], Elapsed 0m 47s (remain 15m 22s), Accuracy: 100.000(71.689), Loss: 0.063(0.673), LR: 0.000348
[GPU cuda:0][TRAIN] Epoch: [6][200/3100], Elapsed 1m 2s (remain 15m 4s), Accuracy: 100.000(72.886), Loss: 0.041(0.660), LR: 0.000348
[GPU cuda:0][TRAIN] Epoch: [6][250/3100], Elapsed 1m 18s (remain 14m 47s), Accuracy: 25.000(71.813), Loss: 1.053(0.676), LR: 0.000347
[GPU cuda:0][TRAIN] Epoch: [6][300/3100], Elapsed 1m 33s (remain 14m 31s), Accuracy: 100.000(72.674), Loss: 0.150(0.667), LR: 0.000347
[GPU cuda:0][TRAIN] Epoch: [6][350/3100], Elapsed 1m 49s (remain 14m 15s), Accuracy: 25.000(72.080), Loss: 1.709(0.680), LR: 0.000347
[GPU cuda:0][TRAIN] Epoch: [6][400/3100], Elapsed 2m 4s (remain 13m 59s), Accuracy: 50.000(70.137), Loss: 0.902(0.710), LR: 0.000347
[GPU cuda:0][TRAIN] Epoch: [6][450/3100], Elapsed 2m 20s (remain 13m 43s), Accuracy: 100.000(70.621), Loss: 0.454(0.704), LR: 0.000347
[GPU cuda:0][TRAIN] Epoch: [6][500/3100], Elapsed 2m 35s (remain 13m 27s), Accuracy: 50.000(69.561), Loss: 0.939(0.721), LR: 0.000347
[GPU cuda:0][TRAIN] Epoch: [6][550/3100], Elapsed 2m 51s (remain 13m 12s), Accuracy: 50.000(69.964), Loss: 1.049(0.717), LR: 0.000346
[GPU cuda:0][TRAIN] Epoch: [6][600/3100], Elapsed 3m 6s (remain 12m 56s), Accuracy: 100.000(70.715), Loss: 0.127(0.703), LR: 0.000346
[GPU cuda:0][TRAIN] Epoch: [6][650/3100], Elapsed 3m 22s (remain 12m 40s), Accuracy: 75.000(70.545), Loss: 0.593(0.706), LR: 0.000346
[GPU cuda:0][TRAIN] Epoch: [6][700/3100], Elapsed 3m 37s (remain 12m 24s), Accuracy: 75.000(70.756), Loss: 0.735(0.710), LR: 0.000346
[GPU cuda:0][TRAIN] Epoch: [6][750/3100], Elapsed 3m 53s (remain 12m 9s), Accuracy: 100.000(70.672), Loss: 0.068(0.711), LR: 0.000346
[GPU cuda:0][TRAIN] Epoch: [6][800/3100], Elapsed 4m 8s (remain 11m 53s), Accuracy: 100.000(70.724), Loss: 0.298(0.709), LR: 0.000346
[GPU cuda:0][TRAIN] Epoch: [6][850/3100], Elapsed 4m 24s (remain 11m 37s), Accuracy: 100.000(70.682), Loss: 0.360(0.710), LR: 0.000345
[GPU cuda:0][TRAIN] Epoch: [6][900/3100], Elapsed 4m 39s (remain 11m 22s), Accuracy: 50.000(70.477), Loss: 0.684(0.713), LR: 0.000345
[GPU cuda:0][TRAIN] Epoch: [6][950/3100], Elapsed 4m 55s (remain 11m 6s), Accuracy: 100.000(70.741), Loss: 0.318(0.711), LR: 0.000345
[GPU cuda:0][TRAIN] Epoch: [6][1000/3100], Elapsed 5m 10s (remain 10m 51s), Accuracy: 100.000(70.979), Loss: 0.240(0.708), LR: 0.000345
[GPU cuda:0][TRAIN] Epoch: [6][1050/3100], Elapsed 5m 25s (remain 10m 35s), Accuracy: 50.000(71.218), Loss: 0.535(0.699), LR: 0.000345
[GPU cuda:0][TRAIN] Epoch: [6][1100/3100], Elapsed 5m 41s (remain 10m 19s), Accuracy: 25.000(71.458), Loss: 1.432(0.695), LR: 0.000344
[GPU cuda:0][TRAIN] Epoch: [6][1150/3100], Elapsed 5m 56s (remain 10m 4s), Accuracy: 100.000(71.655), Loss: 0.073(0.692), LR: 0.000344
[GPU cuda:0][TRAIN] Epoch: [6][1200/3100], Elapsed 6m 12s (remain 9m 48s), Accuracy: 100.000(71.794), Loss: 0.173(0.690), LR: 0.000344
[GPU cuda:0][TRAIN] Epoch: [6][1250/3100], Elapsed 6m 27s (remain 9m 33s), Accuracy: 75.000(71.523), Loss: 0.705(0.694), LR: 0.000344
[GPU cuda:0][TRAIN] Epoch: [6][1300/3100], Elapsed 6m 43s (remain 9m 18s), Accuracy: 75.000(71.503), Loss: 0.350(0.695), LR: 0.000343
[GPU cuda:0][TRAIN] Epoch: [6][1350/3100], Elapsed 6m 59s (remain 9m 2s), Accuracy: 100.000(71.780), Loss: 0.253(0.689), LR: 0.000343
[GPU cuda:0][TRAIN] Epoch: [6][1400/3100], Elapsed 7m 14s (remain 8m 47s), Accuracy: 50.000(71.717), Loss: 0.592(0.689), LR: 0.000343
[GPU cuda:0][TRAIN] Epoch: [6][1450/3100], Elapsed 7m 30s (remain 8m 31s), Accuracy: 50.000(71.795), Loss: 0.754(0.687), LR: 0.000343
[GPU cuda:0][TRAIN] Epoch: [6][1500/3100], Elapsed 7m 45s (remain 8m 15s), Accuracy: 75.000(71.835), Loss: 0.745(0.686), LR: 0.000342
[GPU cuda:0][TRAIN] Epoch: [6][1550/3100], Elapsed 8m 1s (remain 8m 0s), Accuracy: 100.000(71.776), Loss: 0.111(0.688), LR: 0.000342
[GPU cuda:0][TRAIN] Epoch: [6][1600/3100], Elapsed 8m 16s (remain 7m 44s), Accuracy: 100.000(71.877), Loss: 0.249(0.686), LR: 0.000342
[GPU cuda:0][TRAIN] Epoch: [6][1650/3100], Elapsed 8m 32s (remain 7m 29s), Accuracy: 100.000(71.926), Loss: 0.120(0.685), LR: 0.000342
[GPU cuda:0][TRAIN] Epoch: [6][1700/3100], Elapsed 8m 47s (remain 7m 13s), Accuracy: 50.000(71.899), Loss: 1.235(0.684), LR: 0.000341
[GPU cuda:0][TRAIN] Epoch: [6][1750/3100], Elapsed 9m 3s (remain 6m 58s), Accuracy: 100.000(71.845), Loss: 0.335(0.684), LR: 0.000341
[GPU cuda:0][TRAIN] Epoch: [6][1800/3100], Elapsed 9m 18s (remain 6m 42s), Accuracy: 100.000(71.877), Loss: 0.095(0.684), LR: 0.000341
[GPU cuda:0][TRAIN] Epoch: [6][1850/3100], Elapsed 9m 33s (remain 6m 27s), Accuracy: 50.000(71.745), Loss: 0.523(0.686), LR: 0.000341
[GPU cuda:0][TRAIN] Epoch: [6][1900/3100], Elapsed 9m 49s (remain 6m 11s), Accuracy: 75.000(71.752), Loss: 0.669(0.689), LR: 0.000340
[GPU cuda:0][TRAIN] Epoch: [6][1950/3100], Elapsed 10m 4s (remain 5m 56s), Accuracy: 75.000(71.758), Loss: 0.508(0.689), LR: 0.000340
[GPU cuda:0][TRAIN] Epoch: [6][2000/3100], Elapsed 10m 20s (remain 5m 40s), Accuracy: 50.000(71.014), Loss: 0.701(0.703), LR: 0.000340
[GPU cuda:0][TRAIN] Epoch: [6][2050/3100], Elapsed 10m 35s (remain 5m 25s), Accuracy: 75.000(70.978), Loss: 0.619(0.703), LR: 0.000340
[GPU cuda:0][TRAIN] Epoch: [6][2100/3100], Elapsed 10m 51s (remain 5m 9s), Accuracy: 75.000(70.978), Loss: 1.507(0.703), LR: 0.000339
[GPU cuda:0][TRAIN] Epoch: [6][2150/3100], Elapsed 11m 6s (remain 4m 54s), Accuracy: 75.000(71.165), Loss: 1.141(0.701), LR: 0.000339
[GPU cuda:0][TRAIN] Epoch: [6][2200/3100], Elapsed 11m 22s (remain 4m 38s), Accuracy: 25.000(71.093), Loss: 1.186(0.701), LR: 0.000339
[GPU cuda:0][TRAIN] Epoch: [6][2250/3100], Elapsed 11m 38s (remain 4m 23s), Accuracy: 50.000(71.268), Loss: 0.751(0.698), LR: 0.000338
[GPU cuda:0][TRAIN] Epoch: [6][2300/3100], Elapsed 11m 53s (remain 4m 7s), Accuracy: 0.000(71.425), Loss: 2.625(0.696), LR: 0.000338
[GPU cuda:0][TRAIN] Epoch: [6][2350/3100], Elapsed 12m 9s (remain 3m 52s), Accuracy: 75.000(71.374), Loss: 0.669(0.697), LR: 0.000338
[GPU cuda:0][TRAIN] Epoch: [6][2400/3100], Elapsed 12m 24s (remain 3m 36s), Accuracy: 50.000(71.262), Loss: 1.033(0.698), LR: 0.000337
[GPU cuda:0][TRAIN] Epoch: [6][2450/3100], Elapsed 12m 40s (remain 3m 21s), Accuracy: 75.000(71.216), Loss: 0.400(0.698), LR: 0.000337
[GPU cuda:0][TRAIN] Epoch: [6][2500/3100], Elapsed 12m 55s (remain 3m 5s), Accuracy: 75.000(71.341), Loss: 0.812(0.697), LR: 0.000337
[GPU cuda:0][TRAIN] Epoch: [6][2550/3100], Elapsed 13m 11s (remain 2m 50s), Accuracy: 50.000(71.276), Loss: 1.231(0.697), LR: 0.000336
[GPU cuda:0][TRAIN] Epoch: [6][2600/3100], Elapsed 13m 26s (remain 2m 34s), Accuracy: 50.000(71.415), Loss: 0.765(0.694), LR: 0.000336
[GPU cuda:0][TRAIN] Epoch: [6][2650/3100], Elapsed 13m 42s (remain 2m 19s), Accuracy: 50.000(71.473), Loss: 1.163(0.692), LR: 0.000336
[GPU cuda:0][TRAIN] Epoch: [6][2700/3100], Elapsed 13m 57s (remain 2m 3s), Accuracy: 75.000(71.575), Loss: 0.520(0.689), LR: 0.000335
[GPU cuda:0][TRAIN] Epoch: [6][2750/3100], Elapsed 14m 13s (remain 1m 48s), Accuracy: 25.000(71.628), Loss: 1.195(0.689), LR: 0.000335
[GPU cuda:0][TRAIN] Epoch: [6][2800/3100], Elapsed 14m 28s (remain 1m 32s), Accuracy: 25.000(71.528), Loss: 1.472(0.690), LR: 0.000335
[GPU cuda:0][TRAIN] Epoch: [6][2850/3100], Elapsed 14m 44s (remain 1m 17s), Accuracy: 75.000(71.633), Loss: 0.819(0.688), LR: 0.000334
[GPU cuda:0][TRAIN] Epoch: [6][2900/3100], Elapsed 14m 59s (remain 1m 1s), Accuracy: 100.000(71.639), Loss: 0.395(0.688), LR: 0.000334
[GPU cuda:0][TRAIN] Epoch: [6][2950/3100], Elapsed 15m 15s (remain 0m 46s), Accuracy: 75.000(71.781), Loss: 0.609(0.686), LR: 0.000334
[GPU cuda:0][TRAIN] Epoch: [6][3000/3100], Elapsed 15m 30s (remain 0m 30s), Accuracy: 25.000(71.859), Loss: 1.591(0.686), LR: 0.000333
[GPU cuda:0][TRAIN] Epoch: [6][3050/3100], Elapsed 15m 46s (remain 0m 15s), Accuracy: 75.000(71.894), Loss: 0.499(0.684), LR: 0.000333
[GPU cuda:0][TRAIN] Epoch: [6][3099/3100], Elapsed 16m 1s (remain 0m 0s), Accuracy: 25.000(71.919), Loss: 2.271(0.683), LR: 0.000333
[GPU cuda:0][VALID][0/388], Elapsed 0m 0s (remain 3m 21s), Accuracy: 100.000(100.000), Batch Loss: 0.3496, Average Loss: 0.3496
[GPU cuda:0][VALID][50/388], Elapsed 0m 12s (remain 1m 20s), Accuracy: 75.000(69.118), Batch Loss: 1.0286, Average Loss: 0.7815
[GPU cuda:0][VALID][100/388], Elapsed 0m 23s (remain 1m 7s), Accuracy: 50.000(67.946), Batch Loss: 1.0149, Average Loss: 0.8197
[GPU cuda:0][VALID][150/388], Elapsed 0m 35s (remain 0m 55s), Accuracy: 62.500(67.384), Batch Loss: 0.5977, Average Loss: 0.8318
[GPU cuda:0][VALID][200/388], Elapsed 0m 47s (remain 0m 43s), Accuracy: 87.500(68.284), Batch Loss: 0.4646, Average Loss: 0.8173
[GPU cuda:0][VALID][250/388], Elapsed 0m 58s (remain 0m 32s), Accuracy: 50.000(67.281), Batch Loss: 1.1954, Average Loss: 0.8273
[GPU cuda:0][VALID][300/388], Elapsed 1m 10s (remain 0m 20s), Accuracy: 37.500(67.317), Batch Loss: 1.0660, Average Loss: 0.8275
[GPU cuda:0][VALID][350/388], Elapsed 1m 22s (remain 0m 8s), Accuracy: 50.000(67.130), Batch Loss: 1.1375, Average Loss: 0.8305
[GPU cuda:0][VALID][387/388], Elapsed 1m 30s (remain 0m 0s), Accuracy: 100.000(67.719), Batch Loss: 0.4745, Average Loss: 0.8210
Valid Labels Samples: [2 0 1 4 1 0 3 1 4 3]
Valid Predictions Samples: [2, 0, 1, 4, 1, 0, 3, 1, 3, 0]
Epoch 6 - Train Average Loss: 71.919, Valid Average Loss: 67.719, Epoch Time: 1055.307s
Epoch 6 - Accuracy: 0.677, Precision: 0.722, Recall: 0.677
[GPU cuda:0][TRAIN] Epoch: [7][0/3100], Elapsed 0m 0s (remain 36m 5s), Accuracy: 50.000(50.000), Loss: 1.211(1.211), LR: 0.000333
[GPU cuda:0][TRAIN] Epoch: [7][50/3100], Elapsed 0m 16s (remain 16m 8s), Accuracy: 75.000(75.490), Loss: 0.287(0.527), LR: 0.000332
[GPU cuda:0][TRAIN] Epoch: [7][100/3100], Elapsed 0m 31s (remain 15m 40s), Accuracy: 25.000(74.505), Loss: 1.993(0.561), LR: 0.000332
[GPU cuda:0][TRAIN] Epoch: [7][150/3100], Elapsed 0m 47s (remain 15m 21s), Accuracy: 100.000(72.517), Loss: 0.049(0.604), LR: 0.000332
[GPU cuda:0][TRAIN] Epoch: [7][200/3100], Elapsed 1m 2s (remain 15m 3s), Accuracy: 100.000(73.507), Loss: 0.043(0.594), LR: 0.000331
[GPU cuda:0][TRAIN] Epoch: [7][250/3100], Elapsed 1m 18s (remain 14m 47s), Accuracy: 50.000(72.809), Loss: 0.956(0.625), LR: 0.000331
[GPU cuda:0][TRAIN] Epoch: [7][300/3100], Elapsed 1m 33s (remain 14m 31s), Accuracy: 75.000(73.588), Loss: 0.437(0.614), LR: 0.000330
[GPU cuda:0][TRAIN] Epoch: [7][350/3100], Elapsed 1m 49s (remain 14m 15s), Accuracy: 0.000(73.647), Loss: 1.728(0.615), LR: 0.000330
[GPU cuda:0][TRAIN] Epoch: [7][400/3100], Elapsed 2m 4s (remain 13m 58s), Accuracy: 75.000(72.693), Loss: 0.789(0.638), LR: 0.000330
[GPU cuda:0][TRAIN] Epoch: [7][450/3100], Elapsed 2m 20s (remain 13m 42s), Accuracy: 50.000(72.727), Loss: 0.680(0.635), LR: 0.000329
[GPU cuda:0][TRAIN] Epoch: [7][500/3100], Elapsed 2m 35s (remain 13m 27s), Accuracy: 75.000(72.305), Loss: 0.623(0.640), LR: 0.000329
[GPU cuda:0][TRAIN] Epoch: [7][550/3100], Elapsed 2m 51s (remain 13m 11s), Accuracy: 50.000(72.822), Loss: 0.936(0.632), LR: 0.000328
[GPU cuda:0][TRAIN] Epoch: [7][600/3100], Elapsed 3m 6s (remain 12m 55s), Accuracy: 100.000(73.295), Loss: 0.033(0.625), LR: 0.000328
[GPU cuda:0][TRAIN] Epoch: [7][650/3100], Elapsed 3m 22s (remain 12m 40s), Accuracy: 100.000(73.310), Loss: 0.134(0.628), LR: 0.000328
[GPU cuda:0][TRAIN] Epoch: [7][700/3100], Elapsed 3m 37s (remain 12m 24s), Accuracy: 100.000(73.181), Loss: 0.440(0.633), LR: 0.000327
[GPU cuda:0][TRAIN] Epoch: [7][750/3100], Elapsed 3m 53s (remain 12m 8s), Accuracy: 100.000(73.402), Loss: 0.077(0.632), LR: 0.000327
[GPU cuda:0][TRAIN] Epoch: [7][800/3100], Elapsed 4m 8s (remain 11m 53s), Accuracy: 100.000(73.471), Loss: 0.330(0.633), LR: 0.000326
[GPU cuda:0][TRAIN] Epoch: [7][850/3100], Elapsed 4m 23s (remain 11m 37s), Accuracy: 100.000(73.355), Loss: 0.236(0.635), LR: 0.000326
[GPU cuda:0][TRAIN] Epoch: [7][900/3100], Elapsed 4m 39s (remain 11m 22s), Accuracy: 50.000(72.947), Loss: 0.708(0.642), LR: 0.000325
[GPU cuda:0][TRAIN] Epoch: [7][950/3100], Elapsed 4m 54s (remain 11m 6s), Accuracy: 100.000(73.134), Loss: 0.325(0.643), LR: 0.000325
[GPU cuda:0][TRAIN] Epoch: [7][1000/3100], Elapsed 5m 10s (remain 10m 50s), Accuracy: 75.000(73.227), Loss: 0.421(0.642), LR: 0.000325
[GPU cuda:0][TRAIN] Epoch: [7][1050/3100], Elapsed 5m 25s (remain 10m 35s), Accuracy: 100.000(73.430), Loss: 0.214(0.637), LR: 0.000324
[GPU cuda:0][TRAIN] Epoch: [7][1100/3100], Elapsed 5m 41s (remain 10m 19s), Accuracy: 25.000(73.501), Loss: 1.447(0.637), LR: 0.000324
[GPU cuda:0][TRAIN] Epoch: [7][1150/3100], Elapsed 5m 56s (remain 10m 4s), Accuracy: 100.000(73.740), Loss: 0.137(0.633), LR: 0.000323
[GPU cuda:0][TRAIN] Epoch: [7][1200/3100], Elapsed 6m 12s (remain 9m 48s), Accuracy: 100.000(73.959), Loss: 0.135(0.627), LR: 0.000323
[GPU cuda:0][TRAIN] Epoch: [7][1250/3100], Elapsed 6m 27s (remain 9m 33s), Accuracy: 75.000(73.881), Loss: 0.892(0.630), LR: 0.000322
[GPU cuda:0][TRAIN] Epoch: [7][1300/3100], Elapsed 6m 43s (remain 9m 17s), Accuracy: 50.000(73.885), Loss: 1.188(0.632), LR: 0.000322
[GPU cuda:0][TRAIN] Epoch: [7][1350/3100], Elapsed 6m 58s (remain 9m 1s), Accuracy: 100.000(74.001), Loss: 0.301(0.629), LR: 0.000321
[GPU cuda:0][TRAIN] Epoch: [7][1400/3100], Elapsed 7m 14s (remain 8m 46s), Accuracy: 100.000(73.822), Loss: 0.384(0.631), LR: 0.000321
[GPU cuda:0][TRAIN] Epoch: [7][1450/3100], Elapsed 7m 29s (remain 8m 30s), Accuracy: 75.000(73.966), Loss: 0.518(0.627), LR: 0.000321
[GPU cuda:0][TRAIN] Epoch: [7][1500/3100], Elapsed 7m 44s (remain 8m 15s), Accuracy: 50.000(74.101), Loss: 1.035(0.626), LR: 0.000320
[GPU cuda:0][TRAIN] Epoch: [7][1550/3100], Elapsed 8m 0s (remain 7m 59s), Accuracy: 100.000(74.146), Loss: 0.049(0.625), LR: 0.000320
[GPU cuda:0][TRAIN] Epoch: [7][1600/3100], Elapsed 8m 15s (remain 7m 44s), Accuracy: 75.000(74.094), Loss: 0.282(0.625), LR: 0.000319
[GPU cuda:0][TRAIN] Epoch: [7][1650/3100], Elapsed 8m 31s (remain 7m 28s), Accuracy: 100.000(74.228), Loss: 0.094(0.623), LR: 0.000319
[GPU cuda:0][TRAIN] Epoch: [7][1700/3100], Elapsed 8m 46s (remain 7m 13s), Accuracy: 50.000(74.339), Loss: 1.222(0.620), LR: 0.000318
[GPU cuda:0][TRAIN] Epoch: [7][1750/3100], Elapsed 9m 2s (remain 6m 57s), Accuracy: 100.000(74.300), Loss: 0.204(0.622), LR: 0.000318
[GPU cuda:0][TRAIN] Epoch: [7][1800/3100], Elapsed 9m 17s (remain 6m 42s), Accuracy: 100.000(74.375), Loss: 0.050(0.622), LR: 0.000317
[GPU cuda:0][TRAIN] Epoch: [7][1850/3100], Elapsed 9m 33s (remain 6m 26s), Accuracy: 50.000(74.325), Loss: 1.056(0.622), LR: 0.000317
[GPU cuda:0][TRAIN] Epoch: [7][1900/3100], Elapsed 9m 48s (remain 6m 11s), Accuracy: 75.000(74.487), Loss: 0.468(0.619), LR: 0.000316
[GPU cuda:0][TRAIN] Epoch: [7][1950/3100], Elapsed 10m 4s (remain 5m 55s), Accuracy: 50.000(74.449), Loss: 0.720(0.618), LR: 0.000316
[GPU cuda:0][TRAIN] Epoch: [7][2000/3100], Elapsed 10m 19s (remain 5m 40s), Accuracy: 100.000(74.463), Loss: 0.302(0.618), LR: 0.000315
[GPU cuda:0][TRAIN] Epoch: [7][2050/3100], Elapsed 10m 35s (remain 5m 24s), Accuracy: 75.000(74.451), Loss: 0.304(0.617), LR: 0.000315
[GPU cuda:0][TRAIN] Epoch: [7][2100/3100], Elapsed 10m 50s (remain 5m 9s), Accuracy: 75.000(74.393), Loss: 1.844(0.618), LR: 0.000314
[GPU cuda:0][TRAIN] Epoch: [7][2150/3100], Elapsed 11m 6s (remain 4m 53s), Accuracy: 75.000(74.465), Loss: 1.081(0.617), LR: 0.000314
[GPU cuda:0][TRAIN] Epoch: [7][2200/3100], Elapsed 11m 21s (remain 4m 38s), Accuracy: 50.000(74.455), Loss: 1.136(0.617), LR: 0.000313
[GPU cuda:0][TRAIN] Epoch: [7][2250/3100], Elapsed 11m 36s (remain 4m 22s), Accuracy: 75.000(74.600), Loss: 0.342(0.614), LR: 0.000313
[GPU cuda:0][TRAIN] Epoch: [7][2300/3100], Elapsed 11m 52s (remain 4m 7s), Accuracy: 50.000(74.707), Loss: 1.221(0.612), LR: 0.000312
[GPU cuda:0][TRAIN] Epoch: [7][2350/3100], Elapsed 12m 7s (remain 3m 51s), Accuracy: 50.000(74.713), Loss: 1.255(0.612), LR: 0.000312
[GPU cuda:0][TRAIN] Epoch: [7][2400/3100], Elapsed 12m 23s (remain 3m 36s), Accuracy: 25.000(74.625), Loss: 1.084(0.614), LR: 0.000311
[GPU cuda:0][TRAIN] Epoch: [7][2450/3100], Elapsed 12m 38s (remain 3m 20s), Accuracy: 75.000(74.541), Loss: 0.408(0.615), LR: 0.000310
[GPU cuda:0][TRAIN] Epoch: [7][2500/3100], Elapsed 12m 54s (remain 3m 5s), Accuracy: 50.000(74.640), Loss: 0.833(0.614), LR: 0.000310
[GPU cuda:0][TRAIN] Epoch: [7][2550/3100], Elapsed 13m 9s (remain 2m 49s), Accuracy: 50.000(74.579), Loss: 1.202(0.616), LR: 0.000309
[GPU cuda:0][TRAIN] Epoch: [7][2600/3100], Elapsed 13m 25s (remain 2m 34s), Accuracy: 50.000(74.779), Loss: 0.822(0.612), LR: 0.000309
[GPU cuda:0][TRAIN] Epoch: [7][2650/3100], Elapsed 13m 40s (remain 2m 19s), Accuracy: 50.000(74.868), Loss: 0.709(0.610), LR: 0.000308
[GPU cuda:0][TRAIN] Epoch: [7][2700/3100], Elapsed 13m 56s (remain 2m 3s), Accuracy: 100.000(74.981), Loss: 0.327(0.608), LR: 0.000308
[GPU cuda:0][TRAIN] Epoch: [7][2750/3100], Elapsed 14m 11s (remain 1m 48s), Accuracy: 75.000(75.027), Loss: 0.825(0.608), LR: 0.000307
[GPU cuda:0][TRAIN] Epoch: [7][2800/3100], Elapsed 14m 27s (remain 1m 32s), Accuracy: 50.000(75.036), Loss: 1.140(0.607), LR: 0.000307
[GPU cuda:0][TRAIN] Epoch: [7][2850/3100], Elapsed 14m 42s (remain 1m 17s), Accuracy: 75.000(75.123), Loss: 0.923(0.607), LR: 0.000306
[GPU cuda:0][TRAIN] Epoch: [7][2900/3100], Elapsed 14m 58s (remain 1m 1s), Accuracy: 75.000(75.112), Loss: 0.527(0.607), LR: 0.000306
[GPU cuda:0][TRAIN] Epoch: [7][2950/3100], Elapsed 15m 13s (remain 0m 46s), Accuracy: 75.000(75.144), Loss: 0.259(0.605), LR: 0.000305
[GPU cuda:0][TRAIN] Epoch: [7][3000/3100], Elapsed 15m 29s (remain 0m 30s), Accuracy: 50.000(75.217), Loss: 0.924(0.605), LR: 0.000304
[GPU cuda:0][TRAIN] Epoch: [7][3050/3100], Elapsed 15m 44s (remain 0m 15s), Accuracy: 75.000(75.221), Loss: 0.665(0.604), LR: 0.000304
[GPU cuda:0][TRAIN] Epoch: [7][3099/3100], Elapsed 15m 59s (remain 0m 0s), Accuracy: 25.000(75.250), Loss: 2.191(0.603), LR: 0.000303
[GPU cuda:0][VALID][0/388], Elapsed 0m 0s (remain 3m 21s), Accuracy: 75.000(75.000), Batch Loss: 0.3862, Average Loss: 0.3862
[GPU cuda:0][VALID][50/388], Elapsed 0m 12s (remain 1m 20s), Accuracy: 62.500(75.980), Batch Loss: 1.1243, Average Loss: 0.6410
[GPU cuda:0][VALID][100/388], Elapsed 0m 23s (remain 1m 7s), Accuracy: 87.500(74.381), Batch Loss: 0.6264, Average Loss: 0.6822
[GPU cuda:0][VALID][150/388], Elapsed 0m 35s (remain 0m 55s), Accuracy: 75.000(72.682), Batch Loss: 0.7289, Average Loss: 0.7112
[GPU cuda:0][VALID][200/388], Elapsed 0m 47s (remain 0m 43s), Accuracy: 87.500(72.575), Batch Loss: 0.2641, Average Loss: 0.6967
[GPU cuda:0][VALID][250/388], Elapsed 0m 58s (remain 0m 32s), Accuracy: 37.500(72.012), Batch Loss: 1.0897, Average Loss: 0.7163
[GPU cuda:0][VALID][300/388], Elapsed 1m 10s (remain 0m 20s), Accuracy: 62.500(72.176), Batch Loss: 0.8646, Average Loss: 0.7131
[GPU cuda:0][VALID][350/388], Elapsed 1m 22s (remain 0m 8s), Accuracy: 50.000(71.973), Batch Loss: 0.8541, Average Loss: 0.7125
[GPU cuda:0][VALID][387/388], Elapsed 1m 30s (remain 0m 0s), Accuracy: 100.000(72.262), Batch Loss: 0.4803, Average Loss: 0.7098
Valid Labels Samples: [2 0 1 4 1 0 3 1 4 3]
Valid Predictions Samples: [2, 0, 1, 3, 1, 1, 3, 1, 3, 0]
Epoch 7 - Train Average Loss: 75.250, Valid Average Loss: 72.262, Epoch Time: 1053.671s
Epoch 7 - Accuracy: 0.722, Precision: 0.731, Recall: 0.722
Saved Best Model: 0.72
[GPU cuda:0][TRAIN] Epoch: [8][0/3100], Elapsed 0m 0s (remain 36m 42s), Accuracy: 75.000(75.000), Loss: 0.598(0.598), LR: 0.000303
[GPU cuda:0][TRAIN] Epoch: [8][50/3100], Elapsed 0m 16s (remain 16m 15s), Accuracy: 100.000(83.333), Loss: 0.233(0.421), LR: 0.000303
[GPU cuda:0][TRAIN] Epoch: [8][100/3100], Elapsed 0m 31s (remain 15m 47s), Accuracy: 50.000(78.713), Loss: 1.970(0.511), LR: 0.000302
[GPU cuda:0][TRAIN] Epoch: [8][150/3100], Elapsed 0m 47s (remain 15m 27s), Accuracy: 100.000(78.311), Loss: 0.027(0.533), LR: 0.000302
[GPU cuda:0][TRAIN] Epoch: [8][200/3100], Elapsed 1m 3s (remain 15m 9s), Accuracy: 100.000(77.985), Loss: 0.160(0.536), LR: 0.000301
[GPU cuda:0][TRAIN] Epoch: [8][250/3100], Elapsed 1m 18s (remain 14m 52s), Accuracy: 25.000(76.594), Loss: 0.987(0.565), LR: 0.000300
[GPU cuda:0][TRAIN] Epoch: [8][300/3100], Elapsed 1m 34s (remain 14m 35s), Accuracy: 100.000(76.744), Loss: 0.078(0.559), LR: 0.000300
[GPU cuda:0][TRAIN] Epoch: [8][350/3100], Elapsed 1m 49s (remain 14m 19s), Accuracy: 0.000(77.208), Loss: 2.148(0.545), LR: 0.000299
[GPU cuda:0][TRAIN] Epoch: [8][400/3100], Elapsed 2m 5s (remain 14m 2s), Accuracy: 50.000(75.873), Loss: 1.020(0.572), LR: 0.000299
[GPU cuda:0][TRAIN] Epoch: [8][450/3100], Elapsed 2m 20s (remain 13m 46s), Accuracy: 75.000(76.053), Loss: 0.367(0.570), LR: 0.000298
[GPU cuda:0][TRAIN] Epoch: [8][500/3100], Elapsed 2m 36s (remain 13m 30s), Accuracy: 100.000(76.048), Loss: 0.400(0.575), LR: 0.000297
[GPU cuda:0][TRAIN] Epoch: [8][550/3100], Elapsed 2m 51s (remain 13m 14s), Accuracy: 75.000(76.270), Loss: 0.714(0.572), LR: 0.000297
[GPU cuda:0][TRAIN] Epoch: [8][600/3100], Elapsed 3m 7s (remain 12m 58s), Accuracy: 100.000(76.456), Loss: 0.083(0.565), LR: 0.000296
[GPU cuda:0][TRAIN] Epoch: [8][650/3100], Elapsed 3m 22s (remain 12m 42s), Accuracy: 100.000(76.498), Loss: 0.162(0.564), LR: 0.000296
[GPU cuda:0][TRAIN] Epoch: [8][700/3100], Elapsed 3m 38s (remain 12m 26s), Accuracy: 75.000(76.534), Loss: 0.525(0.567), LR: 0.000295
[GPU cuda:0][TRAIN] Epoch: [8][750/3100], Elapsed 3m 53s (remain 12m 10s), Accuracy: 100.000(76.831), Loss: 0.033(0.564), LR: 0.000294
[GPU cuda:0][TRAIN] Epoch: [8][800/3100], Elapsed 4m 9s (remain 11m 55s), Accuracy: 100.000(76.841), Loss: 0.423(0.566), LR: 0.000294
[GPU cuda:0][TRAIN] Epoch: [8][850/3100], Elapsed 4m 24s (remain 11m 39s), Accuracy: 100.000(76.675), Loss: 0.412(0.571), LR: 0.000293
[GPU cuda:0][TRAIN] Epoch: [8][900/3100], Elapsed 4m 40s (remain 11m 23s), Accuracy: 75.000(76.332), Loss: 0.445(0.576), LR: 0.000292
[GPU cuda:0][TRAIN] Epoch: [8][950/3100], Elapsed 4m 55s (remain 11m 8s), Accuracy: 50.000(76.288), Loss: 0.632(0.578), LR: 0.000292
[GPU cuda:0][TRAIN] Epoch: [8][1000/3100], Elapsed 5m 11s (remain 10m 52s), Accuracy: 100.000(76.573), Loss: 0.368(0.573), LR: 0.000291
[GPU cuda:0][TRAIN] Epoch: [8][1050/3100], Elapsed 5m 26s (remain 10m 36s), Accuracy: 75.000(76.760), Loss: 0.297(0.568), LR: 0.000291
[GPU cuda:0][TRAIN] Epoch: [8][1100/3100], Elapsed 5m 42s (remain 10m 21s), Accuracy: 25.000(76.839), Loss: 1.462(0.567), LR: 0.000290
[GPU cuda:0][TRAIN] Epoch: [8][1150/3100], Elapsed 5m 57s (remain 10m 5s), Accuracy: 75.000(76.955), Loss: 0.424(0.565), LR: 0.000289
[GPU cuda:0][TRAIN] Epoch: [8][1200/3100], Elapsed 6m 13s (remain 9m 49s), Accuracy: 75.000(77.040), Loss: 0.296(0.560), LR: 0.000289
[GPU cuda:0][TRAIN] Epoch: [8][1250/3100], Elapsed 6m 28s (remain 9m 34s), Accuracy: 75.000(76.819), Loss: 0.814(0.565), LR: 0.000288
[GPU cuda:0][TRAIN] Epoch: [8][1300/3100], Elapsed 6m 44s (remain 9m 18s), Accuracy: 75.000(76.941), Loss: 0.929(0.566), LR: 0.000287
[GPU cuda:0][TRAIN] Epoch: [8][1350/3100], Elapsed 6m 59s (remain 9m 3s), Accuracy: 100.000(77.258), Loss: 0.238(0.558), LR: 0.000287
[GPU cuda:0][TRAIN] Epoch: [8][1400/3100], Elapsed 7m 15s (remain 8m 47s), Accuracy: 75.000(77.248), Loss: 0.305(0.559), LR: 0.000286
[GPU cuda:0][TRAIN] Epoch: [8][1450/3100], Elapsed 7m 30s (remain 8m 32s), Accuracy: 75.000(77.188), Loss: 0.533(0.559), LR: 0.000285
[GPU cuda:0][TRAIN] Epoch: [8][1500/3100], Elapsed 7m 46s (remain 8m 16s), Accuracy: 100.000(77.482), Loss: 0.380(0.555), LR: 0.000285
[GPU cuda:0][TRAIN] Epoch: [8][1550/3100], Elapsed 8m 1s (remain 8m 0s), Accuracy: 100.000(77.498), Loss: 0.043(0.554), LR: 0.000284
[GPU cuda:0][TRAIN] Epoch: [8][1600/3100], Elapsed 8m 16s (remain 7m 45s), Accuracy: 75.000(77.514), Loss: 0.228(0.553), LR: 0.000283
[GPU cuda:0][TRAIN] Epoch: [8][1650/3100], Elapsed 8m 32s (remain 7m 29s), Accuracy: 100.000(77.589), Loss: 0.040(0.551), LR: 0.000283
[GPU cuda:0][TRAIN] Epoch: [8][1700/3100], Elapsed 8m 47s (remain 7m 14s), Accuracy: 100.000(77.704), Loss: 0.533(0.549), LR: 0.000282
[GPU cuda:0][TRAIN] Epoch: [8][1750/3100], Elapsed 9m 3s (remain 6m 58s), Accuracy: 100.000(77.656), Loss: 0.210(0.550), LR: 0.000281
[GPU cuda:0][TRAIN] Epoch: [8][1800/3100], Elapsed 9m 18s (remain 6m 43s), Accuracy: 100.000(77.748), Loss: 0.016(0.549), LR: 0.000281
[GPU cuda:0][TRAIN] Epoch: [8][1850/3100], Elapsed 9m 34s (remain 6m 27s), Accuracy: 75.000(77.701), Loss: 0.498(0.550), LR: 0.000280
[GPU cuda:0][TRAIN] Epoch: [8][1900/3100], Elapsed 9m 49s (remain 6m 11s), Accuracy: 75.000(77.801), Loss: 0.704(0.549), LR: 0.000279
[GPU cuda:0][TRAIN] Epoch: [8][1950/3100], Elapsed 10m 5s (remain 5m 56s), Accuracy: 100.000(77.806), Loss: 0.315(0.548), LR: 0.000279
[GPU cuda:0][TRAIN] Epoch: [8][2000/3100], Elapsed 10m 20s (remain 5m 40s), Accuracy: 75.000(77.686), Loss: 0.331(0.549), LR: 0.000278
[GPU cuda:0][TRAIN] Epoch: [8][2050/3100], Elapsed 10m 35s (remain 5m 25s), Accuracy: 75.000(77.730), Loss: 0.416(0.547), LR: 0.000277
[GPU cuda:0][TRAIN] Epoch: [8][2100/3100], Elapsed 10m 51s (remain 5m 9s), Accuracy: 75.000(77.642), Loss: 1.830(0.549), LR: 0.000277
[GPU cuda:0][TRAIN] Epoch: [8][2150/3100], Elapsed 11m 6s (remain 4m 54s), Accuracy: 75.000(77.778), Loss: 0.822(0.547), LR: 0.000276
[GPU cuda:0][TRAIN] Epoch: [8][2200/3100], Elapsed 11m 22s (remain 4m 38s), Accuracy: 25.000(77.760), Loss: 1.346(0.547), LR: 0.000275
[GPU cuda:0][TRAIN] Epoch: [8][2250/3100], Elapsed 11m 37s (remain 4m 23s), Accuracy: 100.000(77.910), Loss: 0.185(0.543), LR: 0.000275
[GPU cuda:0][TRAIN] Epoch: [8][2300/3100], Elapsed 11m 53s (remain 4m 7s), Accuracy: 50.000(77.944), Loss: 1.774(0.542), LR: 0.000274
[GPU cuda:0][TRAIN] Epoch: [8][2350/3100], Elapsed 12m 8s (remain 3m 52s), Accuracy: 50.000(77.935), Loss: 0.877(0.543), LR: 0.000273
[GPU cuda:0][TRAIN] Epoch: [8][2400/3100], Elapsed 12m 24s (remain 3m 36s), Accuracy: 25.000(77.853), Loss: 1.670(0.545), LR: 0.000273
[GPU cuda:0][TRAIN] Epoch: [8][2450/3100], Elapsed 12m 39s (remain 3m 21s), Accuracy: 100.000(77.744), Loss: 0.406(0.547), LR: 0.000272
[GPU cuda:0][TRAIN] Epoch: [8][2500/3100], Elapsed 12m 55s (remain 3m 5s), Accuracy: 75.000(77.799), Loss: 0.945(0.545), LR: 0.000271
[GPU cuda:0][TRAIN] Epoch: [8][2550/3100], Elapsed 13m 10s (remain 2m 50s), Accuracy: 25.000(77.764), Loss: 0.945(0.546), LR: 0.000270
[GPU cuda:0][TRAIN] Epoch: [8][2600/3100], Elapsed 13m 26s (remain 2m 34s), Accuracy: 75.000(77.874), Loss: 0.470(0.542), LR: 0.000270
[GPU cuda:0][TRAIN] Epoch: [8][2650/3100], Elapsed 13m 41s (remain 2m 19s), Accuracy: 50.000(77.961), Loss: 1.114(0.541), LR: 0.000269
[GPU cuda:0][TRAIN] Epoch: [8][2700/3100], Elapsed 13m 57s (remain 2m 3s), Accuracy: 75.000(78.119), Loss: 0.334(0.538), LR: 0.000268
[GPU cuda:0][TRAIN] Epoch: [8][2750/3100], Elapsed 14m 12s (remain 1m 48s), Accuracy: 50.000(78.099), Loss: 1.115(0.538), LR: 0.000268
[GPU cuda:0][TRAIN] Epoch: [8][2800/3100], Elapsed 14m 28s (remain 1m 32s), Accuracy: 50.000(78.142), Loss: 1.093(0.538), LR: 0.000267
[GPU cuda:0][TRAIN] Epoch: [8][2850/3100], Elapsed 14m 43s (remain 1m 17s), Accuracy: 75.000(78.201), Loss: 0.969(0.537), LR: 0.000266
[GPU cuda:0][TRAIN] Epoch: [8][2900/3100], Elapsed 14m 59s (remain 1m 1s), Accuracy: 75.000(78.163), Loss: 0.354(0.537), LR: 0.000265
[GPU cuda:0][TRAIN] Epoch: [8][2950/3100], Elapsed 15m 14s (remain 0m 46s), Accuracy: 100.000(78.270), Loss: 0.077(0.536), LR: 0.000265
[GPU cuda:0][TRAIN] Epoch: [8][3000/3100], Elapsed 15m 30s (remain 0m 30s), Accuracy: 50.000(78.332), Loss: 0.816(0.535), LR: 0.000264
[GPU cuda:0][TRAIN] Epoch: [8][3050/3100], Elapsed 15m 45s (remain 0m 15s), Accuracy: 75.000(78.384), Loss: 0.710(0.533), LR: 0.000263
[GPU cuda:0][TRAIN] Epoch: [8][3099/3100], Elapsed 16m 1s (remain 0m 0s), Accuracy: 25.000(78.411), Loss: 2.022(0.533), LR: 0.000262
[GPU cuda:0][VALID][0/388], Elapsed 0m 0s (remain 3m 20s), Accuracy: 87.500(87.500), Batch Loss: 0.4020, Average Loss: 0.4020
[GPU cuda:0][VALID][50/388], Elapsed 0m 12s (remain 1m 20s), Accuracy: 50.000(73.775), Batch Loss: 1.7367, Average Loss: 0.7340
[GPU cuda:0][VALID][100/388], Elapsed 0m 23s (remain 1m 7s), Accuracy: 62.500(73.391), Batch Loss: 1.0070, Average Loss: 0.7952
[GPU cuda:0][VALID][150/388], Elapsed 0m 35s (remain 0m 55s), Accuracy: 87.500(71.440), Batch Loss: 0.5787, Average Loss: 0.8286
[GPU cuda:0][VALID][200/388], Elapsed 0m 47s (remain 0m 43s), Accuracy: 100.000(71.580), Batch Loss: 0.1985, Average Loss: 0.8139
[GPU cuda:0][VALID][250/388], Elapsed 0m 58s (remain 0m 32s), Accuracy: 62.500(70.916), Batch Loss: 1.2903, Average Loss: 0.8369
[GPU cuda:0][VALID][300/388], Elapsed 1m 10s (remain 0m 20s), Accuracy: 62.500(70.349), Batch Loss: 0.8199, Average Loss: 0.8373
[GPU cuda:0][VALID][350/388], Elapsed 1m 22s (remain 0m 8s), Accuracy: 50.000(70.050), Batch Loss: 1.0933, Average Loss: 0.8380
[GPU cuda:0][VALID][387/388], Elapsed 1m 30s (remain 0m 0s), Accuracy: 50.000(70.232), Batch Loss: 1.0353, Average Loss: 0.8288
Valid Labels Samples: [2 0 1 4 1 0 3 1 4 3]
Valid Predictions Samples: [2, 0, 1, 4, 1, 1, 3, 1, 3, 4]
Epoch 8 - Train Average Loss: 78.411, Valid Average Loss: 70.232, Epoch Time: 1054.632s
Epoch 8 - Accuracy: 0.703, Precision: 0.711, Recall: 0.703
[GPU cuda:0][TRAIN] Epoch: [9][0/3100], Elapsed 0m 0s (remain 35m 55s), Accuracy: 75.000(75.000), Loss: 0.796(0.796), LR: 0.000262
[GPU cuda:0][TRAIN] Epoch: [9][50/3100], Elapsed 0m 16s (remain 16m 9s), Accuracy: 75.000(86.765), Loss: 0.326(0.371), LR: 0.000262
[GPU cuda:0][TRAIN] Epoch: [9][100/3100], Elapsed 0m 31s (remain 15m 42s), Accuracy: 25.000(84.406), Loss: 2.630(0.414), LR: 0.000261
[GPU cuda:0][TRAIN] Epoch: [9][150/3100], Elapsed 0m 47s (remain 15m 23s), Accuracy: 100.000(80.960), Loss: 0.014(0.463), LR: 0.000260
[GPU cuda:0][TRAIN] Epoch: [9][200/3100], Elapsed 1m 2s (remain 15m 5s), Accuracy: 100.000(80.473), Loss: 0.055(0.468), LR: 0.000260
[GPU cuda:0][TRAIN] Epoch: [9][250/3100], Elapsed 1m 18s (remain 14m 48s), Accuracy: 75.000(80.080), Loss: 0.532(0.487), LR: 0.000259
[GPU cuda:0][TRAIN] Epoch: [9][300/3100], Elapsed 1m 33s (remain 14m 32s), Accuracy: 100.000(80.565), Loss: 0.061(0.482), LR: 0.000258
[GPU cuda:0][TRAIN] Epoch: [9][350/3100], Elapsed 1m 49s (remain 14m 16s), Accuracy: 25.000(81.125), Loss: 2.034(0.464), LR: 0.000257
[GPU cuda:0][TRAIN] Epoch: [9][400/3100], Elapsed 2m 4s (remain 14m 0s), Accuracy: 75.000(79.800), Loss: 0.718(0.494), LR: 0.000257
[GPU cuda:0][TRAIN] Epoch: [9][450/3100], Elapsed 2m 20s (remain 13m 44s), Accuracy: 75.000(79.878), Loss: 0.603(0.493), LR: 0.000256
[GPU cuda:0][TRAIN] Epoch: [9][500/3100], Elapsed 2m 35s (remain 13m 28s), Accuracy: 75.000(79.890), Loss: 0.503(0.502), LR: 0.000255
[GPU cuda:0][TRAIN] Epoch: [9][550/3100], Elapsed 2m 51s (remain 13m 12s), Accuracy: 50.000(80.445), Loss: 0.700(0.495), LR: 0.000254
[GPU cuda:0][TRAIN] Epoch: [9][600/3100], Elapsed 3m 6s (remain 12m 57s), Accuracy: 100.000(80.532), Loss: 0.152(0.491), LR: 0.000254
[GPU cuda:0][TRAIN] Epoch: [9][650/3100], Elapsed 3m 22s (remain 12m 41s), Accuracy: 100.000(80.184), Loss: 0.033(0.491), LR: 0.000253
[GPU cuda:0][TRAIN] Epoch: [9][700/3100], Elapsed 3m 37s (remain 12m 25s), Accuracy: 100.000(79.957), Loss: 0.230(0.502), LR: 0.000252
[GPU cuda:0][TRAIN] Epoch: [9][750/3100], Elapsed 3m 53s (remain 12m 10s), Accuracy: 100.000(80.060), Loss: 0.027(0.501), LR: 0.000251
[GPU cuda:0][TRAIN] Epoch: [9][800/3100], Elapsed 4m 8s (remain 11m 54s), Accuracy: 100.000(80.150), Loss: 0.259(0.500), LR: 0.000251
[GPU cuda:0][TRAIN] Epoch: [9][850/3100], Elapsed 4m 24s (remain 11m 38s), Accuracy: 100.000(79.935), Loss: 0.158(0.504), LR: 0.000250
[GPU cuda:0][TRAIN] Epoch: [9][900/3100], Elapsed 4m 39s (remain 11m 23s), Accuracy: 75.000(79.800), Loss: 0.507(0.506), LR: 0.000249
[GPU cuda:0][TRAIN] Epoch: [9][950/3100], Elapsed 4m 55s (remain 11m 7s), Accuracy: 100.000(79.890), Loss: 0.216(0.506), LR: 0.000248
[GPU cuda:0][TRAIN] Epoch: [9][1000/3100], Elapsed 5m 10s (remain 10m 52s), Accuracy: 75.000(79.795), Loss: 0.376(0.504), LR: 0.000247
[GPU cuda:0][TRAIN] Epoch: [9][1050/3100], Elapsed 5m 26s (remain 10m 36s), Accuracy: 100.000(79.971), Loss: 0.177(0.498), LR: 0.000247
[GPU cuda:0][TRAIN] Epoch: [9][1100/3100], Elapsed 5m 42s (remain 10m 20s), Accuracy: 25.000(80.041), Loss: 1.559(0.496), LR: 0.000246
[GPU cuda:0][TRAIN] Epoch: [9][1150/3100], Elapsed 5m 57s (remain 10m 5s), Accuracy: 100.000(80.256), Loss: 0.014(0.493), LR: 0.000245
[GPU cuda:0][TRAIN] Epoch: [9][1200/3100], Elapsed 6m 13s (remain 9m 49s), Accuracy: 100.000(80.495), Loss: 0.078(0.489), LR: 0.000244
[GPU cuda:0][TRAIN] Epoch: [9][1250/3100], Elapsed 6m 28s (remain 9m 34s), Accuracy: 75.000(80.296), Loss: 0.800(0.493), LR: 0.000244
[GPU cuda:0][TRAIN] Epoch: [9][1300/3100], Elapsed 6m 44s (remain 9m 18s), Accuracy: 75.000(80.284), Loss: 0.648(0.494), LR: 0.000243
[GPU cuda:0][TRAIN] Epoch: [9][1350/3100], Elapsed 6m 59s (remain 9m 3s), Accuracy: 100.000(80.514), Loss: 0.233(0.489), LR: 0.000242
[GPU cuda:0][TRAIN] Epoch: [9][1400/3100], Elapsed 7m 15s (remain 8m 47s), Accuracy: 100.000(80.460), Loss: 0.144(0.489), LR: 0.000241
[GPU cuda:0][TRAIN] Epoch: [9][1450/3100], Elapsed 7m 30s (remain 8m 32s), Accuracy: 75.000(80.531), Loss: 0.738(0.487), LR: 0.000240
[GPU cuda:0][TRAIN] Epoch: [9][1500/3100], Elapsed 7m 46s (remain 8m 16s), Accuracy: 100.000(80.813), Loss: 0.188(0.482), LR: 0.000240
[GPU cuda:0][TRAIN] Epoch: [9][1550/3100], Elapsed 8m 1s (remain 8m 0s), Accuracy: 100.000(80.851), Loss: 0.012(0.480), LR: 0.000239
[GPU cuda:0][TRAIN] Epoch: [9][1600/3100], Elapsed 8m 16s (remain 7m 45s), Accuracy: 100.000(80.949), Loss: 0.071(0.476), LR: 0.000238
[GPU cuda:0][TRAIN] Epoch: [9][1650/3100], Elapsed 8m 32s (remain 7m 29s), Accuracy: 100.000(80.951), Loss: 0.090(0.477), LR: 0.000237
[GPU cuda:0][TRAIN] Epoch: [9][1700/3100], Elapsed 8m 47s (remain 7m 14s), Accuracy: 50.000(81.070), Loss: 1.011(0.474), LR: 0.000237
[GPU cuda:0][TRAIN] Epoch: [9][1750/3100], Elapsed 9m 3s (remain 6m 58s), Accuracy: 100.000(81.054), Loss: 0.197(0.474), LR: 0.000236
[GPU cuda:0][TRAIN] Epoch: [9][1800/3100], Elapsed 9m 18s (remain 6m 43s), Accuracy: 100.000(81.108), Loss: 0.043(0.474), LR: 0.000235
[GPU cuda:0][TRAIN] Epoch: [9][1850/3100], Elapsed 9m 34s (remain 6m 27s), Accuracy: 50.000(81.010), Loss: 0.603(0.476), LR: 0.000234
[GPU cuda:0][TRAIN] Epoch: [9][1900/3100], Elapsed 9m 50s (remain 6m 12s), Accuracy: 50.000(81.168), Loss: 0.886(0.473), LR: 0.000233
[GPU cuda:0][TRAIN] Epoch: [9][1950/3100], Elapsed 10m 5s (remain 5m 56s), Accuracy: 75.000(81.228), Loss: 0.694(0.473), LR: 0.000233
[GPU cuda:0][TRAIN] Epoch: [9][2000/3100], Elapsed 10m 21s (remain 5m 41s), Accuracy: 75.000(81.247), Loss: 0.270(0.472), LR: 0.000232
[GPU cuda:0][TRAIN] Epoch: [9][2050/3100], Elapsed 10m 36s (remain 5m 25s), Accuracy: 75.000(81.351), Loss: 0.214(0.471), LR: 0.000231
[GPU cuda:0][TRAIN] Epoch: [9][2100/3100], Elapsed 10m 52s (remain 5m 10s), Accuracy: 75.000(81.295), Loss: 1.467(0.472), LR: 0.000230
[GPU cuda:0][TRAIN] Epoch: [9][2150/3100], Elapsed 11m 7s (remain 4m 54s), Accuracy: 75.000(81.299), Loss: 0.841(0.472), LR: 0.000229
[GPU cuda:0][TRAIN] Epoch: [9][2200/3100], Elapsed 11m 23s (remain 4m 39s), Accuracy: 50.000(81.361), Loss: 1.125(0.470), LR: 0.000229
[GPU cuda:0][TRAIN] Epoch: [9][2250/3100], Elapsed 11m 38s (remain 4m 23s), Accuracy: 100.000(81.464), Loss: 0.080(0.467), LR: 0.000228
[GPU cuda:0][TRAIN] Epoch: [9][2300/3100], Elapsed 11m 54s (remain 4m 7s), Accuracy: 50.000(81.562), Loss: 1.379(0.466), LR: 0.000227
[GPU cuda:0][TRAIN] Epoch: [9][2350/3100], Elapsed 12m 9s (remain 3m 52s), Accuracy: 75.000(81.423), Loss: 0.305(0.468), LR: 0.000226
[GPU cuda:0][TRAIN] Epoch: [9][2400/3100], Elapsed 12m 25s (remain 3m 36s), Accuracy: 75.000(81.456), Loss: 0.458(0.467), LR: 0.000225
[GPU cuda:0][TRAIN] Epoch: [9][2450/3100], Elapsed 12m 40s (remain 3m 21s), Accuracy: 75.000(81.477), Loss: 0.328(0.467), LR: 0.000225
[GPU cuda:0][TRAIN] Epoch: [9][2500/3100], Elapsed 12m 56s (remain 3m 5s), Accuracy: 50.000(81.547), Loss: 0.543(0.464), LR: 0.000224
[GPU cuda:0][TRAIN] Epoch: [9][2550/3100], Elapsed 13m 11s (remain 2m 50s), Accuracy: 75.000(81.566), Loss: 0.458(0.464), LR: 0.000223
[GPU cuda:0][TRAIN] Epoch: [9][2600/3100], Elapsed 13m 26s (remain 2m 34s), Accuracy: 100.000(81.719), Loss: 0.297(0.462), LR: 0.000222
[GPU cuda:0][TRAIN] Epoch: [9][2650/3100], Elapsed 13m 42s (remain 2m 19s), Accuracy: 75.000(81.799), Loss: 1.098(0.460), LR: 0.000221
[GPU cuda:0][TRAIN] Epoch: [9][2700/3100], Elapsed 13m 57s (remain 2m 3s), Accuracy: 75.000(81.831), Loss: 0.639(0.459), LR: 0.000220
[GPU cuda:0][TRAIN] Epoch: [9][2750/3100], Elapsed 14m 13s (remain 1m 48s), Accuracy: 75.000(81.798), Loss: 0.596(0.459), LR: 0.000220
[GPU cuda:0][TRAIN] Epoch: [9][2800/3100], Elapsed 14m 28s (remain 1m 32s), Accuracy: 25.000(81.765), Loss: 1.252(0.459), LR: 0.000219
[GPU cuda:0][TRAIN] Epoch: [9][2850/3100], Elapsed 14m 44s (remain 1m 17s), Accuracy: 50.000(81.857), Loss: 1.340(0.457), LR: 0.000218
[GPU cuda:0][TRAIN] Epoch: [9][2900/3100], Elapsed 14m 59s (remain 1m 1s), Accuracy: 100.000(81.911), Loss: 0.141(0.457), LR: 0.000217
[GPU cuda:0][TRAIN] Epoch: [9][2950/3100], Elapsed 15m 15s (remain 0m 46s), Accuracy: 100.000(81.947), Loss: 0.031(0.456), LR: 0.000216
[GPU cuda:0][TRAIN] Epoch: [9][3000/3100], Elapsed 15m 30s (remain 0m 30s), Accuracy: 50.000(82.056), Loss: 0.684(0.454), LR: 0.000216
[GPU cuda:0][TRAIN] Epoch: [9][3050/3100], Elapsed 15m 46s (remain 0m 15s), Accuracy: 75.000(82.096), Loss: 0.475(0.453), LR: 0.000215
[GPU cuda:0][TRAIN] Epoch: [9][3099/3100], Elapsed 16m 1s (remain 0m 0s), Accuracy: 50.000(82.105), Loss: 2.188(0.451), LR: 0.000214
[GPU cuda:0][VALID][0/388], Elapsed 0m 0s (remain 3m 19s), Accuracy: 87.500(87.500), Batch Loss: 0.2679, Average Loss: 0.2679
[GPU cuda:0][VALID][50/388], Elapsed 0m 12s (remain 1m 20s), Accuracy: 62.500(73.284), Batch Loss: 1.6254, Average Loss: 0.8079
[GPU cuda:0][VALID][100/388], Elapsed 0m 23s (remain 1m 7s), Accuracy: 75.000(72.772), Batch Loss: 0.8766, Average Loss: 0.8978
[GPU cuda:0][VALID][150/388], Elapsed 0m 35s (remain 0m 55s), Accuracy: 87.500(71.440), Batch Loss: 0.6386, Average Loss: 0.9054
[GPU cuda:0][VALID][200/388], Elapsed 0m 47s (remain 0m 43s), Accuracy: 100.000(71.580), Batch Loss: 0.1264, Average Loss: 0.8658
[GPU cuda:0][VALID][250/388], Elapsed 0m 58s (remain 0m 32s), Accuracy: 25.000(71.315), Batch Loss: 1.8514, Average Loss: 0.8703
[GPU cuda:0][VALID][300/388], Elapsed 1m 10s (remain 0m 20s), Accuracy: 62.500(71.346), Batch Loss: 0.6479, Average Loss: 0.8628
[GPU cuda:0][VALID][350/388], Elapsed 1m 22s (remain 0m 8s), Accuracy: 75.000(71.439), Batch Loss: 1.0448, Average Loss: 0.8686
[GPU cuda:0][VALID][387/388], Elapsed 1m 30s (remain 0m 0s), Accuracy: 50.000(71.553), Batch Loss: 1.3186, Average Loss: 0.8600
Valid Labels Samples: [2 0 1 4 1 0 3 1 4 3]
Valid Predictions Samples: [2, 0, 1, 4, 1, 1, 3, 1, 3, 1]
Epoch 9 - Train Average Loss: 82.105, Valid Average Loss: 71.553, Epoch Time: 1055.224s
Epoch 9 - Accuracy: 0.716, Precision: 0.717, Recall: 0.716
