[GPU 1]: Config File
{'id': 18, 'model_name': 'swin_large_patch4_window12_384_in22k', 'dropout': 0.5, 'size': 384, 'batch_size_t': 5, 'batch_size_v': 32, 'n_targets': 5, 'criterion': 'CrossEntropyLoss', 'gradient_accumulation_steps': 1, 'max_gradient_norm': None, 'optimizer': 'AdamW', 'scheduler': 'CosineAnnealingWarmRestarts', 'LR': 7e-05, 'T_0': 500, 'T_max': 10, 'T_mult': 5, 'min_lr': 1e-06, 'max_lr': 0.0001, 'no_batches': 'NA', 'warmup_epochs': 1, 'cosine_epochs': 14, 'epochs': 15, 'update_per_batch': True, 'num_workers': 4, 'n_folds': 5, 'train_transforms': [], 'valid_transforms': [], 'observations': None, 'use_swa': True, 'swa_lr': 0.01, 'swa_epoch': 0, 'use_sam': True, 'use_asam': True, 'asam_rho': 0.1, 'print_freq': 50, 'one_fold': True, 'use_apex': True, 'distributed_training': False, 'save_to_log': True}
================================================== Training Fold: 0 ==================================================
[GPU cuda:1][TRAIN] Epoch: [1][0/2480], Elapsed 0m 0s (remain 20m 26s), Accuracy: 0.000(0.000), Loss: 1.758(1.758), LR: 0.000070
[GPU cuda:1][TRAIN] Epoch: [1][50/2480], Elapsed 0m 14s (remain 11m 32s), Accuracy: 40.000(19.216), Loss: 1.594(1.662), LR: 0.000068
[GPU cuda:1][TRAIN] Epoch: [1][100/2480], Elapsed 0m 28s (remain 11m 15s), Accuracy: 20.000(20.198), Loss: 1.619(1.645), LR: 0.000063
[GPU cuda:1][TRAIN] Epoch: [1][150/2480], Elapsed 0m 42s (remain 11m 0s), Accuracy: 0.000(20.530), Loss: 1.610(1.637), LR: 0.000056
[GPU cuda:1][TRAIN] Epoch: [1][200/2480], Elapsed 0m 57s (remain 10m 46s), Accuracy: 0.000(20.896), Loss: 1.759(1.631), LR: 0.000046
[GPU cuda:1][TRAIN] Epoch: [1][250/2480], Elapsed 1m 11s (remain 10m 31s), Accuracy: 0.000(22.072), Loss: 1.619(1.622), LR: 0.000035
[GPU cuda:1][TRAIN] Epoch: [1][300/2480], Elapsed 1m 25s (remain 10m 17s), Accuracy: 0.000(23.123), Loss: 1.688(1.609), LR: 0.000025
[GPU cuda:1][TRAIN] Epoch: [1][350/2480], Elapsed 1m 39s (remain 10m 2s), Accuracy: 80.000(24.501), Loss: 1.172(1.593), LR: 0.000015
[GPU cuda:1][TRAIN] Epoch: [1][400/2480], Elapsed 1m 53s (remain 9m 48s), Accuracy: 60.000(26.534), Loss: 1.029(1.565), LR: 0.000007
[GPU cuda:1][TRAIN] Epoch: [1][450/2480], Elapsed 2m 7s (remain 9m 34s), Accuracy: 60.000(29.490), Loss: 1.319(1.530), LR: 0.000003
[GPU cuda:1][TRAIN] Epoch: [1][500/2480], Elapsed 2m 21s (remain 9m 20s), Accuracy: 20.000(31.218), Loss: 1.699(1.497), LR: 0.000070
[GPU cuda:1][TRAIN] Epoch: [1][550/2480], Elapsed 2m 36s (remain 9m 6s), Accuracy: 20.000(31.942), Loss: 1.452(1.490), LR: 0.000070
[GPU cuda:1][TRAIN] Epoch: [1][600/2480], Elapsed 2m 50s (remain 8m 52s), Accuracy: 60.000(32.779), Loss: 1.269(1.482), LR: 0.000070
[GPU cuda:1][TRAIN] Epoch: [1][650/2480], Elapsed 3m 4s (remain 8m 38s), Accuracy: 100.000(33.149), Loss: 0.944(1.476), LR: 0.000069
[GPU cuda:1][TRAIN] Epoch: [1][700/2480], Elapsed 3m 18s (remain 8m 24s), Accuracy: 60.000(33.666), Loss: 1.066(1.469), LR: 0.000069
[GPU cuda:1][TRAIN] Epoch: [1][750/2480], Elapsed 3m 32s (remain 8m 10s), Accuracy: 0.000(33.822), Loss: 1.471(1.464), LR: 0.000068
[GPU cuda:1][TRAIN] Epoch: [1][800/2480], Elapsed 3m 47s (remain 7m 55s), Accuracy: 60.000(34.657), Loss: 1.343(1.449), LR: 0.000068
[GPU cuda:1][TRAIN] Epoch: [1][850/2480], Elapsed 4m 1s (remain 7m 41s), Accuracy: 60.000(35.793), Loss: 1.075(1.424), LR: 0.000067
[GPU cuda:1][TRAIN] Epoch: [1][900/2480], Elapsed 4m 15s (remain 7m 27s), Accuracy: 80.000(36.781), Loss: 1.041(1.408), LR: 0.000066
[GPU cuda:1][TRAIN] Epoch: [1][950/2480], Elapsed 4m 29s (remain 7m 13s), Accuracy: 40.000(37.645), Loss: 1.083(1.391), LR: 0.000065
[GPU cuda:1][TRAIN] Epoch: [1][1000/2480], Elapsed 4m 43s (remain 6m 59s), Accuracy: 40.000(38.242), Loss: 1.582(1.374), LR: 0.000063
[GPU cuda:1][TRAIN] Epoch: [1][1050/2480], Elapsed 4m 58s (remain 6m 45s), Accuracy: 60.000(39.068), Loss: 1.229(1.359), LR: 0.000062
[GPU cuda:1][TRAIN] Epoch: [1][1100/2480], Elapsed 5m 12s (remain 6m 31s), Accuracy: 80.000(39.800), Loss: 0.864(1.346), LR: 0.000061
[GPU cuda:1][TRAIN] Epoch: [1][1150/2480], Elapsed 5m 26s (remain 6m 17s), Accuracy: 40.000(40.261), Loss: 1.421(1.333), LR: 0.000059
[GPU cuda:1][TRAIN] Epoch: [1][1200/2480], Elapsed 5m 40s (remain 6m 2s), Accuracy: 60.000(41.016), Loss: 0.946(1.317), LR: 0.000057
[GPU cuda:1][TRAIN] Epoch: [1][1250/2480], Elapsed 5m 54s (remain 5m 48s), Accuracy: 40.000(41.583), Loss: 0.916(1.306), LR: 0.000056
[GPU cuda:1][TRAIN] Epoch: [1][1300/2480], Elapsed 6m 9s (remain 5m 34s), Accuracy: 20.000(42.183), Loss: 1.606(1.293), LR: 0.000054
[GPU cuda:1][TRAIN] Epoch: [1][1350/2480], Elapsed 6m 23s (remain 5m 20s), Accuracy: 80.000(42.902), Loss: 0.638(1.280), LR: 0.000052
[GPU cuda:1][TRAIN] Epoch: [1][1400/2480], Elapsed 6m 37s (remain 5m 6s), Accuracy: 80.000(43.383), Loss: 0.669(1.273), LR: 0.000050
[GPU cuda:1][TRAIN] Epoch: [1][1450/2480], Elapsed 6m 51s (remain 4m 52s), Accuracy: 100.000(43.928), Loss: 0.533(1.260), LR: 0.000048
[GPU cuda:1][TRAIN] Epoch: [1][1500/2480], Elapsed 7m 5s (remain 4m 37s), Accuracy: 80.000(44.504), Loss: 0.348(1.248), LR: 0.000046
[GPU cuda:1][TRAIN] Epoch: [1][1550/2480], Elapsed 7m 20s (remain 4m 23s), Accuracy: 80.000(45.016), Loss: 0.700(1.239), LR: 0.000044
[GPU cuda:1][TRAIN] Epoch: [1][1600/2480], Elapsed 7m 34s (remain 4m 9s), Accuracy: 80.000(45.409), Loss: 0.758(1.231), LR: 0.000042
[GPU cuda:1][TRAIN] Epoch: [1][1650/2480], Elapsed 7m 48s (remain 3m 55s), Accuracy: 100.000(46.008), Loss: 0.324(1.217), LR: 0.000040
[GPU cuda:1][TRAIN] Epoch: [1][1700/2480], Elapsed 8m 2s (remain 3m 41s), Accuracy: 60.000(46.490), Loss: 0.586(1.208), LR: 0.000038
[GPU cuda:1][TRAIN] Epoch: [1][1750/2480], Elapsed 8m 17s (remain 3m 26s), Accuracy: 40.000(46.887), Loss: 1.479(1.200), LR: 0.000035
[GPU cuda:1][TRAIN] Epoch: [1][1800/2480], Elapsed 8m 31s (remain 3m 12s), Accuracy: 60.000(47.351), Loss: 0.813(1.189), LR: 0.000033
[GPU cuda:1][TRAIN] Epoch: [1][1850/2480], Elapsed 8m 45s (remain 2m 58s), Accuracy: 20.000(47.628), Loss: 1.200(1.182), LR: 0.000031
[GPU cuda:1][TRAIN] Epoch: [1][1900/2480], Elapsed 8m 59s (remain 2m 44s), Accuracy: 60.000(48.101), Loss: 0.721(1.172), LR: 0.000029
[GPU cuda:1][TRAIN] Epoch: [1][1950/2480], Elapsed 9m 13s (remain 2m 30s), Accuracy: 80.000(48.457), Loss: 0.649(1.165), LR: 0.000027
[GPU cuda:1][TRAIN] Epoch: [1][2000/2480], Elapsed 9m 27s (remain 2m 15s), Accuracy: 60.000(48.876), Loss: 0.934(1.155), LR: 0.000025
[GPU cuda:1][TRAIN] Epoch: [1][2050/2480], Elapsed 9m 42s (remain 2m 1s), Accuracy: 20.000(49.059), Loss: 1.492(1.152), LR: 0.000023
[GPU cuda:1][TRAIN] Epoch: [1][2100/2480], Elapsed 9m 56s (remain 1m 47s), Accuracy: 80.000(49.653), Loss: 0.880(1.141), LR: 0.000021
[GPU cuda:1][TRAIN] Epoch: [1][2150/2480], Elapsed 10m 10s (remain 1m 33s), Accuracy: 40.000(50.098), Loss: 1.128(1.131), LR: 0.000019
[GPU cuda:1][TRAIN] Epoch: [1][2200/2480], Elapsed 10m 24s (remain 1m 19s), Accuracy: 60.000(50.532), Loss: 0.839(1.122), LR: 0.000017
[GPU cuda:1][TRAIN] Epoch: [1][2250/2480], Elapsed 10m 38s (remain 1m 4s), Accuracy: 40.000(50.840), Loss: 1.004(1.115), LR: 0.000015
[GPU cuda:1][TRAIN] Epoch: [1][2300/2480], Elapsed 10m 53s (remain 0m 50s), Accuracy: 60.000(51.282), Loss: 0.634(1.107), LR: 0.000013
[GPU cuda:1][TRAIN] Epoch: [1][2350/2480], Elapsed 11m 7s (remain 0m 36s), Accuracy: 60.000(51.655), Loss: 0.806(1.100), LR: 0.000012
[GPU cuda:1][TRAIN] Epoch: [1][2400/2480], Elapsed 11m 21s (remain 0m 22s), Accuracy: 60.000(52.095), Loss: 1.763(1.092), LR: 0.000010
[GPU cuda:1][TRAIN] Epoch: [1][2450/2480], Elapsed 11m 35s (remain 0m 8s), Accuracy: 60.000(52.477), Loss: 0.567(1.084), LR: 0.000009
[GPU cuda:1][TRAIN] Epoch: [1][2479/2480], Elapsed 11m 43s (remain 0m 0s), Accuracy: 40.000(52.726), Loss: 1.997(1.080), LR: 0.000008
[GPU cuda:1][VALID][0/97], Elapsed 0m 1s (remain 2m 11s), Accuracy: 71.875(71.875), Batch Loss: 0.6630, Average Loss: 0.6630
[GPU cuda:1][VALID][50/97], Elapsed 0m 48s (remain 0m 43s), Accuracy: 84.375(74.449), Batch Loss: 0.4305, Average Loss: 0.6676
[GPU cuda:1][VALID][96/97], Elapsed 1m 32s (remain 0m 0s), Accuracy: 78.571(73.458), Batch Loss: 0.5085, Average Loss: 0.6725
Valid Labels Samples: [2 0 1 4 1 0 3 1 4 3]
Valid Predictions Samples: [2, 0, 1, 3, 1, 0, 3, 1, 3, 0]
Epoch 1 - Train Average Loss: 52.726, Valid Average Loss: 73.458, Epoch Time: 797.913s
Epoch 1 - Accuracy: 0.735, Precision: 0.740, Recall: 0.735
Saved Best Model: 0.73
[GPU cuda:1][TRAIN] Epoch: [2][0/2480], Elapsed 0m 0s (remain 25m 30s), Accuracy: 80.000(80.000), Loss: 0.761(0.761), LR: 0.000008
[GPU cuda:1][TRAIN] Epoch: [2][50/2480], Elapsed 0m 15s (remain 11m 55s), Accuracy: 40.000(72.941), Loss: 0.977(0.616), LR: 0.000007
[GPU cuda:1][TRAIN] Epoch: [2][100/2480], Elapsed 0m 29s (remain 11m 29s), Accuracy: 80.000(71.287), Loss: 0.608(0.664), LR: 0.000006
[GPU cuda:1][TRAIN] Epoch: [2][150/2480], Elapsed 0m 43s (remain 11m 10s), Accuracy: 20.000(70.331), Loss: 1.127(0.671), LR: 0.000005
[GPU cuda:1][TRAIN] Epoch: [2][200/2480], Elapsed 0m 57s (remain 10m 53s), Accuracy: 60.000(69.950), Loss: 0.798(0.691), LR: 0.000004
[GPU cuda:1][TRAIN] Epoch: [2][250/2480], Elapsed 1m 11s (remain 10m 37s), Accuracy: 100.000(70.916), Loss: 0.161(0.682), LR: 0.000003
[GPU cuda:1][TRAIN] Epoch: [2][300/2480], Elapsed 1m 25s (remain 10m 22s), Accuracy: 60.000(71.163), Loss: 1.072(0.686), LR: 0.000002
[GPU cuda:1][TRAIN] Epoch: [2][350/2480], Elapsed 1m 40s (remain 10m 7s), Accuracy: 80.000(70.541), Loss: 0.438(0.701), LR: 0.000002
[GPU cuda:1][TRAIN] Epoch: [2][400/2480], Elapsed 1m 54s (remain 9m 52s), Accuracy: 80.000(70.673), Loss: 0.596(0.698), LR: 0.000001
[GPU cuda:1][TRAIN] Epoch: [2][450/2480], Elapsed 2m 8s (remain 9m 38s), Accuracy: 60.000(70.776), Loss: 0.672(0.698), LR: 0.000001
[GPU cuda:1][TRAIN] Epoch: [2][500/2480], Elapsed 2m 22s (remain 9m 23s), Accuracy: 40.000(71.098), Loss: 0.904(0.692), LR: 0.000001
[GPU cuda:1][TRAIN] Epoch: [2][550/2480], Elapsed 2m 36s (remain 9m 9s), Accuracy: 60.000(70.345), Loss: 0.697(0.710), LR: 0.000070
[GPU cuda:1][TRAIN] Epoch: [2][600/2480], Elapsed 2m 51s (remain 8m 54s), Accuracy: 100.000(69.584), Loss: 0.175(0.732), LR: 0.000070
[GPU cuda:1][TRAIN] Epoch: [2][650/2480], Elapsed 3m 5s (remain 8m 40s), Accuracy: 100.000(68.971), Loss: 0.141(0.744), LR: 0.000070
[GPU cuda:1][TRAIN] Epoch: [2][700/2480], Elapsed 3m 19s (remain 8m 25s), Accuracy: 80.000(68.217), Loss: 0.647(0.762), LR: 0.000070
[GPU cuda:1][TRAIN] Epoch: [2][750/2480], Elapsed 3m 33s (remain 8m 11s), Accuracy: 60.000(67.776), Loss: 0.740(0.774), LR: 0.000070
[GPU cuda:1][TRAIN] Epoch: [2][800/2480], Elapsed 3m 47s (remain 7m 57s), Accuracy: 80.000(67.690), Loss: 0.823(0.779), LR: 0.000070
[GPU cuda:1][TRAIN] Epoch: [2][850/2480], Elapsed 4m 1s (remain 7m 42s), Accuracy: 60.000(67.662), Loss: 1.025(0.780), LR: 0.000070
[GPU cuda:1][TRAIN] Epoch: [2][900/2480], Elapsed 4m 16s (remain 7m 28s), Accuracy: 60.000(67.769), Loss: 1.221(0.781), LR: 0.000070
[GPU cuda:1][TRAIN] Epoch: [2][950/2480], Elapsed 4m 30s (remain 7m 14s), Accuracy: 60.000(67.382), Loss: 0.962(0.786), LR: 0.000070
[GPU cuda:1][TRAIN] Epoch: [2][1000/2480], Elapsed 4m 44s (remain 7m 0s), Accuracy: 60.000(67.113), Loss: 1.028(0.791), LR: 0.000070
[GPU cuda:1][TRAIN] Epoch: [2][1050/2480], Elapsed 4m 58s (remain 6m 45s), Accuracy: 60.000(66.832), Loss: 1.142(0.797), LR: 0.000070
[GPU cuda:1][TRAIN] Epoch: [2][1100/2480], Elapsed 5m 12s (remain 6m 31s), Accuracy: 100.000(67.030), Loss: 0.357(0.796), LR: 0.000070
[GPU cuda:1][TRAIN] Epoch: [2][1150/2480], Elapsed 5m 26s (remain 6m 17s), Accuracy: 40.000(66.811), Loss: 0.993(0.800), LR: 0.000070
[GPU cuda:1][TRAIN] Epoch: [2][1200/2480], Elapsed 5m 40s (remain 6m 3s), Accuracy: 60.000(66.628), Loss: 0.962(0.803), LR: 0.000069
[GPU cuda:1][TRAIN] Epoch: [2][1250/2480], Elapsed 5m 55s (remain 5m 48s), Accuracy: 60.000(66.491), Loss: 0.866(0.805), LR: 0.000069
[GPU cuda:1][TRAIN] Epoch: [2][1300/2480], Elapsed 6m 9s (remain 5m 34s), Accuracy: 60.000(66.318), Loss: 1.066(0.810), LR: 0.000069
[GPU cuda:1][TRAIN] Epoch: [2][1350/2480], Elapsed 6m 23s (remain 5m 20s), Accuracy: 100.000(66.425), Loss: 0.406(0.809), LR: 0.000069
[GPU cuda:1][TRAIN] Epoch: [2][1400/2480], Elapsed 6m 37s (remain 5m 6s), Accuracy: 80.000(66.367), Loss: 0.695(0.815), LR: 0.000069
[GPU cuda:1][TRAIN] Epoch: [2][1450/2480], Elapsed 6m 51s (remain 4m 51s), Accuracy: 80.000(66.230), Loss: 0.749(0.818), LR: 0.000069
[GPU cuda:1][TRAIN] Epoch: [2][1500/2480], Elapsed 7m 5s (remain 4m 37s), Accuracy: 100.000(66.196), Loss: 0.335(0.819), LR: 0.000069
[GPU cuda:1][TRAIN] Epoch: [2][1550/2480], Elapsed 7m 20s (remain 4m 23s), Accuracy: 100.000(66.035), Loss: 0.572(0.821), LR: 0.000069
[GPU cuda:1][TRAIN] Epoch: [2][1600/2480], Elapsed 7m 34s (remain 4m 9s), Accuracy: 80.000(66.034), Loss: 0.673(0.819), LR: 0.000069
[GPU cuda:1][TRAIN] Epoch: [2][1650/2480], Elapsed 7m 48s (remain 3m 55s), Accuracy: 80.000(66.118), Loss: 0.247(0.817), LR: 0.000069
[GPU cuda:1][TRAIN] Epoch: [2][1700/2480], Elapsed 8m 2s (remain 3m 40s), Accuracy: 80.000(66.126), Loss: 0.519(0.818), LR: 0.000068
[GPU cuda:1][TRAIN] Epoch: [2][1750/2480], Elapsed 8m 16s (remain 3m 26s), Accuracy: 40.000(65.985), Loss: 1.362(0.819), LR: 0.000068
[GPU cuda:1][TRAIN] Epoch: [2][1800/2480], Elapsed 8m 30s (remain 3m 12s), Accuracy: 80.000(66.063), Loss: 0.707(0.818), LR: 0.000068
[GPU cuda:1][TRAIN] Epoch: [2][1850/2480], Elapsed 8m 45s (remain 2m 58s), Accuracy: 60.000(65.835), Loss: 0.973(0.820), LR: 0.000068
[GPU cuda:1][TRAIN] Epoch: [2][1900/2480], Elapsed 8m 59s (remain 2m 44s), Accuracy: 80.000(65.807), Loss: 0.581(0.821), LR: 0.000068
[GPU cuda:1][TRAIN] Epoch: [2][1950/2480], Elapsed 9m 13s (remain 2m 30s), Accuracy: 80.000(65.669), Loss: 0.662(0.823), LR: 0.000068
[GPU cuda:1][TRAIN] Epoch: [2][2000/2480], Elapsed 9m 27s (remain 2m 15s), Accuracy: 80.000(65.717), Loss: 0.641(0.822), LR: 0.000068
[GPU cuda:1][TRAIN] Epoch: [2][2050/2480], Elapsed 9m 41s (remain 2m 1s), Accuracy: 40.000(65.627), Loss: 1.071(0.824), LR: 0.000067
[GPU cuda:1][TRAIN] Epoch: [2][2100/2480], Elapsed 9m 55s (remain 1m 47s), Accuracy: 80.000(65.778), Loss: 0.826(0.820), LR: 0.000067
[GPU cuda:1][TRAIN] Epoch: [2][2150/2480], Elapsed 10m 9s (remain 1m 33s), Accuracy: 60.000(65.848), Loss: 0.959(0.819), LR: 0.000067
[GPU cuda:1][TRAIN] Epoch: [2][2200/2480], Elapsed 10m 24s (remain 1m 19s), Accuracy: 60.000(65.806), Loss: 0.822(0.819), LR: 0.000067
[GPU cuda:1][TRAIN] Epoch: [2][2250/2480], Elapsed 10m 38s (remain 1m 4s), Accuracy: 60.000(65.829), Loss: 0.581(0.819), LR: 0.000067
[GPU cuda:1][TRAIN] Epoch: [2][2300/2480], Elapsed 10m 52s (remain 0m 50s), Accuracy: 40.000(65.754), Loss: 0.903(0.820), LR: 0.000067
[GPU cuda:1][TRAIN] Epoch: [2][2350/2480], Elapsed 11m 6s (remain 0m 36s), Accuracy: 80.000(65.793), Loss: 0.782(0.820), LR: 0.000066
[GPU cuda:1][TRAIN] Epoch: [2][2400/2480], Elapsed 11m 20s (remain 0m 22s), Accuracy: 60.000(65.856), Loss: 1.438(0.820), LR: 0.000066
[GPU cuda:1][TRAIN] Epoch: [2][2450/2480], Elapsed 11m 34s (remain 0m 8s), Accuracy: 60.000(65.973), Loss: 1.010(0.818), LR: 0.000066
[GPU cuda:1][TRAIN] Epoch: [2][2479/2480], Elapsed 11m 42s (remain 0m 0s), Accuracy: 20.000(65.976), Loss: 2.059(0.818), LR: 0.000066
[GPU cuda:1][VALID][0/97], Elapsed 0m 1s (remain 2m 11s), Accuracy: 71.875(71.875), Batch Loss: 0.6932, Average Loss: 0.6932
[GPU cuda:1][VALID][50/97], Elapsed 0m 48s (remain 0m 43s), Accuracy: 65.625(64.828), Batch Loss: 0.6549, Average Loss: 0.7979
[GPU cuda:1][VALID][96/97], Elapsed 1m 32s (remain 0m 0s), Accuracy: 71.429(65.943), Batch Loss: 0.5571, Average Loss: 0.7964
Valid Labels Samples: [2 0 1 4 1 0 3 1 4 3]
Valid Predictions Samples: [2, 0, 1, 4, 1, 0, 3, 1, 3, 0]
Epoch 2 - Train Average Loss: 65.976, Valid Average Loss: 65.943, Epoch Time: 797.240s
Epoch 2 - Accuracy: 0.659, Precision: 0.685, Recall: 0.659
[GPU cuda:1][TRAIN] Epoch: [3][0/2480], Elapsed 0m 0s (remain 25m 45s), Accuracy: 80.000(80.000), Loss: 0.772(0.772), LR: 0.000066
[GPU cuda:1][TRAIN] Epoch: [3][50/2480], Elapsed 0m 14s (remain 11m 53s), Accuracy: 60.000(71.373), Loss: 0.916(0.677), LR: 0.000066
[GPU cuda:1][TRAIN] Epoch: [3][100/2480], Elapsed 0m 29s (remain 11m 27s), Accuracy: 80.000(69.901), Loss: 0.513(0.733), LR: 0.000065
[GPU cuda:1][TRAIN] Epoch: [3][150/2480], Elapsed 0m 43s (remain 11m 8s), Accuracy: 40.000(68.079), Loss: 1.015(0.758), LR: 0.000065
[GPU cuda:1][TRAIN] Epoch: [3][200/2480], Elapsed 0m 57s (remain 10m 52s), Accuracy: 60.000(67.363), Loss: 0.734(0.785), LR: 0.000065
[GPU cuda:1][TRAIN] Epoch: [3][250/2480], Elapsed 1m 11s (remain 10m 37s), Accuracy: 60.000(67.012), Loss: 0.386(0.786), LR: 0.000065
[GPU cuda:1][TRAIN] Epoch: [3][300/2480], Elapsed 1m 25s (remain 10m 22s), Accuracy: 60.000(66.645), Loss: 1.247(0.787), LR: 0.000065
[GPU cuda:1][TRAIN] Epoch: [3][350/2480], Elapsed 1m 40s (remain 10m 7s), Accuracy: 60.000(66.496), Loss: 0.626(0.792), LR: 0.000064
[GPU cuda:1][TRAIN] Epoch: [3][400/2480], Elapsed 1m 54s (remain 9m 53s), Accuracy: 60.000(66.334), Loss: 0.828(0.794), LR: 0.000064
[GPU cuda:1][TRAIN] Epoch: [3][450/2480], Elapsed 2m 8s (remain 9m 38s), Accuracy: 60.000(66.519), Loss: 1.058(0.794), LR: 0.000064
[GPU cuda:1][TRAIN] Epoch: [3][500/2480], Elapsed 2m 22s (remain 9m 24s), Accuracy: 20.000(66.906), Loss: 1.538(0.785), LR: 0.000064
[GPU cuda:1][TRAIN] Epoch: [3][550/2480], Elapsed 2m 37s (remain 9m 9s), Accuracy: 100.000(67.005), Loss: 0.184(0.787), LR: 0.000063
[GPU cuda:1][TRAIN] Epoch: [3][600/2480], Elapsed 2m 51s (remain 8m 55s), Accuracy: 100.000(67.155), Loss: 0.100(0.787), LR: 0.000063
[GPU cuda:1][TRAIN] Epoch: [3][650/2480], Elapsed 3m 5s (remain 8m 40s), Accuracy: 80.000(67.435), Loss: 0.416(0.787), LR: 0.000063
[GPU cuda:1][TRAIN] Epoch: [3][700/2480], Elapsed 3m 19s (remain 8m 26s), Accuracy: 60.000(66.990), Loss: 0.756(0.795), LR: 0.000063
[GPU cuda:1][TRAIN] Epoch: [3][750/2480], Elapsed 3m 33s (remain 8m 12s), Accuracy: 80.000(67.190), Loss: 0.636(0.797), LR: 0.000062
[GPU cuda:1][TRAIN] Epoch: [3][800/2480], Elapsed 3m 48s (remain 7m 58s), Accuracy: 80.000(67.491), Loss: 0.755(0.792), LR: 0.000062
[GPU cuda:1][TRAIN] Epoch: [3][850/2480], Elapsed 4m 2s (remain 7m 43s), Accuracy: 80.000(67.427), Loss: 0.882(0.793), LR: 0.000062
[GPU cuda:1][TRAIN] Epoch: [3][900/2480], Elapsed 4m 16s (remain 7m 29s), Accuracy: 40.000(67.569), Loss: 1.061(0.788), LR: 0.000061
[GPU cuda:1][TRAIN] Epoch: [3][950/2480], Elapsed 4m 30s (remain 7m 15s), Accuracy: 60.000(67.760), Loss: 0.826(0.782), LR: 0.000061
[GPU cuda:1][TRAIN] Epoch: [3][1000/2480], Elapsed 4m 44s (remain 7m 1s), Accuracy: 80.000(67.712), Loss: 0.842(0.781), LR: 0.000061
[GPU cuda:1][TRAIN] Epoch: [3][1050/2480], Elapsed 4m 59s (remain 6m 46s), Accuracy: 60.000(67.935), Loss: 0.641(0.778), LR: 0.000061
[GPU cuda:1][TRAIN] Epoch: [3][1100/2480], Elapsed 5m 13s (remain 6m 32s), Accuracy: 100.000(68.084), Loss: 0.276(0.772), LR: 0.000060
[GPU cuda:1][TRAIN] Epoch: [3][1150/2480], Elapsed 5m 27s (remain 6m 18s), Accuracy: 40.000(68.202), Loss: 1.210(0.769), LR: 0.000060
[GPU cuda:1][TRAIN] Epoch: [3][1200/2480], Elapsed 5m 41s (remain 6m 4s), Accuracy: 60.000(68.293), Loss: 1.467(0.768), LR: 0.000060
[GPU cuda:1][TRAIN] Epoch: [3][1250/2480], Elapsed 5m 56s (remain 5m 49s), Accuracy: 40.000(68.297), Loss: 0.920(0.768), LR: 0.000059
[GPU cuda:1][TRAIN] Epoch: [3][1300/2480], Elapsed 6m 10s (remain 5m 35s), Accuracy: 80.000(68.470), Loss: 0.600(0.764), LR: 0.000059
[GPU cuda:1][TRAIN] Epoch: [3][1350/2480], Elapsed 6m 24s (remain 5m 21s), Accuracy: 60.000(68.512), Loss: 0.540(0.763), LR: 0.000059
[GPU cuda:1][TRAIN] Epoch: [3][1400/2480], Elapsed 6m 38s (remain 5m 7s), Accuracy: 80.000(68.394), Loss: 0.323(0.765), LR: 0.000058
[GPU cuda:1][TRAIN] Epoch: [3][1450/2480], Elapsed 6m 52s (remain 4m 52s), Accuracy: 80.000(68.546), Loss: 0.677(0.763), LR: 0.000058
[GPU cuda:1][TRAIN] Epoch: [3][1500/2480], Elapsed 7m 7s (remain 4m 38s), Accuracy: 80.000(68.514), Loss: 0.686(0.763), LR: 0.000058
[GPU cuda:1][TRAIN] Epoch: [3][1550/2480], Elapsed 7m 21s (remain 4m 24s), Accuracy: 80.000(68.562), Loss: 0.460(0.763), LR: 0.000057
[GPU cuda:1][TRAIN] Epoch: [3][1600/2480], Elapsed 7m 35s (remain 4m 10s), Accuracy: 60.000(68.720), Loss: 0.578(0.761), LR: 0.000057
[GPU cuda:1][TRAIN] Epoch: [3][1650/2480], Elapsed 7m 49s (remain 3m 55s), Accuracy: 80.000(68.928), Loss: 0.394(0.757), LR: 0.000057
[GPU cuda:1][TRAIN] Epoch: [3][1700/2480], Elapsed 8m 4s (remain 3m 41s), Accuracy: 80.000(68.948), Loss: 0.425(0.756), LR: 0.000056
[GPU cuda:1][TRAIN] Epoch: [3][1750/2480], Elapsed 8m 18s (remain 3m 27s), Accuracy: 60.000(69.058), Loss: 1.530(0.756), LR: 0.000056
[GPU cuda:1][TRAIN] Epoch: [3][1800/2480], Elapsed 8m 32s (remain 3m 13s), Accuracy: 80.000(69.095), Loss: 0.671(0.755), LR: 0.000056
[GPU cuda:1][TRAIN] Epoch: [3][1850/2480], Elapsed 8m 46s (remain 2m 59s), Accuracy: 80.000(69.044), Loss: 0.866(0.754), LR: 0.000055
[GPU cuda:1][TRAIN] Epoch: [3][1900/2480], Elapsed 9m 1s (remain 2m 44s), Accuracy: 80.000(69.100), Loss: 0.451(0.753), LR: 0.000055
[GPU cuda:1][TRAIN] Epoch: [3][1950/2480], Elapsed 9m 15s (remain 2m 30s), Accuracy: 100.000(69.011), Loss: 0.327(0.755), LR: 0.000055
[GPU cuda:1][TRAIN] Epoch: [3][2000/2480], Elapsed 9m 29s (remain 2m 16s), Accuracy: 60.000(69.095), Loss: 0.780(0.753), LR: 0.000054
[GPU cuda:1][TRAIN] Epoch: [3][2050/2480], Elapsed 9m 43s (remain 2m 2s), Accuracy: 60.000(69.049), Loss: 1.013(0.755), LR: 0.000054
[GPU cuda:1][TRAIN] Epoch: [3][2100/2480], Elapsed 9m 58s (remain 1m 47s), Accuracy: 80.000(69.300), Loss: 0.400(0.750), LR: 0.000054
[GPU cuda:1][TRAIN] Epoch: [3][2150/2480], Elapsed 10m 12s (remain 1m 33s), Accuracy: 60.000(69.447), Loss: 0.764(0.747), LR: 0.000053
[GPU cuda:1][TRAIN] Epoch: [3][2200/2480], Elapsed 10m 26s (remain 1m 19s), Accuracy: 60.000(69.478), Loss: 0.793(0.747), LR: 0.000053
[GPU cuda:1][TRAIN] Epoch: [3][2250/2480], Elapsed 10m 40s (remain 1m 5s), Accuracy: 60.000(69.498), Loss: 0.690(0.746), LR: 0.000052
[GPU cuda:1][TRAIN] Epoch: [3][2300/2480], Elapsed 10m 55s (remain 0m 50s), Accuracy: 80.000(69.570), Loss: 0.520(0.744), LR: 0.000052
[GPU cuda:1][TRAIN] Epoch: [3][2350/2480], Elapsed 11m 9s (remain 0m 36s), Accuracy: 80.000(69.604), Loss: 0.528(0.743), LR: 0.000052
[GPU cuda:1][TRAIN] Epoch: [3][2400/2480], Elapsed 11m 23s (remain 0m 22s), Accuracy: 60.000(69.704), Loss: 0.922(0.742), LR: 0.000051
[GPU cuda:1][TRAIN] Epoch: [3][2450/2480], Elapsed 11m 37s (remain 0m 8s), Accuracy: 60.000(69.784), Loss: 0.797(0.740), LR: 0.000051
[GPU cuda:1][TRAIN] Epoch: [3][2479/2480], Elapsed 11m 45s (remain 0m 0s), Accuracy: 40.000(69.847), Loss: 1.562(0.739), LR: 0.000051
[GPU cuda:1][VALID][0/97], Elapsed 0m 1s (remain 2m 11s), Accuracy: 68.750(68.750), Batch Loss: 0.9822, Average Loss: 0.9822
[GPU cuda:1][VALID][50/97], Elapsed 0m 48s (remain 0m 44s), Accuracy: 65.625(62.132), Batch Loss: 1.0730, Average Loss: 1.0474
[GPU cuda:1][VALID][96/97], Elapsed 1m 32s (remain 0m 0s), Accuracy: 64.286(62.164), Batch Loss: 1.0670, Average Loss: 1.0737
Valid Labels Samples: [2 0 1 4 1 0 3 1 4 3]
Valid Predictions Samples: [2, 0, 1, 4, 1, 0, 3, 2, 3, 1]
Epoch 3 - Train Average Loss: 69.847, Valid Average Loss: 62.164, Epoch Time: 800.919s
Epoch 3 - Accuracy: 0.622, Precision: 0.655, Recall: 0.622
[GPU cuda:1][TRAIN] Epoch: [4][0/2480], Elapsed 0m 0s (remain 25m 46s), Accuracy: 60.000(60.000), Loss: 0.875(0.875), LR: 0.000051
[GPU cuda:1][TRAIN] Epoch: [4][50/2480], Elapsed 0m 15s (remain 11m 57s), Accuracy: 60.000(72.941), Loss: 1.080(0.647), LR: 0.000050
[GPU cuda:1][TRAIN] Epoch: [4][100/2480], Elapsed 0m 29s (remain 11m 31s), Accuracy: 80.000(67.921), Loss: 0.557(0.711), LR: 0.000050
[GPU cuda:1][TRAIN] Epoch: [4][150/2480], Elapsed 0m 43s (remain 11m 12s), Accuracy: 60.000(68.874), Loss: 0.808(0.709), LR: 0.000049
[GPU cuda:1][TRAIN] Epoch: [4][200/2480], Elapsed 0m 57s (remain 10m 55s), Accuracy: 80.000(69.652), Loss: 0.648(0.713), LR: 0.000049
[GPU cuda:1][TRAIN] Epoch: [4][250/2480], Elapsed 1m 12s (remain 10m 39s), Accuracy: 100.000(70.598), Loss: 0.126(0.696), LR: 0.000049
[GPU cuda:1][TRAIN] Epoch: [4][300/2480], Elapsed 1m 26s (remain 10m 24s), Accuracy: 20.000(70.631), Loss: 1.597(0.702), LR: 0.000048
[GPU cuda:1][TRAIN] Epoch: [4][350/2480], Elapsed 1m 40s (remain 10m 9s), Accuracy: 60.000(69.972), Loss: 0.982(0.711), LR: 0.000048
[GPU cuda:1][TRAIN] Epoch: [4][400/2480], Elapsed 1m 54s (remain 9m 54s), Accuracy: 60.000(70.524), Loss: 0.679(0.710), LR: 0.000047
[GPU cuda:1][TRAIN] Epoch: [4][450/2480], Elapsed 2m 8s (remain 9m 39s), Accuracy: 80.000(70.865), Loss: 0.387(0.705), LR: 0.000047
[GPU cuda:1][TRAIN] Epoch: [4][500/2480], Elapsed 2m 23s (remain 9m 25s), Accuracy: 20.000(71.257), Loss: 0.986(0.692), LR: 0.000047
[GPU cuda:1][TRAIN] Epoch: [4][550/2480], Elapsed 2m 37s (remain 9m 10s), Accuracy: 100.000(71.143), Loss: 0.059(0.694), LR: 0.000046
[GPU cuda:1][TRAIN] Epoch: [4][600/2480], Elapsed 2m 51s (remain 8m 56s), Accuracy: 100.000(71.281), Loss: 0.051(0.693), LR: 0.000046
[GPU cuda:1][TRAIN] Epoch: [4][650/2480], Elapsed 3m 5s (remain 8m 41s), Accuracy: 100.000(71.244), Loss: 0.035(0.693), LR: 0.000045
[GPU cuda:1][TRAIN] Epoch: [4][700/2480], Elapsed 3m 19s (remain 8m 27s), Accuracy: 100.000(71.213), Loss: 0.369(0.696), LR: 0.000045
[GPU cuda:1][TRAIN] Epoch: [4][750/2480], Elapsed 3m 33s (remain 8m 12s), Accuracy: 80.000(71.212), Loss: 0.406(0.698), LR: 0.000045
[GPU cuda:1][TRAIN] Epoch: [4][800/2480], Elapsed 3m 48s (remain 7m 58s), Accuracy: 60.000(71.186), Loss: 0.833(0.697), LR: 0.000044
[GPU cuda:1][TRAIN] Epoch: [4][850/2480], Elapsed 4m 2s (remain 7m 43s), Accuracy: 60.000(71.375), Loss: 0.582(0.691), LR: 0.000044
[GPU cuda:1][TRAIN] Epoch: [4][900/2480], Elapsed 4m 16s (remain 7m 29s), Accuracy: 80.000(71.676), Loss: 1.171(0.685), LR: 0.000043
[GPU cuda:1][TRAIN] Epoch: [4][950/2480], Elapsed 4m 30s (remain 7m 15s), Accuracy: 60.000(71.882), Loss: 0.820(0.680), LR: 0.000043
[GPU cuda:1][TRAIN] Epoch: [4][1000/2480], Elapsed 4m 44s (remain 7m 0s), Accuracy: 80.000(71.788), Loss: 0.846(0.682), LR: 0.000042
[GPU cuda:1][TRAIN] Epoch: [4][1050/2480], Elapsed 4m 59s (remain 6m 46s), Accuracy: 80.000(71.931), Loss: 0.595(0.678), LR: 0.000042
[GPU cuda:1][TRAIN] Epoch: [4][1100/2480], Elapsed 5m 13s (remain 6m 32s), Accuracy: 80.000(72.098), Loss: 0.233(0.672), LR: 0.000042
[GPU cuda:1][TRAIN] Epoch: [4][1150/2480], Elapsed 5m 27s (remain 6m 18s), Accuracy: 60.000(72.163), Loss: 0.948(0.671), LR: 0.000041
[GPU cuda:1][TRAIN] Epoch: [4][1200/2480], Elapsed 5m 41s (remain 6m 3s), Accuracy: 40.000(72.240), Loss: 1.256(0.668), LR: 0.000041
[GPU cuda:1][TRAIN] Epoch: [4][1250/2480], Elapsed 5m 55s (remain 5m 49s), Accuracy: 40.000(72.166), Loss: 1.086(0.669), LR: 0.000040
[GPU cuda:1][TRAIN] Epoch: [4][1300/2480], Elapsed 6m 9s (remain 5m 35s), Accuracy: 80.000(72.267), Loss: 0.657(0.666), LR: 0.000040
[GPU cuda:1][TRAIN] Epoch: [4][1350/2480], Elapsed 6m 24s (remain 5m 20s), Accuracy: 100.000(72.450), Loss: 0.110(0.662), LR: 0.000039
[GPU cuda:1][TRAIN] Epoch: [4][1400/2480], Elapsed 6m 38s (remain 5m 6s), Accuracy: 100.000(72.448), Loss: 0.342(0.664), LR: 0.000039
[GPU cuda:1][TRAIN] Epoch: [4][1450/2480], Elapsed 6m 52s (remain 4m 52s), Accuracy: 80.000(72.529), Loss: 0.549(0.663), LR: 0.000039
[GPU cuda:1][TRAIN] Epoch: [4][1500/2480], Elapsed 7m 6s (remain 4m 38s), Accuracy: 100.000(72.592), Loss: 0.138(0.663), LR: 0.000038
[GPU cuda:1][TRAIN] Epoch: [4][1550/2480], Elapsed 7m 20s (remain 4m 23s), Accuracy: 80.000(72.676), Loss: 0.362(0.662), LR: 0.000038
[GPU cuda:1][TRAIN] Epoch: [4][1600/2480], Elapsed 7m 34s (remain 4m 9s), Accuracy: 80.000(72.867), Loss: 0.547(0.661), LR: 0.000037
[GPU cuda:1][TRAIN] Epoch: [4][1650/2480], Elapsed 7m 49s (remain 3m 55s), Accuracy: 100.000(73.071), Loss: 0.222(0.657), LR: 0.000037
[GPU cuda:1][TRAIN] Epoch: [4][1700/2480], Elapsed 8m 3s (remain 3m 41s), Accuracy: 80.000(73.133), Loss: 0.409(0.656), LR: 0.000036
[GPU cuda:1][TRAIN] Epoch: [4][1750/2480], Elapsed 8m 17s (remain 3m 27s), Accuracy: 60.000(73.170), Loss: 0.960(0.655), LR: 0.000036
[GPU cuda:1][TRAIN] Epoch: [4][1800/2480], Elapsed 8m 31s (remain 3m 12s), Accuracy: 80.000(73.282), Loss: 0.360(0.651), LR: 0.000036
[GPU cuda:1][TRAIN] Epoch: [4][1850/2480], Elapsed 8m 45s (remain 2m 58s), Accuracy: 60.000(73.333), Loss: 0.674(0.651), LR: 0.000035
[GPU cuda:1][TRAIN] Epoch: [4][1900/2480], Elapsed 8m 59s (remain 2m 44s), Accuracy: 60.000(73.267), Loss: 0.549(0.651), LR: 0.000035
[GPU cuda:1][TRAIN] Epoch: [4][1950/2480], Elapsed 9m 13s (remain 2m 30s), Accuracy: 80.000(73.173), Loss: 0.436(0.654), LR: 0.000034
[GPU cuda:1][TRAIN] Epoch: [4][2000/2480], Elapsed 9m 28s (remain 2m 15s), Accuracy: 80.000(73.193), Loss: 0.620(0.652), LR: 0.000034
[GPU cuda:1][TRAIN] Epoch: [4][2050/2480], Elapsed 9m 42s (remain 2m 1s), Accuracy: 20.000(73.213), Loss: 1.425(0.652), LR: 0.000033
[GPU cuda:1][TRAIN] Epoch: [4][2100/2480], Elapsed 9m 56s (remain 1m 47s), Accuracy: 80.000(73.422), Loss: 0.647(0.648), LR: 0.000033
[GPU cuda:1][TRAIN] Epoch: [4][2150/2480], Elapsed 10m 10s (remain 1m 33s), Accuracy: 80.000(73.566), Loss: 0.678(0.645), LR: 0.000033
[GPU cuda:1][TRAIN] Epoch: [4][2200/2480], Elapsed 10m 24s (remain 1m 19s), Accuracy: 60.000(73.712), Loss: 0.743(0.644), LR: 0.000032
[GPU cuda:1][TRAIN] Epoch: [4][2250/2480], Elapsed 10m 38s (remain 1m 4s), Accuracy: 60.000(73.692), Loss: 0.909(0.644), LR: 0.000032
[GPU cuda:1][TRAIN] Epoch: [4][2300/2480], Elapsed 10m 52s (remain 0m 50s), Accuracy: 80.000(73.751), Loss: 0.447(0.643), LR: 0.000031
[GPU cuda:1][TRAIN] Epoch: [4][2350/2480], Elapsed 11m 7s (remain 0m 36s), Accuracy: 80.000(73.832), Loss: 0.475(0.642), LR: 0.000031
[GPU cuda:1][TRAIN] Epoch: [4][2400/2480], Elapsed 11m 21s (remain 0m 22s), Accuracy: 60.000(73.936), Loss: 1.240(0.640), LR: 0.000030
[GPU cuda:1][TRAIN] Epoch: [4][2450/2480], Elapsed 11m 35s (remain 0m 8s), Accuracy: 80.000(74.043), Loss: 0.509(0.638), LR: 0.000030
[GPU cuda:1][TRAIN] Epoch: [4][2479/2480], Elapsed 11m 43s (remain 0m 0s), Accuracy: 40.000(74.073), Loss: 1.645(0.638), LR: 0.000030
[GPU cuda:1][VALID][0/97], Elapsed 0m 1s (remain 2m 10s), Accuracy: 78.125(78.125), Batch Loss: 0.6029, Average Loss: 0.6029
[GPU cuda:1][VALID][50/97], Elapsed 0m 48s (remain 0m 43s), Accuracy: 81.250(75.551), Batch Loss: 0.3431, Average Loss: 0.6161
[GPU cuda:1][VALID][96/97], Elapsed 1m 32s (remain 0m 0s), Accuracy: 78.571(74.940), Batch Loss: 0.4955, Average Loss: 0.6307
Valid Labels Samples: [2 0 1 4 1 0 3 1 4 3]
Valid Predictions Samples: [2, 0, 1, 3, 1, 0, 3, 1, 3, 0]
Epoch 4 - Train Average Loss: 74.073, Valid Average Loss: 74.940, Epoch Time: 797.862s
Epoch 4 - Accuracy: 0.749, Precision: 0.752, Recall: 0.749
Saved Best Model: 0.75
[GPU cuda:1][TRAIN] Epoch: [5][0/2480], Elapsed 0m 0s (remain 26m 22s), Accuracy: 100.000(100.000), Loss: 0.275(0.275), LR: 0.000030
[GPU cuda:1][TRAIN] Epoch: [5][50/2480], Elapsed 0m 15s (remain 11m 54s), Accuracy: 60.000(78.824), Loss: 1.079(0.496), LR: 0.000029
[GPU cuda:1][TRAIN] Epoch: [5][100/2480], Elapsed 0m 29s (remain 11m 27s), Accuracy: 80.000(76.238), Loss: 0.771(0.557), LR: 0.000029
[GPU cuda:1][TRAIN] Epoch: [5][150/2480], Elapsed 0m 43s (remain 11m 8s), Accuracy: 40.000(76.291), Loss: 0.968(0.570), LR: 0.000028
[GPU cuda:1][TRAIN] Epoch: [5][200/2480], Elapsed 0m 57s (remain 10m 52s), Accuracy: 100.000(75.323), Loss: 0.426(0.595), LR: 0.000028
[GPU cuda:1][TRAIN] Epoch: [5][250/2480], Elapsed 1m 11s (remain 10m 37s), Accuracy: 100.000(76.255), Loss: 0.067(0.581), LR: 0.000028
[GPU cuda:1][TRAIN] Epoch: [5][300/2480], Elapsed 1m 25s (remain 10m 22s), Accuracy: 40.000(76.545), Loss: 0.992(0.572), LR: 0.000027
[GPU cuda:1][TRAIN] Epoch: [5][350/2480], Elapsed 1m 40s (remain 10m 7s), Accuracy: 80.000(75.897), Loss: 0.413(0.585), LR: 0.000027
[GPU cuda:1][TRAIN] Epoch: [5][400/2480], Elapsed 1m 54s (remain 9m 52s), Accuracy: 60.000(76.259), Loss: 0.787(0.581), LR: 0.000026
[GPU cuda:1][TRAIN] Epoch: [5][450/2480], Elapsed 2m 8s (remain 9m 38s), Accuracy: 100.000(76.053), Loss: 0.309(0.584), LR: 0.000026
[GPU cuda:1][TRAIN] Epoch: [5][500/2480], Elapsed 2m 22s (remain 9m 24s), Accuracy: 60.000(76.208), Loss: 0.733(0.578), LR: 0.000025
[GPU cuda:1][TRAIN] Epoch: [5][550/2480], Elapsed 2m 37s (remain 9m 9s), Accuracy: 100.000(76.044), Loss: 0.058(0.584), LR: 0.000025
[GPU cuda:1][TRAIN] Epoch: [5][600/2480], Elapsed 2m 51s (remain 8m 55s), Accuracy: 100.000(75.973), Loss: 0.063(0.587), LR: 0.000025
[GPU cuda:1][TRAIN] Epoch: [5][650/2480], Elapsed 3m 5s (remain 8m 41s), Accuracy: 100.000(76.006), Loss: 0.078(0.587), LR: 0.000024
[GPU cuda:1][TRAIN] Epoch: [5][700/2480], Elapsed 3m 19s (remain 8m 26s), Accuracy: 100.000(75.663), Loss: 0.199(0.594), LR: 0.000024
[GPU cuda:1][TRAIN] Epoch: [5][750/2480], Elapsed 3m 33s (remain 8m 12s), Accuracy: 80.000(75.792), Loss: 0.265(0.592), LR: 0.000023
[GPU cuda:1][TRAIN] Epoch: [5][800/2480], Elapsed 3m 48s (remain 7m 58s), Accuracy: 80.000(75.905), Loss: 0.394(0.589), LR: 0.000023
[GPU cuda:1][TRAIN] Epoch: [5][850/2480], Elapsed 4m 2s (remain 7m 43s), Accuracy: 60.000(76.075), Loss: 0.617(0.584), LR: 0.000023
[GPU cuda:1][TRAIN] Epoch: [5][900/2480], Elapsed 4m 16s (remain 7m 29s), Accuracy: 80.000(76.271), Loss: 0.790(0.582), LR: 0.000022
[GPU cuda:1][TRAIN] Epoch: [5][950/2480], Elapsed 4m 30s (remain 7m 15s), Accuracy: 60.000(76.593), Loss: 0.719(0.576), LR: 0.000022
[GPU cuda:1][TRAIN] Epoch: [5][1000/2480], Elapsed 4m 45s (remain 7m 1s), Accuracy: 60.000(76.623), Loss: 1.020(0.576), LR: 0.000021
[GPU cuda:1][TRAIN] Epoch: [5][1050/2480], Elapsed 4m 59s (remain 6m 46s), Accuracy: 60.000(76.746), Loss: 0.472(0.573), LR: 0.000021
[GPU cuda:1][TRAIN] Epoch: [5][1100/2480], Elapsed 5m 13s (remain 6m 32s), Accuracy: 80.000(76.894), Loss: 0.230(0.567), LR: 0.000021
[GPU cuda:1][TRAIN] Epoch: [5][1150/2480], Elapsed 5m 27s (remain 6m 18s), Accuracy: 80.000(76.977), Loss: 0.411(0.565), LR: 0.000020
[GPU cuda:1][TRAIN] Epoch: [5][1200/2480], Elapsed 5m 41s (remain 6m 4s), Accuracy: 100.000(77.102), Loss: 0.372(0.561), LR: 0.000020
[GPU cuda:1][TRAIN] Epoch: [5][1250/2480], Elapsed 5m 56s (remain 5m 49s), Accuracy: 40.000(76.978), Loss: 0.944(0.563), LR: 0.000019
[GPU cuda:1][TRAIN] Epoch: [5][1300/2480], Elapsed 6m 10s (remain 5m 35s), Accuracy: 80.000(77.079), Loss: 0.491(0.561), LR: 0.000019
[GPU cuda:1][TRAIN] Epoch: [5][1350/2480], Elapsed 6m 24s (remain 5m 21s), Accuracy: 100.000(77.306), Loss: 0.170(0.558), LR: 0.000019
[GPU cuda:1][TRAIN] Epoch: [5][1400/2480], Elapsed 6m 38s (remain 5m 7s), Accuracy: 80.000(77.273), Loss: 0.281(0.559), LR: 0.000018
[GPU cuda:1][TRAIN] Epoch: [5][1450/2480], Elapsed 6m 52s (remain 4m 52s), Accuracy: 80.000(77.409), Loss: 0.372(0.557), LR: 0.000018
[GPU cuda:1][TRAIN] Epoch: [5][1500/2480], Elapsed 7m 7s (remain 4m 38s), Accuracy: 100.000(77.415), Loss: 0.045(0.557), LR: 0.000018
[GPU cuda:1][TRAIN] Epoch: [5][1550/2480], Elapsed 7m 21s (remain 4m 24s), Accuracy: 100.000(77.344), Loss: 0.309(0.558), LR: 0.000017
[GPU cuda:1][TRAIN] Epoch: [5][1600/2480], Elapsed 7m 35s (remain 4m 10s), Accuracy: 60.000(77.402), Loss: 0.877(0.557), LR: 0.000017
[GPU cuda:1][TRAIN] Epoch: [5][1650/2480], Elapsed 7m 49s (remain 3m 55s), Accuracy: 100.000(77.541), Loss: 0.196(0.553), LR: 0.000016
[GPU cuda:1][TRAIN] Epoch: [5][1700/2480], Elapsed 8m 3s (remain 3m 41s), Accuracy: 80.000(77.543), Loss: 0.385(0.554), LR: 0.000016
[GPU cuda:1][TRAIN] Epoch: [5][1750/2480], Elapsed 8m 18s (remain 3m 27s), Accuracy: 60.000(77.670), Loss: 0.641(0.552), LR: 0.000016
[GPU cuda:1][TRAIN] Epoch: [5][1800/2480], Elapsed 8m 32s (remain 3m 13s), Accuracy: 80.000(77.746), Loss: 0.214(0.550), LR: 0.000015
[GPU cuda:1][TRAIN] Epoch: [5][1850/2480], Elapsed 8m 46s (remain 2m 58s), Accuracy: 100.000(77.796), Loss: 0.447(0.550), LR: 0.000015
[GPU cuda:1][TRAIN] Epoch: [5][1900/2480], Elapsed 9m 0s (remain 2m 44s), Accuracy: 60.000(77.854), Loss: 0.495(0.548), LR: 0.000015
[GPU cuda:1][TRAIN] Epoch: [5][1950/2480], Elapsed 9m 14s (remain 2m 30s), Accuracy: 80.000(77.724), Loss: 0.271(0.551), LR: 0.000014
[GPU cuda:1][TRAIN] Epoch: [5][2000/2480], Elapsed 9m 28s (remain 2m 16s), Accuracy: 100.000(77.801), Loss: 0.410(0.550), LR: 0.000014
[GPU cuda:1][TRAIN] Epoch: [5][2050/2480], Elapsed 9m 43s (remain 2m 1s), Accuracy: 40.000(77.874), Loss: 0.991(0.549), LR: 0.000014
[GPU cuda:1][TRAIN] Epoch: [5][2100/2480], Elapsed 9m 57s (remain 1m 47s), Accuracy: 80.000(78.125), Loss: 0.215(0.544), LR: 0.000013
[GPU cuda:1][TRAIN] Epoch: [5][2150/2480], Elapsed 10m 11s (remain 1m 33s), Accuracy: 80.000(78.243), Loss: 0.519(0.541), LR: 0.000013
[GPU cuda:1][TRAIN] Epoch: [5][2200/2480], Elapsed 10m 25s (remain 1m 19s), Accuracy: 60.000(78.292), Loss: 0.871(0.540), LR: 0.000013
[GPU cuda:1][TRAIN] Epoch: [5][2250/2480], Elapsed 10m 39s (remain 1m 5s), Accuracy: 60.000(78.205), Loss: 1.157(0.540), LR: 0.000012
[GPU cuda:1][TRAIN] Epoch: [5][2300/2480], Elapsed 10m 53s (remain 0m 50s), Accuracy: 80.000(78.288), Loss: 0.431(0.539), LR: 0.000012
[GPU cuda:1][TRAIN] Epoch: [5][2350/2480], Elapsed 11m 8s (remain 0m 36s), Accuracy: 100.000(78.333), Loss: 0.296(0.538), LR: 0.000012
[GPU cuda:1][TRAIN] Epoch: [5][2400/2480], Elapsed 11m 22s (remain 0m 22s), Accuracy: 60.000(78.442), Loss: 0.940(0.536), LR: 0.000011
[GPU cuda:1][TRAIN] Epoch: [5][2450/2480], Elapsed 11m 36s (remain 0m 8s), Accuracy: 80.000(78.523), Loss: 0.354(0.535), LR: 0.000011
[GPU cuda:1][TRAIN] Epoch: [5][2479/2480], Elapsed 11m 44s (remain 0m 0s), Accuracy: 60.000(78.556), Loss: 1.143(0.534), LR: 0.000011
[GPU cuda:1][VALID][0/97], Elapsed 0m 1s (remain 2m 13s), Accuracy: 78.125(78.125), Batch Loss: 0.5849, Average Loss: 0.5849
[GPU cuda:1][VALID][50/97], Elapsed 0m 48s (remain 0m 43s), Accuracy: 84.375(76.532), Batch Loss: 0.3160, Average Loss: 0.6021
[GPU cuda:1][VALID][96/97], Elapsed 1m 32s (remain 0m 0s), Accuracy: 78.571(76.422), Batch Loss: 0.4289, Average Loss: 0.6124
Valid Labels Samples: [2 0 1 4 1 0 3 1 4 3]
Valid Predictions Samples: [2, 0, 1, 3, 1, 0, 3, 1, 3, 0]
Epoch 5 - Train Average Loss: 78.556, Valid Average Loss: 76.422, Epoch Time: 799.094s
Epoch 5 - Accuracy: 0.764, Precision: 0.767, Recall: 0.764
Saved Best Model: 0.76
[GPU cuda:1][TRAIN] Epoch: [6][0/2480], Elapsed 0m 0s (remain 26m 30s), Accuracy: 100.000(100.000), Loss: 0.204(0.204), LR: 0.000011
[GPU cuda:1][TRAIN] Epoch: [6][50/2480], Elapsed 0m 14s (remain 11m 54s), Accuracy: 60.000(82.745), Loss: 0.819(0.386), LR: 0.000011
[GPU cuda:1][TRAIN] Epoch: [6][100/2480], Elapsed 0m 29s (remain 11m 27s), Accuracy: 60.000(81.188), Loss: 0.750(0.450), LR: 0.000010
[GPU cuda:1][TRAIN] Epoch: [6][150/2480], Elapsed 0m 43s (remain 11m 8s), Accuracy: 60.000(81.325), Loss: 0.867(0.445), LR: 0.000010
[GPU cuda:1][TRAIN] Epoch: [6][200/2480], Elapsed 0m 57s (remain 10m 52s), Accuracy: 100.000(80.100), Loss: 0.101(0.475), LR: 0.000010
[GPU cuda:1][TRAIN] Epoch: [6][250/2480], Elapsed 1m 11s (remain 10m 36s), Accuracy: 100.000(81.036), Loss: 0.085(0.466), LR: 0.000009
[GPU cuda:1][TRAIN] Epoch: [6][300/2480], Elapsed 1m 25s (remain 10m 21s), Accuracy: 60.000(81.196), Loss: 0.712(0.465), LR: 0.000009
[GPU cuda:1][TRAIN] Epoch: [6][350/2480], Elapsed 1m 39s (remain 10m 6s), Accuracy: 80.000(80.342), Loss: 0.257(0.482), LR: 0.000009
[GPU cuda:1][TRAIN] Epoch: [6][400/2480], Elapsed 1m 54s (remain 9m 51s), Accuracy: 80.000(80.499), Loss: 0.761(0.483), LR: 0.000009
[GPU cuda:1][TRAIN] Epoch: [6][450/2480], Elapsed 2m 8s (remain 9m 37s), Accuracy: 100.000(80.355), Loss: 0.238(0.483), LR: 0.000008
[GPU cuda:1][TRAIN] Epoch: [6][500/2480], Elapsed 2m 22s (remain 9m 22s), Accuracy: 40.000(80.599), Loss: 0.733(0.476), LR: 0.000008
[GPU cuda:1][TRAIN] Epoch: [6][550/2480], Elapsed 2m 36s (remain 9m 8s), Accuracy: 100.000(80.617), Loss: 0.099(0.485), LR: 0.000008
[GPU cuda:1][TRAIN] Epoch: [6][600/2480], Elapsed 2m 50s (remain 8m 53s), Accuracy: 100.000(80.666), Loss: 0.031(0.486), LR: 0.000008
[GPU cuda:1][TRAIN] Epoch: [6][650/2480], Elapsed 3m 4s (remain 8m 39s), Accuracy: 100.000(80.707), Loss: 0.035(0.486), LR: 0.000007
[GPU cuda:1][TRAIN] Epoch: [6][700/2480], Elapsed 3m 18s (remain 8m 25s), Accuracy: 80.000(80.485), Loss: 0.350(0.490), LR: 0.000007
[GPU cuda:1][TRAIN] Epoch: [6][750/2480], Elapsed 3m 33s (remain 8m 10s), Accuracy: 100.000(80.533), Loss: 0.171(0.491), LR: 0.000007
[GPU cuda:1][TRAIN] Epoch: [6][800/2480], Elapsed 3m 47s (remain 7m 56s), Accuracy: 80.000(80.749), Loss: 0.231(0.488), LR: 0.000007
[GPU cuda:1][TRAIN] Epoch: [6][850/2480], Elapsed 4m 1s (remain 7m 42s), Accuracy: 80.000(80.846), Loss: 0.567(0.484), LR: 0.000006
[GPU cuda:1][TRAIN] Epoch: [6][900/2480], Elapsed 4m 15s (remain 7m 27s), Accuracy: 80.000(80.954), Loss: 0.474(0.483), LR: 0.000006
[GPU cuda:1][TRAIN] Epoch: [6][950/2480], Elapsed 4m 29s (remain 7m 13s), Accuracy: 60.000(81.136), Loss: 0.663(0.477), LR: 0.000006
[GPU cuda:1][TRAIN] Epoch: [6][1000/2480], Elapsed 4m 43s (remain 6m 59s), Accuracy: 60.000(81.019), Loss: 1.113(0.478), LR: 0.000006
[GPU cuda:1][TRAIN] Epoch: [6][1050/2480], Elapsed 4m 58s (remain 6m 45s), Accuracy: 80.000(81.180), Loss: 0.598(0.476), LR: 0.000005
[GPU cuda:1][TRAIN] Epoch: [6][1100/2480], Elapsed 5m 12s (remain 6m 31s), Accuracy: 80.000(81.362), Loss: 0.175(0.471), LR: 0.000005
[GPU cuda:1][TRAIN] Epoch: [6][1150/2480], Elapsed 5m 26s (remain 6m 16s), Accuracy: 80.000(81.303), Loss: 0.275(0.470), LR: 0.000005
[GPU cuda:1][TRAIN] Epoch: [6][1200/2480], Elapsed 5m 40s (remain 6m 2s), Accuracy: 100.000(81.599), Loss: 0.306(0.465), LR: 0.000005
[GPU cuda:1][TRAIN] Epoch: [6][1250/2480], Elapsed 5m 54s (remain 5m 48s), Accuracy: 60.000(81.567), Loss: 0.844(0.464), LR: 0.000005
[GPU cuda:1][TRAIN] Epoch: [6][1300/2480], Elapsed 6m 9s (remain 5m 34s), Accuracy: 80.000(81.645), Loss: 0.488(0.461), LR: 0.000004
[GPU cuda:1][TRAIN] Epoch: [6][1350/2480], Elapsed 6m 23s (remain 5m 20s), Accuracy: 100.000(81.806), Loss: 0.076(0.458), LR: 0.000004
[GPU cuda:1][TRAIN] Epoch: [6][1400/2480], Elapsed 6m 37s (remain 5m 6s), Accuracy: 100.000(81.784), Loss: 0.133(0.458), LR: 0.000004
[GPU cuda:1][TRAIN] Epoch: [6][1450/2480], Elapsed 6m 51s (remain 4m 51s), Accuracy: 100.000(81.819), Loss: 0.339(0.458), LR: 0.000004
[GPU cuda:1][TRAIN] Epoch: [6][1500/2480], Elapsed 7m 5s (remain 4m 37s), Accuracy: 100.000(81.785), Loss: 0.025(0.457), LR: 0.000004
[GPU cuda:1][TRAIN] Epoch: [6][1550/2480], Elapsed 7m 20s (remain 4m 23s), Accuracy: 80.000(81.818), Loss: 0.245(0.457), LR: 0.000004
[GPU cuda:1][TRAIN] Epoch: [6][1600/2480], Elapsed 7m 34s (remain 4m 9s), Accuracy: 80.000(81.924), Loss: 0.218(0.456), LR: 0.000003
[GPU cuda:1][TRAIN] Epoch: [6][1650/2480], Elapsed 7m 48s (remain 3m 55s), Accuracy: 100.000(82.047), Loss: 0.191(0.453), LR: 0.000003
[GPU cuda:1][TRAIN] Epoch: [6][1700/2480], Elapsed 8m 2s (remain 3m 41s), Accuracy: 80.000(82.011), Loss: 0.322(0.454), LR: 0.000003
[GPU cuda:1][TRAIN] Epoch: [6][1750/2480], Elapsed 8m 16s (remain 3m 26s), Accuracy: 60.000(82.056), Loss: 0.828(0.452), LR: 0.000003
[GPU cuda:1][TRAIN] Epoch: [6][1800/2480], Elapsed 8m 31s (remain 3m 12s), Accuracy: 100.000(82.088), Loss: 0.137(0.451), LR: 0.000003
[GPU cuda:1][TRAIN] Epoch: [6][1850/2480], Elapsed 8m 45s (remain 2m 58s), Accuracy: 100.000(82.129), Loss: 0.478(0.450), LR: 0.000003
[GPU cuda:1][TRAIN] Epoch: [6][1900/2480], Elapsed 8m 59s (remain 2m 44s), Accuracy: 80.000(82.262), Loss: 0.376(0.448), LR: 0.000003
[GPU cuda:1][TRAIN] Epoch: [6][1950/2480], Elapsed 9m 13s (remain 2m 30s), Accuracy: 100.000(82.122), Loss: 0.066(0.451), LR: 0.000002
[GPU cuda:1][TRAIN] Epoch: [6][2000/2480], Elapsed 9m 28s (remain 2m 16s), Accuracy: 100.000(82.099), Loss: 0.333(0.450), LR: 0.000002
[GPU cuda:1][TRAIN] Epoch: [6][2050/2480], Elapsed 9m 42s (remain 2m 1s), Accuracy: 40.000(82.165), Loss: 1.014(0.450), LR: 0.000002
[GPU cuda:1][TRAIN] Epoch: [6][2100/2480], Elapsed 9m 56s (remain 1m 47s), Accuracy: 100.000(82.370), Loss: 0.050(0.446), LR: 0.000002
[GPU cuda:1][TRAIN] Epoch: [6][2150/2480], Elapsed 10m 10s (remain 1m 33s), Accuracy: 80.000(82.473), Loss: 0.488(0.444), LR: 0.000002
[GPU cuda:1][TRAIN] Epoch: [6][2200/2480], Elapsed 10m 25s (remain 1m 19s), Accuracy: 100.000(82.553), Loss: 0.330(0.442), LR: 0.000002
[GPU cuda:1][TRAIN] Epoch: [6][2250/2480], Elapsed 10m 39s (remain 1m 5s), Accuracy: 80.000(82.523), Loss: 0.669(0.442), LR: 0.000002
[GPU cuda:1][TRAIN] Epoch: [6][2300/2480], Elapsed 10m 53s (remain 0m 50s), Accuracy: 80.000(82.616), Loss: 0.414(0.441), LR: 0.000002
[GPU cuda:1][TRAIN] Epoch: [6][2350/2480], Elapsed 11m 7s (remain 0m 36s), Accuracy: 100.000(82.671), Loss: 0.240(0.441), LR: 0.000002
[GPU cuda:1][TRAIN] Epoch: [6][2400/2480], Elapsed 11m 22s (remain 0m 22s), Accuracy: 80.000(82.741), Loss: 0.458(0.439), LR: 0.000002
[GPU cuda:1][TRAIN] Epoch: [6][2450/2480], Elapsed 11m 36s (remain 0m 8s), Accuracy: 100.000(82.815), Loss: 0.202(0.437), LR: 0.000001
[GPU cuda:1][TRAIN] Epoch: [6][2479/2480], Elapsed 11m 44s (remain 0m 0s), Accuracy: 60.000(82.831), Loss: 1.196(0.437), LR: 0.000001
[GPU cuda:1][VALID][0/97], Elapsed 0m 1s (remain 2m 11s), Accuracy: 75.000(75.000), Batch Loss: 0.7031, Average Loss: 0.7031
[GPU cuda:1][VALID][50/97], Elapsed 0m 49s (remain 0m 44s), Accuracy: 81.250(76.900), Batch Loss: 0.3370, Average Loss: 0.6350
[GPU cuda:1][VALID][96/97], Elapsed 1m 33s (remain 0m 0s), Accuracy: 82.143(76.523), Batch Loss: 0.3674, Average Loss: 0.6392
Valid Labels Samples: [2 0 1 4 1 0 3 1 4 3]
Valid Predictions Samples: [2, 0, 1, 3, 1, 0, 3, 1, 3, 0]
Epoch 6 - Train Average Loss: 82.831, Valid Average Loss: 76.523, Epoch Time: 800.453s
Epoch 6 - Accuracy: 0.765, Precision: 0.770, Recall: 0.765
Saved Best Model: 0.77
[GPU cuda:1][TRAIN] Epoch: [7][0/2480], Elapsed 0m 0s (remain 26m 15s), Accuracy: 100.000(100.000), Loss: 0.137(0.137), LR: 0.000001
[GPU cuda:1][TRAIN] Epoch: [7][50/2480], Elapsed 0m 15s (remain 12m 0s), Accuracy: 60.000(83.137), Loss: 0.599(0.365), LR: 0.000001
[GPU cuda:1][TRAIN] Epoch: [7][100/2480], Elapsed 0m 29s (remain 11m 36s), Accuracy: 80.000(82.574), Loss: 0.485(0.408), LR: 0.000001
[GPU cuda:1][TRAIN] Epoch: [7][150/2480], Elapsed 0m 43s (remain 11m 17s), Accuracy: 60.000(82.781), Loss: 1.021(0.402), LR: 0.000001
[GPU cuda:1][TRAIN] Epoch: [7][200/2480], Elapsed 0m 58s (remain 11m 0s), Accuracy: 100.000(82.388), Loss: 0.093(0.422), LR: 0.000001
[GPU cuda:1][TRAIN] Epoch: [7][250/2480], Elapsed 1m 12s (remain 10m 44s), Accuracy: 100.000(82.869), Loss: 0.044(0.418), LR: 0.000001
[GPU cuda:1][TRAIN] Epoch: [7][300/2480], Elapsed 1m 26s (remain 10m 28s), Accuracy: 80.000(83.455), Loss: 0.471(0.409), LR: 0.000001
[GPU cuda:1][TRAIN] Epoch: [7][350/2480], Elapsed 1m 41s (remain 10m 13s), Accuracy: 100.000(82.621), Loss: 0.073(0.420), LR: 0.000001
[GPU cuda:1][TRAIN] Epoch: [7][400/2480], Elapsed 1m 55s (remain 9m 59s), Accuracy: 80.000(82.743), Loss: 0.466(0.420), LR: 0.000001
[GPU cuda:1][TRAIN] Epoch: [7][450/2480], Elapsed 2m 9s (remain 9m 44s), Accuracy: 100.000(82.882), Loss: 0.149(0.421), LR: 0.000001
[GPU cuda:1][TRAIN] Epoch: [7][500/2480], Elapsed 2m 24s (remain 9m 29s), Accuracy: 60.000(83.194), Loss: 0.669(0.415), LR: 0.000001
[GPU cuda:1][TRAIN] Epoch: [7][550/2480], Elapsed 2m 38s (remain 9m 14s), Accuracy: 100.000(83.194), Loss: 0.026(0.423), LR: 0.000001
[GPU cuda:1][TRAIN] Epoch: [7][600/2480], Elapsed 2m 52s (remain 9m 0s), Accuracy: 100.000(83.361), Loss: 0.015(0.423), LR: 0.000001
[GPU cuda:1][TRAIN] Epoch: [7][650/2480], Elapsed 3m 7s (remain 8m 45s), Accuracy: 100.000(83.195), Loss: 0.042(0.428), LR: 0.000070
[GPU cuda:1][TRAIN] Epoch: [7][700/2480], Elapsed 3m 21s (remain 8m 31s), Accuracy: 100.000(82.140), Loss: 0.432(0.450), LR: 0.000070
[GPU cuda:1][TRAIN] Epoch: [7][750/2480], Elapsed 3m 35s (remain 8m 16s), Accuracy: 100.000(81.678), Loss: 0.152(0.460), LR: 0.000070
[GPU cuda:1][TRAIN] Epoch: [7][800/2480], Elapsed 3m 50s (remain 8m 2s), Accuracy: 60.000(81.473), Loss: 0.829(0.469), LR: 0.000070
[GPU cuda:1][TRAIN] Epoch: [7][850/2480], Elapsed 4m 4s (remain 7m 47s), Accuracy: 80.000(80.940), Loss: 0.569(0.480), LR: 0.000070
[GPU cuda:1][TRAIN] Epoch: [7][900/2480], Elapsed 4m 18s (remain 7m 33s), Accuracy: 40.000(80.622), Loss: 0.910(0.487), LR: 0.000070
[GPU cuda:1][TRAIN] Epoch: [7][950/2480], Elapsed 4m 32s (remain 7m 18s), Accuracy: 80.000(80.589), Loss: 0.711(0.488), LR: 0.000070
[GPU cuda:1][TRAIN] Epoch: [7][1000/2480], Elapsed 4m 47s (remain 7m 4s), Accuracy: 80.000(80.280), Loss: 0.726(0.495), LR: 0.000070
[GPU cuda:1][TRAIN] Epoch: [7][1050/2480], Elapsed 5m 1s (remain 6m 50s), Accuracy: 60.000(79.924), Loss: 0.947(0.505), LR: 0.000070
[GPU cuda:1][TRAIN] Epoch: [7][1100/2480], Elapsed 5m 15s (remain 6m 35s), Accuracy: 80.000(79.782), Loss: 0.281(0.507), LR: 0.000070
[GPU cuda:1][TRAIN] Epoch: [7][1150/2480], Elapsed 5m 30s (remain 6m 21s), Accuracy: 60.000(79.427), Loss: 0.748(0.516), LR: 0.000070
[GPU cuda:1][TRAIN] Epoch: [7][1200/2480], Elapsed 5m 44s (remain 6m 6s), Accuracy: 60.000(79.301), Loss: 0.981(0.518), LR: 0.000070
[GPU cuda:1][TRAIN] Epoch: [7][1250/2480], Elapsed 5m 58s (remain 5m 52s), Accuracy: 40.000(79.089), Loss: 1.051(0.523), LR: 0.000070
[GPU cuda:1][TRAIN] Epoch: [7][1300/2480], Elapsed 6m 12s (remain 5m 37s), Accuracy: 80.000(78.955), Loss: 0.501(0.527), LR: 0.000070
[GPU cuda:1][TRAIN] Epoch: [7][1350/2480], Elapsed 6m 27s (remain 5m 23s), Accuracy: 100.000(78.949), Loss: 0.090(0.527), LR: 0.000070
[GPU cuda:1][TRAIN] Epoch: [7][1400/2480], Elapsed 6m 41s (remain 5m 9s), Accuracy: 100.000(78.658), Loss: 0.307(0.537), LR: 0.000070
[GPU cuda:1][TRAIN] Epoch: [7][1450/2480], Elapsed 6m 55s (remain 4m 54s), Accuracy: 80.000(78.539), Loss: 0.367(0.539), LR: 0.000070
[GPU cuda:1][TRAIN] Epoch: [7][1500/2480], Elapsed 7m 9s (remain 4m 40s), Accuracy: 80.000(78.055), Loss: 0.709(0.550), LR: 0.000070
[GPU cuda:1][TRAIN] Epoch: [7][1550/2480], Elapsed 7m 24s (remain 4m 26s), Accuracy: 40.000(77.782), Loss: 0.842(0.555), LR: 0.000070
[GPU cuda:1][TRAIN] Epoch: [7][1600/2480], Elapsed 7m 38s (remain 4m 11s), Accuracy: 80.000(77.676), Loss: 0.437(0.556), LR: 0.000070
[GPU cuda:1][TRAIN] Epoch: [7][1650/2480], Elapsed 7m 52s (remain 3m 57s), Accuracy: 80.000(77.771), Loss: 0.263(0.555), LR: 0.000070
[GPU cuda:1][TRAIN] Epoch: [7][1700/2480], Elapsed 8m 6s (remain 3m 42s), Accuracy: 80.000(77.601), Loss: 0.470(0.560), LR: 0.000070
[GPU cuda:1][TRAIN] Epoch: [7][1750/2480], Elapsed 8m 20s (remain 3m 28s), Accuracy: 60.000(77.601), Loss: 0.907(0.561), LR: 0.000070
[GPU cuda:1][TRAIN] Epoch: [7][1800/2480], Elapsed 8m 35s (remain 3m 14s), Accuracy: 80.000(77.568), Loss: 0.437(0.562), LR: 0.000070
[GPU cuda:1][TRAIN] Epoch: [7][1850/2480], Elapsed 8m 49s (remain 2m 59s), Accuracy: 40.000(77.482), Loss: 0.884(0.563), LR: 0.000070
[GPU cuda:1][TRAIN] Epoch: [7][1900/2480], Elapsed 9m 3s (remain 2m 45s), Accuracy: 80.000(77.328), Loss: 0.373(0.566), LR: 0.000070
[GPU cuda:1][TRAIN] Epoch: [7][1950/2480], Elapsed 9m 17s (remain 2m 31s), Accuracy: 60.000(77.201), Loss: 0.551(0.569), LR: 0.000070
[GPU cuda:1][TRAIN] Epoch: [7][2000/2480], Elapsed 9m 31s (remain 2m 16s), Accuracy: 60.000(77.181), Loss: 0.556(0.570), LR: 0.000070
[GPU cuda:1][TRAIN] Epoch: [7][2050/2480], Elapsed 9m 46s (remain 2m 2s), Accuracy: 80.000(77.045), Loss: 0.846(0.573), LR: 0.000070
[GPU cuda:1][TRAIN] Epoch: [7][2100/2480], Elapsed 10m 0s (remain 1m 48s), Accuracy: 80.000(77.125), Loss: 0.497(0.571), LR: 0.000070
[GPU cuda:1][TRAIN] Epoch: [7][2150/2480], Elapsed 10m 14s (remain 1m 33s), Accuracy: 80.000(77.146), Loss: 0.586(0.570), LR: 0.000070
[GPU cuda:1][TRAIN] Epoch: [7][2200/2480], Elapsed 10m 28s (remain 1m 19s), Accuracy: 60.000(77.156), Loss: 0.740(0.571), LR: 0.000070
[GPU cuda:1][TRAIN] Epoch: [7][2250/2480], Elapsed 10m 42s (remain 1m 5s), Accuracy: 80.000(77.068), Loss: 0.688(0.572), LR: 0.000070
[GPU cuda:1][TRAIN] Epoch: [7][2300/2480], Elapsed 10m 56s (remain 0m 51s), Accuracy: 80.000(77.106), Loss: 0.392(0.573), LR: 0.000070
[GPU cuda:1][TRAIN] Epoch: [7][2350/2480], Elapsed 11m 11s (remain 0m 36s), Accuracy: 80.000(76.997), Loss: 0.800(0.574), LR: 0.000070
[GPU cuda:1][TRAIN] Epoch: [7][2400/2480], Elapsed 11m 25s (remain 0m 22s), Accuracy: 60.000(76.918), Loss: 0.953(0.576), LR: 0.000070
[GPU cuda:1][TRAIN] Epoch: [7][2450/2480], Elapsed 11m 39s (remain 0m 8s), Accuracy: 80.000(76.973), Loss: 0.509(0.577), LR: 0.000070
[GPU cuda:1][TRAIN] Epoch: [7][2479/2480], Elapsed 11m 47s (remain 0m 0s), Accuracy: 40.000(76.968), Loss: 1.708(0.577), LR: 0.000070
[GPU cuda:1][VALID][0/97], Elapsed 0m 1s (remain 2m 10s), Accuracy: 78.125(78.125), Batch Loss: 0.8316, Average Loss: 0.8316
[GPU cuda:1][VALID][50/97], Elapsed 0m 48s (remain 0m 43s), Accuracy: 75.000(69.669), Batch Loss: 0.6744, Average Loss: 0.8416
[GPU cuda:1][VALID][96/97], Elapsed 1m 32s (remain 0m 0s), Accuracy: 71.429(70.227), Batch Loss: 0.6102, Average Loss: 0.8362
Valid Labels Samples: [2 0 1 4 1 0 3 1 4 3]
Valid Predictions Samples: [2, 0, 1, 4, 1, 0, 3, 1, 3, 1]
Epoch 7 - Train Average Loss: 76.968, Valid Average Loss: 70.227, Epoch Time: 802.236s
Epoch 7 - Accuracy: 0.702, Precision: 0.716, Recall: 0.702
[GPU cuda:1][TRAIN] Epoch: [8][0/2480], Elapsed 0m 0s (remain 25m 50s), Accuracy: 60.000(60.000), Loss: 0.921(0.921), LR: 0.000070
[GPU cuda:1][TRAIN] Epoch: [8][50/2480], Elapsed 0m 15s (remain 11m 56s), Accuracy: 60.000(76.078), Loss: 1.032(0.574), LR: 0.000070
[GPU cuda:1][TRAIN] Epoch: [8][100/2480], Elapsed 0m 29s (remain 11m 29s), Accuracy: 60.000(75.248), Loss: 0.916(0.629), LR: 0.000070
[GPU cuda:1][TRAIN] Epoch: [8][150/2480], Elapsed 0m 43s (remain 11m 10s), Accuracy: 80.000(74.702), Loss: 0.622(0.635), LR: 0.000070
[GPU cuda:1][TRAIN] Epoch: [8][200/2480], Elapsed 0m 57s (remain 10m 53s), Accuracy: 40.000(73.433), Loss: 0.961(0.670), LR: 0.000070
[GPU cuda:1][TRAIN] Epoch: [8][250/2480], Elapsed 1m 11s (remain 10m 37s), Accuracy: 80.000(74.183), Loss: 0.502(0.664), LR: 0.000070
[GPU cuda:1][TRAIN] Epoch: [8][300/2480], Elapsed 1m 26s (remain 10m 22s), Accuracy: 20.000(74.551), Loss: 0.966(0.661), LR: 0.000070
[GPU cuda:1][TRAIN] Epoch: [8][350/2480], Elapsed 1m 40s (remain 10m 7s), Accuracy: 100.000(73.789), Loss: 0.106(0.666), LR: 0.000070
[GPU cuda:1][TRAIN] Epoch: [8][400/2480], Elapsed 1m 54s (remain 9m 53s), Accuracy: 60.000(73.965), Loss: 0.755(0.660), LR: 0.000070
[GPU cuda:1][TRAIN] Epoch: [8][450/2480], Elapsed 2m 8s (remain 9m 38s), Accuracy: 80.000(73.747), Loss: 0.416(0.662), LR: 0.000070
[GPU cuda:1][TRAIN] Epoch: [8][500/2480], Elapsed 2m 22s (remain 9m 23s), Accuracy: 40.000(74.092), Loss: 1.181(0.652), LR: 0.000070
[GPU cuda:1][TRAIN] Epoch: [8][550/2480], Elapsed 2m 36s (remain 9m 9s), Accuracy: 100.000(73.684), Loss: 0.183(0.664), LR: 0.000070
[GPU cuda:1][TRAIN] Epoch: [8][600/2480], Elapsed 2m 51s (remain 8m 54s), Accuracy: 100.000(73.577), Loss: 0.042(0.665), LR: 0.000070
[GPU cuda:1][TRAIN] Epoch: [8][650/2480], Elapsed 3m 5s (remain 8m 40s), Accuracy: 100.000(73.641), Loss: 0.046(0.663), LR: 0.000070
[GPU cuda:1][TRAIN] Epoch: [8][700/2480], Elapsed 3m 19s (remain 8m 26s), Accuracy: 100.000(73.666), Loss: 0.310(0.663), LR: 0.000070
[GPU cuda:1][TRAIN] Epoch: [8][750/2480], Elapsed 3m 33s (remain 8m 11s), Accuracy: 100.000(73.822), Loss: 0.274(0.660), LR: 0.000070
[GPU cuda:1][TRAIN] Epoch: [8][800/2480], Elapsed 3m 47s (remain 7m 57s), Accuracy: 80.000(73.883), Loss: 0.382(0.657), LR: 0.000070
[GPU cuda:1][TRAIN] Epoch: [8][850/2480], Elapsed 4m 1s (remain 7m 43s), Accuracy: 80.000(74.336), Loss: 0.397(0.649), LR: 0.000070
[GPU cuda:1][TRAIN] Epoch: [8][900/2480], Elapsed 4m 16s (remain 7m 28s), Accuracy: 80.000(74.562), Loss: 0.645(0.646), LR: 0.000070
[GPU cuda:1][TRAIN] Epoch: [8][950/2480], Elapsed 4m 30s (remain 7m 14s), Accuracy: 60.000(74.848), Loss: 0.748(0.639), LR: 0.000070
[GPU cuda:1][TRAIN] Epoch: [8][1000/2480], Elapsed 4m 44s (remain 7m 0s), Accuracy: 60.000(74.885), Loss: 0.868(0.635), LR: 0.000070
[GPU cuda:1][TRAIN] Epoch: [8][1050/2480], Elapsed 4m 58s (remain 6m 45s), Accuracy: 80.000(74.976), Loss: 0.526(0.632), LR: 0.000070
[GPU cuda:1][TRAIN] Epoch: [8][1100/2480], Elapsed 5m 12s (remain 6m 31s), Accuracy: 80.000(74.986), Loss: 0.297(0.630), LR: 0.000070
[GPU cuda:1][TRAIN] Epoch: [8][1150/2480], Elapsed 5m 26s (remain 6m 17s), Accuracy: 60.000(74.874), Loss: 0.771(0.631), LR: 0.000070
[GPU cuda:1][TRAIN] Epoch: [8][1200/2480], Elapsed 5m 41s (remain 6m 3s), Accuracy: 60.000(74.988), Loss: 0.789(0.628), LR: 0.000070
[GPU cuda:1][TRAIN] Epoch: [8][1250/2480], Elapsed 5m 55s (remain 5m 48s), Accuracy: 60.000(74.660), Loss: 0.786(0.635), LR: 0.000070
[GPU cuda:1][TRAIN] Epoch: [8][1300/2480], Elapsed 6m 9s (remain 5m 34s), Accuracy: 80.000(74.881), Loss: 0.734(0.630), LR: 0.000070
[GPU cuda:1][TRAIN] Epoch: [8][1350/2480], Elapsed 6m 23s (remain 5m 20s), Accuracy: 80.000(74.863), Loss: 0.490(0.630), LR: 0.000070
[GPU cuda:1][TRAIN] Epoch: [8][1400/2480], Elapsed 6m 37s (remain 5m 6s), Accuracy: 100.000(74.847), Loss: 0.182(0.631), LR: 0.000070
[GPU cuda:1][TRAIN] Epoch: [8][1450/2480], Elapsed 6m 51s (remain 4m 52s), Accuracy: 80.000(74.900), Loss: 0.334(0.629), LR: 0.000070
[GPU cuda:1][TRAIN] Epoch: [8][1500/2480], Elapsed 7m 6s (remain 4m 37s), Accuracy: 100.000(74.777), Loss: 0.221(0.631), LR: 0.000070
[GPU cuda:1][TRAIN] Epoch: [8][1550/2480], Elapsed 7m 20s (remain 4m 23s), Accuracy: 100.000(74.713), Loss: 0.229(0.631), LR: 0.000069
[GPU cuda:1][TRAIN] Epoch: [8][1600/2480], Elapsed 7m 34s (remain 4m 9s), Accuracy: 80.000(74.728), Loss: 0.485(0.631), LR: 0.000069
[GPU cuda:1][TRAIN] Epoch: [8][1650/2480], Elapsed 7m 48s (remain 3m 55s), Accuracy: 80.000(74.900), Loss: 0.237(0.627), LR: 0.000069
[GPU cuda:1][TRAIN] Epoch: [8][1700/2480], Elapsed 8m 2s (remain 3m 41s), Accuracy: 80.000(74.921), Loss: 0.514(0.628), LR: 0.000069
[GPU cuda:1][TRAIN] Epoch: [8][1750/2480], Elapsed 8m 17s (remain 3m 26s), Accuracy: 40.000(75.031), Loss: 1.390(0.627), LR: 0.000069
[GPU cuda:1][TRAIN] Epoch: [8][1800/2480], Elapsed 8m 31s (remain 3m 12s), Accuracy: 100.000(75.081), Loss: 0.150(0.626), LR: 0.000069
[GPU cuda:1][TRAIN] Epoch: [8][1850/2480], Elapsed 8m 45s (remain 2m 58s), Accuracy: 80.000(75.105), Loss: 0.534(0.625), LR: 0.000069
[GPU cuda:1][TRAIN] Epoch: [8][1900/2480], Elapsed 8m 59s (remain 2m 44s), Accuracy: 60.000(75.055), Loss: 0.561(0.626), LR: 0.000069
[GPU cuda:1][TRAIN] Epoch: [8][1950/2480], Elapsed 9m 14s (remain 2m 30s), Accuracy: 80.000(74.946), Loss: 0.566(0.628), LR: 0.000069
[GPU cuda:1][TRAIN] Epoch: [8][2000/2480], Elapsed 9m 28s (remain 2m 16s), Accuracy: 80.000(74.933), Loss: 0.530(0.628), LR: 0.000069
[GPU cuda:1][TRAIN] Epoch: [8][2050/2480], Elapsed 9m 42s (remain 2m 1s), Accuracy: 60.000(74.871), Loss: 0.764(0.629), LR: 0.000069
[GPU cuda:1][TRAIN] Epoch: [8][2100/2480], Elapsed 9m 56s (remain 1m 47s), Accuracy: 80.000(75.088), Loss: 0.388(0.624), LR: 0.000069
[GPU cuda:1][TRAIN] Epoch: [8][2150/2480], Elapsed 10m 11s (remain 1m 33s), Accuracy: 80.000(75.212), Loss: 0.744(0.621), LR: 0.000069
[GPU cuda:1][TRAIN] Epoch: [8][2200/2480], Elapsed 10m 25s (remain 1m 19s), Accuracy: 80.000(75.148), Loss: 0.455(0.622), LR: 0.000069
[GPU cuda:1][TRAIN] Epoch: [8][2250/2480], Elapsed 10m 39s (remain 1m 5s), Accuracy: 60.000(75.104), Loss: 0.859(0.622), LR: 0.000069
[GPU cuda:1][TRAIN] Epoch: [8][2300/2480], Elapsed 10m 53s (remain 0m 50s), Accuracy: 80.000(75.115), Loss: 0.425(0.621), LR: 0.000069
[GPU cuda:1][TRAIN] Epoch: [8][2350/2480], Elapsed 11m 8s (remain 0m 36s), Accuracy: 80.000(75.151), Loss: 0.581(0.621), LR: 0.000069
[GPU cuda:1][TRAIN] Epoch: [8][2400/2480], Elapsed 11m 22s (remain 0m 22s), Accuracy: 80.000(75.235), Loss: 0.702(0.620), LR: 0.000069
[GPU cuda:1][TRAIN] Epoch: [8][2450/2480], Elapsed 11m 36s (remain 0m 8s), Accuracy: 80.000(75.333), Loss: 0.620(0.618), LR: 0.000069
[GPU cuda:1][TRAIN] Epoch: [8][2479/2480], Elapsed 11m 44s (remain 0m 0s), Accuracy: 40.000(75.355), Loss: 1.955(0.618), LR: 0.000069
[GPU cuda:1][VALID][0/97], Elapsed 0m 1s (remain 2m 14s), Accuracy: 75.000(75.000), Batch Loss: 0.7647, Average Loss: 0.7647
[GPU cuda:1][VALID][50/97], Elapsed 0m 48s (remain 0m 43s), Accuracy: 71.875(72.733), Batch Loss: 0.5800, Average Loss: 0.7334
[GPU cuda:1][VALID][96/97], Elapsed 1m 32s (remain 0m 0s), Accuracy: 67.857(72.220), Batch Loss: 0.6815, Average Loss: 0.7444
Valid Labels Samples: [2 0 1 4 1 0 3 1 4 3]
Valid Predictions Samples: [2, 0, 1, 3, 1, 0, 3, 1, 3, 1]
Epoch 8 - Train Average Loss: 75.355, Valid Average Loss: 72.220, Epoch Time: 799.472s
Epoch 8 - Accuracy: 0.722, Precision: 0.719, Recall: 0.722
[GPU cuda:1][TRAIN] Epoch: [9][0/2480], Elapsed 0m 0s (remain 26m 50s), Accuracy: 80.000(80.000), Loss: 0.524(0.524), LR: 0.000069
[GPU cuda:1][TRAIN] Epoch: [9][50/2480], Elapsed 0m 15s (remain 11m 56s), Accuracy: 60.000(81.569), Loss: 0.728(0.466), LR: 0.000069
[GPU cuda:1][TRAIN] Epoch: [9][100/2480], Elapsed 0m 29s (remain 11m 29s), Accuracy: 60.000(76.634), Loss: 0.877(0.545), LR: 0.000069
[GPU cuda:1][TRAIN] Epoch: [9][150/2480], Elapsed 0m 43s (remain 11m 11s), Accuracy: 60.000(74.834), Loss: 0.739(0.591), LR: 0.000069
[GPU cuda:1][TRAIN] Epoch: [9][200/2480], Elapsed 0m 57s (remain 10m 54s), Accuracy: 80.000(74.030), Loss: 0.552(0.618), LR: 0.000069
[GPU cuda:1][TRAIN] Epoch: [9][250/2480], Elapsed 1m 11s (remain 10m 38s), Accuracy: 100.000(74.661), Loss: 0.171(0.605), LR: 0.000069
[GPU cuda:1][TRAIN] Epoch: [9][300/2480], Elapsed 1m 26s (remain 10m 23s), Accuracy: 60.000(74.219), Loss: 1.030(0.608), LR: 0.000069
[GPU cuda:1][TRAIN] Epoch: [9][350/2480], Elapsed 1m 40s (remain 10m 8s), Accuracy: 100.000(73.675), Loss: 0.305(0.622), LR: 0.000069
[GPU cuda:1][TRAIN] Epoch: [9][400/2480], Elapsed 1m 54s (remain 9m 53s), Accuracy: 60.000(74.214), Loss: 0.610(0.619), LR: 0.000069
[GPU cuda:1][TRAIN] Epoch: [9][450/2480], Elapsed 2m 8s (remain 9m 39s), Accuracy: 100.000(74.368), Loss: 0.325(0.620), LR: 0.000069
[GPU cuda:1][TRAIN] Epoch: [9][500/2480], Elapsed 2m 22s (remain 9m 24s), Accuracy: 40.000(74.451), Loss: 0.808(0.611), LR: 0.000069
[GPU cuda:1][TRAIN] Epoch: [9][550/2480], Elapsed 2m 37s (remain 9m 9s), Accuracy: 100.000(74.156), Loss: 0.132(0.619), LR: 0.000069
[GPU cuda:1][TRAIN] Epoch: [9][600/2480], Elapsed 2m 51s (remain 8m 55s), Accuracy: 100.000(74.376), Loss: 0.053(0.620), LR: 0.000069
[GPU cuda:1][TRAIN] Epoch: [9][650/2480], Elapsed 3m 5s (remain 8m 40s), Accuracy: 100.000(74.654), Loss: 0.043(0.614), LR: 0.000069
[GPU cuda:1][TRAIN] Epoch: [9][700/2480], Elapsed 3m 19s (remain 8m 26s), Accuracy: 80.000(74.351), Loss: 0.275(0.621), LR: 0.000069
[GPU cuda:1][TRAIN] Epoch: [9][750/2480], Elapsed 3m 33s (remain 8m 12s), Accuracy: 60.000(74.274), Loss: 0.521(0.623), LR: 0.000069
[GPU cuda:1][TRAIN] Epoch: [9][800/2480], Elapsed 3m 48s (remain 7m 57s), Accuracy: 100.000(74.732), Loss: 0.146(0.615), LR: 0.000069
[GPU cuda:1][TRAIN] Epoch: [9][850/2480], Elapsed 4m 2s (remain 7m 43s), Accuracy: 80.000(74.759), Loss: 0.567(0.616), LR: 0.000069
[GPU cuda:1][TRAIN] Epoch: [9][900/2480], Elapsed 4m 16s (remain 7m 29s), Accuracy: 100.000(75.072), Loss: 0.439(0.611), LR: 0.000069
[GPU cuda:1][TRAIN] Epoch: [9][950/2480], Elapsed 4m 30s (remain 7m 14s), Accuracy: 40.000(75.373), Loss: 0.845(0.605), LR: 0.000069
[GPU cuda:1][TRAIN] Epoch: [9][1000/2480], Elapsed 4m 44s (remain 7m 0s), Accuracy: 80.000(75.205), Loss: 0.917(0.607), LR: 0.000069
[GPU cuda:1][TRAIN] Epoch: [9][1050/2480], Elapsed 4m 58s (remain 6m 46s), Accuracy: 60.000(75.167), Loss: 0.786(0.608), LR: 0.000069
[GPU cuda:1][TRAIN] Epoch: [9][1100/2480], Elapsed 5m 13s (remain 6m 32s), Accuracy: 100.000(75.604), Loss: 0.211(0.600), LR: 0.000069
[GPU cuda:1][TRAIN] Epoch: [9][1150/2480], Elapsed 5m 27s (remain 6m 17s), Accuracy: 80.000(75.586), Loss: 0.769(0.601), LR: 0.000069
[GPU cuda:1][TRAIN] Epoch: [9][1200/2480], Elapsed 5m 41s (remain 6m 3s), Accuracy: 100.000(75.820), Loss: 0.447(0.595), LR: 0.000069
[GPU cuda:1][TRAIN] Epoch: [9][1250/2480], Elapsed 5m 55s (remain 5m 49s), Accuracy: 40.000(75.859), Loss: 1.002(0.594), LR: 0.000069
[GPU cuda:1][TRAIN] Epoch: [9][1300/2480], Elapsed 6m 9s (remain 5m 35s), Accuracy: 80.000(76.065), Loss: 0.465(0.589), LR: 0.000069
[GPU cuda:1][TRAIN] Epoch: [9][1350/2480], Elapsed 6m 23s (remain 5m 20s), Accuracy: 100.000(76.329), Loss: 0.027(0.585), LR: 0.000069
[GPU cuda:1][TRAIN] Epoch: [9][1400/2480], Elapsed 6m 38s (remain 5m 6s), Accuracy: 100.000(76.003), Loss: 0.226(0.591), LR: 0.000069
[GPU cuda:1][TRAIN] Epoch: [9][1450/2480], Elapsed 6m 52s (remain 4m 52s), Accuracy: 80.000(76.003), Loss: 0.496(0.591), LR: 0.000069
[GPU cuda:1][TRAIN] Epoch: [9][1500/2480], Elapsed 7m 6s (remain 4m 38s), Accuracy: 100.000(75.923), Loss: 0.087(0.595), LR: 0.000069
[GPU cuda:1][TRAIN] Epoch: [9][1550/2480], Elapsed 7m 20s (remain 4m 23s), Accuracy: 80.000(75.912), Loss: 0.327(0.595), LR: 0.000068
[GPU cuda:1][TRAIN] Epoch: [9][1600/2480], Elapsed 7m 34s (remain 4m 9s), Accuracy: 80.000(75.928), Loss: 0.531(0.594), LR: 0.000068
[GPU cuda:1][TRAIN] Epoch: [9][1650/2480], Elapsed 7m 48s (remain 3m 55s), Accuracy: 100.000(76.099), Loss: 0.253(0.591), LR: 0.000068
[GPU cuda:1][TRAIN] Epoch: [9][1700/2480], Elapsed 8m 3s (remain 3m 41s), Accuracy: 80.000(76.120), Loss: 0.438(0.592), LR: 0.000068
[GPU cuda:1][TRAIN] Epoch: [9][1750/2480], Elapsed 8m 17s (remain 3m 27s), Accuracy: 60.000(76.151), Loss: 0.939(0.590), LR: 0.000068
[GPU cuda:1][TRAIN] Epoch: [9][1800/2480], Elapsed 8m 31s (remain 3m 12s), Accuracy: 100.000(76.135), Loss: 0.136(0.590), LR: 0.000068
[GPU cuda:1][TRAIN] Epoch: [9][1850/2480], Elapsed 8m 45s (remain 2m 58s), Accuracy: 60.000(76.229), Loss: 0.664(0.589), LR: 0.000068
[GPU cuda:1][TRAIN] Epoch: [9][1900/2480], Elapsed 8m 59s (remain 2m 44s), Accuracy: 80.000(76.360), Loss: 0.287(0.588), LR: 0.000068
[GPU cuda:1][TRAIN] Epoch: [9][1950/2480], Elapsed 9m 13s (remain 2m 30s), Accuracy: 100.000(76.228), Loss: 0.230(0.591), LR: 0.000068
[GPU cuda:1][TRAIN] Epoch: [9][2000/2480], Elapsed 9m 28s (remain 2m 15s), Accuracy: 60.000(76.222), Loss: 0.877(0.591), LR: 0.000068
[GPU cuda:1][TRAIN] Epoch: [9][2050/2480], Elapsed 9m 42s (remain 2m 1s), Accuracy: 60.000(76.216), Loss: 1.020(0.591), LR: 0.000068
[GPU cuda:1][TRAIN] Epoch: [9][2100/2480], Elapsed 9m 56s (remain 1m 47s), Accuracy: 100.000(76.430), Loss: 0.055(0.587), LR: 0.000068
[GPU cuda:1][TRAIN] Epoch: [9][2150/2480], Elapsed 10m 10s (remain 1m 33s), Accuracy: 80.000(76.550), Loss: 0.600(0.584), LR: 0.000068
[GPU cuda:1][TRAIN] Epoch: [9][2200/2480], Elapsed 10m 24s (remain 1m 19s), Accuracy: 80.000(76.638), Loss: 0.471(0.583), LR: 0.000068
[GPU cuda:1][TRAIN] Epoch: [9][2250/2480], Elapsed 10m 38s (remain 1m 4s), Accuracy: 80.000(76.650), Loss: 0.409(0.583), LR: 0.000068
[GPU cuda:1][TRAIN] Epoch: [9][2300/2480], Elapsed 10m 53s (remain 0m 50s), Accuracy: 80.000(76.619), Loss: 0.408(0.583), LR: 0.000068
[GPU cuda:1][TRAIN] Epoch: [9][2350/2480], Elapsed 11m 7s (remain 0m 36s), Accuracy: 80.000(76.521), Loss: 0.778(0.584), LR: 0.000068
[GPU cuda:1][TRAIN] Epoch: [9][2400/2480], Elapsed 11m 21s (remain 0m 22s), Accuracy: 60.000(76.651), Loss: 1.552(0.583), LR: 0.000068
[GPU cuda:1][TRAIN] Epoch: [9][2450/2480], Elapsed 11m 35s (remain 0m 8s), Accuracy: 80.000(76.736), Loss: 0.499(0.581), LR: 0.000068
[GPU cuda:1][TRAIN] Epoch: [9][2479/2480], Elapsed 11m 43s (remain 0m 0s), Accuracy: 40.000(76.710), Loss: 1.666(0.581), LR: 0.000068
[GPU cuda:1][VALID][0/97], Elapsed 0m 1s (remain 2m 20s), Accuracy: 71.875(71.875), Batch Loss: 0.7121, Average Loss: 0.7121
[GPU cuda:1][VALID][50/97], Elapsed 0m 48s (remain 0m 43s), Accuracy: 81.250(73.775), Batch Loss: 0.3373, Average Loss: 0.6778
[GPU cuda:1][VALID][96/97], Elapsed 1m 32s (remain 0m 0s), Accuracy: 78.571(73.297), Batch Loss: 0.4677, Average Loss: 0.6972
Valid Labels Samples: [2 0 1 4 1 0 3 1 4 3]
Valid Predictions Samples: [2, 0, 1, 3, 1, 0, 3, 1, 3, 0]
Epoch 9 - Train Average Loss: 76.710, Valid Average Loss: 73.297, Epoch Time: 798.123s
Epoch 9 - Accuracy: 0.733, Precision: 0.732, Recall: 0.733
[GPU cuda:1][TRAIN] Epoch: [10][0/2480], Elapsed 0m 0s (remain 27m 28s), Accuracy: 100.000(100.000), Loss: 0.245(0.245), LR: 0.000068
[GPU cuda:1][TRAIN] Epoch: [10][50/2480], Elapsed 0m 15s (remain 11m 56s), Accuracy: 60.000(81.569), Loss: 0.617(0.442), LR: 0.000068
[GPU cuda:1][TRAIN] Epoch: [10][100/2480], Elapsed 0m 29s (remain 11m 30s), Accuracy: 80.000(77.822), Loss: 0.563(0.536), LR: 0.000068
[GPU cuda:1][TRAIN] Epoch: [10][150/2480], Elapsed 0m 43s (remain 11m 11s), Accuracy: 40.000(75.497), Loss: 0.884(0.572), LR: 0.000068
[GPU cuda:1][TRAIN] Epoch: [10][200/2480], Elapsed 0m 57s (remain 10m 54s), Accuracy: 80.000(75.025), Loss: 0.564(0.596), LR: 0.000068
[GPU cuda:1][TRAIN] Epoch: [10][250/2480], Elapsed 1m 11s (remain 10m 38s), Accuracy: 100.000(76.175), Loss: 0.066(0.575), LR: 0.000068
[GPU cuda:1][TRAIN] Epoch: [10][300/2480], Elapsed 1m 26s (remain 10m 22s), Accuracy: 40.000(76.279), Loss: 1.039(0.581), LR: 0.000068
[GPU cuda:1][TRAIN] Epoch: [10][350/2480], Elapsed 1m 40s (remain 10m 7s), Accuracy: 80.000(75.613), Loss: 0.467(0.586), LR: 0.000068
[GPU cuda:1][TRAIN] Epoch: [10][400/2480], Elapsed 1m 54s (remain 9m 53s), Accuracy: 60.000(75.761), Loss: 0.538(0.580), LR: 0.000068
[GPU cuda:1][TRAIN] Epoch: [10][450/2480], Elapsed 2m 8s (remain 9m 38s), Accuracy: 60.000(76.009), Loss: 0.680(0.578), LR: 0.000068
[GPU cuda:1][TRAIN] Epoch: [10][500/2480], Elapsed 2m 22s (remain 9m 23s), Accuracy: 20.000(76.088), Loss: 1.319(0.577), LR: 0.000068
[GPU cuda:1][TRAIN] Epoch: [10][550/2480], Elapsed 2m 36s (remain 9m 9s), Accuracy: 100.000(75.971), Loss: 0.096(0.582), LR: 0.000068
[GPU cuda:1][TRAIN] Epoch: [10][600/2480], Elapsed 2m 51s (remain 8m 54s), Accuracy: 100.000(76.073), Loss: 0.073(0.582), LR: 0.000068
[GPU cuda:1][TRAIN] Epoch: [10][650/2480], Elapsed 3m 5s (remain 8m 40s), Accuracy: 100.000(76.160), Loss: 0.099(0.578), LR: 0.000068
[GPU cuda:1][TRAIN] Epoch: [10][700/2480], Elapsed 3m 19s (remain 8m 25s), Accuracy: 100.000(75.720), Loss: 0.177(0.585), LR: 0.000068
[GPU cuda:1][TRAIN] Epoch: [10][750/2480], Elapsed 3m 33s (remain 8m 11s), Accuracy: 80.000(75.819), Loss: 0.367(0.586), LR: 0.000068
[GPU cuda:1][TRAIN] Epoch: [10][800/2480], Elapsed 3m 47s (remain 7m 57s), Accuracy: 80.000(76.230), Loss: 0.329(0.579), LR: 0.000067
[GPU cuda:1][TRAIN] Epoch: [10][850/2480], Elapsed 4m 1s (remain 7m 42s), Accuracy: 80.000(76.522), Loss: 0.462(0.579), LR: 0.000067
[GPU cuda:1][TRAIN] Epoch: [10][900/2480], Elapsed 4m 15s (remain 7m 28s), Accuracy: 60.000(76.759), Loss: 0.603(0.574), LR: 0.000067
[GPU cuda:1][TRAIN] Epoch: [10][950/2480], Elapsed 4m 30s (remain 7m 14s), Accuracy: 60.000(76.930), Loss: 0.718(0.569), LR: 0.000067
[GPU cuda:1][TRAIN] Epoch: [10][1000/2480], Elapsed 4m 44s (remain 6m 59s), Accuracy: 40.000(76.943), Loss: 1.456(0.569), LR: 0.000067
[GPU cuda:1][TRAIN] Epoch: [10][1050/2480], Elapsed 4m 58s (remain 6m 45s), Accuracy: 40.000(77.050), Loss: 0.979(0.568), LR: 0.000067
[GPU cuda:1][TRAIN] Epoch: [10][1100/2480], Elapsed 5m 12s (remain 6m 31s), Accuracy: 80.000(77.239), Loss: 0.255(0.566), LR: 0.000067
[GPU cuda:1][TRAIN] Epoch: [10][1150/2480], Elapsed 5m 26s (remain 6m 17s), Accuracy: 100.000(77.168), Loss: 0.473(0.569), LR: 0.000067
[GPU cuda:1][TRAIN] Epoch: [10][1200/2480], Elapsed 5m 40s (remain 6m 2s), Accuracy: 100.000(77.352), Loss: 0.448(0.563), LR: 0.000067
[GPU cuda:1][TRAIN] Epoch: [10][1250/2480], Elapsed 5m 54s (remain 5m 48s), Accuracy: 60.000(77.186), Loss: 0.943(0.566), LR: 0.000067
[GPU cuda:1][TRAIN] Epoch: [10][1300/2480], Elapsed 6m 9s (remain 5m 34s), Accuracy: 80.000(77.433), Loss: 0.406(0.562), LR: 0.000067
[GPU cuda:1][TRAIN] Epoch: [10][1350/2480], Elapsed 6m 23s (remain 5m 20s), Accuracy: 100.000(77.705), Loss: 0.035(0.556), LR: 0.000067
[GPU cuda:1][TRAIN] Epoch: [10][1400/2480], Elapsed 6m 37s (remain 5m 6s), Accuracy: 100.000(77.559), Loss: 0.266(0.560), LR: 0.000067
[GPU cuda:1][TRAIN] Epoch: [10][1450/2480], Elapsed 6m 51s (remain 4m 51s), Accuracy: 80.000(77.629), Loss: 0.728(0.558), LR: 0.000067
[GPU cuda:1][TRAIN] Epoch: [10][1500/2480], Elapsed 7m 5s (remain 4m 37s), Accuracy: 100.000(77.588), Loss: 0.137(0.559), LR: 0.000067
[GPU cuda:1][TRAIN] Epoch: [10][1550/2480], Elapsed 7m 19s (remain 4m 23s), Accuracy: 80.000(77.602), Loss: 0.262(0.558), LR: 0.000067
[GPU cuda:1][TRAIN] Epoch: [10][1600/2480], Elapsed 7m 33s (remain 4m 9s), Accuracy: 100.000(77.651), Loss: 0.254(0.556), LR: 0.000067
[GPU cuda:1][TRAIN] Epoch: [10][1650/2480], Elapsed 7m 48s (remain 3m 54s), Accuracy: 100.000(77.856), Loss: 0.158(0.551), LR: 0.000067
[GPU cuda:1][TRAIN] Epoch: [10][1700/2480], Elapsed 8m 2s (remain 3m 40s), Accuracy: 80.000(77.778), Loss: 0.526(0.553), LR: 0.000067
[GPU cuda:1][TRAIN] Epoch: [10][1750/2480], Elapsed 8m 16s (remain 3m 26s), Accuracy: 80.000(77.933), Loss: 0.709(0.551), LR: 0.000067
[GPU cuda:1][TRAIN] Epoch: [10][1800/2480], Elapsed 8m 30s (remain 3m 12s), Accuracy: 80.000(78.023), Loss: 0.766(0.550), LR: 0.000067
[GPU cuda:1][TRAIN] Epoch: [10][1850/2480], Elapsed 8m 44s (remain 2m 58s), Accuracy: 80.000(78.023), Loss: 0.526(0.550), LR: 0.000067
[GPU cuda:1][TRAIN] Epoch: [10][1900/2480], Elapsed 8m 58s (remain 2m 44s), Accuracy: 80.000(78.085), Loss: 0.331(0.550), LR: 0.000067
[GPU cuda:1][TRAIN] Epoch: [10][1950/2480], Elapsed 9m 12s (remain 2m 29s), Accuracy: 100.000(77.837), Loss: 0.369(0.554), LR: 0.000067
[GPU cuda:1][TRAIN] Epoch: [10][2000/2480], Elapsed 9m 27s (remain 2m 15s), Accuracy: 100.000(77.871), Loss: 0.442(0.553), LR: 0.000067
[GPU cuda:1][TRAIN] Epoch: [10][2050/2480], Elapsed 9m 41s (remain 2m 1s), Accuracy: 60.000(77.864), Loss: 0.842(0.553), LR: 0.000067
[GPU cuda:1][TRAIN] Epoch: [10][2100/2480], Elapsed 9m 55s (remain 1m 47s), Accuracy: 80.000(78.115), Loss: 0.206(0.548), LR: 0.000067
[GPU cuda:1][TRAIN] Epoch: [10][2150/2480], Elapsed 10m 9s (remain 1m 33s), Accuracy: 80.000(78.317), Loss: 0.527(0.544), LR: 0.000067
[GPU cuda:1][TRAIN] Epoch: [10][2200/2480], Elapsed 10m 23s (remain 1m 19s), Accuracy: 80.000(78.292), Loss: 0.528(0.545), LR: 0.000067
[GPU cuda:1][TRAIN] Epoch: [10][2250/2480], Elapsed 10m 37s (remain 1m 4s), Accuracy: 80.000(78.267), Loss: 0.571(0.545), LR: 0.000066
[GPU cuda:1][TRAIN] Epoch: [10][2300/2480], Elapsed 10m 51s (remain 0m 50s), Accuracy: 80.000(78.227), Loss: 0.349(0.545), LR: 0.000066
[GPU cuda:1][TRAIN] Epoch: [10][2350/2480], Elapsed 11m 5s (remain 0m 36s), Accuracy: 100.000(78.265), Loss: 0.347(0.544), LR: 0.000066
[GPU cuda:1][TRAIN] Epoch: [10][2400/2480], Elapsed 11m 20s (remain 0m 22s), Accuracy: 80.000(78.376), Loss: 0.670(0.542), LR: 0.000066
[GPU cuda:1][TRAIN] Epoch: [10][2450/2480], Elapsed 11m 34s (remain 0m 8s), Accuracy: 80.000(78.539), Loss: 0.250(0.539), LR: 0.000066
[GPU cuda:1][TRAIN] Epoch: [10][2479/2480], Elapsed 11m 42s (remain 0m 0s), Accuracy: 60.000(78.548), Loss: 1.277(0.540), LR: 0.000066
[GPU cuda:1][VALID][0/97], Elapsed 0m 1s (remain 2m 17s), Accuracy: 78.125(78.125), Batch Loss: 0.7273, Average Loss: 0.7273
[GPU cuda:1][VALID][50/97], Elapsed 0m 48s (remain 0m 43s), Accuracy: 81.250(71.140), Batch Loss: 0.6271, Average Loss: 0.7591
[GPU cuda:1][VALID][96/97], Elapsed 1m 32s (remain 0m 0s), Accuracy: 78.571(71.332), Batch Loss: 0.5245, Average Loss: 0.7582
Valid Labels Samples: [2 0 1 4 1 0 3 1 4 3]
Valid Predictions Samples: [2, 0, 1, 3, 1, 0, 3, 1, 3, 0]
Epoch 10 - Train Average Loss: 78.548, Valid Average Loss: 71.332, Epoch Time: 796.606s
Epoch 10 - Accuracy: 0.713, Precision: 0.721, Recall: 0.713
[GPU cuda:1][TRAIN] Epoch: [11][0/2480], Elapsed 0m 0s (remain 26m 1s), Accuracy: 80.000(80.000), Loss: 0.504(0.504), LR: 0.000066
[GPU cuda:1][TRAIN] Epoch: [11][50/2480], Elapsed 0m 14s (remain 11m 52s), Accuracy: 60.000(80.392), Loss: 0.777(0.396), LR: 0.000066
[GPU cuda:1][TRAIN] Epoch: [11][100/2480], Elapsed 0m 29s (remain 11m 27s), Accuracy: 80.000(79.208), Loss: 0.745(0.469), LR: 0.000066
[GPU cuda:1][TRAIN] Epoch: [11][150/2480], Elapsed 0m 43s (remain 11m 8s), Accuracy: 80.000(77.881), Loss: 0.485(0.506), LR: 0.000066
[GPU cuda:1][TRAIN] Epoch: [11][200/2480], Elapsed 0m 57s (remain 10m 52s), Accuracy: 80.000(78.010), Loss: 0.432(0.524), LR: 0.000066
[GPU cuda:1][TRAIN] Epoch: [11][250/2480], Elapsed 1m 11s (remain 10m 36s), Accuracy: 100.000(78.884), Loss: 0.057(0.511), LR: 0.000066
[GPU cuda:1][TRAIN] Epoch: [11][300/2480], Elapsed 1m 25s (remain 10m 21s), Accuracy: 60.000(78.870), Loss: 1.104(0.514), LR: 0.000066
[GPU cuda:1][TRAIN] Epoch: [11][350/2480], Elapsed 1m 40s (remain 10m 6s), Accuracy: 100.000(78.348), Loss: 0.206(0.534), LR: 0.000066
[GPU cuda:1][TRAIN] Epoch: [11][400/2480], Elapsed 1m 54s (remain 9m 51s), Accuracy: 60.000(78.454), Loss: 0.784(0.532), LR: 0.000066
[GPU cuda:1][TRAIN] Epoch: [11][450/2480], Elapsed 2m 8s (remain 9m 37s), Accuracy: 60.000(78.625), Loss: 0.666(0.536), LR: 0.000066
[GPU cuda:1][TRAIN] Epoch: [11][500/2480], Elapsed 2m 22s (remain 9m 22s), Accuracy: 40.000(79.082), Loss: 0.998(0.524), LR: 0.000066
[GPU cuda:1][TRAIN] Epoch: [11][550/2480], Elapsed 2m 36s (remain 9m 8s), Accuracy: 100.000(78.984), Loss: 0.055(0.527), LR: 0.000066
[GPU cuda:1][TRAIN] Epoch: [11][600/2480], Elapsed 2m 50s (remain 8m 53s), Accuracy: 100.000(78.968), Loss: 0.037(0.527), LR: 0.000066
[GPU cuda:1][TRAIN] Epoch: [11][650/2480], Elapsed 3m 4s (remain 8m 39s), Accuracy: 100.000(79.140), Loss: 0.057(0.526), LR: 0.000066
[GPU cuda:1][TRAIN] Epoch: [11][700/2480], Elapsed 3m 18s (remain 8m 24s), Accuracy: 80.000(79.001), Loss: 0.365(0.535), LR: 0.000066
[GPU cuda:1][TRAIN] Epoch: [11][750/2480], Elapsed 3m 33s (remain 8m 10s), Accuracy: 80.000(78.988), Loss: 0.247(0.536), LR: 0.000066
[GPU cuda:1][TRAIN] Epoch: [11][800/2480], Elapsed 3m 47s (remain 7m 56s), Accuracy: 80.000(79.176), Loss: 0.316(0.532), LR: 0.000066
[GPU cuda:1][TRAIN] Epoch: [11][850/2480], Elapsed 4m 1s (remain 7m 42s), Accuracy: 60.000(79.342), Loss: 0.559(0.527), LR: 0.000066
[GPU cuda:1][TRAIN] Epoch: [11][900/2480], Elapsed 4m 15s (remain 7m 27s), Accuracy: 60.000(79.378), Loss: 0.714(0.524), LR: 0.000066
[GPU cuda:1][TRAIN] Epoch: [11][950/2480], Elapsed 4m 29s (remain 7m 13s), Accuracy: 80.000(79.642), Loss: 0.514(0.518), LR: 0.000066
[GPU cuda:1][TRAIN] Epoch: [11][1000/2480], Elapsed 4m 43s (remain 6m 59s), Accuracy: 80.000(79.600), Loss: 0.701(0.517), LR: 0.000065
[GPU cuda:1][TRAIN] Epoch: [11][1050/2480], Elapsed 4m 58s (remain 6m 45s), Accuracy: 60.000(79.676), Loss: 0.615(0.515), LR: 0.000065
[GPU cuda:1][TRAIN] Epoch: [11][1100/2480], Elapsed 5m 12s (remain 6m 31s), Accuracy: 100.000(79.764), Loss: 0.260(0.512), LR: 0.000065
[GPU cuda:1][TRAIN] Epoch: [11][1150/2480], Elapsed 5m 26s (remain 6m 16s), Accuracy: 60.000(79.652), Loss: 0.576(0.514), LR: 0.000065
[GPU cuda:1][TRAIN] Epoch: [11][1200/2480], Elapsed 5m 40s (remain 6m 2s), Accuracy: 100.000(79.817), Loss: 0.192(0.509), LR: 0.000065
[GPU cuda:1][TRAIN] Epoch: [11][1250/2480], Elapsed 5m 54s (remain 5m 48s), Accuracy: 40.000(79.632), Loss: 1.150(0.512), LR: 0.000065
[GPU cuda:1][TRAIN] Epoch: [11][1300/2480], Elapsed 6m 8s (remain 5m 34s), Accuracy: 80.000(79.662), Loss: 0.559(0.510), LR: 0.000065
[GPU cuda:1][TRAIN] Epoch: [11][1350/2480], Elapsed 6m 23s (remain 5m 20s), Accuracy: 100.000(79.778), Loss: 0.124(0.507), LR: 0.000065
[GPU cuda:1][TRAIN] Epoch: [11][1400/2480], Elapsed 6m 37s (remain 5m 5s), Accuracy: 100.000(79.557), Loss: 0.160(0.511), LR: 0.000065
[GPU cuda:1][TRAIN] Epoch: [11][1450/2480], Elapsed 6m 51s (remain 4m 51s), Accuracy: 80.000(79.600), Loss: 0.387(0.511), LR: 0.000065
[GPU cuda:1][TRAIN] Epoch: [11][1500/2480], Elapsed 7m 5s (remain 4m 37s), Accuracy: 100.000(79.534), Loss: 0.037(0.511), LR: 0.000065
[GPU cuda:1][TRAIN] Epoch: [11][1550/2480], Elapsed 7m 19s (remain 4m 23s), Accuracy: 100.000(79.484), Loss: 0.253(0.511), LR: 0.000065
[GPU cuda:1][TRAIN] Epoch: [11][1600/2480], Elapsed 7m 33s (remain 4m 9s), Accuracy: 80.000(79.475), Loss: 0.291(0.510), LR: 0.000065
[GPU cuda:1][TRAIN] Epoch: [11][1650/2480], Elapsed 7m 48s (remain 3m 55s), Accuracy: 80.000(79.624), Loss: 0.437(0.507), LR: 0.000065
[GPU cuda:1][TRAIN] Epoch: [11][1700/2480], Elapsed 8m 2s (remain 3m 40s), Accuracy: 80.000(79.647), Loss: 0.414(0.508), LR: 0.000065
[GPU cuda:1][TRAIN] Epoch: [11][1750/2480], Elapsed 8m 16s (remain 3m 26s), Accuracy: 60.000(79.657), Loss: 0.793(0.507), LR: 0.000065
[GPU cuda:1][TRAIN] Epoch: [11][1800/2480], Elapsed 8m 30s (remain 3m 12s), Accuracy: 100.000(79.711), Loss: 0.129(0.505), LR: 0.000065
[GPU cuda:1][TRAIN] Epoch: [11][1850/2480], Elapsed 8m 44s (remain 2m 58s), Accuracy: 100.000(79.730), Loss: 0.347(0.505), LR: 0.000065
[GPU cuda:1][TRAIN] Epoch: [11][1900/2480], Elapsed 8m 59s (remain 2m 44s), Accuracy: 80.000(79.705), Loss: 0.388(0.505), LR: 0.000065
[GPU cuda:1][TRAIN] Epoch: [11][1950/2480], Elapsed 9m 13s (remain 2m 30s), Accuracy: 100.000(79.641), Loss: 0.146(0.506), LR: 0.000065
[GPU cuda:1][TRAIN] Epoch: [11][2000/2480], Elapsed 9m 27s (remain 2m 15s), Accuracy: 80.000(79.700), Loss: 0.419(0.505), LR: 0.000065
[GPU cuda:1][TRAIN] Epoch: [11][2050/2480], Elapsed 9m 41s (remain 2m 1s), Accuracy: 40.000(79.776), Loss: 1.470(0.503), LR: 0.000065
[GPU cuda:1][TRAIN] Epoch: [11][2100/2480], Elapsed 9m 55s (remain 1m 47s), Accuracy: 100.000(79.933), Loss: 0.066(0.499), LR: 0.000064
[GPU cuda:1][TRAIN] Epoch: [11][2150/2480], Elapsed 10m 10s (remain 1m 33s), Accuracy: 80.000(80.112), Loss: 0.321(0.496), LR: 0.000064
[GPU cuda:1][TRAIN] Epoch: [11][2200/2480], Elapsed 10m 24s (remain 1m 19s), Accuracy: 80.000(80.109), Loss: 0.413(0.496), LR: 0.000064
[GPU cuda:1][TRAIN] Epoch: [11][2250/2480], Elapsed 10m 38s (remain 1m 4s), Accuracy: 80.000(80.009), Loss: 0.647(0.498), LR: 0.000064
[GPU cuda:1][TRAIN] Epoch: [11][2300/2480], Elapsed 10m 52s (remain 0m 50s), Accuracy: 80.000(79.965), Loss: 0.420(0.498), LR: 0.000064
[GPU cuda:1][TRAIN] Epoch: [11][2350/2480], Elapsed 11m 6s (remain 0m 36s), Accuracy: 100.000(80.009), Loss: 0.388(0.497), LR: 0.000064
[GPU cuda:1][TRAIN] Epoch: [11][2400/2480], Elapsed 11m 20s (remain 0m 22s), Accuracy: 80.000(80.125), Loss: 0.809(0.495), LR: 0.000064
[GPU cuda:1][TRAIN] Epoch: [11][2450/2480], Elapsed 11m 35s (remain 0m 8s), Accuracy: 80.000(80.220), Loss: 0.476(0.493), LR: 0.000064
[GPU cuda:1][TRAIN] Epoch: [11][2479/2480], Elapsed 11m 43s (remain 0m 0s), Accuracy: 40.000(80.226), Loss: 1.955(0.494), LR: 0.000064
[GPU cuda:1][VALID][0/97], Elapsed 0m 1s (remain 2m 10s), Accuracy: 65.625(65.625), Batch Loss: 0.9811, Average Loss: 0.9811
[GPU cuda:1][VALID][50/97], Elapsed 0m 48s (remain 0m 43s), Accuracy: 78.125(68.689), Batch Loss: 0.5073, Average Loss: 0.8560
[GPU cuda:1][VALID][96/97], Elapsed 1m 32s (remain 0m 0s), Accuracy: 67.857(69.160), Batch Loss: 0.7279, Average Loss: 0.8472
Valid Labels Samples: [2 0 1 4 1 0 3 1 4 3]
Valid Predictions Samples: [2, 0, 2, 3, 1, 0, 3, 1, 3, 0]
Epoch 11 - Train Average Loss: 80.226, Valid Average Loss: 69.160, Epoch Time: 797.973s
Epoch 11 - Accuracy: 0.692, Precision: 0.703, Recall: 0.692
