[GPU 1]: Config File
{'id': 32, 'model_name': 'swin_large_patch4_window12_384_in22k', 'dropout': 0.5, 'size': 384, 'batch_size_t': 5, 'batch_size_v': 8, 'n_targets': 5, 'criterion': 'CrossEntropyLoss', 'gradient_accumulation_steps': 1, 'max_gradient_norm': None, 'optimizer': 'AdamW', 'scheduler': 'OneCycleLR', 'LR': 7e-05, 'T_0': 200, 'T_max': 10, 'T_mult': 2, 'min_lr': 1e-06, 'max_lr': 0.00034999999999999994, 'no_batches': 2480, 'warmup_epochs': 1, 'cosine_epochs': 14, 'epochs': 15, 'update_per_batch': True, 'num_workers': 4, 'n_folds': 5, 'train_transforms': [], 'valid_transforms': [], 'observations': None, 'use_swa': True, 'swa_lr': 0.01, 'swa_epoch': 0, 'use_sam': True, 'use_asam': True, 'asam_rho': 0.1, 'print_freq': 50, 'one_fold': True, 'use_apex': True, 'distributed_training': False, 'save_to_log': True}
================================================== Training Fold: 0 ==================================================
[GPU cuda:1][TRAIN] Epoch: [1][0/2480], Elapsed 0m 0s (remain 20m 50s), Accuracy: 0.000(0.000), Loss: 1.758(1.758), LR: 0.000014
[GPU cuda:1][TRAIN] Epoch: [1][50/2480], Elapsed 0m 14s (remain 11m 34s), Accuracy: 0.000(21.176), Loss: 1.600(1.650), LR: 0.000014
[GPU cuda:1][TRAIN] Epoch: [1][100/2480], Elapsed 0m 28s (remain 11m 19s), Accuracy: 20.000(21.980), Loss: 1.428(1.627), LR: 0.000014
[GPU cuda:1][TRAIN] Epoch: [1][150/2480], Elapsed 0m 43s (remain 11m 4s), Accuracy: 20.000(23.311), Loss: 1.645(1.612), LR: 0.000014
[GPU cuda:1][TRAIN] Epoch: [1][200/2480], Elapsed 0m 57s (remain 10m 50s), Accuracy: 0.000(25.572), Loss: 1.679(1.589), LR: 0.000014
[GPU cuda:1][TRAIN] Epoch: [1][250/2480], Elapsed 1m 11s (remain 10m 35s), Accuracy: 20.000(27.649), Loss: 1.226(1.549), LR: 0.000014
[GPU cuda:1][TRAIN] Epoch: [1][300/2480], Elapsed 1m 25s (remain 10m 20s), Accuracy: 40.000(30.033), Loss: 1.371(1.506), LR: 0.000015
[GPU cuda:1][TRAIN] Epoch: [1][350/2480], Elapsed 1m 39s (remain 10m 6s), Accuracy: 60.000(31.339), Loss: 0.928(1.473), LR: 0.000015
[GPU cuda:1][TRAIN] Epoch: [1][400/2480], Elapsed 1m 54s (remain 9m 51s), Accuracy: 60.000(33.516), Loss: 0.796(1.438), LR: 0.000015
[GPU cuda:1][TRAIN] Epoch: [1][450/2480], Elapsed 2m 8s (remain 9m 37s), Accuracy: 60.000(35.299), Loss: 1.169(1.403), LR: 0.000015
[GPU cuda:1][TRAIN] Epoch: [1][500/2480], Elapsed 2m 22s (remain 9m 22s), Accuracy: 20.000(37.206), Loss: 1.764(1.371), LR: 0.000016
[GPU cuda:1][TRAIN] Epoch: [1][550/2480], Elapsed 2m 36s (remain 9m 8s), Accuracy: 80.000(38.766), Loss: 0.602(1.343), LR: 0.000016
[GPU cuda:1][TRAIN] Epoch: [1][600/2480], Elapsed 2m 50s (remain 8m 54s), Accuracy: 100.000(39.933), Loss: 0.216(1.319), LR: 0.000016
[GPU cuda:1][TRAIN] Epoch: [1][650/2480], Elapsed 3m 5s (remain 8m 39s), Accuracy: 80.000(40.737), Loss: 0.490(1.303), LR: 0.000017
[GPU cuda:1][TRAIN] Epoch: [1][700/2480], Elapsed 3m 19s (remain 8m 25s), Accuracy: 80.000(41.369), Loss: 1.032(1.291), LR: 0.000017
[GPU cuda:1][TRAIN] Epoch: [1][750/2480], Elapsed 3m 33s (remain 8m 11s), Accuracy: 40.000(42.104), Loss: 1.165(1.277), LR: 0.000018
[GPU cuda:1][TRAIN] Epoch: [1][800/2480], Elapsed 3m 47s (remain 7m 57s), Accuracy: 60.000(43.171), Loss: 0.934(1.256), LR: 0.000018
[GPU cuda:1][TRAIN] Epoch: [1][850/2480], Elapsed 4m 1s (remain 7m 43s), Accuracy: 40.000(44.042), Loss: 1.073(1.236), LR: 0.000019
[GPU cuda:1][TRAIN] Epoch: [1][900/2480], Elapsed 4m 16s (remain 7m 28s), Accuracy: 60.000(44.994), Loss: 1.233(1.218), LR: 0.000019
[GPU cuda:1][TRAIN] Epoch: [1][950/2480], Elapsed 4m 30s (remain 7m 14s), Accuracy: 60.000(46.036), Loss: 1.009(1.199), LR: 0.000020
[GPU cuda:1][TRAIN] Epoch: [1][1000/2480], Elapsed 4m 44s (remain 7m 0s), Accuracy: 0.000(45.954), Loss: 1.383(1.198), LR: 0.000021
[GPU cuda:1][TRAIN] Epoch: [1][1050/2480], Elapsed 4m 58s (remain 6m 46s), Accuracy: 40.000(46.432), Loss: 1.379(1.187), LR: 0.000021
[GPU cuda:1][TRAIN] Epoch: [1][1100/2480], Elapsed 5m 12s (remain 6m 31s), Accuracy: 80.000(47.393), Loss: 0.516(1.169), LR: 0.000022
[GPU cuda:1][TRAIN] Epoch: [1][1150/2480], Elapsed 5m 26s (remain 6m 17s), Accuracy: 80.000(47.906), Loss: 0.997(1.160), LR: 0.000023
[GPU cuda:1][TRAIN] Epoch: [1][1200/2480], Elapsed 5m 41s (remain 6m 3s), Accuracy: 80.000(48.609), Loss: 1.027(1.147), LR: 0.000024
[GPU cuda:1][TRAIN] Epoch: [1][1250/2480], Elapsed 5m 55s (remain 5m 49s), Accuracy: 20.000(49.097), Loss: 1.192(1.139), LR: 0.000024
[GPU cuda:1][TRAIN] Epoch: [1][1300/2480], Elapsed 6m 9s (remain 5m 34s), Accuracy: 20.000(49.639), Loss: 1.447(1.128), LR: 0.000025
[GPU cuda:1][TRAIN] Epoch: [1][1350/2480], Elapsed 6m 23s (remain 5m 20s), Accuracy: 60.000(50.155), Loss: 0.984(1.119), LR: 0.000026
[GPU cuda:1][TRAIN] Epoch: [1][1400/2480], Elapsed 6m 37s (remain 5m 6s), Accuracy: 60.000(50.564), Loss: 0.962(1.114), LR: 0.000027
[GPU cuda:1][TRAIN] Epoch: [1][1450/2480], Elapsed 6m 51s (remain 4m 52s), Accuracy: 60.000(50.779), Loss: 0.860(1.108), LR: 0.000028
[GPU cuda:1][TRAIN] Epoch: [1][1500/2480], Elapsed 7m 6s (remain 4m 37s), Accuracy: 80.000(51.219), Loss: 0.328(1.101), LR: 0.000029
[GPU cuda:1][TRAIN] Epoch: [1][1550/2480], Elapsed 7m 20s (remain 4m 23s), Accuracy: 60.000(51.399), Loss: 0.783(1.097), LR: 0.000030
[GPU cuda:1][TRAIN] Epoch: [1][1600/2480], Elapsed 7m 34s (remain 4m 9s), Accuracy: 80.000(51.718), Loss: 0.675(1.089), LR: 0.000031
[GPU cuda:1][TRAIN] Epoch: [1][1650/2480], Elapsed 7m 48s (remain 3m 55s), Accuracy: 80.000(52.223), Loss: 0.311(1.080), LR: 0.000032
[GPU cuda:1][TRAIN] Epoch: [1][1700/2480], Elapsed 8m 2s (remain 3m 41s), Accuracy: 80.000(52.546), Loss: 0.657(1.076), LR: 0.000033
[GPU cuda:1][TRAIN] Epoch: [1][1750/2480], Elapsed 8m 16s (remain 3m 26s), Accuracy: 40.000(52.884), Loss: 1.478(1.071), LR: 0.000034
[GPU cuda:1][TRAIN] Epoch: [1][1800/2480], Elapsed 8m 30s (remain 3m 12s), Accuracy: 60.000(53.059), Loss: 0.916(1.066), LR: 0.000035
[GPU cuda:1][TRAIN] Epoch: [1][1850/2480], Elapsed 8m 45s (remain 2m 58s), Accuracy: 20.000(53.042), Loss: 1.348(1.065), LR: 0.000036
[GPU cuda:1][TRAIN] Epoch: [1][1900/2480], Elapsed 8m 59s (remain 2m 44s), Accuracy: 60.000(53.204), Loss: 0.581(1.062), LR: 0.000037
[GPU cuda:1][TRAIN] Epoch: [1][1950/2480], Elapsed 9m 13s (remain 2m 30s), Accuracy: 60.000(53.306), Loss: 0.768(1.061), LR: 0.000039
[GPU cuda:1][TRAIN] Epoch: [1][2000/2480], Elapsed 9m 27s (remain 2m 15s), Accuracy: 40.000(53.643), Loss: 1.155(1.054), LR: 0.000040
[GPU cuda:1][TRAIN] Epoch: [1][2050/2480], Elapsed 9m 41s (remain 2m 1s), Accuracy: 20.000(53.642), Loss: 1.483(1.056), LR: 0.000041
[GPU cuda:1][TRAIN] Epoch: [1][2100/2480], Elapsed 9m 55s (remain 1m 47s), Accuracy: 40.000(53.860), Loss: 1.464(1.052), LR: 0.000043
[GPU cuda:1][TRAIN] Epoch: [1][2150/2480], Elapsed 10m 9s (remain 1m 33s), Accuracy: 20.000(54.021), Loss: 1.457(1.049), LR: 0.000044
[GPU cuda:1][TRAIN] Epoch: [1][2200/2480], Elapsed 10m 23s (remain 1m 19s), Accuracy: 80.000(54.139), Loss: 0.723(1.046), LR: 0.000045
[GPU cuda:1][TRAIN] Epoch: [1][2250/2480], Elapsed 10m 38s (remain 1m 4s), Accuracy: 60.000(54.278), Loss: 0.896(1.043), LR: 0.000047
[GPU cuda:1][TRAIN] Epoch: [1][2300/2480], Elapsed 10m 52s (remain 0m 50s), Accuracy: 40.000(54.342), Loss: 0.967(1.042), LR: 0.000048
[GPU cuda:1][TRAIN] Epoch: [1][2350/2480], Elapsed 11m 6s (remain 0m 36s), Accuracy: 40.000(54.360), Loss: 1.111(1.041), LR: 0.000049
[GPU cuda:1][TRAIN] Epoch: [1][2400/2480], Elapsed 11m 20s (remain 0m 22s), Accuracy: 20.000(54.494), Loss: 2.131(1.039), LR: 0.000051
[GPU cuda:1][TRAIN] Epoch: [1][2450/2480], Elapsed 11m 34s (remain 0m 8s), Accuracy: 100.000(54.721), Loss: 0.485(1.035), LR: 0.000052
[GPU cuda:1][TRAIN] Epoch: [1][2479/2480], Elapsed 11m 42s (remain 0m 0s), Accuracy: 60.000(54.887), Loss: 1.101(1.033), LR: 0.000053
[GPU cuda:1][VALID][0/388], Elapsed 0m 0s (remain 3m 14s), Accuracy: 87.500(87.500), Batch Loss: 0.3382, Average Loss: 0.3382
[GPU cuda:1][VALID][50/388], Elapsed 0m 12s (remain 1m 22s), Accuracy: 50.000(64.216), Batch Loss: 1.1771, Average Loss: 0.8791
[GPU cuda:1][VALID][100/388], Elapsed 0m 24s (remain 1m 9s), Accuracy: 87.500(64.975), Batch Loss: 0.7498, Average Loss: 0.8850
[GPU cuda:1][VALID][150/388], Elapsed 0m 36s (remain 0m 57s), Accuracy: 50.000(63.162), Batch Loss: 1.1981, Average Loss: 0.9137
[GPU cuda:1][VALID][200/388], Elapsed 0m 48s (remain 0m 45s), Accuracy: 62.500(63.122), Batch Loss: 0.7705, Average Loss: 0.9002
[GPU cuda:1][VALID][250/388], Elapsed 1m 1s (remain 0m 33s), Accuracy: 50.000(62.400), Batch Loss: 0.9460, Average Loss: 0.9203
[GPU cuda:1][VALID][300/388], Elapsed 1m 13s (remain 0m 21s), Accuracy: 50.000(62.625), Batch Loss: 0.9110, Average Loss: 0.9231
[GPU cuda:1][VALID][350/388], Elapsed 1m 25s (remain 0m 9s), Accuracy: 37.500(62.856), Batch Loss: 0.8803, Average Loss: 0.9163
[GPU cuda:1][VALID][387/388], Elapsed 1m 34s (remain 0m 0s), Accuracy: 75.000(62.822), Batch Loss: 0.7432, Average Loss: 0.9161
Valid Labels Samples: [2 0 1 4 1 0 3 1 4 3]
Valid Predictions Samples: [3, 0, 1, 4, 1, 0, 3, 1, 4, 0]
Epoch 1 - Train Average Loss: 54.887, Valid Average Loss: 62.822, Epoch Time: 799.068s
Epoch 1 - Accuracy: 0.628, Precision: 0.628, Recall: 0.628
Saved Best Model: 0.63
[GPU cuda:1][TRAIN] Epoch: [2][0/2480], Elapsed 0m 0s (remain 26m 34s), Accuracy: 80.000(80.000), Loss: 1.113(1.113), LR: 0.000053
[GPU cuda:1][TRAIN] Epoch: [2][50/2480], Elapsed 0m 14s (remain 11m 54s), Accuracy: 60.000(61.176), Loss: 0.871(0.899), LR: 0.000055
[GPU cuda:1][TRAIN] Epoch: [2][100/2480], Elapsed 0m 29s (remain 11m 27s), Accuracy: 80.000(61.782), Loss: 0.749(0.890), LR: 0.000056
[GPU cuda:1][TRAIN] Epoch: [2][150/2480], Elapsed 0m 43s (remain 11m 9s), Accuracy: 60.000(62.119), Loss: 1.051(0.887), LR: 0.000058
[GPU cuda:1][TRAIN] Epoch: [2][200/2480], Elapsed 0m 57s (remain 10m 52s), Accuracy: 80.000(61.891), Loss: 0.845(0.897), LR: 0.000060
[GPU cuda:1][TRAIN] Epoch: [2][250/2480], Elapsed 1m 11s (remain 10m 37s), Accuracy: 60.000(61.992), Loss: 0.792(0.901), LR: 0.000061
[GPU cuda:1][TRAIN] Epoch: [2][300/2480], Elapsed 1m 25s (remain 10m 21s), Accuracy: 60.000(61.860), Loss: 1.173(0.903), LR: 0.000063
[GPU cuda:1][TRAIN] Epoch: [2][350/2480], Elapsed 1m 40s (remain 10m 7s), Accuracy: 80.000(61.311), Loss: 0.520(0.908), LR: 0.000065
[GPU cuda:1][TRAIN] Epoch: [2][400/2480], Elapsed 1m 54s (remain 9m 52s), Accuracy: 60.000(61.397), Loss: 0.773(0.909), LR: 0.000066
[GPU cuda:1][TRAIN] Epoch: [2][450/2480], Elapsed 2m 8s (remain 9m 37s), Accuracy: 60.000(61.242), Loss: 1.172(0.913), LR: 0.000068
[GPU cuda:1][TRAIN] Epoch: [2][500/2480], Elapsed 2m 22s (remain 9m 23s), Accuracy: 20.000(61.158), Loss: 1.570(0.912), LR: 0.000070
[GPU cuda:1][TRAIN] Epoch: [2][550/2480], Elapsed 2m 36s (remain 9m 8s), Accuracy: 80.000(60.726), Loss: 0.444(0.925), LR: 0.000072
[GPU cuda:1][TRAIN] Epoch: [2][600/2480], Elapsed 2m 50s (remain 8m 54s), Accuracy: 100.000(60.765), Loss: 0.061(0.923), LR: 0.000073
[GPU cuda:1][TRAIN] Epoch: [2][650/2480], Elapsed 3m 5s (remain 8m 40s), Accuracy: 100.000(60.737), Loss: 0.234(0.925), LR: 0.000075
[GPU cuda:1][TRAIN] Epoch: [2][700/2480], Elapsed 3m 19s (remain 8m 25s), Accuracy: 80.000(60.542), Loss: 0.739(0.932), LR: 0.000077
[GPU cuda:1][TRAIN] Epoch: [2][750/2480], Elapsed 3m 33s (remain 8m 11s), Accuracy: 100.000(60.293), Loss: 0.587(0.933), LR: 0.000079
[GPU cuda:1][TRAIN] Epoch: [2][800/2480], Elapsed 3m 47s (remain 7m 57s), Accuracy: 60.000(60.599), Loss: 0.690(0.930), LR: 0.000081
[GPU cuda:1][TRAIN] Epoch: [2][850/2480], Elapsed 4m 2s (remain 7m 43s), Accuracy: 40.000(60.823), Loss: 1.196(0.922), LR: 0.000083
[GPU cuda:1][TRAIN] Epoch: [2][900/2480], Elapsed 4m 16s (remain 7m 29s), Accuracy: 60.000(61.110), Loss: 1.252(0.918), LR: 0.000085
[GPU cuda:1][TRAIN] Epoch: [2][950/2480], Elapsed 4m 30s (remain 7m 14s), Accuracy: 60.000(61.199), Loss: 0.956(0.914), LR: 0.000086
[GPU cuda:1][TRAIN] Epoch: [2][1000/2480], Elapsed 4m 44s (remain 7m 0s), Accuracy: 40.000(61.039), Loss: 1.326(0.915), LR: 0.000088
[GPU cuda:1][TRAIN] Epoch: [2][1050/2480], Elapsed 4m 58s (remain 6m 46s), Accuracy: 40.000(60.818), Loss: 1.443(0.918), LR: 0.000090
[GPU cuda:1][TRAIN] Epoch: [2][1100/2480], Elapsed 5m 13s (remain 6m 32s), Accuracy: 80.000(61.090), Loss: 0.408(0.913), LR: 0.000092
[GPU cuda:1][TRAIN] Epoch: [2][1150/2480], Elapsed 5m 27s (remain 6m 18s), Accuracy: 40.000(61.060), Loss: 1.084(0.915), LR: 0.000094
[GPU cuda:1][TRAIN] Epoch: [2][1200/2480], Elapsed 5m 41s (remain 6m 3s), Accuracy: 60.000(60.849), Loss: 0.998(0.921), LR: 0.000096
[GPU cuda:1][TRAIN] Epoch: [2][1250/2480], Elapsed 5m 55s (remain 5m 49s), Accuracy: 40.000(60.767), Loss: 1.211(0.921), LR: 0.000098
[GPU cuda:1][TRAIN] Epoch: [2][1300/2480], Elapsed 6m 10s (remain 5m 35s), Accuracy: 40.000(60.261), Loss: 1.328(0.932), LR: 0.000101
[GPU cuda:1][TRAIN] Epoch: [2][1350/2480], Elapsed 6m 24s (remain 5m 21s), Accuracy: 100.000(60.207), Loss: 0.394(0.935), LR: 0.000103
[GPU cuda:1][TRAIN] Epoch: [2][1400/2480], Elapsed 6m 38s (remain 5m 6s), Accuracy: 60.000(60.186), Loss: 0.670(0.937), LR: 0.000105
[GPU cuda:1][TRAIN] Epoch: [2][1450/2480], Elapsed 6m 52s (remain 4m 52s), Accuracy: 80.000(60.345), Loss: 0.640(0.936), LR: 0.000107
[GPU cuda:1][TRAIN] Epoch: [2][1500/2480], Elapsed 7m 6s (remain 4m 38s), Accuracy: 100.000(60.227), Loss: 0.271(0.937), LR: 0.000109
[GPU cuda:1][TRAIN] Epoch: [2][1550/2480], Elapsed 7m 20s (remain 4m 24s), Accuracy: 60.000(60.039), Loss: 0.894(0.939), LR: 0.000111
[GPU cuda:1][TRAIN] Epoch: [2][1600/2480], Elapsed 7m 35s (remain 4m 9s), Accuracy: 40.000(60.125), Loss: 0.907(0.938), LR: 0.000113
[GPU cuda:1][TRAIN] Epoch: [2][1650/2480], Elapsed 7m 49s (remain 3m 55s), Accuracy: 100.000(60.303), Loss: 0.358(0.934), LR: 0.000115
[GPU cuda:1][TRAIN] Epoch: [2][1700/2480], Elapsed 8m 3s (remain 3m 41s), Accuracy: 80.000(60.329), Loss: 0.628(0.934), LR: 0.000118
[GPU cuda:1][TRAIN] Epoch: [2][1750/2480], Elapsed 8m 17s (remain 3m 27s), Accuracy: 20.000(60.274), Loss: 1.186(0.934), LR: 0.000120
[GPU cuda:1][TRAIN] Epoch: [2][1800/2480], Elapsed 8m 31s (remain 3m 12s), Accuracy: 60.000(60.311), Loss: 0.880(0.934), LR: 0.000122
[GPU cuda:1][TRAIN] Epoch: [2][1850/2480], Elapsed 8m 46s (remain 2m 58s), Accuracy: 40.000(60.194), Loss: 1.272(0.935), LR: 0.000124
[GPU cuda:1][TRAIN] Epoch: [2][1900/2480], Elapsed 9m 0s (remain 2m 44s), Accuracy: 60.000(60.252), Loss: 1.086(0.935), LR: 0.000126
[GPU cuda:1][TRAIN] Epoch: [2][1950/2480], Elapsed 9m 14s (remain 2m 30s), Accuracy: 40.000(60.174), Loss: 1.050(0.937), LR: 0.000129
[GPU cuda:1][TRAIN] Epoch: [2][2000/2480], Elapsed 9m 28s (remain 2m 16s), Accuracy: 60.000(60.250), Loss: 1.295(0.935), LR: 0.000131
[GPU cuda:1][TRAIN] Epoch: [2][2050/2480], Elapsed 9m 42s (remain 2m 1s), Accuracy: 60.000(60.127), Loss: 1.030(0.938), LR: 0.000133
[GPU cuda:1][TRAIN] Epoch: [2][2100/2480], Elapsed 9m 56s (remain 1m 47s), Accuracy: 60.000(60.257), Loss: 1.089(0.935), LR: 0.000135
[GPU cuda:1][TRAIN] Epoch: [2][2150/2480], Elapsed 10m 11s (remain 1m 33s), Accuracy: 60.000(60.335), Loss: 1.184(0.934), LR: 0.000138
[GPU cuda:1][TRAIN] Epoch: [2][2200/2480], Elapsed 10m 25s (remain 1m 19s), Accuracy: 20.000(60.345), Loss: 1.244(0.934), LR: 0.000140
[GPU cuda:1][TRAIN] Epoch: [2][2250/2480], Elapsed 10m 39s (remain 1m 5s), Accuracy: 80.000(60.284), Loss: 0.558(0.934), LR: 0.000142
[GPU cuda:1][TRAIN] Epoch: [2][2300/2480], Elapsed 10m 53s (remain 0m 50s), Accuracy: 100.000(60.330), Loss: 0.573(0.933), LR: 0.000145
[GPU cuda:1][TRAIN] Epoch: [2][2350/2480], Elapsed 11m 7s (remain 0m 36s), Accuracy: 80.000(60.332), Loss: 0.787(0.935), LR: 0.000147
[GPU cuda:1][TRAIN] Epoch: [2][2400/2480], Elapsed 11m 21s (remain 0m 22s), Accuracy: 40.000(60.358), Loss: 1.196(0.935), LR: 0.000149
[GPU cuda:1][TRAIN] Epoch: [2][2450/2480], Elapsed 11m 36s (remain 0m 8s), Accuracy: 80.000(60.326), Loss: 0.577(0.935), LR: 0.000151
[GPU cuda:1][TRAIN] Epoch: [2][2479/2480], Elapsed 11m 44s (remain 0m 0s), Accuracy: 60.000(60.347), Loss: 1.160(0.936), LR: 0.000153
[GPU cuda:1][VALID][0/388], Elapsed 0m 0s (remain 3m 15s), Accuracy: 75.000(75.000), Batch Loss: 0.7192, Average Loss: 0.7192
[GPU cuda:1][VALID][50/388], Elapsed 0m 12s (remain 1m 22s), Accuracy: 50.000(62.255), Batch Loss: 0.9730, Average Loss: 0.8780
[GPU cuda:1][VALID][100/388], Elapsed 0m 24s (remain 1m 9s), Accuracy: 62.500(60.025), Batch Loss: 0.9370, Average Loss: 0.9163
[GPU cuda:1][VALID][150/388], Elapsed 0m 36s (remain 0m 57s), Accuracy: 62.500(59.189), Batch Loss: 1.2034, Average Loss: 0.9580
[GPU cuda:1][VALID][200/388], Elapsed 0m 48s (remain 0m 45s), Accuracy: 62.500(59.017), Batch Loss: 0.5932, Average Loss: 0.9543
[GPU cuda:1][VALID][250/388], Elapsed 1m 1s (remain 0m 33s), Accuracy: 50.000(59.163), Batch Loss: 1.1062, Average Loss: 0.9507
[GPU cuda:1][VALID][300/388], Elapsed 1m 13s (remain 0m 21s), Accuracy: 37.500(59.718), Batch Loss: 1.3019, Average Loss: 0.9453
[GPU cuda:1][VALID][350/388], Elapsed 1m 25s (remain 0m 9s), Accuracy: 50.000(59.900), Batch Loss: 1.0049, Average Loss: 0.9488
[GPU cuda:1][VALID][387/388], Elapsed 1m 34s (remain 0m 0s), Accuracy: 25.000(59.923), Batch Loss: 1.0399, Average Loss: 0.9452
Valid Labels Samples: [2 0 1 4 1 0 3 1 4 3]
Valid Predictions Samples: [2, 0, 2, 4, 1, 0, 4, 1, 4, 0]
Epoch 2 - Train Average Loss: 60.347, Valid Average Loss: 59.923, Epoch Time: 801.010s
Epoch 2 - Accuracy: 0.600, Precision: 0.618, Recall: 0.600
[GPU cuda:1][TRAIN] Epoch: [3][0/2480], Elapsed 0m 0s (remain 27m 13s), Accuracy: 80.000(80.000), Loss: 0.588(0.588), LR: 0.000153
[GPU cuda:1][TRAIN] Epoch: [3][50/2480], Elapsed 0m 15s (remain 11m 54s), Accuracy: 40.000(58.039), Loss: 1.286(0.935), LR: 0.000155
[GPU cuda:1][TRAIN] Epoch: [3][100/2480], Elapsed 0m 29s (remain 11m 28s), Accuracy: 60.000(57.822), Loss: 1.089(0.962), LR: 0.000158
[GPU cuda:1][TRAIN] Epoch: [3][150/2480], Elapsed 0m 43s (remain 11m 8s), Accuracy: 60.000(58.013), Loss: 0.875(0.945), LR: 0.000160
[GPU cuda:1][TRAIN] Epoch: [3][200/2480], Elapsed 0m 57s (remain 10m 52s), Accuracy: 20.000(58.408), Loss: 1.246(0.963), LR: 0.000162
[GPU cuda:1][TRAIN] Epoch: [3][250/2480], Elapsed 1m 11s (remain 10m 36s), Accuracy: 80.000(59.602), Loss: 0.565(0.946), LR: 0.000165
[GPU cuda:1][TRAIN] Epoch: [3][300/2480], Elapsed 1m 25s (remain 10m 21s), Accuracy: 40.000(59.269), Loss: 1.330(0.948), LR: 0.000167
[GPU cuda:1][TRAIN] Epoch: [3][350/2480], Elapsed 1m 39s (remain 10m 6s), Accuracy: 100.000(58.974), Loss: 0.437(0.954), LR: 0.000169
[GPU cuda:1][TRAIN] Epoch: [3][400/2480], Elapsed 1m 54s (remain 9m 51s), Accuracy: 60.000(57.805), Loss: 1.072(0.976), LR: 0.000172
[GPU cuda:1][TRAIN] Epoch: [3][450/2480], Elapsed 2m 8s (remain 9m 37s), Accuracy: 40.000(57.650), Loss: 2.539(0.984), LR: 0.000174
[GPU cuda:1][TRAIN] Epoch: [3][500/2480], Elapsed 2m 22s (remain 9m 22s), Accuracy: 20.000(58.004), Loss: 2.065(0.981), LR: 0.000176
[GPU cuda:1][TRAIN] Epoch: [3][550/2480], Elapsed 2m 36s (remain 9m 8s), Accuracy: 100.000(58.185), Loss: 0.276(0.984), LR: 0.000179
[GPU cuda:1][TRAIN] Epoch: [3][600/2480], Elapsed 2m 50s (remain 8m 53s), Accuracy: 100.000(58.037), Loss: 0.160(0.987), LR: 0.000181
[GPU cuda:1][TRAIN] Epoch: [3][650/2480], Elapsed 3m 4s (remain 8m 39s), Accuracy: 100.000(58.310), Loss: 0.292(0.982), LR: 0.000183
[GPU cuda:1][TRAIN] Epoch: [3][700/2480], Elapsed 3m 19s (remain 8m 25s), Accuracy: 40.000(57.575), Loss: 1.229(1.001), LR: 0.000186
[GPU cuda:1][TRAIN] Epoch: [3][750/2480], Elapsed 3m 33s (remain 8m 10s), Accuracy: 60.000(57.710), Loss: 0.930(1.002), LR: 0.000188
[GPU cuda:1][TRAIN] Epoch: [3][800/2480], Elapsed 3m 47s (remain 7m 56s), Accuracy: 80.000(57.703), Loss: 0.809(1.003), LR: 0.000191
[GPU cuda:1][TRAIN] Epoch: [3][850/2480], Elapsed 4m 1s (remain 7m 42s), Accuracy: 40.000(58.190), Loss: 1.298(0.994), LR: 0.000193
[GPU cuda:1][TRAIN] Epoch: [3][900/2480], Elapsed 4m 15s (remain 7m 28s), Accuracy: 20.000(57.958), Loss: 1.870(0.997), LR: 0.000195
[GPU cuda:1][TRAIN] Epoch: [3][950/2480], Elapsed 4m 29s (remain 7m 13s), Accuracy: 60.000(57.077), Loss: 1.078(1.013), LR: 0.000198
[GPU cuda:1][TRAIN] Epoch: [3][1000/2480], Elapsed 4m 43s (remain 6m 59s), Accuracy: 40.000(56.563), Loss: 1.717(1.024), LR: 0.000200
[GPU cuda:1][TRAIN] Epoch: [3][1050/2480], Elapsed 4m 58s (remain 6m 45s), Accuracy: 40.000(56.613), Loss: 1.240(1.025), LR: 0.000202
[GPU cuda:1][TRAIN] Epoch: [3][1100/2480], Elapsed 5m 12s (remain 6m 31s), Accuracy: 0.000(55.967), Loss: 2.341(1.034), LR: 0.000205
[GPU cuda:1][TRAIN] Epoch: [3][1150/2480], Elapsed 5m 26s (remain 6m 16s), Accuracy: 20.000(55.465), Loss: 1.315(1.043), LR: 0.000207
[GPU cuda:1][TRAIN] Epoch: [3][1200/2480], Elapsed 5m 40s (remain 6m 2s), Accuracy: 80.000(55.520), Loss: 0.905(1.039), LR: 0.000209
[GPU cuda:1][TRAIN] Epoch: [3][1250/2480], Elapsed 5m 54s (remain 5m 48s), Accuracy: 40.000(55.588), Loss: 0.985(1.038), LR: 0.000212
[GPU cuda:1][TRAIN] Epoch: [3][1300/2480], Elapsed 6m 8s (remain 5m 34s), Accuracy: 40.000(55.465), Loss: 0.964(1.036), LR: 0.000214
[GPU cuda:1][TRAIN] Epoch: [3][1350/2480], Elapsed 6m 22s (remain 5m 19s), Accuracy: 80.000(55.544), Loss: 0.625(1.033), LR: 0.000216
[GPU cuda:1][TRAIN] Epoch: [3][1400/2480], Elapsed 6m 36s (remain 5m 5s), Accuracy: 100.000(55.617), Loss: 0.552(1.033), LR: 0.000219
[GPU cuda:1][TRAIN] Epoch: [3][1450/2480], Elapsed 6m 51s (remain 4m 51s), Accuracy: 100.000(55.810), Loss: 0.715(1.031), LR: 0.000221
[GPU cuda:1][TRAIN] Epoch: [3][1500/2480], Elapsed 7m 5s (remain 4m 37s), Accuracy: 80.000(55.856), Loss: 0.525(1.030), LR: 0.000223
[GPU cuda:1][TRAIN] Epoch: [3][1550/2480], Elapsed 7m 19s (remain 4m 23s), Accuracy: 100.000(56.054), Loss: 0.527(1.027), LR: 0.000226
[GPU cuda:1][TRAIN] Epoch: [3][1600/2480], Elapsed 7m 33s (remain 4m 9s), Accuracy: 100.000(56.115), Loss: 0.586(1.025), LR: 0.000228
[GPU cuda:1][TRAIN] Epoch: [3][1650/2480], Elapsed 7m 47s (remain 3m 54s), Accuracy: 60.000(56.063), Loss: 1.065(1.025), LR: 0.000230
[GPU cuda:1][TRAIN] Epoch: [3][1700/2480], Elapsed 8m 1s (remain 3m 40s), Accuracy: 80.000(55.991), Loss: 0.731(1.025), LR: 0.000232
[GPU cuda:1][TRAIN] Epoch: [3][1750/2480], Elapsed 8m 16s (remain 3m 26s), Accuracy: 40.000(55.888), Loss: 1.122(1.025), LR: 0.000235
[GPU cuda:1][TRAIN] Epoch: [3][1800/2480], Elapsed 8m 30s (remain 3m 12s), Accuracy: 60.000(55.958), Loss: 0.839(1.026), LR: 0.000237
[GPU cuda:1][TRAIN] Epoch: [3][1850/2480], Elapsed 8m 44s (remain 2m 58s), Accuracy: 40.000(55.927), Loss: 1.111(1.026), LR: 0.000239
[GPU cuda:1][TRAIN] Epoch: [3][1900/2480], Elapsed 8m 58s (remain 2m 44s), Accuracy: 80.000(55.771), Loss: 0.778(1.027), LR: 0.000241
[GPU cuda:1][TRAIN] Epoch: [3][1950/2480], Elapsed 9m 12s (remain 2m 29s), Accuracy: 0.000(55.684), Loss: 1.273(1.029), LR: 0.000244
[GPU cuda:1][TRAIN] Epoch: [3][2000/2480], Elapsed 9m 26s (remain 2m 15s), Accuracy: 20.000(55.782), Loss: 1.545(1.030), LR: 0.000246
[GPU cuda:1][TRAIN] Epoch: [3][2050/2480], Elapsed 9m 40s (remain 2m 1s), Accuracy: 40.000(55.661), Loss: 1.115(1.031), LR: 0.000248
[GPU cuda:1][TRAIN] Epoch: [3][2100/2480], Elapsed 9m 55s (remain 1m 47s), Accuracy: 40.000(55.707), Loss: 0.969(1.031), LR: 0.000250
[GPU cuda:1][TRAIN] Epoch: [3][2150/2480], Elapsed 10m 9s (remain 1m 33s), Accuracy: 20.000(55.760), Loss: 1.515(1.030), LR: 0.000252
[GPU cuda:1][TRAIN] Epoch: [3][2200/2480], Elapsed 10m 23s (remain 1m 19s), Accuracy: 60.000(55.775), Loss: 0.777(1.029), LR: 0.000254
[GPU cuda:1][TRAIN] Epoch: [3][2250/2480], Elapsed 10m 37s (remain 1m 4s), Accuracy: 40.000(55.646), Loss: 1.926(1.030), LR: 0.000256
[GPU cuda:1][TRAIN] Epoch: [3][2300/2480], Elapsed 10m 51s (remain 0m 50s), Accuracy: 60.000(55.524), Loss: 0.843(1.031), LR: 0.000259
[GPU cuda:1][TRAIN] Epoch: [3][2350/2480], Elapsed 11m 5s (remain 0m 36s), Accuracy: 60.000(55.568), Loss: 1.220(1.031), LR: 0.000261
[GPU cuda:1][TRAIN] Epoch: [3][2400/2480], Elapsed 11m 20s (remain 0m 22s), Accuracy: 20.000(55.610), Loss: 1.344(1.029), LR: 0.000263
[GPU cuda:1][TRAIN] Epoch: [3][2450/2480], Elapsed 11m 34s (remain 0m 8s), Accuracy: 40.000(55.634), Loss: 0.955(1.028), LR: 0.000265
[GPU cuda:1][TRAIN] Epoch: [3][2479/2480], Elapsed 11m 42s (remain 0m 0s), Accuracy: 40.000(55.581), Loss: 1.065(1.029), LR: 0.000266
[GPU cuda:1][VALID][0/388], Elapsed 0m 0s (remain 3m 20s), Accuracy: 62.500(62.500), Batch Loss: 0.6234, Average Loss: 0.6234
[GPU cuda:1][VALID][50/388], Elapsed 0m 12s (remain 1m 22s), Accuracy: 62.500(57.353), Batch Loss: 1.5184, Average Loss: 0.9999
[GPU cuda:1][VALID][100/388], Elapsed 0m 24s (remain 1m 9s), Accuracy: 62.500(54.827), Batch Loss: 1.0360, Average Loss: 1.0200
[GPU cuda:1][VALID][150/388], Elapsed 0m 36s (remain 0m 57s), Accuracy: 50.000(53.477), Batch Loss: 1.2495, Average Loss: 1.0473
[GPU cuda:1][VALID][200/388], Elapsed 0m 48s (remain 0m 45s), Accuracy: 62.500(53.358), Batch Loss: 0.7460, Average Loss: 1.0496
[GPU cuda:1][VALID][250/388], Elapsed 1m 1s (remain 0m 33s), Accuracy: 25.000(53.486), Batch Loss: 1.2030, Average Loss: 1.0540
[GPU cuda:1][VALID][300/388], Elapsed 1m 13s (remain 0m 21s), Accuracy: 50.000(52.949), Batch Loss: 1.0331, Average Loss: 1.0555
[GPU cuda:1][VALID][350/388], Elapsed 1m 25s (remain 0m 9s), Accuracy: 50.000(53.027), Batch Loss: 0.9141, Average Loss: 1.0559
[GPU cuda:1][VALID][387/388], Elapsed 1m 34s (remain 0m 0s), Accuracy: 50.000(53.028), Batch Loss: 1.3696, Average Loss: 1.0558
Valid Labels Samples: [2 0 1 4 1 0 3 1 4 3]
Valid Predictions Samples: [3, 0, 1, 4, 2, 0, 4, 1, 4, 0]
Epoch 3 - Train Average Loss: 55.581, Valid Average Loss: 53.028, Epoch Time: 798.954s
Epoch 3 - Accuracy: 0.530, Precision: 0.515, Recall: 0.530
[GPU cuda:1][TRAIN] Epoch: [4][0/2480], Elapsed 0m 0s (remain 26m 15s), Accuracy: 60.000(60.000), Loss: 1.046(1.046), LR: 0.000266
[GPU cuda:1][TRAIN] Epoch: [4][50/2480], Elapsed 0m 14s (remain 11m 53s), Accuracy: 40.000(55.686), Loss: 1.172(1.062), LR: 0.000268
[GPU cuda:1][TRAIN] Epoch: [4][100/2480], Elapsed 0m 29s (remain 11m 27s), Accuracy: 100.000(56.634), Loss: 0.680(1.019), LR: 0.000270
[GPU cuda:1][TRAIN] Epoch: [4][150/2480], Elapsed 0m 43s (remain 11m 8s), Accuracy: 20.000(57.351), Loss: 1.196(0.988), LR: 0.000272
[GPU cuda:1][TRAIN] Epoch: [4][200/2480], Elapsed 0m 57s (remain 10m 51s), Accuracy: 40.000(56.418), Loss: 1.228(1.011), LR: 0.000274
[GPU cuda:1][TRAIN] Epoch: [4][250/2480], Elapsed 1m 11s (remain 10m 36s), Accuracy: 60.000(55.777), Loss: 0.708(1.025), LR: 0.000276
[GPU cuda:1][TRAIN] Epoch: [4][300/2480], Elapsed 1m 25s (remain 10m 20s), Accuracy: 40.000(56.478), Loss: 1.170(1.009), LR: 0.000278
[GPU cuda:1][TRAIN] Epoch: [4][350/2480], Elapsed 1m 39s (remain 10m 5s), Accuracy: 100.000(56.638), Loss: 0.339(1.005), LR: 0.000280
[GPU cuda:1][TRAIN] Epoch: [4][400/2480], Elapsed 1m 54s (remain 9m 51s), Accuracy: 60.000(57.057), Loss: 0.815(1.007), LR: 0.000282
[GPU cuda:1][TRAIN] Epoch: [4][450/2480], Elapsed 2m 8s (remain 9m 36s), Accuracy: 80.000(57.384), Loss: 0.959(1.003), LR: 0.000284
[GPU cuda:1][TRAIN] Epoch: [4][500/2480], Elapsed 2m 22s (remain 9m 22s), Accuracy: 40.000(57.725), Loss: 1.326(0.996), LR: 0.000286
[GPU cuda:1][TRAIN] Epoch: [4][550/2480], Elapsed 2m 36s (remain 9m 7s), Accuracy: 100.000(57.459), Loss: 0.427(1.002), LR: 0.000287
[GPU cuda:1][TRAIN] Epoch: [4][600/2480], Elapsed 2m 50s (remain 8m 53s), Accuracy: 100.000(57.404), Loss: 0.119(1.000), LR: 0.000289
[GPU cuda:1][TRAIN] Epoch: [4][650/2480], Elapsed 3m 4s (remain 8m 39s), Accuracy: 100.000(57.266), Loss: 0.390(1.001), LR: 0.000291
[GPU cuda:1][TRAIN] Epoch: [4][700/2480], Elapsed 3m 18s (remain 8m 24s), Accuracy: 40.000(56.776), Loss: 1.046(1.009), LR: 0.000293
[GPU cuda:1][TRAIN] Epoch: [4][750/2480], Elapsed 3m 32s (remain 8m 10s), Accuracy: 40.000(56.698), Loss: 0.848(1.013), LR: 0.000295
[GPU cuda:1][TRAIN] Epoch: [4][800/2480], Elapsed 3m 47s (remain 7m 56s), Accuracy: 60.000(56.479), Loss: 0.676(1.016), LR: 0.000296
[GPU cuda:1][TRAIN] Epoch: [4][850/2480], Elapsed 4m 1s (remain 7m 41s), Accuracy: 60.000(56.616), Loss: 0.916(1.014), LR: 0.000298
[GPU cuda:1][TRAIN] Epoch: [4][900/2480], Elapsed 4m 15s (remain 7m 27s), Accuracy: 60.000(56.426), Loss: 1.261(1.018), LR: 0.000300
[GPU cuda:1][TRAIN] Epoch: [4][950/2480], Elapsed 4m 29s (remain 7m 13s), Accuracy: 60.000(56.257), Loss: 0.983(1.020), LR: 0.000302
[GPU cuda:1][TRAIN] Epoch: [4][1000/2480], Elapsed 4m 43s (remain 6m 59s), Accuracy: 40.000(55.944), Loss: 1.425(1.023), LR: 0.000303
[GPU cuda:1][TRAIN] Epoch: [4][1050/2480], Elapsed 4m 57s (remain 6m 44s), Accuracy: 20.000(55.814), Loss: 1.545(1.024), LR: 0.000305
[GPU cuda:1][TRAIN] Epoch: [4][1100/2480], Elapsed 5m 11s (remain 6m 30s), Accuracy: 80.000(55.731), Loss: 0.737(1.023), LR: 0.000306
[GPU cuda:1][TRAIN] Epoch: [4][1150/2480], Elapsed 5m 25s (remain 6m 16s), Accuracy: 40.000(55.760), Loss: 1.525(1.027), LR: 0.000308
[GPU cuda:1][TRAIN] Epoch: [4][1200/2480], Elapsed 5m 40s (remain 6m 2s), Accuracy: 80.000(55.754), Loss: 0.981(1.024), LR: 0.000310
[GPU cuda:1][TRAIN] Epoch: [4][1250/2480], Elapsed 5m 54s (remain 5m 48s), Accuracy: 40.000(55.444), Loss: 1.036(1.030), LR: 0.000311
[GPU cuda:1][TRAIN] Epoch: [4][1300/2480], Elapsed 6m 8s (remain 5m 33s), Accuracy: 40.000(55.188), Loss: 1.259(1.030), LR: 0.000313
[GPU cuda:1][TRAIN] Epoch: [4][1350/2480], Elapsed 6m 22s (remain 5m 19s), Accuracy: 60.000(55.396), Loss: 1.170(1.029), LR: 0.000314
[GPU cuda:1][TRAIN] Epoch: [4][1400/2480], Elapsed 6m 36s (remain 5m 5s), Accuracy: 100.000(55.560), Loss: 0.659(1.028), LR: 0.000315
[GPU cuda:1][TRAIN] Epoch: [4][1450/2480], Elapsed 6m 50s (remain 4m 51s), Accuracy: 40.000(55.575), Loss: 2.234(1.029), LR: 0.000317
[GPU cuda:1][TRAIN] Epoch: [4][1500/2480], Elapsed 7m 4s (remain 4m 37s), Accuracy: 80.000(55.310), Loss: 0.415(1.034), LR: 0.000318
[GPU cuda:1][TRAIN] Epoch: [4][1550/2480], Elapsed 7m 19s (remain 4m 22s), Accuracy: 100.000(55.126), Loss: 0.534(1.036), LR: 0.000320
[GPU cuda:1][TRAIN] Epoch: [4][1600/2480], Elapsed 7m 33s (remain 4m 8s), Accuracy: 20.000(54.728), Loss: 1.541(1.045), LR: 0.000321
[GPU cuda:1][TRAIN] Epoch: [4][1650/2480], Elapsed 7m 47s (remain 3m 54s), Accuracy: 20.000(53.664), Loss: 1.614(1.064), LR: 0.000322
[GPU cuda:1][TRAIN] Epoch: [4][1700/2480], Elapsed 8m 1s (remain 3m 40s), Accuracy: 0.000(52.816), Loss: 1.726(1.080), LR: 0.000324
[GPU cuda:1][TRAIN] Epoch: [4][1750/2480], Elapsed 8m 15s (remain 3m 26s), Accuracy: 0.000(51.959), Loss: 1.640(1.096), LR: 0.000325
[GPU cuda:1][TRAIN] Epoch: [4][1800/2480], Elapsed 8m 29s (remain 3m 12s), Accuracy: 40.000(51.138), Loss: 1.577(1.110), LR: 0.000326
[GPU cuda:1][TRAIN] Epoch: [4][1850/2480], Elapsed 8m 43s (remain 2m 57s), Accuracy: 60.000(50.211), Loss: 1.528(1.124), LR: 0.000327
[GPU cuda:1][TRAIN] Epoch: [4][1900/2480], Elapsed 8m 57s (remain 2m 43s), Accuracy: 0.000(49.416), Loss: 1.650(1.138), LR: 0.000328
[GPU cuda:1][TRAIN] Epoch: [4][1950/2480], Elapsed 9m 11s (remain 2m 29s), Accuracy: 20.000(48.642), Loss: 1.611(1.150), LR: 0.000330
[GPU cuda:1][TRAIN] Epoch: [4][2000/2480], Elapsed 9m 25s (remain 2m 15s), Accuracy: 0.000(47.996), Loss: 1.784(1.162), LR: 0.000331
[GPU cuda:1][TRAIN] Epoch: [4][2050/2480], Elapsed 9m 39s (remain 2m 1s), Accuracy: 0.000(47.382), Loss: 1.716(1.173), LR: 0.000332
[GPU cuda:1][TRAIN] Epoch: [4][2100/2480], Elapsed 9m 53s (remain 1m 47s), Accuracy: 40.000(46.740), Loss: 1.537(1.183), LR: 0.000333
[GPU cuda:1][TRAIN] Epoch: [4][2150/2480], Elapsed 10m 7s (remain 1m 32s), Accuracy: 0.000(46.276), Loss: 1.785(1.193), LR: 0.000334
[GPU cuda:1][TRAIN] Epoch: [4][2200/2480], Elapsed 10m 21s (remain 1m 18s), Accuracy: 0.000(45.779), Loss: 1.785(1.203), LR: 0.000335
[GPU cuda:1][TRAIN] Epoch: [4][2250/2480], Elapsed 10m 36s (remain 1m 4s), Accuracy: 20.000(45.189), Loss: 1.656(1.212), LR: 0.000336
[GPU cuda:1][TRAIN] Epoch: [4][2300/2480], Elapsed 10m 50s (remain 0m 50s), Accuracy: 20.000(44.685), Loss: 1.673(1.221), LR: 0.000337
[GPU cuda:1][TRAIN] Epoch: [4][2350/2480], Elapsed 11m 4s (remain 0m 36s), Accuracy: 20.000(44.168), Loss: 1.645(1.229), LR: 0.000338
[GPU cuda:1][TRAIN] Epoch: [4][2400/2480], Elapsed 11m 18s (remain 0m 22s), Accuracy: 0.000(43.707), Loss: 1.760(1.237), LR: 0.000339
[GPU cuda:1][TRAIN] Epoch: [4][2450/2480], Elapsed 11m 32s (remain 0m 8s), Accuracy: 20.000(43.329), Loss: 1.671(1.244), LR: 0.000339
[GPU cuda:1][TRAIN] Epoch: [4][2479/2480], Elapsed 11m 40s (remain 0m 0s), Accuracy: 20.000(43.073), Loss: 1.599(1.249), LR: 0.000340
[GPU cuda:1][VALID][0/388], Elapsed 0m 0s (remain 3m 19s), Accuracy: 25.000(25.000), Batch Loss: 1.6371, Average Loss: 1.6371
[GPU cuda:1][VALID][50/388], Elapsed 0m 12s (remain 1m 22s), Accuracy: 25.000(26.961), Batch Loss: 1.5788, Average Loss: 1.6035
[GPU cuda:1][VALID][100/388], Elapsed 0m 24s (remain 1m 9s), Accuracy: 0.000(24.381), Batch Loss: 1.6401, Average Loss: 1.6092
[GPU cuda:1][VALID][150/388], Elapsed 0m 36s (remain 0m 57s), Accuracy: 37.500(23.841), Batch Loss: 1.5915, Average Loss: 1.6097
[GPU cuda:1][VALID][200/388], Elapsed 0m 48s (remain 0m 45s), Accuracy: 0.000(23.507), Batch Loss: 1.6367, Average Loss: 1.6084
[GPU cuda:1][VALID][250/388], Elapsed 1m 0s (remain 0m 33s), Accuracy: 12.500(23.207), Batch Loss: 1.6166, Average Loss: 1.6085
[GPU cuda:1][VALID][300/388], Elapsed 1m 12s (remain 0m 21s), Accuracy: 25.000(23.339), Batch Loss: 1.6041, Average Loss: 1.6092
[GPU cuda:1][VALID][350/388], Elapsed 1m 25s (remain 0m 8s), Accuracy: 37.500(23.077), Batch Loss: 1.6355, Average Loss: 1.6101
[GPU cuda:1][VALID][387/388], Elapsed 1m 34s (remain 0m 0s), Accuracy: 0.000(22.552), Batch Loss: 1.6282, Average Loss: 1.6101
Valid Labels Samples: [2 0 1 4 1 0 3 1 4 3]
Valid Predictions Samples: [0, 0, 0, 0, 0, 0, 0, 0, 0, 0]
Epoch 4 - Train Average Loss: 43.073, Valid Average Loss: 22.552, Epoch Time: 796.607s
Epoch 4 - Accuracy: 0.226, Precision: 0.051, Recall: 0.226
