[GPU 0]: Config File
{'id': 26, 'model_name': 'swin_large_patch4_window12_384_in22k', 'dropout': 0.5, 'size': 384, 'batch_size_t': 4, 'batch_size_v': 32, 'n_targets': 5, 'criterion': 'CrossEntropyLoss', 'gradient_accumulation_steps': 1, 'max_gradient_norm': None, 'optimizer': 'RangerLars', 'scheduler': 'CosineAnnealingWarmRestarts', 'LR': 0.0001, 'T_0': 500, 'T_max': 10, 'T_mult': 5, 'min_lr': 1e-06, 'max_lr': 0.0001, 'no_batches': 'NA', 'warmup_epochs': 1, 'cosine_epochs': 14, 'epochs': 15, 'update_per_batch': True, 'num_workers': 4, 'n_folds': 5, 'train_transforms': [HorizontalFlip(always_apply=False, p=0.5), VerticalFlip(always_apply=False, p=0.5), RandomRotate90(always_apply=False, p=0.5)], 'valid_transforms': [], 'observations': None, 'use_swa': True, 'swa_lr': 0.01, 'swa_epoch': 0, 'use_sam': True, 'use_asam': True, 'asam_rho': 0.1, 'print_freq': 50, 'one_fold': True, 'use_apex': True, 'distributed_training': False, 'save_to_log': True}
================================================== Training Fold: 0 ==================================================
[GPU cuda:0][TRAIN] Epoch: [1][0/3100], Elapsed 0m 0s (remain 23m 44s), Accuracy: 0.000(0.000), Loss: 1.683(1.683), LR: 0.000100
[GPU cuda:0][TRAIN] Epoch: [1][50/3100], Elapsed 0m 16s (remain 16m 0s), Accuracy: 25.000(13.725), Loss: 1.595(1.651), LR: 0.000097
[GPU cuda:0][TRAIN] Epoch: [1][100/3100], Elapsed 0m 31s (remain 15m 44s), Accuracy: 0.000(14.851), Loss: 1.572(1.639), LR: 0.000090
[GPU cuda:0][TRAIN] Epoch: [1][150/3100], Elapsed 0m 47s (remain 15m 25s), Accuracy: 25.000(18.046), Loss: 1.437(1.631), LR: 0.000079
[GPU cuda:0][TRAIN] Epoch: [1][200/3100], Elapsed 1m 3s (remain 15m 10s), Accuracy: 50.000(19.527), Loss: 1.517(1.624), LR: 0.000066
[GPU cuda:0][TRAIN] Epoch: [1][250/3100], Elapsed 1m 18s (remain 14m 55s), Accuracy: 25.000(19.920), Loss: 1.656(1.621), LR: 0.000050
[GPU cuda:0][TRAIN] Epoch: [1][300/3100], Elapsed 1m 34s (remain 14m 39s), Accuracy: 0.000(20.847), Loss: 1.625(1.615), LR: 0.000035
[GPU cuda:0][TRAIN] Epoch: [1][350/3100], Elapsed 1m 50s (remain 14m 23s), Accuracy: 50.000(22.151), Loss: 1.596(1.611), LR: 0.000021
[GPU cuda:0][TRAIN] Epoch: [1][400/3100], Elapsed 2m 6s (remain 14m 8s), Accuracy: 25.000(22.631), Loss: 1.693(1.607), LR: 0.000010
[GPU cuda:0][TRAIN] Epoch: [1][450/3100], Elapsed 2m 21s (remain 13m 52s), Accuracy: 50.000(23.780), Loss: 1.434(1.603), LR: 0.000003
[GPU cuda:0][TRAIN] Epoch: [1][500/3100], Elapsed 2m 37s (remain 13m 36s), Accuracy: 25.000(23.603), Loss: 1.596(1.603), LR: 0.000100
[GPU cuda:0][TRAIN] Epoch: [1][550/3100], Elapsed 2m 53s (remain 13m 21s), Accuracy: 25.000(23.911), Loss: 1.433(1.601), LR: 0.000100
[GPU cuda:0][TRAIN] Epoch: [1][600/3100], Elapsed 3m 8s (remain 13m 5s), Accuracy: 25.000(23.960), Loss: 1.592(1.601), LR: 0.000100
[GPU cuda:0][TRAIN] Epoch: [1][650/3100], Elapsed 3m 24s (remain 12m 49s), Accuracy: 50.000(24.462), Loss: 1.319(1.597), LR: 0.000099
[GPU cuda:0][TRAIN] Epoch: [1][700/3100], Elapsed 3m 40s (remain 12m 33s), Accuracy: 100.000(25.000), Loss: 1.285(1.594), LR: 0.000098
[GPU cuda:0][TRAIN] Epoch: [1][750/3100], Elapsed 3m 55s (remain 12m 17s), Accuracy: 75.000(26.065), Loss: 1.223(1.587), LR: 0.000098
[GPU cuda:0][TRAIN] Epoch: [1][800/3100], Elapsed 4m 11s (remain 12m 2s), Accuracy: 50.000(26.841), Loss: 1.287(1.579), LR: 0.000097
[GPU cuda:0][TRAIN] Epoch: [1][850/3100], Elapsed 4m 27s (remain 11m 46s), Accuracy: 50.000(27.761), Loss: 1.194(1.570), LR: 0.000095
[GPU cuda:0][TRAIN] Epoch: [1][900/3100], Elapsed 4m 42s (remain 11m 30s), Accuracy: 50.000(27.997), Loss: 1.354(1.563), LR: 0.000094
[GPU cuda:0][TRAIN] Epoch: [1][950/3100], Elapsed 4m 58s (remain 11m 14s), Accuracy: 75.000(28.785), Loss: 1.033(1.552), LR: 0.000092
[GPU cuda:0][TRAIN] Epoch: [1][1000/3100], Elapsed 5m 14s (remain 10m 58s), Accuracy: 25.000(29.520), Loss: 1.096(1.536), LR: 0.000091
[GPU cuda:0][TRAIN] Epoch: [1][1050/3100], Elapsed 5m 30s (remain 10m 43s), Accuracy: 75.000(30.352), Loss: 1.225(1.522), LR: 0.000089
[GPU cuda:0][TRAIN] Epoch: [1][1100/3100], Elapsed 5m 45s (remain 10m 27s), Accuracy: 0.000(30.972), Loss: 1.784(1.507), LR: 0.000087
[GPU cuda:0][TRAIN] Epoch: [1][1150/3100], Elapsed 6m 1s (remain 10m 11s), Accuracy: 0.000(31.603), Loss: 1.768(1.494), LR: 0.000084
[GPU cuda:0][TRAIN] Epoch: [1][1200/3100], Elapsed 6m 17s (remain 9m 56s), Accuracy: 100.000(32.369), Loss: 0.476(1.480), LR: 0.000082
[GPU cuda:0][TRAIN] Epoch: [1][1250/3100], Elapsed 6m 32s (remain 9m 40s), Accuracy: 50.000(33.014), Loss: 1.649(1.468), LR: 0.000080
[GPU cuda:0][TRAIN] Epoch: [1][1300/3100], Elapsed 6m 48s (remain 9m 24s), Accuracy: 25.000(33.859), Loss: 1.422(1.455), LR: 0.000077
[GPU cuda:0][TRAIN] Epoch: [1][1350/3100], Elapsed 7m 4s (remain 9m 9s), Accuracy: 75.000(34.585), Loss: 0.872(1.441), LR: 0.000074
[GPU cuda:0][TRAIN] Epoch: [1][1400/3100], Elapsed 7m 19s (remain 8m 53s), Accuracy: 50.000(35.118), Loss: 0.955(1.429), LR: 0.000072
[GPU cuda:0][TRAIN] Epoch: [1][1450/3100], Elapsed 7m 35s (remain 8m 37s), Accuracy: 75.000(35.786), Loss: 0.855(1.415), LR: 0.000069
[GPU cuda:0][TRAIN] Epoch: [1][1500/3100], Elapsed 7m 51s (remain 8m 22s), Accuracy: 100.000(36.526), Loss: 0.851(1.401), LR: 0.000066
[GPU cuda:0][TRAIN] Epoch: [1][1550/3100], Elapsed 8m 7s (remain 8m 6s), Accuracy: 100.000(37.121), Loss: 0.480(1.389), LR: 0.000063
[GPU cuda:0][TRAIN] Epoch: [1][1600/3100], Elapsed 8m 22s (remain 7m 50s), Accuracy: 25.000(37.961), Loss: 1.315(1.376), LR: 0.000060
[GPU cuda:0][TRAIN] Epoch: [1][1650/3100], Elapsed 8m 38s (remain 7m 35s), Accuracy: 75.000(38.492), Loss: 0.798(1.365), LR: 0.000057
[GPU cuda:0][TRAIN] Epoch: [1][1700/3100], Elapsed 8m 54s (remain 7m 19s), Accuracy: 50.000(39.065), Loss: 1.370(1.355), LR: 0.000054
[GPU cuda:0][TRAIN] Epoch: [1][1750/3100], Elapsed 9m 9s (remain 7m 3s), Accuracy: 75.000(39.606), Loss: 0.704(1.346), LR: 0.000050
[GPU cuda:0][TRAIN] Epoch: [1][1800/3100], Elapsed 9m 25s (remain 6m 47s), Accuracy: 50.000(40.228), Loss: 0.876(1.335), LR: 0.000047
[GPU cuda:0][TRAIN] Epoch: [1][1850/3100], Elapsed 9m 41s (remain 6m 32s), Accuracy: 50.000(40.573), Loss: 0.931(1.328), LR: 0.000044
[GPU cuda:0][TRAIN] Epoch: [1][1900/3100], Elapsed 9m 56s (remain 6m 16s), Accuracy: 50.000(41.110), Loss: 0.972(1.317), LR: 0.000041
[GPU cuda:0][TRAIN] Epoch: [1][1950/3100], Elapsed 10m 12s (remain 6m 0s), Accuracy: 100.000(41.581), Loss: 0.723(1.308), LR: 0.000038
[GPU cuda:0][TRAIN] Epoch: [1][2000/3100], Elapsed 10m 28s (remain 5m 44s), Accuracy: 50.000(42.079), Loss: 1.075(1.299), LR: 0.000035
[GPU cuda:0][TRAIN] Epoch: [1][2050/3100], Elapsed 10m 43s (remain 5m 29s), Accuracy: 75.000(42.674), Loss: 0.581(1.288), LR: 0.000032
[GPU cuda:0][TRAIN] Epoch: [1][2100/3100], Elapsed 10m 59s (remain 5m 13s), Accuracy: 50.000(43.158), Loss: 1.728(1.280), LR: 0.000029
[GPU cuda:0][TRAIN] Epoch: [1][2150/3100], Elapsed 11m 15s (remain 4m 57s), Accuracy: 50.000(43.735), Loss: 1.224(1.270), LR: 0.000027
[GPU cuda:0][TRAIN] Epoch: [1][2200/3100], Elapsed 11m 30s (remain 4m 42s), Accuracy: 50.000(44.060), Loss: 1.360(1.264), LR: 0.000024
[GPU cuda:0][TRAIN] Epoch: [1][2250/3100], Elapsed 11m 46s (remain 4m 26s), Accuracy: 75.000(44.436), Loss: 0.620(1.256), LR: 0.000021
[GPU cuda:0][TRAIN] Epoch: [1][2300/3100], Elapsed 12m 1s (remain 4m 10s), Accuracy: 25.000(44.774), Loss: 1.718(1.248), LR: 0.000019
[GPU cuda:0][TRAIN] Epoch: [1][2350/3100], Elapsed 12m 17s (remain 3m 54s), Accuracy: 75.000(45.162), Loss: 0.811(1.241), LR: 0.000017
[GPU cuda:0][TRAIN] Epoch: [1][2400/3100], Elapsed 12m 33s (remain 3m 39s), Accuracy: 0.000(45.398), Loss: 1.762(1.236), LR: 0.000014
[GPU cuda:0][TRAIN] Epoch: [1][2450/3100], Elapsed 12m 48s (remain 3m 23s), Accuracy: 75.000(45.685), Loss: 0.704(1.230), LR: 0.000012
[GPU cuda:0][TRAIN] Epoch: [1][2500/3100], Elapsed 13m 4s (remain 3m 7s), Accuracy: 50.000(46.152), Loss: 1.160(1.223), LR: 0.000010
[GPU cuda:0][TRAIN] Epoch: [1][2550/3100], Elapsed 13m 20s (remain 2m 52s), Accuracy: 75.000(46.492), Loss: 0.923(1.217), LR: 0.000009
[GPU cuda:0][TRAIN] Epoch: [1][2600/3100], Elapsed 13m 35s (remain 2m 36s), Accuracy: 50.000(46.934), Loss: 0.967(1.210), LR: 0.000007
[GPU cuda:0][TRAIN] Epoch: [1][2650/3100], Elapsed 13m 51s (remain 2m 20s), Accuracy: 25.000(47.171), Loss: 1.401(1.205), LR: 0.000006
[GPU cuda:0][TRAIN] Epoch: [1][2700/3100], Elapsed 14m 7s (remain 2m 5s), Accuracy: 75.000(47.501), Loss: 0.530(1.199), LR: 0.000004
[GPU cuda:0][TRAIN] Epoch: [1][2750/3100], Elapsed 14m 22s (remain 1m 49s), Accuracy: 50.000(47.801), Loss: 0.861(1.192), LR: 0.000003
[GPU cuda:0][TRAIN] Epoch: [1][2800/3100], Elapsed 14m 38s (remain 1m 33s), Accuracy: 0.000(48.054), Loss: 1.722(1.188), LR: 0.000003
[GPU cuda:0][TRAIN] Epoch: [1][2850/3100], Elapsed 14m 54s (remain 1m 18s), Accuracy: 25.000(48.299), Loss: 1.234(1.183), LR: 0.000002
[GPU cuda:0][TRAIN] Epoch: [1][2900/3100], Elapsed 15m 9s (remain 1m 2s), Accuracy: 100.000(48.535), Loss: 0.638(1.179), LR: 0.000001
[GPU cuda:0][TRAIN] Epoch: [1][2950/3100], Elapsed 15m 25s (remain 0m 46s), Accuracy: 75.000(48.780), Loss: 0.963(1.175), LR: 0.000001
[GPU cuda:0][TRAIN] Epoch: [1][3000/3100], Elapsed 15m 41s (remain 0m 31s), Accuracy: 25.000(49.050), Loss: 1.421(1.169), LR: 0.000100
[GPU cuda:0][TRAIN] Epoch: [1][3050/3100], Elapsed 15m 56s (remain 0m 15s), Accuracy: 100.000(49.336), Loss: 0.474(1.165), LR: 0.000100
[GPU cuda:0][TRAIN] Epoch: [1][3099/3100], Elapsed 16m 12s (remain 0m 0s), Accuracy: 50.000(49.460), Loss: 2.092(1.163), LR: 0.000100
[GPU cuda:0][VALID][0/97], Elapsed 0m 1s (remain 2m 18s), Accuracy: 56.250(56.250), Batch Loss: 1.1189, Average Loss: 1.1189
[GPU cuda:0][VALID][50/97], Elapsed 0m 46s (remain 0m 42s), Accuracy: 56.250(56.801), Batch Loss: 0.7493, Average Loss: 0.9624
[GPU cuda:0][VALID][96/97], Elapsed 1m 28s (remain 0m 0s), Accuracy: 53.571(57.060), Batch Loss: 0.9359, Average Loss: 0.9668
Valid Labels Samples: [2 0 1 4 1 0 3 1 4 3]
Valid Predictions Samples: [2, 0, 2, 4, 1, 1, 3, 3, 3, 0]
Epoch 1 - Train Average Loss: 49.460, Valid Average Loss: 57.060, Epoch Time: 1063.101s
Epoch 1 - Accuracy: 0.571, Precision: 0.567, Recall: 0.571
Saved Best Model: 0.57
[GPU cuda:0][TRAIN] Epoch: [2][0/3100], Elapsed 0m 0s (remain 37m 0s), Accuracy: 50.000(50.000), Loss: 1.323(1.323), LR: 0.000100
[GPU cuda:0][TRAIN] Epoch: [2][50/3100], Elapsed 0m 16s (remain 16m 20s), Accuracy: 75.000(49.020), Loss: 0.756(1.138), LR: 0.000100
[GPU cuda:0][TRAIN] Epoch: [2][100/3100], Elapsed 0m 32s (remain 15m 53s), Accuracy: 25.000(54.208), Loss: 1.266(1.010), LR: 0.000100
[GPU cuda:0][TRAIN] Epoch: [2][150/3100], Elapsed 0m 47s (remain 15m 32s), Accuracy: 75.000(56.457), Loss: 0.320(0.981), LR: 0.000100
[GPU cuda:0][TRAIN] Epoch: [2][200/3100], Elapsed 1m 3s (remain 15m 14s), Accuracy: 100.000(57.338), Loss: 0.495(0.974), LR: 0.000100
[GPU cuda:0][TRAIN] Epoch: [2][250/3100], Elapsed 1m 19s (remain 14m 57s), Accuracy: 0.000(56.574), Loss: 1.456(0.988), LR: 0.000100
[GPU cuda:0][TRAIN] Epoch: [2][300/3100], Elapsed 1m 34s (remain 14m 40s), Accuracy: 0.000(56.977), Loss: 1.814(0.992), LR: 0.000100
[GPU cuda:0][TRAIN] Epoch: [2][350/3100], Elapsed 1m 50s (remain 14m 24s), Accuracy: 25.000(57.479), Loss: 1.230(0.982), LR: 0.000100
[GPU cuda:0][TRAIN] Epoch: [2][400/3100], Elapsed 2m 6s (remain 14m 8s), Accuracy: 50.000(56.983), Loss: 1.070(0.984), LR: 0.000100
[GPU cuda:0][TRAIN] Epoch: [2][450/3100], Elapsed 2m 21s (remain 13m 52s), Accuracy: 75.000(57.428), Loss: 0.882(0.977), LR: 0.000100
[GPU cuda:0][TRAIN] Epoch: [2][500/3100], Elapsed 2m 37s (remain 13m 36s), Accuracy: 50.000(57.535), Loss: 0.945(0.975), LR: 0.000099
[GPU cuda:0][TRAIN] Epoch: [2][550/3100], Elapsed 2m 53s (remain 13m 20s), Accuracy: 25.000(57.804), Loss: 1.331(0.969), LR: 0.000099
[GPU cuda:0][TRAIN] Epoch: [2][600/3100], Elapsed 3m 8s (remain 13m 4s), Accuracy: 50.000(58.111), Loss: 0.803(0.961), LR: 0.000099
[GPU cuda:0][TRAIN] Epoch: [2][650/3100], Elapsed 3m 24s (remain 12m 48s), Accuracy: 75.000(58.257), Loss: 0.754(0.962), LR: 0.000099
[GPU cuda:0][TRAIN] Epoch: [2][700/3100], Elapsed 3m 40s (remain 12m 33s), Accuracy: 75.000(58.631), Loss: 0.846(0.960), LR: 0.000099
[GPU cuda:0][TRAIN] Epoch: [2][750/3100], Elapsed 3m 55s (remain 12m 17s), Accuracy: 100.000(59.055), Loss: 0.147(0.955), LR: 0.000099
[GPU cuda:0][TRAIN] Epoch: [2][800/3100], Elapsed 4m 11s (remain 12m 1s), Accuracy: 50.000(59.114), Loss: 0.978(0.956), LR: 0.000099
[GPU cuda:0][TRAIN] Epoch: [2][850/3100], Elapsed 4m 26s (remain 11m 45s), Accuracy: 100.000(59.166), Loss: 0.594(0.954), LR: 0.000099
[GPU cuda:0][TRAIN] Epoch: [2][900/3100], Elapsed 4m 42s (remain 11m 29s), Accuracy: 50.000(58.629), Loss: 1.023(0.959), LR: 0.000098
[GPU cuda:0][TRAIN] Epoch: [2][950/3100], Elapsed 4m 58s (remain 11m 14s), Accuracy: 50.000(58.754), Loss: 0.997(0.960), LR: 0.000098
[GPU cuda:0][TRAIN] Epoch: [2][1000/3100], Elapsed 5m 13s (remain 10m 58s), Accuracy: 50.000(59.091), Loss: 0.956(0.954), LR: 0.000098
[GPU cuda:0][TRAIN] Epoch: [2][1050/3100], Elapsed 5m 29s (remain 10m 42s), Accuracy: 100.000(59.539), Loss: 0.153(0.946), LR: 0.000098
[GPU cuda:0][TRAIN] Epoch: [2][1100/3100], Elapsed 5m 45s (remain 10m 26s), Accuracy: 25.000(59.582), Loss: 1.199(0.941), LR: 0.000098
[GPU cuda:0][TRAIN] Epoch: [2][1150/3100], Elapsed 6m 0s (remain 10m 11s), Accuracy: 75.000(59.839), Loss: 0.606(0.938), LR: 0.000098
[GPU cuda:0][TRAIN] Epoch: [2][1200/3100], Elapsed 6m 16s (remain 9m 55s), Accuracy: 100.000(60.158), Loss: 0.180(0.932), LR: 0.000097
[GPU cuda:0][TRAIN] Epoch: [2][1250/3100], Elapsed 6m 32s (remain 9m 39s), Accuracy: 75.000(59.972), Loss: 0.841(0.931), LR: 0.000097
[GPU cuda:0][TRAIN] Epoch: [2][1300/3100], Elapsed 6m 47s (remain 9m 23s), Accuracy: 75.000(59.992), Loss: 0.801(0.931), LR: 0.000097
[GPU cuda:0][TRAIN] Epoch: [2][1350/3100], Elapsed 7m 3s (remain 9m 8s), Accuracy: 75.000(60.215), Loss: 0.521(0.926), LR: 0.000097
[GPU cuda:0][TRAIN] Epoch: [2][1400/3100], Elapsed 7m 19s (remain 8m 52s), Accuracy: 75.000(60.082), Loss: 0.739(0.928), LR: 0.000097
[GPU cuda:0][TRAIN] Epoch: [2][1450/3100], Elapsed 7m 34s (remain 8m 36s), Accuracy: 75.000(60.131), Loss: 0.820(0.925), LR: 0.000096
[GPU cuda:0][TRAIN] Epoch: [2][1500/3100], Elapsed 7m 50s (remain 8m 21s), Accuracy: 75.000(60.260), Loss: 0.864(0.921), LR: 0.000096
[GPU cuda:0][TRAIN] Epoch: [2][1550/3100], Elapsed 8m 6s (remain 8m 5s), Accuracy: 100.000(60.251), Loss: 0.193(0.920), LR: 0.000096
[GPU cuda:0][TRAIN] Epoch: [2][1600/3100], Elapsed 8m 21s (remain 7m 49s), Accuracy: 100.000(60.509), Loss: 0.344(0.916), LR: 0.000096
[GPU cuda:0][TRAIN] Epoch: [2][1650/3100], Elapsed 8m 37s (remain 7m 34s), Accuracy: 75.000(60.494), Loss: 0.604(0.916), LR: 0.000095
[GPU cuda:0][TRAIN] Epoch: [2][1700/3100], Elapsed 8m 53s (remain 7m 18s), Accuracy: 75.000(60.670), Loss: 0.973(0.914), LR: 0.000095
[GPU cuda:0][TRAIN] Epoch: [2][1750/3100], Elapsed 9m 8s (remain 7m 2s), Accuracy: 100.000(60.637), Loss: 0.573(0.914), LR: 0.000095
[GPU cuda:0][TRAIN] Epoch: [2][1800/3100], Elapsed 9m 24s (remain 6m 47s), Accuracy: 75.000(60.689), Loss: 0.635(0.911), LR: 0.000094
[GPU cuda:0][TRAIN] Epoch: [2][1850/3100], Elapsed 9m 40s (remain 6m 31s), Accuracy: 50.000(60.467), Loss: 0.845(0.914), LR: 0.000094
[GPU cuda:0][TRAIN] Epoch: [2][1900/3100], Elapsed 9m 55s (remain 6m 15s), Accuracy: 50.000(60.705), Loss: 1.075(0.910), LR: 0.000094
[GPU cuda:0][TRAIN] Epoch: [2][1950/3100], Elapsed 10m 11s (remain 6m 0s), Accuracy: 75.000(60.700), Loss: 0.712(0.909), LR: 0.000094
[GPU cuda:0][TRAIN] Epoch: [2][2000/3100], Elapsed 10m 27s (remain 5m 44s), Accuracy: 75.000(60.870), Loss: 0.719(0.907), LR: 0.000093
[GPU cuda:0][TRAIN] Epoch: [2][2050/3100], Elapsed 10m 43s (remain 5m 28s), Accuracy: 75.000(61.080), Loss: 0.389(0.902), LR: 0.000093
[GPU cuda:0][TRAIN] Epoch: [2][2100/3100], Elapsed 10m 58s (remain 5m 13s), Accuracy: 25.000(61.126), Loss: 2.238(0.902), LR: 0.000093
[GPU cuda:0][TRAIN] Epoch: [2][2150/3100], Elapsed 11m 14s (remain 4m 57s), Accuracy: 50.000(61.425), Loss: 1.238(0.898), LR: 0.000092
[GPU cuda:0][TRAIN] Epoch: [2][2200/3100], Elapsed 11m 30s (remain 4m 41s), Accuracy: 25.000(61.381), Loss: 1.243(0.898), LR: 0.000092
[GPU cuda:0][TRAIN] Epoch: [2][2250/3100], Elapsed 11m 45s (remain 4m 26s), Accuracy: 50.000(61.562), Loss: 0.834(0.894), LR: 0.000092
[GPU cuda:0][TRAIN] Epoch: [2][2300/3100], Elapsed 12m 1s (remain 4m 10s), Accuracy: 25.000(61.582), Loss: 1.992(0.892), LR: 0.000091
[GPU cuda:0][TRAIN] Epoch: [2][2350/3100], Elapsed 12m 17s (remain 3m 54s), Accuracy: 50.000(61.559), Loss: 0.940(0.892), LR: 0.000091
[GPU cuda:0][TRAIN] Epoch: [2][2400/3100], Elapsed 12m 32s (remain 3m 39s), Accuracy: 50.000(61.547), Loss: 1.103(0.893), LR: 0.000091
[GPU cuda:0][TRAIN] Epoch: [2][2450/3100], Elapsed 12m 48s (remain 3m 23s), Accuracy: 50.000(61.567), Loss: 0.907(0.892), LR: 0.000090
[GPU cuda:0][TRAIN] Epoch: [2][2500/3100], Elapsed 13m 4s (remain 3m 7s), Accuracy: 25.000(61.735), Loss: 1.132(0.889), LR: 0.000090
[GPU cuda:0][TRAIN] Epoch: [2][2550/3100], Elapsed 13m 19s (remain 2m 52s), Accuracy: 75.000(61.682), Loss: 0.824(0.891), LR: 0.000089
[GPU cuda:0][TRAIN] Epoch: [2][2600/3100], Elapsed 13m 35s (remain 2m 36s), Accuracy: 50.000(61.870), Loss: 0.940(0.888), LR: 0.000089
[GPU cuda:0][TRAIN] Epoch: [2][2650/3100], Elapsed 13m 51s (remain 2m 20s), Accuracy: 25.000(61.939), Loss: 1.796(0.887), LR: 0.000089
[GPU cuda:0][TRAIN] Epoch: [2][2700/3100], Elapsed 14m 6s (remain 2m 5s), Accuracy: 75.000(62.107), Loss: 0.541(0.885), LR: 0.000088
[GPU cuda:0][TRAIN] Epoch: [2][2750/3100], Elapsed 14m 22s (remain 1m 49s), Accuracy: 50.000(62.214), Loss: 0.726(0.884), LR: 0.000088
[GPU cuda:0][TRAIN] Epoch: [2][2800/3100], Elapsed 14m 38s (remain 1m 33s), Accuracy: 25.000(62.228), Loss: 1.624(0.884), LR: 0.000087
[GPU cuda:0][TRAIN] Epoch: [2][2850/3100], Elapsed 14m 53s (remain 1m 18s), Accuracy: 75.000(62.276), Loss: 1.003(0.882), LR: 0.000087
[GPU cuda:0][TRAIN] Epoch: [2][2900/3100], Elapsed 15m 9s (remain 1m 2s), Accuracy: 75.000(62.211), Loss: 0.737(0.883), LR: 0.000087
[GPU cuda:0][TRAIN] Epoch: [2][2950/3100], Elapsed 15m 25s (remain 0m 46s), Accuracy: 75.000(62.326), Loss: 0.603(0.882), LR: 0.000086
[GPU cuda:0][TRAIN] Epoch: [2][3000/3100], Elapsed 15m 40s (remain 0m 31s), Accuracy: 50.000(62.388), Loss: 1.302(0.881), LR: 0.000086
[GPU cuda:0][TRAIN] Epoch: [2][3050/3100], Elapsed 15m 56s (remain 0m 15s), Accuracy: 75.000(62.504), Loss: 0.438(0.879), LR: 0.000085
[GPU cuda:0][TRAIN] Epoch: [2][3099/3100], Elapsed 16m 11s (remain 0m 0s), Accuracy: 25.000(62.597), Loss: 2.061(0.878), LR: 0.000085
[GPU cuda:0][VALID][0/97], Elapsed 0m 1s (remain 2m 11s), Accuracy: 68.750(68.750), Batch Loss: 0.7349, Average Loss: 0.7349
[GPU cuda:0][VALID][50/97], Elapsed 0m 46s (remain 0m 42s), Accuracy: 68.750(69.669), Batch Loss: 0.7086, Average Loss: 0.7294
[GPU cuda:0][VALID][96/97], Elapsed 1m 28s (remain 0m 0s), Accuracy: 75.000(69.878), Batch Loss: 0.5368, Average Loss: 0.7355
Valid Labels Samples: [2 0 1 4 1 0 3 1 4 3]
Valid Predictions Samples: [2, 0, 1, 3, 1, 0, 3, 1, 3, 0]
Epoch 2 - Train Average Loss: 62.597, Valid Average Loss: 69.878, Epoch Time: 1063.116s
Epoch 2 - Accuracy: 0.699, Precision: 0.700, Recall: 0.699
Saved Best Model: 0.70
[GPU cuda:0][TRAIN] Epoch: [3][0/3100], Elapsed 0m 0s (remain 36m 47s), Accuracy: 75.000(75.000), Loss: 1.337(1.337), LR: 0.000085
[GPU cuda:0][TRAIN] Epoch: [3][50/3100], Elapsed 0m 16s (remain 16m 21s), Accuracy: 75.000(70.588), Loss: 0.886(0.746), LR: 0.000084
[GPU cuda:0][TRAIN] Epoch: [3][100/3100], Elapsed 0m 32s (remain 15m 54s), Accuracy: 0.000(68.812), Loss: 1.452(0.741), LR: 0.000084
[GPU cuda:0][TRAIN] Epoch: [3][150/3100], Elapsed 0m 47s (remain 15m 34s), Accuracy: 75.000(67.219), Loss: 0.332(0.754), LR: 0.000083
[GPU cuda:0][TRAIN] Epoch: [3][200/3100], Elapsed 1m 3s (remain 15m 17s), Accuracy: 75.000(67.662), Loss: 0.473(0.759), LR: 0.000083
[GPU cuda:0][TRAIN] Epoch: [3][250/3100], Elapsed 1m 19s (remain 15m 1s), Accuracy: 50.000(66.534), Loss: 0.948(0.787), LR: 0.000083
[GPU cuda:0][TRAIN] Epoch: [3][300/3100], Elapsed 1m 35s (remain 14m 44s), Accuracy: 25.000(67.442), Loss: 0.890(0.780), LR: 0.000082
[GPU cuda:0][TRAIN] Epoch: [3][350/3100], Elapsed 1m 50s (remain 14m 27s), Accuracy: 25.000(67.379), Loss: 1.449(0.771), LR: 0.000082
[GPU cuda:0][TRAIN] Epoch: [3][400/3100], Elapsed 2m 6s (remain 14m 11s), Accuracy: 50.000(66.459), Loss: 1.051(0.791), LR: 0.000081
[GPU cuda:0][TRAIN] Epoch: [3][450/3100], Elapsed 2m 22s (remain 13m 55s), Accuracy: 75.000(66.297), Loss: 0.680(0.790), LR: 0.000081
[GPU cuda:0][TRAIN] Epoch: [3][500/3100], Elapsed 2m 37s (remain 13m 39s), Accuracy: 50.000(66.118), Loss: 0.887(0.792), LR: 0.000080
[GPU cuda:0][TRAIN] Epoch: [3][550/3100], Elapsed 2m 53s (remain 13m 23s), Accuracy: 50.000(66.788), Loss: 1.193(0.786), LR: 0.000080
[GPU cuda:0][TRAIN] Epoch: [3][600/3100], Elapsed 3m 9s (remain 13m 6s), Accuracy: 100.000(66.889), Loss: 0.358(0.781), LR: 0.000079
[GPU cuda:0][TRAIN] Epoch: [3][650/3100], Elapsed 3m 24s (remain 12m 50s), Accuracy: 75.000(67.089), Loss: 0.575(0.783), LR: 0.000079
[GPU cuda:0][TRAIN] Epoch: [3][700/3100], Elapsed 3m 40s (remain 12m 34s), Accuracy: 75.000(67.118), Loss: 0.724(0.780), LR: 0.000078
[GPU cuda:0][TRAIN] Epoch: [3][750/3100], Elapsed 3m 56s (remain 12m 18s), Accuracy: 100.000(67.210), Loss: 0.057(0.782), LR: 0.000078
[GPU cuda:0][TRAIN] Epoch: [3][800/3100], Elapsed 4m 11s (remain 12m 3s), Accuracy: 100.000(67.416), Loss: 0.666(0.784), LR: 0.000077
[GPU cuda:0][TRAIN] Epoch: [3][850/3100], Elapsed 4m 27s (remain 11m 47s), Accuracy: 50.000(67.333), Loss: 0.783(0.787), LR: 0.000076
[GPU cuda:0][TRAIN] Epoch: [3][900/3100], Elapsed 4m 43s (remain 11m 31s), Accuracy: 50.000(66.870), Loss: 0.979(0.795), LR: 0.000076
[GPU cuda:0][TRAIN] Epoch: [3][950/3100], Elapsed 4m 59s (remain 11m 15s), Accuracy: 100.000(66.930), Loss: 0.596(0.796), LR: 0.000075
[GPU cuda:0][TRAIN] Epoch: [3][1000/3100], Elapsed 5m 14s (remain 11m 0s), Accuracy: 50.000(67.058), Loss: 0.716(0.790), LR: 0.000075
[GPU cuda:0][TRAIN] Epoch: [3][1050/3100], Elapsed 5m 30s (remain 10m 44s), Accuracy: 100.000(67.460), Loss: 0.146(0.782), LR: 0.000074
[GPU cuda:0][TRAIN] Epoch: [3][1100/3100], Elapsed 5m 46s (remain 10m 28s), Accuracy: 25.000(67.734), Loss: 1.271(0.775), LR: 0.000074
[GPU cuda:0][TRAIN] Epoch: [3][1150/3100], Elapsed 6m 2s (remain 10m 13s), Accuracy: 25.000(67.767), Loss: 0.938(0.773), LR: 0.000073
[GPU cuda:0][TRAIN] Epoch: [3][1200/3100], Elapsed 6m 17s (remain 9m 57s), Accuracy: 100.000(67.735), Loss: 0.110(0.773), LR: 0.000073
[GPU cuda:0][TRAIN] Epoch: [3][1250/3100], Elapsed 6m 33s (remain 9m 41s), Accuracy: 75.000(67.786), Loss: 0.653(0.773), LR: 0.000072
[GPU cuda:0][TRAIN] Epoch: [3][1300/3100], Elapsed 6m 49s (remain 9m 25s), Accuracy: 75.000(67.909), Loss: 0.604(0.772), LR: 0.000072
[GPU cuda:0][TRAIN] Epoch: [3][1350/3100], Elapsed 7m 4s (remain 9m 9s), Accuracy: 100.000(68.227), Loss: 0.404(0.766), LR: 0.000071
[GPU cuda:0][TRAIN] Epoch: [3][1400/3100], Elapsed 7m 20s (remain 8m 54s), Accuracy: 100.000(68.219), Loss: 0.502(0.764), LR: 0.000070
[GPU cuda:0][TRAIN] Epoch: [3][1450/3100], Elapsed 7m 36s (remain 8m 38s), Accuracy: 100.000(68.401), Loss: 0.506(0.761), LR: 0.000070
[GPU cuda:0][TRAIN] Epoch: [3][1500/3100], Elapsed 7m 51s (remain 8m 22s), Accuracy: 100.000(68.488), Loss: 0.511(0.759), LR: 0.000069
[GPU cuda:0][TRAIN] Epoch: [3][1550/3100], Elapsed 8m 7s (remain 8m 7s), Accuracy: 100.000(68.375), Loss: 0.089(0.757), LR: 0.000069
[GPU cuda:0][TRAIN] Epoch: [3][1600/3100], Elapsed 8m 23s (remain 7m 51s), Accuracy: 100.000(68.504), Loss: 0.201(0.755), LR: 0.000068
[GPU cuda:0][TRAIN] Epoch: [3][1650/3100], Elapsed 8m 39s (remain 7m 35s), Accuracy: 100.000(68.595), Loss: 0.305(0.754), LR: 0.000068
[GPU cuda:0][TRAIN] Epoch: [3][1700/3100], Elapsed 8m 54s (remain 7m 19s), Accuracy: 25.000(68.768), Loss: 1.271(0.751), LR: 0.000067
[GPU cuda:0][TRAIN] Epoch: [3][1750/3100], Elapsed 9m 10s (remain 7m 4s), Accuracy: 75.000(68.632), Loss: 0.555(0.754), LR: 0.000066
[GPU cuda:0][TRAIN] Epoch: [3][1800/3100], Elapsed 9m 26s (remain 6m 48s), Accuracy: 100.000(68.698), Loss: 0.087(0.753), LR: 0.000066
[GPU cuda:0][TRAIN] Epoch: [3][1850/3100], Elapsed 9m 41s (remain 6m 32s), Accuracy: 50.000(68.531), Loss: 1.174(0.756), LR: 0.000065
[GPU cuda:0][TRAIN] Epoch: [3][1900/3100], Elapsed 9m 57s (remain 6m 16s), Accuracy: 75.000(68.740), Loss: 0.851(0.753), LR: 0.000065
[GPU cuda:0][TRAIN] Epoch: [3][1950/3100], Elapsed 10m 13s (remain 6m 1s), Accuracy: 75.000(68.772), Loss: 0.993(0.753), LR: 0.000064
[GPU cuda:0][TRAIN] Epoch: [3][2000/3100], Elapsed 10m 28s (remain 5m 45s), Accuracy: 75.000(68.828), Loss: 0.656(0.752), LR: 0.000063
[GPU cuda:0][TRAIN] Epoch: [3][2050/3100], Elapsed 10m 44s (remain 5m 29s), Accuracy: 75.000(69.015), Loss: 0.480(0.748), LR: 0.000063
[GPU cuda:0][TRAIN] Epoch: [3][2100/3100], Elapsed 11m 0s (remain 5m 14s), Accuracy: 75.000(69.039), Loss: 2.201(0.748), LR: 0.000062
[GPU cuda:0][TRAIN] Epoch: [3][2150/3100], Elapsed 11m 16s (remain 4m 58s), Accuracy: 50.000(69.200), Loss: 1.276(0.746), LR: 0.000062
[GPU cuda:0][TRAIN] Epoch: [3][2200/3100], Elapsed 11m 31s (remain 4m 42s), Accuracy: 25.000(69.071), Loss: 1.225(0.746), LR: 0.000061
[GPU cuda:0][TRAIN] Epoch: [3][2250/3100], Elapsed 11m 47s (remain 4m 26s), Accuracy: 75.000(69.203), Loss: 0.423(0.743), LR: 0.000060
[GPU cuda:0][TRAIN] Epoch: [3][2300/3100], Elapsed 12m 3s (remain 4m 11s), Accuracy: 25.000(69.198), Loss: 1.885(0.743), LR: 0.000060
[GPU cuda:0][TRAIN] Epoch: [3][2350/3100], Elapsed 12m 18s (remain 3m 55s), Accuracy: 75.000(69.279), Loss: 0.551(0.741), LR: 0.000059
[GPU cuda:0][TRAIN] Epoch: [3][2400/3100], Elapsed 12m 34s (remain 3m 39s), Accuracy: 25.000(69.169), Loss: 1.150(0.743), LR: 0.000059
[GPU cuda:0][TRAIN] Epoch: [3][2450/3100], Elapsed 12m 50s (remain 3m 23s), Accuracy: 75.000(69.166), Loss: 0.639(0.744), LR: 0.000058
[GPU cuda:0][TRAIN] Epoch: [3][2500/3100], Elapsed 13m 5s (remain 3m 8s), Accuracy: 50.000(69.262), Loss: 1.005(0.743), LR: 0.000057
[GPU cuda:0][TRAIN] Epoch: [3][2550/3100], Elapsed 13m 21s (remain 2m 52s), Accuracy: 75.000(69.267), Loss: 0.828(0.744), LR: 0.000057
[GPU cuda:0][TRAIN] Epoch: [3][2600/3100], Elapsed 13m 36s (remain 2m 36s), Accuracy: 50.000(69.416), Loss: 0.831(0.740), LR: 0.000056
[GPU cuda:0][TRAIN] Epoch: [3][2650/3100], Elapsed 13m 52s (remain 2m 21s), Accuracy: 50.000(69.483), Loss: 1.104(0.739), LR: 0.000055
[GPU cuda:0][TRAIN] Epoch: [3][2700/3100], Elapsed 14m 8s (remain 2m 5s), Accuracy: 100.000(69.521), Loss: 0.397(0.737), LR: 0.000055
[GPU cuda:0][TRAIN] Epoch: [3][2750/3100], Elapsed 14m 23s (remain 1m 49s), Accuracy: 50.000(69.557), Loss: 0.741(0.736), LR: 0.000054
[GPU cuda:0][TRAIN] Epoch: [3][2800/3100], Elapsed 14m 39s (remain 1m 33s), Accuracy: 25.000(69.556), Loss: 2.120(0.736), LR: 0.000054
[GPU cuda:0][TRAIN] Epoch: [3][2850/3100], Elapsed 14m 55s (remain 1m 18s), Accuracy: 75.000(69.625), Loss: 0.811(0.735), LR: 0.000053
[GPU cuda:0][TRAIN] Epoch: [3][2900/3100], Elapsed 15m 10s (remain 1m 2s), Accuracy: 50.000(69.519), Loss: 0.754(0.737), LR: 0.000052
[GPU cuda:0][TRAIN] Epoch: [3][2950/3100], Elapsed 15m 26s (remain 0m 46s), Accuracy: 75.000(69.553), Loss: 0.558(0.737), LR: 0.000052
[GPU cuda:0][TRAIN] Epoch: [3][3000/3100], Elapsed 15m 42s (remain 0m 31s), Accuracy: 50.000(69.643), Loss: 1.555(0.736), LR: 0.000051
[GPU cuda:0][TRAIN] Epoch: [3][3050/3100], Elapsed 15m 57s (remain 0m 15s), Accuracy: 50.000(69.682), Loss: 0.552(0.735), LR: 0.000050
[GPU cuda:0][TRAIN] Epoch: [3][3099/3100], Elapsed 16m 13s (remain 0m 0s), Accuracy: 25.000(69.718), Loss: 1.964(0.734), LR: 0.000050
[GPU cuda:0][VALID][0/97], Elapsed 0m 1s (remain 2m 16s), Accuracy: 71.875(71.875), Batch Loss: 0.7251, Average Loss: 0.7251
[GPU cuda:0][VALID][50/97], Elapsed 0m 47s (remain 0m 42s), Accuracy: 71.875(70.650), Batch Loss: 0.5892, Average Loss: 0.7001
[GPU cuda:0][VALID][96/97], Elapsed 1m 29s (remain 0m 0s), Accuracy: 78.571(70.623), Batch Loss: 0.4983, Average Loss: 0.7040
Valid Labels Samples: [2 0 1 4 1 0 3 1 4 3]
Valid Predictions Samples: [2, 0, 1, 3, 1, 0, 3, 1, 3, 0]
Epoch 3 - Train Average Loss: 69.718, Valid Average Loss: 70.623, Epoch Time: 1064.712s
Epoch 3 - Accuracy: 0.706, Precision: 0.711, Recall: 0.706
Saved Best Model: 0.71
[GPU cuda:0][TRAIN] Epoch: [4][0/3100], Elapsed 0m 0s (remain 37m 3s), Accuracy: 75.000(75.000), Loss: 0.997(0.997), LR: 0.000050
[GPU cuda:0][TRAIN] Epoch: [4][50/3100], Elapsed 0m 16s (remain 16m 27s), Accuracy: 100.000(73.529), Loss: 0.517(0.612), LR: 0.000049
[GPU cuda:0][TRAIN] Epoch: [4][100/3100], Elapsed 0m 32s (remain 15m 57s), Accuracy: 25.000(72.277), Loss: 2.063(0.631), LR: 0.000049
[GPU cuda:0][TRAIN] Epoch: [4][150/3100], Elapsed 0m 47s (remain 15m 37s), Accuracy: 100.000(70.695), Loss: 0.072(0.651), LR: 0.000048
[GPU cuda:0][TRAIN] Epoch: [4][200/3100], Elapsed 1m 3s (remain 15m 18s), Accuracy: 100.000(72.264), Loss: 0.110(0.647), LR: 0.000047
[GPU cuda:0][TRAIN] Epoch: [4][250/3100], Elapsed 1m 19s (remain 15m 0s), Accuracy: 50.000(71.215), Loss: 0.732(0.679), LR: 0.000047
[GPU cuda:0][TRAIN] Epoch: [4][300/3100], Elapsed 1m 35s (remain 14m 44s), Accuracy: 50.000(72.010), Loss: 0.760(0.677), LR: 0.000046
[GPU cuda:0][TRAIN] Epoch: [4][350/3100], Elapsed 1m 50s (remain 14m 27s), Accuracy: 25.000(72.151), Loss: 1.199(0.670), LR: 0.000046
[GPU cuda:0][TRAIN] Epoch: [4][400/3100], Elapsed 2m 6s (remain 14m 11s), Accuracy: 50.000(71.696), Loss: 0.923(0.682), LR: 0.000045
[GPU cuda:0][TRAIN] Epoch: [4][450/3100], Elapsed 2m 22s (remain 13m 55s), Accuracy: 75.000(71.397), Loss: 0.505(0.689), LR: 0.000044
[GPU cuda:0][TRAIN] Epoch: [4][500/3100], Elapsed 2m 37s (remain 13m 39s), Accuracy: 50.000(71.557), Loss: 0.822(0.693), LR: 0.000044
[GPU cuda:0][TRAIN] Epoch: [4][550/3100], Elapsed 2m 53s (remain 13m 23s), Accuracy: 50.000(72.005), Loss: 1.224(0.687), LR: 0.000043
[GPU cuda:0][TRAIN] Epoch: [4][600/3100], Elapsed 3m 9s (remain 13m 7s), Accuracy: 100.000(72.296), Loss: 0.297(0.681), LR: 0.000042
[GPU cuda:0][TRAIN] Epoch: [4][650/3100], Elapsed 3m 25s (remain 12m 51s), Accuracy: 100.000(72.427), Loss: 0.161(0.681), LR: 0.000042
[GPU cuda:0][TRAIN] Epoch: [4][700/3100], Elapsed 3m 40s (remain 12m 36s), Accuracy: 75.000(72.254), Loss: 0.490(0.684), LR: 0.000041
[GPU cuda:0][TRAIN] Epoch: [4][750/3100], Elapsed 3m 56s (remain 12m 20s), Accuracy: 100.000(72.204), Loss: 0.082(0.686), LR: 0.000041
[GPU cuda:0][TRAIN] Epoch: [4][800/3100], Elapsed 4m 12s (remain 12m 4s), Accuracy: 100.000(72.097), Loss: 0.443(0.687), LR: 0.000040
[GPU cuda:0][TRAIN] Epoch: [4][850/3100], Elapsed 4m 28s (remain 11m 48s), Accuracy: 75.000(72.092), Loss: 0.460(0.686), LR: 0.000039
[GPU cuda:0][TRAIN] Epoch: [4][900/3100], Elapsed 4m 43s (remain 11m 32s), Accuracy: 75.000(71.781), Loss: 0.730(0.693), LR: 0.000039
[GPU cuda:0][TRAIN] Epoch: [4][950/3100], Elapsed 4m 59s (remain 11m 16s), Accuracy: 75.000(71.740), Loss: 0.536(0.692), LR: 0.000038
[GPU cuda:0][TRAIN] Epoch: [4][1000/3100], Elapsed 5m 15s (remain 11m 1s), Accuracy: 75.000(72.128), Loss: 0.497(0.686), LR: 0.000038
[GPU cuda:0][TRAIN] Epoch: [4][1050/3100], Elapsed 5m 30s (remain 10m 45s), Accuracy: 100.000(72.502), Loss: 0.126(0.677), LR: 0.000037
[GPU cuda:0][TRAIN] Epoch: [4][1100/3100], Elapsed 5m 46s (remain 10m 29s), Accuracy: 25.000(72.616), Loss: 1.230(0.674), LR: 0.000036
[GPU cuda:0][TRAIN] Epoch: [4][1150/3100], Elapsed 6m 2s (remain 10m 13s), Accuracy: 100.000(72.719), Loss: 0.053(0.671), LR: 0.000036
[GPU cuda:0][TRAIN] Epoch: [4][1200/3100], Elapsed 6m 18s (remain 9m 57s), Accuracy: 100.000(72.898), Loss: 0.049(0.667), LR: 0.000035
[GPU cuda:0][TRAIN] Epoch: [4][1250/3100], Elapsed 6m 33s (remain 9m 42s), Accuracy: 75.000(72.822), Loss: 0.567(0.668), LR: 0.000035
[GPU cuda:0][TRAIN] Epoch: [4][1300/3100], Elapsed 6m 49s (remain 9m 26s), Accuracy: 75.000(72.867), Loss: 0.637(0.667), LR: 0.000034
[GPU cuda:0][TRAIN] Epoch: [4][1350/3100], Elapsed 7m 5s (remain 9m 10s), Accuracy: 75.000(73.038), Loss: 0.434(0.662), LR: 0.000033
[GPU cuda:0][TRAIN] Epoch: [4][1400/3100], Elapsed 7m 20s (remain 8m 54s), Accuracy: 75.000(72.966), Loss: 0.585(0.661), LR: 0.000033
[GPU cuda:0][TRAIN] Epoch: [4][1450/3100], Elapsed 7m 36s (remain 8m 38s), Accuracy: 75.000(73.122), Loss: 0.516(0.659), LR: 0.000032
[GPU cuda:0][TRAIN] Epoch: [4][1500/3100], Elapsed 7m 52s (remain 8m 23s), Accuracy: 100.000(73.218), Loss: 0.629(0.655), LR: 0.000032
[GPU cuda:0][TRAIN] Epoch: [4][1550/3100], Elapsed 8m 7s (remain 8m 7s), Accuracy: 100.000(73.211), Loss: 0.030(0.654), LR: 0.000031
[GPU cuda:0][TRAIN] Epoch: [4][1600/3100], Elapsed 8m 23s (remain 7m 51s), Accuracy: 100.000(73.345), Loss: 0.102(0.650), LR: 0.000031
[GPU cuda:0][TRAIN] Epoch: [4][1650/3100], Elapsed 8m 39s (remain 7m 35s), Accuracy: 100.000(73.410), Loss: 0.101(0.647), LR: 0.000030
[GPU cuda:0][TRAIN] Epoch: [4][1700/3100], Elapsed 8m 55s (remain 7m 20s), Accuracy: 50.000(73.560), Loss: 0.787(0.644), LR: 0.000029
[GPU cuda:0][TRAIN] Epoch: [4][1750/3100], Elapsed 9m 10s (remain 7m 4s), Accuracy: 75.000(73.501), Loss: 0.412(0.646), LR: 0.000029
[GPU cuda:0][TRAIN] Epoch: [4][1800/3100], Elapsed 9m 26s (remain 6m 48s), Accuracy: 100.000(73.654), Loss: 0.117(0.645), LR: 0.000028
[GPU cuda:0][TRAIN] Epoch: [4][1850/3100], Elapsed 9m 42s (remain 6m 32s), Accuracy: 50.000(73.447), Loss: 0.967(0.647), LR: 0.000028
[GPU cuda:0][TRAIN] Epoch: [4][1900/3100], Elapsed 9m 57s (remain 6m 16s), Accuracy: 75.000(73.501), Loss: 0.664(0.645), LR: 0.000027
[GPU cuda:0][TRAIN] Epoch: [4][1950/3100], Elapsed 10m 13s (remain 6m 1s), Accuracy: 100.000(73.642), Loss: 0.351(0.643), LR: 0.000027
[GPU cuda:0][TRAIN] Epoch: [4][2000/3100], Elapsed 10m 29s (remain 5m 45s), Accuracy: 100.000(73.701), Loss: 0.352(0.643), LR: 0.000026
[GPU cuda:0][TRAIN] Epoch: [4][2050/3100], Elapsed 10m 44s (remain 5m 29s), Accuracy: 75.000(73.952), Loss: 0.469(0.639), LR: 0.000026
[GPU cuda:0][TRAIN] Epoch: [4][2100/3100], Elapsed 11m 0s (remain 5m 14s), Accuracy: 75.000(73.953), Loss: 2.178(0.639), LR: 0.000025
[GPU cuda:0][TRAIN] Epoch: [4][2150/3100], Elapsed 11m 16s (remain 4m 58s), Accuracy: 50.000(74.175), Loss: 1.127(0.636), LR: 0.000024
[GPU cuda:0][TRAIN] Epoch: [4][2200/3100], Elapsed 11m 31s (remain 4m 42s), Accuracy: 50.000(74.137), Loss: 1.136(0.637), LR: 0.000024
[GPU cuda:0][TRAIN] Epoch: [4][2250/3100], Elapsed 11m 47s (remain 4m 26s), Accuracy: 75.000(74.256), Loss: 0.601(0.634), LR: 0.000023
[GPU cuda:0][TRAIN] Epoch: [4][2300/3100], Elapsed 12m 3s (remain 4m 11s), Accuracy: 25.000(74.229), Loss: 0.735(0.632), LR: 0.000023
[GPU cuda:0][TRAIN] Epoch: [4][2350/3100], Elapsed 12m 18s (remain 3m 55s), Accuracy: 75.000(74.160), Loss: 0.534(0.632), LR: 0.000022
[GPU cuda:0][TRAIN] Epoch: [4][2400/3100], Elapsed 12m 34s (remain 3m 39s), Accuracy: 25.000(74.136), Loss: 1.518(0.633), LR: 0.000022
[GPU cuda:0][TRAIN] Epoch: [4][2450/3100], Elapsed 12m 50s (remain 3m 23s), Accuracy: 75.000(74.011), Loss: 0.608(0.635), LR: 0.000021
[GPU cuda:0][TRAIN] Epoch: [4][2500/3100], Elapsed 13m 6s (remain 3m 8s), Accuracy: 50.000(73.980), Loss: 0.984(0.634), LR: 0.000021
[GPU cuda:0][TRAIN] Epoch: [4][2550/3100], Elapsed 13m 21s (remain 2m 52s), Accuracy: 50.000(73.893), Loss: 0.867(0.635), LR: 0.000020
[GPU cuda:0][TRAIN] Epoch: [4][2600/3100], Elapsed 13m 37s (remain 2m 36s), Accuracy: 50.000(74.097), Loss: 0.640(0.632), LR: 0.000020
[GPU cuda:0][TRAIN] Epoch: [4][2650/3100], Elapsed 13m 53s (remain 2m 21s), Accuracy: 25.000(74.161), Loss: 1.625(0.631), LR: 0.000019
[GPU cuda:0][TRAIN] Epoch: [4][2700/3100], Elapsed 14m 9s (remain 2m 5s), Accuracy: 75.000(74.223), Loss: 0.500(0.630), LR: 0.000019
[GPU cuda:0][TRAIN] Epoch: [4][2750/3100], Elapsed 14m 24s (remain 1m 49s), Accuracy: 50.000(74.228), Loss: 0.733(0.630), LR: 0.000018
[GPU cuda:0][TRAIN] Epoch: [4][2800/3100], Elapsed 14m 40s (remain 1m 34s), Accuracy: 50.000(74.197), Loss: 1.296(0.630), LR: 0.000018
[GPU cuda:0][TRAIN] Epoch: [4][2850/3100], Elapsed 14m 56s (remain 1m 18s), Accuracy: 75.000(74.228), Loss: 0.920(0.630), LR: 0.000018
[GPU cuda:0][TRAIN] Epoch: [4][2900/3100], Elapsed 15m 12s (remain 1m 2s), Accuracy: 75.000(74.164), Loss: 0.645(0.630), LR: 0.000017
[GPU cuda:0][TRAIN] Epoch: [4][2950/3100], Elapsed 15m 28s (remain 0m 46s), Accuracy: 50.000(74.178), Loss: 0.921(0.631), LR: 0.000017
[GPU cuda:0][TRAIN] Epoch: [4][3000/3100], Elapsed 15m 43s (remain 0m 31s), Accuracy: 50.000(74.259), Loss: 0.829(0.630), LR: 0.000016
[GPU cuda:0][TRAIN] Epoch: [4][3050/3100], Elapsed 15m 59s (remain 0m 15s), Accuracy: 75.000(74.263), Loss: 0.308(0.629), LR: 0.000016
[GPU cuda:0][TRAIN] Epoch: [4][3099/3100], Elapsed 16m 14s (remain 0m 0s), Accuracy: 25.000(74.323), Loss: 2.065(0.628), LR: 0.000015
[GPU cuda:0][VALID][0/97], Elapsed 0m 1s (remain 2m 13s), Accuracy: 78.125(78.125), Batch Loss: 0.6951, Average Loss: 0.6951
[GPU cuda:0][VALID][50/97], Elapsed 0m 47s (remain 0m 42s), Accuracy: 84.375(73.100), Batch Loss: 0.3831, Average Loss: 0.6719
[GPU cuda:0][VALID][96/97], Elapsed 1m 29s (remain 0m 0s), Accuracy: 78.571(73.297), Batch Loss: 0.4429, Average Loss: 0.6750
Valid Labels Samples: [2 0 1 4 1 0 3 1 4 3]
Valid Predictions Samples: [2, 0, 1, 3, 1, 0, 3, 1, 3, 0]
Epoch 4 - Train Average Loss: 74.323, Valid Average Loss: 73.297, Epoch Time: 1066.498s
Epoch 4 - Accuracy: 0.733, Precision: 0.742, Recall: 0.733
Saved Best Model: 0.73
[GPU cuda:0][TRAIN] Epoch: [5][0/3100], Elapsed 0m 0s (remain 36m 36s), Accuracy: 75.000(75.000), Loss: 0.884(0.884), LR: 0.000015
[GPU cuda:0][TRAIN] Epoch: [5][50/3100], Elapsed 0m 16s (remain 16m 28s), Accuracy: 75.000(77.941), Loss: 0.530(0.524), LR: 0.000015
[GPU cuda:0][TRAIN] Epoch: [5][100/3100], Elapsed 0m 32s (remain 16m 0s), Accuracy: 25.000(76.980), Loss: 1.622(0.553), LR: 0.000014
[GPU cuda:0][TRAIN] Epoch: [5][150/3100], Elapsed 0m 48s (remain 15m 39s), Accuracy: 100.000(75.497), Loss: 0.042(0.578), LR: 0.000014
[GPU cuda:0][TRAIN] Epoch: [5][200/3100], Elapsed 1m 3s (remain 15m 21s), Accuracy: 100.000(76.244), Loss: 0.105(0.575), LR: 0.000014
[GPU cuda:0][TRAIN] Epoch: [5][250/3100], Elapsed 1m 19s (remain 15m 4s), Accuracy: 50.000(74.900), Loss: 0.751(0.599), LR: 0.000013
[GPU cuda:0][TRAIN] Epoch: [5][300/3100], Elapsed 1m 35s (remain 14m 47s), Accuracy: 50.000(75.415), Loss: 0.431(0.597), LR: 0.000013
[GPU cuda:0][TRAIN] Epoch: [5][350/3100], Elapsed 1m 51s (remain 14m 31s), Accuracy: 0.000(75.285), Loss: 1.608(0.593), LR: 0.000012
[GPU cuda:0][TRAIN] Epoch: [5][400/3100], Elapsed 2m 7s (remain 14m 14s), Accuracy: 50.000(74.501), Loss: 0.879(0.601), LR: 0.000012
[GPU cuda:0][TRAIN] Epoch: [5][450/3100], Elapsed 2m 22s (remain 13m 58s), Accuracy: 100.000(74.612), Loss: 0.262(0.603), LR: 0.000012
[GPU cuda:0][TRAIN] Epoch: [5][500/3100], Elapsed 2m 38s (remain 13m 42s), Accuracy: 75.000(74.501), Loss: 0.725(0.607), LR: 0.000011
[GPU cuda:0][TRAIN] Epoch: [5][550/3100], Elapsed 2m 54s (remain 13m 26s), Accuracy: 50.000(74.682), Loss: 0.935(0.604), LR: 0.000011
[GPU cuda:0][TRAIN] Epoch: [5][600/3100], Elapsed 3m 9s (remain 13m 10s), Accuracy: 100.000(74.875), Loss: 0.169(0.603), LR: 0.000010
[GPU cuda:0][TRAIN] Epoch: [5][650/3100], Elapsed 3m 25s (remain 12m 53s), Accuracy: 100.000(74.962), Loss: 0.157(0.604), LR: 0.000010
[GPU cuda:0][TRAIN] Epoch: [5][700/3100], Elapsed 3m 41s (remain 12m 37s), Accuracy: 100.000(74.964), Loss: 0.354(0.609), LR: 0.000010
[GPU cuda:0][TRAIN] Epoch: [5][750/3100], Elapsed 3m 57s (remain 12m 21s), Accuracy: 100.000(75.200), Loss: 0.068(0.610), LR: 0.000009
[GPU cuda:0][TRAIN] Epoch: [5][800/3100], Elapsed 4m 12s (remain 12m 5s), Accuracy: 100.000(75.000), Loss: 0.400(0.612), LR: 0.000009
[GPU cuda:0][TRAIN] Epoch: [5][850/3100], Elapsed 4m 28s (remain 11m 49s), Accuracy: 75.000(74.941), Loss: 0.450(0.612), LR: 0.000009
[GPU cuda:0][TRAIN] Epoch: [5][900/3100], Elapsed 4m 44s (remain 11m 33s), Accuracy: 75.000(74.612), Loss: 0.674(0.619), LR: 0.000008
[GPU cuda:0][TRAIN] Epoch: [5][950/3100], Elapsed 4m 59s (remain 11m 17s), Accuracy: 75.000(74.658), Loss: 0.489(0.621), LR: 0.000008
[GPU cuda:0][TRAIN] Epoch: [5][1000/3100], Elapsed 5m 15s (remain 11m 2s), Accuracy: 75.000(74.825), Loss: 0.399(0.616), LR: 0.000008
[GPU cuda:0][TRAIN] Epoch: [5][1050/3100], Elapsed 5m 31s (remain 10m 46s), Accuracy: 100.000(75.119), Loss: 0.070(0.609), LR: 0.000007
[GPU cuda:0][TRAIN] Epoch: [5][1100/3100], Elapsed 5m 47s (remain 10m 30s), Accuracy: 50.000(75.182), Loss: 1.233(0.607), LR: 0.000007
[GPU cuda:0][TRAIN] Epoch: [5][1150/3100], Elapsed 6m 2s (remain 10m 14s), Accuracy: 100.000(75.413), Loss: 0.054(0.603), LR: 0.000007
[GPU cuda:0][TRAIN] Epoch: [5][1200/3100], Elapsed 6m 18s (remain 9m 58s), Accuracy: 100.000(75.583), Loss: 0.073(0.598), LR: 0.000007
[GPU cuda:0][TRAIN] Epoch: [5][1250/3100], Elapsed 6m 34s (remain 9m 42s), Accuracy: 75.000(75.420), Loss: 0.565(0.600), LR: 0.000006
[GPU cuda:0][TRAIN] Epoch: [5][1300/3100], Elapsed 6m 50s (remain 9m 27s), Accuracy: 75.000(75.404), Loss: 0.866(0.600), LR: 0.000006
[GPU cuda:0][TRAIN] Epoch: [5][1350/3100], Elapsed 7m 5s (remain 9m 11s), Accuracy: 100.000(75.759), Loss: 0.274(0.593), LR: 0.000006
[GPU cuda:0][TRAIN] Epoch: [5][1400/3100], Elapsed 7m 21s (remain 8m 55s), Accuracy: 75.000(75.785), Loss: 0.505(0.592), LR: 0.000005
[GPU cuda:0][TRAIN] Epoch: [5][1450/3100], Elapsed 7m 37s (remain 8m 39s), Accuracy: 75.000(75.810), Loss: 0.486(0.589), LR: 0.000005
[GPU cuda:0][TRAIN] Epoch: [5][1500/3100], Elapsed 7m 52s (remain 8m 23s), Accuracy: 100.000(75.983), Loss: 0.566(0.586), LR: 0.000005
[GPU cuda:0][TRAIN] Epoch: [5][1550/3100], Elapsed 8m 8s (remain 8m 7s), Accuracy: 100.000(75.903), Loss: 0.054(0.585), LR: 0.000005
[GPU cuda:0][TRAIN] Epoch: [5][1600/3100], Elapsed 8m 23s (remain 7m 51s), Accuracy: 100.000(76.015), Loss: 0.079(0.583), LR: 0.000004
[GPU cuda:0][TRAIN] Epoch: [5][1650/3100], Elapsed 8m 39s (remain 7m 35s), Accuracy: 100.000(76.151), Loss: 0.072(0.580), LR: 0.000004
[GPU cuda:0][TRAIN] Epoch: [5][1700/3100], Elapsed 8m 54s (remain 7m 20s), Accuracy: 75.000(76.367), Loss: 0.756(0.577), LR: 0.000004
[GPU cuda:0][TRAIN] Epoch: [5][1750/3100], Elapsed 9m 10s (remain 7m 4s), Accuracy: 100.000(76.214), Loss: 0.243(0.578), LR: 0.000004
[GPU cuda:0][TRAIN] Epoch: [5][1800/3100], Elapsed 9m 26s (remain 6m 48s), Accuracy: 100.000(76.346), Loss: 0.056(0.577), LR: 0.000004
[GPU cuda:0][TRAIN] Epoch: [5][1850/3100], Elapsed 9m 41s (remain 6m 32s), Accuracy: 50.000(76.283), Loss: 0.609(0.579), LR: 0.000003
[GPU cuda:0][TRAIN] Epoch: [5][1900/3100], Elapsed 9m 57s (remain 6m 16s), Accuracy: 75.000(76.394), Loss: 0.657(0.576), LR: 0.000003
[GPU cuda:0][TRAIN] Epoch: [5][1950/3100], Elapsed 10m 13s (remain 6m 1s), Accuracy: 100.000(76.499), Loss: 0.150(0.576), LR: 0.000003
[GPU cuda:0][TRAIN] Epoch: [5][2000/3100], Elapsed 10m 28s (remain 5m 45s), Accuracy: 75.000(76.499), Loss: 0.387(0.576), LR: 0.000003
[GPU cuda:0][TRAIN] Epoch: [5][2050/3100], Elapsed 10m 44s (remain 5m 29s), Accuracy: 75.000(76.658), Loss: 0.370(0.573), LR: 0.000003
[GPU cuda:0][TRAIN] Epoch: [5][2100/3100], Elapsed 10m 59s (remain 5m 13s), Accuracy: 75.000(76.678), Loss: 1.871(0.574), LR: 0.000003
[GPU cuda:0][TRAIN] Epoch: [5][2150/3100], Elapsed 11m 15s (remain 4m 57s), Accuracy: 50.000(76.790), Loss: 1.091(0.572), LR: 0.000002
[GPU cuda:0][TRAIN] Epoch: [5][2200/3100], Elapsed 11m 30s (remain 4m 42s), Accuracy: 50.000(76.795), Loss: 1.056(0.573), LR: 0.000002
[GPU cuda:0][TRAIN] Epoch: [5][2250/3100], Elapsed 11m 46s (remain 4m 26s), Accuracy: 75.000(76.888), Loss: 0.277(0.570), LR: 0.000002
[GPU cuda:0][TRAIN] Epoch: [5][2300/3100], Elapsed 12m 1s (remain 4m 10s), Accuracy: 100.000(76.956), Loss: 0.337(0.569), LR: 0.000002
[GPU cuda:0][TRAIN] Epoch: [5][2350/3100], Elapsed 12m 17s (remain 3m 54s), Accuracy: 75.000(76.967), Loss: 0.618(0.569), LR: 0.000002
[GPU cuda:0][TRAIN] Epoch: [5][2400/3100], Elapsed 12m 33s (remain 3m 39s), Accuracy: 50.000(76.905), Loss: 1.298(0.569), LR: 0.000002
[GPU cuda:0][TRAIN] Epoch: [5][2450/3100], Elapsed 12m 48s (remain 3m 23s), Accuracy: 75.000(76.805), Loss: 0.468(0.571), LR: 0.000002
[GPU cuda:0][TRAIN] Epoch: [5][2500/3100], Elapsed 13m 4s (remain 3m 7s), Accuracy: 100.000(76.799), Loss: 0.650(0.571), LR: 0.000002
[GPU cuda:0][TRAIN] Epoch: [5][2550/3100], Elapsed 13m 19s (remain 2m 52s), Accuracy: 75.000(76.754), Loss: 0.814(0.572), LR: 0.000001
[GPU cuda:0][TRAIN] Epoch: [5][2600/3100], Elapsed 13m 35s (remain 2m 36s), Accuracy: 50.000(76.865), Loss: 0.642(0.570), LR: 0.000001
[GPU cuda:0][TRAIN] Epoch: [5][2650/3100], Elapsed 13m 50s (remain 2m 20s), Accuracy: 75.000(76.867), Loss: 0.908(0.570), LR: 0.000001
[GPU cuda:0][TRAIN] Epoch: [5][2700/3100], Elapsed 14m 6s (remain 2m 5s), Accuracy: 75.000(76.842), Loss: 0.487(0.568), LR: 0.000001
[GPU cuda:0][TRAIN] Epoch: [5][2750/3100], Elapsed 14m 21s (remain 1m 49s), Accuracy: 50.000(76.872), Loss: 0.626(0.568), LR: 0.000001
[GPU cuda:0][TRAIN] Epoch: [5][2800/3100], Elapsed 14m 37s (remain 1m 33s), Accuracy: 50.000(76.758), Loss: 1.154(0.570), LR: 0.000001
[GPU cuda:0][TRAIN] Epoch: [5][2850/3100], Elapsed 14m 53s (remain 1m 17s), Accuracy: 75.000(76.745), Loss: 0.798(0.570), LR: 0.000001
[GPU cuda:0][TRAIN] Epoch: [5][2900/3100], Elapsed 15m 8s (remain 1m 2s), Accuracy: 100.000(76.732), Loss: 0.482(0.571), LR: 0.000001
[GPU cuda:0][TRAIN] Epoch: [5][2950/3100], Elapsed 15m 24s (remain 0m 46s), Accuracy: 75.000(76.745), Loss: 0.532(0.572), LR: 0.000001
[GPU cuda:0][TRAIN] Epoch: [5][3000/3100], Elapsed 15m 39s (remain 0m 30s), Accuracy: 75.000(76.833), Loss: 0.723(0.571), LR: 0.000001
[GPU cuda:0][TRAIN] Epoch: [5][3050/3100], Elapsed 15m 55s (remain 0m 15s), Accuracy: 100.000(76.794), Loss: 0.211(0.571), LR: 0.000001
[GPU cuda:0][TRAIN] Epoch: [5][3099/3100], Elapsed 16m 10s (remain 0m 0s), Accuracy: 25.000(76.847), Loss: 2.315(0.570), LR: 0.000100
[GPU cuda:0][VALID][0/97], Elapsed 0m 1s (remain 2m 16s), Accuracy: 75.000(75.000), Batch Loss: 0.6954, Average Loss: 0.6954
[GPU cuda:0][VALID][50/97], Elapsed 0m 46s (remain 0m 42s), Accuracy: 78.125(72.978), Batch Loss: 0.3834, Average Loss: 0.6584
[GPU cuda:0][VALID][96/97], Elapsed 1m 28s (remain 0m 0s), Accuracy: 78.571(73.265), Batch Loss: 0.3902, Average Loss: 0.6625
Valid Labels Samples: [2 0 1 4 1 0 3 1 4 3]
Valid Predictions Samples: [2, 0, 1, 3, 1, 0, 3, 1, 3, 0]
Epoch 5 - Train Average Loss: 76.847, Valid Average Loss: 73.265, Epoch Time: 1061.559s
Epoch 5 - Accuracy: 0.733, Precision: 0.738, Recall: 0.733
[GPU cuda:0][TRAIN] Epoch: [6][0/3100], Elapsed 0m 0s (remain 35m 16s), Accuracy: 75.000(75.000), Loss: 0.833(0.833), LR: 0.000100
[GPU cuda:0][TRAIN] Epoch: [6][50/3100], Elapsed 0m 16s (remain 16m 12s), Accuracy: 75.000(78.431), Loss: 0.755(0.530), LR: 0.000100
[GPU cuda:0][TRAIN] Epoch: [6][100/3100], Elapsed 0m 31s (remain 15m 43s), Accuracy: 25.000(77.228), Loss: 1.207(0.534), LR: 0.000100
[GPU cuda:0][TRAIN] Epoch: [6][150/3100], Elapsed 0m 47s (remain 15m 23s), Accuracy: 100.000(74.338), Loss: 0.040(0.585), LR: 0.000100
[GPU cuda:0][TRAIN] Epoch: [6][200/3100], Elapsed 1m 2s (remain 15m 6s), Accuracy: 100.000(74.129), Loss: 0.094(0.605), LR: 0.000100
[GPU cuda:0][TRAIN] Epoch: [6][250/3100], Elapsed 1m 18s (remain 14m 49s), Accuracy: 25.000(72.610), Loss: 1.108(0.637), LR: 0.000100
[GPU cuda:0][TRAIN] Epoch: [6][300/3100], Elapsed 1m 33s (remain 14m 32s), Accuracy: 75.000(72.591), Loss: 0.822(0.644), LR: 0.000100
[GPU cuda:0][TRAIN] Epoch: [6][350/3100], Elapsed 1m 49s (remain 14m 16s), Accuracy: 50.000(72.080), Loss: 1.050(0.652), LR: 0.000100
[GPU cuda:0][TRAIN] Epoch: [6][400/3100], Elapsed 2m 4s (remain 14m 0s), Accuracy: 50.000(70.636), Loss: 1.017(0.672), LR: 0.000100
[GPU cuda:0][TRAIN] Epoch: [6][450/3100], Elapsed 2m 20s (remain 13m 44s), Accuracy: 50.000(70.676), Loss: 0.883(0.674), LR: 0.000100
[GPU cuda:0][TRAIN] Epoch: [6][500/3100], Elapsed 2m 36s (remain 13m 29s), Accuracy: 25.000(70.758), Loss: 1.120(0.678), LR: 0.000100
[GPU cuda:0][TRAIN] Epoch: [6][550/3100], Elapsed 2m 51s (remain 13m 14s), Accuracy: 75.000(71.143), Loss: 0.938(0.674), LR: 0.000100
[GPU cuda:0][TRAIN] Epoch: [6][600/3100], Elapsed 3m 7s (remain 12m 58s), Accuracy: 100.000(71.298), Loss: 0.240(0.671), LR: 0.000100
[GPU cuda:0][TRAIN] Epoch: [6][650/3100], Elapsed 3m 22s (remain 12m 43s), Accuracy: 75.000(71.160), Loss: 0.448(0.674), LR: 0.000100
[GPU cuda:0][TRAIN] Epoch: [6][700/3100], Elapsed 3m 38s (remain 12m 27s), Accuracy: 75.000(70.827), Loss: 0.524(0.683), LR: 0.000100
[GPU cuda:0][TRAIN] Epoch: [6][750/3100], Elapsed 3m 53s (remain 12m 11s), Accuracy: 100.000(70.539), Loss: 0.100(0.689), LR: 0.000100
[GPU cuda:0][TRAIN] Epoch: [6][800/3100], Elapsed 4m 9s (remain 11m 56s), Accuracy: 100.000(70.568), Loss: 0.476(0.691), LR: 0.000100
[GPU cuda:0][TRAIN] Epoch: [6][850/3100], Elapsed 4m 25s (remain 11m 40s), Accuracy: 100.000(70.417), Loss: 0.481(0.693), LR: 0.000100
[GPU cuda:0][TRAIN] Epoch: [6][900/3100], Elapsed 4m 40s (remain 11m 25s), Accuracy: 75.000(70.033), Loss: 0.695(0.699), LR: 0.000100
[GPU cuda:0][TRAIN] Epoch: [6][950/3100], Elapsed 4m 56s (remain 11m 9s), Accuracy: 75.000(69.953), Loss: 0.498(0.704), LR: 0.000100
[GPU cuda:0][TRAIN] Epoch: [6][1000/3100], Elapsed 5m 11s (remain 10m 54s), Accuracy: 75.000(70.305), Loss: 0.496(0.698), LR: 0.000100
[GPU cuda:0][TRAIN] Epoch: [6][1050/3100], Elapsed 5m 27s (remain 10m 38s), Accuracy: 100.000(70.718), Loss: 0.141(0.690), LR: 0.000100
[GPU cuda:0][TRAIN] Epoch: [6][1100/3100], Elapsed 5m 43s (remain 10m 22s), Accuracy: 50.000(70.958), Loss: 1.195(0.685), LR: 0.000100
[GPU cuda:0][TRAIN] Epoch: [6][1150/3100], Elapsed 5m 58s (remain 10m 7s), Accuracy: 100.000(71.112), Loss: 0.044(0.682), LR: 0.000100
[GPU cuda:0][TRAIN] Epoch: [6][1200/3100], Elapsed 6m 14s (remain 9m 51s), Accuracy: 100.000(71.274), Loss: 0.059(0.679), LR: 0.000100
[GPU cuda:0][TRAIN] Epoch: [6][1250/3100], Elapsed 6m 29s (remain 9m 35s), Accuracy: 75.000(71.003), Loss: 0.693(0.684), LR: 0.000100
[GPU cuda:0][TRAIN] Epoch: [6][1300/3100], Elapsed 6m 45s (remain 9m 20s), Accuracy: 75.000(71.118), Loss: 0.878(0.684), LR: 0.000100
[GPU cuda:0][TRAIN] Epoch: [6][1350/3100], Elapsed 7m 0s (remain 9m 4s), Accuracy: 75.000(71.373), Loss: 0.424(0.678), LR: 0.000100
[GPU cuda:0][TRAIN] Epoch: [6][1400/3100], Elapsed 7m 16s (remain 8m 49s), Accuracy: 75.000(71.306), Loss: 0.526(0.681), LR: 0.000100
[GPU cuda:0][TRAIN] Epoch: [6][1450/3100], Elapsed 7m 31s (remain 8m 33s), Accuracy: 100.000(71.571), Loss: 0.410(0.678), LR: 0.000100
[GPU cuda:0][TRAIN] Epoch: [6][1500/3100], Elapsed 7m 47s (remain 8m 18s), Accuracy: 75.000(71.686), Loss: 0.632(0.674), LR: 0.000100
[GPU cuda:0][TRAIN] Epoch: [6][1550/3100], Elapsed 8m 3s (remain 8m 2s), Accuracy: 100.000(71.567), Loss: 0.064(0.675), LR: 0.000100
[GPU cuda:0][TRAIN] Epoch: [6][1600/3100], Elapsed 8m 18s (remain 7m 46s), Accuracy: 100.000(71.690), Loss: 0.257(0.674), LR: 0.000100
[GPU cuda:0][TRAIN] Epoch: [6][1650/3100], Elapsed 8m 34s (remain 7m 31s), Accuracy: 100.000(71.744), Loss: 0.085(0.673), LR: 0.000100
[GPU cuda:0][TRAIN] Epoch: [6][1700/3100], Elapsed 8m 49s (remain 7m 15s), Accuracy: 25.000(71.943), Loss: 1.351(0.671), LR: 0.000100
[GPU cuda:0][TRAIN] Epoch: [6][1750/3100], Elapsed 9m 5s (remain 7m 0s), Accuracy: 100.000(71.802), Loss: 0.410(0.673), LR: 0.000100
[GPU cuda:0][TRAIN] Epoch: [6][1800/3100], Elapsed 9m 21s (remain 6m 44s), Accuracy: 100.000(71.932), Loss: 0.097(0.671), LR: 0.000100
[GPU cuda:0][TRAIN] Epoch: [6][1850/3100], Elapsed 9m 36s (remain 6m 29s), Accuracy: 50.000(71.691), Loss: 0.967(0.674), LR: 0.000100
[GPU cuda:0][TRAIN] Epoch: [6][1900/3100], Elapsed 9m 52s (remain 6m 13s), Accuracy: 75.000(71.804), Loss: 0.821(0.674), LR: 0.000100
[GPU cuda:0][TRAIN] Epoch: [6][1950/3100], Elapsed 10m 7s (remain 5m 57s), Accuracy: 100.000(71.694), Loss: 0.356(0.675), LR: 0.000100
[GPU cuda:0][TRAIN] Epoch: [6][2000/3100], Elapsed 10m 23s (remain 5m 42s), Accuracy: 100.000(71.802), Loss: 0.402(0.674), LR: 0.000100
[GPU cuda:0][TRAIN] Epoch: [6][2050/3100], Elapsed 10m 39s (remain 5m 26s), Accuracy: 75.000(71.904), Loss: 0.624(0.670), LR: 0.000100
[GPU cuda:0][TRAIN] Epoch: [6][2100/3100], Elapsed 10m 54s (remain 5m 11s), Accuracy: 75.000(71.894), Loss: 2.307(0.672), LR: 0.000100
[GPU cuda:0][TRAIN] Epoch: [6][2150/3100], Elapsed 11m 10s (remain 4m 55s), Accuracy: 50.000(72.025), Loss: 1.211(0.671), LR: 0.000100
[GPU cuda:0][TRAIN] Epoch: [6][2200/3100], Elapsed 11m 25s (remain 4m 40s), Accuracy: 50.000(72.024), Loss: 1.174(0.671), LR: 0.000100
[GPU cuda:0][TRAIN] Epoch: [6][2250/3100], Elapsed 11m 41s (remain 4m 24s), Accuracy: 75.000(72.046), Loss: 0.704(0.669), LR: 0.000100
[GPU cuda:0][TRAIN] Epoch: [6][2300/3100], Elapsed 11m 56s (remain 4m 8s), Accuracy: 25.000(72.099), Loss: 2.144(0.667), LR: 0.000100
[GPU cuda:0][TRAIN] Epoch: [6][2350/3100], Elapsed 12m 12s (remain 3m 53s), Accuracy: 75.000(72.012), Loss: 0.616(0.669), LR: 0.000100
[GPU cuda:0][TRAIN] Epoch: [6][2400/3100], Elapsed 12m 28s (remain 3m 37s), Accuracy: 0.000(71.876), Loss: 1.538(0.671), LR: 0.000100
[GPU cuda:0][TRAIN] Epoch: [6][2450/3100], Elapsed 12m 43s (remain 3m 22s), Accuracy: 50.000(71.777), Loss: 0.678(0.672), LR: 0.000100
[GPU cuda:0][TRAIN] Epoch: [6][2500/3100], Elapsed 12m 59s (remain 3m 6s), Accuracy: 75.000(71.761), Loss: 0.884(0.672), LR: 0.000100
[GPU cuda:0][TRAIN] Epoch: [6][2550/3100], Elapsed 13m 14s (remain 2m 51s), Accuracy: 75.000(71.639), Loss: 0.772(0.675), LR: 0.000100
[GPU cuda:0][TRAIN] Epoch: [6][2600/3100], Elapsed 13m 30s (remain 2m 35s), Accuracy: 50.000(71.790), Loss: 0.894(0.673), LR: 0.000100
[GPU cuda:0][TRAIN] Epoch: [6][2650/3100], Elapsed 13m 45s (remain 2m 19s), Accuracy: 50.000(71.765), Loss: 1.811(0.673), LR: 0.000100
[GPU cuda:0][TRAIN] Epoch: [6][2700/3100], Elapsed 14m 1s (remain 2m 4s), Accuracy: 75.000(71.797), Loss: 0.605(0.672), LR: 0.000100
[GPU cuda:0][TRAIN] Epoch: [6][2750/3100], Elapsed 14m 17s (remain 1m 48s), Accuracy: 75.000(71.856), Loss: 0.695(0.673), LR: 0.000100
[GPU cuda:0][TRAIN] Epoch: [6][2800/3100], Elapsed 14m 32s (remain 1m 33s), Accuracy: 25.000(71.823), Loss: 2.271(0.674), LR: 0.000100
[GPU cuda:0][TRAIN] Epoch: [6][2850/3100], Elapsed 14m 48s (remain 1m 17s), Accuracy: 75.000(71.905), Loss: 0.770(0.673), LR: 0.000099
[GPU cuda:0][TRAIN] Epoch: [6][2900/3100], Elapsed 15m 3s (remain 1m 1s), Accuracy: 50.000(71.811), Loss: 0.772(0.675), LR: 0.000099
[GPU cuda:0][TRAIN] Epoch: [6][2950/3100], Elapsed 15m 19s (remain 0m 46s), Accuracy: 75.000(71.781), Loss: 0.494(0.676), LR: 0.000099
[GPU cuda:0][TRAIN] Epoch: [6][3000/3100], Elapsed 15m 34s (remain 0m 30s), Accuracy: 25.000(71.809), Loss: 1.750(0.676), LR: 0.000099
[GPU cuda:0][TRAIN] Epoch: [6][3050/3100], Elapsed 15m 50s (remain 0m 15s), Accuracy: 75.000(71.788), Loss: 0.398(0.677), LR: 0.000099
[GPU cuda:0][TRAIN] Epoch: [6][3099/3100], Elapsed 16m 5s (remain 0m 0s), Accuracy: 25.000(71.823), Loss: 2.535(0.677), LR: 0.000099
[GPU cuda:0][VALID][0/97], Elapsed 0m 1s (remain 2m 11s), Accuracy: 68.750(68.750), Batch Loss: 0.7927, Average Loss: 0.7927
[GPU cuda:0][VALID][50/97], Elapsed 0m 46s (remain 0m 42s), Accuracy: 84.375(72.120), Batch Loss: 0.4790, Average Loss: 0.6904
[GPU cuda:0][VALID][96/97], Elapsed 1m 28s (remain 0m 0s), Accuracy: 78.571(72.202), Batch Loss: 0.4279, Average Loss: 0.6929
Valid Labels Samples: [2 0 1 4 1 0 3 1 4 3]
Valid Predictions Samples: [2, 0, 1, 4, 1, 0, 3, 1, 3, 0]
Epoch 6 - Train Average Loss: 71.823, Valid Average Loss: 72.202, Epoch Time: 1056.688s
Epoch 6 - Accuracy: 0.722, Precision: 0.720, Recall: 0.722
[GPU cuda:0][TRAIN] Epoch: [7][0/3100], Elapsed 0m 0s (remain 36m 15s), Accuracy: 75.000(75.000), Loss: 1.164(1.164), LR: 0.000099
[GPU cuda:0][TRAIN] Epoch: [7][50/3100], Elapsed 0m 16s (remain 16m 13s), Accuracy: 100.000(78.922), Loss: 0.449(0.545), LR: 0.000099
[GPU cuda:0][TRAIN] Epoch: [7][100/3100], Elapsed 0m 31s (remain 15m 46s), Accuracy: 25.000(77.228), Loss: 1.333(0.554), LR: 0.000099
[GPU cuda:0][TRAIN] Epoch: [7][150/3100], Elapsed 0m 47s (remain 15m 25s), Accuracy: 100.000(73.675), Loss: 0.112(0.599), LR: 0.000099
[GPU cuda:0][TRAIN] Epoch: [7][200/3100], Elapsed 1m 2s (remain 15m 8s), Accuracy: 100.000(74.502), Loss: 0.058(0.596), LR: 0.000099
[GPU cuda:0][TRAIN] Epoch: [7][250/3100], Elapsed 1m 18s (remain 14m 51s), Accuracy: 75.000(74.104), Loss: 0.618(0.616), LR: 0.000099
[GPU cuda:0][TRAIN] Epoch: [7][300/3100], Elapsed 1m 34s (remain 14m 35s), Accuracy: 25.000(74.169), Loss: 0.947(0.620), LR: 0.000099
[GPU cuda:0][TRAIN] Epoch: [7][350/3100], Elapsed 1m 49s (remain 14m 19s), Accuracy: 25.000(73.860), Loss: 1.161(0.618), LR: 0.000099
[GPU cuda:0][TRAIN] Epoch: [7][400/3100], Elapsed 2m 5s (remain 14m 3s), Accuracy: 25.000(72.880), Loss: 1.122(0.636), LR: 0.000099
[GPU cuda:0][TRAIN] Epoch: [7][450/3100], Elapsed 2m 20s (remain 13m 47s), Accuracy: 75.000(72.228), Loss: 0.650(0.654), LR: 0.000099
[GPU cuda:0][TRAIN] Epoch: [7][500/3100], Elapsed 2m 36s (remain 13m 31s), Accuracy: 75.000(72.106), Loss: 0.769(0.659), LR: 0.000099
[GPU cuda:0][TRAIN] Epoch: [7][550/3100], Elapsed 2m 51s (remain 13m 15s), Accuracy: 50.000(72.368), Loss: 1.012(0.656), LR: 0.000099
[GPU cuda:0][TRAIN] Epoch: [7][600/3100], Elapsed 3m 7s (remain 12m 59s), Accuracy: 100.000(72.754), Loss: 0.249(0.653), LR: 0.000099
[GPU cuda:0][TRAIN] Epoch: [7][650/3100], Elapsed 3m 23s (remain 12m 44s), Accuracy: 100.000(73.041), Loss: 0.186(0.651), LR: 0.000099
[GPU cuda:0][TRAIN] Epoch: [7][700/3100], Elapsed 3m 38s (remain 12m 28s), Accuracy: 100.000(72.789), Loss: 0.523(0.658), LR: 0.000099
[GPU cuda:0][TRAIN] Epoch: [7][750/3100], Elapsed 3m 54s (remain 12m 12s), Accuracy: 100.000(73.103), Loss: 0.132(0.656), LR: 0.000099
[GPU cuda:0][TRAIN] Epoch: [7][800/3100], Elapsed 4m 9s (remain 11m 57s), Accuracy: 100.000(72.940), Loss: 0.431(0.661), LR: 0.000099
[GPU cuda:0][TRAIN] Epoch: [7][850/3100], Elapsed 4m 25s (remain 11m 41s), Accuracy: 100.000(73.002), Loss: 0.293(0.662), LR: 0.000099
[GPU cuda:0][TRAIN] Epoch: [7][900/3100], Elapsed 4m 40s (remain 11m 25s), Accuracy: 75.000(72.614), Loss: 0.691(0.669), LR: 0.000099
[GPU cuda:0][TRAIN] Epoch: [7][950/3100], Elapsed 4m 56s (remain 11m 9s), Accuracy: 75.000(72.713), Loss: 0.443(0.670), LR: 0.000099
[GPU cuda:0][TRAIN] Epoch: [7][1000/3100], Elapsed 5m 12s (remain 10m 54s), Accuracy: 75.000(72.777), Loss: 0.536(0.664), LR: 0.000099
[GPU cuda:0][TRAIN] Epoch: [7][1050/3100], Elapsed 5m 27s (remain 10m 38s), Accuracy: 100.000(73.026), Loss: 0.117(0.657), LR: 0.000099
[GPU cuda:0][TRAIN] Epoch: [7][1100/3100], Elapsed 5m 43s (remain 10m 23s), Accuracy: 25.000(73.229), Loss: 1.179(0.653), LR: 0.000099
[GPU cuda:0][TRAIN] Epoch: [7][1150/3100], Elapsed 5m 58s (remain 10m 7s), Accuracy: 100.000(73.371), Loss: 0.081(0.653), LR: 0.000099
[GPU cuda:0][TRAIN] Epoch: [7][1200/3100], Elapsed 6m 14s (remain 9m 51s), Accuracy: 100.000(73.626), Loss: 0.060(0.648), LR: 0.000099
[GPU cuda:0][TRAIN] Epoch: [7][1250/3100], Elapsed 6m 29s (remain 9m 36s), Accuracy: 75.000(73.561), Loss: 0.672(0.649), LR: 0.000099
[GPU cuda:0][TRAIN] Epoch: [7][1300/3100], Elapsed 6m 45s (remain 9m 20s), Accuracy: 75.000(73.655), Loss: 0.891(0.649), LR: 0.000099
[GPU cuda:0][TRAIN] Epoch: [7][1350/3100], Elapsed 7m 0s (remain 9m 4s), Accuracy: 75.000(73.668), Loss: 0.352(0.646), LR: 0.000099
[GPU cuda:0][TRAIN] Epoch: [7][1400/3100], Elapsed 7m 16s (remain 8m 49s), Accuracy: 50.000(73.555), Loss: 0.804(0.648), LR: 0.000099
[GPU cuda:0][TRAIN] Epoch: [7][1450/3100], Elapsed 7m 31s (remain 8m 33s), Accuracy: 100.000(73.622), Loss: 0.467(0.647), LR: 0.000099
[GPU cuda:0][TRAIN] Epoch: [7][1500/3100], Elapsed 7m 47s (remain 8m 17s), Accuracy: 75.000(73.751), Loss: 0.791(0.643), LR: 0.000099
[GPU cuda:0][TRAIN] Epoch: [7][1550/3100], Elapsed 8m 2s (remain 8m 2s), Accuracy: 100.000(73.791), Loss: 0.014(0.642), LR: 0.000099
[GPU cuda:0][TRAIN] Epoch: [7][1600/3100], Elapsed 8m 18s (remain 7m 46s), Accuracy: 100.000(73.938), Loss: 0.104(0.639), LR: 0.000099
[GPU cuda:0][TRAIN] Epoch: [7][1650/3100], Elapsed 8m 33s (remain 7m 31s), Accuracy: 100.000(73.910), Loss: 0.097(0.637), LR: 0.000099
[GPU cuda:0][TRAIN] Epoch: [7][1700/3100], Elapsed 8m 49s (remain 7m 15s), Accuracy: 75.000(74.059), Loss: 0.664(0.634), LR: 0.000099
[GPU cuda:0][TRAIN] Epoch: [7][1750/3100], Elapsed 9m 4s (remain 6m 59s), Accuracy: 100.000(73.929), Loss: 0.253(0.636), LR: 0.000099
[GPU cuda:0][TRAIN] Epoch: [7][1800/3100], Elapsed 9m 20s (remain 6m 44s), Accuracy: 100.000(74.112), Loss: 0.019(0.633), LR: 0.000099
[GPU cuda:0][TRAIN] Epoch: [7][1850/3100], Elapsed 9m 36s (remain 6m 28s), Accuracy: 50.000(74.082), Loss: 1.562(0.635), LR: 0.000098
[GPU cuda:0][TRAIN] Epoch: [7][1900/3100], Elapsed 9m 51s (remain 6m 13s), Accuracy: 50.000(74.158), Loss: 0.853(0.634), LR: 0.000098
[GPU cuda:0][TRAIN] Epoch: [7][1950/3100], Elapsed 10m 7s (remain 5m 57s), Accuracy: 100.000(74.077), Loss: 0.293(0.635), LR: 0.000098
[GPU cuda:0][TRAIN] Epoch: [7][2000/3100], Elapsed 10m 22s (remain 5m 42s), Accuracy: 100.000(74.000), Loss: 0.309(0.634), LR: 0.000098
[GPU cuda:0][TRAIN] Epoch: [7][2050/3100], Elapsed 10m 38s (remain 5m 26s), Accuracy: 75.000(74.135), Loss: 0.532(0.631), LR: 0.000098
[GPU cuda:0][TRAIN] Epoch: [7][2100/3100], Elapsed 10m 53s (remain 5m 10s), Accuracy: 75.000(74.155), Loss: 2.084(0.633), LR: 0.000098
[GPU cuda:0][TRAIN] Epoch: [7][2150/3100], Elapsed 11m 9s (remain 4m 55s), Accuracy: 50.000(74.245), Loss: 1.188(0.631), LR: 0.000098
[GPU cuda:0][TRAIN] Epoch: [7][2200/3100], Elapsed 11m 24s (remain 4m 39s), Accuracy: 75.000(74.114), Loss: 1.068(0.633), LR: 0.000098
[GPU cuda:0][TRAIN] Epoch: [7][2250/3100], Elapsed 11m 40s (remain 4m 24s), Accuracy: 75.000(74.245), Loss: 0.999(0.631), LR: 0.000098
[GPU cuda:0][TRAIN] Epoch: [7][2300/3100], Elapsed 11m 55s (remain 4m 8s), Accuracy: 50.000(74.294), Loss: 1.437(0.629), LR: 0.000098
[GPU cuda:0][TRAIN] Epoch: [7][2350/3100], Elapsed 12m 11s (remain 3m 53s), Accuracy: 75.000(74.149), Loss: 0.546(0.631), LR: 0.000098
[GPU cuda:0][TRAIN] Epoch: [7][2400/3100], Elapsed 12m 26s (remain 3m 37s), Accuracy: 50.000(74.084), Loss: 0.808(0.632), LR: 0.000098
[GPU cuda:0][TRAIN] Epoch: [7][2450/3100], Elapsed 12m 42s (remain 3m 21s), Accuracy: 75.000(74.092), Loss: 0.617(0.633), LR: 0.000098
[GPU cuda:0][TRAIN] Epoch: [7][2500/3100], Elapsed 12m 58s (remain 3m 6s), Accuracy: 50.000(74.070), Loss: 0.959(0.633), LR: 0.000098
[GPU cuda:0][TRAIN] Epoch: [7][2550/3100], Elapsed 13m 13s (remain 2m 50s), Accuracy: 50.000(74.010), Loss: 0.905(0.635), LR: 0.000098
[GPU cuda:0][TRAIN] Epoch: [7][2600/3100], Elapsed 13m 29s (remain 2m 35s), Accuracy: 50.000(74.145), Loss: 0.691(0.633), LR: 0.000098
[GPU cuda:0][TRAIN] Epoch: [7][2650/3100], Elapsed 13m 44s (remain 2m 19s), Accuracy: 25.000(74.132), Loss: 1.842(0.632), LR: 0.000098
[GPU cuda:0][TRAIN] Epoch: [7][2700/3100], Elapsed 14m 0s (remain 2m 4s), Accuracy: 100.000(74.185), Loss: 0.299(0.631), LR: 0.000098
[GPU cuda:0][TRAIN] Epoch: [7][2750/3100], Elapsed 14m 15s (remain 1m 48s), Accuracy: 50.000(74.237), Loss: 0.995(0.630), LR: 0.000098
[GPU cuda:0][TRAIN] Epoch: [7][2800/3100], Elapsed 14m 31s (remain 1m 32s), Accuracy: 50.000(74.241), Loss: 1.207(0.631), LR: 0.000098
[GPU cuda:0][TRAIN] Epoch: [7][2850/3100], Elapsed 14m 46s (remain 1m 17s), Accuracy: 75.000(74.228), Loss: 0.714(0.630), LR: 0.000098
[GPU cuda:0][TRAIN] Epoch: [7][2900/3100], Elapsed 15m 2s (remain 1m 1s), Accuracy: 100.000(74.147), Loss: 0.544(0.632), LR: 0.000098
[GPU cuda:0][TRAIN] Epoch: [7][2950/3100], Elapsed 15m 17s (remain 0m 46s), Accuracy: 75.000(74.085), Loss: 0.477(0.634), LR: 0.000098
[GPU cuda:0][TRAIN] Epoch: [7][3000/3100], Elapsed 15m 33s (remain 0m 30s), Accuracy: 50.000(74.134), Loss: 0.853(0.633), LR: 0.000098
[GPU cuda:0][TRAIN] Epoch: [7][3050/3100], Elapsed 15m 48s (remain 0m 15s), Accuracy: 75.000(74.066), Loss: 0.437(0.634), LR: 0.000098
[GPU cuda:0][TRAIN] Epoch: [7][3099/3100], Elapsed 16m 4s (remain 0m 0s), Accuracy: 25.000(74.089), Loss: 1.981(0.633), LR: 0.000098
[GPU cuda:0][VALID][0/97], Elapsed 0m 1s (remain 2m 17s), Accuracy: 68.750(68.750), Batch Loss: 0.7047, Average Loss: 0.7047
[GPU cuda:0][VALID][50/97], Elapsed 0m 46s (remain 0m 42s), Accuracy: 81.250(71.507), Batch Loss: 0.4386, Average Loss: 0.7132
[GPU cuda:0][VALID][96/97], Elapsed 1m 28s (remain 0m 0s), Accuracy: 82.143(72.206), Batch Loss: 0.4040, Average Loss: 0.7030
Valid Labels Samples: [2 0 1 4 1 0 3 1 4 3]
Valid Predictions Samples: [2, 0, 1, 3, 1, 0, 3, 1, 3, 0]
Epoch 7 - Train Average Loss: 74.089, Valid Average Loss: 72.206, Epoch Time: 1055.323s
Epoch 7 - Accuracy: 0.722, Precision: 0.720, Recall: 0.722
[GPU cuda:0][TRAIN] Epoch: [8][0/3100], Elapsed 0m 0s (remain 35m 52s), Accuracy: 75.000(75.000), Loss: 0.999(0.999), LR: 0.000098
[GPU cuda:0][TRAIN] Epoch: [8][50/3100], Elapsed 0m 16s (remain 16m 15s), Accuracy: 100.000(79.412), Loss: 0.345(0.513), LR: 0.000098
[GPU cuda:0][TRAIN] Epoch: [8][100/3100], Elapsed 0m 31s (remain 15m 47s), Accuracy: 25.000(75.743), Loss: 1.196(0.531), LR: 0.000098
[GPU cuda:0][TRAIN] Epoch: [8][150/3100], Elapsed 0m 47s (remain 15m 28s), Accuracy: 100.000(75.828), Loss: 0.026(0.556), LR: 0.000097
[GPU cuda:0][TRAIN] Epoch: [8][200/3100], Elapsed 1m 3s (remain 15m 10s), Accuracy: 100.000(76.493), Loss: 0.062(0.560), LR: 0.000097
[GPU cuda:0][TRAIN] Epoch: [8][250/3100], Elapsed 1m 18s (remain 14m 53s), Accuracy: 75.000(75.299), Loss: 0.518(0.585), LR: 0.000097
[GPU cuda:0][TRAIN] Epoch: [8][300/3100], Elapsed 1m 34s (remain 14m 37s), Accuracy: 75.000(75.914), Loss: 0.280(0.583), LR: 0.000097
[GPU cuda:0][TRAIN] Epoch: [8][350/3100], Elapsed 1m 49s (remain 14m 21s), Accuracy: 25.000(75.712), Loss: 1.534(0.579), LR: 0.000097
[GPU cuda:0][TRAIN] Epoch: [8][400/3100], Elapsed 2m 5s (remain 14m 4s), Accuracy: 50.000(75.187), Loss: 0.955(0.591), LR: 0.000097
[GPU cuda:0][TRAIN] Epoch: [8][450/3100], Elapsed 2m 21s (remain 13m 48s), Accuracy: 100.000(75.111), Loss: 0.202(0.590), LR: 0.000097
[GPU cuda:0][TRAIN] Epoch: [8][500/3100], Elapsed 2m 36s (remain 13m 32s), Accuracy: 100.000(75.150), Loss: 0.607(0.592), LR: 0.000097
[GPU cuda:0][TRAIN] Epoch: [8][550/3100], Elapsed 2m 52s (remain 13m 16s), Accuracy: 50.000(75.635), Loss: 0.989(0.586), LR: 0.000097
[GPU cuda:0][TRAIN] Epoch: [8][600/3100], Elapsed 3m 7s (remain 13m 0s), Accuracy: 100.000(76.123), Loss: 0.099(0.580), LR: 0.000097
[GPU cuda:0][TRAIN] Epoch: [8][650/3100], Elapsed 3m 23s (remain 12m 44s), Accuracy: 100.000(76.229), Loss: 0.068(0.581), LR: 0.000097
[GPU cuda:0][TRAIN] Epoch: [8][700/3100], Elapsed 3m 38s (remain 12m 28s), Accuracy: 75.000(75.892), Loss: 0.549(0.586), LR: 0.000097
[GPU cuda:0][TRAIN] Epoch: [8][750/3100], Elapsed 3m 54s (remain 12m 13s), Accuracy: 100.000(76.032), Loss: 0.104(0.585), LR: 0.000097
[GPU cuda:0][TRAIN] Epoch: [8][800/3100], Elapsed 4m 9s (remain 11m 57s), Accuracy: 100.000(76.030), Loss: 0.268(0.586), LR: 0.000097
[GPU cuda:0][TRAIN] Epoch: [8][850/3100], Elapsed 4m 25s (remain 11m 41s), Accuracy: 100.000(76.087), Loss: 0.131(0.586), LR: 0.000097
[GPU cuda:0][TRAIN] Epoch: [8][900/3100], Elapsed 4m 41s (remain 11m 25s), Accuracy: 75.000(75.832), Loss: 0.750(0.590), LR: 0.000097
[GPU cuda:0][TRAIN] Epoch: [8][950/3100], Elapsed 4m 56s (remain 11m 10s), Accuracy: 100.000(75.815), Loss: 0.402(0.592), LR: 0.000097
[GPU cuda:0][TRAIN] Epoch: [8][1000/3100], Elapsed 5m 12s (remain 10m 54s), Accuracy: 75.000(75.999), Loss: 0.446(0.587), LR: 0.000097
[GPU cuda:0][TRAIN] Epoch: [8][1050/3100], Elapsed 5m 27s (remain 10m 38s), Accuracy: 100.000(76.284), Loss: 0.055(0.580), LR: 0.000097
[GPU cuda:0][TRAIN] Epoch: [8][1100/3100], Elapsed 5m 43s (remain 10m 23s), Accuracy: 25.000(76.385), Loss: 1.193(0.577), LR: 0.000097
[GPU cuda:0][TRAIN] Epoch: [8][1150/3100], Elapsed 5m 58s (remain 10m 7s), Accuracy: 100.000(76.477), Loss: 0.137(0.575), LR: 0.000097
[GPU cuda:0][TRAIN] Epoch: [8][1200/3100], Elapsed 6m 14s (remain 9m 51s), Accuracy: 100.000(76.561), Loss: 0.017(0.570), LR: 0.000097
[GPU cuda:0][TRAIN] Epoch: [8][1250/3100], Elapsed 6m 29s (remain 9m 36s), Accuracy: 75.000(76.299), Loss: 0.687(0.575), LR: 0.000097
[GPU cuda:0][TRAIN] Epoch: [8][1300/3100], Elapsed 6m 45s (remain 9m 20s), Accuracy: 75.000(76.249), Loss: 1.113(0.577), LR: 0.000097
[GPU cuda:0][TRAIN] Epoch: [8][1350/3100], Elapsed 7m 0s (remain 9m 4s), Accuracy: 100.000(76.443), Loss: 0.420(0.573), LR: 0.000096
[GPU cuda:0][TRAIN] Epoch: [8][1400/3100], Elapsed 7m 16s (remain 8m 49s), Accuracy: 100.000(76.374), Loss: 0.252(0.574), LR: 0.000096
[GPU cuda:0][TRAIN] Epoch: [8][1450/3100], Elapsed 7m 31s (remain 8m 33s), Accuracy: 100.000(76.430), Loss: 0.382(0.575), LR: 0.000096
[GPU cuda:0][TRAIN] Epoch: [8][1500/3100], Elapsed 7m 47s (remain 8m 18s), Accuracy: 100.000(76.282), Loss: 0.457(0.575), LR: 0.000096
[GPU cuda:0][TRAIN] Epoch: [8][1550/3100], Elapsed 8m 3s (remain 8m 2s), Accuracy: 100.000(76.257), Loss: 0.032(0.575), LR: 0.000096
[GPU cuda:0][TRAIN] Epoch: [8][1600/3100], Elapsed 8m 18s (remain 7m 46s), Accuracy: 100.000(76.374), Loss: 0.163(0.573), LR: 0.000096
[GPU cuda:0][TRAIN] Epoch: [8][1650/3100], Elapsed 8m 34s (remain 7m 31s), Accuracy: 100.000(76.378), Loss: 0.197(0.573), LR: 0.000096
[GPU cuda:0][TRAIN] Epoch: [8][1700/3100], Elapsed 8m 49s (remain 7m 15s), Accuracy: 75.000(76.455), Loss: 0.658(0.570), LR: 0.000096
[GPU cuda:0][TRAIN] Epoch: [8][1750/3100], Elapsed 9m 5s (remain 6m 59s), Accuracy: 75.000(76.428), Loss: 0.372(0.572), LR: 0.000096
[GPU cuda:0][TRAIN] Epoch: [8][1800/3100], Elapsed 9m 20s (remain 6m 44s), Accuracy: 100.000(76.513), Loss: 0.059(0.573), LR: 0.000096
[GPU cuda:0][TRAIN] Epoch: [8][1850/3100], Elapsed 9m 36s (remain 6m 28s), Accuracy: 50.000(76.324), Loss: 0.901(0.575), LR: 0.000096
[GPU cuda:0][TRAIN] Epoch: [8][1900/3100], Elapsed 9m 51s (remain 6m 13s), Accuracy: 75.000(76.499), Loss: 0.785(0.573), LR: 0.000096
[GPU cuda:0][TRAIN] Epoch: [8][1950/3100], Elapsed 10m 7s (remain 5m 57s), Accuracy: 75.000(76.397), Loss: 0.505(0.573), LR: 0.000096
[GPU cuda:0][TRAIN] Epoch: [8][2000/3100], Elapsed 10m 22s (remain 5m 42s), Accuracy: 75.000(76.324), Loss: 0.327(0.575), LR: 0.000096
[GPU cuda:0][TRAIN] Epoch: [8][2050/3100], Elapsed 10m 38s (remain 5m 26s), Accuracy: 75.000(76.451), Loss: 0.263(0.571), LR: 0.000096
[GPU cuda:0][TRAIN] Epoch: [8][2100/3100], Elapsed 10m 53s (remain 5m 10s), Accuracy: 50.000(76.464), Loss: 1.979(0.572), LR: 0.000096
[GPU cuda:0][TRAIN] Epoch: [8][2150/3100], Elapsed 11m 9s (remain 4m 55s), Accuracy: 50.000(76.546), Loss: 1.299(0.572), LR: 0.000096
[GPU cuda:0][TRAIN] Epoch: [8][2200/3100], Elapsed 11m 25s (remain 4m 39s), Accuracy: 50.000(76.545), Loss: 1.048(0.572), LR: 0.000096
[GPU cuda:0][TRAIN] Epoch: [8][2250/3100], Elapsed 11m 40s (remain 4m 24s), Accuracy: 75.000(76.610), Loss: 0.425(0.570), LR: 0.000096
[GPU cuda:0][TRAIN] Epoch: [8][2300/3100], Elapsed 11m 56s (remain 4m 8s), Accuracy: 50.000(76.619), Loss: 1.041(0.569), LR: 0.000096
[GPU cuda:0][TRAIN] Epoch: [8][2350/3100], Elapsed 12m 11s (remain 3m 53s), Accuracy: 75.000(76.553), Loss: 0.602(0.569), LR: 0.000095
[GPU cuda:0][TRAIN] Epoch: [8][2400/3100], Elapsed 12m 27s (remain 3m 37s), Accuracy: 50.000(76.499), Loss: 1.251(0.571), LR: 0.000095
[GPU cuda:0][TRAIN] Epoch: [8][2450/3100], Elapsed 12m 42s (remain 3m 21s), Accuracy: 75.000(76.408), Loss: 0.466(0.573), LR: 0.000095
[GPU cuda:0][TRAIN] Epoch: [8][2500/3100], Elapsed 12m 58s (remain 3m 6s), Accuracy: 75.000(76.449), Loss: 0.756(0.573), LR: 0.000095
[GPU cuda:0][TRAIN] Epoch: [8][2550/3100], Elapsed 13m 13s (remain 2m 50s), Accuracy: 50.000(76.372), Loss: 1.178(0.575), LR: 0.000095
[GPU cuda:0][TRAIN] Epoch: [8][2600/3100], Elapsed 13m 29s (remain 2m 35s), Accuracy: 50.000(76.490), Loss: 0.836(0.573), LR: 0.000095
[GPU cuda:0][TRAIN] Epoch: [8][2650/3100], Elapsed 13m 44s (remain 2m 19s), Accuracy: 75.000(76.565), Loss: 1.172(0.572), LR: 0.000095
[GPU cuda:0][TRAIN] Epoch: [8][2700/3100], Elapsed 14m 0s (remain 2m 4s), Accuracy: 75.000(76.611), Loss: 0.690(0.571), LR: 0.000095
[GPU cuda:0][TRAIN] Epoch: [8][2750/3100], Elapsed 14m 15s (remain 1m 48s), Accuracy: 25.000(76.563), Loss: 1.139(0.572), LR: 0.000095
[GPU cuda:0][TRAIN] Epoch: [8][2800/3100], Elapsed 14m 31s (remain 1m 33s), Accuracy: 25.000(76.464), Loss: 1.662(0.573), LR: 0.000095
[GPU cuda:0][TRAIN] Epoch: [8][2850/3100], Elapsed 14m 47s (remain 1m 17s), Accuracy: 50.000(76.464), Loss: 0.964(0.574), LR: 0.000095
[GPU cuda:0][TRAIN] Epoch: [8][2900/3100], Elapsed 15m 2s (remain 1m 1s), Accuracy: 100.000(76.405), Loss: 0.514(0.577), LR: 0.000095
[GPU cuda:0][TRAIN] Epoch: [8][2950/3100], Elapsed 15m 18s (remain 0m 46s), Accuracy: 75.000(76.398), Loss: 0.471(0.577), LR: 0.000095
[GPU cuda:0][TRAIN] Epoch: [8][3000/3100], Elapsed 15m 33s (remain 0m 30s), Accuracy: 50.000(76.450), Loss: 0.917(0.576), LR: 0.000095
[GPU cuda:0][TRAIN] Epoch: [8][3050/3100], Elapsed 15m 49s (remain 0m 15s), Accuracy: 50.000(76.467), Loss: 0.807(0.576), LR: 0.000095
[GPU cuda:0][TRAIN] Epoch: [8][3099/3100], Elapsed 16m 4s (remain 0m 0s), Accuracy: 25.000(76.500), Loss: 2.184(0.575), LR: 0.000095
[GPU cuda:0][VALID][0/97], Elapsed 0m 1s (remain 2m 15s), Accuracy: 71.875(71.875), Batch Loss: 0.7711, Average Loss: 0.7711
[GPU cuda:0][VALID][50/97], Elapsed 0m 46s (remain 0m 42s), Accuracy: 84.375(71.262), Batch Loss: 0.3322, Average Loss: 0.7354
[GPU cuda:0][VALID][96/97], Elapsed 1m 28s (remain 0m 0s), Accuracy: 78.571(71.654), Batch Loss: 0.4758, Average Loss: 0.7322
Valid Labels Samples: [2 0 1 4 1 0 3 1 4 3]
Valid Predictions Samples: [2, 0, 1, 4, 1, 0, 3, 1, 3, 0]
Epoch 8 - Train Average Loss: 76.500, Valid Average Loss: 71.654, Epoch Time: 1055.797s
Epoch 8 - Accuracy: 0.716, Precision: 0.716, Recall: 0.716
[GPU cuda:0][TRAIN] Epoch: [9][0/3100], Elapsed 0m 0s (remain 36m 28s), Accuracy: 100.000(100.000), Loss: 0.358(0.358), LR: 0.000095
[GPU cuda:0][TRAIN] Epoch: [9][50/3100], Elapsed 0m 16s (remain 16m 16s), Accuracy: 50.000(80.392), Loss: 0.769(0.467), LR: 0.000095
[GPU cuda:0][TRAIN] Epoch: [9][100/3100], Elapsed 0m 31s (remain 15m 47s), Accuracy: 25.000(80.446), Loss: 1.409(0.469), LR: 0.000095
[GPU cuda:0][TRAIN] Epoch: [9][150/3100], Elapsed 0m 47s (remain 15m 27s), Accuracy: 100.000(79.139), Loss: 0.005(0.490), LR: 0.000095
[GPU cuda:0][TRAIN] Epoch: [9][200/3100], Elapsed 1m 3s (remain 15m 10s), Accuracy: 100.000(79.726), Loss: 0.106(0.499), LR: 0.000094
[GPU cuda:0][TRAIN] Epoch: [9][250/3100], Elapsed 1m 18s (remain 14m 53s), Accuracy: 75.000(78.187), Loss: 0.627(0.533), LR: 0.000094
[GPU cuda:0][TRAIN] Epoch: [9][300/3100], Elapsed 1m 34s (remain 14m 36s), Accuracy: 75.000(78.904), Loss: 0.434(0.524), LR: 0.000094
[GPU cuda:0][TRAIN] Epoch: [9][350/3100], Elapsed 1m 49s (remain 14m 20s), Accuracy: 25.000(79.060), Loss: 1.282(0.516), LR: 0.000094
[GPU cuda:0][TRAIN] Epoch: [9][400/3100], Elapsed 2m 5s (remain 14m 4s), Accuracy: 50.000(77.993), Loss: 0.833(0.535), LR: 0.000094
[GPU cuda:0][TRAIN] Epoch: [9][450/3100], Elapsed 2m 20s (remain 13m 48s), Accuracy: 100.000(78.104), Loss: 0.280(0.538), LR: 0.000094
[GPU cuda:0][TRAIN] Epoch: [9][500/3100], Elapsed 2m 36s (remain 13m 32s), Accuracy: 75.000(78.194), Loss: 0.471(0.539), LR: 0.000094
[GPU cuda:0][TRAIN] Epoch: [9][550/3100], Elapsed 2m 52s (remain 13m 16s), Accuracy: 75.000(78.766), Loss: 0.864(0.533), LR: 0.000094
[GPU cuda:0][TRAIN] Epoch: [9][600/3100], Elapsed 3m 7s (remain 13m 0s), Accuracy: 75.000(79.077), Loss: 0.258(0.530), LR: 0.000094
[GPU cuda:0][TRAIN] Epoch: [9][650/3100], Elapsed 3m 23s (remain 12m 44s), Accuracy: 75.000(78.917), Loss: 0.317(0.534), LR: 0.000094
[GPU cuda:0][TRAIN] Epoch: [9][700/3100], Elapsed 3m 38s (remain 12m 28s), Accuracy: 75.000(78.638), Loss: 0.592(0.545), LR: 0.000094
[GPU cuda:0][TRAIN] Epoch: [9][750/3100], Elapsed 3m 54s (remain 12m 13s), Accuracy: 100.000(78.695), Loss: 0.065(0.544), LR: 0.000094
[GPU cuda:0][TRAIN] Epoch: [9][800/3100], Elapsed 4m 10s (remain 11m 57s), Accuracy: 100.000(78.433), Loss: 0.220(0.547), LR: 0.000094
[GPU cuda:0][TRAIN] Epoch: [9][850/3100], Elapsed 4m 25s (remain 11m 41s), Accuracy: 100.000(78.408), Loss: 0.072(0.546), LR: 0.000094
[GPU cuda:0][TRAIN] Epoch: [9][900/3100], Elapsed 4m 41s (remain 11m 26s), Accuracy: 75.000(78.052), Loss: 0.531(0.551), LR: 0.000094
[GPU cuda:0][TRAIN] Epoch: [9][950/3100], Elapsed 4m 56s (remain 11m 10s), Accuracy: 75.000(78.128), Loss: 0.322(0.550), LR: 0.000094
[GPU cuda:0][TRAIN] Epoch: [9][1000/3100], Elapsed 5m 12s (remain 10m 55s), Accuracy: 75.000(78.147), Loss: 0.414(0.547), LR: 0.000094
[GPU cuda:0][TRAIN] Epoch: [9][1050/3100], Elapsed 5m 27s (remain 10m 39s), Accuracy: 100.000(78.520), Loss: 0.086(0.539), LR: 0.000093
[GPU cuda:0][TRAIN] Epoch: [9][1100/3100], Elapsed 5m 43s (remain 10m 23s), Accuracy: 25.000(78.633), Loss: 1.430(0.537), LR: 0.000093
[GPU cuda:0][TRAIN] Epoch: [9][1150/3100], Elapsed 5m 59s (remain 10m 8s), Accuracy: 100.000(78.779), Loss: 0.054(0.535), LR: 0.000093
[GPU cuda:0][TRAIN] Epoch: [9][1200/3100], Elapsed 6m 14s (remain 9m 52s), Accuracy: 100.000(78.934), Loss: 0.017(0.532), LR: 0.000093
[GPU cuda:0][TRAIN] Epoch: [9][1250/3100], Elapsed 6m 30s (remain 9m 36s), Accuracy: 75.000(78.637), Loss: 0.748(0.536), LR: 0.000093
[GPU cuda:0][TRAIN] Epoch: [9][1300/3100], Elapsed 6m 45s (remain 9m 21s), Accuracy: 75.000(78.517), Loss: 0.884(0.538), LR: 0.000093
[GPU cuda:0][TRAIN] Epoch: [9][1350/3100], Elapsed 7m 1s (remain 9m 5s), Accuracy: 100.000(78.645), Loss: 0.240(0.534), LR: 0.000093
[GPU cuda:0][TRAIN] Epoch: [9][1400/3100], Elapsed 7m 17s (remain 8m 49s), Accuracy: 75.000(78.569), Loss: 0.294(0.533), LR: 0.000093
[GPU cuda:0][TRAIN] Epoch: [9][1450/3100], Elapsed 7m 32s (remain 8m 34s), Accuracy: 75.000(78.653), Loss: 0.347(0.531), LR: 0.000093
[GPU cuda:0][TRAIN] Epoch: [9][1500/3100], Elapsed 7m 48s (remain 8m 18s), Accuracy: 100.000(78.781), Loss: 0.320(0.529), LR: 0.000093
[GPU cuda:0][TRAIN] Epoch: [9][1550/3100], Elapsed 8m 3s (remain 8m 3s), Accuracy: 100.000(78.788), Loss: 0.039(0.530), LR: 0.000093
[GPU cuda:0][TRAIN] Epoch: [9][1600/3100], Elapsed 8m 19s (remain 7m 47s), Accuracy: 100.000(78.935), Loss: 0.113(0.527), LR: 0.000093
[GPU cuda:0][TRAIN] Epoch: [9][1650/3100], Elapsed 8m 34s (remain 7m 31s), Accuracy: 100.000(78.982), Loss: 0.050(0.525), LR: 0.000093
[GPU cuda:0][TRAIN] Epoch: [9][1700/3100], Elapsed 8m 50s (remain 7m 16s), Accuracy: 50.000(79.027), Loss: 0.789(0.524), LR: 0.000093
[GPU cuda:0][TRAIN] Epoch: [9][1750/3100], Elapsed 9m 5s (remain 7m 0s), Accuracy: 100.000(79.041), Loss: 0.128(0.523), LR: 0.000093
[GPU cuda:0][TRAIN] Epoch: [9][1800/3100], Elapsed 9m 21s (remain 6m 44s), Accuracy: 100.000(79.178), Loss: 0.016(0.522), LR: 0.000092
[GPU cuda:0][TRAIN] Epoch: [9][1850/3100], Elapsed 9m 36s (remain 6m 29s), Accuracy: 75.000(79.079), Loss: 0.693(0.524), LR: 0.000092
[GPU cuda:0][TRAIN] Epoch: [9][1900/3100], Elapsed 9m 52s (remain 6m 13s), Accuracy: 75.000(79.037), Loss: 1.005(0.523), LR: 0.000092
[GPU cuda:0][TRAIN] Epoch: [9][1950/3100], Elapsed 10m 8s (remain 5m 58s), Accuracy: 75.000(78.972), Loss: 0.462(0.524), LR: 0.000092
[GPU cuda:0][TRAIN] Epoch: [9][2000/3100], Elapsed 10m 23s (remain 5m 42s), Accuracy: 75.000(78.923), Loss: 0.349(0.525), LR: 0.000092
[GPU cuda:0][TRAIN] Epoch: [9][2050/3100], Elapsed 10m 39s (remain 5m 26s), Accuracy: 75.000(79.035), Loss: 0.387(0.522), LR: 0.000092
[GPU cuda:0][TRAIN] Epoch: [9][2100/3100], Elapsed 10m 54s (remain 5m 11s), Accuracy: 50.000(79.034), Loss: 2.166(0.522), LR: 0.000092
[GPU cuda:0][TRAIN] Epoch: [9][2150/3100], Elapsed 11m 10s (remain 4m 55s), Accuracy: 50.000(79.126), Loss: 1.313(0.521), LR: 0.000092
[GPU cuda:0][TRAIN] Epoch: [9][2200/3100], Elapsed 11m 25s (remain 4m 40s), Accuracy: 75.000(79.089), Loss: 1.086(0.523), LR: 0.000092
[GPU cuda:0][TRAIN] Epoch: [9][2250/3100], Elapsed 11m 41s (remain 4m 24s), Accuracy: 100.000(79.187), Loss: 0.114(0.520), LR: 0.000092
[GPU cuda:0][TRAIN] Epoch: [9][2300/3100], Elapsed 11m 57s (remain 4m 8s), Accuracy: 25.000(79.194), Loss: 1.516(0.520), LR: 0.000092
[GPU cuda:0][TRAIN] Epoch: [9][2350/3100], Elapsed 12m 12s (remain 3m 53s), Accuracy: 75.000(79.168), Loss: 0.677(0.520), LR: 0.000092
[GPU cuda:0][TRAIN] Epoch: [9][2400/3100], Elapsed 12m 28s (remain 3m 37s), Accuracy: 50.000(79.102), Loss: 1.115(0.521), LR: 0.000092
[GPU cuda:0][TRAIN] Epoch: [9][2450/3100], Elapsed 12m 43s (remain 3m 22s), Accuracy: 75.000(79.060), Loss: 0.683(0.522), LR: 0.000092
[GPU cuda:0][TRAIN] Epoch: [9][2500/3100], Elapsed 12m 59s (remain 3m 6s), Accuracy: 75.000(79.018), Loss: 0.707(0.522), LR: 0.000092
[GPU cuda:0][TRAIN] Epoch: [9][2550/3100], Elapsed 13m 14s (remain 2m 51s), Accuracy: 50.000(79.008), Loss: 0.996(0.524), LR: 0.000091
[GPU cuda:0][TRAIN] Epoch: [9][2600/3100], Elapsed 13m 30s (remain 2m 35s), Accuracy: 50.000(79.152), Loss: 0.696(0.521), LR: 0.000091
[GPU cuda:0][TRAIN] Epoch: [9][2650/3100], Elapsed 13m 45s (remain 2m 19s), Accuracy: 75.000(79.263), Loss: 0.952(0.520), LR: 0.000091
[GPU cuda:0][TRAIN] Epoch: [9][2700/3100], Elapsed 14m 1s (remain 2m 4s), Accuracy: 75.000(79.276), Loss: 0.374(0.519), LR: 0.000091
[GPU cuda:0][TRAIN] Epoch: [9][2750/3100], Elapsed 14m 16s (remain 1m 48s), Accuracy: 50.000(79.226), Loss: 1.182(0.519), LR: 0.000091
[GPU cuda:0][TRAIN] Epoch: [9][2800/3100], Elapsed 14m 32s (remain 1m 33s), Accuracy: 50.000(79.168), Loss: 0.962(0.520), LR: 0.000091
[GPU cuda:0][TRAIN] Epoch: [9][2850/3100], Elapsed 14m 47s (remain 1m 17s), Accuracy: 75.000(79.227), Loss: 0.594(0.519), LR: 0.000091
[GPU cuda:0][TRAIN] Epoch: [9][2900/3100], Elapsed 15m 3s (remain 1m 1s), Accuracy: 100.000(79.188), Loss: 0.549(0.521), LR: 0.000091
[GPU cuda:0][TRAIN] Epoch: [9][2950/3100], Elapsed 15m 18s (remain 0m 46s), Accuracy: 50.000(79.168), Loss: 1.409(0.522), LR: 0.000091
[GPU cuda:0][TRAIN] Epoch: [9][3000/3100], Elapsed 15m 34s (remain 0m 30s), Accuracy: 50.000(79.199), Loss: 1.596(0.521), LR: 0.000091
[GPU cuda:0][TRAIN] Epoch: [9][3050/3100], Elapsed 15m 50s (remain 0m 15s), Accuracy: 100.000(79.261), Loss: 0.156(0.520), LR: 0.000091
[GPU cuda:0][TRAIN] Epoch: [9][3099/3100], Elapsed 16m 5s (remain 0m 0s), Accuracy: 25.000(79.331), Loss: 2.516(0.519), LR: 0.000091
[GPU cuda:0][VALID][0/97], Elapsed 0m 1s (remain 2m 20s), Accuracy: 78.125(78.125), Batch Loss: 0.7893, Average Loss: 0.7893
[GPU cuda:0][VALID][50/97], Elapsed 0m 46s (remain 0m 42s), Accuracy: 75.000(71.507), Batch Loss: 0.3779, Average Loss: 0.8521
[GPU cuda:0][VALID][96/97], Elapsed 1m 28s (remain 0m 0s), Accuracy: 75.000(71.037), Batch Loss: 0.5177, Average Loss: 0.8415
Valid Labels Samples: [2 0 1 4 1 0 3 1 4 3]
Valid Predictions Samples: [2, 0, 1, 3, 1, 0, 3, 1, 3, 0]
Epoch 9 - Train Average Loss: 79.331, Valid Average Loss: 71.037, Epoch Time: 1056.592s
Epoch 9 - Accuracy: 0.710, Precision: 0.715, Recall: 0.710
[GPU cuda:0][TRAIN] Epoch: [10][0/3100], Elapsed 0m 0s (remain 35m 29s), Accuracy: 75.000(75.000), Loss: 1.033(1.033), LR: 0.000091
[GPU cuda:0][TRAIN] Epoch: [10][50/3100], Elapsed 0m 16s (remain 16m 11s), Accuracy: 100.000(83.824), Loss: 0.366(0.393), LR: 0.000091
[GPU cuda:0][TRAIN] Epoch: [10][100/3100], Elapsed 0m 31s (remain 15m 44s), Accuracy: 50.000(81.188), Loss: 1.238(0.429), LR: 0.000091
[GPU cuda:0][TRAIN] Epoch: [10][150/3100], Elapsed 0m 47s (remain 15m 24s), Accuracy: 100.000(80.629), Loss: 0.021(0.458), LR: 0.000090
[GPU cuda:0][TRAIN] Epoch: [10][200/3100], Elapsed 1m 2s (remain 15m 7s), Accuracy: 75.000(80.597), Loss: 0.553(0.465), LR: 0.000090
[GPU cuda:0][TRAIN] Epoch: [10][250/3100], Elapsed 1m 18s (remain 14m 50s), Accuracy: 75.000(79.980), Loss: 0.458(0.484), LR: 0.000090
[GPU cuda:0][TRAIN] Epoch: [10][300/3100], Elapsed 1m 34s (remain 14m 34s), Accuracy: 75.000(80.565), Loss: 0.345(0.477), LR: 0.000090
[GPU cuda:0][TRAIN] Epoch: [10][350/3100], Elapsed 1m 49s (remain 14m 18s), Accuracy: 0.000(80.199), Loss: 1.300(0.474), LR: 0.000090
[GPU cuda:0][TRAIN] Epoch: [10][400/3100], Elapsed 2m 5s (remain 14m 2s), Accuracy: 75.000(79.988), Loss: 0.568(0.477), LR: 0.000090
[GPU cuda:0][TRAIN] Epoch: [10][450/3100], Elapsed 2m 20s (remain 13m 46s), Accuracy: 100.000(80.211), Loss: 0.203(0.478), LR: 0.000090
[GPU cuda:0][TRAIN] Epoch: [10][500/3100], Elapsed 2m 36s (remain 13m 31s), Accuracy: 100.000(80.240), Loss: 0.376(0.482), LR: 0.000090
[GPU cuda:0][TRAIN] Epoch: [10][550/3100], Elapsed 2m 51s (remain 13m 15s), Accuracy: 75.000(80.717), Loss: 0.570(0.476), LR: 0.000090
[GPU cuda:0][TRAIN] Epoch: [10][600/3100], Elapsed 3m 7s (remain 12m 59s), Accuracy: 100.000(81.032), Loss: 0.149(0.472), LR: 0.000090
[GPU cuda:0][TRAIN] Epoch: [10][650/3100], Elapsed 3m 23s (remain 12m 43s), Accuracy: 100.000(80.991), Loss: 0.011(0.472), LR: 0.000090
[GPU cuda:0][TRAIN] Epoch: [10][700/3100], Elapsed 3m 38s (remain 12m 28s), Accuracy: 100.000(80.813), Loss: 0.302(0.475), LR: 0.000090
[GPU cuda:0][TRAIN] Epoch: [10][750/3100], Elapsed 3m 54s (remain 12m 12s), Accuracy: 100.000(80.892), Loss: 0.013(0.478), LR: 0.000090
[GPU cuda:0][TRAIN] Epoch: [10][800/3100], Elapsed 4m 9s (remain 11m 56s), Accuracy: 100.000(80.556), Loss: 0.251(0.481), LR: 0.000089
[GPU cuda:0][TRAIN] Epoch: [10][850/3100], Elapsed 4m 25s (remain 11m 41s), Accuracy: 100.000(80.640), Loss: 0.039(0.481), LR: 0.000089
[GPU cuda:0][TRAIN] Epoch: [10][900/3100], Elapsed 4m 40s (remain 11m 25s), Accuracy: 75.000(80.189), Loss: 0.575(0.488), LR: 0.000089
[GPU cuda:0][TRAIN] Epoch: [10][950/3100], Elapsed 4m 56s (remain 11m 10s), Accuracy: 100.000(80.284), Loss: 0.258(0.487), LR: 0.000089
[GPU cuda:0][TRAIN] Epoch: [10][1000/3100], Elapsed 5m 12s (remain 10m 54s), Accuracy: 75.000(80.345), Loss: 0.604(0.485), LR: 0.000089
[GPU cuda:0][TRAIN] Epoch: [10][1050/3100], Elapsed 5m 27s (remain 10m 38s), Accuracy: 100.000(80.566), Loss: 0.089(0.479), LR: 0.000089
[GPU cuda:0][TRAIN] Epoch: [10][1100/3100], Elapsed 5m 43s (remain 10m 23s), Accuracy: 50.000(80.518), Loss: 1.180(0.481), LR: 0.000089
[GPU cuda:0][TRAIN] Epoch: [10][1150/3100], Elapsed 5m 58s (remain 10m 7s), Accuracy: 100.000(80.778), Loss: 0.018(0.477), LR: 0.000089
[GPU cuda:0][TRAIN] Epoch: [10][1200/3100], Elapsed 6m 14s (remain 9m 51s), Accuracy: 100.000(80.974), Loss: 0.066(0.473), LR: 0.000089
[GPU cuda:0][TRAIN] Epoch: [10][1250/3100], Elapsed 6m 29s (remain 9m 36s), Accuracy: 75.000(80.735), Loss: 0.836(0.477), LR: 0.000089
[GPU cuda:0][TRAIN] Epoch: [10][1300/3100], Elapsed 6m 45s (remain 9m 20s), Accuracy: 75.000(80.707), Loss: 1.150(0.480), LR: 0.000089
[GPU cuda:0][TRAIN] Epoch: [10][1350/3100], Elapsed 7m 0s (remain 9m 5s), Accuracy: 75.000(80.829), Loss: 0.252(0.477), LR: 0.000089
[GPU cuda:0][TRAIN] Epoch: [10][1400/3100], Elapsed 7m 16s (remain 8m 49s), Accuracy: 100.000(80.675), Loss: 0.251(0.478), LR: 0.000089
[GPU cuda:0][TRAIN] Epoch: [10][1450/3100], Elapsed 7m 32s (remain 8m 33s), Accuracy: 100.000(80.737), Loss: 0.312(0.476), LR: 0.000088
[GPU cuda:0][TRAIN] Epoch: [10][1500/3100], Elapsed 7m 47s (remain 8m 18s), Accuracy: 75.000(80.829), Loss: 0.603(0.473), LR: 0.000088
[GPU cuda:0][TRAIN] Epoch: [10][1550/3100], Elapsed 8m 3s (remain 8m 2s), Accuracy: 100.000(80.690), Loss: 0.026(0.475), LR: 0.000088
[GPU cuda:0][TRAIN] Epoch: [10][1600/3100], Elapsed 8m 18s (remain 7m 47s), Accuracy: 100.000(80.809), Loss: 0.066(0.474), LR: 0.000088
[GPU cuda:0][TRAIN] Epoch: [10][1650/3100], Elapsed 8m 34s (remain 7m 31s), Accuracy: 75.000(80.830), Loss: 0.492(0.473), LR: 0.000088
[GPU cuda:0][TRAIN] Epoch: [10][1700/3100], Elapsed 8m 49s (remain 7m 15s), Accuracy: 50.000(80.864), Loss: 0.744(0.471), LR: 0.000088
[GPU cuda:0][TRAIN] Epoch: [10][1750/3100], Elapsed 9m 5s (remain 7m 0s), Accuracy: 75.000(80.782), Loss: 0.292(0.470), LR: 0.000088
[GPU cuda:0][TRAIN] Epoch: [10][1800/3100], Elapsed 9m 21s (remain 6m 44s), Accuracy: 100.000(80.872), Loss: 0.111(0.469), LR: 0.000088
[GPU cuda:0][TRAIN] Epoch: [10][1850/3100], Elapsed 9m 36s (remain 6m 29s), Accuracy: 75.000(80.848), Loss: 0.451(0.471), LR: 0.000088
[GPU cuda:0][TRAIN] Epoch: [10][1900/3100], Elapsed 9m 52s (remain 6m 13s), Accuracy: 75.000(80.984), Loss: 0.665(0.470), LR: 0.000088
[GPU cuda:0][TRAIN] Epoch: [10][1950/3100], Elapsed 10m 7s (remain 5m 57s), Accuracy: 100.000(80.946), Loss: 0.084(0.470), LR: 0.000088
[GPU cuda:0][TRAIN] Epoch: [10][2000/3100], Elapsed 10m 23s (remain 5m 42s), Accuracy: 75.000(80.960), Loss: 0.272(0.470), LR: 0.000088
[GPU cuda:0][TRAIN] Epoch: [10][2050/3100], Elapsed 10m 38s (remain 5m 26s), Accuracy: 75.000(81.095), Loss: 0.292(0.467), LR: 0.000088
[GPU cuda:0][TRAIN] Epoch: [10][2100/3100], Elapsed 10m 54s (remain 5m 11s), Accuracy: 75.000(81.140), Loss: 1.640(0.467), LR: 0.000087
[GPU cuda:0][TRAIN] Epoch: [10][2150/3100], Elapsed 11m 9s (remain 4m 55s), Accuracy: 75.000(81.206), Loss: 1.028(0.466), LR: 0.000087
[GPU cuda:0][TRAIN] Epoch: [10][2200/3100], Elapsed 11m 25s (remain 4m 39s), Accuracy: 75.000(81.134), Loss: 0.875(0.467), LR: 0.000087
[GPU cuda:0][TRAIN] Epoch: [10][2250/3100], Elapsed 11m 40s (remain 4m 24s), Accuracy: 75.000(81.275), Loss: 0.224(0.464), LR: 0.000087
[GPU cuda:0][TRAIN] Epoch: [10][2300/3100], Elapsed 11m 56s (remain 4m 8s), Accuracy: 75.000(81.291), Loss: 0.283(0.463), LR: 0.000087
[GPU cuda:0][TRAIN] Epoch: [10][2350/3100], Elapsed 12m 11s (remain 3m 53s), Accuracy: 75.000(81.263), Loss: 0.659(0.464), LR: 0.000087
[GPU cuda:0][TRAIN] Epoch: [10][2400/3100], Elapsed 12m 27s (remain 3m 37s), Accuracy: 50.000(81.227), Loss: 0.957(0.465), LR: 0.000087
[GPU cuda:0][TRAIN] Epoch: [10][2450/3100], Elapsed 12m 43s (remain 3m 22s), Accuracy: 50.000(81.181), Loss: 0.608(0.466), LR: 0.000087
[GPU cuda:0][TRAIN] Epoch: [10][2500/3100], Elapsed 12m 58s (remain 3m 6s), Accuracy: 50.000(81.148), Loss: 0.931(0.467), LR: 0.000087
[GPU cuda:0][TRAIN] Epoch: [10][2550/3100], Elapsed 13m 14s (remain 2m 50s), Accuracy: 75.000(81.145), Loss: 0.523(0.467), LR: 0.000087
[GPU cuda:0][TRAIN] Epoch: [10][2600/3100], Elapsed 13m 29s (remain 2m 35s), Accuracy: 75.000(81.305), Loss: 0.816(0.463), LR: 0.000087
[GPU cuda:0][TRAIN] Epoch: [10][2650/3100], Elapsed 13m 45s (remain 2m 19s), Accuracy: 100.000(81.366), Loss: 0.469(0.463), LR: 0.000086
[GPU cuda:0][TRAIN] Epoch: [10][2700/3100], Elapsed 14m 0s (remain 2m 4s), Accuracy: 75.000(81.405), Loss: 0.466(0.462), LR: 0.000086
[GPU cuda:0][TRAIN] Epoch: [10][2750/3100], Elapsed 14m 16s (remain 1m 48s), Accuracy: 50.000(81.425), Loss: 0.751(0.462), LR: 0.000086
[GPU cuda:0][TRAIN] Epoch: [10][2800/3100], Elapsed 14m 32s (remain 1m 33s), Accuracy: 50.000(81.346), Loss: 0.854(0.464), LR: 0.000086
[GPU cuda:0][TRAIN] Epoch: [10][2850/3100], Elapsed 14m 47s (remain 1m 17s), Accuracy: 75.000(81.357), Loss: 0.927(0.464), LR: 0.000086
[GPU cuda:0][TRAIN] Epoch: [10][2900/3100], Elapsed 15m 3s (remain 1m 1s), Accuracy: 75.000(81.308), Loss: 0.562(0.466), LR: 0.000086
[GPU cuda:0][TRAIN] Epoch: [10][2950/3100], Elapsed 15m 18s (remain 0m 46s), Accuracy: 75.000(81.294), Loss: 0.398(0.466), LR: 0.000086
[GPU cuda:0][TRAIN] Epoch: [10][3000/3100], Elapsed 15m 34s (remain 0m 30s), Accuracy: 50.000(81.365), Loss: 0.829(0.464), LR: 0.000086
[GPU cuda:0][TRAIN] Epoch: [10][3050/3100], Elapsed 15m 50s (remain 0m 15s), Accuracy: 100.000(81.441), Loss: 0.099(0.462), LR: 0.000086
[GPU cuda:0][TRAIN] Epoch: [10][3099/3100], Elapsed 16m 5s (remain 0m 0s), Accuracy: 25.000(81.444), Loss: 2.557(0.463), LR: 0.000086
[GPU cuda:0][VALID][0/97], Elapsed 0m 1s (remain 2m 17s), Accuracy: 75.000(75.000), Batch Loss: 0.8643, Average Loss: 0.8643
[GPU cuda:0][VALID][50/97], Elapsed 0m 46s (remain 0m 42s), Accuracy: 78.125(71.507), Batch Loss: 0.4281, Average Loss: 0.8496
[GPU cuda:0][VALID][96/97], Elapsed 1m 28s (remain 0m 0s), Accuracy: 71.429(71.194), Batch Loss: 0.4863, Average Loss: 0.8579
Valid Labels Samples: [2 0 1 4 1 0 3 1 4 3]
Valid Predictions Samples: [2, 0, 1, 3, 1, 0, 3, 1, 3, 0]
Epoch 10 - Train Average Loss: 81.444, Valid Average Loss: 71.194, Epoch Time: 1056.509s
Epoch 10 - Accuracy: 0.712, Precision: 0.719, Recall: 0.712
