[GPU 1]: Config File
{'id': 35, 'model_name': 'swin_large_patch4_window12_384_in22k', 'dropout': 0.5, 'size': 384, 'batch_size_t': 5, 'batch_size_v': 8, 'n_targets': 5, 'criterion': 'CrossEntropyLoss', 'gradient_accumulation_steps': 1, 'max_gradient_norm': None, 'optimizer': 'AdamW', 'scheduler': 'OneCycleLR', 'LR': 7e-06, 'T_0': 200, 'T_max': 10, 'T_mult': 2, 'min_lr': 1e-06, 'max_lr': 3.5e-05, 'no_batches': 2480, 'warmup_epochs': 1, 'cosine_epochs': 14, 'epochs': 15, 'update_per_batch': True, 'num_workers': 4, 'n_folds': 5, 'train_transforms': [HorizontalFlip(always_apply=False, p=0.5), VerticalFlip(always_apply=False, p=0.5), RandomRotate90(always_apply=False, p=0.5)], 'valid_transforms': [], 'observations': None, 'use_swa': True, 'swa_lr': 0.01, 'swa_epoch': 0, 'use_sam': True, 'use_asam': True, 'asam_rho': 0.1, 'print_freq': 50, 'one_fold': True, 'use_apex': True, 'distributed_training': False, 'save_to_log': True}
================================================== Training Fold: 0 ==================================================
[GPU cuda:1][TRAIN] Epoch: [1][0/2480], Elapsed 0m 0s (remain 21m 28s), Accuracy: 0.000(0.000), Loss: 1.750(1.750), LR: 0.000001
[GPU cuda:1][TRAIN] Epoch: [1][50/2480], Elapsed 0m 14s (remain 11m 26s), Accuracy: 40.000(16.078), Loss: 1.544(1.670), LR: 0.000001
[GPU cuda:1][TRAIN] Epoch: [1][100/2480], Elapsed 0m 28s (remain 11m 8s), Accuracy: 20.000(19.010), Loss: 1.512(1.645), LR: 0.000001
[GPU cuda:1][TRAIN] Epoch: [1][150/2480], Elapsed 0m 42s (remain 10m 55s), Accuracy: 20.000(19.735), Loss: 1.661(1.639), LR: 0.000001
[GPU cuda:1][TRAIN] Epoch: [1][200/2480], Elapsed 0m 56s (remain 10m 41s), Accuracy: 0.000(19.005), Loss: 1.698(1.635), LR: 0.000001
[GPU cuda:1][TRAIN] Epoch: [1][250/2480], Elapsed 1m 10s (remain 10m 28s), Accuracy: 0.000(20.239), Loss: 1.575(1.627), LR: 0.000001
[GPU cuda:1][TRAIN] Epoch: [1][300/2480], Elapsed 1m 24s (remain 10m 14s), Accuracy: 20.000(21.528), Loss: 1.617(1.618), LR: 0.000001
[GPU cuda:1][TRAIN] Epoch: [1][350/2480], Elapsed 1m 38s (remain 10m 0s), Accuracy: 40.000(22.165), Loss: 1.512(1.614), LR: 0.000001
[GPU cuda:1][TRAIN] Epoch: [1][400/2480], Elapsed 1m 53s (remain 9m 46s), Accuracy: 20.000(22.494), Loss: 1.556(1.610), LR: 0.000002
[GPU cuda:1][TRAIN] Epoch: [1][450/2480], Elapsed 2m 7s (remain 9m 32s), Accuracy: 40.000(22.838), Loss: 1.488(1.608), LR: 0.000002
[GPU cuda:1][TRAIN] Epoch: [1][500/2480], Elapsed 2m 21s (remain 9m 18s), Accuracy: 0.000(22.994), Loss: 1.635(1.606), LR: 0.000002
[GPU cuda:1][TRAIN] Epoch: [1][550/2480], Elapsed 2m 35s (remain 9m 4s), Accuracy: 20.000(23.666), Loss: 1.551(1.601), LR: 0.000002
[GPU cuda:1][TRAIN] Epoch: [1][600/2480], Elapsed 2m 49s (remain 8m 50s), Accuracy: 60.000(24.592), Loss: 1.364(1.594), LR: 0.000002
[GPU cuda:1][TRAIN] Epoch: [1][650/2480], Elapsed 3m 3s (remain 8m 36s), Accuracy: 20.000(25.346), Loss: 1.534(1.590), LR: 0.000002
[GPU cuda:1][TRAIN] Epoch: [1][700/2480], Elapsed 3m 17s (remain 8m 22s), Accuracy: 60.000(25.934), Loss: 1.519(1.586), LR: 0.000002
[GPU cuda:1][TRAIN] Epoch: [1][750/2480], Elapsed 3m 31s (remain 8m 8s), Accuracy: 20.000(26.205), Loss: 1.480(1.583), LR: 0.000002
[GPU cuda:1][TRAIN] Epoch: [1][800/2480], Elapsed 3m 46s (remain 7m 53s), Accuracy: 40.000(27.041), Loss: 1.495(1.576), LR: 0.000002
[GPU cuda:1][TRAIN] Epoch: [1][850/2480], Elapsed 4m 0s (remain 7m 39s), Accuracy: 20.000(27.897), Loss: 1.883(1.570), LR: 0.000002
[GPU cuda:1][TRAIN] Epoch: [1][900/2480], Elapsed 4m 14s (remain 7m 25s), Accuracy: 20.000(28.502), Loss: 1.369(1.562), LR: 0.000002
[GPU cuda:1][TRAIN] Epoch: [1][950/2480], Elapsed 4m 28s (remain 7m 11s), Accuracy: 40.000(29.401), Loss: 1.427(1.553), LR: 0.000002
[GPU cuda:1][TRAIN] Epoch: [1][1000/2480], Elapsed 4m 42s (remain 6m 57s), Accuracy: 0.000(30.130), Loss: 1.577(1.543), LR: 0.000002
[GPU cuda:1][TRAIN] Epoch: [1][1050/2480], Elapsed 4m 56s (remain 6m 43s), Accuracy: 20.000(30.923), Loss: 1.557(1.533), LR: 0.000002
[GPU cuda:1][TRAIN] Epoch: [1][1100/2480], Elapsed 5m 10s (remain 6m 29s), Accuracy: 40.000(31.571), Loss: 1.383(1.521), LR: 0.000002
[GPU cuda:1][TRAIN] Epoch: [1][1150/2480], Elapsed 5m 24s (remain 6m 15s), Accuracy: 60.000(31.990), Loss: 0.994(1.512), LR: 0.000002
[GPU cuda:1][TRAIN] Epoch: [1][1200/2480], Elapsed 5m 38s (remain 6m 1s), Accuracy: 100.000(32.556), Loss: 0.922(1.501), LR: 0.000002
[GPU cuda:1][TRAIN] Epoch: [1][1250/2480], Elapsed 5m 53s (remain 5m 46s), Accuracy: 40.000(33.205), Loss: 1.178(1.491), LR: 0.000002
[GPU cuda:1][TRAIN] Epoch: [1][1300/2480], Elapsed 6m 7s (remain 5m 32s), Accuracy: 20.000(33.805), Loss: 1.512(1.478), LR: 0.000003
[GPU cuda:1][TRAIN] Epoch: [1][1350/2480], Elapsed 6m 21s (remain 5m 18s), Accuracy: 20.000(34.256), Loss: 1.286(1.467), LR: 0.000003
[GPU cuda:1][TRAIN] Epoch: [1][1400/2480], Elapsed 6m 35s (remain 5m 4s), Accuracy: 60.000(34.632), Loss: 0.870(1.457), LR: 0.000003
[GPU cuda:1][TRAIN] Epoch: [1][1450/2480], Elapsed 6m 49s (remain 4m 50s), Accuracy: 60.000(35.217), Loss: 1.048(1.448), LR: 0.000003
[GPU cuda:1][TRAIN] Epoch: [1][1500/2480], Elapsed 7m 3s (remain 4m 36s), Accuracy: 100.000(35.630), Loss: 0.569(1.437), LR: 0.000003
[GPU cuda:1][TRAIN] Epoch: [1][1550/2480], Elapsed 7m 17s (remain 4m 22s), Accuracy: 20.000(36.054), Loss: 1.425(1.427), LR: 0.000003
[GPU cuda:1][TRAIN] Epoch: [1][1600/2480], Elapsed 7m 32s (remain 4m 8s), Accuracy: 100.000(36.627), Loss: 0.823(1.416), LR: 0.000003
[GPU cuda:1][TRAIN] Epoch: [1][1650/2480], Elapsed 7m 46s (remain 3m 54s), Accuracy: 60.000(37.262), Loss: 0.709(1.402), LR: 0.000003
[GPU cuda:1][TRAIN] Epoch: [1][1700/2480], Elapsed 8m 0s (remain 3m 39s), Accuracy: 60.000(37.766), Loss: 0.850(1.390), LR: 0.000003
[GPU cuda:1][TRAIN] Epoch: [1][1750/2480], Elapsed 8m 14s (remain 3m 25s), Accuracy: 20.000(38.310), Loss: 2.009(1.381), LR: 0.000003
[GPU cuda:1][TRAIN] Epoch: [1][1800/2480], Elapsed 8m 28s (remain 3m 11s), Accuracy: 60.000(38.801), Loss: 0.962(1.371), LR: 0.000004
[GPU cuda:1][TRAIN] Epoch: [1][1850/2480], Elapsed 8m 42s (remain 2m 57s), Accuracy: 80.000(39.136), Loss: 0.994(1.362), LR: 0.000004
[GPU cuda:1][TRAIN] Epoch: [1][1900/2480], Elapsed 8m 56s (remain 2m 43s), Accuracy: 60.000(39.548), Loss: 0.815(1.354), LR: 0.000004
[GPU cuda:1][TRAIN] Epoch: [1][1950/2480], Elapsed 9m 11s (remain 2m 29s), Accuracy: 60.000(39.785), Loss: 1.057(1.350), LR: 0.000004
[GPU cuda:1][TRAIN] Epoch: [1][2000/2480], Elapsed 9m 25s (remain 2m 15s), Accuracy: 20.000(40.280), Loss: 1.251(1.341), LR: 0.000004
[GPU cuda:1][TRAIN] Epoch: [1][2050/2480], Elapsed 9m 39s (remain 2m 1s), Accuracy: 20.000(40.527), Loss: 1.588(1.335), LR: 0.000004
[GPU cuda:1][TRAIN] Epoch: [1][2100/2480], Elapsed 9m 53s (remain 1m 47s), Accuracy: 40.000(41.009), Loss: 1.151(1.326), LR: 0.000004
[GPU cuda:1][TRAIN] Epoch: [1][2150/2480], Elapsed 10m 7s (remain 1m 32s), Accuracy: 40.000(41.497), Loss: 1.334(1.318), LR: 0.000004
[GPU cuda:1][TRAIN] Epoch: [1][2200/2480], Elapsed 10m 21s (remain 1m 18s), Accuracy: 80.000(41.836), Loss: 0.875(1.310), LR: 0.000005
[GPU cuda:1][TRAIN] Epoch: [1][2250/2480], Elapsed 10m 36s (remain 1m 4s), Accuracy: 40.000(42.106), Loss: 1.237(1.304), LR: 0.000005
[GPU cuda:1][TRAIN] Epoch: [1][2300/2480], Elapsed 10m 50s (remain 0m 50s), Accuracy: 40.000(42.477), Loss: 0.981(1.295), LR: 0.000005
[GPU cuda:1][TRAIN] Epoch: [1][2350/2480], Elapsed 11m 4s (remain 0m 36s), Accuracy: 80.000(42.824), Loss: 0.778(1.289), LR: 0.000005
[GPU cuda:1][TRAIN] Epoch: [1][2400/2480], Elapsed 11m 18s (remain 0m 22s), Accuracy: 20.000(43.165), Loss: 1.344(1.282), LR: 0.000005
[GPU cuda:1][TRAIN] Epoch: [1][2450/2480], Elapsed 11m 32s (remain 0m 8s), Accuracy: 80.000(43.582), Loss: 0.906(1.274), LR: 0.000005
[GPU cuda:1][TRAIN] Epoch: [1][2479/2480], Elapsed 11m 41s (remain 0m 0s), Accuracy: 40.000(43.718), Loss: 1.864(1.271), LR: 0.000005
[GPU cuda:1][VALID][0/388], Elapsed 0m 0s (remain 3m 23s), Accuracy: 50.000(50.000), Batch Loss: 0.8376, Average Loss: 0.8376
[GPU cuda:1][VALID][50/388], Elapsed 0m 12s (remain 1m 23s), Accuracy: 62.500(64.461), Batch Loss: 0.9307, Average Loss: 0.8672
[GPU cuda:1][VALID][100/388], Elapsed 0m 24s (remain 1m 10s), Accuracy: 50.000(62.252), Batch Loss: 1.2529, Average Loss: 0.8813
[GPU cuda:1][VALID][150/388], Elapsed 0m 36s (remain 0m 57s), Accuracy: 37.500(61.093), Batch Loss: 1.2606, Average Loss: 0.9004
[GPU cuda:1][VALID][200/388], Elapsed 0m 49s (remain 0m 45s), Accuracy: 75.000(60.510), Batch Loss: 0.5699, Average Loss: 0.9114
[GPU cuda:1][VALID][250/388], Elapsed 1m 1s (remain 0m 33s), Accuracy: 37.500(60.159), Batch Loss: 1.3302, Average Loss: 0.9126
[GPU cuda:1][VALID][300/388], Elapsed 1m 13s (remain 0m 21s), Accuracy: 37.500(60.133), Batch Loss: 1.2390, Average Loss: 0.9116
[GPU cuda:1][VALID][350/388], Elapsed 1m 26s (remain 0m 9s), Accuracy: 62.500(60.185), Batch Loss: 0.7764, Average Loss: 0.9097
[GPU cuda:1][VALID][387/388], Elapsed 1m 35s (remain 0m 0s), Accuracy: 0.000(60.245), Batch Loss: 1.6529, Average Loss: 0.9079
Valid Labels Samples: [2 0 1 4 1 0 3 1 4 3]
Valid Predictions Samples: [2, 0, 2, 4, 1, 1, 4, 2, 4, 0]
Epoch 1 - Train Average Loss: 43.718, Valid Average Loss: 60.245, Epoch Time: 798.104s
Epoch 1 - Accuracy: 0.603, Precision: 0.639, Recall: 0.603
Saved Best Model: 0.60
[GPU cuda:1][TRAIN] Epoch: [2][0/2480], Elapsed 0m 0s (remain 27m 2s), Accuracy: 60.000(60.000), Loss: 1.037(1.037), LR: 0.000005
[GPU cuda:1][TRAIN] Epoch: [2][50/2480], Elapsed 0m 15s (remain 11m 57s), Accuracy: 40.000(61.961), Loss: 0.947(0.859), LR: 0.000005
[GPU cuda:1][TRAIN] Epoch: [2][100/2480], Elapsed 0m 29s (remain 11m 31s), Accuracy: 60.000(60.198), Loss: 1.171(0.924), LR: 0.000006
[GPU cuda:1][TRAIN] Epoch: [2][150/2480], Elapsed 0m 43s (remain 11m 12s), Accuracy: 60.000(58.543), Loss: 1.047(0.943), LR: 0.000006
[GPU cuda:1][TRAIN] Epoch: [2][200/2480], Elapsed 0m 57s (remain 10m 55s), Accuracy: 60.000(57.512), Loss: 0.748(0.965), LR: 0.000006
[GPU cuda:1][TRAIN] Epoch: [2][250/2480], Elapsed 1m 11s (remain 10m 39s), Accuracy: 40.000(57.689), Loss: 0.659(0.959), LR: 0.000006
[GPU cuda:1][TRAIN] Epoch: [2][300/2480], Elapsed 1m 26s (remain 10m 24s), Accuracy: 40.000(58.405), Loss: 1.382(0.952), LR: 0.000006
[GPU cuda:1][TRAIN] Epoch: [2][350/2480], Elapsed 1m 40s (remain 10m 9s), Accuracy: 80.000(58.689), Loss: 0.540(0.948), LR: 0.000006
[GPU cuda:1][TRAIN] Epoch: [2][400/2480], Elapsed 1m 54s (remain 9m 54s), Accuracy: 60.000(59.401), Loss: 0.716(0.939), LR: 0.000007
[GPU cuda:1][TRAIN] Epoch: [2][450/2480], Elapsed 2m 8s (remain 9m 39s), Accuracy: 60.000(59.645), Loss: 1.057(0.936), LR: 0.000007
[GPU cuda:1][TRAIN] Epoch: [2][500/2480], Elapsed 2m 23s (remain 9m 25s), Accuracy: 0.000(59.601), Loss: 1.844(0.937), LR: 0.000007
[GPU cuda:1][TRAIN] Epoch: [2][550/2480], Elapsed 2m 37s (remain 9m 10s), Accuracy: 60.000(59.601), Loss: 0.492(0.940), LR: 0.000007
[GPU cuda:1][TRAIN] Epoch: [2][600/2480], Elapsed 2m 51s (remain 8m 56s), Accuracy: 100.000(59.900), Loss: 0.112(0.936), LR: 0.000007
[GPU cuda:1][TRAIN] Epoch: [2][650/2480], Elapsed 3m 5s (remain 8m 41s), Accuracy: 100.000(60.154), Loss: 0.239(0.932), LR: 0.000008
[GPU cuda:1][TRAIN] Epoch: [2][700/2480], Elapsed 3m 19s (remain 8m 27s), Accuracy: 80.000(59.971), Loss: 0.648(0.939), LR: 0.000008
[GPU cuda:1][TRAIN] Epoch: [2][750/2480], Elapsed 3m 34s (remain 8m 13s), Accuracy: 60.000(59.893), Loss: 0.803(0.940), LR: 0.000008
[GPU cuda:1][TRAIN] Epoch: [2][800/2480], Elapsed 3m 48s (remain 7m 58s), Accuracy: 40.000(60.250), Loss: 0.783(0.934), LR: 0.000008
[GPU cuda:1][TRAIN] Epoch: [2][850/2480], Elapsed 4m 2s (remain 7m 44s), Accuracy: 40.000(60.447), Loss: 1.174(0.930), LR: 0.000008
[GPU cuda:1][TRAIN] Epoch: [2][900/2480], Elapsed 4m 16s (remain 7m 30s), Accuracy: 80.000(60.755), Loss: 1.304(0.925), LR: 0.000008
[GPU cuda:1][TRAIN] Epoch: [2][950/2480], Elapsed 4m 31s (remain 7m 15s), Accuracy: 80.000(60.988), Loss: 0.926(0.923), LR: 0.000009
[GPU cuda:1][TRAIN] Epoch: [2][1000/2480], Elapsed 4m 45s (remain 7m 1s), Accuracy: 60.000(61.079), Loss: 1.222(0.921), LR: 0.000009
[GPU cuda:1][TRAIN] Epoch: [2][1050/2480], Elapsed 4m 59s (remain 6m 47s), Accuracy: 20.000(61.085), Loss: 1.495(0.921), LR: 0.000009
[GPU cuda:1][TRAIN] Epoch: [2][1100/2480], Elapsed 5m 13s (remain 6m 33s), Accuracy: 60.000(61.272), Loss: 0.786(0.915), LR: 0.000009
[GPU cuda:1][TRAIN] Epoch: [2][1150/2480], Elapsed 5m 28s (remain 6m 18s), Accuracy: 60.000(61.043), Loss: 0.847(0.917), LR: 0.000009
[GPU cuda:1][TRAIN] Epoch: [2][1200/2480], Elapsed 5m 42s (remain 6m 4s), Accuracy: 80.000(61.132), Loss: 1.156(0.914), LR: 0.000010
[GPU cuda:1][TRAIN] Epoch: [2][1250/2480], Elapsed 5m 56s (remain 5m 50s), Accuracy: 60.000(60.863), Loss: 0.837(0.915), LR: 0.000010
[GPU cuda:1][TRAIN] Epoch: [2][1300/2480], Elapsed 6m 10s (remain 5m 36s), Accuracy: 60.000(61.199), Loss: 1.091(0.910), LR: 0.000010
[GPU cuda:1][TRAIN] Epoch: [2][1350/2480], Elapsed 6m 25s (remain 5m 21s), Accuracy: 100.000(61.421), Loss: 0.214(0.907), LR: 0.000010
[GPU cuda:1][TRAIN] Epoch: [2][1400/2480], Elapsed 6m 39s (remain 5m 7s), Accuracy: 100.000(61.428), Loss: 0.323(0.907), LR: 0.000010
[GPU cuda:1][TRAIN] Epoch: [2][1450/2480], Elapsed 6m 53s (remain 4m 53s), Accuracy: 60.000(61.351), Loss: 0.971(0.909), LR: 0.000011
[GPU cuda:1][TRAIN] Epoch: [2][1500/2480], Elapsed 7m 7s (remain 4m 38s), Accuracy: 100.000(61.332), Loss: 0.187(0.908), LR: 0.000011
[GPU cuda:1][TRAIN] Epoch: [2][1550/2480], Elapsed 7m 21s (remain 4m 24s), Accuracy: 60.000(61.238), Loss: 0.786(0.908), LR: 0.000011
[GPU cuda:1][TRAIN] Epoch: [2][1600/2480], Elapsed 7m 36s (remain 4m 10s), Accuracy: 100.000(61.349), Loss: 0.582(0.906), LR: 0.000011
[GPU cuda:1][TRAIN] Epoch: [2][1650/2480], Elapsed 7m 50s (remain 3m 56s), Accuracy: 80.000(61.623), Loss: 0.445(0.900), LR: 0.000012
[GPU cuda:1][TRAIN] Epoch: [2][1700/2480], Elapsed 8m 4s (remain 3m 41s), Accuracy: 40.000(61.681), Loss: 1.077(0.899), LR: 0.000012
[GPU cuda:1][TRAIN] Epoch: [2][1750/2480], Elapsed 8m 18s (remain 3m 27s), Accuracy: 40.000(61.725), Loss: 1.297(0.899), LR: 0.000012
[GPU cuda:1][TRAIN] Epoch: [2][1800/2480], Elapsed 8m 32s (remain 3m 13s), Accuracy: 40.000(61.766), Loss: 1.985(0.897), LR: 0.000012
[GPU cuda:1][TRAIN] Epoch: [2][1850/2480], Elapsed 8m 47s (remain 2m 59s), Accuracy: 40.000(61.675), Loss: 1.118(0.898), LR: 0.000012
[GPU cuda:1][TRAIN] Epoch: [2][1900/2480], Elapsed 9m 1s (remain 2m 44s), Accuracy: 60.000(61.736), Loss: 0.493(0.897), LR: 0.000013
[GPU cuda:1][TRAIN] Epoch: [2][1950/2480], Elapsed 9m 15s (remain 2m 30s), Accuracy: 40.000(61.661), Loss: 1.055(0.900), LR: 0.000013
[GPU cuda:1][TRAIN] Epoch: [2][2000/2480], Elapsed 9m 29s (remain 2m 16s), Accuracy: 20.000(61.719), Loss: 1.197(0.898), LR: 0.000013
[GPU cuda:1][TRAIN] Epoch: [2][2050/2480], Elapsed 9m 44s (remain 2m 2s), Accuracy: 20.000(61.619), Loss: 1.225(0.900), LR: 0.000013
[GPU cuda:1][TRAIN] Epoch: [2][2100/2480], Elapsed 9m 58s (remain 1m 47s), Accuracy: 80.000(61.799), Loss: 0.719(0.898), LR: 0.000014
[GPU cuda:1][TRAIN] Epoch: [2][2150/2480], Elapsed 10m 12s (remain 1m 33s), Accuracy: 60.000(61.962), Loss: 1.046(0.896), LR: 0.000014
[GPU cuda:1][TRAIN] Epoch: [2][2200/2480], Elapsed 10m 26s (remain 1m 19s), Accuracy: 40.000(61.981), Loss: 1.267(0.895), LR: 0.000014
[GPU cuda:1][TRAIN] Epoch: [2][2250/2480], Elapsed 10m 40s (remain 1m 5s), Accuracy: 60.000(61.964), Loss: 1.027(0.895), LR: 0.000014
[GPU cuda:1][TRAIN] Epoch: [2][2300/2480], Elapsed 10m 55s (remain 0m 50s), Accuracy: 80.000(61.999), Loss: 0.584(0.894), LR: 0.000014
[GPU cuda:1][TRAIN] Epoch: [2][2350/2480], Elapsed 11m 9s (remain 0m 36s), Accuracy: 80.000(61.940), Loss: 0.665(0.896), LR: 0.000015
[GPU cuda:1][TRAIN] Epoch: [2][2400/2480], Elapsed 11m 23s (remain 0m 22s), Accuracy: 80.000(62.049), Loss: 0.942(0.894), LR: 0.000015
[GPU cuda:1][TRAIN] Epoch: [2][2450/2480], Elapsed 11m 37s (remain 0m 8s), Accuracy: 60.000(62.179), Loss: 0.659(0.891), LR: 0.000015
[GPU cuda:1][TRAIN] Epoch: [2][2479/2480], Elapsed 11m 45s (remain 0m 0s), Accuracy: 60.000(62.161), Loss: 1.352(0.892), LR: 0.000015
[GPU cuda:1][VALID][0/388], Elapsed 0m 0s (remain 3m 14s), Accuracy: 100.000(100.000), Batch Loss: 0.2115, Average Loss: 0.2115
[GPU cuda:1][VALID][50/388], Elapsed 0m 12s (remain 1m 22s), Accuracy: 62.500(70.098), Batch Loss: 1.1726, Average Loss: 0.7574
[GPU cuda:1][VALID][100/388], Elapsed 0m 24s (remain 1m 10s), Accuracy: 37.500(69.059), Batch Loss: 1.0510, Average Loss: 0.7542
[GPU cuda:1][VALID][150/388], Elapsed 0m 36s (remain 0m 57s), Accuracy: 37.500(66.474), Batch Loss: 1.6430, Average Loss: 0.8081
[GPU cuda:1][VALID][200/388], Elapsed 0m 49s (remain 0m 45s), Accuracy: 75.000(66.107), Batch Loss: 0.6518, Average Loss: 0.8116
[GPU cuda:1][VALID][250/388], Elapsed 1m 1s (remain 0m 33s), Accuracy: 50.000(65.488), Batch Loss: 1.0955, Average Loss: 0.8265
[GPU cuda:1][VALID][300/388], Elapsed 1m 13s (remain 0m 21s), Accuracy: 50.000(65.324), Batch Loss: 0.9532, Average Loss: 0.8318
[GPU cuda:1][VALID][350/388], Elapsed 1m 25s (remain 0m 9s), Accuracy: 62.500(65.171), Batch Loss: 0.7541, Average Loss: 0.8311
[GPU cuda:1][VALID][387/388], Elapsed 1m 34s (remain 0m 0s), Accuracy: 25.000(65.432), Batch Loss: 1.0221, Average Loss: 0.8249
Valid Labels Samples: [2 0 1 4 1 0 3 1 4 3]
Valid Predictions Samples: [2, 0, 1, 4, 1, 0, 3, 1, 3, 0]
Epoch 2 - Train Average Loss: 62.161, Valid Average Loss: 65.432, Epoch Time: 802.882s
Epoch 2 - Accuracy: 0.655, Precision: 0.698, Recall: 0.655
Saved Best Model: 0.65
[GPU cuda:1][TRAIN] Epoch: [3][0/2480], Elapsed 0m 0s (remain 26m 32s), Accuracy: 80.000(80.000), Loss: 1.030(1.030), LR: 0.000015
[GPU cuda:1][TRAIN] Epoch: [3][50/2480], Elapsed 0m 15s (remain 11m 54s), Accuracy: 60.000(68.627), Loss: 0.896(0.752), LR: 0.000016
[GPU cuda:1][TRAIN] Epoch: [3][100/2480], Elapsed 0m 29s (remain 11m 28s), Accuracy: 80.000(66.139), Loss: 0.873(0.821), LR: 0.000016
[GPU cuda:1][TRAIN] Epoch: [3][150/2480], Elapsed 0m 43s (remain 11m 9s), Accuracy: 40.000(65.033), Loss: 1.099(0.835), LR: 0.000016
[GPU cuda:1][TRAIN] Epoch: [3][200/2480], Elapsed 0m 57s (remain 10m 54s), Accuracy: 60.000(64.577), Loss: 0.852(0.859), LR: 0.000016
[GPU cuda:1][TRAIN] Epoch: [3][250/2480], Elapsed 1m 11s (remain 10m 38s), Accuracy: 60.000(64.861), Loss: 0.481(0.860), LR: 0.000016
[GPU cuda:1][TRAIN] Epoch: [3][300/2480], Elapsed 1m 26s (remain 10m 22s), Accuracy: 0.000(64.850), Loss: 1.490(0.858), LR: 0.000017
[GPU cuda:1][TRAIN] Epoch: [3][350/2480], Elapsed 1m 40s (remain 10m 8s), Accuracy: 100.000(63.704), Loss: 0.448(0.871), LR: 0.000017
[GPU cuda:1][TRAIN] Epoch: [3][400/2480], Elapsed 1m 54s (remain 9m 53s), Accuracy: 80.000(64.040), Loss: 0.689(0.868), LR: 0.000017
[GPU cuda:1][TRAIN] Epoch: [3][450/2480], Elapsed 2m 8s (remain 9m 38s), Accuracy: 60.000(64.390), Loss: 0.863(0.863), LR: 0.000017
[GPU cuda:1][TRAIN] Epoch: [3][500/2480], Elapsed 2m 22s (remain 9m 24s), Accuracy: 40.000(64.671), Loss: 1.389(0.857), LR: 0.000018
[GPU cuda:1][TRAIN] Epoch: [3][550/2480], Elapsed 2m 37s (remain 9m 9s), Accuracy: 100.000(64.283), Loss: 0.306(0.865), LR: 0.000018
[GPU cuda:1][TRAIN] Epoch: [3][600/2480], Elapsed 2m 51s (remain 8m 55s), Accuracy: 100.000(64.226), Loss: 0.119(0.865), LR: 0.000018
[GPU cuda:1][TRAIN] Epoch: [3][650/2480], Elapsed 3m 5s (remain 8m 40s), Accuracy: 100.000(64.393), Loss: 0.181(0.864), LR: 0.000018
[GPU cuda:1][TRAIN] Epoch: [3][700/2480], Elapsed 3m 19s (remain 8m 26s), Accuracy: 60.000(64.080), Loss: 0.590(0.871), LR: 0.000019
[GPU cuda:1][TRAIN] Epoch: [3][750/2480], Elapsed 3m 33s (remain 8m 11s), Accuracy: 100.000(63.862), Loss: 0.362(0.871), LR: 0.000019
[GPU cuda:1][TRAIN] Epoch: [3][800/2480], Elapsed 3m 47s (remain 7m 57s), Accuracy: 80.000(63.995), Loss: 0.439(0.867), LR: 0.000019
[GPU cuda:1][TRAIN] Epoch: [3][850/2480], Elapsed 4m 1s (remain 7m 43s), Accuracy: 60.000(64.371), Loss: 0.912(0.859), LR: 0.000019
[GPU cuda:1][TRAIN] Epoch: [3][900/2480], Elapsed 4m 16s (remain 7m 28s), Accuracy: 60.000(64.440), Loss: 1.115(0.858), LR: 0.000020
[GPU cuda:1][TRAIN] Epoch: [3][950/2480], Elapsed 4m 30s (remain 7m 14s), Accuracy: 40.000(64.311), Loss: 0.993(0.858), LR: 0.000020
[GPU cuda:1][TRAIN] Epoch: [3][1000/2480], Elapsed 4m 44s (remain 7m 0s), Accuracy: 80.000(64.136), Loss: 0.803(0.858), LR: 0.000020
[GPU cuda:1][TRAIN] Epoch: [3][1050/2480], Elapsed 4m 58s (remain 6m 46s), Accuracy: 40.000(64.110), Loss: 1.169(0.857), LR: 0.000020
[GPU cuda:1][TRAIN] Epoch: [3][1100/2480], Elapsed 5m 12s (remain 6m 31s), Accuracy: 80.000(64.142), Loss: 0.653(0.854), LR: 0.000020
[GPU cuda:1][TRAIN] Epoch: [3][1150/2480], Elapsed 5m 27s (remain 6m 17s), Accuracy: 80.000(64.257), Loss: 0.616(0.850), LR: 0.000021
[GPU cuda:1][TRAIN] Epoch: [3][1200/2480], Elapsed 5m 41s (remain 6m 3s), Accuracy: 100.000(64.530), Loss: 0.611(0.847), LR: 0.000021
[GPU cuda:1][TRAIN] Epoch: [3][1250/2480], Elapsed 5m 55s (remain 5m 49s), Accuracy: 40.000(64.269), Loss: 0.884(0.851), LR: 0.000021
[GPU cuda:1][TRAIN] Epoch: [3][1300/2480], Elapsed 6m 9s (remain 5m 34s), Accuracy: 60.000(64.489), Loss: 0.795(0.846), LR: 0.000021
[GPU cuda:1][TRAIN] Epoch: [3][1350/2480], Elapsed 6m 23s (remain 5m 20s), Accuracy: 100.000(64.560), Loss: 0.275(0.844), LR: 0.000022
[GPU cuda:1][TRAIN] Epoch: [3][1400/2480], Elapsed 6m 37s (remain 5m 6s), Accuracy: 80.000(64.483), Loss: 0.471(0.845), LR: 0.000022
[GPU cuda:1][TRAIN] Epoch: [3][1450/2480], Elapsed 6m 51s (remain 4m 52s), Accuracy: 60.000(64.438), Loss: 0.792(0.845), LR: 0.000022
[GPU cuda:1][TRAIN] Epoch: [3][1500/2480], Elapsed 7m 6s (remain 4m 37s), Accuracy: 100.000(64.477), Loss: 0.276(0.845), LR: 0.000022
[GPU cuda:1][TRAIN] Epoch: [3][1550/2480], Elapsed 7m 20s (remain 4m 23s), Accuracy: 80.000(64.487), Loss: 0.750(0.845), LR: 0.000023
[GPU cuda:1][TRAIN] Epoch: [3][1600/2480], Elapsed 7m 34s (remain 4m 9s), Accuracy: 100.000(64.635), Loss: 0.340(0.842), LR: 0.000023
[GPU cuda:1][TRAIN] Epoch: [3][1650/2480], Elapsed 7m 48s (remain 3m 55s), Accuracy: 80.000(64.846), Loss: 0.457(0.837), LR: 0.000023
[GPU cuda:1][TRAIN] Epoch: [3][1700/2480], Elapsed 8m 2s (remain 3m 41s), Accuracy: 60.000(64.868), Loss: 0.719(0.838), LR: 0.000023
[GPU cuda:1][TRAIN] Epoch: [3][1750/2480], Elapsed 8m 16s (remain 3m 26s), Accuracy: 40.000(64.889), Loss: 1.338(0.838), LR: 0.000023
[GPU cuda:1][TRAIN] Epoch: [3][1800/2480], Elapsed 8m 31s (remain 3m 12s), Accuracy: 60.000(64.942), Loss: 0.922(0.836), LR: 0.000024
[GPU cuda:1][TRAIN] Epoch: [3][1850/2480], Elapsed 8m 45s (remain 2m 58s), Accuracy: 40.000(64.808), Loss: 1.092(0.837), LR: 0.000024
[GPU cuda:1][TRAIN] Epoch: [3][1900/2480], Elapsed 8m 59s (remain 2m 44s), Accuracy: 40.000(64.787), Loss: 0.797(0.838), LR: 0.000024
[GPU cuda:1][TRAIN] Epoch: [3][1950/2480], Elapsed 9m 13s (remain 2m 30s), Accuracy: 40.000(64.634), Loss: 0.819(0.840), LR: 0.000024
[GPU cuda:1][TRAIN] Epoch: [3][2000/2480], Elapsed 9m 27s (remain 2m 15s), Accuracy: 40.000(64.678), Loss: 1.105(0.838), LR: 0.000025
[GPU cuda:1][TRAIN] Epoch: [3][2050/2480], Elapsed 9m 41s (remain 2m 1s), Accuracy: 20.000(64.456), Loss: 1.386(0.843), LR: 0.000025
[GPU cuda:1][TRAIN] Epoch: [3][2100/2480], Elapsed 9m 55s (remain 1m 47s), Accuracy: 80.000(64.636), Loss: 0.559(0.840), LR: 0.000025
[GPU cuda:1][TRAIN] Epoch: [3][2150/2480], Elapsed 10m 9s (remain 1m 33s), Accuracy: 40.000(64.723), Loss: 0.940(0.838), LR: 0.000025
[GPU cuda:1][TRAIN] Epoch: [3][2200/2480], Elapsed 10m 24s (remain 1m 19s), Accuracy: 60.000(64.743), Loss: 0.681(0.838), LR: 0.000025
[GPU cuda:1][TRAIN] Epoch: [3][2250/2480], Elapsed 10m 38s (remain 1m 4s), Accuracy: 60.000(64.718), Loss: 0.749(0.839), LR: 0.000026
[GPU cuda:1][TRAIN] Epoch: [3][2300/2480], Elapsed 10m 52s (remain 0m 50s), Accuracy: 80.000(64.746), Loss: 0.516(0.838), LR: 0.000026
[GPU cuda:1][TRAIN] Epoch: [3][2350/2480], Elapsed 11m 6s (remain 0m 36s), Accuracy: 80.000(64.704), Loss: 0.848(0.840), LR: 0.000026
[GPU cuda:1][TRAIN] Epoch: [3][2400/2480], Elapsed 11m 20s (remain 0m 22s), Accuracy: 40.000(64.740), Loss: 1.000(0.839), LR: 0.000026
[GPU cuda:1][TRAIN] Epoch: [3][2450/2480], Elapsed 11m 34s (remain 0m 8s), Accuracy: 80.000(64.880), Loss: 0.411(0.836), LR: 0.000026
[GPU cuda:1][TRAIN] Epoch: [3][2479/2480], Elapsed 11m 42s (remain 0m 0s), Accuracy: 40.000(64.831), Loss: 1.628(0.838), LR: 0.000027
[GPU cuda:1][VALID][0/388], Elapsed 0m 0s (remain 3m 17s), Accuracy: 75.000(75.000), Batch Loss: 0.5971, Average Loss: 0.5971
[GPU cuda:1][VALID][50/388], Elapsed 0m 12s (remain 1m 22s), Accuracy: 87.500(68.873), Batch Loss: 0.7394, Average Loss: 0.7588
[GPU cuda:1][VALID][100/388], Elapsed 0m 24s (remain 1m 9s), Accuracy: 50.000(67.450), Batch Loss: 1.0886, Average Loss: 0.7621
[GPU cuda:1][VALID][150/388], Elapsed 0m 36s (remain 0m 57s), Accuracy: 62.500(65.811), Batch Loss: 1.3935, Average Loss: 0.7921
[GPU cuda:1][VALID][200/388], Elapsed 0m 48s (remain 0m 45s), Accuracy: 87.500(66.294), Batch Loss: 0.3743, Average Loss: 0.7836
[GPU cuda:1][VALID][250/388], Elapsed 1m 1s (remain 0m 33s), Accuracy: 50.000(65.538), Batch Loss: 1.0181, Average Loss: 0.7971
[GPU cuda:1][VALID][300/388], Elapsed 1m 13s (remain 0m 21s), Accuracy: 62.500(65.532), Batch Loss: 0.9064, Average Loss: 0.8000
[GPU cuda:1][VALID][350/388], Elapsed 1m 25s (remain 0m 9s), Accuracy: 62.500(65.349), Batch Loss: 0.7705, Average Loss: 0.8010
[GPU cuda:1][VALID][387/388], Elapsed 1m 34s (remain 0m 0s), Accuracy: 100.000(65.335), Batch Loss: 0.6988, Average Loss: 0.7977
Valid Labels Samples: [2 0 1 4 1 0 3 1 4 3]
Valid Predictions Samples: [2, 0, 1, 4, 2, 0, 4, 1, 3, 0]
Epoch 3 - Train Average Loss: 64.831, Valid Average Loss: 65.335, Epoch Time: 799.388s
Epoch 3 - Accuracy: 0.653, Precision: 0.650, Recall: 0.653
[GPU cuda:1][TRAIN] Epoch: [4][0/2480], Elapsed 0m 0s (remain 26m 27s), Accuracy: 80.000(80.000), Loss: 0.713(0.713), LR: 0.000027
[GPU cuda:1][TRAIN] Epoch: [4][50/2480], Elapsed 0m 14s (remain 11m 52s), Accuracy: 60.000(67.451), Loss: 0.830(0.712), LR: 0.000027
[GPU cuda:1][TRAIN] Epoch: [4][100/2480], Elapsed 0m 29s (remain 11m 26s), Accuracy: 80.000(66.931), Loss: 0.750(0.773), LR: 0.000027
[GPU cuda:1][TRAIN] Epoch: [4][150/2480], Elapsed 0m 43s (remain 11m 7s), Accuracy: 60.000(66.490), Loss: 0.878(0.779), LR: 0.000027
[GPU cuda:1][TRAIN] Epoch: [4][200/2480], Elapsed 0m 57s (remain 10m 51s), Accuracy: 60.000(66.766), Loss: 0.995(0.801), LR: 0.000027
[GPU cuda:1][TRAIN] Epoch: [4][250/2480], Elapsed 1m 11s (remain 10m 36s), Accuracy: 60.000(66.853), Loss: 0.493(0.807), LR: 0.000028
[GPU cuda:1][TRAIN] Epoch: [4][300/2480], Elapsed 1m 25s (remain 10m 21s), Accuracy: 20.000(66.578), Loss: 1.406(0.808), LR: 0.000028
[GPU cuda:1][TRAIN] Epoch: [4][350/2480], Elapsed 1m 39s (remain 10m 6s), Accuracy: 80.000(66.097), Loss: 0.726(0.815), LR: 0.000028
[GPU cuda:1][TRAIN] Epoch: [4][400/2480], Elapsed 1m 54s (remain 9m 51s), Accuracy: 60.000(66.234), Loss: 0.719(0.812), LR: 0.000028
[GPU cuda:1][TRAIN] Epoch: [4][450/2480], Elapsed 2m 8s (remain 9m 37s), Accuracy: 60.000(66.475), Loss: 1.628(0.814), LR: 0.000028
[GPU cuda:1][TRAIN] Epoch: [4][500/2480], Elapsed 2m 22s (remain 9m 22s), Accuracy: 40.000(66.866), Loss: 1.282(0.807), LR: 0.000029
[GPU cuda:1][TRAIN] Epoch: [4][550/2480], Elapsed 2m 36s (remain 9m 8s), Accuracy: 100.000(66.461), Loss: 0.218(0.818), LR: 0.000029
[GPU cuda:1][TRAIN] Epoch: [4][600/2480], Elapsed 2m 50s (remain 8m 54s), Accuracy: 100.000(66.290), Loss: 0.061(0.820), LR: 0.000029
[GPU cuda:1][TRAIN] Epoch: [4][650/2480], Elapsed 3m 4s (remain 8m 39s), Accuracy: 100.000(65.960), Loss: 0.150(0.824), LR: 0.000029
[GPU cuda:1][TRAIN] Epoch: [4][700/2480], Elapsed 3m 19s (remain 8m 25s), Accuracy: 80.000(65.392), Loss: 0.791(0.834), LR: 0.000029
[GPU cuda:1][TRAIN] Epoch: [4][750/2480], Elapsed 3m 33s (remain 8m 11s), Accuracy: 100.000(65.379), Loss: 0.229(0.836), LR: 0.000029
[GPU cuda:1][TRAIN] Epoch: [4][800/2480], Elapsed 3m 47s (remain 7m 57s), Accuracy: 100.000(65.693), Loss: 0.331(0.831), LR: 0.000030
[GPU cuda:1][TRAIN] Epoch: [4][850/2480], Elapsed 4m 1s (remain 7m 42s), Accuracy: 60.000(65.993), Loss: 0.863(0.823), LR: 0.000030
[GPU cuda:1][TRAIN] Epoch: [4][900/2480], Elapsed 4m 15s (remain 7m 28s), Accuracy: 40.000(66.193), Loss: 1.458(0.819), LR: 0.000030
[GPU cuda:1][TRAIN] Epoch: [4][950/2480], Elapsed 4m 30s (remain 7m 14s), Accuracy: 60.000(66.078), Loss: 1.041(0.820), LR: 0.000030
[GPU cuda:1][TRAIN] Epoch: [4][1000/2480], Elapsed 4m 44s (remain 7m 0s), Accuracy: 60.000(65.814), Loss: 0.839(0.819), LR: 0.000030
[GPU cuda:1][TRAIN] Epoch: [4][1050/2480], Elapsed 4m 58s (remain 6m 45s), Accuracy: 40.000(65.690), Loss: 1.057(0.821), LR: 0.000030
[GPU cuda:1][TRAIN] Epoch: [4][1100/2480], Elapsed 5m 12s (remain 6m 31s), Accuracy: 80.000(65.922), Loss: 0.437(0.815), LR: 0.000031
[GPU cuda:1][TRAIN] Epoch: [4][1150/2480], Elapsed 5m 26s (remain 6m 17s), Accuracy: 80.000(65.977), Loss: 0.569(0.811), LR: 0.000031
[GPU cuda:1][TRAIN] Epoch: [4][1200/2480], Elapsed 5m 41s (remain 6m 3s), Accuracy: 60.000(66.295), Loss: 0.820(0.804), LR: 0.000031
[GPU cuda:1][TRAIN] Epoch: [4][1250/2480], Elapsed 5m 55s (remain 5m 49s), Accuracy: 80.000(66.251), Loss: 0.848(0.806), LR: 0.000031
[GPU cuda:1][TRAIN] Epoch: [4][1300/2480], Elapsed 6m 9s (remain 5m 34s), Accuracy: 40.000(66.257), Loss: 1.127(0.805), LR: 0.000031
[GPU cuda:1][TRAIN] Epoch: [4][1350/2480], Elapsed 6m 23s (remain 5m 20s), Accuracy: 100.000(66.247), Loss: 0.491(0.806), LR: 0.000031
[GPU cuda:1][TRAIN] Epoch: [4][1400/2480], Elapsed 6m 37s (remain 5m 6s), Accuracy: 100.000(66.267), Loss: 0.285(0.807), LR: 0.000032
[GPU cuda:1][TRAIN] Epoch: [4][1450/2480], Elapsed 6m 52s (remain 4m 52s), Accuracy: 80.000(66.285), Loss: 0.595(0.807), LR: 0.000032
[GPU cuda:1][TRAIN] Epoch: [4][1500/2480], Elapsed 7m 6s (remain 4m 38s), Accuracy: 100.000(66.462), Loss: 0.182(0.806), LR: 0.000032
[GPU cuda:1][TRAIN] Epoch: [4][1550/2480], Elapsed 7m 20s (remain 4m 23s), Accuracy: 100.000(66.344), Loss: 0.311(0.807), LR: 0.000032
[GPU cuda:1][TRAIN] Epoch: [4][1600/2480], Elapsed 7m 34s (remain 4m 9s), Accuracy: 100.000(66.359), Loss: 0.528(0.806), LR: 0.000032
[GPU cuda:1][TRAIN] Epoch: [4][1650/2480], Elapsed 7m 49s (remain 3m 55s), Accuracy: 80.000(66.529), Loss: 0.365(0.801), LR: 0.000032
[GPU cuda:1][TRAIN] Epoch: [4][1700/2480], Elapsed 8m 3s (remain 3m 41s), Accuracy: 40.000(66.467), Loss: 0.982(0.802), LR: 0.000032
[GPU cuda:1][TRAIN] Epoch: [4][1750/2480], Elapsed 8m 17s (remain 3m 27s), Accuracy: 40.000(66.465), Loss: 0.678(0.802), LR: 0.000032
[GPU cuda:1][TRAIN] Epoch: [4][1800/2480], Elapsed 8m 31s (remain 3m 12s), Accuracy: 60.000(66.585), Loss: 0.832(0.800), LR: 0.000033
[GPU cuda:1][TRAIN] Epoch: [4][1850/2480], Elapsed 8m 45s (remain 2m 58s), Accuracy: 80.000(66.472), Loss: 0.944(0.802), LR: 0.000033
[GPU cuda:1][TRAIN] Epoch: [4][1900/2480], Elapsed 9m 0s (remain 2m 44s), Accuracy: 40.000(66.460), Loss: 0.648(0.802), LR: 0.000033
[GPU cuda:1][TRAIN] Epoch: [4][1950/2480], Elapsed 9m 14s (remain 2m 30s), Accuracy: 80.000(66.335), Loss: 0.680(0.804), LR: 0.000033
[GPU cuda:1][TRAIN] Epoch: [4][2000/2480], Elapsed 9m 28s (remain 2m 16s), Accuracy: 60.000(66.437), Loss: 0.802(0.802), LR: 0.000033
[GPU cuda:1][TRAIN] Epoch: [4][2050/2480], Elapsed 9m 42s (remain 2m 1s), Accuracy: 40.000(66.309), Loss: 1.362(0.805), LR: 0.000033
[GPU cuda:1][TRAIN] Epoch: [4][2100/2480], Elapsed 9m 57s (remain 1m 47s), Accuracy: 80.000(66.530), Loss: 0.568(0.802), LR: 0.000033
[GPU cuda:1][TRAIN] Epoch: [4][2150/2480], Elapsed 10m 11s (remain 1m 33s), Accuracy: 40.000(66.564), Loss: 1.218(0.800), LR: 0.000033
[GPU cuda:1][TRAIN] Epoch: [4][2200/2480], Elapsed 10m 25s (remain 1m 19s), Accuracy: 60.000(66.588), Loss: 0.703(0.799), LR: 0.000033
[GPU cuda:1][TRAIN] Epoch: [4][2250/2480], Elapsed 10m 39s (remain 1m 5s), Accuracy: 60.000(66.566), Loss: 0.885(0.801), LR: 0.000034
[GPU cuda:1][TRAIN] Epoch: [4][2300/2480], Elapsed 10m 54s (remain 0m 50s), Accuracy: 60.000(66.519), Loss: 0.544(0.800), LR: 0.000034
[GPU cuda:1][TRAIN] Epoch: [4][2350/2480], Elapsed 11m 8s (remain 0m 36s), Accuracy: 60.000(66.550), Loss: 0.699(0.800), LR: 0.000034
[GPU cuda:1][TRAIN] Epoch: [4][2400/2480], Elapsed 11m 22s (remain 0m 22s), Accuracy: 80.000(66.647), Loss: 0.820(0.798), LR: 0.000034
[GPU cuda:1][TRAIN] Epoch: [4][2450/2480], Elapsed 11m 36s (remain 0m 8s), Accuracy: 100.000(66.765), Loss: 0.315(0.796), LR: 0.000034
[GPU cuda:1][TRAIN] Epoch: [4][2479/2480], Elapsed 11m 44s (remain 0m 0s), Accuracy: 40.000(66.758), Loss: 1.774(0.796), LR: 0.000034
[GPU cuda:1][VALID][0/388], Elapsed 0m 0s (remain 3m 30s), Accuracy: 75.000(75.000), Batch Loss: 0.5306, Average Loss: 0.5306
[GPU cuda:1][VALID][50/388], Elapsed 0m 12s (remain 1m 23s), Accuracy: 50.000(69.118), Batch Loss: 0.9035, Average Loss: 0.7531
[GPU cuda:1][VALID][100/388], Elapsed 0m 24s (remain 1m 10s), Accuracy: 75.000(69.678), Batch Loss: 0.7070, Average Loss: 0.7267
[GPU cuda:1][VALID][150/388], Elapsed 0m 37s (remain 0m 58s), Accuracy: 62.500(68.791), Batch Loss: 1.4330, Average Loss: 0.7616
[GPU cuda:1][VALID][200/388], Elapsed 0m 49s (remain 0m 45s), Accuracy: 87.500(68.159), Batch Loss: 0.4364, Average Loss: 0.7572
[GPU cuda:1][VALID][250/388], Elapsed 1m 1s (remain 0m 33s), Accuracy: 50.000(67.331), Batch Loss: 0.8950, Average Loss: 0.7700
[GPU cuda:1][VALID][300/388], Elapsed 1m 14s (remain 0m 21s), Accuracy: 50.000(66.860), Batch Loss: 1.0571, Average Loss: 0.7740
[GPU cuda:1][VALID][350/388], Elapsed 1m 26s (remain 0m 9s), Accuracy: 62.500(67.308), Batch Loss: 0.8519, Average Loss: 0.7668
[GPU cuda:1][VALID][387/388], Elapsed 1m 35s (remain 0m 0s), Accuracy: 100.000(67.558), Batch Loss: 0.8742, Average Loss: 0.7597
Valid Labels Samples: [2 0 1 4 1 0 3 1 4 3]
Valid Predictions Samples: [2, 0, 1, 4, 2, 0, 4, 1, 4, 0]
Epoch 4 - Train Average Loss: 66.758, Valid Average Loss: 67.558, Epoch Time: 802.472s
Epoch 4 - Accuracy: 0.675, Precision: 0.673, Recall: 0.675
Saved Best Model: 0.68
[GPU cuda:1][TRAIN] Epoch: [5][0/2480], Elapsed 0m 0s (remain 26m 26s), Accuracy: 80.000(80.000), Loss: 0.756(0.756), LR: 0.000034
[GPU cuda:1][TRAIN] Epoch: [5][50/2480], Elapsed 0m 15s (remain 11m 57s), Accuracy: 60.000(70.588), Loss: 0.706(0.673), LR: 0.000034
[GPU cuda:1][TRAIN] Epoch: [5][100/2480], Elapsed 0m 29s (remain 11m 30s), Accuracy: 80.000(69.505), Loss: 0.588(0.711), LR: 0.000034
[GPU cuda:1][TRAIN] Epoch: [5][150/2480], Elapsed 0m 43s (remain 11m 11s), Accuracy: 40.000(68.212), Loss: 1.011(0.728), LR: 0.000034
[GPU cuda:1][TRAIN] Epoch: [5][200/2480], Elapsed 0m 57s (remain 10m 55s), Accuracy: 60.000(68.557), Loss: 1.039(0.743), LR: 0.000034
[GPU cuda:1][TRAIN] Epoch: [5][250/2480], Elapsed 1m 12s (remain 10m 39s), Accuracy: 100.000(67.968), Loss: 0.185(0.754), LR: 0.000034
[GPU cuda:1][TRAIN] Epoch: [5][300/2480], Elapsed 1m 26s (remain 10m 24s), Accuracy: 20.000(67.841), Loss: 1.346(0.754), LR: 0.000034
[GPU cuda:1][TRAIN] Epoch: [5][350/2480], Elapsed 1m 40s (remain 10m 9s), Accuracy: 100.000(67.293), Loss: 0.352(0.762), LR: 0.000034
[GPU cuda:1][TRAIN] Epoch: [5][400/2480], Elapsed 1m 54s (remain 9m 54s), Accuracy: 60.000(68.180), Loss: 0.760(0.751), LR: 0.000035
[GPU cuda:1][TRAIN] Epoch: [5][450/2480], Elapsed 2m 8s (remain 9m 39s), Accuracy: 60.000(68.337), Loss: 1.262(0.753), LR: 0.000035
[GPU cuda:1][TRAIN] Epoch: [5][500/2480], Elapsed 2m 23s (remain 9m 25s), Accuracy: 40.000(68.703), Loss: 1.122(0.744), LR: 0.000035
[GPU cuda:1][TRAIN] Epoch: [5][550/2480], Elapsed 2m 37s (remain 9m 10s), Accuracy: 80.000(68.167), Loss: 0.330(0.757), LR: 0.000035
[GPU cuda:1][TRAIN] Epoch: [5][600/2480], Elapsed 2m 51s (remain 8m 56s), Accuracy: 100.000(68.120), Loss: 0.116(0.761), LR: 0.000035
[GPU cuda:1][TRAIN] Epoch: [5][650/2480], Elapsed 3m 5s (remain 8m 41s), Accuracy: 100.000(68.080), Loss: 0.115(0.761), LR: 0.000035
[GPU cuda:1][TRAIN] Epoch: [5][700/2480], Elapsed 3m 19s (remain 8m 27s), Accuracy: 60.000(67.618), Loss: 0.781(0.771), LR: 0.000035
[GPU cuda:1][TRAIN] Epoch: [5][750/2480], Elapsed 3m 34s (remain 8m 12s), Accuracy: 100.000(67.537), Loss: 0.319(0.778), LR: 0.000035
[GPU cuda:1][TRAIN] Epoch: [5][800/2480], Elapsed 3m 48s (remain 7m 58s), Accuracy: 100.000(67.915), Loss: 0.309(0.772), LR: 0.000035
[GPU cuda:1][TRAIN] Epoch: [5][850/2480], Elapsed 4m 2s (remain 7m 43s), Accuracy: 60.000(68.273), Loss: 0.831(0.763), LR: 0.000035
[GPU cuda:1][TRAIN] Epoch: [5][900/2480], Elapsed 4m 16s (remain 7m 29s), Accuracy: 80.000(68.435), Loss: 0.780(0.762), LR: 0.000035
[GPU cuda:1][TRAIN] Epoch: [5][950/2480], Elapsed 4m 30s (remain 7m 15s), Accuracy: 80.000(68.580), Loss: 0.770(0.760), LR: 0.000035
[GPU cuda:1][TRAIN] Epoch: [5][1000/2480], Elapsed 4m 44s (remain 7m 1s), Accuracy: 40.000(68.292), Loss: 1.128(0.761), LR: 0.000035
[GPU cuda:1][TRAIN] Epoch: [5][1050/2480], Elapsed 4m 59s (remain 6m 46s), Accuracy: 60.000(68.240), Loss: 0.991(0.762), LR: 0.000035
[GPU cuda:1][TRAIN] Epoch: [5][1100/2480], Elapsed 5m 13s (remain 6m 32s), Accuracy: 80.000(68.411), Loss: 0.490(0.758), LR: 0.000035
[GPU cuda:1][TRAIN] Epoch: [5][1150/2480], Elapsed 5m 27s (remain 6m 18s), Accuracy: 80.000(68.497), Loss: 0.761(0.756), LR: 0.000035
[GPU cuda:1][TRAIN] Epoch: [5][1200/2480], Elapsed 5m 41s (remain 6m 3s), Accuracy: 100.000(68.743), Loss: 0.576(0.750), LR: 0.000035
[GPU cuda:1][TRAIN] Epoch: [5][1250/2480], Elapsed 5m 55s (remain 5m 49s), Accuracy: 40.000(68.633), Loss: 1.315(0.753), LR: 0.000035
[GPU cuda:1][TRAIN] Epoch: [5][1300/2480], Elapsed 6m 9s (remain 5m 35s), Accuracy: 80.000(68.885), Loss: 0.685(0.749), LR: 0.000035
[GPU cuda:1][TRAIN] Epoch: [5][1350/2480], Elapsed 6m 24s (remain 5m 21s), Accuracy: 100.000(68.882), Loss: 0.230(0.749), LR: 0.000035
[GPU cuda:1][TRAIN] Epoch: [5][1400/2480], Elapsed 6m 38s (remain 5m 6s), Accuracy: 100.000(68.994), Loss: 0.412(0.750), LR: 0.000035
[GPU cuda:1][TRAIN] Epoch: [5][1450/2480], Elapsed 6m 52s (remain 4m 52s), Accuracy: 100.000(69.097), Loss: 0.519(0.749), LR: 0.000035
[GPU cuda:1][TRAIN] Epoch: [5][1500/2480], Elapsed 7m 6s (remain 4m 38s), Accuracy: 100.000(69.007), Loss: 0.283(0.749), LR: 0.000035
[GPU cuda:1][TRAIN] Epoch: [5][1550/2480], Elapsed 7m 20s (remain 4m 24s), Accuracy: 80.000(69.014), Loss: 0.402(0.748), LR: 0.000035
[GPU cuda:1][TRAIN] Epoch: [5][1600/2480], Elapsed 7m 34s (remain 4m 9s), Accuracy: 80.000(69.057), Loss: 0.503(0.747), LR: 0.000035
[GPU cuda:1][TRAIN] Epoch: [5][1650/2480], Elapsed 7m 49s (remain 3m 55s), Accuracy: 100.000(69.267), Loss: 0.303(0.742), LR: 0.000035
[GPU cuda:1][TRAIN] Epoch: [5][1700/2480], Elapsed 8m 3s (remain 3m 41s), Accuracy: 80.000(69.218), Loss: 0.487(0.744), LR: 0.000035
[GPU cuda:1][TRAIN] Epoch: [5][1750/2480], Elapsed 8m 17s (remain 3m 27s), Accuracy: 60.000(69.195), Loss: 0.750(0.744), LR: 0.000035
[GPU cuda:1][TRAIN] Epoch: [5][1800/2480], Elapsed 8m 31s (remain 3m 12s), Accuracy: 80.000(69.239), Loss: 0.604(0.743), LR: 0.000035
[GPU cuda:1][TRAIN] Epoch: [5][1850/2480], Elapsed 8m 45s (remain 2m 58s), Accuracy: 80.000(69.227), Loss: 0.919(0.743), LR: 0.000035
[GPU cuda:1][TRAIN] Epoch: [5][1900/2480], Elapsed 8m 59s (remain 2m 44s), Accuracy: 60.000(69.206), Loss: 0.721(0.743), LR: 0.000035
[GPU cuda:1][TRAIN] Epoch: [5][1950/2480], Elapsed 9m 13s (remain 2m 30s), Accuracy: 100.000(69.072), Loss: 0.490(0.745), LR: 0.000035
[GPU cuda:1][TRAIN] Epoch: [5][2000/2480], Elapsed 9m 28s (remain 2m 15s), Accuracy: 60.000(69.145), Loss: 1.028(0.744), LR: 0.000035
[GPU cuda:1][TRAIN] Epoch: [5][2050/2480], Elapsed 9m 42s (remain 2m 1s), Accuracy: 40.000(68.883), Loss: 1.265(0.749), LR: 0.000035
[GPU cuda:1][TRAIN] Epoch: [5][2100/2480], Elapsed 9m 56s (remain 1m 47s), Accuracy: 100.000(69.119), Loss: 0.148(0.745), LR: 0.000035
[GPU cuda:1][TRAIN] Epoch: [5][2150/2480], Elapsed 10m 10s (remain 1m 33s), Accuracy: 60.000(69.168), Loss: 0.906(0.743), LR: 0.000035
[GPU cuda:1][TRAIN] Epoch: [5][2200/2480], Elapsed 10m 24s (remain 1m 19s), Accuracy: 80.000(69.141), Loss: 0.695(0.744), LR: 0.000035
[GPU cuda:1][TRAIN] Epoch: [5][2250/2480], Elapsed 10m 39s (remain 1m 5s), Accuracy: 80.000(69.098), Loss: 0.859(0.744), LR: 0.000035
[GPU cuda:1][TRAIN] Epoch: [5][2300/2480], Elapsed 10m 53s (remain 0m 50s), Accuracy: 60.000(69.074), Loss: 0.604(0.744), LR: 0.000035
[GPU cuda:1][TRAIN] Epoch: [5][2350/2480], Elapsed 11m 7s (remain 0m 36s), Accuracy: 100.000(69.154), Loss: 0.359(0.743), LR: 0.000035
[GPU cuda:1][TRAIN] Epoch: [5][2400/2480], Elapsed 11m 21s (remain 0m 22s), Accuracy: 40.000(69.271), Loss: 1.214(0.742), LR: 0.000035
[GPU cuda:1][TRAIN] Epoch: [5][2450/2480], Elapsed 11m 35s (remain 0m 8s), Accuracy: 80.000(69.417), Loss: 0.408(0.739), LR: 0.000035
[GPU cuda:1][TRAIN] Epoch: [5][2479/2480], Elapsed 11m 43s (remain 0m 0s), Accuracy: 40.000(69.435), Loss: 1.242(0.738), LR: 0.000035
[GPU cuda:1][VALID][0/388], Elapsed 0m 0s (remain 3m 18s), Accuracy: 87.500(87.500), Batch Loss: 0.4471, Average Loss: 0.4471
[GPU cuda:1][VALID][50/388], Elapsed 0m 12s (remain 1m 23s), Accuracy: 75.000(68.137), Batch Loss: 1.0145, Average Loss: 0.7455
[GPU cuda:1][VALID][100/388], Elapsed 0m 24s (remain 1m 10s), Accuracy: 50.000(68.317), Batch Loss: 0.9489, Average Loss: 0.7359
[GPU cuda:1][VALID][150/388], Elapsed 0m 36s (remain 0m 57s), Accuracy: 87.500(67.467), Batch Loss: 1.3119, Average Loss: 0.7602
[GPU cuda:1][VALID][200/388], Elapsed 0m 48s (remain 0m 45s), Accuracy: 87.500(67.413), Batch Loss: 0.3337, Average Loss: 0.7496
[GPU cuda:1][VALID][250/388], Elapsed 1m 1s (remain 0m 33s), Accuracy: 62.500(67.231), Batch Loss: 0.7918, Average Loss: 0.7564
[GPU cuda:1][VALID][300/388], Elapsed 1m 13s (remain 0m 21s), Accuracy: 50.000(67.027), Batch Loss: 0.9812, Average Loss: 0.7642
[GPU cuda:1][VALID][350/388], Elapsed 1m 25s (remain 0m 9s), Accuracy: 62.500(67.308), Batch Loss: 0.8424, Average Loss: 0.7604
[GPU cuda:1][VALID][387/388], Elapsed 1m 34s (remain 0m 0s), Accuracy: 100.000(67.429), Batch Loss: 0.4989, Average Loss: 0.7545
Valid Labels Samples: [2 0 1 4 1 0 3 1 4 3]
Valid Predictions Samples: [2, 0, 1, 4, 1, 0, 4, 1, 4, 0]
Epoch 5 - Train Average Loss: 69.435, Valid Average Loss: 67.429, Epoch Time: 800.597s
Epoch 5 - Accuracy: 0.674, Precision: 0.682, Recall: 0.674
[GPU cuda:1][TRAIN] Epoch: [6][0/2480], Elapsed 0m 0s (remain 26m 0s), Accuracy: 80.000(80.000), Loss: 0.641(0.641), LR: 0.000035
[GPU cuda:1][TRAIN] Epoch: [6][50/2480], Elapsed 0m 14s (remain 11m 54s), Accuracy: 60.000(75.686), Loss: 0.753(0.588), LR: 0.000035
[GPU cuda:1][TRAIN] Epoch: [6][100/2480], Elapsed 0m 29s (remain 11m 28s), Accuracy: 80.000(73.267), Loss: 0.667(0.630), LR: 0.000035
[GPU cuda:1][TRAIN] Epoch: [6][150/2480], Elapsed 0m 43s (remain 11m 9s), Accuracy: 60.000(73.377), Loss: 1.239(0.639), LR: 0.000035
[GPU cuda:1][TRAIN] Epoch: [6][200/2480], Elapsed 0m 57s (remain 10m 52s), Accuracy: 60.000(72.139), Loss: 0.613(0.680), LR: 0.000035
[GPU cuda:1][TRAIN] Epoch: [6][250/2480], Elapsed 1m 11s (remain 10m 36s), Accuracy: 100.000(71.713), Loss: 0.173(0.685), LR: 0.000035
[GPU cuda:1][TRAIN] Epoch: [6][300/2480], Elapsed 1m 25s (remain 10m 21s), Accuracy: 60.000(71.960), Loss: 0.907(0.678), LR: 0.000035
[GPU cuda:1][TRAIN] Epoch: [6][350/2480], Elapsed 1m 40s (remain 10m 6s), Accuracy: 100.000(71.624), Loss: 0.252(0.688), LR: 0.000035
[GPU cuda:1][TRAIN] Epoch: [6][400/2480], Elapsed 1m 54s (remain 9m 52s), Accuracy: 80.000(71.421), Loss: 0.632(0.686), LR: 0.000035
[GPU cuda:1][TRAIN] Epoch: [6][450/2480], Elapsed 2m 8s (remain 9m 37s), Accuracy: 80.000(71.353), Loss: 0.509(0.692), LR: 0.000035
[GPU cuda:1][TRAIN] Epoch: [6][500/2480], Elapsed 2m 22s (remain 9m 23s), Accuracy: 20.000(71.856), Loss: 1.592(0.685), LR: 0.000035
[GPU cuda:1][TRAIN] Epoch: [6][550/2480], Elapsed 2m 36s (remain 9m 8s), Accuracy: 100.000(71.652), Loss: 0.108(0.697), LR: 0.000035
[GPU cuda:1][TRAIN] Epoch: [6][600/2480], Elapsed 2m 50s (remain 8m 54s), Accuracy: 100.000(71.448), Loss: 0.051(0.702), LR: 0.000035
[GPU cuda:1][TRAIN] Epoch: [6][650/2480], Elapsed 3m 5s (remain 8m 40s), Accuracy: 100.000(71.275), Loss: 0.086(0.707), LR: 0.000035
[GPU cuda:1][TRAIN] Epoch: [6][700/2480], Elapsed 3m 19s (remain 8m 25s), Accuracy: 100.000(71.041), Loss: 0.314(0.713), LR: 0.000035
[GPU cuda:1][TRAIN] Epoch: [6][750/2480], Elapsed 3m 33s (remain 8m 11s), Accuracy: 100.000(71.079), Loss: 0.342(0.715), LR: 0.000034
[GPU cuda:1][TRAIN] Epoch: [6][800/2480], Elapsed 3m 47s (remain 7m 57s), Accuracy: 80.000(71.361), Loss: 0.360(0.711), LR: 0.000034
[GPU cuda:1][TRAIN] Epoch: [6][850/2480], Elapsed 4m 1s (remain 7m 43s), Accuracy: 60.000(71.445), Loss: 0.729(0.707), LR: 0.000034
[GPU cuda:1][TRAIN] Epoch: [6][900/2480], Elapsed 4m 16s (remain 7m 28s), Accuracy: 60.000(71.210), Loss: 0.821(0.706), LR: 0.000034
[GPU cuda:1][TRAIN] Epoch: [6][950/2480], Elapsed 4m 30s (remain 7m 14s), Accuracy: 60.000(71.335), Loss: 1.189(0.703), LR: 0.000034
[GPU cuda:1][TRAIN] Epoch: [6][1000/2480], Elapsed 4m 44s (remain 7m 0s), Accuracy: 60.000(71.429), Loss: 0.859(0.703), LR: 0.000034
[GPU cuda:1][TRAIN] Epoch: [6][1050/2480], Elapsed 4m 58s (remain 6m 46s), Accuracy: 40.000(71.475), Loss: 0.942(0.700), LR: 0.000034
[GPU cuda:1][TRAIN] Epoch: [6][1100/2480], Elapsed 5m 12s (remain 6m 31s), Accuracy: 60.000(71.771), Loss: 1.175(0.694), LR: 0.000034
[GPU cuda:1][TRAIN] Epoch: [6][1150/2480], Elapsed 5m 26s (remain 6m 17s), Accuracy: 60.000(71.851), Loss: 0.799(0.692), LR: 0.000034
[GPU cuda:1][TRAIN] Epoch: [6][1200/2480], Elapsed 5m 41s (remain 6m 3s), Accuracy: 100.000(72.040), Loss: 0.546(0.689), LR: 0.000034
[GPU cuda:1][TRAIN] Epoch: [6][1250/2480], Elapsed 5m 55s (remain 5m 49s), Accuracy: 40.000(71.926), Loss: 0.863(0.690), LR: 0.000034
[GPU cuda:1][TRAIN] Epoch: [6][1300/2480], Elapsed 6m 9s (remain 5m 34s), Accuracy: 60.000(71.960), Loss: 1.092(0.688), LR: 0.000034
[GPU cuda:1][TRAIN] Epoch: [6][1350/2480], Elapsed 6m 23s (remain 5m 20s), Accuracy: 100.000(72.036), Loss: 0.114(0.687), LR: 0.000034
[GPU cuda:1][TRAIN] Epoch: [6][1400/2480], Elapsed 6m 37s (remain 5m 6s), Accuracy: 80.000(71.963), Loss: 0.722(0.688), LR: 0.000034
[GPU cuda:1][TRAIN] Epoch: [6][1450/2480], Elapsed 6m 52s (remain 4m 52s), Accuracy: 100.000(72.033), Loss: 0.303(0.687), LR: 0.000034
[GPU cuda:1][TRAIN] Epoch: [6][1500/2480], Elapsed 7m 6s (remain 4m 38s), Accuracy: 100.000(71.992), Loss: 0.197(0.688), LR: 0.000034
[GPU cuda:1][TRAIN] Epoch: [6][1550/2480], Elapsed 7m 20s (remain 4m 23s), Accuracy: 80.000(72.057), Loss: 0.230(0.687), LR: 0.000034
[GPU cuda:1][TRAIN] Epoch: [6][1600/2480], Elapsed 7m 34s (remain 4m 9s), Accuracy: 80.000(72.080), Loss: 0.295(0.686), LR: 0.000034
[GPU cuda:1][TRAIN] Epoch: [6][1650/2480], Elapsed 7m 48s (remain 3m 55s), Accuracy: 80.000(72.235), Loss: 0.497(0.682), LR: 0.000034
[GPU cuda:1][TRAIN] Epoch: [6][1700/2480], Elapsed 8m 3s (remain 3m 41s), Accuracy: 60.000(72.099), Loss: 0.689(0.684), LR: 0.000034
[GPU cuda:1][TRAIN] Epoch: [6][1750/2480], Elapsed 8m 17s (remain 3m 27s), Accuracy: 60.000(72.119), Loss: 1.270(0.686), LR: 0.000034
[GPU cuda:1][TRAIN] Epoch: [6][1800/2480], Elapsed 8m 31s (remain 3m 12s), Accuracy: 100.000(72.227), Loss: 0.237(0.684), LR: 0.000034
[GPU cuda:1][TRAIN] Epoch: [6][1850/2480], Elapsed 8m 45s (remain 2m 58s), Accuracy: 80.000(72.296), Loss: 0.734(0.683), LR: 0.000034
[GPU cuda:1][TRAIN] Epoch: [6][1900/2480], Elapsed 8m 59s (remain 2m 44s), Accuracy: 60.000(72.330), Loss: 0.452(0.682), LR: 0.000034
[GPU cuda:1][TRAIN] Epoch: [6][1950/2480], Elapsed 9m 14s (remain 2m 30s), Accuracy: 60.000(72.189), Loss: 0.496(0.683), LR: 0.000034
[GPU cuda:1][TRAIN] Epoch: [6][2000/2480], Elapsed 9m 28s (remain 2m 16s), Accuracy: 40.000(72.194), Loss: 1.229(0.682), LR: 0.000034
[GPU cuda:1][TRAIN] Epoch: [6][2050/2480], Elapsed 9m 42s (remain 2m 1s), Accuracy: 40.000(72.170), Loss: 1.114(0.683), LR: 0.000034
[GPU cuda:1][TRAIN] Epoch: [6][2100/2480], Elapsed 9m 56s (remain 1m 47s), Accuracy: 80.000(72.394), Loss: 0.324(0.678), LR: 0.000034
[GPU cuda:1][TRAIN] Epoch: [6][2150/2480], Elapsed 10m 11s (remain 1m 33s), Accuracy: 40.000(72.404), Loss: 0.982(0.677), LR: 0.000034
[GPU cuda:1][TRAIN] Epoch: [6][2200/2480], Elapsed 10m 25s (remain 1m 19s), Accuracy: 60.000(72.440), Loss: 0.746(0.677), LR: 0.000034
[GPU cuda:1][TRAIN] Epoch: [6][2250/2480], Elapsed 10m 39s (remain 1m 5s), Accuracy: 80.000(72.412), Loss: 0.956(0.677), LR: 0.000033
[GPU cuda:1][TRAIN] Epoch: [6][2300/2480], Elapsed 10m 53s (remain 0m 50s), Accuracy: 60.000(72.482), Loss: 0.678(0.677), LR: 0.000033
[GPU cuda:1][TRAIN] Epoch: [6][2350/2480], Elapsed 11m 8s (remain 0m 36s), Accuracy: 80.000(72.531), Loss: 0.533(0.676), LR: 0.000033
[GPU cuda:1][TRAIN] Epoch: [6][2400/2480], Elapsed 11m 22s (remain 0m 22s), Accuracy: 80.000(72.653), Loss: 0.760(0.675), LR: 0.000033
[GPU cuda:1][TRAIN] Epoch: [6][2450/2480], Elapsed 11m 36s (remain 0m 8s), Accuracy: 80.000(72.754), Loss: 0.374(0.672), LR: 0.000033
[GPU cuda:1][TRAIN] Epoch: [6][2479/2480], Elapsed 11m 44s (remain 0m 0s), Accuracy: 40.000(72.823), Loss: 1.334(0.670), LR: 0.000033
[GPU cuda:1][VALID][0/388], Elapsed 0m 0s (remain 3m 16s), Accuracy: 62.500(62.500), Batch Loss: 0.4511, Average Loss: 0.4511
[GPU cuda:1][VALID][50/388], Elapsed 0m 12s (remain 1m 23s), Accuracy: 50.000(73.039), Batch Loss: 1.1105, Average Loss: 0.6982
[GPU cuda:1][VALID][100/388], Elapsed 0m 24s (remain 1m 10s), Accuracy: 62.500(73.020), Batch Loss: 1.1750, Average Loss: 0.7051
[GPU cuda:1][VALID][150/388], Elapsed 0m 37s (remain 0m 58s), Accuracy: 62.500(71.772), Batch Loss: 1.5734, Average Loss: 0.7355
[GPU cuda:1][VALID][200/388], Elapsed 0m 49s (remain 0m 45s), Accuracy: 100.000(71.828), Batch Loss: 0.1331, Average Loss: 0.7325
[GPU cuda:1][VALID][250/388], Elapsed 1m 1s (remain 0m 33s), Accuracy: 62.500(71.265), Batch Loss: 0.9575, Average Loss: 0.7454
[GPU cuda:1][VALID][300/388], Elapsed 1m 14s (remain 0m 21s), Accuracy: 50.000(71.262), Batch Loss: 0.9708, Average Loss: 0.7542
[GPU cuda:1][VALID][350/388], Elapsed 1m 26s (remain 0m 9s), Accuracy: 50.000(71.617), Batch Loss: 0.8166, Average Loss: 0.7482
[GPU cuda:1][VALID][387/388], Elapsed 1m 35s (remain 0m 0s), Accuracy: 75.000(71.746), Batch Loss: 0.5617, Average Loss: 0.7390
Valid Labels Samples: [2 0 1 4 1 0 3 1 4 3]
Valid Predictions Samples: [2, 0, 1, 3, 1, 1, 4, 1, 3, 0]
Epoch 6 - Train Average Loss: 72.823, Valid Average Loss: 71.746, Epoch Time: 802.396s
Epoch 6 - Accuracy: 0.717, Precision: 0.718, Recall: 0.717
Saved Best Model: 0.72
[GPU cuda:1][TRAIN] Epoch: [7][0/2480], Elapsed 0m 0s (remain 26m 30s), Accuracy: 80.000(80.000), Loss: 0.748(0.748), LR: 0.000033
[GPU cuda:1][TRAIN] Epoch: [7][50/2480], Elapsed 0m 15s (remain 11m 57s), Accuracy: 40.000(78.039), Loss: 0.925(0.512), LR: 0.000033
[GPU cuda:1][TRAIN] Epoch: [7][100/2480], Elapsed 0m 29s (remain 11m 31s), Accuracy: 80.000(77.228), Loss: 0.892(0.546), LR: 0.000033
[GPU cuda:1][TRAIN] Epoch: [7][150/2480], Elapsed 0m 43s (remain 11m 12s), Accuracy: 60.000(76.556), Loss: 1.173(0.574), LR: 0.000033
[GPU cuda:1][TRAIN] Epoch: [7][200/2480], Elapsed 0m 57s (remain 10m 56s), Accuracy: 60.000(76.517), Loss: 0.682(0.589), LR: 0.000033
[GPU cuda:1][TRAIN] Epoch: [7][250/2480], Elapsed 1m 12s (remain 10m 40s), Accuracy: 100.000(76.096), Loss: 0.103(0.593), LR: 0.000033
[GPU cuda:1][TRAIN] Epoch: [7][300/2480], Elapsed 1m 26s (remain 10m 25s), Accuracy: 60.000(75.548), Loss: 0.924(0.595), LR: 0.000033
[GPU cuda:1][TRAIN] Epoch: [7][350/2480], Elapsed 1m 40s (remain 10m 10s), Accuracy: 80.000(75.157), Loss: 0.303(0.599), LR: 0.000033
[GPU cuda:1][TRAIN] Epoch: [7][400/2480], Elapsed 1m 54s (remain 9m 55s), Accuracy: 80.000(76.060), Loss: 0.489(0.589), LR: 0.000033
[GPU cuda:1][TRAIN] Epoch: [7][450/2480], Elapsed 2m 9s (remain 9m 40s), Accuracy: 100.000(75.831), Loss: 0.220(0.599), LR: 0.000033
[GPU cuda:1][TRAIN] Epoch: [7][500/2480], Elapsed 2m 23s (remain 9m 26s), Accuracy: 20.000(75.848), Loss: 1.604(0.597), LR: 0.000033
[GPU cuda:1][TRAIN] Epoch: [7][550/2480], Elapsed 2m 37s (remain 9m 11s), Accuracy: 100.000(75.245), Loss: 0.093(0.607), LR: 0.000033
[GPU cuda:1][TRAIN] Epoch: [7][600/2480], Elapsed 2m 51s (remain 8m 56s), Accuracy: 100.000(74.975), Loss: 0.156(0.614), LR: 0.000033
[GPU cuda:1][TRAIN] Epoch: [7][650/2480], Elapsed 3m 5s (remain 8m 42s), Accuracy: 100.000(75.146), Loss: 0.082(0.613), LR: 0.000033
[GPU cuda:1][TRAIN] Epoch: [7][700/2480], Elapsed 3m 20s (remain 8m 27s), Accuracy: 80.000(75.064), Loss: 0.371(0.619), LR: 0.000033
[GPU cuda:1][TRAIN] Epoch: [7][750/2480], Elapsed 3m 34s (remain 8m 13s), Accuracy: 100.000(74.993), Loss: 0.136(0.620), LR: 0.000033
[GPU cuda:1][TRAIN] Epoch: [7][800/2480], Elapsed 3m 48s (remain 7m 59s), Accuracy: 80.000(75.231), Loss: 0.265(0.616), LR: 0.000032
[GPU cuda:1][TRAIN] Epoch: [7][850/2480], Elapsed 4m 2s (remain 7m 44s), Accuracy: 60.000(75.300), Loss: 0.696(0.613), LR: 0.000032
[GPU cuda:1][TRAIN] Epoch: [7][900/2480], Elapsed 4m 16s (remain 7m 30s), Accuracy: 60.000(75.383), Loss: 0.856(0.611), LR: 0.000032
[GPU cuda:1][TRAIN] Epoch: [7][950/2480], Elapsed 4m 31s (remain 7m 15s), Accuracy: 60.000(75.415), Loss: 0.756(0.609), LR: 0.000032
[GPU cuda:1][TRAIN] Epoch: [7][1000/2480], Elapsed 4m 45s (remain 7m 1s), Accuracy: 40.000(75.285), Loss: 1.314(0.611), LR: 0.000032
[GPU cuda:1][TRAIN] Epoch: [7][1050/2480], Elapsed 4m 59s (remain 6m 47s), Accuracy: 60.000(75.357), Loss: 0.750(0.611), LR: 0.000032
[GPU cuda:1][TRAIN] Epoch: [7][1100/2480], Elapsed 5m 13s (remain 6m 32s), Accuracy: 80.000(75.568), Loss: 0.325(0.605), LR: 0.000032
[GPU cuda:1][TRAIN] Epoch: [7][1150/2480], Elapsed 5m 27s (remain 6m 18s), Accuracy: 60.000(75.500), Loss: 0.759(0.607), LR: 0.000032
[GPU cuda:1][TRAIN] Epoch: [7][1200/2480], Elapsed 5m 42s (remain 6m 4s), Accuracy: 80.000(75.704), Loss: 0.496(0.602), LR: 0.000032
[GPU cuda:1][TRAIN] Epoch: [7][1250/2480], Elapsed 5m 56s (remain 5m 49s), Accuracy: 60.000(75.620), Loss: 0.774(0.603), LR: 0.000032
[GPU cuda:1][TRAIN] Epoch: [7][1300/2480], Elapsed 6m 10s (remain 5m 35s), Accuracy: 80.000(75.665), Loss: 0.652(0.602), LR: 0.000032
[GPU cuda:1][TRAIN] Epoch: [7][1350/2480], Elapsed 6m 24s (remain 5m 21s), Accuracy: 100.000(75.811), Loss: 0.096(0.598), LR: 0.000032
[GPU cuda:1][TRAIN] Epoch: [7][1400/2480], Elapsed 6m 38s (remain 5m 7s), Accuracy: 80.000(75.760), Loss: 0.482(0.599), LR: 0.000032
[GPU cuda:1][TRAIN] Epoch: [7][1450/2480], Elapsed 6m 52s (remain 4m 52s), Accuracy: 60.000(75.824), Loss: 0.669(0.598), LR: 0.000032
[GPU cuda:1][TRAIN] Epoch: [7][1500/2480], Elapsed 7m 7s (remain 4m 38s), Accuracy: 100.000(75.789), Loss: 0.085(0.598), LR: 0.000032
[GPU cuda:1][TRAIN] Epoch: [7][1550/2480], Elapsed 7m 21s (remain 4m 24s), Accuracy: 100.000(75.822), Loss: 0.170(0.597), LR: 0.000032
[GPU cuda:1][TRAIN] Epoch: [7][1600/2480], Elapsed 7m 35s (remain 4m 10s), Accuracy: 80.000(75.840), Loss: 0.321(0.596), LR: 0.000032
[GPU cuda:1][TRAIN] Epoch: [7][1650/2480], Elapsed 7m 49s (remain 3m 55s), Accuracy: 100.000(76.087), Loss: 0.240(0.591), LR: 0.000031
[GPU cuda:1][TRAIN] Epoch: [7][1700/2480], Elapsed 8m 3s (remain 3m 41s), Accuracy: 80.000(76.108), Loss: 0.537(0.592), LR: 0.000031
[GPU cuda:1][TRAIN] Epoch: [7][1750/2480], Elapsed 8m 18s (remain 3m 27s), Accuracy: 80.000(76.162), Loss: 0.688(0.593), LR: 0.000031
[GPU cuda:1][TRAIN] Epoch: [7][1800/2480], Elapsed 8m 32s (remain 3m 13s), Accuracy: 60.000(76.180), Loss: 0.484(0.590), LR: 0.000031
[GPU cuda:1][TRAIN] Epoch: [7][1850/2480], Elapsed 8m 46s (remain 2m 58s), Accuracy: 100.000(76.175), Loss: 0.309(0.591), LR: 0.000031
[GPU cuda:1][TRAIN] Epoch: [7][1900/2480], Elapsed 9m 0s (remain 2m 44s), Accuracy: 80.000(76.139), Loss: 0.319(0.592), LR: 0.000031
[GPU cuda:1][TRAIN] Epoch: [7][1950/2480], Elapsed 9m 14s (remain 2m 30s), Accuracy: 100.000(76.043), Loss: 0.246(0.592), LR: 0.000031
[GPU cuda:1][TRAIN] Epoch: [7][2000/2480], Elapsed 9m 28s (remain 2m 16s), Accuracy: 60.000(76.102), Loss: 1.184(0.591), LR: 0.000031
[GPU cuda:1][TRAIN] Epoch: [7][2050/2480], Elapsed 9m 43s (remain 2m 1s), Accuracy: 40.000(76.041), Loss: 1.228(0.592), LR: 0.000031
[GPU cuda:1][TRAIN] Epoch: [7][2100/2480], Elapsed 9m 57s (remain 1m 47s), Accuracy: 100.000(76.326), Loss: 0.045(0.587), LR: 0.000031
[GPU cuda:1][TRAIN] Epoch: [7][2150/2480], Elapsed 10m 11s (remain 1m 33s), Accuracy: 80.000(76.430), Loss: 0.655(0.584), LR: 0.000031
[GPU cuda:1][TRAIN] Epoch: [7][2200/2480], Elapsed 10m 25s (remain 1m 19s), Accuracy: 60.000(76.420), Loss: 0.804(0.585), LR: 0.000031
[GPU cuda:1][TRAIN] Epoch: [7][2250/2480], Elapsed 10m 39s (remain 1m 5s), Accuracy: 40.000(76.304), Loss: 1.126(0.587), LR: 0.000031
[GPU cuda:1][TRAIN] Epoch: [7][2300/2480], Elapsed 10m 53s (remain 0m 50s), Accuracy: 80.000(76.315), Loss: 0.384(0.588), LR: 0.000031
[GPU cuda:1][TRAIN] Epoch: [7][2350/2480], Elapsed 11m 8s (remain 0m 36s), Accuracy: 100.000(76.342), Loss: 0.371(0.587), LR: 0.000031
[GPU cuda:1][TRAIN] Epoch: [7][2400/2480], Elapsed 11m 22s (remain 0m 22s), Accuracy: 80.000(76.410), Loss: 0.580(0.586), LR: 0.000030
[GPU cuda:1][TRAIN] Epoch: [7][2450/2480], Elapsed 11m 36s (remain 0m 8s), Accuracy: 80.000(76.434), Loss: 0.477(0.585), LR: 0.000030
[GPU cuda:1][TRAIN] Epoch: [7][2479/2480], Elapsed 11m 44s (remain 0m 0s), Accuracy: 60.000(76.500), Loss: 0.895(0.583), LR: 0.000030
[GPU cuda:1][VALID][0/388], Elapsed 0m 0s (remain 3m 24s), Accuracy: 75.000(75.000), Batch Loss: 0.3151, Average Loss: 0.3151
[GPU cuda:1][VALID][50/388], Elapsed 0m 12s (remain 1m 23s), Accuracy: 62.500(67.402), Batch Loss: 0.9307, Average Loss: 1.0239
[GPU cuda:1][VALID][100/388], Elapsed 0m 24s (remain 1m 10s), Accuracy: 75.000(67.822), Batch Loss: 0.8149, Average Loss: 1.0226
[GPU cuda:1][VALID][150/388], Elapsed 0m 36s (remain 0m 57s), Accuracy: 75.000(66.225), Batch Loss: 1.3381, Average Loss: 1.0570
[GPU cuda:1][VALID][200/388], Elapsed 0m 49s (remain 0m 45s), Accuracy: 100.000(66.729), Batch Loss: 0.1614, Average Loss: 1.0476
[GPU cuda:1][VALID][250/388], Elapsed 1m 1s (remain 0m 33s), Accuracy: 50.000(65.936), Batch Loss: 1.8398, Average Loss: 1.0779
[GPU cuda:1][VALID][300/388], Elapsed 1m 13s (remain 0m 21s), Accuracy: 37.500(65.573), Batch Loss: 1.7237, Average Loss: 1.0964
[GPU cuda:1][VALID][350/388], Elapsed 1m 25s (remain 0m 9s), Accuracy: 50.000(65.491), Batch Loss: 1.5254, Average Loss: 1.0906
[GPU cuda:1][VALID][387/388], Elapsed 1m 34s (remain 0m 0s), Accuracy: 50.000(65.561), Batch Loss: 0.7791, Average Loss: 1.0794
Valid Labels Samples: [2 0 1 4 1 0 3 1 4 3]
Valid Predictions Samples: [2, 0, 1, 3, 1, 1, 3, 1, 3, 1]
Epoch 7 - Train Average Loss: 76.500, Valid Average Loss: 65.561, Epoch Time: 801.365s
Epoch 7 - Accuracy: 0.656, Precision: 0.680, Recall: 0.656
