[GPU 1]: Config File
{'id': 31, 'model_name': 'swin_large_patch4_window12_384_in22k', 'dropout': 0.5, 'size': 384, 'batch_size_t': 5, 'batch_size_v': 8, 'n_targets': 5, 'criterion': 'CrossEntropyLoss', 'gradient_accumulation_steps': 1, 'max_gradient_norm': None, 'optimizer': 'AdamW', 'scheduler': 'OneCycleLR', 'LR': 5e-05, 'T_0': 200, 'T_max': 10, 'T_mult': 2, 'min_lr': 1e-06, 'max_lr': 0.00025, 'no_batches': 2480, 'warmup_epochs': 1, 'cosine_epochs': 14, 'epochs': 15, 'update_per_batch': True, 'num_workers': 4, 'n_folds': 5, 'train_transforms': [], 'valid_transforms': [], 'observations': None, 'use_swa': True, 'swa_lr': 0.01, 'swa_epoch': 0, 'use_sam': True, 'use_asam': True, 'asam_rho': 0.1, 'print_freq': 50, 'one_fold': True, 'use_apex': True, 'distributed_training': False, 'save_to_log': True}
================================================== Training Fold: 0 ==================================================
[GPU cuda:1][TRAIN] Epoch: [1][0/2480], Elapsed 0m 0s (remain 20m 48s), Accuracy: 0.000(0.000), Loss: 1.758(1.758), LR: 0.000010
[GPU cuda:1][TRAIN] Epoch: [1][50/2480], Elapsed 0m 14s (remain 11m 33s), Accuracy: 0.000(20.784), Loss: 1.598(1.642), LR: 0.000010
[GPU cuda:1][TRAIN] Epoch: [1][100/2480], Elapsed 0m 28s (remain 11m 16s), Accuracy: 40.000(23.564), Loss: 1.426(1.620), LR: 0.000010
[GPU cuda:1][TRAIN] Epoch: [1][150/2480], Elapsed 0m 42s (remain 11m 0s), Accuracy: 20.000(24.636), Loss: 1.687(1.607), LR: 0.000010
[GPU cuda:1][TRAIN] Epoch: [1][200/2480], Elapsed 0m 57s (remain 10m 46s), Accuracy: 40.000(25.970), Loss: 1.652(1.587), LR: 0.000010
[GPU cuda:1][TRAIN] Epoch: [1][250/2480], Elapsed 1m 11s (remain 10m 31s), Accuracy: 20.000(27.888), Loss: 1.221(1.555), LR: 0.000010
[GPU cuda:1][TRAIN] Epoch: [1][300/2480], Elapsed 1m 25s (remain 10m 17s), Accuracy: 40.000(30.432), Loss: 1.367(1.506), LR: 0.000010
[GPU cuda:1][TRAIN] Epoch: [1][350/2480], Elapsed 1m 39s (remain 10m 3s), Accuracy: 80.000(33.048), Loss: 0.609(1.459), LR: 0.000011
[GPU cuda:1][TRAIN] Epoch: [1][400/2480], Elapsed 1m 53s (remain 9m 48s), Accuracy: 60.000(34.763), Loss: 0.904(1.426), LR: 0.000011
[GPU cuda:1][TRAIN] Epoch: [1][450/2480], Elapsed 2m 7s (remain 9m 34s), Accuracy: 60.000(36.940), Loss: 1.277(1.387), LR: 0.000011
[GPU cuda:1][TRAIN] Epoch: [1][500/2480], Elapsed 2m 21s (remain 9m 20s), Accuracy: 40.000(38.762), Loss: 1.451(1.352), LR: 0.000011
[GPU cuda:1][TRAIN] Epoch: [1][550/2480], Elapsed 2m 35s (remain 9m 5s), Accuracy: 80.000(40.036), Loss: 0.567(1.330), LR: 0.000011
[GPU cuda:1][TRAIN] Epoch: [1][600/2480], Elapsed 2m 50s (remain 8m 51s), Accuracy: 100.000(41.198), Loss: 0.195(1.304), LR: 0.000012
[GPU cuda:1][TRAIN] Epoch: [1][650/2480], Elapsed 3m 4s (remain 8m 37s), Accuracy: 100.000(42.273), Loss: 0.348(1.283), LR: 0.000012
[GPU cuda:1][TRAIN] Epoch: [1][700/2480], Elapsed 3m 18s (remain 8m 23s), Accuracy: 80.000(42.910), Loss: 0.759(1.272), LR: 0.000012
[GPU cuda:1][TRAIN] Epoch: [1][750/2480], Elapsed 3m 32s (remain 8m 9s), Accuracy: 40.000(43.648), Loss: 1.175(1.260), LR: 0.000013
[GPU cuda:1][TRAIN] Epoch: [1][800/2480], Elapsed 3m 46s (remain 7m 55s), Accuracy: 60.000(44.794), Loss: 0.715(1.239), LR: 0.000013
[GPU cuda:1][TRAIN] Epoch: [1][850/2480], Elapsed 4m 0s (remain 7m 40s), Accuracy: 40.000(45.899), Loss: 1.016(1.215), LR: 0.000013
[GPU cuda:1][TRAIN] Epoch: [1][900/2480], Elapsed 4m 14s (remain 7m 26s), Accuracy: 80.000(46.770), Loss: 1.090(1.198), LR: 0.000014
[GPU cuda:1][TRAIN] Epoch: [1][950/2480], Elapsed 4m 29s (remain 7m 12s), Accuracy: 60.000(47.718), Loss: 0.921(1.180), LR: 0.000014
[GPU cuda:1][TRAIN] Epoch: [1][1000/2480], Elapsed 4m 43s (remain 6m 58s), Accuracy: 40.000(47.932), Loss: 1.234(1.170), LR: 0.000015
[GPU cuda:1][TRAIN] Epoch: [1][1050/2480], Elapsed 4m 57s (remain 6m 44s), Accuracy: 60.000(48.297), Loss: 1.104(1.160), LR: 0.000015
[GPU cuda:1][TRAIN] Epoch: [1][1100/2480], Elapsed 5m 11s (remain 6m 29s), Accuracy: 80.000(49.155), Loss: 0.579(1.144), LR: 0.000016
[GPU cuda:1][TRAIN] Epoch: [1][1150/2480], Elapsed 5m 25s (remain 6m 15s), Accuracy: 80.000(49.748), Loss: 0.603(1.134), LR: 0.000016
[GPU cuda:1][TRAIN] Epoch: [1][1200/2480], Elapsed 5m 39s (remain 6m 1s), Accuracy: 80.000(50.475), Loss: 1.041(1.120), LR: 0.000017
[GPU cuda:1][TRAIN] Epoch: [1][1250/2480], Elapsed 5m 53s (remain 5m 47s), Accuracy: 40.000(50.855), Loss: 0.986(1.113), LR: 0.000017
[GPU cuda:1][TRAIN] Epoch: [1][1300/2480], Elapsed 6m 7s (remain 5m 33s), Accuracy: 20.000(51.514), Loss: 1.470(1.101), LR: 0.000018
[GPU cuda:1][TRAIN] Epoch: [1][1350/2480], Elapsed 6m 21s (remain 5m 19s), Accuracy: 100.000(51.799), Loss: 0.382(1.094), LR: 0.000019
[GPU cuda:1][TRAIN] Epoch: [1][1400/2480], Elapsed 6m 36s (remain 5m 5s), Accuracy: 80.000(52.077), Loss: 0.493(1.089), LR: 0.000019
[GPU cuda:1][TRAIN] Epoch: [1][1450/2480], Elapsed 6m 50s (remain 4m 50s), Accuracy: 100.000(52.488), Loss: 0.616(1.082), LR: 0.000020
[GPU cuda:1][TRAIN] Epoch: [1][1500/2480], Elapsed 7m 4s (remain 4m 36s), Accuracy: 80.000(52.632), Loss: 0.275(1.076), LR: 0.000021
[GPU cuda:1][TRAIN] Epoch: [1][1550/2480], Elapsed 7m 18s (remain 4m 22s), Accuracy: 40.000(52.740), Loss: 0.874(1.072), LR: 0.000021
[GPU cuda:1][TRAIN] Epoch: [1][1600/2480], Elapsed 7m 32s (remain 4m 8s), Accuracy: 80.000(53.067), Loss: 0.740(1.065), LR: 0.000022
[GPU cuda:1][TRAIN] Epoch: [1][1650/2480], Elapsed 7m 46s (remain 3m 54s), Accuracy: 80.000(53.422), Loss: 0.402(1.056), LR: 0.000023
[GPU cuda:1][TRAIN] Epoch: [1][1700/2480], Elapsed 8m 0s (remain 3m 40s), Accuracy: 80.000(53.651), Loss: 0.567(1.052), LR: 0.000023
[GPU cuda:1][TRAIN] Epoch: [1][1750/2480], Elapsed 8m 14s (remain 3m 26s), Accuracy: 60.000(53.946), Loss: 1.310(1.047), LR: 0.000024
[GPU cuda:1][TRAIN] Epoch: [1][1800/2480], Elapsed 8m 29s (remain 3m 11s), Accuracy: 60.000(54.114), Loss: 0.845(1.042), LR: 0.000025
[GPU cuda:1][TRAIN] Epoch: [1][1850/2480], Elapsed 8m 43s (remain 2m 57s), Accuracy: 20.000(54.133), Loss: 1.379(1.041), LR: 0.000026
[GPU cuda:1][TRAIN] Epoch: [1][1900/2480], Elapsed 8m 57s (remain 2m 43s), Accuracy: 60.000(54.277), Loss: 0.618(1.040), LR: 0.000027
[GPU cuda:1][TRAIN] Epoch: [1][1950/2480], Elapsed 9m 11s (remain 2m 29s), Accuracy: 80.000(54.259), Loss: 0.788(1.039), LR: 0.000028
[GPU cuda:1][TRAIN] Epoch: [1][2000/2480], Elapsed 9m 25s (remain 2m 15s), Accuracy: 40.000(54.613), Loss: 1.023(1.033), LR: 0.000029
[GPU cuda:1][TRAIN] Epoch: [1][2050/2480], Elapsed 9m 39s (remain 2m 1s), Accuracy: 20.000(54.529), Loss: 1.622(1.036), LR: 0.000029
[GPU cuda:1][TRAIN] Epoch: [1][2100/2480], Elapsed 9m 53s (remain 1m 47s), Accuracy: 80.000(54.783), Loss: 0.856(1.032), LR: 0.000030
[GPU cuda:1][TRAIN] Epoch: [1][2150/2480], Elapsed 10m 7s (remain 1m 32s), Accuracy: 20.000(54.914), Loss: 1.452(1.029), LR: 0.000031
[GPU cuda:1][TRAIN] Epoch: [1][2200/2480], Elapsed 10m 22s (remain 1m 18s), Accuracy: 60.000(55.093), Loss: 0.826(1.024), LR: 0.000032
[GPU cuda:1][TRAIN] Epoch: [1][2250/2480], Elapsed 10m 36s (remain 1m 4s), Accuracy: 40.000(55.202), Loss: 1.135(1.021), LR: 0.000033
[GPU cuda:1][TRAIN] Epoch: [1][2300/2480], Elapsed 10m 50s (remain 0m 50s), Accuracy: 80.000(55.454), Loss: 0.514(1.017), LR: 0.000034
[GPU cuda:1][TRAIN] Epoch: [1][2350/2480], Elapsed 11m 4s (remain 0m 36s), Accuracy: 60.000(55.534), Loss: 0.852(1.017), LR: 0.000035
[GPU cuda:1][TRAIN] Epoch: [1][2400/2480], Elapsed 11m 18s (remain 0m 22s), Accuracy: 40.000(55.718), Loss: 1.637(1.014), LR: 0.000036
[GPU cuda:1][TRAIN] Epoch: [1][2450/2480], Elapsed 11m 32s (remain 0m 8s), Accuracy: 80.000(55.855), Loss: 0.668(1.011), LR: 0.000037
[GPU cuda:1][TRAIN] Epoch: [1][2479/2480], Elapsed 11m 41s (remain 0m 0s), Accuracy: 60.000(55.919), Loss: 0.855(1.009), LR: 0.000038
[GPU cuda:1][VALID][0/388], Elapsed 0m 0s (remain 3m 26s), Accuracy: 37.500(37.500), Batch Loss: 1.4733, Average Loss: 1.4733
[GPU cuda:1][VALID][50/388], Elapsed 0m 12s (remain 1m 23s), Accuracy: 50.000(49.265), Batch Loss: 0.8621, Average Loss: 1.1597
[GPU cuda:1][VALID][100/388], Elapsed 0m 24s (remain 1m 10s), Accuracy: 25.000(47.401), Batch Loss: 1.6218, Average Loss: 1.2089
[GPU cuda:1][VALID][150/388], Elapsed 0m 36s (remain 0m 57s), Accuracy: 37.500(46.937), Batch Loss: 1.8535, Average Loss: 1.2252
[GPU cuda:1][VALID][200/388], Elapsed 0m 49s (remain 0m 45s), Accuracy: 62.500(46.891), Batch Loss: 0.7134, Average Loss: 1.2282
[GPU cuda:1][VALID][250/388], Elapsed 1m 1s (remain 0m 33s), Accuracy: 50.000(47.460), Batch Loss: 1.6028, Average Loss: 1.2303
[GPU cuda:1][VALID][300/388], Elapsed 1m 13s (remain 0m 21s), Accuracy: 50.000(47.674), Batch Loss: 1.1849, Average Loss: 1.2306
[GPU cuda:1][VALID][350/388], Elapsed 1m 26s (remain 0m 9s), Accuracy: 37.500(47.436), Batch Loss: 1.0615, Average Loss: 1.2333
[GPU cuda:1][VALID][387/388], Elapsed 1m 34s (remain 0m 0s), Accuracy: 25.000(47.423), Batch Loss: 1.4310, Average Loss: 1.2336
Valid Labels Samples: [2 0 1 4 1 0 3 1 4 3]
Valid Predictions Samples: [3, 0, 2, 4, 2, 0, 4, 2, 4, 4]
Epoch 1 - Train Average Loss: 55.919, Valid Average Loss: 47.423, Epoch Time: 797.951s
Epoch 1 - Accuracy: 0.475, Precision: 0.471, Recall: 0.475
Saved Best Model: 0.47
[GPU cuda:1][TRAIN] Epoch: [2][0/2480], Elapsed 0m 0s (remain 25m 39s), Accuracy: 60.000(60.000), Loss: 0.980(0.980), LR: 0.000038
[GPU cuda:1][TRAIN] Epoch: [2][50/2480], Elapsed 0m 14s (remain 11m 53s), Accuracy: 60.000(56.078), Loss: 1.039(1.021), LR: 0.000039
[GPU cuda:1][TRAIN] Epoch: [2][100/2480], Elapsed 0m 29s (remain 11m 28s), Accuracy: 80.000(60.396), Loss: 1.013(0.946), LR: 0.000040
[GPU cuda:1][TRAIN] Epoch: [2][150/2480], Elapsed 0m 43s (remain 11m 10s), Accuracy: 60.000(61.854), Loss: 1.103(0.920), LR: 0.000041
[GPU cuda:1][TRAIN] Epoch: [2][200/2480], Elapsed 0m 57s (remain 10m 53s), Accuracy: 60.000(60.597), Loss: 1.085(0.941), LR: 0.000043
[GPU cuda:1][TRAIN] Epoch: [2][250/2480], Elapsed 1m 11s (remain 10m 38s), Accuracy: 60.000(61.036), Loss: 0.540(0.917), LR: 0.000044
[GPU cuda:1][TRAIN] Epoch: [2][300/2480], Elapsed 1m 26s (remain 10m 23s), Accuracy: 20.000(60.930), Loss: 1.320(0.907), LR: 0.000045
[GPU cuda:1][TRAIN] Epoch: [2][350/2480], Elapsed 1m 40s (remain 10m 8s), Accuracy: 100.000(61.026), Loss: 0.458(0.912), LR: 0.000046
[GPU cuda:1][TRAIN] Epoch: [2][400/2480], Elapsed 1m 54s (remain 9m 53s), Accuracy: 40.000(60.848), Loss: 1.033(0.914), LR: 0.000047
[GPU cuda:1][TRAIN] Epoch: [2][450/2480], Elapsed 2m 8s (remain 9m 39s), Accuracy: 40.000(60.976), Loss: 1.018(0.909), LR: 0.000049
[GPU cuda:1][TRAIN] Epoch: [2][500/2480], Elapsed 2m 22s (remain 9m 24s), Accuracy: 40.000(61.437), Loss: 1.208(0.898), LR: 0.000050
[GPU cuda:1][TRAIN] Epoch: [2][550/2480], Elapsed 2m 37s (remain 9m 10s), Accuracy: 100.000(61.307), Loss: 0.576(0.911), LR: 0.000051
[GPU cuda:1][TRAIN] Epoch: [2][600/2480], Elapsed 2m 51s (remain 8m 55s), Accuracy: 100.000(61.498), Loss: 0.118(0.911), LR: 0.000052
[GPU cuda:1][TRAIN] Epoch: [2][650/2480], Elapsed 3m 5s (remain 8m 41s), Accuracy: 100.000(61.628), Loss: 0.137(0.910), LR: 0.000054
[GPU cuda:1][TRAIN] Epoch: [2][700/2480], Elapsed 3m 19s (remain 8m 27s), Accuracy: 40.000(61.683), Loss: 1.045(0.915), LR: 0.000055
[GPU cuda:1][TRAIN] Epoch: [2][750/2480], Elapsed 3m 34s (remain 8m 12s), Accuracy: 80.000(61.811), Loss: 0.676(0.916), LR: 0.000056
[GPU cuda:1][TRAIN] Epoch: [2][800/2480], Elapsed 3m 48s (remain 7m 58s), Accuracy: 60.000(62.372), Loss: 1.140(0.905), LR: 0.000058
[GPU cuda:1][TRAIN] Epoch: [2][850/2480], Elapsed 4m 2s (remain 7m 44s), Accuracy: 40.000(62.444), Loss: 0.971(0.901), LR: 0.000059
[GPU cuda:1][TRAIN] Epoch: [2][900/2480], Elapsed 4m 16s (remain 7m 30s), Accuracy: 20.000(62.553), Loss: 1.687(0.901), LR: 0.000060
[GPU cuda:1][TRAIN] Epoch: [2][950/2480], Elapsed 4m 31s (remain 7m 15s), Accuracy: 80.000(62.166), Loss: 0.910(0.908), LR: 0.000062
[GPU cuda:1][TRAIN] Epoch: [2][1000/2480], Elapsed 4m 45s (remain 7m 1s), Accuracy: 20.000(61.918), Loss: 1.224(0.910), LR: 0.000063
[GPU cuda:1][TRAIN] Epoch: [2][1050/2480], Elapsed 4m 59s (remain 6m 47s), Accuracy: 20.000(61.560), Loss: 1.499(0.916), LR: 0.000065
[GPU cuda:1][TRAIN] Epoch: [2][1100/2480], Elapsed 5m 13s (remain 6m 33s), Accuracy: 80.000(61.671), Loss: 0.514(0.913), LR: 0.000066
[GPU cuda:1][TRAIN] Epoch: [2][1150/2480], Elapsed 5m 28s (remain 6m 18s), Accuracy: 20.000(61.581), Loss: 1.296(0.912), LR: 0.000067
[GPU cuda:1][TRAIN] Epoch: [2][1200/2480], Elapsed 5m 42s (remain 6m 4s), Accuracy: 80.000(61.749), Loss: 0.750(0.910), LR: 0.000069
[GPU cuda:1][TRAIN] Epoch: [2][1250/2480], Elapsed 5m 56s (remain 5m 50s), Accuracy: 40.000(61.583), Loss: 1.057(0.912), LR: 0.000070
[GPU cuda:1][TRAIN] Epoch: [2][1300/2480], Elapsed 6m 10s (remain 5m 36s), Accuracy: 60.000(61.583), Loss: 1.283(0.912), LR: 0.000072
[GPU cuda:1][TRAIN] Epoch: [2][1350/2480], Elapsed 6m 25s (remain 5m 21s), Accuracy: 80.000(61.688), Loss: 0.876(0.911), LR: 0.000073
[GPU cuda:1][TRAIN] Epoch: [2][1400/2480], Elapsed 6m 39s (remain 5m 7s), Accuracy: 100.000(61.713), Loss: 0.344(0.914), LR: 0.000075
[GPU cuda:1][TRAIN] Epoch: [2][1450/2480], Elapsed 6m 53s (remain 4m 53s), Accuracy: 80.000(61.806), Loss: 0.681(0.914), LR: 0.000076
[GPU cuda:1][TRAIN] Epoch: [2][1500/2480], Elapsed 7m 7s (remain 4m 39s), Accuracy: 80.000(61.839), Loss: 0.387(0.914), LR: 0.000078
[GPU cuda:1][TRAIN] Epoch: [2][1550/2480], Elapsed 7m 22s (remain 4m 24s), Accuracy: 60.000(61.818), Loss: 0.633(0.913), LR: 0.000079
[GPU cuda:1][TRAIN] Epoch: [2][1600/2480], Elapsed 7m 36s (remain 4m 10s), Accuracy: 80.000(61.786), Loss: 0.842(0.913), LR: 0.000081
[GPU cuda:1][TRAIN] Epoch: [2][1650/2480], Elapsed 7m 50s (remain 3m 56s), Accuracy: 100.000(61.950), Loss: 0.305(0.908), LR: 0.000082
[GPU cuda:1][TRAIN] Epoch: [2][1700/2480], Elapsed 8m 4s (remain 3m 41s), Accuracy: 80.000(61.975), Loss: 0.854(0.908), LR: 0.000084
[GPU cuda:1][TRAIN] Epoch: [2][1750/2480], Elapsed 8m 18s (remain 3m 27s), Accuracy: 20.000(61.976), Loss: 1.410(0.908), LR: 0.000086
[GPU cuda:1][TRAIN] Epoch: [2][1800/2480], Elapsed 8m 33s (remain 3m 13s), Accuracy: 60.000(61.932), Loss: 0.780(0.906), LR: 0.000087
[GPU cuda:1][TRAIN] Epoch: [2][1850/2480], Elapsed 8m 47s (remain 2m 59s), Accuracy: 20.000(61.772), Loss: 1.281(0.907), LR: 0.000089
[GPU cuda:1][TRAIN] Epoch: [2][1900/2480], Elapsed 9m 1s (remain 2m 44s), Accuracy: 40.000(61.599), Loss: 0.869(0.911), LR: 0.000090
[GPU cuda:1][TRAIN] Epoch: [2][1950/2480], Elapsed 9m 15s (remain 2m 30s), Accuracy: 60.000(61.394), Loss: 0.727(0.914), LR: 0.000092
[GPU cuda:1][TRAIN] Epoch: [2][2000/2480], Elapsed 9m 29s (remain 2m 16s), Accuracy: 40.000(61.459), Loss: 1.195(0.914), LR: 0.000093
[GPU cuda:1][TRAIN] Epoch: [2][2050/2480], Elapsed 9m 44s (remain 2m 2s), Accuracy: 40.000(61.307), Loss: 1.049(0.916), LR: 0.000095
[GPU cuda:1][TRAIN] Epoch: [2][2100/2480], Elapsed 9m 58s (remain 1m 47s), Accuracy: 60.000(61.437), Loss: 1.138(0.914), LR: 0.000097
[GPU cuda:1][TRAIN] Epoch: [2][2150/2480], Elapsed 10m 12s (remain 1m 33s), Accuracy: 20.000(61.423), Loss: 1.313(0.913), LR: 0.000098
[GPU cuda:1][TRAIN] Epoch: [2][2200/2480], Elapsed 10m 26s (remain 1m 19s), Accuracy: 80.000(61.545), Loss: 0.772(0.912), LR: 0.000100
[GPU cuda:1][TRAIN] Epoch: [2][2250/2480], Elapsed 10m 41s (remain 1m 5s), Accuracy: 60.000(61.537), Loss: 0.671(0.911), LR: 0.000102
[GPU cuda:1][TRAIN] Epoch: [2][2300/2480], Elapsed 10m 55s (remain 0m 50s), Accuracy: 60.000(61.495), Loss: 0.600(0.912), LR: 0.000103
[GPU cuda:1][TRAIN] Epoch: [2][2350/2480], Elapsed 11m 9s (remain 0m 36s), Accuracy: 60.000(61.574), Loss: 0.754(0.912), LR: 0.000105
[GPU cuda:1][TRAIN] Epoch: [2][2400/2480], Elapsed 11m 23s (remain 0m 22s), Accuracy: 40.000(61.599), Loss: 1.587(0.912), LR: 0.000107
[GPU cuda:1][TRAIN] Epoch: [2][2450/2480], Elapsed 11m 37s (remain 0m 8s), Accuracy: 100.000(61.754), Loss: 0.374(0.911), LR: 0.000108
[GPU cuda:1][TRAIN] Epoch: [2][2479/2480], Elapsed 11m 45s (remain 0m 0s), Accuracy: 40.000(61.798), Loss: 1.318(0.910), LR: 0.000109
[GPU cuda:1][VALID][0/388], Elapsed 0m 0s (remain 3m 13s), Accuracy: 62.500(62.500), Batch Loss: 1.0080, Average Loss: 1.0080
[GPU cuda:1][VALID][50/388], Elapsed 0m 12s (remain 1m 23s), Accuracy: 50.000(57.353), Batch Loss: 0.8397, Average Loss: 0.9986
[GPU cuda:1][VALID][100/388], Elapsed 0m 24s (remain 1m 10s), Accuracy: 62.500(57.302), Batch Loss: 0.7181, Average Loss: 0.9943
[GPU cuda:1][VALID][150/388], Elapsed 0m 36s (remain 0m 57s), Accuracy: 50.000(56.126), Batch Loss: 1.2664, Average Loss: 1.0131
[GPU cuda:1][VALID][200/388], Elapsed 0m 49s (remain 0m 45s), Accuracy: 75.000(55.970), Batch Loss: 0.6244, Average Loss: 1.0168
[GPU cuda:1][VALID][250/388], Elapsed 1m 1s (remain 0m 33s), Accuracy: 37.500(55.876), Batch Loss: 1.1625, Average Loss: 1.0236
[GPU cuda:1][VALID][300/388], Elapsed 1m 13s (remain 0m 21s), Accuracy: 25.000(55.939), Batch Loss: 1.6544, Average Loss: 1.0208
[GPU cuda:1][VALID][350/388], Elapsed 1m 25s (remain 0m 9s), Accuracy: 50.000(56.125), Batch Loss: 0.9630, Average Loss: 1.0216
[GPU cuda:1][VALID][387/388], Elapsed 1m 34s (remain 0m 0s), Accuracy: 25.000(55.702), Batch Loss: 1.2100, Average Loss: 1.0256
Valid Labels Samples: [2 0 1 4 1 0 3 1 4 3]
Valid Predictions Samples: [3, 0, 0, 4, 1, 0, 3, 2, 4, 0]
Epoch 2 - Train Average Loss: 61.798, Valid Average Loss: 55.702, Epoch Time: 803.042s
Epoch 2 - Accuracy: 0.557, Precision: 0.573, Recall: 0.557
Saved Best Model: 0.56
[GPU cuda:1][TRAIN] Epoch: [3][0/2480], Elapsed 0m 0s (remain 26m 3s), Accuracy: 80.000(80.000), Loss: 0.711(0.711), LR: 0.000109
[GPU cuda:1][TRAIN] Epoch: [3][50/2480], Elapsed 0m 15s (remain 11m 56s), Accuracy: 40.000(61.176), Loss: 1.032(0.851), LR: 0.000111
[GPU cuda:1][TRAIN] Epoch: [3][100/2480], Elapsed 0m 29s (remain 11m 29s), Accuracy: 80.000(64.158), Loss: 0.968(0.829), LR: 0.000113
[GPU cuda:1][TRAIN] Epoch: [3][150/2480], Elapsed 0m 43s (remain 11m 10s), Accuracy: 40.000(63.841), Loss: 1.050(0.840), LR: 0.000114
[GPU cuda:1][TRAIN] Epoch: [3][200/2480], Elapsed 0m 57s (remain 10m 54s), Accuracy: 60.000(62.388), Loss: 0.966(0.892), LR: 0.000116
[GPU cuda:1][TRAIN] Epoch: [3][250/2480], Elapsed 1m 11s (remain 10m 38s), Accuracy: 80.000(61.195), Loss: 0.487(0.913), LR: 0.000118
[GPU cuda:1][TRAIN] Epoch: [3][300/2480], Elapsed 1m 26s (remain 10m 22s), Accuracy: 0.000(60.000), Loss: 1.771(0.925), LR: 0.000119
[GPU cuda:1][TRAIN] Epoch: [3][350/2480], Elapsed 1m 40s (remain 10m 7s), Accuracy: 100.000(59.658), Loss: 0.729(0.939), LR: 0.000121
[GPU cuda:1][TRAIN] Epoch: [3][400/2480], Elapsed 1m 54s (remain 9m 53s), Accuracy: 40.000(59.950), Loss: 0.867(0.943), LR: 0.000123
[GPU cuda:1][TRAIN] Epoch: [3][450/2480], Elapsed 2m 8s (remain 9m 38s), Accuracy: 60.000(60.355), Loss: 0.928(0.939), LR: 0.000124
[GPU cuda:1][TRAIN] Epoch: [3][500/2480], Elapsed 2m 22s (remain 9m 23s), Accuracy: 20.000(60.559), Loss: 1.408(0.931), LR: 0.000126
[GPU cuda:1][TRAIN] Epoch: [3][550/2480], Elapsed 2m 36s (remain 9m 9s), Accuracy: 100.000(60.109), Loss: 0.310(0.940), LR: 0.000128
[GPU cuda:1][TRAIN] Epoch: [3][600/2480], Elapsed 2m 51s (remain 8m 54s), Accuracy: 60.000(59.834), Loss: 1.093(0.949), LR: 0.000129
[GPU cuda:1][TRAIN] Epoch: [3][650/2480], Elapsed 3m 5s (remain 8m 40s), Accuracy: 100.000(59.785), Loss: 0.118(0.951), LR: 0.000131
[GPU cuda:1][TRAIN] Epoch: [3][700/2480], Elapsed 3m 19s (remain 8m 26s), Accuracy: 20.000(59.572), Loss: 1.204(0.956), LR: 0.000133
[GPU cuda:1][TRAIN] Epoch: [3][750/2480], Elapsed 3m 33s (remain 8m 11s), Accuracy: 80.000(59.467), Loss: 0.532(0.958), LR: 0.000134
[GPU cuda:1][TRAIN] Epoch: [3][800/2480], Elapsed 3m 47s (remain 7m 57s), Accuracy: 60.000(59.800), Loss: 0.744(0.954), LR: 0.000136
[GPU cuda:1][TRAIN] Epoch: [3][850/2480], Elapsed 4m 1s (remain 7m 43s), Accuracy: 40.000(60.235), Loss: 1.718(0.947), LR: 0.000138
[GPU cuda:1][TRAIN] Epoch: [3][900/2480], Elapsed 4m 16s (remain 7m 28s), Accuracy: 20.000(59.179), Loss: 1.699(0.965), LR: 0.000140
[GPU cuda:1][TRAIN] Epoch: [3][950/2480], Elapsed 4m 30s (remain 7m 14s), Accuracy: 60.000(58.864), Loss: 1.021(0.966), LR: 0.000141
[GPU cuda:1][TRAIN] Epoch: [3][1000/2480], Elapsed 4m 44s (remain 7m 0s), Accuracy: 20.000(58.721), Loss: 1.441(0.965), LR: 0.000143
[GPU cuda:1][TRAIN] Epoch: [3][1050/2480], Elapsed 4m 58s (remain 6m 45s), Accuracy: 20.000(58.516), Loss: 1.314(0.971), LR: 0.000145
[GPU cuda:1][TRAIN] Epoch: [3][1100/2480], Elapsed 5m 12s (remain 6m 31s), Accuracy: 80.000(58.728), Loss: 0.397(0.967), LR: 0.000146
[GPU cuda:1][TRAIN] Epoch: [3][1150/2480], Elapsed 5m 26s (remain 6m 17s), Accuracy: 40.000(58.923), Loss: 1.245(0.962), LR: 0.000148
[GPU cuda:1][TRAIN] Epoch: [3][1200/2480], Elapsed 5m 41s (remain 6m 3s), Accuracy: 80.000(58.834), Loss: 0.890(0.965), LR: 0.000150
[GPU cuda:1][TRAIN] Epoch: [3][1250/2480], Elapsed 5m 55s (remain 5m 48s), Accuracy: 60.000(58.881), Loss: 0.740(0.965), LR: 0.000151
[GPU cuda:1][TRAIN] Epoch: [3][1300/2480], Elapsed 6m 9s (remain 5m 34s), Accuracy: 80.000(58.893), Loss: 1.017(0.965), LR: 0.000153
[GPU cuda:1][TRAIN] Epoch: [3][1350/2480], Elapsed 6m 23s (remain 5m 20s), Accuracy: 100.000(58.979), Loss: 0.245(0.963), LR: 0.000155
[GPU cuda:1][TRAIN] Epoch: [3][1400/2480], Elapsed 6m 37s (remain 5m 6s), Accuracy: 80.000(59.001), Loss: 0.540(0.964), LR: 0.000156
[GPU cuda:1][TRAIN] Epoch: [3][1450/2480], Elapsed 6m 51s (remain 4m 52s), Accuracy: 100.000(59.118), Loss: 0.550(0.963), LR: 0.000158
[GPU cuda:1][TRAIN] Epoch: [3][1500/2480], Elapsed 7m 6s (remain 4m 37s), Accuracy: 80.000(59.187), Loss: 0.565(0.961), LR: 0.000159
[GPU cuda:1][TRAIN] Epoch: [3][1550/2480], Elapsed 7m 20s (remain 4m 23s), Accuracy: 80.000(59.097), Loss: 0.539(0.960), LR: 0.000161
[GPU cuda:1][TRAIN] Epoch: [3][1600/2480], Elapsed 7m 34s (remain 4m 9s), Accuracy: 80.000(59.176), Loss: 0.745(0.958), LR: 0.000163
[GPU cuda:1][TRAIN] Epoch: [3][1650/2480], Elapsed 7m 48s (remain 3m 55s), Accuracy: 60.000(59.188), Loss: 0.932(0.957), LR: 0.000164
[GPU cuda:1][TRAIN] Epoch: [3][1700/2480], Elapsed 8m 2s (remain 3m 41s), Accuracy: 40.000(59.071), Loss: 1.269(0.961), LR: 0.000166
[GPU cuda:1][TRAIN] Epoch: [3][1750/2480], Elapsed 8m 16s (remain 3m 26s), Accuracy: 20.000(58.995), Loss: 1.899(0.963), LR: 0.000168
[GPU cuda:1][TRAIN] Epoch: [3][1800/2480], Elapsed 8m 30s (remain 3m 12s), Accuracy: 60.000(58.890), Loss: 0.970(0.965), LR: 0.000169
[GPU cuda:1][TRAIN] Epoch: [3][1850/2480], Elapsed 8m 45s (remain 2m 58s), Accuracy: 60.000(58.876), Loss: 1.100(0.964), LR: 0.000171
[GPU cuda:1][TRAIN] Epoch: [3][1900/2480], Elapsed 8m 59s (remain 2m 44s), Accuracy: 60.000(58.738), Loss: 0.985(0.966), LR: 0.000172
[GPU cuda:1][TRAIN] Epoch: [3][1950/2480], Elapsed 9m 13s (remain 2m 30s), Accuracy: 60.000(58.575), Loss: 0.881(0.969), LR: 0.000174
[GPU cuda:1][TRAIN] Epoch: [3][2000/2480], Elapsed 9m 27s (remain 2m 15s), Accuracy: 20.000(58.711), Loss: 1.379(0.968), LR: 0.000176
[GPU cuda:1][TRAIN] Epoch: [3][2050/2480], Elapsed 9m 41s (remain 2m 1s), Accuracy: 40.000(58.674), Loss: 1.132(0.969), LR: 0.000177
[GPU cuda:1][TRAIN] Epoch: [3][2100/2480], Elapsed 9m 55s (remain 1m 47s), Accuracy: 60.000(58.820), Loss: 0.817(0.966), LR: 0.000179
[GPU cuda:1][TRAIN] Epoch: [3][2150/2480], Elapsed 10m 10s (remain 1m 33s), Accuracy: 60.000(58.996), Loss: 1.216(0.963), LR: 0.000180
[GPU cuda:1][TRAIN] Epoch: [3][2200/2480], Elapsed 10m 24s (remain 1m 19s), Accuracy: 60.000(59.109), Loss: 0.934(0.960), LR: 0.000182
[GPU cuda:1][TRAIN] Epoch: [3][2250/2480], Elapsed 10m 38s (remain 1m 4s), Accuracy: 40.000(59.058), Loss: 0.763(0.960), LR: 0.000183
[GPU cuda:1][TRAIN] Epoch: [3][2300/2480], Elapsed 10m 52s (remain 0m 50s), Accuracy: 60.000(58.940), Loss: 1.201(0.963), LR: 0.000185
[GPU cuda:1][TRAIN] Epoch: [3][2350/2480], Elapsed 11m 6s (remain 0m 36s), Accuracy: 40.000(58.792), Loss: 1.293(0.966), LR: 0.000186
[GPU cuda:1][TRAIN] Epoch: [3][2400/2480], Elapsed 11m 21s (remain 0m 22s), Accuracy: 40.000(58.692), Loss: 1.216(0.969), LR: 0.000188
[GPU cuda:1][TRAIN] Epoch: [3][2450/2480], Elapsed 11m 35s (remain 0m 8s), Accuracy: 40.000(58.792), Loss: 1.167(0.968), LR: 0.000189
[GPU cuda:1][TRAIN] Epoch: [3][2479/2480], Elapsed 11m 43s (remain 0m 0s), Accuracy: 60.000(58.726), Loss: 1.021(0.970), LR: 0.000190
[GPU cuda:1][VALID][0/388], Elapsed 0m 0s (remain 3m 17s), Accuracy: 62.500(62.500), Batch Loss: 0.8713, Average Loss: 0.8713
[GPU cuda:1][VALID][50/388], Elapsed 0m 12s (remain 1m 22s), Accuracy: 75.000(55.637), Batch Loss: 0.6782, Average Loss: 0.9801
[GPU cuda:1][VALID][100/388], Elapsed 0m 24s (remain 1m 10s), Accuracy: 50.000(53.589), Batch Loss: 1.1672, Average Loss: 1.0129
[GPU cuda:1][VALID][150/388], Elapsed 0m 36s (remain 0m 57s), Accuracy: 62.500(52.152), Batch Loss: 0.9779, Average Loss: 1.0321
[GPU cuda:1][VALID][200/388], Elapsed 0m 48s (remain 0m 45s), Accuracy: 50.000(52.052), Batch Loss: 1.1544, Average Loss: 1.0297
[GPU cuda:1][VALID][250/388], Elapsed 1m 1s (remain 0m 33s), Accuracy: 25.000(51.295), Batch Loss: 1.2022, Average Loss: 1.0320
[GPU cuda:1][VALID][300/388], Elapsed 1m 13s (remain 0m 21s), Accuracy: 25.000(51.703), Batch Loss: 1.4130, Average Loss: 1.0288
[GPU cuda:1][VALID][350/388], Elapsed 1m 25s (remain 0m 9s), Accuracy: 50.000(51.852), Batch Loss: 1.2041, Average Loss: 1.0346
[GPU cuda:1][VALID][387/388], Elapsed 1m 34s (remain 0m 0s), Accuracy: 25.000(51.836), Batch Loss: 1.4651, Average Loss: 1.0308
Valid Labels Samples: [2 0 1 4 1 0 3 1 4 3]
Valid Predictions Samples: [2, 0, 2, 4, 1, 0, 2, 2, 4, 0]
Epoch 3 - Train Average Loss: 58.726, Valid Average Loss: 51.836, Epoch Time: 800.263s
Epoch 3 - Accuracy: 0.519, Precision: 0.564, Recall: 0.519
[GPU cuda:1][TRAIN] Epoch: [4][0/2480], Elapsed 0m 0s (remain 26m 12s), Accuracy: 80.000(80.000), Loss: 0.873(0.873), LR: 0.000190
[GPU cuda:1][TRAIN] Epoch: [4][50/2480], Elapsed 0m 14s (remain 11m 53s), Accuracy: 60.000(52.941), Loss: 1.039(1.039), LR: 0.000192
[GPU cuda:1][TRAIN] Epoch: [4][100/2480], Elapsed 0m 29s (remain 11m 27s), Accuracy: 60.000(56.634), Loss: 0.805(1.001), LR: 0.000193
[GPU cuda:1][TRAIN] Epoch: [4][150/2480], Elapsed 0m 43s (remain 11m 8s), Accuracy: 60.000(56.954), Loss: 1.119(0.994), LR: 0.000194
[GPU cuda:1][TRAIN] Epoch: [4][200/2480], Elapsed 0m 57s (remain 10m 52s), Accuracy: 20.000(56.418), Loss: 1.576(1.011), LR: 0.000196
[GPU cuda:1][TRAIN] Epoch: [4][250/2480], Elapsed 1m 11s (remain 10m 36s), Accuracy: 80.000(57.689), Loss: 0.490(0.991), LR: 0.000197
[GPU cuda:1][TRAIN] Epoch: [4][300/2480], Elapsed 1m 25s (remain 10m 21s), Accuracy: 20.000(58.272), Loss: 1.436(0.975), LR: 0.000199
[GPU cuda:1][TRAIN] Epoch: [4][350/2480], Elapsed 1m 40s (remain 10m 6s), Accuracy: 80.000(58.632), Loss: 0.355(0.962), LR: 0.000200
[GPU cuda:1][TRAIN] Epoch: [4][400/2480], Elapsed 1m 54s (remain 9m 52s), Accuracy: 60.000(59.152), Loss: 0.774(0.962), LR: 0.000201
[GPU cuda:1][TRAIN] Epoch: [4][450/2480], Elapsed 2m 8s (remain 9m 37s), Accuracy: 60.000(59.645), Loss: 1.060(0.957), LR: 0.000203
[GPU cuda:1][TRAIN] Epoch: [4][500/2480], Elapsed 2m 22s (remain 9m 23s), Accuracy: 40.000(59.242), Loss: 1.535(0.956), LR: 0.000204
[GPU cuda:1][TRAIN] Epoch: [4][550/2480], Elapsed 2m 36s (remain 9m 8s), Accuracy: 100.000(59.310), Loss: 0.355(0.956), LR: 0.000205
[GPU cuda:1][TRAIN] Epoch: [4][600/2480], Elapsed 2m 50s (remain 8m 54s), Accuracy: 80.000(59.334), Loss: 0.385(0.953), LR: 0.000207
[GPU cuda:1][TRAIN] Epoch: [4][650/2480], Elapsed 3m 4s (remain 8m 39s), Accuracy: 80.000(59.386), Loss: 0.426(0.953), LR: 0.000208
[GPU cuda:1][TRAIN] Epoch: [4][700/2480], Elapsed 3m 19s (remain 8m 25s), Accuracy: 60.000(58.773), Loss: 0.803(0.965), LR: 0.000209
[GPU cuda:1][TRAIN] Epoch: [4][750/2480], Elapsed 3m 33s (remain 8m 11s), Accuracy: 60.000(58.429), Loss: 1.058(0.970), LR: 0.000210
[GPU cuda:1][TRAIN] Epoch: [4][800/2480], Elapsed 3m 47s (remain 7m 56s), Accuracy: 80.000(58.502), Loss: 0.653(0.968), LR: 0.000212
[GPU cuda:1][TRAIN] Epoch: [4][850/2480], Elapsed 4m 1s (remain 7m 42s), Accuracy: 60.000(58.778), Loss: 1.136(0.960), LR: 0.000213
[GPU cuda:1][TRAIN] Epoch: [4][900/2480], Elapsed 4m 15s (remain 7m 28s), Accuracy: 60.000(58.935), Loss: 1.043(0.961), LR: 0.000214
[GPU cuda:1][TRAIN] Epoch: [4][950/2480], Elapsed 4m 30s (remain 7m 14s), Accuracy: 40.000(58.864), Loss: 1.023(0.960), LR: 0.000215
[GPU cuda:1][TRAIN] Epoch: [4][1000/2480], Elapsed 4m 44s (remain 7m 0s), Accuracy: 80.000(58.601), Loss: 1.086(0.961), LR: 0.000217
[GPU cuda:1][TRAIN] Epoch: [4][1050/2480], Elapsed 4m 58s (remain 6m 45s), Accuracy: 40.000(58.668), Loss: 1.103(0.961), LR: 0.000218
[GPU cuda:1][TRAIN] Epoch: [4][1100/2480], Elapsed 5m 12s (remain 6m 31s), Accuracy: 80.000(58.783), Loss: 0.321(0.956), LR: 0.000219
[GPU cuda:1][TRAIN] Epoch: [4][1150/2480], Elapsed 5m 26s (remain 6m 17s), Accuracy: 20.000(58.923), Loss: 1.311(0.953), LR: 0.000220
[GPU cuda:1][TRAIN] Epoch: [4][1200/2480], Elapsed 5m 41s (remain 6m 3s), Accuracy: 80.000(58.668), Loss: 1.016(0.962), LR: 0.000221
[GPU cuda:1][TRAIN] Epoch: [4][1250/2480], Elapsed 5m 55s (remain 5m 49s), Accuracy: 40.000(58.673), Loss: 1.094(0.962), LR: 0.000222
[GPU cuda:1][TRAIN] Epoch: [4][1300/2480], Elapsed 6m 9s (remain 5m 34s), Accuracy: 40.000(58.909), Loss: 1.793(0.959), LR: 0.000223
[GPU cuda:1][TRAIN] Epoch: [4][1350/2480], Elapsed 6m 23s (remain 5m 20s), Accuracy: 60.000(58.964), Loss: 1.036(0.962), LR: 0.000224
[GPU cuda:1][TRAIN] Epoch: [4][1400/2480], Elapsed 6m 37s (remain 5m 6s), Accuracy: 80.000(58.829), Loss: 0.532(0.967), LR: 0.000225
[GPU cuda:1][TRAIN] Epoch: [4][1450/2480], Elapsed 6m 52s (remain 4m 52s), Accuracy: 80.000(58.815), Loss: 1.090(0.967), LR: 0.000226
[GPU cuda:1][TRAIN] Epoch: [4][1500/2480], Elapsed 7m 6s (remain 4m 38s), Accuracy: 100.000(58.654), Loss: 0.315(0.968), LR: 0.000227
[GPU cuda:1][TRAIN] Epoch: [4][1550/2480], Elapsed 7m 20s (remain 4m 23s), Accuracy: 60.000(58.556), Loss: 0.663(0.971), LR: 0.000228
[GPU cuda:1][TRAIN] Epoch: [4][1600/2480], Elapsed 7m 34s (remain 4m 9s), Accuracy: 40.000(58.613), Loss: 1.069(0.968), LR: 0.000229
[GPU cuda:1][TRAIN] Epoch: [4][1650/2480], Elapsed 7m 48s (remain 3m 55s), Accuracy: 60.000(58.619), Loss: 0.844(0.968), LR: 0.000230
[GPU cuda:1][TRAIN] Epoch: [4][1700/2480], Elapsed 8m 3s (remain 3m 41s), Accuracy: 40.000(58.542), Loss: 1.047(0.969), LR: 0.000231
[GPU cuda:1][TRAIN] Epoch: [4][1750/2480], Elapsed 8m 17s (remain 3m 27s), Accuracy: 60.000(58.469), Loss: 0.988(0.972), LR: 0.000232
[GPU cuda:1][TRAIN] Epoch: [4][1800/2480], Elapsed 8m 31s (remain 3m 12s), Accuracy: 60.000(58.468), Loss: 0.566(0.971), LR: 0.000233
[GPU cuda:1][TRAIN] Epoch: [4][1850/2480], Elapsed 8m 45s (remain 2m 58s), Accuracy: 40.000(58.293), Loss: 1.363(0.973), LR: 0.000234
[GPU cuda:1][TRAIN] Epoch: [4][1900/2480], Elapsed 8m 59s (remain 2m 44s), Accuracy: 20.000(58.285), Loss: 1.566(0.972), LR: 0.000235
[GPU cuda:1][TRAIN] Epoch: [4][1950/2480], Elapsed 9m 14s (remain 2m 30s), Accuracy: 60.000(58.083), Loss: 0.826(0.977), LR: 0.000235
[GPU cuda:1][TRAIN] Epoch: [4][2000/2480], Elapsed 9m 28s (remain 2m 16s), Accuracy: 40.000(58.171), Loss: 1.118(0.977), LR: 0.000236
[GPU cuda:1][TRAIN] Epoch: [4][2050/2480], Elapsed 9m 42s (remain 2m 1s), Accuracy: 40.000(58.245), Loss: 1.289(0.977), LR: 0.000237
[GPU cuda:1][TRAIN] Epoch: [4][2100/2480], Elapsed 9m 56s (remain 1m 47s), Accuracy: 40.000(58.363), Loss: 0.973(0.975), LR: 0.000238
[GPU cuda:1][TRAIN] Epoch: [4][2150/2480], Elapsed 10m 11s (remain 1m 33s), Accuracy: 60.000(58.522), Loss: 1.155(0.972), LR: 0.000238
[GPU cuda:1][TRAIN] Epoch: [4][2200/2480], Elapsed 10m 25s (remain 1m 19s), Accuracy: 80.000(58.646), Loss: 0.683(0.970), LR: 0.000239
[GPU cuda:1][TRAIN] Epoch: [4][2250/2480], Elapsed 10m 39s (remain 1m 5s), Accuracy: 40.000(58.596), Loss: 1.017(0.970), LR: 0.000240
[GPU cuda:1][TRAIN] Epoch: [4][2300/2480], Elapsed 10m 53s (remain 0m 50s), Accuracy: 80.000(58.688), Loss: 0.510(0.968), LR: 0.000241
[GPU cuda:1][TRAIN] Epoch: [4][2350/2480], Elapsed 11m 8s (remain 0m 36s), Accuracy: 40.000(58.749), Loss: 0.853(0.968), LR: 0.000241
[GPU cuda:1][TRAIN] Epoch: [4][2400/2480], Elapsed 11m 22s (remain 0m 22s), Accuracy: 80.000(58.934), Loss: 1.116(0.966), LR: 0.000242
[GPU cuda:1][TRAIN] Epoch: [4][2450/2480], Elapsed 11m 36s (remain 0m 8s), Accuracy: 100.000(58.980), Loss: 0.468(0.966), LR: 0.000242
[GPU cuda:1][TRAIN] Epoch: [4][2479/2480], Elapsed 11m 44s (remain 0m 0s), Accuracy: 60.000(58.960), Loss: 1.046(0.966), LR: 0.000243
[GPU cuda:1][VALID][0/388], Elapsed 0m 0s (remain 3m 25s), Accuracy: 50.000(50.000), Batch Loss: 1.1798, Average Loss: 1.1798
[GPU cuda:1][VALID][50/388], Elapsed 0m 12s (remain 1m 23s), Accuracy: 75.000(49.510), Batch Loss: 0.6152, Average Loss: 1.1320
[GPU cuda:1][VALID][100/388], Elapsed 0m 24s (remain 1m 10s), Accuracy: 37.500(47.772), Batch Loss: 1.0441, Average Loss: 1.1712
[GPU cuda:1][VALID][150/388], Elapsed 0m 37s (remain 0m 58s), Accuracy: 50.000(47.351), Batch Loss: 1.1372, Average Loss: 1.1984
[GPU cuda:1][VALID][200/388], Elapsed 0m 49s (remain 0m 45s), Accuracy: 50.000(47.201), Batch Loss: 0.9409, Average Loss: 1.2092
[GPU cuda:1][VALID][250/388], Elapsed 1m 1s (remain 0m 33s), Accuracy: 37.500(47.261), Batch Loss: 1.3239, Average Loss: 1.2026
[GPU cuda:1][VALID][300/388], Elapsed 1m 14s (remain 0m 21s), Accuracy: 25.000(47.550), Batch Loss: 1.5918, Average Loss: 1.2017
[GPU cuda:1][VALID][350/388], Elapsed 1m 26s (remain 0m 9s), Accuracy: 50.000(47.650), Batch Loss: 0.8917, Average Loss: 1.2081
[GPU cuda:1][VALID][387/388], Elapsed 1m 35s (remain 0m 0s), Accuracy: 25.000(47.584), Batch Loss: 1.4675, Average Loss: 1.2091
Valid Labels Samples: [2 0 1 4 1 0 3 1 4 3]
Valid Predictions Samples: [4, 0, 1, 4, 1, 1, 4, 2, 4, 0]
Epoch 4 - Train Average Loss: 58.960, Valid Average Loss: 47.584, Epoch Time: 802.300s
Epoch 4 - Accuracy: 0.476, Precision: 0.458, Recall: 0.476
