[GPU 1]: Config File
{'id': 11, 'model_name': 'swin_large_patch4_window12_384_in22k', 'dropout': 0.5, 'size': 384, 'batch_size_t': 5, 'batch_size_v': 32, 'n_targets': 5, 'criterion': 'CrossEntropyLoss', 'gradient_accumulation_steps': 1, 'max_gradient_norm': None, 'optimizer': 'AdamW', 'scheduler': 'CosineAnnealingWarmRestarts', 'LR': 7e-05, 'T_0': 200, 'T_max': 10, 'T_mult': 2, 'min_lr': 1e-06, 'max_lr': 0.0001, 'no_batches': 'NA', 'warmup_epochs': 1, 'cosine_epochs': 14, 'epochs': 15, 'update_per_batch': True, 'num_workers': 4, 'n_folds': 5, 'train_transforms': [HorizontalFlip(always_apply=False, p=0.5), VerticalFlip(always_apply=False, p=0.5), RandomRotate90(always_apply=False, p=0.5)], 'valid_transforms': [], 'observations': None, 'use_swa': True, 'swa_lr': 0.01, 'swa_epoch': 0, 'use_sam': True, 'use_asam': True, 'asam_rho': 0.1, 'print_freq': 50, 'one_fold': True, 'use_apex': True, 'distributed_training': False, 'save_to_log': True}
================================================== Training Fold: 0 ==================================================
[GPU cuda:1][TRAIN] Epoch: [1][0/2480], Elapsed 0m 0s (remain 22m 5s), Accuracy: 0.000(0.000), Loss: 1.750(1.750), LR: 0.000070
[GPU cuda:1][TRAIN] Epoch: [1][50/2480], Elapsed 0m 14s (remain 11m 36s), Accuracy: 40.000(18.039), Loss: 1.602(1.658), LR: 0.000060
[GPU cuda:1][TRAIN] Epoch: [1][100/2480], Elapsed 0m 28s (remain 11m 18s), Accuracy: 40.000(19.802), Loss: 1.607(1.640), LR: 0.000035
[GPU cuda:1][TRAIN] Epoch: [1][150/2480], Elapsed 0m 42s (remain 11m 3s), Accuracy: 20.000(20.132), Loss: 1.618(1.632), LR: 0.000011
[GPU cuda:1][TRAIN] Epoch: [1][200/2480], Elapsed 0m 57s (remain 10m 48s), Accuracy: 0.000(19.801), Loss: 1.603(1.629), LR: 0.000070
[GPU cuda:1][TRAIN] Epoch: [1][250/2480], Elapsed 1m 11s (remain 10m 33s), Accuracy: 20.000(19.920), Loss: 1.579(1.629), LR: 0.000067
[GPU cuda:1][TRAIN] Epoch: [1][300/2480], Elapsed 1m 25s (remain 10m 19s), Accuracy: 20.000(19.402), Loss: 1.626(1.627), LR: 0.000060
[GPU cuda:1][TRAIN] Epoch: [1][350/2480], Elapsed 1m 39s (remain 10m 5s), Accuracy: 20.000(20.114), Loss: 1.500(1.625), LR: 0.000048
[GPU cuda:1][TRAIN] Epoch: [1][400/2480], Elapsed 1m 53s (remain 9m 51s), Accuracy: 40.000(20.748), Loss: 1.551(1.623), LR: 0.000035
[GPU cuda:1][TRAIN] Epoch: [1][450/2480], Elapsed 2m 8s (remain 9m 36s), Accuracy: 40.000(20.798), Loss: 1.603(1.622), LR: 0.000022
[GPU cuda:1][TRAIN] Epoch: [1][500/2480], Elapsed 2m 22s (remain 9m 22s), Accuracy: 20.000(20.838), Loss: 1.572(1.621), LR: 0.000011
[GPU cuda:1][TRAIN] Epoch: [1][550/2480], Elapsed 2m 36s (remain 9m 8s), Accuracy: 60.000(21.162), Loss: 1.549(1.620), LR: 0.000004
[GPU cuda:1][TRAIN] Epoch: [1][600/2480], Elapsed 2m 50s (remain 8m 53s), Accuracy: 40.000(21.265), Loss: 1.580(1.619), LR: 0.000070
[GPU cuda:1][TRAIN] Epoch: [1][650/2480], Elapsed 3m 4s (remain 8m 39s), Accuracy: 20.000(21.229), Loss: 1.566(1.619), LR: 0.000069
[GPU cuda:1][TRAIN] Epoch: [1][700/2480], Elapsed 3m 19s (remain 8m 25s), Accuracy: 0.000(21.427), Loss: 1.610(1.619), LR: 0.000067
[GPU cuda:1][TRAIN] Epoch: [1][750/2480], Elapsed 3m 33s (remain 8m 11s), Accuracy: 0.000(21.465), Loss: 1.717(1.618), LR: 0.000064
[GPU cuda:1][TRAIN] Epoch: [1][800/2480], Elapsed 3m 47s (remain 7m 56s), Accuracy: 20.000(21.648), Loss: 1.696(1.618), LR: 0.000060
[GPU cuda:1][TRAIN] Epoch: [1][850/2480], Elapsed 4m 1s (remain 7m 42s), Accuracy: 20.000(22.045), Loss: 1.661(1.617), LR: 0.000055
[GPU cuda:1][TRAIN] Epoch: [1][900/2480], Elapsed 4m 15s (remain 7m 28s), Accuracy: 0.000(21.976), Loss: 1.651(1.617), LR: 0.000049
[GPU cuda:1][TRAIN] Epoch: [1][950/2480], Elapsed 4m 29s (remain 7m 14s), Accuracy: 40.000(22.061), Loss: 1.505(1.617), LR: 0.000042
[GPU cuda:1][TRAIN] Epoch: [1][1000/2480], Elapsed 4m 44s (remain 6m 59s), Accuracy: 20.000(21.978), Loss: 1.694(1.617), LR: 0.000035
[GPU cuda:1][TRAIN] Epoch: [1][1050/2480], Elapsed 4m 58s (remain 6m 45s), Accuracy: 20.000(21.865), Loss: 1.741(1.616), LR: 0.000029
[GPU cuda:1][TRAIN] Epoch: [1][1100/2480], Elapsed 5m 12s (remain 6m 31s), Accuracy: 40.000(21.708), Loss: 1.560(1.616), LR: 0.000022
[GPU cuda:1][TRAIN] Epoch: [1][1150/2480], Elapsed 5m 26s (remain 6m 17s), Accuracy: 20.000(21.859), Loss: 1.541(1.615), LR: 0.000016
[GPU cuda:1][TRAIN] Epoch: [1][1200/2480], Elapsed 5m 40s (remain 6m 2s), Accuracy: 60.000(22.165), Loss: 1.373(1.610), LR: 0.000011
[GPU cuda:1][TRAIN] Epoch: [1][1250/2480], Elapsed 5m 54s (remain 5m 48s), Accuracy: 20.000(22.814), Loss: 1.518(1.602), LR: 0.000007
[GPU cuda:1][TRAIN] Epoch: [1][1300/2480], Elapsed 6m 8s (remain 5m 34s), Accuracy: 60.000(23.736), Loss: 1.037(1.586), LR: 0.000004
[GPU cuda:1][TRAIN] Epoch: [1][1350/2480], Elapsed 6m 23s (remain 5m 20s), Accuracy: 60.000(24.663), Loss: 0.873(1.572), LR: 0.000002
[GPU cuda:1][TRAIN] Epoch: [1][1400/2480], Elapsed 6m 37s (remain 5m 5s), Accuracy: 20.000(25.510), Loss: 1.251(1.557), LR: 0.000070
[GPU cuda:1][TRAIN] Epoch: [1][1450/2480], Elapsed 6m 51s (remain 4m 51s), Accuracy: 60.000(25.665), Loss: 1.493(1.560), LR: 0.000070
[GPU cuda:1][TRAIN] Epoch: [1][1500/2480], Elapsed 7m 5s (remain 4m 37s), Accuracy: 0.000(25.543), Loss: 1.674(1.562), LR: 0.000069
[GPU cuda:1][TRAIN] Epoch: [1][1550/2480], Elapsed 7m 19s (remain 4m 23s), Accuracy: 0.000(25.287), Loss: 1.658(1.564), LR: 0.000068
[GPU cuda:1][TRAIN] Epoch: [1][1600/2480], Elapsed 7m 33s (remain 4m 9s), Accuracy: 0.000(25.072), Loss: 1.636(1.565), LR: 0.000067
[GPU cuda:1][TRAIN] Epoch: [1][1650/2480], Elapsed 7m 47s (remain 3m 54s), Accuracy: 40.000(25.003), Loss: 1.597(1.567), LR: 0.000066
[GPU cuda:1][TRAIN] Epoch: [1][1700/2480], Elapsed 8m 2s (remain 3m 40s), Accuracy: 20.000(25.009), Loss: 1.610(1.568), LR: 0.000064
[GPU cuda:1][TRAIN] Epoch: [1][1750/2480], Elapsed 8m 16s (remain 3m 26s), Accuracy: 0.000(24.980), Loss: 1.657(1.569), LR: 0.000062
[GPU cuda:1][TRAIN] Epoch: [1][1800/2480], Elapsed 8m 30s (remain 3m 12s), Accuracy: 40.000(25.008), Loss: 1.621(1.570), LR: 0.000060
[GPU cuda:1][TRAIN] Epoch: [1][1850/2480], Elapsed 8m 44s (remain 2m 58s), Accuracy: 40.000(24.905), Loss: 1.621(1.571), LR: 0.000057
[GPU cuda:1][TRAIN] Epoch: [1][1900/2480], Elapsed 8m 58s (remain 2m 44s), Accuracy: 0.000(24.892), Loss: 1.568(1.572), LR: 0.000055
[GPU cuda:1][TRAIN] Epoch: [1][1950/2480], Elapsed 9m 12s (remain 2m 29s), Accuracy: 0.000(24.839), Loss: 1.672(1.573), LR: 0.000052
[GPU cuda:1][TRAIN] Epoch: [1][2000/2480], Elapsed 9m 26s (remain 2m 15s), Accuracy: 0.000(24.878), Loss: 1.729(1.574), LR: 0.000049
[GPU cuda:1][TRAIN] Epoch: [1][2050/2480], Elapsed 9m 41s (remain 2m 1s), Accuracy: 0.000(24.798), Loss: 1.625(1.574), LR: 0.000045
[GPU cuda:1][TRAIN] Epoch: [1][2100/2480], Elapsed 9m 55s (remain 1m 47s), Accuracy: 40.000(24.960), Loss: 1.457(1.574), LR: 0.000042
[GPU cuda:1][TRAIN] Epoch: [1][2150/2480], Elapsed 10m 9s (remain 1m 33s), Accuracy: 0.000(25.095), Loss: 1.892(1.573), LR: 0.000039
[GPU cuda:1][TRAIN] Epoch: [1][2200/2480], Elapsed 10m 23s (remain 1m 19s), Accuracy: 0.000(25.316), Loss: 1.707(1.570), LR: 0.000035
[GPU cuda:1][TRAIN] Epoch: [1][2250/2480], Elapsed 10m 37s (remain 1m 4s), Accuracy: 0.000(25.438), Loss: 1.446(1.566), LR: 0.000032
[GPU cuda:1][TRAIN] Epoch: [1][2300/2480], Elapsed 10m 51s (remain 0m 50s), Accuracy: 20.000(25.824), Loss: 1.186(1.559), LR: 0.000029
[GPU cuda:1][TRAIN] Epoch: [1][2350/2480], Elapsed 11m 5s (remain 0m 36s), Accuracy: 60.000(26.168), Loss: 1.010(1.554), LR: 0.000025
[GPU cuda:1][TRAIN] Epoch: [1][2400/2480], Elapsed 11m 20s (remain 0m 22s), Accuracy: 0.000(26.706), Loss: 1.668(1.547), LR: 0.000022
[GPU cuda:1][TRAIN] Epoch: [1][2450/2480], Elapsed 11m 34s (remain 0m 8s), Accuracy: 60.000(27.279), Loss: 0.825(1.538), LR: 0.000019
[GPU cuda:1][TRAIN] Epoch: [1][2479/2480], Elapsed 11m 42s (remain 0m 0s), Accuracy: 60.000(27.524), Loss: 1.009(1.533), LR: 0.000017
[GPU cuda:1][VALID][0/97], Elapsed 0m 1s (remain 2m 11s), Accuracy: 50.000(50.000), Batch Loss: 1.0801, Average Loss: 1.0801
[GPU cuda:1][VALID][50/97], Elapsed 0m 48s (remain 0m 43s), Accuracy: 46.875(43.934), Batch Loss: 1.0931, Average Loss: 1.1858
[GPU cuda:1][VALID][96/97], Elapsed 1m 31s (remain 0m 0s), Accuracy: 42.857(44.063), Batch Loss: 1.0566, Average Loss: 1.1966
Valid Labels Samples: [2 0 1 4 1 0 3 1 4 3]
Valid Predictions Samples: [2, 0, 2, 4, 2, 0, 4, 2, 4, 0]
Epoch 1 - Train Average Loss: 27.524, Valid Average Loss: 44.063, Epoch Time: 796.126s
Epoch 1 - Accuracy: 0.441, Precision: 0.370, Recall: 0.441
Saved Best Model: 0.44
[GPU cuda:1][TRAIN] Epoch: [2][0/2480], Elapsed 0m 0s (remain 26m 21s), Accuracy: 60.000(60.000), Loss: 1.208(1.208), LR: 0.000017
[GPU cuda:1][TRAIN] Epoch: [2][50/2480], Elapsed 0m 15s (remain 11m 54s), Accuracy: 40.000(57.255), Loss: 1.083(1.033), LR: 0.000015
[GPU cuda:1][TRAIN] Epoch: [2][100/2480], Elapsed 0m 29s (remain 11m 27s), Accuracy: 80.000(56.634), Loss: 0.762(1.005), LR: 0.000012
[GPU cuda:1][TRAIN] Epoch: [2][150/2480], Elapsed 0m 43s (remain 11m 9s), Accuracy: 40.000(57.086), Loss: 1.238(0.998), LR: 0.000010
[GPU cuda:1][TRAIN] Epoch: [2][200/2480], Elapsed 0m 57s (remain 10m 51s), Accuracy: 40.000(55.522), Loss: 0.989(1.031), LR: 0.000008
[GPU cuda:1][TRAIN] Epoch: [2][250/2480], Elapsed 1m 11s (remain 10m 36s), Accuracy: 80.000(56.335), Loss: 0.633(1.016), LR: 0.000006
[GPU cuda:1][TRAIN] Epoch: [2][300/2480], Elapsed 1m 25s (remain 10m 21s), Accuracy: 20.000(56.279), Loss: 1.480(1.008), LR: 0.000004
[GPU cuda:1][TRAIN] Epoch: [2][350/2480], Elapsed 1m 40s (remain 10m 6s), Accuracy: 100.000(56.467), Loss: 0.509(1.003), LR: 0.000003
[GPU cuda:1][TRAIN] Epoch: [2][400/2480], Elapsed 1m 54s (remain 9m 51s), Accuracy: 80.000(57.406), Loss: 0.780(0.989), LR: 0.000002
[GPU cuda:1][TRAIN] Epoch: [2][450/2480], Elapsed 2m 8s (remain 9m 37s), Accuracy: 40.000(57.428), Loss: 1.374(0.984), LR: 0.000001
[GPU cuda:1][TRAIN] Epoch: [2][500/2480], Elapsed 2m 22s (remain 9m 22s), Accuracy: 20.000(58.044), Loss: 1.297(0.973), LR: 0.000001
[GPU cuda:1][TRAIN] Epoch: [2][550/2480], Elapsed 2m 36s (remain 9m 8s), Accuracy: 60.000(57.459), Loss: 0.825(0.983), LR: 0.000070
[GPU cuda:1][TRAIN] Epoch: [2][600/2480], Elapsed 2m 50s (remain 8m 53s), Accuracy: 80.000(56.040), Loss: 0.591(1.015), LR: 0.000070
[GPU cuda:1][TRAIN] Epoch: [2][650/2480], Elapsed 3m 4s (remain 8m 39s), Accuracy: 60.000(54.716), Loss: 0.893(1.038), LR: 0.000070
[GPU cuda:1][TRAIN] Epoch: [2][700/2480], Elapsed 3m 19s (remain 8m 25s), Accuracy: 20.000(53.980), Loss: 1.237(1.058), LR: 0.000069
[GPU cuda:1][TRAIN] Epoch: [2][750/2480], Elapsed 3m 33s (remain 8m 10s), Accuracy: 40.000(53.182), Loss: 1.029(1.073), LR: 0.000069
[GPU cuda:1][TRAIN] Epoch: [2][800/2480], Elapsed 3m 47s (remain 7m 56s), Accuracy: 60.000(52.484), Loss: 1.317(1.087), LR: 0.000069
[GPU cuda:1][TRAIN] Epoch: [2][850/2480], Elapsed 4m 1s (remain 7m 42s), Accuracy: 20.000(52.550), Loss: 1.306(1.087), LR: 0.000068
[GPU cuda:1][TRAIN] Epoch: [2][900/2480], Elapsed 4m 15s (remain 7m 27s), Accuracy: 80.000(52.253), Loss: 1.349(1.096), LR: 0.000068
[GPU cuda:1][TRAIN] Epoch: [2][950/2480], Elapsed 4m 29s (remain 7m 13s), Accuracy: 60.000(52.072), Loss: 1.108(1.100), LR: 0.000067
[GPU cuda:1][TRAIN] Epoch: [2][1000/2480], Elapsed 4m 43s (remain 6m 59s), Accuracy: 40.000(51.868), Loss: 1.568(1.104), LR: 0.000066
[GPU cuda:1][TRAIN] Epoch: [2][1050/2480], Elapsed 4m 57s (remain 6m 45s), Accuracy: 40.000(51.627), Loss: 1.378(1.110), LR: 0.000065
[GPU cuda:1][TRAIN] Epoch: [2][1100/2480], Elapsed 5m 12s (remain 6m 30s), Accuracy: 40.000(51.680), Loss: 1.000(1.108), LR: 0.000065
[GPU cuda:1][TRAIN] Epoch: [2][1150/2480], Elapsed 5m 26s (remain 6m 16s), Accuracy: 60.000(51.451), Loss: 1.104(1.116), LR: 0.000064
[GPU cuda:1][TRAIN] Epoch: [2][1200/2480], Elapsed 5m 40s (remain 6m 2s), Accuracy: 100.000(51.624), Loss: 0.656(1.111), LR: 0.000063
[GPU cuda:1][TRAIN] Epoch: [2][1250/2480], Elapsed 5m 54s (remain 5m 48s), Accuracy: 20.000(51.495), Loss: 1.057(1.111), LR: 0.000061
[GPU cuda:1][TRAIN] Epoch: [2][1300/2480], Elapsed 6m 8s (remain 5m 34s), Accuracy: 20.000(51.806), Loss: 1.208(1.106), LR: 0.000060
[GPU cuda:1][TRAIN] Epoch: [2][1350/2480], Elapsed 6m 22s (remain 5m 19s), Accuracy: 100.000(51.917), Loss: 0.656(1.103), LR: 0.000059
[GPU cuda:1][TRAIN] Epoch: [2][1400/2480], Elapsed 6m 36s (remain 5m 5s), Accuracy: 100.000(52.020), Loss: 0.557(1.101), LR: 0.000058
[GPU cuda:1][TRAIN] Epoch: [2][1450/2480], Elapsed 6m 51s (remain 4m 51s), Accuracy: 80.000(52.212), Loss: 0.887(1.098), LR: 0.000057
[GPU cuda:1][TRAIN] Epoch: [2][1500/2480], Elapsed 7m 5s (remain 4m 37s), Accuracy: 60.000(52.179), Loss: 0.913(1.098), LR: 0.000055
[GPU cuda:1][TRAIN] Epoch: [2][1550/2480], Elapsed 7m 19s (remain 4m 23s), Accuracy: 60.000(52.186), Loss: 0.731(1.096), LR: 0.000054
[GPU cuda:1][TRAIN] Epoch: [2][1600/2480], Elapsed 7m 33s (remain 4m 9s), Accuracy: 60.000(52.430), Loss: 0.949(1.094), LR: 0.000052
[GPU cuda:1][TRAIN] Epoch: [2][1650/2480], Elapsed 7m 47s (remain 3m 54s), Accuracy: 100.000(52.804), Loss: 0.396(1.086), LR: 0.000051
[GPU cuda:1][TRAIN] Epoch: [2][1700/2480], Elapsed 8m 2s (remain 3m 40s), Accuracy: 40.000(52.992), Loss: 2.042(1.084), LR: 0.000049
[GPU cuda:1][TRAIN] Epoch: [2][1750/2480], Elapsed 8m 16s (remain 3m 26s), Accuracy: 60.000(53.147), Loss: 1.097(1.082), LR: 0.000048
[GPU cuda:1][TRAIN] Epoch: [2][1800/2480], Elapsed 8m 30s (remain 3m 12s), Accuracy: 40.000(53.337), Loss: 1.156(1.078), LR: 0.000046
[GPU cuda:1][TRAIN] Epoch: [2][1850/2480], Elapsed 8m 44s (remain 2m 58s), Accuracy: 60.000(53.420), Loss: 1.049(1.074), LR: 0.000045
[GPU cuda:1][TRAIN] Epoch: [2][1900/2480], Elapsed 8m 58s (remain 2m 44s), Accuracy: 60.000(53.624), Loss: 0.499(1.069), LR: 0.000043
[GPU cuda:1][TRAIN] Epoch: [2][1950/2480], Elapsed 9m 12s (remain 2m 29s), Accuracy: 60.000(53.644), Loss: 0.867(1.068), LR: 0.000041
[GPU cuda:1][TRAIN] Epoch: [2][2000/2480], Elapsed 9m 27s (remain 2m 15s), Accuracy: 40.000(53.843), Loss: 1.114(1.063), LR: 0.000040
[GPU cuda:1][TRAIN] Epoch: [2][2050/2480], Elapsed 9m 41s (remain 2m 1s), Accuracy: 0.000(53.769), Loss: 1.392(1.063), LR: 0.000038
[GPU cuda:1][TRAIN] Epoch: [2][2100/2480], Elapsed 9m 55s (remain 1m 47s), Accuracy: 60.000(54.108), Loss: 0.708(1.056), LR: 0.000036
[GPU cuda:1][TRAIN] Epoch: [2][2150/2480], Elapsed 10m 9s (remain 1m 33s), Accuracy: 60.000(54.486), Loss: 1.098(1.050), LR: 0.000034
[GPU cuda:1][TRAIN] Epoch: [2][2200/2480], Elapsed 10m 23s (remain 1m 19s), Accuracy: 40.000(54.675), Loss: 1.028(1.047), LR: 0.000033
[GPU cuda:1][TRAIN] Epoch: [2][2250/2480], Elapsed 10m 38s (remain 1m 4s), Accuracy: 60.000(54.785), Loss: 0.758(1.043), LR: 0.000031
[GPU cuda:1][TRAIN] Epoch: [2][2300/2480], Elapsed 10m 52s (remain 0m 50s), Accuracy: 60.000(54.967), Loss: 0.618(1.038), LR: 0.000029
[GPU cuda:1][TRAIN] Epoch: [2][2350/2480], Elapsed 11m 6s (remain 0m 36s), Accuracy: 80.000(55.177), Loss: 0.628(1.035), LR: 0.000028
[GPU cuda:1][TRAIN] Epoch: [2][2400/2480], Elapsed 11m 20s (remain 0m 22s), Accuracy: 40.000(55.435), Loss: 1.221(1.031), LR: 0.000026
[GPU cuda:1][TRAIN] Epoch: [2][2450/2480], Elapsed 11m 35s (remain 0m 8s), Accuracy: 80.000(55.659), Loss: 0.866(1.027), LR: 0.000024
[GPU cuda:1][TRAIN] Epoch: [2][2479/2480], Elapsed 11m 43s (remain 0m 0s), Accuracy: 40.000(55.782), Loss: 1.754(1.024), LR: 0.000024
[GPU cuda:1][VALID][0/97], Elapsed 0m 1s (remain 2m 12s), Accuracy: 75.000(75.000), Batch Loss: 0.6526, Average Loss: 0.6526
[GPU cuda:1][VALID][50/97], Elapsed 0m 48s (remain 0m 43s), Accuracy: 71.875(70.404), Batch Loss: 0.5987, Average Loss: 0.7204
[GPU cuda:1][VALID][96/97], Elapsed 1m 32s (remain 0m 0s), Accuracy: 71.429(69.937), Batch Loss: 0.6320, Average Loss: 0.7354
Valid Labels Samples: [2 0 1 4 1 0 3 1 4 3]
Valid Predictions Samples: [2, 0, 1, 3, 1, 0, 4, 1, 3, 0]
Epoch 2 - Train Average Loss: 55.782, Valid Average Loss: 69.937, Epoch Time: 797.951s
Epoch 2 - Accuracy: 0.699, Precision: 0.709, Recall: 0.699
Saved Best Model: 0.70
[GPU cuda:1][TRAIN] Epoch: [3][0/2480], Elapsed 0m 0s (remain 25m 31s), Accuracy: 80.000(80.000), Loss: 0.889(0.889), LR: 0.000024
[GPU cuda:1][TRAIN] Epoch: [3][50/2480], Elapsed 0m 15s (remain 11m 56s), Accuracy: 40.000(67.451), Loss: 0.983(0.715), LR: 0.000022
[GPU cuda:1][TRAIN] Epoch: [3][100/2480], Elapsed 0m 29s (remain 11m 29s), Accuracy: 80.000(66.733), Loss: 0.542(0.757), LR: 0.000020
[GPU cuda:1][TRAIN] Epoch: [3][150/2480], Elapsed 0m 43s (remain 11m 10s), Accuracy: 0.000(65.828), Loss: 1.500(0.765), LR: 0.000019
[GPU cuda:1][TRAIN] Epoch: [3][200/2480], Elapsed 0m 57s (remain 10m 54s), Accuracy: 60.000(66.667), Loss: 0.680(0.774), LR: 0.000017
[GPU cuda:1][TRAIN] Epoch: [3][250/2480], Elapsed 1m 11s (remain 10m 39s), Accuracy: 100.000(67.092), Loss: 0.276(0.771), LR: 0.000016
[GPU cuda:1][TRAIN] Epoch: [3][300/2480], Elapsed 1m 26s (remain 10m 23s), Accuracy: 40.000(67.774), Loss: 1.235(0.764), LR: 0.000015
[GPU cuda:1][TRAIN] Epoch: [3][350/2480], Elapsed 1m 40s (remain 10m 8s), Accuracy: 80.000(66.952), Loss: 0.612(0.773), LR: 0.000013
[GPU cuda:1][TRAIN] Epoch: [3][400/2480], Elapsed 1m 54s (remain 9m 53s), Accuracy: 40.000(66.983), Loss: 0.991(0.772), LR: 0.000012
[GPU cuda:1][TRAIN] Epoch: [3][450/2480], Elapsed 2m 8s (remain 9m 39s), Accuracy: 80.000(67.273), Loss: 1.057(0.773), LR: 0.000011
[GPU cuda:1][TRAIN] Epoch: [3][500/2480], Elapsed 2m 22s (remain 9m 24s), Accuracy: 40.000(67.425), Loss: 0.980(0.772), LR: 0.000010
[GPU cuda:1][TRAIN] Epoch: [3][550/2480], Elapsed 2m 37s (remain 9m 10s), Accuracy: 100.000(67.877), Loss: 0.288(0.772), LR: 0.000009
[GPU cuda:1][TRAIN] Epoch: [3][600/2480], Elapsed 2m 51s (remain 8m 55s), Accuracy: 100.000(67.787), Loss: 0.083(0.774), LR: 0.000008
[GPU cuda:1][TRAIN] Epoch: [3][650/2480], Elapsed 3m 5s (remain 8m 41s), Accuracy: 100.000(67.803), Loss: 0.095(0.775), LR: 0.000007
[GPU cuda:1][TRAIN] Epoch: [3][700/2480], Elapsed 3m 19s (remain 8m 26s), Accuracy: 60.000(67.389), Loss: 0.627(0.781), LR: 0.000006
[GPU cuda:1][TRAIN] Epoch: [3][750/2480], Elapsed 3m 33s (remain 8m 12s), Accuracy: 80.000(67.510), Loss: 0.414(0.780), LR: 0.000005
[GPU cuda:1][TRAIN] Epoch: [3][800/2480], Elapsed 3m 48s (remain 7m 58s), Accuracy: 100.000(67.840), Loss: 0.424(0.776), LR: 0.000004
[GPU cuda:1][TRAIN] Epoch: [3][850/2480], Elapsed 4m 2s (remain 7m 43s), Accuracy: 60.000(68.249), Loss: 0.830(0.767), LR: 0.000003
[GPU cuda:1][TRAIN] Epoch: [3][900/2480], Elapsed 4m 16s (remain 7m 29s), Accuracy: 60.000(68.613), Loss: 1.393(0.762), LR: 0.000003
[GPU cuda:1][TRAIN] Epoch: [3][950/2480], Elapsed 4m 30s (remain 7m 15s), Accuracy: 80.000(68.770), Loss: 0.921(0.758), LR: 0.000002
[GPU cuda:1][TRAIN] Epoch: [3][1000/2480], Elapsed 4m 44s (remain 7m 0s), Accuracy: 80.000(68.891), Loss: 0.859(0.755), LR: 0.000002
[GPU cuda:1][TRAIN] Epoch: [3][1050/2480], Elapsed 4m 58s (remain 6m 46s), Accuracy: 40.000(69.058), Loss: 1.088(0.752), LR: 0.000002
[GPU cuda:1][TRAIN] Epoch: [3][1100/2480], Elapsed 5m 13s (remain 6m 32s), Accuracy: 100.000(69.173), Loss: 0.369(0.748), LR: 0.000001
[GPU cuda:1][TRAIN] Epoch: [3][1150/2480], Elapsed 5m 27s (remain 6m 17s), Accuracy: 60.000(69.244), Loss: 0.758(0.746), LR: 0.000001
[GPU cuda:1][TRAIN] Epoch: [3][1200/2480], Elapsed 5m 41s (remain 6m 3s), Accuracy: 100.000(69.525), Loss: 0.399(0.739), LR: 0.000001
[GPU cuda:1][TRAIN] Epoch: [3][1250/2480], Elapsed 5m 55s (remain 5m 49s), Accuracy: 40.000(69.496), Loss: 1.287(0.739), LR: 0.000070
[GPU cuda:1][TRAIN] Epoch: [3][1300/2480], Elapsed 6m 9s (remain 5m 35s), Accuracy: 60.000(69.193), Loss: 1.002(0.746), LR: 0.000070
[GPU cuda:1][TRAIN] Epoch: [3][1350/2480], Elapsed 6m 24s (remain 5m 20s), Accuracy: 60.000(68.779), Loss: 1.114(0.754), LR: 0.000070
[GPU cuda:1][TRAIN] Epoch: [3][1400/2480], Elapsed 6m 38s (remain 5m 6s), Accuracy: 100.000(68.180), Loss: 0.542(0.768), LR: 0.000070
[GPU cuda:1][TRAIN] Epoch: [3][1450/2480], Elapsed 6m 52s (remain 4m 52s), Accuracy: 100.000(67.939), Loss: 0.765(0.773), LR: 0.000070
[GPU cuda:1][TRAIN] Epoch: [3][1500/2480], Elapsed 7m 6s (remain 4m 38s), Accuracy: 40.000(67.382), Loss: 1.056(0.782), LR: 0.000070
[GPU cuda:1][TRAIN] Epoch: [3][1550/2480], Elapsed 7m 20s (remain 4m 23s), Accuracy: 100.000(67.170), Loss: 0.385(0.786), LR: 0.000070
[GPU cuda:1][TRAIN] Epoch: [3][1600/2480], Elapsed 7m 34s (remain 4m 9s), Accuracy: 80.000(66.908), Loss: 0.727(0.791), LR: 0.000069
[GPU cuda:1][TRAIN] Epoch: [3][1650/2480], Elapsed 7m 49s (remain 3m 55s), Accuracy: 60.000(66.856), Loss: 0.601(0.792), LR: 0.000069
[GPU cuda:1][TRAIN] Epoch: [3][1700/2480], Elapsed 8m 3s (remain 3m 41s), Accuracy: 40.000(66.384), Loss: 1.545(0.801), LR: 0.000069
[GPU cuda:1][TRAIN] Epoch: [3][1750/2480], Elapsed 8m 17s (remain 3m 27s), Accuracy: 60.000(66.122), Loss: 0.687(0.807), LR: 0.000069
[GPU cuda:1][TRAIN] Epoch: [3][1800/2480], Elapsed 8m 31s (remain 3m 12s), Accuracy: 60.000(66.019), Loss: 0.975(0.810), LR: 0.000069
[GPU cuda:1][TRAIN] Epoch: [3][1850/2480], Elapsed 8m 45s (remain 2m 58s), Accuracy: 80.000(65.662), Loss: 0.887(0.816), LR: 0.000068
[GPU cuda:1][TRAIN] Epoch: [3][1900/2480], Elapsed 8m 59s (remain 2m 44s), Accuracy: 60.000(65.481), Loss: 0.681(0.820), LR: 0.000068
[GPU cuda:1][TRAIN] Epoch: [3][1950/2480], Elapsed 9m 14s (remain 2m 30s), Accuracy: 80.000(65.238), Loss: 0.842(0.825), LR: 0.000068
[GPU cuda:1][TRAIN] Epoch: [3][2000/2480], Elapsed 9m 28s (remain 2m 16s), Accuracy: 40.000(65.247), Loss: 2.287(0.826), LR: 0.000068
[GPU cuda:1][TRAIN] Epoch: [3][2050/2480], Elapsed 9m 42s (remain 2m 1s), Accuracy: 20.000(64.827), Loss: 1.440(0.833), LR: 0.000067
[GPU cuda:1][TRAIN] Epoch: [3][2100/2480], Elapsed 9m 56s (remain 1m 47s), Accuracy: 60.000(64.950), Loss: 0.853(0.832), LR: 0.000067
[GPU cuda:1][TRAIN] Epoch: [3][2150/2480], Elapsed 10m 10s (remain 1m 33s), Accuracy: 60.000(65.002), Loss: 0.857(0.831), LR: 0.000067
[GPU cuda:1][TRAIN] Epoch: [3][2200/2480], Elapsed 10m 24s (remain 1m 19s), Accuracy: 60.000(64.925), Loss: 0.899(0.834), LR: 0.000066
[GPU cuda:1][TRAIN] Epoch: [3][2250/2480], Elapsed 10m 38s (remain 1m 5s), Accuracy: 60.000(64.780), Loss: 0.629(0.836), LR: 0.000066
[GPU cuda:1][TRAIN] Epoch: [3][2300/2480], Elapsed 10m 53s (remain 0m 50s), Accuracy: 60.000(64.720), Loss: 0.627(0.837), LR: 0.000065
[GPU cuda:1][TRAIN] Epoch: [3][2350/2480], Elapsed 11m 7s (remain 0m 36s), Accuracy: 60.000(64.594), Loss: 0.815(0.840), LR: 0.000065
[GPU cuda:1][TRAIN] Epoch: [3][2400/2480], Elapsed 11m 21s (remain 0m 22s), Accuracy: 40.000(64.606), Loss: 1.057(0.839), LR: 0.000065
[GPU cuda:1][TRAIN] Epoch: [3][2450/2480], Elapsed 11m 35s (remain 0m 8s), Accuracy: 60.000(64.619), Loss: 0.629(0.839), LR: 0.000064
[GPU cuda:1][TRAIN] Epoch: [3][2479/2480], Elapsed 11m 43s (remain 0m 0s), Accuracy: 60.000(64.589), Loss: 0.985(0.840), LR: 0.000064
[GPU cuda:1][VALID][0/97], Elapsed 0m 1s (remain 2m 16s), Accuracy: 62.500(62.500), Batch Loss: 0.8514, Average Loss: 0.8514
[GPU cuda:1][VALID][50/97], Elapsed 0m 48s (remain 0m 43s), Accuracy: 65.625(63.725), Batch Loss: 0.6747, Average Loss: 0.8586
[GPU cuda:1][VALID][96/97], Elapsed 1m 32s (remain 0m 0s), Accuracy: 71.429(62.818), Batch Loss: 0.6951, Average Loss: 0.8678
Valid Labels Samples: [2 0 1 4 1 0 3 1 4 3]
Valid Predictions Samples: [2, 0, 1, 4, 1, 0, 4, 1, 4, 0]
Epoch 3 - Train Average Loss: 64.589, Valid Average Loss: 62.818, Epoch Time: 798.265s
Epoch 3 - Accuracy: 0.628, Precision: 0.649, Recall: 0.628
[GPU cuda:1][TRAIN] Epoch: [4][0/2480], Elapsed 0m 0s (remain 26m 3s), Accuracy: 80.000(80.000), Loss: 0.784(0.784), LR: 0.000064
[GPU cuda:1][TRAIN] Epoch: [4][50/2480], Elapsed 0m 14s (remain 11m 53s), Accuracy: 60.000(66.275), Loss: 0.934(0.806), LR: 0.000063
[GPU cuda:1][TRAIN] Epoch: [4][100/2480], Elapsed 0m 29s (remain 11m 27s), Accuracy: 100.000(65.743), Loss: 0.590(0.841), LR: 0.000063
[GPU cuda:1][TRAIN] Epoch: [4][150/2480], Elapsed 0m 43s (remain 11m 8s), Accuracy: 40.000(64.901), Loss: 1.062(0.862), LR: 0.000062
[GPU cuda:1][TRAIN] Epoch: [4][200/2480], Elapsed 0m 57s (remain 10m 52s), Accuracy: 60.000(64.279), Loss: 0.780(0.883), LR: 0.000062
[GPU cuda:1][TRAIN] Epoch: [4][250/2480], Elapsed 1m 11s (remain 10m 36s), Accuracy: 60.000(63.825), Loss: 0.465(0.880), LR: 0.000061
[GPU cuda:1][TRAIN] Epoch: [4][300/2480], Elapsed 1m 25s (remain 10m 21s), Accuracy: 20.000(63.588), Loss: 1.323(0.872), LR: 0.000061
[GPU cuda:1][TRAIN] Epoch: [4][350/2480], Elapsed 1m 39s (remain 10m 6s), Accuracy: 100.000(63.533), Loss: 0.474(0.871), LR: 0.000060
[GPU cuda:1][TRAIN] Epoch: [4][400/2480], Elapsed 1m 54s (remain 9m 51s), Accuracy: 40.000(63.292), Loss: 1.096(0.879), LR: 0.000059
[GPU cuda:1][TRAIN] Epoch: [4][450/2480], Elapsed 2m 8s (remain 9m 37s), Accuracy: 80.000(63.282), Loss: 0.777(0.880), LR: 0.000059
[GPU cuda:1][TRAIN] Epoch: [4][500/2480], Elapsed 2m 22s (remain 9m 22s), Accuracy: 40.000(63.673), Loss: 1.308(0.875), LR: 0.000058
[GPU cuda:1][TRAIN] Epoch: [4][550/2480], Elapsed 2m 36s (remain 9m 8s), Accuracy: 100.000(63.593), Loss: 0.231(0.880), LR: 0.000058
[GPU cuda:1][TRAIN] Epoch: [4][600/2480], Elapsed 2m 50s (remain 8m 53s), Accuracy: 100.000(63.694), Loss: 0.121(0.882), LR: 0.000057
[GPU cuda:1][TRAIN] Epoch: [4][650/2480], Elapsed 3m 4s (remain 8m 39s), Accuracy: 100.000(63.472), Loss: 0.113(0.884), LR: 0.000056
[GPU cuda:1][TRAIN] Epoch: [4][700/2480], Elapsed 3m 19s (remain 8m 25s), Accuracy: 80.000(63.281), Loss: 0.839(0.893), LR: 0.000055
[GPU cuda:1][TRAIN] Epoch: [4][750/2480], Elapsed 3m 33s (remain 8m 10s), Accuracy: 60.000(63.329), Loss: 0.634(0.892), LR: 0.000055
[GPU cuda:1][TRAIN] Epoch: [4][800/2480], Elapsed 3m 47s (remain 7m 56s), Accuracy: 80.000(63.346), Loss: 0.438(0.889), LR: 0.000054
[GPU cuda:1][TRAIN] Epoch: [4][850/2480], Elapsed 4m 1s (remain 7m 42s), Accuracy: 80.000(63.666), Loss: 0.740(0.879), LR: 0.000053
[GPU cuda:1][TRAIN] Epoch: [4][900/2480], Elapsed 4m 15s (remain 7m 27s), Accuracy: 80.000(63.685), Loss: 1.047(0.875), LR: 0.000053
[GPU cuda:1][TRAIN] Epoch: [4][950/2480], Elapsed 4m 29s (remain 7m 13s), Accuracy: 60.000(63.701), Loss: 1.049(0.872), LR: 0.000052
[GPU cuda:1][TRAIN] Epoch: [4][1000/2480], Elapsed 4m 43s (remain 6m 59s), Accuracy: 80.000(63.616), Loss: 0.859(0.873), LR: 0.000051
[GPU cuda:1][TRAIN] Epoch: [4][1050/2480], Elapsed 4m 57s (remain 6m 45s), Accuracy: 40.000(63.730), Loss: 1.195(0.871), LR: 0.000050
[GPU cuda:1][TRAIN] Epoch: [4][1100/2480], Elapsed 5m 12s (remain 6m 30s), Accuracy: 60.000(63.706), Loss: 0.700(0.866), LR: 0.000050
[GPU cuda:1][TRAIN] Epoch: [4][1150/2480], Elapsed 5m 26s (remain 6m 16s), Accuracy: 60.000(63.632), Loss: 0.946(0.866), LR: 0.000049
[GPU cuda:1][TRAIN] Epoch: [4][1200/2480], Elapsed 5m 40s (remain 6m 2s), Accuracy: 80.000(64.013), Loss: 0.734(0.859), LR: 0.000048
[GPU cuda:1][TRAIN] Epoch: [4][1250/2480], Elapsed 5m 54s (remain 5m 48s), Accuracy: 40.000(64.045), Loss: 1.260(0.857), LR: 0.000047
[GPU cuda:1][TRAIN] Epoch: [4][1300/2480], Elapsed 6m 8s (remain 5m 34s), Accuracy: 80.000(64.304), Loss: 0.732(0.850), LR: 0.000046
[GPU cuda:1][TRAIN] Epoch: [4][1350/2480], Elapsed 6m 22s (remain 5m 19s), Accuracy: 100.000(64.545), Loss: 0.228(0.846), LR: 0.000046
[GPU cuda:1][TRAIN] Epoch: [4][1400/2480], Elapsed 6m 36s (remain 5m 5s), Accuracy: 80.000(64.582), Loss: 0.513(0.847), LR: 0.000045
[GPU cuda:1][TRAIN] Epoch: [4][1450/2480], Elapsed 6m 51s (remain 4m 51s), Accuracy: 80.000(64.783), Loss: 0.621(0.843), LR: 0.000044
[GPU cuda:1][TRAIN] Epoch: [4][1500/2480], Elapsed 7m 5s (remain 4m 37s), Accuracy: 100.000(64.850), Loss: 0.254(0.841), LR: 0.000043
[GPU cuda:1][TRAIN] Epoch: [4][1550/2480], Elapsed 7m 19s (remain 4m 23s), Accuracy: 80.000(64.874), Loss: 0.402(0.839), LR: 0.000042
[GPU cuda:1][TRAIN] Epoch: [4][1600/2480], Elapsed 7m 33s (remain 4m 9s), Accuracy: 100.000(65.022), Loss: 0.484(0.837), LR: 0.000042
[GPU cuda:1][TRAIN] Epoch: [4][1650/2480], Elapsed 7m 47s (remain 3m 54s), Accuracy: 80.000(65.342), Loss: 0.460(0.830), LR: 0.000041
[GPU cuda:1][TRAIN] Epoch: [4][1700/2480], Elapsed 8m 2s (remain 3m 40s), Accuracy: 80.000(65.479), Loss: 0.502(0.828), LR: 0.000040
[GPU cuda:1][TRAIN] Epoch: [4][1750/2480], Elapsed 8m 16s (remain 3m 26s), Accuracy: 60.000(65.642), Loss: 1.103(0.826), LR: 0.000039
[GPU cuda:1][TRAIN] Epoch: [4][1800/2480], Elapsed 8m 30s (remain 3m 12s), Accuracy: 60.000(65.675), Loss: 0.793(0.823), LR: 0.000038
[GPU cuda:1][TRAIN] Epoch: [4][1850/2480], Elapsed 8m 44s (remain 2m 58s), Accuracy: 80.000(65.608), Loss: 0.715(0.822), LR: 0.000037
[GPU cuda:1][TRAIN] Epoch: [4][1900/2480], Elapsed 8m 58s (remain 2m 44s), Accuracy: 60.000(65.744), Loss: 0.663(0.819), LR: 0.000036
[GPU cuda:1][TRAIN] Epoch: [4][1950/2480], Elapsed 9m 12s (remain 2m 29s), Accuracy: 60.000(65.566), Loss: 0.689(0.821), LR: 0.000036
[GPU cuda:1][TRAIN] Epoch: [4][2000/2480], Elapsed 9m 27s (remain 2m 15s), Accuracy: 80.000(65.757), Loss: 0.563(0.817), LR: 0.000035
[GPU cuda:1][TRAIN] Epoch: [4][2050/2480], Elapsed 9m 41s (remain 2m 1s), Accuracy: 60.000(65.617), Loss: 1.054(0.819), LR: 0.000034
[GPU cuda:1][TRAIN] Epoch: [4][2100/2480], Elapsed 9m 55s (remain 1m 47s), Accuracy: 80.000(65.873), Loss: 0.632(0.814), LR: 0.000033
[GPU cuda:1][TRAIN] Epoch: [4][2150/2480], Elapsed 10m 9s (remain 1m 33s), Accuracy: 40.000(65.997), Loss: 0.929(0.810), LR: 0.000032
[GPU cuda:1][TRAIN] Epoch: [4][2200/2480], Elapsed 10m 23s (remain 1m 19s), Accuracy: 60.000(66.115), Loss: 0.662(0.807), LR: 0.000031
[GPU cuda:1][TRAIN] Epoch: [4][2250/2480], Elapsed 10m 38s (remain 1m 4s), Accuracy: 60.000(66.131), Loss: 0.784(0.807), LR: 0.000031
[GPU cuda:1][TRAIN] Epoch: [4][2300/2480], Elapsed 10m 52s (remain 0m 50s), Accuracy: 60.000(66.267), Loss: 0.634(0.805), LR: 0.000030
[GPU cuda:1][TRAIN] Epoch: [4][2350/2480], Elapsed 11m 6s (remain 0m 36s), Accuracy: 80.000(66.363), Loss: 0.643(0.803), LR: 0.000029
[GPU cuda:1][TRAIN] Epoch: [4][2400/2480], Elapsed 11m 20s (remain 0m 22s), Accuracy: 60.000(66.572), Loss: 1.091(0.800), LR: 0.000028
[GPU cuda:1][TRAIN] Epoch: [4][2450/2480], Elapsed 11m 34s (remain 0m 8s), Accuracy: 80.000(66.724), Loss: 0.458(0.796), LR: 0.000027
[GPU cuda:1][TRAIN] Epoch: [4][2479/2480], Elapsed 11m 43s (remain 0m 0s), Accuracy: 40.000(66.798), Loss: 2.266(0.795), LR: 0.000027
[GPU cuda:1][VALID][0/97], Elapsed 0m 1s (remain 2m 15s), Accuracy: 81.250(81.250), Batch Loss: 0.6986, Average Loss: 0.6986
[GPU cuda:1][VALID][50/97], Elapsed 0m 48s (remain 0m 43s), Accuracy: 81.250(73.897), Batch Loss: 0.3515, Average Loss: 0.6596
[GPU cuda:1][VALID][96/97], Elapsed 1m 32s (remain 0m 0s), Accuracy: 71.429(72.966), Batch Loss: 0.5887, Average Loss: 0.6874
Valid Labels Samples: [2 0 1 4 1 0 3 1 4 3]
Valid Predictions Samples: [2, 0, 1, 3, 1, 0, 3, 1, 3, 0]
Epoch 4 - Train Average Loss: 66.798, Valid Average Loss: 72.966, Epoch Time: 798.085s
Epoch 4 - Accuracy: 0.730, Precision: 0.735, Recall: 0.730
Saved Best Model: 0.73
[GPU cuda:1][TRAIN] Epoch: [5][0/2480], Elapsed 0m 0s (remain 26m 16s), Accuracy: 80.000(80.000), Loss: 0.696(0.696), LR: 0.000027
[GPU cuda:1][TRAIN] Epoch: [5][50/2480], Elapsed 0m 15s (remain 11m 58s), Accuracy: 40.000(72.157), Loss: 0.938(0.629), LR: 0.000026
[GPU cuda:1][TRAIN] Epoch: [5][100/2480], Elapsed 0m 29s (remain 11m 32s), Accuracy: 80.000(70.495), Loss: 0.567(0.685), LR: 0.000025
[GPU cuda:1][TRAIN] Epoch: [5][150/2480], Elapsed 0m 43s (remain 11m 13s), Accuracy: 80.000(70.861), Loss: 0.940(0.693), LR: 0.000024
[GPU cuda:1][TRAIN] Epoch: [5][200/2480], Elapsed 0m 57s (remain 10m 56s), Accuracy: 60.000(70.448), Loss: 0.713(0.715), LR: 0.000024
[GPU cuda:1][TRAIN] Epoch: [5][250/2480], Elapsed 1m 12s (remain 10m 40s), Accuracy: 80.000(71.076), Loss: 0.296(0.704), LR: 0.000023
[GPU cuda:1][TRAIN] Epoch: [5][300/2480], Elapsed 1m 26s (remain 10m 25s), Accuracy: 0.000(71.694), Loss: 1.422(0.689), LR: 0.000022
[GPU cuda:1][TRAIN] Epoch: [5][350/2480], Elapsed 1m 40s (remain 10m 10s), Accuracy: 80.000(71.225), Loss: 0.766(0.692), LR: 0.000021
[GPU cuda:1][TRAIN] Epoch: [5][400/2480], Elapsed 1m 54s (remain 9m 56s), Accuracy: 100.000(71.671), Loss: 0.595(0.684), LR: 0.000020
[GPU cuda:1][TRAIN] Epoch: [5][450/2480], Elapsed 2m 9s (remain 9m 41s), Accuracy: 80.000(71.929), Loss: 0.606(0.686), LR: 0.000020
[GPU cuda:1][TRAIN] Epoch: [5][500/2480], Elapsed 2m 23s (remain 9m 26s), Accuracy: 40.000(72.335), Loss: 0.896(0.677), LR: 0.000019
[GPU cuda:1][TRAIN] Epoch: [5][550/2480], Elapsed 2m 37s (remain 9m 12s), Accuracy: 100.000(72.196), Loss: 0.104(0.685), LR: 0.000018
[GPU cuda:1][TRAIN] Epoch: [5][600/2480], Elapsed 2m 52s (remain 8m 58s), Accuracy: 100.000(72.113), Loss: 0.067(0.688), LR: 0.000017
[GPU cuda:1][TRAIN] Epoch: [5][650/2480], Elapsed 3m 6s (remain 8m 43s), Accuracy: 100.000(72.043), Loss: 0.085(0.687), LR: 0.000017
[GPU cuda:1][TRAIN] Epoch: [5][700/2480], Elapsed 3m 20s (remain 8m 29s), Accuracy: 100.000(71.897), Loss: 0.402(0.692), LR: 0.000016
[GPU cuda:1][TRAIN] Epoch: [5][750/2480], Elapsed 3m 34s (remain 8m 14s), Accuracy: 80.000(71.877), Loss: 0.235(0.690), LR: 0.000015
[GPU cuda:1][TRAIN] Epoch: [5][800/2480], Elapsed 3m 49s (remain 8m 0s), Accuracy: 100.000(72.085), Loss: 0.309(0.686), LR: 0.000015
[GPU cuda:1][TRAIN] Epoch: [5][850/2480], Elapsed 4m 3s (remain 7m 45s), Accuracy: 80.000(72.456), Loss: 0.619(0.679), LR: 0.000014
[GPU cuda:1][TRAIN] Epoch: [5][900/2480], Elapsed 4m 17s (remain 7m 31s), Accuracy: 60.000(72.630), Loss: 0.798(0.673), LR: 0.000013
[GPU cuda:1][TRAIN] Epoch: [5][950/2480], Elapsed 4m 31s (remain 7m 17s), Accuracy: 80.000(72.766), Loss: 0.791(0.668), LR: 0.000013
[GPU cuda:1][TRAIN] Epoch: [5][1000/2480], Elapsed 4m 46s (remain 7m 2s), Accuracy: 80.000(72.867), Loss: 0.804(0.667), LR: 0.000012
[GPU cuda:1][TRAIN] Epoch: [5][1050/2480], Elapsed 5m 0s (remain 6m 48s), Accuracy: 60.000(72.997), Loss: 0.742(0.666), LR: 0.000011
[GPU cuda:1][TRAIN] Epoch: [5][1100/2480], Elapsed 5m 14s (remain 6m 34s), Accuracy: 80.000(73.224), Loss: 0.274(0.661), LR: 0.000011
[GPU cuda:1][TRAIN] Epoch: [5][1150/2480], Elapsed 5m 28s (remain 6m 19s), Accuracy: 80.000(73.223), Loss: 0.660(0.661), LR: 0.000010
[GPU cuda:1][TRAIN] Epoch: [5][1200/2480], Elapsed 5m 43s (remain 6m 5s), Accuracy: 100.000(73.455), Loss: 0.310(0.655), LR: 0.000010
[GPU cuda:1][TRAIN] Epoch: [5][1250/2480], Elapsed 5m 57s (remain 5m 50s), Accuracy: 40.000(73.429), Loss: 1.165(0.652), LR: 0.000009
[GPU cuda:1][TRAIN] Epoch: [5][1300/2480], Elapsed 6m 11s (remain 5m 36s), Accuracy: 80.000(73.743), Loss: 0.504(0.646), LR: 0.000009
[GPU cuda:1][TRAIN] Epoch: [5][1350/2480], Elapsed 6m 25s (remain 5m 22s), Accuracy: 100.000(73.842), Loss: 0.095(0.643), LR: 0.000008
[GPU cuda:1][TRAIN] Epoch: [5][1400/2480], Elapsed 6m 39s (remain 5m 8s), Accuracy: 100.000(73.833), Loss: 0.219(0.643), LR: 0.000008
[GPU cuda:1][TRAIN] Epoch: [5][1450/2480], Elapsed 6m 54s (remain 4m 53s), Accuracy: 100.000(74.004), Loss: 0.314(0.640), LR: 0.000007
[GPU cuda:1][TRAIN] Epoch: [5][1500/2480], Elapsed 7m 8s (remain 4m 39s), Accuracy: 100.000(73.991), Loss: 0.055(0.640), LR: 0.000007
[GPU cuda:1][TRAIN] Epoch: [5][1550/2480], Elapsed 7m 22s (remain 4m 25s), Accuracy: 100.000(74.017), Loss: 0.296(0.639), LR: 0.000006
[GPU cuda:1][TRAIN] Epoch: [5][1600/2480], Elapsed 7m 36s (remain 4m 10s), Accuracy: 80.000(74.016), Loss: 0.294(0.638), LR: 0.000006
[GPU cuda:1][TRAIN] Epoch: [5][1650/2480], Elapsed 7m 50s (remain 3m 56s), Accuracy: 80.000(74.234), Loss: 0.337(0.634), LR: 0.000005
[GPU cuda:1][TRAIN] Epoch: [5][1700/2480], Elapsed 8m 5s (remain 3m 42s), Accuracy: 80.000(74.250), Loss: 0.331(0.634), LR: 0.000005
[GPU cuda:1][TRAIN] Epoch: [5][1750/2480], Elapsed 8m 19s (remain 3m 27s), Accuracy: 60.000(74.358), Loss: 1.194(0.632), LR: 0.000005
[GPU cuda:1][TRAIN] Epoch: [5][1800/2480], Elapsed 8m 33s (remain 3m 13s), Accuracy: 80.000(74.470), Loss: 0.480(0.630), LR: 0.000004
[GPU cuda:1][TRAIN] Epoch: [5][1850/2480], Elapsed 8m 47s (remain 2m 59s), Accuracy: 60.000(74.435), Loss: 0.651(0.629), LR: 0.000004
[GPU cuda:1][TRAIN] Epoch: [5][1900/2480], Elapsed 9m 1s (remain 2m 45s), Accuracy: 60.000(74.519), Loss: 0.633(0.627), LR: 0.000003
[GPU cuda:1][TRAIN] Epoch: [5][1950/2480], Elapsed 9m 16s (remain 2m 30s), Accuracy: 80.000(74.444), Loss: 0.335(0.627), LR: 0.000003
[GPU cuda:1][TRAIN] Epoch: [5][2000/2480], Elapsed 9m 30s (remain 2m 16s), Accuracy: 100.000(74.433), Loss: 0.349(0.626), LR: 0.000003
[GPU cuda:1][TRAIN] Epoch: [5][2050/2480], Elapsed 9m 44s (remain 2m 2s), Accuracy: 60.000(74.490), Loss: 0.913(0.625), LR: 0.000003
[GPU cuda:1][TRAIN] Epoch: [5][2100/2480], Elapsed 9m 58s (remain 1m 47s), Accuracy: 100.000(74.726), Loss: 0.190(0.621), LR: 0.000002
[GPU cuda:1][TRAIN] Epoch: [5][2150/2480], Elapsed 10m 12s (remain 1m 33s), Accuracy: 60.000(74.840), Loss: 0.705(0.618), LR: 0.000002
[GPU cuda:1][TRAIN] Epoch: [5][2200/2480], Elapsed 10m 26s (remain 1m 19s), Accuracy: 60.000(74.902), Loss: 0.530(0.617), LR: 0.000002
[GPU cuda:1][TRAIN] Epoch: [5][2250/2480], Elapsed 10m 41s (remain 1m 5s), Accuracy: 80.000(74.882), Loss: 0.920(0.617), LR: 0.000002
[GPU cuda:1][TRAIN] Epoch: [5][2300/2480], Elapsed 10m 55s (remain 0m 50s), Accuracy: 80.000(74.976), Loss: 0.469(0.615), LR: 0.000002
[GPU cuda:1][TRAIN] Epoch: [5][2350/2480], Elapsed 11m 9s (remain 0m 36s), Accuracy: 100.000(75.032), Loss: 0.368(0.614), LR: 0.000001
[GPU cuda:1][TRAIN] Epoch: [5][2400/2480], Elapsed 11m 23s (remain 0m 22s), Accuracy: 80.000(75.135), Loss: 0.615(0.612), LR: 0.000001
[GPU cuda:1][TRAIN] Epoch: [5][2450/2480], Elapsed 11m 37s (remain 0m 8s), Accuracy: 80.000(75.202), Loss: 0.410(0.610), LR: 0.000001
[GPU cuda:1][TRAIN] Epoch: [5][2479/2480], Elapsed 11m 46s (remain 0m 0s), Accuracy: 40.000(75.258), Loss: 1.334(0.609), LR: 0.000001
[GPU cuda:1][VALID][0/97], Elapsed 0m 1s (remain 2m 14s), Accuracy: 78.125(78.125), Batch Loss: 0.7229, Average Loss: 0.7229
[GPU cuda:1][VALID][50/97], Elapsed 0m 48s (remain 0m 43s), Accuracy: 78.125(76.042), Batch Loss: 0.4090, Average Loss: 0.6059
[GPU cuda:1][VALID][96/97], Elapsed 1m 32s (remain 0m 0s), Accuracy: 71.429(75.285), Batch Loss: 0.4377, Average Loss: 0.6298
Valid Labels Samples: [2 0 1 4 1 0 3 1 4 3]
Valid Predictions Samples: [2, 0, 1, 3, 1, 0, 3, 1, 3, 0]
Epoch 5 - Train Average Loss: 75.258, Valid Average Loss: 75.285, Epoch Time: 800.439s
Epoch 5 - Accuracy: 0.753, Precision: 0.760, Recall: 0.753
Saved Best Model: 0.75
[GPU cuda:1][TRAIN] Epoch: [6][0/2480], Elapsed 0m 0s (remain 26m 38s), Accuracy: 80.000(80.000), Loss: 0.584(0.584), LR: 0.000001
[GPU cuda:1][TRAIN] Epoch: [6][50/2480], Elapsed 0m 15s (remain 11m 56s), Accuracy: 60.000(81.176), Loss: 0.787(0.472), LR: 0.000001
[GPU cuda:1][TRAIN] Epoch: [6][100/2480], Elapsed 0m 29s (remain 11m 28s), Accuracy: 80.000(78.218), Loss: 0.653(0.521), LR: 0.000001
[GPU cuda:1][TRAIN] Epoch: [6][150/2480], Elapsed 0m 43s (remain 11m 9s), Accuracy: 60.000(77.351), Loss: 0.913(0.537), LR: 0.000001
[GPU cuda:1][TRAIN] Epoch: [6][200/2480], Elapsed 0m 57s (remain 10m 53s), Accuracy: 80.000(77.214), Loss: 0.536(0.549), LR: 0.000070
[GPU cuda:1][TRAIN] Epoch: [6][250/2480], Elapsed 1m 11s (remain 10m 37s), Accuracy: 100.000(76.255), Loss: 0.241(0.583), LR: 0.000070
[GPU cuda:1][TRAIN] Epoch: [6][300/2480], Elapsed 1m 25s (remain 10m 22s), Accuracy: 0.000(74.419), Loss: 1.601(0.617), LR: 0.000070
[GPU cuda:1][TRAIN] Epoch: [6][350/2480], Elapsed 1m 40s (remain 10m 7s), Accuracy: 100.000(72.877), Loss: 0.451(0.648), LR: 0.000070
[GPU cuda:1][TRAIN] Epoch: [6][400/2480], Elapsed 1m 54s (remain 9m 52s), Accuracy: 40.000(72.070), Loss: 0.952(0.676), LR: 0.000070
[GPU cuda:1][TRAIN] Epoch: [6][450/2480], Elapsed 2m 8s (remain 9m 38s), Accuracy: 60.000(71.441), Loss: 0.766(0.691), LR: 0.000070
[GPU cuda:1][TRAIN] Epoch: [6][500/2480], Elapsed 2m 22s (remain 9m 23s), Accuracy: 40.000(71.297), Loss: 1.634(0.693), LR: 0.000070
[GPU cuda:1][TRAIN] Epoch: [6][550/2480], Elapsed 2m 36s (remain 9m 9s), Accuracy: 80.000(70.454), Loss: 0.368(0.713), LR: 0.000070
[GPU cuda:1][TRAIN] Epoch: [6][600/2480], Elapsed 2m 51s (remain 8m 54s), Accuracy: 100.000(70.183), Loss: 0.039(0.718), LR: 0.000070
[GPU cuda:1][TRAIN] Epoch: [6][650/2480], Elapsed 3m 5s (remain 8m 40s), Accuracy: 100.000(69.831), Loss: 0.155(0.734), LR: 0.000070
[GPU cuda:1][TRAIN] Epoch: [6][700/2480], Elapsed 3m 19s (remain 8m 25s), Accuracy: 60.000(69.272), Loss: 0.945(0.746), LR: 0.000070
[GPU cuda:1][TRAIN] Epoch: [6][750/2480], Elapsed 3m 33s (remain 8m 11s), Accuracy: 100.000(69.268), Loss: 0.302(0.749), LR: 0.000070
[GPU cuda:1][TRAIN] Epoch: [6][800/2480], Elapsed 3m 47s (remain 7m 57s), Accuracy: 100.000(69.139), Loss: 0.302(0.751), LR: 0.000070
[GPU cuda:1][TRAIN] Epoch: [6][850/2480], Elapsed 4m 1s (remain 7m 42s), Accuracy: 60.000(69.213), Loss: 0.722(0.749), LR: 0.000070
[GPU cuda:1][TRAIN] Epoch: [6][900/2480], Elapsed 4m 15s (remain 7m 28s), Accuracy: 20.000(69.101), Loss: 1.068(0.751), LR: 0.000069
[GPU cuda:1][TRAIN] Epoch: [6][950/2480], Elapsed 4m 30s (remain 7m 14s), Accuracy: 40.000(68.896), Loss: 1.133(0.755), LR: 0.000069
[GPU cuda:1][TRAIN] Epoch: [6][1000/2480], Elapsed 4m 44s (remain 6m 59s), Accuracy: 60.000(68.651), Loss: 0.876(0.758), LR: 0.000069
[GPU cuda:1][TRAIN] Epoch: [6][1050/2480], Elapsed 4m 58s (remain 6m 45s), Accuracy: 40.000(68.582), Loss: 1.229(0.762), LR: 0.000069
[GPU cuda:1][TRAIN] Epoch: [6][1100/2480], Elapsed 5m 12s (remain 6m 31s), Accuracy: 80.000(68.574), Loss: 1.197(0.761), LR: 0.000069
[GPU cuda:1][TRAIN] Epoch: [6][1150/2480], Elapsed 5m 26s (remain 6m 17s), Accuracy: 60.000(68.358), Loss: 1.053(0.765), LR: 0.000069
[GPU cuda:1][TRAIN] Epoch: [6][1200/2480], Elapsed 5m 40s (remain 6m 2s), Accuracy: 60.000(68.609), Loss: 0.848(0.761), LR: 0.000069
[GPU cuda:1][TRAIN] Epoch: [6][1250/2480], Elapsed 5m 55s (remain 5m 48s), Accuracy: 40.000(68.329), Loss: 1.275(0.765), LR: 0.000069
[GPU cuda:1][TRAIN] Epoch: [6][1300/2480], Elapsed 6m 9s (remain 5m 34s), Accuracy: 60.000(68.363), Loss: 0.800(0.767), LR: 0.000069
[GPU cuda:1][TRAIN] Epoch: [6][1350/2480], Elapsed 6m 23s (remain 5m 20s), Accuracy: 100.000(68.379), Loss: 0.206(0.767), LR: 0.000069
[GPU cuda:1][TRAIN] Epoch: [6][1400/2480], Elapsed 6m 37s (remain 5m 6s), Accuracy: 100.000(68.380), Loss: 0.374(0.769), LR: 0.000069
[GPU cuda:1][TRAIN] Epoch: [6][1450/2480], Elapsed 6m 51s (remain 4m 51s), Accuracy: 60.000(68.270), Loss: 0.660(0.770), LR: 0.000068
[GPU cuda:1][TRAIN] Epoch: [6][1500/2480], Elapsed 7m 5s (remain 4m 37s), Accuracy: 80.000(68.208), Loss: 0.239(0.769), LR: 0.000068
[GPU cuda:1][TRAIN] Epoch: [6][1550/2480], Elapsed 7m 20s (remain 4m 23s), Accuracy: 80.000(68.150), Loss: 0.770(0.770), LR: 0.000068
[GPU cuda:1][TRAIN] Epoch: [6][1600/2480], Elapsed 7m 34s (remain 4m 9s), Accuracy: 40.000(68.157), Loss: 0.764(0.769), LR: 0.000068
[GPU cuda:1][TRAIN] Epoch: [6][1650/2480], Elapsed 7m 48s (remain 3m 55s), Accuracy: 60.000(68.322), Loss: 0.732(0.766), LR: 0.000068
[GPU cuda:1][TRAIN] Epoch: [6][1700/2480], Elapsed 8m 2s (remain 3m 40s), Accuracy: 60.000(68.160), Loss: 0.797(0.770), LR: 0.000068
[GPU cuda:1][TRAIN] Epoch: [6][1750/2480], Elapsed 8m 16s (remain 3m 26s), Accuracy: 60.000(67.973), Loss: 1.734(0.774), LR: 0.000068
[GPU cuda:1][TRAIN] Epoch: [6][1800/2480], Elapsed 8m 30s (remain 3m 12s), Accuracy: 60.000(68.040), Loss: 1.429(0.773), LR: 0.000067
[GPU cuda:1][TRAIN] Epoch: [6][1850/2480], Elapsed 8m 44s (remain 2m 58s), Accuracy: 60.000(67.834), Loss: 0.912(0.776), LR: 0.000067
[GPU cuda:1][TRAIN] Epoch: [6][1900/2480], Elapsed 8m 59s (remain 2m 44s), Accuracy: 60.000(67.638), Loss: 0.583(0.779), LR: 0.000067
[GPU cuda:1][TRAIN] Epoch: [6][1950/2480], Elapsed 9m 13s (remain 2m 29s), Accuracy: 60.000(67.555), Loss: 0.724(0.781), LR: 0.000067
[GPU cuda:1][TRAIN] Epoch: [6][2000/2480], Elapsed 9m 27s (remain 2m 15s), Accuracy: 40.000(67.556), Loss: 1.055(0.781), LR: 0.000067
[GPU cuda:1][TRAIN] Epoch: [6][2050/2480], Elapsed 9m 41s (remain 2m 1s), Accuracy: 20.000(67.343), Loss: 1.366(0.784), LR: 0.000067
[GPU cuda:1][TRAIN] Epoch: [6][2100/2480], Elapsed 9m 55s (remain 1m 47s), Accuracy: 60.000(67.444), Loss: 0.899(0.782), LR: 0.000066
[GPU cuda:1][TRAIN] Epoch: [6][2150/2480], Elapsed 10m 9s (remain 1m 33s), Accuracy: 60.000(67.429), Loss: 1.424(0.782), LR: 0.000066
[GPU cuda:1][TRAIN] Epoch: [6][2200/2480], Elapsed 10m 23s (remain 1m 19s), Accuracy: 60.000(67.506), Loss: 0.645(0.781), LR: 0.000066
[GPU cuda:1][TRAIN] Epoch: [6][2250/2480], Elapsed 10m 37s (remain 1m 4s), Accuracy: 60.000(67.499), Loss: 0.929(0.781), LR: 0.000066
[GPU cuda:1][TRAIN] Epoch: [6][2300/2480], Elapsed 10m 52s (remain 0m 50s), Accuracy: 60.000(67.536), Loss: 0.627(0.780), LR: 0.000066
[GPU cuda:1][TRAIN] Epoch: [6][2350/2480], Elapsed 11m 6s (remain 0m 36s), Accuracy: 40.000(67.503), Loss: 1.218(0.781), LR: 0.000065
[GPU cuda:1][TRAIN] Epoch: [6][2400/2480], Elapsed 11m 20s (remain 0m 22s), Accuracy: 40.000(67.489), Loss: 1.903(0.781), LR: 0.000065
[GPU cuda:1][TRAIN] Epoch: [6][2450/2480], Elapsed 11m 34s (remain 0m 8s), Accuracy: 60.000(67.638), Loss: 0.781(0.779), LR: 0.000065
[GPU cuda:1][TRAIN] Epoch: [6][2479/2480], Elapsed 11m 42s (remain 0m 0s), Accuracy: 40.000(67.661), Loss: 1.638(0.779), LR: 0.000065
[GPU cuda:1][VALID][0/97], Elapsed 0m 1s (remain 2m 11s), Accuracy: 71.875(71.875), Batch Loss: 0.7630, Average Loss: 0.7630
[GPU cuda:1][VALID][50/97], Elapsed 0m 48s (remain 0m 43s), Accuracy: 75.000(70.159), Batch Loss: 0.4854, Average Loss: 0.7128
[GPU cuda:1][VALID][96/97], Elapsed 1m 32s (remain 0m 0s), Accuracy: 71.429(70.195), Batch Loss: 0.5735, Average Loss: 0.7310
Valid Labels Samples: [2 0 1 4 1 0 3 1 4 3]
Valid Predictions Samples: [2, 0, 1, 3, 1, 0, 4, 1, 3, 0]
Epoch 6 - Train Average Loss: 67.661, Valid Average Loss: 70.195, Epoch Time: 797.142s
Epoch 6 - Accuracy: 0.702, Precision: 0.708, Recall: 0.702
[GPU cuda:1][TRAIN] Epoch: [7][0/2480], Elapsed 0m 0s (remain 25m 59s), Accuracy: 80.000(80.000), Loss: 0.585(0.585), LR: 0.000065
[GPU cuda:1][TRAIN] Epoch: [7][50/2480], Elapsed 0m 15s (remain 11m 54s), Accuracy: 40.000(71.373), Loss: 0.933(0.670), LR: 0.000065
[GPU cuda:1][TRAIN] Epoch: [7][100/2480], Elapsed 0m 29s (remain 11m 28s), Accuracy: 80.000(69.109), Loss: 0.740(0.715), LR: 0.000064
[GPU cuda:1][TRAIN] Epoch: [7][150/2480], Elapsed 0m 43s (remain 11m 10s), Accuracy: 40.000(68.742), Loss: 1.062(0.733), LR: 0.000064
[GPU cuda:1][TRAIN] Epoch: [7][200/2480], Elapsed 0m 57s (remain 10m 53s), Accuracy: 40.000(68.259), Loss: 0.978(0.757), LR: 0.000064
[GPU cuda:1][TRAIN] Epoch: [7][250/2480], Elapsed 1m 11s (remain 10m 38s), Accuracy: 80.000(68.446), Loss: 0.396(0.747), LR: 0.000064
[GPU cuda:1][TRAIN] Epoch: [7][300/2480], Elapsed 1m 26s (remain 10m 22s), Accuracy: 40.000(68.638), Loss: 1.287(0.739), LR: 0.000063
[GPU cuda:1][TRAIN] Epoch: [7][350/2480], Elapsed 1m 40s (remain 10m 8s), Accuracy: 100.000(68.604), Loss: 0.065(0.741), LR: 0.000063
[GPU cuda:1][TRAIN] Epoch: [7][400/2480], Elapsed 1m 54s (remain 9m 53s), Accuracy: 60.000(68.728), Loss: 1.254(0.736), LR: 0.000063
[GPU cuda:1][TRAIN] Epoch: [7][450/2480], Elapsed 2m 8s (remain 9m 39s), Accuracy: 60.000(68.603), Loss: 1.115(0.743), LR: 0.000063
[GPU cuda:1][TRAIN] Epoch: [7][500/2480], Elapsed 2m 22s (remain 9m 24s), Accuracy: 20.000(68.663), Loss: 1.771(0.740), LR: 0.000062
[GPU cuda:1][TRAIN] Epoch: [7][550/2480], Elapsed 2m 37s (remain 9m 10s), Accuracy: 100.000(68.711), Loss: 0.216(0.742), LR: 0.000062
[GPU cuda:1][TRAIN] Epoch: [7][600/2480], Elapsed 2m 51s (remain 8m 55s), Accuracy: 100.000(68.552), Loss: 0.046(0.745), LR: 0.000062
[GPU cuda:1][TRAIN] Epoch: [7][650/2480], Elapsed 3m 5s (remain 8m 41s), Accuracy: 100.000(68.817), Loss: 0.114(0.742), LR: 0.000061
[GPU cuda:1][TRAIN] Epoch: [7][700/2480], Elapsed 3m 19s (remain 8m 26s), Accuracy: 60.000(68.673), Loss: 0.765(0.744), LR: 0.000061
[GPU cuda:1][TRAIN] Epoch: [7][750/2480], Elapsed 3m 33s (remain 8m 12s), Accuracy: 100.000(68.655), Loss: 0.387(0.748), LR: 0.000061
[GPU cuda:1][TRAIN] Epoch: [7][800/2480], Elapsed 3m 48s (remain 7m 58s), Accuracy: 80.000(68.839), Loss: 0.289(0.744), LR: 0.000061
[GPU cuda:1][TRAIN] Epoch: [7][850/2480], Elapsed 4m 2s (remain 7m 43s), Accuracy: 80.000(69.283), Loss: 0.685(0.735), LR: 0.000060
[GPU cuda:1][TRAIN] Epoch: [7][900/2480], Elapsed 4m 16s (remain 7m 29s), Accuracy: 60.000(69.656), Loss: 1.694(0.730), LR: 0.000060
[GPU cuda:1][TRAIN] Epoch: [7][950/2480], Elapsed 4m 30s (remain 7m 15s), Accuracy: 80.000(69.527), Loss: 0.826(0.730), LR: 0.000060
[GPU cuda:1][TRAIN] Epoch: [7][1000/2480], Elapsed 4m 44s (remain 7m 0s), Accuracy: 40.000(69.371), Loss: 1.143(0.732), LR: 0.000059
[GPU cuda:1][TRAIN] Epoch: [7][1050/2480], Elapsed 4m 59s (remain 6m 46s), Accuracy: 60.000(69.439), Loss: 1.009(0.730), LR: 0.000059
[GPU cuda:1][TRAIN] Epoch: [7][1100/2480], Elapsed 5m 13s (remain 6m 32s), Accuracy: 80.000(69.628), Loss: 0.269(0.724), LR: 0.000059
[GPU cuda:1][TRAIN] Epoch: [7][1150/2480], Elapsed 5m 27s (remain 6m 18s), Accuracy: 80.000(69.626), Loss: 0.920(0.724), LR: 0.000058
[GPU cuda:1][TRAIN] Epoch: [7][1200/2480], Elapsed 5m 41s (remain 6m 4s), Accuracy: 100.000(69.842), Loss: 0.493(0.719), LR: 0.000058
[GPU cuda:1][TRAIN] Epoch: [7][1250/2480], Elapsed 5m 56s (remain 5m 49s), Accuracy: 40.000(69.720), Loss: 1.391(0.719), LR: 0.000058
[GPU cuda:1][TRAIN] Epoch: [7][1300/2480], Elapsed 6m 10s (remain 5m 35s), Accuracy: 80.000(70.008), Loss: 0.676(0.715), LR: 0.000058
[GPU cuda:1][TRAIN] Epoch: [7][1350/2480], Elapsed 6m 24s (remain 5m 21s), Accuracy: 100.000(70.318), Loss: 0.073(0.710), LR: 0.000057
[GPU cuda:1][TRAIN] Epoch: [7][1400/2480], Elapsed 6m 38s (remain 5m 7s), Accuracy: 100.000(70.321), Loss: 0.222(0.712), LR: 0.000057
[GPU cuda:1][TRAIN] Epoch: [7][1450/2480], Elapsed 6m 53s (remain 4m 52s), Accuracy: 80.000(70.476), Loss: 0.377(0.710), LR: 0.000057
[GPU cuda:1][TRAIN] Epoch: [7][1500/2480], Elapsed 7m 7s (remain 4m 38s), Accuracy: 80.000(70.366), Loss: 1.307(0.712), LR: 0.000056
[GPU cuda:1][TRAIN] Epoch: [7][1550/2480], Elapsed 7m 21s (remain 4m 24s), Accuracy: 100.000(70.277), Loss: 0.371(0.714), LR: 0.000056
[GPU cuda:1][TRAIN] Epoch: [7][1600/2480], Elapsed 7m 35s (remain 4m 10s), Accuracy: 80.000(70.356), Loss: 0.445(0.712), LR: 0.000055
[GPU cuda:1][TRAIN] Epoch: [7][1650/2480], Elapsed 7m 50s (remain 3m 56s), Accuracy: 80.000(70.454), Loss: 0.508(0.711), LR: 0.000055
[GPU cuda:1][TRAIN] Epoch: [7][1700/2480], Elapsed 8m 4s (remain 3m 41s), Accuracy: 80.000(70.500), Loss: 0.497(0.711), LR: 0.000055
[GPU cuda:1][TRAIN] Epoch: [7][1750/2480], Elapsed 8m 18s (remain 3m 27s), Accuracy: 60.000(70.554), Loss: 0.768(0.710), LR: 0.000054
[GPU cuda:1][TRAIN] Epoch: [7][1800/2480], Elapsed 8m 32s (remain 3m 13s), Accuracy: 60.000(70.650), Loss: 0.646(0.708), LR: 0.000054
[GPU cuda:1][TRAIN] Epoch: [7][1850/2480], Elapsed 8m 47s (remain 2m 59s), Accuracy: 100.000(70.610), Loss: 0.582(0.709), LR: 0.000054
[GPU cuda:1][TRAIN] Epoch: [7][1900/2480], Elapsed 9m 1s (remain 2m 44s), Accuracy: 60.000(70.552), Loss: 0.484(0.709), LR: 0.000053
[GPU cuda:1][TRAIN] Epoch: [7][1950/2480], Elapsed 9m 15s (remain 2m 30s), Accuracy: 100.000(70.518), Loss: 0.512(0.711), LR: 0.000053
[GPU cuda:1][TRAIN] Epoch: [7][2000/2480], Elapsed 9m 29s (remain 2m 16s), Accuracy: 80.000(70.585), Loss: 0.646(0.709), LR: 0.000053
[GPU cuda:1][TRAIN] Epoch: [7][2050/2480], Elapsed 9m 44s (remain 2m 2s), Accuracy: 20.000(70.444), Loss: 1.129(0.711), LR: 0.000052
[GPU cuda:1][TRAIN] Epoch: [7][2100/2480], Elapsed 9m 58s (remain 1m 47s), Accuracy: 80.000(70.662), Loss: 0.241(0.707), LR: 0.000052
[GPU cuda:1][TRAIN] Epoch: [7][2150/2480], Elapsed 10m 12s (remain 1m 33s), Accuracy: 60.000(70.786), Loss: 0.662(0.704), LR: 0.000052
[GPU cuda:1][TRAIN] Epoch: [7][2200/2480], Elapsed 10m 26s (remain 1m 19s), Accuracy: 60.000(70.959), Loss: 0.902(0.703), LR: 0.000051
[GPU cuda:1][TRAIN] Epoch: [7][2250/2480], Elapsed 10m 41s (remain 1m 5s), Accuracy: 60.000(71.000), Loss: 0.949(0.704), LR: 0.000051
[GPU cuda:1][TRAIN] Epoch: [7][2300/2480], Elapsed 10m 55s (remain 0m 50s), Accuracy: 40.000(71.039), Loss: 0.912(0.703), LR: 0.000050
[GPU cuda:1][TRAIN] Epoch: [7][2350/2480], Elapsed 11m 9s (remain 0m 36s), Accuracy: 80.000(71.059), Loss: 0.605(0.704), LR: 0.000050
[GPU cuda:1][TRAIN] Epoch: [7][2400/2480], Elapsed 11m 23s (remain 0m 22s), Accuracy: 60.000(71.079), Loss: 0.855(0.703), LR: 0.000050
[GPU cuda:1][TRAIN] Epoch: [7][2450/2480], Elapsed 11m 38s (remain 0m 8s), Accuracy: 100.000(71.155), Loss: 0.347(0.702), LR: 0.000049
[GPU cuda:1][TRAIN] Epoch: [7][2479/2480], Elapsed 11m 46s (remain 0m 0s), Accuracy: 40.000(71.161), Loss: 1.961(0.702), LR: 0.000049
[GPU cuda:1][VALID][0/97], Elapsed 0m 1s (remain 2m 13s), Accuracy: 75.000(75.000), Batch Loss: 0.8681, Average Loss: 0.8681
[GPU cuda:1][VALID][50/97], Elapsed 0m 48s (remain 0m 44s), Accuracy: 71.875(72.243), Batch Loss: 0.5670, Average Loss: 0.7080
[GPU cuda:1][VALID][96/97], Elapsed 1m 33s (remain 0m 0s), Accuracy: 67.857(71.737), Batch Loss: 0.5912, Average Loss: 0.7300
Valid Labels Samples: [2 0 1 4 1 0 3 1 4 3]
Valid Predictions Samples: [2, 0, 1, 4, 1, 0, 3, 1, 3, 0]
Epoch 7 - Train Average Loss: 71.161, Valid Average Loss: 71.737, Epoch Time: 801.519s
Epoch 7 - Accuracy: 0.717, Precision: 0.731, Recall: 0.717
[GPU cuda:1][TRAIN] Epoch: [8][0/2480], Elapsed 0m 0s (remain 25m 45s), Accuracy: 80.000(80.000), Loss: 0.756(0.756), LR: 0.000049
[GPU cuda:1][TRAIN] Epoch: [8][50/2480], Elapsed 0m 15s (remain 11m 59s), Accuracy: 60.000(74.902), Loss: 0.993(0.622), LR: 0.000049
[GPU cuda:1][TRAIN] Epoch: [8][100/2480], Elapsed 0m 29s (remain 11m 32s), Accuracy: 60.000(72.673), Loss: 0.837(0.652), LR: 0.000048
[GPU cuda:1][TRAIN] Epoch: [8][150/2480], Elapsed 0m 43s (remain 11m 13s), Accuracy: 60.000(74.040), Loss: 0.898(0.647), LR: 0.000048
[GPU cuda:1][TRAIN] Epoch: [8][200/2480], Elapsed 0m 57s (remain 10m 56s), Accuracy: 80.000(73.831), Loss: 0.621(0.658), LR: 0.000047
[GPU cuda:1][TRAIN] Epoch: [8][250/2480], Elapsed 1m 12s (remain 10m 40s), Accuracy: 80.000(74.422), Loss: 0.352(0.638), LR: 0.000047
[GPU cuda:1][TRAIN] Epoch: [8][300/2480], Elapsed 1m 26s (remain 10m 24s), Accuracy: 20.000(74.884), Loss: 1.245(0.628), LR: 0.000047
[GPU cuda:1][TRAIN] Epoch: [8][350/2480], Elapsed 1m 40s (remain 10m 9s), Accuracy: 100.000(74.701), Loss: 0.394(0.631), LR: 0.000046
[GPU cuda:1][TRAIN] Epoch: [8][400/2480], Elapsed 1m 54s (remain 9m 54s), Accuracy: 60.000(75.062), Loss: 0.801(0.625), LR: 0.000046
[GPU cuda:1][TRAIN] Epoch: [8][450/2480], Elapsed 2m 8s (remain 9m 39s), Accuracy: 80.000(74.590), Loss: 0.630(0.634), LR: 0.000045
[GPU cuda:1][TRAIN] Epoch: [8][500/2480], Elapsed 2m 23s (remain 9m 25s), Accuracy: 40.000(74.731), Loss: 1.033(0.629), LR: 0.000045
[GPU cuda:1][TRAIN] Epoch: [8][550/2480], Elapsed 2m 37s (remain 9m 10s), Accuracy: 100.000(74.628), Loss: 0.048(0.637), LR: 0.000045
[GPU cuda:1][TRAIN] Epoch: [8][600/2480], Elapsed 2m 51s (remain 8m 56s), Accuracy: 100.000(74.243), Loss: 0.035(0.643), LR: 0.000044
[GPU cuda:1][TRAIN] Epoch: [8][650/2480], Elapsed 3m 5s (remain 8m 41s), Accuracy: 100.000(74.409), Loss: 0.044(0.639), LR: 0.000044
[GPU cuda:1][TRAIN] Epoch: [8][700/2480], Elapsed 3m 19s (remain 8m 27s), Accuracy: 60.000(74.009), Loss: 0.440(0.646), LR: 0.000043
[GPU cuda:1][TRAIN] Epoch: [8][750/2480], Elapsed 3m 34s (remain 8m 12s), Accuracy: 80.000(73.555), Loss: 0.528(0.653), LR: 0.000043
[GPU cuda:1][TRAIN] Epoch: [8][800/2480], Elapsed 3m 48s (remain 7m 58s), Accuracy: 100.000(73.833), Loss: 0.219(0.649), LR: 0.000043
[GPU cuda:1][TRAIN] Epoch: [8][850/2480], Elapsed 4m 2s (remain 7m 44s), Accuracy: 80.000(74.054), Loss: 0.565(0.642), LR: 0.000042
[GPU cuda:1][TRAIN] Epoch: [8][900/2480], Elapsed 4m 16s (remain 7m 29s), Accuracy: 80.000(74.140), Loss: 0.737(0.638), LR: 0.000042
[GPU cuda:1][TRAIN] Epoch: [8][950/2480], Elapsed 4m 30s (remain 7m 15s), Accuracy: 80.000(74.175), Loss: 0.719(0.636), LR: 0.000041
[GPU cuda:1][TRAIN] Epoch: [8][1000/2480], Elapsed 4m 44s (remain 7m 0s), Accuracy: 60.000(73.986), Loss: 0.841(0.639), LR: 0.000041
[GPU cuda:1][TRAIN] Epoch: [8][1050/2480], Elapsed 4m 59s (remain 6m 46s), Accuracy: 60.000(74.120), Loss: 1.141(0.637), LR: 0.000040
[GPU cuda:1][TRAIN] Epoch: [8][1100/2480], Elapsed 5m 13s (remain 6m 32s), Accuracy: 80.000(74.314), Loss: 0.244(0.632), LR: 0.000040
[GPU cuda:1][TRAIN] Epoch: [8][1150/2480], Elapsed 5m 27s (remain 6m 17s), Accuracy: 100.000(74.283), Loss: 0.466(0.632), LR: 0.000040
[GPU cuda:1][TRAIN] Epoch: [8][1200/2480], Elapsed 5m 41s (remain 6m 3s), Accuracy: 100.000(74.505), Loss: 0.345(0.626), LR: 0.000039
[GPU cuda:1][TRAIN] Epoch: [8][1250/2480], Elapsed 5m 55s (remain 5m 49s), Accuracy: 40.000(74.452), Loss: 1.287(0.625), LR: 0.000039
[GPU cuda:1][TRAIN] Epoch: [8][1300/2480], Elapsed 6m 9s (remain 5m 35s), Accuracy: 80.000(74.727), Loss: 0.564(0.621), LR: 0.000038
[GPU cuda:1][TRAIN] Epoch: [8][1350/2480], Elapsed 6m 23s (remain 5m 20s), Accuracy: 100.000(74.893), Loss: 0.117(0.616), LR: 0.000038
[GPU cuda:1][TRAIN] Epoch: [8][1400/2480], Elapsed 6m 38s (remain 5m 6s), Accuracy: 80.000(74.789), Loss: 0.330(0.619), LR: 0.000038
[GPU cuda:1][TRAIN] Epoch: [8][1450/2480], Elapsed 6m 52s (remain 4m 52s), Accuracy: 100.000(74.914), Loss: 0.383(0.617), LR: 0.000037
[GPU cuda:1][TRAIN] Epoch: [8][1500/2480], Elapsed 7m 6s (remain 4m 38s), Accuracy: 100.000(74.870), Loss: 0.149(0.619), LR: 0.000037
[GPU cuda:1][TRAIN] Epoch: [8][1550/2480], Elapsed 7m 20s (remain 4m 23s), Accuracy: 100.000(74.945), Loss: 0.286(0.619), LR: 0.000036
[GPU cuda:1][TRAIN] Epoch: [8][1600/2480], Elapsed 7m 34s (remain 4m 9s), Accuracy: 100.000(74.978), Loss: 0.253(0.618), LR: 0.000036
[GPU cuda:1][TRAIN] Epoch: [8][1650/2480], Elapsed 7m 48s (remain 3m 55s), Accuracy: 80.000(75.106), Loss: 0.376(0.615), LR: 0.000035
[GPU cuda:1][TRAIN] Epoch: [8][1700/2480], Elapsed 8m 3s (remain 3m 41s), Accuracy: 80.000(75.097), Loss: 0.366(0.616), LR: 0.000035
[GPU cuda:1][TRAIN] Epoch: [8][1750/2480], Elapsed 8m 17s (remain 3m 27s), Accuracy: 40.000(75.191), Loss: 2.320(0.615), LR: 0.000035
[GPU cuda:1][TRAIN] Epoch: [8][1800/2480], Elapsed 8m 31s (remain 3m 12s), Accuracy: 80.000(75.203), Loss: 0.460(0.612), LR: 0.000034
[GPU cuda:1][TRAIN] Epoch: [8][1850/2480], Elapsed 8m 45s (remain 2m 58s), Accuracy: 100.000(75.181), Loss: 0.455(0.612), LR: 0.000034
[GPU cuda:1][TRAIN] Epoch: [8][1900/2480], Elapsed 8m 59s (remain 2m 44s), Accuracy: 60.000(75.224), Loss: 0.480(0.610), LR: 0.000033
[GPU cuda:1][TRAIN] Epoch: [8][1950/2480], Elapsed 9m 13s (remain 2m 30s), Accuracy: 80.000(75.213), Loss: 0.827(0.611), LR: 0.000033
[GPU cuda:1][TRAIN] Epoch: [8][2000/2480], Elapsed 9m 27s (remain 2m 15s), Accuracy: 80.000(75.252), Loss: 0.409(0.610), LR: 0.000032
[GPU cuda:1][TRAIN] Epoch: [8][2050/2480], Elapsed 9m 42s (remain 2m 1s), Accuracy: 60.000(75.202), Loss: 0.798(0.611), LR: 0.000032
[GPU cuda:1][TRAIN] Epoch: [8][2100/2480], Elapsed 9m 56s (remain 1m 47s), Accuracy: 80.000(75.336), Loss: 0.347(0.608), LR: 0.000032
[GPU cuda:1][TRAIN] Epoch: [8][2150/2480], Elapsed 10m 10s (remain 1m 33s), Accuracy: 60.000(75.444), Loss: 0.725(0.605), LR: 0.000031
[GPU cuda:1][TRAIN] Epoch: [8][2200/2480], Elapsed 10m 24s (remain 1m 19s), Accuracy: 60.000(75.547), Loss: 0.627(0.604), LR: 0.000031
[GPU cuda:1][TRAIN] Epoch: [8][2250/2480], Elapsed 10m 38s (remain 1m 4s), Accuracy: 60.000(75.273), Loss: 0.868(0.610), LR: 0.000030
[GPU cuda:1][TRAIN] Epoch: [8][2300/2480], Elapsed 10m 52s (remain 0m 50s), Accuracy: 80.000(75.306), Loss: 0.517(0.609), LR: 0.000030
[GPU cuda:1][TRAIN] Epoch: [8][2350/2480], Elapsed 11m 6s (remain 0m 36s), Accuracy: 100.000(75.364), Loss: 0.346(0.609), LR: 0.000030
[GPU cuda:1][TRAIN] Epoch: [8][2400/2480], Elapsed 11m 20s (remain 0m 22s), Accuracy: 40.000(75.460), Loss: 0.910(0.608), LR: 0.000029
[GPU cuda:1][TRAIN] Epoch: [8][2450/2480], Elapsed 11m 35s (remain 0m 8s), Accuracy: 80.000(75.553), Loss: 0.353(0.606), LR: 0.000029
[GPU cuda:1][TRAIN] Epoch: [8][2479/2480], Elapsed 11m 43s (remain 0m 0s), Accuracy: 40.000(75.573), Loss: 0.995(0.606), LR: 0.000028
[GPU cuda:1][VALID][0/97], Elapsed 0m 1s (remain 2m 18s), Accuracy: 71.875(71.875), Batch Loss: 0.7720, Average Loss: 0.7720
[GPU cuda:1][VALID][50/97], Elapsed 0m 48s (remain 0m 43s), Accuracy: 75.000(73.591), Batch Loss: 0.4658, Average Loss: 0.6709
[GPU cuda:1][VALID][96/97], Elapsed 1m 32s (remain 0m 0s), Accuracy: 78.571(73.426), Batch Loss: 0.4885, Average Loss: 0.6944
Valid Labels Samples: [2 0 1 4 1 0 3 1 4 3]
Valid Predictions Samples: [2, 0, 1, 3, 1, 0, 3, 1, 3, 0]
Epoch 8 - Train Average Loss: 75.573, Valid Average Loss: 73.426, Epoch Time: 797.572s
Epoch 8 - Accuracy: 0.734, Precision: 0.737, Recall: 0.734
[GPU cuda:1][TRAIN] Epoch: [9][0/2480], Elapsed 0m 0s (remain 26m 4s), Accuracy: 80.000(80.000), Loss: 0.733(0.733), LR: 0.000028
[GPU cuda:1][TRAIN] Epoch: [9][50/2480], Elapsed 0m 14s (remain 11m 52s), Accuracy: 40.000(77.255), Loss: 0.885(0.490), LR: 0.000028
[GPU cuda:1][TRAIN] Epoch: [9][100/2480], Elapsed 0m 29s (remain 11m 26s), Accuracy: 80.000(75.446), Loss: 0.480(0.538), LR: 0.000028
[GPU cuda:1][TRAIN] Epoch: [9][150/2480], Elapsed 0m 43s (remain 11m 8s), Accuracy: 80.000(76.821), Loss: 0.726(0.532), LR: 0.000027
[GPU cuda:1][TRAIN] Epoch: [9][200/2480], Elapsed 0m 57s (remain 10m 51s), Accuracy: 100.000(77.015), Loss: 0.183(0.541), LR: 0.000027
[GPU cuda:1][TRAIN] Epoch: [9][250/2480], Elapsed 1m 11s (remain 10m 36s), Accuracy: 100.000(78.327), Loss: 0.073(0.522), LR: 0.000026
[GPU cuda:1][TRAIN] Epoch: [9][300/2480], Elapsed 1m 25s (remain 10m 21s), Accuracy: 60.000(78.339), Loss: 0.735(0.517), LR: 0.000026
[GPU cuda:1][TRAIN] Epoch: [9][350/2480], Elapsed 1m 39s (remain 10m 5s), Accuracy: 100.000(78.405), Loss: 0.074(0.520), LR: 0.000026
[GPU cuda:1][TRAIN] Epoch: [9][400/2480], Elapsed 1m 53s (remain 9m 50s), Accuracy: 60.000(78.953), Loss: 0.667(0.513), LR: 0.000025
[GPU cuda:1][TRAIN] Epoch: [9][450/2480], Elapsed 2m 8s (remain 9m 36s), Accuracy: 80.000(78.980), Loss: 0.383(0.517), LR: 0.000025
[GPU cuda:1][TRAIN] Epoch: [9][500/2480], Elapsed 2m 22s (remain 9m 21s), Accuracy: 40.000(79.042), Loss: 0.854(0.513), LR: 0.000024
[GPU cuda:1][TRAIN] Epoch: [9][550/2480], Elapsed 2m 36s (remain 9m 7s), Accuracy: 100.000(78.911), Loss: 0.062(0.518), LR: 0.000024
[GPU cuda:1][TRAIN] Epoch: [9][600/2480], Elapsed 2m 50s (remain 8m 53s), Accuracy: 100.000(78.602), Loss: 0.018(0.524), LR: 0.000024
[GPU cuda:1][TRAIN] Epoch: [9][650/2480], Elapsed 3m 4s (remain 8m 38s), Accuracy: 100.000(78.402), Loss: 0.046(0.525), LR: 0.000023
[GPU cuda:1][TRAIN] Epoch: [9][700/2480], Elapsed 3m 18s (remain 8m 24s), Accuracy: 100.000(78.402), Loss: 0.275(0.530), LR: 0.000023
[GPU cuda:1][TRAIN] Epoch: [9][750/2480], Elapsed 3m 32s (remain 8m 10s), Accuracy: 100.000(78.322), Loss: 0.080(0.530), LR: 0.000022
[GPU cuda:1][TRAIN] Epoch: [9][800/2480], Elapsed 3m 47s (remain 7m 56s), Accuracy: 80.000(78.327), Loss: 0.328(0.528), LR: 0.000022
[GPU cuda:1][TRAIN] Epoch: [9][850/2480], Elapsed 4m 1s (remain 7m 41s), Accuracy: 80.000(78.684), Loss: 0.479(0.523), LR: 0.000022
[GPU cuda:1][TRAIN] Epoch: [9][900/2480], Elapsed 4m 15s (remain 7m 27s), Accuracy: 80.000(78.801), Loss: 0.436(0.521), LR: 0.000021
[GPU cuda:1][TRAIN] Epoch: [9][950/2480], Elapsed 4m 29s (remain 7m 13s), Accuracy: 60.000(79.012), Loss: 0.805(0.517), LR: 0.000021
[GPU cuda:1][TRAIN] Epoch: [9][1000/2480], Elapsed 4m 43s (remain 6m 59s), Accuracy: 80.000(79.001), Loss: 0.779(0.519), LR: 0.000020
[GPU cuda:1][TRAIN] Epoch: [9][1050/2480], Elapsed 4m 57s (remain 6m 45s), Accuracy: 60.000(79.182), Loss: 0.762(0.517), LR: 0.000020
[GPU cuda:1][TRAIN] Epoch: [9][1100/2480], Elapsed 5m 12s (remain 6m 30s), Accuracy: 100.000(79.237), Loss: 0.187(0.513), LR: 0.000020
[GPU cuda:1][TRAIN] Epoch: [9][1150/2480], Elapsed 5m 26s (remain 6m 16s), Accuracy: 100.000(79.183), Loss: 0.351(0.512), LR: 0.000019
[GPU cuda:1][TRAIN] Epoch: [9][1200/2480], Elapsed 5m 40s (remain 6m 2s), Accuracy: 80.000(79.517), Loss: 0.444(0.507), LR: 0.000019
[GPU cuda:1][TRAIN] Epoch: [9][1250/2480], Elapsed 5m 54s (remain 5m 48s), Accuracy: 40.000(79.504), Loss: 0.947(0.505), LR: 0.000019
[GPU cuda:1][TRAIN] Epoch: [9][1300/2480], Elapsed 6m 8s (remain 5m 34s), Accuracy: 60.000(79.616), Loss: 1.005(0.504), LR: 0.000018
[GPU cuda:1][TRAIN] Epoch: [9][1350/2480], Elapsed 6m 23s (remain 5m 20s), Accuracy: 80.000(79.763), Loss: 0.598(0.501), LR: 0.000018
[GPU cuda:1][TRAIN] Epoch: [9][1400/2480], Elapsed 6m 37s (remain 5m 5s), Accuracy: 100.000(79.714), Loss: 0.086(0.504), LR: 0.000017
[GPU cuda:1][TRAIN] Epoch: [9][1450/2480], Elapsed 6m 51s (remain 4m 51s), Accuracy: 100.000(79.779), Loss: 0.284(0.504), LR: 0.000017
[GPU cuda:1][TRAIN] Epoch: [9][1500/2480], Elapsed 7m 5s (remain 4m 37s), Accuracy: 100.000(79.773), Loss: 0.045(0.505), LR: 0.000017
[GPU cuda:1][TRAIN] Epoch: [9][1550/2480], Elapsed 7m 19s (remain 4m 23s), Accuracy: 100.000(79.755), Loss: 0.172(0.505), LR: 0.000016
[GPU cuda:1][TRAIN] Epoch: [9][1600/2480], Elapsed 7m 34s (remain 4m 9s), Accuracy: 100.000(79.825), Loss: 0.203(0.503), LR: 0.000016
[GPU cuda:1][TRAIN] Epoch: [9][1650/2480], Elapsed 7m 48s (remain 3m 55s), Accuracy: 100.000(80.000), Loss: 0.255(0.499), LR: 0.000016
[GPU cuda:1][TRAIN] Epoch: [9][1700/2480], Elapsed 8m 2s (remain 3m 40s), Accuracy: 100.000(79.941), Loss: 0.222(0.501), LR: 0.000015
[GPU cuda:1][TRAIN] Epoch: [9][1750/2480], Elapsed 8m 16s (remain 3m 26s), Accuracy: 60.000(80.103), Loss: 0.584(0.499), LR: 0.000015
[GPU cuda:1][TRAIN] Epoch: [9][1800/2480], Elapsed 8m 30s (remain 3m 12s), Accuracy: 80.000(80.111), Loss: 0.261(0.498), LR: 0.000015
[GPU cuda:1][TRAIN] Epoch: [9][1850/2480], Elapsed 8m 45s (remain 2m 58s), Accuracy: 100.000(80.108), Loss: 0.477(0.498), LR: 0.000014
[GPU cuda:1][TRAIN] Epoch: [9][1900/2480], Elapsed 8m 59s (remain 2m 44s), Accuracy: 60.000(80.147), Loss: 0.450(0.494), LR: 0.000014
[GPU cuda:1][TRAIN] Epoch: [9][1950/2480], Elapsed 9m 13s (remain 2m 30s), Accuracy: 80.000(80.103), Loss: 0.652(0.496), LR: 0.000014
[GPU cuda:1][TRAIN] Epoch: [9][2000/2480], Elapsed 9m 27s (remain 2m 15s), Accuracy: 80.000(80.170), Loss: 0.490(0.495), LR: 0.000013
[GPU cuda:1][TRAIN] Epoch: [9][2050/2480], Elapsed 9m 41s (remain 2m 1s), Accuracy: 60.000(80.205), Loss: 0.778(0.494), LR: 0.000013
[GPU cuda:1][TRAIN] Epoch: [9][2100/2480], Elapsed 9m 56s (remain 1m 47s), Accuracy: 80.000(80.371), Loss: 0.213(0.490), LR: 0.000013
[GPU cuda:1][TRAIN] Epoch: [9][2150/2480], Elapsed 10m 10s (remain 1m 33s), Accuracy: 80.000(80.474), Loss: 0.335(0.486), LR: 0.000012
[GPU cuda:1][TRAIN] Epoch: [9][2200/2480], Elapsed 10m 24s (remain 1m 19s), Accuracy: 60.000(80.572), Loss: 0.604(0.484), LR: 0.000012
[GPU cuda:1][TRAIN] Epoch: [9][2250/2480], Elapsed 10m 38s (remain 1m 4s), Accuracy: 80.000(80.471), Loss: 0.674(0.487), LR: 0.000012
[GPU cuda:1][TRAIN] Epoch: [9][2300/2480], Elapsed 10m 53s (remain 0m 50s), Accuracy: 80.000(80.478), Loss: 0.411(0.486), LR: 0.000011
[GPU cuda:1][TRAIN] Epoch: [9][2350/2480], Elapsed 11m 7s (remain 0m 36s), Accuracy: 100.000(80.570), Loss: 0.281(0.487), LR: 0.000011
[GPU cuda:1][TRAIN] Epoch: [9][2400/2480], Elapsed 11m 21s (remain 0m 22s), Accuracy: 60.000(80.633), Loss: 0.683(0.485), LR: 0.000011
[GPU cuda:1][TRAIN] Epoch: [9][2450/2480], Elapsed 11m 35s (remain 0m 8s), Accuracy: 100.000(80.759), Loss: 0.165(0.483), LR: 0.000011
[GPU cuda:1][TRAIN] Epoch: [9][2479/2480], Elapsed 11m 43s (remain 0m 0s), Accuracy: 60.000(80.774), Loss: 0.699(0.482), LR: 0.000010
[GPU cuda:1][VALID][0/97], Elapsed 0m 1s (remain 2m 19s), Accuracy: 78.125(78.125), Batch Loss: 0.7391, Average Loss: 0.7391
[GPU cuda:1][VALID][50/97], Elapsed 0m 48s (remain 0m 44s), Accuracy: 81.250(75.184), Batch Loss: 0.4157, Average Loss: 0.7076
[GPU cuda:1][VALID][96/97], Elapsed 1m 33s (remain 0m 0s), Accuracy: 75.000(74.807), Batch Loss: 0.4484, Average Loss: 0.7281
Valid Labels Samples: [2 0 1 4 1 0 3 1 4 3]
Valid Predictions Samples: [2, 0, 1, 4, 1, 1, 3, 1, 3, 0]
Epoch 9 - Train Average Loss: 80.774, Valid Average Loss: 74.807, Epoch Time: 799.068s
Epoch 9 - Accuracy: 0.748, Precision: 0.760, Recall: 0.748
[GPU cuda:1][TRAIN] Epoch: [10][0/2480], Elapsed 0m 0s (remain 25m 51s), Accuracy: 80.000(80.000), Loss: 0.685(0.685), LR: 0.000010
[GPU cuda:1][TRAIN] Epoch: [10][50/2480], Elapsed 0m 15s (remain 11m 59s), Accuracy: 60.000(80.784), Loss: 0.596(0.399), LR: 0.000010
[GPU cuda:1][TRAIN] Epoch: [10][100/2480], Elapsed 0m 29s (remain 11m 33s), Accuracy: 80.000(80.198), Loss: 0.424(0.425), LR: 0.000010
[GPU cuda:1][TRAIN] Epoch: [10][150/2480], Elapsed 0m 43s (remain 11m 13s), Accuracy: 80.000(80.530), Loss: 0.627(0.449), LR: 0.000010
[GPU cuda:1][TRAIN] Epoch: [10][200/2480], Elapsed 0m 57s (remain 10m 56s), Accuracy: 80.000(80.896), Loss: 0.451(0.450), LR: 0.000009
[GPU cuda:1][TRAIN] Epoch: [10][250/2480], Elapsed 1m 12s (remain 10m 41s), Accuracy: 100.000(81.912), Loss: 0.038(0.433), LR: 0.000009
[GPU cuda:1][TRAIN] Epoch: [10][300/2480], Elapsed 1m 26s (remain 10m 25s), Accuracy: 80.000(82.326), Loss: 0.608(0.423), LR: 0.000009
[GPU cuda:1][TRAIN] Epoch: [10][350/2480], Elapsed 1m 40s (remain 10m 11s), Accuracy: 80.000(82.621), Loss: 0.311(0.419), LR: 0.000008
[GPU cuda:1][TRAIN] Epoch: [10][400/2480], Elapsed 1m 54s (remain 9m 56s), Accuracy: 80.000(83.192), Loss: 0.344(0.411), LR: 0.000008
[GPU cuda:1][TRAIN] Epoch: [10][450/2480], Elapsed 2m 9s (remain 9m 41s), Accuracy: 100.000(83.326), Loss: 0.095(0.413), LR: 0.000008
[GPU cuda:1][TRAIN] Epoch: [10][500/2480], Elapsed 2m 23s (remain 9m 26s), Accuracy: 60.000(83.593), Loss: 0.623(0.406), LR: 0.000008
[GPU cuda:1][TRAIN] Epoch: [10][550/2480], Elapsed 2m 37s (remain 9m 12s), Accuracy: 100.000(83.485), Loss: 0.028(0.412), LR: 0.000007
[GPU cuda:1][TRAIN] Epoch: [10][600/2480], Elapsed 2m 51s (remain 8m 57s), Accuracy: 100.000(83.661), Loss: 0.018(0.411), LR: 0.000007
[GPU cuda:1][TRAIN] Epoch: [10][650/2480], Elapsed 3m 6s (remain 8m 43s), Accuracy: 100.000(83.441), Loss: 0.025(0.412), LR: 0.000007
[GPU cuda:1][TRAIN] Epoch: [10][700/2480], Elapsed 3m 20s (remain 8m 28s), Accuracy: 100.000(83.310), Loss: 0.175(0.414), LR: 0.000007
[GPU cuda:1][TRAIN] Epoch: [10][750/2480], Elapsed 3m 34s (remain 8m 14s), Accuracy: 100.000(83.382), Loss: 0.031(0.413), LR: 0.000006
[GPU cuda:1][TRAIN] Epoch: [10][800/2480], Elapsed 3m 48s (remain 7m 59s), Accuracy: 80.000(83.496), Loss: 0.182(0.412), LR: 0.000006
[GPU cuda:1][TRAIN] Epoch: [10][850/2480], Elapsed 4m 3s (remain 7m 45s), Accuracy: 80.000(83.737), Loss: 0.498(0.406), LR: 0.000006
[GPU cuda:1][TRAIN] Epoch: [10][900/2480], Elapsed 4m 17s (remain 7m 30s), Accuracy: 100.000(83.640), Loss: 0.230(0.407), LR: 0.000006
[GPU cuda:1][TRAIN] Epoch: [10][950/2480], Elapsed 4m 31s (remain 7m 16s), Accuracy: 60.000(83.743), Loss: 0.612(0.404), LR: 0.000006
[GPU cuda:1][TRAIN] Epoch: [10][1000/2480], Elapsed 4m 45s (remain 7m 2s), Accuracy: 80.000(83.676), Loss: 0.730(0.407), LR: 0.000005
[GPU cuda:1][TRAIN] Epoch: [10][1050/2480], Elapsed 4m 59s (remain 6m 47s), Accuracy: 80.000(83.711), Loss: 0.598(0.405), LR: 0.000005
[GPU cuda:1][TRAIN] Epoch: [10][1100/2480], Elapsed 5m 14s (remain 6m 33s), Accuracy: 100.000(83.887), Loss: 0.175(0.401), LR: 0.000005
[GPU cuda:1][TRAIN] Epoch: [10][1150/2480], Elapsed 5m 28s (remain 6m 19s), Accuracy: 100.000(83.858), Loss: 0.278(0.401), LR: 0.000005
[GPU cuda:1][TRAIN] Epoch: [10][1200/2480], Elapsed 5m 42s (remain 6m 4s), Accuracy: 80.000(83.913), Loss: 0.406(0.399), LR: 0.000005
[GPU cuda:1][TRAIN] Epoch: [10][1250/2480], Elapsed 5m 56s (remain 5m 50s), Accuracy: 80.000(83.981), Loss: 0.470(0.397), LR: 0.000004
[GPU cuda:1][TRAIN] Epoch: [10][1300/2480], Elapsed 6m 10s (remain 5m 36s), Accuracy: 80.000(84.135), Loss: 0.485(0.394), LR: 0.000004
[GPU cuda:1][TRAIN] Epoch: [10][1350/2480], Elapsed 6m 25s (remain 5m 21s), Accuracy: 100.000(84.323), Loss: 0.029(0.390), LR: 0.000004
[GPU cuda:1][TRAIN] Epoch: [10][1400/2480], Elapsed 6m 39s (remain 5m 7s), Accuracy: 100.000(84.226), Loss: 0.115(0.392), LR: 0.000004
[GPU cuda:1][TRAIN] Epoch: [10][1450/2480], Elapsed 6m 53s (remain 4m 53s), Accuracy: 100.000(84.163), Loss: 0.143(0.393), LR: 0.000004
[GPU cuda:1][TRAIN] Epoch: [10][1500/2480], Elapsed 7m 7s (remain 4m 38s), Accuracy: 100.000(84.144), Loss: 0.016(0.393), LR: 0.000004
[GPU cuda:1][TRAIN] Epoch: [10][1550/2480], Elapsed 7m 21s (remain 4m 24s), Accuracy: 100.000(84.139), Loss: 0.041(0.394), LR: 0.000003
[GPU cuda:1][TRAIN] Epoch: [10][1600/2480], Elapsed 7m 36s (remain 4m 10s), Accuracy: 100.000(84.197), Loss: 0.253(0.393), LR: 0.000003
[GPU cuda:1][TRAIN] Epoch: [10][1650/2480], Elapsed 7m 50s (remain 3m 56s), Accuracy: 100.000(84.385), Loss: 0.146(0.389), LR: 0.000003
[GPU cuda:1][TRAIN] Epoch: [10][1700/2480], Elapsed 8m 4s (remain 3m 41s), Accuracy: 100.000(84.386), Loss: 0.178(0.389), LR: 0.000003
[GPU cuda:1][TRAIN] Epoch: [10][1750/2480], Elapsed 8m 18s (remain 3m 27s), Accuracy: 80.000(84.512), Loss: 0.231(0.388), LR: 0.000003
[GPU cuda:1][TRAIN] Epoch: [10][1800/2480], Elapsed 8m 32s (remain 3m 13s), Accuracy: 100.000(84.575), Loss: 0.148(0.386), LR: 0.000003
[GPU cuda:1][TRAIN] Epoch: [10][1850/2480], Elapsed 8m 47s (remain 2m 59s), Accuracy: 80.000(84.625), Loss: 0.274(0.386), LR: 0.000003
[GPU cuda:1][TRAIN] Epoch: [10][1900/2480], Elapsed 9m 1s (remain 2m 44s), Accuracy: 80.000(84.745), Loss: 0.329(0.382), LR: 0.000002
[GPU cuda:1][TRAIN] Epoch: [10][1950/2480], Elapsed 9m 15s (remain 2m 30s), Accuracy: 100.000(84.787), Loss: 0.143(0.383), LR: 0.000002
[GPU cuda:1][TRAIN] Epoch: [10][2000/2480], Elapsed 9m 29s (remain 2m 16s), Accuracy: 100.000(84.888), Loss: 0.217(0.381), LR: 0.000002
[GPU cuda:1][TRAIN] Epoch: [10][2050/2480], Elapsed 9m 43s (remain 2m 2s), Accuracy: 60.000(84.895), Loss: 0.523(0.381), LR: 0.000002
[GPU cuda:1][TRAIN] Epoch: [10][2100/2480], Elapsed 9m 58s (remain 1m 47s), Accuracy: 100.000(85.007), Loss: 0.016(0.378), LR: 0.000002
[GPU cuda:1][TRAIN] Epoch: [10][2150/2480], Elapsed 10m 12s (remain 1m 33s), Accuracy: 100.000(85.049), Loss: 0.293(0.376), LR: 0.000002
[GPU cuda:1][TRAIN] Epoch: [10][2200/2480], Elapsed 10m 26s (remain 1m 19s), Accuracy: 60.000(85.125), Loss: 0.489(0.374), LR: 0.000002
[GPU cuda:1][TRAIN] Epoch: [10][2250/2480], Elapsed 10m 40s (remain 1m 5s), Accuracy: 80.000(85.011), Loss: 0.842(0.378), LR: 0.000002
[GPU cuda:1][TRAIN] Epoch: [10][2300/2480], Elapsed 10m 54s (remain 0m 50s), Accuracy: 80.000(85.050), Loss: 0.306(0.377), LR: 0.000002
[GPU cuda:1][TRAIN] Epoch: [10][2350/2480], Elapsed 11m 9s (remain 0m 36s), Accuracy: 100.000(85.053), Loss: 0.138(0.378), LR: 0.000002
[GPU cuda:1][TRAIN] Epoch: [10][2400/2480], Elapsed 11m 23s (remain 0m 22s), Accuracy: 80.000(85.131), Loss: 0.344(0.377), LR: 0.000001
[GPU cuda:1][TRAIN] Epoch: [10][2450/2480], Elapsed 11m 37s (remain 0m 8s), Accuracy: 100.000(85.222), Loss: 0.204(0.375), LR: 0.000001
[GPU cuda:1][TRAIN] Epoch: [10][2479/2480], Elapsed 11m 45s (remain 0m 0s), Accuracy: 60.000(85.234), Loss: 0.694(0.374), LR: 0.000001
[GPU cuda:1][VALID][0/97], Elapsed 0m 1s (remain 2m 12s), Accuracy: 68.750(68.750), Batch Loss: 0.9369, Average Loss: 0.9369
[GPU cuda:1][VALID][50/97], Elapsed 0m 48s (remain 0m 43s), Accuracy: 87.500(73.346), Batch Loss: 0.3258, Average Loss: 0.7797
[GPU cuda:1][VALID][96/97], Elapsed 1m 32s (remain 0m 0s), Accuracy: 82.143(73.753), Batch Loss: 0.3831, Average Loss: 0.7996
Valid Labels Samples: [2 0 1 4 1 0 3 1 4 3]
Valid Predictions Samples: [2, 0, 1, 4, 1, 1, 3, 1, 3, 0]
Epoch 10 - Train Average Loss: 85.234, Valid Average Loss: 73.753, Epoch Time: 800.240s
Epoch 10 - Accuracy: 0.737, Precision: 0.745, Recall: 0.737
