[GPU 1]: Config File
{'id': 24, 'model_name': 'swin_large_patch4_window12_384_in22k', 'dropout': 0.5, 'size': 384, 'batch_size_t': 5, 'batch_size_v': 32, 'n_targets': 5, 'criterion': 'CrossEntropyLoss', 'gradient_accumulation_steps': 1, 'max_gradient_norm': None, 'optimizer': 'AdamW', 'scheduler': 'CosineAnnealingWarmRestarts', 'LR': 5e-05, 'T_0': 500, 'T_max': 10, 'T_mult': 5, 'min_lr': 1e-06, 'max_lr': 0.0001, 'no_batches': 'NA', 'warmup_epochs': 1, 'cosine_epochs': 14, 'epochs': 15, 'update_per_batch': True, 'num_workers': 4, 'n_folds': 5, 'train_transforms': [HorizontalFlip(always_apply=False, p=0.5), VerticalFlip(always_apply=False, p=0.5), RandomRotate90(always_apply=False, p=0.5)], 'valid_transforms': [], 'observations': None, 'use_swa': True, 'swa_lr': 0.01, 'swa_epoch': 0, 'use_sam': True, 'use_asam': True, 'asam_rho': 0.1, 'print_freq': 50, 'one_fold': True, 'use_apex': True, 'distributed_training': False, 'save_to_log': True}
================================================== Training Fold: 0 ==================================================
[GPU cuda:1][TRAIN] Epoch: [1][0/2480], Elapsed 0m 0s (remain 20m 41s), Accuracy: 0.000(0.000), Loss: 1.750(1.750), LR: 0.000050
[GPU cuda:1][TRAIN] Epoch: [1][50/2480], Elapsed 0m 14s (remain 11m 35s), Accuracy: 40.000(20.392), Loss: 1.586(1.651), LR: 0.000049
[GPU cuda:1][TRAIN] Epoch: [1][100/2480], Elapsed 0m 28s (remain 11m 18s), Accuracy: 20.000(20.990), Loss: 1.602(1.637), LR: 0.000045
[GPU cuda:1][TRAIN] Epoch: [1][150/2480], Elapsed 0m 43s (remain 11m 4s), Accuracy: 40.000(21.987), Loss: 1.604(1.628), LR: 0.000040
[GPU cuda:1][TRAIN] Epoch: [1][200/2480], Elapsed 0m 57s (remain 10m 49s), Accuracy: 0.000(24.378), Loss: 1.806(1.610), LR: 0.000033
[GPU cuda:1][TRAIN] Epoch: [1][250/2480], Elapsed 1m 11s (remain 10m 35s), Accuracy: 20.000(26.614), Loss: 1.220(1.586), LR: 0.000025
[GPU cuda:1][TRAIN] Epoch: [1][300/2480], Elapsed 1m 25s (remain 10m 20s), Accuracy: 40.000(27.309), Loss: 1.615(1.563), LR: 0.000018
[GPU cuda:1][TRAIN] Epoch: [1][350/2480], Elapsed 1m 39s (remain 10m 6s), Accuracy: 80.000(29.402), Loss: 0.679(1.526), LR: 0.000011
[GPU cuda:1][TRAIN] Epoch: [1][400/2480], Elapsed 1m 54s (remain 9m 52s), Accuracy: 60.000(31.272), Loss: 0.903(1.489), LR: 0.000006
[GPU cuda:1][TRAIN] Epoch: [1][450/2480], Elapsed 2m 8s (remain 9m 37s), Accuracy: 40.000(33.082), Loss: 1.504(1.450), LR: 0.000002
[GPU cuda:1][TRAIN] Epoch: [1][500/2480], Elapsed 2m 22s (remain 9m 23s), Accuracy: 20.000(34.731), Loss: 1.520(1.417), LR: 0.000050
[GPU cuda:1][TRAIN] Epoch: [1][550/2480], Elapsed 2m 36s (remain 9m 8s), Accuracy: 80.000(34.809), Loss: 1.075(1.421), LR: 0.000050
[GPU cuda:1][TRAIN] Epoch: [1][600/2480], Elapsed 2m 50s (remain 8m 54s), Accuracy: 100.000(35.507), Loss: 0.523(1.412), LR: 0.000050
[GPU cuda:1][TRAIN] Epoch: [1][650/2480], Elapsed 3m 5s (remain 8m 40s), Accuracy: 60.000(35.238), Loss: 1.178(1.418), LR: 0.000050
[GPU cuda:1][TRAIN] Epoch: [1][700/2480], Elapsed 3m 19s (remain 8m 25s), Accuracy: 60.000(35.264), Loss: 1.132(1.417), LR: 0.000049
[GPU cuda:1][TRAIN] Epoch: [1][750/2480], Elapsed 3m 33s (remain 8m 11s), Accuracy: 40.000(35.846), Loss: 1.040(1.410), LR: 0.000049
[GPU cuda:1][TRAIN] Epoch: [1][800/2480], Elapsed 3m 47s (remain 7m 57s), Accuracy: 20.000(36.305), Loss: 1.273(1.399), LR: 0.000048
[GPU cuda:1][TRAIN] Epoch: [1][850/2480], Elapsed 4m 1s (remain 7m 43s), Accuracy: 40.000(37.156), Loss: 1.512(1.385), LR: 0.000048
[GPU cuda:1][TRAIN] Epoch: [1][900/2480], Elapsed 4m 16s (remain 7m 28s), Accuracy: 20.000(37.714), Loss: 2.036(1.377), LR: 0.000047
[GPU cuda:1][TRAIN] Epoch: [1][950/2480], Elapsed 4m 30s (remain 7m 14s), Accuracy: 40.000(38.233), Loss: 1.075(1.368), LR: 0.000046
[GPU cuda:1][TRAIN] Epoch: [1][1000/2480], Elapsed 4m 44s (remain 7m 0s), Accuracy: 40.000(38.681), Loss: 1.503(1.358), LR: 0.000045
[GPU cuda:1][TRAIN] Epoch: [1][1050/2480], Elapsed 4m 58s (remain 6m 46s), Accuracy: 20.000(38.820), Loss: 1.672(1.353), LR: 0.000044
[GPU cuda:1][TRAIN] Epoch: [1][1100/2480], Elapsed 5m 12s (remain 6m 31s), Accuracy: 40.000(39.437), Loss: 1.126(1.342), LR: 0.000043
[GPU cuda:1][TRAIN] Epoch: [1][1150/2480], Elapsed 5m 27s (remain 6m 17s), Accuracy: 0.000(39.913), Loss: 1.562(1.332), LR: 0.000042
[GPU cuda:1][TRAIN] Epoch: [1][1200/2480], Elapsed 5m 41s (remain 6m 3s), Accuracy: 60.000(40.366), Loss: 0.852(1.322), LR: 0.000041
[GPU cuda:1][TRAIN] Epoch: [1][1250/2480], Elapsed 5m 55s (remain 5m 49s), Accuracy: 20.000(40.927), Loss: 1.127(1.310), LR: 0.000040
[GPU cuda:1][TRAIN] Epoch: [1][1300/2480], Elapsed 6m 9s (remain 5m 35s), Accuracy: 20.000(41.583), Loss: 1.377(1.296), LR: 0.000039
[GPU cuda:1][TRAIN] Epoch: [1][1350/2480], Elapsed 6m 23s (remain 5m 20s), Accuracy: 80.000(42.206), Loss: 0.634(1.285), LR: 0.000037
[GPU cuda:1][TRAIN] Epoch: [1][1400/2480], Elapsed 6m 38s (remain 5m 6s), Accuracy: 60.000(42.712), Loss: 0.795(1.277), LR: 0.000036
[GPU cuda:1][TRAIN] Epoch: [1][1450/2480], Elapsed 6m 52s (remain 4m 52s), Accuracy: 100.000(43.377), Loss: 0.541(1.266), LR: 0.000034
[GPU cuda:1][TRAIN] Epoch: [1][1500/2480], Elapsed 7m 6s (remain 4m 38s), Accuracy: 100.000(43.757), Loss: 0.330(1.256), LR: 0.000033
[GPU cuda:1][TRAIN] Epoch: [1][1550/2480], Elapsed 7m 20s (remain 4m 23s), Accuracy: 80.000(44.178), Loss: 0.645(1.249), LR: 0.000032
[GPU cuda:1][TRAIN] Epoch: [1][1600/2480], Elapsed 7m 34s (remain 4m 9s), Accuracy: 100.000(44.685), Loss: 0.764(1.239), LR: 0.000030
[GPU cuda:1][TRAIN] Epoch: [1][1650/2480], Elapsed 7m 48s (remain 3m 55s), Accuracy: 80.000(45.148), Loss: 0.464(1.228), LR: 0.000029
[GPU cuda:1][TRAIN] Epoch: [1][1700/2480], Elapsed 8m 3s (remain 3m 41s), Accuracy: 60.000(45.691), Loss: 1.026(1.219), LR: 0.000027
[GPU cuda:1][TRAIN] Epoch: [1][1750/2480], Elapsed 8m 17s (remain 3m 27s), Accuracy: 40.000(46.259), Loss: 1.287(1.210), LR: 0.000025
[GPU cuda:1][TRAIN] Epoch: [1][1800/2480], Elapsed 8m 31s (remain 3m 12s), Accuracy: 60.000(46.696), Loss: 1.199(1.201), LR: 0.000024
[GPU cuda:1][TRAIN] Epoch: [1][1850/2480], Elapsed 8m 45s (remain 2m 58s), Accuracy: 20.000(47.056), Loss: 1.353(1.194), LR: 0.000022
[GPU cuda:1][TRAIN] Epoch: [1][1900/2480], Elapsed 8m 59s (remain 2m 44s), Accuracy: 60.000(47.480), Loss: 0.607(1.185), LR: 0.000021
[GPU cuda:1][TRAIN] Epoch: [1][1950/2480], Elapsed 9m 14s (remain 2m 30s), Accuracy: 40.000(47.699), Loss: 0.810(1.180), LR: 0.000019
[GPU cuda:1][TRAIN] Epoch: [1][2000/2480], Elapsed 9m 28s (remain 2m 16s), Accuracy: 60.000(48.216), Loss: 1.009(1.171), LR: 0.000018
[GPU cuda:1][TRAIN] Epoch: [1][2050/2480], Elapsed 9m 42s (remain 2m 1s), Accuracy: 0.000(48.337), Loss: 1.469(1.167), LR: 0.000016
[GPU cuda:1][TRAIN] Epoch: [1][2100/2480], Elapsed 9m 56s (remain 1m 47s), Accuracy: 60.000(48.910), Loss: 0.781(1.157), LR: 0.000015
[GPU cuda:1][TRAIN] Epoch: [1][2150/2480], Elapsed 10m 11s (remain 1m 33s), Accuracy: 60.000(49.437), Loss: 1.025(1.148), LR: 0.000014
[GPU cuda:1][TRAIN] Epoch: [1][2200/2480], Elapsed 10m 25s (remain 1m 19s), Accuracy: 60.000(49.905), Loss: 0.705(1.139), LR: 0.000012
[GPU cuda:1][TRAIN] Epoch: [1][2250/2480], Elapsed 10m 39s (remain 1m 5s), Accuracy: 60.000(50.218), Loss: 0.880(1.133), LR: 0.000011
[GPU cuda:1][TRAIN] Epoch: [1][2300/2480], Elapsed 10m 53s (remain 0m 50s), Accuracy: 60.000(50.569), Loss: 0.646(1.126), LR: 0.000010
[GPU cuda:1][TRAIN] Epoch: [1][2350/2480], Elapsed 11m 8s (remain 0m 36s), Accuracy: 80.000(50.863), Loss: 0.741(1.120), LR: 0.000009
[GPU cuda:1][TRAIN] Epoch: [1][2400/2480], Elapsed 11m 22s (remain 0m 22s), Accuracy: 60.000(51.229), Loss: 0.925(1.113), LR: 0.000008
[GPU cuda:1][TRAIN] Epoch: [1][2450/2480], Elapsed 11m 36s (remain 0m 8s), Accuracy: 100.000(51.628), Loss: 0.464(1.105), LR: 0.000007
[GPU cuda:1][TRAIN] Epoch: [1][2479/2480], Elapsed 11m 44s (remain 0m 0s), Accuracy: 40.000(51.798), Loss: 1.872(1.101), LR: 0.000006
[GPU cuda:1][VALID][0/97], Elapsed 0m 1s (remain 2m 11s), Accuracy: 81.250(81.250), Batch Loss: 0.5821, Average Loss: 0.5821
[GPU cuda:1][VALID][50/97], Elapsed 0m 48s (remain 0m 44s), Accuracy: 75.000(71.630), Batch Loss: 0.5340, Average Loss: 0.6881
[GPU cuda:1][VALID][96/97], Elapsed 1m 33s (remain 0m 0s), Accuracy: 78.571(71.654), Batch Loss: 0.5726, Average Loss: 0.6989
Valid Labels Samples: [2 0 1 4 1 0 3 1 4 3]
Valid Predictions Samples: [2, 0, 1, 4, 1, 0, 3, 1, 3, 0]
Epoch 1 - Train Average Loss: 51.798, Valid Average Loss: 71.654, Epoch Time: 799.773s
Epoch 1 - Accuracy: 0.716, Precision: 0.726, Recall: 0.716
Saved Best Model: 0.72
[GPU cuda:1][TRAIN] Epoch: [2][0/2480], Elapsed 0m 0s (remain 26m 37s), Accuracy: 80.000(80.000), Loss: 0.939(0.939), LR: 0.000006
[GPU cuda:1][TRAIN] Epoch: [2][50/2480], Elapsed 0m 15s (remain 12m 0s), Accuracy: 40.000(71.373), Loss: 1.033(0.654), LR: 0.000005
[GPU cuda:1][TRAIN] Epoch: [2][100/2480], Elapsed 0m 29s (remain 11m 33s), Accuracy: 80.000(69.307), Loss: 0.534(0.706), LR: 0.000004
[GPU cuda:1][TRAIN] Epoch: [2][150/2480], Elapsed 0m 43s (remain 11m 13s), Accuracy: 20.000(68.742), Loss: 1.289(0.722), LR: 0.000004
[GPU cuda:1][TRAIN] Epoch: [2][200/2480], Elapsed 0m 57s (remain 10m 57s), Accuracy: 60.000(68.756), Loss: 0.836(0.740), LR: 0.000003
[GPU cuda:1][TRAIN] Epoch: [2][250/2480], Elapsed 1m 12s (remain 10m 41s), Accuracy: 100.000(69.004), Loss: 0.203(0.737), LR: 0.000002
[GPU cuda:1][TRAIN] Epoch: [2][300/2480], Elapsed 1m 26s (remain 10m 25s), Accuracy: 20.000(69.037), Loss: 1.306(0.735), LR: 0.000002
[GPU cuda:1][TRAIN] Epoch: [2][350/2480], Elapsed 1m 40s (remain 10m 10s), Accuracy: 80.000(68.775), Loss: 0.701(0.745), LR: 0.000002
[GPU cuda:1][TRAIN] Epoch: [2][400/2480], Elapsed 1m 54s (remain 9m 56s), Accuracy: 60.000(68.878), Loss: 0.682(0.742), LR: 0.000001
[GPU cuda:1][TRAIN] Epoch: [2][450/2480], Elapsed 2m 9s (remain 9m 41s), Accuracy: 60.000(69.224), Loss: 0.641(0.741), LR: 0.000001
[GPU cuda:1][TRAIN] Epoch: [2][500/2480], Elapsed 2m 23s (remain 9m 26s), Accuracy: 40.000(69.501), Loss: 1.007(0.731), LR: 0.000001
[GPU cuda:1][TRAIN] Epoch: [2][550/2480], Elapsed 2m 37s (remain 9m 12s), Accuracy: 60.000(69.183), Loss: 0.627(0.744), LR: 0.000050
[GPU cuda:1][TRAIN] Epoch: [2][600/2480], Elapsed 2m 51s (remain 8m 57s), Accuracy: 100.000(68.353), Loss: 0.112(0.760), LR: 0.000050
[GPU cuda:1][TRAIN] Epoch: [2][650/2480], Elapsed 3m 6s (remain 8m 42s), Accuracy: 80.000(67.527), Loss: 0.638(0.779), LR: 0.000050
[GPU cuda:1][TRAIN] Epoch: [2][700/2480], Elapsed 3m 20s (remain 8m 28s), Accuracy: 80.000(66.733), Loss: 0.657(0.796), LR: 0.000050
[GPU cuda:1][TRAIN] Epoch: [2][750/2480], Elapsed 3m 34s (remain 8m 14s), Accuracy: 100.000(66.525), Loss: 0.586(0.808), LR: 0.000050
[GPU cuda:1][TRAIN] Epoch: [2][800/2480], Elapsed 3m 48s (remain 7m 59s), Accuracy: 80.000(66.442), Loss: 0.436(0.812), LR: 0.000050
[GPU cuda:1][TRAIN] Epoch: [2][850/2480], Elapsed 4m 3s (remain 7m 45s), Accuracy: 40.000(66.016), Loss: 1.624(0.818), LR: 0.000050
[GPU cuda:1][TRAIN] Epoch: [2][900/2480], Elapsed 4m 17s (remain 7m 30s), Accuracy: 60.000(66.016), Loss: 1.334(0.821), LR: 0.000050
[GPU cuda:1][TRAIN] Epoch: [2][950/2480], Elapsed 4m 31s (remain 7m 16s), Accuracy: 40.000(65.300), Loss: 1.104(0.832), LR: 0.000050
[GPU cuda:1][TRAIN] Epoch: [2][1000/2480], Elapsed 4m 45s (remain 7m 2s), Accuracy: 40.000(64.715), Loss: 1.319(0.839), LR: 0.000050
[GPU cuda:1][TRAIN] Epoch: [2][1050/2480], Elapsed 4m 59s (remain 6m 47s), Accuracy: 60.000(64.377), Loss: 1.312(0.846), LR: 0.000050
[GPU cuda:1][TRAIN] Epoch: [2][1100/2480], Elapsed 5m 14s (remain 6m 33s), Accuracy: 80.000(64.396), Loss: 0.485(0.844), LR: 0.000050
[GPU cuda:1][TRAIN] Epoch: [2][1150/2480], Elapsed 5m 28s (remain 6m 19s), Accuracy: 60.000(64.014), Loss: 0.926(0.850), LR: 0.000050
[GPU cuda:1][TRAIN] Epoch: [2][1200/2480], Elapsed 5m 42s (remain 6m 4s), Accuracy: 80.000(64.263), Loss: 0.951(0.845), LR: 0.000050
[GPU cuda:1][TRAIN] Epoch: [2][1250/2480], Elapsed 5m 56s (remain 5m 50s), Accuracy: 40.000(63.869), Loss: 0.964(0.852), LR: 0.000050
[GPU cuda:1][TRAIN] Epoch: [2][1300/2480], Elapsed 6m 11s (remain 5m 36s), Accuracy: 20.000(64.012), Loss: 1.193(0.850), LR: 0.000050
[GPU cuda:1][TRAIN] Epoch: [2][1350/2480], Elapsed 6m 25s (remain 5m 21s), Accuracy: 100.000(63.982), Loss: 0.256(0.851), LR: 0.000049
[GPU cuda:1][TRAIN] Epoch: [2][1400/2480], Elapsed 6m 39s (remain 5m 7s), Accuracy: 80.000(63.969), Loss: 0.445(0.854), LR: 0.000049
[GPU cuda:1][TRAIN] Epoch: [2][1450/2480], Elapsed 6m 53s (remain 4m 53s), Accuracy: 80.000(63.970), Loss: 0.741(0.855), LR: 0.000049
[GPU cuda:1][TRAIN] Epoch: [2][1500/2480], Elapsed 7m 7s (remain 4m 39s), Accuracy: 80.000(63.744), Loss: 1.090(0.859), LR: 0.000049
[GPU cuda:1][TRAIN] Epoch: [2][1550/2480], Elapsed 7m 22s (remain 4m 24s), Accuracy: 80.000(63.662), Loss: 0.682(0.860), LR: 0.000049
[GPU cuda:1][TRAIN] Epoch: [2][1600/2480], Elapsed 7m 36s (remain 4m 10s), Accuracy: 100.000(63.660), Loss: 0.529(0.859), LR: 0.000049
[GPU cuda:1][TRAIN] Epoch: [2][1650/2480], Elapsed 7m 50s (remain 3m 56s), Accuracy: 80.000(63.792), Loss: 0.295(0.855), LR: 0.000049
[GPU cuda:1][TRAIN] Epoch: [2][1700/2480], Elapsed 8m 4s (remain 3m 42s), Accuracy: 60.000(63.751), Loss: 0.851(0.857), LR: 0.000049
[GPU cuda:1][TRAIN] Epoch: [2][1750/2480], Elapsed 8m 18s (remain 3m 27s), Accuracy: 60.000(63.861), Loss: 1.712(0.857), LR: 0.000049
[GPU cuda:1][TRAIN] Epoch: [2][1800/2480], Elapsed 8m 33s (remain 3m 13s), Accuracy: 60.000(63.842), Loss: 0.855(0.858), LR: 0.000049
[GPU cuda:1][TRAIN] Epoch: [2][1850/2480], Elapsed 8m 47s (remain 2m 59s), Accuracy: 60.000(63.825), Loss: 0.783(0.857), LR: 0.000049
[GPU cuda:1][TRAIN] Epoch: [2][1900/2480], Elapsed 9m 1s (remain 2m 44s), Accuracy: 60.000(63.819), Loss: 0.647(0.857), LR: 0.000049
[GPU cuda:1][TRAIN] Epoch: [2][1950/2480], Elapsed 9m 15s (remain 2m 30s), Accuracy: 40.000(63.608), Loss: 0.997(0.861), LR: 0.000048
[GPU cuda:1][TRAIN] Epoch: [2][2000/2480], Elapsed 9m 29s (remain 2m 16s), Accuracy: 60.000(63.658), Loss: 1.014(0.861), LR: 0.000048
[GPU cuda:1][TRAIN] Epoch: [2][2050/2480], Elapsed 9m 44s (remain 2m 2s), Accuracy: 20.000(63.501), Loss: 1.350(0.864), LR: 0.000048
[GPU cuda:1][TRAIN] Epoch: [2][2100/2480], Elapsed 9m 58s (remain 1m 47s), Accuracy: 80.000(63.646), Loss: 0.832(0.862), LR: 0.000048
[GPU cuda:1][TRAIN] Epoch: [2][2150/2480], Elapsed 10m 12s (remain 1m 33s), Accuracy: 60.000(63.663), Loss: 0.828(0.861), LR: 0.000048
[GPU cuda:1][TRAIN] Epoch: [2][2200/2480], Elapsed 10m 26s (remain 1m 19s), Accuracy: 60.000(63.744), Loss: 0.679(0.861), LR: 0.000048
[GPU cuda:1][TRAIN] Epoch: [2][2250/2480], Elapsed 10m 40s (remain 1m 5s), Accuracy: 40.000(63.705), Loss: 0.960(0.862), LR: 0.000048
[GPU cuda:1][TRAIN] Epoch: [2][2300/2480], Elapsed 10m 55s (remain 0m 50s), Accuracy: 80.000(63.755), Loss: 0.477(0.862), LR: 0.000048
[GPU cuda:1][TRAIN] Epoch: [2][2350/2480], Elapsed 11m 9s (remain 0m 36s), Accuracy: 80.000(63.752), Loss: 0.655(0.862), LR: 0.000047
[GPU cuda:1][TRAIN] Epoch: [2][2400/2480], Elapsed 11m 23s (remain 0m 22s), Accuracy: 20.000(63.882), Loss: 1.295(0.860), LR: 0.000047
[GPU cuda:1][TRAIN] Epoch: [2][2450/2480], Elapsed 11m 37s (remain 0m 8s), Accuracy: 80.000(63.974), Loss: 0.659(0.858), LR: 0.000047
[GPU cuda:1][TRAIN] Epoch: [2][2479/2480], Elapsed 11m 45s (remain 0m 0s), Accuracy: 40.000(63.968), Loss: 2.009(0.858), LR: 0.000047
[GPU cuda:1][VALID][0/97], Elapsed 0m 1s (remain 2m 16s), Accuracy: 68.750(68.750), Batch Loss: 0.9276, Average Loss: 0.9276
[GPU cuda:1][VALID][50/97], Elapsed 0m 48s (remain 0m 43s), Accuracy: 71.875(66.544), Batch Loss: 0.8165, Average Loss: 0.8064
[GPU cuda:1][VALID][96/97], Elapsed 1m 32s (remain 0m 0s), Accuracy: 67.857(66.292), Batch Loss: 0.5599, Average Loss: 0.8109
Valid Labels Samples: [2 0 1 4 1 0 3 1 4 3]
Valid Predictions Samples: [2, 0, 1, 4, 1, 0, 4, 1, 3, 0]
Epoch 2 - Train Average Loss: 63.968, Valid Average Loss: 66.292, Epoch Time: 800.472s
Epoch 2 - Accuracy: 0.663, Precision: 0.672, Recall: 0.663
[GPU cuda:1][TRAIN] Epoch: [3][0/2480], Elapsed 0m 0s (remain 26m 52s), Accuracy: 80.000(80.000), Loss: 0.854(0.854), LR: 0.000047
[GPU cuda:1][TRAIN] Epoch: [3][50/2480], Elapsed 0m 15s (remain 12m 0s), Accuracy: 40.000(69.804), Loss: 1.228(0.706), LR: 0.000047
[GPU cuda:1][TRAIN] Epoch: [3][100/2480], Elapsed 0m 29s (remain 11m 32s), Accuracy: 80.000(66.535), Loss: 0.753(0.803), LR: 0.000047
[GPU cuda:1][TRAIN] Epoch: [3][150/2480], Elapsed 0m 43s (remain 11m 13s), Accuracy: 40.000(66.093), Loss: 1.062(0.817), LR: 0.000047
[GPU cuda:1][TRAIN] Epoch: [3][200/2480], Elapsed 0m 57s (remain 10m 56s), Accuracy: 40.000(65.075), Loss: 0.943(0.842), LR: 0.000046
[GPU cuda:1][TRAIN] Epoch: [3][250/2480], Elapsed 1m 12s (remain 10m 40s), Accuracy: 80.000(64.542), Loss: 0.429(0.846), LR: 0.000046
[GPU cuda:1][TRAIN] Epoch: [3][300/2480], Elapsed 1m 26s (remain 10m 25s), Accuracy: 40.000(65.316), Loss: 1.300(0.828), LR: 0.000046
[GPU cuda:1][TRAIN] Epoch: [3][350/2480], Elapsed 1m 40s (remain 10m 10s), Accuracy: 100.000(64.729), Loss: 0.438(0.837), LR: 0.000046
[GPU cuda:1][TRAIN] Epoch: [3][400/2480], Elapsed 1m 54s (remain 9m 55s), Accuracy: 60.000(64.838), Loss: 0.807(0.837), LR: 0.000046
[GPU cuda:1][TRAIN] Epoch: [3][450/2480], Elapsed 2m 9s (remain 9m 41s), Accuracy: 60.000(64.922), Loss: 1.198(0.836), LR: 0.000046
[GPU cuda:1][TRAIN] Epoch: [3][500/2480], Elapsed 2m 23s (remain 9m 26s), Accuracy: 40.000(65.269), Loss: 1.564(0.834), LR: 0.000045
[GPU cuda:1][TRAIN] Epoch: [3][550/2480], Elapsed 2m 37s (remain 9m 12s), Accuracy: 100.000(65.045), Loss: 0.299(0.841), LR: 0.000045
[GPU cuda:1][TRAIN] Epoch: [3][600/2480], Elapsed 2m 52s (remain 8m 57s), Accuracy: 100.000(65.025), Loss: 0.065(0.840), LR: 0.000045
[GPU cuda:1][TRAIN] Epoch: [3][650/2480], Elapsed 3m 6s (remain 8m 43s), Accuracy: 100.000(65.161), Loss: 0.120(0.840), LR: 0.000045
[GPU cuda:1][TRAIN] Epoch: [3][700/2480], Elapsed 3m 20s (remain 8m 29s), Accuracy: 60.000(64.907), Loss: 0.706(0.845), LR: 0.000045
[GPU cuda:1][TRAIN] Epoch: [3][750/2480], Elapsed 3m 34s (remain 8m 14s), Accuracy: 60.000(64.767), Loss: 0.591(0.846), LR: 0.000045
[GPU cuda:1][TRAIN] Epoch: [3][800/2480], Elapsed 3m 49s (remain 8m 0s), Accuracy: 80.000(65.169), Loss: 0.424(0.841), LR: 0.000044
[GPU cuda:1][TRAIN] Epoch: [3][850/2480], Elapsed 4m 3s (remain 7m 45s), Accuracy: 60.000(65.452), Loss: 0.881(0.831), LR: 0.000044
[GPU cuda:1][TRAIN] Epoch: [3][900/2480], Elapsed 4m 17s (remain 7m 31s), Accuracy: 60.000(65.572), Loss: 1.515(0.828), LR: 0.000044
[GPU cuda:1][TRAIN] Epoch: [3][950/2480], Elapsed 4m 32s (remain 7m 17s), Accuracy: 60.000(65.531), Loss: 0.975(0.825), LR: 0.000044
[GPU cuda:1][TRAIN] Epoch: [3][1000/2480], Elapsed 4m 46s (remain 7m 3s), Accuracy: 60.000(65.375), Loss: 0.999(0.823), LR: 0.000044
[GPU cuda:1][TRAIN] Epoch: [3][1050/2480], Elapsed 5m 0s (remain 6m 48s), Accuracy: 60.000(65.633), Loss: 0.895(0.817), LR: 0.000043
[GPU cuda:1][TRAIN] Epoch: [3][1100/2480], Elapsed 5m 14s (remain 6m 34s), Accuracy: 80.000(65.668), Loss: 0.368(0.815), LR: 0.000043
[GPU cuda:1][TRAIN] Epoch: [3][1150/2480], Elapsed 5m 29s (remain 6m 20s), Accuracy: 80.000(65.717), Loss: 0.829(0.812), LR: 0.000043
[GPU cuda:1][TRAIN] Epoch: [3][1200/2480], Elapsed 5m 43s (remain 6m 5s), Accuracy: 100.000(66.178), Loss: 0.415(0.804), LR: 0.000043
[GPU cuda:1][TRAIN] Epoch: [3][1250/2480], Elapsed 5m 57s (remain 5m 51s), Accuracy: 60.000(66.075), Loss: 0.902(0.805), LR: 0.000042
[GPU cuda:1][TRAIN] Epoch: [3][1300/2480], Elapsed 6m 11s (remain 5m 36s), Accuracy: 80.000(66.410), Loss: 1.036(0.799), LR: 0.000042
[GPU cuda:1][TRAIN] Epoch: [3][1350/2480], Elapsed 6m 26s (remain 5m 22s), Accuracy: 100.000(66.454), Loss: 0.300(0.798), LR: 0.000042
[GPU cuda:1][TRAIN] Epoch: [3][1400/2480], Elapsed 6m 40s (remain 5m 8s), Accuracy: 80.000(66.438), Loss: 0.378(0.799), LR: 0.000042
[GPU cuda:1][TRAIN] Epoch: [3][1450/2480], Elapsed 6m 54s (remain 4m 54s), Accuracy: 100.000(66.575), Loss: 0.552(0.798), LR: 0.000042
[GPU cuda:1][TRAIN] Epoch: [3][1500/2480], Elapsed 7m 8s (remain 4m 39s), Accuracy: 100.000(66.649), Loss: 0.225(0.797), LR: 0.000041
[GPU cuda:1][TRAIN] Epoch: [3][1550/2480], Elapsed 7m 23s (remain 4m 25s), Accuracy: 100.000(66.796), Loss: 0.339(0.797), LR: 0.000041
[GPU cuda:1][TRAIN] Epoch: [3][1600/2480], Elapsed 7m 37s (remain 4m 11s), Accuracy: 100.000(66.958), Loss: 0.341(0.793), LR: 0.000041
[GPU cuda:1][TRAIN] Epoch: [3][1650/2480], Elapsed 7m 51s (remain 3m 56s), Accuracy: 100.000(67.196), Loss: 0.230(0.788), LR: 0.000041
[GPU cuda:1][TRAIN] Epoch: [3][1700/2480], Elapsed 8m 5s (remain 3m 42s), Accuracy: 60.000(67.266), Loss: 0.794(0.787), LR: 0.000040
[GPU cuda:1][TRAIN] Epoch: [3][1750/2480], Elapsed 8m 20s (remain 3m 28s), Accuracy: 80.000(67.424), Loss: 0.392(0.785), LR: 0.000040
[GPU cuda:1][TRAIN] Epoch: [3][1800/2480], Elapsed 8m 34s (remain 3m 13s), Accuracy: 80.000(67.451), Loss: 0.748(0.784), LR: 0.000040
[GPU cuda:1][TRAIN] Epoch: [3][1850/2480], Elapsed 8m 48s (remain 2m 59s), Accuracy: 40.000(67.477), Loss: 1.050(0.783), LR: 0.000040
[GPU cuda:1][TRAIN] Epoch: [3][1900/2480], Elapsed 9m 2s (remain 2m 45s), Accuracy: 60.000(67.480), Loss: 0.717(0.782), LR: 0.000039
[GPU cuda:1][TRAIN] Epoch: [3][1950/2480], Elapsed 9m 16s (remain 2m 31s), Accuracy: 80.000(67.381), Loss: 0.594(0.784), LR: 0.000039
[GPU cuda:1][TRAIN] Epoch: [3][2000/2480], Elapsed 9m 31s (remain 2m 16s), Accuracy: 60.000(67.526), Loss: 0.886(0.781), LR: 0.000039
[GPU cuda:1][TRAIN] Epoch: [3][2050/2480], Elapsed 9m 45s (remain 2m 2s), Accuracy: 60.000(67.460), Loss: 1.058(0.783), LR: 0.000039
[GPU cuda:1][TRAIN] Epoch: [3][2100/2480], Elapsed 9m 59s (remain 1m 48s), Accuracy: 80.000(67.711), Loss: 0.642(0.779), LR: 0.000038
[GPU cuda:1][TRAIN] Epoch: [3][2150/2480], Elapsed 10m 13s (remain 1m 33s), Accuracy: 60.000(67.838), Loss: 0.949(0.777), LR: 0.000038
[GPU cuda:1][TRAIN] Epoch: [3][2200/2480], Elapsed 10m 28s (remain 1m 19s), Accuracy: 40.000(67.896), Loss: 0.824(0.774), LR: 0.000038
[GPU cuda:1][TRAIN] Epoch: [3][2250/2480], Elapsed 10m 42s (remain 1m 5s), Accuracy: 60.000(67.872), Loss: 0.839(0.775), LR: 0.000038
[GPU cuda:1][TRAIN] Epoch: [3][2300/2480], Elapsed 10m 56s (remain 0m 51s), Accuracy: 80.000(67.988), Loss: 0.490(0.773), LR: 0.000037
[GPU cuda:1][TRAIN] Epoch: [3][2350/2480], Elapsed 11m 10s (remain 0m 36s), Accuracy: 80.000(68.022), Loss: 0.539(0.773), LR: 0.000037
[GPU cuda:1][TRAIN] Epoch: [3][2400/2480], Elapsed 11m 24s (remain 0m 22s), Accuracy: 60.000(68.130), Loss: 1.034(0.772), LR: 0.000037
[GPU cuda:1][TRAIN] Epoch: [3][2450/2480], Elapsed 11m 38s (remain 0m 8s), Accuracy: 100.000(68.250), Loss: 0.368(0.769), LR: 0.000036
[GPU cuda:1][TRAIN] Epoch: [3][2479/2480], Elapsed 11m 47s (remain 0m 0s), Accuracy: 40.000(68.242), Loss: 2.312(0.769), LR: 0.000036
[GPU cuda:1][VALID][0/97], Elapsed 0m 1s (remain 2m 14s), Accuracy: 84.375(84.375), Batch Loss: 0.5947, Average Loss: 0.5947
[GPU cuda:1][VALID][50/97], Elapsed 0m 48s (remain 0m 43s), Accuracy: 78.125(73.897), Batch Loss: 0.4698, Average Loss: 0.6713
[GPU cuda:1][VALID][96/97], Elapsed 1m 32s (remain 0m 0s), Accuracy: 78.571(73.104), Batch Loss: 0.5261, Average Loss: 0.6817
Valid Labels Samples: [2 0 1 4 1 0 3 1 4 3]
Valid Predictions Samples: [2, 0, 1, 4, 1, 0, 3, 1, 3, 0]
Epoch 3 - Train Average Loss: 68.242, Valid Average Loss: 73.104, Epoch Time: 801.860s
Epoch 3 - Accuracy: 0.731, Precision: 0.741, Recall: 0.731
Saved Best Model: 0.73
[GPU cuda:1][TRAIN] Epoch: [4][0/2480], Elapsed 0m 0s (remain 25m 30s), Accuracy: 80.000(80.000), Loss: 0.882(0.882), LR: 0.000036
[GPU cuda:1][TRAIN] Epoch: [4][50/2480], Elapsed 0m 14s (remain 11m 54s), Accuracy: 40.000(73.333), Loss: 0.888(0.642), LR: 0.000036
[GPU cuda:1][TRAIN] Epoch: [4][100/2480], Elapsed 0m 29s (remain 11m 29s), Accuracy: 80.000(71.287), Loss: 0.510(0.709), LR: 0.000036
[GPU cuda:1][TRAIN] Epoch: [4][150/2480], Elapsed 0m 43s (remain 11m 10s), Accuracy: 40.000(71.258), Loss: 1.044(0.700), LR: 0.000035
[GPU cuda:1][TRAIN] Epoch: [4][200/2480], Elapsed 0m 57s (remain 10m 53s), Accuracy: 40.000(70.746), Loss: 1.008(0.724), LR: 0.000035
[GPU cuda:1][TRAIN] Epoch: [4][250/2480], Elapsed 1m 11s (remain 10m 38s), Accuracy: 100.000(70.916), Loss: 0.191(0.721), LR: 0.000035
[GPU cuda:1][TRAIN] Epoch: [4][300/2480], Elapsed 1m 26s (remain 10m 23s), Accuracy: 60.000(70.897), Loss: 1.065(0.718), LR: 0.000035
[GPU cuda:1][TRAIN] Epoch: [4][350/2480], Elapsed 1m 40s (remain 10m 8s), Accuracy: 100.000(70.256), Loss: 0.496(0.730), LR: 0.000034
[GPU cuda:1][TRAIN] Epoch: [4][400/2480], Elapsed 1m 54s (remain 9m 53s), Accuracy: 60.000(70.424), Loss: 0.872(0.727), LR: 0.000034
[GPU cuda:1][TRAIN] Epoch: [4][450/2480], Elapsed 2m 8s (remain 9m 38s), Accuracy: 60.000(70.998), Loss: 0.735(0.723), LR: 0.000034
[GPU cuda:1][TRAIN] Epoch: [4][500/2480], Elapsed 2m 22s (remain 9m 24s), Accuracy: 40.000(71.297), Loss: 1.232(0.713), LR: 0.000033
[GPU cuda:1][TRAIN] Epoch: [4][550/2480], Elapsed 2m 37s (remain 9m 9s), Accuracy: 100.000(71.506), Loss: 0.111(0.714), LR: 0.000033
[GPU cuda:1][TRAIN] Epoch: [4][600/2480], Elapsed 2m 51s (remain 8m 55s), Accuracy: 100.000(71.448), Loss: 0.048(0.713), LR: 0.000033
[GPU cuda:1][TRAIN] Epoch: [4][650/2480], Elapsed 3m 5s (remain 8m 41s), Accuracy: 100.000(71.275), Loss: 0.036(0.714), LR: 0.000033
[GPU cuda:1][TRAIN] Epoch: [4][700/2480], Elapsed 3m 19s (remain 8m 26s), Accuracy: 100.000(71.184), Loss: 0.446(0.719), LR: 0.000032
[GPU cuda:1][TRAIN] Epoch: [4][750/2480], Elapsed 3m 33s (remain 8m 12s), Accuracy: 80.000(70.945), Loss: 0.313(0.721), LR: 0.000032
[GPU cuda:1][TRAIN] Epoch: [4][800/2480], Elapsed 3m 48s (remain 7m 58s), Accuracy: 100.000(71.186), Loss: 0.244(0.714), LR: 0.000032
[GPU cuda:1][TRAIN] Epoch: [4][850/2480], Elapsed 4m 2s (remain 7m 43s), Accuracy: 60.000(71.539), Loss: 0.708(0.707), LR: 0.000031
[GPU cuda:1][TRAIN] Epoch: [4][900/2480], Elapsed 4m 16s (remain 7m 29s), Accuracy: 60.000(71.609), Loss: 0.833(0.704), LR: 0.000031
[GPU cuda:1][TRAIN] Epoch: [4][950/2480], Elapsed 4m 30s (remain 7m 15s), Accuracy: 60.000(71.714), Loss: 0.892(0.700), LR: 0.000031
[GPU cuda:1][TRAIN] Epoch: [4][1000/2480], Elapsed 4m 44s (remain 7m 0s), Accuracy: 80.000(71.668), Loss: 0.868(0.700), LR: 0.000030
[GPU cuda:1][TRAIN] Epoch: [4][1050/2480], Elapsed 4m 59s (remain 6m 46s), Accuracy: 60.000(71.874), Loss: 1.233(0.696), LR: 0.000030
[GPU cuda:1][TRAIN] Epoch: [4][1100/2480], Elapsed 5m 13s (remain 6m 32s), Accuracy: 100.000(72.080), Loss: 0.320(0.689), LR: 0.000030
[GPU cuda:1][TRAIN] Epoch: [4][1150/2480], Elapsed 5m 27s (remain 6m 18s), Accuracy: 80.000(72.059), Loss: 0.561(0.690), LR: 0.000030
[GPU cuda:1][TRAIN] Epoch: [4][1200/2480], Elapsed 5m 41s (remain 6m 3s), Accuracy: 60.000(72.273), Loss: 0.777(0.684), LR: 0.000029
[GPU cuda:1][TRAIN] Epoch: [4][1250/2480], Elapsed 5m 55s (remain 5m 49s), Accuracy: 40.000(72.150), Loss: 0.873(0.685), LR: 0.000029
[GPU cuda:1][TRAIN] Epoch: [4][1300/2480], Elapsed 6m 10s (remain 5m 35s), Accuracy: 80.000(72.360), Loss: 0.763(0.682), LR: 0.000029
[GPU cuda:1][TRAIN] Epoch: [4][1350/2480], Elapsed 6m 24s (remain 5m 21s), Accuracy: 100.000(72.480), Loss: 0.125(0.678), LR: 0.000028
[GPU cuda:1][TRAIN] Epoch: [4][1400/2480], Elapsed 6m 38s (remain 5m 6s), Accuracy: 80.000(72.420), Loss: 0.295(0.681), LR: 0.000028
[GPU cuda:1][TRAIN] Epoch: [4][1450/2480], Elapsed 6m 52s (remain 4m 52s), Accuracy: 100.000(72.502), Loss: 0.389(0.680), LR: 0.000028
[GPU cuda:1][TRAIN] Epoch: [4][1500/2480], Elapsed 7m 7s (remain 4m 38s), Accuracy: 100.000(72.538), Loss: 0.190(0.680), LR: 0.000027
[GPU cuda:1][TRAIN] Epoch: [4][1550/2480], Elapsed 7m 21s (remain 4m 24s), Accuracy: 100.000(72.598), Loss: 0.271(0.679), LR: 0.000027
[GPU cuda:1][TRAIN] Epoch: [4][1600/2480], Elapsed 7m 35s (remain 4m 10s), Accuracy: 80.000(72.617), Loss: 0.349(0.677), LR: 0.000027
[GPU cuda:1][TRAIN] Epoch: [4][1650/2480], Elapsed 7m 49s (remain 3m 55s), Accuracy: 80.000(72.732), Loss: 0.244(0.673), LR: 0.000026
[GPU cuda:1][TRAIN] Epoch: [4][1700/2480], Elapsed 8m 4s (remain 3m 41s), Accuracy: 80.000(72.757), Loss: 0.453(0.674), LR: 0.000026
[GPU cuda:1][TRAIN] Epoch: [4][1750/2480], Elapsed 8m 18s (remain 3m 27s), Accuracy: 60.000(72.850), Loss: 0.881(0.671), LR: 0.000026
[GPU cuda:1][TRAIN] Epoch: [4][1800/2480], Elapsed 8m 32s (remain 3m 13s), Accuracy: 60.000(72.904), Loss: 0.501(0.669), LR: 0.000026
[GPU cuda:1][TRAIN] Epoch: [4][1850/2480], Elapsed 8m 46s (remain 2m 59s), Accuracy: 80.000(72.750), Loss: 0.920(0.672), LR: 0.000025
[GPU cuda:1][TRAIN] Epoch: [4][1900/2480], Elapsed 9m 1s (remain 2m 44s), Accuracy: 60.000(72.825), Loss: 0.752(0.670), LR: 0.000025
[GPU cuda:1][TRAIN] Epoch: [4][1950/2480], Elapsed 9m 15s (remain 2m 30s), Accuracy: 80.000(72.670), Loss: 0.376(0.672), LR: 0.000025
[GPU cuda:1][TRAIN] Epoch: [4][2000/2480], Elapsed 9m 29s (remain 2m 16s), Accuracy: 80.000(72.764), Loss: 0.620(0.669), LR: 0.000024
[GPU cuda:1][TRAIN] Epoch: [4][2050/2480], Elapsed 9m 43s (remain 2m 2s), Accuracy: 40.000(72.745), Loss: 1.134(0.670), LR: 0.000024
[GPU cuda:1][TRAIN] Epoch: [4][2100/2480], Elapsed 9m 58s (remain 1m 47s), Accuracy: 100.000(72.975), Loss: 0.108(0.664), LR: 0.000024
[GPU cuda:1][TRAIN] Epoch: [4][2150/2480], Elapsed 10m 12s (remain 1m 33s), Accuracy: 80.000(73.119), Loss: 0.638(0.661), LR: 0.000023
[GPU cuda:1][TRAIN] Epoch: [4][2200/2480], Elapsed 10m 26s (remain 1m 19s), Accuracy: 60.000(73.121), Loss: 0.808(0.661), LR: 0.000023
[GPU cuda:1][TRAIN] Epoch: [4][2250/2480], Elapsed 10m 40s (remain 1m 5s), Accuracy: 60.000(73.052), Loss: 0.783(0.662), LR: 0.000023
[GPU cuda:1][TRAIN] Epoch: [4][2300/2480], Elapsed 10m 55s (remain 0m 50s), Accuracy: 80.000(73.073), Loss: 0.461(0.661), LR: 0.000022
[GPU cuda:1][TRAIN] Epoch: [4][2350/2480], Elapsed 11m 9s (remain 0m 36s), Accuracy: 100.000(73.135), Loss: 0.420(0.661), LR: 0.000022
[GPU cuda:1][TRAIN] Epoch: [4][2400/2480], Elapsed 11m 23s (remain 0m 22s), Accuracy: 60.000(73.294), Loss: 0.885(0.658), LR: 0.000022
[GPU cuda:1][TRAIN] Epoch: [4][2450/2480], Elapsed 11m 37s (remain 0m 8s), Accuracy: 80.000(73.456), Loss: 0.492(0.655), LR: 0.000022
[GPU cuda:1][TRAIN] Epoch: [4][2479/2480], Elapsed 11m 46s (remain 0m 0s), Accuracy: 40.000(73.508), Loss: 2.477(0.654), LR: 0.000021
[GPU cuda:1][VALID][0/97], Elapsed 0m 1s (remain 2m 10s), Accuracy: 81.250(81.250), Batch Loss: 0.7085, Average Loss: 0.7085
[GPU cuda:1][VALID][50/97], Elapsed 0m 48s (remain 0m 44s), Accuracy: 84.375(73.407), Batch Loss: 0.3372, Average Loss: 0.6842
[GPU cuda:1][VALID][96/97], Elapsed 1m 33s (remain 0m 0s), Accuracy: 78.571(73.329), Batch Loss: 0.4569, Average Loss: 0.6881
Valid Labels Samples: [2 0 1 4 1 0 3 1 4 3]
Valid Predictions Samples: [2, 0, 1, 3, 1, 0, 3, 1, 3, 0]
Epoch 4 - Train Average Loss: 73.508, Valid Average Loss: 73.329, Epoch Time: 801.592s
Epoch 4 - Accuracy: 0.733, Precision: 0.733, Recall: 0.733
Saved Best Model: 0.73
[GPU cuda:1][TRAIN] Epoch: [5][0/2480], Elapsed 0m 0s (remain 26m 10s), Accuracy: 80.000(80.000), Loss: 0.451(0.451), LR: 0.000021
[GPU cuda:1][TRAIN] Epoch: [5][50/2480], Elapsed 0m 15s (remain 12m 1s), Accuracy: 60.000(79.608), Loss: 0.744(0.493), LR: 0.000021
[GPU cuda:1][TRAIN] Epoch: [5][100/2480], Elapsed 0m 29s (remain 11m 36s), Accuracy: 80.000(77.426), Loss: 0.415(0.560), LR: 0.000021
[GPU cuda:1][TRAIN] Epoch: [5][150/2480], Elapsed 0m 43s (remain 11m 16s), Accuracy: 60.000(75.894), Loss: 0.785(0.591), LR: 0.000020
[GPU cuda:1][TRAIN] Epoch: [5][200/2480], Elapsed 0m 58s (remain 10m 59s), Accuracy: 80.000(75.423), Loss: 0.528(0.600), LR: 0.000020
[GPU cuda:1][TRAIN] Epoch: [5][250/2480], Elapsed 1m 12s (remain 10m 43s), Accuracy: 100.000(75.618), Loss: 0.108(0.603), LR: 0.000020
[GPU cuda:1][TRAIN] Epoch: [5][300/2480], Elapsed 1m 26s (remain 10m 28s), Accuracy: 60.000(75.615), Loss: 1.027(0.604), LR: 0.000020
[GPU cuda:1][TRAIN] Epoch: [5][350/2480], Elapsed 1m 41s (remain 10m 13s), Accuracy: 80.000(74.929), Loss: 0.647(0.613), LR: 0.000019
[GPU cuda:1][TRAIN] Epoch: [5][400/2480], Elapsed 1m 55s (remain 9m 58s), Accuracy: 80.000(75.511), Loss: 0.573(0.608), LR: 0.000019
[GPU cuda:1][TRAIN] Epoch: [5][450/2480], Elapsed 2m 9s (remain 9m 43s), Accuracy: 60.000(75.698), Loss: 0.485(0.607), LR: 0.000019
[GPU cuda:1][TRAIN] Epoch: [5][500/2480], Elapsed 2m 23s (remain 9m 28s), Accuracy: 40.000(75.968), Loss: 1.297(0.597), LR: 0.000018
[GPU cuda:1][TRAIN] Epoch: [5][550/2480], Elapsed 2m 38s (remain 9m 14s), Accuracy: 100.000(75.935), Loss: 0.051(0.602), LR: 0.000018
[GPU cuda:1][TRAIN] Epoch: [5][600/2480], Elapsed 2m 52s (remain 8m 59s), Accuracy: 100.000(75.774), Loss: 0.055(0.606), LR: 0.000018
[GPU cuda:1][TRAIN] Epoch: [5][650/2480], Elapsed 3m 6s (remain 8m 44s), Accuracy: 100.000(75.883), Loss: 0.057(0.603), LR: 0.000018
[GPU cuda:1][TRAIN] Epoch: [5][700/2480], Elapsed 3m 21s (remain 8m 30s), Accuracy: 100.000(75.578), Loss: 0.278(0.607), LR: 0.000017
[GPU cuda:1][TRAIN] Epoch: [5][750/2480], Elapsed 3m 35s (remain 8m 16s), Accuracy: 100.000(75.579), Loss: 0.195(0.607), LR: 0.000017
[GPU cuda:1][TRAIN] Epoch: [5][800/2480], Elapsed 3m 49s (remain 8m 1s), Accuracy: 100.000(75.855), Loss: 0.225(0.603), LR: 0.000017
[GPU cuda:1][TRAIN] Epoch: [5][850/2480], Elapsed 4m 4s (remain 7m 47s), Accuracy: 60.000(76.240), Loss: 0.667(0.595), LR: 0.000016
[GPU cuda:1][TRAIN] Epoch: [5][900/2480], Elapsed 4m 18s (remain 7m 32s), Accuracy: 80.000(76.404), Loss: 0.671(0.592), LR: 0.000016
[GPU cuda:1][TRAIN] Epoch: [5][950/2480], Elapsed 4m 32s (remain 7m 18s), Accuracy: 60.000(76.656), Loss: 0.763(0.584), LR: 0.000016
[GPU cuda:1][TRAIN] Epoch: [5][1000/2480], Elapsed 4m 46s (remain 7m 3s), Accuracy: 80.000(76.484), Loss: 0.746(0.584), LR: 0.000016
[GPU cuda:1][TRAIN] Epoch: [5][1050/2480], Elapsed 5m 1s (remain 6m 49s), Accuracy: 40.000(76.594), Loss: 0.780(0.583), LR: 0.000015
[GPU cuda:1][TRAIN] Epoch: [5][1100/2480], Elapsed 5m 15s (remain 6m 34s), Accuracy: 80.000(76.948), Loss: 0.256(0.577), LR: 0.000015
[GPU cuda:1][TRAIN] Epoch: [5][1150/2480], Elapsed 5m 29s (remain 6m 20s), Accuracy: 80.000(76.890), Loss: 0.321(0.577), LR: 0.000015
[GPU cuda:1][TRAIN] Epoch: [5][1200/2480], Elapsed 5m 43s (remain 6m 6s), Accuracy: 100.000(77.302), Loss: 0.328(0.569), LR: 0.000014
[GPU cuda:1][TRAIN] Epoch: [5][1250/2480], Elapsed 5m 57s (remain 5m 51s), Accuracy: 40.000(77.138), Loss: 0.854(0.569), LR: 0.000014
[GPU cuda:1][TRAIN] Epoch: [5][1300/2480], Elapsed 6m 12s (remain 5m 37s), Accuracy: 60.000(77.325), Loss: 0.627(0.566), LR: 0.000014
[GPU cuda:1][TRAIN] Epoch: [5][1350/2480], Elapsed 6m 26s (remain 5m 22s), Accuracy: 100.000(77.557), Loss: 0.041(0.562), LR: 0.000014
[GPU cuda:1][TRAIN] Epoch: [5][1400/2480], Elapsed 6m 40s (remain 5m 8s), Accuracy: 80.000(77.516), Loss: 0.357(0.565), LR: 0.000013
[GPU cuda:1][TRAIN] Epoch: [5][1450/2480], Elapsed 6m 54s (remain 4m 54s), Accuracy: 100.000(77.753), Loss: 0.344(0.561), LR: 0.000013
[GPU cuda:1][TRAIN] Epoch: [5][1500/2480], Elapsed 7m 9s (remain 4m 39s), Accuracy: 100.000(77.642), Loss: 0.044(0.562), LR: 0.000013
[GPU cuda:1][TRAIN] Epoch: [5][1550/2480], Elapsed 7m 23s (remain 4m 25s), Accuracy: 100.000(77.692), Loss: 0.120(0.561), LR: 0.000013
[GPU cuda:1][TRAIN] Epoch: [5][1600/2480], Elapsed 7m 37s (remain 4m 11s), Accuracy: 100.000(77.714), Loss: 0.195(0.560), LR: 0.000012
[GPU cuda:1][TRAIN] Epoch: [5][1650/2480], Elapsed 7m 51s (remain 3m 56s), Accuracy: 100.000(77.807), Loss: 0.240(0.556), LR: 0.000012
[GPU cuda:1][TRAIN] Epoch: [5][1700/2480], Elapsed 8m 6s (remain 3m 42s), Accuracy: 80.000(77.848), Loss: 0.324(0.556), LR: 0.000012
[GPU cuda:1][TRAIN] Epoch: [5][1750/2480], Elapsed 8m 20s (remain 3m 28s), Accuracy: 80.000(77.944), Loss: 0.550(0.555), LR: 0.000011
[GPU cuda:1][TRAIN] Epoch: [5][1800/2480], Elapsed 8m 34s (remain 3m 13s), Accuracy: 60.000(77.946), Loss: 0.470(0.553), LR: 0.000011
[GPU cuda:1][TRAIN] Epoch: [5][1850/2480], Elapsed 8m 48s (remain 2m 59s), Accuracy: 60.000(78.012), Loss: 0.470(0.552), LR: 0.000011
[GPU cuda:1][TRAIN] Epoch: [5][1900/2480], Elapsed 9m 2s (remain 2m 45s), Accuracy: 60.000(78.075), Loss: 0.694(0.550), LR: 0.000011
[GPU cuda:1][TRAIN] Epoch: [5][1950/2480], Elapsed 9m 17s (remain 2m 31s), Accuracy: 100.000(78.022), Loss: 0.169(0.551), LR: 0.000011
[GPU cuda:1][TRAIN] Epoch: [5][2000/2480], Elapsed 9m 31s (remain 2m 16s), Accuracy: 80.000(78.111), Loss: 0.355(0.549), LR: 0.000010
[GPU cuda:1][TRAIN] Epoch: [5][2050/2480], Elapsed 9m 45s (remain 2m 2s), Accuracy: 60.000(78.186), Loss: 0.712(0.548), LR: 0.000010
[GPU cuda:1][TRAIN] Epoch: [5][2100/2480], Elapsed 9m 59s (remain 1m 48s), Accuracy: 80.000(78.363), Loss: 0.261(0.543), LR: 0.000010
[GPU cuda:1][TRAIN] Epoch: [5][2150/2480], Elapsed 10m 14s (remain 1m 33s), Accuracy: 80.000(78.466), Loss: 0.414(0.541), LR: 0.000010
[GPU cuda:1][TRAIN] Epoch: [5][2200/2480], Elapsed 10m 28s (remain 1m 19s), Accuracy: 60.000(78.510), Loss: 0.580(0.540), LR: 0.000009
[GPU cuda:1][TRAIN] Epoch: [5][2250/2480], Elapsed 10m 42s (remain 1m 5s), Accuracy: 80.000(78.481), Loss: 0.718(0.541), LR: 0.000009
[GPU cuda:1][TRAIN] Epoch: [5][2300/2480], Elapsed 10m 56s (remain 0m 51s), Accuracy: 60.000(78.522), Loss: 0.571(0.540), LR: 0.000009
[GPU cuda:1][TRAIN] Epoch: [5][2350/2480], Elapsed 11m 10s (remain 0m 36s), Accuracy: 100.000(78.545), Loss: 0.342(0.540), LR: 0.000009
[GPU cuda:1][TRAIN] Epoch: [5][2400/2480], Elapsed 11m 25s (remain 0m 22s), Accuracy: 80.000(78.659), Loss: 0.497(0.538), LR: 0.000008
[GPU cuda:1][TRAIN] Epoch: [5][2450/2480], Elapsed 11m 39s (remain 0m 8s), Accuracy: 100.000(78.784), Loss: 0.209(0.534), LR: 0.000008
[GPU cuda:1][TRAIN] Epoch: [5][2479/2480], Elapsed 11m 47s (remain 0m 0s), Accuracy: 40.000(78.806), Loss: 1.526(0.533), LR: 0.000008
[GPU cuda:1][VALID][0/97], Elapsed 0m 1s (remain 2m 16s), Accuracy: 78.125(78.125), Batch Loss: 0.5543, Average Loss: 0.5543
[GPU cuda:1][VALID][50/97], Elapsed 0m 48s (remain 0m 44s), Accuracy: 84.375(74.694), Batch Loss: 0.3367, Average Loss: 0.6708
[GPU cuda:1][VALID][96/97], Elapsed 1m 32s (remain 0m 0s), Accuracy: 78.571(74.650), Batch Loss: 0.3480, Average Loss: 0.6781
Valid Labels Samples: [2 0 1 4 1 0 3 1 4 3]
Valid Predictions Samples: [2, 0, 1, 3, 1, 0, 3, 1, 3, 0]
Epoch 5 - Train Average Loss: 78.806, Valid Average Loss: 74.650, Epoch Time: 802.652s
Epoch 5 - Accuracy: 0.746, Precision: 0.750, Recall: 0.746
Saved Best Model: 0.75
[GPU cuda:1][TRAIN] Epoch: [6][0/2480], Elapsed 0m 0s (remain 26m 30s), Accuracy: 80.000(80.000), Loss: 0.398(0.398), LR: 0.000008
[GPU cuda:1][TRAIN] Epoch: [6][50/2480], Elapsed 0m 15s (remain 11m 55s), Accuracy: 60.000(85.098), Loss: 0.664(0.349), LR: 0.000008
[GPU cuda:1][TRAIN] Epoch: [6][100/2480], Elapsed 0m 29s (remain 11m 29s), Accuracy: 60.000(82.376), Loss: 1.273(0.418), LR: 0.000008
[GPU cuda:1][TRAIN] Epoch: [6][150/2480], Elapsed 0m 43s (remain 11m 10s), Accuracy: 80.000(81.325), Loss: 0.567(0.448), LR: 0.000007
[GPU cuda:1][TRAIN] Epoch: [6][200/2480], Elapsed 0m 57s (remain 10m 54s), Accuracy: 80.000(80.796), Loss: 0.438(0.461), LR: 0.000007
[GPU cuda:1][TRAIN] Epoch: [6][250/2480], Elapsed 1m 11s (remain 10m 38s), Accuracy: 100.000(81.116), Loss: 0.061(0.460), LR: 0.000007
[GPU cuda:1][TRAIN] Epoch: [6][300/2480], Elapsed 1m 26s (remain 10m 23s), Accuracy: 60.000(81.130), Loss: 0.959(0.460), LR: 0.000007
[GPU cuda:1][TRAIN] Epoch: [6][350/2480], Elapsed 1m 40s (remain 10m 8s), Accuracy: 100.000(80.684), Loss: 0.165(0.470), LR: 0.000007
[GPU cuda:1][TRAIN] Epoch: [6][400/2480], Elapsed 1m 54s (remain 9m 54s), Accuracy: 80.000(80.698), Loss: 0.395(0.473), LR: 0.000006
[GPU cuda:1][TRAIN] Epoch: [6][450/2480], Elapsed 2m 8s (remain 9m 39s), Accuracy: 100.000(80.798), Loss: 0.135(0.475), LR: 0.000006
[GPU cuda:1][TRAIN] Epoch: [6][500/2480], Elapsed 2m 23s (remain 9m 25s), Accuracy: 40.000(80.958), Loss: 1.295(0.469), LR: 0.000006
[GPU cuda:1][TRAIN] Epoch: [6][550/2480], Elapsed 2m 37s (remain 9m 10s), Accuracy: 100.000(81.016), Loss: 0.033(0.474), LR: 0.000006
[GPU cuda:1][TRAIN] Epoch: [6][600/2480], Elapsed 2m 51s (remain 8m 56s), Accuracy: 100.000(80.832), Loss: 0.023(0.481), LR: 0.000006
[GPU cuda:1][TRAIN] Epoch: [6][650/2480], Elapsed 3m 5s (remain 8m 41s), Accuracy: 100.000(80.891), Loss: 0.017(0.481), LR: 0.000005
[GPU cuda:1][TRAIN] Epoch: [6][700/2480], Elapsed 3m 19s (remain 8m 27s), Accuracy: 100.000(80.571), Loss: 0.171(0.484), LR: 0.000005
[GPU cuda:1][TRAIN] Epoch: [6][750/2480], Elapsed 3m 34s (remain 8m 12s), Accuracy: 100.000(80.533), Loss: 0.105(0.486), LR: 0.000005
[GPU cuda:1][TRAIN] Epoch: [6][800/2480], Elapsed 3m 48s (remain 7m 58s), Accuracy: 80.000(80.624), Loss: 0.235(0.483), LR: 0.000005
[GPU cuda:1][TRAIN] Epoch: [6][850/2480], Elapsed 4m 2s (remain 7m 44s), Accuracy: 80.000(80.893), Loss: 0.586(0.478), LR: 0.000005
[GPU cuda:1][TRAIN] Epoch: [6][900/2480], Elapsed 4m 16s (remain 7m 29s), Accuracy: 80.000(81.110), Loss: 0.601(0.474), LR: 0.000005
[GPU cuda:1][TRAIN] Epoch: [6][950/2480], Elapsed 4m 30s (remain 7m 15s), Accuracy: 60.000(81.346), Loss: 0.608(0.467), LR: 0.000004
[GPU cuda:1][TRAIN] Epoch: [6][1000/2480], Elapsed 4m 44s (remain 7m 0s), Accuracy: 80.000(81.299), Loss: 0.784(0.469), LR: 0.000004
[GPU cuda:1][TRAIN] Epoch: [6][1050/2480], Elapsed 4m 59s (remain 6m 46s), Accuracy: 60.000(81.503), Loss: 0.688(0.466), LR: 0.000004
[GPU cuda:1][TRAIN] Epoch: [6][1100/2480], Elapsed 5m 13s (remain 6m 32s), Accuracy: 80.000(81.562), Loss: 0.202(0.462), LR: 0.000004
[GPU cuda:1][TRAIN] Epoch: [6][1150/2480], Elapsed 5m 27s (remain 6m 18s), Accuracy: 100.000(81.581), Loss: 0.288(0.462), LR: 0.000004
[GPU cuda:1][TRAIN] Epoch: [6][1200/2480], Elapsed 5m 41s (remain 6m 3s), Accuracy: 100.000(81.832), Loss: 0.218(0.456), LR: 0.000004
[GPU cuda:1][TRAIN] Epoch: [6][1250/2480], Elapsed 5m 55s (remain 5m 49s), Accuracy: 80.000(81.823), Loss: 0.426(0.454), LR: 0.000004
[GPU cuda:1][TRAIN] Epoch: [6][1300/2480], Elapsed 6m 10s (remain 5m 35s), Accuracy: 80.000(82.029), Loss: 0.577(0.450), LR: 0.000003
[GPU cuda:1][TRAIN] Epoch: [6][1350/2480], Elapsed 6m 24s (remain 5m 21s), Accuracy: 100.000(82.102), Loss: 0.027(0.447), LR: 0.000003
[GPU cuda:1][TRAIN] Epoch: [6][1400/2480], Elapsed 6m 38s (remain 5m 6s), Accuracy: 100.000(81.913), Loss: 0.068(0.450), LR: 0.000003
[GPU cuda:1][TRAIN] Epoch: [6][1450/2480], Elapsed 6m 52s (remain 4m 52s), Accuracy: 100.000(82.040), Loss: 0.281(0.448), LR: 0.000003
[GPU cuda:1][TRAIN] Epoch: [6][1500/2480], Elapsed 7m 6s (remain 4m 38s), Accuracy: 100.000(82.212), Loss: 0.022(0.446), LR: 0.000003
[GPU cuda:1][TRAIN] Epoch: [6][1550/2480], Elapsed 7m 20s (remain 4m 24s), Accuracy: 100.000(82.231), Loss: 0.025(0.444), LR: 0.000003
[GPU cuda:1][TRAIN] Epoch: [6][1600/2480], Elapsed 7m 35s (remain 4m 9s), Accuracy: 80.000(82.274), Loss: 0.186(0.444), LR: 0.000003
[GPU cuda:1][TRAIN] Epoch: [6][1650/2480], Elapsed 7m 49s (remain 3m 55s), Accuracy: 100.000(82.423), Loss: 0.206(0.440), LR: 0.000003
[GPU cuda:1][TRAIN] Epoch: [6][1700/2480], Elapsed 8m 3s (remain 3m 41s), Accuracy: 100.000(82.434), Loss: 0.160(0.440), LR: 0.000002
[GPU cuda:1][TRAIN] Epoch: [6][1750/2480], Elapsed 8m 17s (remain 3m 27s), Accuracy: 40.000(82.524), Loss: 1.101(0.439), LR: 0.000002
[GPU cuda:1][TRAIN] Epoch: [6][1800/2480], Elapsed 8m 31s (remain 3m 12s), Accuracy: 100.000(82.576), Loss: 0.091(0.437), LR: 0.000002
[GPU cuda:1][TRAIN] Epoch: [6][1850/2480], Elapsed 8m 46s (remain 2m 58s), Accuracy: 80.000(82.593), Loss: 0.302(0.437), LR: 0.000002
[GPU cuda:1][TRAIN] Epoch: [6][1900/2480], Elapsed 9m 0s (remain 2m 44s), Accuracy: 60.000(82.704), Loss: 0.534(0.434), LR: 0.000002
[GPU cuda:1][TRAIN] Epoch: [6][1950/2480], Elapsed 9m 14s (remain 2m 30s), Accuracy: 100.000(82.645), Loss: 0.048(0.435), LR: 0.000002
[GPU cuda:1][TRAIN] Epoch: [6][2000/2480], Elapsed 9m 28s (remain 2m 16s), Accuracy: 80.000(82.689), Loss: 0.480(0.434), LR: 0.000002
[GPU cuda:1][TRAIN] Epoch: [6][2050/2480], Elapsed 9m 42s (remain 2m 1s), Accuracy: 60.000(82.711), Loss: 0.593(0.433), LR: 0.000002
[GPU cuda:1][TRAIN] Epoch: [6][2100/2480], Elapsed 9m 56s (remain 1m 47s), Accuracy: 80.000(82.837), Loss: 0.202(0.429), LR: 0.000002
[GPU cuda:1][TRAIN] Epoch: [6][2150/2480], Elapsed 10m 11s (remain 1m 33s), Accuracy: 100.000(82.994), Loss: 0.299(0.426), LR: 0.000002
[GPU cuda:1][TRAIN] Epoch: [6][2200/2480], Elapsed 10m 25s (remain 1m 19s), Accuracy: 80.000(83.044), Loss: 0.426(0.425), LR: 0.000002
[GPU cuda:1][TRAIN] Epoch: [6][2250/2480], Elapsed 10m 39s (remain 1m 5s), Accuracy: 80.000(82.968), Loss: 0.732(0.426), LR: 0.000002
[GPU cuda:1][TRAIN] Epoch: [6][2300/2480], Elapsed 10m 53s (remain 0m 50s), Accuracy: 80.000(83.025), Loss: 0.416(0.425), LR: 0.000001
[GPU cuda:1][TRAIN] Epoch: [6][2350/2480], Elapsed 11m 7s (remain 0m 36s), Accuracy: 100.000(83.011), Loss: 0.254(0.425), LR: 0.000001
[GPU cuda:1][TRAIN] Epoch: [6][2400/2480], Elapsed 11m 21s (remain 0m 22s), Accuracy: 60.000(83.099), Loss: 0.494(0.424), LR: 0.000001
[GPU cuda:1][TRAIN] Epoch: [6][2450/2480], Elapsed 11m 36s (remain 0m 8s), Accuracy: 100.000(83.248), Loss: 0.214(0.421), LR: 0.000001
[GPU cuda:1][TRAIN] Epoch: [6][2479/2480], Elapsed 11m 44s (remain 0m 0s), Accuracy: 40.000(83.290), Loss: 1.066(0.420), LR: 0.000001
[GPU cuda:1][VALID][0/97], Elapsed 0m 1s (remain 2m 19s), Accuracy: 78.125(78.125), Batch Loss: 0.7098, Average Loss: 0.7098
[GPU cuda:1][VALID][50/97], Elapsed 0m 48s (remain 0m 43s), Accuracy: 81.250(75.000), Batch Loss: 0.3672, Average Loss: 0.7074
[GPU cuda:1][VALID][96/97], Elapsed 1m 32s (remain 0m 0s), Accuracy: 78.571(74.844), Batch Loss: 0.3615, Average Loss: 0.7183
Valid Labels Samples: [2 0 1 4 1 0 3 1 4 3]
Valid Predictions Samples: [2, 0, 1, 3, 1, 0, 3, 1, 3, 0]
Epoch 6 - Train Average Loss: 83.290, Valid Average Loss: 74.844, Epoch Time: 798.899s
Epoch 6 - Accuracy: 0.748, Precision: 0.753, Recall: 0.748
Saved Best Model: 0.75
[GPU cuda:1][TRAIN] Epoch: [7][0/2480], Elapsed 0m 0s (remain 26m 24s), Accuracy: 80.000(80.000), Loss: 0.302(0.302), LR: 0.000001
[GPU cuda:1][TRAIN] Epoch: [7][50/2480], Elapsed 0m 14s (remain 11m 53s), Accuracy: 60.000(87.059), Loss: 0.600(0.310), LR: 0.000001
[GPU cuda:1][TRAIN] Epoch: [7][100/2480], Elapsed 0m 29s (remain 11m 27s), Accuracy: 80.000(85.941), Loss: 0.354(0.346), LR: 0.000001
[GPU cuda:1][TRAIN] Epoch: [7][150/2480], Elapsed 0m 43s (remain 11m 9s), Accuracy: 80.000(84.901), Loss: 0.588(0.372), LR: 0.000001
[GPU cuda:1][TRAIN] Epoch: [7][200/2480], Elapsed 0m 57s (remain 10m 52s), Accuracy: 100.000(84.179), Loss: 0.160(0.393), LR: 0.000001
[GPU cuda:1][TRAIN] Epoch: [7][250/2480], Elapsed 1m 11s (remain 10m 37s), Accuracy: 100.000(84.781), Loss: 0.012(0.393), LR: 0.000001
[GPU cuda:1][TRAIN] Epoch: [7][300/2480], Elapsed 1m 25s (remain 10m 22s), Accuracy: 80.000(84.319), Loss: 0.507(0.395), LR: 0.000001
[GPU cuda:1][TRAIN] Epoch: [7][350/2480], Elapsed 1m 40s (remain 10m 7s), Accuracy: 100.000(83.305), Loss: 0.041(0.416), LR: 0.000001
[GPU cuda:1][TRAIN] Epoch: [7][400/2480], Elapsed 1m 54s (remain 9m 52s), Accuracy: 80.000(83.691), Loss: 0.318(0.409), LR: 0.000001
[GPU cuda:1][TRAIN] Epoch: [7][450/2480], Elapsed 2m 8s (remain 9m 38s), Accuracy: 100.000(83.991), Loss: 0.131(0.405), LR: 0.000001
[GPU cuda:1][TRAIN] Epoch: [7][500/2480], Elapsed 2m 22s (remain 9m 23s), Accuracy: 40.000(84.152), Loss: 1.365(0.400), LR: 0.000001
[GPU cuda:1][TRAIN] Epoch: [7][550/2480], Elapsed 2m 36s (remain 9m 9s), Accuracy: 100.000(84.174), Loss: 0.011(0.408), LR: 0.000001
[GPU cuda:1][TRAIN] Epoch: [7][600/2480], Elapsed 2m 51s (remain 8m 55s), Accuracy: 100.000(83.927), Loss: 0.015(0.416), LR: 0.000001
[GPU cuda:1][TRAIN] Epoch: [7][650/2480], Elapsed 3m 5s (remain 8m 40s), Accuracy: 100.000(83.656), Loss: 0.061(0.421), LR: 0.000050
[GPU cuda:1][TRAIN] Epoch: [7][700/2480], Elapsed 3m 19s (remain 8m 26s), Accuracy: 80.000(82.967), Loss: 0.506(0.440), LR: 0.000050
[GPU cuda:1][TRAIN] Epoch: [7][750/2480], Elapsed 3m 33s (remain 8m 12s), Accuracy: 100.000(82.157), Loss: 0.196(0.456), LR: 0.000050
[GPU cuda:1][TRAIN] Epoch: [7][800/2480], Elapsed 3m 47s (remain 7m 57s), Accuracy: 80.000(81.648), Loss: 0.310(0.465), LR: 0.000050
[GPU cuda:1][TRAIN] Epoch: [7][850/2480], Elapsed 4m 2s (remain 7m 43s), Accuracy: 60.000(81.457), Loss: 0.954(0.470), LR: 0.000050
[GPU cuda:1][TRAIN] Epoch: [7][900/2480], Elapsed 4m 16s (remain 7m 29s), Accuracy: 60.000(81.265), Loss: 1.421(0.475), LR: 0.000050
[GPU cuda:1][TRAIN] Epoch: [7][950/2480], Elapsed 4m 30s (remain 7m 15s), Accuracy: 60.000(80.904), Loss: 0.726(0.479), LR: 0.000050
[GPU cuda:1][TRAIN] Epoch: [7][1000/2480], Elapsed 4m 44s (remain 7m 0s), Accuracy: 60.000(80.519), Loss: 1.253(0.483), LR: 0.000050
[GPU cuda:1][TRAIN] Epoch: [7][1050/2480], Elapsed 4m 58s (remain 6m 46s), Accuracy: 80.000(80.133), Loss: 0.685(0.492), LR: 0.000050
[GPU cuda:1][TRAIN] Epoch: [7][1100/2480], Elapsed 5m 13s (remain 6m 32s), Accuracy: 80.000(79.909), Loss: 0.314(0.495), LR: 0.000050
[GPU cuda:1][TRAIN] Epoch: [7][1150/2480], Elapsed 5m 27s (remain 6m 17s), Accuracy: 80.000(79.513), Loss: 0.735(0.504), LR: 0.000050
[GPU cuda:1][TRAIN] Epoch: [7][1200/2480], Elapsed 5m 41s (remain 6m 3s), Accuracy: 100.000(79.584), Loss: 0.252(0.504), LR: 0.000050
[GPU cuda:1][TRAIN] Epoch: [7][1250/2480], Elapsed 5m 55s (remain 5m 49s), Accuracy: 80.000(79.281), Loss: 0.568(0.511), LR: 0.000050
[GPU cuda:1][TRAIN] Epoch: [7][1300/2480], Elapsed 6m 9s (remain 5m 35s), Accuracy: 60.000(79.231), Loss: 0.980(0.514), LR: 0.000050
[GPU cuda:1][TRAIN] Epoch: [7][1350/2480], Elapsed 6m 23s (remain 5m 20s), Accuracy: 80.000(79.156), Loss: 0.681(0.515), LR: 0.000050
[GPU cuda:1][TRAIN] Epoch: [7][1400/2480], Elapsed 6m 38s (remain 5m 6s), Accuracy: 100.000(78.915), Loss: 0.306(0.522), LR: 0.000050
[GPU cuda:1][TRAIN] Epoch: [7][1450/2480], Elapsed 6m 52s (remain 4m 52s), Accuracy: 80.000(78.884), Loss: 0.513(0.524), LR: 0.000050
[GPU cuda:1][TRAIN] Epoch: [7][1500/2480], Elapsed 7m 6s (remain 4m 38s), Accuracy: 100.000(78.561), Loss: 0.065(0.530), LR: 0.000050
[GPU cuda:1][TRAIN] Epoch: [7][1550/2480], Elapsed 7m 20s (remain 4m 23s), Accuracy: 100.000(78.556), Loss: 0.210(0.534), LR: 0.000050
[GPU cuda:1][TRAIN] Epoch: [7][1600/2480], Elapsed 7m 34s (remain 4m 9s), Accuracy: 100.000(78.451), Loss: 0.186(0.536), LR: 0.000050
[GPU cuda:1][TRAIN] Epoch: [7][1650/2480], Elapsed 7m 48s (remain 3m 55s), Accuracy: 100.000(78.498), Loss: 0.239(0.536), LR: 0.000050
[GPU cuda:1][TRAIN] Epoch: [7][1700/2480], Elapsed 8m 3s (remain 3m 41s), Accuracy: 60.000(78.330), Loss: 0.524(0.538), LR: 0.000050
[GPU cuda:1][TRAIN] Epoch: [7][1750/2480], Elapsed 8m 17s (remain 3m 27s), Accuracy: 80.000(78.298), Loss: 0.403(0.538), LR: 0.000050
[GPU cuda:1][TRAIN] Epoch: [7][1800/2480], Elapsed 8m 31s (remain 3m 12s), Accuracy: 40.000(78.090), Loss: 0.961(0.541), LR: 0.000050
[GPU cuda:1][TRAIN] Epoch: [7][1850/2480], Elapsed 8m 45s (remain 2m 58s), Accuracy: 80.000(77.839), Loss: 0.552(0.544), LR: 0.000050
[GPU cuda:1][TRAIN] Epoch: [7][1900/2480], Elapsed 8m 59s (remain 2m 44s), Accuracy: 60.000(77.801), Loss: 0.676(0.546), LR: 0.000050
[GPU cuda:1][TRAIN] Epoch: [7][1950/2480], Elapsed 9m 13s (remain 2m 30s), Accuracy: 100.000(77.591), Loss: 0.492(0.551), LR: 0.000050
[GPU cuda:1][TRAIN] Epoch: [7][2000/2480], Elapsed 9m 28s (remain 2m 15s), Accuracy: 40.000(77.561), Loss: 1.285(0.551), LR: 0.000050
[GPU cuda:1][TRAIN] Epoch: [7][2050/2480], Elapsed 9m 42s (remain 2m 1s), Accuracy: 60.000(77.377), Loss: 0.833(0.556), LR: 0.000050
[GPU cuda:1][TRAIN] Epoch: [7][2100/2480], Elapsed 9m 56s (remain 1m 47s), Accuracy: 100.000(77.458), Loss: 0.190(0.553), LR: 0.000050
[GPU cuda:1][TRAIN] Epoch: [7][2150/2480], Elapsed 10m 10s (remain 1m 33s), Accuracy: 60.000(77.331), Loss: 0.986(0.556), LR: 0.000050
[GPU cuda:1][TRAIN] Epoch: [7][2200/2480], Elapsed 10m 24s (remain 1m 19s), Accuracy: 80.000(77.347), Loss: 0.565(0.557), LR: 0.000050
[GPU cuda:1][TRAIN] Epoch: [7][2250/2480], Elapsed 10m 38s (remain 1m 4s), Accuracy: 60.000(77.219), Loss: 0.878(0.560), LR: 0.000050
[GPU cuda:1][TRAIN] Epoch: [7][2300/2480], Elapsed 10m 53s (remain 0m 50s), Accuracy: 60.000(77.166), Loss: 0.537(0.562), LR: 0.000050
[GPU cuda:1][TRAIN] Epoch: [7][2350/2480], Elapsed 11m 7s (remain 0m 36s), Accuracy: 60.000(77.065), Loss: 0.547(0.564), LR: 0.000050
[GPU cuda:1][TRAIN] Epoch: [7][2400/2480], Elapsed 11m 21s (remain 0m 22s), Accuracy: 60.000(77.076), Loss: 0.679(0.565), LR: 0.000050
[GPU cuda:1][TRAIN] Epoch: [7][2450/2480], Elapsed 11m 35s (remain 0m 8s), Accuracy: 100.000(77.095), Loss: 0.243(0.564), LR: 0.000050
[GPU cuda:1][TRAIN] Epoch: [7][2479/2480], Elapsed 11m 43s (remain 0m 0s), Accuracy: 60.000(77.032), Loss: 1.530(0.565), LR: 0.000050
[GPU cuda:1][VALID][0/97], Elapsed 0m 1s (remain 2m 12s), Accuracy: 71.875(71.875), Batch Loss: 0.8531, Average Loss: 0.8531
[GPU cuda:1][VALID][50/97], Elapsed 0m 48s (remain 0m 43s), Accuracy: 71.875(71.017), Batch Loss: 0.6575, Average Loss: 0.7666
[GPU cuda:1][VALID][96/97], Elapsed 1m 32s (remain 0m 0s), Accuracy: 78.571(70.333), Batch Loss: 0.4811, Average Loss: 0.7865
Valid Labels Samples: [2 0 1 4 1 0 3 1 4 3]
Valid Predictions Samples: [2, 0, 1, 3, 1, 0, 3, 1, 3, 0]
Epoch 7 - Train Average Loss: 77.032, Valid Average Loss: 70.333, Epoch Time: 798.086s
Epoch 7 - Accuracy: 0.703, Precision: 0.716, Recall: 0.703
[GPU cuda:1][TRAIN] Epoch: [8][0/2480], Elapsed 0m 0s (remain 25m 43s), Accuracy: 80.000(80.000), Loss: 0.832(0.832), LR: 0.000050
[GPU cuda:1][TRAIN] Epoch: [8][50/2480], Elapsed 0m 15s (remain 11m 54s), Accuracy: 80.000(76.471), Loss: 1.064(0.560), LR: 0.000050
[GPU cuda:1][TRAIN] Epoch: [8][100/2480], Elapsed 0m 29s (remain 11m 28s), Accuracy: 80.000(73.663), Loss: 0.497(0.634), LR: 0.000050
[GPU cuda:1][TRAIN] Epoch: [8][150/2480], Elapsed 0m 43s (remain 11m 9s), Accuracy: 60.000(74.437), Loss: 0.684(0.635), LR: 0.000050
[GPU cuda:1][TRAIN] Epoch: [8][200/2480], Elapsed 0m 57s (remain 10m 53s), Accuracy: 80.000(73.532), Loss: 0.682(0.662), LR: 0.000050
[GPU cuda:1][TRAIN] Epoch: [8][250/2480], Elapsed 1m 11s (remain 10m 37s), Accuracy: 100.000(73.546), Loss: 0.131(0.655), LR: 0.000050
[GPU cuda:1][TRAIN] Epoch: [8][300/2480], Elapsed 1m 25s (remain 10m 22s), Accuracy: 20.000(74.020), Loss: 1.632(0.644), LR: 0.000050
[GPU cuda:1][TRAIN] Epoch: [8][350/2480], Elapsed 1m 40s (remain 10m 7s), Accuracy: 100.000(73.219), Loss: 0.387(0.657), LR: 0.000050
[GPU cuda:1][TRAIN] Epoch: [8][400/2480], Elapsed 1m 54s (remain 9m 52s), Accuracy: 60.000(73.317), Loss: 0.867(0.654), LR: 0.000050
[GPU cuda:1][TRAIN] Epoch: [8][450/2480], Elapsed 2m 8s (remain 9m 38s), Accuracy: 100.000(73.570), Loss: 0.419(0.647), LR: 0.000050
[GPU cuda:1][TRAIN] Epoch: [8][500/2480], Elapsed 2m 22s (remain 9m 23s), Accuracy: 40.000(74.052), Loss: 1.247(0.639), LR: 0.000050
[GPU cuda:1][TRAIN] Epoch: [8][550/2480], Elapsed 2m 36s (remain 9m 8s), Accuracy: 100.000(73.829), Loss: 0.117(0.651), LR: 0.000050
[GPU cuda:1][TRAIN] Epoch: [8][600/2480], Elapsed 2m 50s (remain 8m 54s), Accuracy: 100.000(73.710), Loss: 0.104(0.654), LR: 0.000050
[GPU cuda:1][TRAIN] Epoch: [8][650/2480], Elapsed 3m 5s (remain 8m 40s), Accuracy: 100.000(73.948), Loss: 0.036(0.649), LR: 0.000050
[GPU cuda:1][TRAIN] Epoch: [8][700/2480], Elapsed 3m 19s (remain 8m 25s), Accuracy: 60.000(73.752), Loss: 0.980(0.655), LR: 0.000050
[GPU cuda:1][TRAIN] Epoch: [8][750/2480], Elapsed 3m 33s (remain 8m 11s), Accuracy: 100.000(73.555), Loss: 0.297(0.654), LR: 0.000050
[GPU cuda:1][TRAIN] Epoch: [8][800/2480], Elapsed 3m 47s (remain 7m 57s), Accuracy: 100.000(73.858), Loss: 0.125(0.647), LR: 0.000050
[GPU cuda:1][TRAIN] Epoch: [8][850/2480], Elapsed 4m 1s (remain 7m 43s), Accuracy: 80.000(74.125), Loss: 0.505(0.638), LR: 0.000050
[GPU cuda:1][TRAIN] Epoch: [8][900/2480], Elapsed 4m 16s (remain 7m 28s), Accuracy: 80.000(74.295), Loss: 0.655(0.635), LR: 0.000050
[GPU cuda:1][TRAIN] Epoch: [8][950/2480], Elapsed 4m 30s (remain 7m 14s), Accuracy: 60.000(74.700), Loss: 0.657(0.628), LR: 0.000050
[GPU cuda:1][TRAIN] Epoch: [8][1000/2480], Elapsed 4m 44s (remain 7m 0s), Accuracy: 60.000(74.785), Loss: 0.884(0.624), LR: 0.000050
[GPU cuda:1][TRAIN] Epoch: [8][1050/2480], Elapsed 4m 58s (remain 6m 45s), Accuracy: 40.000(74.729), Loss: 1.195(0.626), LR: 0.000050
[GPU cuda:1][TRAIN] Epoch: [8][1100/2480], Elapsed 5m 12s (remain 6m 31s), Accuracy: 100.000(74.859), Loss: 0.240(0.620), LR: 0.000050
[GPU cuda:1][TRAIN] Epoch: [8][1150/2480], Elapsed 5m 26s (remain 6m 17s), Accuracy: 60.000(74.909), Loss: 0.725(0.619), LR: 0.000050
[GPU cuda:1][TRAIN] Epoch: [8][1200/2480], Elapsed 5m 41s (remain 6m 3s), Accuracy: 100.000(74.788), Loss: 0.374(0.620), LR: 0.000050
[GPU cuda:1][TRAIN] Epoch: [8][1250/2480], Elapsed 5m 55s (remain 5m 48s), Accuracy: 60.000(74.772), Loss: 0.656(0.621), LR: 0.000050
[GPU cuda:1][TRAIN] Epoch: [8][1300/2480], Elapsed 6m 9s (remain 5m 34s), Accuracy: 60.000(75.019), Loss: 0.997(0.616), LR: 0.000050
[GPU cuda:1][TRAIN] Epoch: [8][1350/2480], Elapsed 6m 23s (remain 5m 20s), Accuracy: 100.000(75.322), Loss: 0.174(0.611), LR: 0.000050
[GPU cuda:1][TRAIN] Epoch: [8][1400/2480], Elapsed 6m 37s (remain 5m 6s), Accuracy: 80.000(75.289), Loss: 0.239(0.611), LR: 0.000050
[GPU cuda:1][TRAIN] Epoch: [8][1450/2480], Elapsed 6m 51s (remain 4m 52s), Accuracy: 80.000(75.369), Loss: 0.480(0.610), LR: 0.000050
[GPU cuda:1][TRAIN] Epoch: [8][1500/2480], Elapsed 7m 6s (remain 4m 37s), Accuracy: 100.000(75.470), Loss: 0.178(0.610), LR: 0.000050
[GPU cuda:1][TRAIN] Epoch: [8][1550/2480], Elapsed 7m 20s (remain 4m 23s), Accuracy: 80.000(75.500), Loss: 0.500(0.609), LR: 0.000050
[GPU cuda:1][TRAIN] Epoch: [8][1600/2480], Elapsed 7m 34s (remain 4m 9s), Accuracy: 100.000(75.415), Loss: 0.313(0.609), LR: 0.000050
[GPU cuda:1][TRAIN] Epoch: [8][1650/2480], Elapsed 7m 48s (remain 3m 55s), Accuracy: 100.000(75.518), Loss: 0.230(0.606), LR: 0.000050
[GPU cuda:1][TRAIN] Epoch: [8][1700/2480], Elapsed 8m 2s (remain 3m 41s), Accuracy: 100.000(75.567), Loss: 0.291(0.606), LR: 0.000050
[GPU cuda:1][TRAIN] Epoch: [8][1750/2480], Elapsed 8m 16s (remain 3m 26s), Accuracy: 100.000(75.671), Loss: 0.262(0.604), LR: 0.000050
[GPU cuda:1][TRAIN] Epoch: [8][1800/2480], Elapsed 8m 31s (remain 3m 12s), Accuracy: 80.000(75.647), Loss: 0.414(0.603), LR: 0.000050
[GPU cuda:1][TRAIN] Epoch: [8][1850/2480], Elapsed 8m 45s (remain 2m 58s), Accuracy: 80.000(75.451), Loss: 0.453(0.605), LR: 0.000050
[GPU cuda:1][TRAIN] Epoch: [8][1900/2480], Elapsed 8m 59s (remain 2m 44s), Accuracy: 80.000(75.571), Loss: 0.431(0.604), LR: 0.000050
[GPU cuda:1][TRAIN] Epoch: [8][1950/2480], Elapsed 9m 13s (remain 2m 30s), Accuracy: 80.000(75.428), Loss: 0.545(0.608), LR: 0.000050
[GPU cuda:1][TRAIN] Epoch: [8][2000/2480], Elapsed 9m 27s (remain 2m 15s), Accuracy: 80.000(75.472), Loss: 0.465(0.607), LR: 0.000050
[GPU cuda:1][TRAIN] Epoch: [8][2050/2480], Elapsed 9m 42s (remain 2m 1s), Accuracy: 60.000(75.329), Loss: 0.789(0.610), LR: 0.000050
[GPU cuda:1][TRAIN] Epoch: [8][2100/2480], Elapsed 9m 56s (remain 1m 47s), Accuracy: 80.000(75.526), Loss: 0.415(0.607), LR: 0.000050
[GPU cuda:1][TRAIN] Epoch: [8][2150/2480], Elapsed 10m 10s (remain 1m 33s), Accuracy: 80.000(75.676), Loss: 0.556(0.604), LR: 0.000050
[GPU cuda:1][TRAIN] Epoch: [8][2200/2480], Elapsed 10m 24s (remain 1m 19s), Accuracy: 40.000(75.747), Loss: 0.957(0.603), LR: 0.000049
[GPU cuda:1][TRAIN] Epoch: [8][2250/2480], Elapsed 10m 38s (remain 1m 4s), Accuracy: 60.000(75.620), Loss: 0.860(0.605), LR: 0.000049
[GPU cuda:1][TRAIN] Epoch: [8][2300/2480], Elapsed 10m 52s (remain 0m 50s), Accuracy: 80.000(75.585), Loss: 0.374(0.605), LR: 0.000049
[GPU cuda:1][TRAIN] Epoch: [8][2350/2480], Elapsed 11m 7s (remain 0m 36s), Accuracy: 80.000(75.517), Loss: 0.416(0.607), LR: 0.000049
[GPU cuda:1][TRAIN] Epoch: [8][2400/2480], Elapsed 11m 21s (remain 0m 22s), Accuracy: 60.000(75.552), Loss: 0.767(0.605), LR: 0.000049
[GPU cuda:1][TRAIN] Epoch: [8][2450/2480], Elapsed 11m 35s (remain 0m 8s), Accuracy: 60.000(75.626), Loss: 0.547(0.604), LR: 0.000049
[GPU cuda:1][TRAIN] Epoch: [8][2479/2480], Elapsed 11m 43s (remain 0m 0s), Accuracy: 40.000(75.605), Loss: 2.419(0.604), LR: 0.000049
[GPU cuda:1][VALID][0/97], Elapsed 0m 1s (remain 2m 13s), Accuracy: 71.875(71.875), Batch Loss: 0.8180, Average Loss: 0.8180
[GPU cuda:1][VALID][50/97], Elapsed 0m 48s (remain 0m 43s), Accuracy: 78.125(72.426), Batch Loss: 0.6273, Average Loss: 0.7896
[GPU cuda:1][VALID][96/97], Elapsed 1m 32s (remain 0m 0s), Accuracy: 82.143(72.400), Batch Loss: 0.4700, Average Loss: 0.7879
Valid Labels Samples: [2 0 1 4 1 0 3 1 4 3]
Valid Predictions Samples: [2, 0, 1, 3, 1, 0, 3, 1, 3, 4]
Epoch 8 - Train Average Loss: 75.605, Valid Average Loss: 72.400, Epoch Time: 797.887s
Epoch 8 - Accuracy: 0.724, Precision: 0.722, Recall: 0.724
[GPU cuda:1][TRAIN] Epoch: [9][0/2480], Elapsed 0m 0s (remain 25m 40s), Accuracy: 80.000(80.000), Loss: 0.898(0.898), LR: 0.000049
[GPU cuda:1][TRAIN] Epoch: [9][50/2480], Elapsed 0m 14s (remain 11m 53s), Accuracy: 60.000(80.392), Loss: 0.685(0.480), LR: 0.000049
[GPU cuda:1][TRAIN] Epoch: [9][100/2480], Elapsed 0m 29s (remain 11m 27s), Accuracy: 80.000(76.832), Loss: 0.633(0.532), LR: 0.000049
[GPU cuda:1][TRAIN] Epoch: [9][150/2480], Elapsed 0m 43s (remain 11m 9s), Accuracy: 80.000(75.099), Loss: 0.726(0.585), LR: 0.000049
[GPU cuda:1][TRAIN] Epoch: [9][200/2480], Elapsed 0m 57s (remain 10m 52s), Accuracy: 60.000(74.527), Loss: 0.769(0.604), LR: 0.000049
[GPU cuda:1][TRAIN] Epoch: [9][250/2480], Elapsed 1m 11s (remain 10m 36s), Accuracy: 100.000(75.139), Loss: 0.114(0.596), LR: 0.000049
[GPU cuda:1][TRAIN] Epoch: [9][300/2480], Elapsed 1m 25s (remain 10m 21s), Accuracy: 20.000(75.083), Loss: 1.294(0.592), LR: 0.000049
[GPU cuda:1][TRAIN] Epoch: [9][350/2480], Elapsed 1m 40s (remain 10m 6s), Accuracy: 100.000(74.644), Loss: 0.376(0.605), LR: 0.000049
[GPU cuda:1][TRAIN] Epoch: [9][400/2480], Elapsed 1m 54s (remain 9m 52s), Accuracy: 80.000(75.162), Loss: 0.617(0.601), LR: 0.000049
[GPU cuda:1][TRAIN] Epoch: [9][450/2480], Elapsed 2m 8s (remain 9m 37s), Accuracy: 100.000(75.299), Loss: 0.219(0.599), LR: 0.000049
[GPU cuda:1][TRAIN] Epoch: [9][500/2480], Elapsed 2m 22s (remain 9m 23s), Accuracy: 40.000(75.729), Loss: 1.342(0.592), LR: 0.000049
[GPU cuda:1][TRAIN] Epoch: [9][550/2480], Elapsed 2m 36s (remain 9m 8s), Accuracy: 80.000(75.608), Loss: 0.315(0.596), LR: 0.000049
[GPU cuda:1][TRAIN] Epoch: [9][600/2480], Elapsed 2m 50s (remain 8m 54s), Accuracy: 100.000(75.408), Loss: 0.020(0.601), LR: 0.000049
[GPU cuda:1][TRAIN] Epoch: [9][650/2480], Elapsed 3m 5s (remain 8m 40s), Accuracy: 100.000(75.453), Loss: 0.027(0.598), LR: 0.000049
[GPU cuda:1][TRAIN] Epoch: [9][700/2480], Elapsed 3m 19s (remain 8m 25s), Accuracy: 100.000(75.435), Loss: 0.310(0.598), LR: 0.000049
[GPU cuda:1][TRAIN] Epoch: [9][750/2480], Elapsed 3m 33s (remain 8m 11s), Accuracy: 100.000(75.499), Loss: 0.246(0.598), LR: 0.000049
[GPU cuda:1][TRAIN] Epoch: [9][800/2480], Elapsed 3m 47s (remain 7m 57s), Accuracy: 80.000(75.730), Loss: 0.273(0.592), LR: 0.000049
[GPU cuda:1][TRAIN] Epoch: [9][850/2480], Elapsed 4m 1s (remain 7m 42s), Accuracy: 60.000(76.028), Loss: 0.631(0.583), LR: 0.000049
[GPU cuda:1][TRAIN] Epoch: [9][900/2480], Elapsed 4m 15s (remain 7m 28s), Accuracy: 80.000(76.138), Loss: 0.809(0.585), LR: 0.000049
[GPU cuda:1][TRAIN] Epoch: [9][950/2480], Elapsed 4m 30s (remain 7m 14s), Accuracy: 60.000(76.215), Loss: 1.136(0.580), LR: 0.000049
[GPU cuda:1][TRAIN] Epoch: [9][1000/2480], Elapsed 4m 44s (remain 7m 0s), Accuracy: 80.000(76.184), Loss: 0.895(0.581), LR: 0.000049
[GPU cuda:1][TRAIN] Epoch: [9][1050/2480], Elapsed 4m 58s (remain 6m 45s), Accuracy: 60.000(76.175), Loss: 1.054(0.583), LR: 0.000049
[GPU cuda:1][TRAIN] Epoch: [9][1100/2480], Elapsed 5m 12s (remain 6m 31s), Accuracy: 80.000(76.458), Loss: 0.192(0.575), LR: 0.000049
[GPU cuda:1][TRAIN] Epoch: [9][1150/2480], Elapsed 5m 26s (remain 6m 17s), Accuracy: 80.000(76.455), Loss: 0.579(0.575), LR: 0.000049
[GPU cuda:1][TRAIN] Epoch: [9][1200/2480], Elapsed 5m 40s (remain 6m 3s), Accuracy: 80.000(76.603), Loss: 0.622(0.572), LR: 0.000049
[GPU cuda:1][TRAIN] Epoch: [9][1250/2480], Elapsed 5m 55s (remain 5m 48s), Accuracy: 60.000(76.611), Loss: 0.830(0.574), LR: 0.000049
[GPU cuda:1][TRAIN] Epoch: [9][1300/2480], Elapsed 6m 9s (remain 5m 34s), Accuracy: 60.000(76.879), Loss: 0.468(0.569), LR: 0.000049
[GPU cuda:1][TRAIN] Epoch: [9][1350/2480], Elapsed 6m 23s (remain 5m 20s), Accuracy: 100.000(77.098), Loss: 0.111(0.566), LR: 0.000049
[GPU cuda:1][TRAIN] Epoch: [9][1400/2480], Elapsed 6m 37s (remain 5m 6s), Accuracy: 100.000(76.945), Loss: 0.154(0.569), LR: 0.000049
[GPU cuda:1][TRAIN] Epoch: [9][1450/2480], Elapsed 6m 51s (remain 4m 51s), Accuracy: 100.000(77.161), Loss: 0.283(0.566), LR: 0.000049
[GPU cuda:1][TRAIN] Epoch: [9][1500/2480], Elapsed 7m 5s (remain 4m 37s), Accuracy: 80.000(77.109), Loss: 0.285(0.566), LR: 0.000049
[GPU cuda:1][TRAIN] Epoch: [9][1550/2480], Elapsed 7m 20s (remain 4m 23s), Accuracy: 100.000(77.189), Loss: 0.095(0.564), LR: 0.000049
[GPU cuda:1][TRAIN] Epoch: [9][1600/2480], Elapsed 7m 34s (remain 4m 9s), Accuracy: 100.000(77.264), Loss: 0.246(0.563), LR: 0.000049
[GPU cuda:1][TRAIN] Epoch: [9][1650/2480], Elapsed 7m 48s (remain 3m 55s), Accuracy: 80.000(77.408), Loss: 0.226(0.561), LR: 0.000049
[GPU cuda:1][TRAIN] Epoch: [9][1700/2480], Elapsed 8m 2s (remain 3m 40s), Accuracy: 100.000(77.402), Loss: 0.240(0.562), LR: 0.000049
[GPU cuda:1][TRAIN] Epoch: [9][1750/2480], Elapsed 8m 16s (remain 3m 26s), Accuracy: 80.000(77.453), Loss: 0.474(0.560), LR: 0.000049
[GPU cuda:1][TRAIN] Epoch: [9][1800/2480], Elapsed 8m 30s (remain 3m 12s), Accuracy: 80.000(77.546), Loss: 0.488(0.558), LR: 0.000049
[GPU cuda:1][TRAIN] Epoch: [9][1850/2480], Elapsed 8m 45s (remain 2m 58s), Accuracy: 80.000(77.536), Loss: 0.725(0.558), LR: 0.000049
[GPU cuda:1][TRAIN] Epoch: [9][1900/2480], Elapsed 8m 59s (remain 2m 44s), Accuracy: 60.000(77.580), Loss: 0.601(0.558), LR: 0.000049
[GPU cuda:1][TRAIN] Epoch: [9][1950/2480], Elapsed 9m 13s (remain 2m 30s), Accuracy: 100.000(77.560), Loss: 0.275(0.558), LR: 0.000049
[GPU cuda:1][TRAIN] Epoch: [9][2000/2480], Elapsed 9m 27s (remain 2m 15s), Accuracy: 80.000(77.621), Loss: 0.424(0.558), LR: 0.000049
[GPU cuda:1][TRAIN] Epoch: [9][2050/2480], Elapsed 9m 41s (remain 2m 1s), Accuracy: 60.000(77.591), Loss: 0.944(0.557), LR: 0.000049
[GPU cuda:1][TRAIN] Epoch: [9][2100/2480], Elapsed 9m 55s (remain 1m 47s), Accuracy: 80.000(77.811), Loss: 0.412(0.554), LR: 0.000049
[GPU cuda:1][TRAIN] Epoch: [9][2150/2480], Elapsed 10m 10s (remain 1m 33s), Accuracy: 40.000(77.824), Loss: 1.111(0.553), LR: 0.000049
[GPU cuda:1][TRAIN] Epoch: [9][2200/2480], Elapsed 10m 24s (remain 1m 19s), Accuracy: 60.000(77.837), Loss: 0.775(0.552), LR: 0.000049
[GPU cuda:1][TRAIN] Epoch: [9][2250/2480], Elapsed 10m 38s (remain 1m 4s), Accuracy: 60.000(77.788), Loss: 0.803(0.553), LR: 0.000049
[GPU cuda:1][TRAIN] Epoch: [9][2300/2480], Elapsed 10m 52s (remain 0m 50s), Accuracy: 80.000(77.792), Loss: 0.452(0.554), LR: 0.000049
[GPU cuda:1][TRAIN] Epoch: [9][2350/2480], Elapsed 11m 6s (remain 0m 36s), Accuracy: 100.000(77.848), Loss: 0.208(0.553), LR: 0.000049
[GPU cuda:1][TRAIN] Epoch: [9][2400/2480], Elapsed 11m 21s (remain 0m 22s), Accuracy: 40.000(77.901), Loss: 1.032(0.553), LR: 0.000049
[GPU cuda:1][TRAIN] Epoch: [9][2450/2480], Elapsed 11m 35s (remain 0m 8s), Accuracy: 80.000(77.976), Loss: 0.419(0.551), LR: 0.000049
[GPU cuda:1][TRAIN] Epoch: [9][2479/2480], Elapsed 11m 43s (remain 0m 0s), Accuracy: 40.000(77.976), Loss: 1.724(0.552), LR: 0.000049
[GPU cuda:1][VALID][0/97], Elapsed 0m 1s (remain 2m 17s), Accuracy: 75.000(75.000), Batch Loss: 0.8299, Average Loss: 0.8299
[GPU cuda:1][VALID][50/97], Elapsed 0m 48s (remain 0m 44s), Accuracy: 78.125(71.262), Batch Loss: 0.5716, Average Loss: 0.7685
[GPU cuda:1][VALID][96/97], Elapsed 1m 32s (remain 0m 0s), Accuracy: 78.571(70.623), Batch Loss: 0.6950, Average Loss: 0.7985
Valid Labels Samples: [2 0 1 4 1 0 3 1 4 3]
Valid Predictions Samples: [2, 0, 1, 3, 1, 1, 3, 1, 3, 0]
Epoch 9 - Train Average Loss: 77.976, Valid Average Loss: 70.623, Epoch Time: 798.718s
Epoch 9 - Accuracy: 0.706, Precision: 0.704, Recall: 0.706
[GPU cuda:1][TRAIN] Epoch: [10][0/2480], Elapsed 0m 0s (remain 25m 40s), Accuracy: 80.000(80.000), Loss: 0.308(0.308), LR: 0.000049
[GPU cuda:1][TRAIN] Epoch: [10][50/2480], Elapsed 0m 15s (remain 11m 57s), Accuracy: 60.000(80.784), Loss: 0.836(0.436), LR: 0.000049
[GPU cuda:1][TRAIN] Epoch: [10][100/2480], Elapsed 0m 29s (remain 11m 30s), Accuracy: 80.000(79.802), Loss: 0.407(0.499), LR: 0.000049
[GPU cuda:1][TRAIN] Epoch: [10][150/2480], Elapsed 0m 43s (remain 11m 12s), Accuracy: 80.000(78.411), Loss: 0.626(0.537), LR: 0.000049
[GPU cuda:1][TRAIN] Epoch: [10][200/2480], Elapsed 0m 57s (remain 10m 55s), Accuracy: 100.000(78.010), Loss: 0.357(0.560), LR: 0.000048
[GPU cuda:1][TRAIN] Epoch: [10][250/2480], Elapsed 1m 12s (remain 10m 40s), Accuracy: 100.000(78.327), Loss: 0.069(0.554), LR: 0.000048
[GPU cuda:1][TRAIN] Epoch: [10][300/2480], Elapsed 1m 26s (remain 10m 24s), Accuracy: 80.000(77.940), Loss: 0.865(0.560), LR: 0.000048
[GPU cuda:1][TRAIN] Epoch: [10][350/2480], Elapsed 1m 40s (remain 10m 9s), Accuracy: 100.000(77.208), Loss: 0.150(0.574), LR: 0.000048
[GPU cuda:1][TRAIN] Epoch: [10][400/2480], Elapsed 1m 54s (remain 9m 54s), Accuracy: 100.000(77.257), Loss: 0.427(0.579), LR: 0.000048
[GPU cuda:1][TRAIN] Epoch: [10][450/2480], Elapsed 2m 8s (remain 9m 39s), Accuracy: 100.000(77.561), Loss: 0.186(0.573), LR: 0.000048
[GPU cuda:1][TRAIN] Epoch: [10][500/2480], Elapsed 2m 23s (remain 9m 25s), Accuracy: 40.000(77.764), Loss: 1.244(0.570), LR: 0.000048
[GPU cuda:1][TRAIN] Epoch: [10][550/2480], Elapsed 2m 37s (remain 9m 10s), Accuracy: 100.000(77.750), Loss: 0.037(0.570), LR: 0.000048
[GPU cuda:1][TRAIN] Epoch: [10][600/2480], Elapsed 2m 51s (remain 8m 56s), Accuracy: 100.000(77.737), Loss: 0.052(0.573), LR: 0.000048
[GPU cuda:1][TRAIN] Epoch: [10][650/2480], Elapsed 3m 5s (remain 8m 41s), Accuracy: 100.000(78.034), Loss: 0.043(0.568), LR: 0.000048
[GPU cuda:1][TRAIN] Epoch: [10][700/2480], Elapsed 3m 19s (remain 8m 27s), Accuracy: 100.000(78.203), Loss: 0.180(0.563), LR: 0.000048
[GPU cuda:1][TRAIN] Epoch: [10][750/2480], Elapsed 3m 34s (remain 8m 13s), Accuracy: 100.000(78.109), Loss: 0.169(0.562), LR: 0.000048
[GPU cuda:1][TRAIN] Epoch: [10][800/2480], Elapsed 3m 48s (remain 7m 58s), Accuracy: 100.000(78.327), Loss: 0.155(0.555), LR: 0.000048
[GPU cuda:1][TRAIN] Epoch: [10][850/2480], Elapsed 4m 2s (remain 7m 44s), Accuracy: 80.000(78.566), Loss: 0.594(0.548), LR: 0.000048
[GPU cuda:1][TRAIN] Epoch: [10][900/2480], Elapsed 4m 16s (remain 7m 30s), Accuracy: 60.000(78.535), Loss: 0.760(0.550), LR: 0.000048
[GPU cuda:1][TRAIN] Epoch: [10][950/2480], Elapsed 4m 31s (remain 7m 15s), Accuracy: 60.000(78.633), Loss: 0.811(0.547), LR: 0.000048
[GPU cuda:1][TRAIN] Epoch: [10][1000/2480], Elapsed 4m 45s (remain 7m 1s), Accuracy: 40.000(78.442), Loss: 1.052(0.548), LR: 0.000048
[GPU cuda:1][TRAIN] Epoch: [10][1050/2480], Elapsed 4m 59s (remain 6m 47s), Accuracy: 40.000(78.497), Loss: 1.087(0.546), LR: 0.000048
[GPU cuda:1][TRAIN] Epoch: [10][1100/2480], Elapsed 5m 13s (remain 6m 33s), Accuracy: 80.000(78.365), Loss: 0.336(0.546), LR: 0.000048
[GPU cuda:1][TRAIN] Epoch: [10][1150/2480], Elapsed 5m 28s (remain 6m 18s), Accuracy: 80.000(78.280), Loss: 0.489(0.546), LR: 0.000048
[GPU cuda:1][TRAIN] Epoch: [10][1200/2480], Elapsed 5m 42s (remain 6m 4s), Accuracy: 100.000(78.451), Loss: 0.260(0.543), LR: 0.000048
[GPU cuda:1][TRAIN] Epoch: [10][1250/2480], Elapsed 5m 56s (remain 5m 50s), Accuracy: 60.000(78.513), Loss: 0.919(0.540), LR: 0.000048
[GPU cuda:1][TRAIN] Epoch: [10][1300/2480], Elapsed 6m 11s (remain 5m 36s), Accuracy: 80.000(78.709), Loss: 0.452(0.537), LR: 0.000048
[GPU cuda:1][TRAIN] Epoch: [10][1350/2480], Elapsed 6m 25s (remain 5m 21s), Accuracy: 100.000(78.786), Loss: 0.054(0.535), LR: 0.000048
[GPU cuda:1][TRAIN] Epoch: [10][1400/2480], Elapsed 6m 39s (remain 5m 7s), Accuracy: 100.000(78.787), Loss: 0.091(0.536), LR: 0.000048
[GPU cuda:1][TRAIN] Epoch: [10][1450/2480], Elapsed 6m 53s (remain 4m 53s), Accuracy: 80.000(79.008), Loss: 0.487(0.531), LR: 0.000048
[GPU cuda:1][TRAIN] Epoch: [10][1500/2480], Elapsed 7m 8s (remain 4m 39s), Accuracy: 80.000(79.081), Loss: 0.285(0.530), LR: 0.000048
[GPU cuda:1][TRAIN] Epoch: [10][1550/2480], Elapsed 7m 22s (remain 4m 24s), Accuracy: 100.000(79.162), Loss: 0.105(0.528), LR: 0.000048
[GPU cuda:1][TRAIN] Epoch: [10][1600/2480], Elapsed 7m 36s (remain 4m 10s), Accuracy: 100.000(79.238), Loss: 0.141(0.526), LR: 0.000048
[GPU cuda:1][TRAIN] Epoch: [10][1650/2480], Elapsed 7m 50s (remain 3m 56s), Accuracy: 80.000(79.334), Loss: 0.220(0.524), LR: 0.000048
[GPU cuda:1][TRAIN] Epoch: [10][1700/2480], Elapsed 8m 5s (remain 3m 42s), Accuracy: 100.000(79.400), Loss: 0.264(0.523), LR: 0.000048
[GPU cuda:1][TRAIN] Epoch: [10][1750/2480], Elapsed 8m 19s (remain 3m 27s), Accuracy: 80.000(79.566), Loss: 0.341(0.521), LR: 0.000048
[GPU cuda:1][TRAIN] Epoch: [10][1800/2480], Elapsed 8m 33s (remain 3m 13s), Accuracy: 80.000(79.611), Loss: 0.676(0.520), LR: 0.000048
[GPU cuda:1][TRAIN] Epoch: [10][1850/2480], Elapsed 8m 47s (remain 2m 59s), Accuracy: 80.000(79.438), Loss: 0.609(0.521), LR: 0.000048
[GPU cuda:1][TRAIN] Epoch: [10][1900/2480], Elapsed 9m 2s (remain 2m 45s), Accuracy: 100.000(79.495), Loss: 0.261(0.519), LR: 0.000048
[GPU cuda:1][TRAIN] Epoch: [10][1950/2480], Elapsed 9m 16s (remain 2m 30s), Accuracy: 80.000(79.436), Loss: 0.317(0.519), LR: 0.000048
[GPU cuda:1][TRAIN] Epoch: [10][2000/2480], Elapsed 9m 30s (remain 2m 16s), Accuracy: 100.000(79.530), Loss: 0.309(0.518), LR: 0.000048
[GPU cuda:1][TRAIN] Epoch: [10][2050/2480], Elapsed 9m 44s (remain 2m 2s), Accuracy: 60.000(79.512), Loss: 0.805(0.518), LR: 0.000048
[GPU cuda:1][TRAIN] Epoch: [10][2100/2480], Elapsed 9m 59s (remain 1m 48s), Accuracy: 80.000(79.600), Loss: 1.142(0.515), LR: 0.000048
[GPU cuda:1][TRAIN] Epoch: [10][2150/2480], Elapsed 10m 13s (remain 1m 33s), Accuracy: 80.000(79.721), Loss: 1.016(0.512), LR: 0.000048
[GPU cuda:1][TRAIN] Epoch: [10][2200/2480], Elapsed 10m 27s (remain 1m 19s), Accuracy: 60.000(79.791), Loss: 0.873(0.511), LR: 0.000048
[GPU cuda:1][TRAIN] Epoch: [10][2250/2480], Elapsed 10m 41s (remain 1m 5s), Accuracy: 80.000(79.725), Loss: 0.623(0.512), LR: 0.000047
[GPU cuda:1][TRAIN] Epoch: [10][2300/2480], Elapsed 10m 55s (remain 0m 51s), Accuracy: 80.000(79.731), Loss: 0.299(0.511), LR: 0.000047
[GPU cuda:1][TRAIN] Epoch: [10][2350/2480], Elapsed 11m 10s (remain 0m 36s), Accuracy: 100.000(79.796), Loss: 0.172(0.510), LR: 0.000047
[GPU cuda:1][TRAIN] Epoch: [10][2400/2480], Elapsed 11m 24s (remain 0m 22s), Accuracy: 80.000(79.892), Loss: 0.506(0.508), LR: 0.000047
[GPU cuda:1][TRAIN] Epoch: [10][2450/2480], Elapsed 11m 38s (remain 0m 8s), Accuracy: 100.000(79.984), Loss: 0.198(0.506), LR: 0.000047
[GPU cuda:1][TRAIN] Epoch: [10][2479/2480], Elapsed 11m 46s (remain 0m 0s), Accuracy: 60.000(80.040), Loss: 1.087(0.505), LR: 0.000047
[GPU cuda:1][VALID][0/97], Elapsed 0m 1s (remain 2m 13s), Accuracy: 78.125(78.125), Batch Loss: 0.7890, Average Loss: 0.7890
[GPU cuda:1][VALID][50/97], Elapsed 0m 48s (remain 0m 44s), Accuracy: 78.125(72.304), Batch Loss: 0.4424, Average Loss: 0.7811
[GPU cuda:1][VALID][96/97], Elapsed 1m 32s (remain 0m 0s), Accuracy: 64.286(71.346), Batch Loss: 0.7302, Average Loss: 0.8005
Valid Labels Samples: [2 0 1 4 1 0 3 1 4 3]
Valid Predictions Samples: [2, 0, 1, 3, 1, 0, 3, 1, 3, 0]
Epoch 10 - Train Average Loss: 80.040, Valid Average Loss: 71.346, Epoch Time: 801.839s
Epoch 10 - Accuracy: 0.714, Precision: 0.714, Recall: 0.714
[GPU cuda:1][TRAIN] Epoch: [11][0/2480], Elapsed 0m 0s (remain 26m 8s), Accuracy: 100.000(100.000), Loss: 0.172(0.172), LR: 0.000047
[GPU cuda:1][TRAIN] Epoch: [11][50/2480], Elapsed 0m 15s (remain 11m 57s), Accuracy: 80.000(85.490), Loss: 0.597(0.354), LR: 0.000047
[GPU cuda:1][TRAIN] Epoch: [11][100/2480], Elapsed 0m 29s (remain 11m 30s), Accuracy: 60.000(81.386), Loss: 0.866(0.472), LR: 0.000047
[GPU cuda:1][TRAIN] Epoch: [11][150/2480], Elapsed 0m 43s (remain 11m 12s), Accuracy: 80.000(80.265), Loss: 0.614(0.500), LR: 0.000047
[GPU cuda:1][TRAIN] Epoch: [11][200/2480], Elapsed 0m 57s (remain 10m 55s), Accuracy: 80.000(79.104), Loss: 0.450(0.523), LR: 0.000047
[GPU cuda:1][TRAIN] Epoch: [11][250/2480], Elapsed 1m 12s (remain 10m 39s), Accuracy: 80.000(79.841), Loss: 0.174(0.510), LR: 0.000047
[GPU cuda:1][TRAIN] Epoch: [11][300/2480], Elapsed 1m 26s (remain 10m 24s), Accuracy: 60.000(79.535), Loss: 0.990(0.513), LR: 0.000047
[GPU cuda:1][TRAIN] Epoch: [11][350/2480], Elapsed 1m 40s (remain 10m 9s), Accuracy: 100.000(79.487), Loss: 0.065(0.514), LR: 0.000047
[GPU cuda:1][TRAIN] Epoch: [11][400/2480], Elapsed 1m 54s (remain 9m 54s), Accuracy: 60.000(79.651), Loss: 0.511(0.515), LR: 0.000047
[GPU cuda:1][TRAIN] Epoch: [11][450/2480], Elapsed 2m 8s (remain 9m 39s), Accuracy: 80.000(79.734), Loss: 0.223(0.514), LR: 0.000047
[GPU cuda:1][TRAIN] Epoch: [11][500/2480], Elapsed 2m 23s (remain 9m 25s), Accuracy: 40.000(80.200), Loss: 1.623(0.504), LR: 0.000047
[GPU cuda:1][TRAIN] Epoch: [11][550/2480], Elapsed 2m 37s (remain 9m 10s), Accuracy: 100.000(79.964), Loss: 0.044(0.511), LR: 0.000047
[GPU cuda:1][TRAIN] Epoch: [11][600/2480], Elapsed 2m 51s (remain 8m 56s), Accuracy: 80.000(79.667), Loss: 0.958(0.520), LR: 0.000047
[GPU cuda:1][TRAIN] Epoch: [11][650/2480], Elapsed 3m 5s (remain 8m 42s), Accuracy: 100.000(79.969), Loss: 0.050(0.513), LR: 0.000047
[GPU cuda:1][TRAIN] Epoch: [11][700/2480], Elapsed 3m 20s (remain 8m 27s), Accuracy: 80.000(79.943), Loss: 0.295(0.512), LR: 0.000047
[GPU cuda:1][TRAIN] Epoch: [11][750/2480], Elapsed 3m 34s (remain 8m 13s), Accuracy: 80.000(79.973), Loss: 0.706(0.510), LR: 0.000047
[GPU cuda:1][TRAIN] Epoch: [11][800/2480], Elapsed 3m 48s (remain 7m 58s), Accuracy: 80.000(80.100), Loss: 0.231(0.503), LR: 0.000047
[GPU cuda:1][TRAIN] Epoch: [11][850/2480], Elapsed 4m 2s (remain 7m 44s), Accuracy: 60.000(80.306), Loss: 0.622(0.499), LR: 0.000047
[GPU cuda:1][TRAIN] Epoch: [11][900/2480], Elapsed 4m 16s (remain 7m 30s), Accuracy: 60.000(80.222), Loss: 0.653(0.499), LR: 0.000047
[GPU cuda:1][TRAIN] Epoch: [11][950/2480], Elapsed 4m 31s (remain 7m 15s), Accuracy: 60.000(80.358), Loss: 0.678(0.497), LR: 0.000047
[GPU cuda:1][TRAIN] Epoch: [11][1000/2480], Elapsed 4m 45s (remain 7m 1s), Accuracy: 80.000(80.280), Loss: 0.724(0.497), LR: 0.000047
[GPU cuda:1][TRAIN] Epoch: [11][1050/2480], Elapsed 4m 59s (remain 6m 47s), Accuracy: 60.000(80.400), Loss: 0.508(0.494), LR: 0.000047
[GPU cuda:1][TRAIN] Epoch: [11][1100/2480], Elapsed 5m 13s (remain 6m 32s), Accuracy: 80.000(80.690), Loss: 0.372(0.487), LR: 0.000047
[GPU cuda:1][TRAIN] Epoch: [11][1150/2480], Elapsed 5m 27s (remain 6m 18s), Accuracy: 80.000(80.573), Loss: 0.316(0.488), LR: 0.000047
[GPU cuda:1][TRAIN] Epoch: [11][1200/2480], Elapsed 5m 42s (remain 6m 4s), Accuracy: 100.000(80.716), Loss: 0.159(0.484), LR: 0.000047
[GPU cuda:1][TRAIN] Epoch: [11][1250/2480], Elapsed 5m 56s (remain 5m 49s), Accuracy: 60.000(80.624), Loss: 0.689(0.484), LR: 0.000047
[GPU cuda:1][TRAIN] Epoch: [11][1300/2480], Elapsed 6m 10s (remain 5m 35s), Accuracy: 80.000(80.707), Loss: 0.330(0.482), LR: 0.000047
[GPU cuda:1][TRAIN] Epoch: [11][1350/2480], Elapsed 6m 24s (remain 5m 21s), Accuracy: 80.000(80.977), Loss: 0.306(0.476), LR: 0.000047
[GPU cuda:1][TRAIN] Epoch: [11][1400/2480], Elapsed 6m 38s (remain 5m 7s), Accuracy: 80.000(80.799), Loss: 0.386(0.481), LR: 0.000047
[GPU cuda:1][TRAIN] Epoch: [11][1450/2480], Elapsed 6m 53s (remain 4m 52s), Accuracy: 100.000(80.882), Loss: 0.317(0.478), LR: 0.000047
[GPU cuda:1][TRAIN] Epoch: [11][1500/2480], Elapsed 7m 7s (remain 4m 38s), Accuracy: 100.000(81.013), Loss: 0.015(0.477), LR: 0.000046
[GPU cuda:1][TRAIN] Epoch: [11][1550/2480], Elapsed 7m 21s (remain 4m 24s), Accuracy: 100.000(81.122), Loss: 0.248(0.476), LR: 0.000046
[GPU cuda:1][TRAIN] Epoch: [11][1600/2480], Elapsed 7m 35s (remain 4m 10s), Accuracy: 100.000(81.137), Loss: 0.127(0.475), LR: 0.000046
[GPU cuda:1][TRAIN] Epoch: [11][1650/2480], Elapsed 7m 49s (remain 3m 55s), Accuracy: 80.000(81.272), Loss: 0.291(0.471), LR: 0.000046
[GPU cuda:1][TRAIN] Epoch: [11][1700/2480], Elapsed 8m 3s (remain 3m 41s), Accuracy: 100.000(81.352), Loss: 0.121(0.470), LR: 0.000046
[GPU cuda:1][TRAIN] Epoch: [11][1750/2480], Elapsed 8m 18s (remain 3m 27s), Accuracy: 80.000(81.519), Loss: 0.204(0.466), LR: 0.000046
[GPU cuda:1][TRAIN] Epoch: [11][1800/2480], Elapsed 8m 32s (remain 3m 13s), Accuracy: 100.000(81.610), Loss: 0.066(0.465), LR: 0.000046
[GPU cuda:1][TRAIN] Epoch: [11][1850/2480], Elapsed 8m 46s (remain 2m 58s), Accuracy: 80.000(81.578), Loss: 0.484(0.466), LR: 0.000046
[GPU cuda:1][TRAIN] Epoch: [11][1900/2480], Elapsed 9m 0s (remain 2m 44s), Accuracy: 60.000(81.694), Loss: 0.846(0.463), LR: 0.000046
[GPU cuda:1][TRAIN] Epoch: [11][1950/2480], Elapsed 9m 14s (remain 2m 30s), Accuracy: 80.000(81.702), Loss: 0.627(0.463), LR: 0.000046
[GPU cuda:1][TRAIN] Epoch: [11][2000/2480], Elapsed 9m 28s (remain 2m 16s), Accuracy: 60.000(81.759), Loss: 0.806(0.461), LR: 0.000046
[GPU cuda:1][TRAIN] Epoch: [11][2050/2480], Elapsed 9m 43s (remain 2m 1s), Accuracy: 40.000(81.716), Loss: 1.182(0.462), LR: 0.000046
[GPU cuda:1][TRAIN] Epoch: [11][2100/2480], Elapsed 9m 57s (remain 1m 47s), Accuracy: 80.000(81.885), Loss: 0.427(0.458), LR: 0.000046
[GPU cuda:1][TRAIN] Epoch: [11][2150/2480], Elapsed 10m 11s (remain 1m 33s), Accuracy: 80.000(82.008), Loss: 0.369(0.456), LR: 0.000046
[GPU cuda:1][TRAIN] Epoch: [11][2200/2480], Elapsed 10m 25s (remain 1m 19s), Accuracy: 60.000(82.090), Loss: 0.905(0.454), LR: 0.000046
[GPU cuda:1][TRAIN] Epoch: [11][2250/2480], Elapsed 10m 39s (remain 1m 5s), Accuracy: 80.000(81.972), Loss: 0.559(0.456), LR: 0.000046
[GPU cuda:1][TRAIN] Epoch: [11][2300/2480], Elapsed 10m 54s (remain 0m 50s), Accuracy: 100.000(81.947), Loss: 0.197(0.456), LR: 0.000046
[GPU cuda:1][TRAIN] Epoch: [11][2350/2480], Elapsed 11m 8s (remain 0m 36s), Accuracy: 100.000(81.889), Loss: 0.230(0.456), LR: 0.000046
[GPU cuda:1][TRAIN] Epoch: [11][2400/2480], Elapsed 11m 22s (remain 0m 22s), Accuracy: 80.000(81.924), Loss: 0.924(0.457), LR: 0.000046
[GPU cuda:1][TRAIN] Epoch: [11][2450/2480], Elapsed 11m 36s (remain 0m 8s), Accuracy: 60.000(81.958), Loss: 0.640(0.455), LR: 0.000046
[GPU cuda:1][TRAIN] Epoch: [11][2479/2480], Elapsed 11m 44s (remain 0m 0s), Accuracy: 100.000(81.935), Loss: 0.301(0.455), LR: 0.000046
[GPU cuda:1][VALID][0/97], Elapsed 0m 1s (remain 2m 11s), Accuracy: 78.125(78.125), Batch Loss: 0.7154, Average Loss: 0.7154
[GPU cuda:1][VALID][50/97], Elapsed 0m 48s (remain 0m 43s), Accuracy: 81.250(71.569), Batch Loss: 0.4780, Average Loss: 0.8286
[GPU cuda:1][VALID][96/97], Elapsed 1m 32s (remain 0m 0s), Accuracy: 78.571(71.912), Batch Loss: 0.4077, Average Loss: 0.8308
Valid Labels Samples: [2 0 1 4 1 0 3 1 4 3]
Valid Predictions Samples: [2, 0, 1, 4, 1, 0, 3, 1, 3, 0]
Epoch 11 - Train Average Loss: 81.935, Valid Average Loss: 71.912, Epoch Time: 799.311s
Epoch 11 - Accuracy: 0.719, Precision: 0.718, Recall: 0.719
