[GPU 0]: Config File
{'id': 38, 'model_name': 'swin_large_patch4_window12_384_in22k', 'dropout': 0.5, 'size': 384, 'batch_size_t': 4, 'batch_size_v': 8, 'n_targets': 5, 'criterion': 'CrossEntropyLoss', 'gradient_accumulation_steps': 1, 'max_gradient_norm': None, 'optimizer': 'RangerLars', 'scheduler': 'OneCycleLR', 'LR': 5e-05, 'T_0': 200, 'T_max': 10, 'T_mult': 2, 'min_lr': 1e-06, 'max_lr': 0.00025, 'no_batches': 3100, 'warmup_epochs': 1, 'cosine_epochs': 14, 'epochs': 15, 'update_per_batch': True, 'num_workers': 4, 'n_folds': 5, 'train_transforms': [HorizontalFlip(always_apply=False, p=0.5), VerticalFlip(always_apply=False, p=0.5), RandomRotate90(always_apply=False, p=0.5)], 'valid_transforms': [], 'observations': None, 'use_swa': True, 'swa_lr': 0.01, 'swa_epoch': 0, 'use_sam': True, 'use_asam': True, 'asam_rho': 0.1, 'print_freq': 50, 'one_fold': True, 'use_apex': True, 'distributed_training': False, 'save_to_log': True}
================================================== Training Fold: 0 ==================================================
[GPU cuda:0][TRAIN] Epoch: [1][0/3100], Elapsed 0m 0s (remain 26m 19s), Accuracy: 0.000(0.000), Loss: 1.683(1.683), LR: 0.000010
[GPU cuda:0][TRAIN] Epoch: [1][50/3100], Elapsed 0m 16s (remain 16m 25s), Accuracy: 50.000(15.196), Loss: 1.603(1.657), LR: 0.000010
[GPU cuda:0][TRAIN] Epoch: [1][100/3100], Elapsed 0m 32s (remain 16m 0s), Accuracy: 25.000(16.584), Loss: 1.498(1.650), LR: 0.000010
[GPU cuda:0][TRAIN] Epoch: [1][150/3100], Elapsed 0m 48s (remain 15m 45s), Accuracy: 25.000(16.556), Loss: 1.451(1.649), LR: 0.000010
[GPU cuda:0][TRAIN] Epoch: [1][200/3100], Elapsed 1m 4s (remain 15m 31s), Accuracy: 0.000(16.791), Loss: 1.629(1.653), LR: 0.000010
[GPU cuda:0][TRAIN] Epoch: [1][250/3100], Elapsed 1m 20s (remain 15m 15s), Accuracy: 25.000(17.231), Loss: 1.689(1.651), LR: 0.000010
[GPU cuda:0][TRAIN] Epoch: [1][300/3100], Elapsed 1m 36s (remain 14m 58s), Accuracy: 25.000(17.774), Loss: 1.553(1.647), LR: 0.000010
[GPU cuda:0][TRAIN] Epoch: [1][350/3100], Elapsed 1m 52s (remain 14m 42s), Accuracy: 50.000(18.447), Loss: 1.560(1.643), LR: 0.000010
[GPU cuda:0][TRAIN] Epoch: [1][400/3100], Elapsed 2m 8s (remain 14m 26s), Accuracy: 0.000(18.703), Loss: 1.800(1.641), LR: 0.000010
[GPU cuda:0][TRAIN] Epoch: [1][450/3100], Elapsed 2m 24s (remain 14m 10s), Accuracy: 50.000(19.789), Loss: 1.475(1.635), LR: 0.000011
[GPU cuda:0][TRAIN] Epoch: [1][500/3100], Elapsed 2m 40s (remain 13m 53s), Accuracy: 25.000(19.711), Loss: 1.687(1.634), LR: 0.000011
[GPU cuda:0][TRAIN] Epoch: [1][550/3100], Elapsed 2m 56s (remain 13m 37s), Accuracy: 0.000(19.328), Loss: 1.735(1.634), LR: 0.000011
[GPU cuda:0][TRAIN] Epoch: [1][600/3100], Elapsed 3m 12s (remain 13m 21s), Accuracy: 0.000(19.384), Loss: 1.694(1.633), LR: 0.000011
[GPU cuda:0][TRAIN] Epoch: [1][650/3100], Elapsed 3m 28s (remain 13m 6s), Accuracy: 25.000(19.816), Loss: 1.694(1.630), LR: 0.000011
[GPU cuda:0][TRAIN] Epoch: [1][700/3100], Elapsed 3m 45s (remain 12m 50s), Accuracy: 75.000(20.043), Loss: 1.422(1.629), LR: 0.000011
[GPU cuda:0][TRAIN] Epoch: [1][750/3100], Elapsed 4m 1s (remain 12m 34s), Accuracy: 25.000(20.539), Loss: 1.549(1.626), LR: 0.000012
[GPU cuda:0][TRAIN] Epoch: [1][800/3100], Elapsed 4m 17s (remain 12m 18s), Accuracy: 25.000(20.849), Loss: 1.558(1.624), LR: 0.000012
[GPU cuda:0][TRAIN] Epoch: [1][850/3100], Elapsed 4m 33s (remain 12m 2s), Accuracy: 50.000(21.122), Loss: 1.536(1.622), LR: 0.000012
[GPU cuda:0][TRAIN] Epoch: [1][900/3100], Elapsed 4m 49s (remain 11m 46s), Accuracy: 50.000(21.226), Loss: 1.533(1.621), LR: 0.000012
[GPU cuda:0][TRAIN] Epoch: [1][950/3100], Elapsed 5m 5s (remain 11m 30s), Accuracy: 25.000(21.504), Loss: 1.523(1.620), LR: 0.000013
[GPU cuda:0][TRAIN] Epoch: [1][1000/3100], Elapsed 5m 21s (remain 11m 14s), Accuracy: 50.000(21.928), Loss: 1.563(1.618), LR: 0.000013
[GPU cuda:0][TRAIN] Epoch: [1][1050/3100], Elapsed 5m 37s (remain 10m 58s), Accuracy: 25.000(22.098), Loss: 1.549(1.617), LR: 0.000013
[GPU cuda:0][TRAIN] Epoch: [1][1100/3100], Elapsed 5m 53s (remain 10m 42s), Accuracy: 25.000(22.457), Loss: 1.623(1.615), LR: 0.000014
[GPU cuda:0][TRAIN] Epoch: [1][1150/3100], Elapsed 6m 9s (remain 10m 26s), Accuracy: 0.000(22.632), Loss: 1.696(1.614), LR: 0.000014
[GPU cuda:0][TRAIN] Epoch: [1][1200/3100], Elapsed 6m 26s (remain 10m 10s), Accuracy: 75.000(22.898), Loss: 1.501(1.612), LR: 0.000014
[GPU cuda:0][TRAIN] Epoch: [1][1250/3100], Elapsed 6m 41s (remain 9m 53s), Accuracy: 25.000(23.221), Loss: 1.645(1.611), LR: 0.000015
[GPU cuda:0][TRAIN] Epoch: [1][1300/3100], Elapsed 6m 57s (remain 9m 36s), Accuracy: 0.000(23.674), Loss: 1.713(1.609), LR: 0.000015
[GPU cuda:0][TRAIN] Epoch: [1][1350/3100], Elapsed 7m 12s (remain 9m 20s), Accuracy: 50.000(23.982), Loss: 1.352(1.607), LR: 0.000016
[GPU cuda:0][TRAIN] Epoch: [1][1400/3100], Elapsed 7m 29s (remain 9m 4s), Accuracy: 25.000(24.019), Loss: 1.536(1.606), LR: 0.000016
[GPU cuda:0][TRAIN] Epoch: [1][1450/3100], Elapsed 7m 45s (remain 8m 49s), Accuracy: 75.000(24.207), Loss: 1.323(1.604), LR: 0.000016
[GPU cuda:0][TRAIN] Epoch: [1][1500/3100], Elapsed 8m 2s (remain 8m 33s), Accuracy: 75.000(24.384), Loss: 1.317(1.603), LR: 0.000017
[GPU cuda:0][TRAIN] Epoch: [1][1550/3100], Elapsed 8m 18s (remain 8m 17s), Accuracy: 50.000(24.565), Loss: 1.440(1.602), LR: 0.000017
[GPU cuda:0][TRAIN] Epoch: [1][1600/3100], Elapsed 8m 34s (remain 8m 1s), Accuracy: 25.000(24.859), Loss: 1.510(1.599), LR: 0.000018
[GPU cuda:0][TRAIN] Epoch: [1][1650/3100], Elapsed 8m 50s (remain 7m 46s), Accuracy: 25.000(24.985), Loss: 1.607(1.597), LR: 0.000018
[GPU cuda:0][TRAIN] Epoch: [1][1700/3100], Elapsed 9m 7s (remain 7m 30s), Accuracy: 50.000(25.323), Loss: 1.607(1.595), LR: 0.000019
[GPU cuda:0][TRAIN] Epoch: [1][1750/3100], Elapsed 9m 23s (remain 7m 14s), Accuracy: 50.000(25.443), Loss: 1.534(1.594), LR: 0.000019
[GPU cuda:0][TRAIN] Epoch: [1][1800/3100], Elapsed 9m 39s (remain 6m 58s), Accuracy: 25.000(25.777), Loss: 1.380(1.590), LR: 0.000020
[GPU cuda:0][TRAIN] Epoch: [1][1850/3100], Elapsed 9m 56s (remain 6m 42s), Accuracy: 25.000(25.972), Loss: 1.601(1.588), LR: 0.000020
[GPU cuda:0][TRAIN] Epoch: [1][1900/3100], Elapsed 10m 12s (remain 6m 26s), Accuracy: 25.000(26.289), Loss: 1.510(1.585), LR: 0.000021
[GPU cuda:0][TRAIN] Epoch: [1][1950/3100], Elapsed 10m 28s (remain 6m 10s), Accuracy: 50.000(26.461), Loss: 1.308(1.583), LR: 0.000021
[GPU cuda:0][TRAIN] Epoch: [1][2000/3100], Elapsed 10m 44s (remain 5m 53s), Accuracy: 25.000(26.737), Loss: 1.548(1.580), LR: 0.000022
[GPU cuda:0][TRAIN] Epoch: [1][2050/3100], Elapsed 11m 0s (remain 5m 37s), Accuracy: 50.000(27.206), Loss: 1.349(1.576), LR: 0.000023
[GPU cuda:0][TRAIN] Epoch: [1][2100/3100], Elapsed 11m 16s (remain 5m 21s), Accuracy: 50.000(27.546), Loss: 1.488(1.571), LR: 0.000023
[GPU cuda:0][TRAIN] Epoch: [1][2150/3100], Elapsed 11m 32s (remain 5m 5s), Accuracy: 25.000(27.894), Loss: 1.528(1.565), LR: 0.000024
[GPU cuda:0][TRAIN] Epoch: [1][2200/3100], Elapsed 11m 48s (remain 4m 49s), Accuracy: 25.000(28.214), Loss: 1.545(1.561), LR: 0.000024
[GPU cuda:0][TRAIN] Epoch: [1][2250/3100], Elapsed 12m 5s (remain 4m 33s), Accuracy: 50.000(28.443), Loss: 1.187(1.557), LR: 0.000025
[GPU cuda:0][TRAIN] Epoch: [1][2300/3100], Elapsed 12m 21s (remain 4m 17s), Accuracy: 0.000(28.857), Loss: 1.625(1.551), LR: 0.000026
[GPU cuda:0][TRAIN] Epoch: [1][2350/3100], Elapsed 12m 37s (remain 4m 1s), Accuracy: 25.000(29.147), Loss: 1.801(1.546), LR: 0.000026
[GPU cuda:0][TRAIN] Epoch: [1][2400/3100], Elapsed 12m 53s (remain 3m 45s), Accuracy: 0.000(29.425), Loss: 1.364(1.541), LR: 0.000027
[GPU cuda:0][TRAIN] Epoch: [1][2450/3100], Elapsed 13m 9s (remain 3m 29s), Accuracy: 25.000(29.814), Loss: 1.137(1.536), LR: 0.000028
[GPU cuda:0][TRAIN] Epoch: [1][2500/3100], Elapsed 13m 25s (remain 3m 12s), Accuracy: 0.000(30.198), Loss: 1.719(1.530), LR: 0.000029
[GPU cuda:0][TRAIN] Epoch: [1][2550/3100], Elapsed 13m 41s (remain 2m 56s), Accuracy: 50.000(30.429), Loss: 1.259(1.525), LR: 0.000029
[GPU cuda:0][TRAIN] Epoch: [1][2600/3100], Elapsed 13m 57s (remain 2m 40s), Accuracy: 50.000(30.854), Loss: 1.299(1.518), LR: 0.000030
[GPU cuda:0][TRAIN] Epoch: [1][2650/3100], Elapsed 14m 13s (remain 2m 24s), Accuracy: 0.000(31.167), Loss: 1.768(1.513), LR: 0.000031
[GPU cuda:0][TRAIN] Epoch: [1][2700/3100], Elapsed 14m 29s (remain 2m 8s), Accuracy: 50.000(31.609), Loss: 0.808(1.506), LR: 0.000032
[GPU cuda:0][TRAIN] Epoch: [1][2750/3100], Elapsed 14m 45s (remain 1m 52s), Accuracy: 25.000(31.861), Loss: 1.200(1.499), LR: 0.000032
[GPU cuda:0][TRAIN] Epoch: [1][2800/3100], Elapsed 15m 1s (remain 1m 36s), Accuracy: 25.000(32.087), Loss: 1.577(1.494), LR: 0.000033
[GPU cuda:0][TRAIN] Epoch: [1][2850/3100], Elapsed 15m 17s (remain 1m 20s), Accuracy: 25.000(32.392), Loss: 1.425(1.488), LR: 0.000034
[GPU cuda:0][TRAIN] Epoch: [1][2900/3100], Elapsed 15m 33s (remain 1m 4s), Accuracy: 100.000(32.704), Loss: 0.779(1.482), LR: 0.000035
[GPU cuda:0][TRAIN] Epoch: [1][2950/3100], Elapsed 15m 49s (remain 0m 47s), Accuracy: 50.000(33.048), Loss: 1.220(1.476), LR: 0.000036
[GPU cuda:0][TRAIN] Epoch: [1][3000/3100], Elapsed 16m 5s (remain 0m 31s), Accuracy: 0.000(33.489), Loss: 1.909(1.469), LR: 0.000036
[GPU cuda:0][TRAIN] Epoch: [1][3050/3100], Elapsed 16m 21s (remain 0m 15s), Accuracy: 50.000(33.899), Loss: 0.985(1.462), LR: 0.000037
[GPU cuda:0][TRAIN] Epoch: [1][3099/3100], Elapsed 16m 37s (remain 0m 0s), Accuracy: 25.000(34.234), Loss: 1.682(1.456), LR: 0.000038
[GPU cuda:0][VALID][0/388], Elapsed 0m 0s (remain 3m 26s), Accuracy: 62.500(62.500), Batch Loss: 0.9008, Average Loss: 0.9008
[GPU cuda:0][VALID][50/388], Elapsed 0m 12s (remain 1m 20s), Accuracy: 62.500(62.990), Batch Loss: 0.7855, Average Loss: 0.9271
[GPU cuda:0][VALID][100/388], Elapsed 0m 23s (remain 1m 7s), Accuracy: 50.000(59.282), Batch Loss: 1.1375, Average Loss: 0.9757
[GPU cuda:0][VALID][150/388], Elapsed 0m 35s (remain 0m 55s), Accuracy: 62.500(58.113), Batch Loss: 1.1590, Average Loss: 0.9980
[GPU cuda:0][VALID][200/388], Elapsed 0m 47s (remain 0m 43s), Accuracy: 50.000(57.587), Batch Loss: 0.9294, Average Loss: 1.0007
[GPU cuda:0][VALID][250/388], Elapsed 0m 59s (remain 0m 32s), Accuracy: 12.500(57.520), Batch Loss: 1.3223, Average Loss: 1.0013
[GPU cuda:0][VALID][300/388], Elapsed 1m 10s (remain 0m 20s), Accuracy: 50.000(57.558), Batch Loss: 1.1911, Average Loss: 0.9997
[GPU cuda:0][VALID][350/388], Elapsed 1m 22s (remain 0m 8s), Accuracy: 50.000(57.123), Batch Loss: 1.0434, Average Loss: 1.0024
[GPU cuda:0][VALID][387/388], Elapsed 1m 31s (remain 0m 0s), Accuracy: 25.000(57.184), Batch Loss: 1.4353, Average Loss: 1.0025
Valid Labels Samples: [2 0 1 4 1 0 3 1 4 3]
Valid Predictions Samples: [3, 0, 1, 4, 1, 0, 2, 2, 3, 0]
Epoch 1 - Train Average Loss: 34.234, Valid Average Loss: 57.184, Epoch Time: 1090.389s
Epoch 1 - Accuracy: 0.572, Precision: 0.569, Recall: 0.572
Saved Best Model: 0.57
[GPU cuda:0][TRAIN] Epoch: [2][0/3100], Elapsed 0m 0s (remain 38m 23s), Accuracy: 75.000(75.000), Loss: 1.139(1.139), LR: 0.000038
[GPU cuda:0][TRAIN] Epoch: [2][50/3100], Elapsed 0m 17s (remain 17m 5s), Accuracy: 50.000(50.490), Loss: 1.123(1.121), LR: 0.000039
[GPU cuda:0][TRAIN] Epoch: [2][100/3100], Elapsed 0m 33s (remain 16m 35s), Accuracy: 50.000(53.960), Loss: 1.309(1.058), LR: 0.000040
[GPU cuda:0][TRAIN] Epoch: [2][150/3100], Elapsed 0m 49s (remain 16m 13s), Accuracy: 75.000(54.139), Loss: 0.568(1.064), LR: 0.000041
[GPU cuda:0][TRAIN] Epoch: [2][200/3100], Elapsed 1m 6s (remain 15m 53s), Accuracy: 75.000(54.851), Loss: 0.637(1.069), LR: 0.000042
[GPU cuda:0][TRAIN] Epoch: [2][250/3100], Elapsed 1m 22s (remain 15m 35s), Accuracy: 75.000(54.183), Loss: 1.088(1.087), LR: 0.000043
[GPU cuda:0][TRAIN] Epoch: [2][300/3100], Elapsed 1m 38s (remain 15m 18s), Accuracy: 25.000(54.900), Loss: 1.294(1.078), LR: 0.000044
[GPU cuda:0][TRAIN] Epoch: [2][350/3100], Elapsed 1m 55s (remain 15m 1s), Accuracy: 50.000(55.413), Loss: 1.151(1.070), LR: 0.000044
[GPU cuda:0][TRAIN] Epoch: [2][400/3100], Elapsed 2m 11s (remain 14m 41s), Accuracy: 50.000(55.362), Loss: 1.154(1.066), LR: 0.000045
[GPU cuda:0][TRAIN] Epoch: [2][450/3100], Elapsed 2m 26s (remain 14m 23s), Accuracy: 75.000(55.765), Loss: 0.991(1.055), LR: 0.000046
[GPU cuda:0][TRAIN] Epoch: [2][500/3100], Elapsed 2m 43s (remain 14m 6s), Accuracy: 50.000(55.788), Loss: 0.977(1.055), LR: 0.000047
[GPU cuda:0][TRAIN] Epoch: [2][550/3100], Elapsed 2m 59s (remain 13m 48s), Accuracy: 25.000(56.080), Loss: 1.376(1.048), LR: 0.000048
[GPU cuda:0][TRAIN] Epoch: [2][600/3100], Elapsed 3m 15s (remain 13m 32s), Accuracy: 75.000(56.198), Loss: 1.077(1.041), LR: 0.000049
[GPU cuda:0][TRAIN] Epoch: [2][650/3100], Elapsed 3m 31s (remain 13m 15s), Accuracy: 75.000(56.298), Loss: 0.681(1.040), LR: 0.000050
[GPU cuda:0][TRAIN] Epoch: [2][700/3100], Elapsed 3m 47s (remain 12m 58s), Accuracy: 100.000(56.455), Loss: 0.617(1.036), LR: 0.000051
[GPU cuda:0][TRAIN] Epoch: [2][750/3100], Elapsed 4m 3s (remain 12m 41s), Accuracy: 100.000(56.891), Loss: 0.260(1.029), LR: 0.000052
[GPU cuda:0][TRAIN] Epoch: [2][800/3100], Elapsed 4m 19s (remain 12m 25s), Accuracy: 75.000(57.054), Loss: 0.951(1.028), LR: 0.000053
[GPU cuda:0][TRAIN] Epoch: [2][850/3100], Elapsed 4m 35s (remain 12m 9s), Accuracy: 100.000(57.315), Loss: 0.605(1.024), LR: 0.000054
[GPU cuda:0][TRAIN] Epoch: [2][900/3100], Elapsed 4m 51s (remain 11m 52s), Accuracy: 25.000(56.770), Loss: 1.198(1.028), LR: 0.000056
[GPU cuda:0][TRAIN] Epoch: [2][950/3100], Elapsed 5m 7s (remain 11m 35s), Accuracy: 50.000(56.887), Loss: 1.056(1.028), LR: 0.000057
[GPU cuda:0][TRAIN] Epoch: [2][1000/3100], Elapsed 5m 24s (remain 11m 19s), Accuracy: 50.000(57.143), Loss: 0.867(1.021), LR: 0.000058
[GPU cuda:0][TRAIN] Epoch: [2][1050/3100], Elapsed 5m 40s (remain 11m 3s), Accuracy: 100.000(57.517), Loss: 0.230(1.013), LR: 0.000059
[GPU cuda:0][TRAIN] Epoch: [2][1100/3100], Elapsed 5m 56s (remain 10m 46s), Accuracy: 25.000(57.652), Loss: 1.407(1.008), LR: 0.000060
[GPU cuda:0][TRAIN] Epoch: [2][1150/3100], Elapsed 6m 12s (remain 10m 30s), Accuracy: 25.000(57.732), Loss: 1.012(1.005), LR: 0.000061
[GPU cuda:0][TRAIN] Epoch: [2][1200/3100], Elapsed 6m 28s (remain 10m 14s), Accuracy: 100.000(58.014), Loss: 0.220(1.001), LR: 0.000062
[GPU cuda:0][TRAIN] Epoch: [2][1250/3100], Elapsed 6m 44s (remain 9m 57s), Accuracy: 75.000(57.694), Loss: 1.022(1.002), LR: 0.000063
[GPU cuda:0][TRAIN] Epoch: [2][1300/3100], Elapsed 7m 0s (remain 9m 41s), Accuracy: 50.000(57.802), Loss: 0.956(1.002), LR: 0.000064
[GPU cuda:0][TRAIN] Epoch: [2][1350/3100], Elapsed 7m 16s (remain 9m 25s), Accuracy: 100.000(58.124), Loss: 0.591(0.998), LR: 0.000065
[GPU cuda:0][TRAIN] Epoch: [2][1400/3100], Elapsed 7m 32s (remain 9m 8s), Accuracy: 75.000(58.137), Loss: 0.663(0.997), LR: 0.000067
[GPU cuda:0][TRAIN] Epoch: [2][1450/3100], Elapsed 7m 48s (remain 8m 52s), Accuracy: 50.000(58.201), Loss: 0.951(0.994), LR: 0.000068
[GPU cuda:0][TRAIN] Epoch: [2][1500/3100], Elapsed 8m 4s (remain 8m 36s), Accuracy: 50.000(58.278), Loss: 0.983(0.990), LR: 0.000069
[GPU cuda:0][TRAIN] Epoch: [2][1550/3100], Elapsed 8m 20s (remain 8m 20s), Accuracy: 75.000(58.237), Loss: 0.444(0.988), LR: 0.000070
[GPU cuda:0][TRAIN] Epoch: [2][1600/3100], Elapsed 8m 36s (remain 8m 3s), Accuracy: 100.000(58.463), Loss: 0.400(0.984), LR: 0.000071
[GPU cuda:0][TRAIN] Epoch: [2][1650/3100], Elapsed 8m 52s (remain 7m 46s), Accuracy: 50.000(58.359), Loss: 1.177(0.984), LR: 0.000072
[GPU cuda:0][TRAIN] Epoch: [2][1700/3100], Elapsed 9m 8s (remain 7m 30s), Accuracy: 50.000(58.554), Loss: 1.346(0.982), LR: 0.000074
[GPU cuda:0][TRAIN] Epoch: [2][1750/3100], Elapsed 9m 24s (remain 7m 14s), Accuracy: 50.000(58.595), Loss: 0.767(0.983), LR: 0.000075
[GPU cuda:0][TRAIN] Epoch: [2][1800/3100], Elapsed 9m 40s (remain 6m 58s), Accuracy: 75.000(58.690), Loss: 0.500(0.980), LR: 0.000076
[GPU cuda:0][TRAIN] Epoch: [2][1850/3100], Elapsed 9m 56s (remain 6m 42s), Accuracy: 75.000(58.536), Loss: 0.690(0.980), LR: 0.000077
[GPU cuda:0][TRAIN] Epoch: [2][1900/3100], Elapsed 10m 13s (remain 6m 26s), Accuracy: 50.000(58.561), Loss: 1.042(0.978), LR: 0.000078
[GPU cuda:0][TRAIN] Epoch: [2][1950/3100], Elapsed 10m 29s (remain 6m 10s), Accuracy: 50.000(58.534), Loss: 0.803(0.978), LR: 0.000080
[GPU cuda:0][TRAIN] Epoch: [2][2000/3100], Elapsed 10m 45s (remain 5m 54s), Accuracy: 75.000(58.608), Loss: 0.741(0.976), LR: 0.000081
[GPU cuda:0][TRAIN] Epoch: [2][2050/3100], Elapsed 11m 2s (remain 5m 38s), Accuracy: 75.000(58.788), Loss: 0.481(0.972), LR: 0.000082
[GPU cuda:0][TRAIN] Epoch: [2][2100/3100], Elapsed 11m 18s (remain 5m 22s), Accuracy: 50.000(58.889), Loss: 2.131(0.971), LR: 0.000083
[GPU cuda:0][TRAIN] Epoch: [2][2150/3100], Elapsed 11m 34s (remain 5m 6s), Accuracy: 25.000(59.066), Loss: 1.300(0.967), LR: 0.000085
[GPU cuda:0][TRAIN] Epoch: [2][2200/3100], Elapsed 11m 51s (remain 4m 50s), Accuracy: 25.000(59.019), Loss: 1.377(0.967), LR: 0.000086
[GPU cuda:0][TRAIN] Epoch: [2][2250/3100], Elapsed 12m 7s (remain 4m 34s), Accuracy: 50.000(59.140), Loss: 0.988(0.965), LR: 0.000087
[GPU cuda:0][TRAIN] Epoch: [2][2300/3100], Elapsed 12m 23s (remain 4m 18s), Accuracy: 0.000(59.192), Loss: 1.879(0.962), LR: 0.000088
[GPU cuda:0][TRAIN] Epoch: [2][2350/3100], Elapsed 12m 39s (remain 4m 1s), Accuracy: 75.000(59.124), Loss: 0.757(0.961), LR: 0.000090
[GPU cuda:0][TRAIN] Epoch: [2][2400/3100], Elapsed 12m 55s (remain 3m 45s), Accuracy: 75.000(59.111), Loss: 0.969(0.962), LR: 0.000091
[GPU cuda:0][TRAIN] Epoch: [2][2450/3100], Elapsed 13m 11s (remain 3m 29s), Accuracy: 25.000(59.088), Loss: 0.995(0.961), LR: 0.000092
[GPU cuda:0][TRAIN] Epoch: [2][2500/3100], Elapsed 13m 27s (remain 3m 13s), Accuracy: 50.000(59.246), Loss: 1.134(0.958), LR: 0.000093
[GPU cuda:0][TRAIN] Epoch: [2][2550/3100], Elapsed 13m 43s (remain 2m 57s), Accuracy: 75.000(59.192), Loss: 0.830(0.958), LR: 0.000095
[GPU cuda:0][TRAIN] Epoch: [2][2600/3100], Elapsed 13m 59s (remain 2m 41s), Accuracy: 50.000(59.362), Loss: 0.920(0.955), LR: 0.000096
[GPU cuda:0][TRAIN] Epoch: [2][2650/3100], Elapsed 14m 15s (remain 2m 24s), Accuracy: 25.000(59.430), Loss: 1.731(0.954), LR: 0.000097
[GPU cuda:0][TRAIN] Epoch: [2][2700/3100], Elapsed 14m 31s (remain 2m 8s), Accuracy: 75.000(59.496), Loss: 0.685(0.953), LR: 0.000099
[GPU cuda:0][TRAIN] Epoch: [2][2750/3100], Elapsed 14m 47s (remain 1m 52s), Accuracy: 75.000(59.578), Loss: 0.825(0.951), LR: 0.000100
[GPU cuda:0][TRAIN] Epoch: [2][2800/3100], Elapsed 15m 3s (remain 1m 36s), Accuracy: 25.000(59.613), Loss: 1.762(0.951), LR: 0.000101
[GPU cuda:0][TRAIN] Epoch: [2][2850/3100], Elapsed 15m 19s (remain 1m 20s), Accuracy: 75.000(59.602), Loss: 0.905(0.950), LR: 0.000103
[GPU cuda:0][TRAIN] Epoch: [2][2900/3100], Elapsed 15m 35s (remain 1m 4s), Accuracy: 50.000(59.531), Loss: 0.783(0.950), LR: 0.000104
[GPU cuda:0][TRAIN] Epoch: [2][2950/3100], Elapsed 15m 51s (remain 0m 48s), Accuracy: 75.000(59.658), Loss: 0.646(0.949), LR: 0.000105
[GPU cuda:0][TRAIN] Epoch: [2][3000/3100], Elapsed 16m 8s (remain 0m 31s), Accuracy: 50.000(59.713), Loss: 1.427(0.948), LR: 0.000107
[GPU cuda:0][TRAIN] Epoch: [2][3050/3100], Elapsed 16m 24s (remain 0m 15s), Accuracy: 75.000(59.792), Loss: 0.532(0.947), LR: 0.000108
[GPU cuda:0][TRAIN] Epoch: [2][3099/3100], Elapsed 16m 39s (remain 0m 0s), Accuracy: 25.000(59.871), Loss: 2.867(0.946), LR: 0.000109
[GPU cuda:0][VALID][0/388], Elapsed 0m 0s (remain 3m 28s), Accuracy: 75.000(75.000), Batch Loss: 0.4222, Average Loss: 0.4222
[GPU cuda:0][VALID][50/388], Elapsed 0m 12s (remain 1m 20s), Accuracy: 75.000(69.608), Batch Loss: 0.7788, Average Loss: 0.7344
[GPU cuda:0][VALID][100/388], Elapsed 0m 23s (remain 1m 7s), Accuracy: 62.500(67.946), Batch Loss: 0.9443, Average Loss: 0.7470
[GPU cuda:0][VALID][150/388], Elapsed 0m 35s (remain 0m 55s), Accuracy: 62.500(66.225), Batch Loss: 1.0088, Average Loss: 0.7782
[GPU cuda:0][VALID][200/388], Elapsed 0m 47s (remain 0m 44s), Accuracy: 62.500(65.920), Batch Loss: 0.5930, Average Loss: 0.7826
[GPU cuda:0][VALID][250/388], Elapsed 0m 59s (remain 0m 32s), Accuracy: 50.000(65.687), Batch Loss: 1.0113, Average Loss: 0.7908
[GPU cuda:0][VALID][300/388], Elapsed 1m 10s (remain 0m 20s), Accuracy: 50.000(65.532), Batch Loss: 1.0003, Average Loss: 0.7920
[GPU cuda:0][VALID][350/388], Elapsed 1m 22s (remain 0m 8s), Accuracy: 62.500(65.812), Batch Loss: 0.7860, Average Loss: 0.7893
[GPU cuda:0][VALID][387/388], Elapsed 1m 31s (remain 0m 0s), Accuracy: 75.000(65.818), Batch Loss: 0.8123, Average Loss: 0.7886
Valid Labels Samples: [2 0 1 4 1 0 3 1 4 3]
Valid Predictions Samples: [2, 0, 2, 4, 1, 0, 3, 2, 3, 0]
Epoch 2 - Train Average Loss: 59.871, Valid Average Loss: 65.818, Epoch Time: 1093.731s
Epoch 2 - Accuracy: 0.658, Precision: 0.666, Recall: 0.658
Saved Best Model: 0.66
[GPU cuda:0][TRAIN] Epoch: [3][0/3100], Elapsed 0m 0s (remain 37m 7s), Accuracy: 75.000(75.000), Loss: 0.987(0.987), LR: 0.000109
[GPU cuda:0][TRAIN] Epoch: [3][50/3100], Elapsed 0m 16s (remain 16m 27s), Accuracy: 50.000(63.235), Loss: 1.017(0.851), LR: 0.000111
[GPU cuda:0][TRAIN] Epoch: [3][100/3100], Elapsed 0m 32s (remain 15m 55s), Accuracy: 25.000(62.624), Loss: 1.375(0.853), LR: 0.000112
[GPU cuda:0][TRAIN] Epoch: [3][150/3100], Elapsed 0m 47s (remain 15m 33s), Accuracy: 100.000(62.748), Loss: 0.258(0.858), LR: 0.000113
[GPU cuda:0][TRAIN] Epoch: [3][200/3100], Elapsed 1m 3s (remain 15m 23s), Accuracy: 100.000(63.682), Loss: 0.313(0.858), LR: 0.000115
[GPU cuda:0][TRAIN] Epoch: [3][250/3100], Elapsed 1m 20s (remain 15m 11s), Accuracy: 0.000(62.849), Loss: 1.461(0.874), LR: 0.000116
[GPU cuda:0][TRAIN] Epoch: [3][300/3100], Elapsed 1m 36s (remain 14m 59s), Accuracy: 50.000(64.120), Loss: 1.152(0.865), LR: 0.000117
[GPU cuda:0][TRAIN] Epoch: [3][350/3100], Elapsed 1m 53s (remain 14m 45s), Accuracy: 25.000(63.319), Loss: 1.126(0.867), LR: 0.000119
[GPU cuda:0][TRAIN] Epoch: [3][400/3100], Elapsed 2m 9s (remain 14m 31s), Accuracy: 50.000(62.718), Loss: 1.008(0.878), LR: 0.000120
[GPU cuda:0][TRAIN] Epoch: [3][450/3100], Elapsed 2m 25s (remain 14m 16s), Accuracy: 75.000(63.359), Loss: 0.633(0.870), LR: 0.000121
[GPU cuda:0][TRAIN] Epoch: [3][500/3100], Elapsed 2m 42s (remain 14m 1s), Accuracy: 50.000(62.675), Loss: 0.911(0.874), LR: 0.000123
[GPU cuda:0][TRAIN] Epoch: [3][550/3100], Elapsed 2m 58s (remain 13m 45s), Accuracy: 50.000(62.931), Loss: 1.071(0.869), LR: 0.000124
[GPU cuda:0][TRAIN] Epoch: [3][600/3100], Elapsed 3m 14s (remain 13m 29s), Accuracy: 100.000(62.854), Loss: 0.426(0.868), LR: 0.000125
[GPU cuda:0][TRAIN] Epoch: [3][650/3100], Elapsed 3m 31s (remain 13m 14s), Accuracy: 75.000(62.750), Loss: 0.585(0.873), LR: 0.000127
[GPU cuda:0][TRAIN] Epoch: [3][700/3100], Elapsed 3m 47s (remain 12m 58s), Accuracy: 50.000(62.696), Loss: 0.785(0.873), LR: 0.000128
[GPU cuda:0][TRAIN] Epoch: [3][750/3100], Elapsed 4m 3s (remain 12m 40s), Accuracy: 100.000(62.783), Loss: 0.112(0.872), LR: 0.000129
[GPU cuda:0][TRAIN] Epoch: [3][800/3100], Elapsed 4m 19s (remain 12m 23s), Accuracy: 100.000(62.703), Loss: 0.739(0.872), LR: 0.000131
[GPU cuda:0][TRAIN] Epoch: [3][850/3100], Elapsed 4m 35s (remain 12m 7s), Accuracy: 75.000(62.691), Loss: 0.622(0.873), LR: 0.000132
[GPU cuda:0][TRAIN] Epoch: [3][900/3100], Elapsed 4m 51s (remain 11m 51s), Accuracy: 75.000(62.458), Loss: 0.942(0.877), LR: 0.000133
[GPU cuda:0][TRAIN] Epoch: [3][950/3100], Elapsed 5m 7s (remain 11m 34s), Accuracy: 75.000(62.539), Loss: 0.702(0.880), LR: 0.000135
[GPU cuda:0][TRAIN] Epoch: [3][1000/3100], Elapsed 5m 23s (remain 11m 18s), Accuracy: 50.000(62.887), Loss: 0.754(0.874), LR: 0.000136
[GPU cuda:0][TRAIN] Epoch: [3][1050/3100], Elapsed 5m 39s (remain 11m 1s), Accuracy: 100.000(63.273), Loss: 0.179(0.869), LR: 0.000137
[GPU cuda:0][TRAIN] Epoch: [3][1100/3100], Elapsed 5m 55s (remain 10m 45s), Accuracy: 25.000(63.510), Loss: 1.345(0.863), LR: 0.000139
[GPU cuda:0][TRAIN] Epoch: [3][1150/3100], Elapsed 6m 11s (remain 10m 29s), Accuracy: 75.000(63.575), Loss: 0.477(0.860), LR: 0.000140
[GPU cuda:0][TRAIN] Epoch: [3][1200/3100], Elapsed 6m 27s (remain 10m 12s), Accuracy: 100.000(63.385), Loss: 0.285(0.861), LR: 0.000142
[GPU cuda:0][TRAIN] Epoch: [3][1250/3100], Elapsed 6m 43s (remain 9m 56s), Accuracy: 50.000(63.110), Loss: 0.896(0.865), LR: 0.000143
[GPU cuda:0][TRAIN] Epoch: [3][1300/3100], Elapsed 6m 59s (remain 9m 40s), Accuracy: 50.000(63.163), Loss: 0.918(0.865), LR: 0.000144
[GPU cuda:0][TRAIN] Epoch: [3][1350/3100], Elapsed 7m 15s (remain 9m 24s), Accuracy: 100.000(63.397), Loss: 0.481(0.860), LR: 0.000146
[GPU cuda:0][TRAIN] Epoch: [3][1400/3100], Elapsed 7m 32s (remain 9m 8s), Accuracy: 50.000(63.312), Loss: 0.779(0.861), LR: 0.000147
[GPU cuda:0][TRAIN] Epoch: [3][1450/3100], Elapsed 7m 48s (remain 8m 52s), Accuracy: 100.000(63.577), Loss: 0.545(0.858), LR: 0.000148
[GPU cuda:0][TRAIN] Epoch: [3][1500/3100], Elapsed 8m 4s (remain 8m 35s), Accuracy: 100.000(63.658), Loss: 0.654(0.857), LR: 0.000150
[GPU cuda:0][TRAIN] Epoch: [3][1550/3100], Elapsed 8m 20s (remain 8m 19s), Accuracy: 100.000(63.540), Loss: 0.158(0.857), LR: 0.000151
[GPU cuda:0][TRAIN] Epoch: [3][1600/3100], Elapsed 8m 36s (remain 8m 3s), Accuracy: 100.000(63.616), Loss: 0.308(0.858), LR: 0.000152
[GPU cuda:0][TRAIN] Epoch: [3][1650/3100], Elapsed 8m 52s (remain 7m 47s), Accuracy: 100.000(63.598), Loss: 0.248(0.860), LR: 0.000154
[GPU cuda:0][TRAIN] Epoch: [3][1700/3100], Elapsed 9m 8s (remain 7m 31s), Accuracy: 50.000(63.639), Loss: 1.051(0.859), LR: 0.000155
[GPU cuda:0][TRAIN] Epoch: [3][1750/3100], Elapsed 9m 24s (remain 7m 15s), Accuracy: 50.000(63.492), Loss: 1.050(0.863), LR: 0.000156
[GPU cuda:0][TRAIN] Epoch: [3][1800/3100], Elapsed 9m 40s (remain 6m 58s), Accuracy: 100.000(63.562), Loss: 0.261(0.863), LR: 0.000157
[GPU cuda:0][TRAIN] Epoch: [3][1850/3100], Elapsed 9m 56s (remain 6m 42s), Accuracy: 50.000(63.425), Loss: 1.076(0.865), LR: 0.000159
[GPU cuda:0][TRAIN] Epoch: [3][1900/3100], Elapsed 10m 12s (remain 6m 26s), Accuracy: 50.000(63.559), Loss: 1.075(0.863), LR: 0.000160
[GPU cuda:0][TRAIN] Epoch: [3][1950/3100], Elapsed 10m 28s (remain 6m 9s), Accuracy: 100.000(63.519), Loss: 0.624(0.863), LR: 0.000161
[GPU cuda:0][TRAIN] Epoch: [3][2000/3100], Elapsed 10m 43s (remain 5m 53s), Accuracy: 75.000(63.481), Loss: 0.717(0.864), LR: 0.000163
[GPU cuda:0][TRAIN] Epoch: [3][2050/3100], Elapsed 10m 59s (remain 5m 37s), Accuracy: 75.000(63.530), Loss: 0.591(0.861), LR: 0.000164
[GPU cuda:0][TRAIN] Epoch: [3][2100/3100], Elapsed 11m 16s (remain 5m 21s), Accuracy: 50.000(63.517), Loss: 2.260(0.861), LR: 0.000165
[GPU cuda:0][TRAIN] Epoch: [3][2150/3100], Elapsed 11m 32s (remain 5m 5s), Accuracy: 50.000(63.645), Loss: 1.280(0.859), LR: 0.000167
[GPU cuda:0][TRAIN] Epoch: [3][2200/3100], Elapsed 11m 48s (remain 4m 49s), Accuracy: 25.000(63.642), Loss: 1.449(0.859), LR: 0.000168
[GPU cuda:0][TRAIN] Epoch: [3][2250/3100], Elapsed 12m 4s (remain 4m 33s), Accuracy: 75.000(63.638), Loss: 0.616(0.859), LR: 0.000169
[GPU cuda:0][TRAIN] Epoch: [3][2300/3100], Elapsed 12m 21s (remain 4m 17s), Accuracy: 25.000(63.603), Loss: 1.866(0.858), LR: 0.000170
[GPU cuda:0][TRAIN] Epoch: [3][2350/3100], Elapsed 12m 37s (remain 4m 1s), Accuracy: 75.000(63.643), Loss: 0.579(0.857), LR: 0.000172
[GPU cuda:0][TRAIN] Epoch: [3][2400/3100], Elapsed 12m 54s (remain 3m 45s), Accuracy: 50.000(63.505), Loss: 1.170(0.859), LR: 0.000173
[GPU cuda:0][TRAIN] Epoch: [3][2450/3100], Elapsed 13m 10s (remain 3m 29s), Accuracy: 25.000(63.484), Loss: 0.798(0.859), LR: 0.000174
[GPU cuda:0][TRAIN] Epoch: [3][2500/3100], Elapsed 13m 26s (remain 3m 13s), Accuracy: 50.000(63.515), Loss: 1.316(0.858), LR: 0.000175
[GPU cuda:0][TRAIN] Epoch: [3][2550/3100], Elapsed 13m 43s (remain 2m 57s), Accuracy: 50.000(63.387), Loss: 1.129(0.860), LR: 0.000177
[GPU cuda:0][TRAIN] Epoch: [3][2600/3100], Elapsed 13m 59s (remain 2m 40s), Accuracy: 75.000(63.610), Loss: 0.818(0.856), LR: 0.000178
[GPU cuda:0][TRAIN] Epoch: [3][2650/3100], Elapsed 14m 14s (remain 2m 24s), Accuracy: 25.000(63.627), Loss: 1.161(0.856), LR: 0.000179
[GPU cuda:0][TRAIN] Epoch: [3][2700/3100], Elapsed 14m 30s (remain 2m 8s), Accuracy: 50.000(63.634), Loss: 0.818(0.857), LR: 0.000180
[GPU cuda:0][TRAIN] Epoch: [3][2750/3100], Elapsed 14m 47s (remain 1m 52s), Accuracy: 50.000(63.659), Loss: 1.136(0.856), LR: 0.000182
[GPU cuda:0][TRAIN] Epoch: [3][2800/3100], Elapsed 15m 3s (remain 1m 36s), Accuracy: 0.000(63.602), Loss: 1.959(0.856), LR: 0.000183
[GPU cuda:0][TRAIN] Epoch: [3][2850/3100], Elapsed 15m 19s (remain 1m 20s), Accuracy: 50.000(63.679), Loss: 1.260(0.856), LR: 0.000184
[GPU cuda:0][TRAIN] Epoch: [3][2900/3100], Elapsed 15m 35s (remain 1m 4s), Accuracy: 50.000(63.650), Loss: 0.909(0.858), LR: 0.000185
[GPU cuda:0][TRAIN] Epoch: [3][2950/3100], Elapsed 15m 51s (remain 0m 48s), Accuracy: 75.000(63.707), Loss: 0.741(0.857), LR: 0.000186
[GPU cuda:0][TRAIN] Epoch: [3][3000/3100], Elapsed 16m 7s (remain 0m 31s), Accuracy: 50.000(63.745), Loss: 1.543(0.857), LR: 0.000188
[GPU cuda:0][TRAIN] Epoch: [3][3050/3100], Elapsed 16m 23s (remain 0m 15s), Accuracy: 50.000(63.782), Loss: 0.907(0.856), LR: 0.000189
[GPU cuda:0][TRAIN] Epoch: [3][3099/3100], Elapsed 16m 39s (remain 0m 0s), Accuracy: 25.000(63.790), Loss: 2.406(0.856), LR: 0.000190
[GPU cuda:0][VALID][0/388], Elapsed 0m 0s (remain 3m 34s), Accuracy: 75.000(75.000), Batch Loss: 0.4196, Average Loss: 0.4196
[GPU cuda:0][VALID][50/388], Elapsed 0m 12s (remain 1m 20s), Accuracy: 75.000(64.216), Batch Loss: 0.9073, Average Loss: 0.8157
[GPU cuda:0][VALID][100/388], Elapsed 0m 23s (remain 1m 7s), Accuracy: 50.000(63.366), Batch Loss: 0.8787, Average Loss: 0.8124
[GPU cuda:0][VALID][150/388], Elapsed 0m 35s (remain 0m 55s), Accuracy: 50.000(62.500), Batch Loss: 1.3017, Average Loss: 0.8369
[GPU cuda:0][VALID][200/388], Elapsed 0m 47s (remain 0m 44s), Accuracy: 75.000(62.500), Batch Loss: 0.4209, Average Loss: 0.8314
[GPU cuda:0][VALID][250/388], Elapsed 0m 59s (remain 0m 32s), Accuracy: 62.500(61.952), Batch Loss: 0.8675, Average Loss: 0.8412
[GPU cuda:0][VALID][300/388], Elapsed 1m 10s (remain 0m 20s), Accuracy: 25.000(61.794), Batch Loss: 1.2608, Average Loss: 0.8443
[GPU cuda:0][VALID][350/388], Elapsed 1m 22s (remain 0m 8s), Accuracy: 50.000(62.215), Batch Loss: 0.8812, Average Loss: 0.8417
[GPU cuda:0][VALID][387/388], Elapsed 1m 31s (remain 0m 0s), Accuracy: 50.000(62.146), Batch Loss: 0.8903, Average Loss: 0.8389
Valid Labels Samples: [2 0 1 4 1 0 3 1 4 3]
Valid Predictions Samples: [2, 0, 1, 4, 1, 0, 4, 2, 4, 0]
Epoch 3 - Train Average Loss: 63.790, Valid Average Loss: 62.146, Epoch Time: 1093.040s
Epoch 3 - Accuracy: 0.622, Precision: 0.634, Recall: 0.622
[GPU cuda:0][TRAIN] Epoch: [4][0/3100], Elapsed 0m 0s (remain 37m 53s), Accuracy: 75.000(75.000), Loss: 1.038(1.038), LR: 0.000190
[GPU cuda:0][TRAIN] Epoch: [4][50/3100], Elapsed 0m 16s (remain 16m 50s), Accuracy: 50.000(62.745), Loss: 0.750(0.827), LR: 0.000191
[GPU cuda:0][TRAIN] Epoch: [4][100/3100], Elapsed 0m 33s (remain 16m 20s), Accuracy: 25.000(63.119), Loss: 1.562(0.809), LR: 0.000192
[GPU cuda:0][TRAIN] Epoch: [4][150/3100], Elapsed 0m 49s (remain 16m 0s), Accuracy: 100.000(62.914), Loss: 0.073(0.814), LR: 0.000194
[GPU cuda:0][TRAIN] Epoch: [4][200/3100], Elapsed 1m 5s (remain 15m 40s), Accuracy: 50.000(64.179), Loss: 0.655(0.811), LR: 0.000195
[GPU cuda:0][TRAIN] Epoch: [4][250/3100], Elapsed 1m 21s (remain 15m 22s), Accuracy: 25.000(63.446), Loss: 1.273(0.830), LR: 0.000196
[GPU cuda:0][TRAIN] Epoch: [4][300/3100], Elapsed 1m 37s (remain 15m 5s), Accuracy: 25.000(64.037), Loss: 1.571(0.830), LR: 0.000197
[GPU cuda:0][TRAIN] Epoch: [4][350/3100], Elapsed 1m 53s (remain 14m 48s), Accuracy: 25.000(64.103), Loss: 1.083(0.823), LR: 0.000198
[GPU cuda:0][TRAIN] Epoch: [4][400/3100], Elapsed 2m 8s (remain 14m 27s), Accuracy: 50.000(63.653), Loss: 0.910(0.834), LR: 0.000199
[GPU cuda:0][TRAIN] Epoch: [4][450/3100], Elapsed 2m 24s (remain 14m 8s), Accuracy: 50.000(63.969), Loss: 1.074(0.832), LR: 0.000200
[GPU cuda:0][TRAIN] Epoch: [4][500/3100], Elapsed 2m 40s (remain 13m 52s), Accuracy: 75.000(63.872), Loss: 0.894(0.835), LR: 0.000201
[GPU cuda:0][TRAIN] Epoch: [4][550/3100], Elapsed 2m 56s (remain 13m 37s), Accuracy: 25.000(64.201), Loss: 1.403(0.837), LR: 0.000202
[GPU cuda:0][TRAIN] Epoch: [4][600/3100], Elapsed 3m 13s (remain 13m 23s), Accuracy: 75.000(63.602), Loss: 0.613(0.845), LR: 0.000203
[GPU cuda:0][TRAIN] Epoch: [4][650/3100], Elapsed 3m 29s (remain 13m 7s), Accuracy: 100.000(63.633), Loss: 0.398(0.849), LR: 0.000205
[GPU cuda:0][TRAIN] Epoch: [4][700/3100], Elapsed 3m 45s (remain 12m 52s), Accuracy: 100.000(63.659), Loss: 0.496(0.850), LR: 0.000206
[GPU cuda:0][TRAIN] Epoch: [4][750/3100], Elapsed 4m 2s (remain 12m 37s), Accuracy: 100.000(63.915), Loss: 0.245(0.851), LR: 0.000207
[GPU cuda:0][TRAIN] Epoch: [4][800/3100], Elapsed 4m 18s (remain 12m 21s), Accuracy: 100.000(63.826), Loss: 0.692(0.854), LR: 0.000208
[GPU cuda:0][TRAIN] Epoch: [4][850/3100], Elapsed 4m 34s (remain 12m 6s), Accuracy: 100.000(63.925), Loss: 0.497(0.853), LR: 0.000209
[GPU cuda:0][TRAIN] Epoch: [4][900/3100], Elapsed 4m 51s (remain 11m 50s), Accuracy: 75.000(63.513), Loss: 0.786(0.859), LR: 0.000210
[GPU cuda:0][TRAIN] Epoch: [4][950/3100], Elapsed 5m 7s (remain 11m 34s), Accuracy: 50.000(63.591), Loss: 0.965(0.860), LR: 0.000211
[GPU cuda:0][TRAIN] Epoch: [4][1000/3100], Elapsed 5m 23s (remain 11m 18s), Accuracy: 75.000(63.861), Loss: 0.604(0.854), LR: 0.000212
[GPU cuda:0][TRAIN] Epoch: [4][1050/3100], Elapsed 5m 39s (remain 11m 2s), Accuracy: 75.000(64.248), Loss: 0.455(0.851), LR: 0.000213
[GPU cuda:0][TRAIN] Epoch: [4][1100/3100], Elapsed 5m 55s (remain 10m 45s), Accuracy: 25.000(64.328), Loss: 1.208(0.848), LR: 0.000214
[GPU cuda:0][TRAIN] Epoch: [4][1150/3100], Elapsed 6m 11s (remain 10m 29s), Accuracy: 100.000(64.401), Loss: 0.228(0.847), LR: 0.000215
[GPU cuda:0][TRAIN] Epoch: [4][1200/3100], Elapsed 6m 27s (remain 10m 13s), Accuracy: 75.000(64.301), Loss: 0.381(0.847), LR: 0.000216
[GPU cuda:0][TRAIN] Epoch: [4][1250/3100], Elapsed 6m 43s (remain 9m 57s), Accuracy: 25.000(64.189), Loss: 1.345(0.850), LR: 0.000217
[GPU cuda:0][TRAIN] Epoch: [4][1300/3100], Elapsed 7m 0s (remain 9m 40s), Accuracy: 75.000(64.393), Loss: 0.767(0.848), LR: 0.000217
[GPU cuda:0][TRAIN] Epoch: [4][1350/3100], Elapsed 7m 16s (remain 9m 24s), Accuracy: 100.000(64.656), Loss: 0.335(0.842), LR: 0.000218
[GPU cuda:0][TRAIN] Epoch: [4][1400/3100], Elapsed 7m 32s (remain 9m 8s), Accuracy: 50.000(64.490), Loss: 0.739(0.844), LR: 0.000219
[GPU cuda:0][TRAIN] Epoch: [4][1450/3100], Elapsed 7m 48s (remain 8m 52s), Accuracy: 75.000(64.714), Loss: 0.498(0.839), LR: 0.000220
[GPU cuda:0][TRAIN] Epoch: [4][1500/3100], Elapsed 8m 4s (remain 8m 35s), Accuracy: 75.000(64.873), Loss: 0.949(0.837), LR: 0.000221
[GPU cuda:0][TRAIN] Epoch: [4][1550/3100], Elapsed 8m 20s (remain 8m 19s), Accuracy: 100.000(64.926), Loss: 0.183(0.834), LR: 0.000222
[GPU cuda:0][TRAIN] Epoch: [4][1600/3100], Elapsed 8m 36s (remain 8m 3s), Accuracy: 100.000(65.006), Loss: 0.252(0.831), LR: 0.000223
[GPU cuda:0][TRAIN] Epoch: [4][1650/3100], Elapsed 8m 52s (remain 7m 47s), Accuracy: 100.000(65.006), Loss: 0.259(0.831), LR: 0.000224
[GPU cuda:0][TRAIN] Epoch: [4][1700/3100], Elapsed 9m 8s (remain 7m 31s), Accuracy: 25.000(65.300), Loss: 1.449(0.826), LR: 0.000225
[GPU cuda:0][TRAIN] Epoch: [4][1750/3100], Elapsed 9m 24s (remain 7m 15s), Accuracy: 75.000(65.134), Loss: 0.549(0.830), LR: 0.000225
[GPU cuda:0][TRAIN] Epoch: [4][1800/3100], Elapsed 9m 40s (remain 6m 58s), Accuracy: 100.000(65.311), Loss: 0.185(0.828), LR: 0.000226
[GPU cuda:0][TRAIN] Epoch: [4][1850/3100], Elapsed 9m 56s (remain 6m 42s), Accuracy: 50.000(65.181), Loss: 0.981(0.829), LR: 0.000227
[GPU cuda:0][TRAIN] Epoch: [4][1900/3100], Elapsed 10m 12s (remain 6m 26s), Accuracy: 75.000(65.321), Loss: 0.856(0.827), LR: 0.000228
[GPU cuda:0][TRAIN] Epoch: [4][1950/3100], Elapsed 10m 28s (remain 6m 10s), Accuracy: 100.000(65.377), Loss: 0.434(0.825), LR: 0.000229
[GPU cuda:0][TRAIN] Epoch: [4][2000/3100], Elapsed 10m 45s (remain 5m 54s), Accuracy: 75.000(65.430), Loss: 0.827(0.825), LR: 0.000229
[GPU cuda:0][TRAIN] Epoch: [4][2050/3100], Elapsed 11m 1s (remain 5m 38s), Accuracy: 75.000(65.444), Loss: 0.472(0.825), LR: 0.000230
[GPU cuda:0][TRAIN] Epoch: [4][2100/3100], Elapsed 11m 17s (remain 5m 22s), Accuracy: 75.000(65.409), Loss: 2.559(0.825), LR: 0.000231
[GPU cuda:0][TRAIN] Epoch: [4][2150/3100], Elapsed 11m 33s (remain 5m 5s), Accuracy: 50.000(65.318), Loss: 1.133(0.826), LR: 0.000232
[GPU cuda:0][TRAIN] Epoch: [4][2200/3100], Elapsed 11m 49s (remain 4m 49s), Accuracy: 25.000(65.277), Loss: 1.343(0.826), LR: 0.000232
[GPU cuda:0][TRAIN] Epoch: [4][2250/3100], Elapsed 12m 5s (remain 4m 33s), Accuracy: 50.000(65.349), Loss: 0.903(0.824), LR: 0.000233
[GPU cuda:0][TRAIN] Epoch: [4][2300/3100], Elapsed 12m 20s (remain 4m 17s), Accuracy: 25.000(65.319), Loss: 1.417(0.823), LR: 0.000234
[GPU cuda:0][TRAIN] Epoch: [4][2350/3100], Elapsed 12m 36s (remain 4m 0s), Accuracy: 75.000(65.164), Loss: 0.728(0.825), LR: 0.000234
[GPU cuda:0][TRAIN] Epoch: [4][2400/3100], Elapsed 12m 52s (remain 3m 44s), Accuracy: 50.000(65.077), Loss: 1.011(0.827), LR: 0.000235
[GPU cuda:0][TRAIN] Epoch: [4][2450/3100], Elapsed 13m 8s (remain 3m 28s), Accuracy: 25.000(65.014), Loss: 0.971(0.828), LR: 0.000236
[GPU cuda:0][TRAIN] Epoch: [4][2500/3100], Elapsed 13m 24s (remain 3m 12s), Accuracy: 50.000(65.084), Loss: 1.570(0.827), LR: 0.000236
[GPU cuda:0][TRAIN] Epoch: [4][2550/3100], Elapsed 13m 41s (remain 2m 56s), Accuracy: 25.000(65.033), Loss: 1.287(0.828), LR: 0.000237
[GPU cuda:0][TRAIN] Epoch: [4][2600/3100], Elapsed 13m 57s (remain 2m 40s), Accuracy: 50.000(65.244), Loss: 0.827(0.824), LR: 0.000237
[GPU cuda:0][TRAIN] Epoch: [4][2650/3100], Elapsed 14m 13s (remain 2m 24s), Accuracy: 50.000(65.277), Loss: 1.194(0.825), LR: 0.000238
[GPU cuda:0][TRAIN] Epoch: [4][2700/3100], Elapsed 14m 30s (remain 2m 8s), Accuracy: 75.000(65.365), Loss: 0.496(0.824), LR: 0.000239
[GPU cuda:0][TRAIN] Epoch: [4][2750/3100], Elapsed 14m 46s (remain 1m 52s), Accuracy: 50.000(65.449), Loss: 0.875(0.822), LR: 0.000239
[GPU cuda:0][TRAIN] Epoch: [4][2800/3100], Elapsed 15m 2s (remain 1m 36s), Accuracy: 25.000(65.494), Loss: 1.694(0.821), LR: 0.000240
[GPU cuda:0][TRAIN] Epoch: [4][2850/3100], Elapsed 15m 18s (remain 1m 20s), Accuracy: 75.000(65.538), Loss: 0.775(0.820), LR: 0.000240
[GPU cuda:0][TRAIN] Epoch: [4][2900/3100], Elapsed 15m 35s (remain 1m 4s), Accuracy: 75.000(65.495), Loss: 0.845(0.821), LR: 0.000241
[GPU cuda:0][TRAIN] Epoch: [4][2950/3100], Elapsed 15m 50s (remain 0m 48s), Accuracy: 75.000(65.495), Loss: 0.656(0.821), LR: 0.000241
[GPU cuda:0][TRAIN] Epoch: [4][3000/3100], Elapsed 16m 6s (remain 0m 31s), Accuracy: 25.000(65.586), Loss: 1.298(0.820), LR: 0.000242
[GPU cuda:0][TRAIN] Epoch: [4][3050/3100], Elapsed 16m 22s (remain 0m 15s), Accuracy: 75.000(65.610), Loss: 0.438(0.820), LR: 0.000242
[GPU cuda:0][TRAIN] Epoch: [4][3099/3100], Elapsed 16m 38s (remain 0m 0s), Accuracy: 25.000(65.677), Loss: 2.151(0.819), LR: 0.000243
[GPU cuda:0][VALID][0/388], Elapsed 0m 0s (remain 3m 45s), Accuracy: 87.500(87.500), Batch Loss: 0.4539, Average Loss: 0.4539
[GPU cuda:0][VALID][50/388], Elapsed 0m 12s (remain 1m 20s), Accuracy: 62.500(67.892), Batch Loss: 1.1099, Average Loss: 0.7837
[GPU cuda:0][VALID][100/388], Elapsed 0m 23s (remain 1m 7s), Accuracy: 50.000(67.450), Batch Loss: 1.0567, Average Loss: 0.7656
[GPU cuda:0][VALID][150/388], Elapsed 0m 35s (remain 0m 55s), Accuracy: 62.500(66.639), Batch Loss: 1.1478, Average Loss: 0.7860
[GPU cuda:0][VALID][200/388], Elapsed 0m 47s (remain 0m 44s), Accuracy: 75.000(67.226), Batch Loss: 0.6828, Average Loss: 0.7692
[GPU cuda:0][VALID][250/388], Elapsed 0m 59s (remain 0m 32s), Accuracy: 50.000(67.231), Batch Loss: 0.9396, Average Loss: 0.7700
[GPU cuda:0][VALID][300/388], Elapsed 1m 10s (remain 0m 20s), Accuracy: 50.000(67.110), Batch Loss: 0.8974, Average Loss: 0.7796
[GPU cuda:0][VALID][350/388], Elapsed 1m 22s (remain 0m 8s), Accuracy: 62.500(67.593), Batch Loss: 0.7789, Average Loss: 0.7733
[GPU cuda:0][VALID][387/388], Elapsed 1m 31s (remain 0m 0s), Accuracy: 100.000(67.751), Batch Loss: 0.6083, Average Loss: 0.7681
Valid Labels Samples: [2 0 1 4 1 0 3 1 4 3]
Valid Predictions Samples: [2, 0, 1, 4, 1, 0, 4, 1, 4, 0]
Epoch 4 - Train Average Loss: 65.677, Valid Average Loss: 67.751, Epoch Time: 1092.196s
Epoch 4 - Accuracy: 0.677, Precision: 0.673, Recall: 0.677
Saved Best Model: 0.68
[GPU cuda:0][TRAIN] Epoch: [5][0/3100], Elapsed 0m 0s (remain 37m 54s), Accuracy: 75.000(75.000), Loss: 1.057(1.057), LR: 0.000243
[GPU cuda:0][TRAIN] Epoch: [5][50/3100], Elapsed 0m 16s (remain 16m 45s), Accuracy: 50.000(66.667), Loss: 0.686(0.765), LR: 0.000243
[GPU cuda:0][TRAIN] Epoch: [5][100/3100], Elapsed 0m 32s (remain 16m 16s), Accuracy: 75.000(66.832), Loss: 0.873(0.799), LR: 0.000244
[GPU cuda:0][TRAIN] Epoch: [5][150/3100], Elapsed 0m 48s (remain 15m 55s), Accuracy: 100.000(65.728), Loss: 0.163(0.831), LR: 0.000244
[GPU cuda:0][TRAIN] Epoch: [5][200/3100], Elapsed 1m 5s (remain 15m 37s), Accuracy: 100.000(66.791), Loss: 0.227(0.817), LR: 0.000245
[GPU cuda:0][TRAIN] Epoch: [5][250/3100], Elapsed 1m 21s (remain 15m 20s), Accuracy: 50.000(66.235), Loss: 0.923(0.828), LR: 0.000245
[GPU cuda:0][TRAIN] Epoch: [5][300/3100], Elapsed 1m 37s (remain 15m 3s), Accuracy: 25.000(66.279), Loss: 1.390(0.826), LR: 0.000245
[GPU cuda:0][TRAIN] Epoch: [5][350/3100], Elapsed 1m 53s (remain 14m 47s), Accuracy: 25.000(65.598), Loss: 1.435(0.818), LR: 0.000246
[GPU cuda:0][TRAIN] Epoch: [5][400/3100], Elapsed 2m 9s (remain 14m 30s), Accuracy: 50.000(64.900), Loss: 0.955(0.820), LR: 0.000246
[GPU cuda:0][TRAIN] Epoch: [5][450/3100], Elapsed 2m 25s (remain 14m 12s), Accuracy: 75.000(64.967), Loss: 0.560(0.819), LR: 0.000246
[GPU cuda:0][TRAIN] Epoch: [5][500/3100], Elapsed 2m 41s (remain 13m 56s), Accuracy: 25.000(65.220), Loss: 1.052(0.816), LR: 0.000247
[GPU cuda:0][TRAIN] Epoch: [5][550/3100], Elapsed 2m 57s (remain 13m 39s), Accuracy: 50.000(65.472), Loss: 1.438(0.818), LR: 0.000247
[GPU cuda:0][TRAIN] Epoch: [5][600/3100], Elapsed 3m 13s (remain 13m 23s), Accuracy: 100.000(65.599), Loss: 0.460(0.813), LR: 0.000247
[GPU cuda:0][TRAIN] Epoch: [5][650/3100], Elapsed 3m 29s (remain 13m 7s), Accuracy: 75.000(65.630), Loss: 0.707(0.814), LR: 0.000248
[GPU cuda:0][TRAIN] Epoch: [5][700/3100], Elapsed 3m 45s (remain 12m 50s), Accuracy: 75.000(65.478), Loss: 0.650(0.819), LR: 0.000248
[GPU cuda:0][TRAIN] Epoch: [5][750/3100], Elapsed 4m 0s (remain 12m 32s), Accuracy: 100.000(65.945), Loss: 0.092(0.815), LR: 0.000248
[GPU cuda:0][TRAIN] Epoch: [5][800/3100], Elapsed 4m 16s (remain 12m 15s), Accuracy: 100.000(65.949), Loss: 0.473(0.812), LR: 0.000248
[GPU cuda:0][TRAIN] Epoch: [5][850/3100], Elapsed 4m 32s (remain 11m 59s), Accuracy: 75.000(66.128), Loss: 0.719(0.809), LR: 0.000249
[GPU cuda:0][TRAIN] Epoch: [5][900/3100], Elapsed 4m 48s (remain 11m 43s), Accuracy: 75.000(65.927), Loss: 0.638(0.811), LR: 0.000249
[GPU cuda:0][TRAIN] Epoch: [5][950/3100], Elapsed 5m 4s (remain 11m 28s), Accuracy: 100.000(65.931), Loss: 0.594(0.816), LR: 0.000249
[GPU cuda:0][TRAIN] Epoch: [5][1000/3100], Elapsed 5m 20s (remain 11m 13s), Accuracy: 50.000(66.284), Loss: 0.692(0.808), LR: 0.000249
[GPU cuda:0][TRAIN] Epoch: [5][1050/3100], Elapsed 5m 37s (remain 10m 57s), Accuracy: 100.000(66.508), Loss: 0.285(0.804), LR: 0.000249
[GPU cuda:0][TRAIN] Epoch: [5][1100/3100], Elapsed 5m 53s (remain 10m 41s), Accuracy: 25.000(66.780), Loss: 1.272(0.800), LR: 0.000249
[GPU cuda:0][TRAIN] Epoch: [5][1150/3100], Elapsed 6m 9s (remain 10m 26s), Accuracy: 25.000(66.594), Loss: 2.389(0.802), LR: 0.000250
[GPU cuda:0][TRAIN] Epoch: [5][1200/3100], Elapsed 6m 26s (remain 10m 10s), Accuracy: 100.000(66.674), Loss: 0.169(0.796), LR: 0.000250
[GPU cuda:0][TRAIN] Epoch: [5][1250/3100], Elapsed 6m 42s (remain 9m 54s), Accuracy: 75.000(66.427), Loss: 0.708(0.799), LR: 0.000250
[GPU cuda:0][TRAIN] Epoch: [5][1300/3100], Elapsed 6m 58s (remain 9m 39s), Accuracy: 75.000(66.603), Loss: 0.607(0.797), LR: 0.000250
[GPU cuda:0][TRAIN] Epoch: [5][1350/3100], Elapsed 7m 15s (remain 9m 23s), Accuracy: 100.000(66.821), Loss: 0.307(0.792), LR: 0.000250
[GPU cuda:0][TRAIN] Epoch: [5][1400/3100], Elapsed 7m 31s (remain 9m 7s), Accuracy: 75.000(66.774), Loss: 0.629(0.792), LR: 0.000250
[GPU cuda:0][TRAIN] Epoch: [5][1450/3100], Elapsed 7m 47s (remain 8m 51s), Accuracy: 75.000(67.057), Loss: 0.393(0.786), LR: 0.000250
[GPU cuda:0][TRAIN] Epoch: [5][1500/3100], Elapsed 8m 3s (remain 8m 35s), Accuracy: 100.000(67.139), Loss: 0.621(0.784), LR: 0.000250
[GPU cuda:0][TRAIN] Epoch: [5][1550/3100], Elapsed 8m 20s (remain 8m 19s), Accuracy: 100.000(67.054), Loss: 0.131(0.785), LR: 0.000250
[GPU cuda:0][TRAIN] Epoch: [5][1600/3100], Elapsed 8m 36s (remain 8m 3s), Accuracy: 100.000(66.927), Loss: 0.404(0.786), LR: 0.000250
[GPU cuda:0][TRAIN] Epoch: [5][1650/3100], Elapsed 8m 52s (remain 7m 47s), Accuracy: 100.000(66.869), Loss: 0.256(0.788), LR: 0.000250
[GPU cuda:0][TRAIN] Epoch: [5][1700/3100], Elapsed 9m 9s (remain 7m 31s), Accuracy: 75.000(67.063), Loss: 1.209(0.785), LR: 0.000250
[GPU cuda:0][TRAIN] Epoch: [5][1750/3100], Elapsed 9m 25s (remain 7m 15s), Accuracy: 100.000(66.919), Loss: 0.444(0.787), LR: 0.000250
[GPU cuda:0][TRAIN] Epoch: [5][1800/3100], Elapsed 9m 41s (remain 6m 59s), Accuracy: 100.000(66.880), Loss: 0.306(0.787), LR: 0.000250
[GPU cuda:0][TRAIN] Epoch: [5][1850/3100], Elapsed 9m 57s (remain 6m 43s), Accuracy: 50.000(66.680), Loss: 0.705(0.790), LR: 0.000250
[GPU cuda:0][TRAIN] Epoch: [5][1900/3100], Elapsed 10m 14s (remain 6m 27s), Accuracy: 50.000(66.899), Loss: 0.855(0.786), LR: 0.000250
[GPU cuda:0][TRAIN] Epoch: [5][1950/3100], Elapsed 10m 30s (remain 6m 11s), Accuracy: 100.000(66.902), Loss: 0.325(0.785), LR: 0.000250
[GPU cuda:0][TRAIN] Epoch: [5][2000/3100], Elapsed 10m 46s (remain 5m 55s), Accuracy: 100.000(66.967), Loss: 0.390(0.784), LR: 0.000250
[GPU cuda:0][TRAIN] Epoch: [5][2050/3100], Elapsed 11m 3s (remain 5m 39s), Accuracy: 75.000(67.187), Loss: 0.544(0.781), LR: 0.000250
[GPU cuda:0][TRAIN] Epoch: [5][2100/3100], Elapsed 11m 19s (remain 5m 23s), Accuracy: 75.000(67.230), Loss: 2.068(0.780), LR: 0.000250
[GPU cuda:0][TRAIN] Epoch: [5][2150/3100], Elapsed 11m 35s (remain 5m 7s), Accuracy: 50.000(67.399), Loss: 1.129(0.778), LR: 0.000250
[GPU cuda:0][TRAIN] Epoch: [5][2200/3100], Elapsed 11m 52s (remain 4m 50s), Accuracy: 50.000(67.401), Loss: 1.290(0.778), LR: 0.000250
[GPU cuda:0][TRAIN] Epoch: [5][2250/3100], Elapsed 12m 8s (remain 4m 34s), Accuracy: 75.000(67.448), Loss: 0.569(0.776), LR: 0.000250
[GPU cuda:0][TRAIN] Epoch: [5][2300/3100], Elapsed 12m 24s (remain 4m 18s), Accuracy: 25.000(67.525), Loss: 2.006(0.775), LR: 0.000250
[GPU cuda:0][TRAIN] Epoch: [5][2350/3100], Elapsed 12m 41s (remain 4m 2s), Accuracy: 50.000(67.546), Loss: 0.780(0.775), LR: 0.000250
[GPU cuda:0][TRAIN] Epoch: [5][2400/3100], Elapsed 12m 57s (remain 3m 46s), Accuracy: 25.000(67.461), Loss: 1.367(0.776), LR: 0.000250
[GPU cuda:0][TRAIN] Epoch: [5][2450/3100], Elapsed 13m 13s (remain 3m 30s), Accuracy: 75.000(67.462), Loss: 0.576(0.777), LR: 0.000250
[GPU cuda:0][TRAIN] Epoch: [5][2500/3100], Elapsed 13m 30s (remain 3m 14s), Accuracy: 75.000(67.583), Loss: 0.715(0.775), LR: 0.000249
[GPU cuda:0][TRAIN] Epoch: [5][2550/3100], Elapsed 13m 46s (remain 2m 57s), Accuracy: 50.000(67.581), Loss: 1.323(0.776), LR: 0.000249
[GPU cuda:0][TRAIN] Epoch: [5][2600/3100], Elapsed 14m 2s (remain 2m 41s), Accuracy: 50.000(67.695), Loss: 0.694(0.772), LR: 0.000249
[GPU cuda:0][TRAIN] Epoch: [5][2650/3100], Elapsed 14m 19s (remain 2m 25s), Accuracy: 75.000(67.795), Loss: 0.860(0.770), LR: 0.000249
[GPU cuda:0][TRAIN] Epoch: [5][2700/3100], Elapsed 14m 35s (remain 2m 9s), Accuracy: 100.000(67.836), Loss: 0.331(0.769), LR: 0.000249
[GPU cuda:0][TRAIN] Epoch: [5][2750/3100], Elapsed 14m 51s (remain 1m 53s), Accuracy: 75.000(67.903), Loss: 0.777(0.768), LR: 0.000249
[GPU cuda:0][TRAIN] Epoch: [5][2800/3100], Elapsed 15m 8s (remain 1m 36s), Accuracy: 0.000(67.886), Loss: 1.683(0.769), LR: 0.000249
[GPU cuda:0][TRAIN] Epoch: [5][2850/3100], Elapsed 15m 24s (remain 1m 20s), Accuracy: 75.000(67.915), Loss: 0.787(0.769), LR: 0.000249
[GPU cuda:0][TRAIN] Epoch: [5][2900/3100], Elapsed 15m 40s (remain 1m 4s), Accuracy: 75.000(67.865), Loss: 0.643(0.769), LR: 0.000249
[GPU cuda:0][TRAIN] Epoch: [5][2950/3100], Elapsed 15m 57s (remain 0m 48s), Accuracy: 75.000(67.909), Loss: 0.578(0.769), LR: 0.000249
[GPU cuda:0][TRAIN] Epoch: [5][3000/3100], Elapsed 16m 13s (remain 0m 32s), Accuracy: 50.000(68.002), Loss: 1.540(0.767), LR: 0.000249
[GPU cuda:0][TRAIN] Epoch: [5][3050/3100], Elapsed 16m 29s (remain 0m 15s), Accuracy: 75.000(68.043), Loss: 0.420(0.767), LR: 0.000249
[GPU cuda:0][TRAIN] Epoch: [5][3099/3100], Elapsed 16m 45s (remain 0m 0s), Accuracy: 25.000(68.065), Loss: 1.319(0.766), LR: 0.000249
[GPU cuda:0][VALID][0/388], Elapsed 0m 0s (remain 3m 31s), Accuracy: 87.500(87.500), Batch Loss: 0.3339, Average Loss: 0.3339
[GPU cuda:0][VALID][50/388], Elapsed 0m 12s (remain 1m 20s), Accuracy: 75.000(64.461), Batch Loss: 1.0509, Average Loss: 0.8272
[GPU cuda:0][VALID][100/388], Elapsed 0m 23s (remain 1m 8s), Accuracy: 50.000(64.233), Batch Loss: 0.9009, Average Loss: 0.8394
[GPU cuda:0][VALID][150/388], Elapsed 0m 35s (remain 0m 56s), Accuracy: 75.000(64.073), Batch Loss: 0.9968, Average Loss: 0.8596
[GPU cuda:0][VALID][200/388], Elapsed 0m 47s (remain 0m 44s), Accuracy: 87.500(64.490), Batch Loss: 0.2327, Average Loss: 0.8407
[GPU cuda:0][VALID][250/388], Elapsed 0m 59s (remain 0m 32s), Accuracy: 37.500(63.695), Batch Loss: 0.9131, Average Loss: 0.8448
[GPU cuda:0][VALID][300/388], Elapsed 1m 11s (remain 0m 20s), Accuracy: 25.000(63.829), Batch Loss: 1.1564, Average Loss: 0.8458
[GPU cuda:0][VALID][350/388], Elapsed 1m 22s (remain 0m 8s), Accuracy: 37.500(63.818), Batch Loss: 1.1594, Average Loss: 0.8406
[GPU cuda:0][VALID][387/388], Elapsed 1m 31s (remain 0m 0s), Accuracy: 50.000(64.240), Batch Loss: 1.2387, Average Loss: 0.8329
Valid Labels Samples: [2 0 1 4 1 0 3 1 4 3]
Valid Predictions Samples: [2, 0, 1, 4, 1, 0, 4, 1, 4, 0]
Epoch 5 - Train Average Loss: 68.065, Valid Average Loss: 64.240, Epoch Time: 1100.016s
Epoch 5 - Accuracy: 0.643, Precision: 0.671, Recall: 0.643
[GPU cuda:0][TRAIN] Epoch: [6][0/3100], Elapsed 0m 0s (remain 36m 46s), Accuracy: 75.000(75.000), Loss: 1.080(1.080), LR: 0.000249
[GPU cuda:0][TRAIN] Epoch: [6][50/3100], Elapsed 0m 16s (remain 16m 49s), Accuracy: 75.000(73.529), Loss: 0.500(0.659), LR: 0.000249
[GPU cuda:0][TRAIN] Epoch: [6][100/3100], Elapsed 0m 33s (remain 16m 20s), Accuracy: 25.000(73.515), Loss: 1.600(0.666), LR: 0.000248
[GPU cuda:0][TRAIN] Epoch: [6][150/3100], Elapsed 0m 49s (remain 15m 57s), Accuracy: 100.000(70.530), Loss: 0.135(0.699), LR: 0.000248
[GPU cuda:0][TRAIN] Epoch: [6][200/3100], Elapsed 1m 5s (remain 15m 40s), Accuracy: 100.000(71.269), Loss: 0.100(0.694), LR: 0.000248
[GPU cuda:0][TRAIN] Epoch: [6][250/3100], Elapsed 1m 21s (remain 15m 23s), Accuracy: 75.000(70.518), Loss: 0.762(0.720), LR: 0.000248
[GPU cuda:0][TRAIN] Epoch: [6][300/3100], Elapsed 1m 37s (remain 15m 6s), Accuracy: 75.000(70.432), Loss: 0.580(0.724), LR: 0.000248
[GPU cuda:0][TRAIN] Epoch: [6][350/3100], Elapsed 1m 53s (remain 14m 49s), Accuracy: 0.000(70.370), Loss: 2.044(0.718), LR: 0.000248
[GPU cuda:0][TRAIN] Epoch: [6][400/3100], Elapsed 2m 9s (remain 14m 32s), Accuracy: 50.000(69.763), Loss: 0.741(0.726), LR: 0.000248
[GPU cuda:0][TRAIN] Epoch: [6][450/3100], Elapsed 2m 25s (remain 14m 16s), Accuracy: 75.000(70.122), Loss: 0.385(0.720), LR: 0.000248
[GPU cuda:0][TRAIN] Epoch: [6][500/3100], Elapsed 2m 41s (remain 13m 59s), Accuracy: 75.000(69.760), Loss: 0.972(0.721), LR: 0.000248
[GPU cuda:0][TRAIN] Epoch: [6][550/3100], Elapsed 2m 57s (remain 13m 43s), Accuracy: 50.000(69.918), Loss: 1.383(0.723), LR: 0.000247
[GPU cuda:0][TRAIN] Epoch: [6][600/3100], Elapsed 3m 14s (remain 13m 26s), Accuracy: 75.000(70.092), Loss: 0.463(0.718), LR: 0.000247
[GPU cuda:0][TRAIN] Epoch: [6][650/3100], Elapsed 3m 30s (remain 13m 10s), Accuracy: 100.000(70.046), Loss: 0.315(0.727), LR: 0.000247
[GPU cuda:0][TRAIN] Epoch: [6][700/3100], Elapsed 3m 46s (remain 12m 53s), Accuracy: 100.000(69.650), Loss: 0.605(0.735), LR: 0.000247
[GPU cuda:0][TRAIN] Epoch: [6][750/3100], Elapsed 4m 2s (remain 12m 37s), Accuracy: 100.000(69.507), Loss: 0.065(0.743), LR: 0.000247
[GPU cuda:0][TRAIN] Epoch: [6][800/3100], Elapsed 4m 18s (remain 12m 21s), Accuracy: 100.000(69.351), Loss: 0.433(0.743), LR: 0.000247
[GPU cuda:0][TRAIN] Epoch: [6][850/3100], Elapsed 4m 34s (remain 12m 5s), Accuracy: 100.000(69.418), Loss: 0.183(0.742), LR: 0.000247
[GPU cuda:0][TRAIN] Epoch: [6][900/3100], Elapsed 4m 50s (remain 11m 48s), Accuracy: 50.000(69.229), Loss: 0.786(0.744), LR: 0.000247
[GPU cuda:0][TRAIN] Epoch: [6][950/3100], Elapsed 5m 6s (remain 11m 32s), Accuracy: 75.000(69.322), Loss: 1.082(0.747), LR: 0.000246
[GPU cuda:0][TRAIN] Epoch: [6][1000/3100], Elapsed 5m 22s (remain 11m 16s), Accuracy: 75.000(69.655), Loss: 0.345(0.742), LR: 0.000246
[GPU cuda:0][TRAIN] Epoch: [6][1050/3100], Elapsed 5m 38s (remain 10m 59s), Accuracy: 100.000(69.791), Loss: 0.293(0.738), LR: 0.000246
[GPU cuda:0][TRAIN] Epoch: [6][1100/3100], Elapsed 5m 53s (remain 10m 42s), Accuracy: 50.000(69.550), Loss: 1.273(0.740), LR: 0.000246
[GPU cuda:0][TRAIN] Epoch: [6][1150/3100], Elapsed 6m 9s (remain 10m 25s), Accuracy: 75.000(69.483), Loss: 0.499(0.741), LR: 0.000246
[GPU cuda:0][TRAIN] Epoch: [6][1200/3100], Elapsed 6m 25s (remain 10m 10s), Accuracy: 100.000(69.629), Loss: 0.121(0.735), LR: 0.000246
[GPU cuda:0][TRAIN] Epoch: [6][1250/3100], Elapsed 6m 42s (remain 9m 54s), Accuracy: 25.000(69.285), Loss: 1.564(0.738), LR: 0.000245
[GPU cuda:0][TRAIN] Epoch: [6][1300/3100], Elapsed 6m 58s (remain 9m 38s), Accuracy: 75.000(69.389), Loss: 0.798(0.736), LR: 0.000245
[GPU cuda:0][TRAIN] Epoch: [6][1350/3100], Elapsed 7m 14s (remain 9m 22s), Accuracy: 100.000(69.634), Loss: 0.360(0.730), LR: 0.000245
[GPU cuda:0][TRAIN] Epoch: [6][1400/3100], Elapsed 7m 31s (remain 9m 7s), Accuracy: 100.000(69.665), Loss: 0.459(0.730), LR: 0.000245
[GPU cuda:0][TRAIN] Epoch: [6][1450/3100], Elapsed 7m 47s (remain 8m 51s), Accuracy: 75.000(69.848), Loss: 0.386(0.724), LR: 0.000245
[GPU cuda:0][TRAIN] Epoch: [6][1500/3100], Elapsed 8m 3s (remain 8m 35s), Accuracy: 100.000(69.903), Loss: 0.714(0.724), LR: 0.000245
[GPU cuda:0][TRAIN] Epoch: [6][1550/3100], Elapsed 8m 20s (remain 8m 19s), Accuracy: 100.000(69.713), Loss: 0.066(0.724), LR: 0.000244
[GPU cuda:0][TRAIN] Epoch: [6][1600/3100], Elapsed 8m 36s (remain 8m 3s), Accuracy: 100.000(69.769), Loss: 0.305(0.724), LR: 0.000244
[GPU cuda:0][TRAIN] Epoch: [6][1650/3100], Elapsed 8m 52s (remain 7m 47s), Accuracy: 100.000(69.942), Loss: 0.275(0.722), LR: 0.000244
[GPU cuda:0][TRAIN] Epoch: [6][1700/3100], Elapsed 9m 8s (remain 7m 31s), Accuracy: 100.000(70.076), Loss: 0.764(0.720), LR: 0.000244
[GPU cuda:0][TRAIN] Epoch: [6][1750/3100], Elapsed 9m 24s (remain 7m 14s), Accuracy: 100.000(69.903), Loss: 0.323(0.723), LR: 0.000244
[GPU cuda:0][TRAIN] Epoch: [6][1800/3100], Elapsed 9m 40s (remain 6m 58s), Accuracy: 75.000(70.072), Loss: 0.512(0.721), LR: 0.000244
[GPU cuda:0][TRAIN] Epoch: [6][1850/3100], Elapsed 9m 56s (remain 6m 42s), Accuracy: 50.000(69.962), Loss: 0.601(0.722), LR: 0.000243
[GPU cuda:0][TRAIN] Epoch: [6][1900/3100], Elapsed 10m 12s (remain 6m 26s), Accuracy: 75.000(70.068), Loss: 0.622(0.721), LR: 0.000243
[GPU cuda:0][TRAIN] Epoch: [6][1950/3100], Elapsed 10m 28s (remain 6m 10s), Accuracy: 75.000(70.028), Loss: 0.531(0.719), LR: 0.000243
[GPU cuda:0][TRAIN] Epoch: [6][2000/3100], Elapsed 10m 45s (remain 5m 54s), Accuracy: 75.000(70.065), Loss: 0.642(0.719), LR: 0.000243
[GPU cuda:0][TRAIN] Epoch: [6][2050/3100], Elapsed 11m 1s (remain 5m 38s), Accuracy: 75.000(70.295), Loss: 0.624(0.715), LR: 0.000243
[GPU cuda:0][TRAIN] Epoch: [6][2100/3100], Elapsed 11m 17s (remain 5m 21s), Accuracy: 50.000(70.324), Loss: 2.279(0.714), LR: 0.000242
[GPU cuda:0][TRAIN] Epoch: [6][2150/3100], Elapsed 11m 33s (remain 5m 5s), Accuracy: 50.000(70.456), Loss: 1.082(0.712), LR: 0.000242
[GPU cuda:0][TRAIN] Epoch: [6][2200/3100], Elapsed 11m 49s (remain 4m 49s), Accuracy: 25.000(70.434), Loss: 1.212(0.712), LR: 0.000242
[GPU cuda:0][TRAIN] Epoch: [6][2250/3100], Elapsed 12m 5s (remain 4m 33s), Accuracy: 50.000(70.535), Loss: 0.561(0.709), LR: 0.000242
[GPU cuda:0][TRAIN] Epoch: [6][2300/3100], Elapsed 12m 21s (remain 4m 17s), Accuracy: 0.000(70.567), Loss: 1.752(0.708), LR: 0.000241
[GPU cuda:0][TRAIN] Epoch: [6][2350/3100], Elapsed 12m 37s (remain 4m 1s), Accuracy: 75.000(70.555), Loss: 0.607(0.708), LR: 0.000241
[GPU cuda:0][TRAIN] Epoch: [6][2400/3100], Elapsed 12m 53s (remain 3m 45s), Accuracy: 50.000(70.398), Loss: 1.222(0.710), LR: 0.000241
[GPU cuda:0][TRAIN] Epoch: [6][2450/3100], Elapsed 13m 9s (remain 3m 29s), Accuracy: 50.000(70.390), Loss: 0.800(0.710), LR: 0.000241
[GPU cuda:0][TRAIN] Epoch: [6][2500/3100], Elapsed 13m 26s (remain 3m 13s), Accuracy: 75.000(70.402), Loss: 1.120(0.710), LR: 0.000241
[GPU cuda:0][TRAIN] Epoch: [6][2550/3100], Elapsed 13m 42s (remain 2m 56s), Accuracy: 50.000(70.404), Loss: 1.151(0.711), LR: 0.000240
[GPU cuda:0][TRAIN] Epoch: [6][2600/3100], Elapsed 13m 58s (remain 2m 40s), Accuracy: 75.000(70.617), Loss: 0.775(0.707), LR: 0.000240
[GPU cuda:0][TRAIN] Epoch: [6][2650/3100], Elapsed 14m 14s (remain 2m 24s), Accuracy: 50.000(70.681), Loss: 0.709(0.705), LR: 0.000240
[GPU cuda:0][TRAIN] Epoch: [6][2700/3100], Elapsed 14m 30s (remain 2m 8s), Accuracy: 50.000(70.761), Loss: 0.706(0.704), LR: 0.000240
[GPU cuda:0][TRAIN] Epoch: [6][2750/3100], Elapsed 14m 46s (remain 1m 52s), Accuracy: 50.000(70.811), Loss: 1.234(0.703), LR: 0.000239
[GPU cuda:0][TRAIN] Epoch: [6][2800/3100], Elapsed 15m 2s (remain 1m 36s), Accuracy: 25.000(70.760), Loss: 1.573(0.704), LR: 0.000239
[GPU cuda:0][TRAIN] Epoch: [6][2850/3100], Elapsed 15m 18s (remain 1m 20s), Accuracy: 75.000(70.791), Loss: 0.906(0.703), LR: 0.000239
[GPU cuda:0][TRAIN] Epoch: [6][2900/3100], Elapsed 15m 34s (remain 1m 4s), Accuracy: 100.000(70.708), Loss: 0.570(0.703), LR: 0.000239
[GPU cuda:0][TRAIN] Epoch: [6][2950/3100], Elapsed 15m 49s (remain 0m 47s), Accuracy: 75.000(70.832), Loss: 0.505(0.702), LR: 0.000238
[GPU cuda:0][TRAIN] Epoch: [6][3000/3100], Elapsed 16m 5s (remain 0m 31s), Accuracy: 25.000(70.901), Loss: 1.371(0.701), LR: 0.000238
[GPU cuda:0][TRAIN] Epoch: [6][3050/3100], Elapsed 16m 21s (remain 0m 15s), Accuracy: 75.000(70.952), Loss: 0.476(0.700), LR: 0.000238
[GPU cuda:0][TRAIN] Epoch: [6][3099/3100], Elapsed 16m 37s (remain 0m 0s), Accuracy: 25.000(71.008), Loss: 3.165(0.699), LR: 0.000238
[GPU cuda:0][VALID][0/388], Elapsed 0m 0s (remain 3m 31s), Accuracy: 87.500(87.500), Batch Loss: 0.3056, Average Loss: 0.3056
[GPU cuda:0][VALID][50/388], Elapsed 0m 12s (remain 1m 20s), Accuracy: 62.500(71.324), Batch Loss: 0.9888, Average Loss: 0.7048
[GPU cuda:0][VALID][100/388], Elapsed 0m 23s (remain 1m 8s), Accuracy: 87.500(73.267), Batch Loss: 0.8568, Average Loss: 0.6843
[GPU cuda:0][VALID][150/388], Elapsed 0m 35s (remain 0m 55s), Accuracy: 75.000(71.192), Batch Loss: 1.0448, Average Loss: 0.7292
[GPU cuda:0][VALID][200/388], Elapsed 0m 47s (remain 0m 44s), Accuracy: 100.000(71.704), Batch Loss: 0.1565, Average Loss: 0.7115
[GPU cuda:0][VALID][250/388], Elapsed 0m 59s (remain 0m 32s), Accuracy: 50.000(71.713), Batch Loss: 1.0502, Average Loss: 0.7229
[GPU cuda:0][VALID][300/388], Elapsed 1m 10s (remain 0m 20s), Accuracy: 62.500(71.719), Batch Loss: 0.8039, Average Loss: 0.7211
[GPU cuda:0][VALID][350/388], Elapsed 1m 22s (remain 0m 8s), Accuracy: 87.500(71.937), Batch Loss: 0.7040, Average Loss: 0.7193
[GPU cuda:0][VALID][387/388], Elapsed 1m 31s (remain 0m 0s), Accuracy: 50.000(71.811), Batch Loss: 0.7772, Average Loss: 0.7150
Valid Labels Samples: [2 0 1 4 1 0 3 1 4 3]
Valid Predictions Samples: [2, 0, 1, 3, 1, 0, 3, 1, 3, 0]
Epoch 6 - Train Average Loss: 71.008, Valid Average Loss: 71.811, Epoch Time: 1091.677s
Epoch 6 - Accuracy: 0.718, Precision: 0.716, Recall: 0.718
Saved Best Model: 0.72
[GPU cuda:0][TRAIN] Epoch: [7][0/3100], Elapsed 0m 0s (remain 37m 20s), Accuracy: 75.000(75.000), Loss: 0.976(0.976), LR: 0.000238
[GPU cuda:0][TRAIN] Epoch: [7][50/3100], Elapsed 0m 17s (remain 16m 58s), Accuracy: 75.000(75.980), Loss: 0.506(0.605), LR: 0.000237
[GPU cuda:0][TRAIN] Epoch: [7][100/3100], Elapsed 0m 33s (remain 16m 31s), Accuracy: 25.000(74.257), Loss: 2.068(0.620), LR: 0.000237
[GPU cuda:0][TRAIN] Epoch: [7][150/3100], Elapsed 0m 49s (remain 16m 12s), Accuracy: 100.000(72.682), Loss: 0.029(0.631), LR: 0.000237
[GPU cuda:0][TRAIN] Epoch: [7][200/3100], Elapsed 1m 5s (remain 15m 46s), Accuracy: 100.000(73.383), Loss: 0.121(0.627), LR: 0.000237
[GPU cuda:0][TRAIN] Epoch: [7][250/3100], Elapsed 1m 21s (remain 15m 27s), Accuracy: 50.000(72.809), Loss: 1.143(0.647), LR: 0.000236
[GPU cuda:0][TRAIN] Epoch: [7][300/3100], Elapsed 1m 37s (remain 15m 9s), Accuracy: 50.000(72.841), Loss: 0.650(0.646), LR: 0.000236
[GPU cuda:0][TRAIN] Epoch: [7][350/3100], Elapsed 1m 54s (remain 14m 52s), Accuracy: 0.000(72.863), Loss: 1.637(0.646), LR: 0.000236
[GPU cuda:0][TRAIN] Epoch: [7][400/3100], Elapsed 2m 10s (remain 14m 35s), Accuracy: 50.000(72.132), Loss: 0.994(0.659), LR: 0.000235
[GPU cuda:0][TRAIN] Epoch: [7][450/3100], Elapsed 2m 26s (remain 14m 19s), Accuracy: 50.000(72.228), Loss: 0.715(0.663), LR: 0.000235
[GPU cuda:0][TRAIN] Epoch: [7][500/3100], Elapsed 2m 42s (remain 14m 2s), Accuracy: 100.000(72.455), Loss: 0.574(0.662), LR: 0.000235
[GPU cuda:0][TRAIN] Epoch: [7][550/3100], Elapsed 2m 58s (remain 13m 45s), Accuracy: 75.000(72.731), Loss: 0.821(0.656), LR: 0.000235
[GPU cuda:0][TRAIN] Epoch: [7][600/3100], Elapsed 3m 14s (remain 13m 28s), Accuracy: 75.000(73.045), Loss: 0.833(0.652), LR: 0.000234
[GPU cuda:0][TRAIN] Epoch: [7][650/3100], Elapsed 3m 30s (remain 13m 11s), Accuracy: 100.000(73.157), Loss: 0.094(0.653), LR: 0.000234
[GPU cuda:0][TRAIN] Epoch: [7][700/3100], Elapsed 3m 46s (remain 12m 54s), Accuracy: 75.000(72.682), Loss: 0.623(0.670), LR: 0.000234
[GPU cuda:0][TRAIN] Epoch: [7][750/3100], Elapsed 4m 2s (remain 12m 38s), Accuracy: 100.000(72.803), Loss: 0.110(0.668), LR: 0.000233
[GPU cuda:0][TRAIN] Epoch: [7][800/3100], Elapsed 4m 18s (remain 12m 22s), Accuracy: 75.000(72.971), Loss: 0.678(0.668), LR: 0.000233
[GPU cuda:0][TRAIN] Epoch: [7][850/3100], Elapsed 4m 34s (remain 12m 6s), Accuracy: 75.000(72.944), Loss: 0.731(0.667), LR: 0.000233
[GPU cuda:0][TRAIN] Epoch: [7][900/3100], Elapsed 4m 50s (remain 11m 50s), Accuracy: 75.000(72.808), Loss: 0.551(0.668), LR: 0.000232
[GPU cuda:0][TRAIN] Epoch: [7][950/3100], Elapsed 5m 7s (remain 11m 33s), Accuracy: 100.000(72.897), Loss: 0.302(0.669), LR: 0.000232
[GPU cuda:0][TRAIN] Epoch: [7][1000/3100], Elapsed 5m 23s (remain 11m 17s), Accuracy: 50.000(73.102), Loss: 0.678(0.664), LR: 0.000232
[GPU cuda:0][TRAIN] Epoch: [7][1050/3100], Elapsed 5m 39s (remain 11m 1s), Accuracy: 100.000(73.525), Loss: 0.142(0.655), LR: 0.000232
[GPU cuda:0][TRAIN] Epoch: [7][1100/3100], Elapsed 5m 55s (remain 10m 45s), Accuracy: 25.000(73.388), Loss: 1.264(0.657), LR: 0.000231
[GPU cuda:0][TRAIN] Epoch: [7][1150/3100], Elapsed 6m 11s (remain 10m 28s), Accuracy: 50.000(73.588), Loss: 0.748(0.654), LR: 0.000231
[GPU cuda:0][TRAIN] Epoch: [7][1200/3100], Elapsed 6m 27s (remain 10m 12s), Accuracy: 100.000(73.709), Loss: 0.065(0.651), LR: 0.000231
[GPU cuda:0][TRAIN] Epoch: [7][1250/3100], Elapsed 6m 43s (remain 9m 56s), Accuracy: 75.000(73.381), Loss: 0.790(0.655), LR: 0.000230
[GPU cuda:0][TRAIN] Epoch: [7][1300/3100], Elapsed 6m 59s (remain 9m 40s), Accuracy: 75.000(73.463), Loss: 0.845(0.654), LR: 0.000230
[GPU cuda:0][TRAIN] Epoch: [7][1350/3100], Elapsed 7m 15s (remain 9m 23s), Accuracy: 75.000(73.501), Loss: 0.511(0.651), LR: 0.000230
[GPU cuda:0][TRAIN] Epoch: [7][1400/3100], Elapsed 7m 30s (remain 9m 6s), Accuracy: 75.000(73.340), Loss: 0.536(0.651), LR: 0.000229
[GPU cuda:0][TRAIN] Epoch: [7][1450/3100], Elapsed 7m 46s (remain 8m 50s), Accuracy: 75.000(73.449), Loss: 0.610(0.646), LR: 0.000229
[GPU cuda:0][TRAIN] Epoch: [7][1500/3100], Elapsed 8m 2s (remain 8m 33s), Accuracy: 100.000(73.451), Loss: 0.576(0.645), LR: 0.000229
[GPU cuda:0][TRAIN] Epoch: [7][1550/3100], Elapsed 8m 18s (remain 8m 17s), Accuracy: 100.000(73.388), Loss: 0.182(0.645), LR: 0.000228
[GPU cuda:0][TRAIN] Epoch: [7][1600/3100], Elapsed 8m 34s (remain 8m 2s), Accuracy: 100.000(73.579), Loss: 0.224(0.643), LR: 0.000228
[GPU cuda:0][TRAIN] Epoch: [7][1650/3100], Elapsed 8m 51s (remain 7m 46s), Accuracy: 100.000(73.516), Loss: 0.069(0.643), LR: 0.000228
[GPU cuda:0][TRAIN] Epoch: [7][1700/3100], Elapsed 9m 7s (remain 7m 30s), Accuracy: 100.000(73.692), Loss: 0.607(0.640), LR: 0.000227
[GPU cuda:0][TRAIN] Epoch: [7][1750/3100], Elapsed 9m 23s (remain 7m 14s), Accuracy: 100.000(73.615), Loss: 0.260(0.643), LR: 0.000227
[GPU cuda:0][TRAIN] Epoch: [7][1800/3100], Elapsed 9m 40s (remain 6m 58s), Accuracy: 100.000(73.584), Loss: 0.162(0.643), LR: 0.000227
[GPU cuda:0][TRAIN] Epoch: [7][1850/3100], Elapsed 9m 56s (remain 6m 42s), Accuracy: 50.000(73.541), Loss: 0.640(0.643), LR: 0.000226
[GPU cuda:0][TRAIN] Epoch: [7][1900/3100], Elapsed 10m 12s (remain 6m 26s), Accuracy: 75.000(73.724), Loss: 0.619(0.641), LR: 0.000226
[GPU cuda:0][TRAIN] Epoch: [7][1950/3100], Elapsed 10m 28s (remain 6m 10s), Accuracy: 75.000(73.808), Loss: 0.458(0.638), LR: 0.000225
[GPU cuda:0][TRAIN] Epoch: [7][2000/3100], Elapsed 10m 45s (remain 5m 54s), Accuracy: 100.000(73.763), Loss: 0.287(0.637), LR: 0.000225
[GPU cuda:0][TRAIN] Epoch: [7][2050/3100], Elapsed 11m 1s (remain 5m 38s), Accuracy: 75.000(73.976), Loss: 0.441(0.633), LR: 0.000225
[GPU cuda:0][TRAIN] Epoch: [7][2100/3100], Elapsed 11m 17s (remain 5m 21s), Accuracy: 75.000(73.989), Loss: 2.417(0.634), LR: 0.000224
[GPU cuda:0][TRAIN] Epoch: [7][2150/3100], Elapsed 11m 33s (remain 5m 5s), Accuracy: 50.000(74.105), Loss: 1.016(0.633), LR: 0.000224
[GPU cuda:0][TRAIN] Epoch: [7][2200/3100], Elapsed 11m 49s (remain 4m 49s), Accuracy: 50.000(74.137), Loss: 1.401(0.633), LR: 0.000224
[GPU cuda:0][TRAIN] Epoch: [7][2250/3100], Elapsed 12m 5s (remain 4m 33s), Accuracy: 100.000(74.256), Loss: 0.212(0.629), LR: 0.000223
[GPU cuda:0][TRAIN] Epoch: [7][2300/3100], Elapsed 12m 21s (remain 4m 17s), Accuracy: 25.000(74.272), Loss: 2.056(0.628), LR: 0.000223
[GPU cuda:0][TRAIN] Epoch: [7][2350/3100], Elapsed 12m 37s (remain 4m 1s), Accuracy: 75.000(74.234), Loss: 0.462(0.629), LR: 0.000223
[GPU cuda:0][TRAIN] Epoch: [7][2400/3100], Elapsed 12m 53s (remain 3m 45s), Accuracy: 50.000(74.177), Loss: 1.533(0.630), LR: 0.000222
[GPU cuda:0][TRAIN] Epoch: [7][2450/3100], Elapsed 13m 9s (remain 3m 29s), Accuracy: 100.000(74.174), Loss: 0.402(0.630), LR: 0.000222
[GPU cuda:0][TRAIN] Epoch: [7][2500/3100], Elapsed 13m 25s (remain 3m 12s), Accuracy: 75.000(74.210), Loss: 0.923(0.630), LR: 0.000221
[GPU cuda:0][TRAIN] Epoch: [7][2550/3100], Elapsed 13m 41s (remain 2m 56s), Accuracy: 75.000(74.216), Loss: 1.127(0.630), LR: 0.000221
[GPU cuda:0][TRAIN] Epoch: [7][2600/3100], Elapsed 13m 57s (remain 2m 40s), Accuracy: 50.000(74.375), Loss: 0.711(0.627), LR: 0.000221
[GPU cuda:0][TRAIN] Epoch: [7][2650/3100], Elapsed 14m 13s (remain 2m 24s), Accuracy: 25.000(74.453), Loss: 1.155(0.625), LR: 0.000220
[GPU cuda:0][TRAIN] Epoch: [7][2700/3100], Elapsed 14m 30s (remain 2m 8s), Accuracy: 75.000(74.500), Loss: 0.390(0.624), LR: 0.000220
[GPU cuda:0][TRAIN] Epoch: [7][2750/3100], Elapsed 14m 46s (remain 1m 52s), Accuracy: 50.000(74.482), Loss: 1.023(0.624), LR: 0.000219
[GPU cuda:0][TRAIN] Epoch: [7][2800/3100], Elapsed 15m 2s (remain 1m 36s), Accuracy: 0.000(74.429), Loss: 1.752(0.625), LR: 0.000219
[GPU cuda:0][TRAIN] Epoch: [7][2850/3100], Elapsed 15m 18s (remain 1m 20s), Accuracy: 75.000(74.465), Loss: 1.060(0.624), LR: 0.000219
[GPU cuda:0][TRAIN] Epoch: [7][2900/3100], Elapsed 15m 34s (remain 1m 4s), Accuracy: 100.000(74.431), Loss: 0.452(0.625), LR: 0.000218
[GPU cuda:0][TRAIN] Epoch: [7][2950/3100], Elapsed 15m 50s (remain 0m 47s), Accuracy: 100.000(74.441), Loss: 0.255(0.625), LR: 0.000218
[GPU cuda:0][TRAIN] Epoch: [7][3000/3100], Elapsed 16m 6s (remain 0m 31s), Accuracy: 50.000(74.492), Loss: 0.679(0.623), LR: 0.000217
[GPU cuda:0][TRAIN] Epoch: [7][3050/3100], Elapsed 16m 22s (remain 0m 15s), Accuracy: 75.000(74.508), Loss: 0.357(0.623), LR: 0.000217
[GPU cuda:0][TRAIN] Epoch: [7][3099/3100], Elapsed 16m 38s (remain 0m 0s), Accuracy: 25.000(74.573), Loss: 2.397(0.622), LR: 0.000217
[GPU cuda:0][VALID][0/388], Elapsed 0m 0s (remain 3m 33s), Accuracy: 100.000(100.000), Batch Loss: 0.1010, Average Loss: 0.1010
[GPU cuda:0][VALID][50/388], Elapsed 0m 12s (remain 1m 20s), Accuracy: 75.000(73.284), Batch Loss: 1.1497, Average Loss: 0.7314
[GPU cuda:0][VALID][100/388], Elapsed 0m 23s (remain 1m 7s), Accuracy: 75.000(74.010), Batch Loss: 0.7354, Average Loss: 0.7197
[GPU cuda:0][VALID][150/388], Elapsed 0m 35s (remain 0m 55s), Accuracy: 62.500(72.599), Batch Loss: 1.1387, Average Loss: 0.7513
[GPU cuda:0][VALID][200/388], Elapsed 0m 47s (remain 0m 44s), Accuracy: 100.000(73.197), Batch Loss: 0.1743, Average Loss: 0.7323
[GPU cuda:0][VALID][250/388], Elapsed 0m 59s (remain 0m 32s), Accuracy: 62.500(72.261), Batch Loss: 0.8448, Average Loss: 0.7509
[GPU cuda:0][VALID][300/388], Elapsed 1m 10s (remain 0m 20s), Accuracy: 62.500(72.218), Batch Loss: 0.9534, Average Loss: 0.7469
[GPU cuda:0][VALID][350/388], Elapsed 1m 22s (remain 0m 8s), Accuracy: 75.000(72.222), Batch Loss: 0.8172, Average Loss: 0.7483
[GPU cuda:0][VALID][387/388], Elapsed 1m 31s (remain 0m 0s), Accuracy: 75.000(72.197), Batch Loss: 0.6849, Average Loss: 0.7419
Valid Labels Samples: [2 0 1 4 1 0 3 1 4 3]
Valid Predictions Samples: [2, 0, 1, 4, 1, 0, 3, 1, 3, 0]
Epoch 7 - Train Average Loss: 74.573, Valid Average Loss: 72.197, Epoch Time: 1092.184s
Epoch 7 - Accuracy: 0.722, Precision: 0.722, Recall: 0.722
Saved Best Model: 0.72
[GPU cuda:0][TRAIN] Epoch: [8][0/3100], Elapsed 0m 0s (remain 38m 57s), Accuracy: 75.000(75.000), Loss: 1.070(1.070), LR: 0.000217
[GPU cuda:0][TRAIN] Epoch: [8][50/3100], Elapsed 0m 17s (remain 17m 7s), Accuracy: 75.000(78.431), Loss: 0.543(0.540), LR: 0.000216
[GPU cuda:0][TRAIN] Epoch: [8][100/3100], Elapsed 0m 33s (remain 16m 34s), Accuracy: 50.000(77.475), Loss: 2.072(0.567), LR: 0.000216
[GPU cuda:0][TRAIN] Epoch: [8][150/3100], Elapsed 0m 49s (remain 16m 13s), Accuracy: 100.000(75.497), Loss: 0.041(0.585), LR: 0.000215
[GPU cuda:0][TRAIN] Epoch: [8][200/3100], Elapsed 1m 6s (remain 15m 54s), Accuracy: 100.000(76.741), Loss: 0.121(0.574), LR: 0.000215
[GPU cuda:0][TRAIN] Epoch: [8][250/3100], Elapsed 1m 22s (remain 15m 36s), Accuracy: 75.000(75.996), Loss: 0.643(0.594), LR: 0.000215
[GPU cuda:0][TRAIN] Epoch: [8][300/3100], Elapsed 1m 38s (remain 15m 19s), Accuracy: 100.000(76.329), Loss: 0.220(0.589), LR: 0.000214
[GPU cuda:0][TRAIN] Epoch: [8][350/3100], Elapsed 1m 55s (remain 15m 2s), Accuracy: 0.000(75.712), Loss: 1.101(0.588), LR: 0.000214
[GPU cuda:0][TRAIN] Epoch: [8][400/3100], Elapsed 2m 11s (remain 14m 45s), Accuracy: 25.000(75.436), Loss: 0.907(0.593), LR: 0.000213
[GPU cuda:0][TRAIN] Epoch: [8][450/3100], Elapsed 2m 27s (remain 14m 28s), Accuracy: 75.000(75.776), Loss: 0.637(0.583), LR: 0.000213
[GPU cuda:0][TRAIN] Epoch: [8][500/3100], Elapsed 2m 44s (remain 14m 10s), Accuracy: 100.000(75.998), Loss: 0.490(0.586), LR: 0.000212
[GPU cuda:0][TRAIN] Epoch: [8][550/3100], Elapsed 2m 59s (remain 13m 52s), Accuracy: 50.000(76.361), Loss: 0.832(0.579), LR: 0.000212
[GPU cuda:0][TRAIN] Epoch: [8][600/3100], Elapsed 3m 16s (remain 13m 35s), Accuracy: 100.000(76.705), Loss: 0.127(0.572), LR: 0.000212
[GPU cuda:0][TRAIN] Epoch: [8][650/3100], Elapsed 3m 32s (remain 13m 18s), Accuracy: 100.000(76.575), Loss: 0.226(0.575), LR: 0.000211
[GPU cuda:0][TRAIN] Epoch: [8][700/3100], Elapsed 3m 48s (remain 13m 1s), Accuracy: 75.000(76.213), Loss: 0.669(0.583), LR: 0.000211
[GPU cuda:0][TRAIN] Epoch: [8][750/3100], Elapsed 4m 4s (remain 12m 44s), Accuracy: 100.000(76.232), Loss: 0.161(0.585), LR: 0.000210
[GPU cuda:0][TRAIN] Epoch: [8][800/3100], Elapsed 4m 20s (remain 12m 27s), Accuracy: 100.000(75.968), Loss: 0.213(0.590), LR: 0.000210
[GPU cuda:0][TRAIN] Epoch: [8][850/3100], Elapsed 4m 36s (remain 12m 11s), Accuracy: 100.000(75.911), Loss: 0.072(0.590), LR: 0.000209
[GPU cuda:0][TRAIN] Epoch: [8][900/3100], Elapsed 4m 52s (remain 11m 54s), Accuracy: 75.000(75.694), Loss: 0.448(0.597), LR: 0.000209
[GPU cuda:0][TRAIN] Epoch: [8][950/3100], Elapsed 5m 8s (remain 11m 37s), Accuracy: 50.000(75.868), Loss: 0.745(0.597), LR: 0.000208
[GPU cuda:0][TRAIN] Epoch: [8][1000/3100], Elapsed 5m 24s (remain 11m 21s), Accuracy: 75.000(76.074), Loss: 0.313(0.594), LR: 0.000208
[GPU cuda:0][TRAIN] Epoch: [8][1050/3100], Elapsed 5m 40s (remain 11m 4s), Accuracy: 75.000(76.237), Loss: 0.264(0.590), LR: 0.000208
[GPU cuda:0][TRAIN] Epoch: [8][1100/3100], Elapsed 5m 56s (remain 10m 48s), Accuracy: 25.000(76.135), Loss: 1.392(0.594), LR: 0.000207
[GPU cuda:0][TRAIN] Epoch: [8][1150/3100], Elapsed 6m 13s (remain 10m 31s), Accuracy: 100.000(76.347), Loss: 0.096(0.592), LR: 0.000207
[GPU cuda:0][TRAIN] Epoch: [8][1200/3100], Elapsed 6m 29s (remain 10m 15s), Accuracy: 100.000(76.436), Loss: 0.034(0.588), LR: 0.000206
[GPU cuda:0][TRAIN] Epoch: [8][1250/3100], Elapsed 6m 45s (remain 9m 58s), Accuracy: 75.000(76.139), Loss: 0.721(0.592), LR: 0.000206
[GPU cuda:0][TRAIN] Epoch: [8][1300/3100], Elapsed 7m 1s (remain 9m 42s), Accuracy: 75.000(76.153), Loss: 0.896(0.591), LR: 0.000205
[GPU cuda:0][TRAIN] Epoch: [8][1350/3100], Elapsed 7m 17s (remain 9m 26s), Accuracy: 100.000(76.258), Loss: 0.329(0.586), LR: 0.000205
[GPU cuda:0][TRAIN] Epoch: [8][1400/3100], Elapsed 7m 33s (remain 9m 10s), Accuracy: 100.000(76.231), Loss: 0.320(0.586), LR: 0.000204
[GPU cuda:0][TRAIN] Epoch: [8][1450/3100], Elapsed 7m 49s (remain 8m 53s), Accuracy: 100.000(76.344), Loss: 0.374(0.584), LR: 0.000204
[GPU cuda:0][TRAIN] Epoch: [8][1500/3100], Elapsed 8m 5s (remain 8m 37s), Accuracy: 100.000(76.516), Loss: 0.385(0.580), LR: 0.000203
[GPU cuda:0][TRAIN] Epoch: [8][1550/3100], Elapsed 8m 21s (remain 8m 21s), Accuracy: 100.000(76.451), Loss: 0.063(0.580), LR: 0.000203
[GPU cuda:0][TRAIN] Epoch: [8][1600/3100], Elapsed 8m 37s (remain 8m 4s), Accuracy: 100.000(76.702), Loss: 0.184(0.578), LR: 0.000202
[GPU cuda:0][TRAIN] Epoch: [8][1650/3100], Elapsed 8m 53s (remain 7m 48s), Accuracy: 100.000(76.832), Loss: 0.043(0.576), LR: 0.000202
[GPU cuda:0][TRAIN] Epoch: [8][1700/3100], Elapsed 9m 9s (remain 7m 31s), Accuracy: 100.000(76.955), Loss: 0.552(0.572), LR: 0.000201
[GPU cuda:0][TRAIN] Epoch: [8][1750/3100], Elapsed 9m 25s (remain 7m 15s), Accuracy: 75.000(76.842), Loss: 0.421(0.574), LR: 0.000201
[GPU cuda:0][TRAIN] Epoch: [8][1800/3100], Elapsed 9m 40s (remain 6m 58s), Accuracy: 100.000(76.971), Loss: 0.013(0.574), LR: 0.000201
[GPU cuda:0][TRAIN] Epoch: [8][1850/3100], Elapsed 9m 56s (remain 6m 42s), Accuracy: 75.000(76.931), Loss: 0.657(0.574), LR: 0.000200
[GPU cuda:0][TRAIN] Epoch: [8][1900/3100], Elapsed 10m 13s (remain 6m 26s), Accuracy: 75.000(77.091), Loss: 0.598(0.572), LR: 0.000200
[GPU cuda:0][TRAIN] Epoch: [8][1950/3100], Elapsed 10m 29s (remain 6m 10s), Accuracy: 50.000(77.114), Loss: 0.733(0.570), LR: 0.000199
[GPU cuda:0][TRAIN] Epoch: [8][2000/3100], Elapsed 10m 45s (remain 5m 54s), Accuracy: 75.000(77.099), Loss: 0.426(0.570), LR: 0.000199
[GPU cuda:0][TRAIN] Epoch: [8][2050/3100], Elapsed 11m 2s (remain 5m 38s), Accuracy: 75.000(77.206), Loss: 0.487(0.567), LR: 0.000198
[GPU cuda:0][TRAIN] Epoch: [8][2100/3100], Elapsed 11m 18s (remain 5m 22s), Accuracy: 75.000(77.225), Loss: 2.016(0.567), LR: 0.000198
[GPU cuda:0][TRAIN] Epoch: [8][2150/3100], Elapsed 11m 34s (remain 5m 6s), Accuracy: 50.000(77.290), Loss: 0.959(0.566), LR: 0.000197
[GPU cuda:0][TRAIN] Epoch: [8][2200/3100], Elapsed 11m 51s (remain 4m 50s), Accuracy: 50.000(77.340), Loss: 1.538(0.565), LR: 0.000197
[GPU cuda:0][TRAIN] Epoch: [8][2250/3100], Elapsed 12m 7s (remain 4m 34s), Accuracy: 75.000(77.421), Loss: 0.304(0.562), LR: 0.000196
[GPU cuda:0][TRAIN] Epoch: [8][2300/3100], Elapsed 12m 23s (remain 4m 18s), Accuracy: 50.000(77.532), Loss: 0.979(0.560), LR: 0.000196
[GPU cuda:0][TRAIN] Epoch: [8][2350/3100], Elapsed 12m 39s (remain 4m 2s), Accuracy: 75.000(77.478), Loss: 0.626(0.560), LR: 0.000195
[GPU cuda:0][TRAIN] Epoch: [8][2400/3100], Elapsed 12m 55s (remain 3m 45s), Accuracy: 25.000(77.416), Loss: 1.577(0.561), LR: 0.000195
[GPU cuda:0][TRAIN] Epoch: [8][2450/3100], Elapsed 13m 11s (remain 3m 29s), Accuracy: 100.000(77.448), Loss: 0.420(0.562), LR: 0.000194
[GPU cuda:0][TRAIN] Epoch: [8][2500/3100], Elapsed 13m 27s (remain 3m 13s), Accuracy: 75.000(77.509), Loss: 0.880(0.560), LR: 0.000194
[GPU cuda:0][TRAIN] Epoch: [8][2550/3100], Elapsed 13m 43s (remain 2m 57s), Accuracy: 50.000(77.499), Loss: 1.393(0.561), LR: 0.000193
[GPU cuda:0][TRAIN] Epoch: [8][2600/3100], Elapsed 14m 0s (remain 2m 41s), Accuracy: 75.000(77.701), Loss: 0.593(0.557), LR: 0.000193
[GPU cuda:0][TRAIN] Epoch: [8][2650/3100], Elapsed 14m 16s (remain 2m 24s), Accuracy: 50.000(77.735), Loss: 1.085(0.556), LR: 0.000192
[GPU cuda:0][TRAIN] Epoch: [8][2700/3100], Elapsed 14m 32s (remain 2m 8s), Accuracy: 75.000(77.842), Loss: 1.101(0.554), LR: 0.000192
[GPU cuda:0][TRAIN] Epoch: [8][2750/3100], Elapsed 14m 48s (remain 1m 52s), Accuracy: 50.000(77.826), Loss: 0.855(0.554), LR: 0.000191
[GPU cuda:0][TRAIN] Epoch: [8][2800/3100], Elapsed 15m 4s (remain 1m 36s), Accuracy: 25.000(77.811), Loss: 1.302(0.555), LR: 0.000191
[GPU cuda:0][TRAIN] Epoch: [8][2850/3100], Elapsed 15m 20s (remain 1m 20s), Accuracy: 75.000(77.911), Loss: 1.073(0.554), LR: 0.000190
[GPU cuda:0][TRAIN] Epoch: [8][2900/3100], Elapsed 15m 36s (remain 1m 4s), Accuracy: 100.000(77.870), Loss: 0.425(0.555), LR: 0.000190
[GPU cuda:0][TRAIN] Epoch: [8][2950/3100], Elapsed 15m 52s (remain 0m 48s), Accuracy: 100.000(77.889), Loss: 0.215(0.555), LR: 0.000189
[GPU cuda:0][TRAIN] Epoch: [8][3000/3100], Elapsed 16m 8s (remain 0m 31s), Accuracy: 50.000(77.974), Loss: 0.669(0.553), LR: 0.000189
[GPU cuda:0][TRAIN] Epoch: [8][3050/3100], Elapsed 16m 24s (remain 0m 15s), Accuracy: 100.000(78.040), Loss: 0.235(0.552), LR: 0.000188
[GPU cuda:0][TRAIN] Epoch: [8][3099/3100], Elapsed 16m 40s (remain 0m 0s), Accuracy: 25.000(78.016), Loss: 2.276(0.551), LR: 0.000187
[GPU cuda:0][VALID][0/388], Elapsed 0m 0s (remain 3m 31s), Accuracy: 100.000(100.000), Batch Loss: 0.1365, Average Loss: 0.1365
[GPU cuda:0][VALID][50/388], Elapsed 0m 12s (remain 1m 20s), Accuracy: 62.500(73.039), Batch Loss: 1.2757, Average Loss: 0.7948
[GPU cuda:0][VALID][100/388], Elapsed 0m 23s (remain 1m 7s), Accuracy: 87.500(73.267), Batch Loss: 0.5544, Average Loss: 0.7990
[GPU cuda:0][VALID][150/388], Elapsed 0m 35s (remain 0m 55s), Accuracy: 62.500(71.772), Batch Loss: 0.8986, Average Loss: 0.8332
[GPU cuda:0][VALID][200/388], Elapsed 0m 47s (remain 0m 44s), Accuracy: 75.000(71.580), Batch Loss: 0.3381, Average Loss: 0.8216
[GPU cuda:0][VALID][250/388], Elapsed 0m 59s (remain 0m 32s), Accuracy: 62.500(70.867), Batch Loss: 0.6180, Average Loss: 0.8365
[GPU cuda:0][VALID][300/388], Elapsed 1m 10s (remain 0m 20s), Accuracy: 50.000(71.179), Batch Loss: 0.7699, Average Loss: 0.8277
[GPU cuda:0][VALID][350/388], Elapsed 1m 22s (remain 0m 8s), Accuracy: 37.500(71.189), Batch Loss: 1.4595, Average Loss: 0.8276
[GPU cuda:0][VALID][387/388], Elapsed 1m 31s (remain 0m 0s), Accuracy: 75.000(71.231), Batch Loss: 0.4325, Average Loss: 0.8161
Valid Labels Samples: [2 0 1 4 1 0 3 1 4 3]
Valid Predictions Samples: [2, 0, 1, 4, 1, 0, 3, 1, 3, 0]
Epoch 8 - Train Average Loss: 78.016, Valid Average Loss: 71.231, Epoch Time: 1094.375s
Epoch 8 - Accuracy: 0.712, Precision: 0.715, Recall: 0.712
[GPU cuda:0][TRAIN] Epoch: [9][0/3100], Elapsed 0m 0s (remain 38m 7s), Accuracy: 75.000(75.000), Loss: 0.838(0.838), LR: 0.000187
[GPU cuda:0][TRAIN] Epoch: [9][50/3100], Elapsed 0m 16s (remain 16m 49s), Accuracy: 75.000(81.863), Loss: 0.369(0.427), LR: 0.000187
[GPU cuda:0][TRAIN] Epoch: [9][100/3100], Elapsed 0m 33s (remain 16m 20s), Accuracy: 50.000(82.178), Loss: 2.062(0.432), LR: 0.000186
[GPU cuda:0][TRAIN] Epoch: [9][150/3100], Elapsed 0m 48s (remain 15m 54s), Accuracy: 100.000(81.623), Loss: 0.042(0.458), LR: 0.000186
[GPU cuda:0][TRAIN] Epoch: [9][200/3100], Elapsed 1m 4s (remain 15m 29s), Accuracy: 75.000(82.338), Loss: 0.194(0.449), LR: 0.000185
[GPU cuda:0][TRAIN] Epoch: [9][250/3100], Elapsed 1m 20s (remain 15m 8s), Accuracy: 100.000(81.773), Loss: 0.454(0.470), LR: 0.000185
[GPU cuda:0][TRAIN] Epoch: [9][300/3100], Elapsed 1m 36s (remain 14m 54s), Accuracy: 100.000(81.977), Loss: 0.106(0.468), LR: 0.000184
[GPU cuda:0][TRAIN] Epoch: [9][350/3100], Elapsed 1m 52s (remain 14m 41s), Accuracy: 25.000(81.624), Loss: 1.748(0.475), LR: 0.000184
[GPU cuda:0][TRAIN] Epoch: [9][400/3100], Elapsed 2m 8s (remain 14m 27s), Accuracy: 75.000(81.484), Loss: 0.668(0.480), LR: 0.000183
[GPU cuda:0][TRAIN] Epoch: [9][450/3100], Elapsed 2m 25s (remain 14m 12s), Accuracy: 50.000(81.596), Loss: 0.483(0.472), LR: 0.000183
[GPU cuda:0][TRAIN] Epoch: [9][500/3100], Elapsed 2m 41s (remain 13m 57s), Accuracy: 50.000(81.138), Loss: 0.711(0.477), LR: 0.000182
[GPU cuda:0][TRAIN] Epoch: [9][550/3100], Elapsed 2m 57s (remain 13m 42s), Accuracy: 75.000(81.216), Loss: 0.669(0.475), LR: 0.000182
[GPU cuda:0][TRAIN] Epoch: [9][600/3100], Elapsed 3m 14s (remain 13m 27s), Accuracy: 75.000(81.115), Loss: 0.555(0.474), LR: 0.000181
[GPU cuda:0][TRAIN] Epoch: [9][650/3100], Elapsed 3m 30s (remain 13m 11s), Accuracy: 100.000(80.991), Loss: 0.150(0.478), LR: 0.000181
[GPU cuda:0][TRAIN] Epoch: [9][700/3100], Elapsed 3m 46s (remain 12m 56s), Accuracy: 100.000(80.777), Loss: 0.305(0.491), LR: 0.000180
[GPU cuda:0][TRAIN] Epoch: [9][750/3100], Elapsed 4m 3s (remain 12m 40s), Accuracy: 100.000(80.826), Loss: 0.047(0.494), LR: 0.000179
[GPU cuda:0][TRAIN] Epoch: [9][800/3100], Elapsed 4m 19s (remain 12m 24s), Accuracy: 75.000(80.556), Loss: 0.424(0.498), LR: 0.000179
[GPU cuda:0][TRAIN] Epoch: [9][850/3100], Elapsed 4m 35s (remain 12m 7s), Accuracy: 100.000(80.435), Loss: 0.083(0.498), LR: 0.000178
[GPU cuda:0][TRAIN] Epoch: [9][900/3100], Elapsed 4m 51s (remain 11m 51s), Accuracy: 75.000(80.383), Loss: 0.392(0.500), LR: 0.000178
[GPU cuda:0][TRAIN] Epoch: [9][950/3100], Elapsed 5m 7s (remain 11m 34s), Accuracy: 100.000(80.205), Loss: 0.270(0.503), LR: 0.000177
[GPU cuda:0][TRAIN] Epoch: [9][1000/3100], Elapsed 5m 23s (remain 11m 18s), Accuracy: 75.000(80.395), Loss: 0.234(0.499), LR: 0.000177
[GPU cuda:0][TRAIN] Epoch: [9][1050/3100], Elapsed 5m 39s (remain 11m 2s), Accuracy: 100.000(80.590), Loss: 0.071(0.496), LR: 0.000176
[GPU cuda:0][TRAIN] Epoch: [9][1100/3100], Elapsed 5m 55s (remain 10m 46s), Accuracy: 25.000(80.654), Loss: 1.427(0.494), LR: 0.000176
[GPU cuda:0][TRAIN] Epoch: [9][1150/3100], Elapsed 6m 11s (remain 10m 29s), Accuracy: 100.000(80.691), Loss: 0.028(0.495), LR: 0.000175
[GPU cuda:0][TRAIN] Epoch: [9][1200/3100], Elapsed 6m 27s (remain 10m 13s), Accuracy: 100.000(80.704), Loss: 0.040(0.491), LR: 0.000175
[GPU cuda:0][TRAIN] Epoch: [9][1250/3100], Elapsed 6m 44s (remain 9m 57s), Accuracy: 75.000(80.436), Loss: 0.700(0.493), LR: 0.000174
[GPU cuda:0][TRAIN] Epoch: [9][1300/3100], Elapsed 7m 0s (remain 9m 40s), Accuracy: 75.000(80.515), Loss: 0.395(0.492), LR: 0.000173
[GPU cuda:0][TRAIN] Epoch: [9][1350/3100], Elapsed 7m 16s (remain 9m 24s), Accuracy: 100.000(80.570), Loss: 0.205(0.488), LR: 0.000173
[GPU cuda:0][TRAIN] Epoch: [9][1400/3100], Elapsed 7m 32s (remain 9m 8s), Accuracy: 100.000(80.603), Loss: 0.104(0.487), LR: 0.000172
[GPU cuda:0][TRAIN] Epoch: [9][1450/3100], Elapsed 7m 48s (remain 8m 52s), Accuracy: 75.000(80.755), Loss: 0.421(0.482), LR: 0.000172
[GPU cuda:0][TRAIN] Epoch: [9][1500/3100], Elapsed 8m 4s (remain 8m 36s), Accuracy: 100.000(80.963), Loss: 0.375(0.477), LR: 0.000171
[GPU cuda:0][TRAIN] Epoch: [9][1550/3100], Elapsed 8m 20s (remain 8m 19s), Accuracy: 100.000(80.932), Loss: 0.003(0.477), LR: 0.000171
[GPU cuda:0][TRAIN] Epoch: [9][1600/3100], Elapsed 8m 36s (remain 8m 3s), Accuracy: 100.000(81.043), Loss: 0.078(0.476), LR: 0.000170
[GPU cuda:0][TRAIN] Epoch: [9][1650/3100], Elapsed 8m 52s (remain 7m 47s), Accuracy: 100.000(81.042), Loss: 0.074(0.475), LR: 0.000170
[GPU cuda:0][TRAIN] Epoch: [9][1700/3100], Elapsed 9m 8s (remain 7m 31s), Accuracy: 50.000(81.114), Loss: 0.627(0.473), LR: 0.000169
[GPU cuda:0][TRAIN] Epoch: [9][1750/3100], Elapsed 9m 24s (remain 7m 15s), Accuracy: 75.000(80.997), Loss: 0.305(0.476), LR: 0.000168
[GPU cuda:0][TRAIN] Epoch: [9][1800/3100], Elapsed 9m 41s (remain 6m 59s), Accuracy: 100.000(81.038), Loss: 0.018(0.475), LR: 0.000168
[GPU cuda:0][TRAIN] Epoch: [9][1850/3100], Elapsed 9m 57s (remain 6m 42s), Accuracy: 75.000(80.808), Loss: 0.441(0.478), LR: 0.000167
[GPU cuda:0][TRAIN] Epoch: [9][1900/3100], Elapsed 10m 13s (remain 6m 26s), Accuracy: 75.000(80.878), Loss: 0.517(0.477), LR: 0.000167
[GPU cuda:0][TRAIN] Epoch: [9][1950/3100], Elapsed 10m 29s (remain 6m 10s), Accuracy: 50.000(80.843), Loss: 1.073(0.477), LR: 0.000166
[GPU cuda:0][TRAIN] Epoch: [9][2000/3100], Elapsed 10m 45s (remain 5m 54s), Accuracy: 100.000(80.797), Loss: 0.207(0.478), LR: 0.000166
[GPU cuda:0][TRAIN] Epoch: [9][2050/3100], Elapsed 11m 0s (remain 5m 38s), Accuracy: 75.000(80.961), Loss: 0.440(0.475), LR: 0.000165
[GPU cuda:0][TRAIN] Epoch: [9][2100/3100], Elapsed 11m 16s (remain 5m 21s), Accuracy: 75.000(80.973), Loss: 1.831(0.476), LR: 0.000164
[GPU cuda:0][TRAIN] Epoch: [9][2150/3100], Elapsed 11m 32s (remain 5m 5s), Accuracy: 50.000(81.009), Loss: 0.919(0.475), LR: 0.000164
[GPU cuda:0][TRAIN] Epoch: [9][2200/3100], Elapsed 11m 48s (remain 4m 49s), Accuracy: 25.000(81.031), Loss: 1.090(0.474), LR: 0.000163
[GPU cuda:0][TRAIN] Epoch: [9][2250/3100], Elapsed 12m 4s (remain 4m 33s), Accuracy: 100.000(81.120), Loss: 0.107(0.471), LR: 0.000163
[GPU cuda:0][TRAIN] Epoch: [9][2300/3100], Elapsed 12m 21s (remain 4m 17s), Accuracy: 50.000(81.128), Loss: 1.418(0.471), LR: 0.000162
[GPU cuda:0][TRAIN] Epoch: [9][2350/3100], Elapsed 12m 37s (remain 4m 1s), Accuracy: 75.000(81.125), Loss: 0.683(0.470), LR: 0.000162
[GPU cuda:0][TRAIN] Epoch: [9][2400/3100], Elapsed 12m 53s (remain 3m 45s), Accuracy: 75.000(81.112), Loss: 0.713(0.471), LR: 0.000161
[GPU cuda:0][TRAIN] Epoch: [9][2450/3100], Elapsed 13m 10s (remain 3m 29s), Accuracy: 75.000(81.089), Loss: 0.507(0.472), LR: 0.000160
[GPU cuda:0][TRAIN] Epoch: [9][2500/3100], Elapsed 13m 26s (remain 3m 13s), Accuracy: 100.000(81.138), Loss: 0.331(0.470), LR: 0.000160
[GPU cuda:0][TRAIN] Epoch: [9][2550/3100], Elapsed 13m 42s (remain 2m 57s), Accuracy: 75.000(81.194), Loss: 0.762(0.470), LR: 0.000159
[GPU cuda:0][TRAIN] Epoch: [9][2600/3100], Elapsed 13m 59s (remain 2m 40s), Accuracy: 100.000(81.324), Loss: 0.372(0.466), LR: 0.000159
[GPU cuda:0][TRAIN] Epoch: [9][2650/3100], Elapsed 14m 15s (remain 2m 24s), Accuracy: 50.000(81.375), Loss: 0.648(0.465), LR: 0.000158
[GPU cuda:0][TRAIN] Epoch: [9][2700/3100], Elapsed 14m 31s (remain 2m 8s), Accuracy: 75.000(81.377), Loss: 0.331(0.464), LR: 0.000157
[GPU cuda:0][TRAIN] Epoch: [9][2750/3100], Elapsed 14m 47s (remain 1m 52s), Accuracy: 50.000(81.379), Loss: 1.238(0.464), LR: 0.000157
[GPU cuda:0][TRAIN] Epoch: [9][2800/3100], Elapsed 15m 3s (remain 1m 36s), Accuracy: 75.000(81.328), Loss: 0.761(0.465), LR: 0.000156
[GPU cuda:0][TRAIN] Epoch: [9][2850/3100], Elapsed 15m 19s (remain 1m 20s), Accuracy: 75.000(81.331), Loss: 0.783(0.465), LR: 0.000156
[GPU cuda:0][TRAIN] Epoch: [9][2900/3100], Elapsed 15m 35s (remain 1m 4s), Accuracy: 100.000(81.239), Loss: 0.201(0.466), LR: 0.000155
[GPU cuda:0][TRAIN] Epoch: [9][2950/3100], Elapsed 15m 51s (remain 0m 48s), Accuracy: 100.000(81.244), Loss: 0.200(0.466), LR: 0.000155
[GPU cuda:0][TRAIN] Epoch: [9][3000/3100], Elapsed 16m 7s (remain 0m 31s), Accuracy: 75.000(81.373), Loss: 0.596(0.464), LR: 0.000154
[GPU cuda:0][TRAIN] Epoch: [9][3050/3100], Elapsed 16m 23s (remain 0m 15s), Accuracy: 75.000(81.490), Loss: 0.528(0.462), LR: 0.000153
[GPU cuda:0][TRAIN] Epoch: [9][3099/3100], Elapsed 16m 39s (remain 0m 0s), Accuracy: 50.000(81.524), Loss: 2.168(0.461), LR: 0.000153
[GPU cuda:0][VALID][0/388], Elapsed 0m 0s (remain 3m 41s), Accuracy: 100.000(100.000), Batch Loss: 0.0546, Average Loss: 0.0546
[GPU cuda:0][VALID][50/388], Elapsed 0m 12s (remain 1m 20s), Accuracy: 62.500(72.304), Batch Loss: 1.4207, Average Loss: 0.8549
[GPU cuda:0][VALID][100/388], Elapsed 0m 23s (remain 1m 7s), Accuracy: 87.500(72.525), Batch Loss: 0.5151, Average Loss: 0.8646
[GPU cuda:0][VALID][150/388], Elapsed 0m 35s (remain 0m 55s), Accuracy: 62.500(70.944), Batch Loss: 1.3553, Average Loss: 0.8852
[GPU cuda:0][VALID][200/388], Elapsed 0m 47s (remain 0m 44s), Accuracy: 75.000(71.020), Batch Loss: 0.3253, Average Loss: 0.8658
[GPU cuda:0][VALID][250/388], Elapsed 0m 59s (remain 0m 32s), Accuracy: 62.500(70.418), Batch Loss: 0.8849, Average Loss: 0.8855
[GPU cuda:0][VALID][300/388], Elapsed 1m 10s (remain 0m 20s), Accuracy: 37.500(70.349), Batch Loss: 1.0332, Average Loss: 0.8839
[GPU cuda:0][VALID][350/388], Elapsed 1m 22s (remain 0m 8s), Accuracy: 62.500(71.047), Batch Loss: 0.7028, Average Loss: 0.8680
[GPU cuda:0][VALID][387/388], Elapsed 1m 31s (remain 0m 0s), Accuracy: 100.000(71.166), Batch Loss: 0.3391, Average Loss: 0.8570
Valid Labels Samples: [2 0 1 4 1 0 3 1 4 3]
Valid Predictions Samples: [2, 0, 1, 4, 1, 0, 3, 1, 3, 0]
Epoch 9 - Train Average Loss: 81.524, Valid Average Loss: 71.166, Epoch Time: 1093.310s
Epoch 9 - Accuracy: 0.711, Precision: 0.717, Recall: 0.711
