[GPU 1]: Config File
{'id': 28, 'model_name': 'swin_large_patch4_window12_384_in22k', 'dropout': 0.5, 'size': 384, 'batch_size_t': 5, 'batch_size_v': 32, 'n_targets': 5, 'criterion': 'CrossEntropyLoss', 'gradient_accumulation_steps': 1, 'max_gradient_norm': None, 'optimizer': 'AdamW', 'scheduler': 'OneCycleLR', 'LR': 7e-06, 'T_0': 200, 'T_max': 10, 'T_mult': 2, 'min_lr': 1e-06, 'max_lr': 3.5e-05, 'no_batches': 2480, 'warmup_epochs': 1, 'cosine_epochs': 14, 'epochs': 15, 'update_per_batch': True, 'num_workers': 4, 'n_folds': 5, 'train_transforms': [], 'valid_transforms': [], 'observations': None, 'use_swa': True, 'swa_lr': 0.01, 'swa_epoch': 0, 'use_sam': True, 'use_asam': True, 'asam_rho': 0.1, 'print_freq': 50, 'one_fold': True, 'use_apex': True, 'distributed_training': False, 'save_to_log': True}
================================================== Training Fold: 0 ==================================================
[GPU cuda:1][TRAIN] Epoch: [1][0/2480], Elapsed 0m 0s (remain 20m 11s), Accuracy: 0.000(0.000), Loss: 1.758(1.758), LR: 0.000001
[GPU cuda:1][TRAIN] Epoch: [1][50/2480], Elapsed 0m 14s (remain 11m 30s), Accuracy: 40.000(19.216), Loss: 1.571(1.660), LR: 0.000001
[GPU cuda:1][TRAIN] Epoch: [1][100/2480], Elapsed 0m 28s (remain 11m 15s), Accuracy: 20.000(20.198), Loss: 1.540(1.639), LR: 0.000001
[GPU cuda:1][TRAIN] Epoch: [1][150/2480], Elapsed 0m 42s (remain 11m 1s), Accuracy: 0.000(21.457), Loss: 1.634(1.632), LR: 0.000001
[GPU cuda:1][TRAIN] Epoch: [1][200/2480], Elapsed 0m 57s (remain 10m 47s), Accuracy: 20.000(20.995), Loss: 1.644(1.629), LR: 0.000001
[GPU cuda:1][TRAIN] Epoch: [1][250/2480], Elapsed 1m 11s (remain 10m 33s), Accuracy: 0.000(22.311), Loss: 1.566(1.622), LR: 0.000001
[GPU cuda:1][TRAIN] Epoch: [1][300/2480], Elapsed 1m 25s (remain 10m 19s), Accuracy: 20.000(23.256), Loss: 1.603(1.614), LR: 0.000001
[GPU cuda:1][TRAIN] Epoch: [1][350/2480], Elapsed 1m 39s (remain 10m 5s), Accuracy: 40.000(23.761), Loss: 1.517(1.610), LR: 0.000001
[GPU cuda:1][TRAIN] Epoch: [1][400/2480], Elapsed 1m 53s (remain 9m 50s), Accuracy: 20.000(24.140), Loss: 1.535(1.605), LR: 0.000002
[GPU cuda:1][TRAIN] Epoch: [1][450/2480], Elapsed 2m 8s (remain 9m 36s), Accuracy: 40.000(24.701), Loss: 1.455(1.602), LR: 0.000002
[GPU cuda:1][TRAIN] Epoch: [1][500/2480], Elapsed 2m 22s (remain 9m 22s), Accuracy: 0.000(24.711), Loss: 1.620(1.599), LR: 0.000002
[GPU cuda:1][TRAIN] Epoch: [1][550/2480], Elapsed 2m 36s (remain 9m 8s), Accuracy: 40.000(25.917), Loss: 1.502(1.593), LR: 0.000002
[GPU cuda:1][TRAIN] Epoch: [1][600/2480], Elapsed 2m 50s (remain 8m 54s), Accuracy: 80.000(26.722), Loss: 1.291(1.586), LR: 0.000002
[GPU cuda:1][TRAIN] Epoch: [1][650/2480], Elapsed 3m 5s (remain 8m 39s), Accuracy: 40.000(27.373), Loss: 1.525(1.581), LR: 0.000002
[GPU cuda:1][TRAIN] Epoch: [1][700/2480], Elapsed 3m 19s (remain 8m 25s), Accuracy: 40.000(27.932), Loss: 1.477(1.576), LR: 0.000002
[GPU cuda:1][TRAIN] Epoch: [1][750/2480], Elapsed 3m 33s (remain 8m 11s), Accuracy: 60.000(28.202), Loss: 1.387(1.572), LR: 0.000002
[GPU cuda:1][TRAIN] Epoch: [1][800/2480], Elapsed 3m 47s (remain 7m 57s), Accuracy: 40.000(29.039), Loss: 1.436(1.564), LR: 0.000002
[GPU cuda:1][TRAIN] Epoch: [1][850/2480], Elapsed 4m 1s (remain 7m 43s), Accuracy: 20.000(29.918), Loss: 1.751(1.554), LR: 0.000002
[GPU cuda:1][TRAIN] Epoch: [1][900/2480], Elapsed 4m 16s (remain 7m 28s), Accuracy: 40.000(30.721), Loss: 1.274(1.544), LR: 0.000002
[GPU cuda:1][TRAIN] Epoch: [1][950/2480], Elapsed 4m 30s (remain 7m 14s), Accuracy: 60.000(31.651), Loss: 1.281(1.531), LR: 0.000002
[GPU cuda:1][TRAIN] Epoch: [1][1000/2480], Elapsed 4m 44s (remain 7m 0s), Accuracy: 20.000(32.268), Loss: 1.622(1.519), LR: 0.000002
[GPU cuda:1][TRAIN] Epoch: [1][1050/2480], Elapsed 4m 58s (remain 6m 46s), Accuracy: 20.000(32.902), Loss: 1.435(1.507), LR: 0.000002
[GPU cuda:1][TRAIN] Epoch: [1][1100/2480], Elapsed 5m 13s (remain 6m 32s), Accuracy: 60.000(33.497), Loss: 1.286(1.492), LR: 0.000002
[GPU cuda:1][TRAIN] Epoch: [1][1150/2480], Elapsed 5m 27s (remain 6m 17s), Accuracy: 40.000(34.196), Loss: 0.949(1.479), LR: 0.000002
[GPU cuda:1][TRAIN] Epoch: [1][1200/2480], Elapsed 5m 41s (remain 6m 3s), Accuracy: 80.000(35.037), Loss: 1.007(1.465), LR: 0.000002
[GPU cuda:1][TRAIN] Epoch: [1][1250/2480], Elapsed 5m 55s (remain 5m 49s), Accuracy: 40.000(35.843), Loss: 1.097(1.452), LR: 0.000002
[GPU cuda:1][TRAIN] Epoch: [1][1300/2480], Elapsed 6m 9s (remain 5m 35s), Accuracy: 20.000(36.526), Loss: 1.661(1.437), LR: 0.000003
[GPU cuda:1][TRAIN] Epoch: [1][1350/2480], Elapsed 6m 24s (remain 5m 21s), Accuracy: 60.000(37.054), Loss: 0.815(1.425), LR: 0.000003
[GPU cuda:1][TRAIN] Epoch: [1][1400/2480], Elapsed 6m 38s (remain 5m 6s), Accuracy: 60.000(37.616), Loss: 0.756(1.415), LR: 0.000003
[GPU cuda:1][TRAIN] Epoch: [1][1450/2480], Elapsed 6m 52s (remain 4m 52s), Accuracy: 60.000(38.291), Loss: 0.905(1.401), LR: 0.000003
[GPU cuda:1][TRAIN] Epoch: [1][1500/2480], Elapsed 7m 6s (remain 4m 38s), Accuracy: 100.000(38.628), Loss: 0.353(1.391), LR: 0.000003
[GPU cuda:1][TRAIN] Epoch: [1][1550/2480], Elapsed 7m 21s (remain 4m 24s), Accuracy: 40.000(39.136), Loss: 1.229(1.380), LR: 0.000003
[GPU cuda:1][TRAIN] Epoch: [1][1600/2480], Elapsed 7m 35s (remain 4m 10s), Accuracy: 60.000(39.625), Loss: 0.801(1.368), LR: 0.000003
[GPU cuda:1][TRAIN] Epoch: [1][1650/2480], Elapsed 7m 49s (remain 3m 55s), Accuracy: 80.000(40.363), Loss: 0.484(1.354), LR: 0.000003
[GPU cuda:1][TRAIN] Epoch: [1][1700/2480], Elapsed 8m 3s (remain 3m 41s), Accuracy: 60.000(40.988), Loss: 0.961(1.342), LR: 0.000003
[GPU cuda:1][TRAIN] Epoch: [1][1750/2480], Elapsed 8m 18s (remain 3m 27s), Accuracy: 40.000(41.553), Loss: 2.331(1.333), LR: 0.000003
[GPU cuda:1][TRAIN] Epoch: [1][1800/2480], Elapsed 8m 32s (remain 3m 13s), Accuracy: 60.000(42.077), Loss: 0.923(1.321), LR: 0.000004
[GPU cuda:1][TRAIN] Epoch: [1][1850/2480], Elapsed 8m 46s (remain 2m 58s), Accuracy: 80.000(42.485), Loss: 0.913(1.312), LR: 0.000004
[GPU cuda:1][TRAIN] Epoch: [1][1900/2480], Elapsed 9m 0s (remain 2m 44s), Accuracy: 60.000(42.851), Loss: 0.791(1.303), LR: 0.000004
[GPU cuda:1][TRAIN] Epoch: [1][1950/2480], Elapsed 9m 15s (remain 2m 30s), Accuracy: 40.000(43.086), Loss: 0.974(1.298), LR: 0.000004
[GPU cuda:1][TRAIN] Epoch: [1][2000/2480], Elapsed 9m 29s (remain 2m 16s), Accuracy: 60.000(43.508), Loss: 1.082(1.289), LR: 0.000004
[GPU cuda:1][TRAIN] Epoch: [1][2050/2480], Elapsed 9m 43s (remain 2m 2s), Accuracy: 20.000(43.823), Loss: 1.389(1.283), LR: 0.000004
[GPU cuda:1][TRAIN] Epoch: [1][2100/2480], Elapsed 9m 57s (remain 1m 47s), Accuracy: 40.000(44.293), Loss: 0.969(1.274), LR: 0.000004
[GPU cuda:1][TRAIN] Epoch: [1][2150/2480], Elapsed 10m 12s (remain 1m 33s), Accuracy: 40.000(44.705), Loss: 1.258(1.266), LR: 0.000004
[GPU cuda:1][TRAIN] Epoch: [1][2200/2480], Elapsed 10m 26s (remain 1m 19s), Accuracy: 20.000(45.025), Loss: 0.966(1.257), LR: 0.000005
[GPU cuda:1][TRAIN] Epoch: [1][2250/2480], Elapsed 10m 40s (remain 1m 5s), Accuracy: 60.000(45.269), Loss: 1.247(1.251), LR: 0.000005
[GPU cuda:1][TRAIN] Epoch: [1][2300/2480], Elapsed 10m 54s (remain 0m 50s), Accuracy: 60.000(45.658), Loss: 0.787(1.243), LR: 0.000005
[GPU cuda:1][TRAIN] Epoch: [1][2350/2480], Elapsed 11m 9s (remain 0m 36s), Accuracy: 80.000(45.963), Loss: 0.783(1.237), LR: 0.000005
[GPU cuda:1][TRAIN] Epoch: [1][2400/2480], Elapsed 11m 23s (remain 0m 22s), Accuracy: 20.000(46.281), Loss: 1.710(1.230), LR: 0.000005
[GPU cuda:1][TRAIN] Epoch: [1][2450/2480], Elapsed 11m 37s (remain 0m 8s), Accuracy: 80.000(46.683), Loss: 0.777(1.222), LR: 0.000005
[GPU cuda:1][TRAIN] Epoch: [1][2479/2480], Elapsed 11m 46s (remain 0m 0s), Accuracy: 40.000(46.887), Loss: 1.333(1.218), LR: 0.000005
[GPU cuda:1][VALID][0/97], Elapsed 0m 1s (remain 2m 12s), Accuracy: 56.250(56.250), Batch Loss: 0.8988, Average Loss: 0.8988
[GPU cuda:1][VALID][50/97], Elapsed 0m 49s (remain 0m 44s), Accuracy: 65.625(60.784), Batch Loss: 0.7885, Average Loss: 0.8994
[GPU cuda:1][VALID][96/97], Elapsed 1m 33s (remain 0m 0s), Accuracy: 60.714(60.967), Batch Loss: 0.7655, Average Loss: 0.8903
Valid Labels Samples: [2 0 1 4 1 0 3 1 4 3]
Valid Predictions Samples: [2, 0, 1, 4, 1, 0, 4, 2, 3, 0]
Epoch 1 - Train Average Loss: 46.887, Valid Average Loss: 60.967, Epoch Time: 801.148s
Epoch 1 - Accuracy: 0.610, Precision: 0.631, Recall: 0.610
Saved Best Model: 0.61
[GPU cuda:1][TRAIN] Epoch: [2][0/2480], Elapsed 0m 0s (remain 26m 5s), Accuracy: 60.000(60.000), Loss: 0.915(0.915), LR: 0.000005
[GPU cuda:1][TRAIN] Epoch: [2][50/2480], Elapsed 0m 15s (remain 12m 0s), Accuracy: 60.000(66.667), Loss: 0.882(0.824), LR: 0.000005
[GPU cuda:1][TRAIN] Epoch: [2][100/2480], Elapsed 0m 29s (remain 11m 33s), Accuracy: 60.000(62.772), Loss: 1.112(0.884), LR: 0.000006
[GPU cuda:1][TRAIN] Epoch: [2][150/2480], Elapsed 0m 43s (remain 11m 14s), Accuracy: 60.000(61.192), Loss: 0.983(0.903), LR: 0.000006
[GPU cuda:1][TRAIN] Epoch: [2][200/2480], Elapsed 0m 58s (remain 10m 57s), Accuracy: 60.000(60.498), Loss: 0.937(0.914), LR: 0.000006
[GPU cuda:1][TRAIN] Epoch: [2][250/2480], Elapsed 1m 12s (remain 10m 41s), Accuracy: 60.000(61.275), Loss: 0.535(0.901), LR: 0.000006
[GPU cuda:1][TRAIN] Epoch: [2][300/2480], Elapsed 1m 26s (remain 10m 26s), Accuracy: 20.000(61.196), Loss: 1.424(0.900), LR: 0.000006
[GPU cuda:1][TRAIN] Epoch: [2][350/2480], Elapsed 1m 40s (remain 10m 11s), Accuracy: 80.000(61.083), Loss: 0.567(0.903), LR: 0.000006
[GPU cuda:1][TRAIN] Epoch: [2][400/2480], Elapsed 1m 55s (remain 9m 56s), Accuracy: 60.000(61.746), Loss: 0.682(0.895), LR: 0.000007
[GPU cuda:1][TRAIN] Epoch: [2][450/2480], Elapsed 2m 9s (remain 9m 41s), Accuracy: 80.000(62.084), Loss: 0.783(0.891), LR: 0.000007
[GPU cuda:1][TRAIN] Epoch: [2][500/2480], Elapsed 2m 23s (remain 9m 27s), Accuracy: 20.000(62.315), Loss: 1.739(0.887), LR: 0.000007
[GPU cuda:1][TRAIN] Epoch: [2][550/2480], Elapsed 2m 37s (remain 9m 12s), Accuracy: 100.000(62.541), Loss: 0.228(0.890), LR: 0.000007
[GPU cuda:1][TRAIN] Epoch: [2][600/2480], Elapsed 2m 52s (remain 8m 57s), Accuracy: 100.000(62.463), Loss: 0.113(0.891), LR: 0.000007
[GPU cuda:1][TRAIN] Epoch: [2][650/2480], Elapsed 3m 6s (remain 8m 43s), Accuracy: 100.000(62.581), Loss: 0.153(0.890), LR: 0.000008
[GPU cuda:1][TRAIN] Epoch: [2][700/2480], Elapsed 3m 20s (remain 8m 29s), Accuracy: 80.000(62.368), Loss: 0.658(0.897), LR: 0.000008
[GPU cuda:1][TRAIN] Epoch: [2][750/2480], Elapsed 3m 34s (remain 8m 14s), Accuracy: 60.000(62.423), Loss: 0.769(0.899), LR: 0.000008
[GPU cuda:1][TRAIN] Epoch: [2][800/2480], Elapsed 3m 49s (remain 8m 0s), Accuracy: 100.000(62.871), Loss: 0.608(0.893), LR: 0.000008
[GPU cuda:1][TRAIN] Epoch: [2][850/2480], Elapsed 4m 3s (remain 7m 45s), Accuracy: 60.000(62.961), Loss: 1.004(0.885), LR: 0.000008
[GPU cuda:1][TRAIN] Epoch: [2][900/2480], Elapsed 4m 17s (remain 7m 31s), Accuracy: 60.000(63.130), Loss: 1.223(0.880), LR: 0.000008
[GPU cuda:1][TRAIN] Epoch: [2][950/2480], Elapsed 4m 31s (remain 7m 16s), Accuracy: 80.000(63.365), Loss: 0.846(0.875), LR: 0.000009
[GPU cuda:1][TRAIN] Epoch: [2][1000/2480], Elapsed 4m 45s (remain 7m 2s), Accuracy: 40.000(62.997), Loss: 1.112(0.879), LR: 0.000009
[GPU cuda:1][TRAIN] Epoch: [2][1050/2480], Elapsed 5m 0s (remain 6m 48s), Accuracy: 20.000(62.797), Loss: 1.480(0.880), LR: 0.000009
[GPU cuda:1][TRAIN] Epoch: [2][1100/2480], Elapsed 5m 14s (remain 6m 33s), Accuracy: 60.000(62.997), Loss: 0.562(0.876), LR: 0.000009
[GPU cuda:1][TRAIN] Epoch: [2][1150/2480], Elapsed 5m 28s (remain 6m 19s), Accuracy: 80.000(62.850), Loss: 0.810(0.878), LR: 0.000009
[GPU cuda:1][TRAIN] Epoch: [2][1200/2480], Elapsed 5m 43s (remain 6m 5s), Accuracy: 80.000(62.914), Loss: 0.826(0.875), LR: 0.000010
[GPU cuda:1][TRAIN] Epoch: [2][1250/2480], Elapsed 5m 57s (remain 5m 50s), Accuracy: 40.000(62.894), Loss: 1.034(0.874), LR: 0.000010
[GPU cuda:1][TRAIN] Epoch: [2][1300/2480], Elapsed 6m 11s (remain 5m 36s), Accuracy: 40.000(63.228), Loss: 1.161(0.870), LR: 0.000010
[GPU cuda:1][TRAIN] Epoch: [2][1350/2480], Elapsed 6m 25s (remain 5m 22s), Accuracy: 100.000(63.449), Loss: 0.202(0.867), LR: 0.000010
[GPU cuda:1][TRAIN] Epoch: [2][1400/2480], Elapsed 6m 39s (remain 5m 8s), Accuracy: 100.000(63.440), Loss: 0.254(0.868), LR: 0.000010
[GPU cuda:1][TRAIN] Epoch: [2][1450/2480], Elapsed 6m 54s (remain 4m 53s), Accuracy: 60.000(63.529), Loss: 0.920(0.866), LR: 0.000011
[GPU cuda:1][TRAIN] Epoch: [2][1500/2480], Elapsed 7m 8s (remain 4m 39s), Accuracy: 100.000(63.531), Loss: 0.171(0.865), LR: 0.000011
[GPU cuda:1][TRAIN] Epoch: [2][1550/2480], Elapsed 7m 22s (remain 4m 25s), Accuracy: 40.000(63.495), Loss: 0.924(0.866), LR: 0.000011
[GPU cuda:1][TRAIN] Epoch: [2][1600/2480], Elapsed 7m 36s (remain 4m 10s), Accuracy: 100.000(63.610), Loss: 0.526(0.863), LR: 0.000011
[GPU cuda:1][TRAIN] Epoch: [2][1650/2480], Elapsed 7m 51s (remain 3m 56s), Accuracy: 80.000(63.937), Loss: 0.330(0.857), LR: 0.000012
[GPU cuda:1][TRAIN] Epoch: [2][1700/2480], Elapsed 8m 5s (remain 3m 42s), Accuracy: 60.000(63.927), Loss: 0.699(0.858), LR: 0.000012
[GPU cuda:1][TRAIN] Epoch: [2][1750/2480], Elapsed 8m 19s (remain 3m 28s), Accuracy: 60.000(63.963), Loss: 1.102(0.858), LR: 0.000012
[GPU cuda:1][TRAIN] Epoch: [2][1800/2480], Elapsed 8m 33s (remain 3m 13s), Accuracy: 80.000(64.031), Loss: 0.860(0.857), LR: 0.000012
[GPU cuda:1][TRAIN] Epoch: [2][1850/2480], Elapsed 8m 48s (remain 2m 59s), Accuracy: 40.000(64.063), Loss: 1.620(0.855), LR: 0.000012
[GPU cuda:1][TRAIN] Epoch: [2][1900/2480], Elapsed 9m 2s (remain 2m 45s), Accuracy: 60.000(64.229), Loss: 0.560(0.853), LR: 0.000013
[GPU cuda:1][TRAIN] Epoch: [2][1950/2480], Elapsed 9m 16s (remain 2m 30s), Accuracy: 40.000(64.070), Loss: 0.838(0.855), LR: 0.000013
[GPU cuda:1][TRAIN] Epoch: [2][2000/2480], Elapsed 9m 30s (remain 2m 16s), Accuracy: 40.000(64.158), Loss: 1.025(0.853), LR: 0.000013
[GPU cuda:1][TRAIN] Epoch: [2][2050/2480], Elapsed 9m 45s (remain 2m 2s), Accuracy: 40.000(64.086), Loss: 1.002(0.855), LR: 0.000013
[GPU cuda:1][TRAIN] Epoch: [2][2100/2480], Elapsed 9m 59s (remain 1m 48s), Accuracy: 80.000(64.265), Loss: 1.253(0.852), LR: 0.000014
[GPU cuda:1][TRAIN] Epoch: [2][2150/2480], Elapsed 10m 13s (remain 1m 33s), Accuracy: 60.000(64.333), Loss: 0.934(0.851), LR: 0.000014
[GPU cuda:1][TRAIN] Epoch: [2][2200/2480], Elapsed 10m 27s (remain 1m 19s), Accuracy: 60.000(64.362), Loss: 0.836(0.849), LR: 0.000014
[GPU cuda:1][TRAIN] Epoch: [2][2250/2480], Elapsed 10m 41s (remain 1m 5s), Accuracy: 60.000(64.363), Loss: 0.934(0.849), LR: 0.000014
[GPU cuda:1][TRAIN] Epoch: [2][2300/2480], Elapsed 10m 56s (remain 0m 51s), Accuracy: 80.000(64.407), Loss: 0.418(0.848), LR: 0.000014
[GPU cuda:1][TRAIN] Epoch: [2][2350/2480], Elapsed 11m 10s (remain 0m 36s), Accuracy: 60.000(64.398), Loss: 0.825(0.848), LR: 0.000015
[GPU cuda:1][TRAIN] Epoch: [2][2400/2480], Elapsed 11m 24s (remain 0m 22s), Accuracy: 60.000(64.448), Loss: 1.225(0.848), LR: 0.000015
[GPU cuda:1][TRAIN] Epoch: [2][2450/2480], Elapsed 11m 38s (remain 0m 8s), Accuracy: 60.000(64.521), Loss: 0.686(0.847), LR: 0.000015
[GPU cuda:1][TRAIN] Epoch: [2][2479/2480], Elapsed 11m 47s (remain 0m 0s), Accuracy: 40.000(64.508), Loss: 2.143(0.846), LR: 0.000015
[GPU cuda:1][VALID][0/97], Elapsed 0m 1s (remain 2m 10s), Accuracy: 71.875(71.875), Batch Loss: 0.6550, Average Loss: 0.6550
[GPU cuda:1][VALID][50/97], Elapsed 0m 48s (remain 0m 43s), Accuracy: 68.750(68.689), Batch Loss: 0.6962, Average Loss: 0.7571
[GPU cuda:1][VALID][96/97], Elapsed 1m 32s (remain 0m 0s), Accuracy: 64.286(69.187), Batch Loss: 0.6136, Average Loss: 0.7645
Valid Labels Samples: [2 0 1 4 1 0 3 1 4 3]
Valid Predictions Samples: [2, 0, 1, 3, 1, 0, 3, 1, 3, 0]
Epoch 2 - Train Average Loss: 64.508, Valid Average Loss: 69.187, Epoch Time: 801.702s
Epoch 2 - Accuracy: 0.692, Precision: 0.707, Recall: 0.692
Saved Best Model: 0.69
[GPU cuda:1][TRAIN] Epoch: [3][0/2480], Elapsed 0m 0s (remain 26m 9s), Accuracy: 80.000(80.000), Loss: 1.300(1.300), LR: 0.000015
[GPU cuda:1][TRAIN] Epoch: [3][50/2480], Elapsed 0m 15s (remain 11m 56s), Accuracy: 60.000(69.020), Loss: 0.829(0.727), LR: 0.000016
[GPU cuda:1][TRAIN] Epoch: [3][100/2480], Elapsed 0m 29s (remain 11m 29s), Accuracy: 80.000(67.921), Loss: 0.828(0.754), LR: 0.000016
[GPU cuda:1][TRAIN] Epoch: [3][150/2480], Elapsed 0m 43s (remain 11m 11s), Accuracy: 80.000(66.623), Loss: 0.895(0.777), LR: 0.000016
[GPU cuda:1][TRAIN] Epoch: [3][200/2480], Elapsed 0m 57s (remain 10m 54s), Accuracy: 60.000(65.572), Loss: 0.875(0.804), LR: 0.000016
[GPU cuda:1][TRAIN] Epoch: [3][250/2480], Elapsed 1m 11s (remain 10m 38s), Accuracy: 60.000(65.100), Loss: 0.502(0.806), LR: 0.000016
[GPU cuda:1][TRAIN] Epoch: [3][300/2480], Elapsed 1m 26s (remain 10m 23s), Accuracy: 20.000(65.116), Loss: 1.346(0.805), LR: 0.000017
[GPU cuda:1][TRAIN] Epoch: [3][350/2480], Elapsed 1m 40s (remain 10m 8s), Accuracy: 80.000(64.558), Loss: 0.833(0.814), LR: 0.000017
[GPU cuda:1][TRAIN] Epoch: [3][400/2480], Elapsed 1m 54s (remain 9m 53s), Accuracy: 40.000(64.838), Loss: 0.848(0.812), LR: 0.000017
[GPU cuda:1][TRAIN] Epoch: [3][450/2480], Elapsed 2m 8s (remain 9m 38s), Accuracy: 60.000(65.055), Loss: 0.859(0.807), LR: 0.000017
[GPU cuda:1][TRAIN] Epoch: [3][500/2480], Elapsed 2m 22s (remain 9m 24s), Accuracy: 20.000(65.269), Loss: 1.508(0.805), LR: 0.000018
[GPU cuda:1][TRAIN] Epoch: [3][550/2480], Elapsed 2m 37s (remain 9m 9s), Accuracy: 100.000(65.299), Loss: 0.270(0.812), LR: 0.000018
[GPU cuda:1][TRAIN] Epoch: [3][600/2480], Elapsed 2m 51s (remain 8m 55s), Accuracy: 100.000(65.624), Loss: 0.133(0.810), LR: 0.000018
[GPU cuda:1][TRAIN] Epoch: [3][650/2480], Elapsed 3m 5s (remain 8m 41s), Accuracy: 100.000(65.899), Loss: 0.064(0.806), LR: 0.000018
[GPU cuda:1][TRAIN] Epoch: [3][700/2480], Elapsed 3m 19s (remain 8m 26s), Accuracy: 80.000(65.535), Loss: 0.902(0.817), LR: 0.000019
[GPU cuda:1][TRAIN] Epoch: [3][750/2480], Elapsed 3m 33s (remain 8m 12s), Accuracy: 100.000(65.433), Loss: 0.503(0.820), LR: 0.000019
[GPU cuda:1][TRAIN] Epoch: [3][800/2480], Elapsed 3m 48s (remain 7m 58s), Accuracy: 60.000(65.668), Loss: 0.732(0.819), LR: 0.000019
[GPU cuda:1][TRAIN] Epoch: [3][850/2480], Elapsed 4m 2s (remain 7m 43s), Accuracy: 60.000(65.852), Loss: 0.907(0.813), LR: 0.000019
[GPU cuda:1][TRAIN] Epoch: [3][900/2480], Elapsed 4m 16s (remain 7m 29s), Accuracy: 60.000(66.149), Loss: 1.064(0.807), LR: 0.000020
[GPU cuda:1][TRAIN] Epoch: [3][950/2480], Elapsed 4m 30s (remain 7m 15s), Accuracy: 60.000(66.225), Loss: 0.923(0.803), LR: 0.000020
[GPU cuda:1][TRAIN] Epoch: [3][1000/2480], Elapsed 4m 44s (remain 7m 0s), Accuracy: 40.000(65.934), Loss: 1.163(0.804), LR: 0.000020
[GPU cuda:1][TRAIN] Epoch: [3][1050/2480], Elapsed 4m 59s (remain 6m 46s), Accuracy: 40.000(65.880), Loss: 1.124(0.804), LR: 0.000020
[GPU cuda:1][TRAIN] Epoch: [3][1100/2480], Elapsed 5m 13s (remain 6m 32s), Accuracy: 100.000(66.285), Loss: 0.377(0.799), LR: 0.000020
[GPU cuda:1][TRAIN] Epoch: [3][1150/2480], Elapsed 5m 27s (remain 6m 18s), Accuracy: 60.000(66.325), Loss: 0.888(0.798), LR: 0.000021
[GPU cuda:1][TRAIN] Epoch: [3][1200/2480], Elapsed 5m 41s (remain 6m 3s), Accuracy: 100.000(66.545), Loss: 0.559(0.795), LR: 0.000021
[GPU cuda:1][TRAIN] Epoch: [3][1250/2480], Elapsed 5m 55s (remain 5m 49s), Accuracy: 40.000(66.555), Loss: 0.947(0.795), LR: 0.000021
[GPU cuda:1][TRAIN] Epoch: [3][1300/2480], Elapsed 6m 9s (remain 5m 35s), Accuracy: 60.000(66.687), Loss: 0.811(0.793), LR: 0.000021
[GPU cuda:1][TRAIN] Epoch: [3][1350/2480], Elapsed 6m 24s (remain 5m 21s), Accuracy: 100.000(66.839), Loss: 0.160(0.790), LR: 0.000022
[GPU cuda:1][TRAIN] Epoch: [3][1400/2480], Elapsed 6m 38s (remain 5m 6s), Accuracy: 80.000(66.824), Loss: 0.760(0.792), LR: 0.000022
[GPU cuda:1][TRAIN] Epoch: [3][1450/2480], Elapsed 6m 52s (remain 4m 52s), Accuracy: 80.000(66.988), Loss: 0.613(0.791), LR: 0.000022
[GPU cuda:1][TRAIN] Epoch: [3][1500/2480], Elapsed 7m 6s (remain 4m 38s), Accuracy: 80.000(66.955), Loss: 0.517(0.791), LR: 0.000022
[GPU cuda:1][TRAIN] Epoch: [3][1550/2480], Elapsed 7m 20s (remain 4m 24s), Accuracy: 80.000(66.925), Loss: 0.501(0.790), LR: 0.000023
[GPU cuda:1][TRAIN] Epoch: [3][1600/2480], Elapsed 7m 34s (remain 4m 9s), Accuracy: 80.000(66.858), Loss: 0.559(0.792), LR: 0.000023
[GPU cuda:1][TRAIN] Epoch: [3][1650/2480], Elapsed 7m 49s (remain 3m 55s), Accuracy: 80.000(67.014), Loss: 0.461(0.788), LR: 0.000023
[GPU cuda:1][TRAIN] Epoch: [3][1700/2480], Elapsed 8m 3s (remain 3m 41s), Accuracy: 80.000(66.890), Loss: 0.535(0.790), LR: 0.000023
[GPU cuda:1][TRAIN] Epoch: [3][1750/2480], Elapsed 8m 17s (remain 3m 27s), Accuracy: 20.000(66.910), Loss: 1.136(0.790), LR: 0.000023
[GPU cuda:1][TRAIN] Epoch: [3][1800/2480], Elapsed 8m 31s (remain 3m 12s), Accuracy: 60.000(66.863), Loss: 1.069(0.791), LR: 0.000024
[GPU cuda:1][TRAIN] Epoch: [3][1850/2480], Elapsed 8m 45s (remain 2m 58s), Accuracy: 60.000(66.753), Loss: 0.994(0.792), LR: 0.000024
[GPU cuda:1][TRAIN] Epoch: [3][1900/2480], Elapsed 9m 0s (remain 2m 44s), Accuracy: 60.000(66.765), Loss: 0.579(0.792), LR: 0.000024
[GPU cuda:1][TRAIN] Epoch: [3][1950/2480], Elapsed 9m 14s (remain 2m 30s), Accuracy: 80.000(66.684), Loss: 0.547(0.794), LR: 0.000024
[GPU cuda:1][TRAIN] Epoch: [3][2000/2480], Elapsed 9m 28s (remain 2m 16s), Accuracy: 60.000(66.707), Loss: 1.067(0.793), LR: 0.000025
[GPU cuda:1][TRAIN] Epoch: [3][2050/2480], Elapsed 9m 42s (remain 2m 1s), Accuracy: 20.000(66.524), Loss: 1.343(0.797), LR: 0.000025
[GPU cuda:1][TRAIN] Epoch: [3][2100/2480], Elapsed 9m 56s (remain 1m 47s), Accuracy: 60.000(66.711), Loss: 1.137(0.794), LR: 0.000025
[GPU cuda:1][TRAIN] Epoch: [3][2150/2480], Elapsed 10m 10s (remain 1m 33s), Accuracy: 60.000(66.815), Loss: 0.814(0.791), LR: 0.000025
[GPU cuda:1][TRAIN] Epoch: [3][2200/2480], Elapsed 10m 25s (remain 1m 19s), Accuracy: 60.000(66.842), Loss: 0.790(0.791), LR: 0.000025
[GPU cuda:1][TRAIN] Epoch: [3][2250/2480], Elapsed 10m 39s (remain 1m 5s), Accuracy: 60.000(66.815), Loss: 0.660(0.791), LR: 0.000026
[GPU cuda:1][TRAIN] Epoch: [3][2300/2480], Elapsed 10m 53s (remain 0m 50s), Accuracy: 80.000(66.771), Loss: 0.473(0.791), LR: 0.000026
[GPU cuda:1][TRAIN] Epoch: [3][2350/2480], Elapsed 11m 7s (remain 0m 36s), Accuracy: 80.000(66.772), Loss: 0.676(0.791), LR: 0.000026
[GPU cuda:1][TRAIN] Epoch: [3][2400/2480], Elapsed 11m 21s (remain 0m 22s), Accuracy: 60.000(66.855), Loss: 1.120(0.791), LR: 0.000026
[GPU cuda:1][TRAIN] Epoch: [3][2450/2480], Elapsed 11m 36s (remain 0m 8s), Accuracy: 80.000(66.969), Loss: 0.536(0.789), LR: 0.000026
[GPU cuda:1][TRAIN] Epoch: [3][2479/2480], Elapsed 11m 44s (remain 0m 0s), Accuracy: 40.000(67.000), Loss: 1.572(0.789), LR: 0.000027
[GPU cuda:1][VALID][0/97], Elapsed 0m 1s (remain 2m 11s), Accuracy: 62.500(62.500), Batch Loss: 0.8936, Average Loss: 0.8936
[GPU cuda:1][VALID][50/97], Elapsed 0m 48s (remain 0m 43s), Accuracy: 56.250(61.520), Batch Loss: 0.9192, Average Loss: 0.8781
[GPU cuda:1][VALID][96/97], Elapsed 1m 32s (remain 0m 0s), Accuracy: 60.714(61.064), Batch Loss: 0.9086, Average Loss: 0.8872
Valid Labels Samples: [2 0 1 4 1 0 3 1 4 3]
Valid Predictions Samples: [3, 0, 1, 4, 1, 1, 4, 2, 4, 0]
Epoch 3 - Train Average Loss: 67.000, Valid Average Loss: 61.064, Epoch Time: 798.918s
Epoch 3 - Accuracy: 0.611, Precision: 0.602, Recall: 0.611
[GPU cuda:1][TRAIN] Epoch: [4][0/2480], Elapsed 0m 0s (remain 26m 29s), Accuracy: 60.000(60.000), Loss: 0.903(0.903), LR: 0.000027
[GPU cuda:1][TRAIN] Epoch: [4][50/2480], Elapsed 0m 15s (remain 11m 56s), Accuracy: 60.000(69.804), Loss: 0.842(0.729), LR: 0.000027
[GPU cuda:1][TRAIN] Epoch: [4][100/2480], Elapsed 0m 29s (remain 11m 29s), Accuracy: 80.000(69.703), Loss: 1.058(0.720), LR: 0.000027
[GPU cuda:1][TRAIN] Epoch: [4][150/2480], Elapsed 0m 43s (remain 11m 11s), Accuracy: 20.000(69.007), Loss: 1.090(0.729), LR: 0.000027
[GPU cuda:1][TRAIN] Epoch: [4][200/2480], Elapsed 0m 57s (remain 10m 54s), Accuracy: 80.000(68.557), Loss: 0.865(0.767), LR: 0.000027
[GPU cuda:1][TRAIN] Epoch: [4][250/2480], Elapsed 1m 11s (remain 10m 39s), Accuracy: 100.000(69.402), Loss: 0.216(0.755), LR: 0.000028
[GPU cuda:1][TRAIN] Epoch: [4][300/2480], Elapsed 1m 26s (remain 10m 23s), Accuracy: 40.000(68.704), Loss: 1.234(0.774), LR: 0.000028
[GPU cuda:1][TRAIN] Epoch: [4][350/2480], Elapsed 1m 40s (remain 10m 8s), Accuracy: 80.000(68.319), Loss: 0.537(0.779), LR: 0.000028
[GPU cuda:1][TRAIN] Epoch: [4][400/2480], Elapsed 1m 54s (remain 9m 53s), Accuracy: 60.000(67.880), Loss: 0.638(0.783), LR: 0.000028
[GPU cuda:1][TRAIN] Epoch: [4][450/2480], Elapsed 2m 8s (remain 9m 39s), Accuracy: 60.000(67.805), Loss: 1.548(0.783), LR: 0.000028
[GPU cuda:1][TRAIN] Epoch: [4][500/2480], Elapsed 2m 22s (remain 9m 24s), Accuracy: 20.000(68.343), Loss: 1.457(0.774), LR: 0.000029
[GPU cuda:1][TRAIN] Epoch: [4][550/2480], Elapsed 2m 37s (remain 9m 10s), Accuracy: 100.000(68.348), Loss: 0.097(0.778), LR: 0.000029
[GPU cuda:1][TRAIN] Epoch: [4][600/2480], Elapsed 2m 51s (remain 8m 55s), Accuracy: 100.000(68.386), Loss: 0.040(0.778), LR: 0.000029
[GPU cuda:1][TRAIN] Epoch: [4][650/2480], Elapsed 3m 5s (remain 8m 41s), Accuracy: 80.000(68.080), Loss: 0.369(0.784), LR: 0.000029
[GPU cuda:1][TRAIN] Epoch: [4][700/2480], Elapsed 3m 19s (remain 8m 26s), Accuracy: 100.000(67.846), Loss: 0.404(0.790), LR: 0.000029
[GPU cuda:1][TRAIN] Epoch: [4][750/2480], Elapsed 3m 33s (remain 8m 12s), Accuracy: 100.000(67.856), Loss: 0.383(0.792), LR: 0.000029
[GPU cuda:1][TRAIN] Epoch: [4][800/2480], Elapsed 3m 48s (remain 7m 58s), Accuracy: 60.000(68.190), Loss: 0.589(0.786), LR: 0.000030
[GPU cuda:1][TRAIN] Epoch: [4][850/2480], Elapsed 4m 2s (remain 7m 43s), Accuracy: 60.000(68.296), Loss: 0.823(0.782), LR: 0.000030
[GPU cuda:1][TRAIN] Epoch: [4][900/2480], Elapsed 4m 16s (remain 7m 29s), Accuracy: 80.000(68.524), Loss: 0.690(0.778), LR: 0.000030
[GPU cuda:1][TRAIN] Epoch: [4][950/2480], Elapsed 4m 30s (remain 7m 15s), Accuracy: 60.000(68.644), Loss: 0.795(0.773), LR: 0.000030
[GPU cuda:1][TRAIN] Epoch: [4][1000/2480], Elapsed 4m 44s (remain 7m 0s), Accuracy: 60.000(68.332), Loss: 0.952(0.777), LR: 0.000030
[GPU cuda:1][TRAIN] Epoch: [4][1050/2480], Elapsed 4m 58s (remain 6m 46s), Accuracy: 60.000(68.392), Loss: 0.910(0.775), LR: 0.000030
[GPU cuda:1][TRAIN] Epoch: [4][1100/2480], Elapsed 5m 12s (remain 6m 32s), Accuracy: 80.000(68.665), Loss: 0.401(0.769), LR: 0.000031
[GPU cuda:1][TRAIN] Epoch: [4][1150/2480], Elapsed 5m 27s (remain 6m 17s), Accuracy: 60.000(68.566), Loss: 0.977(0.769), LR: 0.000031
[GPU cuda:1][TRAIN] Epoch: [4][1200/2480], Elapsed 5m 41s (remain 6m 3s), Accuracy: 80.000(68.876), Loss: 0.644(0.763), LR: 0.000031
[GPU cuda:1][TRAIN] Epoch: [4][1250/2480], Elapsed 5m 55s (remain 5m 49s), Accuracy: 40.000(68.777), Loss: 1.037(0.761), LR: 0.000031
[GPU cuda:1][TRAIN] Epoch: [4][1300/2480], Elapsed 6m 9s (remain 5m 35s), Accuracy: 40.000(68.901), Loss: 1.262(0.758), LR: 0.000031
[GPU cuda:1][TRAIN] Epoch: [4][1350/2480], Elapsed 6m 23s (remain 5m 20s), Accuracy: 100.000(68.882), Loss: 0.152(0.759), LR: 0.000031
[GPU cuda:1][TRAIN] Epoch: [4][1400/2480], Elapsed 6m 38s (remain 5m 6s), Accuracy: 80.000(68.851), Loss: 0.809(0.759), LR: 0.000032
[GPU cuda:1][TRAIN] Epoch: [4][1450/2480], Elapsed 6m 52s (remain 4m 52s), Accuracy: 100.000(68.946), Loss: 0.472(0.759), LR: 0.000032
[GPU cuda:1][TRAIN] Epoch: [4][1500/2480], Elapsed 7m 6s (remain 4m 38s), Accuracy: 100.000(68.954), Loss: 0.243(0.759), LR: 0.000032
[GPU cuda:1][TRAIN] Epoch: [4][1550/2480], Elapsed 7m 20s (remain 4m 23s), Accuracy: 80.000(68.897), Loss: 0.551(0.758), LR: 0.000032
[GPU cuda:1][TRAIN] Epoch: [4][1600/2480], Elapsed 7m 34s (remain 4m 9s), Accuracy: 80.000(68.869), Loss: 0.586(0.757), LR: 0.000032
[GPU cuda:1][TRAIN] Epoch: [4][1650/2480], Elapsed 7m 48s (remain 3m 55s), Accuracy: 80.000(69.073), Loss: 0.361(0.753), LR: 0.000032
[GPU cuda:1][TRAIN] Epoch: [4][1700/2480], Elapsed 8m 3s (remain 3m 41s), Accuracy: 80.000(69.030), Loss: 0.446(0.755), LR: 0.000032
[GPU cuda:1][TRAIN] Epoch: [4][1750/2480], Elapsed 8m 17s (remain 3m 27s), Accuracy: 40.000(69.138), Loss: 1.057(0.754), LR: 0.000032
[GPU cuda:1][TRAIN] Epoch: [4][1800/2480], Elapsed 8m 31s (remain 3m 12s), Accuracy: 60.000(69.184), Loss: 0.920(0.753), LR: 0.000033
[GPU cuda:1][TRAIN] Epoch: [4][1850/2480], Elapsed 8m 45s (remain 2m 58s), Accuracy: 60.000(69.055), Loss: 0.927(0.754), LR: 0.000033
[GPU cuda:1][TRAIN] Epoch: [4][1900/2480], Elapsed 8m 59s (remain 2m 44s), Accuracy: 60.000(69.079), Loss: 0.740(0.753), LR: 0.000033
[GPU cuda:1][TRAIN] Epoch: [4][1950/2480], Elapsed 9m 13s (remain 2m 30s), Accuracy: 100.000(69.011), Loss: 0.421(0.755), LR: 0.000033
[GPU cuda:1][TRAIN] Epoch: [4][2000/2480], Elapsed 9m 27s (remain 2m 15s), Accuracy: 60.000(69.075), Loss: 0.931(0.753), LR: 0.000033
[GPU cuda:1][TRAIN] Epoch: [4][2050/2480], Elapsed 9m 42s (remain 2m 1s), Accuracy: 40.000(69.010), Loss: 1.141(0.755), LR: 0.000033
[GPU cuda:1][TRAIN] Epoch: [4][2100/2480], Elapsed 9m 56s (remain 1m 47s), Accuracy: 80.000(69.234), Loss: 0.594(0.751), LR: 0.000033
[GPU cuda:1][TRAIN] Epoch: [4][2150/2480], Elapsed 10m 10s (remain 1m 33s), Accuracy: 80.000(69.317), Loss: 0.841(0.748), LR: 0.000033
[GPU cuda:1][TRAIN] Epoch: [4][2200/2480], Elapsed 10m 24s (remain 1m 19s), Accuracy: 60.000(69.378), Loss: 0.688(0.747), LR: 0.000033
[GPU cuda:1][TRAIN] Epoch: [4][2250/2480], Elapsed 10m 38s (remain 1m 4s), Accuracy: 80.000(69.347), Loss: 0.862(0.748), LR: 0.000034
[GPU cuda:1][TRAIN] Epoch: [4][2300/2480], Elapsed 10m 52s (remain 0m 50s), Accuracy: 80.000(69.405), Loss: 0.542(0.747), LR: 0.000034
[GPU cuda:1][TRAIN] Epoch: [4][2350/2480], Elapsed 11m 7s (remain 0m 36s), Accuracy: 80.000(69.417), Loss: 0.598(0.747), LR: 0.000034
[GPU cuda:1][TRAIN] Epoch: [4][2400/2480], Elapsed 11m 21s (remain 0m 22s), Accuracy: 60.000(69.496), Loss: 1.600(0.746), LR: 0.000034
[GPU cuda:1][TRAIN] Epoch: [4][2450/2480], Elapsed 11m 35s (remain 0m 8s), Accuracy: 80.000(69.612), Loss: 0.432(0.744), LR: 0.000034
[GPU cuda:1][TRAIN] Epoch: [4][2479/2480], Elapsed 11m 43s (remain 0m 0s), Accuracy: 40.000(69.621), Loss: 1.786(0.744), LR: 0.000034
[GPU cuda:1][VALID][0/97], Elapsed 0m 1s (remain 2m 17s), Accuracy: 68.750(68.750), Batch Loss: 0.7290, Average Loss: 0.7290
[GPU cuda:1][VALID][50/97], Elapsed 0m 48s (remain 0m 43s), Accuracy: 65.625(67.770), Batch Loss: 0.6412, Average Loss: 0.7561
[GPU cuda:1][VALID][96/97], Elapsed 1m 32s (remain 0m 0s), Accuracy: 78.571(68.014), Batch Loss: 0.6027, Average Loss: 0.7589
Valid Labels Samples: [2 0 1 4 1 0 3 1 4 3]
Valid Predictions Samples: [2, 0, 1, 4, 1, 1, 4, 1, 4, 1]
Epoch 4 - Train Average Loss: 69.621, Valid Average Loss: 68.014, Epoch Time: 797.816s
Epoch 4 - Accuracy: 0.680, Precision: 0.676, Recall: 0.680
[GPU cuda:1][TRAIN] Epoch: [5][0/2480], Elapsed 0m 0s (remain 25m 26s), Accuracy: 80.000(80.000), Loss: 0.531(0.531), LR: 0.000034
[GPU cuda:1][TRAIN] Epoch: [5][50/2480], Elapsed 0m 14s (remain 11m 53s), Accuracy: 40.000(72.941), Loss: 1.108(0.646), LR: 0.000034
[GPU cuda:1][TRAIN] Epoch: [5][100/2480], Elapsed 0m 29s (remain 11m 28s), Accuracy: 80.000(74.059), Loss: 0.729(0.651), LR: 0.000034
[GPU cuda:1][TRAIN] Epoch: [5][150/2480], Elapsed 0m 43s (remain 11m 9s), Accuracy: 60.000(72.848), Loss: 0.925(0.677), LR: 0.000034
[GPU cuda:1][TRAIN] Epoch: [5][200/2480], Elapsed 0m 57s (remain 10m 52s), Accuracy: 20.000(71.343), Loss: 0.905(0.697), LR: 0.000034
[GPU cuda:1][TRAIN] Epoch: [5][250/2480], Elapsed 1m 11s (remain 10m 37s), Accuracy: 100.000(71.155), Loss: 0.151(0.696), LR: 0.000034
[GPU cuda:1][TRAIN] Epoch: [5][300/2480], Elapsed 1m 25s (remain 10m 22s), Accuracy: 40.000(70.764), Loss: 1.124(0.700), LR: 0.000034
[GPU cuda:1][TRAIN] Epoch: [5][350/2480], Elapsed 1m 40s (remain 10m 7s), Accuracy: 80.000(70.256), Loss: 0.444(0.709), LR: 0.000034
[GPU cuda:1][TRAIN] Epoch: [5][400/2480], Elapsed 1m 54s (remain 9m 52s), Accuracy: 80.000(69.476), Loss: 0.674(0.724), LR: 0.000035
[GPU cuda:1][TRAIN] Epoch: [5][450/2480], Elapsed 2m 8s (remain 9m 38s), Accuracy: 40.000(69.623), Loss: 1.303(0.725), LR: 0.000035
[GPU cuda:1][TRAIN] Epoch: [5][500/2480], Elapsed 2m 22s (remain 9m 23s), Accuracy: 20.000(69.980), Loss: 1.151(0.715), LR: 0.000035
[GPU cuda:1][TRAIN] Epoch: [5][550/2480], Elapsed 2m 36s (remain 9m 9s), Accuracy: 100.000(70.163), Loss: 0.143(0.719), LR: 0.000035
[GPU cuda:1][TRAIN] Epoch: [5][600/2480], Elapsed 2m 51s (remain 8m 54s), Accuracy: 100.000(70.383), Loss: 0.122(0.719), LR: 0.000035
[GPU cuda:1][TRAIN] Epoch: [5][650/2480], Elapsed 3m 5s (remain 8m 40s), Accuracy: 100.000(70.384), Loss: 0.057(0.721), LR: 0.000035
[GPU cuda:1][TRAIN] Epoch: [5][700/2480], Elapsed 3m 19s (remain 8m 26s), Accuracy: 100.000(70.100), Loss: 0.344(0.727), LR: 0.000035
[GPU cuda:1][TRAIN] Epoch: [5][750/2480], Elapsed 3m 33s (remain 8m 12s), Accuracy: 100.000(70.360), Loss: 0.289(0.728), LR: 0.000035
[GPU cuda:1][TRAIN] Epoch: [5][800/2480], Elapsed 3m 48s (remain 7m 57s), Accuracy: 80.000(70.861), Loss: 0.471(0.719), LR: 0.000035
[GPU cuda:1][TRAIN] Epoch: [5][850/2480], Elapsed 4m 2s (remain 7m 43s), Accuracy: 40.000(70.952), Loss: 0.922(0.717), LR: 0.000035
[GPU cuda:1][TRAIN] Epoch: [5][900/2480], Elapsed 4m 16s (remain 7m 29s), Accuracy: 80.000(71.032), Loss: 1.146(0.713), LR: 0.000035
[GPU cuda:1][TRAIN] Epoch: [5][950/2480], Elapsed 4m 30s (remain 7m 15s), Accuracy: 60.000(71.251), Loss: 0.752(0.709), LR: 0.000035
[GPU cuda:1][TRAIN] Epoch: [5][1000/2480], Elapsed 4m 44s (remain 7m 1s), Accuracy: 80.000(70.949), Loss: 0.860(0.711), LR: 0.000035
[GPU cuda:1][TRAIN] Epoch: [5][1050/2480], Elapsed 4m 59s (remain 6m 46s), Accuracy: 80.000(70.885), Loss: 0.892(0.712), LR: 0.000035
[GPU cuda:1][TRAIN] Epoch: [5][1100/2480], Elapsed 5m 13s (remain 6m 32s), Accuracy: 80.000(71.099), Loss: 0.364(0.705), LR: 0.000035
[GPU cuda:1][TRAIN] Epoch: [5][1150/2480], Elapsed 5m 27s (remain 6m 18s), Accuracy: 40.000(71.156), Loss: 1.139(0.706), LR: 0.000035
[GPU cuda:1][TRAIN] Epoch: [5][1200/2480], Elapsed 5m 41s (remain 6m 4s), Accuracy: 80.000(71.174), Loss: 0.596(0.706), LR: 0.000035
[GPU cuda:1][TRAIN] Epoch: [5][1250/2480], Elapsed 5m 56s (remain 5m 49s), Accuracy: 60.000(71.079), Loss: 0.791(0.709), LR: 0.000035
[GPU cuda:1][TRAIN] Epoch: [5][1300/2480], Elapsed 6m 10s (remain 5m 35s), Accuracy: 80.000(71.084), Loss: 0.680(0.708), LR: 0.000035
[GPU cuda:1][TRAIN] Epoch: [5][1350/2480], Elapsed 6m 24s (remain 5m 21s), Accuracy: 100.000(71.251), Loss: 0.173(0.707), LR: 0.000035
[GPU cuda:1][TRAIN] Epoch: [5][1400/2480], Elapsed 6m 38s (remain 5m 7s), Accuracy: 100.000(71.278), Loss: 0.272(0.707), LR: 0.000035
[GPU cuda:1][TRAIN] Epoch: [5][1450/2480], Elapsed 6m 52s (remain 4m 52s), Accuracy: 80.000(71.482), Loss: 0.427(0.705), LR: 0.000035
[GPU cuda:1][TRAIN] Epoch: [5][1500/2480], Elapsed 7m 7s (remain 4m 38s), Accuracy: 100.000(71.446), Loss: 0.191(0.704), LR: 0.000035
[GPU cuda:1][TRAIN] Epoch: [5][1550/2480], Elapsed 7m 21s (remain 4m 24s), Accuracy: 80.000(71.438), Loss: 0.350(0.702), LR: 0.000035
[GPU cuda:1][TRAIN] Epoch: [5][1600/2480], Elapsed 7m 35s (remain 4m 10s), Accuracy: 80.000(71.443), Loss: 0.649(0.702), LR: 0.000035
[GPU cuda:1][TRAIN] Epoch: [5][1650/2480], Elapsed 7m 49s (remain 3m 55s), Accuracy: 80.000(71.508), Loss: 0.386(0.698), LR: 0.000035
[GPU cuda:1][TRAIN] Epoch: [5][1700/2480], Elapsed 8m 4s (remain 3m 41s), Accuracy: 80.000(71.476), Loss: 0.425(0.699), LR: 0.000035
[GPU cuda:1][TRAIN] Epoch: [5][1750/2480], Elapsed 8m 18s (remain 3m 27s), Accuracy: 40.000(71.571), Loss: 0.659(0.697), LR: 0.000035
[GPU cuda:1][TRAIN] Epoch: [5][1800/2480], Elapsed 8m 32s (remain 3m 13s), Accuracy: 60.000(71.571), Loss: 0.474(0.696), LR: 0.000035
[GPU cuda:1][TRAIN] Epoch: [5][1850/2480], Elapsed 8m 46s (remain 2m 58s), Accuracy: 60.000(71.583), Loss: 0.858(0.695), LR: 0.000035
[GPU cuda:1][TRAIN] Epoch: [5][1900/2480], Elapsed 9m 0s (remain 2m 44s), Accuracy: 60.000(71.531), Loss: 0.695(0.695), LR: 0.000035
[GPU cuda:1][TRAIN] Epoch: [5][1950/2480], Elapsed 9m 15s (remain 2m 30s), Accuracy: 80.000(71.481), Loss: 0.467(0.697), LR: 0.000035
[GPU cuda:1][TRAIN] Epoch: [5][2000/2480], Elapsed 9m 29s (remain 2m 16s), Accuracy: 80.000(71.514), Loss: 0.748(0.697), LR: 0.000035
[GPU cuda:1][TRAIN] Epoch: [5][2050/2480], Elapsed 9m 43s (remain 2m 2s), Accuracy: 60.000(71.448), Loss: 1.148(0.699), LR: 0.000035
[GPU cuda:1][TRAIN] Epoch: [5][2100/2480], Elapsed 9m 57s (remain 1m 47s), Accuracy: 80.000(71.623), Loss: 0.815(0.696), LR: 0.000035
[GPU cuda:1][TRAIN] Epoch: [5][2150/2480], Elapsed 10m 11s (remain 1m 33s), Accuracy: 80.000(71.650), Loss: 0.751(0.695), LR: 0.000035
[GPU cuda:1][TRAIN] Epoch: [5][2200/2480], Elapsed 10m 25s (remain 1m 19s), Accuracy: 60.000(71.677), Loss: 0.757(0.695), LR: 0.000035
[GPU cuda:1][TRAIN] Epoch: [5][2250/2480], Elapsed 10m 40s (remain 1m 5s), Accuracy: 60.000(71.622), Loss: 0.750(0.694), LR: 0.000035
[GPU cuda:1][TRAIN] Epoch: [5][2300/2480], Elapsed 10m 54s (remain 0m 50s), Accuracy: 80.000(71.630), Loss: 0.462(0.694), LR: 0.000035
[GPU cuda:1][TRAIN] Epoch: [5][2350/2480], Elapsed 11m 8s (remain 0m 36s), Accuracy: 80.000(71.629), Loss: 0.540(0.694), LR: 0.000035
[GPU cuda:1][TRAIN] Epoch: [5][2400/2480], Elapsed 11m 22s (remain 0m 22s), Accuracy: 60.000(71.653), Loss: 0.852(0.693), LR: 0.000035
[GPU cuda:1][TRAIN] Epoch: [5][2450/2480], Elapsed 11m 36s (remain 0m 8s), Accuracy: 100.000(71.767), Loss: 0.292(0.692), LR: 0.000035
[GPU cuda:1][TRAIN] Epoch: [5][2479/2480], Elapsed 11m 45s (remain 0m 0s), Accuracy: 40.000(71.790), Loss: 2.301(0.691), LR: 0.000035
[GPU cuda:1][VALID][0/97], Elapsed 0m 1s (remain 2m 13s), Accuracy: 75.000(75.000), Batch Loss: 0.5102, Average Loss: 0.5102
[GPU cuda:1][VALID][50/97], Elapsed 0m 48s (remain 0m 43s), Accuracy: 68.750(69.118), Batch Loss: 0.7704, Average Loss: 0.7326
[GPU cuda:1][VALID][96/97], Elapsed 1m 32s (remain 0m 0s), Accuracy: 85.714(69.601), Batch Loss: 0.4334, Average Loss: 0.7384
Valid Labels Samples: [2 0 1 4 1 0 3 1 4 3]
Valid Predictions Samples: [2, 0, 1, 4, 1, 1, 3, 1, 3, 0]
Epoch 5 - Train Average Loss: 71.790, Valid Average Loss: 69.601, Epoch Time: 799.706s
Epoch 5 - Accuracy: 0.696, Precision: 0.708, Recall: 0.696
Saved Best Model: 0.70
[GPU cuda:1][TRAIN] Epoch: [6][0/2480], Elapsed 0m 0s (remain 26m 17s), Accuracy: 60.000(60.000), Loss: 0.535(0.535), LR: 0.000035
[GPU cuda:1][TRAIN] Epoch: [6][50/2480], Elapsed 0m 15s (remain 11m 55s), Accuracy: 60.000(71.373), Loss: 0.930(0.630), LR: 0.000035
[GPU cuda:1][TRAIN] Epoch: [6][100/2480], Elapsed 0m 29s (remain 11m 29s), Accuracy: 80.000(74.059), Loss: 0.519(0.607), LR: 0.000035
[GPU cuda:1][TRAIN] Epoch: [6][150/2480], Elapsed 0m 43s (remain 11m 10s), Accuracy: 60.000(74.834), Loss: 0.856(0.607), LR: 0.000035
[GPU cuda:1][TRAIN] Epoch: [6][200/2480], Elapsed 0m 57s (remain 10m 53s), Accuracy: 80.000(73.532), Loss: 0.511(0.646), LR: 0.000035
[GPU cuda:1][TRAIN] Epoch: [6][250/2480], Elapsed 1m 11s (remain 10m 37s), Accuracy: 100.000(74.502), Loss: 0.116(0.636), LR: 0.000035
[GPU cuda:1][TRAIN] Epoch: [6][300/2480], Elapsed 1m 25s (remain 10m 22s), Accuracy: 60.000(73.688), Loss: 1.216(0.641), LR: 0.000035
[GPU cuda:1][TRAIN] Epoch: [6][350/2480], Elapsed 1m 40s (remain 10m 7s), Accuracy: 80.000(73.333), Loss: 0.951(0.654), LR: 0.000035
[GPU cuda:1][TRAIN] Epoch: [6][400/2480], Elapsed 1m 54s (remain 9m 52s), Accuracy: 60.000(73.616), Loss: 0.659(0.653), LR: 0.000035
[GPU cuda:1][TRAIN] Epoch: [6][450/2480], Elapsed 2m 8s (remain 9m 37s), Accuracy: 60.000(73.925), Loss: 0.687(0.648), LR: 0.000035
[GPU cuda:1][TRAIN] Epoch: [6][500/2480], Elapsed 2m 22s (remain 9m 23s), Accuracy: 40.000(74.092), Loss: 0.961(0.638), LR: 0.000035
[GPU cuda:1][TRAIN] Epoch: [6][550/2480], Elapsed 2m 36s (remain 9m 8s), Accuracy: 100.000(73.902), Loss: 0.106(0.647), LR: 0.000035
[GPU cuda:1][TRAIN] Epoch: [6][600/2480], Elapsed 2m 50s (remain 8m 54s), Accuracy: 100.000(73.677), Loss: 0.068(0.650), LR: 0.000035
[GPU cuda:1][TRAIN] Epoch: [6][650/2480], Elapsed 3m 5s (remain 8m 39s), Accuracy: 100.000(73.487), Loss: 0.032(0.654), LR: 0.000035
[GPU cuda:1][TRAIN] Epoch: [6][700/2480], Elapsed 3m 19s (remain 8m 25s), Accuracy: 100.000(73.352), Loss: 0.398(0.660), LR: 0.000035
[GPU cuda:1][TRAIN] Epoch: [6][750/2480], Elapsed 3m 33s (remain 8m 11s), Accuracy: 100.000(73.369), Loss: 0.360(0.663), LR: 0.000034
[GPU cuda:1][TRAIN] Epoch: [6][800/2480], Elapsed 3m 47s (remain 7m 56s), Accuracy: 60.000(73.458), Loss: 0.665(0.659), LR: 0.000034
[GPU cuda:1][TRAIN] Epoch: [6][850/2480], Elapsed 4m 1s (remain 7m 42s), Accuracy: 60.000(73.631), Loss: 0.617(0.653), LR: 0.000034
[GPU cuda:1][TRAIN] Epoch: [6][900/2480], Elapsed 4m 15s (remain 7m 28s), Accuracy: 60.000(73.829), Loss: 0.698(0.648), LR: 0.000034
[GPU cuda:1][TRAIN] Epoch: [6][950/2480], Elapsed 4m 30s (remain 7m 14s), Accuracy: 60.000(74.111), Loss: 0.727(0.641), LR: 0.000034
[GPU cuda:1][TRAIN] Epoch: [6][1000/2480], Elapsed 4m 44s (remain 6m 59s), Accuracy: 80.000(73.946), Loss: 0.780(0.643), LR: 0.000034
[GPU cuda:1][TRAIN] Epoch: [6][1050/2480], Elapsed 4m 58s (remain 6m 45s), Accuracy: 80.000(74.006), Loss: 0.639(0.643), LR: 0.000034
[GPU cuda:1][TRAIN] Epoch: [6][1100/2480], Elapsed 5m 12s (remain 6m 31s), Accuracy: 80.000(74.133), Loss: 0.363(0.638), LR: 0.000034
[GPU cuda:1][TRAIN] Epoch: [6][1150/2480], Elapsed 5m 26s (remain 6m 17s), Accuracy: 60.000(74.144), Loss: 0.608(0.638), LR: 0.000034
[GPU cuda:1][TRAIN] Epoch: [6][1200/2480], Elapsed 5m 40s (remain 6m 2s), Accuracy: 60.000(74.288), Loss: 1.056(0.635), LR: 0.000034
[GPU cuda:1][TRAIN] Epoch: [6][1250/2480], Elapsed 5m 54s (remain 5m 48s), Accuracy: 40.000(73.973), Loss: 0.848(0.637), LR: 0.000034
[GPU cuda:1][TRAIN] Epoch: [6][1300/2480], Elapsed 6m 9s (remain 5m 34s), Accuracy: 60.000(74.020), Loss: 0.591(0.635), LR: 0.000034
[GPU cuda:1][TRAIN] Epoch: [6][1350/2480], Elapsed 6m 23s (remain 5m 20s), Accuracy: 100.000(74.138), Loss: 0.211(0.633), LR: 0.000034
[GPU cuda:1][TRAIN] Epoch: [6][1400/2480], Elapsed 6m 37s (remain 5m 6s), Accuracy: 100.000(74.076), Loss: 0.215(0.635), LR: 0.000034
[GPU cuda:1][TRAIN] Epoch: [6][1450/2480], Elapsed 6m 51s (remain 4m 51s), Accuracy: 100.000(74.197), Loss: 0.371(0.634), LR: 0.000034
[GPU cuda:1][TRAIN] Epoch: [6][1500/2480], Elapsed 7m 5s (remain 4m 37s), Accuracy: 80.000(74.137), Loss: 0.332(0.637), LR: 0.000034
[GPU cuda:1][TRAIN] Epoch: [6][1550/2480], Elapsed 7m 19s (remain 4m 23s), Accuracy: 80.000(74.146), Loss: 0.267(0.636), LR: 0.000034
[GPU cuda:1][TRAIN] Epoch: [6][1600/2480], Elapsed 7m 34s (remain 4m 9s), Accuracy: 80.000(74.179), Loss: 0.450(0.636), LR: 0.000034
[GPU cuda:1][TRAIN] Epoch: [6][1650/2480], Elapsed 7m 48s (remain 3m 55s), Accuracy: 100.000(74.331), Loss: 0.268(0.633), LR: 0.000034
[GPU cuda:1][TRAIN] Epoch: [6][1700/2480], Elapsed 8m 2s (remain 3m 40s), Accuracy: 80.000(74.345), Loss: 0.382(0.635), LR: 0.000034
[GPU cuda:1][TRAIN] Epoch: [6][1750/2480], Elapsed 8m 16s (remain 3m 26s), Accuracy: 60.000(74.392), Loss: 0.823(0.634), LR: 0.000034
[GPU cuda:1][TRAIN] Epoch: [6][1800/2480], Elapsed 8m 30s (remain 3m 12s), Accuracy: 80.000(74.348), Loss: 0.291(0.633), LR: 0.000034
[GPU cuda:1][TRAIN] Epoch: [6][1850/2480], Elapsed 8m 45s (remain 2m 58s), Accuracy: 60.000(74.338), Loss: 0.747(0.633), LR: 0.000034
[GPU cuda:1][TRAIN] Epoch: [6][1900/2480], Elapsed 8m 59s (remain 2m 44s), Accuracy: 60.000(74.424), Loss: 1.341(0.633), LR: 0.000034
[GPU cuda:1][TRAIN] Epoch: [6][1950/2480], Elapsed 9m 13s (remain 2m 30s), Accuracy: 80.000(74.229), Loss: 0.574(0.636), LR: 0.000034
[GPU cuda:1][TRAIN] Epoch: [6][2000/2480], Elapsed 9m 27s (remain 2m 15s), Accuracy: 60.000(74.293), Loss: 0.822(0.636), LR: 0.000034
[GPU cuda:1][TRAIN] Epoch: [6][2050/2480], Elapsed 9m 41s (remain 2m 1s), Accuracy: 60.000(74.198), Loss: 1.010(0.637), LR: 0.000034
[GPU cuda:1][TRAIN] Epoch: [6][2100/2480], Elapsed 9m 56s (remain 1m 47s), Accuracy: 60.000(74.374), Loss: 0.724(0.633), LR: 0.000034
[GPU cuda:1][TRAIN] Epoch: [6][2150/2480], Elapsed 10m 10s (remain 1m 33s), Accuracy: 60.000(74.384), Loss: 0.931(0.632), LR: 0.000034
[GPU cuda:1][TRAIN] Epoch: [6][2200/2480], Elapsed 10m 24s (remain 1m 19s), Accuracy: 80.000(74.530), Loss: 0.619(0.631), LR: 0.000034
[GPU cuda:1][TRAIN] Epoch: [6][2250/2480], Elapsed 10m 38s (remain 1m 4s), Accuracy: 80.000(74.474), Loss: 0.845(0.632), LR: 0.000033
[GPU cuda:1][TRAIN] Epoch: [6][2300/2480], Elapsed 10m 52s (remain 0m 50s), Accuracy: 80.000(74.455), Loss: 0.376(0.632), LR: 0.000033
[GPU cuda:1][TRAIN] Epoch: [6][2350/2480], Elapsed 11m 6s (remain 0m 36s), Accuracy: 80.000(74.428), Loss: 0.584(0.633), LR: 0.000033
[GPU cuda:1][TRAIN] Epoch: [6][2400/2480], Elapsed 11m 21s (remain 0m 22s), Accuracy: 60.000(74.502), Loss: 1.267(0.632), LR: 0.000033
[GPU cuda:1][TRAIN] Epoch: [6][2450/2480], Elapsed 11m 35s (remain 0m 8s), Accuracy: 80.000(74.623), Loss: 0.744(0.629), LR: 0.000033
[GPU cuda:1][TRAIN] Epoch: [6][2479/2480], Elapsed 11m 43s (remain 0m 0s), Accuracy: 40.000(74.653), Loss: 2.181(0.629), LR: 0.000033
[GPU cuda:1][VALID][0/97], Elapsed 0m 1s (remain 2m 12s), Accuracy: 75.000(75.000), Batch Loss: 0.7031, Average Loss: 0.7031
[GPU cuda:1][VALID][50/97], Elapsed 0m 48s (remain 0m 43s), Accuracy: 78.125(72.243), Batch Loss: 0.4159, Average Loss: 0.6788
[GPU cuda:1][VALID][96/97], Elapsed 1m 32s (remain 0m 0s), Accuracy: 71.429(71.999), Batch Loss: 0.5176, Average Loss: 0.6890
Valid Labels Samples: [2 0 1 4 1 0 3 1 4 3]
Valid Predictions Samples: [2, 0, 1, 3, 1, 1, 3, 1, 3, 1]
Epoch 6 - Train Average Loss: 74.653, Valid Average Loss: 71.999, Epoch Time: 798.046s
Epoch 6 - Accuracy: 0.720, Precision: 0.729, Recall: 0.720
Saved Best Model: 0.72
[GPU cuda:1][TRAIN] Epoch: [7][0/2480], Elapsed 0m 0s (remain 26m 12s), Accuracy: 60.000(60.000), Loss: 0.472(0.472), LR: 0.000033
[GPU cuda:1][TRAIN] Epoch: [7][50/2480], Elapsed 0m 15s (remain 11m 56s), Accuracy: 60.000(79.608), Loss: 0.969(0.464), LR: 0.000033
[GPU cuda:1][TRAIN] Epoch: [7][100/2480], Elapsed 0m 29s (remain 11m 29s), Accuracy: 60.000(75.248), Loss: 1.010(0.563), LR: 0.000033
[GPU cuda:1][TRAIN] Epoch: [7][150/2480], Elapsed 0m 43s (remain 11m 10s), Accuracy: 80.000(75.099), Loss: 0.638(0.588), LR: 0.000033
[GPU cuda:1][TRAIN] Epoch: [7][200/2480], Elapsed 0m 57s (remain 10m 54s), Accuracy: 80.000(74.627), Loss: 0.504(0.605), LR: 0.000033
[GPU cuda:1][TRAIN] Epoch: [7][250/2480], Elapsed 1m 11s (remain 10m 38s), Accuracy: 100.000(75.139), Loss: 0.083(0.593), LR: 0.000033
[GPU cuda:1][TRAIN] Epoch: [7][300/2480], Elapsed 1m 26s (remain 10m 23s), Accuracy: 40.000(74.684), Loss: 1.190(0.603), LR: 0.000033
[GPU cuda:1][TRAIN] Epoch: [7][350/2480], Elapsed 1m 40s (remain 10m 8s), Accuracy: 100.000(74.131), Loss: 0.238(0.614), LR: 0.000033
[GPU cuda:1][TRAIN] Epoch: [7][400/2480], Elapsed 1m 54s (remain 9m 54s), Accuracy: 60.000(74.464), Loss: 0.676(0.612), LR: 0.000033
[GPU cuda:1][TRAIN] Epoch: [7][450/2480], Elapsed 2m 8s (remain 9m 39s), Accuracy: 100.000(74.989), Loss: 0.280(0.604), LR: 0.000033
[GPU cuda:1][TRAIN] Epoch: [7][500/2480], Elapsed 2m 23s (remain 9m 25s), Accuracy: 40.000(75.529), Loss: 1.191(0.594), LR: 0.000033
[GPU cuda:1][TRAIN] Epoch: [7][550/2480], Elapsed 2m 37s (remain 9m 10s), Accuracy: 100.000(75.463), Loss: 0.085(0.598), LR: 0.000033
[GPU cuda:1][TRAIN] Epoch: [7][600/2480], Elapsed 2m 51s (remain 8m 56s), Accuracy: 100.000(75.441), Loss: 0.132(0.596), LR: 0.000033
[GPU cuda:1][TRAIN] Epoch: [7][650/2480], Elapsed 3m 5s (remain 8m 41s), Accuracy: 100.000(75.084), Loss: 0.077(0.604), LR: 0.000033
[GPU cuda:1][TRAIN] Epoch: [7][700/2480], Elapsed 3m 20s (remain 8m 27s), Accuracy: 100.000(75.093), Loss: 0.157(0.608), LR: 0.000033
[GPU cuda:1][TRAIN] Epoch: [7][750/2480], Elapsed 3m 34s (remain 8m 13s), Accuracy: 100.000(75.260), Loss: 0.191(0.604), LR: 0.000033
[GPU cuda:1][TRAIN] Epoch: [7][800/2480], Elapsed 3m 48s (remain 7m 59s), Accuracy: 80.000(75.531), Loss: 0.290(0.600), LR: 0.000032
[GPU cuda:1][TRAIN] Epoch: [7][850/2480], Elapsed 4m 2s (remain 7m 44s), Accuracy: 80.000(75.770), Loss: 0.542(0.595), LR: 0.000032
[GPU cuda:1][TRAIN] Epoch: [7][900/2480], Elapsed 4m 16s (remain 7m 30s), Accuracy: 80.000(76.115), Loss: 0.641(0.589), LR: 0.000032
[GPU cuda:1][TRAIN] Epoch: [7][950/2480], Elapsed 4m 31s (remain 7m 16s), Accuracy: 60.000(76.236), Loss: 0.663(0.587), LR: 0.000032
[GPU cuda:1][TRAIN] Epoch: [7][1000/2480], Elapsed 4m 45s (remain 7m 1s), Accuracy: 60.000(75.984), Loss: 0.775(0.589), LR: 0.000032
[GPU cuda:1][TRAIN] Epoch: [7][1050/2480], Elapsed 4m 59s (remain 6m 47s), Accuracy: 80.000(75.890), Loss: 0.696(0.589), LR: 0.000032
[GPU cuda:1][TRAIN] Epoch: [7][1100/2480], Elapsed 5m 13s (remain 6m 33s), Accuracy: 80.000(76.040), Loss: 0.256(0.585), LR: 0.000032
[GPU cuda:1][TRAIN] Epoch: [7][1150/2480], Elapsed 5m 28s (remain 6m 18s), Accuracy: 80.000(75.986), Loss: 0.550(0.585), LR: 0.000032
[GPU cuda:1][TRAIN] Epoch: [7][1200/2480], Elapsed 5m 42s (remain 6m 4s), Accuracy: 60.000(76.153), Loss: 0.832(0.583), LR: 0.000032
[GPU cuda:1][TRAIN] Epoch: [7][1250/2480], Elapsed 5m 56s (remain 5m 50s), Accuracy: 40.000(76.195), Loss: 1.104(0.581), LR: 0.000032
[GPU cuda:1][TRAIN] Epoch: [7][1300/2480], Elapsed 6m 10s (remain 5m 36s), Accuracy: 60.000(76.188), Loss: 0.988(0.579), LR: 0.000032
[GPU cuda:1][TRAIN] Epoch: [7][1350/2480], Elapsed 6m 25s (remain 5m 21s), Accuracy: 100.000(76.403), Loss: 0.169(0.575), LR: 0.000032
[GPU cuda:1][TRAIN] Epoch: [7][1400/2480], Elapsed 6m 39s (remain 5m 7s), Accuracy: 100.000(76.317), Loss: 0.171(0.578), LR: 0.000032
[GPU cuda:1][TRAIN] Epoch: [7][1450/2480], Elapsed 6m 53s (remain 4m 53s), Accuracy: 80.000(76.444), Loss: 0.549(0.577), LR: 0.000032
[GPU cuda:1][TRAIN] Epoch: [7][1500/2480], Elapsed 7m 7s (remain 4m 39s), Accuracy: 100.000(76.496), Loss: 0.028(0.576), LR: 0.000032
[GPU cuda:1][TRAIN] Epoch: [7][1550/2480], Elapsed 7m 22s (remain 4m 24s), Accuracy: 80.000(76.480), Loss: 0.554(0.576), LR: 0.000032
[GPU cuda:1][TRAIN] Epoch: [7][1600/2480], Elapsed 7m 36s (remain 4m 10s), Accuracy: 80.000(76.527), Loss: 0.326(0.575), LR: 0.000032
[GPU cuda:1][TRAIN] Epoch: [7][1650/2480], Elapsed 7m 50s (remain 3m 56s), Accuracy: 100.000(76.717), Loss: 0.214(0.572), LR: 0.000031
[GPU cuda:1][TRAIN] Epoch: [7][1700/2480], Elapsed 8m 4s (remain 3m 42s), Accuracy: 100.000(76.755), Loss: 0.339(0.572), LR: 0.000031
[GPU cuda:1][TRAIN] Epoch: [7][1750/2480], Elapsed 8m 19s (remain 3m 27s), Accuracy: 80.000(76.882), Loss: 0.371(0.570), LR: 0.000031
[GPU cuda:1][TRAIN] Epoch: [7][1800/2480], Elapsed 8m 33s (remain 3m 13s), Accuracy: 60.000(76.924), Loss: 0.641(0.569), LR: 0.000031
[GPU cuda:1][TRAIN] Epoch: [7][1850/2480], Elapsed 8m 47s (remain 2m 59s), Accuracy: 60.000(76.910), Loss: 0.580(0.570), LR: 0.000031
[GPU cuda:1][TRAIN] Epoch: [7][1900/2480], Elapsed 9m 2s (remain 2m 45s), Accuracy: 60.000(76.928), Loss: 0.871(0.569), LR: 0.000031
[GPU cuda:1][TRAIN] Epoch: [7][1950/2480], Elapsed 9m 16s (remain 2m 30s), Accuracy: 60.000(76.832), Loss: 0.477(0.571), LR: 0.000031
[GPU cuda:1][TRAIN] Epoch: [7][2000/2480], Elapsed 9m 30s (remain 2m 16s), Accuracy: 80.000(76.902), Loss: 0.944(0.568), LR: 0.000031
[GPU cuda:1][TRAIN] Epoch: [7][2050/2480], Elapsed 9m 44s (remain 2m 2s), Accuracy: 60.000(76.958), Loss: 0.882(0.570), LR: 0.000031
[GPU cuda:1][TRAIN] Epoch: [7][2100/2480], Elapsed 9m 59s (remain 1m 48s), Accuracy: 80.000(77.116), Loss: 0.492(0.566), LR: 0.000031
[GPU cuda:1][TRAIN] Epoch: [7][2150/2480], Elapsed 10m 13s (remain 1m 33s), Accuracy: 40.000(77.211), Loss: 1.020(0.563), LR: 0.000031
[GPU cuda:1][TRAIN] Epoch: [7][2200/2480], Elapsed 10m 27s (remain 1m 19s), Accuracy: 80.000(77.265), Loss: 0.491(0.562), LR: 0.000031
[GPU cuda:1][TRAIN] Epoch: [7][2250/2480], Elapsed 10m 41s (remain 1m 5s), Accuracy: 80.000(77.237), Loss: 0.721(0.563), LR: 0.000031
[GPU cuda:1][TRAIN] Epoch: [7][2300/2480], Elapsed 10m 56s (remain 0m 51s), Accuracy: 60.000(77.227), Loss: 0.585(0.563), LR: 0.000031
[GPU cuda:1][TRAIN] Epoch: [7][2350/2480], Elapsed 11m 10s (remain 0m 36s), Accuracy: 100.000(77.278), Loss: 0.305(0.562), LR: 0.000031
[GPU cuda:1][TRAIN] Epoch: [7][2400/2480], Elapsed 11m 24s (remain 0m 22s), Accuracy: 80.000(77.384), Loss: 0.704(0.561), LR: 0.000030
[GPU cuda:1][TRAIN] Epoch: [7][2450/2480], Elapsed 11m 38s (remain 0m 8s), Accuracy: 100.000(77.576), Loss: 0.190(0.558), LR: 0.000030
[GPU cuda:1][TRAIN] Epoch: [7][2479/2480], Elapsed 11m 47s (remain 0m 0s), Accuracy: 40.000(77.613), Loss: 2.312(0.558), LR: 0.000030
[GPU cuda:1][VALID][0/97], Elapsed 0m 1s (remain 2m 13s), Accuracy: 68.750(68.750), Batch Loss: 0.9190, Average Loss: 0.9190
[GPU cuda:1][VALID][50/97], Elapsed 0m 48s (remain 0m 44s), Accuracy: 84.375(71.752), Batch Loss: 0.4206, Average Loss: 0.7676
[GPU cuda:1][VALID][96/97], Elapsed 1m 33s (remain 0m 0s), Accuracy: 67.857(70.448), Batch Loss: 0.5607, Average Loss: 0.7789
Valid Labels Samples: [2 0 1 4 1 0 3 1 4 3]
Valid Predictions Samples: [2, 0, 1, 3, 1, 1, 3, 1, 3, 4]
Epoch 7 - Train Average Loss: 77.613, Valid Average Loss: 70.448, Epoch Time: 802.455s
Epoch 7 - Accuracy: 0.705, Precision: 0.710, Recall: 0.705
[GPU cuda:1][TRAIN] Epoch: [8][0/2480], Elapsed 0m 0s (remain 25m 42s), Accuracy: 80.000(80.000), Loss: 0.401(0.401), LR: 0.000030
[GPU cuda:1][TRAIN] Epoch: [8][50/2480], Elapsed 0m 15s (remain 11m 56s), Accuracy: 60.000(83.922), Loss: 0.806(0.403), LR: 0.000030
[GPU cuda:1][TRAIN] Epoch: [8][100/2480], Elapsed 0m 29s (remain 11m 30s), Accuracy: 80.000(81.980), Loss: 0.647(0.436), LR: 0.000030
[GPU cuda:1][TRAIN] Epoch: [8][150/2480], Elapsed 0m 43s (remain 11m 12s), Accuracy: 80.000(81.325), Loss: 0.576(0.454), LR: 0.000030
[GPU cuda:1][TRAIN] Epoch: [8][200/2480], Elapsed 0m 57s (remain 10m 55s), Accuracy: 100.000(80.498), Loss: 0.247(0.489), LR: 0.000030
[GPU cuda:1][TRAIN] Epoch: [8][250/2480], Elapsed 1m 12s (remain 10m 39s), Accuracy: 80.000(80.797), Loss: 0.390(0.487), LR: 0.000030
[GPU cuda:1][TRAIN] Epoch: [8][300/2480], Elapsed 1m 26s (remain 10m 24s), Accuracy: 80.000(80.199), Loss: 0.949(0.499), LR: 0.000030
[GPU cuda:1][TRAIN] Epoch: [8][350/2480], Elapsed 1m 40s (remain 10m 9s), Accuracy: 80.000(79.202), Loss: 0.512(0.514), LR: 0.000030
[GPU cuda:1][TRAIN] Epoch: [8][400/2480], Elapsed 1m 54s (remain 9m 54s), Accuracy: 60.000(79.252), Loss: 0.757(0.514), LR: 0.000030
[GPU cuda:1][TRAIN] Epoch: [8][450/2480], Elapsed 2m 8s (remain 9m 39s), Accuracy: 80.000(80.000), Loss: 0.376(0.507), LR: 0.000030
[GPU cuda:1][TRAIN] Epoch: [8][500/2480], Elapsed 2m 23s (remain 9m 25s), Accuracy: 40.000(79.920), Loss: 1.061(0.505), LR: 0.000030
[GPU cuda:1][TRAIN] Epoch: [8][550/2480], Elapsed 2m 37s (remain 9m 10s), Accuracy: 100.000(79.673), Loss: 0.078(0.511), LR: 0.000030
[GPU cuda:1][TRAIN] Epoch: [8][600/2480], Elapsed 2m 51s (remain 8m 56s), Accuracy: 100.000(79.634), Loss: 0.040(0.517), LR: 0.000029
[GPU cuda:1][TRAIN] Epoch: [8][650/2480], Elapsed 3m 5s (remain 8m 41s), Accuracy: 100.000(79.416), Loss: 0.094(0.521), LR: 0.000029
[GPU cuda:1][TRAIN] Epoch: [8][700/2480], Elapsed 3m 19s (remain 8m 27s), Accuracy: 100.000(79.173), Loss: 0.209(0.527), LR: 0.000029
[GPU cuda:1][TRAIN] Epoch: [8][750/2480], Elapsed 3m 34s (remain 8m 12s), Accuracy: 100.000(79.041), Loss: 0.177(0.529), LR: 0.000029
[GPU cuda:1][TRAIN] Epoch: [8][800/2480], Elapsed 3m 48s (remain 7m 58s), Accuracy: 80.000(79.351), Loss: 0.297(0.522), LR: 0.000029
[GPU cuda:1][TRAIN] Epoch: [8][850/2480], Elapsed 4m 2s (remain 7m 44s), Accuracy: 100.000(79.436), Loss: 0.294(0.521), LR: 0.000029
[GPU cuda:1][TRAIN] Epoch: [8][900/2480], Elapsed 4m 16s (remain 7m 29s), Accuracy: 80.000(79.489), Loss: 0.833(0.522), LR: 0.000029
[GPU cuda:1][TRAIN] Epoch: [8][950/2480], Elapsed 4m 30s (remain 7m 15s), Accuracy: 80.000(79.621), Loss: 0.478(0.519), LR: 0.000029
[GPU cuda:1][TRAIN] Epoch: [8][1000/2480], Elapsed 4m 45s (remain 7m 1s), Accuracy: 40.000(79.560), Loss: 1.026(0.520), LR: 0.000029
[GPU cuda:1][TRAIN] Epoch: [8][1050/2480], Elapsed 4m 59s (remain 6m 46s), Accuracy: 80.000(79.543), Loss: 0.454(0.518), LR: 0.000029
[GPU cuda:1][TRAIN] Epoch: [8][1100/2480], Elapsed 5m 13s (remain 6m 32s), Accuracy: 80.000(79.582), Loss: 0.478(0.517), LR: 0.000029
[GPU cuda:1][TRAIN] Epoch: [8][1150/2480], Elapsed 5m 27s (remain 6m 18s), Accuracy: 80.000(79.374), Loss: 0.552(0.520), LR: 0.000029
[GPU cuda:1][TRAIN] Epoch: [8][1200/2480], Elapsed 5m 41s (remain 6m 4s), Accuracy: 100.000(79.484), Loss: 0.356(0.517), LR: 0.000028
[GPU cuda:1][TRAIN] Epoch: [8][1250/2480], Elapsed 5m 56s (remain 5m 49s), Accuracy: 60.000(79.440), Loss: 0.601(0.516), LR: 0.000028
[GPU cuda:1][TRAIN] Epoch: [8][1300/2480], Elapsed 6m 10s (remain 5m 35s), Accuracy: 60.000(79.554), Loss: 0.659(0.515), LR: 0.000028
[GPU cuda:1][TRAIN] Epoch: [8][1350/2480], Elapsed 6m 24s (remain 5m 21s), Accuracy: 100.000(79.719), Loss: 0.014(0.511), LR: 0.000028
[GPU cuda:1][TRAIN] Epoch: [8][1400/2480], Elapsed 6m 38s (remain 5m 7s), Accuracy: 100.000(79.729), Loss: 0.102(0.512), LR: 0.000028
[GPU cuda:1][TRAIN] Epoch: [8][1450/2480], Elapsed 6m 52s (remain 4m 52s), Accuracy: 100.000(79.766), Loss: 0.282(0.511), LR: 0.000028
[GPU cuda:1][TRAIN] Epoch: [8][1500/2480], Elapsed 7m 6s (remain 4m 38s), Accuracy: 80.000(79.667), Loss: 0.209(0.512), LR: 0.000028
[GPU cuda:1][TRAIN] Epoch: [8][1550/2480], Elapsed 7m 21s (remain 4m 24s), Accuracy: 80.000(79.742), Loss: 0.381(0.510), LR: 0.000028
[GPU cuda:1][TRAIN] Epoch: [8][1600/2480], Elapsed 7m 35s (remain 4m 10s), Accuracy: 100.000(79.725), Loss: 0.185(0.509), LR: 0.000028
[GPU cuda:1][TRAIN] Epoch: [8][1650/2480], Elapsed 7m 49s (remain 3m 55s), Accuracy: 80.000(79.879), Loss: 0.423(0.505), LR: 0.000028
[GPU cuda:1][TRAIN] Epoch: [8][1700/2480], Elapsed 8m 3s (remain 3m 41s), Accuracy: 80.000(79.812), Loss: 0.354(0.507), LR: 0.000028
[GPU cuda:1][TRAIN] Epoch: [8][1750/2480], Elapsed 8m 17s (remain 3m 27s), Accuracy: 60.000(79.897), Loss: 0.576(0.506), LR: 0.000028
[GPU cuda:1][TRAIN] Epoch: [8][1800/2480], Elapsed 8m 31s (remain 3m 13s), Accuracy: 100.000(79.967), Loss: 0.068(0.504), LR: 0.000027
[GPU cuda:1][TRAIN] Epoch: [8][1850/2480], Elapsed 8m 46s (remain 2m 58s), Accuracy: 60.000(79.924), Loss: 0.875(0.504), LR: 0.000027
[GPU cuda:1][TRAIN] Epoch: [8][1900/2480], Elapsed 9m 0s (remain 2m 44s), Accuracy: 60.000(79.884), Loss: 0.763(0.504), LR: 0.000027
[GPU cuda:1][TRAIN] Epoch: [8][1950/2480], Elapsed 9m 14s (remain 2m 30s), Accuracy: 100.000(79.795), Loss: 0.219(0.506), LR: 0.000027
[GPU cuda:1][TRAIN] Epoch: [8][2000/2480], Elapsed 9m 28s (remain 2m 16s), Accuracy: 80.000(79.910), Loss: 0.337(0.504), LR: 0.000027
[GPU cuda:1][TRAIN] Epoch: [8][2050/2480], Elapsed 9m 42s (remain 2m 1s), Accuracy: 60.000(79.941), Loss: 0.937(0.503), LR: 0.000027
[GPU cuda:1][TRAIN] Epoch: [8][2100/2480], Elapsed 9m 56s (remain 1m 47s), Accuracy: 100.000(80.171), Loss: 0.049(0.497), LR: 0.000027
[GPU cuda:1][TRAIN] Epoch: [8][2150/2480], Elapsed 10m 11s (remain 1m 33s), Accuracy: 80.000(80.335), Loss: 0.386(0.493), LR: 0.000027
[GPU cuda:1][TRAIN] Epoch: [8][2200/2480], Elapsed 10m 25s (remain 1m 19s), Accuracy: 80.000(80.318), Loss: 0.335(0.493), LR: 0.000027
[GPU cuda:1][TRAIN] Epoch: [8][2250/2480], Elapsed 10m 39s (remain 1m 5s), Accuracy: 80.000(80.275), Loss: 0.763(0.493), LR: 0.000027
[GPU cuda:1][TRAIN] Epoch: [8][2300/2480], Elapsed 10m 53s (remain 0m 50s), Accuracy: 80.000(80.243), Loss: 0.420(0.493), LR: 0.000027
[GPU cuda:1][TRAIN] Epoch: [8][2350/2480], Elapsed 11m 7s (remain 0m 36s), Accuracy: 80.000(80.289), Loss: 0.322(0.492), LR: 0.000026
[GPU cuda:1][TRAIN] Epoch: [8][2400/2480], Elapsed 11m 21s (remain 0m 22s), Accuracy: 60.000(80.350), Loss: 0.826(0.491), LR: 0.000026
[GPU cuda:1][TRAIN] Epoch: [8][2450/2480], Elapsed 11m 35s (remain 0m 8s), Accuracy: 100.000(80.416), Loss: 0.130(0.488), LR: 0.000026
[GPU cuda:1][TRAIN] Epoch: [8][2479/2480], Elapsed 11m 44s (remain 0m 0s), Accuracy: 40.000(80.468), Loss: 1.802(0.487), LR: 0.000026
[GPU cuda:1][VALID][0/97], Elapsed 0m 1s (remain 2m 20s), Accuracy: 81.250(81.250), Batch Loss: 0.6295, Average Loss: 0.6295
[GPU cuda:1][VALID][50/97], Elapsed 0m 48s (remain 0m 43s), Accuracy: 84.375(72.120), Batch Loss: 0.3117, Average Loss: 0.7842
[GPU cuda:1][VALID][96/97], Elapsed 1m 32s (remain 0m 0s), Accuracy: 67.857(71.028), Batch Loss: 0.6293, Average Loss: 0.8080
Valid Labels Samples: [2 0 1 4 1 0 3 1 4 3]
Valid Predictions Samples: [2, 0, 1, 3, 1, 1, 3, 1, 3, 1]
Epoch 8 - Train Average Loss: 80.468, Valid Average Loss: 71.028, Epoch Time: 798.763s
Epoch 8 - Accuracy: 0.710, Precision: 0.718, Recall: 0.710
[GPU cuda:1][TRAIN] Epoch: [9][0/2480], Elapsed 0m 0s (remain 25m 40s), Accuracy: 80.000(80.000), Loss: 0.274(0.274), LR: 0.000026
[GPU cuda:1][TRAIN] Epoch: [9][50/2480], Elapsed 0m 15s (remain 11m 55s), Accuracy: 60.000(84.706), Loss: 0.676(0.337), LR: 0.000026
[GPU cuda:1][TRAIN] Epoch: [9][100/2480], Elapsed 0m 29s (remain 11m 29s), Accuracy: 60.000(81.980), Loss: 1.015(0.409), LR: 0.000026
[GPU cuda:1][TRAIN] Epoch: [9][150/2480], Elapsed 0m 43s (remain 11m 10s), Accuracy: 80.000(82.914), Loss: 0.538(0.407), LR: 0.000026
[GPU cuda:1][TRAIN] Epoch: [9][200/2480], Elapsed 0m 57s (remain 10m 53s), Accuracy: 100.000(82.289), Loss: 0.154(0.433), LR: 0.000026
[GPU cuda:1][TRAIN] Epoch: [9][250/2480], Elapsed 1m 11s (remain 10m 38s), Accuracy: 100.000(83.426), Loss: 0.026(0.417), LR: 0.000026
[GPU cuda:1][TRAIN] Epoch: [9][300/2480], Elapsed 1m 26s (remain 10m 23s), Accuracy: 20.000(82.990), Loss: 1.113(0.420), LR: 0.000026
[GPU cuda:1][TRAIN] Epoch: [9][350/2480], Elapsed 1m 40s (remain 10m 8s), Accuracy: 100.000(81.880), Loss: 0.099(0.432), LR: 0.000026
[GPU cuda:1][TRAIN] Epoch: [9][400/2480], Elapsed 1m 54s (remain 9m 54s), Accuracy: 80.000(82.095), Loss: 0.547(0.431), LR: 0.000026
[GPU cuda:1][TRAIN] Epoch: [9][450/2480], Elapsed 2m 8s (remain 9m 39s), Accuracy: 100.000(82.838), Loss: 0.176(0.423), LR: 0.000025
[GPU cuda:1][TRAIN] Epoch: [9][500/2480], Elapsed 2m 23s (remain 9m 25s), Accuracy: 60.000(82.914), Loss: 0.659(0.420), LR: 0.000025
[GPU cuda:1][TRAIN] Epoch: [9][550/2480], Elapsed 2m 37s (remain 9m 10s), Accuracy: 100.000(82.831), Loss: 0.110(0.428), LR: 0.000025
[GPU cuda:1][TRAIN] Epoch: [9][600/2480], Elapsed 2m 51s (remain 8m 56s), Accuracy: 100.000(82.795), Loss: 0.024(0.431), LR: 0.000025
[GPU cuda:1][TRAIN] Epoch: [9][650/2480], Elapsed 3m 5s (remain 8m 41s), Accuracy: 100.000(82.611), Loss: 0.031(0.436), LR: 0.000025
[GPU cuda:1][TRAIN] Epoch: [9][700/2480], Elapsed 3m 19s (remain 8m 27s), Accuracy: 80.000(82.225), Loss: 0.236(0.440), LR: 0.000025
[GPU cuda:1][TRAIN] Epoch: [9][750/2480], Elapsed 3m 34s (remain 8m 13s), Accuracy: 100.000(82.370), Loss: 0.192(0.439), LR: 0.000025
[GPU cuda:1][TRAIN] Epoch: [9][800/2480], Elapsed 3m 48s (remain 7m 58s), Accuracy: 80.000(82.522), Loss: 0.228(0.436), LR: 0.000025
[GPU cuda:1][TRAIN] Epoch: [9][850/2480], Elapsed 4m 2s (remain 7m 44s), Accuracy: 100.000(82.609), Loss: 0.289(0.433), LR: 0.000025
[GPU cuda:1][TRAIN] Epoch: [9][900/2480], Elapsed 4m 16s (remain 7m 30s), Accuracy: 100.000(82.886), Loss: 0.256(0.429), LR: 0.000025
[GPU cuda:1][TRAIN] Epoch: [9][950/2480], Elapsed 4m 31s (remain 7m 16s), Accuracy: 80.000(83.091), Loss: 0.479(0.426), LR: 0.000024
[GPU cuda:1][TRAIN] Epoch: [9][1000/2480], Elapsed 4m 45s (remain 7m 1s), Accuracy: 60.000(82.917), Loss: 0.835(0.428), LR: 0.000024
[GPU cuda:1][TRAIN] Epoch: [9][1050/2480], Elapsed 4m 59s (remain 6m 47s), Accuracy: 80.000(83.045), Loss: 0.526(0.425), LR: 0.000024
[GPU cuda:1][TRAIN] Epoch: [9][1100/2480], Elapsed 5m 13s (remain 6m 33s), Accuracy: 80.000(83.270), Loss: 0.266(0.422), LR: 0.000024
[GPU cuda:1][TRAIN] Epoch: [9][1150/2480], Elapsed 5m 28s (remain 6m 18s), Accuracy: 60.000(83.162), Loss: 0.854(0.423), LR: 0.000024
[GPU cuda:1][TRAIN] Epoch: [9][1200/2480], Elapsed 5m 42s (remain 6m 4s), Accuracy: 80.000(83.264), Loss: 0.775(0.423), LR: 0.000024
[GPU cuda:1][TRAIN] Epoch: [9][1250/2480], Elapsed 5m 56s (remain 5m 50s), Accuracy: 60.000(83.197), Loss: 0.628(0.424), LR: 0.000024
[GPU cuda:1][TRAIN] Epoch: [9][1300/2480], Elapsed 6m 10s (remain 5m 36s), Accuracy: 60.000(83.274), Loss: 0.714(0.420), LR: 0.000024
[GPU cuda:1][TRAIN] Epoch: [9][1350/2480], Elapsed 6m 25s (remain 5m 21s), Accuracy: 100.000(83.405), Loss: 0.030(0.417), LR: 0.000024
[GPU cuda:1][TRAIN] Epoch: [9][1400/2480], Elapsed 6m 39s (remain 5m 7s), Accuracy: 100.000(83.383), Loss: 0.143(0.415), LR: 0.000024
[GPU cuda:1][TRAIN] Epoch: [9][1450/2480], Elapsed 6m 53s (remain 4m 53s), Accuracy: 80.000(83.418), Loss: 0.476(0.416), LR: 0.000023
[GPU cuda:1][TRAIN] Epoch: [9][1500/2480], Elapsed 7m 7s (remain 4m 39s), Accuracy: 100.000(83.344), Loss: 0.093(0.418), LR: 0.000023
[GPU cuda:1][TRAIN] Epoch: [9][1550/2480], Elapsed 7m 22s (remain 4m 24s), Accuracy: 100.000(83.353), Loss: 0.033(0.417), LR: 0.000023
[GPU cuda:1][TRAIN] Epoch: [9][1600/2480], Elapsed 7m 36s (remain 4m 10s), Accuracy: 100.000(83.385), Loss: 0.154(0.417), LR: 0.000023
[GPU cuda:1][TRAIN] Epoch: [9][1650/2480], Elapsed 7m 50s (remain 3m 56s), Accuracy: 100.000(83.465), Loss: 0.185(0.414), LR: 0.000023
[GPU cuda:1][TRAIN] Epoch: [9][1700/2480], Elapsed 8m 4s (remain 3m 42s), Accuracy: 80.000(83.480), Loss: 0.449(0.416), LR: 0.000023
[GPU cuda:1][TRAIN] Epoch: [9][1750/2480], Elapsed 8m 19s (remain 3m 27s), Accuracy: 80.000(83.655), Loss: 0.253(0.413), LR: 0.000023
[GPU cuda:1][TRAIN] Epoch: [9][1800/2480], Elapsed 8m 33s (remain 3m 13s), Accuracy: 80.000(83.709), Loss: 0.650(0.413), LR: 0.000023
[GPU cuda:1][TRAIN] Epoch: [9][1850/2480], Elapsed 8m 47s (remain 2m 59s), Accuracy: 100.000(83.793), Loss: 0.260(0.411), LR: 0.000023
[GPU cuda:1][TRAIN] Epoch: [9][1900/2480], Elapsed 9m 2s (remain 2m 45s), Accuracy: 80.000(83.745), Loss: 0.729(0.413), LR: 0.000023
[GPU cuda:1][TRAIN] Epoch: [9][1950/2480], Elapsed 9m 16s (remain 2m 30s), Accuracy: 100.000(83.711), Loss: 0.078(0.414), LR: 0.000022
[GPU cuda:1][TRAIN] Epoch: [9][2000/2480], Elapsed 9m 30s (remain 2m 16s), Accuracy: 100.000(83.848), Loss: 0.257(0.411), LR: 0.000022
[GPU cuda:1][TRAIN] Epoch: [9][2050/2480], Elapsed 9m 44s (remain 2m 2s), Accuracy: 60.000(84.027), Loss: 1.022(0.409), LR: 0.000022
[GPU cuda:1][TRAIN] Epoch: [9][2100/2480], Elapsed 9m 59s (remain 1m 48s), Accuracy: 100.000(84.198), Loss: 0.093(0.405), LR: 0.000022
[GPU cuda:1][TRAIN] Epoch: [9][2150/2480], Elapsed 10m 13s (remain 1m 33s), Accuracy: 80.000(84.407), Loss: 0.581(0.401), LR: 0.000022
[GPU cuda:1][TRAIN] Epoch: [9][2200/2480], Elapsed 10m 27s (remain 1m 19s), Accuracy: 80.000(84.398), Loss: 0.317(0.400), LR: 0.000022
[GPU cuda:1][TRAIN] Epoch: [9][2250/2480], Elapsed 10m 41s (remain 1m 5s), Accuracy: 60.000(84.336), Loss: 0.511(0.401), LR: 0.000022
[GPU cuda:1][TRAIN] Epoch: [9][2300/2480], Elapsed 10m 56s (remain 0m 51s), Accuracy: 100.000(84.389), Loss: 0.095(0.399), LR: 0.000022
[GPU cuda:1][TRAIN] Epoch: [9][2350/2480], Elapsed 11m 10s (remain 0m 36s), Accuracy: 100.000(84.407), Loss: 0.125(0.400), LR: 0.000022
[GPU cuda:1][TRAIN] Epoch: [9][2400/2480], Elapsed 11m 24s (remain 0m 22s), Accuracy: 60.000(84.490), Loss: 0.748(0.399), LR: 0.000022
[GPU cuda:1][TRAIN] Epoch: [9][2450/2480], Elapsed 11m 38s (remain 0m 8s), Accuracy: 80.000(84.586), Loss: 0.271(0.397), LR: 0.000021
[GPU cuda:1][TRAIN] Epoch: [9][2479/2480], Elapsed 11m 47s (remain 0m 0s), Accuracy: 60.000(84.653), Loss: 1.141(0.395), LR: 0.000021
[GPU cuda:1][VALID][0/97], Elapsed 0m 1s (remain 2m 13s), Accuracy: 71.875(71.875), Batch Loss: 1.1231, Average Loss: 1.1231
[GPU cuda:1][VALID][50/97], Elapsed 0m 48s (remain 0m 44s), Accuracy: 81.250(72.243), Batch Loss: 0.6111, Average Loss: 0.9223
[GPU cuda:1][VALID][96/97], Elapsed 1m 32s (remain 0m 0s), Accuracy: 75.000(71.327), Batch Loss: 0.4895, Average Loss: 0.9031
Valid Labels Samples: [2 0 1 4 1 0 3 1 4 3]
Valid Predictions Samples: [2, 0, 1, 3, 1, 1, 3, 1, 3, 1]
Epoch 9 - Train Average Loss: 84.653, Valid Average Loss: 71.327, Epoch Time: 802.262s
Epoch 9 - Accuracy: 0.713, Precision: 0.718, Recall: 0.713
