[GPU 1]: Config File
{'id': 1, 'model_name': 'swin_large_patch4_window12_384_in22k', 'dropout': 0.5, 'size': 384, 'batch_size_t': 5, 'batch_size_v': 32, 'n_targets': 5, 'criterion': 'CrossEntropyLoss', 'gradient_accumulation_steps': 1, 'max_gradient_norm': None, 'optimizer': 'AdamW', 'scheduler': 'CosineAnnealingWarmRestarts', 'LR': 1e-05, 'T_0': 200, 'T_max': 10, 'T_mult': 2, 'min_lr': 1e-06, 'max_lr': 0.0001, 'no_batches': 'NA', 'warmup_epochs': 1, 'cosine_epochs': 14, 'epochs': 15, 'update_per_batch': True, 'num_workers': 4, 'n_folds': 5, 'train_transforms': [], 'valid_transforms': [], 'observations': None, 'use_swa': True, 'swa_lr': 0.01, 'swa_epoch': 0, 'use_sam': True, 'use_asam': True, 'asam_rho': 0.1, 'print_freq': 50, 'one_fold': True, 'use_apex': True, 'distributed_training': False, 'save_to_log': True}
================================================== Training Fold: 0 ==================================================
[GPU cuda:1][TRAIN] Epoch: [1][0/2480], Elapsed 0m 0s (remain 21m 19s), Accuracy: 0.000(0.000), Loss: 1.758(1.758), LR: 0.000010
[GPU cuda:1][TRAIN] Epoch: [1][50/2480], Elapsed 0m 14s (remain 11m 37s), Accuracy: 20.000(20.392), Loss: 1.550(1.639), LR: 0.000009
[GPU cuda:1][TRAIN] Epoch: [1][100/2480], Elapsed 0m 28s (remain 11m 19s), Accuracy: 40.000(22.970), Loss: 1.432(1.614), LR: 0.000005
[GPU cuda:1][TRAIN] Epoch: [1][150/2480], Elapsed 0m 43s (remain 11m 4s), Accuracy: 20.000(24.503), Loss: 1.629(1.603), LR: 0.000002
[GPU cuda:1][TRAIN] Epoch: [1][200/2480], Elapsed 0m 57s (remain 10m 50s), Accuracy: 40.000(25.871), Loss: 1.600(1.594), LR: 0.000010
[GPU cuda:1][TRAIN] Epoch: [1][250/2480], Elapsed 1m 11s (remain 10m 35s), Accuracy: 20.000(26.375), Loss: 1.536(1.584), LR: 0.000010
[GPU cuda:1][TRAIN] Epoch: [1][300/2480], Elapsed 1m 25s (remain 10m 21s), Accuracy: 0.000(27.973), Loss: 1.638(1.560), LR: 0.000009
[GPU cuda:1][TRAIN] Epoch: [1][350/2480], Elapsed 1m 40s (remain 10m 7s), Accuracy: 100.000(30.256), Loss: 0.795(1.525), LR: 0.000007
[GPU cuda:1][TRAIN] Epoch: [1][400/2480], Elapsed 1m 54s (remain 9m 52s), Accuracy: 60.000(32.618), Loss: 1.037(1.488), LR: 0.000005
[GPU cuda:1][TRAIN] Epoch: [1][450/2480], Elapsed 2m 8s (remain 9m 38s), Accuracy: 40.000(34.678), Loss: 1.059(1.449), LR: 0.000004
[GPU cuda:1][TRAIN] Epoch: [1][500/2480], Elapsed 2m 22s (remain 9m 24s), Accuracy: 40.000(36.607), Loss: 1.733(1.412), LR: 0.000002
[GPU cuda:1][TRAIN] Epoch: [1][550/2480], Elapsed 2m 37s (remain 9m 9s), Accuracy: 80.000(38.512), Loss: 0.639(1.378), LR: 0.000001
[GPU cuda:1][TRAIN] Epoch: [1][600/2480], Elapsed 2m 51s (remain 8m 55s), Accuracy: 80.000(40.200), Loss: 0.502(1.346), LR: 0.000010
[GPU cuda:1][TRAIN] Epoch: [1][650/2480], Elapsed 3m 5s (remain 8m 41s), Accuracy: 80.000(41.290), Loss: 0.559(1.327), LR: 0.000010
[GPU cuda:1][TRAIN] Epoch: [1][700/2480], Elapsed 3m 19s (remain 8m 26s), Accuracy: 60.000(42.054), Loss: 0.987(1.313), LR: 0.000010
[GPU cuda:1][TRAIN] Epoch: [1][750/2480], Elapsed 3m 33s (remain 8m 12s), Accuracy: 60.000(42.823), Loss: 1.023(1.299), LR: 0.000009
[GPU cuda:1][TRAIN] Epoch: [1][800/2480], Elapsed 3m 48s (remain 7m 58s), Accuracy: 60.000(44.045), Loss: 0.699(1.279), LR: 0.000009
[GPU cuda:1][TRAIN] Epoch: [1][850/2480], Elapsed 4m 2s (remain 7m 44s), Accuracy: 40.000(44.794), Loss: 1.099(1.259), LR: 0.000008
[GPU cuda:1][TRAIN] Epoch: [1][900/2480], Elapsed 4m 16s (remain 7m 29s), Accuracy: 60.000(45.683), Loss: 1.229(1.240), LR: 0.000007
[GPU cuda:1][TRAIN] Epoch: [1][950/2480], Elapsed 4m 30s (remain 7m 15s), Accuracy: 60.000(46.730), Loss: 1.001(1.221), LR: 0.000006
[GPU cuda:1][TRAIN] Epoch: [1][1000/2480], Elapsed 4m 45s (remain 7m 1s), Accuracy: 20.000(47.193), Loss: 1.435(1.207), LR: 0.000005
[GPU cuda:1][TRAIN] Epoch: [1][1050/2480], Elapsed 4m 59s (remain 6m 46s), Accuracy: 40.000(47.555), Loss: 1.504(1.198), LR: 0.000005
[GPU cuda:1][TRAIN] Epoch: [1][1100/2480], Elapsed 5m 13s (remain 6m 32s), Accuracy: 80.000(48.520), Loss: 0.698(1.179), LR: 0.000004
[GPU cuda:1][TRAIN] Epoch: [1][1150/2480], Elapsed 5m 27s (remain 6m 18s), Accuracy: 60.000(49.036), Loss: 0.839(1.167), LR: 0.000003
[GPU cuda:1][TRAIN] Epoch: [1][1200/2480], Elapsed 5m 41s (remain 6m 4s), Accuracy: 80.000(49.858), Loss: 0.925(1.150), LR: 0.000002
[GPU cuda:1][TRAIN] Epoch: [1][1250/2480], Elapsed 5m 56s (remain 5m 49s), Accuracy: 40.000(50.312), Loss: 0.842(1.138), LR: 0.000002
[GPU cuda:1][TRAIN] Epoch: [1][1300/2480], Elapsed 6m 10s (remain 5m 35s), Accuracy: 20.000(51.115), Loss: 1.443(1.124), LR: 0.000001
[GPU cuda:1][TRAIN] Epoch: [1][1350/2480], Elapsed 6m 24s (remain 5m 21s), Accuracy: 100.000(51.739), Loss: 0.374(1.112), LR: 0.000001
[GPU cuda:1][TRAIN] Epoch: [1][1400/2480], Elapsed 6m 38s (remain 5m 7s), Accuracy: 60.000(52.077), Loss: 0.613(1.105), LR: 0.000010
[GPU cuda:1][TRAIN] Epoch: [1][1450/2480], Elapsed 6m 52s (remain 4m 52s), Accuracy: 60.000(52.598), Loss: 0.899(1.096), LR: 0.000010
[GPU cuda:1][TRAIN] Epoch: [1][1500/2480], Elapsed 7m 7s (remain 4m 38s), Accuracy: 100.000(52.858), Loss: 0.288(1.091), LR: 0.000010
[GPU cuda:1][TRAIN] Epoch: [1][1550/2480], Elapsed 7m 21s (remain 4m 24s), Accuracy: 60.000(53.075), Loss: 0.781(1.085), LR: 0.000010
[GPU cuda:1][TRAIN] Epoch: [1][1600/2480], Elapsed 7m 35s (remain 4m 10s), Accuracy: 80.000(53.492), Loss: 0.759(1.077), LR: 0.000010
[GPU cuda:1][TRAIN] Epoch: [1][1650/2480], Elapsed 7m 49s (remain 3m 55s), Accuracy: 80.000(53.822), Loss: 0.294(1.067), LR: 0.000009
[GPU cuda:1][TRAIN] Epoch: [1][1700/2480], Elapsed 8m 3s (remain 3m 41s), Accuracy: 80.000(54.062), Loss: 0.503(1.063), LR: 0.000009
[GPU cuda:1][TRAIN] Epoch: [1][1750/2480], Elapsed 8m 18s (remain 3m 27s), Accuracy: 40.000(54.403), Loss: 1.070(1.057), LR: 0.000009
[GPU cuda:1][TRAIN] Epoch: [1][1800/2480], Elapsed 8m 32s (remain 3m 13s), Accuracy: 60.000(54.647), Loss: 1.070(1.050), LR: 0.000009
[GPU cuda:1][TRAIN] Epoch: [1][1850/2480], Elapsed 8m 46s (remain 2m 58s), Accuracy: 20.000(54.770), Loss: 1.382(1.047), LR: 0.000008
[GPU cuda:1][TRAIN] Epoch: [1][1900/2480], Elapsed 9m 0s (remain 2m 44s), Accuracy: 60.000(54.982), Loss: 0.802(1.042), LR: 0.000008
[GPU cuda:1][TRAIN] Epoch: [1][1950/2480], Elapsed 9m 15s (remain 2m 30s), Accuracy: 80.000(55.069), Loss: 0.803(1.040), LR: 0.000008
[GPU cuda:1][TRAIN] Epoch: [1][2000/2480], Elapsed 9m 29s (remain 2m 16s), Accuracy: 60.000(55.362), Loss: 1.021(1.033), LR: 0.000007
[GPU cuda:1][TRAIN] Epoch: [1][2050/2480], Elapsed 9m 43s (remain 2m 2s), Accuracy: 40.000(55.446), Loss: 1.269(1.032), LR: 0.000007
[GPU cuda:1][TRAIN] Epoch: [1][2100/2480], Elapsed 9m 57s (remain 1m 47s), Accuracy: 80.000(55.859), Loss: 0.676(1.025), LR: 0.000006
[GPU cuda:1][TRAIN] Epoch: [1][2150/2480], Elapsed 10m 11s (remain 1m 33s), Accuracy: 20.000(56.123), Loss: 1.249(1.019), LR: 0.000006
[GPU cuda:1][TRAIN] Epoch: [1][2200/2480], Elapsed 10m 26s (remain 1m 19s), Accuracy: 60.000(56.429), Loss: 0.892(1.014), LR: 0.000005
[GPU cuda:1][TRAIN] Epoch: [1][2250/2480], Elapsed 10m 40s (remain 1m 5s), Accuracy: 40.000(56.624), Loss: 1.065(1.010), LR: 0.000005
[GPU cuda:1][TRAIN] Epoch: [1][2300/2480], Elapsed 10m 54s (remain 0m 50s), Accuracy: 80.000(56.880), Loss: 0.640(1.005), LR: 0.000005
[GPU cuda:1][TRAIN] Epoch: [1][2350/2480], Elapsed 11m 8s (remain 0m 36s), Accuracy: 80.000(57.048), Loss: 0.741(1.002), LR: 0.000004
[GPU cuda:1][TRAIN] Epoch: [1][2400/2480], Elapsed 11m 22s (remain 0m 22s), Accuracy: 60.000(57.359), Loss: 1.124(0.997), LR: 0.000004
[GPU cuda:1][TRAIN] Epoch: [1][2450/2480], Elapsed 11m 37s (remain 0m 8s), Accuracy: 80.000(57.617), Loss: 0.684(0.992), LR: 0.000003
[GPU cuda:1][TRAIN] Epoch: [1][2479/2480], Elapsed 11m 45s (remain 0m 0s), Accuracy: 40.000(57.790), Loss: 1.733(0.989), LR: 0.000003
[GPU cuda:1][VALID][0/97], Elapsed 0m 1s (remain 2m 9s), Accuracy: 75.000(75.000), Batch Loss: 0.7135, Average Loss: 0.7135
[GPU cuda:1][VALID][50/97], Elapsed 0m 48s (remain 0m 43s), Accuracy: 62.500(71.507), Batch Loss: 0.5921, Average Loss: 0.7111
[GPU cuda:1][VALID][96/97], Elapsed 1m 32s (remain 0m 0s), Accuracy: 71.429(71.258), Batch Loss: 0.5642, Average Loss: 0.7165
Valid Labels Samples: [2 0 1 4 1 0 3 1 4 3]
Valid Predictions Samples: [2, 0, 1, 4, 1, 0, 3, 1, 3, 0]
Epoch 1 - Train Average Loss: 57.790, Valid Average Loss: 71.258, Epoch Time: 799.676s
Epoch 1 - Accuracy: 0.713, Precision: 0.719, Recall: 0.713
Saved Best Model: 0.71
[GPU cuda:1][TRAIN] Epoch: [2][0/2480], Elapsed 0m 0s (remain 24m 53s), Accuracy: 60.000(60.000), Loss: 1.241(1.241), LR: 0.000003
[GPU cuda:1][TRAIN] Epoch: [2][50/2480], Elapsed 0m 15s (remain 11m 54s), Accuracy: 40.000(71.765), Loss: 0.939(0.673), LR: 0.000003
[GPU cuda:1][TRAIN] Epoch: [2][100/2480], Elapsed 0m 29s (remain 11m 29s), Accuracy: 80.000(69.505), Loss: 0.725(0.710), LR: 0.000002
[GPU cuda:1][TRAIN] Epoch: [2][150/2480], Elapsed 0m 43s (remain 11m 10s), Accuracy: 40.000(69.801), Loss: 1.019(0.721), LR: 0.000002
[GPU cuda:1][TRAIN] Epoch: [2][200/2480], Elapsed 0m 57s (remain 10m 54s), Accuracy: 60.000(68.756), Loss: 0.682(0.743), LR: 0.000002
[GPU cuda:1][TRAIN] Epoch: [2][250/2480], Elapsed 1m 11s (remain 10m 38s), Accuracy: 80.000(69.482), Loss: 0.321(0.737), LR: 0.000002
[GPU cuda:1][TRAIN] Epoch: [2][300/2480], Elapsed 1m 26s (remain 10m 23s), Accuracy: 20.000(68.970), Loss: 1.250(0.740), LR: 0.000001
[GPU cuda:1][TRAIN] Epoch: [2][350/2480], Elapsed 1m 40s (remain 10m 8s), Accuracy: 80.000(68.604), Loss: 0.787(0.743), LR: 0.000001
[GPU cuda:1][TRAIN] Epoch: [2][400/2480], Elapsed 1m 54s (remain 9m 53s), Accuracy: 80.000(68.778), Loss: 0.594(0.745), LR: 0.000001
[GPU cuda:1][TRAIN] Epoch: [2][450/2480], Elapsed 2m 8s (remain 9m 38s), Accuracy: 80.000(69.135), Loss: 0.566(0.742), LR: 0.000001
[GPU cuda:1][TRAIN] Epoch: [2][500/2480], Elapsed 2m 22s (remain 9m 24s), Accuracy: 40.000(69.261), Loss: 0.955(0.736), LR: 0.000001
[GPU cuda:1][TRAIN] Epoch: [2][550/2480], Elapsed 2m 37s (remain 9m 9s), Accuracy: 80.000(69.111), Loss: 0.320(0.742), LR: 0.000010
[GPU cuda:1][TRAIN] Epoch: [2][600/2480], Elapsed 2m 51s (remain 8m 55s), Accuracy: 100.000(68.719), Loss: 0.119(0.758), LR: 0.000010
[GPU cuda:1][TRAIN] Epoch: [2][650/2480], Elapsed 3m 5s (remain 8m 40s), Accuracy: 100.000(68.233), Loss: 0.104(0.768), LR: 0.000010
[GPU cuda:1][TRAIN] Epoch: [2][700/2480], Elapsed 3m 19s (remain 8m 26s), Accuracy: 80.000(67.960), Loss: 0.620(0.776), LR: 0.000010
[GPU cuda:1][TRAIN] Epoch: [2][750/2480], Elapsed 3m 33s (remain 8m 12s), Accuracy: 80.000(67.590), Loss: 0.414(0.783), LR: 0.000010
[GPU cuda:1][TRAIN] Epoch: [2][800/2480], Elapsed 3m 47s (remain 7m 57s), Accuracy: 100.000(67.865), Loss: 0.323(0.779), LR: 0.000010
[GPU cuda:1][TRAIN] Epoch: [2][850/2480], Elapsed 4m 2s (remain 7m 43s), Accuracy: 60.000(68.038), Loss: 0.879(0.774), LR: 0.000010
[GPU cuda:1][TRAIN] Epoch: [2][900/2480], Elapsed 4m 16s (remain 7m 29s), Accuracy: 80.000(68.169), Loss: 1.113(0.772), LR: 0.000010
[GPU cuda:1][TRAIN] Epoch: [2][950/2480], Elapsed 4m 30s (remain 7m 15s), Accuracy: 60.000(68.244), Loss: 0.923(0.770), LR: 0.000010
[GPU cuda:1][TRAIN] Epoch: [2][1000/2480], Elapsed 4m 44s (remain 7m 0s), Accuracy: 80.000(67.832), Loss: 0.824(0.773), LR: 0.000010
[GPU cuda:1][TRAIN] Epoch: [2][1050/2480], Elapsed 4m 58s (remain 6m 46s), Accuracy: 40.000(67.688), Loss: 1.241(0.774), LR: 0.000009
[GPU cuda:1][TRAIN] Epoch: [2][1100/2480], Elapsed 5m 13s (remain 6m 32s), Accuracy: 80.000(67.847), Loss: 0.407(0.769), LR: 0.000009
[GPU cuda:1][TRAIN] Epoch: [2][1150/2480], Elapsed 5m 27s (remain 6m 18s), Accuracy: 40.000(67.715), Loss: 0.941(0.771), LR: 0.000009
[GPU cuda:1][TRAIN] Epoch: [2][1200/2480], Elapsed 5m 41s (remain 6m 3s), Accuracy: 80.000(67.727), Loss: 0.810(0.770), LR: 0.000009
[GPU cuda:1][TRAIN] Epoch: [2][1250/2480], Elapsed 5m 55s (remain 5m 49s), Accuracy: 40.000(67.514), Loss: 0.915(0.772), LR: 0.000009
[GPU cuda:1][TRAIN] Epoch: [2][1300/2480], Elapsed 6m 10s (remain 5m 35s), Accuracy: 60.000(67.763), Loss: 0.817(0.769), LR: 0.000009
[GPU cuda:1][TRAIN] Epoch: [2][1350/2480], Elapsed 6m 24s (remain 5m 21s), Accuracy: 100.000(67.890), Loss: 0.121(0.768), LR: 0.000009
[GPU cuda:1][TRAIN] Epoch: [2][1400/2480], Elapsed 6m 38s (remain 5m 6s), Accuracy: 100.000(67.837), Loss: 0.263(0.770), LR: 0.000008
[GPU cuda:1][TRAIN] Epoch: [2][1450/2480], Elapsed 6m 52s (remain 4m 52s), Accuracy: 100.000(67.967), Loss: 0.516(0.767), LR: 0.000008
[GPU cuda:1][TRAIN] Epoch: [2][1500/2480], Elapsed 7m 6s (remain 4m 38s), Accuracy: 80.000(67.901), Loss: 0.292(0.768), LR: 0.000008
[GPU cuda:1][TRAIN] Epoch: [2][1550/2480], Elapsed 7m 21s (remain 4m 24s), Accuracy: 60.000(67.892), Loss: 0.709(0.767), LR: 0.000008
[GPU cuda:1][TRAIN] Epoch: [2][1600/2480], Elapsed 7m 35s (remain 4m 9s), Accuracy: 80.000(68.045), Loss: 0.464(0.764), LR: 0.000008
[GPU cuda:1][TRAIN] Epoch: [2][1650/2480], Elapsed 7m 49s (remain 3m 55s), Accuracy: 80.000(68.237), Loss: 0.349(0.760), LR: 0.000007
[GPU cuda:1][TRAIN] Epoch: [2][1700/2480], Elapsed 8m 3s (remain 3m 41s), Accuracy: 80.000(68.360), Loss: 0.503(0.758), LR: 0.000007
[GPU cuda:1][TRAIN] Epoch: [2][1750/2480], Elapsed 8m 17s (remain 3m 27s), Accuracy: 60.000(68.452), Loss: 1.137(0.758), LR: 0.000007
[GPU cuda:1][TRAIN] Epoch: [2][1800/2480], Elapsed 8m 31s (remain 3m 13s), Accuracy: 80.000(68.495), Loss: 0.465(0.756), LR: 0.000007
[GPU cuda:1][TRAIN] Epoch: [2][1850/2480], Elapsed 8m 46s (remain 2m 58s), Accuracy: 80.000(68.460), Loss: 0.741(0.756), LR: 0.000007
[GPU cuda:1][TRAIN] Epoch: [2][1900/2480], Elapsed 9m 0s (remain 2m 44s), Accuracy: 60.000(68.617), Loss: 0.520(0.753), LR: 0.000006
[GPU cuda:1][TRAIN] Epoch: [2][1950/2480], Elapsed 9m 14s (remain 2m 30s), Accuracy: 100.000(68.488), Loss: 0.492(0.755), LR: 0.000006
[GPU cuda:1][TRAIN] Epoch: [2][2000/2480], Elapsed 9m 28s (remain 2m 16s), Accuracy: 60.000(68.606), Loss: 0.769(0.754), LR: 0.000006
[GPU cuda:1][TRAIN] Epoch: [2][2050/2480], Elapsed 9m 42s (remain 2m 1s), Accuracy: 60.000(68.610), Loss: 0.974(0.755), LR: 0.000006
[GPU cuda:1][TRAIN] Epoch: [2][2100/2480], Elapsed 9m 57s (remain 1m 47s), Accuracy: 100.000(68.862), Loss: 0.287(0.750), LR: 0.000006
[GPU cuda:1][TRAIN] Epoch: [2][2150/2480], Elapsed 10m 11s (remain 1m 33s), Accuracy: 80.000(68.963), Loss: 0.669(0.748), LR: 0.000005
[GPU cuda:1][TRAIN] Epoch: [2][2200/2480], Elapsed 10m 25s (remain 1m 19s), Accuracy: 60.000(69.014), Loss: 0.768(0.746), LR: 0.000005
[GPU cuda:1][TRAIN] Epoch: [2][2250/2480], Elapsed 10m 39s (remain 1m 5s), Accuracy: 60.000(68.965), Loss: 0.793(0.746), LR: 0.000005
[GPU cuda:1][TRAIN] Epoch: [2][2300/2480], Elapsed 10m 53s (remain 0m 50s), Accuracy: 80.000(69.022), Loss: 0.440(0.744), LR: 0.000005
[GPU cuda:1][TRAIN] Epoch: [2][2350/2480], Elapsed 11m 8s (remain 0m 36s), Accuracy: 60.000(69.111), Loss: 0.820(0.744), LR: 0.000004
[GPU cuda:1][TRAIN] Epoch: [2][2400/2480], Elapsed 11m 22s (remain 0m 22s), Accuracy: 60.000(69.213), Loss: 1.270(0.743), LR: 0.000004
[GPU cuda:1][TRAIN] Epoch: [2][2450/2480], Elapsed 11m 36s (remain 0m 8s), Accuracy: 60.000(69.262), Loss: 0.575(0.741), LR: 0.000004
[GPU cuda:1][TRAIN] Epoch: [2][2479/2480], Elapsed 11m 44s (remain 0m 0s), Accuracy: 40.000(69.315), Loss: 2.023(0.741), LR: 0.000004
[GPU cuda:1][VALID][0/97], Elapsed 0m 1s (remain 2m 11s), Accuracy: 75.000(75.000), Batch Loss: 0.6483, Average Loss: 0.6483
[GPU cuda:1][VALID][50/97], Elapsed 0m 48s (remain 0m 43s), Accuracy: 71.875(73.223), Batch Loss: 0.4899, Average Loss: 0.6712
[GPU cuda:1][VALID][96/97], Elapsed 1m 32s (remain 0m 0s), Accuracy: 75.000(73.260), Batch Loss: 0.5260, Average Loss: 0.6791
Valid Labels Samples: [2 0 1 4 1 0 3 1 4 3]
Valid Predictions Samples: [2, 0, 1, 3, 1, 0, 3, 1, 3, 0]
Epoch 2 - Train Average Loss: 69.315, Valid Average Loss: 73.260, Epoch Time: 799.370s
Epoch 2 - Accuracy: 0.733, Precision: 0.743, Recall: 0.733
Saved Best Model: 0.73
[GPU cuda:1][TRAIN] Epoch: [3][0/2480], Elapsed 0m 0s (remain 25m 14s), Accuracy: 80.000(80.000), Loss: 0.946(0.946), LR: 0.000004
[GPU cuda:1][TRAIN] Epoch: [3][50/2480], Elapsed 0m 14s (remain 11m 53s), Accuracy: 60.000(76.471), Loss: 0.886(0.605), LR: 0.000004
[GPU cuda:1][TRAIN] Epoch: [3][100/2480], Elapsed 0m 29s (remain 11m 28s), Accuracy: 80.000(74.059), Loss: 0.728(0.643), LR: 0.000004
[GPU cuda:1][TRAIN] Epoch: [3][150/2480], Elapsed 0m 43s (remain 11m 10s), Accuracy: 40.000(72.980), Loss: 0.930(0.655), LR: 0.000003
[GPU cuda:1][TRAIN] Epoch: [3][200/2480], Elapsed 0m 57s (remain 10m 53s), Accuracy: 60.000(71.741), Loss: 0.766(0.676), LR: 0.000003
[GPU cuda:1][TRAIN] Epoch: [3][250/2480], Elapsed 1m 11s (remain 10m 37s), Accuracy: 80.000(72.032), Loss: 0.192(0.672), LR: 0.000003
[GPU cuda:1][TRAIN] Epoch: [3][300/2480], Elapsed 1m 26s (remain 10m 22s), Accuracy: 20.000(71.827), Loss: 1.575(0.678), LR: 0.000003
[GPU cuda:1][TRAIN] Epoch: [3][350/2480], Elapsed 1m 40s (remain 10m 7s), Accuracy: 60.000(71.111), Loss: 1.004(0.690), LR: 0.000003
[GPU cuda:1][TRAIN] Epoch: [3][400/2480], Elapsed 1m 54s (remain 9m 53s), Accuracy: 80.000(71.172), Loss: 0.606(0.687), LR: 0.000002
[GPU cuda:1][TRAIN] Epoch: [3][450/2480], Elapsed 2m 8s (remain 9m 38s), Accuracy: 60.000(71.752), Loss: 0.772(0.684), LR: 0.000002
[GPU cuda:1][TRAIN] Epoch: [3][500/2480], Elapsed 2m 22s (remain 9m 23s), Accuracy: 40.000(72.136), Loss: 0.975(0.675), LR: 0.000002
[GPU cuda:1][TRAIN] Epoch: [3][550/2480], Elapsed 2m 36s (remain 9m 9s), Accuracy: 80.000(72.160), Loss: 0.474(0.678), LR: 0.000002
[GPU cuda:1][TRAIN] Epoch: [3][600/2480], Elapsed 2m 51s (remain 8m 54s), Accuracy: 100.000(72.246), Loss: 0.056(0.681), LR: 0.000002
[GPU cuda:1][TRAIN] Epoch: [3][650/2480], Elapsed 3m 5s (remain 8m 40s), Accuracy: 100.000(72.442), Loss: 0.039(0.680), LR: 0.000002
[GPU cuda:1][TRAIN] Epoch: [3][700/2480], Elapsed 3m 19s (remain 8m 26s), Accuracy: 100.000(72.382), Loss: 0.372(0.683), LR: 0.000002
[GPU cuda:1][TRAIN] Epoch: [3][750/2480], Elapsed 3m 33s (remain 8m 11s), Accuracy: 80.000(72.490), Loss: 0.429(0.680), LR: 0.000002
[GPU cuda:1][TRAIN] Epoch: [3][800/2480], Elapsed 3m 47s (remain 7m 57s), Accuracy: 80.000(72.809), Loss: 0.415(0.675), LR: 0.000001
[GPU cuda:1][TRAIN] Epoch: [3][850/2480], Elapsed 4m 1s (remain 7m 43s), Accuracy: 60.000(73.137), Loss: 0.757(0.666), LR: 0.000001
[GPU cuda:1][TRAIN] Epoch: [3][900/2480], Elapsed 4m 16s (remain 7m 28s), Accuracy: 80.000(73.430), Loss: 0.764(0.661), LR: 0.000001
[GPU cuda:1][TRAIN] Epoch: [3][950/2480], Elapsed 4m 30s (remain 7m 14s), Accuracy: 80.000(73.607), Loss: 0.888(0.657), LR: 0.000001
[GPU cuda:1][TRAIN] Epoch: [3][1000/2480], Elapsed 4m 44s (remain 7m 0s), Accuracy: 80.000(73.427), Loss: 0.793(0.656), LR: 0.000001
[GPU cuda:1][TRAIN] Epoch: [3][1050/2480], Elapsed 4m 58s (remain 6m 46s), Accuracy: 60.000(73.606), Loss: 0.740(0.653), LR: 0.000001
[GPU cuda:1][TRAIN] Epoch: [3][1100/2480], Elapsed 5m 12s (remain 6m 31s), Accuracy: 100.000(73.751), Loss: 0.293(0.648), LR: 0.000001
[GPU cuda:1][TRAIN] Epoch: [3][1150/2480], Elapsed 5m 26s (remain 6m 17s), Accuracy: 80.000(73.901), Loss: 0.636(0.645), LR: 0.000001
[GPU cuda:1][TRAIN] Epoch: [3][1200/2480], Elapsed 5m 41s (remain 6m 3s), Accuracy: 100.000(74.055), Loss: 0.380(0.641), LR: 0.000001
[GPU cuda:1][TRAIN] Epoch: [3][1250/2480], Elapsed 5m 55s (remain 5m 49s), Accuracy: 40.000(74.005), Loss: 1.070(0.641), LR: 0.000010
[GPU cuda:1][TRAIN] Epoch: [3][1300/2480], Elapsed 6m 9s (remain 5m 34s), Accuracy: 80.000(74.081), Loss: 0.785(0.641), LR: 0.000010
[GPU cuda:1][TRAIN] Epoch: [3][1350/2480], Elapsed 6m 23s (remain 5m 20s), Accuracy: 100.000(74.093), Loss: 0.062(0.639), LR: 0.000010
[GPU cuda:1][TRAIN] Epoch: [3][1400/2480], Elapsed 6m 37s (remain 5m 6s), Accuracy: 60.000(73.904), Loss: 0.485(0.645), LR: 0.000010
[GPU cuda:1][TRAIN] Epoch: [3][1450/2480], Elapsed 6m 52s (remain 4m 52s), Accuracy: 80.000(73.853), Loss: 0.547(0.645), LR: 0.000010
[GPU cuda:1][TRAIN] Epoch: [3][1500/2480], Elapsed 7m 6s (remain 4m 37s), Accuracy: 100.000(73.751), Loss: 0.241(0.647), LR: 0.000010
[GPU cuda:1][TRAIN] Epoch: [3][1550/2480], Elapsed 7m 20s (remain 4m 23s), Accuracy: 80.000(73.669), Loss: 0.459(0.650), LR: 0.000010
[GPU cuda:1][TRAIN] Epoch: [3][1600/2480], Elapsed 7m 34s (remain 4m 9s), Accuracy: 80.000(73.654), Loss: 0.432(0.651), LR: 0.000010
[GPU cuda:1][TRAIN] Epoch: [3][1650/2480], Elapsed 7m 48s (remain 3m 55s), Accuracy: 80.000(73.749), Loss: 0.376(0.649), LR: 0.000010
[GPU cuda:1][TRAIN] Epoch: [3][1700/2480], Elapsed 8m 2s (remain 3m 41s), Accuracy: 80.000(73.674), Loss: 0.370(0.650), LR: 0.000010
[GPU cuda:1][TRAIN] Epoch: [3][1750/2480], Elapsed 8m 17s (remain 3m 26s), Accuracy: 60.000(73.615), Loss: 1.061(0.652), LR: 0.000010
[GPU cuda:1][TRAIN] Epoch: [3][1800/2480], Elapsed 8m 31s (remain 3m 12s), Accuracy: 80.000(73.548), Loss: 0.773(0.652), LR: 0.000010
[GPU cuda:1][TRAIN] Epoch: [3][1850/2480], Elapsed 8m 45s (remain 2m 58s), Accuracy: 60.000(73.517), Loss: 0.681(0.653), LR: 0.000010
[GPU cuda:1][TRAIN] Epoch: [3][1900/2480], Elapsed 8m 59s (remain 2m 44s), Accuracy: 60.000(73.467), Loss: 0.622(0.654), LR: 0.000010
[GPU cuda:1][TRAIN] Epoch: [3][1950/2480], Elapsed 9m 13s (remain 2m 30s), Accuracy: 100.000(73.285), Loss: 0.506(0.657), LR: 0.000010
[GPU cuda:1][TRAIN] Epoch: [3][2000/2480], Elapsed 9m 27s (remain 2m 15s), Accuracy: 60.000(73.303), Loss: 0.788(0.657), LR: 0.000010
[GPU cuda:1][TRAIN] Epoch: [3][2050/2480], Elapsed 9m 41s (remain 2m 1s), Accuracy: 60.000(73.125), Loss: 1.004(0.661), LR: 0.000010
[GPU cuda:1][TRAIN] Epoch: [3][2100/2480], Elapsed 9m 56s (remain 1m 47s), Accuracy: 80.000(73.279), Loss: 0.289(0.658), LR: 0.000010
[GPU cuda:1][TRAIN] Epoch: [3][2150/2480], Elapsed 10m 10s (remain 1m 33s), Accuracy: 80.000(73.305), Loss: 0.542(0.656), LR: 0.000010
[GPU cuda:1][TRAIN] Epoch: [3][2200/2480], Elapsed 10m 24s (remain 1m 19s), Accuracy: 60.000(73.348), Loss: 0.701(0.657), LR: 0.000010
[GPU cuda:1][TRAIN] Epoch: [3][2250/2480], Elapsed 10m 38s (remain 1m 4s), Accuracy: 80.000(73.256), Loss: 0.663(0.658), LR: 0.000009
[GPU cuda:1][TRAIN] Epoch: [3][2300/2480], Elapsed 10m 52s (remain 0m 50s), Accuracy: 80.000(73.281), Loss: 0.377(0.658), LR: 0.000009
[GPU cuda:1][TRAIN] Epoch: [3][2350/2480], Elapsed 11m 7s (remain 0m 36s), Accuracy: 60.000(73.169), Loss: 0.898(0.661), LR: 0.000009
[GPU cuda:1][TRAIN] Epoch: [3][2400/2480], Elapsed 11m 21s (remain 0m 22s), Accuracy: 60.000(73.120), Loss: 1.441(0.662), LR: 0.000009
[GPU cuda:1][TRAIN] Epoch: [3][2450/2480], Elapsed 11m 35s (remain 0m 8s), Accuracy: 80.000(73.162), Loss: 0.512(0.662), LR: 0.000009
[GPU cuda:1][TRAIN] Epoch: [3][2479/2480], Elapsed 11m 43s (remain 0m 0s), Accuracy: 40.000(73.129), Loss: 2.084(0.663), LR: 0.000009
[GPU cuda:1][VALID][0/97], Elapsed 0m 1s (remain 2m 9s), Accuracy: 65.625(65.625), Batch Loss: 0.7774, Average Loss: 0.7774
[GPU cuda:1][VALID][50/97], Elapsed 0m 48s (remain 0m 43s), Accuracy: 68.750(71.998), Batch Loss: 0.7225, Average Loss: 0.6938
[GPU cuda:1][VALID][96/97], Elapsed 1m 32s (remain 0m 0s), Accuracy: 82.143(71.949), Batch Loss: 0.5328, Average Loss: 0.6953
Valid Labels Samples: [2 0 1 4 1 0 3 1 4 3]
Valid Predictions Samples: [2, 0, 1, 3, 1, 0, 3, 1, 3, 0]
Epoch 3 - Train Average Loss: 73.129, Valid Average Loss: 71.949, Epoch Time: 798.342s
Epoch 3 - Accuracy: 0.719, Precision: 0.722, Recall: 0.719
[GPU cuda:1][TRAIN] Epoch: [4][0/2480], Elapsed 0m 0s (remain 25m 25s), Accuracy: 80.000(80.000), Loss: 0.896(0.896), LR: 0.000009
[GPU cuda:1][TRAIN] Epoch: [4][50/2480], Elapsed 0m 14s (remain 11m 53s), Accuracy: 40.000(73.333), Loss: 0.960(0.646), LR: 0.000009
[GPU cuda:1][TRAIN] Epoch: [4][100/2480], Elapsed 0m 29s (remain 11m 27s), Accuracy: 80.000(69.505), Loss: 0.822(0.699), LR: 0.000009
[GPU cuda:1][TRAIN] Epoch: [4][150/2480], Elapsed 0m 43s (remain 11m 9s), Accuracy: 60.000(69.934), Loss: 0.830(0.694), LR: 0.000009
[GPU cuda:1][TRAIN] Epoch: [4][200/2480], Elapsed 0m 57s (remain 10m 52s), Accuracy: 60.000(69.751), Loss: 0.834(0.712), LR: 0.000009
[GPU cuda:1][TRAIN] Epoch: [4][250/2480], Elapsed 1m 11s (remain 10m 37s), Accuracy: 100.000(69.801), Loss: 0.150(0.702), LR: 0.000009
[GPU cuda:1][TRAIN] Epoch: [4][300/2480], Elapsed 1m 25s (remain 10m 21s), Accuracy: 0.000(69.900), Loss: 1.383(0.711), LR: 0.000009
[GPU cuda:1][TRAIN] Epoch: [4][350/2480], Elapsed 1m 40s (remain 10m 7s), Accuracy: 80.000(69.459), Loss: 0.725(0.724), LR: 0.000009
[GPU cuda:1][TRAIN] Epoch: [4][400/2480], Elapsed 1m 54s (remain 9m 52s), Accuracy: 80.000(69.476), Loss: 0.577(0.722), LR: 0.000009
[GPU cuda:1][TRAIN] Epoch: [4][450/2480], Elapsed 2m 8s (remain 9m 37s), Accuracy: 40.000(69.800), Loss: 1.380(0.723), LR: 0.000009
[GPU cuda:1][TRAIN] Epoch: [4][500/2480], Elapsed 2m 22s (remain 9m 23s), Accuracy: 20.000(70.020), Loss: 1.237(0.711), LR: 0.000008
[GPU cuda:1][TRAIN] Epoch: [4][550/2480], Elapsed 2m 36s (remain 9m 8s), Accuracy: 100.000(70.018), Loss: 0.192(0.713), LR: 0.000008
[GPU cuda:1][TRAIN] Epoch: [4][600/2480], Elapsed 2m 50s (remain 8m 54s), Accuracy: 100.000(70.150), Loss: 0.043(0.711), LR: 0.000008
[GPU cuda:1][TRAIN] Epoch: [4][650/2480], Elapsed 3m 5s (remain 8m 39s), Accuracy: 100.000(70.200), Loss: 0.052(0.712), LR: 0.000008
[GPU cuda:1][TRAIN] Epoch: [4][700/2480], Elapsed 3m 19s (remain 8m 25s), Accuracy: 100.000(70.328), Loss: 0.532(0.715), LR: 0.000008
[GPU cuda:1][TRAIN] Epoch: [4][750/2480], Elapsed 3m 33s (remain 8m 11s), Accuracy: 100.000(70.386), Loss: 0.312(0.715), LR: 0.000008
[GPU cuda:1][TRAIN] Epoch: [4][800/2480], Elapsed 3m 47s (remain 7m 56s), Accuracy: 100.000(70.537), Loss: 0.408(0.711), LR: 0.000008
[GPU cuda:1][TRAIN] Epoch: [4][850/2480], Elapsed 4m 1s (remain 7m 42s), Accuracy: 60.000(70.599), Loss: 0.716(0.705), LR: 0.000008
[GPU cuda:1][TRAIN] Epoch: [4][900/2480], Elapsed 4m 15s (remain 7m 28s), Accuracy: 80.000(70.721), Loss: 0.913(0.702), LR: 0.000008
[GPU cuda:1][TRAIN] Epoch: [4][950/2480], Elapsed 4m 30s (remain 7m 14s), Accuracy: 80.000(70.852), Loss: 0.652(0.696), LR: 0.000008
[GPU cuda:1][TRAIN] Epoch: [4][1000/2480], Elapsed 4m 44s (remain 6m 59s), Accuracy: 60.000(70.889), Loss: 0.765(0.696), LR: 0.000008
[GPU cuda:1][TRAIN] Epoch: [4][1050/2480], Elapsed 4m 58s (remain 6m 45s), Accuracy: 60.000(70.980), Loss: 0.771(0.695), LR: 0.000007
[GPU cuda:1][TRAIN] Epoch: [4][1100/2480], Elapsed 5m 12s (remain 6m 31s), Accuracy: 80.000(71.281), Loss: 0.290(0.687), LR: 0.000007
[GPU cuda:1][TRAIN] Epoch: [4][1150/2480], Elapsed 5m 26s (remain 6m 17s), Accuracy: 60.000(71.312), Loss: 1.066(0.686), LR: 0.000007
[GPU cuda:1][TRAIN] Epoch: [4][1200/2480], Elapsed 5m 40s (remain 6m 2s), Accuracy: 80.000(71.357), Loss: 0.961(0.685), LR: 0.000007
[GPU cuda:1][TRAIN] Epoch: [4][1250/2480], Elapsed 5m 55s (remain 5m 48s), Accuracy: 40.000(71.255), Loss: 0.883(0.685), LR: 0.000007
[GPU cuda:1][TRAIN] Epoch: [4][1300/2480], Elapsed 6m 9s (remain 5m 34s), Accuracy: 80.000(71.530), Loss: 0.717(0.680), LR: 0.000007
[GPU cuda:1][TRAIN] Epoch: [4][1350/2480], Elapsed 6m 23s (remain 5m 20s), Accuracy: 100.000(71.799), Loss: 0.130(0.676), LR: 0.000007
[GPU cuda:1][TRAIN] Epoch: [4][1400/2480], Elapsed 6m 37s (remain 5m 6s), Accuracy: 100.000(71.820), Loss: 0.195(0.675), LR: 0.000007
[GPU cuda:1][TRAIN] Epoch: [4][1450/2480], Elapsed 6m 51s (remain 4m 51s), Accuracy: 100.000(72.047), Loss: 0.352(0.670), LR: 0.000007
[GPU cuda:1][TRAIN] Epoch: [4][1500/2480], Elapsed 7m 5s (remain 4m 37s), Accuracy: 100.000(72.205), Loss: 0.167(0.667), LR: 0.000007
[GPU cuda:1][TRAIN] Epoch: [4][1550/2480], Elapsed 7m 19s (remain 4m 23s), Accuracy: 80.000(72.379), Loss: 0.345(0.664), LR: 0.000006
[GPU cuda:1][TRAIN] Epoch: [4][1600/2480], Elapsed 7m 34s (remain 4m 9s), Accuracy: 80.000(72.542), Loss: 0.365(0.661), LR: 0.000006
[GPU cuda:1][TRAIN] Epoch: [4][1650/2480], Elapsed 7m 48s (remain 3m 55s), Accuracy: 100.000(72.659), Loss: 0.203(0.657), LR: 0.000006
[GPU cuda:1][TRAIN] Epoch: [4][1700/2480], Elapsed 8m 2s (remain 3m 40s), Accuracy: 80.000(72.781), Loss: 0.372(0.656), LR: 0.000006
[GPU cuda:1][TRAIN] Epoch: [4][1750/2480], Elapsed 8m 16s (remain 3m 26s), Accuracy: 60.000(72.907), Loss: 1.138(0.654), LR: 0.000006
[GPU cuda:1][TRAIN] Epoch: [4][1800/2480], Elapsed 8m 30s (remain 3m 12s), Accuracy: 100.000(73.048), Loss: 0.242(0.650), LR: 0.000006
[GPU cuda:1][TRAIN] Epoch: [4][1850/2480], Elapsed 8m 44s (remain 2m 58s), Accuracy: 80.000(73.128), Loss: 0.598(0.649), LR: 0.000006
[GPU cuda:1][TRAIN] Epoch: [4][1900/2480], Elapsed 8m 59s (remain 2m 44s), Accuracy: 60.000(73.193), Loss: 0.771(0.647), LR: 0.000006
[GPU cuda:1][TRAIN] Epoch: [4][1950/2480], Elapsed 9m 13s (remain 2m 29s), Accuracy: 80.000(73.050), Loss: 0.437(0.648), LR: 0.000006
[GPU cuda:1][TRAIN] Epoch: [4][2000/2480], Elapsed 9m 27s (remain 2m 15s), Accuracy: 80.000(73.093), Loss: 0.676(0.647), LR: 0.000005
[GPU cuda:1][TRAIN] Epoch: [4][2050/2480], Elapsed 9m 41s (remain 2m 1s), Accuracy: 40.000(73.145), Loss: 0.997(0.647), LR: 0.000005
[GPU cuda:1][TRAIN] Epoch: [4][2100/2480], Elapsed 9m 55s (remain 1m 47s), Accuracy: 100.000(73.346), Loss: 0.229(0.642), LR: 0.000005
[GPU cuda:1][TRAIN] Epoch: [4][2150/2480], Elapsed 10m 10s (remain 1m 33s), Accuracy: 80.000(73.501), Loss: 0.517(0.637), LR: 0.000005
[GPU cuda:1][TRAIN] Epoch: [4][2200/2480], Elapsed 10m 24s (remain 1m 19s), Accuracy: 60.000(73.576), Loss: 0.928(0.636), LR: 0.000005
[GPU cuda:1][TRAIN] Epoch: [4][2250/2480], Elapsed 10m 38s (remain 1m 4s), Accuracy: 80.000(73.576), Loss: 0.971(0.636), LR: 0.000005
[GPU cuda:1][TRAIN] Epoch: [4][2300/2480], Elapsed 10m 52s (remain 0m 50s), Accuracy: 60.000(73.664), Loss: 0.582(0.635), LR: 0.000005
[GPU cuda:1][TRAIN] Epoch: [4][2350/2480], Elapsed 11m 6s (remain 0m 36s), Accuracy: 80.000(73.713), Loss: 0.540(0.635), LR: 0.000005
[GPU cuda:1][TRAIN] Epoch: [4][2400/2480], Elapsed 11m 21s (remain 0m 22s), Accuracy: 80.000(73.794), Loss: 1.132(0.634), LR: 0.000005
[GPU cuda:1][TRAIN] Epoch: [4][2450/2480], Elapsed 11m 35s (remain 0m 8s), Accuracy: 80.000(73.847), Loss: 0.524(0.633), LR: 0.000004
[GPU cuda:1][TRAIN] Epoch: [4][2479/2480], Elapsed 11m 43s (remain 0m 0s), Accuracy: 40.000(73.895), Loss: 2.054(0.633), LR: 0.000004
[GPU cuda:1][VALID][0/97], Elapsed 0m 1s (remain 2m 11s), Accuracy: 81.250(81.250), Batch Loss: 0.6959, Average Loss: 0.6959
[GPU cuda:1][VALID][50/97], Elapsed 0m 48s (remain 0m 43s), Accuracy: 78.125(74.571), Batch Loss: 0.3993, Average Loss: 0.6635
[GPU cuda:1][VALID][96/97], Elapsed 1m 32s (remain 0m 0s), Accuracy: 78.571(74.135), Batch Loss: 0.4827, Average Loss: 0.6640
Valid Labels Samples: [2 0 1 4 1 0 3 1 4 3]
Valid Predictions Samples: [2, 0, 1, 3, 1, 0, 3, 1, 3, 0]
Epoch 4 - Train Average Loss: 73.895, Valid Average Loss: 74.135, Epoch Time: 798.796s
Epoch 4 - Accuracy: 0.741, Precision: 0.745, Recall: 0.741
Saved Best Model: 0.74
[GPU cuda:1][TRAIN] Epoch: [5][0/2480], Elapsed 0m 0s (remain 26m 57s), Accuracy: 80.000(80.000), Loss: 0.586(0.586), LR: 0.000004
[GPU cuda:1][TRAIN] Epoch: [5][50/2480], Elapsed 0m 15s (remain 11m 57s), Accuracy: 60.000(78.431), Loss: 0.785(0.503), LR: 0.000004
[GPU cuda:1][TRAIN] Epoch: [5][100/2480], Elapsed 0m 29s (remain 11m 31s), Accuracy: 80.000(77.030), Loss: 0.822(0.567), LR: 0.000004
[GPU cuda:1][TRAIN] Epoch: [5][150/2480], Elapsed 0m 43s (remain 11m 12s), Accuracy: 60.000(76.821), Loss: 0.743(0.574), LR: 0.000004
[GPU cuda:1][TRAIN] Epoch: [5][200/2480], Elapsed 0m 57s (remain 10m 55s), Accuracy: 60.000(75.622), Loss: 0.487(0.591), LR: 0.000004
[GPU cuda:1][TRAIN] Epoch: [5][250/2480], Elapsed 1m 12s (remain 10m 40s), Accuracy: 100.000(75.777), Loss: 0.088(0.583), LR: 0.000004
[GPU cuda:1][TRAIN] Epoch: [5][300/2480], Elapsed 1m 26s (remain 10m 24s), Accuracy: 40.000(75.814), Loss: 1.258(0.584), LR: 0.000004
[GPU cuda:1][TRAIN] Epoch: [5][350/2480], Elapsed 1m 40s (remain 10m 10s), Accuracy: 60.000(74.929), Loss: 1.282(0.597), LR: 0.000004
[GPU cuda:1][TRAIN] Epoch: [5][400/2480], Elapsed 1m 54s (remain 9m 55s), Accuracy: 80.000(75.162), Loss: 0.498(0.598), LR: 0.000004
[GPU cuda:1][TRAIN] Epoch: [5][450/2480], Elapsed 2m 9s (remain 9m 40s), Accuracy: 100.000(75.432), Loss: 0.517(0.598), LR: 0.000003
[GPU cuda:1][TRAIN] Epoch: [5][500/2480], Elapsed 2m 23s (remain 9m 25s), Accuracy: 20.000(75.569), Loss: 1.048(0.592), LR: 0.000003
[GPU cuda:1][TRAIN] Epoch: [5][550/2480], Elapsed 2m 37s (remain 9m 11s), Accuracy: 100.000(75.753), Loss: 0.057(0.592), LR: 0.000003
[GPU cuda:1][TRAIN] Epoch: [5][600/2480], Elapsed 2m 51s (remain 8m 56s), Accuracy: 100.000(75.641), Loss: 0.064(0.597), LR: 0.000003
[GPU cuda:1][TRAIN] Epoch: [5][650/2480], Elapsed 3m 5s (remain 8m 42s), Accuracy: 100.000(75.607), Loss: 0.021(0.599), LR: 0.000003
[GPU cuda:1][TRAIN] Epoch: [5][700/2480], Elapsed 3m 20s (remain 8m 27s), Accuracy: 80.000(75.378), Loss: 0.318(0.605), LR: 0.000003
[GPU cuda:1][TRAIN] Epoch: [5][750/2480], Elapsed 3m 34s (remain 8m 13s), Accuracy: 100.000(75.499), Loss: 0.161(0.604), LR: 0.000003
[GPU cuda:1][TRAIN] Epoch: [5][800/2480], Elapsed 3m 48s (remain 7m 58s), Accuracy: 100.000(75.605), Loss: 0.311(0.601), LR: 0.000003
[GPU cuda:1][TRAIN] Epoch: [5][850/2480], Elapsed 4m 2s (remain 7m 44s), Accuracy: 80.000(75.934), Loss: 0.606(0.594), LR: 0.000003
[GPU cuda:1][TRAIN] Epoch: [5][900/2480], Elapsed 4m 16s (remain 7m 30s), Accuracy: 80.000(75.982), Loss: 0.619(0.591), LR: 0.000003
[GPU cuda:1][TRAIN] Epoch: [5][950/2480], Elapsed 4m 31s (remain 7m 15s), Accuracy: 80.000(76.172), Loss: 0.701(0.586), LR: 0.000003
[GPU cuda:1][TRAIN] Epoch: [5][1000/2480], Elapsed 4m 45s (remain 7m 1s), Accuracy: 60.000(76.104), Loss: 0.754(0.586), LR: 0.000002
[GPU cuda:1][TRAIN] Epoch: [5][1050/2480], Elapsed 4m 59s (remain 6m 47s), Accuracy: 40.000(76.175), Loss: 0.826(0.584), LR: 0.000002
[GPU cuda:1][TRAIN] Epoch: [5][1100/2480], Elapsed 5m 13s (remain 6m 32s), Accuracy: 80.000(76.312), Loss: 0.272(0.580), LR: 0.000002
[GPU cuda:1][TRAIN] Epoch: [5][1150/2480], Elapsed 5m 27s (remain 6m 18s), Accuracy: 80.000(76.438), Loss: 0.545(0.579), LR: 0.000002
[GPU cuda:1][TRAIN] Epoch: [5][1200/2480], Elapsed 5m 41s (remain 6m 4s), Accuracy: 100.000(76.686), Loss: 0.352(0.574), LR: 0.000002
[GPU cuda:1][TRAIN] Epoch: [5][1250/2480], Elapsed 5m 56s (remain 5m 49s), Accuracy: 40.000(76.755), Loss: 0.821(0.573), LR: 0.000002
[GPU cuda:1][TRAIN] Epoch: [5][1300/2480], Elapsed 6m 10s (remain 5m 35s), Accuracy: 80.000(76.956), Loss: 0.561(0.569), LR: 0.000002
[GPU cuda:1][TRAIN] Epoch: [5][1350/2480], Elapsed 6m 24s (remain 5m 21s), Accuracy: 100.000(77.113), Loss: 0.055(0.566), LR: 0.000002
[GPU cuda:1][TRAIN] Epoch: [5][1400/2480], Elapsed 6m 38s (remain 5m 7s), Accuracy: 100.000(77.074), Loss: 0.267(0.566), LR: 0.000002
[GPU cuda:1][TRAIN] Epoch: [5][1450/2480], Elapsed 6m 52s (remain 4m 52s), Accuracy: 80.000(77.147), Loss: 0.431(0.563), LR: 0.000002
[GPU cuda:1][TRAIN] Epoch: [5][1500/2480], Elapsed 7m 7s (remain 4m 38s), Accuracy: 100.000(77.162), Loss: 0.129(0.563), LR: 0.000002
[GPU cuda:1][TRAIN] Epoch: [5][1550/2480], Elapsed 7m 21s (remain 4m 24s), Accuracy: 100.000(77.344), Loss: 0.247(0.560), LR: 0.000002
[GPU cuda:1][TRAIN] Epoch: [5][1600/2480], Elapsed 7m 35s (remain 4m 10s), Accuracy: 80.000(77.439), Loss: 0.317(0.558), LR: 0.000002
[GPU cuda:1][TRAIN] Epoch: [5][1650/2480], Elapsed 7m 49s (remain 3m 55s), Accuracy: 100.000(77.601), Loss: 0.174(0.555), LR: 0.000002
[GPU cuda:1][TRAIN] Epoch: [5][1700/2480], Elapsed 8m 3s (remain 3m 41s), Accuracy: 80.000(77.648), Loss: 0.360(0.554), LR: 0.000002
[GPU cuda:1][TRAIN] Epoch: [5][1750/2480], Elapsed 8m 17s (remain 3m 27s), Accuracy: 60.000(77.807), Loss: 0.993(0.552), LR: 0.000001
[GPU cuda:1][TRAIN] Epoch: [5][1800/2480], Elapsed 8m 32s (remain 3m 13s), Accuracy: 60.000(77.901), Loss: 0.491(0.550), LR: 0.000001
[GPU cuda:1][TRAIN] Epoch: [5][1850/2480], Elapsed 8m 46s (remain 2m 58s), Accuracy: 60.000(77.850), Loss: 0.662(0.549), LR: 0.000001
[GPU cuda:1][TRAIN] Epoch: [5][1900/2480], Elapsed 9m 0s (remain 2m 44s), Accuracy: 60.000(77.959), Loss: 0.941(0.547), LR: 0.000001
[GPU cuda:1][TRAIN] Epoch: [5][1950/2480], Elapsed 9m 14s (remain 2m 30s), Accuracy: 100.000(77.929), Loss: 0.158(0.548), LR: 0.000001
[GPU cuda:1][TRAIN] Epoch: [5][2000/2480], Elapsed 9m 28s (remain 2m 16s), Accuracy: 80.000(77.851), Loss: 0.462(0.548), LR: 0.000001
[GPU cuda:1][TRAIN] Epoch: [5][2050/2480], Elapsed 9m 42s (remain 2m 1s), Accuracy: 40.000(77.845), Loss: 1.040(0.548), LR: 0.000001
[GPU cuda:1][TRAIN] Epoch: [5][2100/2480], Elapsed 9m 57s (remain 1m 47s), Accuracy: 80.000(78.039), Loss: 0.322(0.544), LR: 0.000001
[GPU cuda:1][TRAIN] Epoch: [5][2150/2480], Elapsed 10m 11s (remain 1m 33s), Accuracy: 80.000(78.150), Loss: 0.448(0.541), LR: 0.000001
[GPU cuda:1][TRAIN] Epoch: [5][2200/2480], Elapsed 10m 25s (remain 1m 19s), Accuracy: 40.000(78.264), Loss: 1.286(0.540), LR: 0.000001
[GPU cuda:1][TRAIN] Epoch: [5][2250/2480], Elapsed 10m 39s (remain 1m 5s), Accuracy: 60.000(78.214), Loss: 0.798(0.541), LR: 0.000001
[GPU cuda:1][TRAIN] Epoch: [5][2300/2480], Elapsed 10m 53s (remain 0m 50s), Accuracy: 80.000(78.279), Loss: 0.358(0.540), LR: 0.000001
[GPU cuda:1][TRAIN] Epoch: [5][2350/2480], Elapsed 11m 7s (remain 0m 36s), Accuracy: 80.000(78.299), Loss: 0.471(0.540), LR: 0.000001
[GPU cuda:1][TRAIN] Epoch: [5][2400/2480], Elapsed 11m 22s (remain 0m 22s), Accuracy: 60.000(78.417), Loss: 0.822(0.539), LR: 0.000001
[GPU cuda:1][TRAIN] Epoch: [5][2450/2480], Elapsed 11m 36s (remain 0m 8s), Accuracy: 60.000(78.450), Loss: 0.591(0.538), LR: 0.000001
[GPU cuda:1][TRAIN] Epoch: [5][2479/2480], Elapsed 11m 44s (remain 0m 0s), Accuracy: 40.000(78.460), Loss: 2.226(0.538), LR: 0.000001
[GPU cuda:1][VALID][0/97], Elapsed 0m 1s (remain 2m 10s), Accuracy: 78.125(78.125), Batch Loss: 0.7279, Average Loss: 0.7279
[GPU cuda:1][VALID][50/97], Elapsed 0m 48s (remain 0m 43s), Accuracy: 81.250(74.939), Batch Loss: 0.3789, Average Loss: 0.6583
[GPU cuda:1][VALID][96/97], Elapsed 1m 32s (remain 0m 0s), Accuracy: 78.571(74.682), Batch Loss: 0.4079, Average Loss: 0.6598
Valid Labels Samples: [2 0 1 4 1 0 3 1 4 3]
Valid Predictions Samples: [2, 0, 1, 3, 1, 0, 3, 1, 3, 0]
Epoch 5 - Train Average Loss: 78.460, Valid Average Loss: 74.682, Epoch Time: 798.996s
Epoch 5 - Accuracy: 0.747, Precision: 0.750, Recall: 0.747
Saved Best Model: 0.75
[GPU cuda:1][TRAIN] Epoch: [6][0/2480], Elapsed 0m 0s (remain 25m 4s), Accuracy: 80.000(80.000), Loss: 0.632(0.632), LR: 0.000001
[GPU cuda:1][TRAIN] Epoch: [6][50/2480], Elapsed 0m 14s (remain 11m 52s), Accuracy: 60.000(79.216), Loss: 0.835(0.448), LR: 0.000001
[GPU cuda:1][TRAIN] Epoch: [6][100/2480], Elapsed 0m 29s (remain 11m 26s), Accuracy: 80.000(78.020), Loss: 0.637(0.507), LR: 0.000001
[GPU cuda:1][TRAIN] Epoch: [6][150/2480], Elapsed 0m 43s (remain 11m 8s), Accuracy: 60.000(77.748), Loss: 0.682(0.518), LR: 0.000001
[GPU cuda:1][TRAIN] Epoch: [6][200/2480], Elapsed 0m 57s (remain 10m 51s), Accuracy: 80.000(77.015), Loss: 0.460(0.533), LR: 0.000010
[GPU cuda:1][TRAIN] Epoch: [6][250/2480], Elapsed 1m 11s (remain 10m 36s), Accuracy: 80.000(76.653), Loss: 0.431(0.546), LR: 0.000010
[GPU cuda:1][TRAIN] Epoch: [6][300/2480], Elapsed 1m 25s (remain 10m 21s), Accuracy: 0.000(76.080), Loss: 1.408(0.554), LR: 0.000010
[GPU cuda:1][TRAIN] Epoch: [6][350/2480], Elapsed 1m 39s (remain 10m 6s), Accuracy: 80.000(75.385), Loss: 0.927(0.567), LR: 0.000010
[GPU cuda:1][TRAIN] Epoch: [6][400/2480], Elapsed 1m 54s (remain 9m 51s), Accuracy: 80.000(75.561), Loss: 0.502(0.572), LR: 0.000010
[GPU cuda:1][TRAIN] Epoch: [6][450/2480], Elapsed 2m 8s (remain 9m 37s), Accuracy: 40.000(75.565), Loss: 1.049(0.575), LR: 0.000010
[GPU cuda:1][TRAIN] Epoch: [6][500/2480], Elapsed 2m 22s (remain 9m 23s), Accuracy: 20.000(75.689), Loss: 1.268(0.569), LR: 0.000010
[GPU cuda:1][TRAIN] Epoch: [6][550/2480], Elapsed 2m 36s (remain 9m 8s), Accuracy: 100.000(75.826), Loss: 0.142(0.574), LR: 0.000010
[GPU cuda:1][TRAIN] Epoch: [6][600/2480], Elapsed 2m 50s (remain 8m 54s), Accuracy: 100.000(75.674), Loss: 0.087(0.580), LR: 0.000010
[GPU cuda:1][TRAIN] Epoch: [6][650/2480], Elapsed 3m 4s (remain 8m 39s), Accuracy: 100.000(75.422), Loss: 0.027(0.594), LR: 0.000010
[GPU cuda:1][TRAIN] Epoch: [6][700/2480], Elapsed 3m 19s (remain 8m 25s), Accuracy: 100.000(75.207), Loss: 0.294(0.600), LR: 0.000010
[GPU cuda:1][TRAIN] Epoch: [6][750/2480], Elapsed 3m 33s (remain 8m 11s), Accuracy: 100.000(75.153), Loss: 0.187(0.603), LR: 0.000010
[GPU cuda:1][TRAIN] Epoch: [6][800/2480], Elapsed 3m 47s (remain 7m 56s), Accuracy: 80.000(75.306), Loss: 0.490(0.604), LR: 0.000010
[GPU cuda:1][TRAIN] Epoch: [6][850/2480], Elapsed 4m 1s (remain 7m 42s), Accuracy: 60.000(75.488), Loss: 0.713(0.598), LR: 0.000010
[GPU cuda:1][TRAIN] Epoch: [6][900/2480], Elapsed 4m 15s (remain 7m 28s), Accuracy: 80.000(75.494), Loss: 1.028(0.597), LR: 0.000010
[GPU cuda:1][TRAIN] Epoch: [6][950/2480], Elapsed 4m 29s (remain 7m 13s), Accuracy: 40.000(75.542), Loss: 1.053(0.595), LR: 0.000010
[GPU cuda:1][TRAIN] Epoch: [6][1000/2480], Elapsed 4m 44s (remain 6m 59s), Accuracy: 40.000(75.205), Loss: 0.912(0.598), LR: 0.000010
[GPU cuda:1][TRAIN] Epoch: [6][1050/2480], Elapsed 4m 58s (remain 6m 45s), Accuracy: 60.000(75.167), Loss: 0.828(0.600), LR: 0.000010
[GPU cuda:1][TRAIN] Epoch: [6][1100/2480], Elapsed 5m 12s (remain 6m 31s), Accuracy: 80.000(75.277), Loss: 0.305(0.596), LR: 0.000010
[GPU cuda:1][TRAIN] Epoch: [6][1150/2480], Elapsed 5m 26s (remain 6m 17s), Accuracy: 100.000(75.395), Loss: 0.310(0.594), LR: 0.000010
[GPU cuda:1][TRAIN] Epoch: [6][1200/2480], Elapsed 5m 40s (remain 6m 2s), Accuracy: 100.000(75.437), Loss: 0.480(0.593), LR: 0.000010
[GPU cuda:1][TRAIN] Epoch: [6][1250/2480], Elapsed 5m 54s (remain 5m 48s), Accuracy: 40.000(75.332), Loss: 0.839(0.595), LR: 0.000010
[GPU cuda:1][TRAIN] Epoch: [6][1300/2480], Elapsed 6m 9s (remain 5m 34s), Accuracy: 60.000(75.434), Loss: 0.812(0.593), LR: 0.000010
[GPU cuda:1][TRAIN] Epoch: [6][1350/2480], Elapsed 6m 23s (remain 5m 20s), Accuracy: 100.000(75.618), Loss: 0.053(0.589), LR: 0.000010
[GPU cuda:1][TRAIN] Epoch: [6][1400/2480], Elapsed 6m 37s (remain 5m 6s), Accuracy: 80.000(75.575), Loss: 0.308(0.591), LR: 0.000010
[GPU cuda:1][TRAIN] Epoch: [6][1450/2480], Elapsed 6m 51s (remain 4m 51s), Accuracy: 100.000(75.658), Loss: 0.350(0.589), LR: 0.000010
[GPU cuda:1][TRAIN] Epoch: [6][1500/2480], Elapsed 7m 5s (remain 4m 37s), Accuracy: 80.000(75.670), Loss: 0.221(0.590), LR: 0.000010
[GPU cuda:1][TRAIN] Epoch: [6][1550/2480], Elapsed 7m 20s (remain 4m 23s), Accuracy: 100.000(75.732), Loss: 0.224(0.589), LR: 0.000010
[GPU cuda:1][TRAIN] Epoch: [6][1600/2480], Elapsed 7m 34s (remain 4m 9s), Accuracy: 80.000(75.765), Loss: 0.490(0.589), LR: 0.000010
[GPU cuda:1][TRAIN] Epoch: [6][1650/2480], Elapsed 7m 48s (remain 3m 55s), Accuracy: 100.000(75.978), Loss: 0.227(0.585), LR: 0.000010
[GPU cuda:1][TRAIN] Epoch: [6][1700/2480], Elapsed 8m 2s (remain 3m 41s), Accuracy: 80.000(76.049), Loss: 0.388(0.586), LR: 0.000010
[GPU cuda:1][TRAIN] Epoch: [6][1750/2480], Elapsed 8m 16s (remain 3m 26s), Accuracy: 60.000(76.082), Loss: 1.449(0.586), LR: 0.000010
[GPU cuda:1][TRAIN] Epoch: [6][1800/2480], Elapsed 8m 31s (remain 3m 12s), Accuracy: 100.000(76.135), Loss: 0.164(0.584), LR: 0.000010
[GPU cuda:1][TRAIN] Epoch: [6][1850/2480], Elapsed 8m 45s (remain 2m 58s), Accuracy: 80.000(76.175), Loss: 1.009(0.583), LR: 0.000010
[GPU cuda:1][TRAIN] Epoch: [6][1900/2480], Elapsed 8m 59s (remain 2m 44s), Accuracy: 60.000(76.255), Loss: 0.790(0.581), LR: 0.000010
[GPU cuda:1][TRAIN] Epoch: [6][1950/2480], Elapsed 9m 13s (remain 2m 30s), Accuracy: 100.000(76.084), Loss: 0.234(0.584), LR: 0.000010
[GPU cuda:1][TRAIN] Epoch: [6][2000/2480], Elapsed 9m 27s (remain 2m 15s), Accuracy: 80.000(76.052), Loss: 0.972(0.584), LR: 0.000010
[GPU cuda:1][TRAIN] Epoch: [6][2050/2480], Elapsed 9m 42s (remain 2m 1s), Accuracy: 60.000(76.021), Loss: 1.009(0.586), LR: 0.000010
[GPU cuda:1][TRAIN] Epoch: [6][2100/2480], Elapsed 9m 56s (remain 1m 47s), Accuracy: 100.000(76.240), Loss: 0.112(0.582), LR: 0.000010
[GPU cuda:1][TRAIN] Epoch: [6][2150/2480], Elapsed 10m 10s (remain 1m 33s), Accuracy: 80.000(76.327), Loss: 0.389(0.579), LR: 0.000009
[GPU cuda:1][TRAIN] Epoch: [6][2200/2480], Elapsed 10m 24s (remain 1m 19s), Accuracy: 80.000(76.393), Loss: 0.502(0.578), LR: 0.000009
[GPU cuda:1][TRAIN] Epoch: [6][2250/2480], Elapsed 10m 39s (remain 1m 5s), Accuracy: 60.000(76.366), Loss: 1.070(0.580), LR: 0.000009
[GPU cuda:1][TRAIN] Epoch: [6][2300/2480], Elapsed 10m 53s (remain 0m 50s), Accuracy: 80.000(76.341), Loss: 0.316(0.580), LR: 0.000009
[GPU cuda:1][TRAIN] Epoch: [6][2350/2480], Elapsed 11m 7s (remain 0m 36s), Accuracy: 80.000(76.282), Loss: 0.487(0.582), LR: 0.000009
[GPU cuda:1][TRAIN] Epoch: [6][2400/2480], Elapsed 11m 21s (remain 0m 22s), Accuracy: 40.000(76.268), Loss: 1.283(0.582), LR: 0.000009
[GPU cuda:1][TRAIN] Epoch: [6][2450/2480], Elapsed 11m 35s (remain 0m 8s), Accuracy: 80.000(76.304), Loss: 0.538(0.582), LR: 0.000009
[GPU cuda:1][TRAIN] Epoch: [6][2479/2480], Elapsed 11m 44s (remain 0m 0s), Accuracy: 40.000(76.331), Loss: 2.131(0.582), LR: 0.000009
[GPU cuda:1][VALID][0/97], Elapsed 0m 1s (remain 2m 11s), Accuracy: 81.250(81.250), Batch Loss: 0.5967, Average Loss: 0.5967
[GPU cuda:1][VALID][50/97], Elapsed 0m 48s (remain 0m 43s), Accuracy: 84.375(73.897), Batch Loss: 0.3396, Average Loss: 0.6734
[GPU cuda:1][VALID][96/97], Elapsed 1m 32s (remain 0m 0s), Accuracy: 78.571(73.265), Batch Loss: 0.4276, Average Loss: 0.6836
Valid Labels Samples: [2 0 1 4 1 0 3 1 4 3]
Valid Predictions Samples: [2, 0, 1, 3, 1, 0, 3, 1, 3, 0]
Epoch 6 - Train Average Loss: 76.331, Valid Average Loss: 73.265, Epoch Time: 799.307s
Epoch 6 - Accuracy: 0.733, Precision: 0.731, Recall: 0.733
[GPU cuda:1][TRAIN] Epoch: [7][0/2480], Elapsed 0m 0s (remain 26m 13s), Accuracy: 80.000(80.000), Loss: 0.915(0.915), LR: 0.000009
[GPU cuda:1][TRAIN] Epoch: [7][50/2480], Elapsed 0m 15s (remain 11m 57s), Accuracy: 60.000(80.392), Loss: 0.825(0.494), LR: 0.000009
[GPU cuda:1][TRAIN] Epoch: [7][100/2480], Elapsed 0m 29s (remain 11m 32s), Accuracy: 80.000(76.238), Loss: 0.602(0.563), LR: 0.000009
[GPU cuda:1][TRAIN] Epoch: [7][150/2480], Elapsed 0m 43s (remain 11m 13s), Accuracy: 60.000(76.026), Loss: 0.728(0.573), LR: 0.000009
[GPU cuda:1][TRAIN] Epoch: [7][200/2480], Elapsed 0m 57s (remain 10m 56s), Accuracy: 60.000(75.025), Loss: 0.610(0.595), LR: 0.000009
[GPU cuda:1][TRAIN] Epoch: [7][250/2480], Elapsed 1m 12s (remain 10m 40s), Accuracy: 100.000(75.538), Loss: 0.048(0.582), LR: 0.000009
[GPU cuda:1][TRAIN] Epoch: [7][300/2480], Elapsed 1m 26s (remain 10m 25s), Accuracy: 40.000(75.814), Loss: 1.059(0.581), LR: 0.000009
[GPU cuda:1][TRAIN] Epoch: [7][350/2480], Elapsed 1m 40s (remain 10m 10s), Accuracy: 60.000(75.385), Loss: 0.739(0.590), LR: 0.000009
[GPU cuda:1][TRAIN] Epoch: [7][400/2480], Elapsed 1m 54s (remain 9m 56s), Accuracy: 80.000(75.960), Loss: 0.444(0.581), LR: 0.000009
[GPU cuda:1][TRAIN] Epoch: [7][450/2480], Elapsed 2m 9s (remain 9m 41s), Accuracy: 60.000(76.585), Loss: 0.854(0.574), LR: 0.000009
[GPU cuda:1][TRAIN] Epoch: [7][500/2480], Elapsed 2m 23s (remain 9m 26s), Accuracy: 40.000(76.647), Loss: 1.050(0.568), LR: 0.000009
[GPU cuda:1][TRAIN] Epoch: [7][550/2480], Elapsed 2m 37s (remain 9m 12s), Accuracy: 100.000(76.407), Loss: 0.084(0.574), LR: 0.000009
[GPU cuda:1][TRAIN] Epoch: [7][600/2480], Elapsed 2m 52s (remain 8m 57s), Accuracy: 100.000(76.240), Loss: 0.060(0.579), LR: 0.000009
[GPU cuda:1][TRAIN] Epoch: [7][650/2480], Elapsed 3m 6s (remain 8m 43s), Accuracy: 100.000(76.068), Loss: 0.041(0.582), LR: 0.000009
[GPU cuda:1][TRAIN] Epoch: [7][700/2480], Elapsed 3m 20s (remain 8m 29s), Accuracy: 100.000(75.749), Loss: 0.200(0.588), LR: 0.000009
[GPU cuda:1][TRAIN] Epoch: [7][750/2480], Elapsed 3m 34s (remain 8m 14s), Accuracy: 80.000(75.899), Loss: 0.609(0.586), LR: 0.000009
[GPU cuda:1][TRAIN] Epoch: [7][800/2480], Elapsed 3m 49s (remain 8m 0s), Accuracy: 80.000(76.105), Loss: 0.294(0.582), LR: 0.000009
[GPU cuda:1][TRAIN] Epoch: [7][850/2480], Elapsed 4m 3s (remain 7m 46s), Accuracy: 80.000(76.381), Loss: 0.617(0.574), LR: 0.000009
[GPU cuda:1][TRAIN] Epoch: [7][900/2480], Elapsed 4m 17s (remain 7m 31s), Accuracy: 80.000(76.648), Loss: 0.821(0.570), LR: 0.000009
[GPU cuda:1][TRAIN] Epoch: [7][950/2480], Elapsed 4m 31s (remain 7m 17s), Accuracy: 80.000(77.014), Loss: 0.714(0.562), LR: 0.000009
[GPU cuda:1][TRAIN] Epoch: [7][1000/2480], Elapsed 4m 46s (remain 7m 2s), Accuracy: 60.000(76.963), Loss: 0.719(0.563), LR: 0.000009
[GPU cuda:1][TRAIN] Epoch: [7][1050/2480], Elapsed 5m 0s (remain 6m 48s), Accuracy: 80.000(77.260), Loss: 0.642(0.560), LR: 0.000009
[GPU cuda:1][TRAIN] Epoch: [7][1100/2480], Elapsed 5m 14s (remain 6m 34s), Accuracy: 80.000(77.312), Loss: 0.228(0.556), LR: 0.000009
[GPU cuda:1][TRAIN] Epoch: [7][1150/2480], Elapsed 5m 28s (remain 6m 19s), Accuracy: 100.000(77.428), Loss: 0.255(0.554), LR: 0.000008
[GPU cuda:1][TRAIN] Epoch: [7][1200/2480], Elapsed 5m 43s (remain 6m 5s), Accuracy: 80.000(77.652), Loss: 0.544(0.550), LR: 0.000008
[GPU cuda:1][TRAIN] Epoch: [7][1250/2480], Elapsed 5m 57s (remain 5m 51s), Accuracy: 40.000(77.586), Loss: 0.957(0.552), LR: 0.000008
[GPU cuda:1][TRAIN] Epoch: [7][1300/2480], Elapsed 6m 11s (remain 5m 36s), Accuracy: 60.000(77.694), Loss: 0.720(0.550), LR: 0.000008
[GPU cuda:1][TRAIN] Epoch: [7][1350/2480], Elapsed 6m 25s (remain 5m 22s), Accuracy: 100.000(77.853), Loss: 0.039(0.547), LR: 0.000008
[GPU cuda:1][TRAIN] Epoch: [7][1400/2480], Elapsed 6m 40s (remain 5m 8s), Accuracy: 100.000(77.873), Loss: 0.178(0.548), LR: 0.000008
[GPU cuda:1][TRAIN] Epoch: [7][1450/2480], Elapsed 6m 54s (remain 4m 53s), Accuracy: 80.000(77.974), Loss: 0.306(0.545), LR: 0.000008
[GPU cuda:1][TRAIN] Epoch: [7][1500/2480], Elapsed 7m 8s (remain 4m 39s), Accuracy: 80.000(78.028), Loss: 0.189(0.545), LR: 0.000008
[GPU cuda:1][TRAIN] Epoch: [7][1550/2480], Elapsed 7m 22s (remain 4m 25s), Accuracy: 100.000(78.079), Loss: 0.253(0.542), LR: 0.000008
[GPU cuda:1][TRAIN] Epoch: [7][1600/2480], Elapsed 7m 36s (remain 4m 10s), Accuracy: 100.000(78.114), Loss: 0.262(0.541), LR: 0.000008
[GPU cuda:1][TRAIN] Epoch: [7][1650/2480], Elapsed 7m 51s (remain 3m 56s), Accuracy: 80.000(78.304), Loss: 0.281(0.536), LR: 0.000008
[GPU cuda:1][TRAIN] Epoch: [7][1700/2480], Elapsed 8m 5s (remain 3m 42s), Accuracy: 60.000(78.377), Loss: 0.571(0.535), LR: 0.000008
[GPU cuda:1][TRAIN] Epoch: [7][1750/2480], Elapsed 8m 19s (remain 3m 28s), Accuracy: 60.000(78.458), Loss: 1.339(0.534), LR: 0.000008
[GPU cuda:1][TRAIN] Epoch: [7][1800/2480], Elapsed 8m 33s (remain 3m 13s), Accuracy: 80.000(78.556), Loss: 0.504(0.532), LR: 0.000008
[GPU cuda:1][TRAIN] Epoch: [7][1850/2480], Elapsed 8m 48s (remain 2m 59s), Accuracy: 80.000(78.617), Loss: 0.482(0.530), LR: 0.000008
[GPU cuda:1][TRAIN] Epoch: [7][1900/2480], Elapsed 9m 2s (remain 2m 45s), Accuracy: 60.000(78.695), Loss: 0.883(0.528), LR: 0.000008
[GPU cuda:1][TRAIN] Epoch: [7][1950/2480], Elapsed 9m 16s (remain 2m 30s), Accuracy: 80.000(78.555), Loss: 0.558(0.530), LR: 0.000008
[GPU cuda:1][TRAIN] Epoch: [7][2000/2480], Elapsed 9m 30s (remain 2m 16s), Accuracy: 60.000(78.601), Loss: 0.796(0.529), LR: 0.000008
[GPU cuda:1][TRAIN] Epoch: [7][2050/2480], Elapsed 9m 44s (remain 2m 2s), Accuracy: 40.000(78.606), Loss: 1.147(0.529), LR: 0.000008
[GPU cuda:1][TRAIN] Epoch: [7][2100/2480], Elapsed 9m 59s (remain 1m 48s), Accuracy: 100.000(78.801), Loss: 0.068(0.525), LR: 0.000008
[GPU cuda:1][TRAIN] Epoch: [7][2150/2480], Elapsed 10m 13s (remain 1m 33s), Accuracy: 80.000(78.912), Loss: 0.366(0.523), LR: 0.000008
[GPU cuda:1][TRAIN] Epoch: [7][2200/2480], Elapsed 10m 27s (remain 1m 19s), Accuracy: 60.000(78.964), Loss: 0.562(0.522), LR: 0.000008
[GPU cuda:1][TRAIN] Epoch: [7][2250/2480], Elapsed 10m 41s (remain 1m 5s), Accuracy: 80.000(78.880), Loss: 0.396(0.524), LR: 0.000007
[GPU cuda:1][TRAIN] Epoch: [7][2300/2480], Elapsed 10m 56s (remain 0m 51s), Accuracy: 80.000(78.931), Loss: 0.242(0.523), LR: 0.000007
[GPU cuda:1][TRAIN] Epoch: [7][2350/2480], Elapsed 11m 10s (remain 0m 36s), Accuracy: 80.000(78.911), Loss: 0.397(0.524), LR: 0.000007
[GPU cuda:1][TRAIN] Epoch: [7][2400/2480], Elapsed 11m 24s (remain 0m 22s), Accuracy: 60.000(78.934), Loss: 0.897(0.524), LR: 0.000007
[GPU cuda:1][TRAIN] Epoch: [7][2450/2480], Elapsed 11m 38s (remain 0m 8s), Accuracy: 80.000(79.053), Loss: 0.315(0.522), LR: 0.000007
[GPU cuda:1][TRAIN] Epoch: [7][2479/2480], Elapsed 11m 46s (remain 0m 0s), Accuracy: 40.000(79.089), Loss: 2.625(0.522), LR: 0.000007
[GPU cuda:1][VALID][0/97], Elapsed 0m 1s (remain 2m 9s), Accuracy: 71.875(71.875), Batch Loss: 0.8724, Average Loss: 0.8724
[GPU cuda:1][VALID][50/97], Elapsed 0m 48s (remain 0m 43s), Accuracy: 75.000(72.488), Batch Loss: 0.5230, Average Loss: 0.7770
[GPU cuda:1][VALID][96/97], Elapsed 1m 32s (remain 0m 0s), Accuracy: 82.143(72.335), Batch Loss: 0.4032, Average Loss: 0.7748
Valid Labels Samples: [2 0 1 4 1 0 3 1 4 3]
Valid Predictions Samples: [2, 0, 1, 3, 1, 0, 3, 1, 3, 0]
Epoch 7 - Train Average Loss: 79.089, Valid Average Loss: 72.335, Epoch Time: 801.933s
Epoch 7 - Accuracy: 0.723, Precision: 0.723, Recall: 0.723
[GPU cuda:1][TRAIN] Epoch: [8][0/2480], Elapsed 0m 0s (remain 25m 24s), Accuracy: 80.000(80.000), Loss: 0.713(0.713), LR: 0.000007
[GPU cuda:1][TRAIN] Epoch: [8][50/2480], Elapsed 0m 15s (remain 11m 56s), Accuracy: 60.000(81.961), Loss: 0.721(0.439), LR: 0.000007
[GPU cuda:1][TRAIN] Epoch: [8][100/2480], Elapsed 0m 29s (remain 11m 30s), Accuracy: 80.000(80.198), Loss: 0.500(0.476), LR: 0.000007
[GPU cuda:1][TRAIN] Epoch: [8][150/2480], Elapsed 0m 43s (remain 11m 10s), Accuracy: 60.000(79.868), Loss: 0.634(0.491), LR: 0.000007
[GPU cuda:1][TRAIN] Epoch: [8][200/2480], Elapsed 0m 57s (remain 10m 54s), Accuracy: 60.000(79.502), Loss: 0.555(0.503), LR: 0.000007
[GPU cuda:1][TRAIN] Epoch: [8][250/2480], Elapsed 1m 11s (remain 10m 38s), Accuracy: 80.000(80.159), Loss: 0.350(0.490), LR: 0.000007
[GPU cuda:1][TRAIN] Epoch: [8][300/2480], Elapsed 1m 26s (remain 10m 23s), Accuracy: 40.000(79.867), Loss: 1.172(0.500), LR: 0.000007
[GPU cuda:1][TRAIN] Epoch: [8][350/2480], Elapsed 1m 40s (remain 10m 8s), Accuracy: 100.000(79.373), Loss: 0.241(0.508), LR: 0.000007
[GPU cuda:1][TRAIN] Epoch: [8][400/2480], Elapsed 1m 54s (remain 9m 53s), Accuracy: 100.000(79.950), Loss: 0.437(0.496), LR: 0.000007
[GPU cuda:1][TRAIN] Epoch: [8][450/2480], Elapsed 2m 8s (remain 9m 38s), Accuracy: 80.000(80.222), Loss: 0.578(0.496), LR: 0.000007
[GPU cuda:1][TRAIN] Epoch: [8][500/2480], Elapsed 2m 22s (remain 9m 24s), Accuracy: 60.000(80.240), Loss: 0.698(0.492), LR: 0.000007
[GPU cuda:1][TRAIN] Epoch: [8][550/2480], Elapsed 2m 37s (remain 9m 9s), Accuracy: 100.000(80.109), Loss: 0.058(0.497), LR: 0.000007
[GPU cuda:1][TRAIN] Epoch: [8][600/2480], Elapsed 2m 51s (remain 8m 55s), Accuracy: 100.000(79.933), Loss: 0.026(0.502), LR: 0.000007
[GPU cuda:1][TRAIN] Epoch: [8][650/2480], Elapsed 3m 5s (remain 8m 40s), Accuracy: 100.000(79.693), Loss: 0.020(0.506), LR: 0.000007
[GPU cuda:1][TRAIN] Epoch: [8][700/2480], Elapsed 3m 19s (remain 8m 26s), Accuracy: 80.000(79.658), Loss: 0.306(0.508), LR: 0.000007
[GPU cuda:1][TRAIN] Epoch: [8][750/2480], Elapsed 3m 33s (remain 8m 12s), Accuracy: 100.000(79.840), Loss: 0.151(0.507), LR: 0.000006
[GPU cuda:1][TRAIN] Epoch: [8][800/2480], Elapsed 3m 48s (remain 7m 57s), Accuracy: 80.000(80.025), Loss: 0.327(0.503), LR: 0.000006
[GPU cuda:1][TRAIN] Epoch: [8][850/2480], Elapsed 4m 2s (remain 7m 43s), Accuracy: 100.000(80.212), Loss: 0.461(0.498), LR: 0.000006
[GPU cuda:1][TRAIN] Epoch: [8][900/2480], Elapsed 4m 16s (remain 7m 29s), Accuracy: 80.000(80.355), Loss: 0.700(0.496), LR: 0.000006
[GPU cuda:1][TRAIN] Epoch: [8][950/2480], Elapsed 4m 30s (remain 7m 15s), Accuracy: 80.000(80.336), Loss: 0.461(0.496), LR: 0.000006
[GPU cuda:1][TRAIN] Epoch: [8][1000/2480], Elapsed 4m 44s (remain 7m 0s), Accuracy: 60.000(80.320), Loss: 1.106(0.497), LR: 0.000006
[GPU cuda:1][TRAIN] Epoch: [8][1050/2480], Elapsed 4m 58s (remain 6m 46s), Accuracy: 80.000(80.419), Loss: 0.509(0.494), LR: 0.000006
[GPU cuda:1][TRAIN] Epoch: [8][1100/2480], Elapsed 5m 13s (remain 6m 32s), Accuracy: 80.000(80.490), Loss: 0.247(0.490), LR: 0.000006
[GPU cuda:1][TRAIN] Epoch: [8][1150/2480], Elapsed 5m 27s (remain 6m 17s), Accuracy: 100.000(80.539), Loss: 0.196(0.488), LR: 0.000006
[GPU cuda:1][TRAIN] Epoch: [8][1200/2480], Elapsed 5m 41s (remain 6m 3s), Accuracy: 100.000(80.733), Loss: 0.241(0.483), LR: 0.000006
[GPU cuda:1][TRAIN] Epoch: [8][1250/2480], Elapsed 5m 55s (remain 5m 49s), Accuracy: 80.000(80.528), Loss: 0.761(0.486), LR: 0.000006
[GPU cuda:1][TRAIN] Epoch: [8][1300/2480], Elapsed 6m 9s (remain 5m 35s), Accuracy: 80.000(80.584), Loss: 0.718(0.485), LR: 0.000006
[GPU cuda:1][TRAIN] Epoch: [8][1350/2480], Elapsed 6m 23s (remain 5m 20s), Accuracy: 100.000(80.711), Loss: 0.030(0.482), LR: 0.000006
[GPU cuda:1][TRAIN] Epoch: [8][1400/2480], Elapsed 6m 38s (remain 5m 6s), Accuracy: 100.000(80.771), Loss: 0.087(0.481), LR: 0.000006
[GPU cuda:1][TRAIN] Epoch: [8][1450/2480], Elapsed 6m 52s (remain 4m 52s), Accuracy: 100.000(80.868), Loss: 0.171(0.479), LR: 0.000006
[GPU cuda:1][TRAIN] Epoch: [8][1500/2480], Elapsed 7m 6s (remain 4m 38s), Accuracy: 100.000(80.973), Loss: 0.101(0.477), LR: 0.000006
[GPU cuda:1][TRAIN] Epoch: [8][1550/2480], Elapsed 7m 20s (remain 4m 23s), Accuracy: 100.000(81.122), Loss: 0.151(0.473), LR: 0.000006
[GPU cuda:1][TRAIN] Epoch: [8][1600/2480], Elapsed 7m 34s (remain 4m 9s), Accuracy: 80.000(81.224), Loss: 0.421(0.470), LR: 0.000006
[GPU cuda:1][TRAIN] Epoch: [8][1650/2480], Elapsed 7m 49s (remain 3m 55s), Accuracy: 80.000(81.442), Loss: 0.262(0.467), LR: 0.000005
[GPU cuda:1][TRAIN] Epoch: [8][1700/2480], Elapsed 8m 3s (remain 3m 41s), Accuracy: 100.000(81.517), Loss: 0.350(0.466), LR: 0.000005
[GPU cuda:1][TRAIN] Epoch: [8][1750/2480], Elapsed 8m 17s (remain 3m 27s), Accuracy: 60.000(81.656), Loss: 0.977(0.464), LR: 0.000005
[GPU cuda:1][TRAIN] Epoch: [8][1800/2480], Elapsed 8m 31s (remain 3m 12s), Accuracy: 100.000(81.743), Loss: 0.142(0.462), LR: 0.000005
[GPU cuda:1][TRAIN] Epoch: [8][1850/2480], Elapsed 8m 45s (remain 2m 58s), Accuracy: 100.000(81.794), Loss: 0.291(0.460), LR: 0.000005
[GPU cuda:1][TRAIN] Epoch: [8][1900/2480], Elapsed 8m 59s (remain 2m 44s), Accuracy: 60.000(81.841), Loss: 0.808(0.458), LR: 0.000005
[GPU cuda:1][TRAIN] Epoch: [8][1950/2480], Elapsed 9m 13s (remain 2m 30s), Accuracy: 80.000(81.773), Loss: 0.380(0.458), LR: 0.000005
[GPU cuda:1][TRAIN] Epoch: [8][2000/2480], Elapsed 9m 28s (remain 2m 16s), Accuracy: 80.000(81.709), Loss: 0.486(0.459), LR: 0.000005
[GPU cuda:1][TRAIN] Epoch: [8][2050/2480], Elapsed 9m 42s (remain 2m 1s), Accuracy: 60.000(81.706), Loss: 0.790(0.459), LR: 0.000005
[GPU cuda:1][TRAIN] Epoch: [8][2100/2480], Elapsed 9m 56s (remain 1m 47s), Accuracy: 100.000(81.885), Loss: 0.102(0.455), LR: 0.000005
[GPU cuda:1][TRAIN] Epoch: [8][2150/2480], Elapsed 10m 10s (remain 1m 33s), Accuracy: 100.000(82.064), Loss: 0.198(0.452), LR: 0.000005
[GPU cuda:1][TRAIN] Epoch: [8][2200/2480], Elapsed 10m 24s (remain 1m 19s), Accuracy: 60.000(82.135), Loss: 0.742(0.451), LR: 0.000005
[GPU cuda:1][TRAIN] Epoch: [8][2250/2480], Elapsed 10m 38s (remain 1m 5s), Accuracy: 100.000(82.052), Loss: 0.229(0.453), LR: 0.000005
[GPU cuda:1][TRAIN] Epoch: [8][2300/2480], Elapsed 10m 53s (remain 0m 50s), Accuracy: 100.000(82.017), Loss: 0.220(0.454), LR: 0.000005
[GPU cuda:1][TRAIN] Epoch: [8][2350/2480], Elapsed 11m 7s (remain 0m 36s), Accuracy: 80.000(81.957), Loss: 0.361(0.455), LR: 0.000005
[GPU cuda:1][TRAIN] Epoch: [8][2400/2480], Elapsed 11m 21s (remain 0m 22s), Accuracy: 60.000(82.074), Loss: 0.615(0.454), LR: 0.000005
[GPU cuda:1][TRAIN] Epoch: [8][2450/2480], Elapsed 11m 35s (remain 0m 8s), Accuracy: 80.000(82.154), Loss: 0.338(0.452), LR: 0.000005
[GPU cuda:1][TRAIN] Epoch: [8][2479/2480], Elapsed 11m 43s (remain 0m 0s), Accuracy: 40.000(82.185), Loss: 2.064(0.452), LR: 0.000005
[GPU cuda:1][VALID][0/97], Elapsed 0m 1s (remain 2m 18s), Accuracy: 71.875(71.875), Batch Loss: 1.1118, Average Loss: 1.1118
[GPU cuda:1][VALID][50/97], Elapsed 0m 48s (remain 0m 43s), Accuracy: 75.000(73.039), Batch Loss: 0.4888, Average Loss: 0.7873
[GPU cuda:1][VALID][96/97], Elapsed 1m 32s (remain 0m 0s), Accuracy: 82.143(73.044), Batch Loss: 0.3967, Average Loss: 0.7844
Valid Labels Samples: [2 0 1 4 1 0 3 1 4 3]
Valid Predictions Samples: [2, 0, 1, 3, 1, 0, 3, 1, 3, 0]
Epoch 8 - Train Average Loss: 82.185, Valid Average Loss: 73.044, Epoch Time: 798.854s
Epoch 8 - Accuracy: 0.730, Precision: 0.730, Recall: 0.730
[GPU cuda:1][TRAIN] Epoch: [9][0/2480], Elapsed 0m 0s (remain 26m 21s), Accuracy: 80.000(80.000), Loss: 0.513(0.513), LR: 0.000005
[GPU cuda:1][TRAIN] Epoch: [9][50/2480], Elapsed 0m 15s (remain 11m 56s), Accuracy: 60.000(85.490), Loss: 0.635(0.350), LR: 0.000005
[GPU cuda:1][TRAIN] Epoch: [9][100/2480], Elapsed 0m 29s (remain 11m 29s), Accuracy: 80.000(81.782), Loss: 0.296(0.421), LR: 0.000004
[GPU cuda:1][TRAIN] Epoch: [9][150/2480], Elapsed 0m 43s (remain 11m 10s), Accuracy: 60.000(81.325), Loss: 0.735(0.433), LR: 0.000004
[GPU cuda:1][TRAIN] Epoch: [9][200/2480], Elapsed 0m 57s (remain 10m 54s), Accuracy: 100.000(81.493), Loss: 0.353(0.441), LR: 0.000004
[GPU cuda:1][TRAIN] Epoch: [9][250/2480], Elapsed 1m 11s (remain 10m 39s), Accuracy: 100.000(81.673), Loss: 0.030(0.433), LR: 0.000004
[GPU cuda:1][TRAIN] Epoch: [9][300/2480], Elapsed 1m 26s (remain 10m 24s), Accuracy: 60.000(81.196), Loss: 0.783(0.440), LR: 0.000004
[GPU cuda:1][TRAIN] Epoch: [9][350/2480], Elapsed 1m 40s (remain 10m 9s), Accuracy: 100.000(81.368), Loss: 0.244(0.441), LR: 0.000004
[GPU cuda:1][TRAIN] Epoch: [9][400/2480], Elapsed 1m 54s (remain 9m 55s), Accuracy: 100.000(82.095), Loss: 0.296(0.434), LR: 0.000004
[GPU cuda:1][TRAIN] Epoch: [9][450/2480], Elapsed 2m 9s (remain 9m 40s), Accuracy: 80.000(82.217), Loss: 0.712(0.436), LR: 0.000004
[GPU cuda:1][TRAIN] Epoch: [9][500/2480], Elapsed 2m 23s (remain 9m 26s), Accuracy: 40.000(82.395), Loss: 0.875(0.429), LR: 0.000004
[GPU cuda:1][TRAIN] Epoch: [9][550/2480], Elapsed 2m 37s (remain 9m 11s), Accuracy: 100.000(82.468), Loss: 0.032(0.431), LR: 0.000004
[GPU cuda:1][TRAIN] Epoch: [9][600/2480], Elapsed 2m 51s (remain 8m 57s), Accuracy: 100.000(82.296), Loss: 0.016(0.436), LR: 0.000004
[GPU cuda:1][TRAIN] Epoch: [9][650/2480], Elapsed 3m 6s (remain 8m 42s), Accuracy: 100.000(82.181), Loss: 0.020(0.439), LR: 0.000004
[GPU cuda:1][TRAIN] Epoch: [9][700/2480], Elapsed 3m 20s (remain 8m 28s), Accuracy: 80.000(82.026), Loss: 0.471(0.445), LR: 0.000004
[GPU cuda:1][TRAIN] Epoch: [9][750/2480], Elapsed 3m 34s (remain 8m 14s), Accuracy: 100.000(82.184), Loss: 0.196(0.442), LR: 0.000004
[GPU cuda:1][TRAIN] Epoch: [9][800/2480], Elapsed 3m 48s (remain 7m 59s), Accuracy: 100.000(82.397), Loss: 0.129(0.438), LR: 0.000004
[GPU cuda:1][TRAIN] Epoch: [9][850/2480], Elapsed 4m 3s (remain 7m 45s), Accuracy: 60.000(82.538), Loss: 0.470(0.431), LR: 0.000004
[GPU cuda:1][TRAIN] Epoch: [9][900/2480], Elapsed 4m 17s (remain 7m 30s), Accuracy: 80.000(82.819), Loss: 0.585(0.428), LR: 0.000004
[GPU cuda:1][TRAIN] Epoch: [9][950/2480], Elapsed 4m 31s (remain 7m 16s), Accuracy: 80.000(83.007), Loss: 0.521(0.423), LR: 0.000004
[GPU cuda:1][TRAIN] Epoch: [9][1000/2480], Elapsed 4m 45s (remain 7m 2s), Accuracy: 60.000(83.017), Loss: 0.821(0.421), LR: 0.000004
[GPU cuda:1][TRAIN] Epoch: [9][1050/2480], Elapsed 5m 0s (remain 6m 48s), Accuracy: 60.000(83.102), Loss: 0.738(0.419), LR: 0.000003
[GPU cuda:1][TRAIN] Epoch: [9][1100/2480], Elapsed 5m 14s (remain 6m 33s), Accuracy: 100.000(83.179), Loss: 0.149(0.416), LR: 0.000003
[GPU cuda:1][TRAIN] Epoch: [9][1150/2480], Elapsed 5m 28s (remain 6m 19s), Accuracy: 100.000(83.232), Loss: 0.064(0.414), LR: 0.000003
[GPU cuda:1][TRAIN] Epoch: [9][1200/2480], Elapsed 5m 42s (remain 6m 5s), Accuracy: 80.000(83.464), Loss: 0.551(0.408), LR: 0.000003
[GPU cuda:1][TRAIN] Epoch: [9][1250/2480], Elapsed 5m 57s (remain 5m 50s), Accuracy: 60.000(83.485), Loss: 0.775(0.408), LR: 0.000003
[GPU cuda:1][TRAIN] Epoch: [9][1300/2480], Elapsed 6m 11s (remain 5m 36s), Accuracy: 60.000(83.613), Loss: 0.664(0.406), LR: 0.000003
[GPU cuda:1][TRAIN] Epoch: [9][1350/2480], Elapsed 6m 25s (remain 5m 22s), Accuracy: 100.000(83.879), Loss: 0.012(0.400), LR: 0.000003
[GPU cuda:1][TRAIN] Epoch: [9][1400/2480], Elapsed 6m 39s (remain 5m 7s), Accuracy: 100.000(83.883), Loss: 0.140(0.400), LR: 0.000003
[GPU cuda:1][TRAIN] Epoch: [9][1450/2480], Elapsed 6m 54s (remain 4m 53s), Accuracy: 100.000(84.025), Loss: 0.126(0.397), LR: 0.000003
[GPU cuda:1][TRAIN] Epoch: [9][1500/2480], Elapsed 7m 8s (remain 4m 39s), Accuracy: 80.000(84.131), Loss: 0.284(0.394), LR: 0.000003
[GPU cuda:1][TRAIN] Epoch: [9][1550/2480], Elapsed 7m 22s (remain 4m 25s), Accuracy: 80.000(84.307), Loss: 0.376(0.392), LR: 0.000003
[GPU cuda:1][TRAIN] Epoch: [9][1600/2480], Elapsed 7m 36s (remain 4m 10s), Accuracy: 100.000(84.435), Loss: 0.180(0.389), LR: 0.000003
[GPU cuda:1][TRAIN] Epoch: [9][1650/2480], Elapsed 7m 51s (remain 3m 56s), Accuracy: 100.000(84.543), Loss: 0.134(0.387), LR: 0.000003
[GPU cuda:1][TRAIN] Epoch: [9][1700/2480], Elapsed 8m 5s (remain 3m 42s), Accuracy: 80.000(84.562), Loss: 0.322(0.387), LR: 0.000003
[GPU cuda:1][TRAIN] Epoch: [9][1750/2480], Elapsed 8m 19s (remain 3m 28s), Accuracy: 60.000(84.660), Loss: 0.726(0.385), LR: 0.000003
[GPU cuda:1][TRAIN] Epoch: [9][1800/2480], Elapsed 8m 34s (remain 3m 13s), Accuracy: 100.000(84.742), Loss: 0.030(0.384), LR: 0.000003
[GPU cuda:1][TRAIN] Epoch: [9][1850/2480], Elapsed 8m 48s (remain 2m 59s), Accuracy: 100.000(84.819), Loss: 0.143(0.382), LR: 0.000003
[GPU cuda:1][TRAIN] Epoch: [9][1900/2480], Elapsed 9m 2s (remain 2m 45s), Accuracy: 60.000(84.934), Loss: 1.024(0.381), LR: 0.000003
[GPU cuda:1][TRAIN] Epoch: [9][1950/2480], Elapsed 9m 16s (remain 2m 30s), Accuracy: 100.000(84.921), Loss: 0.177(0.381), LR: 0.000003
[GPU cuda:1][TRAIN] Epoch: [9][2000/2480], Elapsed 9m 31s (remain 2m 16s), Accuracy: 80.000(84.868), Loss: 0.355(0.382), LR: 0.000003
[GPU cuda:1][TRAIN] Epoch: [9][2050/2480], Elapsed 9m 45s (remain 2m 2s), Accuracy: 60.000(84.915), Loss: 0.916(0.381), LR: 0.000003
[GPU cuda:1][TRAIN] Epoch: [9][2100/2480], Elapsed 9m 59s (remain 1m 48s), Accuracy: 80.000(85.064), Loss: 0.455(0.378), LR: 0.000003
[GPU cuda:1][TRAIN] Epoch: [9][2150/2480], Elapsed 10m 13s (remain 1m 33s), Accuracy: 100.000(85.198), Loss: 0.209(0.376), LR: 0.000002
[GPU cuda:1][TRAIN] Epoch: [9][2200/2480], Elapsed 10m 28s (remain 1m 19s), Accuracy: 60.000(85.270), Loss: 0.665(0.376), LR: 0.000002
[GPU cuda:1][TRAIN] Epoch: [9][2250/2480], Elapsed 10m 42s (remain 1m 5s), Accuracy: 100.000(85.207), Loss: 0.138(0.377), LR: 0.000002
[GPU cuda:1][TRAIN] Epoch: [9][2300/2480], Elapsed 10m 56s (remain 0m 51s), Accuracy: 100.000(85.224), Loss: 0.082(0.377), LR: 0.000002
[GPU cuda:1][TRAIN] Epoch: [9][2350/2480], Elapsed 11m 10s (remain 0m 36s), Accuracy: 100.000(85.206), Loss: 0.132(0.379), LR: 0.000002
[GPU cuda:1][TRAIN] Epoch: [9][2400/2480], Elapsed 11m 25s (remain 0m 22s), Accuracy: 60.000(85.264), Loss: 0.739(0.378), LR: 0.000002
[GPU cuda:1][TRAIN] Epoch: [9][2450/2480], Elapsed 11m 39s (remain 0m 8s), Accuracy: 100.000(85.369), Loss: 0.099(0.377), LR: 0.000002
[GPU cuda:1][TRAIN] Epoch: [9][2479/2480], Elapsed 11m 47s (remain 0m 0s), Accuracy: 40.000(85.379), Loss: 2.168(0.376), LR: 0.000002
[GPU cuda:1][VALID][0/97], Elapsed 0m 1s (remain 2m 10s), Accuracy: 75.000(75.000), Batch Loss: 0.8541, Average Loss: 0.8541
[GPU cuda:1][VALID][50/97], Elapsed 0m 48s (remain 0m 43s), Accuracy: 78.125(73.529), Batch Loss: 0.5789, Average Loss: 0.8414
[GPU cuda:1][VALID][96/97], Elapsed 1m 32s (remain 0m 0s), Accuracy: 82.143(73.527), Batch Loss: 0.4675, Average Loss: 0.8367
Valid Labels Samples: [2 0 1 4 1 0 3 1 4 3]
Valid Predictions Samples: [2, 0, 1, 3, 1, 0, 3, 1, 3, 0]
Epoch 9 - Train Average Loss: 85.379, Valid Average Loss: 73.527, Epoch Time: 802.759s
Epoch 9 - Accuracy: 0.735, Precision: 0.738, Recall: 0.735
