[GPU 0]: Config File
{'id': 27, 'model_name': 'swin_large_patch4_window12_384_in22k', 'dropout': 0.5, 'size': 384, 'batch_size_t': 4, 'batch_size_v': 32, 'n_targets': 5, 'criterion': 'CrossEntropyLoss', 'gradient_accumulation_steps': 1, 'max_gradient_norm': None, 'optimizer': 'RangerLars', 'scheduler': 'CosineAnnealingWarmRestarts', 'LR': 0.0003, 'T_0': 500, 'T_max': 10, 'T_mult': 5, 'min_lr': 1e-06, 'max_lr': 0.0001, 'no_batches': 'NA', 'warmup_epochs': 1, 'cosine_epochs': 14, 'epochs': 15, 'update_per_batch': True, 'num_workers': 4, 'n_folds': 5, 'train_transforms': [HorizontalFlip(always_apply=False, p=0.5), VerticalFlip(always_apply=False, p=0.5), RandomRotate90(always_apply=False, p=0.5)], 'valid_transforms': [], 'observations': None, 'use_swa': True, 'swa_lr': 0.01, 'swa_epoch': 0, 'use_sam': True, 'use_asam': True, 'asam_rho': 0.1, 'print_freq': 50, 'one_fold': True, 'use_apex': True, 'distributed_training': False, 'save_to_log': True}
================================================== Training Fold: 0 ==================================================
[GPU cuda:0][TRAIN] Epoch: [1][0/3100], Elapsed 0m 0s (remain 25m 11s), Accuracy: 0.000(0.000), Loss: 1.683(1.683), LR: 0.000300
[GPU cuda:0][TRAIN] Epoch: [1][50/3100], Elapsed 0m 15s (remain 15m 45s), Accuracy: 0.000(14.216), Loss: 1.640(1.645), LR: 0.000292
[GPU cuda:0][TRAIN] Epoch: [1][100/3100], Elapsed 0m 31s (remain 15m 32s), Accuracy: 50.000(16.584), Loss: 1.561(1.630), LR: 0.000271
[GPU cuda:0][TRAIN] Epoch: [1][150/3100], Elapsed 0m 46s (remain 15m 17s), Accuracy: 25.000(19.040), Loss: 1.464(1.618), LR: 0.000238
[GPU cuda:0][TRAIN] Epoch: [1][200/3100], Elapsed 1m 2s (remain 15m 1s), Accuracy: 25.000(20.398), Loss: 1.521(1.610), LR: 0.000196
[GPU cuda:0][TRAIN] Epoch: [1][250/3100], Elapsed 1m 18s (remain 14m 46s), Accuracy: 0.000(21.912), Loss: 1.593(1.601), LR: 0.000150
[GPU cuda:0][TRAIN] Epoch: [1][300/3100], Elapsed 1m 33s (remain 14m 30s), Accuracy: 0.000(23.007), Loss: 1.650(1.591), LR: 0.000103
[GPU cuda:0][TRAIN] Epoch: [1][350/3100], Elapsed 1m 49s (remain 14m 14s), Accuracy: 25.000(23.362), Loss: 1.455(1.582), LR: 0.000062
[GPU cuda:0][TRAIN] Epoch: [1][400/3100], Elapsed 2m 4s (remain 13m 59s), Accuracy: 25.000(24.252), Loss: 1.626(1.575), LR: 0.000029
[GPU cuda:0][TRAIN] Epoch: [1][450/3100], Elapsed 2m 20s (remain 13m 43s), Accuracy: 75.000(25.665), Loss: 1.208(1.565), LR: 0.000008
[GPU cuda:0][TRAIN] Epoch: [1][500/3100], Elapsed 2m 35s (remain 13m 28s), Accuracy: 0.000(25.749), Loss: 1.510(1.563), LR: 0.000300
[GPU cuda:0][TRAIN] Epoch: [1][550/3100], Elapsed 2m 51s (remain 13m 12s), Accuracy: 25.000(26.452), Loss: 1.488(1.556), LR: 0.000300
[GPU cuda:0][TRAIN] Epoch: [1][600/3100], Elapsed 3m 6s (remain 12m 57s), Accuracy: 50.000(26.581), Loss: 1.320(1.549), LR: 0.000299
[GPU cuda:0][TRAIN] Epoch: [1][650/3100], Elapsed 3m 22s (remain 12m 42s), Accuracy: 100.000(27.304), Loss: 0.932(1.538), LR: 0.000297
[GPU cuda:0][TRAIN] Epoch: [1][700/3100], Elapsed 3m 38s (remain 12m 26s), Accuracy: 0.000(27.532), Loss: 1.403(1.532), LR: 0.000295
[GPU cuda:0][TRAIN] Epoch: [1][750/3100], Elapsed 3m 53s (remain 12m 10s), Accuracy: 100.000(29.228), Loss: 0.695(1.512), LR: 0.000293
[GPU cuda:0][TRAIN] Epoch: [1][800/3100], Elapsed 4m 9s (remain 11m 55s), Accuracy: 50.000(29.682), Loss: 1.455(1.505), LR: 0.000289
[GPU cuda:0][TRAIN] Epoch: [1][850/3100], Elapsed 4m 24s (remain 11m 39s), Accuracy: 50.000(30.229), Loss: 1.243(1.496), LR: 0.000286
[GPU cuda:0][TRAIN] Epoch: [1][900/3100], Elapsed 4m 40s (remain 11m 24s), Accuracy: 75.000(30.577), Loss: 1.277(1.489), LR: 0.000281
[GPU cuda:0][TRAIN] Epoch: [1][950/3100], Elapsed 4m 55s (remain 11m 8s), Accuracy: 50.000(31.441), Loss: 1.040(1.476), LR: 0.000277
[GPU cuda:0][TRAIN] Epoch: [1][1000/3100], Elapsed 5m 11s (remain 10m 52s), Accuracy: 50.000(32.143), Loss: 1.174(1.462), LR: 0.000271
[GPU cuda:0][TRAIN] Epoch: [1][1050/3100], Elapsed 5m 26s (remain 10m 37s), Accuracy: 75.000(33.088), Loss: 0.881(1.445), LR: 0.000266
[GPU cuda:0][TRAIN] Epoch: [1][1100/3100], Elapsed 5m 42s (remain 10m 21s), Accuracy: 0.000(33.969), Loss: 1.654(1.427), LR: 0.000259
[GPU cuda:0][TRAIN] Epoch: [1][1150/3100], Elapsed 5m 57s (remain 10m 6s), Accuracy: 0.000(34.427), Loss: 1.806(1.418), LR: 0.000253
[GPU cuda:0][TRAIN] Epoch: [1][1200/3100], Elapsed 6m 13s (remain 9m 50s), Accuracy: 100.000(35.283), Loss: 0.653(1.403), LR: 0.000246
[GPU cuda:0][TRAIN] Epoch: [1][1250/3100], Elapsed 6m 28s (remain 9m 34s), Accuracy: 50.000(35.771), Loss: 1.376(1.391), LR: 0.000238
[GPU cuda:0][TRAIN] Epoch: [1][1300/3100], Elapsed 6m 44s (remain 9m 19s), Accuracy: 50.000(36.491), Loss: 1.120(1.379), LR: 0.000230
[GPU cuda:0][TRAIN] Epoch: [1][1350/3100], Elapsed 7m 0s (remain 9m 3s), Accuracy: 75.000(37.287), Loss: 0.749(1.365), LR: 0.000222
[GPU cuda:0][TRAIN] Epoch: [1][1400/3100], Elapsed 7m 15s (remain 8m 48s), Accuracy: 75.000(37.830), Loss: 0.804(1.355), LR: 0.000214
[GPU cuda:0][TRAIN] Epoch: [1][1450/3100], Elapsed 7m 31s (remain 8m 32s), Accuracy: 50.000(38.611), Loss: 0.892(1.340), LR: 0.000205
[GPU cuda:0][TRAIN] Epoch: [1][1500/3100], Elapsed 7m 46s (remain 8m 17s), Accuracy: 75.000(39.324), Loss: 1.285(1.328), LR: 0.000197
[GPU cuda:0][TRAIN] Epoch: [1][1550/3100], Elapsed 8m 2s (remain 8m 1s), Accuracy: 100.000(39.652), Loss: 0.427(1.319), LR: 0.000187
[GPU cuda:0][TRAIN] Epoch: [1][1600/3100], Elapsed 8m 17s (remain 7m 45s), Accuracy: 50.000(40.287), Loss: 0.739(1.308), LR: 0.000178
[GPU cuda:0][TRAIN] Epoch: [1][1650/3100], Elapsed 8m 33s (remain 7m 30s), Accuracy: 75.000(40.869), Loss: 0.775(1.298), LR: 0.000169
[GPU cuda:0][TRAIN] Epoch: [1][1700/3100], Elapsed 8m 48s (remain 7m 14s), Accuracy: 50.000(41.534), Loss: 1.256(1.285), LR: 0.000160
[GPU cuda:0][TRAIN] Epoch: [1][1750/3100], Elapsed 9m 4s (remain 6m 59s), Accuracy: 50.000(42.019), Loss: 0.889(1.278), LR: 0.000150
[GPU cuda:0][TRAIN] Epoch: [1][1800/3100], Elapsed 9m 19s (remain 6m 43s), Accuracy: 100.000(42.615), Loss: 0.398(1.267), LR: 0.000141
[GPU cuda:0][TRAIN] Epoch: [1][1850/3100], Elapsed 9m 35s (remain 6m 28s), Accuracy: 100.000(42.936), Loss: 0.901(1.262), LR: 0.000132
[GPU cuda:0][TRAIN] Epoch: [1][1900/3100], Elapsed 9m 51s (remain 6m 12s), Accuracy: 50.000(43.530), Loss: 0.853(1.250), LR: 0.000122
[GPU cuda:0][TRAIN] Epoch: [1][1950/3100], Elapsed 10m 6s (remain 5m 57s), Accuracy: 75.000(43.952), Loss: 0.643(1.242), LR: 0.000113
[GPU cuda:0][TRAIN] Epoch: [1][2000/3100], Elapsed 10m 22s (remain 5m 41s), Accuracy: 75.000(44.440), Loss: 0.753(1.233), LR: 0.000104
[GPU cuda:0][TRAIN] Epoch: [1][2050/3100], Elapsed 10m 37s (remain 5m 26s), Accuracy: 75.000(45.039), Loss: 0.707(1.222), LR: 0.000095
[GPU cuda:0][TRAIN] Epoch: [1][2100/3100], Elapsed 10m 53s (remain 5m 10s), Accuracy: 75.000(45.490), Loss: 2.353(1.214), LR: 0.000087
[GPU cuda:0][TRAIN] Epoch: [1][2150/3100], Elapsed 11m 8s (remain 4m 55s), Accuracy: 50.000(46.002), Loss: 1.189(1.205), LR: 0.000078
[GPU cuda:0][TRAIN] Epoch: [1][2200/3100], Elapsed 11m 24s (remain 4m 39s), Accuracy: 25.000(46.297), Loss: 1.299(1.199), LR: 0.000070
[GPU cuda:0][TRAIN] Epoch: [1][2250/3100], Elapsed 11m 40s (remain 4m 24s), Accuracy: 50.000(46.746), Loss: 0.830(1.189), LR: 0.000062
[GPU cuda:0][TRAIN] Epoch: [1][2300/3100], Elapsed 11m 55s (remain 4m 8s), Accuracy: 25.000(47.099), Loss: 1.451(1.181), LR: 0.000055
[GPU cuda:0][TRAIN] Epoch: [1][2350/3100], Elapsed 12m 11s (remain 3m 52s), Accuracy: 75.000(47.480), Loss: 0.694(1.172), LR: 0.000048
[GPU cuda:0][TRAIN] Epoch: [1][2400/3100], Elapsed 12m 26s (remain 3m 37s), Accuracy: 0.000(47.709), Loss: 1.897(1.168), LR: 0.000041
[GPU cuda:0][TRAIN] Epoch: [1][2450/3100], Elapsed 12m 42s (remain 3m 21s), Accuracy: 75.000(47.960), Loss: 0.731(1.163), LR: 0.000035
[GPU cuda:0][TRAIN] Epoch: [1][2500/3100], Elapsed 12m 57s (remain 3m 6s), Accuracy: 50.000(48.301), Loss: 1.140(1.156), LR: 0.000029
[GPU cuda:0][TRAIN] Epoch: [1][2550/3100], Elapsed 13m 13s (remain 2m 50s), Accuracy: 75.000(48.589), Loss: 0.841(1.151), LR: 0.000024
[GPU cuda:0][TRAIN] Epoch: [1][2600/3100], Elapsed 13m 28s (remain 2m 35s), Accuracy: 50.000(49.068), Loss: 0.879(1.142), LR: 0.000019
[GPU cuda:0][TRAIN] Epoch: [1][2650/3100], Elapsed 13m 44s (remain 2m 19s), Accuracy: 25.000(49.368), Loss: 1.341(1.137), LR: 0.000015
[GPU cuda:0][TRAIN] Epoch: [1][2700/3100], Elapsed 13m 59s (remain 2m 4s), Accuracy: 100.000(49.722), Loss: 0.386(1.130), LR: 0.000011
[GPU cuda:0][TRAIN] Epoch: [1][2750/3100], Elapsed 14m 15s (remain 1m 48s), Accuracy: 75.000(50.045), Loss: 0.801(1.125), LR: 0.000008
[GPU cuda:0][TRAIN] Epoch: [1][2800/3100], Elapsed 14m 30s (remain 1m 32s), Accuracy: 50.000(50.357), Loss: 1.379(1.119), LR: 0.000006
[GPU cuda:0][TRAIN] Epoch: [1][2850/3100], Elapsed 14m 46s (remain 1m 17s), Accuracy: 75.000(50.640), Loss: 0.945(1.114), LR: 0.000004
[GPU cuda:0][TRAIN] Epoch: [1][2900/3100], Elapsed 15m 2s (remain 1m 1s), Accuracy: 100.000(50.905), Loss: 0.654(1.109), LR: 0.000002
[GPU cuda:0][TRAIN] Epoch: [1][2950/3100], Elapsed 15m 17s (remain 0m 46s), Accuracy: 50.000(51.220), Loss: 0.586(1.105), LR: 0.000001
[GPU cuda:0][TRAIN] Epoch: [1][3000/3100], Elapsed 15m 33s (remain 0m 30s), Accuracy: 75.000(51.500), Loss: 0.930(1.099), LR: 0.000300
[GPU cuda:0][TRAIN] Epoch: [1][3050/3100], Elapsed 15m 48s (remain 0m 15s), Accuracy: 75.000(51.704), Loss: 0.548(1.096), LR: 0.000300
[GPU cuda:0][TRAIN] Epoch: [1][3099/3100], Elapsed 16m 3s (remain 0m 0s), Accuracy: 50.000(51.742), Loss: 1.952(1.095), LR: 0.000300
[GPU cuda:0][VALID][0/97], Elapsed 0m 1s (remain 2m 17s), Accuracy: 53.125(53.125), Batch Loss: 1.0715, Average Loss: 1.0715
[GPU cuda:0][VALID][50/97], Elapsed 0m 46s (remain 0m 42s), Accuracy: 53.125(52.635), Batch Loss: 0.8598, Average Loss: 1.0180
[GPU cuda:0][VALID][96/97], Elapsed 1m 28s (remain 0m 0s), Accuracy: 64.286(51.307), Batch Loss: 0.8541, Average Loss: 1.0351
Valid Labels Samples: [2 0 1 4 1 0 3 1 4 3]
Valid Predictions Samples: [3, 0, 2, 4, 2, 0, 3, 2, 4, 0]
Epoch 1 - Train Average Loss: 51.742, Valid Average Loss: 51.307, Epoch Time: 1054.679s
Epoch 1 - Accuracy: 0.513, Precision: 0.490, Recall: 0.513
Saved Best Model: 0.51
[GPU cuda:0][TRAIN] Epoch: [2][0/3100], Elapsed 0m 0s (remain 37m 18s), Accuracy: 75.000(75.000), Loss: 1.189(1.189), LR: 0.000300
[GPU cuda:0][TRAIN] Epoch: [2][50/3100], Elapsed 0m 16s (remain 16m 14s), Accuracy: 75.000(60.294), Loss: 0.756(0.947), LR: 0.000300
[GPU cuda:0][TRAIN] Epoch: [2][100/3100], Elapsed 0m 31s (remain 15m 46s), Accuracy: 50.000(57.673), Loss: 1.130(0.961), LR: 0.000300
[GPU cuda:0][TRAIN] Epoch: [2][150/3100], Elapsed 0m 47s (remain 15m 25s), Accuracy: 100.000(54.470), Loss: 0.145(1.036), LR: 0.000300
[GPU cuda:0][TRAIN] Epoch: [2][200/3100], Elapsed 1m 2s (remain 15m 7s), Accuracy: 75.000(55.224), Loss: 0.613(1.045), LR: 0.000300
[GPU cuda:0][TRAIN] Epoch: [2][250/3100], Elapsed 1m 18s (remain 14m 51s), Accuracy: 0.000(54.880), Loss: 1.921(1.051), LR: 0.000299
[GPU cuda:0][TRAIN] Epoch: [2][300/3100], Elapsed 1m 33s (remain 14m 33s), Accuracy: 0.000(55.482), Loss: 2.623(1.041), LR: 0.000299
[GPU cuda:0][TRAIN] Epoch: [2][350/3100], Elapsed 1m 49s (remain 14m 17s), Accuracy: 25.000(54.487), Loss: 1.508(1.045), LR: 0.000299
[GPU cuda:0][TRAIN] Epoch: [2][400/3100], Elapsed 2m 5s (remain 14m 1s), Accuracy: 50.000(54.551), Loss: 1.012(1.041), LR: 0.000299
[GPU cuda:0][TRAIN] Epoch: [2][450/3100], Elapsed 2m 20s (remain 13m 45s), Accuracy: 75.000(55.044), Loss: 0.742(1.032), LR: 0.000299
[GPU cuda:0][TRAIN] Epoch: [2][500/3100], Elapsed 2m 36s (remain 13m 29s), Accuracy: 50.000(55.439), Loss: 1.034(1.030), LR: 0.000298
[GPU cuda:0][TRAIN] Epoch: [2][550/3100], Elapsed 2m 51s (remain 13m 14s), Accuracy: 25.000(55.898), Loss: 1.359(1.020), LR: 0.000298
[GPU cuda:0][TRAIN] Epoch: [2][600/3100], Elapsed 3m 7s (remain 12m 58s), Accuracy: 75.000(56.364), Loss: 0.824(1.013), LR: 0.000298
[GPU cuda:0][TRAIN] Epoch: [2][650/3100], Elapsed 3m 22s (remain 12m 42s), Accuracy: 75.000(56.452), Loss: 0.796(1.013), LR: 0.000297
[GPU cuda:0][TRAIN] Epoch: [2][700/3100], Elapsed 3m 38s (remain 12m 27s), Accuracy: 75.000(56.384), Loss: 1.278(1.011), LR: 0.000297
[GPU cuda:0][TRAIN] Epoch: [2][750/3100], Elapsed 3m 53s (remain 12m 11s), Accuracy: 100.000(56.558), Loss: 0.189(1.007), LR: 0.000297
[GPU cuda:0][TRAIN] Epoch: [2][800/3100], Elapsed 4m 9s (remain 11m 56s), Accuracy: 50.000(56.554), Loss: 0.997(1.008), LR: 0.000296
[GPU cuda:0][TRAIN] Epoch: [2][850/3100], Elapsed 4m 25s (remain 11m 40s), Accuracy: 75.000(56.727), Loss: 0.664(1.005), LR: 0.000296
[GPU cuda:0][TRAIN] Epoch: [2][900/3100], Elapsed 4m 40s (remain 11m 25s), Accuracy: 75.000(56.382), Loss: 0.952(1.010), LR: 0.000295
[GPU cuda:0][TRAIN] Epoch: [2][950/3100], Elapsed 4m 56s (remain 11m 9s), Accuracy: 50.000(56.493), Loss: 0.902(1.008), LR: 0.000295
[GPU cuda:0][TRAIN] Epoch: [2][1000/3100], Elapsed 5m 11s (remain 10m 53s), Accuracy: 75.000(56.968), Loss: 0.743(0.998), LR: 0.000294
[GPU cuda:0][TRAIN] Epoch: [2][1050/3100], Elapsed 5m 27s (remain 10m 38s), Accuracy: 75.000(57.255), Loss: 0.518(0.991), LR: 0.000294
[GPU cuda:0][TRAIN] Epoch: [2][1100/3100], Elapsed 5m 42s (remain 10m 22s), Accuracy: 25.000(57.516), Loss: 1.331(0.984), LR: 0.000293
[GPU cuda:0][TRAIN] Epoch: [2][1150/3100], Elapsed 5m 58s (remain 10m 7s), Accuracy: 0.000(57.363), Loss: 1.310(0.985), LR: 0.000293
[GPU cuda:0][TRAIN] Epoch: [2][1200/3100], Elapsed 6m 14s (remain 9m 51s), Accuracy: 75.000(57.515), Loss: 0.327(0.980), LR: 0.000292
[GPU cuda:0][TRAIN] Epoch: [2][1250/3100], Elapsed 6m 29s (remain 9m 35s), Accuracy: 25.000(57.574), Loss: 1.333(0.981), LR: 0.000291
[GPU cuda:0][TRAIN] Epoch: [2][1300/3100], Elapsed 6m 45s (remain 9m 20s), Accuracy: 75.000(57.437), Loss: 1.008(0.984), LR: 0.000291
[GPU cuda:0][TRAIN] Epoch: [2][1350/3100], Elapsed 7m 0s (remain 9m 4s), Accuracy: 100.000(57.624), Loss: 0.383(0.979), LR: 0.000290
[GPU cuda:0][TRAIN] Epoch: [2][1400/3100], Elapsed 7m 16s (remain 8m 49s), Accuracy: 75.000(57.709), Loss: 0.717(0.977), LR: 0.000289
[GPU cuda:0][TRAIN] Epoch: [2][1450/3100], Elapsed 7m 32s (remain 8m 33s), Accuracy: 75.000(57.960), Loss: 0.724(0.972), LR: 0.000289
[GPU cuda:0][TRAIN] Epoch: [2][1500/3100], Elapsed 7m 47s (remain 8m 18s), Accuracy: 50.000(58.011), Loss: 1.037(0.969), LR: 0.000288
[GPU cuda:0][TRAIN] Epoch: [2][1550/3100], Elapsed 8m 3s (remain 8m 2s), Accuracy: 100.000(58.108), Loss: 0.375(0.969), LR: 0.000287
[GPU cuda:0][TRAIN] Epoch: [2][1600/3100], Elapsed 8m 18s (remain 7m 47s), Accuracy: 100.000(58.385), Loss: 0.330(0.965), LR: 0.000287
[GPU cuda:0][TRAIN] Epoch: [2][1650/3100], Elapsed 8m 34s (remain 7m 31s), Accuracy: 75.000(58.555), Loss: 0.499(0.963), LR: 0.000286
[GPU cuda:0][TRAIN] Epoch: [2][1700/3100], Elapsed 8m 49s (remain 7m 15s), Accuracy: 75.000(58.907), Loss: 0.916(0.957), LR: 0.000285
[GPU cuda:0][TRAIN] Epoch: [2][1750/3100], Elapsed 9m 5s (remain 7m 0s), Accuracy: 100.000(58.909), Loss: 0.564(0.960), LR: 0.000284
[GPU cuda:0][TRAIN] Epoch: [2][1800/3100], Elapsed 9m 21s (remain 6m 44s), Accuracy: 100.000(58.981), Loss: 0.341(0.957), LR: 0.000283
[GPU cuda:0][TRAIN] Epoch: [2][1850/3100], Elapsed 9m 36s (remain 6m 29s), Accuracy: 75.000(58.820), Loss: 0.894(0.959), LR: 0.000282
[GPU cuda:0][TRAIN] Epoch: [2][1900/3100], Elapsed 9m 52s (remain 6m 13s), Accuracy: 50.000(59.114), Loss: 0.925(0.954), LR: 0.000281
[GPU cuda:0][TRAIN] Epoch: [2][1950/3100], Elapsed 10m 7s (remain 5m 57s), Accuracy: 75.000(59.264), Loss: 0.751(0.951), LR: 0.000281
[GPU cuda:0][TRAIN] Epoch: [2][2000/3100], Elapsed 10m 23s (remain 5m 42s), Accuracy: 75.000(59.295), Loss: 0.727(0.950), LR: 0.000280
[GPU cuda:0][TRAIN] Epoch: [2][2050/3100], Elapsed 10m 38s (remain 5m 26s), Accuracy: 75.000(59.483), Loss: 0.646(0.944), LR: 0.000279
[GPU cuda:0][TRAIN] Epoch: [2][2100/3100], Elapsed 10m 54s (remain 5m 11s), Accuracy: 75.000(59.531), Loss: 1.874(0.942), LR: 0.000278
[GPU cuda:0][TRAIN] Epoch: [2][2150/3100], Elapsed 11m 10s (remain 4m 55s), Accuracy: 50.000(59.623), Loss: 1.241(0.941), LR: 0.000277
[GPU cuda:0][TRAIN] Epoch: [2][2200/3100], Elapsed 11m 25s (remain 4m 40s), Accuracy: 25.000(59.609), Loss: 1.328(0.941), LR: 0.000276
[GPU cuda:0][TRAIN] Epoch: [2][2250/3100], Elapsed 11m 41s (remain 4m 24s), Accuracy: 50.000(59.707), Loss: 0.986(0.939), LR: 0.000275
[GPU cuda:0][TRAIN] Epoch: [2][2300/3100], Elapsed 11m 56s (remain 4m 8s), Accuracy: 25.000(59.767), Loss: 2.249(0.937), LR: 0.000274
[GPU cuda:0][TRAIN] Epoch: [2][2350/3100], Elapsed 12m 12s (remain 3m 53s), Accuracy: 50.000(59.772), Loss: 0.759(0.937), LR: 0.000273
[GPU cuda:0][TRAIN] Epoch: [2][2400/3100], Elapsed 12m 27s (remain 3m 37s), Accuracy: 25.000(59.694), Loss: 1.350(0.937), LR: 0.000271
[GPU cuda:0][TRAIN] Epoch: [2][2450/3100], Elapsed 12m 43s (remain 3m 22s), Accuracy: 50.000(59.649), Loss: 0.935(0.937), LR: 0.000270
[GPU cuda:0][TRAIN] Epoch: [2][2500/3100], Elapsed 12m 59s (remain 3m 6s), Accuracy: 25.000(59.706), Loss: 1.368(0.934), LR: 0.000269
[GPU cuda:0][TRAIN] Epoch: [2][2550/3100], Elapsed 13m 14s (remain 2m 50s), Accuracy: 75.000(59.673), Loss: 0.921(0.935), LR: 0.000268
[GPU cuda:0][TRAIN] Epoch: [2][2600/3100], Elapsed 13m 30s (remain 2m 35s), Accuracy: 50.000(59.900), Loss: 0.829(0.931), LR: 0.000267
[GPU cuda:0][TRAIN] Epoch: [2][2650/3100], Elapsed 13m 45s (remain 2m 19s), Accuracy: 50.000(59.977), Loss: 1.539(0.931), LR: 0.000266
[GPU cuda:0][TRAIN] Epoch: [2][2700/3100], Elapsed 14m 1s (remain 2m 4s), Accuracy: 100.000(60.070), Loss: 0.466(0.928), LR: 0.000264
[GPU cuda:0][TRAIN] Epoch: [2][2750/3100], Elapsed 14m 16s (remain 1m 48s), Accuracy: 50.000(60.115), Loss: 0.957(0.927), LR: 0.000263
[GPU cuda:0][TRAIN] Epoch: [2][2800/3100], Elapsed 14m 32s (remain 1m 33s), Accuracy: 25.000(60.184), Loss: 1.629(0.925), LR: 0.000262
[GPU cuda:0][TRAIN] Epoch: [2][2850/3100], Elapsed 14m 47s (remain 1m 17s), Accuracy: 75.000(60.207), Loss: 0.740(0.924), LR: 0.000261
[GPU cuda:0][TRAIN] Epoch: [2][2900/3100], Elapsed 15m 3s (remain 1m 1s), Accuracy: 100.000(60.255), Loss: 0.680(0.924), LR: 0.000259
[GPU cuda:0][TRAIN] Epoch: [2][2950/3100], Elapsed 15m 18s (remain 0m 46s), Accuracy: 75.000(60.378), Loss: 0.777(0.923), LR: 0.000258
[GPU cuda:0][TRAIN] Epoch: [2][3000/3100], Elapsed 15m 34s (remain 0m 30s), Accuracy: 50.000(60.505), Loss: 1.427(0.922), LR: 0.000257
[GPU cuda:0][TRAIN] Epoch: [2][3050/3100], Elapsed 15m 49s (remain 0m 15s), Accuracy: 75.000(60.595), Loss: 0.604(0.920), LR: 0.000256
[GPU cuda:0][TRAIN] Epoch: [2][3099/3100], Elapsed 16m 5s (remain 0m 0s), Accuracy: 25.000(60.710), Loss: 1.758(0.918), LR: 0.000254
[GPU cuda:0][VALID][0/97], Elapsed 0m 1s (remain 2m 18s), Accuracy: 65.625(65.625), Batch Loss: 0.8904, Average Loss: 0.8904
[GPU cuda:0][VALID][50/97], Elapsed 0m 46s (remain 0m 42s), Accuracy: 59.375(65.319), Batch Loss: 0.8061, Average Loss: 0.8147
[GPU cuda:0][VALID][96/97], Elapsed 1m 28s (remain 0m 0s), Accuracy: 64.286(64.323), Batch Loss: 0.7392, Average Loss: 0.8270
Valid Labels Samples: [2 0 1 4 1 0 3 1 4 3]
Valid Predictions Samples: [3, 0, 1, 4, 1, 0, 4, 2, 3, 0]
Epoch 2 - Train Average Loss: 60.710, Valid Average Loss: 64.323, Epoch Time: 1056.383s
Epoch 2 - Accuracy: 0.643, Precision: 0.646, Recall: 0.643
Saved Best Model: 0.64
[GPU cuda:0][TRAIN] Epoch: [3][0/3100], Elapsed 0m 0s (remain 36m 11s), Accuracy: 50.000(50.000), Loss: 1.130(1.130), LR: 0.000254
[GPU cuda:0][TRAIN] Epoch: [3][50/3100], Elapsed 0m 16s (remain 16m 15s), Accuracy: 50.000(64.216), Loss: 1.081(0.782), LR: 0.000253
[GPU cuda:0][TRAIN] Epoch: [3][100/3100], Elapsed 0m 31s (remain 15m 46s), Accuracy: 50.000(61.386), Loss: 1.063(0.812), LR: 0.000251
[GPU cuda:0][TRAIN] Epoch: [3][150/3100], Elapsed 0m 47s (remain 15m 26s), Accuracy: 100.000(60.430), Loss: 0.131(0.834), LR: 0.000250
[GPU cuda:0][TRAIN] Epoch: [3][200/3100], Elapsed 1m 2s (remain 15m 8s), Accuracy: 100.000(61.443), Loss: 0.198(0.830), LR: 0.000249
[GPU cuda:0][TRAIN] Epoch: [3][250/3100], Elapsed 1m 18s (remain 14m 51s), Accuracy: 25.000(61.355), Loss: 1.232(0.843), LR: 0.000247
[GPU cuda:0][TRAIN] Epoch: [3][300/3100], Elapsed 1m 34s (remain 14m 35s), Accuracy: 50.000(61.711), Loss: 0.742(0.840), LR: 0.000246
[GPU cuda:0][TRAIN] Epoch: [3][350/3100], Elapsed 1m 49s (remain 14m 19s), Accuracy: 25.000(62.037), Loss: 1.121(0.836), LR: 0.000244
[GPU cuda:0][TRAIN] Epoch: [3][400/3100], Elapsed 2m 5s (remain 14m 3s), Accuracy: 50.000(61.908), Loss: 0.847(0.845), LR: 0.000243
[GPU cuda:0][TRAIN] Epoch: [3][450/3100], Elapsed 2m 20s (remain 13m 46s), Accuracy: 50.000(62.472), Loss: 0.815(0.838), LR: 0.000241
[GPU cuda:0][TRAIN] Epoch: [3][500/3100], Elapsed 2m 36s (remain 13m 30s), Accuracy: 75.000(62.774), Loss: 0.829(0.842), LR: 0.000240
[GPU cuda:0][TRAIN] Epoch: [3][550/3100], Elapsed 2m 51s (remain 13m 15s), Accuracy: 50.000(63.294), Loss: 1.409(0.836), LR: 0.000238
[GPU cuda:0][TRAIN] Epoch: [3][600/3100], Elapsed 3m 7s (remain 12m 59s), Accuracy: 100.000(63.810), Loss: 0.341(0.828), LR: 0.000237
[GPU cuda:0][TRAIN] Epoch: [3][650/3100], Elapsed 3m 22s (remain 12m 43s), Accuracy: 100.000(64.055), Loss: 0.147(0.828), LR: 0.000235
[GPU cuda:0][TRAIN] Epoch: [3][700/3100], Elapsed 3m 38s (remain 12m 27s), Accuracy: 100.000(64.087), Loss: 0.563(0.832), LR: 0.000234
[GPU cuda:0][TRAIN] Epoch: [3][750/3100], Elapsed 3m 54s (remain 12m 12s), Accuracy: 100.000(64.447), Loss: 0.110(0.828), LR: 0.000232
[GPU cuda:0][TRAIN] Epoch: [3][800/3100], Elapsed 4m 9s (remain 11m 56s), Accuracy: 100.000(64.638), Loss: 0.608(0.829), LR: 0.000231
[GPU cuda:0][TRAIN] Epoch: [3][850/3100], Elapsed 4m 25s (remain 11m 41s), Accuracy: 100.000(64.777), Loss: 0.358(0.826), LR: 0.000229
[GPU cuda:0][TRAIN] Epoch: [3][900/3100], Elapsed 4m 40s (remain 11m 25s), Accuracy: 50.000(64.623), Loss: 0.875(0.829), LR: 0.000227
[GPU cuda:0][TRAIN] Epoch: [3][950/3100], Elapsed 4m 56s (remain 11m 9s), Accuracy: 75.000(64.748), Loss: 0.442(0.829), LR: 0.000226
[GPU cuda:0][TRAIN] Epoch: [3][1000/3100], Elapsed 5m 11s (remain 10m 54s), Accuracy: 50.000(65.085), Loss: 0.550(0.821), LR: 0.000224
[GPU cuda:0][TRAIN] Epoch: [3][1050/3100], Elapsed 5m 27s (remain 10m 38s), Accuracy: 100.000(65.390), Loss: 0.221(0.813), LR: 0.000222
[GPU cuda:0][TRAIN] Epoch: [3][1100/3100], Elapsed 5m 43s (remain 10m 23s), Accuracy: 25.000(65.758), Loss: 1.249(0.806), LR: 0.000221
[GPU cuda:0][TRAIN] Epoch: [3][1150/3100], Elapsed 5m 58s (remain 10m 7s), Accuracy: 25.000(65.747), Loss: 0.810(0.804), LR: 0.000219
[GPU cuda:0][TRAIN] Epoch: [3][1200/3100], Elapsed 6m 14s (remain 9m 51s), Accuracy: 100.000(65.987), Loss: 0.242(0.799), LR: 0.000217
[GPU cuda:0][TRAIN] Epoch: [3][1250/3100], Elapsed 6m 29s (remain 9m 36s), Accuracy: 75.000(65.827), Loss: 0.774(0.800), LR: 0.000216
[GPU cuda:0][TRAIN] Epoch: [3][1300/3100], Elapsed 6m 45s (remain 9m 20s), Accuracy: 75.000(65.930), Loss: 0.509(0.800), LR: 0.000214
[GPU cuda:0][TRAIN] Epoch: [3][1350/3100], Elapsed 7m 1s (remain 9m 5s), Accuracy: 100.000(66.210), Loss: 0.350(0.794), LR: 0.000212
[GPU cuda:0][TRAIN] Epoch: [3][1400/3100], Elapsed 7m 16s (remain 8m 49s), Accuracy: 100.000(66.363), Loss: 0.469(0.792), LR: 0.000211
[GPU cuda:0][TRAIN] Epoch: [3][1450/3100], Elapsed 7m 32s (remain 8m 33s), Accuracy: 75.000(66.644), Loss: 0.607(0.788), LR: 0.000209
[GPU cuda:0][TRAIN] Epoch: [3][1500/3100], Elapsed 7m 47s (remain 8m 18s), Accuracy: 100.000(66.772), Loss: 0.539(0.785), LR: 0.000207
[GPU cuda:0][TRAIN] Epoch: [3][1550/3100], Elapsed 8m 3s (remain 8m 2s), Accuracy: 100.000(66.747), Loss: 0.081(0.784), LR: 0.000205
[GPU cuda:0][TRAIN] Epoch: [3][1600/3100], Elapsed 8m 18s (remain 7m 47s), Accuracy: 100.000(66.927), Loss: 0.302(0.782), LR: 0.000204
[GPU cuda:0][TRAIN] Epoch: [3][1650/3100], Elapsed 8m 34s (remain 7m 31s), Accuracy: 100.000(67.050), Loss: 0.133(0.781), LR: 0.000202
[GPU cuda:0][TRAIN] Epoch: [3][1700/3100], Elapsed 8m 50s (remain 7m 16s), Accuracy: 75.000(67.269), Loss: 1.185(0.777), LR: 0.000200
[GPU cuda:0][TRAIN] Epoch: [3][1750/3100], Elapsed 9m 5s (remain 7m 0s), Accuracy: 100.000(67.147), Loss: 0.486(0.778), LR: 0.000198
[GPU cuda:0][TRAIN] Epoch: [3][1800/3100], Elapsed 9m 21s (remain 6m 44s), Accuracy: 100.000(67.240), Loss: 0.121(0.777), LR: 0.000197
[GPU cuda:0][TRAIN] Epoch: [3][1850/3100], Elapsed 9m 36s (remain 6m 29s), Accuracy: 50.000(67.166), Loss: 1.121(0.778), LR: 0.000195
[GPU cuda:0][TRAIN] Epoch: [3][1900/3100], Elapsed 9m 52s (remain 6m 13s), Accuracy: 50.000(67.307), Loss: 0.761(0.775), LR: 0.000193
[GPU cuda:0][TRAIN] Epoch: [3][1950/3100], Elapsed 10m 8s (remain 5m 58s), Accuracy: 75.000(67.324), Loss: 0.636(0.773), LR: 0.000191
[GPU cuda:0][TRAIN] Epoch: [3][2000/3100], Elapsed 10m 23s (remain 5m 42s), Accuracy: 100.000(67.404), Loss: 0.520(0.772), LR: 0.000189
[GPU cuda:0][TRAIN] Epoch: [3][2050/3100], Elapsed 10m 39s (remain 5m 26s), Accuracy: 75.000(67.747), Loss: 0.467(0.767), LR: 0.000188
[GPU cuda:0][TRAIN] Epoch: [3][2100/3100], Elapsed 10m 54s (remain 5m 11s), Accuracy: 75.000(67.753), Loss: 2.061(0.767), LR: 0.000186
[GPU cuda:0][TRAIN] Epoch: [3][2150/3100], Elapsed 11m 10s (remain 4m 55s), Accuracy: 25.000(67.875), Loss: 1.303(0.765), LR: 0.000184
[GPU cuda:0][TRAIN] Epoch: [3][2200/3100], Elapsed 11m 25s (remain 4m 40s), Accuracy: 25.000(67.856), Loss: 1.327(0.765), LR: 0.000182
[GPU cuda:0][TRAIN] Epoch: [3][2250/3100], Elapsed 11m 41s (remain 4m 24s), Accuracy: 50.000(67.948), Loss: 0.724(0.763), LR: 0.000180
[GPU cuda:0][TRAIN] Epoch: [3][2300/3100], Elapsed 11m 56s (remain 4m 8s), Accuracy: 25.000(67.938), Loss: 1.749(0.762), LR: 0.000178
[GPU cuda:0][TRAIN] Epoch: [3][2350/3100], Elapsed 12m 12s (remain 3m 53s), Accuracy: 50.000(67.897), Loss: 0.955(0.762), LR: 0.000177
[GPU cuda:0][TRAIN] Epoch: [3][2400/3100], Elapsed 12m 27s (remain 3m 37s), Accuracy: 25.000(67.878), Loss: 1.468(0.762), LR: 0.000175
[GPU cuda:0][TRAIN] Epoch: [3][2450/3100], Elapsed 12m 43s (remain 3m 22s), Accuracy: 25.000(67.880), Loss: 0.957(0.763), LR: 0.000173
[GPU cuda:0][TRAIN] Epoch: [3][2500/3100], Elapsed 12m 59s (remain 3m 6s), Accuracy: 75.000(67.973), Loss: 0.878(0.761), LR: 0.000171
[GPU cuda:0][TRAIN] Epoch: [3][2550/3100], Elapsed 13m 14s (remain 2m 51s), Accuracy: 25.000(67.915), Loss: 1.414(0.762), LR: 0.000169
[GPU cuda:0][TRAIN] Epoch: [3][2600/3100], Elapsed 13m 30s (remain 2m 35s), Accuracy: 50.000(68.041), Loss: 0.709(0.760), LR: 0.000167
[GPU cuda:0][TRAIN] Epoch: [3][2650/3100], Elapsed 13m 45s (remain 2m 19s), Accuracy: 25.000(68.163), Loss: 1.452(0.758), LR: 0.000165
[GPU cuda:0][TRAIN] Epoch: [3][2700/3100], Elapsed 14m 1s (remain 2m 4s), Accuracy: 75.000(68.234), Loss: 0.645(0.756), LR: 0.000164
[GPU cuda:0][TRAIN] Epoch: [3][2750/3100], Elapsed 14m 16s (remain 1m 48s), Accuracy: 50.000(68.312), Loss: 0.824(0.755), LR: 0.000162
[GPU cuda:0][TRAIN] Epoch: [3][2800/3100], Elapsed 14m 32s (remain 1m 33s), Accuracy: 0.000(68.288), Loss: 2.452(0.755), LR: 0.000160
[GPU cuda:0][TRAIN] Epoch: [3][2850/3100], Elapsed 14m 47s (remain 1m 17s), Accuracy: 50.000(68.371), Loss: 1.022(0.754), LR: 0.000158
[GPU cuda:0][TRAIN] Epoch: [3][2900/3100], Elapsed 15m 3s (remain 1m 1s), Accuracy: 75.000(68.295), Loss: 0.895(0.755), LR: 0.000156
[GPU cuda:0][TRAIN] Epoch: [3][2950/3100], Elapsed 15m 18s (remain 0m 46s), Accuracy: 75.000(68.324), Loss: 0.473(0.754), LR: 0.000154
[GPU cuda:0][TRAIN] Epoch: [3][3000/3100], Elapsed 15m 34s (remain 0m 30s), Accuracy: 50.000(68.402), Loss: 1.157(0.753), LR: 0.000152
[GPU cuda:0][TRAIN] Epoch: [3][3050/3100], Elapsed 15m 50s (remain 0m 15s), Accuracy: 75.000(68.420), Loss: 0.527(0.752), LR: 0.000150
[GPU cuda:0][TRAIN] Epoch: [3][3099/3100], Elapsed 16m 5s (remain 0m 0s), Accuracy: 25.000(68.476), Loss: 2.081(0.751), LR: 0.000149
[GPU cuda:0][VALID][0/97], Elapsed 0m 1s (remain 2m 16s), Accuracy: 81.250(81.250), Batch Loss: 0.6351, Average Loss: 0.6351
[GPU cuda:0][VALID][50/97], Elapsed 0m 46s (remain 0m 42s), Accuracy: 87.500(72.610), Batch Loss: 0.3600, Average Loss: 0.6783
[GPU cuda:0][VALID][96/97], Elapsed 1m 28s (remain 0m 0s), Accuracy: 75.000(72.294), Batch Loss: 0.4803, Average Loss: 0.6888
Valid Labels Samples: [2 0 1 4 1 0 3 1 4 3]
Valid Predictions Samples: [2, 0, 1, 4, 1, 0, 3, 1, 3, 0]
Epoch 3 - Train Average Loss: 68.476, Valid Average Loss: 72.294, Epoch Time: 1056.427s
Epoch 3 - Accuracy: 0.723, Precision: 0.732, Recall: 0.723
Saved Best Model: 0.72
[GPU cuda:0][TRAIN] Epoch: [4][0/3100], Elapsed 0m 0s (remain 35m 42s), Accuracy: 75.000(75.000), Loss: 1.178(1.178), LR: 0.000149
[GPU cuda:0][TRAIN] Epoch: [4][50/3100], Elapsed 0m 16s (remain 16m 13s), Accuracy: 75.000(74.020), Loss: 0.784(0.630), LR: 0.000147
[GPU cuda:0][TRAIN] Epoch: [4][100/3100], Elapsed 0m 31s (remain 15m 44s), Accuracy: 25.000(73.267), Loss: 1.909(0.642), LR: 0.000145
[GPU cuda:0][TRAIN] Epoch: [4][150/3100], Elapsed 0m 47s (remain 15m 24s), Accuracy: 100.000(73.179), Loss: 0.120(0.655), LR: 0.000143
[GPU cuda:0][TRAIN] Epoch: [4][200/3100], Elapsed 1m 2s (remain 15m 6s), Accuracy: 100.000(72.761), Loss: 0.081(0.659), LR: 0.000141
[GPU cuda:0][TRAIN] Epoch: [4][250/3100], Elapsed 1m 18s (remain 14m 50s), Accuracy: 75.000(72.211), Loss: 0.624(0.683), LR: 0.000139
[GPU cuda:0][TRAIN] Epoch: [4][300/3100], Elapsed 1m 33s (remain 14m 33s), Accuracy: 25.000(72.674), Loss: 1.088(0.680), LR: 0.000137
[GPU cuda:0][TRAIN] Epoch: [4][350/3100], Elapsed 1m 49s (remain 14m 17s), Accuracy: 0.000(72.365), Loss: 1.253(0.679), LR: 0.000135
[GPU cuda:0][TRAIN] Epoch: [4][400/3100], Elapsed 2m 5s (remain 14m 1s), Accuracy: 50.000(71.758), Loss: 0.818(0.695), LR: 0.000134
[GPU cuda:0][TRAIN] Epoch: [4][450/3100], Elapsed 2m 20s (remain 13m 45s), Accuracy: 100.000(71.674), Loss: 0.307(0.696), LR: 0.000132
[GPU cuda:0][TRAIN] Epoch: [4][500/3100], Elapsed 2m 36s (remain 13m 29s), Accuracy: 50.000(71.557), Loss: 0.934(0.695), LR: 0.000130
[GPU cuda:0][TRAIN] Epoch: [4][550/3100], Elapsed 2m 51s (remain 13m 13s), Accuracy: 75.000(71.915), Loss: 1.096(0.688), LR: 0.000128
[GPU cuda:0][TRAIN] Epoch: [4][600/3100], Elapsed 3m 7s (remain 12m 58s), Accuracy: 100.000(71.963), Loss: 0.196(0.682), LR: 0.000126
[GPU cuda:0][TRAIN] Epoch: [4][650/3100], Elapsed 3m 22s (remain 12m 42s), Accuracy: 75.000(72.081), Loss: 0.789(0.683), LR: 0.000124
[GPU cuda:0][TRAIN] Epoch: [4][700/3100], Elapsed 3m 38s (remain 12m 26s), Accuracy: 100.000(71.826), Loss: 0.329(0.687), LR: 0.000122
[GPU cuda:0][TRAIN] Epoch: [4][750/3100], Elapsed 3m 53s (remain 12m 11s), Accuracy: 100.000(71.937), Loss: 0.072(0.685), LR: 0.000121
[GPU cuda:0][TRAIN] Epoch: [4][800/3100], Elapsed 4m 9s (remain 11m 55s), Accuracy: 75.000(71.848), Loss: 0.896(0.689), LR: 0.000119
[GPU cuda:0][TRAIN] Epoch: [4][850/3100], Elapsed 4m 24s (remain 11m 40s), Accuracy: 75.000(71.945), Loss: 0.333(0.686), LR: 0.000117
[GPU cuda:0][TRAIN] Epoch: [4][900/3100], Elapsed 4m 40s (remain 11m 24s), Accuracy: 75.000(71.837), Loss: 0.674(0.689), LR: 0.000115
[GPU cuda:0][TRAIN] Epoch: [4][950/3100], Elapsed 4m 55s (remain 11m 8s), Accuracy: 75.000(71.977), Loss: 0.433(0.689), LR: 0.000113
[GPU cuda:0][TRAIN] Epoch: [4][1000/3100], Elapsed 5m 11s (remain 10m 53s), Accuracy: 75.000(72.228), Loss: 0.362(0.684), LR: 0.000111
[GPU cuda:0][TRAIN] Epoch: [4][1050/3100], Elapsed 5m 27s (remain 10m 37s), Accuracy: 75.000(72.479), Loss: 0.530(0.675), LR: 0.000110
[GPU cuda:0][TRAIN] Epoch: [4][1100/3100], Elapsed 5m 42s (remain 10m 22s), Accuracy: 25.000(72.366), Loss: 1.322(0.676), LR: 0.000108
[GPU cuda:0][TRAIN] Epoch: [4][1150/3100], Elapsed 5m 58s (remain 10m 6s), Accuracy: 100.000(72.546), Loss: 0.037(0.672), LR: 0.000106
[GPU cuda:0][TRAIN] Epoch: [4][1200/3100], Elapsed 6m 13s (remain 9m 51s), Accuracy: 100.000(72.835), Loss: 0.022(0.665), LR: 0.000104
[GPU cuda:0][TRAIN] Epoch: [4][1250/3100], Elapsed 6m 29s (remain 9m 35s), Accuracy: 50.000(72.662), Loss: 0.880(0.667), LR: 0.000102
[GPU cuda:0][TRAIN] Epoch: [4][1300/3100], Elapsed 6m 45s (remain 9m 20s), Accuracy: 75.000(72.790), Loss: 0.639(0.665), LR: 0.000101
[GPU cuda:0][TRAIN] Epoch: [4][1350/3100], Elapsed 7m 0s (remain 9m 4s), Accuracy: 100.000(73.075), Loss: 0.290(0.661), LR: 0.000099
[GPU cuda:0][TRAIN] Epoch: [4][1400/3100], Elapsed 7m 16s (remain 8m 49s), Accuracy: 75.000(73.037), Loss: 0.682(0.661), LR: 0.000097
[GPU cuda:0][TRAIN] Epoch: [4][1450/3100], Elapsed 7m 31s (remain 8m 33s), Accuracy: 100.000(73.243), Loss: 0.537(0.656), LR: 0.000095
[GPU cuda:0][TRAIN] Epoch: [4][1500/3100], Elapsed 7m 47s (remain 8m 17s), Accuracy: 75.000(73.484), Loss: 0.708(0.652), LR: 0.000094
[GPU cuda:0][TRAIN] Epoch: [4][1550/3100], Elapsed 8m 2s (remain 8m 2s), Accuracy: 100.000(73.453), Loss: 0.134(0.653), LR: 0.000092
[GPU cuda:0][TRAIN] Epoch: [4][1600/3100], Elapsed 8m 18s (remain 7m 46s), Accuracy: 75.000(73.470), Loss: 0.258(0.650), LR: 0.000090
[GPU cuda:0][TRAIN] Epoch: [4][1650/3100], Elapsed 8m 33s (remain 7m 31s), Accuracy: 100.000(73.561), Loss: 0.058(0.647), LR: 0.000089
[GPU cuda:0][TRAIN] Epoch: [4][1700/3100], Elapsed 8m 49s (remain 7m 15s), Accuracy: 50.000(73.810), Loss: 0.807(0.643), LR: 0.000087
[GPU cuda:0][TRAIN] Epoch: [4][1750/3100], Elapsed 9m 5s (remain 7m 0s), Accuracy: 50.000(73.672), Loss: 1.386(0.646), LR: 0.000085
[GPU cuda:0][TRAIN] Epoch: [4][1800/3100], Elapsed 9m 20s (remain 6m 44s), Accuracy: 100.000(73.848), Loss: 0.236(0.646), LR: 0.000083
[GPU cuda:0][TRAIN] Epoch: [4][1850/3100], Elapsed 9m 36s (remain 6m 28s), Accuracy: 75.000(73.784), Loss: 0.493(0.647), LR: 0.000082
[GPU cuda:0][TRAIN] Epoch: [4][1900/3100], Elapsed 9m 51s (remain 6m 13s), Accuracy: 75.000(73.961), Loss: 0.720(0.644), LR: 0.000080
[GPU cuda:0][TRAIN] Epoch: [4][1950/3100], Elapsed 10m 7s (remain 5m 57s), Accuracy: 100.000(73.988), Loss: 0.435(0.642), LR: 0.000078
[GPU cuda:0][TRAIN] Epoch: [4][2000/3100], Elapsed 10m 23s (remain 5m 42s), Accuracy: 75.000(74.000), Loss: 0.359(0.641), LR: 0.000077
[GPU cuda:0][TRAIN] Epoch: [4][2050/3100], Elapsed 10m 38s (remain 5m 26s), Accuracy: 75.000(74.159), Loss: 0.360(0.637), LR: 0.000075
[GPU cuda:0][TRAIN] Epoch: [4][2100/3100], Elapsed 10m 54s (remain 5m 11s), Accuracy: 75.000(74.155), Loss: 2.116(0.638), LR: 0.000074
[GPU cuda:0][TRAIN] Epoch: [4][2150/3100], Elapsed 11m 9s (remain 4m 55s), Accuracy: 50.000(74.279), Loss: 1.188(0.636), LR: 0.000072
[GPU cuda:0][TRAIN] Epoch: [4][2200/3100], Elapsed 11m 25s (remain 4m 39s), Accuracy: 75.000(74.364), Loss: 1.029(0.636), LR: 0.000070
[GPU cuda:0][TRAIN] Epoch: [4][2250/3100], Elapsed 11m 40s (remain 4m 24s), Accuracy: 75.000(74.478), Loss: 0.475(0.632), LR: 0.000069
[GPU cuda:0][TRAIN] Epoch: [4][2300/3100], Elapsed 11m 56s (remain 4m 8s), Accuracy: 75.000(74.489), Loss: 0.884(0.631), LR: 0.000067
[GPU cuda:0][TRAIN] Epoch: [4][2350/3100], Elapsed 12m 11s (remain 3m 53s), Accuracy: 75.000(74.447), Loss: 0.638(0.632), LR: 0.000066
[GPU cuda:0][TRAIN] Epoch: [4][2400/3100], Elapsed 12m 27s (remain 3m 37s), Accuracy: 25.000(74.386), Loss: 1.707(0.633), LR: 0.000064
[GPU cuda:0][TRAIN] Epoch: [4][2450/3100], Elapsed 12m 42s (remain 3m 22s), Accuracy: 75.000(74.378), Loss: 0.541(0.633), LR: 0.000063
[GPU cuda:0][TRAIN] Epoch: [4][2500/3100], Elapsed 12m 58s (remain 3m 6s), Accuracy: 75.000(74.430), Loss: 0.745(0.632), LR: 0.000061
[GPU cuda:0][TRAIN] Epoch: [4][2550/3100], Elapsed 13m 14s (remain 2m 50s), Accuracy: 50.000(74.383), Loss: 1.317(0.633), LR: 0.000060
[GPU cuda:0][TRAIN] Epoch: [4][2600/3100], Elapsed 13m 29s (remain 2m 35s), Accuracy: 75.000(74.567), Loss: 0.556(0.629), LR: 0.000058
[GPU cuda:0][TRAIN] Epoch: [4][2650/3100], Elapsed 13m 45s (remain 2m 19s), Accuracy: 25.000(74.651), Loss: 1.846(0.627), LR: 0.000057
[GPU cuda:0][TRAIN] Epoch: [4][2700/3100], Elapsed 14m 0s (remain 2m 4s), Accuracy: 75.000(74.741), Loss: 0.377(0.626), LR: 0.000055
[GPU cuda:0][TRAIN] Epoch: [4][2750/3100], Elapsed 14m 16s (remain 1m 48s), Accuracy: 50.000(74.818), Loss: 0.843(0.624), LR: 0.000054
[GPU cuda:0][TRAIN] Epoch: [4][2800/3100], Elapsed 14m 31s (remain 1m 33s), Accuracy: 25.000(74.768), Loss: 1.235(0.624), LR: 0.000052
[GPU cuda:0][TRAIN] Epoch: [4][2850/3100], Elapsed 14m 47s (remain 1m 17s), Accuracy: 75.000(74.833), Loss: 0.789(0.623), LR: 0.000051
[GPU cuda:0][TRAIN] Epoch: [4][2900/3100], Elapsed 15m 3s (remain 1m 1s), Accuracy: 100.000(74.767), Loss: 0.501(0.624), LR: 0.000050
[GPU cuda:0][TRAIN] Epoch: [4][2950/3100], Elapsed 15m 18s (remain 0m 46s), Accuracy: 75.000(74.856), Loss: 0.431(0.623), LR: 0.000048
[GPU cuda:0][TRAIN] Epoch: [4][3000/3100], Elapsed 15m 34s (remain 0m 30s), Accuracy: 75.000(74.967), Loss: 0.670(0.621), LR: 0.000047
[GPU cuda:0][TRAIN] Epoch: [4][3050/3100], Elapsed 15m 49s (remain 0m 15s), Accuracy: 75.000(75.041), Loss: 0.379(0.620), LR: 0.000045
[GPU cuda:0][TRAIN] Epoch: [4][3099/3100], Elapsed 16m 5s (remain 0m 0s), Accuracy: 25.000(75.121), Loss: 2.324(0.619), LR: 0.000044
[GPU cuda:0][VALID][0/97], Elapsed 0m 1s (remain 2m 16s), Accuracy: 81.250(81.250), Batch Loss: 0.6741, Average Loss: 0.6741
[GPU cuda:0][VALID][50/97], Elapsed 0m 46s (remain 0m 42s), Accuracy: 84.375(75.919), Batch Loss: 0.3021, Average Loss: 0.6421
[GPU cuda:0][VALID][96/97], Elapsed 1m 28s (remain 0m 0s), Accuracy: 82.143(75.428), Batch Loss: 0.4073, Average Loss: 0.6550
Valid Labels Samples: [2 0 1 4 1 0 3 1 4 3]
Valid Predictions Samples: [2, 0, 1, 3, 1, 0, 3, 1, 3, 0]
Epoch 4 - Train Average Loss: 75.121, Valid Average Loss: 75.428, Epoch Time: 1056.281s
Epoch 4 - Accuracy: 0.754, Precision: 0.757, Recall: 0.754
Saved Best Model: 0.75
[GPU cuda:0][TRAIN] Epoch: [5][0/3100], Elapsed 0m 0s (remain 36m 52s), Accuracy: 50.000(50.000), Loss: 1.363(1.363), LR: 0.000044
[GPU cuda:0][TRAIN] Epoch: [5][50/3100], Elapsed 0m 16s (remain 16m 10s), Accuracy: 75.000(80.392), Loss: 0.366(0.473), LR: 0.000043
[GPU cuda:0][TRAIN] Epoch: [5][100/3100], Elapsed 0m 31s (remain 15m 43s), Accuracy: 50.000(78.960), Loss: 1.754(0.507), LR: 0.000041
[GPU cuda:0][TRAIN] Epoch: [5][150/3100], Elapsed 0m 47s (remain 15m 25s), Accuracy: 100.000(77.980), Loss: 0.037(0.535), LR: 0.000040
[GPU cuda:0][TRAIN] Epoch: [5][200/3100], Elapsed 1m 2s (remain 15m 6s), Accuracy: 100.000(78.109), Loss: 0.054(0.535), LR: 0.000039
[GPU cuda:0][TRAIN] Epoch: [5][250/3100], Elapsed 1m 18s (remain 14m 49s), Accuracy: 75.000(76.693), Loss: 0.566(0.567), LR: 0.000038
[GPU cuda:0][TRAIN] Epoch: [5][300/3100], Elapsed 1m 33s (remain 14m 33s), Accuracy: 75.000(76.827), Loss: 0.434(0.566), LR: 0.000036
[GPU cuda:0][TRAIN] Epoch: [5][350/3100], Elapsed 1m 49s (remain 14m 16s), Accuracy: 0.000(76.496), Loss: 1.556(0.569), LR: 0.000035
[GPU cuda:0][TRAIN] Epoch: [5][400/3100], Elapsed 2m 4s (remain 14m 0s), Accuracy: 75.000(75.935), Loss: 0.802(0.582), LR: 0.000034
[GPU cuda:0][TRAIN] Epoch: [5][450/3100], Elapsed 2m 20s (remain 13m 45s), Accuracy: 100.000(75.887), Loss: 0.280(0.583), LR: 0.000033
[GPU cuda:0][TRAIN] Epoch: [5][500/3100], Elapsed 2m 36s (remain 13m 29s), Accuracy: 75.000(75.898), Loss: 0.757(0.582), LR: 0.000032
[GPU cuda:0][TRAIN] Epoch: [5][550/3100], Elapsed 2m 51s (remain 13m 13s), Accuracy: 75.000(76.180), Loss: 0.894(0.577), LR: 0.000031
[GPU cuda:0][TRAIN] Epoch: [5][600/3100], Elapsed 3m 7s (remain 12m 57s), Accuracy: 100.000(76.539), Loss: 0.156(0.574), LR: 0.000030
[GPU cuda:0][TRAIN] Epoch: [5][650/3100], Elapsed 3m 22s (remain 12m 42s), Accuracy: 100.000(76.459), Loss: 0.041(0.575), LR: 0.000028
[GPU cuda:0][TRAIN] Epoch: [5][700/3100], Elapsed 3m 38s (remain 12m 27s), Accuracy: 75.000(76.605), Loss: 0.499(0.575), LR: 0.000027
[GPU cuda:0][TRAIN] Epoch: [5][750/3100], Elapsed 3m 53s (remain 12m 11s), Accuracy: 100.000(76.698), Loss: 0.069(0.574), LR: 0.000026
[GPU cuda:0][TRAIN] Epoch: [5][800/3100], Elapsed 4m 9s (remain 11m 55s), Accuracy: 100.000(76.592), Loss: 0.363(0.577), LR: 0.000025
[GPU cuda:0][TRAIN] Epoch: [5][850/3100], Elapsed 4m 24s (remain 11m 40s), Accuracy: 50.000(76.704), Loss: 0.661(0.576), LR: 0.000024
[GPU cuda:0][TRAIN] Epoch: [5][900/3100], Elapsed 4m 40s (remain 11m 24s), Accuracy: 75.000(76.498), Loss: 0.658(0.579), LR: 0.000023
[GPU cuda:0][TRAIN] Epoch: [5][950/3100], Elapsed 4m 55s (remain 11m 8s), Accuracy: 75.000(76.604), Loss: 0.321(0.580), LR: 0.000022
[GPU cuda:0][TRAIN] Epoch: [5][1000/3100], Elapsed 5m 11s (remain 10m 53s), Accuracy: 75.000(76.948), Loss: 0.448(0.574), LR: 0.000021
[GPU cuda:0][TRAIN] Epoch: [5][1050/3100], Elapsed 5m 27s (remain 10m 37s), Accuracy: 100.000(77.236), Loss: 0.117(0.567), LR: 0.000020
[GPU cuda:0][TRAIN] Epoch: [5][1100/3100], Elapsed 5m 42s (remain 10m 21s), Accuracy: 25.000(77.430), Loss: 1.316(0.563), LR: 0.000019
[GPU cuda:0][TRAIN] Epoch: [5][1150/3100], Elapsed 5m 58s (remain 10m 6s), Accuracy: 100.000(77.606), Loss: 0.012(0.560), LR: 0.000019
[GPU cuda:0][TRAIN] Epoch: [5][1200/3100], Elapsed 6m 13s (remain 9m 50s), Accuracy: 100.000(77.893), Loss: 0.037(0.555), LR: 0.000018
[GPU cuda:0][TRAIN] Epoch: [5][1250/3100], Elapsed 6m 29s (remain 9m 35s), Accuracy: 75.000(77.798), Loss: 0.582(0.556), LR: 0.000017
[GPU cuda:0][TRAIN] Epoch: [5][1300/3100], Elapsed 6m 44s (remain 9m 19s), Accuracy: 75.000(77.786), Loss: 0.921(0.557), LR: 0.000016
[GPU cuda:0][TRAIN] Epoch: [5][1350/3100], Elapsed 7m 0s (remain 9m 4s), Accuracy: 100.000(78.016), Loss: 0.249(0.550), LR: 0.000015
[GPU cuda:0][TRAIN] Epoch: [5][1400/3100], Elapsed 7m 15s (remain 8m 48s), Accuracy: 100.000(77.926), Loss: 0.371(0.550), LR: 0.000014
[GPU cuda:0][TRAIN] Epoch: [5][1450/3100], Elapsed 7m 31s (remain 8m 32s), Accuracy: 75.000(78.050), Loss: 0.456(0.547), LR: 0.000014
[GPU cuda:0][TRAIN] Epoch: [5][1500/3100], Elapsed 7m 46s (remain 8m 17s), Accuracy: 100.000(78.281), Loss: 0.381(0.543), LR: 0.000013
[GPU cuda:0][TRAIN] Epoch: [5][1550/3100], Elapsed 8m 2s (remain 8m 1s), Accuracy: 100.000(78.224), Loss: 0.091(0.543), LR: 0.000012
[GPU cuda:0][TRAIN] Epoch: [5][1600/3100], Elapsed 8m 18s (remain 7m 46s), Accuracy: 100.000(78.310), Loss: 0.099(0.542), LR: 0.000011
[GPU cuda:0][TRAIN] Epoch: [5][1650/3100], Elapsed 8m 33s (remain 7m 30s), Accuracy: 100.000(78.377), Loss: 0.046(0.540), LR: 0.000011
[GPU cuda:0][TRAIN] Epoch: [5][1700/3100], Elapsed 8m 49s (remain 7m 15s), Accuracy: 75.000(78.571), Loss: 0.724(0.537), LR: 0.000010
[GPU cuda:0][TRAIN] Epoch: [5][1750/3100], Elapsed 9m 5s (remain 6m 59s), Accuracy: 100.000(78.469), Loss: 0.127(0.538), LR: 0.000010
[GPU cuda:0][TRAIN] Epoch: [5][1800/3100], Elapsed 9m 20s (remain 6m 44s), Accuracy: 100.000(78.526), Loss: 0.031(0.538), LR: 0.000009
[GPU cuda:0][TRAIN] Epoch: [5][1850/3100], Elapsed 9m 36s (remain 6m 28s), Accuracy: 75.000(78.539), Loss: 0.406(0.538), LR: 0.000008
[GPU cuda:0][TRAIN] Epoch: [5][1900/3100], Elapsed 9m 51s (remain 6m 13s), Accuracy: 75.000(78.709), Loss: 0.450(0.535), LR: 0.000008
[GPU cuda:0][TRAIN] Epoch: [5][1950/3100], Elapsed 10m 7s (remain 5m 57s), Accuracy: 100.000(78.780), Loss: 0.200(0.534), LR: 0.000007
[GPU cuda:0][TRAIN] Epoch: [5][2000/3100], Elapsed 10m 22s (remain 5m 42s), Accuracy: 75.000(78.786), Loss: 0.392(0.533), LR: 0.000007
[GPU cuda:0][TRAIN] Epoch: [5][2050/3100], Elapsed 10m 38s (remain 5m 26s), Accuracy: 75.000(78.901), Loss: 0.339(0.530), LR: 0.000006
[GPU cuda:0][TRAIN] Epoch: [5][2100/3100], Elapsed 10m 54s (remain 5m 10s), Accuracy: 75.000(78.950), Loss: 2.069(0.531), LR: 0.000006
[GPU cuda:0][TRAIN] Epoch: [5][2150/3100], Elapsed 11m 9s (remain 4m 55s), Accuracy: 50.000(79.010), Loss: 0.959(0.530), LR: 0.000005
[GPU cuda:0][TRAIN] Epoch: [5][2200/3100], Elapsed 11m 25s (remain 4m 39s), Accuracy: 50.000(78.953), Loss: 1.006(0.530), LR: 0.000005
[GPU cuda:0][TRAIN] Epoch: [5][2250/3100], Elapsed 11m 40s (remain 4m 24s), Accuracy: 75.000(79.009), Loss: 0.386(0.528), LR: 0.000004
[GPU cuda:0][TRAIN] Epoch: [5][2300/3100], Elapsed 11m 56s (remain 4m 8s), Accuracy: 75.000(79.020), Loss: 0.721(0.527), LR: 0.000004
[GPU cuda:0][TRAIN] Epoch: [5][2350/3100], Elapsed 12m 11s (remain 3m 53s), Accuracy: 75.000(78.913), Loss: 0.721(0.528), LR: 0.000004
[GPU cuda:0][TRAIN] Epoch: [5][2400/3100], Elapsed 12m 27s (remain 3m 37s), Accuracy: 25.000(78.853), Loss: 1.306(0.528), LR: 0.000003
[GPU cuda:0][TRAIN] Epoch: [5][2450/3100], Elapsed 12m 43s (remain 3m 22s), Accuracy: 75.000(78.815), Loss: 0.427(0.529), LR: 0.000003
[GPU cuda:0][TRAIN] Epoch: [5][2500/3100], Elapsed 12m 58s (remain 3m 6s), Accuracy: 75.000(78.838), Loss: 0.660(0.529), LR: 0.000003
[GPU cuda:0][TRAIN] Epoch: [5][2550/3100], Elapsed 13m 14s (remain 2m 50s), Accuracy: 50.000(78.763), Loss: 1.234(0.529), LR: 0.000002
[GPU cuda:0][TRAIN] Epoch: [5][2600/3100], Elapsed 13m 29s (remain 2m 35s), Accuracy: 75.000(78.874), Loss: 0.472(0.527), LR: 0.000002
[GPU cuda:0][TRAIN] Epoch: [5][2650/3100], Elapsed 13m 45s (remain 2m 19s), Accuracy: 50.000(78.961), Loss: 0.802(0.525), LR: 0.000002
[GPU cuda:0][TRAIN] Epoch: [5][2700/3100], Elapsed 14m 1s (remain 2m 4s), Accuracy: 100.000(79.017), Loss: 0.322(0.524), LR: 0.000002
[GPU cuda:0][TRAIN] Epoch: [5][2750/3100], Elapsed 14m 16s (remain 1m 48s), Accuracy: 75.000(79.099), Loss: 0.624(0.522), LR: 0.000002
[GPU cuda:0][TRAIN] Epoch: [5][2800/3100], Elapsed 14m 32s (remain 1m 33s), Accuracy: 50.000(78.999), Loss: 1.044(0.523), LR: 0.000001
[GPU cuda:0][TRAIN] Epoch: [5][2850/3100], Elapsed 14m 47s (remain 1m 17s), Accuracy: 75.000(79.007), Loss: 0.850(0.523), LR: 0.000001
[GPU cuda:0][TRAIN] Epoch: [5][2900/3100], Elapsed 15m 3s (remain 1m 1s), Accuracy: 100.000(78.956), Loss: 0.344(0.525), LR: 0.000001
[GPU cuda:0][TRAIN] Epoch: [5][2950/3100], Elapsed 15m 18s (remain 0m 46s), Accuracy: 75.000(79.024), Loss: 0.352(0.524), LR: 0.000001
[GPU cuda:0][TRAIN] Epoch: [5][3000/3100], Elapsed 15m 34s (remain 0m 30s), Accuracy: 75.000(79.074), Loss: 0.484(0.523), LR: 0.000001
[GPU cuda:0][TRAIN] Epoch: [5][3050/3100], Elapsed 15m 49s (remain 0m 15s), Accuracy: 100.000(79.138), Loss: 0.251(0.521), LR: 0.000001
[GPU cuda:0][TRAIN] Epoch: [5][3099/3100], Elapsed 16m 5s (remain 0m 0s), Accuracy: 25.000(79.169), Loss: 1.621(0.520), LR: 0.000300
[GPU cuda:0][VALID][0/97], Elapsed 0m 1s (remain 2m 15s), Accuracy: 81.250(81.250), Batch Loss: 0.6848, Average Loss: 0.6848
[GPU cuda:0][VALID][50/97], Elapsed 0m 46s (remain 0m 42s), Accuracy: 84.375(75.429), Batch Loss: 0.3498, Average Loss: 0.6490
[GPU cuda:0][VALID][96/97], Elapsed 1m 28s (remain 0m 0s), Accuracy: 78.571(75.101), Batch Loss: 0.3772, Average Loss: 0.6570
Valid Labels Samples: [2 0 1 4 1 0 3 1 4 3]
Valid Predictions Samples: [2, 0, 1, 3, 1, 0, 3, 1, 3, 0]
Epoch 5 - Train Average Loss: 79.169, Valid Average Loss: 75.101, Epoch Time: 1056.265s
Epoch 5 - Accuracy: 0.751, Precision: 0.756, Recall: 0.751
[GPU cuda:0][TRAIN] Epoch: [6][0/3100], Elapsed 0m 0s (remain 36m 12s), Accuracy: 75.000(75.000), Loss: 1.151(1.151), LR: 0.000300
[GPU cuda:0][TRAIN] Epoch: [6][50/3100], Elapsed 0m 16s (remain 16m 12s), Accuracy: 50.000(75.000), Loss: 0.691(0.587), LR: 0.000300
[GPU cuda:0][TRAIN] Epoch: [6][100/3100], Elapsed 0m 31s (remain 15m 44s), Accuracy: 50.000(71.287), Loss: 2.256(0.677), LR: 0.000300
[GPU cuda:0][TRAIN] Epoch: [6][150/3100], Elapsed 0m 47s (remain 15m 25s), Accuracy: 100.000(70.530), Loss: 0.024(0.681), LR: 0.000300
[GPU cuda:0][TRAIN] Epoch: [6][200/3100], Elapsed 1m 3s (remain 15m 8s), Accuracy: 100.000(70.149), Loss: 0.217(0.698), LR: 0.000300
[GPU cuda:0][TRAIN] Epoch: [6][250/3100], Elapsed 1m 18s (remain 14m 52s), Accuracy: 50.000(68.725), Loss: 1.035(0.726), LR: 0.000300
[GPU cuda:0][TRAIN] Epoch: [6][300/3100], Elapsed 1m 34s (remain 14m 36s), Accuracy: 50.000(69.103), Loss: 0.891(0.722), LR: 0.000300
[GPU cuda:0][TRAIN] Epoch: [6][350/3100], Elapsed 1m 49s (remain 14m 19s), Accuracy: 25.000(68.590), Loss: 1.223(0.718), LR: 0.000300
[GPU cuda:0][TRAIN] Epoch: [6][400/3100], Elapsed 2m 5s (remain 14m 3s), Accuracy: 50.000(68.267), Loss: 0.771(0.728), LR: 0.000300
[GPU cuda:0][TRAIN] Epoch: [6][450/3100], Elapsed 2m 20s (remain 13m 47s), Accuracy: 75.000(68.681), Loss: 0.345(0.723), LR: 0.000300
[GPU cuda:0][TRAIN] Epoch: [6][500/3100], Elapsed 2m 36s (remain 13m 31s), Accuracy: 75.000(69.162), Loss: 0.892(0.717), LR: 0.000300
[GPU cuda:0][TRAIN] Epoch: [6][550/3100], Elapsed 2m 52s (remain 13m 16s), Accuracy: 50.000(69.238), Loss: 1.387(0.719), LR: 0.000300
[GPU cuda:0][TRAIN] Epoch: [6][600/3100], Elapsed 3m 7s (remain 13m 0s), Accuracy: 25.000(69.384), Loss: 1.279(0.717), LR: 0.000300
[GPU cuda:0][TRAIN] Epoch: [6][650/3100], Elapsed 3m 23s (remain 12m 44s), Accuracy: 75.000(68.932), Loss: 0.255(0.735), LR: 0.000300
[GPU cuda:0][TRAIN] Epoch: [6][700/3100], Elapsed 3m 38s (remain 12m 28s), Accuracy: 100.000(68.545), Loss: 0.435(0.745), LR: 0.000300
[GPU cuda:0][TRAIN] Epoch: [6][750/3100], Elapsed 3m 54s (remain 12m 12s), Accuracy: 100.000(68.975), Loss: 0.087(0.741), LR: 0.000300
[GPU cuda:0][TRAIN] Epoch: [6][800/3100], Elapsed 4m 9s (remain 11m 57s), Accuracy: 100.000(69.070), Loss: 0.453(0.743), LR: 0.000300
[GPU cuda:0][TRAIN] Epoch: [6][850/3100], Elapsed 4m 25s (remain 11m 41s), Accuracy: 50.000(68.596), Loss: 1.118(0.750), LR: 0.000300
[GPU cuda:0][TRAIN] Epoch: [6][900/3100], Elapsed 4m 41s (remain 11m 25s), Accuracy: 75.000(68.119), Loss: 0.575(0.759), LR: 0.000300
[GPU cuda:0][TRAIN] Epoch: [6][950/3100], Elapsed 4m 56s (remain 11m 10s), Accuracy: 50.000(68.218), Loss: 0.634(0.761), LR: 0.000300
[GPU cuda:0][TRAIN] Epoch: [6][1000/3100], Elapsed 5m 12s (remain 10m 54s), Accuracy: 75.000(68.556), Loss: 0.541(0.755), LR: 0.000300
[GPU cuda:0][TRAIN] Epoch: [6][1050/3100], Elapsed 5m 27s (remain 10m 38s), Accuracy: 75.000(69.029), Loss: 0.558(0.748), LR: 0.000300
[GPU cuda:0][TRAIN] Epoch: [6][1100/3100], Elapsed 5m 43s (remain 10m 23s), Accuracy: 50.000(69.028), Loss: 1.286(0.746), LR: 0.000300
[GPU cuda:0][TRAIN] Epoch: [6][1150/3100], Elapsed 5m 58s (remain 10m 7s), Accuracy: 75.000(69.092), Loss: 0.305(0.744), LR: 0.000300
[GPU cuda:0][TRAIN] Epoch: [6][1200/3100], Elapsed 6m 14s (remain 9m 52s), Accuracy: 100.000(69.359), Loss: 0.072(0.738), LR: 0.000300
[GPU cuda:0][TRAIN] Epoch: [6][1250/3100], Elapsed 6m 30s (remain 9m 36s), Accuracy: 75.000(69.225), Loss: 0.746(0.740), LR: 0.000300
[GPU cuda:0][TRAIN] Epoch: [6][1300/3100], Elapsed 6m 45s (remain 9m 20s), Accuracy: 75.000(69.389), Loss: 0.785(0.737), LR: 0.000300
[GPU cuda:0][TRAIN] Epoch: [6][1350/3100], Elapsed 7m 1s (remain 9m 5s), Accuracy: 75.000(69.560), Loss: 0.450(0.733), LR: 0.000300
[GPU cuda:0][TRAIN] Epoch: [6][1400/3100], Elapsed 7m 16s (remain 8m 49s), Accuracy: 75.000(69.540), Loss: 0.733(0.733), LR: 0.000300
[GPU cuda:0][TRAIN] Epoch: [6][1450/3100], Elapsed 7m 32s (remain 8m 33s), Accuracy: 75.000(69.779), Loss: 0.489(0.729), LR: 0.000300
[GPU cuda:0][TRAIN] Epoch: [6][1500/3100], Elapsed 7m 47s (remain 8m 18s), Accuracy: 100.000(69.920), Loss: 0.545(0.727), LR: 0.000300
[GPU cuda:0][TRAIN] Epoch: [6][1550/3100], Elapsed 8m 3s (remain 8m 2s), Accuracy: 75.000(69.874), Loss: 0.200(0.728), LR: 0.000300
[GPU cuda:0][TRAIN] Epoch: [6][1600/3100], Elapsed 8m 18s (remain 7m 47s), Accuracy: 75.000(70.050), Loss: 0.368(0.723), LR: 0.000300
[GPU cuda:0][TRAIN] Epoch: [6][1650/3100], Elapsed 8m 34s (remain 7m 31s), Accuracy: 100.000(70.139), Loss: 0.049(0.720), LR: 0.000299
[GPU cuda:0][TRAIN] Epoch: [6][1700/3100], Elapsed 8m 49s (remain 7m 15s), Accuracy: 75.000(70.194), Loss: 0.803(0.719), LR: 0.000299
[GPU cuda:0][TRAIN] Epoch: [6][1750/3100], Elapsed 9m 5s (remain 7m 0s), Accuracy: 100.000(70.131), Loss: 0.352(0.721), LR: 0.000299
[GPU cuda:0][TRAIN] Epoch: [6][1800/3100], Elapsed 9m 21s (remain 6m 44s), Accuracy: 100.000(70.294), Loss: 0.115(0.719), LR: 0.000299
[GPU cuda:0][TRAIN] Epoch: [6][1850/3100], Elapsed 9m 36s (remain 6m 29s), Accuracy: 75.000(70.232), Loss: 0.484(0.720), LR: 0.000299
[GPU cuda:0][TRAIN] Epoch: [6][1900/3100], Elapsed 9m 52s (remain 6m 13s), Accuracy: 50.000(70.358), Loss: 1.305(0.718), LR: 0.000299
[GPU cuda:0][TRAIN] Epoch: [6][1950/3100], Elapsed 10m 7s (remain 5m 57s), Accuracy: 50.000(70.259), Loss: 0.953(0.718), LR: 0.000299
[GPU cuda:0][TRAIN] Epoch: [6][2000/3100], Elapsed 10m 23s (remain 5m 42s), Accuracy: 50.000(70.165), Loss: 0.630(0.718), LR: 0.000299
[GPU cuda:0][TRAIN] Epoch: [6][2050/3100], Elapsed 10m 38s (remain 5m 26s), Accuracy: 100.000(70.319), Loss: 0.338(0.715), LR: 0.000299
[GPU cuda:0][TRAIN] Epoch: [6][2100/3100], Elapsed 10m 54s (remain 5m 11s), Accuracy: 75.000(70.371), Loss: 1.757(0.714), LR: 0.000299
[GPU cuda:0][TRAIN] Epoch: [6][2150/3100], Elapsed 11m 9s (remain 4m 55s), Accuracy: 50.000(70.432), Loss: 1.356(0.714), LR: 0.000299
[GPU cuda:0][TRAIN] Epoch: [6][2200/3100], Elapsed 11m 25s (remain 4m 39s), Accuracy: 25.000(70.491), Loss: 1.336(0.714), LR: 0.000299
[GPU cuda:0][TRAIN] Epoch: [6][2250/3100], Elapsed 11m 41s (remain 4m 24s), Accuracy: 75.000(70.591), Loss: 1.208(0.712), LR: 0.000299
[GPU cuda:0][TRAIN] Epoch: [6][2300/3100], Elapsed 11m 56s (remain 4m 8s), Accuracy: 0.000(70.502), Loss: 2.456(0.711), LR: 0.000299
[GPU cuda:0][TRAIN] Epoch: [6][2350/3100], Elapsed 12m 12s (remain 3m 53s), Accuracy: 50.000(70.481), Loss: 1.005(0.712), LR: 0.000299
[GPU cuda:0][TRAIN] Epoch: [6][2400/3100], Elapsed 12m 27s (remain 3m 37s), Accuracy: 50.000(70.346), Loss: 1.133(0.714), LR: 0.000299
[GPU cuda:0][TRAIN] Epoch: [6][2450/3100], Elapsed 12m 43s (remain 3m 22s), Accuracy: 50.000(70.369), Loss: 0.699(0.715), LR: 0.000299
[GPU cuda:0][TRAIN] Epoch: [6][2500/3100], Elapsed 12m 59s (remain 3m 6s), Accuracy: 75.000(70.442), Loss: 1.182(0.714), LR: 0.000299
[GPU cuda:0][TRAIN] Epoch: [6][2550/3100], Elapsed 13m 14s (remain 2m 51s), Accuracy: 75.000(70.345), Loss: 1.037(0.716), LR: 0.000299
[GPU cuda:0][TRAIN] Epoch: [6][2600/3100], Elapsed 13m 30s (remain 2m 35s), Accuracy: 50.000(70.483), Loss: 0.678(0.714), LR: 0.000299
[GPU cuda:0][TRAIN] Epoch: [6][2650/3100], Elapsed 13m 45s (remain 2m 19s), Accuracy: 50.000(70.558), Loss: 1.409(0.713), LR: 0.000299
[GPU cuda:0][TRAIN] Epoch: [6][2700/3100], Elapsed 14m 1s (remain 2m 4s), Accuracy: 50.000(70.631), Loss: 0.795(0.711), LR: 0.000299
[GPU cuda:0][TRAIN] Epoch: [6][2750/3100], Elapsed 14m 17s (remain 1m 48s), Accuracy: 75.000(70.729), Loss: 0.763(0.711), LR: 0.000299
[GPU cuda:0][TRAIN] Epoch: [6][2800/3100], Elapsed 14m 32s (remain 1m 33s), Accuracy: 50.000(70.689), Loss: 1.345(0.711), LR: 0.000299
[GPU cuda:0][TRAIN] Epoch: [6][2850/3100], Elapsed 14m 48s (remain 1m 17s), Accuracy: 75.000(70.730), Loss: 0.927(0.710), LR: 0.000298
[GPU cuda:0][TRAIN] Epoch: [6][2900/3100], Elapsed 15m 3s (remain 1m 1s), Accuracy: 75.000(70.734), Loss: 0.605(0.711), LR: 0.000298
[GPU cuda:0][TRAIN] Epoch: [6][2950/3100], Elapsed 15m 19s (remain 0m 46s), Accuracy: 75.000(70.764), Loss: 0.499(0.712), LR: 0.000298
[GPU cuda:0][TRAIN] Epoch: [6][3000/3100], Elapsed 15m 34s (remain 0m 30s), Accuracy: 50.000(70.801), Loss: 1.567(0.711), LR: 0.000298
[GPU cuda:0][TRAIN] Epoch: [6][3050/3100], Elapsed 15m 50s (remain 0m 15s), Accuracy: 75.000(70.788), Loss: 0.560(0.711), LR: 0.000298
[GPU cuda:0][TRAIN] Epoch: [6][3099/3100], Elapsed 16m 5s (remain 0m 0s), Accuracy: 25.000(70.823), Loss: 2.135(0.711), LR: 0.000298
[GPU cuda:0][VALID][0/97], Elapsed 0m 1s (remain 2m 13s), Accuracy: 75.000(75.000), Batch Loss: 0.6927, Average Loss: 0.6927
[GPU cuda:0][VALID][50/97], Elapsed 0m 46s (remain 0m 42s), Accuracy: 75.000(71.201), Batch Loss: 0.5127, Average Loss: 0.7254
[GPU cuda:0][VALID][96/97], Elapsed 1m 28s (remain 0m 0s), Accuracy: 71.429(71.097), Batch Loss: 0.6992, Average Loss: 0.7370
Valid Labels Samples: [2 0 1 4 1 0 3 1 4 3]
Valid Predictions Samples: [2, 0, 1, 3, 1, 0, 3, 1, 3, 0]
Epoch 6 - Train Average Loss: 70.823, Valid Average Loss: 71.097, Epoch Time: 1056.833s
Epoch 6 - Accuracy: 0.711, Precision: 0.720, Recall: 0.711
[GPU cuda:0][TRAIN] Epoch: [7][0/3100], Elapsed 0m 0s (remain 36m 24s), Accuracy: 50.000(50.000), Loss: 1.163(1.163), LR: 0.000298
[GPU cuda:0][TRAIN] Epoch: [7][50/3100], Elapsed 0m 16s (remain 16m 15s), Accuracy: 75.000(74.510), Loss: 0.357(0.568), LR: 0.000298
[GPU cuda:0][TRAIN] Epoch: [7][100/3100], Elapsed 0m 31s (remain 15m 48s), Accuracy: 25.000(71.535), Loss: 1.865(0.654), LR: 0.000298
[GPU cuda:0][TRAIN] Epoch: [7][150/3100], Elapsed 0m 47s (remain 15m 28s), Accuracy: 100.000(70.861), Loss: 0.026(0.666), LR: 0.000298
[GPU cuda:0][TRAIN] Epoch: [7][200/3100], Elapsed 1m 3s (remain 15m 10s), Accuracy: 100.000(72.886), Loss: 0.205(0.649), LR: 0.000298
[GPU cuda:0][TRAIN] Epoch: [7][250/3100], Elapsed 1m 18s (remain 14m 53s), Accuracy: 50.000(72.908), Loss: 0.831(0.663), LR: 0.000298
[GPU cuda:0][TRAIN] Epoch: [7][300/3100], Elapsed 1m 34s (remain 14m 37s), Accuracy: 100.000(73.256), Loss: 0.309(0.654), LR: 0.000298
[GPU cuda:0][TRAIN] Epoch: [7][350/3100], Elapsed 1m 49s (remain 14m 21s), Accuracy: 0.000(73.006), Loss: 1.528(0.652), LR: 0.000298
[GPU cuda:0][TRAIN] Epoch: [7][400/3100], Elapsed 2m 5s (remain 14m 5s), Accuracy: 50.000(72.070), Loss: 0.968(0.667), LR: 0.000298
[GPU cuda:0][TRAIN] Epoch: [7][450/3100], Elapsed 2m 21s (remain 13m 49s), Accuracy: 75.000(71.619), Loss: 0.439(0.670), LR: 0.000298
[GPU cuda:0][TRAIN] Epoch: [7][500/3100], Elapsed 2m 36s (remain 13m 33s), Accuracy: 75.000(72.156), Loss: 0.915(0.667), LR: 0.000298
[GPU cuda:0][TRAIN] Epoch: [7][550/3100], Elapsed 2m 52s (remain 13m 17s), Accuracy: 75.000(72.459), Loss: 0.849(0.662), LR: 0.000297
[GPU cuda:0][TRAIN] Epoch: [7][600/3100], Elapsed 3m 8s (remain 13m 1s), Accuracy: 100.000(72.795), Loss: 0.144(0.658), LR: 0.000297
[GPU cuda:0][TRAIN] Epoch: [7][650/3100], Elapsed 3m 23s (remain 12m 46s), Accuracy: 75.000(72.504), Loss: 0.280(0.666), LR: 0.000297
[GPU cuda:0][TRAIN] Epoch: [7][700/3100], Elapsed 3m 39s (remain 12m 30s), Accuracy: 75.000(72.325), Loss: 0.601(0.673), LR: 0.000297
[GPU cuda:0][TRAIN] Epoch: [7][750/3100], Elapsed 3m 54s (remain 12m 14s), Accuracy: 100.000(72.636), Loss: 0.263(0.672), LR: 0.000297
[GPU cuda:0][TRAIN] Epoch: [7][800/3100], Elapsed 4m 10s (remain 11m 58s), Accuracy: 50.000(72.347), Loss: 0.722(0.678), LR: 0.000297
[GPU cuda:0][TRAIN] Epoch: [7][850/3100], Elapsed 4m 26s (remain 11m 43s), Accuracy: 100.000(72.297), Loss: 0.214(0.679), LR: 0.000297
[GPU cuda:0][TRAIN] Epoch: [7][900/3100], Elapsed 4m 41s (remain 11m 27s), Accuracy: 75.000(72.114), Loss: 0.654(0.683), LR: 0.000297
[GPU cuda:0][TRAIN] Epoch: [7][950/3100], Elapsed 4m 57s (remain 11m 11s), Accuracy: 100.000(72.135), Loss: 0.362(0.687), LR: 0.000297
[GPU cuda:0][TRAIN] Epoch: [7][1000/3100], Elapsed 5m 12s (remain 10m 55s), Accuracy: 75.000(72.577), Loss: 0.530(0.679), LR: 0.000297
[GPU cuda:0][TRAIN] Epoch: [7][1050/3100], Elapsed 5m 28s (remain 10m 39s), Accuracy: 100.000(72.812), Loss: 0.209(0.674), LR: 0.000297
[GPU cuda:0][TRAIN] Epoch: [7][1100/3100], Elapsed 5m 43s (remain 10m 24s), Accuracy: 25.000(72.979), Loss: 1.254(0.670), LR: 0.000297
[GPU cuda:0][TRAIN] Epoch: [7][1150/3100], Elapsed 5m 59s (remain 10m 8s), Accuracy: 100.000(73.045), Loss: 0.181(0.668), LR: 0.000297
[GPU cuda:0][TRAIN] Epoch: [7][1200/3100], Elapsed 6m 14s (remain 9m 52s), Accuracy: 100.000(73.147), Loss: 0.066(0.664), LR: 0.000297
[GPU cuda:0][TRAIN] Epoch: [7][1250/3100], Elapsed 6m 30s (remain 9m 37s), Accuracy: 75.000(72.822), Loss: 0.769(0.668), LR: 0.000296
[GPU cuda:0][TRAIN] Epoch: [7][1300/3100], Elapsed 6m 45s (remain 9m 21s), Accuracy: 75.000(72.809), Loss: 0.957(0.670), LR: 0.000296
[GPU cuda:0][TRAIN] Epoch: [7][1350/3100], Elapsed 7m 1s (remain 9m 5s), Accuracy: 100.000(73.020), Loss: 0.335(0.665), LR: 0.000296
[GPU cuda:0][TRAIN] Epoch: [7][1400/3100], Elapsed 7m 16s (remain 8m 49s), Accuracy: 50.000(72.966), Loss: 0.806(0.667), LR: 0.000296
[GPU cuda:0][TRAIN] Epoch: [7][1450/3100], Elapsed 7m 32s (remain 8m 34s), Accuracy: 100.000(73.105), Loss: 0.469(0.662), LR: 0.000296
[GPU cuda:0][TRAIN] Epoch: [7][1500/3100], Elapsed 7m 48s (remain 8m 18s), Accuracy: 75.000(73.151), Loss: 0.850(0.660), LR: 0.000296
[GPU cuda:0][TRAIN] Epoch: [7][1550/3100], Elapsed 8m 3s (remain 8m 2s), Accuracy: 100.000(73.146), Loss: 0.061(0.659), LR: 0.000296
[GPU cuda:0][TRAIN] Epoch: [7][1600/3100], Elapsed 8m 19s (remain 7m 47s), Accuracy: 100.000(73.235), Loss: 0.168(0.658), LR: 0.000296
[GPU cuda:0][TRAIN] Epoch: [7][1650/3100], Elapsed 8m 34s (remain 7m 31s), Accuracy: 100.000(73.274), Loss: 0.072(0.657), LR: 0.000296
[GPU cuda:0][TRAIN] Epoch: [7][1700/3100], Elapsed 8m 50s (remain 7m 16s), Accuracy: 50.000(73.427), Loss: 0.934(0.655), LR: 0.000296
[GPU cuda:0][TRAIN] Epoch: [7][1750/3100], Elapsed 9m 5s (remain 7m 0s), Accuracy: 75.000(73.230), Loss: 0.480(0.658), LR: 0.000296
[GPU cuda:0][TRAIN] Epoch: [7][1800/3100], Elapsed 9m 21s (remain 6m 44s), Accuracy: 100.000(73.376), Loss: 0.084(0.655), LR: 0.000295
[GPU cuda:0][TRAIN] Epoch: [7][1850/3100], Elapsed 9m 37s (remain 6m 29s), Accuracy: 50.000(73.150), Loss: 0.924(0.659), LR: 0.000295
[GPU cuda:0][TRAIN] Epoch: [7][1900/3100], Elapsed 9m 52s (remain 6m 13s), Accuracy: 75.000(73.343), Loss: 0.424(0.657), LR: 0.000295
[GPU cuda:0][TRAIN] Epoch: [7][1950/3100], Elapsed 10m 8s (remain 5m 58s), Accuracy: 100.000(73.296), Loss: 0.565(0.658), LR: 0.000295
[GPU cuda:0][TRAIN] Epoch: [7][2000/3100], Elapsed 10m 23s (remain 5m 42s), Accuracy: 100.000(73.226), Loss: 0.512(0.659), LR: 0.000295
[GPU cuda:0][TRAIN] Epoch: [7][2050/3100], Elapsed 10m 39s (remain 5m 27s), Accuracy: 75.000(73.415), Loss: 0.445(0.656), LR: 0.000295
[GPU cuda:0][TRAIN] Epoch: [7][2100/3100], Elapsed 10m 54s (remain 5m 11s), Accuracy: 75.000(73.310), Loss: 2.018(0.658), LR: 0.000295
[GPU cuda:0][TRAIN] Epoch: [7][2150/3100], Elapsed 11m 10s (remain 4m 55s), Accuracy: 50.000(73.419), Loss: 1.179(0.656), LR: 0.000295
[GPU cuda:0][TRAIN] Epoch: [7][2200/3100], Elapsed 11m 26s (remain 4m 40s), Accuracy: 25.000(73.444), Loss: 1.169(0.655), LR: 0.000295
[GPU cuda:0][TRAIN] Epoch: [7][2250/3100], Elapsed 11m 41s (remain 4m 24s), Accuracy: 75.000(73.434), Loss: 0.873(0.653), LR: 0.000295
[GPU cuda:0][TRAIN] Epoch: [7][2300/3100], Elapsed 11m 57s (remain 4m 9s), Accuracy: 50.000(73.435), Loss: 1.643(0.653), LR: 0.000295
[GPU cuda:0][TRAIN] Epoch: [7][2350/3100], Elapsed 12m 12s (remain 3m 53s), Accuracy: 75.000(73.362), Loss: 0.575(0.654), LR: 0.000294
[GPU cuda:0][TRAIN] Epoch: [7][2400/3100], Elapsed 12m 28s (remain 3m 37s), Accuracy: 25.000(73.261), Loss: 1.100(0.656), LR: 0.000294
[GPU cuda:0][TRAIN] Epoch: [7][2450/3100], Elapsed 12m 43s (remain 3m 22s), Accuracy: 75.000(73.184), Loss: 0.550(0.658), LR: 0.000294
[GPU cuda:0][TRAIN] Epoch: [7][2500/3100], Elapsed 12m 59s (remain 3m 6s), Accuracy: 50.000(73.191), Loss: 1.041(0.658), LR: 0.000294
[GPU cuda:0][TRAIN] Epoch: [7][2550/3100], Elapsed 13m 14s (remain 2m 51s), Accuracy: 50.000(73.148), Loss: 1.241(0.659), LR: 0.000294
[GPU cuda:0][TRAIN] Epoch: [7][2600/3100], Elapsed 13m 30s (remain 2m 35s), Accuracy: 50.000(73.299), Loss: 0.792(0.657), LR: 0.000294
[GPU cuda:0][TRAIN] Epoch: [7][2650/3100], Elapsed 13m 46s (remain 2m 19s), Accuracy: 25.000(73.293), Loss: 1.773(0.656), LR: 0.000294
[GPU cuda:0][TRAIN] Epoch: [7][2700/3100], Elapsed 14m 1s (remain 2m 4s), Accuracy: 75.000(73.278), Loss: 0.749(0.656), LR: 0.000294
[GPU cuda:0][TRAIN] Epoch: [7][2750/3100], Elapsed 14m 17s (remain 1m 48s), Accuracy: 50.000(73.346), Loss: 1.000(0.655), LR: 0.000294
[GPU cuda:0][TRAIN] Epoch: [7][2800/3100], Elapsed 14m 32s (remain 1m 33s), Accuracy: 0.000(73.295), Loss: 1.687(0.656), LR: 0.000293
[GPU cuda:0][TRAIN] Epoch: [7][2850/3100], Elapsed 14m 48s (remain 1m 17s), Accuracy: 75.000(73.334), Loss: 0.805(0.655), LR: 0.000293
[GPU cuda:0][TRAIN] Epoch: [7][2900/3100], Elapsed 15m 3s (remain 1m 2s), Accuracy: 75.000(73.276), Loss: 0.605(0.656), LR: 0.000293
[GPU cuda:0][TRAIN] Epoch: [7][2950/3100], Elapsed 15m 19s (remain 0m 46s), Accuracy: 75.000(73.323), Loss: 0.438(0.656), LR: 0.000293
[GPU cuda:0][TRAIN] Epoch: [7][3000/3100], Elapsed 15m 34s (remain 0m 30s), Accuracy: 50.000(73.351), Loss: 1.170(0.655), LR: 0.000293
[GPU cuda:0][TRAIN] Epoch: [7][3050/3100], Elapsed 15m 50s (remain 0m 15s), Accuracy: 75.000(73.402), Loss: 0.443(0.654), LR: 0.000293
[GPU cuda:0][TRAIN] Epoch: [7][3099/3100], Elapsed 16m 5s (remain 0m 0s), Accuracy: 25.000(73.452), Loss: 2.148(0.653), LR: 0.000293
[GPU cuda:0][VALID][0/97], Elapsed 0m 1s (remain 2m 24s), Accuracy: 78.125(78.125), Batch Loss: 0.6223, Average Loss: 0.6223
[GPU cuda:0][VALID][50/97], Elapsed 0m 46s (remain 0m 42s), Accuracy: 78.125(71.324), Batch Loss: 0.3724, Average Loss: 0.7117
[GPU cuda:0][VALID][96/97], Elapsed 1m 28s (remain 0m 0s), Accuracy: 78.571(71.493), Batch Loss: 0.5234, Average Loss: 0.7193
Valid Labels Samples: [2 0 1 4 1 0 3 1 4 3]
Valid Predictions Samples: [2, 0, 1, 3, 1, 0, 3, 1, 3, 0]
Epoch 7 - Train Average Loss: 73.452, Valid Average Loss: 71.493, Epoch Time: 1056.897s
Epoch 7 - Accuracy: 0.715, Precision: 0.715, Recall: 0.715
[GPU cuda:0][TRAIN] Epoch: [8][0/3100], Elapsed 0m 0s (remain 35m 30s), Accuracy: 75.000(75.000), Loss: 1.059(1.059), LR: 0.000293
[GPU cuda:0][TRAIN] Epoch: [8][50/3100], Elapsed 0m 16s (remain 16m 10s), Accuracy: 75.000(83.824), Loss: 0.426(0.444), LR: 0.000293
[GPU cuda:0][TRAIN] Epoch: [8][100/3100], Elapsed 0m 31s (remain 15m 43s), Accuracy: 50.000(78.465), Loss: 1.907(0.560), LR: 0.000293
[GPU cuda:0][TRAIN] Epoch: [8][150/3100], Elapsed 0m 47s (remain 15m 25s), Accuracy: 100.000(77.152), Loss: 0.041(0.590), LR: 0.000292
[GPU cuda:0][TRAIN] Epoch: [8][200/3100], Elapsed 1m 2s (remain 15m 7s), Accuracy: 75.000(77.239), Loss: 0.231(0.580), LR: 0.000292
[GPU cuda:0][TRAIN] Epoch: [8][250/3100], Elapsed 1m 18s (remain 14m 51s), Accuracy: 50.000(75.896), Loss: 0.811(0.610), LR: 0.000292
[GPU cuda:0][TRAIN] Epoch: [8][300/3100], Elapsed 1m 34s (remain 14m 34s), Accuracy: 100.000(76.578), Loss: 0.171(0.601), LR: 0.000292
[GPU cuda:0][TRAIN] Epoch: [8][350/3100], Elapsed 1m 49s (remain 14m 18s), Accuracy: 50.000(76.496), Loss: 1.314(0.606), LR: 0.000292
[GPU cuda:0][TRAIN] Epoch: [8][400/3100], Elapsed 2m 5s (remain 14m 2s), Accuracy: 75.000(75.873), Loss: 0.681(0.622), LR: 0.000292
[GPU cuda:0][TRAIN] Epoch: [8][450/3100], Elapsed 2m 20s (remain 13m 47s), Accuracy: 75.000(75.443), Loss: 0.509(0.620), LR: 0.000292
[GPU cuda:0][TRAIN] Epoch: [8][500/3100], Elapsed 2m 36s (remain 13m 31s), Accuracy: 50.000(75.349), Loss: 1.153(0.618), LR: 0.000292
[GPU cuda:0][TRAIN] Epoch: [8][550/3100], Elapsed 2m 51s (remain 13m 15s), Accuracy: 75.000(75.771), Loss: 0.527(0.611), LR: 0.000291
[GPU cuda:0][TRAIN] Epoch: [8][600/3100], Elapsed 3m 7s (remain 12m 59s), Accuracy: 100.000(75.874), Loss: 0.115(0.605), LR: 0.000291
[GPU cuda:0][TRAIN] Epoch: [8][650/3100], Elapsed 3m 23s (remain 12m 43s), Accuracy: 100.000(75.691), Loss: 0.174(0.605), LR: 0.000291
[GPU cuda:0][TRAIN] Epoch: [8][700/3100], Elapsed 3m 38s (remain 12m 28s), Accuracy: 100.000(75.143), Loss: 0.434(0.620), LR: 0.000291
[GPU cuda:0][TRAIN] Epoch: [8][750/3100], Elapsed 3m 54s (remain 12m 12s), Accuracy: 100.000(75.499), Loss: 0.020(0.616), LR: 0.000291
[GPU cuda:0][TRAIN] Epoch: [8][800/3100], Elapsed 4m 9s (remain 11m 56s), Accuracy: 100.000(75.375), Loss: 0.406(0.621), LR: 0.000291
[GPU cuda:0][TRAIN] Epoch: [8][850/3100], Elapsed 4m 25s (remain 11m 40s), Accuracy: 100.000(75.176), Loss: 0.112(0.623), LR: 0.000291
[GPU cuda:0][TRAIN] Epoch: [8][900/3100], Elapsed 4m 40s (remain 11m 24s), Accuracy: 75.000(75.083), Loss: 0.383(0.624), LR: 0.000291
[GPU cuda:0][TRAIN] Epoch: [8][950/3100], Elapsed 4m 56s (remain 11m 9s), Accuracy: 100.000(75.131), Loss: 0.374(0.629), LR: 0.000290
[GPU cuda:0][TRAIN] Epoch: [8][1000/3100], Elapsed 5m 11s (remain 10m 53s), Accuracy: 50.000(75.300), Loss: 0.806(0.624), LR: 0.000290
[GPU cuda:0][TRAIN] Epoch: [8][1050/3100], Elapsed 5m 27s (remain 10m 37s), Accuracy: 100.000(75.476), Loss: 0.183(0.619), LR: 0.000290
[GPU cuda:0][TRAIN] Epoch: [8][1100/3100], Elapsed 5m 42s (remain 10m 22s), Accuracy: 50.000(75.363), Loss: 1.319(0.618), LR: 0.000290
[GPU cuda:0][TRAIN] Epoch: [8][1150/3100], Elapsed 5m 58s (remain 10m 6s), Accuracy: 100.000(75.391), Loss: 0.042(0.617), LR: 0.000290
[GPU cuda:0][TRAIN] Epoch: [8][1200/3100], Elapsed 6m 13s (remain 9m 50s), Accuracy: 100.000(75.541), Loss: 0.035(0.611), LR: 0.000290
[GPU cuda:0][TRAIN] Epoch: [8][1250/3100], Elapsed 6m 29s (remain 9m 35s), Accuracy: 50.000(75.320), Loss: 1.472(0.616), LR: 0.000290
[GPU cuda:0][TRAIN] Epoch: [8][1300/3100], Elapsed 6m 44s (remain 9m 19s), Accuracy: 75.000(75.269), Loss: 1.193(0.617), LR: 0.000289
[GPU cuda:0][TRAIN] Epoch: [8][1350/3100], Elapsed 7m 0s (remain 9m 4s), Accuracy: 75.000(75.500), Loss: 0.863(0.611), LR: 0.000289
[GPU cuda:0][TRAIN] Epoch: [8][1400/3100], Elapsed 7m 15s (remain 8m 48s), Accuracy: 100.000(75.393), Loss: 0.305(0.613), LR: 0.000289
[GPU cuda:0][TRAIN] Epoch: [8][1450/3100], Elapsed 7m 31s (remain 8m 32s), Accuracy: 100.000(75.517), Loss: 0.277(0.608), LR: 0.000289
[GPU cuda:0][TRAIN] Epoch: [8][1500/3100], Elapsed 7m 46s (remain 8m 17s), Accuracy: 100.000(75.683), Loss: 0.541(0.607), LR: 0.000289
[GPU cuda:0][TRAIN] Epoch: [8][1550/3100], Elapsed 8m 2s (remain 8m 1s), Accuracy: 100.000(75.580), Loss: 0.105(0.607), LR: 0.000289
[GPU cuda:0][TRAIN] Epoch: [8][1600/3100], Elapsed 8m 17s (remain 7m 46s), Accuracy: 100.000(75.656), Loss: 0.171(0.605), LR: 0.000289
[GPU cuda:0][TRAIN] Epoch: [8][1650/3100], Elapsed 8m 33s (remain 7m 30s), Accuracy: 100.000(75.697), Loss: 0.066(0.603), LR: 0.000289
[GPU cuda:0][TRAIN] Epoch: [8][1700/3100], Elapsed 8m 49s (remain 7m 15s), Accuracy: 50.000(75.852), Loss: 0.993(0.600), LR: 0.000288
[GPU cuda:0][TRAIN] Epoch: [8][1750/3100], Elapsed 9m 4s (remain 6m 59s), Accuracy: 75.000(75.857), Loss: 1.103(0.601), LR: 0.000288
[GPU cuda:0][TRAIN] Epoch: [8][1800/3100], Elapsed 9m 20s (remain 6m 44s), Accuracy: 100.000(75.833), Loss: 0.076(0.603), LR: 0.000288
[GPU cuda:0][TRAIN] Epoch: [8][1850/3100], Elapsed 9m 35s (remain 6m 28s), Accuracy: 50.000(75.729), Loss: 1.649(0.604), LR: 0.000288
[GPU cuda:0][TRAIN] Epoch: [8][1900/3100], Elapsed 9m 51s (remain 6m 12s), Accuracy: 75.000(75.750), Loss: 0.824(0.604), LR: 0.000288
[GPU cuda:0][TRAIN] Epoch: [8][1950/3100], Elapsed 10m 6s (remain 5m 57s), Accuracy: 75.000(75.730), Loss: 0.817(0.603), LR: 0.000288
[GPU cuda:0][TRAIN] Epoch: [8][2000/3100], Elapsed 10m 22s (remain 5m 41s), Accuracy: 75.000(75.725), Loss: 0.448(0.603), LR: 0.000287
[GPU cuda:0][TRAIN] Epoch: [8][2050/3100], Elapsed 10m 37s (remain 5m 26s), Accuracy: 100.000(75.841), Loss: 0.183(0.600), LR: 0.000287
[GPU cuda:0][TRAIN] Epoch: [8][2100/3100], Elapsed 10m 53s (remain 5m 10s), Accuracy: 75.000(75.881), Loss: 2.211(0.601), LR: 0.000287
[GPU cuda:0][TRAIN] Epoch: [8][2150/3100], Elapsed 11m 9s (remain 4m 55s), Accuracy: 50.000(75.918), Loss: 1.320(0.601), LR: 0.000287
[GPU cuda:0][TRAIN] Epoch: [8][2200/3100], Elapsed 11m 24s (remain 4m 39s), Accuracy: 25.000(75.988), Loss: 1.160(0.601), LR: 0.000287
[GPU cuda:0][TRAIN] Epoch: [8][2250/3100], Elapsed 11m 40s (remain 4m 24s), Accuracy: 50.000(76.033), Loss: 0.627(0.599), LR: 0.000287
[GPU cuda:0][TRAIN] Epoch: [8][2300/3100], Elapsed 11m 55s (remain 4m 8s), Accuracy: 0.000(75.978), Loss: 1.262(0.599), LR: 0.000287
[GPU cuda:0][TRAIN] Epoch: [8][2350/3100], Elapsed 12m 11s (remain 3m 52s), Accuracy: 75.000(75.904), Loss: 0.582(0.600), LR: 0.000286
[GPU cuda:0][TRAIN] Epoch: [8][2400/3100], Elapsed 12m 26s (remain 3m 37s), Accuracy: 50.000(75.854), Loss: 1.095(0.601), LR: 0.000286
[GPU cuda:0][TRAIN] Epoch: [8][2450/3100], Elapsed 12m 42s (remain 3m 21s), Accuracy: 75.000(75.683), Loss: 0.413(0.604), LR: 0.000286
[GPU cuda:0][TRAIN] Epoch: [8][2500/3100], Elapsed 12m 57s (remain 3m 6s), Accuracy: 100.000(75.750), Loss: 0.593(0.602), LR: 0.000286
[GPU cuda:0][TRAIN] Epoch: [8][2550/3100], Elapsed 13m 13s (remain 2m 50s), Accuracy: 50.000(75.686), Loss: 1.200(0.604), LR: 0.000286
[GPU cuda:0][TRAIN] Epoch: [8][2600/3100], Elapsed 13m 29s (remain 2m 35s), Accuracy: 50.000(75.779), Loss: 0.594(0.601), LR: 0.000286
[GPU cuda:0][TRAIN] Epoch: [8][2650/3100], Elapsed 13m 44s (remain 2m 19s), Accuracy: 25.000(75.802), Loss: 1.961(0.600), LR: 0.000285
[GPU cuda:0][TRAIN] Epoch: [8][2700/3100], Elapsed 14m 0s (remain 2m 4s), Accuracy: 75.000(75.852), Loss: 0.416(0.598), LR: 0.000285
[GPU cuda:0][TRAIN] Epoch: [8][2750/3100], Elapsed 14m 15s (remain 1m 48s), Accuracy: 50.000(75.927), Loss: 0.971(0.597), LR: 0.000285
[GPU cuda:0][TRAIN] Epoch: [8][2800/3100], Elapsed 14m 31s (remain 1m 33s), Accuracy: 50.000(75.866), Loss: 1.218(0.598), LR: 0.000285
[GPU cuda:0][TRAIN] Epoch: [8][2850/3100], Elapsed 14m 46s (remain 1m 17s), Accuracy: 75.000(75.912), Loss: 1.243(0.597), LR: 0.000285
[GPU cuda:0][TRAIN] Epoch: [8][2900/3100], Elapsed 15m 2s (remain 1m 1s), Accuracy: 100.000(75.905), Loss: 0.549(0.598), LR: 0.000285
[GPU cuda:0][TRAIN] Epoch: [8][2950/3100], Elapsed 15m 18s (remain 0m 46s), Accuracy: 75.000(76.008), Loss: 0.589(0.598), LR: 0.000284
[GPU cuda:0][TRAIN] Epoch: [8][3000/3100], Elapsed 15m 33s (remain 0m 30s), Accuracy: 50.000(76.100), Loss: 0.960(0.596), LR: 0.000284
[GPU cuda:0][TRAIN] Epoch: [8][3050/3100], Elapsed 15m 49s (remain 0m 15s), Accuracy: 100.000(76.205), Loss: 0.237(0.594), LR: 0.000284
[GPU cuda:0][TRAIN] Epoch: [8][3099/3100], Elapsed 16m 4s (remain 0m 0s), Accuracy: 25.000(76.218), Loss: 1.902(0.594), LR: 0.000284
[GPU cuda:0][VALID][0/97], Elapsed 0m 1s (remain 2m 15s), Accuracy: 78.125(78.125), Batch Loss: 0.7157, Average Loss: 0.7157
[GPU cuda:0][VALID][50/97], Elapsed 0m 46s (remain 0m 42s), Accuracy: 71.875(72.059), Batch Loss: 0.4107, Average Loss: 0.7154
[GPU cuda:0][VALID][96/97], Elapsed 1m 28s (remain 0m 0s), Accuracy: 75.000(71.134), Batch Loss: 0.5767, Average Loss: 0.7265
Valid Labels Samples: [2 0 1 4 1 0 3 1 4 3]
Valid Predictions Samples: [2, 0, 1, 3, 1, 0, 3, 1, 3, 1]
Epoch 8 - Train Average Loss: 76.218, Valid Average Loss: 71.134, Epoch Time: 1055.838s
Epoch 8 - Accuracy: 0.711, Precision: 0.716, Recall: 0.711
[GPU cuda:0][TRAIN] Epoch: [9][0/3100], Elapsed 0m 0s (remain 36m 3s), Accuracy: 75.000(75.000), Loss: 0.920(0.920), LR: 0.000284
[GPU cuda:0][TRAIN] Epoch: [9][50/3100], Elapsed 0m 16s (remain 16m 16s), Accuracy: 50.000(83.333), Loss: 0.691(0.484), LR: 0.000284
[GPU cuda:0][TRAIN] Epoch: [9][100/3100], Elapsed 0m 31s (remain 15m 48s), Accuracy: 50.000(79.703), Loss: 1.287(0.525), LR: 0.000284
[GPU cuda:0][TRAIN] Epoch: [9][150/3100], Elapsed 0m 47s (remain 15m 28s), Accuracy: 100.000(76.821), Loss: 0.148(0.562), LR: 0.000283
[GPU cuda:0][TRAIN] Epoch: [9][200/3100], Elapsed 1m 3s (remain 15m 10s), Accuracy: 100.000(76.493), Loss: 0.087(0.572), LR: 0.000283
[GPU cuda:0][TRAIN] Epoch: [9][250/3100], Elapsed 1m 18s (remain 14m 53s), Accuracy: 75.000(75.996), Loss: 0.676(0.590), LR: 0.000283
[GPU cuda:0][TRAIN] Epoch: [9][300/3100], Elapsed 1m 34s (remain 14m 37s), Accuracy: 100.000(76.661), Loss: 0.135(0.577), LR: 0.000283
[GPU cuda:0][TRAIN] Epoch: [9][350/3100], Elapsed 1m 49s (remain 14m 21s), Accuracy: 0.000(76.140), Loss: 1.543(0.580), LR: 0.000283
[GPU cuda:0][TRAIN] Epoch: [9][400/3100], Elapsed 2m 5s (remain 14m 5s), Accuracy: 50.000(75.561), Loss: 0.705(0.590), LR: 0.000283
[GPU cuda:0][TRAIN] Epoch: [9][450/3100], Elapsed 2m 21s (remain 13m 49s), Accuracy: 100.000(75.776), Loss: 0.312(0.583), LR: 0.000282
[GPU cuda:0][TRAIN] Epoch: [9][500/3100], Elapsed 2m 36s (remain 13m 33s), Accuracy: 100.000(75.898), Loss: 0.473(0.579), LR: 0.000282
[GPU cuda:0][TRAIN] Epoch: [9][550/3100], Elapsed 2m 52s (remain 13m 17s), Accuracy: 25.000(76.270), Loss: 1.460(0.571), LR: 0.000282
[GPU cuda:0][TRAIN] Epoch: [9][600/3100], Elapsed 3m 7s (remain 13m 1s), Accuracy: 75.000(76.581), Loss: 0.296(0.565), LR: 0.000282
[GPU cuda:0][TRAIN] Epoch: [9][650/3100], Elapsed 3m 23s (remain 12m 45s), Accuracy: 100.000(76.382), Loss: 0.057(0.568), LR: 0.000282
[GPU cuda:0][TRAIN] Epoch: [9][700/3100], Elapsed 3m 39s (remain 12m 29s), Accuracy: 100.000(76.106), Loss: 0.504(0.577), LR: 0.000282
[GPU cuda:0][TRAIN] Epoch: [9][750/3100], Elapsed 3m 54s (remain 12m 14s), Accuracy: 100.000(76.365), Loss: 0.042(0.576), LR: 0.000281
[GPU cuda:0][TRAIN] Epoch: [9][800/3100], Elapsed 4m 10s (remain 11m 58s), Accuracy: 100.000(76.311), Loss: 0.289(0.581), LR: 0.000281
[GPU cuda:0][TRAIN] Epoch: [9][850/3100], Elapsed 4m 25s (remain 11m 42s), Accuracy: 100.000(76.322), Loss: 0.023(0.579), LR: 0.000281
[GPU cuda:0][TRAIN] Epoch: [9][900/3100], Elapsed 4m 41s (remain 11m 26s), Accuracy: 75.000(76.110), Loss: 0.474(0.585), LR: 0.000281
[GPU cuda:0][TRAIN] Epoch: [9][950/3100], Elapsed 4m 56s (remain 11m 10s), Accuracy: 75.000(76.209), Loss: 0.312(0.585), LR: 0.000281
[GPU cuda:0][TRAIN] Epoch: [9][1000/3100], Elapsed 5m 12s (remain 10m 55s), Accuracy: 75.000(76.299), Loss: 0.773(0.582), LR: 0.000280
[GPU cuda:0][TRAIN] Epoch: [9][1050/3100], Elapsed 5m 27s (remain 10m 39s), Accuracy: 100.000(76.499), Loss: 0.080(0.578), LR: 0.000280
[GPU cuda:0][TRAIN] Epoch: [9][1100/3100], Elapsed 5m 43s (remain 10m 23s), Accuracy: 25.000(76.476), Loss: 1.107(0.576), LR: 0.000280
[GPU cuda:0][TRAIN] Epoch: [9][1150/3100], Elapsed 5m 59s (remain 10m 7s), Accuracy: 100.000(76.434), Loss: 0.014(0.575), LR: 0.000280
[GPU cuda:0][TRAIN] Epoch: [9][1200/3100], Elapsed 6m 14s (remain 9m 52s), Accuracy: 100.000(76.644), Loss: 0.048(0.572), LR: 0.000280
[GPU cuda:0][TRAIN] Epoch: [9][1250/3100], Elapsed 6m 30s (remain 9m 36s), Accuracy: 50.000(76.599), Loss: 1.243(0.575), LR: 0.000279
[GPU cuda:0][TRAIN] Epoch: [9][1300/3100], Elapsed 6m 45s (remain 9m 20s), Accuracy: 75.000(76.768), Loss: 0.381(0.573), LR: 0.000279
[GPU cuda:0][TRAIN] Epoch: [9][1350/3100], Elapsed 7m 1s (remain 9m 5s), Accuracy: 100.000(76.906), Loss: 0.235(0.568), LR: 0.000279
[GPU cuda:0][TRAIN] Epoch: [9][1400/3100], Elapsed 7m 16s (remain 8m 49s), Accuracy: 100.000(76.909), Loss: 0.154(0.567), LR: 0.000279
[GPU cuda:0][TRAIN] Epoch: [9][1450/3100], Elapsed 7m 32s (remain 8m 34s), Accuracy: 75.000(77.085), Loss: 0.535(0.563), LR: 0.000279
[GPU cuda:0][TRAIN] Epoch: [9][1500/3100], Elapsed 7m 47s (remain 8m 18s), Accuracy: 100.000(77.298), Loss: 0.264(0.558), LR: 0.000279
[GPU cuda:0][TRAIN] Epoch: [9][1550/3100], Elapsed 8m 3s (remain 8m 2s), Accuracy: 100.000(77.176), Loss: 0.075(0.562), LR: 0.000278
[GPU cuda:0][TRAIN] Epoch: [9][1600/3100], Elapsed 8m 18s (remain 7m 47s), Accuracy: 100.000(77.405), Loss: 0.206(0.559), LR: 0.000278
[GPU cuda:0][TRAIN] Epoch: [9][1650/3100], Elapsed 8m 34s (remain 7m 31s), Accuracy: 100.000(77.408), Loss: 0.031(0.558), LR: 0.000278
[GPU cuda:0][TRAIN] Epoch: [9][1700/3100], Elapsed 8m 50s (remain 7m 15s), Accuracy: 50.000(77.425), Loss: 1.081(0.556), LR: 0.000278
[GPU cuda:0][TRAIN] Epoch: [9][1750/3100], Elapsed 9m 5s (remain 7m 0s), Accuracy: 75.000(77.299), Loss: 0.403(0.558), LR: 0.000278
[GPU cuda:0][TRAIN] Epoch: [9][1800/3100], Elapsed 9m 21s (remain 6m 44s), Accuracy: 100.000(77.374), Loss: 0.013(0.556), LR: 0.000277
[GPU cuda:0][TRAIN] Epoch: [9][1850/3100], Elapsed 9m 36s (remain 6m 29s), Accuracy: 50.000(77.283), Loss: 0.681(0.557), LR: 0.000277
[GPU cuda:0][TRAIN] Epoch: [9][1900/3100], Elapsed 9m 52s (remain 6m 13s), Accuracy: 75.000(77.354), Loss: 0.496(0.557), LR: 0.000277
[GPU cuda:0][TRAIN] Epoch: [9][1950/3100], Elapsed 10m 7s (remain 5m 57s), Accuracy: 75.000(77.242), Loss: 0.761(0.557), LR: 0.000277
[GPU cuda:0][TRAIN] Epoch: [9][2000/3100], Elapsed 10m 23s (remain 5m 42s), Accuracy: 75.000(77.186), Loss: 0.288(0.558), LR: 0.000277
[GPU cuda:0][TRAIN] Epoch: [9][2050/3100], Elapsed 10m 38s (remain 5m 26s), Accuracy: 75.000(77.304), Loss: 0.262(0.555), LR: 0.000276
[GPU cuda:0][TRAIN] Epoch: [9][2100/3100], Elapsed 10m 54s (remain 5m 11s), Accuracy: 75.000(77.368), Loss: 2.098(0.555), LR: 0.000276
[GPU cuda:0][TRAIN] Epoch: [9][2150/3100], Elapsed 11m 9s (remain 4m 55s), Accuracy: 50.000(77.499), Loss: 1.222(0.553), LR: 0.000276
[GPU cuda:0][TRAIN] Epoch: [9][2200/3100], Elapsed 11m 25s (remain 4m 39s), Accuracy: 50.000(77.476), Loss: 1.074(0.553), LR: 0.000276
[GPU cuda:0][TRAIN] Epoch: [9][2250/3100], Elapsed 11m 41s (remain 4m 24s), Accuracy: 75.000(77.610), Loss: 0.248(0.550), LR: 0.000276
[GPU cuda:0][TRAIN] Epoch: [9][2300/3100], Elapsed 11m 56s (remain 4m 8s), Accuracy: 75.000(77.694), Loss: 0.812(0.548), LR: 0.000275
[GPU cuda:0][TRAIN] Epoch: [9][2350/3100], Elapsed 12m 12s (remain 3m 53s), Accuracy: 50.000(77.765), Loss: 1.079(0.546), LR: 0.000275
[GPU cuda:0][TRAIN] Epoch: [9][2400/3100], Elapsed 12m 27s (remain 3m 37s), Accuracy: 25.000(77.686), Loss: 1.314(0.549), LR: 0.000275
[GPU cuda:0][TRAIN] Epoch: [9][2450/3100], Elapsed 12m 43s (remain 3m 22s), Accuracy: 100.000(77.652), Loss: 0.500(0.550), LR: 0.000275
[GPU cuda:0][TRAIN] Epoch: [9][2500/3100], Elapsed 12m 58s (remain 3m 6s), Accuracy: 50.000(77.649), Loss: 0.984(0.551), LR: 0.000274
[GPU cuda:0][TRAIN] Epoch: [9][2550/3100], Elapsed 13m 14s (remain 2m 50s), Accuracy: 75.000(77.607), Loss: 1.268(0.552), LR: 0.000274
[GPU cuda:0][TRAIN] Epoch: [9][2600/3100], Elapsed 13m 29s (remain 2m 35s), Accuracy: 50.000(77.759), Loss: 0.725(0.548), LR: 0.000274
[GPU cuda:0][TRAIN] Epoch: [9][2650/3100], Elapsed 13m 45s (remain 2m 19s), Accuracy: 50.000(77.791), Loss: 0.913(0.547), LR: 0.000274
[GPU cuda:0][TRAIN] Epoch: [9][2700/3100], Elapsed 14m 0s (remain 2m 4s), Accuracy: 75.000(77.823), Loss: 0.330(0.546), LR: 0.000274
[GPU cuda:0][TRAIN] Epoch: [9][2750/3100], Elapsed 14m 16s (remain 1m 48s), Accuracy: 25.000(77.872), Loss: 1.013(0.545), LR: 0.000273
[GPU cuda:0][TRAIN] Epoch: [9][2800/3100], Elapsed 14m 31s (remain 1m 33s), Accuracy: 25.000(77.794), Loss: 1.349(0.547), LR: 0.000273
[GPU cuda:0][TRAIN] Epoch: [9][2850/3100], Elapsed 14m 47s (remain 1m 17s), Accuracy: 75.000(77.867), Loss: 0.815(0.545), LR: 0.000273
[GPU cuda:0][TRAIN] Epoch: [9][2900/3100], Elapsed 15m 3s (remain 1m 1s), Accuracy: 75.000(77.861), Loss: 0.521(0.546), LR: 0.000273
[GPU cuda:0][TRAIN] Epoch: [9][2950/3100], Elapsed 15m 18s (remain 0m 46s), Accuracy: 75.000(77.880), Loss: 0.447(0.546), LR: 0.000273
[GPU cuda:0][TRAIN] Epoch: [9][3000/3100], Elapsed 15m 34s (remain 0m 30s), Accuracy: 50.000(77.899), Loss: 0.749(0.545), LR: 0.000272
[GPU cuda:0][TRAIN] Epoch: [9][3050/3100], Elapsed 15m 49s (remain 0m 15s), Accuracy: 100.000(78.032), Loss: 0.151(0.543), LR: 0.000272
[GPU cuda:0][TRAIN] Epoch: [9][3099/3100], Elapsed 16m 4s (remain 0m 0s), Accuracy: 25.000(78.081), Loss: 2.634(0.542), LR: 0.000272
[GPU cuda:0][VALID][0/97], Elapsed 0m 1s (remain 2m 12s), Accuracy: 71.875(71.875), Batch Loss: 0.8117, Average Loss: 0.8117
[GPU cuda:0][VALID][50/97], Elapsed 0m 46s (remain 0m 42s), Accuracy: 87.500(71.446), Batch Loss: 0.3191, Average Loss: 0.8216
[GPU cuda:0][VALID][96/97], Elapsed 1m 28s (remain 0m 0s), Accuracy: 75.000(70.941), Batch Loss: 0.5165, Average Loss: 0.8332
Valid Labels Samples: [2 0 1 4 1 0 3 1 4 3]
Valid Predictions Samples: [2, 0, 1, 3, 1, 0, 3, 1, 3, 4]
Epoch 9 - Train Average Loss: 78.081, Valid Average Loss: 70.941, Epoch Time: 1056.115s
Epoch 9 - Accuracy: 0.709, Precision: 0.714, Recall: 0.709
[GPU cuda:0][TRAIN] Epoch: [10][0/3100], Elapsed 0m 0s (remain 35m 41s), Accuracy: 75.000(75.000), Loss: 1.539(1.539), LR: 0.000272
[GPU cuda:0][TRAIN] Epoch: [10][50/3100], Elapsed 0m 16s (remain 16m 15s), Accuracy: 75.000(84.314), Loss: 0.505(0.391), LR: 0.000272
[GPU cuda:0][TRAIN] Epoch: [10][100/3100], Elapsed 0m 31s (remain 15m 48s), Accuracy: 50.000(79.950), Loss: 1.861(0.507), LR: 0.000271
[GPU cuda:0][TRAIN] Epoch: [10][150/3100], Elapsed 0m 47s (remain 15m 28s), Accuracy: 100.000(78.808), Loss: 0.023(0.524), LR: 0.000271
[GPU cuda:0][TRAIN] Epoch: [10][200/3100], Elapsed 1m 3s (remain 15m 11s), Accuracy: 100.000(79.229), Loss: 0.134(0.515), LR: 0.000271
[GPU cuda:0][TRAIN] Epoch: [10][250/3100], Elapsed 1m 18s (remain 14m 53s), Accuracy: 50.000(78.287), Loss: 0.552(0.535), LR: 0.000271
[GPU cuda:0][TRAIN] Epoch: [10][300/3100], Elapsed 1m 34s (remain 14m 37s), Accuracy: 75.000(78.987), Loss: 0.588(0.530), LR: 0.000271
[GPU cuda:0][TRAIN] Epoch: [10][350/3100], Elapsed 1m 49s (remain 14m 21s), Accuracy: 25.000(78.846), Loss: 1.119(0.525), LR: 0.000270
[GPU cuda:0][TRAIN] Epoch: [10][400/3100], Elapsed 2m 5s (remain 14m 4s), Accuracy: 50.000(78.242), Loss: 0.876(0.540), LR: 0.000270
[GPU cuda:0][TRAIN] Epoch: [10][450/3100], Elapsed 2m 21s (remain 13m 48s), Accuracy: 75.000(78.603), Loss: 0.364(0.535), LR: 0.000270
[GPU cuda:0][TRAIN] Epoch: [10][500/3100], Elapsed 2m 36s (remain 13m 33s), Accuracy: 75.000(78.792), Loss: 0.548(0.528), LR: 0.000270
[GPU cuda:0][TRAIN] Epoch: [10][550/3100], Elapsed 2m 52s (remain 13m 17s), Accuracy: 75.000(79.310), Loss: 0.565(0.520), LR: 0.000269
[GPU cuda:0][TRAIN] Epoch: [10][600/3100], Elapsed 3m 7s (remain 13m 1s), Accuracy: 75.000(79.534), Loss: 0.490(0.513), LR: 0.000269
[GPU cuda:0][TRAIN] Epoch: [10][650/3100], Elapsed 3m 23s (remain 12m 45s), Accuracy: 100.000(79.608), Loss: 0.032(0.510), LR: 0.000269
[GPU cuda:0][TRAIN] Epoch: [10][700/3100], Elapsed 3m 39s (remain 12m 30s), Accuracy: 100.000(79.244), Loss: 0.254(0.518), LR: 0.000269
[GPU cuda:0][TRAIN] Epoch: [10][750/3100], Elapsed 3m 54s (remain 12m 14s), Accuracy: 100.000(79.361), Loss: 0.121(0.518), LR: 0.000269
[GPU cuda:0][TRAIN] Epoch: [10][800/3100], Elapsed 4m 10s (remain 11m 58s), Accuracy: 75.000(79.307), Loss: 0.571(0.521), LR: 0.000268
[GPU cuda:0][TRAIN] Epoch: [10][850/3100], Elapsed 4m 25s (remain 11m 42s), Accuracy: 100.000(78.966), Loss: 0.027(0.522), LR: 0.000268
[GPU cuda:0][TRAIN] Epoch: [10][900/3100], Elapsed 4m 41s (remain 11m 26s), Accuracy: 100.000(78.718), Loss: 0.349(0.522), LR: 0.000268
[GPU cuda:0][TRAIN] Epoch: [10][950/3100], Elapsed 4m 57s (remain 11m 11s), Accuracy: 100.000(78.838), Loss: 0.188(0.525), LR: 0.000268
[GPU cuda:0][TRAIN] Epoch: [10][1000/3100], Elapsed 5m 12s (remain 10m 55s), Accuracy: 50.000(79.121), Loss: 1.103(0.518), LR: 0.000267
[GPU cuda:0][TRAIN] Epoch: [10][1050/3100], Elapsed 5m 28s (remain 10m 39s), Accuracy: 100.000(79.258), Loss: 0.153(0.513), LR: 0.000267
[GPU cuda:0][TRAIN] Epoch: [10][1100/3100], Elapsed 5m 43s (remain 10m 24s), Accuracy: 25.000(79.360), Loss: 1.400(0.510), LR: 0.000267
[GPU cuda:0][TRAIN] Epoch: [10][1150/3100], Elapsed 5m 59s (remain 10m 8s), Accuracy: 100.000(79.518), Loss: 0.032(0.506), LR: 0.000267
[GPU cuda:0][TRAIN] Epoch: [10][1200/3100], Elapsed 6m 14s (remain 9m 52s), Accuracy: 100.000(79.684), Loss: 0.070(0.503), LR: 0.000266
[GPU cuda:0][TRAIN] Epoch: [10][1250/3100], Elapsed 6m 30s (remain 9m 37s), Accuracy: 75.000(79.536), Loss: 0.849(0.506), LR: 0.000266
[GPU cuda:0][TRAIN] Epoch: [10][1300/3100], Elapsed 6m 46s (remain 9m 21s), Accuracy: 75.000(79.535), Loss: 0.495(0.505), LR: 0.000266
[GPU cuda:0][TRAIN] Epoch: [10][1350/3100], Elapsed 7m 1s (remain 9m 5s), Accuracy: 100.000(79.700), Loss: 0.378(0.501), LR: 0.000266
[GPU cuda:0][TRAIN] Epoch: [10][1400/3100], Elapsed 7m 17s (remain 8m 50s), Accuracy: 100.000(79.640), Loss: 0.232(0.500), LR: 0.000265
[GPU cuda:0][TRAIN] Epoch: [10][1450/3100], Elapsed 7m 32s (remain 8m 34s), Accuracy: 100.000(79.704), Loss: 0.206(0.498), LR: 0.000265
[GPU cuda:0][TRAIN] Epoch: [10][1500/3100], Elapsed 7m 48s (remain 8m 18s), Accuracy: 75.000(79.763), Loss: 0.470(0.496), LR: 0.000265
[GPU cuda:0][TRAIN] Epoch: [10][1550/3100], Elapsed 8m 3s (remain 8m 3s), Accuracy: 75.000(79.658), Loss: 0.619(0.498), LR: 0.000265
[GPU cuda:0][TRAIN] Epoch: [10][1600/3100], Elapsed 8m 19s (remain 7m 47s), Accuracy: 100.000(79.653), Loss: 0.202(0.499), LR: 0.000264
[GPU cuda:0][TRAIN] Epoch: [10][1650/3100], Elapsed 8m 34s (remain 7m 31s), Accuracy: 75.000(79.800), Loss: 0.195(0.496), LR: 0.000264
[GPU cuda:0][TRAIN] Epoch: [10][1700/3100], Elapsed 8m 50s (remain 7m 16s), Accuracy: 75.000(80.026), Loss: 0.462(0.492), LR: 0.000264
[GPU cuda:0][TRAIN] Epoch: [10][1750/3100], Elapsed 9m 5s (remain 7m 0s), Accuracy: 75.000(80.011), Loss: 0.429(0.493), LR: 0.000264
[GPU cuda:0][TRAIN] Epoch: [10][1800/3100], Elapsed 9m 21s (remain 6m 45s), Accuracy: 100.000(80.039), Loss: 0.047(0.493), LR: 0.000264
[GPU cuda:0][TRAIN] Epoch: [10][1850/3100], Elapsed 9m 37s (remain 6m 29s), Accuracy: 75.000(79.957), Loss: 0.461(0.494), LR: 0.000263
[GPU cuda:0][TRAIN] Epoch: [10][1900/3100], Elapsed 9m 52s (remain 6m 13s), Accuracy: 75.000(80.050), Loss: 0.911(0.493), LR: 0.000263
[GPU cuda:0][TRAIN] Epoch: [10][1950/3100], Elapsed 10m 8s (remain 5m 58s), Accuracy: 100.000(80.074), Loss: 0.150(0.492), LR: 0.000263
[GPU cuda:0][TRAIN] Epoch: [10][2000/3100], Elapsed 10m 23s (remain 5m 42s), Accuracy: 100.000(80.035), Loss: 0.223(0.492), LR: 0.000263
[GPU cuda:0][TRAIN] Epoch: [10][2050/3100], Elapsed 10m 39s (remain 5m 26s), Accuracy: 75.000(80.156), Loss: 0.245(0.490), LR: 0.000262
[GPU cuda:0][TRAIN] Epoch: [10][2100/3100], Elapsed 10m 54s (remain 5m 11s), Accuracy: 75.000(80.212), Loss: 1.825(0.489), LR: 0.000262
[GPU cuda:0][TRAIN] Epoch: [10][2150/3100], Elapsed 11m 10s (remain 4m 55s), Accuracy: 50.000(80.335), Loss: 1.379(0.487), LR: 0.000262
[GPU cuda:0][TRAIN] Epoch: [10][2200/3100], Elapsed 11m 25s (remain 4m 40s), Accuracy: 50.000(80.327), Loss: 0.998(0.487), LR: 0.000262
[GPU cuda:0][TRAIN] Epoch: [10][2250/3100], Elapsed 11m 41s (remain 4m 24s), Accuracy: 75.000(80.442), Loss: 0.330(0.485), LR: 0.000261
[GPU cuda:0][TRAIN] Epoch: [10][2300/3100], Elapsed 11m 56s (remain 4m 8s), Accuracy: 50.000(80.422), Loss: 1.004(0.485), LR: 0.000261
[GPU cuda:0][TRAIN] Epoch: [10][2350/3100], Elapsed 12m 12s (remain 3m 53s), Accuracy: 75.000(80.402), Loss: 0.561(0.485), LR: 0.000261
[GPU cuda:0][TRAIN] Epoch: [10][2400/3100], Elapsed 12m 27s (remain 3m 37s), Accuracy: 50.000(80.342), Loss: 1.488(0.486), LR: 0.000260
[GPU cuda:0][TRAIN] Epoch: [10][2450/3100], Elapsed 12m 43s (remain 3m 22s), Accuracy: 100.000(80.365), Loss: 0.466(0.486), LR: 0.000260
[GPU cuda:0][TRAIN] Epoch: [10][2500/3100], Elapsed 12m 58s (remain 3m 6s), Accuracy: 75.000(80.398), Loss: 0.747(0.485), LR: 0.000260
[GPU cuda:0][TRAIN] Epoch: [10][2550/3100], Elapsed 13m 14s (remain 2m 50s), Accuracy: 50.000(80.419), Loss: 0.721(0.485), LR: 0.000260
[GPU cuda:0][TRAIN] Epoch: [10][2600/3100], Elapsed 13m 30s (remain 2m 35s), Accuracy: 50.000(80.527), Loss: 0.583(0.482), LR: 0.000259
[GPU cuda:0][TRAIN] Epoch: [10][2650/3100], Elapsed 13m 45s (remain 2m 19s), Accuracy: 50.000(80.592), Loss: 0.855(0.481), LR: 0.000259
[GPU cuda:0][TRAIN] Epoch: [10][2700/3100], Elapsed 14m 1s (remain 2m 4s), Accuracy: 100.000(80.665), Loss: 0.332(0.479), LR: 0.000259
[GPU cuda:0][TRAIN] Epoch: [10][2750/3100], Elapsed 14m 16s (remain 1m 48s), Accuracy: 75.000(80.725), Loss: 0.673(0.479), LR: 0.000259
[GPU cuda:0][TRAIN] Epoch: [10][2800/3100], Elapsed 14m 32s (remain 1m 33s), Accuracy: 50.000(80.677), Loss: 0.807(0.479), LR: 0.000258
[GPU cuda:0][TRAIN] Epoch: [10][2850/3100], Elapsed 14m 47s (remain 1m 17s), Accuracy: 75.000(80.717), Loss: 0.957(0.479), LR: 0.000258
[GPU cuda:0][TRAIN] Epoch: [10][2900/3100], Elapsed 15m 3s (remain 1m 1s), Accuracy: 50.000(80.696), Loss: 0.752(0.479), LR: 0.000258
[GPU cuda:0][TRAIN] Epoch: [10][2950/3100], Elapsed 15m 18s (remain 0m 46s), Accuracy: 75.000(80.744), Loss: 0.785(0.479), LR: 0.000258
[GPU cuda:0][TRAIN] Epoch: [10][3000/3100], Elapsed 15m 34s (remain 0m 30s), Accuracy: 50.000(80.840), Loss: 1.363(0.477), LR: 0.000257
[GPU cuda:0][TRAIN] Epoch: [10][3050/3100], Elapsed 15m 50s (remain 0m 15s), Accuracy: 100.000(80.908), Loss: 0.274(0.476), LR: 0.000257
[GPU cuda:0][TRAIN] Epoch: [10][3099/3100], Elapsed 16m 5s (remain 0m 0s), Accuracy: 50.000(80.968), Loss: 1.276(0.476), LR: 0.000257
[GPU cuda:0][VALID][0/97], Elapsed 0m 1s (remain 2m 13s), Accuracy: 75.000(75.000), Batch Loss: 0.9496, Average Loss: 0.9496
[GPU cuda:0][VALID][50/97], Elapsed 0m 46s (remain 0m 42s), Accuracy: 84.375(71.446), Batch Loss: 0.3638, Average Loss: 0.8975
[GPU cuda:0][VALID][96/97], Elapsed 1m 28s (remain 0m 0s), Accuracy: 78.571(70.527), Batch Loss: 0.5096, Average Loss: 0.8951
Valid Labels Samples: [2 0 1 4 1 0 3 1 4 3]
Valid Predictions Samples: [2, 0, 1, 4, 1, 0, 3, 1, 3, 4]
Epoch 10 - Train Average Loss: 80.968, Valid Average Loss: 70.527, Epoch Time: 1056.579s
Epoch 10 - Accuracy: 0.705, Precision: 0.716, Recall: 0.705
