[GPU 1]: Config File
{'id': 15, 'model_name': 'swin_large_patch4_window12_384_in22k', 'dropout': 0.5, 'size': 384, 'batch_size_t': 5, 'batch_size_v': 32, 'n_targets': 5, 'criterion': 'CrossEntropyLoss', 'gradient_accumulation_steps': 1, 'max_gradient_norm': None, 'optimizer': 'AdamW', 'scheduler': 'CosineAnnealingWarmRestarts', 'LR': 1e-05, 'T_0': 500, 'T_max': 10, 'T_mult': 5, 'min_lr': 1e-06, 'max_lr': 0.0001, 'no_batches': 'NA', 'warmup_epochs': 1, 'cosine_epochs': 14, 'epochs': 15, 'update_per_batch': True, 'num_workers': 4, 'n_folds': 5, 'train_transforms': [], 'valid_transforms': [], 'observations': None, 'use_swa': True, 'swa_lr': 0.01, 'swa_epoch': 0, 'use_sam': True, 'use_asam': True, 'asam_rho': 0.1, 'print_freq': 50, 'one_fold': True, 'use_apex': True, 'distributed_training': False, 'save_to_log': True}
================================================== Training Fold: 0 ==================================================
[GPU cuda:1][TRAIN] Epoch: [1][0/2480], Elapsed 0m 0s (remain 21m 10s), Accuracy: 0.000(0.000), Loss: 1.758(1.758), LR: 0.000010
[GPU cuda:1][TRAIN] Epoch: [1][50/2480], Elapsed 0m 14s (remain 11m 39s), Accuracy: 20.000(20.000), Loss: 1.581(1.642), LR: 0.000010
[GPU cuda:1][TRAIN] Epoch: [1][100/2480], Elapsed 0m 28s (remain 11m 20s), Accuracy: 40.000(21.584), Loss: 1.407(1.620), LR: 0.000009
[GPU cuda:1][TRAIN] Epoch: [1][150/2480], Elapsed 0m 43s (remain 11m 4s), Accuracy: 40.000(23.974), Loss: 1.637(1.604), LR: 0.000008
[GPU cuda:1][TRAIN] Epoch: [1][200/2480], Elapsed 0m 57s (remain 10m 49s), Accuracy: 0.000(25.473), Loss: 1.662(1.585), LR: 0.000007
[GPU cuda:1][TRAIN] Epoch: [1][250/2480], Elapsed 1m 11s (remain 10m 34s), Accuracy: 20.000(28.207), Loss: 1.302(1.550), LR: 0.000005
[GPU cuda:1][TRAIN] Epoch: [1][300/2480], Elapsed 1m 25s (remain 10m 20s), Accuracy: 0.000(29.967), Loss: 1.438(1.512), LR: 0.000004
[GPU cuda:1][TRAIN] Epoch: [1][350/2480], Elapsed 1m 39s (remain 10m 5s), Accuracy: 80.000(32.137), Loss: 0.676(1.472), LR: 0.000003
[GPU cuda:1][TRAIN] Epoch: [1][400/2480], Elapsed 1m 54s (remain 9m 51s), Accuracy: 60.000(34.065), Loss: 0.839(1.435), LR: 0.000002
[GPU cuda:1][TRAIN] Epoch: [1][450/2480], Elapsed 2m 8s (remain 9m 37s), Accuracy: 40.000(35.654), Loss: 1.185(1.406), LR: 0.000001
[GPU cuda:1][TRAIN] Epoch: [1][500/2480], Elapsed 2m 22s (remain 9m 22s), Accuracy: 40.000(37.086), Loss: 1.564(1.380), LR: 0.000010
[GPU cuda:1][TRAIN] Epoch: [1][550/2480], Elapsed 2m 36s (remain 9m 8s), Accuracy: 60.000(38.221), Loss: 1.041(1.363), LR: 0.000010
[GPU cuda:1][TRAIN] Epoch: [1][600/2480], Elapsed 2m 50s (remain 8m 54s), Accuracy: 100.000(39.368), Loss: 0.369(1.339), LR: 0.000010
[GPU cuda:1][TRAIN] Epoch: [1][650/2480], Elapsed 3m 5s (remain 8m 39s), Accuracy: 80.000(40.031), Loss: 0.657(1.327), LR: 0.000010
[GPU cuda:1][TRAIN] Epoch: [1][700/2480], Elapsed 3m 19s (remain 8m 25s), Accuracy: 40.000(40.628), Loss: 1.067(1.315), LR: 0.000010
[GPU cuda:1][TRAIN] Epoch: [1][750/2480], Elapsed 3m 33s (remain 8m 11s), Accuracy: 60.000(41.332), Loss: 1.075(1.303), LR: 0.000010
[GPU cuda:1][TRAIN] Epoch: [1][800/2480], Elapsed 3m 47s (remain 7m 57s), Accuracy: 40.000(42.272), Loss: 0.895(1.285), LR: 0.000010
[GPU cuda:1][TRAIN] Epoch: [1][850/2480], Elapsed 4m 1s (remain 7m 42s), Accuracy: 60.000(43.337), Loss: 1.081(1.264), LR: 0.000010
[GPU cuda:1][TRAIN] Epoch: [1][900/2480], Elapsed 4m 15s (remain 7m 28s), Accuracy: 60.000(44.306), Loss: 1.224(1.243), LR: 0.000009
[GPU cuda:1][TRAIN] Epoch: [1][950/2480], Elapsed 4m 30s (remain 7m 14s), Accuracy: 60.000(45.237), Loss: 0.959(1.227), LR: 0.000009
[GPU cuda:1][TRAIN] Epoch: [1][1000/2480], Elapsed 4m 44s (remain 7m 0s), Accuracy: 40.000(45.534), Loss: 1.111(1.216), LR: 0.000009
[GPU cuda:1][TRAIN] Epoch: [1][1050/2480], Elapsed 4m 58s (remain 6m 45s), Accuracy: 40.000(46.204), Loss: 1.131(1.206), LR: 0.000009
[GPU cuda:1][TRAIN] Epoch: [1][1100/2480], Elapsed 5m 12s (remain 6m 31s), Accuracy: 80.000(46.994), Loss: 0.766(1.190), LR: 0.000009
[GPU cuda:1][TRAIN] Epoch: [1][1150/2480], Elapsed 5m 26s (remain 6m 17s), Accuracy: 80.000(47.576), Loss: 0.811(1.179), LR: 0.000009
[GPU cuda:1][TRAIN] Epoch: [1][1200/2480], Elapsed 5m 40s (remain 6m 3s), Accuracy: 80.000(48.543), Loss: 0.899(1.162), LR: 0.000008
[GPU cuda:1][TRAIN] Epoch: [1][1250/2480], Elapsed 5m 55s (remain 5m 48s), Accuracy: 40.000(48.969), Loss: 0.984(1.153), LR: 0.000008
[GPU cuda:1][TRAIN] Epoch: [1][1300/2480], Elapsed 6m 9s (remain 5m 34s), Accuracy: 20.000(49.746), Loss: 1.454(1.139), LR: 0.000008
[GPU cuda:1][TRAIN] Epoch: [1][1350/2480], Elapsed 6m 23s (remain 5m 20s), Accuracy: 80.000(50.244), Loss: 0.343(1.130), LR: 0.000008
[GPU cuda:1][TRAIN] Epoch: [1][1400/2480], Elapsed 6m 37s (remain 5m 6s), Accuracy: 60.000(50.749), Loss: 0.739(1.122), LR: 0.000007
[GPU cuda:1][TRAIN] Epoch: [1][1450/2480], Elapsed 6m 51s (remain 4m 52s), Accuracy: 80.000(51.192), Loss: 0.830(1.113), LR: 0.000007
[GPU cuda:1][TRAIN] Epoch: [1][1500/2480], Elapsed 7m 5s (remain 4m 37s), Accuracy: 100.000(51.592), Loss: 0.206(1.106), LR: 0.000007
[GPU cuda:1][TRAIN] Epoch: [1][1550/2480], Elapsed 7m 20s (remain 4m 23s), Accuracy: 60.000(51.966), Loss: 0.872(1.098), LR: 0.000007
[GPU cuda:1][TRAIN] Epoch: [1][1600/2480], Elapsed 7m 34s (remain 4m 9s), Accuracy: 60.000(52.417), Loss: 0.708(1.088), LR: 0.000006
[GPU cuda:1][TRAIN] Epoch: [1][1650/2480], Elapsed 7m 48s (remain 3m 55s), Accuracy: 80.000(52.950), Loss: 0.304(1.076), LR: 0.000006
[GPU cuda:1][TRAIN] Epoch: [1][1700/2480], Elapsed 8m 2s (remain 3m 41s), Accuracy: 80.000(53.333), Loss: 0.523(1.069), LR: 0.000006
[GPU cuda:1][TRAIN] Epoch: [1][1750/2480], Elapsed 8m 16s (remain 3m 26s), Accuracy: 20.000(53.809), Loss: 1.592(1.062), LR: 0.000005
[GPU cuda:1][TRAIN] Epoch: [1][1800/2480], Elapsed 8m 30s (remain 3m 12s), Accuracy: 60.000(54.203), Loss: 0.877(1.054), LR: 0.000005
[GPU cuda:1][TRAIN] Epoch: [1][1850/2480], Elapsed 8m 45s (remain 2m 58s), Accuracy: 60.000(54.349), Loss: 1.022(1.049), LR: 0.000005
[GPU cuda:1][TRAIN] Epoch: [1][1900/2480], Elapsed 8m 59s (remain 2m 44s), Accuracy: 60.000(54.624), Loss: 0.627(1.042), LR: 0.000005
[GPU cuda:1][TRAIN] Epoch: [1][1950/2480], Elapsed 9m 13s (remain 2m 30s), Accuracy: 20.000(54.751), Loss: 0.923(1.039), LR: 0.000004
[GPU cuda:1][TRAIN] Epoch: [1][2000/2480], Elapsed 9m 27s (remain 2m 15s), Accuracy: 40.000(55.092), Loss: 0.909(1.033), LR: 0.000004
[GPU cuda:1][TRAIN] Epoch: [1][2050/2480], Elapsed 9m 41s (remain 2m 1s), Accuracy: 40.000(55.251), Loss: 1.340(1.030), LR: 0.000004
[GPU cuda:1][TRAIN] Epoch: [1][2100/2480], Elapsed 9m 55s (remain 1m 47s), Accuracy: 80.000(55.764), Loss: 0.521(1.021), LR: 0.000004
[GPU cuda:1][TRAIN] Epoch: [1][2150/2480], Elapsed 10m 9s (remain 1m 33s), Accuracy: 60.000(56.067), Loss: 1.074(1.014), LR: 0.000003
[GPU cuda:1][TRAIN] Epoch: [1][2200/2480], Elapsed 10m 24s (remain 1m 19s), Accuracy: 60.000(56.465), Loss: 0.913(1.008), LR: 0.000003
[GPU cuda:1][TRAIN] Epoch: [1][2250/2480], Elapsed 10m 38s (remain 1m 4s), Accuracy: 60.000(56.633), Loss: 0.931(1.004), LR: 0.000003
[GPU cuda:1][TRAIN] Epoch: [1][2300/2480], Elapsed 10m 52s (remain 0m 50s), Accuracy: 60.000(56.923), Loss: 0.685(0.998), LR: 0.000003
[GPU cuda:1][TRAIN] Epoch: [1][2350/2480], Elapsed 11m 6s (remain 0m 36s), Accuracy: 80.000(57.133), Loss: 0.633(0.995), LR: 0.000002
[GPU cuda:1][TRAIN] Epoch: [1][2400/2480], Elapsed 11m 20s (remain 0m 22s), Accuracy: 20.000(57.376), Loss: 1.448(0.990), LR: 0.000002
[GPU cuda:1][TRAIN] Epoch: [1][2450/2480], Elapsed 11m 34s (remain 0m 8s), Accuracy: 80.000(57.674), Loss: 0.693(0.985), LR: 0.000002
[GPU cuda:1][TRAIN] Epoch: [1][2479/2480], Elapsed 11m 43s (remain 0m 0s), Accuracy: 20.000(57.839), Loss: 2.242(0.982), LR: 0.000002
[GPU cuda:1][VALID][0/97], Elapsed 0m 1s (remain 2m 18s), Accuracy: 71.875(71.875), Batch Loss: 0.6749, Average Loss: 0.6749
[GPU cuda:1][VALID][50/97], Elapsed 0m 48s (remain 0m 43s), Accuracy: 68.750(71.814), Batch Loss: 0.5296, Average Loss: 0.7002
[GPU cuda:1][VALID][96/97], Elapsed 1m 32s (remain 0m 0s), Accuracy: 75.000(71.843), Batch Loss: 0.5497, Average Loss: 0.7068
Valid Labels Samples: [2 0 1 4 1 0 3 1 4 3]
Valid Predictions Samples: [2, 0, 1, 3, 1, 0, 3, 1, 3, 0]
Epoch 1 - Train Average Loss: 57.839, Valid Average Loss: 71.843, Epoch Time: 797.289s
Epoch 1 - Accuracy: 0.718, Precision: 0.728, Recall: 0.718
Saved Best Model: 0.72
[GPU cuda:1][TRAIN] Epoch: [2][0/2480], Elapsed 0m 0s (remain 26m 56s), Accuracy: 60.000(60.000), Loss: 1.054(1.054), LR: 0.000002
[GPU cuda:1][TRAIN] Epoch: [2][50/2480], Elapsed 0m 15s (remain 11m 57s), Accuracy: 60.000(74.118), Loss: 0.901(0.637), LR: 0.000002
[GPU cuda:1][TRAIN] Epoch: [2][100/2480], Elapsed 0m 29s (remain 11m 30s), Accuracy: 80.000(72.475), Loss: 0.831(0.689), LR: 0.000002
[GPU cuda:1][TRAIN] Epoch: [2][150/2480], Elapsed 0m 43s (remain 11m 11s), Accuracy: 60.000(70.728), Loss: 0.982(0.709), LR: 0.000001
[GPU cuda:1][TRAIN] Epoch: [2][200/2480], Elapsed 0m 57s (remain 10m 55s), Accuracy: 60.000(69.552), Loss: 0.703(0.733), LR: 0.000001
[GPU cuda:1][TRAIN] Epoch: [2][250/2480], Elapsed 1m 12s (remain 10m 39s), Accuracy: 100.000(70.120), Loss: 0.198(0.725), LR: 0.000001
[GPU cuda:1][TRAIN] Epoch: [2][300/2480], Elapsed 1m 26s (remain 10m 24s), Accuracy: 40.000(69.767), Loss: 1.199(0.728), LR: 0.000001
[GPU cuda:1][TRAIN] Epoch: [2][350/2480], Elapsed 1m 40s (remain 10m 10s), Accuracy: 80.000(69.516), Loss: 0.898(0.735), LR: 0.000001
[GPU cuda:1][TRAIN] Epoch: [2][400/2480], Elapsed 1m 54s (remain 9m 55s), Accuracy: 80.000(69.377), Loss: 0.561(0.735), LR: 0.000001
[GPU cuda:1][TRAIN] Epoch: [2][450/2480], Elapsed 2m 9s (remain 9m 40s), Accuracy: 80.000(69.756), Loss: 0.565(0.732), LR: 0.000001
[GPU cuda:1][TRAIN] Epoch: [2][500/2480], Elapsed 2m 23s (remain 9m 26s), Accuracy: 60.000(69.820), Loss: 0.942(0.729), LR: 0.000001
[GPU cuda:1][TRAIN] Epoch: [2][550/2480], Elapsed 2m 37s (remain 9m 11s), Accuracy: 100.000(69.691), Loss: 0.290(0.734), LR: 0.000010
[GPU cuda:1][TRAIN] Epoch: [2][600/2480], Elapsed 2m 51s (remain 8m 57s), Accuracy: 100.000(69.451), Loss: 0.148(0.746), LR: 0.000010
[GPU cuda:1][TRAIN] Epoch: [2][650/2480], Elapsed 3m 6s (remain 8m 42s), Accuracy: 100.000(69.002), Loss: 0.072(0.757), LR: 0.000010
[GPU cuda:1][TRAIN] Epoch: [2][700/2480], Elapsed 3m 20s (remain 8m 28s), Accuracy: 80.000(68.417), Loss: 0.578(0.768), LR: 0.000010
[GPU cuda:1][TRAIN] Epoch: [2][750/2480], Elapsed 3m 34s (remain 8m 14s), Accuracy: 80.000(68.176), Loss: 0.485(0.774), LR: 0.000010
[GPU cuda:1][TRAIN] Epoch: [2][800/2480], Elapsed 3m 48s (remain 7m 59s), Accuracy: 80.000(68.365), Loss: 0.417(0.770), LR: 0.000010
[GPU cuda:1][TRAIN] Epoch: [2][850/2480], Elapsed 4m 3s (remain 7m 45s), Accuracy: 60.000(68.531), Loss: 0.994(0.766), LR: 0.000010
[GPU cuda:1][TRAIN] Epoch: [2][900/2480], Elapsed 4m 17s (remain 7m 30s), Accuracy: 60.000(68.635), Loss: 1.323(0.764), LR: 0.000010
[GPU cuda:1][TRAIN] Epoch: [2][950/2480], Elapsed 4m 31s (remain 7m 16s), Accuracy: 80.000(68.601), Loss: 0.837(0.761), LR: 0.000010
[GPU cuda:1][TRAIN] Epoch: [2][1000/2480], Elapsed 4m 45s (remain 7m 1s), Accuracy: 80.000(68.352), Loss: 0.821(0.763), LR: 0.000010
[GPU cuda:1][TRAIN] Epoch: [2][1050/2480], Elapsed 4m 59s (remain 6m 47s), Accuracy: 40.000(68.145), Loss: 1.080(0.765), LR: 0.000010
[GPU cuda:1][TRAIN] Epoch: [2][1100/2480], Elapsed 5m 13s (remain 6m 33s), Accuracy: 80.000(68.320), Loss: 0.381(0.759), LR: 0.000010
[GPU cuda:1][TRAIN] Epoch: [2][1150/2480], Elapsed 5m 28s (remain 6m 18s), Accuracy: 40.000(68.306), Loss: 0.877(0.760), LR: 0.000010
[GPU cuda:1][TRAIN] Epoch: [2][1200/2480], Elapsed 5m 42s (remain 6m 4s), Accuracy: 80.000(68.143), Loss: 0.874(0.762), LR: 0.000010
[GPU cuda:1][TRAIN] Epoch: [2][1250/2480], Elapsed 5m 56s (remain 5m 50s), Accuracy: 40.000(68.058), Loss: 0.946(0.763), LR: 0.000010
[GPU cuda:1][TRAIN] Epoch: [2][1300/2480], Elapsed 6m 10s (remain 5m 36s), Accuracy: 60.000(68.071), Loss: 1.101(0.763), LR: 0.000010
[GPU cuda:1][TRAIN] Epoch: [2][1350/2480], Elapsed 6m 24s (remain 5m 21s), Accuracy: 100.000(68.216), Loss: 0.123(0.761), LR: 0.000010
[GPU cuda:1][TRAIN] Epoch: [2][1400/2480], Elapsed 6m 39s (remain 5m 7s), Accuracy: 100.000(68.123), Loss: 0.293(0.763), LR: 0.000010
[GPU cuda:1][TRAIN] Epoch: [2][1450/2480], Elapsed 6m 53s (remain 4m 53s), Accuracy: 80.000(68.243), Loss: 0.720(0.762), LR: 0.000010
[GPU cuda:1][TRAIN] Epoch: [2][1500/2480], Elapsed 7m 7s (remain 4m 38s), Accuracy: 100.000(68.208), Loss: 0.182(0.763), LR: 0.000010
[GPU cuda:1][TRAIN] Epoch: [2][1550/2480], Elapsed 7m 21s (remain 4m 24s), Accuracy: 60.000(68.072), Loss: 0.776(0.765), LR: 0.000010
[GPU cuda:1][TRAIN] Epoch: [2][1600/2480], Elapsed 7m 35s (remain 4m 10s), Accuracy: 80.000(68.195), Loss: 0.548(0.763), LR: 0.000010
[GPU cuda:1][TRAIN] Epoch: [2][1650/2480], Elapsed 7m 50s (remain 3m 56s), Accuracy: 80.000(68.346), Loss: 0.458(0.760), LR: 0.000010
[GPU cuda:1][TRAIN] Epoch: [2][1700/2480], Elapsed 8m 4s (remain 3m 41s), Accuracy: 80.000(68.383), Loss: 0.521(0.760), LR: 0.000010
[GPU cuda:1][TRAIN] Epoch: [2][1750/2480], Elapsed 8m 18s (remain 3m 27s), Accuracy: 60.000(68.475), Loss: 1.210(0.759), LR: 0.000010
[GPU cuda:1][TRAIN] Epoch: [2][1800/2480], Elapsed 8m 32s (remain 3m 13s), Accuracy: 60.000(68.484), Loss: 0.736(0.758), LR: 0.000010
[GPU cuda:1][TRAIN] Epoch: [2][1850/2480], Elapsed 8m 46s (remain 2m 59s), Accuracy: 60.000(68.406), Loss: 1.122(0.759), LR: 0.000010
[GPU cuda:1][TRAIN] Epoch: [2][1900/2480], Elapsed 9m 0s (remain 2m 44s), Accuracy: 60.000(68.448), Loss: 0.626(0.757), LR: 0.000010
[GPU cuda:1][TRAIN] Epoch: [2][1950/2480], Elapsed 9m 15s (remain 2m 30s), Accuracy: 100.000(68.303), Loss: 0.483(0.759), LR: 0.000010
[GPU cuda:1][TRAIN] Epoch: [2][2000/2480], Elapsed 9m 29s (remain 2m 16s), Accuracy: 20.000(68.286), Loss: 1.628(0.759), LR: 0.000010
[GPU cuda:1][TRAIN] Epoch: [2][2050/2480], Elapsed 9m 43s (remain 2m 2s), Accuracy: 40.000(68.220), Loss: 1.132(0.762), LR: 0.000010
[GPU cuda:1][TRAIN] Epoch: [2][2100/2480], Elapsed 9m 57s (remain 1m 47s), Accuracy: 80.000(68.348), Loss: 1.043(0.759), LR: 0.000010
[GPU cuda:1][TRAIN] Epoch: [2][2150/2480], Elapsed 10m 11s (remain 1m 33s), Accuracy: 80.000(68.415), Loss: 0.803(0.758), LR: 0.000010
[GPU cuda:1][TRAIN] Epoch: [2][2200/2480], Elapsed 10m 25s (remain 1m 19s), Accuracy: 60.000(68.478), Loss: 0.855(0.757), LR: 0.000010
[GPU cuda:1][TRAIN] Epoch: [2][2250/2480], Elapsed 10m 40s (remain 1m 5s), Accuracy: 60.000(68.450), Loss: 0.844(0.757), LR: 0.000010
[GPU cuda:1][TRAIN] Epoch: [2][2300/2480], Elapsed 10m 54s (remain 0m 50s), Accuracy: 80.000(68.475), Loss: 0.404(0.756), LR: 0.000010
[GPU cuda:1][TRAIN] Epoch: [2][2350/2480], Elapsed 11m 8s (remain 0m 36s), Accuracy: 80.000(68.490), Loss: 0.684(0.757), LR: 0.000010
[GPU cuda:1][TRAIN] Epoch: [2][2400/2480], Elapsed 11m 22s (remain 0m 22s), Accuracy: 40.000(68.488), Loss: 1.356(0.756), LR: 0.000010
[GPU cuda:1][TRAIN] Epoch: [2][2450/2480], Elapsed 11m 36s (remain 0m 8s), Accuracy: 80.000(68.560), Loss: 0.547(0.756), LR: 0.000009
[GPU cuda:1][TRAIN] Epoch: [2][2479/2480], Elapsed 11m 45s (remain 0m 0s), Accuracy: 40.000(68.589), Loss: 1.917(0.755), LR: 0.000009
[GPU cuda:1][VALID][0/97], Elapsed 0m 1s (remain 2m 12s), Accuracy: 68.750(68.750), Batch Loss: 0.7757, Average Loss: 0.7757
[GPU cuda:1][VALID][50/97], Elapsed 0m 48s (remain 0m 43s), Accuracy: 71.875(71.569), Batch Loss: 0.5871, Average Loss: 0.7006
[GPU cuda:1][VALID][96/97], Elapsed 1m 32s (remain 0m 0s), Accuracy: 78.571(71.300), Batch Loss: 0.5463, Average Loss: 0.7058
Valid Labels Samples: [2 0 1 4 1 0 3 1 4 3]
Valid Predictions Samples: [2, 0, 1, 3, 1, 0, 3, 1, 3, 4]
Epoch 2 - Train Average Loss: 68.589, Valid Average Loss: 71.300, Epoch Time: 799.303s
Epoch 2 - Accuracy: 0.713, Precision: 0.731, Recall: 0.713
[GPU cuda:1][TRAIN] Epoch: [3][0/2480], Elapsed 0m 0s (remain 26m 19s), Accuracy: 80.000(80.000), Loss: 0.949(0.949), LR: 0.000009
[GPU cuda:1][TRAIN] Epoch: [3][50/2480], Elapsed 0m 15s (remain 11m 56s), Accuracy: 60.000(70.588), Loss: 0.934(0.659), LR: 0.000009
[GPU cuda:1][TRAIN] Epoch: [3][100/2480], Elapsed 0m 29s (remain 11m 28s), Accuracy: 80.000(71.287), Loss: 0.903(0.690), LR: 0.000009
[GPU cuda:1][TRAIN] Epoch: [3][150/2480], Elapsed 0m 43s (remain 11m 9s), Accuracy: 20.000(70.861), Loss: 1.202(0.705), LR: 0.000009
[GPU cuda:1][TRAIN] Epoch: [3][200/2480], Elapsed 0m 57s (remain 10m 53s), Accuracy: 60.000(70.149), Loss: 0.778(0.727), LR: 0.000009
[GPU cuda:1][TRAIN] Epoch: [3][250/2480], Elapsed 1m 11s (remain 10m 37s), Accuracy: 80.000(69.960), Loss: 0.305(0.735), LR: 0.000009
[GPU cuda:1][TRAIN] Epoch: [3][300/2480], Elapsed 1m 25s (remain 10m 21s), Accuracy: 0.000(69.435), Loss: 1.444(0.737), LR: 0.000009
[GPU cuda:1][TRAIN] Epoch: [3][350/2480], Elapsed 1m 40s (remain 10m 6s), Accuracy: 80.000(68.775), Loss: 0.938(0.748), LR: 0.000009
[GPU cuda:1][TRAIN] Epoch: [3][400/2480], Elapsed 1m 54s (remain 9m 52s), Accuracy: 60.000(69.127), Loss: 0.600(0.742), LR: 0.000009
[GPU cuda:1][TRAIN] Epoch: [3][450/2480], Elapsed 2m 8s (remain 9m 37s), Accuracy: 40.000(69.579), Loss: 0.887(0.735), LR: 0.000009
[GPU cuda:1][TRAIN] Epoch: [3][500/2480], Elapsed 2m 22s (remain 9m 23s), Accuracy: 20.000(69.980), Loss: 1.302(0.726), LR: 0.000009
[GPU cuda:1][TRAIN] Epoch: [3][550/2480], Elapsed 2m 36s (remain 9m 8s), Accuracy: 100.000(70.018), Loss: 0.183(0.729), LR: 0.000009
[GPU cuda:1][TRAIN] Epoch: [3][600/2480], Elapsed 2m 50s (remain 8m 54s), Accuracy: 100.000(69.917), Loss: 0.051(0.731), LR: 0.000009
[GPU cuda:1][TRAIN] Epoch: [3][650/2480], Elapsed 3m 5s (remain 8m 40s), Accuracy: 100.000(69.708), Loss: 0.064(0.734), LR: 0.000009
[GPU cuda:1][TRAIN] Epoch: [3][700/2480], Elapsed 3m 19s (remain 8m 25s), Accuracy: 100.000(69.815), Loss: 0.459(0.737), LR: 0.000009
[GPU cuda:1][TRAIN] Epoch: [3][750/2480], Elapsed 3m 33s (remain 8m 11s), Accuracy: 80.000(69.774), Loss: 0.329(0.736), LR: 0.000009
[GPU cuda:1][TRAIN] Epoch: [3][800/2480], Elapsed 3m 47s (remain 7m 57s), Accuracy: 60.000(70.037), Loss: 0.451(0.732), LR: 0.000009
[GPU cuda:1][TRAIN] Epoch: [3][850/2480], Elapsed 4m 1s (remain 7m 42s), Accuracy: 60.000(70.317), Loss: 0.803(0.724), LR: 0.000009
[GPU cuda:1][TRAIN] Epoch: [3][900/2480], Elapsed 4m 15s (remain 7m 28s), Accuracy: 80.000(70.633), Loss: 0.967(0.718), LR: 0.000009
[GPU cuda:1][TRAIN] Epoch: [3][950/2480], Elapsed 4m 30s (remain 7m 14s), Accuracy: 60.000(70.641), Loss: 0.978(0.715), LR: 0.000009
[GPU cuda:1][TRAIN] Epoch: [3][1000/2480], Elapsed 4m 44s (remain 7m 0s), Accuracy: 60.000(70.470), Loss: 0.881(0.716), LR: 0.000009
[GPU cuda:1][TRAIN] Epoch: [3][1050/2480], Elapsed 4m 58s (remain 6m 45s), Accuracy: 80.000(70.695), Loss: 0.688(0.713), LR: 0.000009
[GPU cuda:1][TRAIN] Epoch: [3][1100/2480], Elapsed 5m 12s (remain 6m 31s), Accuracy: 80.000(70.863), Loss: 0.301(0.708), LR: 0.000009
[GPU cuda:1][TRAIN] Epoch: [3][1150/2480], Elapsed 5m 27s (remain 6m 17s), Accuracy: 40.000(70.930), Loss: 1.119(0.706), LR: 0.000009
[GPU cuda:1][TRAIN] Epoch: [3][1200/2480], Elapsed 5m 41s (remain 6m 3s), Accuracy: 100.000(70.991), Loss: 0.557(0.704), LR: 0.000009
[GPU cuda:1][TRAIN] Epoch: [3][1250/2480], Elapsed 5m 55s (remain 5m 49s), Accuracy: 40.000(70.903), Loss: 0.739(0.704), LR: 0.000009
[GPU cuda:1][TRAIN] Epoch: [3][1300/2480], Elapsed 6m 9s (remain 5m 35s), Accuracy: 80.000(71.007), Loss: 0.765(0.701), LR: 0.000009
[GPU cuda:1][TRAIN] Epoch: [3][1350/2480], Elapsed 6m 24s (remain 5m 20s), Accuracy: 100.000(71.132), Loss: 0.074(0.697), LR: 0.000009
[GPU cuda:1][TRAIN] Epoch: [3][1400/2480], Elapsed 6m 38s (remain 5m 6s), Accuracy: 100.000(71.092), Loss: 0.262(0.697), LR: 0.000008
[GPU cuda:1][TRAIN] Epoch: [3][1450/2480], Elapsed 6m 52s (remain 4m 52s), Accuracy: 80.000(71.316), Loss: 0.532(0.693), LR: 0.000008
[GPU cuda:1][TRAIN] Epoch: [3][1500/2480], Elapsed 7m 6s (remain 4m 38s), Accuracy: 100.000(71.339), Loss: 0.217(0.693), LR: 0.000008
[GPU cuda:1][TRAIN] Epoch: [3][1550/2480], Elapsed 7m 20s (remain 4m 24s), Accuracy: 80.000(71.322), Loss: 0.474(0.692), LR: 0.000008
[GPU cuda:1][TRAIN] Epoch: [3][1600/2480], Elapsed 7m 35s (remain 4m 9s), Accuracy: 80.000(71.418), Loss: 0.471(0.691), LR: 0.000008
[GPU cuda:1][TRAIN] Epoch: [3][1650/2480], Elapsed 7m 49s (remain 3m 55s), Accuracy: 80.000(71.581), Loss: 0.413(0.687), LR: 0.000008
[GPU cuda:1][TRAIN] Epoch: [3][1700/2480], Elapsed 8m 3s (remain 3m 41s), Accuracy: 80.000(71.605), Loss: 0.353(0.687), LR: 0.000008
[GPU cuda:1][TRAIN] Epoch: [3][1750/2480], Elapsed 8m 17s (remain 3m 27s), Accuracy: 40.000(71.639), Loss: 1.093(0.687), LR: 0.000008
[GPU cuda:1][TRAIN] Epoch: [3][1800/2480], Elapsed 8m 32s (remain 3m 13s), Accuracy: 80.000(71.782), Loss: 0.474(0.684), LR: 0.000008
[GPU cuda:1][TRAIN] Epoch: [3][1850/2480], Elapsed 8m 46s (remain 2m 58s), Accuracy: 60.000(71.842), Loss: 0.604(0.684), LR: 0.000008
[GPU cuda:1][TRAIN] Epoch: [3][1900/2480], Elapsed 9m 0s (remain 2m 44s), Accuracy: 60.000(71.825), Loss: 0.686(0.683), LR: 0.000008
[GPU cuda:1][TRAIN] Epoch: [3][1950/2480], Elapsed 9m 14s (remain 2m 30s), Accuracy: 80.000(71.666), Loss: 0.573(0.686), LR: 0.000008
[GPU cuda:1][TRAIN] Epoch: [3][2000/2480], Elapsed 9m 29s (remain 2m 16s), Accuracy: 80.000(71.634), Loss: 0.756(0.686), LR: 0.000008
[GPU cuda:1][TRAIN] Epoch: [3][2050/2480], Elapsed 9m 43s (remain 2m 2s), Accuracy: 60.000(71.536), Loss: 0.989(0.688), LR: 0.000008
[GPU cuda:1][TRAIN] Epoch: [3][2100/2480], Elapsed 9m 57s (remain 1m 47s), Accuracy: 100.000(71.756), Loss: 0.203(0.684), LR: 0.000008
[GPU cuda:1][TRAIN] Epoch: [3][2150/2480], Elapsed 10m 11s (remain 1m 33s), Accuracy: 80.000(71.836), Loss: 0.520(0.681), LR: 0.000008
[GPU cuda:1][TRAIN] Epoch: [3][2200/2480], Elapsed 10m 26s (remain 1m 19s), Accuracy: 60.000(71.904), Loss: 0.800(0.680), LR: 0.000008
[GPU cuda:1][TRAIN] Epoch: [3][2250/2480], Elapsed 10m 40s (remain 1m 5s), Accuracy: 60.000(71.879), Loss: 0.809(0.680), LR: 0.000008
[GPU cuda:1][TRAIN] Epoch: [3][2300/2480], Elapsed 10m 54s (remain 0m 50s), Accuracy: 80.000(71.977), Loss: 0.409(0.680), LR: 0.000008
[GPU cuda:1][TRAIN] Epoch: [3][2350/2480], Elapsed 11m 8s (remain 0m 36s), Accuracy: 60.000(71.910), Loss: 0.820(0.682), LR: 0.000008
[GPU cuda:1][TRAIN] Epoch: [3][2400/2480], Elapsed 11m 23s (remain 0m 22s), Accuracy: 60.000(71.995), Loss: 1.291(0.682), LR: 0.000008
[GPU cuda:1][TRAIN] Epoch: [3][2450/2480], Elapsed 11m 37s (remain 0m 8s), Accuracy: 80.000(72.085), Loss: 0.460(0.680), LR: 0.000008
[GPU cuda:1][TRAIN] Epoch: [3][2479/2480], Elapsed 11m 45s (remain 0m 0s), Accuracy: 40.000(72.081), Loss: 2.123(0.680), LR: 0.000007
[GPU cuda:1][VALID][0/97], Elapsed 0m 1s (remain 2m 13s), Accuracy: 68.750(68.750), Batch Loss: 0.8077, Average Loss: 0.8077
[GPU cuda:1][VALID][50/97], Elapsed 0m 48s (remain 0m 44s), Accuracy: 75.000(73.407), Batch Loss: 0.4378, Average Loss: 0.6629
[GPU cuda:1][VALID][96/97], Elapsed 1m 33s (remain 0m 0s), Accuracy: 78.571(72.782), Batch Loss: 0.4485, Average Loss: 0.6720
Valid Labels Samples: [2 0 1 4 1 0 3 1 4 3]
Valid Predictions Samples: [2, 0, 1, 3, 1, 0, 3, 1, 3, 0]
Epoch 3 - Train Average Loss: 72.081, Valid Average Loss: 72.782, Epoch Time: 800.979s
Epoch 3 - Accuracy: 0.728, Precision: 0.728, Recall: 0.728
Saved Best Model: 0.73
[GPU cuda:1][TRAIN] Epoch: [4][0/2480], Elapsed 0m 0s (remain 26m 54s), Accuracy: 80.000(80.000), Loss: 0.713(0.713), LR: 0.000007
[GPU cuda:1][TRAIN] Epoch: [4][50/2480], Elapsed 0m 15s (remain 12m 1s), Accuracy: 60.000(77.255), Loss: 0.883(0.555), LR: 0.000007
[GPU cuda:1][TRAIN] Epoch: [4][100/2480], Elapsed 0m 29s (remain 11m 34s), Accuracy: 80.000(75.644), Loss: 1.024(0.599), LR: 0.000007
[GPU cuda:1][TRAIN] Epoch: [4][150/2480], Elapsed 0m 43s (remain 11m 14s), Accuracy: 60.000(74.702), Loss: 0.770(0.619), LR: 0.000007
[GPU cuda:1][TRAIN] Epoch: [4][200/2480], Elapsed 0m 57s (remain 10m 57s), Accuracy: 60.000(73.632), Loss: 0.648(0.640), LR: 0.000007
[GPU cuda:1][TRAIN] Epoch: [4][250/2480], Elapsed 1m 12s (remain 10m 41s), Accuracy: 100.000(74.263), Loss: 0.092(0.635), LR: 0.000007
[GPU cuda:1][TRAIN] Epoch: [4][300/2480], Elapsed 1m 26s (remain 10m 25s), Accuracy: 20.000(73.953), Loss: 1.497(0.646), LR: 0.000007
[GPU cuda:1][TRAIN] Epoch: [4][350/2480], Elapsed 1m 40s (remain 10m 10s), Accuracy: 80.000(73.390), Loss: 0.966(0.657), LR: 0.000007
[GPU cuda:1][TRAIN] Epoch: [4][400/2480], Elapsed 1m 54s (remain 9m 55s), Accuracy: 100.000(73.367), Loss: 0.471(0.656), LR: 0.000007
[GPU cuda:1][TRAIN] Epoch: [4][450/2480], Elapsed 2m 9s (remain 9m 41s), Accuracy: 60.000(73.659), Loss: 0.780(0.655), LR: 0.000007
[GPU cuda:1][TRAIN] Epoch: [4][500/2480], Elapsed 2m 23s (remain 9m 26s), Accuracy: 40.000(74.012), Loss: 1.130(0.646), LR: 0.000007
[GPU cuda:1][TRAIN] Epoch: [4][550/2480], Elapsed 2m 37s (remain 9m 11s), Accuracy: 100.000(73.829), Loss: 0.111(0.649), LR: 0.000007
[GPU cuda:1][TRAIN] Epoch: [4][600/2480], Elapsed 2m 51s (remain 8m 57s), Accuracy: 100.000(73.677), Loss: 0.039(0.651), LR: 0.000007
[GPU cuda:1][TRAIN] Epoch: [4][650/2480], Elapsed 3m 6s (remain 8m 42s), Accuracy: 100.000(73.825), Loss: 0.059(0.650), LR: 0.000007
[GPU cuda:1][TRAIN] Epoch: [4][700/2480], Elapsed 3m 20s (remain 8m 28s), Accuracy: 100.000(73.552), Loss: 0.354(0.654), LR: 0.000007
[GPU cuda:1][TRAIN] Epoch: [4][750/2480], Elapsed 3m 34s (remain 8m 13s), Accuracy: 100.000(73.662), Loss: 0.153(0.653), LR: 0.000007
[GPU cuda:1][TRAIN] Epoch: [4][800/2480], Elapsed 3m 48s (remain 7m 59s), Accuracy: 100.000(73.983), Loss: 0.411(0.649), LR: 0.000007
[GPU cuda:1][TRAIN] Epoch: [4][850/2480], Elapsed 4m 2s (remain 7m 45s), Accuracy: 60.000(74.219), Loss: 0.679(0.644), LR: 0.000007
[GPU cuda:1][TRAIN] Epoch: [4][900/2480], Elapsed 4m 17s (remain 7m 30s), Accuracy: 80.000(74.251), Loss: 0.815(0.642), LR: 0.000007
[GPU cuda:1][TRAIN] Epoch: [4][950/2480], Elapsed 4m 31s (remain 7m 16s), Accuracy: 80.000(74.385), Loss: 0.684(0.636), LR: 0.000006
[GPU cuda:1][TRAIN] Epoch: [4][1000/2480], Elapsed 4m 45s (remain 7m 1s), Accuracy: 60.000(74.206), Loss: 0.790(0.636), LR: 0.000006
[GPU cuda:1][TRAIN] Epoch: [4][1050/2480], Elapsed 4m 59s (remain 6m 47s), Accuracy: 60.000(74.348), Loss: 0.745(0.635), LR: 0.000006
[GPU cuda:1][TRAIN] Epoch: [4][1100/2480], Elapsed 5m 14s (remain 6m 33s), Accuracy: 80.000(74.587), Loss: 0.243(0.628), LR: 0.000006
[GPU cuda:1][TRAIN] Epoch: [4][1150/2480], Elapsed 5m 28s (remain 6m 18s), Accuracy: 60.000(74.700), Loss: 1.353(0.626), LR: 0.000006
[GPU cuda:1][TRAIN] Epoch: [4][1200/2480], Elapsed 5m 42s (remain 6m 4s), Accuracy: 80.000(74.738), Loss: 1.071(0.623), LR: 0.000006
[GPU cuda:1][TRAIN] Epoch: [4][1250/2480], Elapsed 5m 56s (remain 5m 50s), Accuracy: 40.000(74.644), Loss: 0.816(0.624), LR: 0.000006
[GPU cuda:1][TRAIN] Epoch: [4][1300/2480], Elapsed 6m 10s (remain 5m 36s), Accuracy: 80.000(74.727), Loss: 0.712(0.621), LR: 0.000006
[GPU cuda:1][TRAIN] Epoch: [4][1350/2480], Elapsed 6m 25s (remain 5m 21s), Accuracy: 100.000(74.863), Loss: 0.077(0.618), LR: 0.000006
[GPU cuda:1][TRAIN] Epoch: [4][1400/2480], Elapsed 6m 39s (remain 5m 7s), Accuracy: 100.000(74.832), Loss: 0.172(0.618), LR: 0.000006
[GPU cuda:1][TRAIN] Epoch: [4][1450/2480], Elapsed 6m 53s (remain 4m 53s), Accuracy: 100.000(75.038), Loss: 0.291(0.615), LR: 0.000006
[GPU cuda:1][TRAIN] Epoch: [4][1500/2480], Elapsed 7m 7s (remain 4m 38s), Accuracy: 100.000(75.110), Loss: 0.142(0.614), LR: 0.000006
[GPU cuda:1][TRAIN] Epoch: [4][1550/2480], Elapsed 7m 21s (remain 4m 24s), Accuracy: 100.000(75.255), Loss: 0.213(0.613), LR: 0.000006
[GPU cuda:1][TRAIN] Epoch: [4][1600/2480], Elapsed 7m 36s (remain 4m 10s), Accuracy: 80.000(75.253), Loss: 0.474(0.611), LR: 0.000006
[GPU cuda:1][TRAIN] Epoch: [4][1650/2480], Elapsed 7m 50s (remain 3m 56s), Accuracy: 100.000(75.336), Loss: 0.227(0.608), LR: 0.000006
[GPU cuda:1][TRAIN] Epoch: [4][1700/2480], Elapsed 8m 4s (remain 3m 41s), Accuracy: 80.000(75.379), Loss: 0.349(0.609), LR: 0.000006
[GPU cuda:1][TRAIN] Epoch: [4][1750/2480], Elapsed 8m 18s (remain 3m 27s), Accuracy: 60.000(75.431), Loss: 1.122(0.609), LR: 0.000006
[GPU cuda:1][TRAIN] Epoch: [4][1800/2480], Elapsed 8m 32s (remain 3m 13s), Accuracy: 80.000(75.547), Loss: 0.215(0.606), LR: 0.000006
[GPU cuda:1][TRAIN] Epoch: [4][1850/2480], Elapsed 8m 46s (remain 2m 59s), Accuracy: 80.000(75.548), Loss: 0.631(0.605), LR: 0.000005
[GPU cuda:1][TRAIN] Epoch: [4][1900/2480], Elapsed 9m 1s (remain 2m 44s), Accuracy: 60.000(75.592), Loss: 0.857(0.604), LR: 0.000005
[GPU cuda:1][TRAIN] Epoch: [4][1950/2480], Elapsed 9m 15s (remain 2m 30s), Accuracy: 100.000(75.407), Loss: 0.387(0.607), LR: 0.000005
[GPU cuda:1][TRAIN] Epoch: [4][2000/2480], Elapsed 9m 29s (remain 2m 16s), Accuracy: 80.000(75.402), Loss: 0.839(0.607), LR: 0.000005
[GPU cuda:1][TRAIN] Epoch: [4][2050/2480], Elapsed 9m 43s (remain 2m 2s), Accuracy: 40.000(75.436), Loss: 1.049(0.607), LR: 0.000005
[GPU cuda:1][TRAIN] Epoch: [4][2100/2480], Elapsed 9m 57s (remain 1m 47s), Accuracy: 80.000(75.583), Loss: 0.492(0.604), LR: 0.000005
[GPU cuda:1][TRAIN] Epoch: [4][2150/2480], Elapsed 10m 12s (remain 1m 33s), Accuracy: 80.000(75.686), Loss: 0.519(0.600), LR: 0.000005
[GPU cuda:1][TRAIN] Epoch: [4][2200/2480], Elapsed 10m 26s (remain 1m 19s), Accuracy: 40.000(75.720), Loss: 1.185(0.600), LR: 0.000005
[GPU cuda:1][TRAIN] Epoch: [4][2250/2480], Elapsed 10m 40s (remain 1m 5s), Accuracy: 80.000(75.646), Loss: 1.010(0.601), LR: 0.000005
[GPU cuda:1][TRAIN] Epoch: [4][2300/2480], Elapsed 10m 54s (remain 0m 50s), Accuracy: 60.000(75.680), Loss: 0.583(0.600), LR: 0.000005
[GPU cuda:1][TRAIN] Epoch: [4][2350/2480], Elapsed 11m 8s (remain 0m 36s), Accuracy: 60.000(75.670), Loss: 0.652(0.601), LR: 0.000005
[GPU cuda:1][TRAIN] Epoch: [4][2400/2480], Elapsed 11m 23s (remain 0m 22s), Accuracy: 60.000(75.735), Loss: 1.069(0.600), LR: 0.000005
[GPU cuda:1][TRAIN] Epoch: [4][2450/2480], Elapsed 11m 37s (remain 0m 8s), Accuracy: 80.000(75.798), Loss: 0.485(0.599), LR: 0.000005
[GPU cuda:1][TRAIN] Epoch: [4][2479/2480], Elapsed 11m 45s (remain 0m 0s), Accuracy: 40.000(75.806), Loss: 2.109(0.600), LR: 0.000005
[GPU cuda:1][VALID][0/97], Elapsed 0m 1s (remain 2m 17s), Accuracy: 84.375(84.375), Batch Loss: 0.6447, Average Loss: 0.6447
[GPU cuda:1][VALID][50/97], Elapsed 0m 48s (remain 0m 43s), Accuracy: 78.125(74.203), Batch Loss: 0.3716, Average Loss: 0.6586
[GPU cuda:1][VALID][96/97], Elapsed 1m 32s (remain 0m 0s), Accuracy: 78.571(74.006), Batch Loss: 0.4968, Average Loss: 0.6655
Valid Labels Samples: [2 0 1 4 1 0 3 1 4 3]
Valid Predictions Samples: [2, 0, 1, 3, 1, 0, 3, 1, 3, 0]
Epoch 4 - Train Average Loss: 75.806, Valid Average Loss: 74.006, Epoch Time: 799.908s
Epoch 4 - Accuracy: 0.740, Precision: 0.746, Recall: 0.740
Saved Best Model: 0.74
[GPU cuda:1][TRAIN] Epoch: [5][0/2480], Elapsed 0m 0s (remain 26m 25s), Accuracy: 80.000(80.000), Loss: 0.565(0.565), LR: 0.000005
[GPU cuda:1][TRAIN] Epoch: [5][50/2480], Elapsed 0m 15s (remain 11m 54s), Accuracy: 60.000(80.784), Loss: 0.741(0.488), LR: 0.000005
[GPU cuda:1][TRAIN] Epoch: [5][100/2480], Elapsed 0m 29s (remain 11m 28s), Accuracy: 80.000(78.218), Loss: 0.711(0.532), LR: 0.000005
[GPU cuda:1][TRAIN] Epoch: [5][150/2480], Elapsed 0m 43s (remain 11m 9s), Accuracy: 80.000(77.748), Loss: 0.731(0.549), LR: 0.000005
[GPU cuda:1][TRAIN] Epoch: [5][200/2480], Elapsed 0m 57s (remain 10m 53s), Accuracy: 60.000(76.716), Loss: 0.569(0.574), LR: 0.000005
[GPU cuda:1][TRAIN] Epoch: [5][250/2480], Elapsed 1m 11s (remain 10m 37s), Accuracy: 100.000(77.291), Loss: 0.169(0.570), LR: 0.000004
[GPU cuda:1][TRAIN] Epoch: [5][300/2480], Elapsed 1m 25s (remain 10m 22s), Accuracy: 60.000(77.010), Loss: 1.127(0.573), LR: 0.000004
[GPU cuda:1][TRAIN] Epoch: [5][350/2480], Elapsed 1m 40s (remain 10m 7s), Accuracy: 80.000(76.296), Loss: 0.913(0.582), LR: 0.000004
[GPU cuda:1][TRAIN] Epoch: [5][400/2480], Elapsed 1m 54s (remain 9m 52s), Accuracy: 100.000(76.559), Loss: 0.380(0.577), LR: 0.000004
[GPU cuda:1][TRAIN] Epoch: [5][450/2480], Elapsed 2m 8s (remain 9m 37s), Accuracy: 80.000(76.896), Loss: 0.671(0.574), LR: 0.000004
[GPU cuda:1][TRAIN] Epoch: [5][500/2480], Elapsed 2m 22s (remain 9m 23s), Accuracy: 40.000(77.126), Loss: 1.048(0.566), LR: 0.000004
[GPU cuda:1][TRAIN] Epoch: [5][550/2480], Elapsed 2m 36s (remain 9m 8s), Accuracy: 100.000(77.387), Loss: 0.132(0.568), LR: 0.000004
[GPU cuda:1][TRAIN] Epoch: [5][600/2480], Elapsed 2m 50s (remain 8m 54s), Accuracy: 100.000(77.271), Loss: 0.049(0.574), LR: 0.000004
[GPU cuda:1][TRAIN] Epoch: [5][650/2480], Elapsed 3m 5s (remain 8m 40s), Accuracy: 100.000(77.204), Loss: 0.018(0.576), LR: 0.000004
[GPU cuda:1][TRAIN] Epoch: [5][700/2480], Elapsed 3m 19s (remain 8m 25s), Accuracy: 80.000(76.976), Loss: 0.279(0.580), LR: 0.000004
[GPU cuda:1][TRAIN] Epoch: [5][750/2480], Elapsed 3m 33s (remain 8m 11s), Accuracy: 100.000(77.044), Loss: 0.150(0.579), LR: 0.000004
[GPU cuda:1][TRAIN] Epoch: [5][800/2480], Elapsed 3m 47s (remain 7m 57s), Accuracy: 100.000(77.303), Loss: 0.270(0.576), LR: 0.000004
[GPU cuda:1][TRAIN] Epoch: [5][850/2480], Elapsed 4m 1s (remain 7m 42s), Accuracy: 60.000(77.415), Loss: 0.692(0.571), LR: 0.000004
[GPU cuda:1][TRAIN] Epoch: [5][900/2480], Elapsed 4m 15s (remain 7m 28s), Accuracy: 80.000(77.558), Loss: 0.546(0.567), LR: 0.000004
[GPU cuda:1][TRAIN] Epoch: [5][950/2480], Elapsed 4m 30s (remain 7m 14s), Accuracy: 80.000(77.729), Loss: 0.737(0.561), LR: 0.000004
[GPU cuda:1][TRAIN] Epoch: [5][1000/2480], Elapsed 4m 44s (remain 6m 59s), Accuracy: 60.000(77.662), Loss: 0.774(0.558), LR: 0.000004
[GPU cuda:1][TRAIN] Epoch: [5][1050/2480], Elapsed 4m 58s (remain 6m 45s), Accuracy: 40.000(77.850), Loss: 1.018(0.556), LR: 0.000004
[GPU cuda:1][TRAIN] Epoch: [5][1100/2480], Elapsed 5m 12s (remain 6m 31s), Accuracy: 80.000(77.947), Loss: 0.229(0.550), LR: 0.000004
[GPU cuda:1][TRAIN] Epoch: [5][1150/2480], Elapsed 5m 26s (remain 6m 17s), Accuracy: 80.000(77.984), Loss: 0.628(0.549), LR: 0.000004
[GPU cuda:1][TRAIN] Epoch: [5][1200/2480], Elapsed 5m 40s (remain 6m 2s), Accuracy: 100.000(78.185), Loss: 0.393(0.544), LR: 0.000003
[GPU cuda:1][TRAIN] Epoch: [5][1250/2480], Elapsed 5m 54s (remain 5m 48s), Accuracy: 40.000(78.145), Loss: 0.940(0.543), LR: 0.000003
[GPU cuda:1][TRAIN] Epoch: [5][1300/2480], Elapsed 6m 9s (remain 5m 34s), Accuracy: 80.000(78.294), Loss: 0.511(0.540), LR: 0.000003
[GPU cuda:1][TRAIN] Epoch: [5][1350/2480], Elapsed 6m 23s (remain 5m 20s), Accuracy: 100.000(78.431), Loss: 0.077(0.537), LR: 0.000003
[GPU cuda:1][TRAIN] Epoch: [5][1400/2480], Elapsed 6m 37s (remain 5m 6s), Accuracy: 100.000(78.315), Loss: 0.118(0.537), LR: 0.000003
[GPU cuda:1][TRAIN] Epoch: [5][1450/2480], Elapsed 6m 51s (remain 4m 51s), Accuracy: 100.000(78.456), Loss: 0.266(0.536), LR: 0.000003
[GPU cuda:1][TRAIN] Epoch: [5][1500/2480], Elapsed 7m 5s (remain 4m 37s), Accuracy: 100.000(78.548), Loss: 0.138(0.534), LR: 0.000003
[GPU cuda:1][TRAIN] Epoch: [5][1550/2480], Elapsed 7m 19s (remain 4m 23s), Accuracy: 80.000(78.569), Loss: 0.455(0.533), LR: 0.000003
[GPU cuda:1][TRAIN] Epoch: [5][1600/2480], Elapsed 7m 34s (remain 4m 9s), Accuracy: 80.000(78.651), Loss: 0.450(0.532), LR: 0.000003
[GPU cuda:1][TRAIN] Epoch: [5][1650/2480], Elapsed 7m 48s (remain 3m 55s), Accuracy: 100.000(78.801), Loss: 0.206(0.529), LR: 0.000003
[GPU cuda:1][TRAIN] Epoch: [5][1700/2480], Elapsed 8m 2s (remain 3m 40s), Accuracy: 80.000(78.742), Loss: 0.399(0.530), LR: 0.000003
[GPU cuda:1][TRAIN] Epoch: [5][1750/2480], Elapsed 8m 16s (remain 3m 26s), Accuracy: 60.000(78.835), Loss: 1.040(0.529), LR: 0.000003
[GPU cuda:1][TRAIN] Epoch: [5][1800/2480], Elapsed 8m 30s (remain 3m 12s), Accuracy: 80.000(78.890), Loss: 0.272(0.527), LR: 0.000003
[GPU cuda:1][TRAIN] Epoch: [5][1850/2480], Elapsed 8m 44s (remain 2m 58s), Accuracy: 80.000(78.941), Loss: 0.547(0.527), LR: 0.000003
[GPU cuda:1][TRAIN] Epoch: [5][1900/2480], Elapsed 8m 59s (remain 2m 44s), Accuracy: 60.000(79.022), Loss: 0.818(0.525), LR: 0.000003
[GPU cuda:1][TRAIN] Epoch: [5][1950/2480], Elapsed 9m 13s (remain 2m 29s), Accuracy: 100.000(78.913), Loss: 0.119(0.527), LR: 0.000003
[GPU cuda:1][TRAIN] Epoch: [5][2000/2480], Elapsed 9m 27s (remain 2m 15s), Accuracy: 80.000(78.791), Loss: 0.612(0.528), LR: 0.000003
[GPU cuda:1][TRAIN] Epoch: [5][2050/2480], Elapsed 9m 41s (remain 2m 1s), Accuracy: 40.000(78.742), Loss: 0.921(0.530), LR: 0.000003
[GPU cuda:1][TRAIN] Epoch: [5][2100/2480], Elapsed 9m 55s (remain 1m 47s), Accuracy: 80.000(78.839), Loss: 0.200(0.527), LR: 0.000003
[GPU cuda:1][TRAIN] Epoch: [5][2150/2480], Elapsed 10m 9s (remain 1m 33s), Accuracy: 80.000(78.903), Loss: 0.375(0.524), LR: 0.000003
[GPU cuda:1][TRAIN] Epoch: [5][2200/2480], Elapsed 10m 23s (remain 1m 19s), Accuracy: 60.000(78.955), Loss: 1.113(0.524), LR: 0.000003
[GPU cuda:1][TRAIN] Epoch: [5][2250/2480], Elapsed 10m 37s (remain 1m 4s), Accuracy: 80.000(78.872), Loss: 0.555(0.525), LR: 0.000002
[GPU cuda:1][TRAIN] Epoch: [5][2300/2480], Elapsed 10m 52s (remain 0m 50s), Accuracy: 80.000(78.948), Loss: 0.372(0.525), LR: 0.000002
[GPU cuda:1][TRAIN] Epoch: [5][2350/2480], Elapsed 11m 6s (remain 0m 36s), Accuracy: 80.000(78.911), Loss: 0.343(0.525), LR: 0.000002
[GPU cuda:1][TRAIN] Epoch: [5][2400/2480], Elapsed 11m 20s (remain 0m 22s), Accuracy: 40.000(78.959), Loss: 0.953(0.525), LR: 0.000002
[GPU cuda:1][TRAIN] Epoch: [5][2450/2480], Elapsed 11m 34s (remain 0m 8s), Accuracy: 80.000(79.013), Loss: 0.420(0.524), LR: 0.000002
[GPU cuda:1][TRAIN] Epoch: [5][2479/2480], Elapsed 11m 42s (remain 0m 0s), Accuracy: 40.000(79.000), Loss: 2.238(0.525), LR: 0.000002
[GPU cuda:1][VALID][0/97], Elapsed 0m 1s (remain 2m 17s), Accuracy: 71.875(71.875), Batch Loss: 0.7024, Average Loss: 0.7024
[GPU cuda:1][VALID][50/97], Elapsed 0m 48s (remain 0m 43s), Accuracy: 81.250(74.449), Batch Loss: 0.3973, Average Loss: 0.6661
[GPU cuda:1][VALID][96/97], Elapsed 1m 32s (remain 0m 0s), Accuracy: 82.143(74.172), Batch Loss: 0.4215, Average Loss: 0.6736
Valid Labels Samples: [2 0 1 4 1 0 3 1 4 3]
Valid Predictions Samples: [2, 0, 1, 3, 1, 1, 3, 1, 3, 0]
Epoch 5 - Train Average Loss: 79.000, Valid Average Loss: 74.172, Epoch Time: 797.009s
Epoch 5 - Accuracy: 0.742, Precision: 0.745, Recall: 0.742
Saved Best Model: 0.74
[GPU cuda:1][TRAIN] Epoch: [6][0/2480], Elapsed 0m 0s (remain 25m 49s), Accuracy: 80.000(80.000), Loss: 0.476(0.476), LR: 0.000002
[GPU cuda:1][TRAIN] Epoch: [6][50/2480], Elapsed 0m 14s (remain 11m 53s), Accuracy: 60.000(80.784), Loss: 0.777(0.431), LR: 0.000002
[GPU cuda:1][TRAIN] Epoch: [6][100/2480], Elapsed 0m 29s (remain 11m 26s), Accuracy: 80.000(79.802), Loss: 0.496(0.474), LR: 0.000002
[GPU cuda:1][TRAIN] Epoch: [6][150/2480], Elapsed 0m 43s (remain 11m 8s), Accuracy: 60.000(79.205), Loss: 0.693(0.483), LR: 0.000002
[GPU cuda:1][TRAIN] Epoch: [6][200/2480], Elapsed 0m 57s (remain 10m 52s), Accuracy: 80.000(78.607), Loss: 0.487(0.506), LR: 0.000002
[GPU cuda:1][TRAIN] Epoch: [6][250/2480], Elapsed 1m 11s (remain 10m 36s), Accuracy: 100.000(79.124), Loss: 0.080(0.499), LR: 0.000002
[GPU cuda:1][TRAIN] Epoch: [6][300/2480], Elapsed 1m 25s (remain 10m 21s), Accuracy: 60.000(79.003), Loss: 0.919(0.502), LR: 0.000002
[GPU cuda:1][TRAIN] Epoch: [6][350/2480], Elapsed 1m 40s (remain 10m 7s), Accuracy: 80.000(78.746), Loss: 0.684(0.508), LR: 0.000002
[GPU cuda:1][TRAIN] Epoch: [6][400/2480], Elapsed 1m 54s (remain 9m 52s), Accuracy: 100.000(79.002), Loss: 0.363(0.506), LR: 0.000002
[GPU cuda:1][TRAIN] Epoch: [6][450/2480], Elapsed 2m 8s (remain 9m 37s), Accuracy: 80.000(79.202), Loss: 0.847(0.509), LR: 0.000002
[GPU cuda:1][TRAIN] Epoch: [6][500/2480], Elapsed 2m 22s (remain 9m 23s), Accuracy: 60.000(79.521), Loss: 0.707(0.501), LR: 0.000002
[GPU cuda:1][TRAIN] Epoch: [6][550/2480], Elapsed 2m 36s (remain 9m 8s), Accuracy: 100.000(79.528), Loss: 0.029(0.506), LR: 0.000002
[GPU cuda:1][TRAIN] Epoch: [6][600/2480], Elapsed 2m 50s (remain 8m 54s), Accuracy: 100.000(79.301), Loss: 0.013(0.512), LR: 0.000002
[GPU cuda:1][TRAIN] Epoch: [6][650/2480], Elapsed 3m 5s (remain 8m 39s), Accuracy: 100.000(79.355), Loss: 0.011(0.513), LR: 0.000002
[GPU cuda:1][TRAIN] Epoch: [6][700/2480], Elapsed 3m 19s (remain 8m 25s), Accuracy: 80.000(79.173), Loss: 0.400(0.516), LR: 0.000002
[GPU cuda:1][TRAIN] Epoch: [6][750/2480], Elapsed 3m 33s (remain 8m 11s), Accuracy: 100.000(79.254), Loss: 0.157(0.515), LR: 0.000002
[GPU cuda:1][TRAIN] Epoch: [6][800/2480], Elapsed 3m 47s (remain 7m 56s), Accuracy: 80.000(79.451), Loss: 0.277(0.511), LR: 0.000002
[GPU cuda:1][TRAIN] Epoch: [6][850/2480], Elapsed 4m 1s (remain 7m 42s), Accuracy: 60.000(79.530), Loss: 0.684(0.506), LR: 0.000002
[GPU cuda:1][TRAIN] Epoch: [6][900/2480], Elapsed 4m 15s (remain 7m 28s), Accuracy: 80.000(79.711), Loss: 0.561(0.504), LR: 0.000002
[GPU cuda:1][TRAIN] Epoch: [6][950/2480], Elapsed 4m 29s (remain 7m 14s), Accuracy: 60.000(79.979), Loss: 0.709(0.497), LR: 0.000002
[GPU cuda:1][TRAIN] Epoch: [6][1000/2480], Elapsed 4m 44s (remain 6m 59s), Accuracy: 80.000(79.960), Loss: 0.702(0.496), LR: 0.000002
[GPU cuda:1][TRAIN] Epoch: [6][1050/2480], Elapsed 4m 58s (remain 6m 45s), Accuracy: 60.000(80.171), Loss: 0.636(0.494), LR: 0.000002
[GPU cuda:1][TRAIN] Epoch: [6][1100/2480], Elapsed 5m 12s (remain 6m 31s), Accuracy: 100.000(80.381), Loss: 0.214(0.489), LR: 0.000002
[GPU cuda:1][TRAIN] Epoch: [6][1150/2480], Elapsed 5m 26s (remain 6m 16s), Accuracy: 60.000(80.539), Loss: 0.436(0.487), LR: 0.000002
[GPU cuda:1][TRAIN] Epoch: [6][1200/2480], Elapsed 5m 40s (remain 6m 2s), Accuracy: 80.000(80.749), Loss: 0.485(0.482), LR: 0.000002
[GPU cuda:1][TRAIN] Epoch: [6][1250/2480], Elapsed 5m 54s (remain 5m 48s), Accuracy: 80.000(80.719), Loss: 0.657(0.480), LR: 0.000001
[GPU cuda:1][TRAIN] Epoch: [6][1300/2480], Elapsed 6m 8s (remain 5m 34s), Accuracy: 80.000(80.738), Loss: 0.577(0.478), LR: 0.000001
[GPU cuda:1][TRAIN] Epoch: [6][1350/2480], Elapsed 6m 23s (remain 5m 20s), Accuracy: 100.000(80.873), Loss: 0.153(0.475), LR: 0.000001
[GPU cuda:1][TRAIN] Epoch: [6][1400/2480], Elapsed 6m 37s (remain 5m 5s), Accuracy: 100.000(80.742), Loss: 0.117(0.476), LR: 0.000001
[GPU cuda:1][TRAIN] Epoch: [6][1450/2480], Elapsed 6m 51s (remain 4m 51s), Accuracy: 100.000(80.868), Loss: 0.292(0.475), LR: 0.000001
[GPU cuda:1][TRAIN] Epoch: [6][1500/2480], Elapsed 7m 5s (remain 4m 37s), Accuracy: 100.000(80.959), Loss: 0.093(0.474), LR: 0.000001
[GPU cuda:1][TRAIN] Epoch: [6][1550/2480], Elapsed 7m 19s (remain 4m 23s), Accuracy: 100.000(81.032), Loss: 0.188(0.473), LR: 0.000001
[GPU cuda:1][TRAIN] Epoch: [6][1600/2480], Elapsed 7m 33s (remain 4m 9s), Accuracy: 80.000(81.112), Loss: 0.375(0.472), LR: 0.000001
[GPU cuda:1][TRAIN] Epoch: [6][1650/2480], Elapsed 7m 47s (remain 3m 54s), Accuracy: 80.000(81.224), Loss: 0.256(0.470), LR: 0.000001
[GPU cuda:1][TRAIN] Epoch: [6][1700/2480], Elapsed 8m 1s (remain 3m 40s), Accuracy: 80.000(81.188), Loss: 0.307(0.471), LR: 0.000001
[GPU cuda:1][TRAIN] Epoch: [6][1750/2480], Elapsed 8m 16s (remain 3m 26s), Accuracy: 60.000(81.314), Loss: 1.323(0.469), LR: 0.000001
[GPU cuda:1][TRAIN] Epoch: [6][1800/2480], Elapsed 8m 30s (remain 3m 12s), Accuracy: 100.000(81.410), Loss: 0.105(0.468), LR: 0.000001
[GPU cuda:1][TRAIN] Epoch: [6][1850/2480], Elapsed 8m 44s (remain 2m 58s), Accuracy: 80.000(81.469), Loss: 0.523(0.467), LR: 0.000001
[GPU cuda:1][TRAIN] Epoch: [6][1900/2480], Elapsed 8m 58s (remain 2m 44s), Accuracy: 60.000(81.578), Loss: 0.816(0.465), LR: 0.000001
[GPU cuda:1][TRAIN] Epoch: [6][1950/2480], Elapsed 9m 12s (remain 2m 29s), Accuracy: 100.000(81.425), Loss: 0.076(0.468), LR: 0.000001
[GPU cuda:1][TRAIN] Epoch: [6][2000/2480], Elapsed 9m 26s (remain 2m 15s), Accuracy: 80.000(81.369), Loss: 0.533(0.468), LR: 0.000001
[GPU cuda:1][TRAIN] Epoch: [6][2050/2480], Elapsed 9m 40s (remain 2m 1s), Accuracy: 60.000(81.355), Loss: 0.847(0.469), LR: 0.000001
[GPU cuda:1][TRAIN] Epoch: [6][2100/2480], Elapsed 9m 54s (remain 1m 47s), Accuracy: 80.000(81.466), Loss: 0.212(0.466), LR: 0.000001
[GPU cuda:1][TRAIN] Epoch: [6][2150/2480], Elapsed 10m 9s (remain 1m 33s), Accuracy: 80.000(81.488), Loss: 0.487(0.464), LR: 0.000001
[GPU cuda:1][TRAIN] Epoch: [6][2200/2480], Elapsed 10m 23s (remain 1m 19s), Accuracy: 60.000(81.508), Loss: 0.705(0.464), LR: 0.000001
[GPU cuda:1][TRAIN] Epoch: [6][2250/2480], Elapsed 10m 37s (remain 1m 4s), Accuracy: 80.000(81.430), Loss: 0.475(0.466), LR: 0.000001
[GPU cuda:1][TRAIN] Epoch: [6][2300/2480], Elapsed 10m 51s (remain 0m 50s), Accuracy: 80.000(81.504), Loss: 0.374(0.465), LR: 0.000001
[GPU cuda:1][TRAIN] Epoch: [6][2350/2480], Elapsed 11m 5s (remain 0m 36s), Accuracy: 100.000(81.514), Loss: 0.258(0.466), LR: 0.000001
[GPU cuda:1][TRAIN] Epoch: [6][2400/2480], Elapsed 11m 19s (remain 0m 22s), Accuracy: 60.000(81.558), Loss: 0.847(0.465), LR: 0.000001
[GPU cuda:1][TRAIN] Epoch: [6][2450/2480], Elapsed 11m 33s (remain 0m 8s), Accuracy: 80.000(81.640), Loss: 0.381(0.465), LR: 0.000001
[GPU cuda:1][TRAIN] Epoch: [6][2479/2480], Elapsed 11m 42s (remain 0m 0s), Accuracy: 40.000(81.613), Loss: 2.020(0.465), LR: 0.000001
[GPU cuda:1][VALID][0/97], Elapsed 0m 1s (remain 2m 21s), Accuracy: 78.125(78.125), Batch Loss: 0.6128, Average Loss: 0.6128
[GPU cuda:1][VALID][50/97], Elapsed 0m 48s (remain 0m 43s), Accuracy: 78.125(74.939), Batch Loss: 0.4475, Average Loss: 0.6748
[GPU cuda:1][VALID][96/97], Elapsed 1m 32s (remain 0m 0s), Accuracy: 78.571(74.682), Batch Loss: 0.4679, Average Loss: 0.6864
Valid Labels Samples: [2 0 1 4 1 0 3 1 4 3]
Valid Predictions Samples: [2, 0, 1, 3, 1, 1, 3, 1, 3, 0]
Epoch 6 - Train Average Loss: 81.613, Valid Average Loss: 74.682, Epoch Time: 796.377s
Epoch 6 - Accuracy: 0.747, Precision: 0.750, Recall: 0.747
Saved Best Model: 0.75
[GPU cuda:1][TRAIN] Epoch: [7][0/2480], Elapsed 0m 0s (remain 26m 25s), Accuracy: 80.000(80.000), Loss: 0.563(0.563), LR: 0.000001
[GPU cuda:1][TRAIN] Epoch: [7][50/2480], Elapsed 0m 14s (remain 11m 52s), Accuracy: 60.000(81.961), Loss: 0.720(0.417), LR: 0.000001
[GPU cuda:1][TRAIN] Epoch: [7][100/2480], Elapsed 0m 29s (remain 11m 26s), Accuracy: 80.000(81.980), Loss: 0.382(0.431), LR: 0.000001
[GPU cuda:1][TRAIN] Epoch: [7][150/2480], Elapsed 0m 43s (remain 11m 8s), Accuracy: 80.000(82.119), Loss: 0.524(0.436), LR: 0.000001
[GPU cuda:1][TRAIN] Epoch: [7][200/2480], Elapsed 0m 57s (remain 10m 51s), Accuracy: 60.000(81.393), Loss: 0.457(0.465), LR: 0.000001
[GPU cuda:1][TRAIN] Epoch: [7][250/2480], Elapsed 1m 11s (remain 10m 36s), Accuracy: 100.000(81.355), Loss: 0.049(0.463), LR: 0.000001
[GPU cuda:1][TRAIN] Epoch: [7][300/2480], Elapsed 1m 25s (remain 10m 20s), Accuracy: 40.000(81.196), Loss: 0.977(0.468), LR: 0.000001
[GPU cuda:1][TRAIN] Epoch: [7][350/2480], Elapsed 1m 39s (remain 10m 6s), Accuracy: 80.000(80.684), Loss: 0.591(0.476), LR: 0.000001
[GPU cuda:1][TRAIN] Epoch: [7][400/2480], Elapsed 1m 54s (remain 9m 51s), Accuracy: 100.000(81.197), Loss: 0.461(0.469), LR: 0.000001
[GPU cuda:1][TRAIN] Epoch: [7][450/2480], Elapsed 2m 8s (remain 9m 36s), Accuracy: 80.000(81.641), Loss: 0.568(0.470), LR: 0.000001
[GPU cuda:1][TRAIN] Epoch: [7][500/2480], Elapsed 2m 22s (remain 9m 22s), Accuracy: 40.000(81.756), Loss: 0.743(0.464), LR: 0.000001
[GPU cuda:1][TRAIN] Epoch: [7][550/2480], Elapsed 2m 36s (remain 9m 7s), Accuracy: 100.000(81.670), Loss: 0.016(0.466), LR: 0.000001
[GPU cuda:1][TRAIN] Epoch: [7][600/2480], Elapsed 2m 50s (remain 8m 53s), Accuracy: 100.000(81.564), Loss: 0.008(0.471), LR: 0.000001
[GPU cuda:1][TRAIN] Epoch: [7][650/2480], Elapsed 3m 4s (remain 8m 38s), Accuracy: 100.000(81.382), Loss: 0.226(0.477), LR: 0.000010
[GPU cuda:1][TRAIN] Epoch: [7][700/2480], Elapsed 3m 18s (remain 8m 24s), Accuracy: 100.000(80.970), Loss: 0.323(0.487), LR: 0.000010
[GPU cuda:1][TRAIN] Epoch: [7][750/2480], Elapsed 3m 32s (remain 8m 10s), Accuracy: 100.000(80.985), Loss: 0.163(0.489), LR: 0.000010
[GPU cuda:1][TRAIN] Epoch: [7][800/2480], Elapsed 3m 47s (remain 7m 56s), Accuracy: 80.000(81.074), Loss: 0.383(0.489), LR: 0.000010
[GPU cuda:1][TRAIN] Epoch: [7][850/2480], Elapsed 4m 1s (remain 7m 42s), Accuracy: 60.000(81.105), Loss: 0.669(0.488), LR: 0.000010
[GPU cuda:1][TRAIN] Epoch: [7][900/2480], Elapsed 4m 15s (remain 7m 27s), Accuracy: 60.000(81.088), Loss: 0.767(0.490), LR: 0.000010
[GPU cuda:1][TRAIN] Epoch: [7][950/2480], Elapsed 4m 29s (remain 7m 13s), Accuracy: 80.000(81.241), Loss: 0.589(0.486), LR: 0.000010
[GPU cuda:1][TRAIN] Epoch: [7][1000/2480], Elapsed 4m 43s (remain 6m 59s), Accuracy: 60.000(80.879), Loss: 0.787(0.489), LR: 0.000010
[GPU cuda:1][TRAIN] Epoch: [7][1050/2480], Elapsed 4m 58s (remain 6m 45s), Accuracy: 60.000(80.685), Loss: 0.617(0.494), LR: 0.000010
[GPU cuda:1][TRAIN] Epoch: [7][1100/2480], Elapsed 5m 12s (remain 6m 31s), Accuracy: 80.000(80.708), Loss: 0.194(0.490), LR: 0.000010
[GPU cuda:1][TRAIN] Epoch: [7][1150/2480], Elapsed 5m 26s (remain 6m 17s), Accuracy: 80.000(80.556), Loss: 0.430(0.492), LR: 0.000010
[GPU cuda:1][TRAIN] Epoch: [7][1200/2480], Elapsed 5m 40s (remain 6m 2s), Accuracy: 80.000(80.666), Loss: 0.568(0.492), LR: 0.000010
[GPU cuda:1][TRAIN] Epoch: [7][1250/2480], Elapsed 5m 54s (remain 5m 48s), Accuracy: 80.000(80.735), Loss: 0.615(0.491), LR: 0.000010
[GPU cuda:1][TRAIN] Epoch: [7][1300/2480], Elapsed 6m 9s (remain 5m 34s), Accuracy: 60.000(80.676), Loss: 0.708(0.493), LR: 0.000010
[GPU cuda:1][TRAIN] Epoch: [7][1350/2480], Elapsed 6m 23s (remain 5m 20s), Accuracy: 100.000(80.755), Loss: 0.086(0.492), LR: 0.000010
[GPU cuda:1][TRAIN] Epoch: [7][1400/2480], Elapsed 6m 37s (remain 5m 6s), Accuracy: 100.000(80.642), Loss: 0.187(0.494), LR: 0.000010
[GPU cuda:1][TRAIN] Epoch: [7][1450/2480], Elapsed 6m 51s (remain 4m 52s), Accuracy: 80.000(80.717), Loss: 0.338(0.493), LR: 0.000010
[GPU cuda:1][TRAIN] Epoch: [7][1500/2480], Elapsed 7m 6s (remain 4m 37s), Accuracy: 100.000(80.706), Loss: 0.090(0.494), LR: 0.000010
[GPU cuda:1][TRAIN] Epoch: [7][1550/2480], Elapsed 7m 20s (remain 4m 23s), Accuracy: 100.000(80.593), Loss: 0.148(0.496), LR: 0.000010
[GPU cuda:1][TRAIN] Epoch: [7][1600/2480], Elapsed 7m 34s (remain 4m 9s), Accuracy: 80.000(80.575), Loss: 0.345(0.496), LR: 0.000010
[GPU cuda:1][TRAIN] Epoch: [7][1650/2480], Elapsed 7m 48s (remain 3m 55s), Accuracy: 80.000(80.606), Loss: 0.290(0.495), LR: 0.000010
[GPU cuda:1][TRAIN] Epoch: [7][1700/2480], Elapsed 8m 2s (remain 3m 41s), Accuracy: 60.000(80.517), Loss: 0.404(0.497), LR: 0.000010
[GPU cuda:1][TRAIN] Epoch: [7][1750/2480], Elapsed 8m 17s (remain 3m 26s), Accuracy: 60.000(80.480), Loss: 1.275(0.499), LR: 0.000010
[GPU cuda:1][TRAIN] Epoch: [7][1800/2480], Elapsed 8m 31s (remain 3m 12s), Accuracy: 80.000(80.566), Loss: 0.565(0.497), LR: 0.000010
[GPU cuda:1][TRAIN] Epoch: [7][1850/2480], Elapsed 8m 45s (remain 2m 58s), Accuracy: 80.000(80.562), Loss: 0.516(0.498), LR: 0.000010
[GPU cuda:1][TRAIN] Epoch: [7][1900/2480], Elapsed 8m 59s (remain 2m 44s), Accuracy: 60.000(80.526), Loss: 0.843(0.498), LR: 0.000010
[GPU cuda:1][TRAIN] Epoch: [7][1950/2480], Elapsed 9m 13s (remain 2m 30s), Accuracy: 100.000(80.267), Loss: 0.405(0.503), LR: 0.000010
[GPU cuda:1][TRAIN] Epoch: [7][2000/2480], Elapsed 9m 28s (remain 2m 15s), Accuracy: 80.000(80.220), Loss: 0.576(0.504), LR: 0.000010
[GPU cuda:1][TRAIN] Epoch: [7][2050/2480], Elapsed 9m 42s (remain 2m 1s), Accuracy: 60.000(80.127), Loss: 0.869(0.506), LR: 0.000010
[GPU cuda:1][TRAIN] Epoch: [7][2100/2480], Elapsed 9m 56s (remain 1m 47s), Accuracy: 100.000(80.200), Loss: 0.134(0.505), LR: 0.000010
[GPU cuda:1][TRAIN] Epoch: [7][2150/2480], Elapsed 10m 10s (remain 1m 33s), Accuracy: 80.000(80.270), Loss: 0.308(0.503), LR: 0.000010
[GPU cuda:1][TRAIN] Epoch: [7][2200/2480], Elapsed 10m 24s (remain 1m 19s), Accuracy: 60.000(80.245), Loss: 0.845(0.504), LR: 0.000010
[GPU cuda:1][TRAIN] Epoch: [7][2250/2480], Elapsed 10m 39s (remain 1m 5s), Accuracy: 80.000(80.178), Loss: 0.865(0.506), LR: 0.000010
[GPU cuda:1][TRAIN] Epoch: [7][2300/2480], Elapsed 10m 53s (remain 0m 50s), Accuracy: 80.000(80.174), Loss: 0.322(0.507), LR: 0.000010
[GPU cuda:1][TRAIN] Epoch: [7][2350/2480], Elapsed 11m 7s (remain 0m 36s), Accuracy: 80.000(80.060), Loss: 0.335(0.508), LR: 0.000010
[GPU cuda:1][TRAIN] Epoch: [7][2400/2480], Elapsed 11m 21s (remain 0m 22s), Accuracy: 60.000(80.025), Loss: 0.905(0.510), LR: 0.000010
[GPU cuda:1][TRAIN] Epoch: [7][2450/2480], Elapsed 11m 35s (remain 0m 8s), Accuracy: 80.000(80.082), Loss: 0.504(0.510), LR: 0.000010
[GPU cuda:1][TRAIN] Epoch: [7][2479/2480], Elapsed 11m 43s (remain 0m 0s), Accuracy: 40.000(80.056), Loss: 2.346(0.511), LR: 0.000010
[GPU cuda:1][VALID][0/97], Elapsed 0m 1s (remain 2m 11s), Accuracy: 65.625(65.625), Batch Loss: 0.8305, Average Loss: 0.8305
[GPU cuda:1][VALID][50/97], Elapsed 0m 48s (remain 0m 43s), Accuracy: 68.750(72.488), Batch Loss: 0.4884, Average Loss: 0.7379
[GPU cuda:1][VALID][96/97], Elapsed 1m 32s (remain 0m 0s), Accuracy: 75.000(71.295), Batch Loss: 0.5588, Average Loss: 0.7484
Valid Labels Samples: [2 0 1 4 1 0 3 1 4 3]
Valid Predictions Samples: [2, 0, 1, 3, 1, 1, 3, 1, 3, 0]
Epoch 7 - Train Average Loss: 80.056, Valid Average Loss: 71.295, Epoch Time: 798.287s
Epoch 7 - Accuracy: 0.713, Precision: 0.719, Recall: 0.713
[GPU cuda:1][TRAIN] Epoch: [8][0/2480], Elapsed 0m 0s (remain 26m 10s), Accuracy: 60.000(60.000), Loss: 0.736(0.736), LR: 0.000010
[GPU cuda:1][TRAIN] Epoch: [8][50/2480], Elapsed 0m 14s (remain 11m 54s), Accuracy: 80.000(79.216), Loss: 0.757(0.458), LR: 0.000010
[GPU cuda:1][TRAIN] Epoch: [8][100/2480], Elapsed 0m 29s (remain 11m 28s), Accuracy: 80.000(78.020), Loss: 0.581(0.505), LR: 0.000010
[GPU cuda:1][TRAIN] Epoch: [8][150/2480], Elapsed 0m 43s (remain 11m 9s), Accuracy: 80.000(77.881), Loss: 0.621(0.528), LR: 0.000010
[GPU cuda:1][TRAIN] Epoch: [8][200/2480], Elapsed 0m 57s (remain 10m 52s), Accuracy: 60.000(76.517), Loss: 0.591(0.557), LR: 0.000010
[GPU cuda:1][TRAIN] Epoch: [8][250/2480], Elapsed 1m 11s (remain 10m 37s), Accuracy: 100.000(76.813), Loss: 0.058(0.552), LR: 0.000010
[GPU cuda:1][TRAIN] Epoch: [8][300/2480], Elapsed 1m 25s (remain 10m 22s), Accuracy: 40.000(76.811), Loss: 1.114(0.556), LR: 0.000010
[GPU cuda:1][TRAIN] Epoch: [8][350/2480], Elapsed 1m 40s (remain 10m 7s), Accuracy: 80.000(76.809), Loss: 0.833(0.562), LR: 0.000010
[GPU cuda:1][TRAIN] Epoch: [8][400/2480], Elapsed 1m 54s (remain 9m 52s), Accuracy: 100.000(77.307), Loss: 0.525(0.555), LR: 0.000010
[GPU cuda:1][TRAIN] Epoch: [8][450/2480], Elapsed 2m 8s (remain 9m 37s), Accuracy: 80.000(77.472), Loss: 0.776(0.560), LR: 0.000010
[GPU cuda:1][TRAIN] Epoch: [8][500/2480], Elapsed 2m 22s (remain 9m 23s), Accuracy: 40.000(77.565), Loss: 1.007(0.555), LR: 0.000010
[GPU cuda:1][TRAIN] Epoch: [8][550/2480], Elapsed 2m 36s (remain 9m 8s), Accuracy: 100.000(77.459), Loss: 0.057(0.558), LR: 0.000010
[GPU cuda:1][TRAIN] Epoch: [8][600/2480], Elapsed 2m 50s (remain 8m 54s), Accuracy: 100.000(77.338), Loss: 0.024(0.560), LR: 0.000010
[GPU cuda:1][TRAIN] Epoch: [8][650/2480], Elapsed 3m 5s (remain 8m 39s), Accuracy: 100.000(77.327), Loss: 0.032(0.559), LR: 0.000010
[GPU cuda:1][TRAIN] Epoch: [8][700/2480], Elapsed 3m 19s (remain 8m 25s), Accuracy: 80.000(77.233), Loss: 0.282(0.564), LR: 0.000010
[GPU cuda:1][TRAIN] Epoch: [8][750/2480], Elapsed 3m 33s (remain 8m 11s), Accuracy: 100.000(77.497), Loss: 0.111(0.559), LR: 0.000010
[GPU cuda:1][TRAIN] Epoch: [8][800/2480], Elapsed 3m 47s (remain 7m 56s), Accuracy: 80.000(77.728), Loss: 0.411(0.553), LR: 0.000010
[GPU cuda:1][TRAIN] Epoch: [8][850/2480], Elapsed 4m 1s (remain 7m 42s), Accuracy: 80.000(78.120), Loss: 0.534(0.545), LR: 0.000010
[GPU cuda:1][TRAIN] Epoch: [8][900/2480], Elapsed 4m 15s (remain 7m 28s), Accuracy: 80.000(78.246), Loss: 1.050(0.543), LR: 0.000010
[GPU cuda:1][TRAIN] Epoch: [8][950/2480], Elapsed 4m 29s (remain 7m 14s), Accuracy: 60.000(78.318), Loss: 0.848(0.540), LR: 0.000010
[GPU cuda:1][TRAIN] Epoch: [8][1000/2480], Elapsed 4m 44s (remain 6m 59s), Accuracy: 60.000(78.202), Loss: 0.800(0.541), LR: 0.000010
[GPU cuda:1][TRAIN] Epoch: [8][1050/2480], Elapsed 4m 58s (remain 6m 45s), Accuracy: 80.000(78.497), Loss: 0.503(0.536), LR: 0.000010
[GPU cuda:1][TRAIN] Epoch: [8][1100/2480], Elapsed 5m 12s (remain 6m 31s), Accuracy: 100.000(78.728), Loss: 0.186(0.531), LR: 0.000010
[GPU cuda:1][TRAIN] Epoch: [8][1150/2480], Elapsed 5m 26s (remain 6m 16s), Accuracy: 100.000(78.714), Loss: 0.416(0.531), LR: 0.000010
[GPU cuda:1][TRAIN] Epoch: [8][1200/2480], Elapsed 5m 40s (remain 6m 2s), Accuracy: 100.000(78.868), Loss: 0.376(0.527), LR: 0.000010
[GPU cuda:1][TRAIN] Epoch: [8][1250/2480], Elapsed 5m 54s (remain 5m 48s), Accuracy: 60.000(78.897), Loss: 1.000(0.527), LR: 0.000010
[GPU cuda:1][TRAIN] Epoch: [8][1300/2480], Elapsed 6m 8s (remain 5m 34s), Accuracy: 80.000(78.939), Loss: 0.513(0.524), LR: 0.000010
[GPU cuda:1][TRAIN] Epoch: [8][1350/2480], Elapsed 6m 23s (remain 5m 20s), Accuracy: 100.000(79.186), Loss: 0.025(0.519), LR: 0.000010
[GPU cuda:1][TRAIN] Epoch: [8][1400/2480], Elapsed 6m 37s (remain 5m 5s), Accuracy: 100.000(79.286), Loss: 0.062(0.517), LR: 0.000010
[GPU cuda:1][TRAIN] Epoch: [8][1450/2480], Elapsed 6m 51s (remain 4m 51s), Accuracy: 100.000(79.545), Loss: 0.202(0.513), LR: 0.000010
[GPU cuda:1][TRAIN] Epoch: [8][1500/2480], Elapsed 7m 5s (remain 4m 37s), Accuracy: 80.000(79.627), Loss: 0.189(0.511), LR: 0.000010
[GPU cuda:1][TRAIN] Epoch: [8][1550/2480], Elapsed 7m 19s (remain 4m 23s), Accuracy: 100.000(79.729), Loss: 0.267(0.510), LR: 0.000010
[GPU cuda:1][TRAIN] Epoch: [8][1600/2480], Elapsed 7m 33s (remain 4m 9s), Accuracy: 80.000(79.663), Loss: 0.408(0.511), LR: 0.000010
[GPU cuda:1][TRAIN] Epoch: [8][1650/2480], Elapsed 7m 47s (remain 3m 54s), Accuracy: 80.000(79.855), Loss: 0.195(0.506), LR: 0.000010
[GPU cuda:1][TRAIN] Epoch: [8][1700/2480], Elapsed 8m 2s (remain 3m 40s), Accuracy: 100.000(79.882), Loss: 0.309(0.508), LR: 0.000010
[GPU cuda:1][TRAIN] Epoch: [8][1750/2480], Elapsed 8m 16s (remain 3m 26s), Accuracy: 60.000(79.920), Loss: 0.606(0.506), LR: 0.000010
[GPU cuda:1][TRAIN] Epoch: [8][1800/2480], Elapsed 8m 30s (remain 3m 12s), Accuracy: 100.000(79.922), Loss: 0.132(0.506), LR: 0.000010
[GPU cuda:1][TRAIN] Epoch: [8][1850/2480], Elapsed 8m 44s (remain 2m 58s), Accuracy: 100.000(79.924), Loss: 0.387(0.506), LR: 0.000010
[GPU cuda:1][TRAIN] Epoch: [8][1900/2480], Elapsed 8m 58s (remain 2m 44s), Accuracy: 60.000(79.884), Loss: 0.625(0.506), LR: 0.000010
[GPU cuda:1][TRAIN] Epoch: [8][1950/2480], Elapsed 9m 12s (remain 2m 29s), Accuracy: 80.000(79.754), Loss: 0.611(0.509), LR: 0.000010
[GPU cuda:1][TRAIN] Epoch: [8][2000/2480], Elapsed 9m 27s (remain 2m 15s), Accuracy: 80.000(79.690), Loss: 0.642(0.509), LR: 0.000010
[GPU cuda:1][TRAIN] Epoch: [8][2050/2480], Elapsed 9m 41s (remain 2m 1s), Accuracy: 60.000(79.581), Loss: 0.726(0.510), LR: 0.000010
[GPU cuda:1][TRAIN] Epoch: [8][2100/2480], Elapsed 9m 55s (remain 1m 47s), Accuracy: 100.000(79.724), Loss: 0.072(0.506), LR: 0.000010
[GPU cuda:1][TRAIN] Epoch: [8][2150/2480], Elapsed 10m 9s (remain 1m 33s), Accuracy: 80.000(79.823), Loss: 0.411(0.504), LR: 0.000010
[GPU cuda:1][TRAIN] Epoch: [8][2200/2480], Elapsed 10m 23s (remain 1m 19s), Accuracy: 60.000(79.827), Loss: 0.645(0.504), LR: 0.000010
[GPU cuda:1][TRAIN] Epoch: [8][2250/2480], Elapsed 10m 37s (remain 1m 4s), Accuracy: 60.000(79.831), Loss: 0.635(0.505), LR: 0.000010
[GPU cuda:1][TRAIN] Epoch: [8][2300/2480], Elapsed 10m 51s (remain 0m 50s), Accuracy: 80.000(79.878), Loss: 0.247(0.504), LR: 0.000010
[GPU cuda:1][TRAIN] Epoch: [8][2350/2480], Elapsed 11m 6s (remain 0m 36s), Accuracy: 100.000(79.940), Loss: 0.284(0.504), LR: 0.000010
[GPU cuda:1][TRAIN] Epoch: [8][2400/2480], Elapsed 11m 20s (remain 0m 22s), Accuracy: 60.000(79.992), Loss: 1.250(0.504), LR: 0.000010
[GPU cuda:1][TRAIN] Epoch: [8][2450/2480], Elapsed 11m 34s (remain 0m 8s), Accuracy: 80.000(80.008), Loss: 0.421(0.504), LR: 0.000010
[GPU cuda:1][TRAIN] Epoch: [8][2479/2480], Elapsed 11m 42s (remain 0m 0s), Accuracy: 40.000(79.968), Loss: 2.042(0.505), LR: 0.000010
[GPU cuda:1][VALID][0/97], Elapsed 0m 1s (remain 2m 12s), Accuracy: 71.875(71.875), Batch Loss: 0.8753, Average Loss: 0.8753
[GPU cuda:1][VALID][50/97], Elapsed 0m 48s (remain 0m 43s), Accuracy: 75.000(65.380), Batch Loss: 0.6096, Average Loss: 0.9281
[GPU cuda:1][VALID][96/97], Elapsed 1m 32s (remain 0m 0s), Accuracy: 57.143(64.732), Batch Loss: 0.8459, Average Loss: 0.9234
Valid Labels Samples: [2 0 1 4 1 0 3 1 4 3]
Valid Predictions Samples: [2, 0, 1, 3, 1, 1, 3, 1, 2, 1]
Epoch 8 - Train Average Loss: 79.968, Valid Average Loss: 64.732, Epoch Time: 796.862s
Epoch 8 - Accuracy: 0.647, Precision: 0.649, Recall: 0.647
