[GPU 1]: Config File
{'id': 3, 'model_name': 'swin_large_patch4_window12_384_in22k', 'dropout': 0.5, 'size': 384, 'batch_size_t': 5, 'batch_size_v': 32, 'n_targets': 5, 'criterion': 'CrossEntropyLoss', 'gradient_accumulation_steps': 1, 'max_gradient_norm': None, 'optimizer': 'AdamW', 'scheduler': 'CosineAnnealingWarmRestarts', 'LR': 5e-05, 'T_0': 200, 'T_max': 10, 'T_mult': 2, 'min_lr': 1e-06, 'max_lr': 0.0001, 'no_batches': 'NA', 'warmup_epochs': 1, 'cosine_epochs': 14, 'epochs': 15, 'update_per_batch': True, 'num_workers': 4, 'n_folds': 5, 'train_transforms': [], 'valid_transforms': [], 'observations': None, 'use_swa': True, 'swa_lr': 0.01, 'swa_epoch': 0, 'use_sam': True, 'use_asam': True, 'asam_rho': 0.1, 'print_freq': 50, 'one_fold': True, 'use_apex': True, 'distributed_training': False, 'save_to_log': True}
================================================== Training Fold: 0 ==================================================
[GPU cuda:1][TRAIN] Epoch: [1][0/2480], Elapsed 0m 0s (remain 21m 31s), Accuracy: 0.000(0.000), Loss: 1.758(1.758), LR: 0.000050
[GPU cuda:1][TRAIN] Epoch: [1][50/2480], Elapsed 0m 14s (remain 11m 36s), Accuracy: 40.000(21.176), Loss: 1.590(1.655), LR: 0.000043
[GPU cuda:1][TRAIN] Epoch: [1][100/2480], Elapsed 0m 28s (remain 11m 19s), Accuracy: 40.000(20.198), Loss: 1.579(1.638), LR: 0.000025
[GPU cuda:1][TRAIN] Epoch: [1][150/2480], Elapsed 0m 43s (remain 11m 3s), Accuracy: 40.000(20.530), Loss: 1.604(1.629), LR: 0.000008
[GPU cuda:1][TRAIN] Epoch: [1][200/2480], Elapsed 0m 57s (remain 10m 48s), Accuracy: 20.000(22.090), Loss: 1.598(1.624), LR: 0.000050
[GPU cuda:1][TRAIN] Epoch: [1][250/2480], Elapsed 1m 11s (remain 10m 34s), Accuracy: 20.000(22.789), Loss: 1.567(1.620), LR: 0.000048
[GPU cuda:1][TRAIN] Epoch: [1][300/2480], Elapsed 1m 25s (remain 10m 19s), Accuracy: 20.000(22.591), Loss: 1.583(1.617), LR: 0.000043
[GPU cuda:1][TRAIN] Epoch: [1][350/2480], Elapsed 1m 39s (remain 10m 5s), Accuracy: 80.000(24.160), Loss: 0.980(1.596), LR: 0.000035
[GPU cuda:1][TRAIN] Epoch: [1][400/2480], Elapsed 1m 53s (remain 9m 50s), Accuracy: 40.000(26.135), Loss: 1.210(1.573), LR: 0.000025
[GPU cuda:1][TRAIN] Epoch: [1][450/2480], Elapsed 2m 8s (remain 9m 36s), Accuracy: 40.000(27.805), Loss: 1.543(1.541), LR: 0.000016
[GPU cuda:1][TRAIN] Epoch: [1][500/2480], Elapsed 2m 22s (remain 9m 21s), Accuracy: 40.000(29.741), Loss: 1.393(1.504), LR: 0.000008
[GPU cuda:1][TRAIN] Epoch: [1][550/2480], Elapsed 2m 36s (remain 9m 7s), Accuracy: 100.000(32.015), Loss: 0.572(1.466), LR: 0.000003
[GPU cuda:1][TRAIN] Epoch: [1][600/2480], Elapsed 2m 50s (remain 8m 53s), Accuracy: 100.000(34.343), Loss: 0.324(1.430), LR: 0.000050
[GPU cuda:1][TRAIN] Epoch: [1][650/2480], Elapsed 3m 4s (remain 8m 39s), Accuracy: 80.000(34.962), Loss: 0.894(1.418), LR: 0.000050
[GPU cuda:1][TRAIN] Epoch: [1][700/2480], Elapsed 3m 19s (remain 8m 25s), Accuracy: 40.000(35.635), Loss: 1.087(1.408), LR: 0.000048
[GPU cuda:1][TRAIN] Epoch: [1][750/2480], Elapsed 3m 33s (remain 8m 10s), Accuracy: 20.000(36.085), Loss: 1.274(1.396), LR: 0.000046
[GPU cuda:1][TRAIN] Epoch: [1][800/2480], Elapsed 3m 47s (remain 7m 56s), Accuracy: 60.000(37.154), Loss: 0.966(1.373), LR: 0.000043
[GPU cuda:1][TRAIN] Epoch: [1][850/2480], Elapsed 4m 1s (remain 7m 42s), Accuracy: 40.000(38.214), Loss: 1.090(1.353), LR: 0.000039
[GPU cuda:1][TRAIN] Epoch: [1][900/2480], Elapsed 4m 15s (remain 7m 28s), Accuracy: 80.000(39.223), Loss: 1.139(1.334), LR: 0.000035
[GPU cuda:1][TRAIN] Epoch: [1][950/2480], Elapsed 4m 29s (remain 7m 13s), Accuracy: 40.000(39.642), Loss: 1.123(1.323), LR: 0.000030
[GPU cuda:1][TRAIN] Epoch: [1][1000/2480], Elapsed 4m 44s (remain 6m 59s), Accuracy: 0.000(40.220), Loss: 1.542(1.307), LR: 0.000025
[GPU cuda:1][TRAIN] Epoch: [1][1050/2480], Elapsed 4m 58s (remain 6m 45s), Accuracy: 20.000(40.951), Loss: 1.453(1.294), LR: 0.000021
[GPU cuda:1][TRAIN] Epoch: [1][1100/2480], Elapsed 5m 12s (remain 6m 31s), Accuracy: 80.000(41.998), Loss: 0.548(1.274), LR: 0.000016
[GPU cuda:1][TRAIN] Epoch: [1][1150/2480], Elapsed 5m 26s (remain 6m 17s), Accuracy: 60.000(42.937), Loss: 0.767(1.256), LR: 0.000012
[GPU cuda:1][TRAIN] Epoch: [1][1200/2480], Elapsed 5m 40s (remain 6m 2s), Accuracy: 80.000(44.113), Loss: 0.719(1.236), LR: 0.000008
[GPU cuda:1][TRAIN] Epoch: [1][1250/2480], Elapsed 5m 54s (remain 5m 48s), Accuracy: 40.000(44.860), Loss: 1.008(1.220), LR: 0.000005
[GPU cuda:1][TRAIN] Epoch: [1][1300/2480], Elapsed 6m 9s (remain 5m 34s), Accuracy: 40.000(45.842), Loss: 1.922(1.202), LR: 0.000003
[GPU cuda:1][TRAIN] Epoch: [1][1350/2480], Elapsed 6m 23s (remain 5m 20s), Accuracy: 80.000(46.528), Loss: 0.469(1.188), LR: 0.000001
[GPU cuda:1][TRAIN] Epoch: [1][1400/2480], Elapsed 6m 37s (remain 5m 6s), Accuracy: 100.000(47.195), Loss: 0.492(1.177), LR: 0.000050
[GPU cuda:1][TRAIN] Epoch: [1][1450/2480], Elapsed 6m 51s (remain 4m 51s), Accuracy: 80.000(47.443), Loss: 0.768(1.173), LR: 0.000050
[GPU cuda:1][TRAIN] Epoch: [1][1500/2480], Elapsed 7m 5s (remain 4m 37s), Accuracy: 80.000(47.755), Loss: 0.766(1.168), LR: 0.000050
[GPU cuda:1][TRAIN] Epoch: [1][1550/2480], Elapsed 7m 19s (remain 4m 23s), Accuracy: 60.000(47.917), Loss: 0.794(1.164), LR: 0.000049
[GPU cuda:1][TRAIN] Epoch: [1][1600/2480], Elapsed 7m 34s (remain 4m 9s), Accuracy: 60.000(48.232), Loss: 0.924(1.159), LR: 0.000048
[GPU cuda:1][TRAIN] Epoch: [1][1650/2480], Elapsed 7m 48s (remain 3m 55s), Accuracy: 100.000(48.625), Loss: 0.428(1.150), LR: 0.000047
[GPU cuda:1][TRAIN] Epoch: [1][1700/2480], Elapsed 8m 2s (remain 3m 40s), Accuracy: 80.000(48.924), Loss: 0.536(1.144), LR: 0.000046
[GPU cuda:1][TRAIN] Epoch: [1][1750/2480], Elapsed 8m 16s (remain 3m 26s), Accuracy: 20.000(49.343), Loss: 1.821(1.138), LR: 0.000044
[GPU cuda:1][TRAIN] Epoch: [1][1800/2480], Elapsed 8m 30s (remain 3m 12s), Accuracy: 60.000(49.473), Loss: 1.009(1.136), LR: 0.000043
[GPU cuda:1][TRAIN] Epoch: [1][1850/2480], Elapsed 8m 45s (remain 2m 58s), Accuracy: 20.000(49.595), Loss: 1.222(1.133), LR: 0.000041
[GPU cuda:1][TRAIN] Epoch: [1][1900/2480], Elapsed 8m 59s (remain 2m 44s), Accuracy: 60.000(49.784), Loss: 0.642(1.127), LR: 0.000039
[GPU cuda:1][TRAIN] Epoch: [1][1950/2480], Elapsed 9m 13s (remain 2m 30s), Accuracy: 80.000(49.964), Loss: 0.598(1.124), LR: 0.000037
[GPU cuda:1][TRAIN] Epoch: [1][2000/2480], Elapsed 9m 27s (remain 2m 15s), Accuracy: 40.000(50.235), Loss: 1.285(1.119), LR: 0.000035
[GPU cuda:1][TRAIN] Epoch: [1][2050/2480], Elapsed 9m 41s (remain 2m 1s), Accuracy: 40.000(50.356), Loss: 1.379(1.117), LR: 0.000033
[GPU cuda:1][TRAIN] Epoch: [1][2100/2480], Elapsed 9m 56s (remain 1m 47s), Accuracy: 80.000(50.681), Loss: 0.965(1.111), LR: 0.000030
[GPU cuda:1][TRAIN] Epoch: [1][2150/2480], Elapsed 10m 10s (remain 1m 33s), Accuracy: 40.000(50.944), Loss: 1.289(1.105), LR: 0.000028
[GPU cuda:1][TRAIN] Epoch: [1][2200/2480], Elapsed 10m 24s (remain 1m 19s), Accuracy: 40.000(51.331), Loss: 1.024(1.098), LR: 0.000025
[GPU cuda:1][TRAIN] Epoch: [1][2250/2480], Elapsed 10m 38s (remain 1m 4s), Accuracy: 60.000(51.586), Loss: 0.995(1.093), LR: 0.000023
[GPU cuda:1][TRAIN] Epoch: [1][2300/2480], Elapsed 10m 53s (remain 0m 50s), Accuracy: 80.000(51.960), Loss: 0.605(1.086), LR: 0.000021
[GPU cuda:1][TRAIN] Epoch: [1][2350/2480], Elapsed 11m 7s (remain 0m 36s), Accuracy: 80.000(52.216), Loss: 0.725(1.081), LR: 0.000018
[GPU cuda:1][TRAIN] Epoch: [1][2400/2480], Elapsed 11m 21s (remain 0m 22s), Accuracy: 80.000(52.595), Loss: 0.957(1.075), LR: 0.000016
[GPU cuda:1][TRAIN] Epoch: [1][2450/2480], Elapsed 11m 35s (remain 0m 8s), Accuracy: 60.000(52.991), Loss: 0.785(1.068), LR: 0.000014
[GPU cuda:1][TRAIN] Epoch: [1][2479/2480], Elapsed 11m 43s (remain 0m 0s), Accuracy: 40.000(53.202), Loss: 2.491(1.065), LR: 0.000013
[GPU cuda:1][VALID][0/97], Elapsed 0m 1s (remain 2m 9s), Accuracy: 75.000(75.000), Batch Loss: 0.6505, Average Loss: 0.6505
[GPU cuda:1][VALID][50/97], Elapsed 0m 48s (remain 0m 43s), Accuracy: 75.000(72.181), Batch Loss: 0.4616, Average Loss: 0.7004
[GPU cuda:1][VALID][96/97], Elapsed 1m 32s (remain 0m 0s), Accuracy: 75.000(72.036), Batch Loss: 0.6000, Average Loss: 0.7047
Valid Labels Samples: [2 0 1 4 1 0 3 1 4 3]
Valid Predictions Samples: [2, 0, 1, 3, 1, 0, 3, 1, 3, 4]
Epoch 1 - Train Average Loss: 53.202, Valid Average Loss: 72.036, Epoch Time: 798.711s
Epoch 1 - Accuracy: 0.720, Precision: 0.725, Recall: 0.720
Saved Best Model: 0.72
[GPU cuda:1][TRAIN] Epoch: [2][0/2480], Elapsed 0m 0s (remain 25m 52s), Accuracy: 80.000(80.000), Loss: 0.986(0.986), LR: 0.000013
[GPU cuda:1][TRAIN] Epoch: [2][50/2480], Elapsed 0m 15s (remain 11m 57s), Accuracy: 40.000(71.765), Loss: 1.083(0.671), LR: 0.000011
[GPU cuda:1][TRAIN] Epoch: [2][100/2480], Elapsed 0m 29s (remain 11m 31s), Accuracy: 80.000(70.495), Loss: 0.633(0.717), LR: 0.000009
[GPU cuda:1][TRAIN] Epoch: [2][150/2480], Elapsed 0m 43s (remain 11m 12s), Accuracy: 60.000(71.126), Loss: 0.977(0.706), LR: 0.000007
[GPU cuda:1][TRAIN] Epoch: [2][200/2480], Elapsed 0m 57s (remain 10m 55s), Accuracy: 80.000(70.448), Loss: 0.897(0.729), LR: 0.000006
[GPU cuda:1][TRAIN] Epoch: [2][250/2480], Elapsed 1m 12s (remain 10m 40s), Accuracy: 100.000(70.916), Loss: 0.202(0.723), LR: 0.000004
[GPU cuda:1][TRAIN] Epoch: [2][300/2480], Elapsed 1m 26s (remain 10m 25s), Accuracy: 60.000(70.698), Loss: 1.152(0.724), LR: 0.000003
[GPU cuda:1][TRAIN] Epoch: [2][350/2480], Elapsed 1m 40s (remain 10m 10s), Accuracy: 60.000(70.313), Loss: 1.299(0.734), LR: 0.000002
[GPU cuda:1][TRAIN] Epoch: [2][400/2480], Elapsed 1m 54s (remain 9m 55s), Accuracy: 80.000(70.324), Loss: 0.495(0.728), LR: 0.000002
[GPU cuda:1][TRAIN] Epoch: [2][450/2480], Elapsed 2m 9s (remain 9m 41s), Accuracy: 60.000(70.599), Loss: 0.893(0.726), LR: 0.000001
[GPU cuda:1][TRAIN] Epoch: [2][500/2480], Elapsed 2m 23s (remain 9m 26s), Accuracy: 40.000(71.138), Loss: 0.904(0.717), LR: 0.000001
[GPU cuda:1][TRAIN] Epoch: [2][550/2480], Elapsed 2m 37s (remain 9m 12s), Accuracy: 60.000(70.490), Loss: 0.478(0.729), LR: 0.000050
[GPU cuda:1][TRAIN] Epoch: [2][600/2480], Elapsed 2m 51s (remain 8m 57s), Accuracy: 100.000(69.617), Loss: 0.302(0.750), LR: 0.000050
[GPU cuda:1][TRAIN] Epoch: [2][650/2480], Elapsed 3m 6s (remain 8m 43s), Accuracy: 100.000(68.694), Loss: 0.213(0.767), LR: 0.000050
[GPU cuda:1][TRAIN] Epoch: [2][700/2480], Elapsed 3m 20s (remain 8m 28s), Accuracy: 60.000(67.846), Loss: 0.799(0.782), LR: 0.000050
[GPU cuda:1][TRAIN] Epoch: [2][750/2480], Elapsed 3m 34s (remain 8m 14s), Accuracy: 80.000(67.483), Loss: 0.802(0.791), LR: 0.000049
[GPU cuda:1][TRAIN] Epoch: [2][800/2480], Elapsed 3m 49s (remain 8m 0s), Accuracy: 40.000(67.466), Loss: 0.687(0.792), LR: 0.000049
[GPU cuda:1][TRAIN] Epoch: [2][850/2480], Elapsed 4m 3s (remain 7m 45s), Accuracy: 40.000(67.239), Loss: 1.190(0.794), LR: 0.000049
[GPU cuda:1][TRAIN] Epoch: [2][900/2480], Elapsed 4m 17s (remain 7m 31s), Accuracy: 40.000(67.103), Loss: 1.379(0.795), LR: 0.000048
[GPU cuda:1][TRAIN] Epoch: [2][950/2480], Elapsed 4m 31s (remain 7m 17s), Accuracy: 60.000(66.982), Loss: 0.911(0.795), LR: 0.000048
[GPU cuda:1][TRAIN] Epoch: [2][1000/2480], Elapsed 4m 46s (remain 7m 2s), Accuracy: 60.000(66.334), Loss: 1.073(0.802), LR: 0.000047
[GPU cuda:1][TRAIN] Epoch: [2][1050/2480], Elapsed 5m 0s (remain 6m 48s), Accuracy: 60.000(66.147), Loss: 0.995(0.807), LR: 0.000047
[GPU cuda:1][TRAIN] Epoch: [2][1100/2480], Elapsed 5m 14s (remain 6m 34s), Accuracy: 80.000(66.394), Loss: 0.278(0.802), LR: 0.000046
[GPU cuda:1][TRAIN] Epoch: [2][1150/2480], Elapsed 5m 28s (remain 6m 19s), Accuracy: 40.000(66.290), Loss: 1.704(0.804), LR: 0.000045
[GPU cuda:1][TRAIN] Epoch: [2][1200/2480], Elapsed 5m 43s (remain 6m 5s), Accuracy: 60.000(66.211), Loss: 0.976(0.804), LR: 0.000045
[GPU cuda:1][TRAIN] Epoch: [2][1250/2480], Elapsed 5m 57s (remain 5m 51s), Accuracy: 40.000(66.251), Loss: 1.095(0.804), LR: 0.000044
[GPU cuda:1][TRAIN] Epoch: [2][1300/2480], Elapsed 6m 11s (remain 5m 36s), Accuracy: 80.000(66.257), Loss: 0.694(0.804), LR: 0.000043
[GPU cuda:1][TRAIN] Epoch: [2][1350/2480], Elapsed 6m 25s (remain 5m 22s), Accuracy: 80.000(66.203), Loss: 0.499(0.805), LR: 0.000042
[GPU cuda:1][TRAIN] Epoch: [2][1400/2480], Elapsed 6m 40s (remain 5m 8s), Accuracy: 100.000(66.181), Loss: 0.313(0.807), LR: 0.000041
[GPU cuda:1][TRAIN] Epoch: [2][1450/2480], Elapsed 6m 54s (remain 4m 53s), Accuracy: 80.000(66.203), Loss: 0.754(0.808), LR: 0.000040
[GPU cuda:1][TRAIN] Epoch: [2][1500/2480], Elapsed 7m 8s (remain 4m 39s), Accuracy: 100.000(66.156), Loss: 0.229(0.809), LR: 0.000039
[GPU cuda:1][TRAIN] Epoch: [2][1550/2480], Elapsed 7m 22s (remain 4m 25s), Accuracy: 40.000(66.086), Loss: 0.699(0.809), LR: 0.000038
[GPU cuda:1][TRAIN] Epoch: [2][1600/2480], Elapsed 7m 37s (remain 4m 11s), Accuracy: 100.000(66.234), Loss: 0.446(0.806), LR: 0.000037
[GPU cuda:1][TRAIN] Epoch: [2][1650/2480], Elapsed 7m 51s (remain 3m 56s), Accuracy: 80.000(66.420), Loss: 0.349(0.801), LR: 0.000036
[GPU cuda:1][TRAIN] Epoch: [2][1700/2480], Elapsed 8m 5s (remain 3m 42s), Accuracy: 80.000(66.479), Loss: 0.464(0.800), LR: 0.000035
[GPU cuda:1][TRAIN] Epoch: [2][1750/2480], Elapsed 8m 19s (remain 3m 28s), Accuracy: 40.000(66.533), Loss: 2.552(0.800), LR: 0.000034
[GPU cuda:1][TRAIN] Epoch: [2][1800/2480], Elapsed 8m 34s (remain 3m 13s), Accuracy: 60.000(66.519), Loss: 0.684(0.801), LR: 0.000033
[GPU cuda:1][TRAIN] Epoch: [2][1850/2480], Elapsed 8m 48s (remain 2m 59s), Accuracy: 60.000(66.451), Loss: 1.057(0.800), LR: 0.000032
[GPU cuda:1][TRAIN] Epoch: [2][1900/2480], Elapsed 9m 2s (remain 2m 45s), Accuracy: 80.000(66.470), Loss: 0.439(0.799), LR: 0.000031
[GPU cuda:1][TRAIN] Epoch: [2][1950/2480], Elapsed 9m 16s (remain 2m 31s), Accuracy: 80.000(66.345), Loss: 0.527(0.800), LR: 0.000030
[GPU cuda:1][TRAIN] Epoch: [2][2000/2480], Elapsed 9m 31s (remain 2m 16s), Accuracy: 80.000(66.507), Loss: 0.640(0.799), LR: 0.000028
[GPU cuda:1][TRAIN] Epoch: [2][2050/2480], Elapsed 9m 45s (remain 2m 2s), Accuracy: 40.000(66.485), Loss: 1.084(0.800), LR: 0.000027
[GPU cuda:1][TRAIN] Epoch: [2][2100/2480], Elapsed 9m 59s (remain 1m 48s), Accuracy: 60.000(66.730), Loss: 0.899(0.796), LR: 0.000026
[GPU cuda:1][TRAIN] Epoch: [2][2150/2480], Elapsed 10m 13s (remain 1m 33s), Accuracy: 60.000(66.862), Loss: 0.862(0.793), LR: 0.000025
[GPU cuda:1][TRAIN] Epoch: [2][2200/2480], Elapsed 10m 27s (remain 1m 19s), Accuracy: 60.000(67.051), Loss: 0.891(0.790), LR: 0.000024
[GPU cuda:1][TRAIN] Epoch: [2][2250/2480], Elapsed 10m 42s (remain 1m 5s), Accuracy: 80.000(67.099), Loss: 0.917(0.789), LR: 0.000022
[GPU cuda:1][TRAIN] Epoch: [2][2300/2480], Elapsed 10m 56s (remain 0m 51s), Accuracy: 80.000(67.179), Loss: 0.510(0.787), LR: 0.000021
[GPU cuda:1][TRAIN] Epoch: [2][2350/2480], Elapsed 11m 10s (remain 0m 36s), Accuracy: 80.000(67.222), Loss: 0.659(0.786), LR: 0.000020
[GPU cuda:1][TRAIN] Epoch: [2][2400/2480], Elapsed 11m 24s (remain 0m 22s), Accuracy: 60.000(67.397), Loss: 1.188(0.783), LR: 0.000019
[GPU cuda:1][TRAIN] Epoch: [2][2450/2480], Elapsed 11m 39s (remain 0m 8s), Accuracy: 60.000(67.499), Loss: 0.686(0.781), LR: 0.000018
[GPU cuda:1][TRAIN] Epoch: [2][2479/2480], Elapsed 11m 47s (remain 0m 0s), Accuracy: 40.000(67.532), Loss: 2.117(0.780), LR: 0.000017
[GPU cuda:1][VALID][0/97], Elapsed 0m 1s (remain 2m 17s), Accuracy: 75.000(75.000), Batch Loss: 0.6945, Average Loss: 0.6945
[GPU cuda:1][VALID][50/97], Elapsed 0m 48s (remain 0m 43s), Accuracy: 81.250(73.591), Batch Loss: 0.4045, Average Loss: 0.6710
[GPU cuda:1][VALID][96/97], Elapsed 1m 32s (remain 0m 0s), Accuracy: 71.429(73.513), Batch Loss: 0.6773, Average Loss: 0.6792
Valid Labels Samples: [2 0 1 4 1 0 3 1 4 3]
Valid Predictions Samples: [2, 0, 1, 3, 1, 0, 3, 1, 3, 0]
Epoch 2 - Train Average Loss: 67.532, Valid Average Loss: 73.513, Epoch Time: 802.343s
Epoch 2 - Accuracy: 0.735, Precision: 0.754, Recall: 0.735
Saved Best Model: 0.74
[GPU cuda:1][TRAIN] Epoch: [3][0/2480], Elapsed 0m 0s (remain 25m 58s), Accuracy: 80.000(80.000), Loss: 0.911(0.911), LR: 0.000017
[GPU cuda:1][TRAIN] Epoch: [3][50/2480], Elapsed 0m 15s (remain 11m 55s), Accuracy: 60.000(73.725), Loss: 0.832(0.612), LR: 0.000016
[GPU cuda:1][TRAIN] Epoch: [3][100/2480], Elapsed 0m 29s (remain 11m 29s), Accuracy: 80.000(73.069), Loss: 0.641(0.648), LR: 0.000015
[GPU cuda:1][TRAIN] Epoch: [3][150/2480], Elapsed 0m 43s (remain 11m 10s), Accuracy: 80.000(73.113), Loss: 0.851(0.657), LR: 0.000014
[GPU cuda:1][TRAIN] Epoch: [3][200/2480], Elapsed 0m 57s (remain 10m 53s), Accuracy: 60.000(71.841), Loss: 0.742(0.676), LR: 0.000013
[GPU cuda:1][TRAIN] Epoch: [3][250/2480], Elapsed 1m 11s (remain 10m 38s), Accuracy: 100.000(72.351), Loss: 0.127(0.672), LR: 0.000012
[GPU cuda:1][TRAIN] Epoch: [3][300/2480], Elapsed 1m 26s (remain 10m 23s), Accuracy: 40.000(72.492), Loss: 1.050(0.671), LR: 0.000011
[GPU cuda:1][TRAIN] Epoch: [3][350/2480], Elapsed 1m 40s (remain 10m 8s), Accuracy: 60.000(71.795), Loss: 1.227(0.684), LR: 0.000010
[GPU cuda:1][TRAIN] Epoch: [3][400/2480], Elapsed 1m 54s (remain 9m 53s), Accuracy: 80.000(71.970), Loss: 0.632(0.677), LR: 0.000009
[GPU cuda:1][TRAIN] Epoch: [3][450/2480], Elapsed 2m 8s (remain 9m 38s), Accuracy: 60.000(72.417), Loss: 0.782(0.674), LR: 0.000008
[GPU cuda:1][TRAIN] Epoch: [3][500/2480], Elapsed 2m 22s (remain 9m 24s), Accuracy: 40.000(72.894), Loss: 0.867(0.665), LR: 0.000007
[GPU cuda:1][TRAIN] Epoch: [3][550/2480], Elapsed 2m 36s (remain 9m 9s), Accuracy: 100.000(72.886), Loss: 0.062(0.666), LR: 0.000006
[GPU cuda:1][TRAIN] Epoch: [3][600/2480], Elapsed 2m 51s (remain 8m 55s), Accuracy: 100.000(72.912), Loss: 0.048(0.666), LR: 0.000006
[GPU cuda:1][TRAIN] Epoch: [3][650/2480], Elapsed 3m 5s (remain 8m 40s), Accuracy: 100.000(72.811), Loss: 0.059(0.667), LR: 0.000005
[GPU cuda:1][TRAIN] Epoch: [3][700/2480], Elapsed 3m 19s (remain 8m 26s), Accuracy: 100.000(72.668), Loss: 0.328(0.669), LR: 0.000004
[GPU cuda:1][TRAIN] Epoch: [3][750/2480], Elapsed 3m 33s (remain 8m 11s), Accuracy: 60.000(72.623), Loss: 0.589(0.668), LR: 0.000004
[GPU cuda:1][TRAIN] Epoch: [3][800/2480], Elapsed 3m 47s (remain 7m 57s), Accuracy: 80.000(72.859), Loss: 0.306(0.663), LR: 0.000003
[GPU cuda:1][TRAIN] Epoch: [3][850/2480], Elapsed 4m 2s (remain 7m 43s), Accuracy: 80.000(73.184), Loss: 0.617(0.655), LR: 0.000003
[GPU cuda:1][TRAIN] Epoch: [3][900/2480], Elapsed 4m 16s (remain 7m 29s), Accuracy: 80.000(73.407), Loss: 0.647(0.650), LR: 0.000002
[GPU cuda:1][TRAIN] Epoch: [3][950/2480], Elapsed 4m 30s (remain 7m 14s), Accuracy: 60.000(73.733), Loss: 0.834(0.644), LR: 0.000002
[GPU cuda:1][TRAIN] Epoch: [3][1000/2480], Elapsed 4m 44s (remain 7m 0s), Accuracy: 80.000(73.766), Loss: 0.861(0.644), LR: 0.000002
[GPU cuda:1][TRAIN] Epoch: [3][1050/2480], Elapsed 4m 58s (remain 6m 46s), Accuracy: 60.000(73.949), Loss: 0.687(0.641), LR: 0.000001
[GPU cuda:1][TRAIN] Epoch: [3][1100/2480], Elapsed 5m 12s (remain 6m 31s), Accuracy: 100.000(74.133), Loss: 0.248(0.635), LR: 0.000001
[GPU cuda:1][TRAIN] Epoch: [3][1150/2480], Elapsed 5m 27s (remain 6m 17s), Accuracy: 100.000(74.179), Loss: 0.570(0.633), LR: 0.000001
[GPU cuda:1][TRAIN] Epoch: [3][1200/2480], Elapsed 5m 41s (remain 6m 3s), Accuracy: 80.000(74.438), Loss: 0.574(0.625), LR: 0.000001
[GPU cuda:1][TRAIN] Epoch: [3][1250/2480], Elapsed 5m 55s (remain 5m 49s), Accuracy: 40.000(74.293), Loss: 0.966(0.624), LR: 0.000050
[GPU cuda:1][TRAIN] Epoch: [3][1300/2480], Elapsed 6m 9s (remain 5m 34s), Accuracy: 80.000(74.143), Loss: 0.774(0.627), LR: 0.000050
[GPU cuda:1][TRAIN] Epoch: [3][1350/2480], Elapsed 6m 23s (remain 5m 20s), Accuracy: 100.000(73.930), Loss: 0.263(0.632), LR: 0.000050
[GPU cuda:1][TRAIN] Epoch: [3][1400/2480], Elapsed 6m 37s (remain 5m 6s), Accuracy: 100.000(73.690), Loss: 0.469(0.641), LR: 0.000050
[GPU cuda:1][TRAIN] Epoch: [3][1450/2480], Elapsed 6m 52s (remain 4m 52s), Accuracy: 80.000(73.549), Loss: 0.577(0.644), LR: 0.000050
[GPU cuda:1][TRAIN] Epoch: [3][1500/2480], Elapsed 7m 6s (remain 4m 38s), Accuracy: 80.000(73.418), Loss: 0.339(0.646), LR: 0.000050
[GPU cuda:1][TRAIN] Epoch: [3][1550/2480], Elapsed 7m 20s (remain 4m 23s), Accuracy: 80.000(73.243), Loss: 0.400(0.650), LR: 0.000050
[GPU cuda:1][TRAIN] Epoch: [3][1600/2480], Elapsed 7m 34s (remain 4m 9s), Accuracy: 40.000(73.029), Loss: 0.986(0.654), LR: 0.000050
[GPU cuda:1][TRAIN] Epoch: [3][1650/2480], Elapsed 7m 48s (remain 3m 55s), Accuracy: 100.000(73.131), Loss: 0.223(0.652), LR: 0.000050
[GPU cuda:1][TRAIN] Epoch: [3][1700/2480], Elapsed 8m 2s (remain 3m 41s), Accuracy: 80.000(72.992), Loss: 0.447(0.656), LR: 0.000049
[GPU cuda:1][TRAIN] Epoch: [3][1750/2480], Elapsed 8m 17s (remain 3m 26s), Accuracy: 20.000(72.884), Loss: 1.465(0.659), LR: 0.000049
[GPU cuda:1][TRAIN] Epoch: [3][1800/2480], Elapsed 8m 31s (remain 3m 12s), Accuracy: 60.000(72.682), Loss: 0.581(0.662), LR: 0.000049
[GPU cuda:1][TRAIN] Epoch: [3][1850/2480], Elapsed 8m 45s (remain 2m 58s), Accuracy: 60.000(72.577), Loss: 0.794(0.664), LR: 0.000049
[GPU cuda:1][TRAIN] Epoch: [3][1900/2480], Elapsed 8m 59s (remain 2m 44s), Accuracy: 60.000(72.488), Loss: 0.536(0.665), LR: 0.000049
[GPU cuda:1][TRAIN] Epoch: [3][1950/2480], Elapsed 9m 13s (remain 2m 30s), Accuracy: 60.000(72.312), Loss: 0.671(0.668), LR: 0.000049
[GPU cuda:1][TRAIN] Epoch: [3][2000/2480], Elapsed 9m 28s (remain 2m 16s), Accuracy: 60.000(72.314), Loss: 1.421(0.669), LR: 0.000048
[GPU cuda:1][TRAIN] Epoch: [3][2050/2480], Elapsed 9m 42s (remain 2m 1s), Accuracy: 60.000(72.092), Loss: 0.956(0.674), LR: 0.000048
[GPU cuda:1][TRAIN] Epoch: [3][2100/2480], Elapsed 9m 56s (remain 1m 47s), Accuracy: 80.000(72.128), Loss: 0.785(0.675), LR: 0.000048
[GPU cuda:1][TRAIN] Epoch: [3][2150/2480], Elapsed 10m 10s (remain 1m 33s), Accuracy: 80.000(72.032), Loss: 0.596(0.674), LR: 0.000048
[GPU cuda:1][TRAIN] Epoch: [3][2200/2480], Elapsed 10m 25s (remain 1m 19s), Accuracy: 80.000(72.022), Loss: 0.573(0.674), LR: 0.000047
[GPU cuda:1][TRAIN] Epoch: [3][2250/2480], Elapsed 10m 39s (remain 1m 5s), Accuracy: 80.000(71.888), Loss: 0.505(0.676), LR: 0.000047
[GPU cuda:1][TRAIN] Epoch: [3][2300/2480], Elapsed 10m 53s (remain 0m 50s), Accuracy: 80.000(71.847), Loss: 0.557(0.677), LR: 0.000047
[GPU cuda:1][TRAIN] Epoch: [3][2350/2480], Elapsed 11m 7s (remain 0m 36s), Accuracy: 80.000(71.816), Loss: 0.796(0.679), LR: 0.000046
[GPU cuda:1][TRAIN] Epoch: [3][2400/2480], Elapsed 11m 21s (remain 0m 22s), Accuracy: 40.000(71.845), Loss: 1.400(0.680), LR: 0.000046
[GPU cuda:1][TRAIN] Epoch: [3][2450/2480], Elapsed 11m 36s (remain 0m 8s), Accuracy: 60.000(71.750), Loss: 0.694(0.682), LR: 0.000046
[GPU cuda:1][TRAIN] Epoch: [3][2479/2480], Elapsed 11m 44s (remain 0m 0s), Accuracy: 40.000(71.742), Loss: 1.950(0.682), LR: 0.000046
[GPU cuda:1][VALID][0/97], Elapsed 0m 1s (remain 2m 11s), Accuracy: 81.250(81.250), Batch Loss: 0.5693, Average Loss: 0.5693
[GPU cuda:1][VALID][50/97], Elapsed 0m 48s (remain 0m 44s), Accuracy: 81.250(69.975), Batch Loss: 0.4971, Average Loss: 0.7141
[GPU cuda:1][VALID][96/97], Elapsed 1m 32s (remain 0m 0s), Accuracy: 71.429(70.227), Batch Loss: 0.6877, Average Loss: 0.7084
Valid Labels Samples: [2 0 1 4 1 0 3 1 4 3]
Valid Predictions Samples: [2, 0, 1, 4, 1, 0, 3, 1, 3, 0]
Epoch 3 - Train Average Loss: 71.742, Valid Average Loss: 70.227, Epoch Time: 799.908s
Epoch 3 - Accuracy: 0.702, Precision: 0.712, Recall: 0.702
[GPU cuda:1][TRAIN] Epoch: [4][0/2480], Elapsed 0m 0s (remain 25m 43s), Accuracy: 80.000(80.000), Loss: 0.668(0.668), LR: 0.000046
[GPU cuda:1][TRAIN] Epoch: [4][50/2480], Elapsed 0m 15s (remain 11m 56s), Accuracy: 60.000(73.725), Loss: 0.903(0.610), LR: 0.000045
[GPU cuda:1][TRAIN] Epoch: [4][100/2480], Elapsed 0m 29s (remain 11m 31s), Accuracy: 80.000(72.277), Loss: 0.635(0.659), LR: 0.000045
[GPU cuda:1][TRAIN] Epoch: [4][150/2480], Elapsed 0m 43s (remain 11m 12s), Accuracy: 20.000(70.464), Loss: 1.101(0.689), LR: 0.000045
[GPU cuda:1][TRAIN] Epoch: [4][200/2480], Elapsed 0m 57s (remain 10m 55s), Accuracy: 80.000(69.950), Loss: 0.597(0.706), LR: 0.000044
[GPU cuda:1][TRAIN] Epoch: [4][250/2480], Elapsed 1m 12s (remain 10m 40s), Accuracy: 80.000(69.801), Loss: 0.623(0.709), LR: 0.000044
[GPU cuda:1][TRAIN] Epoch: [4][300/2480], Elapsed 1m 26s (remain 10m 24s), Accuracy: 60.000(69.302), Loss: 1.167(0.721), LR: 0.000043
[GPU cuda:1][TRAIN] Epoch: [4][350/2480], Elapsed 1m 40s (remain 10m 9s), Accuracy: 60.000(68.661), Loss: 0.978(0.728), LR: 0.000043
[GPU cuda:1][TRAIN] Epoch: [4][400/2480], Elapsed 1m 54s (remain 9m 55s), Accuracy: 80.000(69.227), Loss: 0.688(0.723), LR: 0.000042
[GPU cuda:1][TRAIN] Epoch: [4][450/2480], Elapsed 2m 8s (remain 9m 40s), Accuracy: 80.000(69.490), Loss: 0.498(0.724), LR: 0.000042
[GPU cuda:1][TRAIN] Epoch: [4][500/2480], Elapsed 2m 23s (remain 9m 25s), Accuracy: 40.000(70.180), Loss: 1.108(0.710), LR: 0.000042
[GPU cuda:1][TRAIN] Epoch: [4][550/2480], Elapsed 2m 37s (remain 9m 11s), Accuracy: 100.000(69.909), Loss: 0.135(0.720), LR: 0.000041
[GPU cuda:1][TRAIN] Epoch: [4][600/2480], Elapsed 2m 51s (remain 8m 56s), Accuracy: 100.000(69.950), Loss: 0.094(0.720), LR: 0.000041
[GPU cuda:1][TRAIN] Epoch: [4][650/2480], Elapsed 3m 5s (remain 8m 42s), Accuracy: 100.000(69.923), Loss: 0.074(0.724), LR: 0.000040
[GPU cuda:1][TRAIN] Epoch: [4][700/2480], Elapsed 3m 20s (remain 8m 27s), Accuracy: 60.000(69.786), Loss: 0.496(0.728), LR: 0.000040
[GPU cuda:1][TRAIN] Epoch: [4][750/2480], Elapsed 3m 34s (remain 8m 13s), Accuracy: 100.000(69.827), Loss: 0.240(0.731), LR: 0.000039
[GPU cuda:1][TRAIN] Epoch: [4][800/2480], Elapsed 3m 48s (remain 7m 59s), Accuracy: 60.000(70.012), Loss: 0.817(0.729), LR: 0.000039
[GPU cuda:1][TRAIN] Epoch: [4][850/2480], Elapsed 4m 2s (remain 7m 44s), Accuracy: 80.000(70.270), Loss: 0.584(0.722), LR: 0.000038
[GPU cuda:1][TRAIN] Epoch: [4][900/2480], Elapsed 4m 16s (remain 7m 30s), Accuracy: 60.000(70.433), Loss: 0.909(0.717), LR: 0.000038
[GPU cuda:1][TRAIN] Epoch: [4][950/2480], Elapsed 4m 31s (remain 7m 16s), Accuracy: 80.000(70.641), Loss: 0.704(0.713), LR: 0.000037
[GPU cuda:1][TRAIN] Epoch: [4][1000/2480], Elapsed 4m 45s (remain 7m 1s), Accuracy: 80.000(70.470), Loss: 0.833(0.714), LR: 0.000037
[GPU cuda:1][TRAIN] Epoch: [4][1050/2480], Elapsed 4m 59s (remain 6m 47s), Accuracy: 60.000(70.618), Loss: 0.805(0.712), LR: 0.000036
[GPU cuda:1][TRAIN] Epoch: [4][1100/2480], Elapsed 5m 13s (remain 6m 33s), Accuracy: 80.000(70.881), Loss: 0.258(0.706), LR: 0.000036
[GPU cuda:1][TRAIN] Epoch: [4][1150/2480], Elapsed 5m 27s (remain 6m 18s), Accuracy: 40.000(70.982), Loss: 1.125(0.705), LR: 0.000035
[GPU cuda:1][TRAIN] Epoch: [4][1200/2480], Elapsed 5m 42s (remain 6m 4s), Accuracy: 60.000(71.174), Loss: 0.792(0.700), LR: 0.000034
[GPU cuda:1][TRAIN] Epoch: [4][1250/2480], Elapsed 5m 56s (remain 5m 50s), Accuracy: 40.000(71.063), Loss: 1.030(0.698), LR: 0.000034
[GPU cuda:1][TRAIN] Epoch: [4][1300/2480], Elapsed 6m 10s (remain 5m 35s), Accuracy: 80.000(71.299), Loss: 0.581(0.695), LR: 0.000033
[GPU cuda:1][TRAIN] Epoch: [4][1350/2480], Elapsed 6m 24s (remain 5m 21s), Accuracy: 100.000(71.340), Loss: 0.098(0.692), LR: 0.000033
[GPU cuda:1][TRAIN] Epoch: [4][1400/2480], Elapsed 6m 38s (remain 5m 7s), Accuracy: 80.000(71.306), Loss: 0.295(0.693), LR: 0.000032
[GPU cuda:1][TRAIN] Epoch: [4][1450/2480], Elapsed 6m 53s (remain 4m 53s), Accuracy: 80.000(71.551), Loss: 0.601(0.690), LR: 0.000032
[GPU cuda:1][TRAIN] Epoch: [4][1500/2480], Elapsed 7m 7s (remain 4m 38s), Accuracy: 100.000(71.539), Loss: 0.150(0.690), LR: 0.000031
[GPU cuda:1][TRAIN] Epoch: [4][1550/2480], Elapsed 7m 21s (remain 4m 24s), Accuracy: 80.000(71.657), Loss: 0.464(0.687), LR: 0.000030
[GPU cuda:1][TRAIN] Epoch: [4][1600/2480], Elapsed 7m 35s (remain 4m 10s), Accuracy: 80.000(71.855), Loss: 0.596(0.685), LR: 0.000030
[GPU cuda:1][TRAIN] Epoch: [4][1650/2480], Elapsed 7m 50s (remain 3m 56s), Accuracy: 80.000(72.041), Loss: 0.524(0.681), LR: 0.000029
[GPU cuda:1][TRAIN] Epoch: [4][1700/2480], Elapsed 8m 4s (remain 3m 41s), Accuracy: 80.000(72.158), Loss: 0.343(0.681), LR: 0.000029
[GPU cuda:1][TRAIN] Epoch: [4][1750/2480], Elapsed 8m 18s (remain 3m 27s), Accuracy: 60.000(72.302), Loss: 0.870(0.678), LR: 0.000028
[GPU cuda:1][TRAIN] Epoch: [4][1800/2480], Elapsed 8m 32s (remain 3m 13s), Accuracy: 80.000(72.371), Loss: 0.244(0.676), LR: 0.000027
[GPU cuda:1][TRAIN] Epoch: [4][1850/2480], Elapsed 8m 46s (remain 2m 58s), Accuracy: 60.000(72.339), Loss: 0.655(0.675), LR: 0.000027
[GPU cuda:1][TRAIN] Epoch: [4][1900/2480], Elapsed 9m 0s (remain 2m 44s), Accuracy: 60.000(72.393), Loss: 0.743(0.674), LR: 0.000026
[GPU cuda:1][TRAIN] Epoch: [4][1950/2480], Elapsed 9m 15s (remain 2m 30s), Accuracy: 80.000(72.332), Loss: 0.694(0.676), LR: 0.000026
[GPU cuda:1][TRAIN] Epoch: [4][2000/2480], Elapsed 9m 29s (remain 2m 16s), Accuracy: 80.000(72.434), Loss: 0.884(0.674), LR: 0.000025
[GPU cuda:1][TRAIN] Epoch: [4][2050/2480], Elapsed 9m 43s (remain 2m 2s), Accuracy: 60.000(72.511), Loss: 0.855(0.674), LR: 0.000024
[GPU cuda:1][TRAIN] Epoch: [4][2100/2480], Elapsed 9m 57s (remain 1m 47s), Accuracy: 80.000(72.746), Loss: 0.570(0.670), LR: 0.000024
[GPU cuda:1][TRAIN] Epoch: [4][2150/2480], Elapsed 10m 11s (remain 1m 33s), Accuracy: 60.000(72.915), Loss: 0.718(0.666), LR: 0.000023
[GPU cuda:1][TRAIN] Epoch: [4][2200/2480], Elapsed 10m 26s (remain 1m 19s), Accuracy: 80.000(72.994), Loss: 0.523(0.663), LR: 0.000023
[GPU cuda:1][TRAIN] Epoch: [4][2250/2480], Elapsed 10m 40s (remain 1m 5s), Accuracy: 60.000(73.008), Loss: 0.998(0.663), LR: 0.000022
[GPU cuda:1][TRAIN] Epoch: [4][2300/2480], Elapsed 10m 54s (remain 0m 50s), Accuracy: 60.000(73.125), Loss: 0.524(0.661), LR: 0.000021
[GPU cuda:1][TRAIN] Epoch: [4][2350/2480], Elapsed 11m 8s (remain 0m 36s), Accuracy: 80.000(73.169), Loss: 0.635(0.661), LR: 0.000021
[GPU cuda:1][TRAIN] Epoch: [4][2400/2480], Elapsed 11m 22s (remain 0m 22s), Accuracy: 60.000(73.361), Loss: 0.913(0.658), LR: 0.000020
[GPU cuda:1][TRAIN] Epoch: [4][2450/2480], Elapsed 11m 36s (remain 0m 8s), Accuracy: 80.000(73.480), Loss: 0.474(0.656), LR: 0.000020
[GPU cuda:1][TRAIN] Epoch: [4][2479/2480], Elapsed 11m 45s (remain 0m 0s), Accuracy: 40.000(73.540), Loss: 2.231(0.655), LR: 0.000019
[GPU cuda:1][VALID][0/97], Elapsed 0m 1s (remain 2m 11s), Accuracy: 81.250(81.250), Batch Loss: 0.6136, Average Loss: 0.6136
[GPU cuda:1][VALID][50/97], Elapsed 0m 48s (remain 0m 43s), Accuracy: 93.750(75.306), Batch Loss: 0.2538, Average Loss: 0.6346
[GPU cuda:1][VALID][96/97], Elapsed 1m 32s (remain 0m 0s), Accuracy: 82.143(75.654), Batch Loss: 0.5021, Average Loss: 0.6304
Valid Labels Samples: [2 0 1 4 1 0 3 1 4 3]
Valid Predictions Samples: [2, 0, 1, 3, 1, 0, 3, 1, 3, 0]
Epoch 4 - Train Average Loss: 73.540, Valid Average Loss: 75.654, Epoch Time: 799.942s
Epoch 4 - Accuracy: 0.756, Precision: 0.759, Recall: 0.756
Saved Best Model: 0.76
[GPU cuda:1][TRAIN] Epoch: [5][0/2480], Elapsed 0m 0s (remain 26m 10s), Accuracy: 80.000(80.000), Loss: 0.660(0.660), LR: 0.000019
[GPU cuda:1][TRAIN] Epoch: [5][50/2480], Elapsed 0m 14s (remain 11m 53s), Accuracy: 60.000(80.784), Loss: 0.902(0.469), LR: 0.000019
[GPU cuda:1][TRAIN] Epoch: [5][100/2480], Elapsed 0m 29s (remain 11m 27s), Accuracy: 80.000(79.208), Loss: 0.738(0.507), LR: 0.000018
[GPU cuda:1][TRAIN] Epoch: [5][150/2480], Elapsed 0m 43s (remain 11m 9s), Accuracy: 80.000(77.881), Loss: 0.578(0.526), LR: 0.000018
[GPU cuda:1][TRAIN] Epoch: [5][200/2480], Elapsed 0m 57s (remain 10m 53s), Accuracy: 100.000(76.617), Loss: 0.373(0.562), LR: 0.000017
[GPU cuda:1][TRAIN] Epoch: [5][250/2480], Elapsed 1m 11s (remain 10m 37s), Accuracy: 100.000(76.733), Loss: 0.097(0.559), LR: 0.000016
[GPU cuda:1][TRAIN] Epoch: [5][300/2480], Elapsed 1m 25s (remain 10m 22s), Accuracy: 60.000(76.478), Loss: 0.941(0.566), LR: 0.000016
[GPU cuda:1][TRAIN] Epoch: [5][350/2480], Elapsed 1m 40s (remain 10m 7s), Accuracy: 80.000(76.182), Loss: 0.855(0.571), LR: 0.000015
[GPU cuda:1][TRAIN] Epoch: [5][400/2480], Elapsed 1m 54s (remain 9m 52s), Accuracy: 60.000(76.459), Loss: 0.688(0.569), LR: 0.000015
[GPU cuda:1][TRAIN] Epoch: [5][450/2480], Elapsed 2m 8s (remain 9m 38s), Accuracy: 80.000(76.319), Loss: 0.613(0.572), LR: 0.000014
[GPU cuda:1][TRAIN] Epoch: [5][500/2480], Elapsed 2m 22s (remain 9m 23s), Accuracy: 60.000(76.567), Loss: 0.678(0.565), LR: 0.000014
[GPU cuda:1][TRAIN] Epoch: [5][550/2480], Elapsed 2m 36s (remain 9m 9s), Accuracy: 100.000(76.552), Loss: 0.057(0.570), LR: 0.000013
[GPU cuda:1][TRAIN] Epoch: [5][600/2480], Elapsed 2m 51s (remain 8m 54s), Accuracy: 100.000(76.473), Loss: 0.048(0.574), LR: 0.000013
[GPU cuda:1][TRAIN] Epoch: [5][650/2480], Elapsed 3m 5s (remain 8m 40s), Accuracy: 100.000(76.436), Loss: 0.049(0.576), LR: 0.000012
[GPU cuda:1][TRAIN] Epoch: [5][700/2480], Elapsed 3m 19s (remain 8m 26s), Accuracy: 100.000(76.063), Loss: 0.325(0.583), LR: 0.000012
[GPU cuda:1][TRAIN] Epoch: [5][750/2480], Elapsed 3m 33s (remain 8m 11s), Accuracy: 80.000(75.979), Loss: 0.405(0.583), LR: 0.000011
[GPU cuda:1][TRAIN] Epoch: [5][800/2480], Elapsed 3m 47s (remain 7m 57s), Accuracy: 100.000(76.380), Loss: 0.213(0.579), LR: 0.000011
[GPU cuda:1][TRAIN] Epoch: [5][850/2480], Elapsed 4m 2s (remain 7m 43s), Accuracy: 80.000(76.663), Loss: 0.535(0.574), LR: 0.000010
[GPU cuda:1][TRAIN] Epoch: [5][900/2480], Elapsed 4m 16s (remain 7m 29s), Accuracy: 80.000(76.826), Loss: 0.623(0.571), LR: 0.000010
[GPU cuda:1][TRAIN] Epoch: [5][950/2480], Elapsed 4m 30s (remain 7m 14s), Accuracy: 80.000(77.035), Loss: 0.643(0.566), LR: 0.000009
[GPU cuda:1][TRAIN] Epoch: [5][1000/2480], Elapsed 4m 44s (remain 7m 0s), Accuracy: 80.000(76.943), Loss: 0.681(0.568), LR: 0.000009
[GPU cuda:1][TRAIN] Epoch: [5][1050/2480], Elapsed 4m 58s (remain 6m 46s), Accuracy: 60.000(77.031), Loss: 0.676(0.568), LR: 0.000008
[GPU cuda:1][TRAIN] Epoch: [5][1100/2480], Elapsed 5m 12s (remain 6m 31s), Accuracy: 80.000(77.148), Loss: 0.243(0.563), LR: 0.000008
[GPU cuda:1][TRAIN] Epoch: [5][1150/2480], Elapsed 5m 27s (remain 6m 17s), Accuracy: 80.000(77.168), Loss: 0.451(0.564), LR: 0.000008
[GPU cuda:1][TRAIN] Epoch: [5][1200/2480], Elapsed 5m 41s (remain 6m 3s), Accuracy: 80.000(77.469), Loss: 1.404(0.559), LR: 0.000007
[GPU cuda:1][TRAIN] Epoch: [5][1250/2480], Elapsed 5m 55s (remain 5m 49s), Accuracy: 40.000(77.426), Loss: 0.777(0.557), LR: 0.000007
[GPU cuda:1][TRAIN] Epoch: [5][1300/2480], Elapsed 6m 9s (remain 5m 34s), Accuracy: 80.000(77.617), Loss: 0.469(0.553), LR: 0.000006
[GPU cuda:1][TRAIN] Epoch: [5][1350/2480], Elapsed 6m 23s (remain 5m 20s), Accuracy: 100.000(77.750), Loss: 0.066(0.550), LR: 0.000006
[GPU cuda:1][TRAIN] Epoch: [5][1400/2480], Elapsed 6m 37s (remain 5m 6s), Accuracy: 100.000(77.744), Loss: 0.167(0.550), LR: 0.000006
[GPU cuda:1][TRAIN] Epoch: [5][1450/2480], Elapsed 6m 52s (remain 4m 52s), Accuracy: 80.000(77.808), Loss: 0.378(0.548), LR: 0.000005
[GPU cuda:1][TRAIN] Epoch: [5][1500/2480], Elapsed 7m 6s (remain 4m 38s), Accuracy: 100.000(77.828), Loss: 0.145(0.548), LR: 0.000005
[GPU cuda:1][TRAIN] Epoch: [5][1550/2480], Elapsed 7m 20s (remain 4m 23s), Accuracy: 100.000(77.885), Loss: 0.213(0.546), LR: 0.000005
[GPU cuda:1][TRAIN] Epoch: [5][1600/2480], Elapsed 7m 34s (remain 4m 9s), Accuracy: 80.000(77.989), Loss: 0.271(0.544), LR: 0.000004
[GPU cuda:1][TRAIN] Epoch: [5][1650/2480], Elapsed 7m 48s (remain 3m 55s), Accuracy: 80.000(78.159), Loss: 0.329(0.540), LR: 0.000004
[GPU cuda:1][TRAIN] Epoch: [5][1700/2480], Elapsed 8m 2s (remain 3m 41s), Accuracy: 80.000(78.119), Loss: 0.357(0.540), LR: 0.000004
[GPU cuda:1][TRAIN] Epoch: [5][1750/2480], Elapsed 8m 17s (remain 3m 26s), Accuracy: 80.000(78.195), Loss: 0.478(0.538), LR: 0.000004
[GPU cuda:1][TRAIN] Epoch: [5][1800/2480], Elapsed 8m 31s (remain 3m 12s), Accuracy: 80.000(78.190), Loss: 0.329(0.536), LR: 0.000003
[GPU cuda:1][TRAIN] Epoch: [5][1850/2480], Elapsed 8m 45s (remain 2m 58s), Accuracy: 60.000(78.196), Loss: 0.643(0.536), LR: 0.000003
[GPU cuda:1][TRAIN] Epoch: [5][1900/2480], Elapsed 8m 59s (remain 2m 44s), Accuracy: 60.000(78.254), Loss: 0.531(0.534), LR: 0.000003
[GPU cuda:1][TRAIN] Epoch: [5][1950/2480], Elapsed 9m 13s (remain 2m 30s), Accuracy: 80.000(78.206), Loss: 0.528(0.535), LR: 0.000003
[GPU cuda:1][TRAIN] Epoch: [5][2000/2480], Elapsed 9m 28s (remain 2m 15s), Accuracy: 100.000(78.231), Loss: 0.361(0.535), LR: 0.000002
[GPU cuda:1][TRAIN] Epoch: [5][2050/2480], Elapsed 9m 42s (remain 2m 1s), Accuracy: 60.000(78.264), Loss: 0.958(0.534), LR: 0.000002
[GPU cuda:1][TRAIN] Epoch: [5][2100/2480], Elapsed 9m 56s (remain 1m 47s), Accuracy: 80.000(78.486), Loss: 0.353(0.529), LR: 0.000002
[GPU cuda:1][TRAIN] Epoch: [5][2150/2480], Elapsed 10m 10s (remain 1m 33s), Accuracy: 80.000(78.642), Loss: 0.437(0.525), LR: 0.000002
[GPU cuda:1][TRAIN] Epoch: [5][2200/2480], Elapsed 10m 24s (remain 1m 19s), Accuracy: 80.000(78.764), Loss: 0.326(0.523), LR: 0.000002
[GPU cuda:1][TRAIN] Epoch: [5][2250/2480], Elapsed 10m 38s (remain 1m 4s), Accuracy: 80.000(78.836), Loss: 0.556(0.521), LR: 0.000002
[GPU cuda:1][TRAIN] Epoch: [5][2300/2480], Elapsed 10m 53s (remain 0m 50s), Accuracy: 80.000(78.948), Loss: 0.275(0.519), LR: 0.000001
[GPU cuda:1][TRAIN] Epoch: [5][2350/2480], Elapsed 11m 7s (remain 0m 36s), Accuracy: 80.000(79.030), Loss: 0.501(0.518), LR: 0.000001
[GPU cuda:1][TRAIN] Epoch: [5][2400/2480], Elapsed 11m 21s (remain 0m 22s), Accuracy: 60.000(79.150), Loss: 0.500(0.516), LR: 0.000001
[GPU cuda:1][TRAIN] Epoch: [5][2450/2480], Elapsed 11m 35s (remain 0m 8s), Accuracy: 80.000(79.298), Loss: 0.418(0.514), LR: 0.000001
[GPU cuda:1][TRAIN] Epoch: [5][2479/2480], Elapsed 11m 43s (remain 0m 0s), Accuracy: 60.000(79.315), Loss: 1.760(0.514), LR: 0.000001
[GPU cuda:1][VALID][0/97], Elapsed 0m 1s (remain 2m 19s), Accuracy: 78.125(78.125), Batch Loss: 0.6275, Average Loss: 0.6275
[GPU cuda:1][VALID][50/97], Elapsed 0m 48s (remain 0m 43s), Accuracy: 84.375(75.613), Batch Loss: 0.2847, Average Loss: 0.6262
[GPU cuda:1][VALID][96/97], Elapsed 1m 32s (remain 0m 0s), Accuracy: 75.000(75.999), Batch Loss: 0.4517, Average Loss: 0.6225
Valid Labels Samples: [2 0 1 4 1 0 3 1 4 3]
Valid Predictions Samples: [2, 0, 1, 3, 1, 0, 3, 1, 3, 0]
Epoch 5 - Train Average Loss: 79.315, Valid Average Loss: 75.999, Epoch Time: 798.468s
Epoch 5 - Accuracy: 0.760, Precision: 0.765, Recall: 0.760
Saved Best Model: 0.76
[GPU cuda:1][TRAIN] Epoch: [6][0/2480], Elapsed 0m 0s (remain 26m 7s), Accuracy: 80.000(80.000), Loss: 0.666(0.666), LR: 0.000001
[GPU cuda:1][TRAIN] Epoch: [6][50/2480], Elapsed 0m 14s (remain 11m 53s), Accuracy: 60.000(82.745), Loss: 0.913(0.385), LR: 0.000001
[GPU cuda:1][TRAIN] Epoch: [6][100/2480], Elapsed 0m 29s (remain 11m 27s), Accuracy: 60.000(81.188), Loss: 0.723(0.419), LR: 0.000001
[GPU cuda:1][TRAIN] Epoch: [6][150/2480], Elapsed 0m 43s (remain 11m 8s), Accuracy: 80.000(80.795), Loss: 0.541(0.430), LR: 0.000001
[GPU cuda:1][TRAIN] Epoch: [6][200/2480], Elapsed 0m 57s (remain 10m 52s), Accuracy: 100.000(80.498), Loss: 0.249(0.461), LR: 0.000050
[GPU cuda:1][TRAIN] Epoch: [6][250/2480], Elapsed 1m 11s (remain 10m 37s), Accuracy: 100.000(80.159), Loss: 0.103(0.475), LR: 0.000050
[GPU cuda:1][TRAIN] Epoch: [6][300/2480], Elapsed 1m 25s (remain 10m 21s), Accuracy: 60.000(79.203), Loss: 0.982(0.506), LR: 0.000050
[GPU cuda:1][TRAIN] Epoch: [6][350/2480], Elapsed 1m 40s (remain 10m 7s), Accuracy: 80.000(78.689), Loss: 0.615(0.515), LR: 0.000050
[GPU cuda:1][TRAIN] Epoch: [6][400/2480], Elapsed 1m 54s (remain 9m 52s), Accuracy: 60.000(77.506), Loss: 0.834(0.543), LR: 0.000050
[GPU cuda:1][TRAIN] Epoch: [6][450/2480], Elapsed 2m 8s (remain 9m 37s), Accuracy: 100.000(77.428), Loss: 0.373(0.553), LR: 0.000050
[GPU cuda:1][TRAIN] Epoch: [6][500/2480], Elapsed 2m 22s (remain 9m 23s), Accuracy: 40.000(77.246), Loss: 0.940(0.560), LR: 0.000050
[GPU cuda:1][TRAIN] Epoch: [6][550/2480], Elapsed 2m 36s (remain 9m 9s), Accuracy: 100.000(76.951), Loss: 0.124(0.572), LR: 0.000050
[GPU cuda:1][TRAIN] Epoch: [6][600/2480], Elapsed 2m 51s (remain 8m 54s), Accuracy: 100.000(76.306), Loss: 0.125(0.590), LR: 0.000050
[GPU cuda:1][TRAIN] Epoch: [6][650/2480], Elapsed 3m 5s (remain 8m 40s), Accuracy: 100.000(75.975), Loss: 0.050(0.597), LR: 0.000050
[GPU cuda:1][TRAIN] Epoch: [6][700/2480], Elapsed 3m 19s (remain 8m 26s), Accuracy: 40.000(75.207), Loss: 0.908(0.618), LR: 0.000050
[GPU cuda:1][TRAIN] Epoch: [6][750/2480], Elapsed 3m 33s (remain 8m 11s), Accuracy: 100.000(75.047), Loss: 0.238(0.623), LR: 0.000050
[GPU cuda:1][TRAIN] Epoch: [6][800/2480], Elapsed 3m 47s (remain 7m 57s), Accuracy: 80.000(75.156), Loss: 0.461(0.625), LR: 0.000050
[GPU cuda:1][TRAIN] Epoch: [6][850/2480], Elapsed 4m 1s (remain 7m 43s), Accuracy: 60.000(75.112), Loss: 0.750(0.626), LR: 0.000050
[GPU cuda:1][TRAIN] Epoch: [6][900/2480], Elapsed 4m 16s (remain 7m 28s), Accuracy: 80.000(75.050), Loss: 1.041(0.628), LR: 0.000050
[GPU cuda:1][TRAIN] Epoch: [6][950/2480], Elapsed 4m 30s (remain 7m 14s), Accuracy: 80.000(74.974), Loss: 0.621(0.625), LR: 0.000050
[GPU cuda:1][TRAIN] Epoch: [6][1000/2480], Elapsed 4m 44s (remain 7m 0s), Accuracy: 80.000(74.765), Loss: 0.756(0.629), LR: 0.000050
[GPU cuda:1][TRAIN] Epoch: [6][1050/2480], Elapsed 4m 58s (remain 6m 46s), Accuracy: 60.000(74.748), Loss: 0.705(0.631), LR: 0.000049
[GPU cuda:1][TRAIN] Epoch: [6][1100/2480], Elapsed 5m 12s (remain 6m 31s), Accuracy: 80.000(74.750), Loss: 0.349(0.628), LR: 0.000049
[GPU cuda:1][TRAIN] Epoch: [6][1150/2480], Elapsed 5m 26s (remain 6m 17s), Accuracy: 60.000(74.648), Loss: 0.778(0.630), LR: 0.000049
[GPU cuda:1][TRAIN] Epoch: [6][1200/2480], Elapsed 5m 41s (remain 6m 3s), Accuracy: 80.000(74.654), Loss: 0.749(0.629), LR: 0.000049
[GPU cuda:1][TRAIN] Epoch: [6][1250/2480], Elapsed 5m 55s (remain 5m 49s), Accuracy: 60.000(74.548), Loss: 0.760(0.629), LR: 0.000049
[GPU cuda:1][TRAIN] Epoch: [6][1300/2480], Elapsed 6m 9s (remain 5m 34s), Accuracy: 60.000(74.727), Loss: 0.899(0.627), LR: 0.000049
[GPU cuda:1][TRAIN] Epoch: [6][1350/2480], Elapsed 6m 23s (remain 5m 20s), Accuracy: 100.000(74.863), Loss: 0.045(0.625), LR: 0.000049
[GPU cuda:1][TRAIN] Epoch: [6][1400/2480], Elapsed 6m 37s (remain 5m 6s), Accuracy: 100.000(74.732), Loss: 0.293(0.630), LR: 0.000049
[GPU cuda:1][TRAIN] Epoch: [6][1450/2480], Elapsed 6m 52s (remain 4m 52s), Accuracy: 80.000(74.707), Loss: 0.370(0.632), LR: 0.000049
[GPU cuda:1][TRAIN] Epoch: [6][1500/2480], Elapsed 7m 6s (remain 4m 37s), Accuracy: 100.000(74.644), Loss: 0.152(0.633), LR: 0.000049
[GPU cuda:1][TRAIN] Epoch: [6][1550/2480], Elapsed 7m 20s (remain 4m 23s), Accuracy: 80.000(74.674), Loss: 0.371(0.632), LR: 0.000049
[GPU cuda:1][TRAIN] Epoch: [6][1600/2480], Elapsed 7m 34s (remain 4m 9s), Accuracy: 80.000(74.778), Loss: 0.510(0.631), LR: 0.000049
[GPU cuda:1][TRAIN] Epoch: [6][1650/2480], Elapsed 7m 48s (remain 3m 55s), Accuracy: 60.000(74.912), Loss: 0.590(0.628), LR: 0.000048
[GPU cuda:1][TRAIN] Epoch: [6][1700/2480], Elapsed 8m 2s (remain 3m 41s), Accuracy: 60.000(74.803), Loss: 0.681(0.630), LR: 0.000048
[GPU cuda:1][TRAIN] Epoch: [6][1750/2480], Elapsed 8m 17s (remain 3m 26s), Accuracy: 80.000(74.860), Loss: 0.750(0.629), LR: 0.000048
[GPU cuda:1][TRAIN] Epoch: [6][1800/2480], Elapsed 8m 31s (remain 3m 12s), Accuracy: 80.000(74.825), Loss: 0.405(0.630), LR: 0.000048
[GPU cuda:1][TRAIN] Epoch: [6][1850/2480], Elapsed 8m 45s (remain 2m 58s), Accuracy: 60.000(74.770), Loss: 0.820(0.630), LR: 0.000048
[GPU cuda:1][TRAIN] Epoch: [6][1900/2480], Elapsed 8m 59s (remain 2m 44s), Accuracy: 60.000(74.803), Loss: 0.974(0.629), LR: 0.000048
[GPU cuda:1][TRAIN] Epoch: [6][1950/2480], Elapsed 9m 13s (remain 2m 30s), Accuracy: 60.000(74.700), Loss: 0.539(0.632), LR: 0.000048
[GPU cuda:1][TRAIN] Epoch: [6][2000/2480], Elapsed 9m 27s (remain 2m 15s), Accuracy: 60.000(74.773), Loss: 0.937(0.632), LR: 0.000048
[GPU cuda:1][TRAIN] Epoch: [6][2050/2480], Elapsed 9m 42s (remain 2m 1s), Accuracy: 40.000(74.627), Loss: 1.036(0.634), LR: 0.000048
[GPU cuda:1][TRAIN] Epoch: [6][2100/2480], Elapsed 9m 56s (remain 1m 47s), Accuracy: 80.000(74.755), Loss: 0.640(0.632), LR: 0.000047
[GPU cuda:1][TRAIN] Epoch: [6][2150/2480], Elapsed 10m 10s (remain 1m 33s), Accuracy: 80.000(74.840), Loss: 0.730(0.630), LR: 0.000047
[GPU cuda:1][TRAIN] Epoch: [6][2200/2480], Elapsed 10m 24s (remain 1m 19s), Accuracy: 60.000(74.893), Loss: 0.737(0.629), LR: 0.000047
[GPU cuda:1][TRAIN] Epoch: [6][2250/2480], Elapsed 10m 38s (remain 1m 4s), Accuracy: 80.000(74.891), Loss: 0.886(0.629), LR: 0.000047
[GPU cuda:1][TRAIN] Epoch: [6][2300/2480], Elapsed 10m 52s (remain 0m 50s), Accuracy: 80.000(74.924), Loss: 0.394(0.628), LR: 0.000047
[GPU cuda:1][TRAIN] Epoch: [6][2350/2480], Elapsed 11m 7s (remain 0m 36s), Accuracy: 80.000(74.836), Loss: 0.837(0.630), LR: 0.000047
[GPU cuda:1][TRAIN] Epoch: [6][2400/2480], Elapsed 11m 21s (remain 0m 22s), Accuracy: 60.000(74.927), Loss: 0.858(0.629), LR: 0.000047
[GPU cuda:1][TRAIN] Epoch: [6][2450/2480], Elapsed 11m 35s (remain 0m 8s), Accuracy: 80.000(75.006), Loss: 0.505(0.628), LR: 0.000046
[GPU cuda:1][TRAIN] Epoch: [6][2479/2480], Elapsed 11m 43s (remain 0m 0s), Accuracy: 40.000(75.016), Loss: 2.099(0.628), LR: 0.000046
[GPU cuda:1][VALID][0/97], Elapsed 0m 1s (remain 2m 12s), Accuracy: 75.000(75.000), Batch Loss: 0.7459, Average Loss: 0.7459
[GPU cuda:1][VALID][50/97], Elapsed 0m 48s (remain 0m 43s), Accuracy: 87.500(71.752), Batch Loss: 0.4211, Average Loss: 0.7613
[GPU cuda:1][VALID][96/97], Elapsed 1m 32s (remain 0m 0s), Accuracy: 75.000(71.327), Batch Loss: 0.6374, Average Loss: 0.7622
Valid Labels Samples: [2 0 1 4 1 0 3 1 4 3]
Valid Predictions Samples: [2, 0, 1, 4, 1, 0, 3, 1, 3, 0]
Epoch 6 - Train Average Loss: 75.016, Valid Average Loss: 71.327, Epoch Time: 798.120s
Epoch 6 - Accuracy: 0.713, Precision: 0.724, Recall: 0.713
[GPU cuda:1][TRAIN] Epoch: [7][0/2480], Elapsed 0m 0s (remain 25m 54s), Accuracy: 80.000(80.000), Loss: 0.499(0.499), LR: 0.000046
[GPU cuda:1][TRAIN] Epoch: [7][50/2480], Elapsed 0m 14s (remain 11m 51s), Accuracy: 60.000(73.333), Loss: 0.827(0.611), LR: 0.000046
[GPU cuda:1][TRAIN] Epoch: [7][100/2480], Elapsed 0m 29s (remain 11m 25s), Accuracy: 80.000(72.871), Loss: 0.573(0.649), LR: 0.000046
[GPU cuda:1][TRAIN] Epoch: [7][150/2480], Elapsed 0m 43s (remain 11m 7s), Accuracy: 60.000(73.642), Loss: 0.825(0.644), LR: 0.000046
[GPU cuda:1][TRAIN] Epoch: [7][200/2480], Elapsed 0m 57s (remain 10m 51s), Accuracy: 80.000(73.035), Loss: 0.503(0.667), LR: 0.000046
[GPU cuda:1][TRAIN] Epoch: [7][250/2480], Elapsed 1m 11s (remain 10m 35s), Accuracy: 80.000(73.865), Loss: 0.214(0.645), LR: 0.000045
[GPU cuda:1][TRAIN] Epoch: [7][300/2480], Elapsed 1m 25s (remain 10m 20s), Accuracy: 40.000(74.086), Loss: 1.033(0.640), LR: 0.000045
[GPU cuda:1][TRAIN] Epoch: [7][350/2480], Elapsed 1m 39s (remain 10m 6s), Accuracy: 100.000(73.447), Loss: 0.172(0.643), LR: 0.000045
[GPU cuda:1][TRAIN] Epoch: [7][400/2480], Elapsed 1m 54s (remain 9m 51s), Accuracy: 80.000(73.865), Loss: 0.607(0.634), LR: 0.000045
[GPU cuda:1][TRAIN] Epoch: [7][450/2480], Elapsed 2m 8s (remain 9m 36s), Accuracy: 80.000(74.102), Loss: 0.610(0.633), LR: 0.000045
[GPU cuda:1][TRAIN] Epoch: [7][500/2480], Elapsed 2m 22s (remain 9m 22s), Accuracy: 60.000(74.371), Loss: 0.829(0.627), LR: 0.000045
[GPU cuda:1][TRAIN] Epoch: [7][550/2480], Elapsed 2m 36s (remain 9m 7s), Accuracy: 100.000(74.737), Loss: 0.044(0.623), LR: 0.000044
[GPU cuda:1][TRAIN] Epoch: [7][600/2480], Elapsed 2m 50s (remain 8m 53s), Accuracy: 100.000(74.642), Loss: 0.083(0.628), LR: 0.000044
[GPU cuda:1][TRAIN] Epoch: [7][650/2480], Elapsed 3m 4s (remain 8m 39s), Accuracy: 100.000(74.501), Loss: 0.060(0.629), LR: 0.000044
[GPU cuda:1][TRAIN] Epoch: [7][700/2480], Elapsed 3m 18s (remain 8m 24s), Accuracy: 80.000(74.265), Loss: 0.416(0.634), LR: 0.000044
[GPU cuda:1][TRAIN] Epoch: [7][750/2480], Elapsed 3m 33s (remain 8m 10s), Accuracy: 100.000(74.514), Loss: 0.225(0.630), LR: 0.000044
[GPU cuda:1][TRAIN] Epoch: [7][800/2480], Elapsed 3m 47s (remain 7m 56s), Accuracy: 80.000(74.707), Loss: 0.259(0.627), LR: 0.000043
[GPU cuda:1][TRAIN] Epoch: [7][850/2480], Elapsed 4m 1s (remain 7m 42s), Accuracy: 80.000(74.853), Loss: 0.614(0.624), LR: 0.000043
[GPU cuda:1][TRAIN] Epoch: [7][900/2480], Elapsed 4m 15s (remain 7m 27s), Accuracy: 80.000(75.006), Loss: 1.271(0.622), LR: 0.000043
[GPU cuda:1][TRAIN] Epoch: [7][950/2480], Elapsed 4m 29s (remain 7m 13s), Accuracy: 80.000(75.016), Loss: 0.761(0.620), LR: 0.000043
[GPU cuda:1][TRAIN] Epoch: [7][1000/2480], Elapsed 4m 43s (remain 6m 59s), Accuracy: 80.000(75.005), Loss: 0.767(0.620), LR: 0.000042
[GPU cuda:1][TRAIN] Epoch: [7][1050/2480], Elapsed 4m 57s (remain 6m 45s), Accuracy: 60.000(75.167), Loss: 0.864(0.617), LR: 0.000042
[GPU cuda:1][TRAIN] Epoch: [7][1100/2480], Elapsed 5m 12s (remain 6m 30s), Accuracy: 80.000(75.241), Loss: 0.249(0.612), LR: 0.000042
[GPU cuda:1][TRAIN] Epoch: [7][1150/2480], Elapsed 5m 26s (remain 6m 16s), Accuracy: 60.000(75.135), Loss: 0.931(0.613), LR: 0.000042
[GPU cuda:1][TRAIN] Epoch: [7][1200/2480], Elapsed 5m 40s (remain 6m 2s), Accuracy: 80.000(75.321), Loss: 0.599(0.608), LR: 0.000042
[GPU cuda:1][TRAIN] Epoch: [7][1250/2480], Elapsed 5m 54s (remain 5m 48s), Accuracy: 40.000(75.300), Loss: 0.872(0.606), LR: 0.000041
[GPU cuda:1][TRAIN] Epoch: [7][1300/2480], Elapsed 6m 8s (remain 5m 34s), Accuracy: 80.000(75.419), Loss: 0.394(0.606), LR: 0.000041
[GPU cuda:1][TRAIN] Epoch: [7][1350/2480], Elapsed 6m 22s (remain 5m 19s), Accuracy: 100.000(75.500), Loss: 0.173(0.603), LR: 0.000041
[GPU cuda:1][TRAIN] Epoch: [7][1400/2480], Elapsed 6m 36s (remain 5m 5s), Accuracy: 100.000(75.532), Loss: 0.225(0.603), LR: 0.000041
[GPU cuda:1][TRAIN] Epoch: [7][1450/2480], Elapsed 6m 51s (remain 4m 51s), Accuracy: 80.000(75.617), Loss: 0.612(0.602), LR: 0.000040
[GPU cuda:1][TRAIN] Epoch: [7][1500/2480], Elapsed 7m 5s (remain 4m 37s), Accuracy: 100.000(75.550), Loss: 0.046(0.602), LR: 0.000040
[GPU cuda:1][TRAIN] Epoch: [7][1550/2480], Elapsed 7m 19s (remain 4m 23s), Accuracy: 100.000(75.577), Loss: 0.279(0.602), LR: 0.000040
[GPU cuda:1][TRAIN] Epoch: [7][1600/2480], Elapsed 7m 33s (remain 4m 9s), Accuracy: 100.000(75.803), Loss: 0.411(0.599), LR: 0.000040
[GPU cuda:1][TRAIN] Epoch: [7][1650/2480], Elapsed 7m 47s (remain 3m 54s), Accuracy: 80.000(75.990), Loss: 0.291(0.595), LR: 0.000039
[GPU cuda:1][TRAIN] Epoch: [7][1700/2480], Elapsed 8m 1s (remain 3m 40s), Accuracy: 80.000(75.955), Loss: 0.388(0.597), LR: 0.000039
[GPU cuda:1][TRAIN] Epoch: [7][1750/2480], Elapsed 8m 16s (remain 3m 26s), Accuracy: 60.000(76.139), Loss: 0.981(0.595), LR: 0.000039
[GPU cuda:1][TRAIN] Epoch: [7][1800/2480], Elapsed 8m 30s (remain 3m 12s), Accuracy: 80.000(76.180), Loss: 0.892(0.593), LR: 0.000039
[GPU cuda:1][TRAIN] Epoch: [7][1850/2480], Elapsed 8m 44s (remain 2m 58s), Accuracy: 80.000(76.229), Loss: 0.473(0.592), LR: 0.000038
[GPU cuda:1][TRAIN] Epoch: [7][1900/2480], Elapsed 8m 58s (remain 2m 44s), Accuracy: 60.000(76.255), Loss: 0.515(0.590), LR: 0.000038
[GPU cuda:1][TRAIN] Epoch: [7][1950/2480], Elapsed 9m 12s (remain 2m 29s), Accuracy: 80.000(76.146), Loss: 0.502(0.593), LR: 0.000038
[GPU cuda:1][TRAIN] Epoch: [7][2000/2480], Elapsed 9m 27s (remain 2m 15s), Accuracy: 80.000(76.162), Loss: 0.477(0.591), LR: 0.000038
[GPU cuda:1][TRAIN] Epoch: [7][2050/2480], Elapsed 9m 41s (remain 2m 1s), Accuracy: 60.000(76.177), Loss: 0.783(0.591), LR: 0.000037
[GPU cuda:1][TRAIN] Epoch: [7][2100/2480], Elapsed 9m 55s (remain 1m 47s), Accuracy: 80.000(76.335), Loss: 0.495(0.588), LR: 0.000037
[GPU cuda:1][TRAIN] Epoch: [7][2150/2480], Elapsed 10m 9s (remain 1m 33s), Accuracy: 80.000(76.485), Loss: 0.335(0.584), LR: 0.000037
[GPU cuda:1][TRAIN] Epoch: [7][2200/2480], Elapsed 10m 23s (remain 1m 19s), Accuracy: 80.000(76.574), Loss: 0.503(0.583), LR: 0.000037
[GPU cuda:1][TRAIN] Epoch: [7][2250/2480], Elapsed 10m 38s (remain 1m 4s), Accuracy: 60.000(76.597), Loss: 1.014(0.583), LR: 0.000036
[GPU cuda:1][TRAIN] Epoch: [7][2300/2480], Elapsed 10m 52s (remain 0m 50s), Accuracy: 100.000(76.601), Loss: 0.220(0.582), LR: 0.000036
[GPU cuda:1][TRAIN] Epoch: [7][2350/2480], Elapsed 11m 6s (remain 0m 36s), Accuracy: 80.000(76.580), Loss: 0.610(0.582), LR: 0.000036
[GPU cuda:1][TRAIN] Epoch: [7][2400/2480], Elapsed 11m 20s (remain 0m 22s), Accuracy: 60.000(76.618), Loss: 0.971(0.581), LR: 0.000036
[GPU cuda:1][TRAIN] Epoch: [7][2450/2480], Elapsed 11m 34s (remain 0m 8s), Accuracy: 80.000(76.752), Loss: 0.333(0.578), LR: 0.000035
[GPU cuda:1][TRAIN] Epoch: [7][2479/2480], Elapsed 11m 43s (remain 0m 0s), Accuracy: 60.000(76.750), Loss: 1.739(0.579), LR: 0.000035
[GPU cuda:1][VALID][0/97], Elapsed 0m 1s (remain 2m 20s), Accuracy: 81.250(81.250), Batch Loss: 0.5419, Average Loss: 0.5419
[GPU cuda:1][VALID][50/97], Elapsed 0m 48s (remain 0m 44s), Accuracy: 78.125(73.836), Batch Loss: 0.3257, Average Loss: 0.6700
[GPU cuda:1][VALID][96/97], Elapsed 1m 32s (remain 0m 0s), Accuracy: 75.000(73.260), Batch Loss: 0.5936, Average Loss: 0.6858
Valid Labels Samples: [2 0 1 4 1 0 3 1 4 3]
Valid Predictions Samples: [2, 0, 1, 3, 1, 0, 3, 1, 3, 0]
Epoch 7 - Train Average Loss: 76.750, Valid Average Loss: 73.260, Epoch Time: 798.482s
Epoch 7 - Accuracy: 0.733, Precision: 0.735, Recall: 0.733
[GPU cuda:1][TRAIN] Epoch: [8][0/2480], Elapsed 0m 0s (remain 26m 14s), Accuracy: 80.000(80.000), Loss: 0.706(0.706), LR: 0.000035
[GPU cuda:1][TRAIN] Epoch: [8][50/2480], Elapsed 0m 15s (remain 11m 56s), Accuracy: 60.000(78.039), Loss: 0.783(0.497), LR: 0.000035
[GPU cuda:1][TRAIN] Epoch: [8][100/2480], Elapsed 0m 29s (remain 11m 30s), Accuracy: 80.000(78.020), Loss: 0.565(0.511), LR: 0.000035
[GPU cuda:1][TRAIN] Epoch: [8][150/2480], Elapsed 0m 43s (remain 11m 11s), Accuracy: 80.000(78.278), Loss: 0.747(0.514), LR: 0.000034
[GPU cuda:1][TRAIN] Epoch: [8][200/2480], Elapsed 0m 57s (remain 10m 54s), Accuracy: 100.000(77.512), Loss: 0.267(0.536), LR: 0.000034
[GPU cuda:1][TRAIN] Epoch: [8][250/2480], Elapsed 1m 11s (remain 10m 38s), Accuracy: 80.000(77.928), Loss: 0.486(0.524), LR: 0.000034
[GPU cuda:1][TRAIN] Epoch: [8][300/2480], Elapsed 1m 26s (remain 10m 23s), Accuracy: 0.000(77.874), Loss: 1.307(0.521), LR: 0.000033
[GPU cuda:1][TRAIN] Epoch: [8][350/2480], Elapsed 1m 40s (remain 10m 8s), Accuracy: 100.000(77.721), Loss: 0.146(0.532), LR: 0.000033
[GPU cuda:1][TRAIN] Epoch: [8][400/2480], Elapsed 1m 54s (remain 9m 53s), Accuracy: 80.000(78.454), Loss: 0.616(0.523), LR: 0.000033
[GPU cuda:1][TRAIN] Epoch: [8][450/2480], Elapsed 2m 8s (remain 9m 38s), Accuracy: 80.000(78.492), Loss: 0.359(0.525), LR: 0.000033
[GPU cuda:1][TRAIN] Epoch: [8][500/2480], Elapsed 2m 22s (remain 9m 24s), Accuracy: 20.000(78.762), Loss: 1.387(0.519), LR: 0.000032
[GPU cuda:1][TRAIN] Epoch: [8][550/2480], Elapsed 2m 37s (remain 9m 9s), Accuracy: 100.000(78.802), Loss: 0.070(0.525), LR: 0.000032
[GPU cuda:1][TRAIN] Epoch: [8][600/2480], Elapsed 2m 51s (remain 8m 55s), Accuracy: 100.000(78.569), Loss: 0.036(0.528), LR: 0.000032
[GPU cuda:1][TRAIN] Epoch: [8][650/2480], Elapsed 3m 5s (remain 8m 40s), Accuracy: 100.000(78.495), Loss: 0.170(0.532), LR: 0.000031
[GPU cuda:1][TRAIN] Epoch: [8][700/2480], Elapsed 3m 19s (remain 8m 26s), Accuracy: 100.000(78.345), Loss: 0.225(0.536), LR: 0.000031
[GPU cuda:1][TRAIN] Epoch: [8][750/2480], Elapsed 3m 33s (remain 8m 12s), Accuracy: 80.000(78.589), Loss: 0.622(0.536), LR: 0.000031
[GPU cuda:1][TRAIN] Epoch: [8][800/2480], Elapsed 3m 47s (remain 7m 57s), Accuracy: 100.000(78.826), Loss: 0.275(0.534), LR: 0.000031
[GPU cuda:1][TRAIN] Epoch: [8][850/2480], Elapsed 4m 2s (remain 7m 43s), Accuracy: 80.000(79.107), Loss: 0.428(0.528), LR: 0.000030
[GPU cuda:1][TRAIN] Epoch: [8][900/2480], Elapsed 4m 16s (remain 7m 29s), Accuracy: 60.000(79.156), Loss: 0.798(0.528), LR: 0.000030
[GPU cuda:1][TRAIN] Epoch: [8][950/2480], Elapsed 4m 30s (remain 7m 14s), Accuracy: 60.000(79.348), Loss: 0.629(0.524), LR: 0.000030
[GPU cuda:1][TRAIN] Epoch: [8][1000/2480], Elapsed 4m 44s (remain 7m 0s), Accuracy: 60.000(79.261), Loss: 1.118(0.526), LR: 0.000029
[GPU cuda:1][TRAIN] Epoch: [8][1050/2480], Elapsed 4m 58s (remain 6m 46s), Accuracy: 60.000(79.353), Loss: 0.853(0.525), LR: 0.000029
[GPU cuda:1][TRAIN] Epoch: [8][1100/2480], Elapsed 5m 12s (remain 6m 31s), Accuracy: 100.000(79.619), Loss: 0.162(0.518), LR: 0.000029
[GPU cuda:1][TRAIN] Epoch: [8][1150/2480], Elapsed 5m 27s (remain 6m 17s), Accuracy: 80.000(79.531), Loss: 0.580(0.519), LR: 0.000028
[GPU cuda:1][TRAIN] Epoch: [8][1200/2480], Elapsed 5m 41s (remain 6m 3s), Accuracy: 100.000(79.734), Loss: 0.335(0.515), LR: 0.000028
[GPU cuda:1][TRAIN] Epoch: [8][1250/2480], Elapsed 5m 55s (remain 5m 49s), Accuracy: 60.000(79.792), Loss: 0.580(0.512), LR: 0.000028
[GPU cuda:1][TRAIN] Epoch: [8][1300/2480], Elapsed 6m 9s (remain 5m 34s), Accuracy: 80.000(79.862), Loss: 0.347(0.510), LR: 0.000028
[GPU cuda:1][TRAIN] Epoch: [8][1350/2480], Elapsed 6m 23s (remain 5m 20s), Accuracy: 100.000(80.118), Loss: 0.117(0.505), LR: 0.000027
[GPU cuda:1][TRAIN] Epoch: [8][1400/2480], Elapsed 6m 37s (remain 5m 6s), Accuracy: 80.000(80.114), Loss: 0.303(0.506), LR: 0.000027
[GPU cuda:1][TRAIN] Epoch: [8][1450/2480], Elapsed 6m 52s (remain 4m 52s), Accuracy: 100.000(80.207), Loss: 0.254(0.504), LR: 0.000027
[GPU cuda:1][TRAIN] Epoch: [8][1500/2480], Elapsed 7m 6s (remain 4m 38s), Accuracy: 100.000(80.187), Loss: 0.072(0.504), LR: 0.000026
[GPU cuda:1][TRAIN] Epoch: [8][1550/2480], Elapsed 7m 20s (remain 4m 23s), Accuracy: 100.000(80.232), Loss: 0.171(0.503), LR: 0.000026
[GPU cuda:1][TRAIN] Epoch: [8][1600/2480], Elapsed 7m 34s (remain 4m 9s), Accuracy: 100.000(80.375), Loss: 0.208(0.500), LR: 0.000026
[GPU cuda:1][TRAIN] Epoch: [8][1650/2480], Elapsed 7m 48s (remain 3m 55s), Accuracy: 80.000(80.521), Loss: 0.223(0.495), LR: 0.000025
[GPU cuda:1][TRAIN] Epoch: [8][1700/2480], Elapsed 8m 2s (remain 3m 41s), Accuracy: 80.000(80.506), Loss: 0.367(0.497), LR: 0.000025
[GPU cuda:1][TRAIN] Epoch: [8][1750/2480], Elapsed 8m 17s (remain 3m 26s), Accuracy: 60.000(80.537), Loss: 0.733(0.496), LR: 0.000025
[GPU cuda:1][TRAIN] Epoch: [8][1800/2480], Elapsed 8m 31s (remain 3m 12s), Accuracy: 80.000(80.577), Loss: 0.384(0.494), LR: 0.000025
[GPU cuda:1][TRAIN] Epoch: [8][1850/2480], Elapsed 8m 45s (remain 2m 58s), Accuracy: 100.000(80.627), Loss: 0.207(0.493), LR: 0.000024
[GPU cuda:1][TRAIN] Epoch: [8][1900/2480], Elapsed 8m 59s (remain 2m 44s), Accuracy: 80.000(80.652), Loss: 0.290(0.491), LR: 0.000024
[GPU cuda:1][TRAIN] Epoch: [8][1950/2480], Elapsed 9m 13s (remain 2m 30s), Accuracy: 60.000(80.523), Loss: 0.431(0.494), LR: 0.000024
[GPU cuda:1][TRAIN] Epoch: [8][2000/2480], Elapsed 9m 27s (remain 2m 15s), Accuracy: 80.000(80.550), Loss: 0.316(0.493), LR: 0.000023
[GPU cuda:1][TRAIN] Epoch: [8][2050/2480], Elapsed 9m 42s (remain 2m 1s), Accuracy: 60.000(80.566), Loss: 0.681(0.492), LR: 0.000023
[GPU cuda:1][TRAIN] Epoch: [8][2100/2480], Elapsed 9m 56s (remain 1m 47s), Accuracy: 80.000(80.752), Loss: 0.626(0.488), LR: 0.000023
[GPU cuda:1][TRAIN] Epoch: [8][2150/2480], Elapsed 10m 10s (remain 1m 33s), Accuracy: 80.000(80.846), Loss: 0.369(0.486), LR: 0.000022
[GPU cuda:1][TRAIN] Epoch: [8][2200/2480], Elapsed 10m 24s (remain 1m 19s), Accuracy: 80.000(80.891), Loss: 0.394(0.485), LR: 0.000022
[GPU cuda:1][TRAIN] Epoch: [8][2250/2480], Elapsed 10m 38s (remain 1m 4s), Accuracy: 80.000(80.897), Loss: 0.655(0.484), LR: 0.000022
[GPU cuda:1][TRAIN] Epoch: [8][2300/2480], Elapsed 10m 52s (remain 0m 50s), Accuracy: 80.000(80.982), Loss: 0.331(0.483), LR: 0.000022
[GPU cuda:1][TRAIN] Epoch: [8][2350/2480], Elapsed 11m 6s (remain 0m 36s), Accuracy: 80.000(81.046), Loss: 0.646(0.481), LR: 0.000021
[GPU cuda:1][TRAIN] Epoch: [8][2400/2480], Elapsed 11m 21s (remain 0m 22s), Accuracy: 100.000(81.125), Loss: 0.522(0.480), LR: 0.000021
[GPU cuda:1][TRAIN] Epoch: [8][2450/2480], Elapsed 11m 35s (remain 0m 8s), Accuracy: 100.000(81.183), Loss: 0.246(0.478), LR: 0.000021
[GPU cuda:1][TRAIN] Epoch: [8][2479/2480], Elapsed 11m 43s (remain 0m 0s), Accuracy: 60.000(81.185), Loss: 1.565(0.478), LR: 0.000020
[GPU cuda:1][VALID][0/97], Elapsed 0m 1s (remain 2m 10s), Accuracy: 81.250(81.250), Batch Loss: 0.7332, Average Loss: 0.7332
[GPU cuda:1][VALID][50/97], Elapsed 0m 48s (remain 0m 43s), Accuracy: 87.500(74.816), Batch Loss: 0.2937, Average Loss: 0.6962
[GPU cuda:1][VALID][96/97], Elapsed 1m 32s (remain 0m 0s), Accuracy: 82.143(74.365), Batch Loss: 0.5377, Average Loss: 0.7148
Valid Labels Samples: [2 0 1 4 1 0 3 1 4 3]
Valid Predictions Samples: [2, 0, 1, 3, 1, 0, 3, 1, 3, 0]
Epoch 8 - Train Average Loss: 81.185, Valid Average Loss: 74.365, Epoch Time: 797.891s
Epoch 8 - Accuracy: 0.744, Precision: 0.743, Recall: 0.744
[GPU cuda:1][TRAIN] Epoch: [9][0/2480], Elapsed 0m 0s (remain 25m 43s), Accuracy: 80.000(80.000), Loss: 0.560(0.560), LR: 0.000020
[GPU cuda:1][TRAIN] Epoch: [9][50/2480], Elapsed 0m 14s (remain 11m 50s), Accuracy: 60.000(82.353), Loss: 0.840(0.404), LR: 0.000020
[GPU cuda:1][TRAIN] Epoch: [9][100/2480], Elapsed 0m 29s (remain 11m 25s), Accuracy: 80.000(81.980), Loss: 0.528(0.409), LR: 0.000020
[GPU cuda:1][TRAIN] Epoch: [9][150/2480], Elapsed 0m 43s (remain 11m 7s), Accuracy: 60.000(81.589), Loss: 0.660(0.414), LR: 0.000020
[GPU cuda:1][TRAIN] Epoch: [9][200/2480], Elapsed 0m 57s (remain 10m 50s), Accuracy: 100.000(81.990), Loss: 0.055(0.422), LR: 0.000019
[GPU cuda:1][TRAIN] Epoch: [9][250/2480], Elapsed 1m 11s (remain 10m 35s), Accuracy: 100.000(83.028), Loss: 0.034(0.408), LR: 0.000019
[GPU cuda:1][TRAIN] Epoch: [9][300/2480], Elapsed 1m 25s (remain 10m 20s), Accuracy: 40.000(82.924), Loss: 1.247(0.409), LR: 0.000019
[GPU cuda:1][TRAIN] Epoch: [9][350/2480], Elapsed 1m 39s (remain 10m 5s), Accuracy: 100.000(82.678), Loss: 0.098(0.421), LR: 0.000018
[GPU cuda:1][TRAIN] Epoch: [9][400/2480], Elapsed 1m 54s (remain 9m 51s), Accuracy: 60.000(83.242), Loss: 0.878(0.415), LR: 0.000018
[GPU cuda:1][TRAIN] Epoch: [9][450/2480], Elapsed 2m 8s (remain 9m 36s), Accuracy: 100.000(83.370), Loss: 0.263(0.415), LR: 0.000018
[GPU cuda:1][TRAIN] Epoch: [9][500/2480], Elapsed 2m 22s (remain 9m 22s), Accuracy: 80.000(83.593), Loss: 0.484(0.411), LR: 0.000018
[GPU cuda:1][TRAIN] Epoch: [9][550/2480], Elapsed 2m 36s (remain 9m 7s), Accuracy: 100.000(83.376), Loss: 0.094(0.414), LR: 0.000017
[GPU cuda:1][TRAIN] Epoch: [9][600/2480], Elapsed 2m 50s (remain 8m 53s), Accuracy: 100.000(83.428), Loss: 0.012(0.415), LR: 0.000017
[GPU cuda:1][TRAIN] Epoch: [9][650/2480], Elapsed 3m 4s (remain 8m 39s), Accuracy: 100.000(83.533), Loss: 0.046(0.414), LR: 0.000017
[GPU cuda:1][TRAIN] Epoch: [9][700/2480], Elapsed 3m 18s (remain 8m 25s), Accuracy: 100.000(83.224), Loss: 0.083(0.418), LR: 0.000016
[GPU cuda:1][TRAIN] Epoch: [9][750/2480], Elapsed 3m 33s (remain 8m 10s), Accuracy: 80.000(83.302), Loss: 0.320(0.421), LR: 0.000016
[GPU cuda:1][TRAIN] Epoch: [9][800/2480], Elapsed 3m 47s (remain 7m 56s), Accuracy: 100.000(83.521), Loss: 0.096(0.420), LR: 0.000016
[GPU cuda:1][TRAIN] Epoch: [9][850/2480], Elapsed 4m 1s (remain 7m 42s), Accuracy: 80.000(83.831), Loss: 0.507(0.414), LR: 0.000016
[GPU cuda:1][TRAIN] Epoch: [9][900/2480], Elapsed 4m 15s (remain 7m 28s), Accuracy: 60.000(83.973), Loss: 0.483(0.411), LR: 0.000015
[GPU cuda:1][TRAIN] Epoch: [9][950/2480], Elapsed 4m 29s (remain 7m 13s), Accuracy: 60.000(84.143), Loss: 0.593(0.408), LR: 0.000015
[GPU cuda:1][TRAIN] Epoch: [9][1000/2480], Elapsed 4m 44s (remain 6m 59s), Accuracy: 60.000(84.136), Loss: 0.635(0.408), LR: 0.000015
[GPU cuda:1][TRAIN] Epoch: [9][1050/2480], Elapsed 4m 58s (remain 6m 45s), Accuracy: 60.000(84.148), Loss: 0.583(0.410), LR: 0.000015
[GPU cuda:1][TRAIN] Epoch: [9][1100/2480], Elapsed 5m 12s (remain 6m 31s), Accuracy: 100.000(84.196), Loss: 0.175(0.407), LR: 0.000014
[GPU cuda:1][TRAIN] Epoch: [9][1150/2480], Elapsed 5m 26s (remain 6m 17s), Accuracy: 80.000(84.153), Loss: 0.248(0.406), LR: 0.000014
[GPU cuda:1][TRAIN] Epoch: [9][1200/2480], Elapsed 5m 40s (remain 6m 3s), Accuracy: 100.000(84.330), Loss: 0.272(0.402), LR: 0.000014
[GPU cuda:1][TRAIN] Epoch: [9][1250/2480], Elapsed 5m 55s (remain 5m 48s), Accuracy: 80.000(84.380), Loss: 0.475(0.399), LR: 0.000013
[GPU cuda:1][TRAIN] Epoch: [9][1300/2480], Elapsed 6m 9s (remain 5m 34s), Accuracy: 80.000(84.473), Loss: 0.668(0.396), LR: 0.000013
[GPU cuda:1][TRAIN] Epoch: [9][1350/2480], Elapsed 6m 23s (remain 5m 20s), Accuracy: 100.000(84.737), Loss: 0.039(0.393), LR: 0.000013
[GPU cuda:1][TRAIN] Epoch: [9][1400/2480], Elapsed 6m 37s (remain 5m 6s), Accuracy: 100.000(84.768), Loss: 0.093(0.391), LR: 0.000013
[GPU cuda:1][TRAIN] Epoch: [9][1450/2480], Elapsed 6m 51s (remain 4m 52s), Accuracy: 100.000(84.810), Loss: 0.167(0.390), LR: 0.000012
[GPU cuda:1][TRAIN] Epoch: [9][1500/2480], Elapsed 7m 6s (remain 4m 37s), Accuracy: 100.000(84.903), Loss: 0.068(0.390), LR: 0.000012
[GPU cuda:1][TRAIN] Epoch: [9][1550/2480], Elapsed 7m 20s (remain 4m 23s), Accuracy: 100.000(84.900), Loss: 0.028(0.387), LR: 0.000012
[GPU cuda:1][TRAIN] Epoch: [9][1600/2480], Elapsed 7m 34s (remain 4m 9s), Accuracy: 80.000(85.022), Loss: 0.189(0.384), LR: 0.000012
[GPU cuda:1][TRAIN] Epoch: [9][1650/2480], Elapsed 7m 48s (remain 3m 55s), Accuracy: 100.000(85.173), Loss: 0.134(0.380), LR: 0.000011
[GPU cuda:1][TRAIN] Epoch: [9][1700/2480], Elapsed 8m 2s (remain 3m 41s), Accuracy: 100.000(85.209), Loss: 0.287(0.381), LR: 0.000011
[GPU cuda:1][TRAIN] Epoch: [9][1750/2480], Elapsed 8m 17s (remain 3m 26s), Accuracy: 60.000(85.311), Loss: 0.623(0.378), LR: 0.000011
[GPU cuda:1][TRAIN] Epoch: [9][1800/2480], Elapsed 8m 31s (remain 3m 12s), Accuracy: 100.000(85.386), Loss: 0.016(0.376), LR: 0.000011
[GPU cuda:1][TRAIN] Epoch: [9][1850/2480], Elapsed 8m 45s (remain 2m 58s), Accuracy: 80.000(85.457), Loss: 0.316(0.375), LR: 0.000010
[GPU cuda:1][TRAIN] Epoch: [9][1900/2480], Elapsed 8m 59s (remain 2m 44s), Accuracy: 80.000(85.608), Loss: 0.317(0.372), LR: 0.000010
[GPU cuda:1][TRAIN] Epoch: [9][1950/2480], Elapsed 9m 13s (remain 2m 30s), Accuracy: 80.000(85.515), Loss: 0.945(0.374), LR: 0.000010
[GPU cuda:1][TRAIN] Epoch: [9][2000/2480], Elapsed 9m 28s (remain 2m 15s), Accuracy: 80.000(85.567), Loss: 0.440(0.372), LR: 0.000010
[GPU cuda:1][TRAIN] Epoch: [9][2050/2480], Elapsed 9m 42s (remain 2m 1s), Accuracy: 60.000(85.617), Loss: 0.858(0.372), LR: 0.000010
[GPU cuda:1][TRAIN] Epoch: [9][2100/2480], Elapsed 9m 56s (remain 1m 47s), Accuracy: 100.000(85.778), Loss: 0.034(0.368), LR: 0.000009
[GPU cuda:1][TRAIN] Epoch: [9][2150/2480], Elapsed 10m 10s (remain 1m 33s), Accuracy: 80.000(85.886), Loss: 0.231(0.366), LR: 0.000009
[GPU cuda:1][TRAIN] Epoch: [9][2200/2480], Elapsed 10m 24s (remain 1m 19s), Accuracy: 80.000(85.925), Loss: 0.329(0.365), LR: 0.000009
[GPU cuda:1][TRAIN] Epoch: [9][2250/2480], Elapsed 10m 38s (remain 1m 4s), Accuracy: 80.000(85.908), Loss: 0.541(0.365), LR: 0.000009
[GPU cuda:1][TRAIN] Epoch: [9][2300/2480], Elapsed 10m 53s (remain 0m 50s), Accuracy: 100.000(86.006), Loss: 0.024(0.363), LR: 0.000008
[GPU cuda:1][TRAIN] Epoch: [9][2350/2480], Elapsed 11m 7s (remain 0m 36s), Accuracy: 100.000(86.066), Loss: 0.314(0.362), LR: 0.000008
[GPU cuda:1][TRAIN] Epoch: [9][2400/2480], Elapsed 11m 21s (remain 0m 22s), Accuracy: 80.000(86.106), Loss: 0.373(0.361), LR: 0.000008
[GPU cuda:1][TRAIN] Epoch: [9][2450/2480], Elapsed 11m 35s (remain 0m 8s), Accuracy: 100.000(86.202), Loss: 0.093(0.358), LR: 0.000008
[GPU cuda:1][TRAIN] Epoch: [9][2479/2480], Elapsed 11m 43s (remain 0m 0s), Accuracy: 60.000(86.169), Loss: 1.586(0.359), LR: 0.000008
[GPU cuda:1][VALID][0/97], Elapsed 0m 1s (remain 2m 16s), Accuracy: 84.375(84.375), Batch Loss: 0.7061, Average Loss: 0.7061
[GPU cuda:1][VALID][50/97], Elapsed 0m 48s (remain 0m 43s), Accuracy: 81.250(75.980), Batch Loss: 0.3317, Average Loss: 0.7885
[GPU cuda:1][VALID][96/97], Elapsed 1m 32s (remain 0m 0s), Accuracy: 78.571(75.681), Batch Loss: 0.6150, Average Loss: 0.7860
Valid Labels Samples: [2 0 1 4 1 0 3 1 4 3]
Valid Predictions Samples: [2, 0, 1, 3, 1, 0, 3, 1, 3, 0]
Epoch 9 - Train Average Loss: 86.169, Valid Average Loss: 75.681, Epoch Time: 798.685s
Epoch 9 - Accuracy: 0.757, Precision: 0.764, Recall: 0.757
