[GPU 1]: Config File
{'id': 0, 'model_name': 'swin_large_patch4_window12_384_in22k', 'dropout': 0.5, 'size': 384, 'batch_size_t': 5, 'batch_size_v': 32, 'n_targets': 5, 'criterion': 'CrossEntropyLoss', 'gradient_accumulation_steps': 1, 'max_gradient_norm': None, 'optimizer': 'AdamW', 'scheduler': 'CosineAnnealingWarmRestarts', 'LR': 7e-06, 'T_0': 200, 'T_max': 10, 'T_mult': 2, 'min_lr': 1e-06, 'max_lr': 0.0001, 'no_batches': 'NA', 'warmup_epochs': 1, 'cosine_epochs': 14, 'epochs': 15, 'update_per_batch': True, 'num_workers': 4, 'n_folds': 5, 'train_transforms': [], 'valid_transforms': [], 'observations': None, 'use_swa': True, 'swa_lr': 0.01, 'swa_epoch': 0, 'use_sam': True, 'use_asam': True, 'asam_rho': 0.1, 'print_freq': 50, 'one_fold': True, 'use_apex': True, 'distributed_training': False, 'save_to_log': True}
================================================== Training Fold: 0 ==================================================
[GPU cuda:1][TRAIN] Epoch: [1][0/2480], Elapsed 0m 0s (remain 27m 53s), Accuracy: 0.000(0.000), Loss: 1.758(1.758), LR: 0.000007
[GPU cuda:1][TRAIN] Epoch: [1][50/2480], Elapsed 0m 14s (remain 11m 17s), Accuracy: 20.000(19.608), Loss: 1.585(1.647), LR: 0.000006
[GPU cuda:1][TRAIN] Epoch: [1][100/2480], Elapsed 0m 27s (remain 10m 57s), Accuracy: 20.000(20.792), Loss: 1.460(1.623), LR: 0.000004
[GPU cuda:1][TRAIN] Epoch: [1][150/2480], Elapsed 0m 41s (remain 10m 41s), Accuracy: 0.000(23.311), Loss: 1.643(1.612), LR: 0.000002
[GPU cuda:1][TRAIN] Epoch: [1][200/2480], Elapsed 0m 55s (remain 10m 28s), Accuracy: 0.000(24.179), Loss: 1.630(1.605), LR: 0.000007
[GPU cuda:1][TRAIN] Epoch: [1][250/2480], Elapsed 1m 9s (remain 10m 14s), Accuracy: 20.000(24.861), Loss: 1.505(1.597), LR: 0.000007
[GPU cuda:1][TRAIN] Epoch: [1][300/2480], Elapsed 1m 23s (remain 10m 1s), Accuracy: 0.000(26.312), Loss: 1.645(1.583), LR: 0.000006
[GPU cuda:1][TRAIN] Epoch: [1][350/2480], Elapsed 1m 36s (remain 9m 47s), Accuracy: 80.000(28.433), Loss: 0.836(1.557), LR: 0.000005
[GPU cuda:1][TRAIN] Epoch: [1][400/2480], Elapsed 1m 50s (remain 9m 34s), Accuracy: 40.000(30.524), Loss: 1.142(1.522), LR: 0.000004
[GPU cuda:1][TRAIN] Epoch: [1][450/2480], Elapsed 2m 4s (remain 9m 20s), Accuracy: 40.000(32.461), Loss: 1.279(1.489), LR: 0.000003
[GPU cuda:1][TRAIN] Epoch: [1][500/2480], Elapsed 2m 18s (remain 9m 7s), Accuracy: 40.000(34.172), Loss: 1.677(1.460), LR: 0.000002
[GPU cuda:1][TRAIN] Epoch: [1][550/2480], Elapsed 2m 32s (remain 8m 53s), Accuracy: 60.000(36.152), Loss: 0.749(1.429), LR: 0.000001
[GPU cuda:1][TRAIN] Epoch: [1][600/2480], Elapsed 2m 46s (remain 8m 40s), Accuracy: 80.000(37.804), Loss: 0.558(1.401), LR: 0.000007
[GPU cuda:1][TRAIN] Epoch: [1][650/2480], Elapsed 3m 0s (remain 8m 26s), Accuracy: 80.000(38.771), Loss: 0.641(1.383), LR: 0.000007
[GPU cuda:1][TRAIN] Epoch: [1][700/2480], Elapsed 3m 14s (remain 8m 13s), Accuracy: 40.000(39.572), Loss: 0.958(1.367), LR: 0.000007
[GPU cuda:1][TRAIN] Epoch: [1][750/2480], Elapsed 3m 28s (remain 7m 59s), Accuracy: 60.000(40.186), Loss: 1.227(1.355), LR: 0.000006
[GPU cuda:1][TRAIN] Epoch: [1][800/2480], Elapsed 3m 42s (remain 7m 46s), Accuracy: 60.000(41.448), Loss: 0.927(1.335), LR: 0.000006
[GPU cuda:1][TRAIN] Epoch: [1][850/2480], Elapsed 3m 56s (remain 7m 32s), Accuracy: 20.000(42.562), Loss: 1.285(1.312), LR: 0.000006
[GPU cuda:1][TRAIN] Epoch: [1][900/2480], Elapsed 4m 10s (remain 7m 18s), Accuracy: 80.000(43.418), Loss: 1.001(1.292), LR: 0.000005
[GPU cuda:1][TRAIN] Epoch: [1][950/2480], Elapsed 4m 24s (remain 7m 5s), Accuracy: 60.000(44.290), Loss: 1.032(1.274), LR: 0.000005
[GPU cuda:1][TRAIN] Epoch: [1][1000/2480], Elapsed 4m 38s (remain 6m 51s), Accuracy: 40.000(44.795), Loss: 1.280(1.260), LR: 0.000004
[GPU cuda:1][TRAIN] Epoch: [1][1050/2480], Elapsed 4m 52s (remain 6m 37s), Accuracy: 40.000(45.500), Loss: 1.295(1.245), LR: 0.000003
[GPU cuda:1][TRAIN] Epoch: [1][1100/2480], Elapsed 5m 6s (remain 6m 24s), Accuracy: 80.000(46.485), Loss: 0.735(1.226), LR: 0.000003
[GPU cuda:1][TRAIN] Epoch: [1][1150/2480], Elapsed 5m 20s (remain 6m 10s), Accuracy: 80.000(47.107), Loss: 0.712(1.213), LR: 0.000002
[GPU cuda:1][TRAIN] Epoch: [1][1200/2480], Elapsed 5m 35s (remain 5m 56s), Accuracy: 80.000(47.827), Loss: 0.927(1.197), LR: 0.000002
[GPU cuda:1][TRAIN] Epoch: [1][1250/2480], Elapsed 5m 49s (remain 5m 43s), Accuracy: 40.000(48.409), Loss: 0.958(1.184), LR: 0.000001
[GPU cuda:1][TRAIN] Epoch: [1][1300/2480], Elapsed 6m 3s (remain 5m 29s), Accuracy: 20.000(49.147), Loss: 1.733(1.170), LR: 0.000001
[GPU cuda:1][TRAIN] Epoch: [1][1350/2480], Elapsed 6m 17s (remain 5m 15s), Accuracy: 100.000(49.697), Loss: 0.440(1.158), LR: 0.000001
[GPU cuda:1][TRAIN] Epoch: [1][1400/2480], Elapsed 6m 31s (remain 5m 1s), Accuracy: 60.000(50.093), Loss: 0.672(1.151), LR: 0.000007
[GPU cuda:1][TRAIN] Epoch: [1][1450/2480], Elapsed 6m 45s (remain 4m 47s), Accuracy: 60.000(50.448), Loss: 0.862(1.141), LR: 0.000007
[GPU cuda:1][TRAIN] Epoch: [1][1500/2480], Elapsed 6m 59s (remain 4m 33s), Accuracy: 100.000(50.740), Loss: 0.301(1.136), LR: 0.000007
[GPU cuda:1][TRAIN] Epoch: [1][1550/2480], Elapsed 7m 13s (remain 4m 19s), Accuracy: 60.000(50.961), Loss: 0.861(1.131), LR: 0.000007
[GPU cuda:1][TRAIN] Epoch: [1][1600/2480], Elapsed 7m 28s (remain 4m 6s), Accuracy: 60.000(51.318), Loss: 0.702(1.123), LR: 0.000007
[GPU cuda:1][TRAIN] Epoch: [1][1650/2480], Elapsed 7m 42s (remain 3m 52s), Accuracy: 80.000(51.690), Loss: 0.362(1.113), LR: 0.000007
[GPU cuda:1][TRAIN] Epoch: [1][1700/2480], Elapsed 7m 56s (remain 3m 38s), Accuracy: 60.000(52.087), Loss: 0.698(1.106), LR: 0.000006
[GPU cuda:1][TRAIN] Epoch: [1][1750/2480], Elapsed 8m 10s (remain 3m 24s), Accuracy: 40.000(52.473), Loss: 1.773(1.099), LR: 0.000006
[GPU cuda:1][TRAIN] Epoch: [1][1800/2480], Elapsed 8m 24s (remain 3m 10s), Accuracy: 60.000(52.748), Loss: 0.928(1.092), LR: 0.000006
[GPU cuda:1][TRAIN] Epoch: [1][1850/2480], Elapsed 8m 38s (remain 2m 56s), Accuracy: 40.000(52.869), Loss: 0.999(1.087), LR: 0.000006
[GPU cuda:1][TRAIN] Epoch: [1][1900/2480], Elapsed 8m 53s (remain 2m 42s), Accuracy: 60.000(53.088), Loss: 0.645(1.080), LR: 0.000006
[GPU cuda:1][TRAIN] Epoch: [1][1950/2480], Elapsed 9m 7s (remain 2m 28s), Accuracy: 40.000(53.255), Loss: 0.835(1.078), LR: 0.000005
[GPU cuda:1][TRAIN] Epoch: [1][2000/2480], Elapsed 9m 21s (remain 2m 14s), Accuracy: 40.000(53.593), Loss: 0.975(1.071), LR: 0.000005
[GPU cuda:1][TRAIN] Epoch: [1][2050/2480], Elapsed 9m 35s (remain 2m 0s), Accuracy: 0.000(53.642), Loss: 1.517(1.070), LR: 0.000005
[GPU cuda:1][TRAIN] Epoch: [1][2100/2480], Elapsed 9m 49s (remain 1m 46s), Accuracy: 100.000(54.098), Loss: 0.576(1.062), LR: 0.000005
[GPU cuda:1][TRAIN] Epoch: [1][2150/2480], Elapsed 10m 3s (remain 1m 32s), Accuracy: 40.000(54.421), Loss: 1.374(1.056), LR: 0.000004
[GPU cuda:1][TRAIN] Epoch: [1][2200/2480], Elapsed 10m 18s (remain 1m 18s), Accuracy: 60.000(54.730), Loss: 0.854(1.051), LR: 0.000004
[GPU cuda:1][TRAIN] Epoch: [1][2250/2480], Elapsed 10m 32s (remain 1m 4s), Accuracy: 60.000(54.900), Loss: 1.115(1.046), LR: 0.000004
[GPU cuda:1][TRAIN] Epoch: [1][2300/2480], Elapsed 10m 46s (remain 0m 50s), Accuracy: 60.000(55.167), Loss: 0.658(1.041), LR: 0.000003
[GPU cuda:1][TRAIN] Epoch: [1][2350/2480], Elapsed 11m 0s (remain 0m 36s), Accuracy: 80.000(55.415), Loss: 0.681(1.037), LR: 0.000003
[GPU cuda:1][TRAIN] Epoch: [1][2400/2480], Elapsed 11m 14s (remain 0m 22s), Accuracy: 40.000(55.693), Loss: 1.327(1.032), LR: 0.000003
[GPU cuda:1][TRAIN] Epoch: [1][2450/2480], Elapsed 11m 28s (remain 0m 8s), Accuracy: 80.000(55.977), Loss: 0.650(1.027), LR: 0.000003
[GPU cuda:1][TRAIN] Epoch: [1][2479/2480], Elapsed 11m 37s (remain 0m 0s), Accuracy: 40.000(56.137), Loss: 1.919(1.024), LR: 0.000002
[GPU cuda:1][VALID][0/97], Elapsed 0m 1s (remain 2m 10s), Accuracy: 81.250(81.250), Batch Loss: 0.7402, Average Loss: 0.7402
[GPU cuda:1][VALID][50/97], Elapsed 0m 48s (remain 0m 43s), Accuracy: 62.500(70.711), Batch Loss: 0.5761, Average Loss: 0.7254
[GPU cuda:1][VALID][96/97], Elapsed 1m 32s (remain 0m 0s), Accuracy: 71.429(70.711), Batch Loss: 0.5797, Average Loss: 0.7269
Valid Labels Samples: [2 0 1 4 1 0 3 1 4 3]
Valid Predictions Samples: [2, 0, 1, 4, 1, 0, 3, 1, 3, 0]
Epoch 1 - Train Average Loss: 56.137, Valid Average Loss: 70.711, Epoch Time: 791.375s
Epoch 1 - Accuracy: 0.707, Precision: 0.716, Recall: 0.707
Saved Best Model: 0.71
[GPU cuda:1][TRAIN] Epoch: [2][0/2480], Elapsed 0m 0s (remain 24m 0s), Accuracy: 60.000(60.000), Loss: 1.153(1.153), LR: 0.000002
[GPU cuda:1][TRAIN] Epoch: [2][50/2480], Elapsed 0m 14s (remain 11m 52s), Accuracy: 60.000(70.588), Loss: 0.847(0.699), LR: 0.000002
[GPU cuda:1][TRAIN] Epoch: [2][100/2480], Elapsed 0m 29s (remain 11m 27s), Accuracy: 80.000(68.515), Loss: 0.845(0.731), LR: 0.000002
[GPU cuda:1][TRAIN] Epoch: [2][150/2480], Elapsed 0m 43s (remain 11m 9s), Accuracy: 60.000(68.609), Loss: 1.023(0.749), LR: 0.000002
[GPU cuda:1][TRAIN] Epoch: [2][200/2480], Elapsed 0m 57s (remain 10m 52s), Accuracy: 60.000(68.060), Loss: 0.805(0.768), LR: 0.000002
[GPU cuda:1][TRAIN] Epoch: [2][250/2480], Elapsed 1m 11s (remain 10m 37s), Accuracy: 80.000(68.924), Loss: 0.345(0.759), LR: 0.000001
[GPU cuda:1][TRAIN] Epoch: [2][300/2480], Elapsed 1m 25s (remain 10m 22s), Accuracy: 0.000(68.106), Loss: 1.229(0.761), LR: 0.000001
[GPU cuda:1][TRAIN] Epoch: [2][350/2480], Elapsed 1m 40s (remain 10m 7s), Accuracy: 80.000(68.034), Loss: 0.578(0.765), LR: 0.000001
[GPU cuda:1][TRAIN] Epoch: [2][400/2480], Elapsed 1m 54s (remain 9m 52s), Accuracy: 60.000(67.980), Loss: 0.720(0.768), LR: 0.000001
[GPU cuda:1][TRAIN] Epoch: [2][450/2480], Elapsed 2m 8s (remain 9m 37s), Accuracy: 80.000(68.204), Loss: 0.556(0.765), LR: 0.000001
[GPU cuda:1][TRAIN] Epoch: [2][500/2480], Elapsed 2m 22s (remain 9m 23s), Accuracy: 40.000(68.383), Loss: 1.116(0.763), LR: 0.000001
[GPU cuda:1][TRAIN] Epoch: [2][550/2480], Elapsed 2m 36s (remain 9m 8s), Accuracy: 100.000(68.312), Loss: 0.236(0.768), LR: 0.000007
[GPU cuda:1][TRAIN] Epoch: [2][600/2480], Elapsed 2m 50s (remain 8m 54s), Accuracy: 100.000(67.953), Loss: 0.175(0.778), LR: 0.000007
[GPU cuda:1][TRAIN] Epoch: [2][650/2480], Elapsed 3m 5s (remain 8m 40s), Accuracy: 100.000(67.588), Loss: 0.097(0.782), LR: 0.000007
[GPU cuda:1][TRAIN] Epoch: [2][700/2480], Elapsed 3m 19s (remain 8m 25s), Accuracy: 80.000(67.047), Loss: 0.722(0.793), LR: 0.000007
[GPU cuda:1][TRAIN] Epoch: [2][750/2480], Elapsed 3m 33s (remain 8m 11s), Accuracy: 60.000(66.897), Loss: 0.689(0.798), LR: 0.000007
[GPU cuda:1][TRAIN] Epoch: [2][800/2480], Elapsed 3m 47s (remain 7m 57s), Accuracy: 80.000(67.216), Loss: 0.486(0.794), LR: 0.000007
[GPU cuda:1][TRAIN] Epoch: [2][850/2480], Elapsed 4m 1s (remain 7m 42s), Accuracy: 60.000(67.380), Loss: 0.895(0.788), LR: 0.000007
[GPU cuda:1][TRAIN] Epoch: [2][900/2480], Elapsed 4m 15s (remain 7m 28s), Accuracy: 60.000(67.658), Loss: 1.227(0.786), LR: 0.000007
[GPU cuda:1][TRAIN] Epoch: [2][950/2480], Elapsed 4m 30s (remain 7m 14s), Accuracy: 80.000(67.781), Loss: 0.956(0.785), LR: 0.000007
[GPU cuda:1][TRAIN] Epoch: [2][1000/2480], Elapsed 4m 44s (remain 7m 0s), Accuracy: 60.000(67.313), Loss: 0.930(0.787), LR: 0.000007
[GPU cuda:1][TRAIN] Epoch: [2][1050/2480], Elapsed 4m 58s (remain 6m 45s), Accuracy: 20.000(67.231), Loss: 1.297(0.788), LR: 0.000007
[GPU cuda:1][TRAIN] Epoch: [2][1100/2480], Elapsed 5m 12s (remain 6m 31s), Accuracy: 80.000(67.448), Loss: 0.410(0.784), LR: 0.000007
[GPU cuda:1][TRAIN] Epoch: [2][1150/2480], Elapsed 5m 26s (remain 6m 17s), Accuracy: 60.000(67.420), Loss: 0.820(0.785), LR: 0.000006
[GPU cuda:1][TRAIN] Epoch: [2][1200/2480], Elapsed 5m 41s (remain 6m 3s), Accuracy: 80.000(67.311), Loss: 0.689(0.786), LR: 0.000006
[GPU cuda:1][TRAIN] Epoch: [2][1250/2480], Elapsed 5m 55s (remain 5m 49s), Accuracy: 40.000(67.210), Loss: 0.843(0.787), LR: 0.000006
[GPU cuda:1][TRAIN] Epoch: [2][1300/2480], Elapsed 6m 9s (remain 5m 34s), Accuracy: 40.000(67.348), Loss: 1.146(0.786), LR: 0.000006
[GPU cuda:1][TRAIN] Epoch: [2][1350/2480], Elapsed 6m 23s (remain 5m 20s), Accuracy: 100.000(67.491), Loss: 0.200(0.785), LR: 0.000006
[GPU cuda:1][TRAIN] Epoch: [2][1400/2480], Elapsed 6m 37s (remain 5m 6s), Accuracy: 80.000(67.409), Loss: 0.369(0.787), LR: 0.000006
[GPU cuda:1][TRAIN] Epoch: [2][1450/2480], Elapsed 6m 52s (remain 4m 52s), Accuracy: 100.000(67.540), Loss: 0.678(0.784), LR: 0.000006
[GPU cuda:1][TRAIN] Epoch: [2][1500/2480], Elapsed 7m 6s (remain 4m 38s), Accuracy: 100.000(67.515), Loss: 0.208(0.784), LR: 0.000006
[GPU cuda:1][TRAIN] Epoch: [2][1550/2480], Elapsed 7m 20s (remain 4m 23s), Accuracy: 40.000(67.505), Loss: 0.787(0.784), LR: 0.000006
[GPU cuda:1][TRAIN] Epoch: [2][1600/2480], Elapsed 7m 34s (remain 4m 9s), Accuracy: 80.000(67.633), Loss: 0.518(0.781), LR: 0.000005
[GPU cuda:1][TRAIN] Epoch: [2][1650/2480], Elapsed 7m 48s (remain 3m 55s), Accuracy: 80.000(67.826), Loss: 0.357(0.777), LR: 0.000005
[GPU cuda:1][TRAIN] Epoch: [2][1700/2480], Elapsed 8m 3s (remain 3m 41s), Accuracy: 80.000(67.866), Loss: 0.442(0.777), LR: 0.000005
[GPU cuda:1][TRAIN] Epoch: [2][1750/2480], Elapsed 8m 17s (remain 3m 27s), Accuracy: 60.000(68.053), Loss: 1.216(0.775), LR: 0.000005
[GPU cuda:1][TRAIN] Epoch: [2][1800/2480], Elapsed 8m 31s (remain 3m 12s), Accuracy: 60.000(68.040), Loss: 0.680(0.773), LR: 0.000005
[GPU cuda:1][TRAIN] Epoch: [2][1850/2480], Elapsed 8m 45s (remain 2m 58s), Accuracy: 40.000(68.039), Loss: 0.883(0.772), LR: 0.000005
[GPU cuda:1][TRAIN] Epoch: [2][1900/2480], Elapsed 8m 59s (remain 2m 44s), Accuracy: 60.000(68.154), Loss: 0.530(0.769), LR: 0.000005
[GPU cuda:1][TRAIN] Epoch: [2][1950/2480], Elapsed 9m 13s (remain 2m 30s), Accuracy: 100.000(68.068), Loss: 0.582(0.772), LR: 0.000004
[GPU cuda:1][TRAIN] Epoch: [2][2000/2480], Elapsed 9m 28s (remain 2m 15s), Accuracy: 60.000(68.076), Loss: 0.790(0.770), LR: 0.000004
[GPU cuda:1][TRAIN] Epoch: [2][2050/2480], Elapsed 9m 42s (remain 2m 1s), Accuracy: 60.000(68.074), Loss: 0.878(0.772), LR: 0.000004
[GPU cuda:1][TRAIN] Epoch: [2][2100/2480], Elapsed 9m 56s (remain 1m 47s), Accuracy: 80.000(68.282), Loss: 0.429(0.768), LR: 0.000004
[GPU cuda:1][TRAIN] Epoch: [2][2150/2480], Elapsed 10m 10s (remain 1m 33s), Accuracy: 40.000(68.387), Loss: 1.008(0.766), LR: 0.000004
[GPU cuda:1][TRAIN] Epoch: [2][2200/2480], Elapsed 10m 24s (remain 1m 19s), Accuracy: 60.000(68.487), Loss: 0.817(0.764), LR: 0.000004
[GPU cuda:1][TRAIN] Epoch: [2][2250/2480], Elapsed 10m 38s (remain 1m 5s), Accuracy: 60.000(68.467), Loss: 0.887(0.764), LR: 0.000004
[GPU cuda:1][TRAIN] Epoch: [2][2300/2480], Elapsed 10m 53s (remain 0m 50s), Accuracy: 80.000(68.492), Loss: 0.523(0.763), LR: 0.000003
[GPU cuda:1][TRAIN] Epoch: [2][2350/2480], Elapsed 11m 7s (remain 0m 36s), Accuracy: 80.000(68.541), Loss: 0.740(0.763), LR: 0.000003
[GPU cuda:1][TRAIN] Epoch: [2][2400/2480], Elapsed 11m 21s (remain 0m 22s), Accuracy: 40.000(68.638), Loss: 1.383(0.762), LR: 0.000003
[GPU cuda:1][TRAIN] Epoch: [2][2450/2480], Elapsed 11m 35s (remain 0m 8s), Accuracy: 100.000(68.788), Loss: 0.443(0.760), LR: 0.000003
[GPU cuda:1][TRAIN] Epoch: [2][2479/2480], Elapsed 11m 43s (remain 0m 0s), Accuracy: 40.000(68.855), Loss: 1.790(0.759), LR: 0.000003
[GPU cuda:1][VALID][0/97], Elapsed 0m 1s (remain 2m 11s), Accuracy: 75.000(75.000), Batch Loss: 0.6692, Average Loss: 0.6692
[GPU cuda:1][VALID][50/97], Elapsed 0m 48s (remain 0m 43s), Accuracy: 75.000(72.243), Batch Loss: 0.4616, Average Loss: 0.6969
[GPU cuda:1][VALID][96/97], Elapsed 1m 32s (remain 0m 0s), Accuracy: 78.571(72.556), Batch Loss: 0.5243, Average Loss: 0.7035
Valid Labels Samples: [2 0 1 4 1 0 3 1 4 3]
Valid Predictions Samples: [2, 0, 1, 3, 1, 0, 3, 1, 3, 0]
Epoch 2 - Train Average Loss: 68.855, Valid Average Loss: 72.556, Epoch Time: 798.397s
Epoch 2 - Accuracy: 0.725, Precision: 0.740, Recall: 0.725
Saved Best Model: 0.73
[GPU cuda:1][TRAIN] Epoch: [3][0/2480], Elapsed 0m 0s (remain 24m 18s), Accuracy: 80.000(80.000), Loss: 0.912(0.912), LR: 0.000003
[GPU cuda:1][TRAIN] Epoch: [3][50/2480], Elapsed 0m 14s (remain 11m 51s), Accuracy: 60.000(73.725), Loss: 0.891(0.643), LR: 0.000003
[GPU cuda:1][TRAIN] Epoch: [3][100/2480], Elapsed 0m 29s (remain 11m 26s), Accuracy: 80.000(72.277), Loss: 0.856(0.674), LR: 0.000003
[GPU cuda:1][TRAIN] Epoch: [3][150/2480], Elapsed 0m 43s (remain 11m 8s), Accuracy: 40.000(71.523), Loss: 1.028(0.683), LR: 0.000003
[GPU cuda:1][TRAIN] Epoch: [3][200/2480], Elapsed 0m 57s (remain 10m 52s), Accuracy: 60.000(70.846), Loss: 0.787(0.702), LR: 0.000002
[GPU cuda:1][TRAIN] Epoch: [3][250/2480], Elapsed 1m 11s (remain 10m 36s), Accuracy: 100.000(71.235), Loss: 0.126(0.698), LR: 0.000002
[GPU cuda:1][TRAIN] Epoch: [3][300/2480], Elapsed 1m 25s (remain 10m 21s), Accuracy: 20.000(70.698), Loss: 1.403(0.702), LR: 0.000002
[GPU cuda:1][TRAIN] Epoch: [3][350/2480], Elapsed 1m 40s (remain 10m 6s), Accuracy: 60.000(70.199), Loss: 1.044(0.709), LR: 0.000002
[GPU cuda:1][TRAIN] Epoch: [3][400/2480], Elapsed 1m 54s (remain 9m 52s), Accuracy: 60.000(70.274), Loss: 0.616(0.704), LR: 0.000002
[GPU cuda:1][TRAIN] Epoch: [3][450/2480], Elapsed 2m 8s (remain 9m 37s), Accuracy: 60.000(70.510), Loss: 0.873(0.702), LR: 0.000002
[GPU cuda:1][TRAIN] Epoch: [3][500/2480], Elapsed 2m 22s (remain 9m 23s), Accuracy: 40.000(70.938), Loss: 1.022(0.693), LR: 0.000002
[GPU cuda:1][TRAIN] Epoch: [3][550/2480], Elapsed 2m 36s (remain 9m 8s), Accuracy: 100.000(70.817), Loss: 0.128(0.697), LR: 0.000002
[GPU cuda:1][TRAIN] Epoch: [3][600/2480], Elapsed 2m 50s (remain 8m 54s), Accuracy: 100.000(70.849), Loss: 0.069(0.700), LR: 0.000002
[GPU cuda:1][TRAIN] Epoch: [3][650/2480], Elapsed 3m 5s (remain 8m 39s), Accuracy: 100.000(71.152), Loss: 0.039(0.699), LR: 0.000001
[GPU cuda:1][TRAIN] Epoch: [3][700/2480], Elapsed 3m 19s (remain 8m 25s), Accuracy: 80.000(71.013), Loss: 0.448(0.702), LR: 0.000001
[GPU cuda:1][TRAIN] Epoch: [3][750/2480], Elapsed 3m 33s (remain 8m 11s), Accuracy: 80.000(71.025), Loss: 0.378(0.700), LR: 0.000001
[GPU cuda:1][TRAIN] Epoch: [3][800/2480], Elapsed 3m 47s (remain 7m 56s), Accuracy: 60.000(71.336), Loss: 0.570(0.695), LR: 0.000001
[GPU cuda:1][TRAIN] Epoch: [3][850/2480], Elapsed 4m 1s (remain 7m 42s), Accuracy: 60.000(71.610), Loss: 0.823(0.688), LR: 0.000001
[GPU cuda:1][TRAIN] Epoch: [3][900/2480], Elapsed 4m 15s (remain 7m 28s), Accuracy: 60.000(71.853), Loss: 0.953(0.684), LR: 0.000001
[GPU cuda:1][TRAIN] Epoch: [3][950/2480], Elapsed 4m 30s (remain 7m 14s), Accuracy: 40.000(71.966), Loss: 0.994(0.679), LR: 0.000001
[GPU cuda:1][TRAIN] Epoch: [3][1000/2480], Elapsed 4m 44s (remain 6m 59s), Accuracy: 80.000(71.908), Loss: 0.831(0.678), LR: 0.000001
[GPU cuda:1][TRAIN] Epoch: [3][1050/2480], Elapsed 4m 58s (remain 6m 45s), Accuracy: 60.000(72.046), Loss: 0.688(0.676), LR: 0.000001
[GPU cuda:1][TRAIN] Epoch: [3][1100/2480], Elapsed 5m 12s (remain 6m 31s), Accuracy: 80.000(72.225), Loss: 0.318(0.671), LR: 0.000001
[GPU cuda:1][TRAIN] Epoch: [3][1150/2480], Elapsed 5m 26s (remain 6m 17s), Accuracy: 80.000(72.268), Loss: 0.794(0.669), LR: 0.000001
[GPU cuda:1][TRAIN] Epoch: [3][1200/2480], Elapsed 5m 40s (remain 6m 3s), Accuracy: 100.000(72.423), Loss: 0.461(0.665), LR: 0.000001
[GPU cuda:1][TRAIN] Epoch: [3][1250/2480], Elapsed 5m 55s (remain 5m 48s), Accuracy: 40.000(72.326), Loss: 1.076(0.666), LR: 0.000007
[GPU cuda:1][TRAIN] Epoch: [3][1300/2480], Elapsed 6m 9s (remain 5m 34s), Accuracy: 80.000(72.437), Loss: 0.701(0.666), LR: 0.000007
[GPU cuda:1][TRAIN] Epoch: [3][1350/2480], Elapsed 6m 23s (remain 5m 20s), Accuracy: 100.000(72.509), Loss: 0.064(0.664), LR: 0.000007
[GPU cuda:1][TRAIN] Epoch: [3][1400/2480], Elapsed 6m 37s (remain 5m 6s), Accuracy: 100.000(72.348), Loss: 0.380(0.669), LR: 0.000007
[GPU cuda:1][TRAIN] Epoch: [3][1450/2480], Elapsed 6m 51s (remain 4m 52s), Accuracy: 100.000(72.419), Loss: 0.501(0.668), LR: 0.000007
[GPU cuda:1][TRAIN] Epoch: [3][1500/2480], Elapsed 7m 5s (remain 4m 37s), Accuracy: 80.000(72.365), Loss: 0.325(0.670), LR: 0.000007
[GPU cuda:1][TRAIN] Epoch: [3][1550/2480], Elapsed 7m 20s (remain 4m 23s), Accuracy: 60.000(72.302), Loss: 0.616(0.672), LR: 0.000007
[GPU cuda:1][TRAIN] Epoch: [3][1600/2480], Elapsed 7m 34s (remain 4m 9s), Accuracy: 100.000(72.355), Loss: 0.390(0.672), LR: 0.000007
[GPU cuda:1][TRAIN] Epoch: [3][1650/2480], Elapsed 7m 48s (remain 3m 55s), Accuracy: 80.000(72.502), Loss: 0.372(0.669), LR: 0.000007
[GPU cuda:1][TRAIN] Epoch: [3][1700/2480], Elapsed 8m 2s (remain 3m 41s), Accuracy: 80.000(72.440), Loss: 0.453(0.672), LR: 0.000007
[GPU cuda:1][TRAIN] Epoch: [3][1750/2480], Elapsed 8m 16s (remain 3m 26s), Accuracy: 60.000(72.359), Loss: 0.905(0.674), LR: 0.000007
[GPU cuda:1][TRAIN] Epoch: [3][1800/2480], Elapsed 8m 30s (remain 3m 12s), Accuracy: 60.000(72.304), Loss: 0.642(0.674), LR: 0.000007
[GPU cuda:1][TRAIN] Epoch: [3][1850/2480], Elapsed 8m 45s (remain 2m 58s), Accuracy: 60.000(72.242), Loss: 0.704(0.675), LR: 0.000007
[GPU cuda:1][TRAIN] Epoch: [3][1900/2480], Elapsed 8m 59s (remain 2m 44s), Accuracy: 60.000(72.299), Loss: 0.666(0.674), LR: 0.000007
[GPU cuda:1][TRAIN] Epoch: [3][1950/2480], Elapsed 9m 13s (remain 2m 30s), Accuracy: 100.000(72.148), Loss: 0.419(0.678), LR: 0.000007
[GPU cuda:1][TRAIN] Epoch: [3][2000/2480], Elapsed 9m 27s (remain 2m 15s), Accuracy: 60.000(72.104), Loss: 0.812(0.678), LR: 0.000007
[GPU cuda:1][TRAIN] Epoch: [3][2050/2480], Elapsed 9m 41s (remain 2m 1s), Accuracy: 60.000(71.945), Loss: 1.010(0.681), LR: 0.000007
[GPU cuda:1][TRAIN] Epoch: [3][2100/2480], Elapsed 9m 56s (remain 1m 47s), Accuracy: 80.000(72.166), Loss: 0.346(0.678), LR: 0.000007
[GPU cuda:1][TRAIN] Epoch: [3][2150/2480], Elapsed 10m 10s (remain 1m 33s), Accuracy: 60.000(72.199), Loss: 0.849(0.677), LR: 0.000007
[GPU cuda:1][TRAIN] Epoch: [3][2200/2480], Elapsed 10m 24s (remain 1m 19s), Accuracy: 60.000(72.258), Loss: 0.990(0.677), LR: 0.000007
[GPU cuda:1][TRAIN] Epoch: [3][2250/2480], Elapsed 10m 38s (remain 1m 4s), Accuracy: 60.000(72.199), Loss: 0.750(0.678), LR: 0.000007
[GPU cuda:1][TRAIN] Epoch: [3][2300/2480], Elapsed 10m 52s (remain 0m 50s), Accuracy: 80.000(72.256), Loss: 0.399(0.678), LR: 0.000007
[GPU cuda:1][TRAIN] Epoch: [3][2350/2480], Elapsed 11m 7s (remain 0m 36s), Accuracy: 60.000(72.174), Loss: 0.861(0.681), LR: 0.000007
[GPU cuda:1][TRAIN] Epoch: [3][2400/2480], Elapsed 11m 21s (remain 0m 22s), Accuracy: 60.000(72.153), Loss: 1.781(0.681), LR: 0.000007
[GPU cuda:1][TRAIN] Epoch: [3][2450/2480], Elapsed 11m 35s (remain 0m 8s), Accuracy: 80.000(72.199), Loss: 0.610(0.681), LR: 0.000006
[GPU cuda:1][TRAIN] Epoch: [3][2479/2480], Elapsed 11m 43s (remain 0m 0s), Accuracy: 40.000(72.202), Loss: 2.362(0.681), LR: 0.000006
[GPU cuda:1][VALID][0/97], Elapsed 0m 1s (remain 2m 6s), Accuracy: 68.750(68.750), Batch Loss: 0.7555, Average Loss: 0.7555
[GPU cuda:1][VALID][50/97], Elapsed 0m 48s (remain 0m 43s), Accuracy: 78.125(72.978), Batch Loss: 0.5328, Average Loss: 0.6725
[GPU cuda:1][VALID][96/97], Elapsed 1m 32s (remain 0m 0s), Accuracy: 82.143(72.496), Batch Loss: 0.4874, Average Loss: 0.6799
Valid Labels Samples: [2 0 1 4 1 0 3 1 4 3]
Valid Predictions Samples: [2, 0, 1, 3, 1, 0, 3, 1, 3, 0]
Epoch 3 - Train Average Loss: 72.202, Valid Average Loss: 72.496, Epoch Time: 798.108s
Epoch 3 - Accuracy: 0.725, Precision: 0.726, Recall: 0.725
[GPU cuda:1][TRAIN] Epoch: [4][0/2480], Elapsed 0m 0s (remain 24m 33s), Accuracy: 80.000(80.000), Loss: 0.814(0.814), LR: 0.000006
[GPU cuda:1][TRAIN] Epoch: [4][50/2480], Elapsed 0m 14s (remain 11m 51s), Accuracy: 60.000(74.510), Loss: 0.921(0.625), LR: 0.000006
[GPU cuda:1][TRAIN] Epoch: [4][100/2480], Elapsed 0m 29s (remain 11m 26s), Accuracy: 80.000(73.069), Loss: 1.169(0.669), LR: 0.000006
[GPU cuda:1][TRAIN] Epoch: [4][150/2480], Elapsed 0m 43s (remain 11m 8s), Accuracy: 40.000(72.185), Loss: 1.056(0.691), LR: 0.000006
[GPU cuda:1][TRAIN] Epoch: [4][200/2480], Elapsed 0m 57s (remain 10m 52s), Accuracy: 60.000(71.443), Loss: 0.824(0.714), LR: 0.000006
[GPU cuda:1][TRAIN] Epoch: [4][250/2480], Elapsed 1m 11s (remain 10m 36s), Accuracy: 100.000(71.554), Loss: 0.233(0.710), LR: 0.000006
[GPU cuda:1][TRAIN] Epoch: [4][300/2480], Elapsed 1m 25s (remain 10m 21s), Accuracy: 20.000(71.096), Loss: 1.317(0.714), LR: 0.000006
[GPU cuda:1][TRAIN] Epoch: [4][350/2480], Elapsed 1m 40s (remain 10m 6s), Accuracy: 80.000(70.427), Loss: 0.660(0.722), LR: 0.000006
[GPU cuda:1][TRAIN] Epoch: [4][400/2480], Elapsed 1m 54s (remain 9m 52s), Accuracy: 80.000(70.474), Loss: 0.521(0.718), LR: 0.000006
[GPU cuda:1][TRAIN] Epoch: [4][450/2480], Elapsed 2m 8s (remain 9m 37s), Accuracy: 40.000(70.687), Loss: 1.036(0.718), LR: 0.000006
[GPU cuda:1][TRAIN] Epoch: [4][500/2480], Elapsed 2m 22s (remain 9m 23s), Accuracy: 20.000(71.058), Loss: 1.562(0.710), LR: 0.000006
[GPU cuda:1][TRAIN] Epoch: [4][550/2480], Elapsed 2m 36s (remain 9m 8s), Accuracy: 100.000(71.107), Loss: 0.121(0.710), LR: 0.000006
[GPU cuda:1][TRAIN] Epoch: [4][600/2480], Elapsed 2m 50s (remain 8m 54s), Accuracy: 100.000(70.915), Loss: 0.042(0.711), LR: 0.000006
[GPU cuda:1][TRAIN] Epoch: [4][650/2480], Elapsed 3m 5s (remain 8m 39s), Accuracy: 100.000(70.968), Loss: 0.044(0.711), LR: 0.000006
[GPU cuda:1][TRAIN] Epoch: [4][700/2480], Elapsed 3m 19s (remain 8m 25s), Accuracy: 100.000(70.870), Loss: 0.553(0.714), LR: 0.000006
[GPU cuda:1][TRAIN] Epoch: [4][750/2480], Elapsed 3m 33s (remain 8m 11s), Accuracy: 100.000(70.786), Loss: 0.234(0.716), LR: 0.000006
[GPU cuda:1][TRAIN] Epoch: [4][800/2480], Elapsed 3m 47s (remain 7m 57s), Accuracy: 80.000(71.011), Loss: 0.433(0.711), LR: 0.000006
[GPU cuda:1][TRAIN] Epoch: [4][850/2480], Elapsed 4m 1s (remain 7m 42s), Accuracy: 60.000(71.304), Loss: 0.801(0.704), LR: 0.000006
[GPU cuda:1][TRAIN] Epoch: [4][900/2480], Elapsed 4m 15s (remain 7m 28s), Accuracy: 80.000(71.565), Loss: 1.105(0.702), LR: 0.000005
[GPU cuda:1][TRAIN] Epoch: [4][950/2480], Elapsed 4m 30s (remain 7m 14s), Accuracy: 80.000(71.672), Loss: 0.667(0.698), LR: 0.000005
[GPU cuda:1][TRAIN] Epoch: [4][1000/2480], Elapsed 4m 44s (remain 6m 59s), Accuracy: 60.000(71.588), Loss: 0.713(0.699), LR: 0.000005
[GPU cuda:1][TRAIN] Epoch: [4][1050/2480], Elapsed 4m 58s (remain 6m 45s), Accuracy: 60.000(71.741), Loss: 0.813(0.697), LR: 0.000005
[GPU cuda:1][TRAIN] Epoch: [4][1100/2480], Elapsed 5m 12s (remain 6m 31s), Accuracy: 80.000(71.898), Loss: 0.282(0.691), LR: 0.000005
[GPU cuda:1][TRAIN] Epoch: [4][1150/2480], Elapsed 5m 26s (remain 6m 17s), Accuracy: 60.000(71.990), Loss: 1.456(0.691), LR: 0.000005
[GPU cuda:1][TRAIN] Epoch: [4][1200/2480], Elapsed 5m 40s (remain 6m 2s), Accuracy: 80.000(72.023), Loss: 1.041(0.689), LR: 0.000005
[GPU cuda:1][TRAIN] Epoch: [4][1250/2480], Elapsed 5m 54s (remain 5m 48s), Accuracy: 40.000(71.735), Loss: 0.919(0.690), LR: 0.000005
[GPU cuda:1][TRAIN] Epoch: [4][1300/2480], Elapsed 6m 9s (remain 5m 34s), Accuracy: 60.000(71.929), Loss: 0.869(0.686), LR: 0.000005
[GPU cuda:1][TRAIN] Epoch: [4][1350/2480], Elapsed 6m 23s (remain 5m 20s), Accuracy: 100.000(72.169), Loss: 0.137(0.682), LR: 0.000005
[GPU cuda:1][TRAIN] Epoch: [4][1400/2480], Elapsed 6m 37s (remain 5m 6s), Accuracy: 100.000(72.177), Loss: 0.167(0.682), LR: 0.000005
[GPU cuda:1][TRAIN] Epoch: [4][1450/2480], Elapsed 6m 51s (remain 4m 51s), Accuracy: 80.000(72.474), Loss: 0.457(0.679), LR: 0.000005
[GPU cuda:1][TRAIN] Epoch: [4][1500/2480], Elapsed 7m 5s (remain 4m 37s), Accuracy: 100.000(72.525), Loss: 0.160(0.677), LR: 0.000005
[GPU cuda:1][TRAIN] Epoch: [4][1550/2480], Elapsed 7m 20s (remain 4m 23s), Accuracy: 100.000(72.560), Loss: 0.331(0.676), LR: 0.000005
[GPU cuda:1][TRAIN] Epoch: [4][1600/2480], Elapsed 7m 34s (remain 4m 9s), Accuracy: 80.000(72.617), Loss: 0.355(0.674), LR: 0.000005
[GPU cuda:1][TRAIN] Epoch: [4][1650/2480], Elapsed 7m 48s (remain 3m 55s), Accuracy: 100.000(72.768), Loss: 0.216(0.669), LR: 0.000004
[GPU cuda:1][TRAIN] Epoch: [4][1700/2480], Elapsed 8m 2s (remain 3m 40s), Accuracy: 80.000(72.887), Loss: 0.350(0.668), LR: 0.000004
[GPU cuda:1][TRAIN] Epoch: [4][1750/2480], Elapsed 8m 16s (remain 3m 26s), Accuracy: 60.000(72.964), Loss: 0.929(0.666), LR: 0.000004
[GPU cuda:1][TRAIN] Epoch: [4][1800/2480], Elapsed 8m 30s (remain 3m 12s), Accuracy: 60.000(73.093), Loss: 0.360(0.663), LR: 0.000004
[GPU cuda:1][TRAIN] Epoch: [4][1850/2480], Elapsed 8m 44s (remain 2m 58s), Accuracy: 100.000(73.085), Loss: 0.511(0.662), LR: 0.000004
[GPU cuda:1][TRAIN] Epoch: [4][1900/2480], Elapsed 8m 59s (remain 2m 44s), Accuracy: 60.000(73.109), Loss: 0.706(0.661), LR: 0.000004
[GPU cuda:1][TRAIN] Epoch: [4][1950/2480], Elapsed 9m 13s (remain 2m 30s), Accuracy: 80.000(72.968), Loss: 0.402(0.663), LR: 0.000004
[GPU cuda:1][TRAIN] Epoch: [4][2000/2480], Elapsed 9m 27s (remain 2m 15s), Accuracy: 80.000(72.984), Loss: 0.587(0.663), LR: 0.000004
[GPU cuda:1][TRAIN] Epoch: [4][2050/2480], Elapsed 9m 41s (remain 2m 1s), Accuracy: 40.000(72.930), Loss: 0.950(0.663), LR: 0.000004
[GPU cuda:1][TRAIN] Epoch: [4][2100/2480], Elapsed 9m 55s (remain 1m 47s), Accuracy: 80.000(73.118), Loss: 0.317(0.659), LR: 0.000004
[GPU cuda:1][TRAIN] Epoch: [4][2150/2480], Elapsed 10m 10s (remain 1m 33s), Accuracy: 60.000(73.250), Loss: 0.845(0.655), LR: 0.000004
[GPU cuda:1][TRAIN] Epoch: [4][2200/2480], Elapsed 10m 24s (remain 1m 19s), Accuracy: 60.000(73.339), Loss: 0.795(0.654), LR: 0.000004
[GPU cuda:1][TRAIN] Epoch: [4][2250/2480], Elapsed 10m 38s (remain 1m 4s), Accuracy: 60.000(73.292), Loss: 1.085(0.654), LR: 0.000004
[GPU cuda:1][TRAIN] Epoch: [4][2300/2480], Elapsed 10m 52s (remain 0m 50s), Accuracy: 60.000(73.403), Loss: 0.599(0.653), LR: 0.000004
[GPU cuda:1][TRAIN] Epoch: [4][2350/2480], Elapsed 11m 6s (remain 0m 36s), Accuracy: 60.000(73.424), Loss: 0.677(0.654), LR: 0.000003
[GPU cuda:1][TRAIN] Epoch: [4][2400/2480], Elapsed 11m 21s (remain 0m 22s), Accuracy: 60.000(73.553), Loss: 1.365(0.653), LR: 0.000003
[GPU cuda:1][TRAIN] Epoch: [4][2450/2480], Elapsed 11m 35s (remain 0m 8s), Accuracy: 80.000(73.627), Loss: 0.548(0.651), LR: 0.000003
[GPU cuda:1][TRAIN] Epoch: [4][2479/2480], Elapsed 11m 43s (remain 0m 0s), Accuracy: 40.000(73.661), Loss: 2.147(0.651), LR: 0.000003
[GPU cuda:1][VALID][0/97], Elapsed 0m 1s (remain 2m 8s), Accuracy: 75.000(75.000), Batch Loss: 0.6762, Average Loss: 0.6762
[GPU cuda:1][VALID][50/97], Elapsed 0m 48s (remain 0m 43s), Accuracy: 75.000(73.775), Batch Loss: 0.4276, Average Loss: 0.6639
[GPU cuda:1][VALID][96/97], Elapsed 1m 32s (remain 0m 0s), Accuracy: 85.714(73.532), Batch Loss: 0.5057, Average Loss: 0.6757
Valid Labels Samples: [2 0 1 4 1 0 3 1 4 3]
Valid Predictions Samples: [2, 0, 1, 3, 1, 0, 3, 1, 3, 0]
Epoch 4 - Train Average Loss: 73.661, Valid Average Loss: 73.532, Epoch Time: 798.675s
Epoch 4 - Accuracy: 0.735, Precision: 0.741, Recall: 0.735
Saved Best Model: 0.74
[GPU cuda:1][TRAIN] Epoch: [5][0/2480], Elapsed 0m 0s (remain 24m 14s), Accuracy: 80.000(80.000), Loss: 0.613(0.613), LR: 0.000003
[GPU cuda:1][TRAIN] Epoch: [5][50/2480], Elapsed 0m 15s (remain 11m 57s), Accuracy: 60.000(78.824), Loss: 0.864(0.527), LR: 0.000003
[GPU cuda:1][TRAIN] Epoch: [5][100/2480], Elapsed 0m 29s (remain 11m 32s), Accuracy: 80.000(76.238), Loss: 0.815(0.582), LR: 0.000003
[GPU cuda:1][TRAIN] Epoch: [5][150/2480], Elapsed 0m 43s (remain 11m 13s), Accuracy: 60.000(75.232), Loss: 0.827(0.593), LR: 0.000003
[GPU cuda:1][TRAIN] Epoch: [5][200/2480], Elapsed 0m 57s (remain 10m 57s), Accuracy: 60.000(74.428), Loss: 0.709(0.616), LR: 0.000003
[GPU cuda:1][TRAIN] Epoch: [5][250/2480], Elapsed 1m 12s (remain 10m 41s), Accuracy: 100.000(74.980), Loss: 0.073(0.611), LR: 0.000003
[GPU cuda:1][TRAIN] Epoch: [5][300/2480], Elapsed 1m 26s (remain 10m 26s), Accuracy: 20.000(74.950), Loss: 1.428(0.614), LR: 0.000003
[GPU cuda:1][TRAIN] Epoch: [5][350/2480], Elapsed 1m 40s (remain 10m 10s), Accuracy: 60.000(74.017), Loss: 0.718(0.624), LR: 0.000003
[GPU cuda:1][TRAIN] Epoch: [5][400/2480], Elapsed 1m 55s (remain 9m 56s), Accuracy: 100.000(74.065), Loss: 0.455(0.619), LR: 0.000003
[GPU cuda:1][TRAIN] Epoch: [5][450/2480], Elapsed 2m 9s (remain 9m 41s), Accuracy: 80.000(74.368), Loss: 0.582(0.617), LR: 0.000003
[GPU cuda:1][TRAIN] Epoch: [5][500/2480], Elapsed 2m 23s (remain 9m 27s), Accuracy: 40.000(74.331), Loss: 0.967(0.613), LR: 0.000003
[GPU cuda:1][TRAIN] Epoch: [5][550/2480], Elapsed 2m 37s (remain 9m 12s), Accuracy: 100.000(74.555), Loss: 0.068(0.614), LR: 0.000002
[GPU cuda:1][TRAIN] Epoch: [5][600/2480], Elapsed 2m 52s (remain 8m 58s), Accuracy: 100.000(74.409), Loss: 0.063(0.618), LR: 0.000002
[GPU cuda:1][TRAIN] Epoch: [5][650/2480], Elapsed 3m 6s (remain 8m 43s), Accuracy: 100.000(74.439), Loss: 0.023(0.619), LR: 0.000002
[GPU cuda:1][TRAIN] Epoch: [5][700/2480], Elapsed 3m 20s (remain 8m 29s), Accuracy: 80.000(74.408), Loss: 0.492(0.623), LR: 0.000002
[GPU cuda:1][TRAIN] Epoch: [5][750/2480], Elapsed 3m 34s (remain 8m 14s), Accuracy: 100.000(74.434), Loss: 0.143(0.623), LR: 0.000002
[GPU cuda:1][TRAIN] Epoch: [5][800/2480], Elapsed 3m 49s (remain 8m 0s), Accuracy: 100.000(74.632), Loss: 0.302(0.620), LR: 0.000002
[GPU cuda:1][TRAIN] Epoch: [5][850/2480], Elapsed 4m 3s (remain 7m 45s), Accuracy: 80.000(74.830), Loss: 0.722(0.615), LR: 0.000002
[GPU cuda:1][TRAIN] Epoch: [5][900/2480], Elapsed 4m 17s (remain 7m 31s), Accuracy: 80.000(74.961), Loss: 0.703(0.613), LR: 0.000002
[GPU cuda:1][TRAIN] Epoch: [5][950/2480], Elapsed 4m 31s (remain 7m 17s), Accuracy: 80.000(75.310), Loss: 0.815(0.607), LR: 0.000002
[GPU cuda:1][TRAIN] Epoch: [5][1000/2480], Elapsed 4m 46s (remain 7m 2s), Accuracy: 60.000(75.165), Loss: 0.745(0.606), LR: 0.000002
[GPU cuda:1][TRAIN] Epoch: [5][1050/2480], Elapsed 5m 0s (remain 6m 48s), Accuracy: 60.000(75.243), Loss: 0.786(0.605), LR: 0.000002
[GPU cuda:1][TRAIN] Epoch: [5][1100/2480], Elapsed 5m 14s (remain 6m 34s), Accuracy: 80.000(75.295), Loss: 0.290(0.600), LR: 0.000002
[GPU cuda:1][TRAIN] Epoch: [5][1150/2480], Elapsed 5m 29s (remain 6m 19s), Accuracy: 100.000(75.187), Loss: 0.438(0.601), LR: 0.000002
[GPU cuda:1][TRAIN] Epoch: [5][1200/2480], Elapsed 5m 43s (remain 6m 5s), Accuracy: 100.000(75.437), Loss: 0.450(0.596), LR: 0.000002
[GPU cuda:1][TRAIN] Epoch: [5][1250/2480], Elapsed 5m 57s (remain 5m 51s), Accuracy: 40.000(75.364), Loss: 0.898(0.596), LR: 0.000002
[GPU cuda:1][TRAIN] Epoch: [5][1300/2480], Elapsed 6m 11s (remain 5m 36s), Accuracy: 80.000(75.496), Loss: 0.614(0.593), LR: 0.000002
[GPU cuda:1][TRAIN] Epoch: [5][1350/2480], Elapsed 6m 26s (remain 5m 22s), Accuracy: 100.000(75.662), Loss: 0.073(0.591), LR: 0.000002
[GPU cuda:1][TRAIN] Epoch: [5][1400/2480], Elapsed 6m 40s (remain 5m 8s), Accuracy: 80.000(75.646), Loss: 0.345(0.591), LR: 0.000002
[GPU cuda:1][TRAIN] Epoch: [5][1450/2480], Elapsed 6m 54s (remain 4m 54s), Accuracy: 100.000(75.837), Loss: 0.290(0.588), LR: 0.000002
[GPU cuda:1][TRAIN] Epoch: [5][1500/2480], Elapsed 7m 8s (remain 4m 39s), Accuracy: 100.000(75.856), Loss: 0.128(0.587), LR: 0.000001
[GPU cuda:1][TRAIN] Epoch: [5][1550/2480], Elapsed 7m 23s (remain 4m 25s), Accuracy: 80.000(75.964), Loss: 0.437(0.585), LR: 0.000001
[GPU cuda:1][TRAIN] Epoch: [5][1600/2480], Elapsed 7m 37s (remain 4m 11s), Accuracy: 80.000(76.090), Loss: 0.295(0.583), LR: 0.000001
[GPU cuda:1][TRAIN] Epoch: [5][1650/2480], Elapsed 7m 51s (remain 3m 56s), Accuracy: 100.000(76.257), Loss: 0.216(0.579), LR: 0.000001
[GPU cuda:1][TRAIN] Epoch: [5][1700/2480], Elapsed 8m 6s (remain 3m 42s), Accuracy: 80.000(76.320), Loss: 0.389(0.578), LR: 0.000001
[GPU cuda:1][TRAIN] Epoch: [5][1750/2480], Elapsed 8m 20s (remain 3m 28s), Accuracy: 60.000(76.459), Loss: 0.824(0.577), LR: 0.000001
[GPU cuda:1][TRAIN] Epoch: [5][1800/2480], Elapsed 8m 34s (remain 3m 13s), Accuracy: 80.000(76.569), Loss: 0.351(0.575), LR: 0.000001
[GPU cuda:1][TRAIN] Epoch: [5][1850/2480], Elapsed 8m 48s (remain 2m 59s), Accuracy: 60.000(76.532), Loss: 0.568(0.574), LR: 0.000001
[GPU cuda:1][TRAIN] Epoch: [5][1900/2480], Elapsed 9m 3s (remain 2m 45s), Accuracy: 60.000(76.612), Loss: 0.819(0.572), LR: 0.000001
[GPU cuda:1][TRAIN] Epoch: [5][1950/2480], Elapsed 9m 17s (remain 2m 31s), Accuracy: 100.000(76.504), Loss: 0.182(0.574), LR: 0.000001
[GPU cuda:1][TRAIN] Epoch: [5][2000/2480], Elapsed 9m 31s (remain 2m 16s), Accuracy: 80.000(76.462), Loss: 0.420(0.574), LR: 0.000001
[GPU cuda:1][TRAIN] Epoch: [5][2050/2480], Elapsed 9m 45s (remain 2m 2s), Accuracy: 60.000(76.382), Loss: 0.959(0.574), LR: 0.000001
[GPU cuda:1][TRAIN] Epoch: [5][2100/2480], Elapsed 10m 0s (remain 1m 48s), Accuracy: 80.000(76.525), Loss: 0.369(0.571), LR: 0.000001
[GPU cuda:1][TRAIN] Epoch: [5][2150/2480], Elapsed 10m 14s (remain 1m 33s), Accuracy: 80.000(76.634), Loss: 0.482(0.569), LR: 0.000001
[GPU cuda:1][TRAIN] Epoch: [5][2200/2480], Elapsed 10m 28s (remain 1m 19s), Accuracy: 60.000(76.720), Loss: 1.195(0.568), LR: 0.000001
[GPU cuda:1][TRAIN] Epoch: [5][2250/2480], Elapsed 10m 42s (remain 1m 5s), Accuracy: 60.000(76.597), Loss: 0.828(0.569), LR: 0.000001
[GPU cuda:1][TRAIN] Epoch: [5][2300/2480], Elapsed 10m 56s (remain 0m 51s), Accuracy: 80.000(76.680), Loss: 0.369(0.569), LR: 0.000001
[GPU cuda:1][TRAIN] Epoch: [5][2350/2480], Elapsed 11m 11s (remain 0m 36s), Accuracy: 60.000(76.691), Loss: 0.680(0.569), LR: 0.000001
[GPU cuda:1][TRAIN] Epoch: [5][2400/2480], Elapsed 11m 25s (remain 0m 22s), Accuracy: 40.000(76.760), Loss: 1.066(0.568), LR: 0.000001
[GPU cuda:1][TRAIN] Epoch: [5][2450/2480], Elapsed 11m 39s (remain 0m 8s), Accuracy: 80.000(76.801), Loss: 0.463(0.567), LR: 0.000001
[GPU cuda:1][TRAIN] Epoch: [5][2479/2480], Elapsed 11m 47s (remain 0m 0s), Accuracy: 40.000(76.815), Loss: 2.248(0.567), LR: 0.000001
[GPU cuda:1][VALID][0/97], Elapsed 0m 1s (remain 2m 4s), Accuracy: 75.000(75.000), Batch Loss: 0.6956, Average Loss: 0.6956
[GPU cuda:1][VALID][50/97], Elapsed 0m 48s (remain 0m 43s), Accuracy: 78.125(74.081), Batch Loss: 0.4254, Average Loss: 0.6600
[GPU cuda:1][VALID][96/97], Elapsed 1m 32s (remain 0m 0s), Accuracy: 75.000(73.550), Batch Loss: 0.4617, Average Loss: 0.6717
Valid Labels Samples: [2 0 1 4 1 0 3 1 4 3]
Valid Predictions Samples: [2, 0, 1, 3, 1, 0, 3, 1, 3, 0]
Epoch 5 - Train Average Loss: 76.815, Valid Average Loss: 73.550, Epoch Time: 802.860s
Epoch 5 - Accuracy: 0.735, Precision: 0.740, Recall: 0.735
Saved Best Model: 0.74
[GPU cuda:1][TRAIN] Epoch: [6][0/2480], Elapsed 0m 0s (remain 24m 7s), Accuracy: 80.000(80.000), Loss: 0.579(0.579), LR: 0.000001
[GPU cuda:1][TRAIN] Epoch: [6][50/2480], Elapsed 0m 15s (remain 11m 54s), Accuracy: 60.000(79.216), Loss: 0.842(0.476), LR: 0.000001
[GPU cuda:1][TRAIN] Epoch: [6][100/2480], Elapsed 0m 29s (remain 11m 29s), Accuracy: 80.000(77.624), Loss: 0.783(0.518), LR: 0.000001
[GPU cuda:1][TRAIN] Epoch: [6][150/2480], Elapsed 0m 43s (remain 11m 11s), Accuracy: 60.000(77.351), Loss: 0.826(0.530), LR: 0.000001
[GPU cuda:1][TRAIN] Epoch: [6][200/2480], Elapsed 0m 57s (remain 10m 55s), Accuracy: 60.000(76.716), Loss: 0.639(0.559), LR: 0.000007
[GPU cuda:1][TRAIN] Epoch: [6][250/2480], Elapsed 1m 12s (remain 10m 39s), Accuracy: 100.000(76.733), Loss: 0.067(0.567), LR: 0.000007
[GPU cuda:1][TRAIN] Epoch: [6][300/2480], Elapsed 1m 26s (remain 10m 24s), Accuracy: 40.000(76.279), Loss: 1.372(0.572), LR: 0.000007
[GPU cuda:1][TRAIN] Epoch: [6][350/2480], Elapsed 1m 40s (remain 10m 9s), Accuracy: 60.000(75.385), Loss: 0.688(0.587), LR: 0.000007
[GPU cuda:1][TRAIN] Epoch: [6][400/2480], Elapsed 1m 54s (remain 9m 55s), Accuracy: 80.000(75.761), Loss: 0.416(0.587), LR: 0.000007
[GPU cuda:1][TRAIN] Epoch: [6][450/2480], Elapsed 2m 8s (remain 9m 40s), Accuracy: 60.000(75.876), Loss: 1.069(0.592), LR: 0.000007
[GPU cuda:1][TRAIN] Epoch: [6][500/2480], Elapsed 2m 23s (remain 9m 25s), Accuracy: 40.000(75.888), Loss: 1.079(0.589), LR: 0.000007
[GPU cuda:1][TRAIN] Epoch: [6][550/2480], Elapsed 2m 37s (remain 9m 11s), Accuracy: 100.000(75.717), Loss: 0.050(0.595), LR: 0.000007
[GPU cuda:1][TRAIN] Epoch: [6][600/2480], Elapsed 2m 51s (remain 8m 56s), Accuracy: 100.000(75.408), Loss: 0.061(0.605), LR: 0.000007
[GPU cuda:1][TRAIN] Epoch: [6][650/2480], Elapsed 3m 5s (remain 8m 42s), Accuracy: 100.000(74.992), Loss: 0.045(0.617), LR: 0.000007
[GPU cuda:1][TRAIN] Epoch: [6][700/2480], Elapsed 3m 20s (remain 8m 27s), Accuracy: 100.000(74.836), Loss: 0.307(0.620), LR: 0.000007
[GPU cuda:1][TRAIN] Epoch: [6][750/2480], Elapsed 3m 34s (remain 8m 13s), Accuracy: 100.000(74.913), Loss: 0.155(0.622), LR: 0.000007
[GPU cuda:1][TRAIN] Epoch: [6][800/2480], Elapsed 3m 48s (remain 7m 58s), Accuracy: 60.000(74.931), Loss: 0.557(0.620), LR: 0.000007
[GPU cuda:1][TRAIN] Epoch: [6][850/2480], Elapsed 4m 2s (remain 7m 44s), Accuracy: 60.000(75.088), Loss: 0.621(0.616), LR: 0.000007
[GPU cuda:1][TRAIN] Epoch: [6][900/2480], Elapsed 4m 16s (remain 7m 30s), Accuracy: 80.000(75.228), Loss: 0.991(0.614), LR: 0.000007
[GPU cuda:1][TRAIN] Epoch: [6][950/2480], Elapsed 4m 31s (remain 7m 15s), Accuracy: 80.000(75.394), Loss: 0.656(0.611), LR: 0.000007
[GPU cuda:1][TRAIN] Epoch: [6][1000/2480], Elapsed 4m 45s (remain 7m 1s), Accuracy: 60.000(75.125), Loss: 0.831(0.611), LR: 0.000007
[GPU cuda:1][TRAIN] Epoch: [6][1050/2480], Elapsed 4m 59s (remain 6m 47s), Accuracy: 80.000(75.167), Loss: 0.664(0.613), LR: 0.000007
[GPU cuda:1][TRAIN] Epoch: [6][1100/2480], Elapsed 5m 13s (remain 6m 33s), Accuracy: 60.000(75.204), Loss: 0.495(0.609), LR: 0.000007
[GPU cuda:1][TRAIN] Epoch: [6][1150/2480], Elapsed 5m 28s (remain 6m 18s), Accuracy: 80.000(75.204), Loss: 0.518(0.609), LR: 0.000007
[GPU cuda:1][TRAIN] Epoch: [6][1200/2480], Elapsed 5m 42s (remain 6m 4s), Accuracy: 100.000(75.287), Loss: 0.442(0.606), LR: 0.000007
[GPU cuda:1][TRAIN] Epoch: [6][1250/2480], Elapsed 5m 56s (remain 5m 50s), Accuracy: 60.000(75.188), Loss: 0.943(0.607), LR: 0.000007
[GPU cuda:1][TRAIN] Epoch: [6][1300/2480], Elapsed 6m 10s (remain 5m 35s), Accuracy: 60.000(75.158), Loss: 0.906(0.608), LR: 0.000007
[GPU cuda:1][TRAIN] Epoch: [6][1350/2480], Elapsed 6m 24s (remain 5m 21s), Accuracy: 100.000(75.292), Loss: 0.079(0.605), LR: 0.000007
[GPU cuda:1][TRAIN] Epoch: [6][1400/2480], Elapsed 6m 39s (remain 5m 7s), Accuracy: 100.000(75.218), Loss: 0.248(0.607), LR: 0.000007
[GPU cuda:1][TRAIN] Epoch: [6][1450/2480], Elapsed 6m 53s (remain 4m 53s), Accuracy: 100.000(75.341), Loss: 0.446(0.604), LR: 0.000007
[GPU cuda:1][TRAIN] Epoch: [6][1500/2480], Elapsed 7m 7s (remain 4m 38s), Accuracy: 80.000(75.256), Loss: 0.264(0.606), LR: 0.000007
[GPU cuda:1][TRAIN] Epoch: [6][1550/2480], Elapsed 7m 21s (remain 4m 24s), Accuracy: 80.000(75.371), Loss: 0.419(0.603), LR: 0.000007
[GPU cuda:1][TRAIN] Epoch: [6][1600/2480], Elapsed 7m 35s (remain 4m 10s), Accuracy: 80.000(75.340), Loss: 0.476(0.604), LR: 0.000007
[GPU cuda:1][TRAIN] Epoch: [6][1650/2480], Elapsed 7m 49s (remain 3m 55s), Accuracy: 80.000(75.542), Loss: 0.267(0.600), LR: 0.000007
[GPU cuda:1][TRAIN] Epoch: [6][1700/2480], Elapsed 8m 4s (remain 3m 41s), Accuracy: 80.000(75.544), Loss: 0.353(0.601), LR: 0.000007
[GPU cuda:1][TRAIN] Epoch: [6][1750/2480], Elapsed 8m 18s (remain 3m 27s), Accuracy: 60.000(75.523), Loss: 1.334(0.601), LR: 0.000007
[GPU cuda:1][TRAIN] Epoch: [6][1800/2480], Elapsed 8m 32s (remain 3m 13s), Accuracy: 80.000(75.625), Loss: 0.312(0.599), LR: 0.000007
[GPU cuda:1][TRAIN] Epoch: [6][1850/2480], Elapsed 8m 46s (remain 2m 58s), Accuracy: 80.000(75.613), Loss: 0.512(0.598), LR: 0.000007
[GPU cuda:1][TRAIN] Epoch: [6][1900/2480], Elapsed 9m 0s (remain 2m 44s), Accuracy: 60.000(75.655), Loss: 0.707(0.597), LR: 0.000007
[GPU cuda:1][TRAIN] Epoch: [6][1950/2480], Elapsed 9m 15s (remain 2m 30s), Accuracy: 100.000(75.510), Loss: 0.286(0.600), LR: 0.000007
[GPU cuda:1][TRAIN] Epoch: [6][2000/2480], Elapsed 9m 29s (remain 2m 16s), Accuracy: 80.000(75.452), Loss: 0.626(0.600), LR: 0.000007
[GPU cuda:1][TRAIN] Epoch: [6][2050/2480], Elapsed 9m 43s (remain 2m 2s), Accuracy: 60.000(75.349), Loss: 0.949(0.602), LR: 0.000007
[GPU cuda:1][TRAIN] Epoch: [6][2100/2480], Elapsed 9m 57s (remain 1m 47s), Accuracy: 100.000(75.526), Loss: 0.141(0.600), LR: 0.000007
[GPU cuda:1][TRAIN] Epoch: [6][2150/2480], Elapsed 10m 11s (remain 1m 33s), Accuracy: 80.000(75.630), Loss: 0.523(0.598), LR: 0.000007
[GPU cuda:1][TRAIN] Epoch: [6][2200/2480], Elapsed 10m 25s (remain 1m 19s), Accuracy: 60.000(75.675), Loss: 0.773(0.597), LR: 0.000007
[GPU cuda:1][TRAIN] Epoch: [6][2250/2480], Elapsed 10m 40s (remain 1m 5s), Accuracy: 40.000(75.629), Loss: 1.234(0.598), LR: 0.000007
[GPU cuda:1][TRAIN] Epoch: [6][2300/2480], Elapsed 10m 54s (remain 0m 50s), Accuracy: 80.000(75.680), Loss: 0.389(0.598), LR: 0.000007
[GPU cuda:1][TRAIN] Epoch: [6][2350/2480], Elapsed 11m 8s (remain 0m 36s), Accuracy: 100.000(75.661), Loss: 0.553(0.600), LR: 0.000007
[GPU cuda:1][TRAIN] Epoch: [6][2400/2480], Elapsed 11m 22s (remain 0m 22s), Accuracy: 60.000(75.760), Loss: 1.240(0.600), LR: 0.000007
[GPU cuda:1][TRAIN] Epoch: [6][2450/2480], Elapsed 11m 36s (remain 0m 8s), Accuracy: 80.000(75.822), Loss: 0.673(0.599), LR: 0.000007
[GPU cuda:1][TRAIN] Epoch: [6][2479/2480], Elapsed 11m 45s (remain 0m 0s), Accuracy: 40.000(75.790), Loss: 2.144(0.599), LR: 0.000007
[GPU cuda:1][VALID][0/97], Elapsed 0m 1s (remain 2m 5s), Accuracy: 71.875(71.875), Batch Loss: 0.8110, Average Loss: 0.8110
[GPU cuda:1][VALID][50/97], Elapsed 0m 48s (remain 0m 43s), Accuracy: 81.250(74.265), Batch Loss: 0.5593, Average Loss: 0.7044
[GPU cuda:1][VALID][96/97], Elapsed 1m 32s (remain 0m 0s), Accuracy: 75.000(73.196), Batch Loss: 0.4407, Average Loss: 0.7072
Valid Labels Samples: [2 0 1 4 1 0 3 1 4 3]
Valid Predictions Samples: [2, 0, 1, 3, 1, 1, 3, 1, 3, 0]
Epoch 6 - Train Average Loss: 75.790, Valid Average Loss: 73.196, Epoch Time: 799.676s
Epoch 6 - Accuracy: 0.732, Precision: 0.734, Recall: 0.732
[GPU cuda:1][TRAIN] Epoch: [7][0/2480], Elapsed 0m 0s (remain 24m 44s), Accuracy: 80.000(80.000), Loss: 0.518(0.518), LR: 0.000007
[GPU cuda:1][TRAIN] Epoch: [7][50/2480], Elapsed 0m 14s (remain 11m 53s), Accuracy: 60.000(78.039), Loss: 0.788(0.534), LR: 0.000007
[GPU cuda:1][TRAIN] Epoch: [7][100/2480], Elapsed 0m 29s (remain 11m 28s), Accuracy: 80.000(76.238), Loss: 0.839(0.591), LR: 0.000007
[GPU cuda:1][TRAIN] Epoch: [7][150/2480], Elapsed 0m 43s (remain 11m 9s), Accuracy: 60.000(75.629), Loss: 0.831(0.605), LR: 0.000006
[GPU cuda:1][TRAIN] Epoch: [7][200/2480], Elapsed 0m 57s (remain 10m 53s), Accuracy: 60.000(74.527), Loss: 0.614(0.627), LR: 0.000006
[GPU cuda:1][TRAIN] Epoch: [7][250/2480], Elapsed 1m 11s (remain 10m 37s), Accuracy: 100.000(75.458), Loss: 0.100(0.614), LR: 0.000006
[GPU cuda:1][TRAIN] Epoch: [7][300/2480], Elapsed 1m 26s (remain 10m 22s), Accuracy: 60.000(75.216), Loss: 1.158(0.609), LR: 0.000006
[GPU cuda:1][TRAIN] Epoch: [7][350/2480], Elapsed 1m 40s (remain 10m 7s), Accuracy: 80.000(75.043), Loss: 0.554(0.613), LR: 0.000006
[GPU cuda:1][TRAIN] Epoch: [7][400/2480], Elapsed 1m 54s (remain 9m 53s), Accuracy: 80.000(75.362), Loss: 0.581(0.607), LR: 0.000006
[GPU cuda:1][TRAIN] Epoch: [7][450/2480], Elapsed 2m 8s (remain 9m 38s), Accuracy: 80.000(75.654), Loss: 0.823(0.603), LR: 0.000006
[GPU cuda:1][TRAIN] Epoch: [7][500/2480], Elapsed 2m 22s (remain 9m 23s), Accuracy: 40.000(75.808), Loss: 1.058(0.597), LR: 0.000006
[GPU cuda:1][TRAIN] Epoch: [7][550/2480], Elapsed 2m 36s (remain 9m 9s), Accuracy: 100.000(75.753), Loss: 0.027(0.600), LR: 0.000006
[GPU cuda:1][TRAIN] Epoch: [7][600/2480], Elapsed 2m 51s (remain 8m 55s), Accuracy: 100.000(75.740), Loss: 0.054(0.603), LR: 0.000006
[GPU cuda:1][TRAIN] Epoch: [7][650/2480], Elapsed 3m 5s (remain 8m 40s), Accuracy: 100.000(75.238), Loss: 0.051(0.610), LR: 0.000006
[GPU cuda:1][TRAIN] Epoch: [7][700/2480], Elapsed 3m 19s (remain 8m 26s), Accuracy: 80.000(75.093), Loss: 0.393(0.612), LR: 0.000006
[GPU cuda:1][TRAIN] Epoch: [7][750/2480], Elapsed 3m 33s (remain 8m 11s), Accuracy: 100.000(75.020), Loss: 0.243(0.611), LR: 0.000006
[GPU cuda:1][TRAIN] Epoch: [7][800/2480], Elapsed 3m 47s (remain 7m 57s), Accuracy: 80.000(75.281), Loss: 0.346(0.605), LR: 0.000006
[GPU cuda:1][TRAIN] Epoch: [7][850/2480], Elapsed 4m 2s (remain 7m 43s), Accuracy: 60.000(75.535), Loss: 0.665(0.600), LR: 0.000006
[GPU cuda:1][TRAIN] Epoch: [7][900/2480], Elapsed 4m 16s (remain 7m 28s), Accuracy: 80.000(75.716), Loss: 0.757(0.596), LR: 0.000006
[GPU cuda:1][TRAIN] Epoch: [7][950/2480], Elapsed 4m 30s (remain 7m 14s), Accuracy: 40.000(75.941), Loss: 0.832(0.590), LR: 0.000006
[GPU cuda:1][TRAIN] Epoch: [7][1000/2480], Elapsed 4m 44s (remain 7m 0s), Accuracy: 60.000(75.804), Loss: 0.751(0.590), LR: 0.000006
[GPU cuda:1][TRAIN] Epoch: [7][1050/2480], Elapsed 4m 58s (remain 6m 46s), Accuracy: 40.000(75.814), Loss: 0.803(0.591), LR: 0.000006
[GPU cuda:1][TRAIN] Epoch: [7][1100/2480], Elapsed 5m 12s (remain 6m 31s), Accuracy: 80.000(75.913), Loss: 0.276(0.587), LR: 0.000006
[GPU cuda:1][TRAIN] Epoch: [7][1150/2480], Elapsed 5m 26s (remain 6m 17s), Accuracy: 80.000(75.882), Loss: 0.593(0.586), LR: 0.000006
[GPU cuda:1][TRAIN] Epoch: [7][1200/2480], Elapsed 5m 41s (remain 6m 3s), Accuracy: 80.000(76.120), Loss: 0.507(0.582), LR: 0.000006
[GPU cuda:1][TRAIN] Epoch: [7][1250/2480], Elapsed 5m 55s (remain 5m 49s), Accuracy: 40.000(76.083), Loss: 1.069(0.582), LR: 0.000006
[GPU cuda:1][TRAIN] Epoch: [7][1300/2480], Elapsed 6m 9s (remain 5m 34s), Accuracy: 80.000(76.264), Loss: 0.710(0.580), LR: 0.000006
[GPU cuda:1][TRAIN] Epoch: [7][1350/2480], Elapsed 6m 23s (remain 5m 20s), Accuracy: 100.000(76.343), Loss: 0.041(0.577), LR: 0.000006
[GPU cuda:1][TRAIN] Epoch: [7][1400/2480], Elapsed 6m 37s (remain 5m 6s), Accuracy: 100.000(76.360), Loss: 0.279(0.578), LR: 0.000006
[GPU cuda:1][TRAIN] Epoch: [7][1450/2480], Elapsed 6m 52s (remain 4m 52s), Accuracy: 100.000(76.595), Loss: 0.224(0.573), LR: 0.000006
[GPU cuda:1][TRAIN] Epoch: [7][1500/2480], Elapsed 7m 6s (remain 4m 38s), Accuracy: 100.000(76.602), Loss: 0.161(0.573), LR: 0.000006
[GPU cuda:1][TRAIN] Epoch: [7][1550/2480], Elapsed 7m 20s (remain 4m 23s), Accuracy: 100.000(76.660), Loss: 0.166(0.570), LR: 0.000006
[GPU cuda:1][TRAIN] Epoch: [7][1600/2480], Elapsed 7m 34s (remain 4m 9s), Accuracy: 80.000(76.715), Loss: 0.334(0.569), LR: 0.000006
[GPU cuda:1][TRAIN] Epoch: [7][1650/2480], Elapsed 7m 48s (remain 3m 55s), Accuracy: 100.000(77.020), Loss: 0.170(0.564), LR: 0.000006
[GPU cuda:1][TRAIN] Epoch: [7][1700/2480], Elapsed 8m 3s (remain 3m 41s), Accuracy: 80.000(77.096), Loss: 0.404(0.564), LR: 0.000006
[GPU cuda:1][TRAIN] Epoch: [7][1750/2480], Elapsed 8m 17s (remain 3m 27s), Accuracy: 60.000(77.156), Loss: 1.208(0.562), LR: 0.000006
[GPU cuda:1][TRAIN] Epoch: [7][1800/2480], Elapsed 8m 31s (remain 3m 12s), Accuracy: 100.000(77.246), Loss: 0.305(0.560), LR: 0.000006
[GPU cuda:1][TRAIN] Epoch: [7][1850/2480], Elapsed 8m 45s (remain 2m 58s), Accuracy: 100.000(77.234), Loss: 0.358(0.559), LR: 0.000006
[GPU cuda:1][TRAIN] Epoch: [7][1900/2480], Elapsed 9m 0s (remain 2m 44s), Accuracy: 60.000(77.328), Loss: 0.882(0.557), LR: 0.000006
[GPU cuda:1][TRAIN] Epoch: [7][1950/2480], Elapsed 9m 14s (remain 2m 30s), Accuracy: 60.000(77.171), Loss: 0.565(0.560), LR: 0.000006
[GPU cuda:1][TRAIN] Epoch: [7][2000/2480], Elapsed 9m 28s (remain 2m 16s), Accuracy: 80.000(77.161), Loss: 0.544(0.560), LR: 0.000005
[GPU cuda:1][TRAIN] Epoch: [7][2050/2480], Elapsed 9m 42s (remain 2m 1s), Accuracy: 60.000(77.114), Loss: 0.885(0.561), LR: 0.000005
[GPU cuda:1][TRAIN] Epoch: [7][2100/2480], Elapsed 9m 57s (remain 1m 47s), Accuracy: 100.000(77.297), Loss: 0.094(0.558), LR: 0.000005
[GPU cuda:1][TRAIN] Epoch: [7][2150/2480], Elapsed 10m 11s (remain 1m 33s), Accuracy: 100.000(77.415), Loss: 0.385(0.554), LR: 0.000005
[GPU cuda:1][TRAIN] Epoch: [7][2200/2480], Elapsed 10m 25s (remain 1m 19s), Accuracy: 60.000(77.465), Loss: 0.744(0.554), LR: 0.000005
[GPU cuda:1][TRAIN] Epoch: [7][2250/2480], Elapsed 10m 39s (remain 1m 5s), Accuracy: 80.000(77.441), Loss: 0.603(0.555), LR: 0.000005
[GPU cuda:1][TRAIN] Epoch: [7][2300/2480], Elapsed 10m 54s (remain 0m 50s), Accuracy: 80.000(77.471), Loss: 0.429(0.555), LR: 0.000005
[GPU cuda:1][TRAIN] Epoch: [7][2350/2480], Elapsed 11m 8s (remain 0m 36s), Accuracy: 80.000(77.439), Loss: 0.407(0.556), LR: 0.000005
[GPU cuda:1][TRAIN] Epoch: [7][2400/2480], Elapsed 11m 22s (remain 0m 22s), Accuracy: 60.000(77.518), Loss: 1.188(0.556), LR: 0.000005
[GPU cuda:1][TRAIN] Epoch: [7][2450/2480], Elapsed 11m 36s (remain 0m 8s), Accuracy: 80.000(77.634), Loss: 0.421(0.554), LR: 0.000005
[GPU cuda:1][TRAIN] Epoch: [7][2479/2480], Elapsed 11m 45s (remain 0m 0s), Accuracy: 40.000(77.661), Loss: 2.498(0.554), LR: 0.000005
[GPU cuda:1][VALID][0/97], Elapsed 0m 1s (remain 2m 4s), Accuracy: 71.875(71.875), Batch Loss: 0.8406, Average Loss: 0.8406
[GPU cuda:1][VALID][50/97], Elapsed 0m 48s (remain 0m 43s), Accuracy: 81.250(72.794), Batch Loss: 0.5051, Average Loss: 0.7437
[GPU cuda:1][VALID][96/97], Elapsed 1m 32s (remain 0m 0s), Accuracy: 82.143(72.045), Batch Loss: 0.4340, Average Loss: 0.7479
Valid Labels Samples: [2 0 1 4 1 0 3 1 4 3]
Valid Predictions Samples: [2, 0, 1, 3, 1, 0, 3, 1, 3, 0]
Epoch 7 - Train Average Loss: 77.661, Valid Average Loss: 72.045, Epoch Time: 800.208s
Epoch 7 - Accuracy: 0.720, Precision: 0.722, Recall: 0.720
[GPU cuda:1][TRAIN] Epoch: [8][0/2480], Elapsed 0m 0s (remain 24m 25s), Accuracy: 80.000(80.000), Loss: 0.873(0.873), LR: 0.000005
[GPU cuda:1][TRAIN] Epoch: [8][50/2480], Elapsed 0m 15s (remain 11m 55s), Accuracy: 60.000(80.000), Loss: 0.731(0.458), LR: 0.000005
[GPU cuda:1][TRAIN] Epoch: [8][100/2480], Elapsed 0m 29s (remain 11m 29s), Accuracy: 80.000(78.812), Loss: 0.640(0.487), LR: 0.000005
[GPU cuda:1][TRAIN] Epoch: [8][150/2480], Elapsed 0m 43s (remain 11m 10s), Accuracy: 60.000(79.073), Loss: 0.711(0.510), LR: 0.000005
[GPU cuda:1][TRAIN] Epoch: [8][200/2480], Elapsed 0m 57s (remain 10m 53s), Accuracy: 100.000(78.308), Loss: 0.332(0.529), LR: 0.000005
[GPU cuda:1][TRAIN] Epoch: [8][250/2480], Elapsed 1m 11s (remain 10m 38s), Accuracy: 100.000(79.363), Loss: 0.049(0.519), LR: 0.000005
[GPU cuda:1][TRAIN] Epoch: [8][300/2480], Elapsed 1m 26s (remain 10m 23s), Accuracy: 40.000(79.203), Loss: 1.042(0.519), LR: 0.000005
[GPU cuda:1][TRAIN] Epoch: [8][350/2480], Elapsed 1m 40s (remain 10m 8s), Accuracy: 60.000(78.917), Loss: 0.497(0.525), LR: 0.000005
[GPU cuda:1][TRAIN] Epoch: [8][400/2480], Elapsed 1m 54s (remain 9m 53s), Accuracy: 100.000(78.953), Loss: 0.391(0.524), LR: 0.000005
[GPU cuda:1][TRAIN] Epoch: [8][450/2480], Elapsed 2m 8s (remain 9m 38s), Accuracy: 80.000(79.202), Loss: 0.423(0.524), LR: 0.000005
[GPU cuda:1][TRAIN] Epoch: [8][500/2480], Elapsed 2m 22s (remain 9m 24s), Accuracy: 60.000(79.242), Loss: 0.779(0.524), LR: 0.000005
[GPU cuda:1][TRAIN] Epoch: [8][550/2480], Elapsed 2m 37s (remain 9m 9s), Accuracy: 100.000(79.020), Loss: 0.048(0.529), LR: 0.000005
[GPU cuda:1][TRAIN] Epoch: [8][600/2480], Elapsed 2m 51s (remain 8m 55s), Accuracy: 100.000(79.068), Loss: 0.021(0.531), LR: 0.000005
[GPU cuda:1][TRAIN] Epoch: [8][650/2480], Elapsed 3m 5s (remain 8m 41s), Accuracy: 100.000(78.740), Loss: 0.022(0.535), LR: 0.000005
[GPU cuda:1][TRAIN] Epoch: [8][700/2480], Elapsed 3m 19s (remain 8m 26s), Accuracy: 80.000(78.659), Loss: 0.628(0.538), LR: 0.000005
[GPU cuda:1][TRAIN] Epoch: [8][750/2480], Elapsed 3m 33s (remain 8m 12s), Accuracy: 100.000(78.802), Loss: 0.121(0.538), LR: 0.000005
[GPU cuda:1][TRAIN] Epoch: [8][800/2480], Elapsed 3m 48s (remain 7m 58s), Accuracy: 80.000(79.126), Loss: 0.315(0.533), LR: 0.000005
[GPU cuda:1][TRAIN] Epoch: [8][850/2480], Elapsed 4m 2s (remain 7m 43s), Accuracy: 60.000(79.224), Loss: 0.621(0.528), LR: 0.000005
[GPU cuda:1][TRAIN] Epoch: [8][900/2480], Elapsed 4m 16s (remain 7m 29s), Accuracy: 80.000(79.467), Loss: 0.891(0.524), LR: 0.000005
[GPU cuda:1][TRAIN] Epoch: [8][950/2480], Elapsed 4m 30s (remain 7m 15s), Accuracy: 60.000(79.516), Loss: 0.642(0.522), LR: 0.000005
[GPU cuda:1][TRAIN] Epoch: [8][1000/2480], Elapsed 4m 44s (remain 7m 0s), Accuracy: 60.000(79.421), Loss: 0.930(0.523), LR: 0.000004
[GPU cuda:1][TRAIN] Epoch: [8][1050/2480], Elapsed 4m 59s (remain 6m 46s), Accuracy: 60.000(79.581), Loss: 0.587(0.519), LR: 0.000004
[GPU cuda:1][TRAIN] Epoch: [8][1100/2480], Elapsed 5m 13s (remain 6m 32s), Accuracy: 100.000(79.655), Loss: 0.245(0.515), LR: 0.000004
[GPU cuda:1][TRAIN] Epoch: [8][1150/2480], Elapsed 5m 27s (remain 6m 18s), Accuracy: 100.000(79.635), Loss: 0.299(0.515), LR: 0.000004
[GPU cuda:1][TRAIN] Epoch: [8][1200/2480], Elapsed 5m 41s (remain 6m 3s), Accuracy: 100.000(79.734), Loss: 0.257(0.513), LR: 0.000004
[GPU cuda:1][TRAIN] Epoch: [8][1250/2480], Elapsed 5m 55s (remain 5m 49s), Accuracy: 40.000(79.728), Loss: 0.754(0.512), LR: 0.000004
[GPU cuda:1][TRAIN] Epoch: [8][1300/2480], Elapsed 6m 9s (remain 5m 35s), Accuracy: 80.000(79.693), Loss: 0.584(0.511), LR: 0.000004
[GPU cuda:1][TRAIN] Epoch: [8][1350/2480], Elapsed 6m 24s (remain 5m 21s), Accuracy: 100.000(79.763), Loss: 0.024(0.509), LR: 0.000004
[GPU cuda:1][TRAIN] Epoch: [8][1400/2480], Elapsed 6m 38s (remain 5m 6s), Accuracy: 100.000(79.657), Loss: 0.168(0.510), LR: 0.000004
[GPU cuda:1][TRAIN] Epoch: [8][1450/2480], Elapsed 6m 52s (remain 4m 52s), Accuracy: 80.000(79.890), Loss: 0.469(0.507), LR: 0.000004
[GPU cuda:1][TRAIN] Epoch: [8][1500/2480], Elapsed 7m 6s (remain 4m 38s), Accuracy: 100.000(79.920), Loss: 0.155(0.507), LR: 0.000004
[GPU cuda:1][TRAIN] Epoch: [8][1550/2480], Elapsed 7m 20s (remain 4m 24s), Accuracy: 100.000(80.000), Loss: 0.201(0.505), LR: 0.000004
[GPU cuda:1][TRAIN] Epoch: [8][1600/2480], Elapsed 7m 34s (remain 4m 9s), Accuracy: 80.000(80.025), Loss: 0.314(0.504), LR: 0.000004
[GPU cuda:1][TRAIN] Epoch: [8][1650/2480], Elapsed 7m 49s (remain 3m 55s), Accuracy: 80.000(80.218), Loss: 0.247(0.499), LR: 0.000004
[GPU cuda:1][TRAIN] Epoch: [8][1700/2480], Elapsed 8m 3s (remain 3m 41s), Accuracy: 80.000(80.176), Loss: 0.347(0.500), LR: 0.000004
[GPU cuda:1][TRAIN] Epoch: [8][1750/2480], Elapsed 8m 17s (remain 3m 27s), Accuracy: 60.000(80.274), Loss: 0.741(0.498), LR: 0.000004
[GPU cuda:1][TRAIN] Epoch: [8][1800/2480], Elapsed 8m 31s (remain 3m 12s), Accuracy: 100.000(80.389), Loss: 0.104(0.495), LR: 0.000004
[GPU cuda:1][TRAIN] Epoch: [8][1850/2480], Elapsed 8m 45s (remain 2m 58s), Accuracy: 80.000(80.421), Loss: 0.502(0.494), LR: 0.000004
[GPU cuda:1][TRAIN] Epoch: [8][1900/2480], Elapsed 9m 0s (remain 2m 44s), Accuracy: 60.000(80.463), Loss: 0.728(0.493), LR: 0.000004
[GPU cuda:1][TRAIN] Epoch: [8][1950/2480], Elapsed 9m 14s (remain 2m 30s), Accuracy: 80.000(80.369), Loss: 0.444(0.494), LR: 0.000004
[GPU cuda:1][TRAIN] Epoch: [8][2000/2480], Elapsed 9m 28s (remain 2m 16s), Accuracy: 80.000(80.330), Loss: 0.458(0.495), LR: 0.000004
[GPU cuda:1][TRAIN] Epoch: [8][2050/2480], Elapsed 9m 42s (remain 2m 1s), Accuracy: 60.000(80.312), Loss: 0.714(0.496), LR: 0.000004
[GPU cuda:1][TRAIN] Epoch: [8][2100/2480], Elapsed 9m 56s (remain 1m 47s), Accuracy: 80.000(80.428), Loss: 0.378(0.494), LR: 0.000004
[GPU cuda:1][TRAIN] Epoch: [8][2150/2480], Elapsed 10m 10s (remain 1m 33s), Accuracy: 80.000(80.558), Loss: 0.425(0.491), LR: 0.000004
[GPU cuda:1][TRAIN] Epoch: [8][2200/2480], Elapsed 10m 24s (remain 1m 19s), Accuracy: 60.000(80.618), Loss: 0.745(0.490), LR: 0.000004
[GPU cuda:1][TRAIN] Epoch: [8][2250/2480], Elapsed 10m 39s (remain 1m 5s), Accuracy: 60.000(80.506), Loss: 0.501(0.492), LR: 0.000004
[GPU cuda:1][TRAIN] Epoch: [8][2300/2480], Elapsed 10m 53s (remain 0m 50s), Accuracy: 100.000(80.565), Loss: 0.195(0.491), LR: 0.000004
[GPU cuda:1][TRAIN] Epoch: [8][2350/2480], Elapsed 11m 7s (remain 0m 36s), Accuracy: 80.000(80.561), Loss: 0.475(0.492), LR: 0.000003
[GPU cuda:1][TRAIN] Epoch: [8][2400/2480], Elapsed 11m 21s (remain 0m 22s), Accuracy: 40.000(80.616), Loss: 1.063(0.491), LR: 0.000003
[GPU cuda:1][TRAIN] Epoch: [8][2450/2480], Elapsed 11m 35s (remain 0m 8s), Accuracy: 80.000(80.645), Loss: 0.401(0.489), LR: 0.000003
[GPU cuda:1][TRAIN] Epoch: [8][2479/2480], Elapsed 11m 43s (remain 0m 0s), Accuracy: 40.000(80.629), Loss: 2.257(0.490), LR: 0.000003
[GPU cuda:1][VALID][0/97], Elapsed 0m 1s (remain 2m 4s), Accuracy: 71.875(71.875), Batch Loss: 0.7762, Average Loss: 0.7762
[GPU cuda:1][VALID][50/97], Elapsed 0m 48s (remain 0m 43s), Accuracy: 81.250(73.468), Batch Loss: 0.5974, Average Loss: 0.7461
[GPU cuda:1][VALID][96/97], Elapsed 1m 32s (remain 0m 0s), Accuracy: 78.571(72.911), Batch Loss: 0.3837, Average Loss: 0.7575
Valid Labels Samples: [2 0 1 4 1 0 3 1 4 3]
Valid Predictions Samples: [2, 0, 1, 3, 1, 1, 3, 1, 3, 0]
Epoch 8 - Train Average Loss: 80.629, Valid Average Loss: 72.911, Epoch Time: 798.874s
Epoch 8 - Accuracy: 0.729, Precision: 0.728, Recall: 0.729
[GPU cuda:1][TRAIN] Epoch: [9][0/2480], Elapsed 0m 0s (remain 24m 43s), Accuracy: 80.000(80.000), Loss: 0.656(0.656), LR: 0.000003
[GPU cuda:1][TRAIN] Epoch: [9][50/2480], Elapsed 0m 15s (remain 11m 55s), Accuracy: 60.000(82.353), Loss: 0.773(0.395), LR: 0.000003
[GPU cuda:1][TRAIN] Epoch: [9][100/2480], Elapsed 0m 29s (remain 11m 30s), Accuracy: 80.000(80.594), Loss: 0.553(0.432), LR: 0.000003
[GPU cuda:1][TRAIN] Epoch: [9][150/2480], Elapsed 0m 43s (remain 11m 11s), Accuracy: 80.000(80.927), Loss: 0.660(0.446), LR: 0.000003
[GPU cuda:1][TRAIN] Epoch: [9][200/2480], Elapsed 0m 57s (remain 10m 55s), Accuracy: 80.000(80.995), Loss: 0.374(0.456), LR: 0.000003
[GPU cuda:1][TRAIN] Epoch: [9][250/2480], Elapsed 1m 12s (remain 10m 39s), Accuracy: 100.000(81.833), Loss: 0.168(0.453), LR: 0.000003
[GPU cuda:1][TRAIN] Epoch: [9][300/2480], Elapsed 1m 26s (remain 10m 24s), Accuracy: 60.000(81.595), Loss: 0.851(0.458), LR: 0.000003
[GPU cuda:1][TRAIN] Epoch: [9][350/2480], Elapsed 1m 40s (remain 10m 10s), Accuracy: 80.000(81.311), Loss: 0.601(0.464), LR: 0.000003
[GPU cuda:1][TRAIN] Epoch: [9][400/2480], Elapsed 1m 54s (remain 9m 55s), Accuracy: 100.000(81.646), Loss: 0.272(0.457), LR: 0.000003
[GPU cuda:1][TRAIN] Epoch: [9][450/2480], Elapsed 2m 9s (remain 9m 40s), Accuracy: 80.000(81.818), Loss: 0.717(0.459), LR: 0.000003
[GPU cuda:1][TRAIN] Epoch: [9][500/2480], Elapsed 2m 23s (remain 9m 26s), Accuracy: 60.000(82.156), Loss: 0.821(0.455), LR: 0.000003
[GPU cuda:1][TRAIN] Epoch: [9][550/2480], Elapsed 2m 37s (remain 9m 11s), Accuracy: 100.000(82.033), Loss: 0.051(0.460), LR: 0.000003
[GPU cuda:1][TRAIN] Epoch: [9][600/2480], Elapsed 2m 51s (remain 8m 57s), Accuracy: 100.000(81.830), Loss: 0.011(0.465), LR: 0.000003
[GPU cuda:1][TRAIN] Epoch: [9][650/2480], Elapsed 3m 6s (remain 8m 42s), Accuracy: 100.000(81.567), Loss: 0.008(0.472), LR: 0.000003
[GPU cuda:1][TRAIN] Epoch: [9][700/2480], Elapsed 3m 20s (remain 8m 28s), Accuracy: 100.000(81.341), Loss: 0.280(0.477), LR: 0.000003
[GPU cuda:1][TRAIN] Epoch: [9][750/2480], Elapsed 3m 34s (remain 8m 13s), Accuracy: 100.000(81.465), Loss: 0.241(0.475), LR: 0.000003
[GPU cuda:1][TRAIN] Epoch: [9][800/2480], Elapsed 3m 48s (remain 7m 59s), Accuracy: 100.000(81.723), Loss: 0.326(0.471), LR: 0.000003
[GPU cuda:1][TRAIN] Epoch: [9][850/2480], Elapsed 4m 3s (remain 7m 45s), Accuracy: 60.000(81.927), Loss: 0.569(0.465), LR: 0.000003
[GPU cuda:1][TRAIN] Epoch: [9][900/2480], Elapsed 4m 17s (remain 7m 30s), Accuracy: 60.000(82.064), Loss: 0.768(0.462), LR: 0.000003
[GPU cuda:1][TRAIN] Epoch: [9][950/2480], Elapsed 4m 31s (remain 7m 16s), Accuracy: 80.000(82.229), Loss: 0.608(0.458), LR: 0.000003
[GPU cuda:1][TRAIN] Epoch: [9][1000/2480], Elapsed 4m 45s (remain 7m 2s), Accuracy: 60.000(82.158), Loss: 1.125(0.457), LR: 0.000003
[GPU cuda:1][TRAIN] Epoch: [9][1050/2480], Elapsed 5m 0s (remain 6m 47s), Accuracy: 60.000(82.169), Loss: 0.639(0.455), LR: 0.000003
[GPU cuda:1][TRAIN] Epoch: [9][1100/2480], Elapsed 5m 14s (remain 6m 33s), Accuracy: 100.000(82.325), Loss: 0.258(0.452), LR: 0.000003
[GPU cuda:1][TRAIN] Epoch: [9][1150/2480], Elapsed 5m 28s (remain 6m 19s), Accuracy: 100.000(82.328), Loss: 0.161(0.451), LR: 0.000003
[GPU cuda:1][TRAIN] Epoch: [9][1200/2480], Elapsed 5m 42s (remain 6m 5s), Accuracy: 80.000(82.481), Loss: 0.568(0.447), LR: 0.000003
[GPU cuda:1][TRAIN] Epoch: [9][1250/2480], Elapsed 5m 57s (remain 5m 50s), Accuracy: 80.000(82.494), Loss: 0.526(0.446), LR: 0.000003
[GPU cuda:1][TRAIN] Epoch: [9][1300/2480], Elapsed 6m 11s (remain 5m 36s), Accuracy: 80.000(82.444), Loss: 0.298(0.445), LR: 0.000002
[GPU cuda:1][TRAIN] Epoch: [9][1350/2480], Elapsed 6m 25s (remain 5m 22s), Accuracy: 100.000(82.650), Loss: 0.019(0.441), LR: 0.000002
[GPU cuda:1][TRAIN] Epoch: [9][1400/2480], Elapsed 6m 39s (remain 5m 7s), Accuracy: 100.000(82.641), Loss: 0.091(0.441), LR: 0.000002
[GPU cuda:1][TRAIN] Epoch: [9][1450/2480], Elapsed 6m 54s (remain 4m 53s), Accuracy: 100.000(82.798), Loss: 0.210(0.439), LR: 0.000002
[GPU cuda:1][TRAIN] Epoch: [9][1500/2480], Elapsed 7m 8s (remain 4m 39s), Accuracy: 100.000(82.811), Loss: 0.155(0.438), LR: 0.000002
[GPU cuda:1][TRAIN] Epoch: [9][1550/2480], Elapsed 7m 22s (remain 4m 25s), Accuracy: 80.000(82.876), Loss: 0.221(0.436), LR: 0.000002
[GPU cuda:1][TRAIN] Epoch: [9][1600/2480], Elapsed 7m 36s (remain 4m 10s), Accuracy: 100.000(82.986), Loss: 0.230(0.434), LR: 0.000002
[GPU cuda:1][TRAIN] Epoch: [9][1650/2480], Elapsed 7m 51s (remain 3m 56s), Accuracy: 80.000(83.150), Loss: 0.244(0.431), LR: 0.000002
[GPU cuda:1][TRAIN] Epoch: [9][1700/2480], Elapsed 8m 5s (remain 3m 42s), Accuracy: 80.000(83.163), Loss: 0.280(0.431), LR: 0.000002
[GPU cuda:1][TRAIN] Epoch: [9][1750/2480], Elapsed 8m 19s (remain 3m 28s), Accuracy: 60.000(83.267), Loss: 0.804(0.429), LR: 0.000002
[GPU cuda:1][TRAIN] Epoch: [9][1800/2480], Elapsed 8m 33s (remain 3m 13s), Accuracy: 100.000(83.331), Loss: 0.022(0.427), LR: 0.000002
[GPU cuda:1][TRAIN] Epoch: [9][1850/2480], Elapsed 8m 48s (remain 2m 59s), Accuracy: 100.000(83.425), Loss: 0.253(0.425), LR: 0.000002
[GPU cuda:1][TRAIN] Epoch: [9][1900/2480], Elapsed 9m 2s (remain 2m 45s), Accuracy: 80.000(83.535), Loss: 0.846(0.423), LR: 0.000002
[GPU cuda:1][TRAIN] Epoch: [9][1950/2480], Elapsed 9m 16s (remain 2m 30s), Accuracy: 80.000(83.506), Loss: 0.278(0.424), LR: 0.000002
[GPU cuda:1][TRAIN] Epoch: [9][2000/2480], Elapsed 9m 31s (remain 2m 16s), Accuracy: 80.000(83.428), Loss: 0.568(0.425), LR: 0.000002
[GPU cuda:1][TRAIN] Epoch: [9][2050/2480], Elapsed 9m 45s (remain 2m 2s), Accuracy: 60.000(83.452), Loss: 0.881(0.426), LR: 0.000002
[GPU cuda:1][TRAIN] Epoch: [9][2100/2480], Elapsed 9m 59s (remain 1m 48s), Accuracy: 80.000(83.551), Loss: 0.231(0.424), LR: 0.000002
[GPU cuda:1][TRAIN] Epoch: [9][2150/2480], Elapsed 10m 13s (remain 1m 33s), Accuracy: 100.000(83.673), Loss: 0.300(0.421), LR: 0.000002
[GPU cuda:1][TRAIN] Epoch: [9][2200/2480], Elapsed 10m 28s (remain 1m 19s), Accuracy: 80.000(83.689), Loss: 0.349(0.421), LR: 0.000002
[GPU cuda:1][TRAIN] Epoch: [9][2250/2480], Elapsed 10m 42s (remain 1m 5s), Accuracy: 100.000(83.563), Loss: 0.185(0.423), LR: 0.000002
[GPU cuda:1][TRAIN] Epoch: [9][2300/2480], Elapsed 10m 56s (remain 0m 51s), Accuracy: 80.000(83.598), Loss: 0.225(0.423), LR: 0.000002
[GPU cuda:1][TRAIN] Epoch: [9][2350/2480], Elapsed 11m 11s (remain 0m 36s), Accuracy: 100.000(83.598), Loss: 0.302(0.424), LR: 0.000002
[GPU cuda:1][TRAIN] Epoch: [9][2400/2480], Elapsed 11m 25s (remain 0m 22s), Accuracy: 80.000(83.715), Loss: 0.906(0.423), LR: 0.000002
[GPU cuda:1][TRAIN] Epoch: [9][2450/2480], Elapsed 11m 39s (remain 0m 8s), Accuracy: 80.000(83.770), Loss: 0.278(0.421), LR: 0.000002
[GPU cuda:1][TRAIN] Epoch: [9][2479/2480], Elapsed 11m 47s (remain 0m 0s), Accuracy: 40.000(83.750), Loss: 2.066(0.422), LR: 0.000002
[GPU cuda:1][VALID][0/97], Elapsed 0m 1s (remain 2m 4s), Accuracy: 78.125(78.125), Batch Loss: 0.7478, Average Loss: 0.7478
[GPU cuda:1][VALID][50/97], Elapsed 0m 48s (remain 0m 44s), Accuracy: 68.750(73.836), Batch Loss: 0.8236, Average Loss: 0.7810
[GPU cuda:1][VALID][96/97], Elapsed 1m 32s (remain 0m 0s), Accuracy: 82.143(73.624), Batch Loss: 0.4258, Average Loss: 0.7817
Valid Labels Samples: [2 0 1 4 1 0 3 1 4 3]
Valid Predictions Samples: [2, 0, 1, 3, 1, 0, 3, 1, 3, 0]
Epoch 9 - Train Average Loss: 83.750, Valid Average Loss: 73.624, Epoch Time: 803.195s
Epoch 9 - Accuracy: 0.736, Precision: 0.738, Recall: 0.736
Saved Best Model: 0.74
