[GPU 1]: Config File
{'id': 22, 'model_name': 'swin_large_patch4_window12_384_in22k', 'dropout': 0.5, 'size': 384, 'batch_size_t': 5, 'batch_size_v': 32, 'n_targets': 5, 'criterion': 'CrossEntropyLoss', 'gradient_accumulation_steps': 1, 'max_gradient_norm': None, 'optimizer': 'AdamW', 'scheduler': 'CosineAnnealingWarmRestarts', 'LR': 1e-05, 'T_0': 500, 'T_max': 10, 'T_mult': 5, 'min_lr': 1e-06, 'max_lr': 0.0001, 'no_batches': 'NA', 'warmup_epochs': 1, 'cosine_epochs': 14, 'epochs': 15, 'update_per_batch': True, 'num_workers': 4, 'n_folds': 5, 'train_transforms': [HorizontalFlip(always_apply=False, p=0.5), VerticalFlip(always_apply=False, p=0.5), RandomRotate90(always_apply=False, p=0.5)], 'valid_transforms': [], 'observations': None, 'use_swa': True, 'swa_lr': 0.01, 'swa_epoch': 0, 'use_sam': True, 'use_asam': True, 'asam_rho': 0.1, 'print_freq': 50, 'one_fold': True, 'use_apex': True, 'distributed_training': False, 'save_to_log': True}
================================================== Training Fold: 0 ==================================================
[GPU cuda:1][TRAIN] Epoch: [1][0/2480], Elapsed 0m 0s (remain 21m 52s), Accuracy: 0.000(0.000), Loss: 1.750(1.750), LR: 0.000010
[GPU cuda:1][TRAIN] Epoch: [1][50/2480], Elapsed 0m 14s (remain 11m 45s), Accuracy: 20.000(17.255), Loss: 1.552(1.644), LR: 0.000010
[GPU cuda:1][TRAIN] Epoch: [1][100/2480], Elapsed 0m 29s (remain 11m 26s), Accuracy: 60.000(23.564), Loss: 1.388(1.618), LR: 0.000009
[GPU cuda:1][TRAIN] Epoch: [1][150/2480], Elapsed 0m 43s (remain 11m 10s), Accuracy: 40.000(24.371), Loss: 1.672(1.609), LR: 0.000008
[GPU cuda:1][TRAIN] Epoch: [1][200/2480], Elapsed 0m 57s (remain 10m 55s), Accuracy: 0.000(26.169), Loss: 1.646(1.592), LR: 0.000007
[GPU cuda:1][TRAIN] Epoch: [1][250/2480], Elapsed 1m 12s (remain 10m 40s), Accuracy: 40.000(27.410), Loss: 1.285(1.570), LR: 0.000005
[GPU cuda:1][TRAIN] Epoch: [1][300/2480], Elapsed 1m 26s (remain 10m 26s), Accuracy: 40.000(29.701), Loss: 1.554(1.538), LR: 0.000004
[GPU cuda:1][TRAIN] Epoch: [1][350/2480], Elapsed 1m 40s (remain 10m 12s), Accuracy: 100.000(31.738), Loss: 0.735(1.508), LR: 0.000003
[GPU cuda:1][TRAIN] Epoch: [1][400/2480], Elapsed 1m 55s (remain 9m 57s), Accuracy: 60.000(33.267), Loss: 0.935(1.481), LR: 0.000002
[GPU cuda:1][TRAIN] Epoch: [1][450/2480], Elapsed 2m 9s (remain 9m 43s), Accuracy: 60.000(34.590), Loss: 1.163(1.456), LR: 0.000001
[GPU cuda:1][TRAIN] Epoch: [1][500/2480], Elapsed 2m 23s (remain 9m 28s), Accuracy: 40.000(35.928), Loss: 1.518(1.433), LR: 0.000010
[GPU cuda:1][TRAIN] Epoch: [1][550/2480], Elapsed 2m 38s (remain 9m 14s), Accuracy: 40.000(36.552), Loss: 1.036(1.420), LR: 0.000010
[GPU cuda:1][TRAIN] Epoch: [1][600/2480], Elapsed 2m 52s (remain 8m 59s), Accuracy: 100.000(37.504), Loss: 0.501(1.401), LR: 0.000010
[GPU cuda:1][TRAIN] Epoch: [1][650/2480], Elapsed 3m 6s (remain 8m 45s), Accuracy: 100.000(38.464), Loss: 0.625(1.382), LR: 0.000010
[GPU cuda:1][TRAIN] Epoch: [1][700/2480], Elapsed 3m 21s (remain 8m 30s), Accuracy: 60.000(39.173), Loss: 1.152(1.370), LR: 0.000010
[GPU cuda:1][TRAIN] Epoch: [1][750/2480], Elapsed 3m 35s (remain 8m 16s), Accuracy: 80.000(39.947), Loss: 1.076(1.358), LR: 0.000010
[GPU cuda:1][TRAIN] Epoch: [1][800/2480], Elapsed 3m 49s (remain 8m 1s), Accuracy: 20.000(40.824), Loss: 1.953(1.343), LR: 0.000010
[GPU cuda:1][TRAIN] Epoch: [1][850/2480], Elapsed 4m 4s (remain 7m 47s), Accuracy: 40.000(41.457), Loss: 1.318(1.327), LR: 0.000010
[GPU cuda:1][TRAIN] Epoch: [1][900/2480], Elapsed 4m 18s (remain 7m 32s), Accuracy: 80.000(42.175), Loss: 0.877(1.309), LR: 0.000009
[GPU cuda:1][TRAIN] Epoch: [1][950/2480], Elapsed 4m 32s (remain 7m 18s), Accuracy: 20.000(42.797), Loss: 1.252(1.295), LR: 0.000009
[GPU cuda:1][TRAIN] Epoch: [1][1000/2480], Elapsed 4m 46s (remain 7m 3s), Accuracy: 0.000(43.377), Loss: 2.081(1.282), LR: 0.000009
[GPU cuda:1][TRAIN] Epoch: [1][1050/2480], Elapsed 5m 1s (remain 6m 49s), Accuracy: 20.000(43.787), Loss: 1.547(1.271), LR: 0.000009
[GPU cuda:1][TRAIN] Epoch: [1][1100/2480], Elapsed 5m 15s (remain 6m 35s), Accuracy: 60.000(44.578), Loss: 0.844(1.254), LR: 0.000009
[GPU cuda:1][TRAIN] Epoch: [1][1150/2480], Elapsed 5m 29s (remain 6m 20s), Accuracy: 80.000(45.178), Loss: 0.761(1.241), LR: 0.000009
[GPU cuda:1][TRAIN] Epoch: [1][1200/2480], Elapsed 5m 44s (remain 6m 6s), Accuracy: 80.000(45.962), Loss: 0.852(1.226), LR: 0.000008
[GPU cuda:1][TRAIN] Epoch: [1][1250/2480], Elapsed 5m 58s (remain 5m 51s), Accuracy: 40.000(46.443), Loss: 0.865(1.215), LR: 0.000008
[GPU cuda:1][TRAIN] Epoch: [1][1300/2480], Elapsed 6m 12s (remain 5m 37s), Accuracy: 40.000(47.056), Loss: 1.180(1.202), LR: 0.000008
[GPU cuda:1][TRAIN] Epoch: [1][1350/2480], Elapsed 6m 26s (remain 5m 23s), Accuracy: 80.000(47.520), Loss: 0.721(1.192), LR: 0.000008
[GPU cuda:1][TRAIN] Epoch: [1][1400/2480], Elapsed 6m 40s (remain 5m 8s), Accuracy: 60.000(47.980), Loss: 0.645(1.184), LR: 0.000007
[GPU cuda:1][TRAIN] Epoch: [1][1450/2480], Elapsed 6m 55s (remain 4m 54s), Accuracy: 80.000(48.532), Loss: 0.705(1.174), LR: 0.000007
[GPU cuda:1][TRAIN] Epoch: [1][1500/2480], Elapsed 7m 9s (remain 4m 40s), Accuracy: 100.000(48.887), Loss: 0.226(1.167), LR: 0.000007
[GPU cuda:1][TRAIN] Epoch: [1][1550/2480], Elapsed 7m 23s (remain 4m 25s), Accuracy: 40.000(49.207), Loss: 0.890(1.159), LR: 0.000007
[GPU cuda:1][TRAIN] Epoch: [1][1600/2480], Elapsed 7m 37s (remain 4m 11s), Accuracy: 60.000(49.507), Loss: 0.839(1.151), LR: 0.000006
[GPU cuda:1][TRAIN] Epoch: [1][1650/2480], Elapsed 7m 52s (remain 3m 57s), Accuracy: 80.000(50.055), Loss: 0.326(1.139), LR: 0.000006
[GPU cuda:1][TRAIN] Epoch: [1][1700/2480], Elapsed 8m 6s (remain 3m 42s), Accuracy: 60.000(50.476), Loss: 0.679(1.132), LR: 0.000006
[GPU cuda:1][TRAIN] Epoch: [1][1750/2480], Elapsed 8m 20s (remain 3m 28s), Accuracy: 20.000(50.931), Loss: 1.600(1.124), LR: 0.000005
[GPU cuda:1][TRAIN] Epoch: [1][1800/2480], Elapsed 8m 34s (remain 3m 14s), Accuracy: 60.000(51.249), Loss: 1.161(1.116), LR: 0.000005
[GPU cuda:1][TRAIN] Epoch: [1][1850/2480], Elapsed 8m 49s (remain 2m 59s), Accuracy: 20.000(51.378), Loss: 1.355(1.111), LR: 0.000005
[GPU cuda:1][TRAIN] Epoch: [1][1900/2480], Elapsed 9m 3s (remain 2m 45s), Accuracy: 60.000(51.689), Loss: 0.772(1.103), LR: 0.000005
[GPU cuda:1][TRAIN] Epoch: [1][1950/2480], Elapsed 9m 17s (remain 2m 31s), Accuracy: 80.000(51.861), Loss: 0.879(1.100), LR: 0.000004
[GPU cuda:1][TRAIN] Epoch: [1][2000/2480], Elapsed 9m 31s (remain 2m 16s), Accuracy: 60.000(52.274), Loss: 0.953(1.092), LR: 0.000004
[GPU cuda:1][TRAIN] Epoch: [1][2050/2480], Elapsed 9m 46s (remain 2m 2s), Accuracy: 20.000(52.443), Loss: 1.686(1.088), LR: 0.000004
[GPU cuda:1][TRAIN] Epoch: [1][2100/2480], Elapsed 10m 0s (remain 1m 48s), Accuracy: 100.000(52.927), Loss: 0.595(1.079), LR: 0.000004
[GPU cuda:1][TRAIN] Epoch: [1][2150/2480], Elapsed 10m 14s (remain 1m 33s), Accuracy: 40.000(53.296), Loss: 0.999(1.072), LR: 0.000003
[GPU cuda:1][TRAIN] Epoch: [1][2200/2480], Elapsed 10m 28s (remain 1m 19s), Accuracy: 60.000(53.630), Loss: 0.645(1.066), LR: 0.000003
[GPU cuda:1][TRAIN] Epoch: [1][2250/2480], Elapsed 10m 42s (remain 1m 5s), Accuracy: 60.000(53.896), Loss: 1.117(1.061), LR: 0.000003
[GPU cuda:1][TRAIN] Epoch: [1][2300/2480], Elapsed 10m 57s (remain 0m 51s), Accuracy: 60.000(54.229), Loss: 0.676(1.056), LR: 0.000003
[GPU cuda:1][TRAIN] Epoch: [1][2350/2480], Elapsed 11m 11s (remain 0m 36s), Accuracy: 80.000(54.462), Loss: 0.784(1.052), LR: 0.000002
[GPU cuda:1][TRAIN] Epoch: [1][2400/2480], Elapsed 11m 25s (remain 0m 22s), Accuracy: 40.000(54.769), Loss: 0.997(1.047), LR: 0.000002
[GPU cuda:1][TRAIN] Epoch: [1][2450/2480], Elapsed 11m 39s (remain 0m 8s), Accuracy: 100.000(55.039), Loss: 0.428(1.041), LR: 0.000002
[GPU cuda:1][TRAIN] Epoch: [1][2479/2480], Elapsed 11m 48s (remain 0m 0s), Accuracy: 40.000(55.169), Loss: 1.857(1.039), LR: 0.000002
[GPU cuda:1][VALID][0/97], Elapsed 0m 1s (remain 2m 10s), Accuracy: 78.125(78.125), Batch Loss: 0.6847, Average Loss: 0.6847
[GPU cuda:1][VALID][50/97], Elapsed 0m 48s (remain 0m 43s), Accuracy: 65.625(70.466), Batch Loss: 0.5683, Average Loss: 0.7238
[GPU cuda:1][VALID][96/97], Elapsed 1m 32s (remain 0m 0s), Accuracy: 71.429(70.904), Batch Loss: 0.5944, Average Loss: 0.7307
Valid Labels Samples: [2 0 1 4 1 0 3 1 4 3]
Valid Predictions Samples: [2, 0, 1, 4, 1, 0, 3, 1, 3, 0]
Epoch 1 - Train Average Loss: 55.169, Valid Average Loss: 70.904, Epoch Time: 802.519s
Epoch 1 - Accuracy: 0.709, Precision: 0.721, Recall: 0.709
Saved Best Model: 0.71
[GPU cuda:1][TRAIN] Epoch: [2][0/2480], Elapsed 0m 0s (remain 25m 49s), Accuracy: 60.000(60.000), Loss: 1.342(1.342), LR: 0.000002
[GPU cuda:1][TRAIN] Epoch: [2][50/2480], Elapsed 0m 15s (remain 11m 57s), Accuracy: 60.000(70.588), Loss: 0.850(0.692), LR: 0.000002
[GPU cuda:1][TRAIN] Epoch: [2][100/2480], Elapsed 0m 29s (remain 11m 30s), Accuracy: 80.000(68.317), Loss: 0.781(0.727), LR: 0.000002
[GPU cuda:1][TRAIN] Epoch: [2][150/2480], Elapsed 0m 43s (remain 11m 11s), Accuracy: 40.000(67.947), Loss: 1.151(0.742), LR: 0.000001
[GPU cuda:1][TRAIN] Epoch: [2][200/2480], Elapsed 0m 57s (remain 10m 54s), Accuracy: 60.000(67.065), Loss: 0.630(0.767), LR: 0.000001
[GPU cuda:1][TRAIN] Epoch: [2][250/2480], Elapsed 1m 11s (remain 10m 39s), Accuracy: 80.000(67.171), Loss: 0.352(0.767), LR: 0.000001
[GPU cuda:1][TRAIN] Epoch: [2][300/2480], Elapsed 1m 26s (remain 10m 24s), Accuracy: 20.000(67.309), Loss: 1.512(0.767), LR: 0.000001
[GPU cuda:1][TRAIN] Epoch: [2][350/2480], Elapsed 1m 40s (remain 10m 9s), Accuracy: 80.000(66.781), Loss: 0.773(0.779), LR: 0.000001
[GPU cuda:1][TRAIN] Epoch: [2][400/2480], Elapsed 1m 54s (remain 9m 54s), Accuracy: 60.000(66.883), Loss: 0.709(0.778), LR: 0.000001
[GPU cuda:1][TRAIN] Epoch: [2][450/2480], Elapsed 2m 8s (remain 9m 39s), Accuracy: 60.000(67.184), Loss: 0.819(0.779), LR: 0.000001
[GPU cuda:1][TRAIN] Epoch: [2][500/2480], Elapsed 2m 22s (remain 9m 24s), Accuracy: 40.000(67.146), Loss: 1.045(0.775), LR: 0.000001
[GPU cuda:1][TRAIN] Epoch: [2][550/2480], Elapsed 2m 37s (remain 9m 10s), Accuracy: 100.000(66.860), Loss: 0.322(0.781), LR: 0.000010
[GPU cuda:1][TRAIN] Epoch: [2][600/2480], Elapsed 2m 51s (remain 8m 55s), Accuracy: 100.000(66.622), Loss: 0.064(0.788), LR: 0.000010
[GPU cuda:1][TRAIN] Epoch: [2][650/2480], Elapsed 3m 5s (remain 8m 41s), Accuracy: 80.000(66.513), Loss: 0.392(0.792), LR: 0.000010
[GPU cuda:1][TRAIN] Epoch: [2][700/2480], Elapsed 3m 19s (remain 8m 27s), Accuracy: 60.000(66.191), Loss: 0.906(0.800), LR: 0.000010
[GPU cuda:1][TRAIN] Epoch: [2][750/2480], Elapsed 3m 33s (remain 8m 12s), Accuracy: 80.000(66.125), Loss: 0.661(0.807), LR: 0.000010
[GPU cuda:1][TRAIN] Epoch: [2][800/2480], Elapsed 3m 48s (remain 7m 58s), Accuracy: 80.000(66.317), Loss: 0.444(0.805), LR: 0.000010
[GPU cuda:1][TRAIN] Epoch: [2][850/2480], Elapsed 4m 2s (remain 7m 44s), Accuracy: 60.000(66.392), Loss: 0.993(0.804), LR: 0.000010
[GPU cuda:1][TRAIN] Epoch: [2][900/2480], Elapsed 4m 16s (remain 7m 29s), Accuracy: 60.000(66.593), Loss: 1.044(0.802), LR: 0.000010
[GPU cuda:1][TRAIN] Epoch: [2][950/2480], Elapsed 4m 30s (remain 7m 15s), Accuracy: 80.000(66.604), Loss: 0.863(0.800), LR: 0.000010
[GPU cuda:1][TRAIN] Epoch: [2][1000/2480], Elapsed 4m 45s (remain 7m 1s), Accuracy: 80.000(66.494), Loss: 0.881(0.800), LR: 0.000010
[GPU cuda:1][TRAIN] Epoch: [2][1050/2480], Elapsed 4m 59s (remain 6m 46s), Accuracy: 40.000(66.394), Loss: 1.437(0.803), LR: 0.000010
[GPU cuda:1][TRAIN] Epoch: [2][1100/2480], Elapsed 5m 13s (remain 6m 32s), Accuracy: 80.000(66.467), Loss: 0.542(0.800), LR: 0.000010
[GPU cuda:1][TRAIN] Epoch: [2][1150/2480], Elapsed 5m 27s (remain 6m 18s), Accuracy: 80.000(66.603), Loss: 0.734(0.799), LR: 0.000010
[GPU cuda:1][TRAIN] Epoch: [2][1200/2480], Elapsed 5m 41s (remain 6m 4s), Accuracy: 80.000(66.828), Loss: 0.863(0.794), LR: 0.000010
[GPU cuda:1][TRAIN] Epoch: [2][1250/2480], Elapsed 5m 56s (remain 5m 49s), Accuracy: 40.000(66.539), Loss: 0.959(0.799), LR: 0.000010
[GPU cuda:1][TRAIN] Epoch: [2][1300/2480], Elapsed 6m 10s (remain 5m 35s), Accuracy: 60.000(66.733), Loss: 1.111(0.796), LR: 0.000010
[GPU cuda:1][TRAIN] Epoch: [2][1350/2480], Elapsed 6m 24s (remain 5m 21s), Accuracy: 100.000(66.825), Loss: 0.150(0.794), LR: 0.000010
[GPU cuda:1][TRAIN] Epoch: [2][1400/2480], Elapsed 6m 38s (remain 5m 7s), Accuracy: 100.000(66.924), Loss: 0.203(0.794), LR: 0.000010
[GPU cuda:1][TRAIN] Epoch: [2][1450/2480], Elapsed 6m 53s (remain 4m 52s), Accuracy: 100.000(67.085), Loss: 0.582(0.792), LR: 0.000010
[GPU cuda:1][TRAIN] Epoch: [2][1500/2480], Elapsed 7m 7s (remain 4m 38s), Accuracy: 100.000(67.009), Loss: 0.237(0.793), LR: 0.000010
[GPU cuda:1][TRAIN] Epoch: [2][1550/2480], Elapsed 7m 21s (remain 4m 24s), Accuracy: 60.000(66.847), Loss: 0.698(0.795), LR: 0.000010
[GPU cuda:1][TRAIN] Epoch: [2][1600/2480], Elapsed 7m 35s (remain 4m 10s), Accuracy: 100.000(66.946), Loss: 0.496(0.794), LR: 0.000010
[GPU cuda:1][TRAIN] Epoch: [2][1650/2480], Elapsed 7m 49s (remain 3m 55s), Accuracy: 80.000(67.159), Loss: 0.359(0.790), LR: 0.000010
[GPU cuda:1][TRAIN] Epoch: [2][1700/2480], Elapsed 8m 4s (remain 3m 41s), Accuracy: 60.000(67.137), Loss: 0.795(0.791), LR: 0.000010
[GPU cuda:1][TRAIN] Epoch: [2][1750/2480], Elapsed 8m 18s (remain 3m 27s), Accuracy: 60.000(67.162), Loss: 0.846(0.791), LR: 0.000010
[GPU cuda:1][TRAIN] Epoch: [2][1800/2480], Elapsed 8m 32s (remain 3m 13s), Accuracy: 60.000(67.274), Loss: 0.756(0.790), LR: 0.000010
[GPU cuda:1][TRAIN] Epoch: [2][1850/2480], Elapsed 8m 46s (remain 2m 58s), Accuracy: 40.000(67.142), Loss: 1.021(0.791), LR: 0.000010
[GPU cuda:1][TRAIN] Epoch: [2][1900/2480], Elapsed 9m 0s (remain 2m 44s), Accuracy: 60.000(67.133), Loss: 0.534(0.791), LR: 0.000010
[GPU cuda:1][TRAIN] Epoch: [2][1950/2480], Elapsed 9m 15s (remain 2m 30s), Accuracy: 60.000(66.950), Loss: 1.034(0.794), LR: 0.000010
[GPU cuda:1][TRAIN] Epoch: [2][2000/2480], Elapsed 9m 29s (remain 2m 16s), Accuracy: 40.000(66.987), Loss: 1.062(0.794), LR: 0.000010
[GPU cuda:1][TRAIN] Epoch: [2][2050/2480], Elapsed 9m 43s (remain 2m 2s), Accuracy: 40.000(66.894), Loss: 1.243(0.796), LR: 0.000010
[GPU cuda:1][TRAIN] Epoch: [2][2100/2480], Elapsed 9m 57s (remain 1m 47s), Accuracy: 80.000(66.978), Loss: 0.727(0.795), LR: 0.000010
[GPU cuda:1][TRAIN] Epoch: [2][2150/2480], Elapsed 10m 11s (remain 1m 33s), Accuracy: 80.000(67.066), Loss: 0.806(0.793), LR: 0.000010
[GPU cuda:1][TRAIN] Epoch: [2][2200/2480], Elapsed 10m 25s (remain 1m 19s), Accuracy: 80.000(67.088), Loss: 0.667(0.792), LR: 0.000010
[GPU cuda:1][TRAIN] Epoch: [2][2250/2480], Elapsed 10m 40s (remain 1m 5s), Accuracy: 60.000(67.037), Loss: 1.013(0.794), LR: 0.000010
[GPU cuda:1][TRAIN] Epoch: [2][2300/2480], Elapsed 10m 54s (remain 0m 50s), Accuracy: 80.000(67.014), Loss: 0.483(0.793), LR: 0.000010
[GPU cuda:1][TRAIN] Epoch: [2][2350/2480], Elapsed 11m 8s (remain 0m 36s), Accuracy: 80.000(66.984), Loss: 0.672(0.795), LR: 0.000010
[GPU cuda:1][TRAIN] Epoch: [2][2400/2480], Elapsed 11m 22s (remain 0m 22s), Accuracy: 80.000(67.005), Loss: 1.007(0.795), LR: 0.000010
[GPU cuda:1][TRAIN] Epoch: [2][2450/2480], Elapsed 11m 36s (remain 0m 8s), Accuracy: 100.000(67.075), Loss: 0.591(0.794), LR: 0.000009
[GPU cuda:1][TRAIN] Epoch: [2][2479/2480], Elapsed 11m 45s (remain 0m 0s), Accuracy: 40.000(67.000), Loss: 1.269(0.796), LR: 0.000009
[GPU cuda:1][VALID][0/97], Elapsed 0m 1s (remain 2m 16s), Accuracy: 71.875(71.875), Batch Loss: 0.7269, Average Loss: 0.7269
[GPU cuda:1][VALID][50/97], Elapsed 0m 48s (remain 0m 43s), Accuracy: 65.625(69.914), Batch Loss: 0.6555, Average Loss: 0.7124
[GPU cuda:1][VALID][96/97], Elapsed 1m 32s (remain 0m 0s), Accuracy: 75.000(69.781), Batch Loss: 0.5444, Average Loss: 0.7163
Valid Labels Samples: [2 0 1 4 1 0 3 1 4 3]
Valid Predictions Samples: [2, 0, 1, 4, 1, 0, 3, 1, 3, 0]
Epoch 2 - Train Average Loss: 67.000, Valid Average Loss: 69.781, Epoch Time: 799.722s
Epoch 2 - Accuracy: 0.698, Precision: 0.717, Recall: 0.698
[GPU cuda:1][TRAIN] Epoch: [3][0/2480], Elapsed 0m 0s (remain 26m 3s), Accuracy: 80.000(80.000), Loss: 0.957(0.957), LR: 0.000009
[GPU cuda:1][TRAIN] Epoch: [3][50/2480], Elapsed 0m 15s (remain 11m 54s), Accuracy: 60.000(72.941), Loss: 0.915(0.669), LR: 0.000009
[GPU cuda:1][TRAIN] Epoch: [3][100/2480], Elapsed 0m 29s (remain 11m 28s), Accuracy: 80.000(69.307), Loss: 0.643(0.721), LR: 0.000009
[GPU cuda:1][TRAIN] Epoch: [3][150/2480], Elapsed 0m 43s (remain 11m 10s), Accuracy: 40.000(69.139), Loss: 1.045(0.732), LR: 0.000009
[GPU cuda:1][TRAIN] Epoch: [3][200/2480], Elapsed 0m 57s (remain 10m 53s), Accuracy: 60.000(67.960), Loss: 0.754(0.762), LR: 0.000009
[GPU cuda:1][TRAIN] Epoch: [3][250/2480], Elapsed 1m 11s (remain 10m 38s), Accuracy: 80.000(67.888), Loss: 0.341(0.768), LR: 0.000009
[GPU cuda:1][TRAIN] Epoch: [3][300/2480], Elapsed 1m 26s (remain 10m 22s), Accuracy: 20.000(67.774), Loss: 1.399(0.769), LR: 0.000009
[GPU cuda:1][TRAIN] Epoch: [3][350/2480], Elapsed 1m 40s (remain 10m 7s), Accuracy: 80.000(67.350), Loss: 0.691(0.777), LR: 0.000009
[GPU cuda:1][TRAIN] Epoch: [3][400/2480], Elapsed 1m 54s (remain 9m 53s), Accuracy: 60.000(67.382), Loss: 0.735(0.776), LR: 0.000009
[GPU cuda:1][TRAIN] Epoch: [3][450/2480], Elapsed 2m 8s (remain 9m 38s), Accuracy: 40.000(67.805), Loss: 1.491(0.773), LR: 0.000009
[GPU cuda:1][TRAIN] Epoch: [3][500/2480], Elapsed 2m 22s (remain 9m 24s), Accuracy: 40.000(68.024), Loss: 1.167(0.767), LR: 0.000009
[GPU cuda:1][TRAIN] Epoch: [3][550/2480], Elapsed 2m 37s (remain 9m 9s), Accuracy: 100.000(68.131), Loss: 0.190(0.767), LR: 0.000009
[GPU cuda:1][TRAIN] Epoch: [3][600/2480], Elapsed 2m 51s (remain 8m 55s), Accuracy: 80.000(68.087), Loss: 0.214(0.767), LR: 0.000009
[GPU cuda:1][TRAIN] Epoch: [3][650/2480], Elapsed 3m 5s (remain 8m 41s), Accuracy: 100.000(68.018), Loss: 0.047(0.766), LR: 0.000009
[GPU cuda:1][TRAIN] Epoch: [3][700/2480], Elapsed 3m 19s (remain 8m 26s), Accuracy: 100.000(67.817), Loss: 0.449(0.771), LR: 0.000009
[GPU cuda:1][TRAIN] Epoch: [3][750/2480], Elapsed 3m 33s (remain 8m 12s), Accuracy: 80.000(67.830), Loss: 0.381(0.772), LR: 0.000009
[GPU cuda:1][TRAIN] Epoch: [3][800/2480], Elapsed 3m 48s (remain 7m 57s), Accuracy: 80.000(68.090), Loss: 0.313(0.765), LR: 0.000009
[GPU cuda:1][TRAIN] Epoch: [3][850/2480], Elapsed 4m 2s (remain 7m 43s), Accuracy: 60.000(68.484), Loss: 0.882(0.757), LR: 0.000009
[GPU cuda:1][TRAIN] Epoch: [3][900/2480], Elapsed 4m 16s (remain 7m 29s), Accuracy: 80.000(68.901), Loss: 0.967(0.750), LR: 0.000009
[GPU cuda:1][TRAIN] Epoch: [3][950/2480], Elapsed 4m 30s (remain 7m 15s), Accuracy: 60.000(68.959), Loss: 0.897(0.746), LR: 0.000009
[GPU cuda:1][TRAIN] Epoch: [3][1000/2480], Elapsed 4m 44s (remain 7m 0s), Accuracy: 80.000(69.091), Loss: 0.840(0.742), LR: 0.000009
[GPU cuda:1][TRAIN] Epoch: [3][1050/2480], Elapsed 4m 58s (remain 6m 46s), Accuracy: 60.000(69.153), Loss: 0.850(0.741), LR: 0.000009
[GPU cuda:1][TRAIN] Epoch: [3][1100/2480], Elapsed 5m 13s (remain 6m 32s), Accuracy: 80.000(69.264), Loss: 0.555(0.737), LR: 0.000009
[GPU cuda:1][TRAIN] Epoch: [3][1150/2480], Elapsed 5m 27s (remain 6m 17s), Accuracy: 100.000(69.383), Loss: 0.552(0.735), LR: 0.000009
[GPU cuda:1][TRAIN] Epoch: [3][1200/2480], Elapsed 5m 41s (remain 6m 3s), Accuracy: 100.000(69.625), Loss: 0.478(0.731), LR: 0.000009
[GPU cuda:1][TRAIN] Epoch: [3][1250/2480], Elapsed 5m 55s (remain 5m 49s), Accuracy: 40.000(69.496), Loss: 0.745(0.732), LR: 0.000009
[GPU cuda:1][TRAIN] Epoch: [3][1300/2480], Elapsed 6m 9s (remain 5m 35s), Accuracy: 80.000(69.654), Loss: 0.508(0.728), LR: 0.000009
[GPU cuda:1][TRAIN] Epoch: [3][1350/2480], Elapsed 6m 24s (remain 5m 20s), Accuracy: 100.000(69.771), Loss: 0.153(0.725), LR: 0.000009
[GPU cuda:1][TRAIN] Epoch: [3][1400/2480], Elapsed 6m 38s (remain 5m 6s), Accuracy: 80.000(69.850), Loss: 0.276(0.725), LR: 0.000008
[GPU cuda:1][TRAIN] Epoch: [3][1450/2480], Elapsed 6m 52s (remain 4m 52s), Accuracy: 80.000(69.910), Loss: 0.529(0.724), LR: 0.000008
[GPU cuda:1][TRAIN] Epoch: [3][1500/2480], Elapsed 7m 6s (remain 4m 38s), Accuracy: 80.000(69.887), Loss: 0.281(0.724), LR: 0.000008
[GPU cuda:1][TRAIN] Epoch: [3][1550/2480], Elapsed 7m 20s (remain 4m 24s), Accuracy: 100.000(69.826), Loss: 0.336(0.725), LR: 0.000008
[GPU cuda:1][TRAIN] Epoch: [3][1600/2480], Elapsed 7m 34s (remain 4m 9s), Accuracy: 80.000(69.906), Loss: 0.410(0.723), LR: 0.000008
[GPU cuda:1][TRAIN] Epoch: [3][1650/2480], Elapsed 7m 49s (remain 3m 55s), Accuracy: 80.000(70.091), Loss: 0.361(0.719), LR: 0.000008
[GPU cuda:1][TRAIN] Epoch: [3][1700/2480], Elapsed 8m 3s (remain 3m 41s), Accuracy: 80.000(70.159), Loss: 0.401(0.719), LR: 0.000008
[GPU cuda:1][TRAIN] Epoch: [3][1750/2480], Elapsed 8m 17s (remain 3m 27s), Accuracy: 60.000(70.211), Loss: 1.074(0.719), LR: 0.000008
[GPU cuda:1][TRAIN] Epoch: [3][1800/2480], Elapsed 8m 31s (remain 3m 12s), Accuracy: 60.000(70.316), Loss: 0.745(0.716), LR: 0.000008
[GPU cuda:1][TRAIN] Epoch: [3][1850/2480], Elapsed 8m 45s (remain 2m 58s), Accuracy: 40.000(70.243), Loss: 0.867(0.716), LR: 0.000008
[GPU cuda:1][TRAIN] Epoch: [3][1900/2480], Elapsed 9m 0s (remain 2m 44s), Accuracy: 60.000(70.237), Loss: 0.758(0.715), LR: 0.000008
[GPU cuda:1][TRAIN] Epoch: [3][1950/2480], Elapsed 9m 14s (remain 2m 30s), Accuracy: 60.000(70.108), Loss: 0.638(0.717), LR: 0.000008
[GPU cuda:1][TRAIN] Epoch: [3][2000/2480], Elapsed 9m 28s (remain 2m 16s), Accuracy: 60.000(70.105), Loss: 0.743(0.716), LR: 0.000008
[GPU cuda:1][TRAIN] Epoch: [3][2050/2480], Elapsed 9m 42s (remain 2m 1s), Accuracy: 60.000(69.995), Loss: 0.850(0.718), LR: 0.000008
[GPU cuda:1][TRAIN] Epoch: [3][2100/2480], Elapsed 9m 56s (remain 1m 47s), Accuracy: 100.000(70.214), Loss: 0.211(0.714), LR: 0.000008
[GPU cuda:1][TRAIN] Epoch: [3][2150/2480], Elapsed 10m 11s (remain 1m 33s), Accuracy: 80.000(70.302), Loss: 0.620(0.712), LR: 0.000008
[GPU cuda:1][TRAIN] Epoch: [3][2200/2480], Elapsed 10m 25s (remain 1m 19s), Accuracy: 60.000(70.377), Loss: 0.854(0.711), LR: 0.000008
[GPU cuda:1][TRAIN] Epoch: [3][2250/2480], Elapsed 10m 39s (remain 1m 5s), Accuracy: 40.000(70.244), Loss: 0.812(0.713), LR: 0.000008
[GPU cuda:1][TRAIN] Epoch: [3][2300/2480], Elapsed 10m 53s (remain 0m 50s), Accuracy: 80.000(70.300), Loss: 0.474(0.713), LR: 0.000008
[GPU cuda:1][TRAIN] Epoch: [3][2350/2480], Elapsed 11m 7s (remain 0m 36s), Accuracy: 80.000(70.259), Loss: 0.700(0.715), LR: 0.000008
[GPU cuda:1][TRAIN] Epoch: [3][2400/2480], Elapsed 11m 22s (remain 0m 22s), Accuracy: 60.000(70.312), Loss: 0.903(0.714), LR: 0.000008
[GPU cuda:1][TRAIN] Epoch: [3][2450/2480], Elapsed 11m 36s (remain 0m 8s), Accuracy: 100.000(70.339), Loss: 0.292(0.713), LR: 0.000008
[GPU cuda:1][TRAIN] Epoch: [3][2479/2480], Elapsed 11m 44s (remain 0m 0s), Accuracy: 40.000(70.331), Loss: 1.980(0.713), LR: 0.000007
[GPU cuda:1][VALID][0/97], Elapsed 0m 1s (remain 2m 22s), Accuracy: 78.125(78.125), Batch Loss: 0.6269, Average Loss: 0.6269
[GPU cuda:1][VALID][50/97], Elapsed 0m 48s (remain 0m 43s), Accuracy: 68.750(72.549), Batch Loss: 0.6452, Average Loss: 0.6700
[GPU cuda:1][VALID][96/97], Elapsed 1m 32s (remain 0m 0s), Accuracy: 89.286(72.409), Batch Loss: 0.4688, Average Loss: 0.6727
Valid Labels Samples: [2 0 1 4 1 0 3 1 4 3]
Valid Predictions Samples: [2, 0, 1, 4, 1, 0, 3, 1, 3, 0]
Epoch 3 - Train Average Loss: 70.331, Valid Average Loss: 72.409, Epoch Time: 798.911s
Epoch 3 - Accuracy: 0.724, Precision: 0.730, Recall: 0.724
Saved Best Model: 0.72
[GPU cuda:1][TRAIN] Epoch: [4][0/2480], Elapsed 0m 0s (remain 26m 7s), Accuracy: 80.000(80.000), Loss: 0.752(0.752), LR: 0.000007
[GPU cuda:1][TRAIN] Epoch: [4][50/2480], Elapsed 0m 15s (remain 11m 55s), Accuracy: 60.000(75.686), Loss: 0.876(0.574), LR: 0.000007
[GPU cuda:1][TRAIN] Epoch: [4][100/2480], Elapsed 0m 29s (remain 11m 29s), Accuracy: 80.000(73.069), Loss: 0.650(0.619), LR: 0.000007
[GPU cuda:1][TRAIN] Epoch: [4][150/2480], Elapsed 0m 43s (remain 11m 10s), Accuracy: 80.000(72.583), Loss: 0.817(0.643), LR: 0.000007
[GPU cuda:1][TRAIN] Epoch: [4][200/2480], Elapsed 0m 57s (remain 10m 53s), Accuracy: 60.000(71.343), Loss: 0.684(0.676), LR: 0.000007
[GPU cuda:1][TRAIN] Epoch: [4][250/2480], Elapsed 1m 11s (remain 10m 37s), Accuracy: 100.000(71.633), Loss: 0.138(0.673), LR: 0.000007
[GPU cuda:1][TRAIN] Epoch: [4][300/2480], Elapsed 1m 25s (remain 10m 22s), Accuracy: 20.000(71.827), Loss: 1.617(0.675), LR: 0.000007
[GPU cuda:1][TRAIN] Epoch: [4][350/2480], Elapsed 1m 40s (remain 10m 7s), Accuracy: 80.000(71.396), Loss: 0.394(0.682), LR: 0.000007
[GPU cuda:1][TRAIN] Epoch: [4][400/2480], Elapsed 1m 54s (remain 9m 52s), Accuracy: 60.000(71.571), Loss: 0.658(0.679), LR: 0.000007
[GPU cuda:1][TRAIN] Epoch: [4][450/2480], Elapsed 2m 8s (remain 9m 38s), Accuracy: 100.000(71.973), Loss: 0.507(0.681), LR: 0.000007
[GPU cuda:1][TRAIN] Epoch: [4][500/2480], Elapsed 2m 22s (remain 9m 23s), Accuracy: 60.000(72.056), Loss: 1.015(0.676), LR: 0.000007
[GPU cuda:1][TRAIN] Epoch: [4][550/2480], Elapsed 2m 36s (remain 9m 9s), Accuracy: 100.000(72.160), Loss: 0.133(0.675), LR: 0.000007
[GPU cuda:1][TRAIN] Epoch: [4][600/2480], Elapsed 2m 51s (remain 8m 54s), Accuracy: 100.000(72.512), Loss: 0.030(0.673), LR: 0.000007
[GPU cuda:1][TRAIN] Epoch: [4][650/2480], Elapsed 3m 5s (remain 8m 40s), Accuracy: 100.000(72.289), Loss: 0.052(0.675), LR: 0.000007
[GPU cuda:1][TRAIN] Epoch: [4][700/2480], Elapsed 3m 19s (remain 8m 25s), Accuracy: 100.000(71.983), Loss: 0.315(0.678), LR: 0.000007
[GPU cuda:1][TRAIN] Epoch: [4][750/2480], Elapsed 3m 33s (remain 8m 11s), Accuracy: 100.000(72.064), Loss: 0.157(0.679), LR: 0.000007
[GPU cuda:1][TRAIN] Epoch: [4][800/2480], Elapsed 3m 47s (remain 7m 57s), Accuracy: 100.000(72.509), Loss: 0.291(0.672), LR: 0.000007
[GPU cuda:1][TRAIN] Epoch: [4][850/2480], Elapsed 4m 1s (remain 7m 42s), Accuracy: 60.000(72.761), Loss: 0.779(0.666), LR: 0.000007
[GPU cuda:1][TRAIN] Epoch: [4][900/2480], Elapsed 4m 16s (remain 7m 28s), Accuracy: 60.000(72.808), Loss: 1.029(0.665), LR: 0.000007
[GPU cuda:1][TRAIN] Epoch: [4][950/2480], Elapsed 4m 30s (remain 7m 14s), Accuracy: 60.000(73.186), Loss: 0.799(0.658), LR: 0.000006
[GPU cuda:1][TRAIN] Epoch: [4][1000/2480], Elapsed 4m 44s (remain 7m 0s), Accuracy: 40.000(73.067), Loss: 1.010(0.659), LR: 0.000006
[GPU cuda:1][TRAIN] Epoch: [4][1050/2480], Elapsed 4m 58s (remain 6m 45s), Accuracy: 60.000(73.130), Loss: 0.804(0.659), LR: 0.000006
[GPU cuda:1][TRAIN] Epoch: [4][1100/2480], Elapsed 5m 12s (remain 6m 31s), Accuracy: 100.000(73.351), Loss: 0.365(0.654), LR: 0.000006
[GPU cuda:1][TRAIN] Epoch: [4][1150/2480], Elapsed 5m 26s (remain 6m 17s), Accuracy: 60.000(73.275), Loss: 0.692(0.654), LR: 0.000006
[GPU cuda:1][TRAIN] Epoch: [4][1200/2480], Elapsed 5m 41s (remain 6m 3s), Accuracy: 80.000(73.522), Loss: 0.690(0.648), LR: 0.000006
[GPU cuda:1][TRAIN] Epoch: [4][1250/2480], Elapsed 5m 55s (remain 5m 48s), Accuracy: 40.000(73.333), Loss: 1.025(0.652), LR: 0.000006
[GPU cuda:1][TRAIN] Epoch: [4][1300/2480], Elapsed 6m 9s (remain 5m 34s), Accuracy: 80.000(73.420), Loss: 0.656(0.651), LR: 0.000006
[GPU cuda:1][TRAIN] Epoch: [4][1350/2480], Elapsed 6m 23s (remain 5m 20s), Accuracy: 100.000(73.546), Loss: 0.113(0.647), LR: 0.000006
[GPU cuda:1][TRAIN] Epoch: [4][1400/2480], Elapsed 6m 37s (remain 5m 6s), Accuracy: 100.000(73.462), Loss: 0.238(0.648), LR: 0.000006
[GPU cuda:1][TRAIN] Epoch: [4][1450/2480], Elapsed 6m 51s (remain 4m 52s), Accuracy: 100.000(73.687), Loss: 0.354(0.646), LR: 0.000006
[GPU cuda:1][TRAIN] Epoch: [4][1500/2480], Elapsed 7m 5s (remain 4m 37s), Accuracy: 80.000(73.604), Loss: 0.243(0.646), LR: 0.000006
[GPU cuda:1][TRAIN] Epoch: [4][1550/2480], Elapsed 7m 20s (remain 4m 23s), Accuracy: 100.000(73.565), Loss: 0.320(0.646), LR: 0.000006
[GPU cuda:1][TRAIN] Epoch: [4][1600/2480], Elapsed 7m 34s (remain 4m 9s), Accuracy: 100.000(73.654), Loss: 0.245(0.644), LR: 0.000006
[GPU cuda:1][TRAIN] Epoch: [4][1650/2480], Elapsed 7m 48s (remain 3m 55s), Accuracy: 100.000(73.895), Loss: 0.239(0.639), LR: 0.000006
[GPU cuda:1][TRAIN] Epoch: [4][1700/2480], Elapsed 8m 2s (remain 3m 41s), Accuracy: 80.000(73.909), Loss: 0.401(0.640), LR: 0.000006
[GPU cuda:1][TRAIN] Epoch: [4][1750/2480], Elapsed 8m 16s (remain 3m 26s), Accuracy: 60.000(73.981), Loss: 0.826(0.639), LR: 0.000006
[GPU cuda:1][TRAIN] Epoch: [4][1800/2480], Elapsed 8m 30s (remain 3m 12s), Accuracy: 80.000(74.170), Loss: 0.345(0.636), LR: 0.000006
[GPU cuda:1][TRAIN] Epoch: [4][1850/2480], Elapsed 8m 45s (remain 2m 58s), Accuracy: 60.000(74.209), Loss: 0.569(0.636), LR: 0.000005
[GPU cuda:1][TRAIN] Epoch: [4][1900/2480], Elapsed 8m 59s (remain 2m 44s), Accuracy: 60.000(74.182), Loss: 0.743(0.634), LR: 0.000005
[GPU cuda:1][TRAIN] Epoch: [4][1950/2480], Elapsed 9m 13s (remain 2m 30s), Accuracy: 80.000(74.085), Loss: 0.338(0.636), LR: 0.000005
[GPU cuda:1][TRAIN] Epoch: [4][2000/2480], Elapsed 9m 27s (remain 2m 15s), Accuracy: 80.000(74.113), Loss: 0.651(0.634), LR: 0.000005
[GPU cuda:1][TRAIN] Epoch: [4][2050/2480], Elapsed 9m 41s (remain 2m 1s), Accuracy: 40.000(74.091), Loss: 0.944(0.634), LR: 0.000005
[GPU cuda:1][TRAIN] Epoch: [4][2100/2480], Elapsed 9m 56s (remain 1m 47s), Accuracy: 100.000(74.327), Loss: 0.173(0.630), LR: 0.000005
[GPU cuda:1][TRAIN] Epoch: [4][2150/2480], Elapsed 10m 10s (remain 1m 33s), Accuracy: 60.000(74.449), Loss: 0.661(0.627), LR: 0.000005
[GPU cuda:1][TRAIN] Epoch: [4][2200/2480], Elapsed 10m 24s (remain 1m 19s), Accuracy: 80.000(74.484), Loss: 0.511(0.625), LR: 0.000005
[GPU cuda:1][TRAIN] Epoch: [4][2250/2480], Elapsed 10m 38s (remain 1m 4s), Accuracy: 80.000(74.367), Loss: 0.747(0.627), LR: 0.000005
[GPU cuda:1][TRAIN] Epoch: [4][2300/2480], Elapsed 10m 52s (remain 0m 50s), Accuracy: 80.000(74.368), Loss: 0.430(0.627), LR: 0.000005
[GPU cuda:1][TRAIN] Epoch: [4][2350/2480], Elapsed 11m 7s (remain 0m 36s), Accuracy: 80.000(74.334), Loss: 0.606(0.628), LR: 0.000005
[GPU cuda:1][TRAIN] Epoch: [4][2400/2480], Elapsed 11m 21s (remain 0m 22s), Accuracy: 60.000(74.477), Loss: 0.836(0.627), LR: 0.000005
[GPU cuda:1][TRAIN] Epoch: [4][2450/2480], Elapsed 11m 35s (remain 0m 8s), Accuracy: 80.000(74.590), Loss: 0.389(0.626), LR: 0.000005
[GPU cuda:1][TRAIN] Epoch: [4][2479/2480], Elapsed 11m 43s (remain 0m 0s), Accuracy: 40.000(74.621), Loss: 1.918(0.626), LR: 0.000005
[GPU cuda:1][VALID][0/97], Elapsed 0m 1s (remain 2m 13s), Accuracy: 71.875(71.875), Batch Loss: 0.7095, Average Loss: 0.7095
[GPU cuda:1][VALID][50/97], Elapsed 0m 48s (remain 0m 44s), Accuracy: 75.000(70.466), Batch Loss: 0.5713, Average Loss: 0.7480
[GPU cuda:1][VALID][96/97], Elapsed 1m 32s (remain 0m 0s), Accuracy: 89.286(71.185), Batch Loss: 0.4475, Average Loss: 0.7444
Valid Labels Samples: [2 0 1 4 1 0 3 1 4 3]
Valid Predictions Samples: [2, 0, 1, 3, 1, 0, 3, 1, 3, 0]
Epoch 4 - Train Average Loss: 74.621, Valid Average Loss: 71.185, Epoch Time: 798.742s
Epoch 4 - Accuracy: 0.712, Precision: 0.717, Recall: 0.712
[GPU cuda:1][TRAIN] Epoch: [5][0/2480], Elapsed 0m 0s (remain 26m 5s), Accuracy: 80.000(80.000), Loss: 0.672(0.672), LR: 0.000005
[GPU cuda:1][TRAIN] Epoch: [5][50/2480], Elapsed 0m 15s (remain 11m 58s), Accuracy: 60.000(78.431), Loss: 0.928(0.491), LR: 0.000005
[GPU cuda:1][TRAIN] Epoch: [5][100/2480], Elapsed 0m 29s (remain 11m 32s), Accuracy: 80.000(76.634), Loss: 0.564(0.522), LR: 0.000005
[GPU cuda:1][TRAIN] Epoch: [5][150/2480], Elapsed 0m 43s (remain 11m 13s), Accuracy: 80.000(75.497), Loss: 0.852(0.564), LR: 0.000005
[GPU cuda:1][TRAIN] Epoch: [5][200/2480], Elapsed 0m 57s (remain 10m 57s), Accuracy: 100.000(75.025), Loss: 0.407(0.584), LR: 0.000005
[GPU cuda:1][TRAIN] Epoch: [5][250/2480], Elapsed 1m 12s (remain 10m 41s), Accuracy: 100.000(75.857), Loss: 0.086(0.578), LR: 0.000004
[GPU cuda:1][TRAIN] Epoch: [5][300/2480], Elapsed 1m 26s (remain 10m 26s), Accuracy: 20.000(75.880), Loss: 1.344(0.582), LR: 0.000004
[GPU cuda:1][TRAIN] Epoch: [5][350/2480], Elapsed 1m 40s (remain 10m 11s), Accuracy: 60.000(75.214), Loss: 0.776(0.592), LR: 0.000004
[GPU cuda:1][TRAIN] Epoch: [5][400/2480], Elapsed 1m 54s (remain 9m 55s), Accuracy: 80.000(75.461), Loss: 0.601(0.591), LR: 0.000004
[GPU cuda:1][TRAIN] Epoch: [5][450/2480], Elapsed 2m 9s (remain 9m 41s), Accuracy: 80.000(75.654), Loss: 0.399(0.592), LR: 0.000004
[GPU cuda:1][TRAIN] Epoch: [5][500/2480], Elapsed 2m 23s (remain 9m 26s), Accuracy: 40.000(75.768), Loss: 0.930(0.589), LR: 0.000004
[GPU cuda:1][TRAIN] Epoch: [5][550/2480], Elapsed 2m 37s (remain 9m 11s), Accuracy: 100.000(75.935), Loss: 0.045(0.589), LR: 0.000004
[GPU cuda:1][TRAIN] Epoch: [5][600/2480], Elapsed 2m 51s (remain 8m 57s), Accuracy: 100.000(75.940), Loss: 0.039(0.591), LR: 0.000004
[GPU cuda:1][TRAIN] Epoch: [5][650/2480], Elapsed 3m 6s (remain 8m 42s), Accuracy: 100.000(75.853), Loss: 0.030(0.591), LR: 0.000004
[GPU cuda:1][TRAIN] Epoch: [5][700/2480], Elapsed 3m 20s (remain 8m 28s), Accuracy: 100.000(75.920), Loss: 0.240(0.596), LR: 0.000004
[GPU cuda:1][TRAIN] Epoch: [5][750/2480], Elapsed 3m 34s (remain 8m 13s), Accuracy: 100.000(75.952), Loss: 0.112(0.597), LR: 0.000004
[GPU cuda:1][TRAIN] Epoch: [5][800/2480], Elapsed 3m 48s (remain 7m 59s), Accuracy: 80.000(76.080), Loss: 0.339(0.593), LR: 0.000004
[GPU cuda:1][TRAIN] Epoch: [5][850/2480], Elapsed 4m 2s (remain 7m 44s), Accuracy: 60.000(76.381), Loss: 0.709(0.586), LR: 0.000004
[GPU cuda:1][TRAIN] Epoch: [5][900/2480], Elapsed 4m 17s (remain 7m 30s), Accuracy: 80.000(76.626), Loss: 0.836(0.582), LR: 0.000004
[GPU cuda:1][TRAIN] Epoch: [5][950/2480], Elapsed 4m 31s (remain 7m 16s), Accuracy: 80.000(76.887), Loss: 0.670(0.576), LR: 0.000004
[GPU cuda:1][TRAIN] Epoch: [5][1000/2480], Elapsed 4m 45s (remain 7m 1s), Accuracy: 80.000(76.823), Loss: 0.706(0.577), LR: 0.000004
[GPU cuda:1][TRAIN] Epoch: [5][1050/2480], Elapsed 4m 59s (remain 6m 47s), Accuracy: 60.000(76.803), Loss: 0.812(0.577), LR: 0.000004
[GPU cuda:1][TRAIN] Epoch: [5][1100/2480], Elapsed 5m 13s (remain 6m 33s), Accuracy: 100.000(76.948), Loss: 0.347(0.574), LR: 0.000004
[GPU cuda:1][TRAIN] Epoch: [5][1150/2480], Elapsed 5m 28s (remain 6m 18s), Accuracy: 80.000(77.046), Loss: 0.389(0.572), LR: 0.000004
[GPU cuda:1][TRAIN] Epoch: [5][1200/2480], Elapsed 5m 42s (remain 6m 4s), Accuracy: 100.000(77.269), Loss: 0.229(0.566), LR: 0.000003
[GPU cuda:1][TRAIN] Epoch: [5][1250/2480], Elapsed 5m 56s (remain 5m 50s), Accuracy: 40.000(77.138), Loss: 0.855(0.568), LR: 0.000003
[GPU cuda:1][TRAIN] Epoch: [5][1300/2480], Elapsed 6m 10s (remain 5m 35s), Accuracy: 80.000(77.187), Loss: 0.305(0.566), LR: 0.000003
[GPU cuda:1][TRAIN] Epoch: [5][1350/2480], Elapsed 6m 24s (remain 5m 21s), Accuracy: 100.000(77.350), Loss: 0.070(0.563), LR: 0.000003
[GPU cuda:1][TRAIN] Epoch: [5][1400/2480], Elapsed 6m 39s (remain 5m 7s), Accuracy: 80.000(77.373), Loss: 0.322(0.562), LR: 0.000003
[GPU cuda:1][TRAIN] Epoch: [5][1450/2480], Elapsed 6m 53s (remain 4m 53s), Accuracy: 100.000(77.560), Loss: 0.271(0.560), LR: 0.000003
[GPU cuda:1][TRAIN] Epoch: [5][1500/2480], Elapsed 7m 7s (remain 4m 38s), Accuracy: 80.000(77.562), Loss: 0.231(0.559), LR: 0.000003
[GPU cuda:1][TRAIN] Epoch: [5][1550/2480], Elapsed 7m 21s (remain 4m 24s), Accuracy: 80.000(77.627), Loss: 0.601(0.558), LR: 0.000003
[GPU cuda:1][TRAIN] Epoch: [5][1600/2480], Elapsed 7m 35s (remain 4m 10s), Accuracy: 100.000(77.639), Loss: 0.232(0.558), LR: 0.000003
[GPU cuda:1][TRAIN] Epoch: [5][1650/2480], Elapsed 7m 50s (remain 3m 56s), Accuracy: 100.000(77.856), Loss: 0.284(0.554), LR: 0.000003
[GPU cuda:1][TRAIN] Epoch: [5][1700/2480], Elapsed 8m 4s (remain 3m 41s), Accuracy: 80.000(77.837), Loss: 0.334(0.555), LR: 0.000003
[GPU cuda:1][TRAIN] Epoch: [5][1750/2480], Elapsed 8m 18s (remain 3m 27s), Accuracy: 60.000(77.944), Loss: 0.753(0.554), LR: 0.000003
[GPU cuda:1][TRAIN] Epoch: [5][1800/2480], Elapsed 8m 32s (remain 3m 13s), Accuracy: 80.000(78.023), Loss: 0.252(0.551), LR: 0.000003
[GPU cuda:1][TRAIN] Epoch: [5][1850/2480], Elapsed 8m 46s (remain 2m 59s), Accuracy: 60.000(78.088), Loss: 0.680(0.550), LR: 0.000003
[GPU cuda:1][TRAIN] Epoch: [5][1900/2480], Elapsed 9m 0s (remain 2m 44s), Accuracy: 60.000(78.127), Loss: 0.863(0.548), LR: 0.000003
[GPU cuda:1][TRAIN] Epoch: [5][1950/2480], Elapsed 9m 15s (remain 2m 30s), Accuracy: 100.000(78.001), Loss: 0.143(0.549), LR: 0.000003
[GPU cuda:1][TRAIN] Epoch: [5][2000/2480], Elapsed 9m 29s (remain 2m 16s), Accuracy: 60.000(77.911), Loss: 0.573(0.548), LR: 0.000003
[GPU cuda:1][TRAIN] Epoch: [5][2050/2480], Elapsed 9m 43s (remain 2m 2s), Accuracy: 40.000(77.903), Loss: 0.901(0.547), LR: 0.000003
[GPU cuda:1][TRAIN] Epoch: [5][2100/2480], Elapsed 9m 57s (remain 1m 47s), Accuracy: 80.000(78.039), Loss: 0.491(0.544), LR: 0.000003
[GPU cuda:1][TRAIN] Epoch: [5][2150/2480], Elapsed 10m 11s (remain 1m 33s), Accuracy: 80.000(78.029), Loss: 0.480(0.543), LR: 0.000003
[GPU cuda:1][TRAIN] Epoch: [5][2200/2480], Elapsed 10m 26s (remain 1m 19s), Accuracy: 60.000(78.092), Loss: 0.966(0.542), LR: 0.000003
[GPU cuda:1][TRAIN] Epoch: [5][2250/2480], Elapsed 10m 40s (remain 1m 5s), Accuracy: 80.000(77.965), Loss: 0.647(0.544), LR: 0.000002
[GPU cuda:1][TRAIN] Epoch: [5][2300/2480], Elapsed 10m 54s (remain 0m 50s), Accuracy: 80.000(77.992), Loss: 0.458(0.543), LR: 0.000002
[GPU cuda:1][TRAIN] Epoch: [5][2350/2480], Elapsed 11m 8s (remain 0m 36s), Accuracy: 100.000(77.967), Loss: 0.379(0.545), LR: 0.000002
[GPU cuda:1][TRAIN] Epoch: [5][2400/2480], Elapsed 11m 22s (remain 0m 22s), Accuracy: 60.000(78.067), Loss: 0.729(0.543), LR: 0.000002
[GPU cuda:1][TRAIN] Epoch: [5][2450/2480], Elapsed 11m 36s (remain 0m 8s), Accuracy: 100.000(78.107), Loss: 0.264(0.543), LR: 0.000002
[GPU cuda:1][TRAIN] Epoch: [5][2479/2480], Elapsed 11m 45s (remain 0m 0s), Accuracy: 40.000(78.105), Loss: 1.886(0.542), LR: 0.000002
[GPU cuda:1][VALID][0/97], Elapsed 0m 1s (remain 2m 15s), Accuracy: 75.000(75.000), Batch Loss: 0.7714, Average Loss: 0.7714
[GPU cuda:1][VALID][50/97], Elapsed 0m 48s (remain 0m 43s), Accuracy: 78.125(72.488), Batch Loss: 0.4454, Average Loss: 0.7231
[GPU cuda:1][VALID][96/97], Elapsed 1m 32s (remain 0m 0s), Accuracy: 82.143(72.400), Batch Loss: 0.3780, Average Loss: 0.7365
Valid Labels Samples: [2 0 1 4 1 0 3 1 4 3]
Valid Predictions Samples: [2, 0, 1, 3, 1, 0, 3, 1, 3, 0]
Epoch 5 - Train Average Loss: 78.105, Valid Average Loss: 72.400, Epoch Time: 799.657s
Epoch 5 - Accuracy: 0.724, Precision: 0.730, Recall: 0.724
[GPU cuda:1][TRAIN] Epoch: [6][0/2480], Elapsed 0m 0s (remain 26m 7s), Accuracy: 80.000(80.000), Loss: 0.487(0.487), LR: 0.000002
[GPU cuda:1][TRAIN] Epoch: [6][50/2480], Elapsed 0m 15s (remain 11m 54s), Accuracy: 60.000(83.137), Loss: 0.834(0.413), LR: 0.000002
[GPU cuda:1][TRAIN] Epoch: [6][100/2480], Elapsed 0m 29s (remain 11m 28s), Accuracy: 60.000(80.000), Loss: 0.779(0.462), LR: 0.000002
[GPU cuda:1][TRAIN] Epoch: [6][150/2480], Elapsed 0m 43s (remain 11m 9s), Accuracy: 60.000(79.205), Loss: 0.729(0.488), LR: 0.000002
[GPU cuda:1][TRAIN] Epoch: [6][200/2480], Elapsed 0m 57s (remain 10m 53s), Accuracy: 80.000(78.706), Loss: 0.356(0.506), LR: 0.000002
[GPU cuda:1][TRAIN] Epoch: [6][250/2480], Elapsed 1m 11s (remain 10m 37s), Accuracy: 100.000(79.203), Loss: 0.110(0.508), LR: 0.000002
[GPU cuda:1][TRAIN] Epoch: [6][300/2480], Elapsed 1m 26s (remain 10m 22s), Accuracy: 40.000(78.738), Loss: 1.044(0.513), LR: 0.000002
[GPU cuda:1][TRAIN] Epoch: [6][350/2480], Elapsed 1m 40s (remain 10m 7s), Accuracy: 100.000(78.291), Loss: 0.212(0.520), LR: 0.000002
[GPU cuda:1][TRAIN] Epoch: [6][400/2480], Elapsed 1m 54s (remain 9m 52s), Accuracy: 100.000(78.454), Loss: 0.385(0.519), LR: 0.000002
[GPU cuda:1][TRAIN] Epoch: [6][450/2480], Elapsed 2m 8s (remain 9m 38s), Accuracy: 80.000(78.271), Loss: 0.489(0.522), LR: 0.000002
[GPU cuda:1][TRAIN] Epoch: [6][500/2480], Elapsed 2m 22s (remain 9m 23s), Accuracy: 60.000(78.403), Loss: 0.782(0.522), LR: 0.000002
[GPU cuda:1][TRAIN] Epoch: [6][550/2480], Elapsed 2m 36s (remain 9m 9s), Accuracy: 100.000(78.439), Loss: 0.053(0.527), LR: 0.000002
[GPU cuda:1][TRAIN] Epoch: [6][600/2480], Elapsed 2m 51s (remain 8m 54s), Accuracy: 100.000(78.303), Loss: 0.018(0.531), LR: 0.000002
[GPU cuda:1][TRAIN] Epoch: [6][650/2480], Elapsed 3m 5s (remain 8m 40s), Accuracy: 100.000(78.218), Loss: 0.019(0.530), LR: 0.000002
[GPU cuda:1][TRAIN] Epoch: [6][700/2480], Elapsed 3m 19s (remain 8m 26s), Accuracy: 100.000(78.088), Loss: 0.183(0.535), LR: 0.000002
[GPU cuda:1][TRAIN] Epoch: [6][750/2480], Elapsed 3m 33s (remain 8m 11s), Accuracy: 100.000(78.162), Loss: 0.069(0.534), LR: 0.000002
[GPU cuda:1][TRAIN] Epoch: [6][800/2480], Elapsed 3m 47s (remain 7m 57s), Accuracy: 80.000(78.402), Loss: 0.311(0.533), LR: 0.000002
[GPU cuda:1][TRAIN] Epoch: [6][850/2480], Elapsed 4m 2s (remain 7m 43s), Accuracy: 60.000(78.613), Loss: 0.683(0.526), LR: 0.000002
[GPU cuda:1][TRAIN] Epoch: [6][900/2480], Elapsed 4m 16s (remain 7m 29s), Accuracy: 80.000(78.824), Loss: 0.624(0.521), LR: 0.000002
[GPU cuda:1][TRAIN] Epoch: [6][950/2480], Elapsed 4m 30s (remain 7m 14s), Accuracy: 80.000(79.138), Loss: 0.648(0.516), LR: 0.000002
[GPU cuda:1][TRAIN] Epoch: [6][1000/2480], Elapsed 4m 44s (remain 7m 0s), Accuracy: 80.000(79.181), Loss: 0.679(0.515), LR: 0.000002
[GPU cuda:1][TRAIN] Epoch: [6][1050/2480], Elapsed 4m 58s (remain 6m 46s), Accuracy: 80.000(79.315), Loss: 0.628(0.514), LR: 0.000002
[GPU cuda:1][TRAIN] Epoch: [6][1100/2480], Elapsed 5m 13s (remain 6m 32s), Accuracy: 80.000(79.528), Loss: 0.298(0.510), LR: 0.000002
[GPU cuda:1][TRAIN] Epoch: [6][1150/2480], Elapsed 5m 27s (remain 6m 17s), Accuracy: 100.000(79.635), Loss: 0.252(0.508), LR: 0.000002
[GPU cuda:1][TRAIN] Epoch: [6][1200/2480], Elapsed 5m 41s (remain 6m 3s), Accuracy: 100.000(79.983), Loss: 0.221(0.502), LR: 0.000002
[GPU cuda:1][TRAIN] Epoch: [6][1250/2480], Elapsed 5m 55s (remain 5m 49s), Accuracy: 60.000(79.920), Loss: 0.717(0.502), LR: 0.000001
[GPU cuda:1][TRAIN] Epoch: [6][1300/2480], Elapsed 6m 10s (remain 5m 35s), Accuracy: 80.000(80.046), Loss: 0.490(0.498), LR: 0.000001
[GPU cuda:1][TRAIN] Epoch: [6][1350/2480], Elapsed 6m 24s (remain 5m 21s), Accuracy: 100.000(80.222), Loss: 0.063(0.495), LR: 0.000001
[GPU cuda:1][TRAIN] Epoch: [6][1400/2480], Elapsed 6m 38s (remain 5m 6s), Accuracy: 100.000(80.200), Loss: 0.189(0.495), LR: 0.000001
[GPU cuda:1][TRAIN] Epoch: [6][1450/2480], Elapsed 6m 52s (remain 4m 52s), Accuracy: 100.000(80.345), Loss: 0.255(0.492), LR: 0.000001
[GPU cuda:1][TRAIN] Epoch: [6][1500/2480], Elapsed 7m 6s (remain 4m 38s), Accuracy: 100.000(80.280), Loss: 0.127(0.492), LR: 0.000001
[GPU cuda:1][TRAIN] Epoch: [6][1550/2480], Elapsed 7m 21s (remain 4m 24s), Accuracy: 100.000(80.348), Loss: 0.039(0.491), LR: 0.000001
[GPU cuda:1][TRAIN] Epoch: [6][1600/2480], Elapsed 7m 35s (remain 4m 10s), Accuracy: 80.000(80.287), Loss: 0.321(0.491), LR: 0.000001
[GPU cuda:1][TRAIN] Epoch: [6][1650/2480], Elapsed 7m 49s (remain 3m 55s), Accuracy: 100.000(80.448), Loss: 0.224(0.488), LR: 0.000001
[GPU cuda:1][TRAIN] Epoch: [6][1700/2480], Elapsed 8m 3s (remain 3m 41s), Accuracy: 80.000(80.353), Loss: 0.263(0.490), LR: 0.000001
[GPU cuda:1][TRAIN] Epoch: [6][1750/2480], Elapsed 8m 18s (remain 3m 27s), Accuracy: 80.000(80.445), Loss: 0.825(0.489), LR: 0.000001
[GPU cuda:1][TRAIN] Epoch: [6][1800/2480], Elapsed 8m 32s (remain 3m 13s), Accuracy: 100.000(80.544), Loss: 0.144(0.487), LR: 0.000001
[GPU cuda:1][TRAIN] Epoch: [6][1850/2480], Elapsed 8m 46s (remain 2m 58s), Accuracy: 60.000(80.583), Loss: 0.584(0.485), LR: 0.000001
[GPU cuda:1][TRAIN] Epoch: [6][1900/2480], Elapsed 9m 0s (remain 2m 44s), Accuracy: 60.000(80.705), Loss: 0.676(0.483), LR: 0.000001
[GPU cuda:1][TRAIN] Epoch: [6][1950/2480], Elapsed 9m 15s (remain 2m 30s), Accuracy: 100.000(80.595), Loss: 0.064(0.484), LR: 0.000001
[GPU cuda:1][TRAIN] Epoch: [6][2000/2480], Elapsed 9m 29s (remain 2m 16s), Accuracy: 60.000(80.540), Loss: 0.649(0.484), LR: 0.000001
[GPU cuda:1][TRAIN] Epoch: [6][2050/2480], Elapsed 9m 43s (remain 2m 2s), Accuracy: 40.000(80.566), Loss: 0.803(0.483), LR: 0.000001
[GPU cuda:1][TRAIN] Epoch: [6][2100/2480], Elapsed 9m 57s (remain 1m 47s), Accuracy: 100.000(80.733), Loss: 0.074(0.480), LR: 0.000001
[GPU cuda:1][TRAIN] Epoch: [6][2150/2480], Elapsed 10m 12s (remain 1m 33s), Accuracy: 60.000(80.762), Loss: 1.191(0.479), LR: 0.000001
[GPU cuda:1][TRAIN] Epoch: [6][2200/2480], Elapsed 10m 26s (remain 1m 19s), Accuracy: 80.000(80.863), Loss: 0.355(0.478), LR: 0.000001
[GPU cuda:1][TRAIN] Epoch: [6][2250/2480], Elapsed 10m 40s (remain 1m 5s), Accuracy: 80.000(80.782), Loss: 0.831(0.480), LR: 0.000001
[GPU cuda:1][TRAIN] Epoch: [6][2300/2480], Elapsed 10m 54s (remain 0m 50s), Accuracy: 80.000(80.739), Loss: 0.476(0.480), LR: 0.000001
[GPU cuda:1][TRAIN] Epoch: [6][2350/2480], Elapsed 11m 9s (remain 0m 36s), Accuracy: 100.000(80.706), Loss: 0.287(0.482), LR: 0.000001
[GPU cuda:1][TRAIN] Epoch: [6][2400/2480], Elapsed 11m 23s (remain 0m 22s), Accuracy: 60.000(80.825), Loss: 0.617(0.482), LR: 0.000001
[GPU cuda:1][TRAIN] Epoch: [6][2450/2480], Elapsed 11m 37s (remain 0m 8s), Accuracy: 80.000(80.873), Loss: 0.437(0.481), LR: 0.000001
[GPU cuda:1][TRAIN] Epoch: [6][2479/2480], Elapsed 11m 45s (remain 0m 0s), Accuracy: 40.000(80.871), Loss: 1.111(0.481), LR: 0.000001
[GPU cuda:1][VALID][0/97], Elapsed 0m 1s (remain 2m 17s), Accuracy: 75.000(75.000), Batch Loss: 0.8244, Average Loss: 0.8244
[GPU cuda:1][VALID][50/97], Elapsed 0m 49s (remain 0m 44s), Accuracy: 78.125(74.387), Batch Loss: 0.4694, Average Loss: 0.6981
[GPU cuda:1][VALID][96/97], Elapsed 1m 33s (remain 0m 0s), Accuracy: 82.143(74.107), Batch Loss: 0.3497, Average Loss: 0.7146
Valid Labels Samples: [2 0 1 4 1 0 3 1 4 3]
Valid Predictions Samples: [2, 0, 1, 3, 1, 0, 3, 1, 3, 0]
Epoch 6 - Train Average Loss: 80.871, Valid Average Loss: 74.107, Epoch Time: 801.294s
Epoch 6 - Accuracy: 0.741, Precision: 0.746, Recall: 0.741
Saved Best Model: 0.74
[GPU cuda:1][TRAIN] Epoch: [7][0/2480], Elapsed 0m 0s (remain 25m 59s), Accuracy: 100.000(100.000), Loss: 0.308(0.308), LR: 0.000001
[GPU cuda:1][TRAIN] Epoch: [7][50/2480], Elapsed 0m 15s (remain 11m 59s), Accuracy: 60.000(83.529), Loss: 0.910(0.409), LR: 0.000001
[GPU cuda:1][TRAIN] Epoch: [7][100/2480], Elapsed 0m 29s (remain 11m 34s), Accuracy: 80.000(80.990), Loss: 0.622(0.431), LR: 0.000001
[GPU cuda:1][TRAIN] Epoch: [7][150/2480], Elapsed 0m 43s (remain 11m 15s), Accuracy: 80.000(80.927), Loss: 0.542(0.449), LR: 0.000001
[GPU cuda:1][TRAIN] Epoch: [7][200/2480], Elapsed 0m 58s (remain 10m 58s), Accuracy: 100.000(80.498), Loss: 0.360(0.472), LR: 0.000001
[GPU cuda:1][TRAIN] Epoch: [7][250/2480], Elapsed 1m 12s (remain 10m 42s), Accuracy: 100.000(80.637), Loss: 0.068(0.473), LR: 0.000001
[GPU cuda:1][TRAIN] Epoch: [7][300/2480], Elapsed 1m 26s (remain 10m 27s), Accuracy: 60.000(80.332), Loss: 1.191(0.477), LR: 0.000001
[GPU cuda:1][TRAIN] Epoch: [7][350/2480], Elapsed 1m 40s (remain 10m 12s), Accuracy: 100.000(79.658), Loss: 0.175(0.485), LR: 0.000001
[GPU cuda:1][TRAIN] Epoch: [7][400/2480], Elapsed 1m 55s (remain 9m 57s), Accuracy: 80.000(79.850), Loss: 0.404(0.481), LR: 0.000001
[GPU cuda:1][TRAIN] Epoch: [7][450/2480], Elapsed 2m 9s (remain 9m 42s), Accuracy: 80.000(80.044), Loss: 0.288(0.483), LR: 0.000001
[GPU cuda:1][TRAIN] Epoch: [7][500/2480], Elapsed 2m 23s (remain 9m 28s), Accuracy: 60.000(80.160), Loss: 0.756(0.481), LR: 0.000001
[GPU cuda:1][TRAIN] Epoch: [7][550/2480], Elapsed 2m 38s (remain 9m 13s), Accuracy: 100.000(80.218), Loss: 0.041(0.484), LR: 0.000001
[GPU cuda:1][TRAIN] Epoch: [7][600/2480], Elapsed 2m 52s (remain 8m 58s), Accuracy: 100.000(80.000), Loss: 0.010(0.490), LR: 0.000001
[GPU cuda:1][TRAIN] Epoch: [7][650/2480], Elapsed 3m 6s (remain 8m 44s), Accuracy: 100.000(80.031), Loss: 0.059(0.490), LR: 0.000010
[GPU cuda:1][TRAIN] Epoch: [7][700/2480], Elapsed 3m 20s (remain 8m 29s), Accuracy: 80.000(79.629), Loss: 0.433(0.499), LR: 0.000010
[GPU cuda:1][TRAIN] Epoch: [7][750/2480], Elapsed 3m 35s (remain 8m 15s), Accuracy: 100.000(79.387), Loss: 0.058(0.503), LR: 0.000010
[GPU cuda:1][TRAIN] Epoch: [7][800/2480], Elapsed 3m 49s (remain 8m 0s), Accuracy: 80.000(79.376), Loss: 0.208(0.503), LR: 0.000010
[GPU cuda:1][TRAIN] Epoch: [7][850/2480], Elapsed 4m 3s (remain 7m 46s), Accuracy: 60.000(79.530), Loss: 0.748(0.504), LR: 0.000010
[GPU cuda:1][TRAIN] Epoch: [7][900/2480], Elapsed 4m 17s (remain 7m 31s), Accuracy: 80.000(79.623), Loss: 0.620(0.503), LR: 0.000010
[GPU cuda:1][TRAIN] Epoch: [7][950/2480], Elapsed 4m 32s (remain 7m 17s), Accuracy: 60.000(79.832), Loss: 0.689(0.498), LR: 0.000010
[GPU cuda:1][TRAIN] Epoch: [7][1000/2480], Elapsed 4m 46s (remain 7m 3s), Accuracy: 60.000(79.500), Loss: 0.852(0.503), LR: 0.000010
[GPU cuda:1][TRAIN] Epoch: [7][1050/2480], Elapsed 5m 0s (remain 6m 48s), Accuracy: 60.000(79.277), Loss: 0.832(0.509), LR: 0.000010
[GPU cuda:1][TRAIN] Epoch: [7][1100/2480], Elapsed 5m 14s (remain 6m 34s), Accuracy: 80.000(79.219), Loss: 0.308(0.509), LR: 0.000010
[GPU cuda:1][TRAIN] Epoch: [7][1150/2480], Elapsed 5m 29s (remain 6m 19s), Accuracy: 80.000(79.149), Loss: 0.908(0.509), LR: 0.000010
[GPU cuda:1][TRAIN] Epoch: [7][1200/2480], Elapsed 5m 43s (remain 6m 5s), Accuracy: 80.000(79.234), Loss: 0.427(0.507), LR: 0.000010
[GPU cuda:1][TRAIN] Epoch: [7][1250/2480], Elapsed 5m 57s (remain 5m 51s), Accuracy: 40.000(78.961), Loss: 0.729(0.513), LR: 0.000010
[GPU cuda:1][TRAIN] Epoch: [7][1300/2480], Elapsed 6m 11s (remain 5m 36s), Accuracy: 80.000(79.032), Loss: 0.333(0.512), LR: 0.000010
[GPU cuda:1][TRAIN] Epoch: [7][1350/2480], Elapsed 6m 25s (remain 5m 22s), Accuracy: 80.000(79.082), Loss: 0.185(0.512), LR: 0.000010
[GPU cuda:1][TRAIN] Epoch: [7][1400/2480], Elapsed 6m 40s (remain 5m 8s), Accuracy: 100.000(79.015), Loss: 0.247(0.515), LR: 0.000010
[GPU cuda:1][TRAIN] Epoch: [7][1450/2480], Elapsed 6m 54s (remain 4m 53s), Accuracy: 100.000(79.132), Loss: 0.209(0.515), LR: 0.000010
[GPU cuda:1][TRAIN] Epoch: [7][1500/2480], Elapsed 7m 8s (remain 4m 39s), Accuracy: 100.000(78.961), Loss: 0.149(0.518), LR: 0.000010
[GPU cuda:1][TRAIN] Epoch: [7][1550/2480], Elapsed 7m 22s (remain 4m 25s), Accuracy: 100.000(78.839), Loss: 0.294(0.520), LR: 0.000010
[GPU cuda:1][TRAIN] Epoch: [7][1600/2480], Elapsed 7m 37s (remain 4m 10s), Accuracy: 100.000(78.851), Loss: 0.268(0.520), LR: 0.000010
[GPU cuda:1][TRAIN] Epoch: [7][1650/2480], Elapsed 7m 51s (remain 3m 56s), Accuracy: 100.000(79.043), Loss: 0.235(0.517), LR: 0.000010
[GPU cuda:1][TRAIN] Epoch: [7][1700/2480], Elapsed 8m 5s (remain 3m 42s), Accuracy: 80.000(78.907), Loss: 0.388(0.519), LR: 0.000010
[GPU cuda:1][TRAIN] Epoch: [7][1750/2480], Elapsed 8m 19s (remain 3m 28s), Accuracy: 80.000(78.892), Loss: 0.433(0.520), LR: 0.000010
[GPU cuda:1][TRAIN] Epoch: [7][1800/2480], Elapsed 8m 33s (remain 3m 13s), Accuracy: 80.000(78.956), Loss: 0.437(0.518), LR: 0.000010
[GPU cuda:1][TRAIN] Epoch: [7][1850/2480], Elapsed 8m 48s (remain 2m 59s), Accuracy: 60.000(78.930), Loss: 0.598(0.519), LR: 0.000010
[GPU cuda:1][TRAIN] Epoch: [7][1900/2480], Elapsed 9m 2s (remain 2m 45s), Accuracy: 60.000(78.927), Loss: 0.824(0.518), LR: 0.000010
[GPU cuda:1][TRAIN] Epoch: [7][1950/2480], Elapsed 9m 16s (remain 2m 30s), Accuracy: 60.000(78.678), Loss: 0.581(0.523), LR: 0.000010
[GPU cuda:1][TRAIN] Epoch: [7][2000/2480], Elapsed 9m 30s (remain 2m 16s), Accuracy: 60.000(78.631), Loss: 0.638(0.523), LR: 0.000010
[GPU cuda:1][TRAIN] Epoch: [7][2050/2480], Elapsed 9m 45s (remain 2m 2s), Accuracy: 60.000(78.557), Loss: 0.951(0.526), LR: 0.000010
[GPU cuda:1][TRAIN] Epoch: [7][2100/2480], Elapsed 9m 59s (remain 1m 48s), Accuracy: 60.000(78.696), Loss: 0.803(0.524), LR: 0.000010
[GPU cuda:1][TRAIN] Epoch: [7][2150/2480], Elapsed 10m 13s (remain 1m 33s), Accuracy: 80.000(78.717), Loss: 0.399(0.522), LR: 0.000010
[GPU cuda:1][TRAIN] Epoch: [7][2200/2480], Elapsed 10m 27s (remain 1m 19s), Accuracy: 60.000(78.737), Loss: 0.787(0.522), LR: 0.000010
[GPU cuda:1][TRAIN] Epoch: [7][2250/2480], Elapsed 10m 41s (remain 1m 5s), Accuracy: 60.000(78.552), Loss: 0.759(0.525), LR: 0.000010
[GPU cuda:1][TRAIN] Epoch: [7][2300/2480], Elapsed 10m 56s (remain 0m 51s), Accuracy: 60.000(78.505), Loss: 0.621(0.526), LR: 0.000010
[GPU cuda:1][TRAIN] Epoch: [7][2350/2480], Elapsed 11m 10s (remain 0m 36s), Accuracy: 80.000(78.435), Loss: 0.426(0.529), LR: 0.000010
[GPU cuda:1][TRAIN] Epoch: [7][2400/2480], Elapsed 11m 24s (remain 0m 22s), Accuracy: 60.000(78.426), Loss: 0.769(0.530), LR: 0.000010
[GPU cuda:1][TRAIN] Epoch: [7][2450/2480], Elapsed 11m 38s (remain 0m 8s), Accuracy: 100.000(78.450), Loss: 0.243(0.530), LR: 0.000010
[GPU cuda:1][TRAIN] Epoch: [7][2479/2480], Elapsed 11m 47s (remain 0m 0s), Accuracy: 40.000(78.347), Loss: 1.606(0.532), LR: 0.000010
[GPU cuda:1][VALID][0/97], Elapsed 0m 1s (remain 2m 14s), Accuracy: 62.500(62.500), Batch Loss: 1.0284, Average Loss: 1.0284
[GPU cuda:1][VALID][50/97], Elapsed 0m 48s (remain 0m 43s), Accuracy: 78.125(71.507), Batch Loss: 0.7159, Average Loss: 0.7713
[GPU cuda:1][VALID][96/97], Elapsed 1m 32s (remain 0m 0s), Accuracy: 82.143(71.369), Batch Loss: 0.3936, Average Loss: 0.7566
Valid Labels Samples: [2 0 1 4 1 0 3 1 4 3]
Valid Predictions Samples: [2, 0, 1, 3, 1, 1, 3, 1, 2, 0]
Epoch 7 - Train Average Loss: 78.347, Valid Average Loss: 71.369, Epoch Time: 801.829s
Epoch 7 - Accuracy: 0.714, Precision: 0.719, Recall: 0.714
[GPU cuda:1][TRAIN] Epoch: [8][0/2480], Elapsed 0m 0s (remain 26m 9s), Accuracy: 100.000(100.000), Loss: 0.325(0.325), LR: 0.000010
[GPU cuda:1][TRAIN] Epoch: [8][50/2480], Elapsed 0m 15s (remain 11m 55s), Accuracy: 60.000(81.569), Loss: 0.770(0.457), LR: 0.000010
[GPU cuda:1][TRAIN] Epoch: [8][100/2480], Elapsed 0m 29s (remain 11m 30s), Accuracy: 80.000(81.386), Loss: 0.841(0.481), LR: 0.000010
[GPU cuda:1][TRAIN] Epoch: [8][150/2480], Elapsed 0m 43s (remain 11m 11s), Accuracy: 60.000(80.265), Loss: 0.875(0.501), LR: 0.000010
[GPU cuda:1][TRAIN] Epoch: [8][200/2480], Elapsed 0m 57s (remain 10m 55s), Accuracy: 60.000(77.711), Loss: 0.986(0.555), LR: 0.000010
[GPU cuda:1][TRAIN] Epoch: [8][250/2480], Elapsed 1m 11s (remain 10m 39s), Accuracy: 100.000(78.566), Loss: 0.097(0.548), LR: 0.000010
[GPU cuda:1][TRAIN] Epoch: [8][300/2480], Elapsed 1m 26s (remain 10m 23s), Accuracy: 20.000(77.674), Loss: 1.279(0.565), LR: 0.000010
[GPU cuda:1][TRAIN] Epoch: [8][350/2480], Elapsed 1m 40s (remain 10m 9s), Accuracy: 100.000(77.493), Loss: 0.240(0.574), LR: 0.000010
[GPU cuda:1][TRAIN] Epoch: [8][400/2480], Elapsed 1m 54s (remain 9m 54s), Accuracy: 80.000(77.406), Loss: 0.464(0.571), LR: 0.000010
[GPU cuda:1][TRAIN] Epoch: [8][450/2480], Elapsed 2m 8s (remain 9m 39s), Accuracy: 80.000(77.561), Loss: 0.385(0.569), LR: 0.000010
[GPU cuda:1][TRAIN] Epoch: [8][500/2480], Elapsed 2m 22s (remain 9m 24s), Accuracy: 40.000(77.405), Loss: 0.970(0.575), LR: 0.000010
[GPU cuda:1][TRAIN] Epoch: [8][550/2480], Elapsed 2m 37s (remain 9m 10s), Accuracy: 100.000(77.423), Loss: 0.113(0.576), LR: 0.000010
[GPU cuda:1][TRAIN] Epoch: [8][600/2480], Elapsed 2m 51s (remain 8m 55s), Accuracy: 100.000(77.105), Loss: 0.028(0.582), LR: 0.000010
[GPU cuda:1][TRAIN] Epoch: [8][650/2480], Elapsed 3m 5s (remain 8m 41s), Accuracy: 100.000(76.989), Loss: 0.018(0.585), LR: 0.000010
[GPU cuda:1][TRAIN] Epoch: [8][700/2480], Elapsed 3m 19s (remain 8m 26s), Accuracy: 100.000(76.833), Loss: 0.157(0.588), LR: 0.000010
[GPU cuda:1][TRAIN] Epoch: [8][750/2480], Elapsed 3m 33s (remain 8m 12s), Accuracy: 100.000(76.831), Loss: 0.166(0.588), LR: 0.000010
[GPU cuda:1][TRAIN] Epoch: [8][800/2480], Elapsed 3m 48s (remain 7m 58s), Accuracy: 80.000(77.054), Loss: 0.285(0.583), LR: 0.000010
[GPU cuda:1][TRAIN] Epoch: [8][850/2480], Elapsed 4m 2s (remain 7m 43s), Accuracy: 80.000(77.438), Loss: 0.551(0.573), LR: 0.000010
[GPU cuda:1][TRAIN] Epoch: [8][900/2480], Elapsed 4m 16s (remain 7m 29s), Accuracy: 80.000(77.758), Loss: 0.816(0.564), LR: 0.000010
[GPU cuda:1][TRAIN] Epoch: [8][950/2480], Elapsed 4m 30s (remain 7m 15s), Accuracy: 60.000(77.771), Loss: 0.776(0.563), LR: 0.000010
[GPU cuda:1][TRAIN] Epoch: [8][1000/2480], Elapsed 4m 44s (remain 7m 0s), Accuracy: 80.000(77.682), Loss: 0.764(0.563), LR: 0.000010
[GPU cuda:1][TRAIN] Epoch: [8][1050/2480], Elapsed 4m 59s (remain 6m 46s), Accuracy: 80.000(77.697), Loss: 0.825(0.561), LR: 0.000010
[GPU cuda:1][TRAIN] Epoch: [8][1100/2480], Elapsed 5m 13s (remain 6m 32s), Accuracy: 80.000(77.748), Loss: 0.228(0.558), LR: 0.000010
[GPU cuda:1][TRAIN] Epoch: [8][1150/2480], Elapsed 5m 27s (remain 6m 18s), Accuracy: 100.000(77.811), Loss: 0.230(0.555), LR: 0.000010
[GPU cuda:1][TRAIN] Epoch: [8][1200/2480], Elapsed 5m 41s (remain 6m 3s), Accuracy: 100.000(78.052), Loss: 0.213(0.549), LR: 0.000010
[GPU cuda:1][TRAIN] Epoch: [8][1250/2480], Elapsed 5m 55s (remain 5m 49s), Accuracy: 80.000(78.002), Loss: 0.618(0.549), LR: 0.000010
[GPU cuda:1][TRAIN] Epoch: [8][1300/2480], Elapsed 6m 9s (remain 5m 35s), Accuracy: 60.000(78.002), Loss: 0.773(0.548), LR: 0.000010
[GPU cuda:1][TRAIN] Epoch: [8][1350/2480], Elapsed 6m 24s (remain 5m 20s), Accuracy: 100.000(78.164), Loss: 0.046(0.544), LR: 0.000010
[GPU cuda:1][TRAIN] Epoch: [8][1400/2480], Elapsed 6m 38s (remain 5m 6s), Accuracy: 100.000(78.287), Loss: 0.154(0.542), LR: 0.000010
[GPU cuda:1][TRAIN] Epoch: [8][1450/2480], Elapsed 6m 52s (remain 4m 52s), Accuracy: 80.000(78.374), Loss: 0.418(0.540), LR: 0.000010
[GPU cuda:1][TRAIN] Epoch: [8][1500/2480], Elapsed 7m 6s (remain 4m 38s), Accuracy: 100.000(78.308), Loss: 0.122(0.540), LR: 0.000010
[GPU cuda:1][TRAIN] Epoch: [8][1550/2480], Elapsed 7m 20s (remain 4m 24s), Accuracy: 100.000(78.272), Loss: 0.161(0.539), LR: 0.000010
[GPU cuda:1][TRAIN] Epoch: [8][1600/2480], Elapsed 7m 34s (remain 4m 9s), Accuracy: 100.000(78.289), Loss: 0.228(0.538), LR: 0.000010
[GPU cuda:1][TRAIN] Epoch: [8][1650/2480], Elapsed 7m 49s (remain 3m 55s), Accuracy: 100.000(78.510), Loss: 0.210(0.533), LR: 0.000010
[GPU cuda:1][TRAIN] Epoch: [8][1700/2480], Elapsed 8m 3s (remain 3m 41s), Accuracy: 80.000(78.436), Loss: 0.348(0.536), LR: 0.000010
[GPU cuda:1][TRAIN] Epoch: [8][1750/2480], Elapsed 8m 17s (remain 3m 27s), Accuracy: 80.000(78.435), Loss: 0.281(0.537), LR: 0.000010
[GPU cuda:1][TRAIN] Epoch: [8][1800/2480], Elapsed 8m 31s (remain 3m 12s), Accuracy: 80.000(78.601), Loss: 0.329(0.533), LR: 0.000010
[GPU cuda:1][TRAIN] Epoch: [8][1850/2480], Elapsed 8m 45s (remain 2m 58s), Accuracy: 40.000(78.595), Loss: 0.717(0.531), LR: 0.000010
[GPU cuda:1][TRAIN] Epoch: [8][1900/2480], Elapsed 9m 0s (remain 2m 44s), Accuracy: 60.000(78.611), Loss: 0.476(0.530), LR: 0.000010
[GPU cuda:1][TRAIN] Epoch: [8][1950/2480], Elapsed 9m 14s (remain 2m 30s), Accuracy: 60.000(78.524), Loss: 0.710(0.532), LR: 0.000010
[GPU cuda:1][TRAIN] Epoch: [8][2000/2480], Elapsed 9m 28s (remain 2m 16s), Accuracy: 60.000(78.501), Loss: 0.868(0.532), LR: 0.000010
[GPU cuda:1][TRAIN] Epoch: [8][2050/2480], Elapsed 9m 42s (remain 2m 1s), Accuracy: 60.000(78.518), Loss: 0.774(0.532), LR: 0.000010
[GPU cuda:1][TRAIN] Epoch: [8][2100/2480], Elapsed 9m 57s (remain 1m 47s), Accuracy: 100.000(78.705), Loss: 0.061(0.528), LR: 0.000010
[GPU cuda:1][TRAIN] Epoch: [8][2150/2480], Elapsed 10m 11s (remain 1m 33s), Accuracy: 80.000(78.810), Loss: 0.472(0.526), LR: 0.000010
[GPU cuda:1][TRAIN] Epoch: [8][2200/2480], Elapsed 10m 25s (remain 1m 19s), Accuracy: 60.000(78.882), Loss: 0.672(0.525), LR: 0.000010
[GPU cuda:1][TRAIN] Epoch: [8][2250/2480], Elapsed 10m 39s (remain 1m 5s), Accuracy: 60.000(78.801), Loss: 0.582(0.527), LR: 0.000010
[GPU cuda:1][TRAIN] Epoch: [8][2300/2480], Elapsed 10m 53s (remain 0m 50s), Accuracy: 100.000(78.731), Loss: 0.205(0.528), LR: 0.000010
[GPU cuda:1][TRAIN] Epoch: [8][2350/2480], Elapsed 11m 8s (remain 0m 36s), Accuracy: 80.000(78.681), Loss: 0.415(0.529), LR: 0.000010
[GPU cuda:1][TRAIN] Epoch: [8][2400/2480], Elapsed 11m 22s (remain 0m 22s), Accuracy: 60.000(78.776), Loss: 0.734(0.529), LR: 0.000010
[GPU cuda:1][TRAIN] Epoch: [8][2450/2480], Elapsed 11m 36s (remain 0m 8s), Accuracy: 80.000(78.890), Loss: 0.221(0.527), LR: 0.000010
[GPU cuda:1][TRAIN] Epoch: [8][2479/2480], Elapsed 11m 44s (remain 0m 0s), Accuracy: 40.000(78.831), Loss: 1.289(0.528), LR: 0.000010
[GPU cuda:1][VALID][0/97], Elapsed 0m 1s (remain 2m 20s), Accuracy: 62.500(62.500), Batch Loss: 0.8194, Average Loss: 0.8194
[GPU cuda:1][VALID][50/97], Elapsed 0m 48s (remain 0m 44s), Accuracy: 75.000(71.262), Batch Loss: 0.5552, Average Loss: 0.7350
[GPU cuda:1][VALID][96/97], Elapsed 1m 33s (remain 0m 0s), Accuracy: 78.571(71.622), Batch Loss: 0.4565, Average Loss: 0.7462
Valid Labels Samples: [2 0 1 4 1 0 3 1 4 3]
Valid Predictions Samples: [2, 0, 1, 3, 1, 0, 3, 1, 3, 0]
Epoch 8 - Train Average Loss: 78.831, Valid Average Loss: 71.622, Epoch Time: 800.082s
Epoch 8 - Accuracy: 0.716, Precision: 0.722, Recall: 0.716
[GPU cuda:1][TRAIN] Epoch: [9][0/2480], Elapsed 0m 0s (remain 25m 54s), Accuracy: 80.000(80.000), Loss: 0.365(0.365), LR: 0.000010
[GPU cuda:1][TRAIN] Epoch: [9][50/2480], Elapsed 0m 15s (remain 11m 59s), Accuracy: 60.000(80.392), Loss: 0.733(0.484), LR: 0.000010
[GPU cuda:1][TRAIN] Epoch: [9][100/2480], Elapsed 0m 29s (remain 11m 33s), Accuracy: 80.000(80.000), Loss: 0.563(0.486), LR: 0.000010
[GPU cuda:1][TRAIN] Epoch: [9][150/2480], Elapsed 0m 43s (remain 11m 15s), Accuracy: 80.000(80.662), Loss: 0.575(0.504), LR: 0.000010
[GPU cuda:1][TRAIN] Epoch: [9][200/2480], Elapsed 0m 58s (remain 10m 59s), Accuracy: 80.000(79.104), Loss: 0.570(0.538), LR: 0.000010
[GPU cuda:1][TRAIN] Epoch: [9][250/2480], Elapsed 1m 12s (remain 10m 43s), Accuracy: 100.000(79.203), Loss: 0.223(0.531), LR: 0.000010
[GPU cuda:1][TRAIN] Epoch: [9][300/2480], Elapsed 1m 26s (remain 10m 28s), Accuracy: 40.000(78.605), Loss: 1.103(0.538), LR: 0.000010
[GPU cuda:1][TRAIN] Epoch: [9][350/2480], Elapsed 1m 41s (remain 10m 13s), Accuracy: 100.000(78.177), Loss: 0.147(0.544), LR: 0.000010
[GPU cuda:1][TRAIN] Epoch: [9][400/2480], Elapsed 1m 55s (remain 9m 58s), Accuracy: 100.000(78.554), Loss: 0.338(0.536), LR: 0.000010
[GPU cuda:1][TRAIN] Epoch: [9][450/2480], Elapsed 2m 9s (remain 9m 43s), Accuracy: 80.000(78.625), Loss: 0.386(0.536), LR: 0.000010
[GPU cuda:1][TRAIN] Epoch: [9][500/2480], Elapsed 2m 24s (remain 9m 29s), Accuracy: 20.000(78.443), Loss: 1.278(0.536), LR: 0.000010
[GPU cuda:1][TRAIN] Epoch: [9][550/2480], Elapsed 2m 38s (remain 9m 14s), Accuracy: 100.000(78.584), Loss: 0.114(0.536), LR: 0.000010
[GPU cuda:1][TRAIN] Epoch: [9][600/2480], Elapsed 2m 52s (remain 8m 59s), Accuracy: 100.000(78.502), Loss: 0.040(0.536), LR: 0.000010
[GPU cuda:1][TRAIN] Epoch: [9][650/2480], Elapsed 3m 6s (remain 8m 45s), Accuracy: 100.000(78.618), Loss: 0.031(0.535), LR: 0.000010
[GPU cuda:1][TRAIN] Epoch: [9][700/2480], Elapsed 3m 21s (remain 8m 30s), Accuracy: 100.000(78.431), Loss: 0.272(0.539), LR: 0.000010
[GPU cuda:1][TRAIN] Epoch: [9][750/2480], Elapsed 3m 35s (remain 8m 16s), Accuracy: 100.000(78.642), Loss: 0.047(0.535), LR: 0.000010
[GPU cuda:1][TRAIN] Epoch: [9][800/2480], Elapsed 3m 49s (remain 8m 1s), Accuracy: 100.000(78.851), Loss: 0.200(0.531), LR: 0.000010
[GPU cuda:1][TRAIN] Epoch: [9][850/2480], Elapsed 4m 4s (remain 7m 47s), Accuracy: 60.000(79.013), Loss: 0.697(0.525), LR: 0.000010
[GPU cuda:1][TRAIN] Epoch: [9][900/2480], Elapsed 4m 18s (remain 7m 33s), Accuracy: 80.000(79.245), Loss: 0.675(0.520), LR: 0.000010
[GPU cuda:1][TRAIN] Epoch: [9][950/2480], Elapsed 4m 32s (remain 7m 18s), Accuracy: 60.000(79.327), Loss: 0.606(0.517), LR: 0.000010
[GPU cuda:1][TRAIN] Epoch: [9][1000/2480], Elapsed 4m 47s (remain 7m 4s), Accuracy: 60.000(79.021), Loss: 0.842(0.520), LR: 0.000010
[GPU cuda:1][TRAIN] Epoch: [9][1050/2480], Elapsed 5m 1s (remain 6m 49s), Accuracy: 80.000(79.087), Loss: 0.649(0.520), LR: 0.000010
[GPU cuda:1][TRAIN] Epoch: [9][1100/2480], Elapsed 5m 15s (remain 6m 35s), Accuracy: 80.000(79.237), Loss: 0.347(0.515), LR: 0.000010
[GPU cuda:1][TRAIN] Epoch: [9][1150/2480], Elapsed 5m 30s (remain 6m 21s), Accuracy: 100.000(79.340), Loss: 0.108(0.513), LR: 0.000010
[GPU cuda:1][TRAIN] Epoch: [9][1200/2480], Elapsed 5m 44s (remain 6m 6s), Accuracy: 100.000(79.717), Loss: 0.275(0.505), LR: 0.000010
[GPU cuda:1][TRAIN] Epoch: [9][1250/2480], Elapsed 5m 58s (remain 5m 52s), Accuracy: 60.000(79.648), Loss: 0.659(0.507), LR: 0.000010
[GPU cuda:1][TRAIN] Epoch: [9][1300/2480], Elapsed 6m 12s (remain 5m 37s), Accuracy: 80.000(79.739), Loss: 0.399(0.505), LR: 0.000010
[GPU cuda:1][TRAIN] Epoch: [9][1350/2480], Elapsed 6m 27s (remain 5m 23s), Accuracy: 100.000(79.867), Loss: 0.071(0.501), LR: 0.000010
[GPU cuda:1][TRAIN] Epoch: [9][1400/2480], Elapsed 6m 41s (remain 5m 9s), Accuracy: 80.000(79.957), Loss: 0.301(0.500), LR: 0.000010
[GPU cuda:1][TRAIN] Epoch: [9][1450/2480], Elapsed 6m 55s (remain 4m 54s), Accuracy: 80.000(80.124), Loss: 0.406(0.497), LR: 0.000010
[GPU cuda:1][TRAIN] Epoch: [9][1500/2480], Elapsed 7m 9s (remain 4m 40s), Accuracy: 80.000(80.133), Loss: 0.289(0.497), LR: 0.000010
[GPU cuda:1][TRAIN] Epoch: [9][1550/2480], Elapsed 7m 24s (remain 4m 26s), Accuracy: 100.000(80.206), Loss: 0.101(0.495), LR: 0.000010
[GPU cuda:1][TRAIN] Epoch: [9][1600/2480], Elapsed 7m 38s (remain 4m 11s), Accuracy: 80.000(80.225), Loss: 0.333(0.494), LR: 0.000010
[GPU cuda:1][TRAIN] Epoch: [9][1650/2480], Elapsed 7m 52s (remain 3m 57s), Accuracy: 80.000(80.472), Loss: 0.319(0.489), LR: 0.000010
[GPU cuda:1][TRAIN] Epoch: [9][1700/2480], Elapsed 8m 6s (remain 3m 43s), Accuracy: 80.000(80.459), Loss: 0.218(0.490), LR: 0.000010
[GPU cuda:1][TRAIN] Epoch: [9][1750/2480], Elapsed 8m 21s (remain 3m 28s), Accuracy: 60.000(80.537), Loss: 0.490(0.488), LR: 0.000010
[GPU cuda:1][TRAIN] Epoch: [9][1800/2480], Elapsed 8m 35s (remain 3m 14s), Accuracy: 100.000(80.733), Loss: 0.129(0.484), LR: 0.000010
[GPU cuda:1][TRAIN] Epoch: [9][1850/2480], Elapsed 8m 49s (remain 2m 59s), Accuracy: 80.000(80.875), Loss: 0.444(0.481), LR: 0.000010
[GPU cuda:1][TRAIN] Epoch: [9][1900/2480], Elapsed 9m 3s (remain 2m 45s), Accuracy: 80.000(80.852), Loss: 0.424(0.480), LR: 0.000010
[GPU cuda:1][TRAIN] Epoch: [9][1950/2480], Elapsed 9m 18s (remain 2m 31s), Accuracy: 60.000(80.769), Loss: 0.453(0.482), LR: 0.000010
[GPU cuda:1][TRAIN] Epoch: [9][2000/2480], Elapsed 9m 32s (remain 2m 17s), Accuracy: 60.000(80.730), Loss: 0.781(0.482), LR: 0.000010
[GPU cuda:1][TRAIN] Epoch: [9][2050/2480], Elapsed 9m 46s (remain 2m 2s), Accuracy: 60.000(80.829), Loss: 0.793(0.480), LR: 0.000010
[GPU cuda:1][TRAIN] Epoch: [9][2100/2480], Elapsed 10m 0s (remain 1m 48s), Accuracy: 100.000(81.047), Loss: 0.101(0.475), LR: 0.000010
[GPU cuda:1][TRAIN] Epoch: [9][2150/2480], Elapsed 10m 15s (remain 1m 34s), Accuracy: 100.000(81.144), Loss: 0.351(0.474), LR: 0.000010
[GPU cuda:1][TRAIN] Epoch: [9][2200/2480], Elapsed 10m 29s (remain 1m 19s), Accuracy: 80.000(81.145), Loss: 0.498(0.473), LR: 0.000010
[GPU cuda:1][TRAIN] Epoch: [9][2250/2480], Elapsed 10m 43s (remain 1m 5s), Accuracy: 80.000(81.040), Loss: 0.597(0.475), LR: 0.000010
[GPU cuda:1][TRAIN] Epoch: [9][2300/2480], Elapsed 10m 57s (remain 0m 51s), Accuracy: 100.000(81.026), Loss: 0.194(0.476), LR: 0.000010
[GPU cuda:1][TRAIN] Epoch: [9][2350/2480], Elapsed 11m 12s (remain 0m 36s), Accuracy: 80.000(81.012), Loss: 0.368(0.477), LR: 0.000010
[GPU cuda:1][TRAIN] Epoch: [9][2400/2480], Elapsed 11m 26s (remain 0m 22s), Accuracy: 60.000(81.066), Loss: 0.656(0.476), LR: 0.000010
[GPU cuda:1][TRAIN] Epoch: [9][2450/2480], Elapsed 11m 40s (remain 0m 8s), Accuracy: 100.000(81.159), Loss: 0.163(0.474), LR: 0.000010
[GPU cuda:1][TRAIN] Epoch: [9][2479/2480], Elapsed 11m 48s (remain 0m 0s), Accuracy: 60.000(81.105), Loss: 1.105(0.476), LR: 0.000010
[GPU cuda:1][VALID][0/97], Elapsed 0m 1s (remain 2m 12s), Accuracy: 68.750(68.750), Batch Loss: 0.9204, Average Loss: 0.9204
[GPU cuda:1][VALID][50/97], Elapsed 0m 48s (remain 0m 43s), Accuracy: 71.875(71.017), Batch Loss: 0.7168, Average Loss: 0.8361
[GPU cuda:1][VALID][96/97], Elapsed 1m 32s (remain 0m 0s), Accuracy: 71.429(70.872), Batch Loss: 0.5654, Average Loss: 0.8457
Valid Labels Samples: [2 0 1 4 1 0 3 1 4 3]
Valid Predictions Samples: [2, 0, 1, 3, 1, 1, 3, 1, 3, 0]
Epoch 9 - Train Average Loss: 81.105, Valid Average Loss: 70.872, Epoch Time: 803.567s
Epoch 9 - Accuracy: 0.709, Precision: 0.719, Recall: 0.709
