[GPU 1]: Config File
{'id': 36, 'model_name': 'swin_large_patch4_window12_384_in22k', 'dropout': 0.5, 'size': 384, 'batch_size_t': 5, 'batch_size_v': 8, 'n_targets': 5, 'criterion': 'CrossEntropyLoss', 'gradient_accumulation_steps': 1, 'max_gradient_norm': None, 'optimizer': 'AdamW', 'scheduler': 'OneCycleLR', 'LR': 1e-05, 'T_0': 200, 'T_max': 10, 'T_mult': 2, 'min_lr': 1e-06, 'max_lr': 5e-05, 'no_batches': 2480, 'warmup_epochs': 1, 'cosine_epochs': 14, 'epochs': 15, 'update_per_batch': True, 'num_workers': 4, 'n_folds': 5, 'train_transforms': [HorizontalFlip(always_apply=False, p=0.5), VerticalFlip(always_apply=False, p=0.5), RandomRotate90(always_apply=False, p=0.5)], 'valid_transforms': [], 'observations': None, 'use_swa': True, 'swa_lr': 0.01, 'swa_epoch': 0, 'use_sam': True, 'use_asam': True, 'asam_rho': 0.1, 'print_freq': 50, 'one_fold': True, 'use_apex': True, 'distributed_training': False, 'save_to_log': True}
================================================== Training Fold: 0 ==================================================
[GPU cuda:1][TRAIN] Epoch: [1][0/2480], Elapsed 0m 0s (remain 21m 31s), Accuracy: 0.000(0.000), Loss: 1.750(1.750), LR: 0.000002
[GPU cuda:1][TRAIN] Epoch: [1][50/2480], Elapsed 0m 14s (remain 11m 30s), Accuracy: 20.000(16.863), Loss: 1.535(1.661), LR: 0.000002
[GPU cuda:1][TRAIN] Epoch: [1][100/2480], Elapsed 0m 28s (remain 11m 14s), Accuracy: 40.000(19.208), Loss: 1.497(1.636), LR: 0.000002
[GPU cuda:1][TRAIN] Epoch: [1][150/2480], Elapsed 0m 42s (remain 11m 0s), Accuracy: 20.000(20.927), Loss: 1.665(1.629), LR: 0.000002
[GPU cuda:1][TRAIN] Epoch: [1][200/2480], Elapsed 0m 56s (remain 10m 45s), Accuracy: 0.000(20.498), Loss: 1.676(1.624), LR: 0.000002
[GPU cuda:1][TRAIN] Epoch: [1][250/2480], Elapsed 1m 11s (remain 10m 31s), Accuracy: 20.000(21.912), Loss: 1.568(1.616), LR: 0.000002
[GPU cuda:1][TRAIN] Epoch: [1][300/2480], Elapsed 1m 25s (remain 10m 17s), Accuracy: 0.000(22.924), Loss: 1.643(1.609), LR: 0.000002
[GPU cuda:1][TRAIN] Epoch: [1][350/2480], Elapsed 1m 39s (remain 10m 3s), Accuracy: 20.000(23.305), Loss: 1.577(1.606), LR: 0.000002
[GPU cuda:1][TRAIN] Epoch: [1][400/2480], Elapsed 1m 53s (remain 9m 48s), Accuracy: 40.000(24.090), Loss: 1.475(1.602), LR: 0.000002
[GPU cuda:1][TRAIN] Epoch: [1][450/2480], Elapsed 2m 7s (remain 9m 34s), Accuracy: 60.000(24.789), Loss: 1.428(1.598), LR: 0.000002
[GPU cuda:1][TRAIN] Epoch: [1][500/2480], Elapsed 2m 21s (remain 9m 20s), Accuracy: 20.000(25.309), Loss: 1.600(1.594), LR: 0.000002
[GPU cuda:1][TRAIN] Epoch: [1][550/2480], Elapsed 2m 36s (remain 9m 6s), Accuracy: 40.000(25.953), Loss: 1.426(1.587), LR: 0.000002
[GPU cuda:1][TRAIN] Epoch: [1][600/2480], Elapsed 2m 50s (remain 8m 52s), Accuracy: 100.000(26.922), Loss: 1.291(1.579), LR: 0.000002
[GPU cuda:1][TRAIN] Epoch: [1][650/2480], Elapsed 3m 4s (remain 8m 37s), Accuracy: 20.000(27.865), Loss: 1.481(1.571), LR: 0.000002
[GPU cuda:1][TRAIN] Epoch: [1][700/2480], Elapsed 3m 18s (remain 8m 23s), Accuracy: 40.000(28.559), Loss: 1.380(1.562), LR: 0.000002
[GPU cuda:1][TRAIN] Epoch: [1][750/2480], Elapsed 3m 32s (remain 8m 9s), Accuracy: 20.000(29.188), Loss: 1.442(1.553), LR: 0.000003
[GPU cuda:1][TRAIN] Epoch: [1][800/2480], Elapsed 3m 46s (remain 7m 55s), Accuracy: 40.000(30.162), Loss: 1.334(1.540), LR: 0.000003
[GPU cuda:1][TRAIN] Epoch: [1][850/2480], Elapsed 4m 0s (remain 7m 41s), Accuracy: 0.000(31.140), Loss: 1.894(1.525), LR: 0.000003
[GPU cuda:1][TRAIN] Epoch: [1][900/2480], Elapsed 4m 15s (remain 7m 26s), Accuracy: 40.000(31.987), Loss: 1.417(1.510), LR: 0.000003
[GPU cuda:1][TRAIN] Epoch: [1][950/2480], Elapsed 4m 29s (remain 7m 12s), Accuracy: 40.000(32.850), Loss: 1.328(1.493), LR: 0.000003
[GPU cuda:1][TRAIN] Epoch: [1][1000/2480], Elapsed 4m 43s (remain 6m 58s), Accuracy: 20.000(33.487), Loss: 1.459(1.477), LR: 0.000003
[GPU cuda:1][TRAIN] Epoch: [1][1050/2480], Elapsed 4m 57s (remain 6m 44s), Accuracy: 20.000(34.253), Loss: 1.497(1.463), LR: 0.000003
[GPU cuda:1][TRAIN] Epoch: [1][1100/2480], Elapsed 5m 11s (remain 6m 30s), Accuracy: 60.000(35.186), Loss: 1.067(1.445), LR: 0.000003
[GPU cuda:1][TRAIN] Epoch: [1][1150/2480], Elapsed 5m 25s (remain 6m 15s), Accuracy: 60.000(35.725), Loss: 0.851(1.433), LR: 0.000003
[GPU cuda:1][TRAIN] Epoch: [1][1200/2480], Elapsed 5m 39s (remain 6m 1s), Accuracy: 60.000(36.553), Loss: 1.033(1.418), LR: 0.000003
[GPU cuda:1][TRAIN] Epoch: [1][1250/2480], Elapsed 5m 53s (remain 5m 47s), Accuracy: 40.000(37.154), Loss: 0.966(1.407), LR: 0.000003
[GPU cuda:1][TRAIN] Epoch: [1][1300/2480], Elapsed 6m 7s (remain 5m 33s), Accuracy: 40.000(37.771), Loss: 1.415(1.392), LR: 0.000004
[GPU cuda:1][TRAIN] Epoch: [1][1350/2480], Elapsed 6m 22s (remain 5m 19s), Accuracy: 40.000(38.238), Loss: 1.022(1.381), LR: 0.000004
[GPU cuda:1][TRAIN] Epoch: [1][1400/2480], Elapsed 6m 36s (remain 5m 5s), Accuracy: 60.000(38.815), Loss: 0.744(1.371), LR: 0.000004
[GPU cuda:1][TRAIN] Epoch: [1][1450/2480], Elapsed 6m 50s (remain 4m 51s), Accuracy: 60.000(39.242), Loss: 0.996(1.362), LR: 0.000004
[GPU cuda:1][TRAIN] Epoch: [1][1500/2480], Elapsed 7m 4s (remain 4m 36s), Accuracy: 100.000(39.773), Loss: 0.365(1.352), LR: 0.000004
[GPU cuda:1][TRAIN] Epoch: [1][1550/2480], Elapsed 7m 18s (remain 4m 22s), Accuracy: 20.000(40.219), Loss: 1.287(1.343), LR: 0.000004
[GPU cuda:1][TRAIN] Epoch: [1][1600/2480], Elapsed 7m 32s (remain 4m 8s), Accuracy: 60.000(40.800), Loss: 1.165(1.333), LR: 0.000004
[GPU cuda:1][TRAIN] Epoch: [1][1650/2480], Elapsed 7m 46s (remain 3m 54s), Accuracy: 60.000(41.502), Loss: 0.791(1.319), LR: 0.000005
[GPU cuda:1][TRAIN] Epoch: [1][1700/2480], Elapsed 8m 1s (remain 3m 40s), Accuracy: 60.000(42.011), Loss: 0.906(1.309), LR: 0.000005
[GPU cuda:1][TRAIN] Epoch: [1][1750/2480], Elapsed 8m 15s (remain 3m 26s), Accuracy: 20.000(42.490), Loss: 2.235(1.300), LR: 0.000005
[GPU cuda:1][TRAIN] Epoch: [1][1800/2480], Elapsed 8m 29s (remain 3m 11s), Accuracy: 60.000(42.887), Loss: 1.085(1.292), LR: 0.000005
[GPU cuda:1][TRAIN] Epoch: [1][1850/2480], Elapsed 8m 43s (remain 2m 57s), Accuracy: 80.000(43.155), Loss: 0.929(1.285), LR: 0.000005
[GPU cuda:1][TRAIN] Epoch: [1][1900/2480], Elapsed 8m 57s (remain 2m 43s), Accuracy: 60.000(43.524), Loss: 0.663(1.277), LR: 0.000005
[GPU cuda:1][TRAIN] Epoch: [1][1950/2480], Elapsed 9m 11s (remain 2m 29s), Accuracy: 60.000(43.731), Loss: 0.902(1.274), LR: 0.000006
[GPU cuda:1][TRAIN] Epoch: [1][2000/2480], Elapsed 9m 25s (remain 2m 15s), Accuracy: 40.000(44.148), Loss: 1.149(1.266), LR: 0.000006
[GPU cuda:1][TRAIN] Epoch: [1][2050/2480], Elapsed 9m 39s (remain 2m 1s), Accuracy: 40.000(44.359), Loss: 1.485(1.261), LR: 0.000006
[GPU cuda:1][TRAIN] Epoch: [1][2100/2480], Elapsed 9m 53s (remain 1m 47s), Accuracy: 60.000(44.836), Loss: 0.877(1.252), LR: 0.000006
[GPU cuda:1][TRAIN] Epoch: [1][2150/2480], Elapsed 10m 8s (remain 1m 33s), Accuracy: 60.000(45.244), Loss: 1.378(1.244), LR: 0.000006
[GPU cuda:1][TRAIN] Epoch: [1][2200/2480], Elapsed 10m 22s (remain 1m 18s), Accuracy: 80.000(45.516), Loss: 0.769(1.236), LR: 0.000006
[GPU cuda:1][TRAIN] Epoch: [1][2250/2480], Elapsed 10m 36s (remain 1m 4s), Accuracy: 40.000(45.802), Loss: 1.307(1.231), LR: 0.000007
[GPU cuda:1][TRAIN] Epoch: [1][2300/2480], Elapsed 10m 50s (remain 0m 50s), Accuracy: 60.000(46.067), Loss: 0.853(1.224), LR: 0.000007
[GPU cuda:1][TRAIN] Epoch: [1][2350/2480], Elapsed 11m 4s (remain 0m 36s), Accuracy: 80.000(46.304), Loss: 0.858(1.219), LR: 0.000007
[GPU cuda:1][TRAIN] Epoch: [1][2400/2480], Elapsed 11m 18s (remain 0m 22s), Accuracy: 20.000(46.639), Loss: 1.291(1.212), LR: 0.000007
[GPU cuda:1][TRAIN] Epoch: [1][2450/2480], Elapsed 11m 32s (remain 0m 8s), Accuracy: 80.000(46.993), Loss: 0.777(1.205), LR: 0.000007
[GPU cuda:1][TRAIN] Epoch: [1][2479/2480], Elapsed 11m 41s (remain 0m 0s), Accuracy: 40.000(47.121), Loss: 1.881(1.203), LR: 0.000008
[GPU cuda:1][VALID][0/388], Elapsed 0m 0s (remain 3m 18s), Accuracy: 62.500(62.500), Batch Loss: 0.8007, Average Loss: 0.8007
[GPU cuda:1][VALID][50/388], Elapsed 0m 12s (remain 1m 22s), Accuracy: 62.500(63.725), Batch Loss: 0.8762, Average Loss: 0.8524
[GPU cuda:1][VALID][100/388], Elapsed 0m 24s (remain 1m 10s), Accuracy: 37.500(61.510), Batch Loss: 1.2753, Average Loss: 0.8690
[GPU cuda:1][VALID][150/388], Elapsed 0m 36s (remain 0m 57s), Accuracy: 37.500(60.513), Batch Loss: 1.2669, Average Loss: 0.8937
[GPU cuda:1][VALID][200/388], Elapsed 0m 49s (remain 0m 45s), Accuracy: 75.000(59.826), Batch Loss: 0.6294, Average Loss: 0.9026
[GPU cuda:1][VALID][250/388], Elapsed 1m 1s (remain 0m 33s), Accuracy: 50.000(59.761), Batch Loss: 1.3414, Average Loss: 0.9066
[GPU cuda:1][VALID][300/388], Elapsed 1m 13s (remain 0m 21s), Accuracy: 50.000(59.551), Batch Loss: 1.1462, Average Loss: 0.9073
[GPU cuda:1][VALID][350/388], Elapsed 1m 25s (remain 0m 9s), Accuracy: 62.500(59.615), Batch Loss: 0.7991, Average Loss: 0.9037
[GPU cuda:1][VALID][387/388], Elapsed 1m 34s (remain 0m 0s), Accuracy: 0.000(59.568), Batch Loss: 1.6380, Average Loss: 0.9019
Valid Labels Samples: [2 0 1 4 1 0 3 1 4 3]
Valid Predictions Samples: [2, 0, 2, 4, 1, 0, 4, 2, 3, 0]
Epoch 1 - Train Average Loss: 47.121, Valid Average Loss: 59.568, Epoch Time: 797.748s
Epoch 1 - Accuracy: 0.596, Precision: 0.641, Recall: 0.596
Saved Best Model: 0.60
[GPU cuda:1][TRAIN] Epoch: [2][0/2480], Elapsed 0m 0s (remain 26m 7s), Accuracy: 60.000(60.000), Loss: 0.870(0.870), LR: 0.000008
[GPU cuda:1][TRAIN] Epoch: [2][50/2480], Elapsed 0m 15s (remain 11m 57s), Accuracy: 40.000(63.922), Loss: 0.946(0.850), LR: 0.000008
[GPU cuda:1][TRAIN] Epoch: [2][100/2480], Elapsed 0m 29s (remain 11m 30s), Accuracy: 60.000(60.396), Loss: 1.016(0.926), LR: 0.000008
[GPU cuda:1][TRAIN] Epoch: [2][150/2480], Elapsed 0m 43s (remain 11m 11s), Accuracy: 60.000(61.060), Loss: 0.950(0.929), LR: 0.000008
[GPU cuda:1][TRAIN] Epoch: [2][200/2480], Elapsed 0m 57s (remain 10m 54s), Accuracy: 60.000(60.199), Loss: 0.890(0.955), LR: 0.000009
[GPU cuda:1][TRAIN] Epoch: [2][250/2480], Elapsed 1m 11s (remain 10m 39s), Accuracy: 60.000(60.797), Loss: 0.709(0.943), LR: 0.000009
[GPU cuda:1][TRAIN] Epoch: [2][300/2480], Elapsed 1m 26s (remain 10m 23s), Accuracy: 40.000(60.997), Loss: 1.365(0.938), LR: 0.000009
[GPU cuda:1][TRAIN] Epoch: [2][350/2480], Elapsed 1m 40s (remain 10m 8s), Accuracy: 100.000(60.912), Loss: 0.502(0.936), LR: 0.000009
[GPU cuda:1][TRAIN] Epoch: [2][400/2480], Elapsed 1m 54s (remain 9m 54s), Accuracy: 60.000(61.347), Loss: 0.857(0.930), LR: 0.000009
[GPU cuda:1][TRAIN] Epoch: [2][450/2480], Elapsed 2m 8s (remain 9m 39s), Accuracy: 60.000(61.330), Loss: 1.364(0.929), LR: 0.000010
[GPU cuda:1][TRAIN] Epoch: [2][500/2480], Elapsed 2m 22s (remain 9m 24s), Accuracy: 20.000(61.277), Loss: 1.646(0.926), LR: 0.000010
[GPU cuda:1][TRAIN] Epoch: [2][550/2480], Elapsed 2m 37s (remain 9m 10s), Accuracy: 80.000(60.944), Loss: 0.396(0.928), LR: 0.000010
[GPU cuda:1][TRAIN] Epoch: [2][600/2480], Elapsed 2m 51s (remain 8m 55s), Accuracy: 100.000(60.998), Loss: 0.068(0.924), LR: 0.000010
[GPU cuda:1][TRAIN] Epoch: [2][650/2480], Elapsed 3m 5s (remain 8m 41s), Accuracy: 100.000(61.229), Loss: 0.222(0.919), LR: 0.000011
[GPU cuda:1][TRAIN] Epoch: [2][700/2480], Elapsed 3m 19s (remain 8m 26s), Accuracy: 80.000(61.084), Loss: 0.718(0.925), LR: 0.000011
[GPU cuda:1][TRAIN] Epoch: [2][750/2480], Elapsed 3m 33s (remain 8m 12s), Accuracy: 60.000(61.012), Loss: 0.782(0.927), LR: 0.000011
[GPU cuda:1][TRAIN] Epoch: [2][800/2480], Elapsed 3m 48s (remain 7m 58s), Accuracy: 80.000(61.223), Loss: 0.583(0.922), LR: 0.000012
[GPU cuda:1][TRAIN] Epoch: [2][850/2480], Elapsed 4m 2s (remain 7m 43s), Accuracy: 60.000(61.528), Loss: 1.160(0.916), LR: 0.000012
[GPU cuda:1][TRAIN] Epoch: [2][900/2480], Elapsed 4m 16s (remain 7m 29s), Accuracy: 80.000(61.776), Loss: 1.237(0.911), LR: 0.000012
[GPU cuda:1][TRAIN] Epoch: [2][950/2480], Elapsed 4m 30s (remain 7m 15s), Accuracy: 60.000(61.809), Loss: 0.962(0.908), LR: 0.000012
[GPU cuda:1][TRAIN] Epoch: [2][1000/2480], Elapsed 4m 44s (remain 7m 0s), Accuracy: 40.000(61.838), Loss: 0.970(0.906), LR: 0.000013
[GPU cuda:1][TRAIN] Epoch: [2][1050/2480], Elapsed 4m 59s (remain 6m 46s), Accuracy: 20.000(61.675), Loss: 1.588(0.908), LR: 0.000013
[GPU cuda:1][TRAIN] Epoch: [2][1100/2480], Elapsed 5m 13s (remain 6m 32s), Accuracy: 80.000(61.907), Loss: 0.586(0.903), LR: 0.000013
[GPU cuda:1][TRAIN] Epoch: [2][1150/2480], Elapsed 5m 27s (remain 6m 18s), Accuracy: 40.000(61.738), Loss: 0.951(0.904), LR: 0.000013
[GPU cuda:1][TRAIN] Epoch: [2][1200/2480], Elapsed 5m 41s (remain 6m 3s), Accuracy: 60.000(61.898), Loss: 1.188(0.900), LR: 0.000014
[GPU cuda:1][TRAIN] Epoch: [2][1250/2480], Elapsed 5m 55s (remain 5m 49s), Accuracy: 40.000(61.823), Loss: 1.073(0.903), LR: 0.000014
[GPU cuda:1][TRAIN] Epoch: [2][1300/2480], Elapsed 6m 10s (remain 5m 35s), Accuracy: 60.000(61.952), Loss: 1.259(0.899), LR: 0.000014
[GPU cuda:1][TRAIN] Epoch: [2][1350/2480], Elapsed 6m 24s (remain 5m 21s), Accuracy: 80.000(62.013), Loss: 0.389(0.897), LR: 0.000015
[GPU cuda:1][TRAIN] Epoch: [2][1400/2480], Elapsed 6m 38s (remain 5m 6s), Accuracy: 100.000(61.984), Loss: 0.444(0.899), LR: 0.000015
[GPU cuda:1][TRAIN] Epoch: [2][1450/2480], Elapsed 6m 52s (remain 4m 52s), Accuracy: 80.000(62.040), Loss: 0.696(0.898), LR: 0.000015
[GPU cuda:1][TRAIN] Epoch: [2][1500/2480], Elapsed 7m 6s (remain 4m 38s), Accuracy: 100.000(62.185), Loss: 0.224(0.896), LR: 0.000016
[GPU cuda:1][TRAIN] Epoch: [2][1550/2480], Elapsed 7m 21s (remain 4m 24s), Accuracy: 60.000(62.128), Loss: 0.700(0.897), LR: 0.000016
[GPU cuda:1][TRAIN] Epoch: [2][1600/2480], Elapsed 7m 35s (remain 4m 10s), Accuracy: 100.000(62.199), Loss: 0.556(0.895), LR: 0.000016
[GPU cuda:1][TRAIN] Epoch: [2][1650/2480], Elapsed 7m 49s (remain 3m 55s), Accuracy: 80.000(62.459), Loss: 0.384(0.890), LR: 0.000016
[GPU cuda:1][TRAIN] Epoch: [2][1700/2480], Elapsed 8m 3s (remain 3m 41s), Accuracy: 40.000(62.434), Loss: 2.019(0.891), LR: 0.000017
[GPU cuda:1][TRAIN] Epoch: [2][1750/2480], Elapsed 8m 18s (remain 3m 27s), Accuracy: 20.000(62.410), Loss: 1.330(0.891), LR: 0.000017
[GPU cuda:1][TRAIN] Epoch: [2][1800/2480], Elapsed 8m 32s (remain 3m 13s), Accuracy: 40.000(62.443), Loss: 1.764(0.890), LR: 0.000017
[GPU cuda:1][TRAIN] Epoch: [2][1850/2480], Elapsed 8m 46s (remain 2m 58s), Accuracy: 20.000(62.442), Loss: 1.453(0.889), LR: 0.000018
[GPU cuda:1][TRAIN] Epoch: [2][1900/2480], Elapsed 9m 0s (remain 2m 44s), Accuracy: 80.000(62.378), Loss: 0.467(0.890), LR: 0.000018
[GPU cuda:1][TRAIN] Epoch: [2][1950/2480], Elapsed 9m 15s (remain 2m 30s), Accuracy: 60.000(62.194), Loss: 0.974(0.894), LR: 0.000018
[GPU cuda:1][TRAIN] Epoch: [2][2000/2480], Elapsed 9m 29s (remain 2m 16s), Accuracy: 20.000(62.319), Loss: 1.196(0.891), LR: 0.000019
[GPU cuda:1][TRAIN] Epoch: [2][2050/2480], Elapsed 9m 43s (remain 2m 2s), Accuracy: 40.000(62.253), Loss: 1.199(0.893), LR: 0.000019
[GPU cuda:1][TRAIN] Epoch: [2][2100/2480], Elapsed 9m 57s (remain 1m 47s), Accuracy: 80.000(62.427), Loss: 0.529(0.890), LR: 0.000019
[GPU cuda:1][TRAIN] Epoch: [2][2150/2480], Elapsed 10m 11s (remain 1m 33s), Accuracy: 60.000(62.538), Loss: 1.455(0.889), LR: 0.000020
[GPU cuda:1][TRAIN] Epoch: [2][2200/2480], Elapsed 10m 26s (remain 1m 19s), Accuracy: 40.000(62.544), Loss: 1.400(0.888), LR: 0.000020
[GPU cuda:1][TRAIN] Epoch: [2][2250/2480], Elapsed 10m 40s (remain 1m 5s), Accuracy: 60.000(62.550), Loss: 1.012(0.888), LR: 0.000020
[GPU cuda:1][TRAIN] Epoch: [2][2300/2480], Elapsed 10m 54s (remain 0m 50s), Accuracy: 80.000(62.529), Loss: 0.576(0.888), LR: 0.000021
[GPU cuda:1][TRAIN] Epoch: [2][2350/2480], Elapsed 11m 8s (remain 0m 36s), Accuracy: 80.000(62.544), Loss: 0.664(0.890), LR: 0.000021
[GPU cuda:1][TRAIN] Epoch: [2][2400/2480], Elapsed 11m 22s (remain 0m 22s), Accuracy: 20.000(62.607), Loss: 1.474(0.888), LR: 0.000021
[GPU cuda:1][TRAIN] Epoch: [2][2450/2480], Elapsed 11m 37s (remain 0m 8s), Accuracy: 100.000(62.619), Loss: 0.585(0.887), LR: 0.000022
[GPU cuda:1][TRAIN] Epoch: [2][2479/2480], Elapsed 11m 45s (remain 0m 0s), Accuracy: 40.000(62.581), Loss: 1.375(0.888), LR: 0.000022
[GPU cuda:1][VALID][0/388], Elapsed 0m 0s (remain 3m 20s), Accuracy: 100.000(100.000), Batch Loss: 0.1885, Average Loss: 0.1885
[GPU cuda:1][VALID][50/388], Elapsed 0m 12s (remain 1m 23s), Accuracy: 62.500(70.588), Batch Loss: 1.0237, Average Loss: 0.7194
[GPU cuda:1][VALID][100/388], Elapsed 0m 24s (remain 1m 10s), Accuracy: 62.500(69.554), Batch Loss: 0.8480, Average Loss: 0.7203
[GPU cuda:1][VALID][150/388], Elapsed 0m 36s (remain 0m 57s), Accuracy: 62.500(67.219), Batch Loss: 1.1865, Average Loss: 0.7674
[GPU cuda:1][VALID][200/388], Elapsed 0m 49s (remain 0m 45s), Accuracy: 75.000(67.475), Batch Loss: 0.5114, Average Loss: 0.7610
[GPU cuda:1][VALID][250/388], Elapsed 1m 1s (remain 0m 33s), Accuracy: 62.500(67.281), Batch Loss: 1.0276, Average Loss: 0.7726
[GPU cuda:1][VALID][300/388], Elapsed 1m 13s (remain 0m 21s), Accuracy: 50.000(67.151), Batch Loss: 0.9627, Average Loss: 0.7800
[GPU cuda:1][VALID][350/388], Elapsed 1m 26s (remain 0m 9s), Accuracy: 62.500(67.415), Batch Loss: 0.7343, Average Loss: 0.7788
[GPU cuda:1][VALID][387/388], Elapsed 1m 35s (remain 0m 0s), Accuracy: 50.000(67.590), Batch Loss: 0.7505, Average Loss: 0.7753
Valid Labels Samples: [2 0 1 4 1 0 3 1 4 3]
Valid Predictions Samples: [2, 0, 1, 4, 1, 0, 3, 1, 3, 0]
Epoch 2 - Train Average Loss: 62.581, Valid Average Loss: 67.590, Epoch Time: 802.525s
Epoch 2 - Accuracy: 0.676, Precision: 0.707, Recall: 0.676
Saved Best Model: 0.68
[GPU cuda:1][TRAIN] Epoch: [3][0/2480], Elapsed 0m 0s (remain 26m 59s), Accuracy: 80.000(80.000), Loss: 1.044(1.044), LR: 0.000022
[GPU cuda:1][TRAIN] Epoch: [3][50/2480], Elapsed 0m 15s (remain 11m 56s), Accuracy: 60.000(68.627), Loss: 0.917(0.762), LR: 0.000022
[GPU cuda:1][TRAIN] Epoch: [3][100/2480], Elapsed 0m 29s (remain 11m 29s), Accuracy: 80.000(65.347), Loss: 0.738(0.822), LR: 0.000023
[GPU cuda:1][TRAIN] Epoch: [3][150/2480], Elapsed 0m 43s (remain 11m 10s), Accuracy: 20.000(64.503), Loss: 1.140(0.843), LR: 0.000023
[GPU cuda:1][TRAIN] Epoch: [3][200/2480], Elapsed 0m 57s (remain 10m 53s), Accuracy: 60.000(64.378), Loss: 0.944(0.861), LR: 0.000023
[GPU cuda:1][TRAIN] Epoch: [3][250/2480], Elapsed 1m 11s (remain 10m 38s), Accuracy: 100.000(63.904), Loss: 0.363(0.865), LR: 0.000024
[GPU cuda:1][TRAIN] Epoch: [3][300/2480], Elapsed 1m 26s (remain 10m 22s), Accuracy: 0.000(63.721), Loss: 1.350(0.866), LR: 0.000024
[GPU cuda:1][TRAIN] Epoch: [3][350/2480], Elapsed 1m 40s (remain 10m 8s), Accuracy: 80.000(63.362), Loss: 0.531(0.871), LR: 0.000024
[GPU cuda:1][TRAIN] Epoch: [3][400/2480], Elapsed 1m 54s (remain 9m 53s), Accuracy: 80.000(63.392), Loss: 0.691(0.870), LR: 0.000025
[GPU cuda:1][TRAIN] Epoch: [3][450/2480], Elapsed 2m 8s (remain 9m 38s), Accuracy: 60.000(63.459), Loss: 0.878(0.869), LR: 0.000025
[GPU cuda:1][TRAIN] Epoch: [3][500/2480], Elapsed 2m 22s (remain 9m 24s), Accuracy: 20.000(63.234), Loss: 1.439(0.871), LR: 0.000025
[GPU cuda:1][TRAIN] Epoch: [3][550/2480], Elapsed 2m 37s (remain 9m 9s), Accuracy: 100.000(62.831), Loss: 0.310(0.880), LR: 0.000026
[GPU cuda:1][TRAIN] Epoch: [3][600/2480], Elapsed 2m 51s (remain 8m 55s), Accuracy: 100.000(62.829), Loss: 0.156(0.879), LR: 0.000026
[GPU cuda:1][TRAIN] Epoch: [3][650/2480], Elapsed 3m 5s (remain 8m 40s), Accuracy: 100.000(63.072), Loss: 0.125(0.875), LR: 0.000026
[GPU cuda:1][TRAIN] Epoch: [3][700/2480], Elapsed 3m 19s (remain 8m 26s), Accuracy: 60.000(62.511), Loss: 0.978(0.884), LR: 0.000027
[GPU cuda:1][TRAIN] Epoch: [3][750/2480], Elapsed 3m 33s (remain 8m 12s), Accuracy: 80.000(62.397), Loss: 0.524(0.887), LR: 0.000027
[GPU cuda:1][TRAIN] Epoch: [3][800/2480], Elapsed 3m 48s (remain 7m 57s), Accuracy: 80.000(62.747), Loss: 0.461(0.881), LR: 0.000027
[GPU cuda:1][TRAIN] Epoch: [3][850/2480], Elapsed 4m 2s (remain 7m 43s), Accuracy: 60.000(63.079), Loss: 1.124(0.875), LR: 0.000028
[GPU cuda:1][TRAIN] Epoch: [3][900/2480], Elapsed 4m 16s (remain 7m 29s), Accuracy: 40.000(63.418), Loss: 1.317(0.868), LR: 0.000028
[GPU cuda:1][TRAIN] Epoch: [3][950/2480], Elapsed 4m 30s (remain 7m 14s), Accuracy: 40.000(63.407), Loss: 0.990(0.867), LR: 0.000028
[GPU cuda:1][TRAIN] Epoch: [3][1000/2480], Elapsed 4m 44s (remain 7m 0s), Accuracy: 60.000(63.297), Loss: 1.019(0.866), LR: 0.000029
[GPU cuda:1][TRAIN] Epoch: [3][1050/2480], Elapsed 4m 58s (remain 6m 46s), Accuracy: 60.000(63.273), Loss: 1.035(0.865), LR: 0.000029
[GPU cuda:1][TRAIN] Epoch: [3][1100/2480], Elapsed 5m 13s (remain 6m 32s), Accuracy: 80.000(63.488), Loss: 0.658(0.860), LR: 0.000029
[GPU cuda:1][TRAIN] Epoch: [3][1150/2480], Elapsed 5m 27s (remain 6m 17s), Accuracy: 80.000(63.684), Loss: 0.884(0.857), LR: 0.000030
[GPU cuda:1][TRAIN] Epoch: [3][1200/2480], Elapsed 5m 41s (remain 6m 3s), Accuracy: 100.000(63.963), Loss: 0.461(0.852), LR: 0.000030
[GPU cuda:1][TRAIN] Epoch: [3][1250/2480], Elapsed 5m 55s (remain 5m 49s), Accuracy: 40.000(63.773), Loss: 0.928(0.855), LR: 0.000030
[GPU cuda:1][TRAIN] Epoch: [3][1300/2480], Elapsed 6m 9s (remain 5m 35s), Accuracy: 80.000(63.982), Loss: 0.795(0.851), LR: 0.000031
[GPU cuda:1][TRAIN] Epoch: [3][1350/2480], Elapsed 6m 23s (remain 5m 20s), Accuracy: 100.000(63.967), Loss: 0.458(0.850), LR: 0.000031
[GPU cuda:1][TRAIN] Epoch: [3][1400/2480], Elapsed 6m 38s (remain 5m 6s), Accuracy: 100.000(64.026), Loss: 0.369(0.851), LR: 0.000031
[GPU cuda:1][TRAIN] Epoch: [3][1450/2480], Elapsed 6m 52s (remain 4m 52s), Accuracy: 100.000(64.218), Loss: 0.626(0.848), LR: 0.000032
[GPU cuda:1][TRAIN] Epoch: [3][1500/2480], Elapsed 7m 6s (remain 4m 38s), Accuracy: 60.000(64.117), Loss: 0.680(0.851), LR: 0.000032
[GPU cuda:1][TRAIN] Epoch: [3][1550/2480], Elapsed 7m 20s (remain 4m 23s), Accuracy: 60.000(64.023), Loss: 0.589(0.851), LR: 0.000032
[GPU cuda:1][TRAIN] Epoch: [3][1600/2480], Elapsed 7m 34s (remain 4m 9s), Accuracy: 100.000(64.122), Loss: 0.488(0.850), LR: 0.000033
[GPU cuda:1][TRAIN] Epoch: [3][1650/2480], Elapsed 7m 48s (remain 3m 55s), Accuracy: 100.000(64.228), Loss: 0.249(0.845), LR: 0.000033
[GPU cuda:1][TRAIN] Epoch: [3][1700/2480], Elapsed 8m 2s (remain 3m 41s), Accuracy: 60.000(64.162), Loss: 1.107(0.846), LR: 0.000033
[GPU cuda:1][TRAIN] Epoch: [3][1750/2480], Elapsed 8m 17s (remain 3m 26s), Accuracy: 40.000(64.238), Loss: 1.278(0.846), LR: 0.000034
[GPU cuda:1][TRAIN] Epoch: [3][1800/2480], Elapsed 8m 31s (remain 3m 12s), Accuracy: 60.000(64.231), Loss: 0.773(0.845), LR: 0.000034
[GPU cuda:1][TRAIN] Epoch: [3][1850/2480], Elapsed 8m 45s (remain 2m 58s), Accuracy: 40.000(64.019), Loss: 1.149(0.847), LR: 0.000034
[GPU cuda:1][TRAIN] Epoch: [3][1900/2480], Elapsed 8m 59s (remain 2m 44s), Accuracy: 60.000(64.019), Loss: 0.733(0.845), LR: 0.000034
[GPU cuda:1][TRAIN] Epoch: [3][1950/2480], Elapsed 9m 13s (remain 2m 30s), Accuracy: 60.000(63.988), Loss: 0.854(0.848), LR: 0.000035
[GPU cuda:1][TRAIN] Epoch: [3][2000/2480], Elapsed 9m 27s (remain 2m 15s), Accuracy: 80.000(63.978), Loss: 1.110(0.848), LR: 0.000035
[GPU cuda:1][TRAIN] Epoch: [3][2050/2480], Elapsed 9m 42s (remain 2m 1s), Accuracy: 0.000(63.647), Loss: 1.326(0.854), LR: 0.000035
[GPU cuda:1][TRAIN] Epoch: [3][2100/2480], Elapsed 9m 56s (remain 1m 47s), Accuracy: 80.000(63.912), Loss: 0.591(0.851), LR: 0.000036
[GPU cuda:1][TRAIN] Epoch: [3][2150/2480], Elapsed 10m 10s (remain 1m 33s), Accuracy: 80.000(64.026), Loss: 0.787(0.850), LR: 0.000036
[GPU cuda:1][TRAIN] Epoch: [3][2200/2480], Elapsed 10m 24s (remain 1m 19s), Accuracy: 60.000(64.035), Loss: 0.783(0.850), LR: 0.000036
[GPU cuda:1][TRAIN] Epoch: [3][2250/2480], Elapsed 10m 38s (remain 1m 4s), Accuracy: 40.000(63.980), Loss: 1.035(0.850), LR: 0.000037
[GPU cuda:1][TRAIN] Epoch: [3][2300/2480], Elapsed 10m 52s (remain 0m 50s), Accuracy: 60.000(63.946), Loss: 0.590(0.850), LR: 0.000037
[GPU cuda:1][TRAIN] Epoch: [3][2350/2480], Elapsed 11m 6s (remain 0m 36s), Accuracy: 60.000(63.939), Loss: 0.915(0.851), LR: 0.000037
[GPU cuda:1][TRAIN] Epoch: [3][2400/2480], Elapsed 11m 21s (remain 0m 22s), Accuracy: 20.000(64.007), Loss: 1.178(0.850), LR: 0.000038
[GPU cuda:1][TRAIN] Epoch: [3][2450/2480], Elapsed 11m 35s (remain 0m 8s), Accuracy: 100.000(64.080), Loss: 0.468(0.848), LR: 0.000038
[GPU cuda:1][TRAIN] Epoch: [3][2479/2480], Elapsed 11m 43s (remain 0m 0s), Accuracy: 60.000(64.040), Loss: 1.342(0.849), LR: 0.000038
[GPU cuda:1][VALID][0/388], Elapsed 0m 0s (remain 3m 16s), Accuracy: 75.000(75.000), Batch Loss: 0.7660, Average Loss: 0.7660
[GPU cuda:1][VALID][50/388], Elapsed 0m 12s (remain 1m 23s), Accuracy: 62.500(62.500), Batch Loss: 0.7539, Average Loss: 0.9088
[GPU cuda:1][VALID][100/388], Elapsed 0m 24s (remain 1m 9s), Accuracy: 25.000(60.891), Batch Loss: 1.0587, Average Loss: 0.9277
[GPU cuda:1][VALID][150/388], Elapsed 0m 36s (remain 0m 57s), Accuracy: 50.000(60.844), Batch Loss: 1.4617, Average Loss: 0.9307
[GPU cuda:1][VALID][200/388], Elapsed 0m 48s (remain 0m 45s), Accuracy: 75.000(60.448), Batch Loss: 0.9064, Average Loss: 0.9423
[GPU cuda:1][VALID][250/388], Elapsed 1m 1s (remain 0m 33s), Accuracy: 50.000(60.309), Batch Loss: 1.0005, Average Loss: 0.9559
[GPU cuda:1][VALID][300/388], Elapsed 1m 13s (remain 0m 21s), Accuracy: 37.500(60.174), Batch Loss: 1.1508, Average Loss: 0.9629
[GPU cuda:1][VALID][350/388], Elapsed 1m 25s (remain 0m 9s), Accuracy: 50.000(60.506), Batch Loss: 0.9461, Average Loss: 0.9521
[GPU cuda:1][VALID][387/388], Elapsed 1m 34s (remain 0m 0s), Accuracy: 25.000(60.084), Batch Loss: 1.1170, Average Loss: 0.9520
Valid Labels Samples: [2 0 1 4 1 0 3 1 4 3]
Valid Predictions Samples: [2, 0, 1, 4, 2, 0, 4, 1, 4, 0]
Epoch 3 - Train Average Loss: 64.040, Valid Average Loss: 60.084, Epoch Time: 799.951s
Epoch 3 - Accuracy: 0.601, Precision: 0.583, Recall: 0.601
[GPU cuda:1][TRAIN] Epoch: [4][0/2480], Elapsed 0m 0s (remain 26m 39s), Accuracy: 80.000(80.000), Loss: 0.704(0.704), LR: 0.000038
[GPU cuda:1][TRAIN] Epoch: [4][50/2480], Elapsed 0m 14s (remain 11m 52s), Accuracy: 60.000(62.745), Loss: 0.946(0.831), LR: 0.000038
[GPU cuda:1][TRAIN] Epoch: [4][100/2480], Elapsed 0m 29s (remain 11m 26s), Accuracy: 80.000(63.168), Loss: 0.700(0.824), LR: 0.000039
[GPU cuda:1][TRAIN] Epoch: [4][150/2480], Elapsed 0m 43s (remain 11m 7s), Accuracy: 40.000(65.166), Loss: 0.944(0.806), LR: 0.000039
[GPU cuda:1][TRAIN] Epoch: [4][200/2480], Elapsed 0m 57s (remain 10m 51s), Accuracy: 40.000(64.776), Loss: 1.079(0.828), LR: 0.000039
[GPU cuda:1][TRAIN] Epoch: [4][250/2480], Elapsed 1m 11s (remain 10m 36s), Accuracy: 60.000(64.701), Loss: 0.515(0.830), LR: 0.000039
[GPU cuda:1][TRAIN] Epoch: [4][300/2480], Elapsed 1m 25s (remain 10m 21s), Accuracy: 40.000(64.585), Loss: 1.282(0.832), LR: 0.000040
[GPU cuda:1][TRAIN] Epoch: [4][350/2480], Elapsed 1m 39s (remain 10m 6s), Accuracy: 100.000(64.160), Loss: 0.432(0.836), LR: 0.000040
[GPU cuda:1][TRAIN] Epoch: [4][400/2480], Elapsed 1m 54s (remain 9m 51s), Accuracy: 40.000(64.289), Loss: 0.928(0.840), LR: 0.000040
[GPU cuda:1][TRAIN] Epoch: [4][450/2480], Elapsed 2m 8s (remain 9m 37s), Accuracy: 60.000(64.169), Loss: 1.062(0.846), LR: 0.000041
[GPU cuda:1][TRAIN] Epoch: [4][500/2480], Elapsed 2m 22s (remain 9m 22s), Accuracy: 20.000(64.232), Loss: 1.409(0.847), LR: 0.000041
[GPU cuda:1][TRAIN] Epoch: [4][550/2480], Elapsed 2m 36s (remain 9m 8s), Accuracy: 100.000(63.775), Loss: 0.271(0.863), LR: 0.000041
[GPU cuda:1][TRAIN] Epoch: [4][600/2480], Elapsed 2m 50s (remain 8m 54s), Accuracy: 100.000(63.661), Loss: 0.083(0.866), LR: 0.000041
[GPU cuda:1][TRAIN] Epoch: [4][650/2480], Elapsed 3m 5s (remain 8m 39s), Accuracy: 100.000(63.533), Loss: 0.141(0.866), LR: 0.000042
[GPU cuda:1][TRAIN] Epoch: [4][700/2480], Elapsed 3m 19s (remain 8m 25s), Accuracy: 80.000(63.566), Loss: 0.706(0.867), LR: 0.000042
[GPU cuda:1][TRAIN] Epoch: [4][750/2480], Elapsed 3m 33s (remain 8m 11s), Accuracy: 100.000(63.435), Loss: 0.373(0.872), LR: 0.000042
[GPU cuda:1][TRAIN] Epoch: [4][800/2480], Elapsed 3m 47s (remain 7m 56s), Accuracy: 80.000(64.020), Loss: 0.365(0.862), LR: 0.000042
[GPU cuda:1][TRAIN] Epoch: [4][850/2480], Elapsed 4m 1s (remain 7m 42s), Accuracy: 60.000(64.160), Loss: 0.810(0.855), LR: 0.000043
[GPU cuda:1][TRAIN] Epoch: [4][900/2480], Elapsed 4m 15s (remain 7m 28s), Accuracy: 40.000(64.262), Loss: 1.366(0.853), LR: 0.000043
[GPU cuda:1][TRAIN] Epoch: [4][950/2480], Elapsed 4m 30s (remain 7m 14s), Accuracy: 60.000(64.248), Loss: 1.100(0.853), LR: 0.000043
[GPU cuda:1][TRAIN] Epoch: [4][1000/2480], Elapsed 4m 44s (remain 7m 0s), Accuracy: 60.000(64.176), Loss: 1.058(0.851), LR: 0.000043
[GPU cuda:1][TRAIN] Epoch: [4][1050/2480], Elapsed 4m 58s (remain 6m 45s), Accuracy: 40.000(64.244), Loss: 1.190(0.850), LR: 0.000044
[GPU cuda:1][TRAIN] Epoch: [4][1100/2480], Elapsed 5m 12s (remain 6m 31s), Accuracy: 100.000(64.541), Loss: 0.397(0.842), LR: 0.000044
[GPU cuda:1][TRAIN] Epoch: [4][1150/2480], Elapsed 5m 26s (remain 6m 17s), Accuracy: 60.000(64.414), Loss: 1.011(0.844), LR: 0.000044
[GPU cuda:1][TRAIN] Epoch: [4][1200/2480], Elapsed 5m 41s (remain 6m 3s), Accuracy: 40.000(64.596), Loss: 1.074(0.840), LR: 0.000044
[GPU cuda:1][TRAIN] Epoch: [4][1250/2480], Elapsed 5m 55s (remain 5m 49s), Accuracy: 40.000(64.572), Loss: 1.104(0.840), LR: 0.000044
[GPU cuda:1][TRAIN] Epoch: [4][1300/2480], Elapsed 6m 9s (remain 5m 34s), Accuracy: 60.000(64.550), Loss: 1.148(0.838), LR: 0.000045
[GPU cuda:1][TRAIN] Epoch: [4][1350/2480], Elapsed 6m 23s (remain 5m 20s), Accuracy: 80.000(64.589), Loss: 0.523(0.838), LR: 0.000045
[GPU cuda:1][TRAIN] Epoch: [4][1400/2480], Elapsed 6m 37s (remain 5m 6s), Accuracy: 100.000(64.525), Loss: 0.312(0.840), LR: 0.000045
[GPU cuda:1][TRAIN] Epoch: [4][1450/2480], Elapsed 6m 52s (remain 4m 52s), Accuracy: 100.000(64.659), Loss: 0.513(0.838), LR: 0.000045
[GPU cuda:1][TRAIN] Epoch: [4][1500/2480], Elapsed 7m 6s (remain 4m 38s), Accuracy: 80.000(64.677), Loss: 0.359(0.839), LR: 0.000045
[GPU cuda:1][TRAIN] Epoch: [4][1550/2480], Elapsed 7m 20s (remain 4m 23s), Accuracy: 100.000(64.603), Loss: 0.272(0.838), LR: 0.000046
[GPU cuda:1][TRAIN] Epoch: [4][1600/2480], Elapsed 7m 34s (remain 4m 9s), Accuracy: 100.000(64.535), Loss: 0.479(0.838), LR: 0.000046
[GPU cuda:1][TRAIN] Epoch: [4][1650/2480], Elapsed 7m 48s (remain 3m 55s), Accuracy: 100.000(64.724), Loss: 0.279(0.833), LR: 0.000046
[GPU cuda:1][TRAIN] Epoch: [4][1700/2480], Elapsed 8m 3s (remain 3m 41s), Accuracy: 80.000(64.703), Loss: 0.699(0.835), LR: 0.000046
[GPU cuda:1][TRAIN] Epoch: [4][1750/2480], Elapsed 8m 17s (remain 3m 27s), Accuracy: 40.000(64.843), Loss: 0.891(0.834), LR: 0.000046
[GPU cuda:1][TRAIN] Epoch: [4][1800/2480], Elapsed 8m 31s (remain 3m 12s), Accuracy: 60.000(64.864), Loss: 0.963(0.833), LR: 0.000047
[GPU cuda:1][TRAIN] Epoch: [4][1850/2480], Elapsed 8m 45s (remain 2m 58s), Accuracy: 60.000(64.722), Loss: 0.959(0.834), LR: 0.000047
[GPU cuda:1][TRAIN] Epoch: [4][1900/2480], Elapsed 9m 0s (remain 2m 44s), Accuracy: 80.000(64.734), Loss: 0.511(0.833), LR: 0.000047
[GPU cuda:1][TRAIN] Epoch: [4][1950/2480], Elapsed 9m 14s (remain 2m 30s), Accuracy: 60.000(64.613), Loss: 0.858(0.834), LR: 0.000047
[GPU cuda:1][TRAIN] Epoch: [4][2000/2480], Elapsed 9m 28s (remain 2m 16s), Accuracy: 60.000(64.738), Loss: 0.747(0.832), LR: 0.000047
[GPU cuda:1][TRAIN] Epoch: [4][2050/2480], Elapsed 9m 42s (remain 2m 1s), Accuracy: 40.000(64.525), Loss: 1.289(0.836), LR: 0.000047
[GPU cuda:1][TRAIN] Epoch: [4][2100/2480], Elapsed 9m 57s (remain 1m 47s), Accuracy: 80.000(64.712), Loss: 0.514(0.834), LR: 0.000048
[GPU cuda:1][TRAIN] Epoch: [4][2150/2480], Elapsed 10m 11s (remain 1m 33s), Accuracy: 20.000(64.816), Loss: 1.341(0.832), LR: 0.000048
[GPU cuda:1][TRAIN] Epoch: [4][2200/2480], Elapsed 10m 25s (remain 1m 19s), Accuracy: 60.000(64.861), Loss: 0.772(0.830), LR: 0.000048
[GPU cuda:1][TRAIN] Epoch: [4][2250/2480], Elapsed 10m 39s (remain 1m 5s), Accuracy: 80.000(64.860), Loss: 0.799(0.830), LR: 0.000048
[GPU cuda:1][TRAIN] Epoch: [4][2300/2480], Elapsed 10m 54s (remain 0m 50s), Accuracy: 80.000(64.885), Loss: 0.574(0.829), LR: 0.000048
[GPU cuda:1][TRAIN] Epoch: [4][2350/2480], Elapsed 11m 8s (remain 0m 36s), Accuracy: 80.000(64.883), Loss: 0.697(0.830), LR: 0.000048
[GPU cuda:1][TRAIN] Epoch: [4][2400/2480], Elapsed 11m 22s (remain 0m 22s), Accuracy: 40.000(64.981), Loss: 1.099(0.828), LR: 0.000048
[GPU cuda:1][TRAIN] Epoch: [4][2450/2480], Elapsed 11m 36s (remain 0m 8s), Accuracy: 80.000(65.051), Loss: 0.602(0.827), LR: 0.000048
[GPU cuda:1][TRAIN] Epoch: [4][2479/2480], Elapsed 11m 45s (remain 0m 0s), Accuracy: 40.000(65.024), Loss: 1.760(0.827), LR: 0.000049
[GPU cuda:1][VALID][0/388], Elapsed 0m 0s (remain 3m 24s), Accuracy: 75.000(75.000), Batch Loss: 0.4259, Average Loss: 0.4259
[GPU cuda:1][VALID][50/388], Elapsed 0m 12s (remain 1m 23s), Accuracy: 62.500(69.853), Batch Loss: 0.8537, Average Loss: 0.7121
[GPU cuda:1][VALID][100/388], Elapsed 0m 24s (remain 1m 10s), Accuracy: 75.000(69.307), Batch Loss: 0.8889, Average Loss: 0.7187
[GPU cuda:1][VALID][150/388], Elapsed 0m 37s (remain 0m 58s), Accuracy: 87.500(67.964), Batch Loss: 1.1498, Average Loss: 0.7527
[GPU cuda:1][VALID][200/388], Elapsed 0m 49s (remain 0m 45s), Accuracy: 75.000(67.973), Batch Loss: 0.5132, Average Loss: 0.7488
[GPU cuda:1][VALID][250/388], Elapsed 1m 1s (remain 0m 33s), Accuracy: 50.000(67.131), Batch Loss: 1.0709, Average Loss: 0.7624
[GPU cuda:1][VALID][300/388], Elapsed 1m 14s (remain 0m 21s), Accuracy: 62.500(67.442), Batch Loss: 0.9574, Average Loss: 0.7673
[GPU cuda:1][VALID][350/388], Elapsed 1m 26s (remain 0m 9s), Accuracy: 62.500(67.486), Batch Loss: 0.7072, Average Loss: 0.7606
[GPU cuda:1][VALID][387/388], Elapsed 1m 35s (remain 0m 0s), Accuracy: 100.000(67.719), Batch Loss: 0.8112, Average Loss: 0.7542
Valid Labels Samples: [2 0 1 4 1 0 3 1 4 3]
Valid Predictions Samples: [2, 0, 1, 3, 1, 0, 4, 1, 3, 0]
Epoch 4 - Train Average Loss: 65.024, Valid Average Loss: 67.719, Epoch Time: 802.774s
Epoch 4 - Accuracy: 0.677, Precision: 0.678, Recall: 0.677
Saved Best Model: 0.68
[GPU cuda:1][TRAIN] Epoch: [5][0/2480], Elapsed 0m 0s (remain 26m 39s), Accuracy: 80.000(80.000), Loss: 0.683(0.683), LR: 0.000049
[GPU cuda:1][TRAIN] Epoch: [5][50/2480], Elapsed 0m 15s (remain 11m 58s), Accuracy: 40.000(67.843), Loss: 0.872(0.727), LR: 0.000049
[GPU cuda:1][TRAIN] Epoch: [5][100/2480], Elapsed 0m 29s (remain 11m 31s), Accuracy: 80.000(67.327), Loss: 0.912(0.774), LR: 0.000049
[GPU cuda:1][TRAIN] Epoch: [5][150/2480], Elapsed 0m 43s (remain 11m 12s), Accuracy: 60.000(67.947), Loss: 0.933(0.762), LR: 0.000049
[GPU cuda:1][TRAIN] Epoch: [5][200/2480], Elapsed 0m 57s (remain 10m 55s), Accuracy: 60.000(67.264), Loss: 1.048(0.786), LR: 0.000049
[GPU cuda:1][TRAIN] Epoch: [5][250/2480], Elapsed 1m 12s (remain 10m 39s), Accuracy: 60.000(67.251), Loss: 0.537(0.785), LR: 0.000049
[GPU cuda:1][TRAIN] Epoch: [5][300/2480], Elapsed 1m 26s (remain 10m 24s), Accuracy: 40.000(67.110), Loss: 1.320(0.789), LR: 0.000049
[GPU cuda:1][TRAIN] Epoch: [5][350/2480], Elapsed 1m 40s (remain 10m 9s), Accuracy: 100.000(66.724), Loss: 0.535(0.792), LR: 0.000049
[GPU cuda:1][TRAIN] Epoch: [5][400/2480], Elapsed 1m 54s (remain 9m 54s), Accuracy: 60.000(66.883), Loss: 0.626(0.788), LR: 0.000049
[GPU cuda:1][TRAIN] Epoch: [5][450/2480], Elapsed 2m 8s (remain 9m 39s), Accuracy: 40.000(66.652), Loss: 1.284(0.793), LR: 0.000049
[GPU cuda:1][TRAIN] Epoch: [5][500/2480], Elapsed 2m 23s (remain 9m 25s), Accuracy: 40.000(66.946), Loss: 1.413(0.787), LR: 0.000049
[GPU cuda:1][TRAIN] Epoch: [5][550/2480], Elapsed 2m 37s (remain 9m 10s), Accuracy: 100.000(66.715), Loss: 0.295(0.800), LR: 0.000050
[GPU cuda:1][TRAIN] Epoch: [5][600/2480], Elapsed 2m 51s (remain 8m 55s), Accuracy: 100.000(66.522), Loss: 0.129(0.802), LR: 0.000050
[GPU cuda:1][TRAIN] Epoch: [5][650/2480], Elapsed 3m 5s (remain 8m 41s), Accuracy: 80.000(66.544), Loss: 0.263(0.803), LR: 0.000050
[GPU cuda:1][TRAIN] Epoch: [5][700/2480], Elapsed 3m 19s (remain 8m 27s), Accuracy: 60.000(66.134), Loss: 0.752(0.811), LR: 0.000050
[GPU cuda:1][TRAIN] Epoch: [5][750/2480], Elapsed 3m 34s (remain 8m 12s), Accuracy: 100.000(66.232), Loss: 0.316(0.813), LR: 0.000050
[GPU cuda:1][TRAIN] Epoch: [5][800/2480], Elapsed 3m 48s (remain 7m 58s), Accuracy: 60.000(66.442), Loss: 1.186(0.809), LR: 0.000050
[GPU cuda:1][TRAIN] Epoch: [5][850/2480], Elapsed 4m 2s (remain 7m 44s), Accuracy: 60.000(66.722), Loss: 0.965(0.802), LR: 0.000050
[GPU cuda:1][TRAIN] Epoch: [5][900/2480], Elapsed 4m 16s (remain 7m 29s), Accuracy: 60.000(66.815), Loss: 1.437(0.801), LR: 0.000050
[GPU cuda:1][TRAIN] Epoch: [5][950/2480], Elapsed 4m 30s (remain 7m 15s), Accuracy: 80.000(66.646), Loss: 0.725(0.807), LR: 0.000050
[GPU cuda:1][TRAIN] Epoch: [5][1000/2480], Elapsed 4m 44s (remain 7m 1s), Accuracy: 80.000(66.434), Loss: 0.871(0.806), LR: 0.000050
[GPU cuda:1][TRAIN] Epoch: [5][1050/2480], Elapsed 4m 59s (remain 6m 46s), Accuracy: 40.000(66.375), Loss: 1.197(0.809), LR: 0.000050
[GPU cuda:1][TRAIN] Epoch: [5][1100/2480], Elapsed 5m 13s (remain 6m 32s), Accuracy: 80.000(66.612), Loss: 0.372(0.803), LR: 0.000050
[GPU cuda:1][TRAIN] Epoch: [5][1150/2480], Elapsed 5m 27s (remain 6m 18s), Accuracy: 60.000(66.568), Loss: 0.798(0.803), LR: 0.000050
[GPU cuda:1][TRAIN] Epoch: [5][1200/2480], Elapsed 5m 41s (remain 6m 3s), Accuracy: 60.000(66.778), Loss: 0.936(0.798), LR: 0.000050
[GPU cuda:1][TRAIN] Epoch: [5][1250/2480], Elapsed 5m 55s (remain 5m 49s), Accuracy: 40.000(66.811), Loss: 1.180(0.797), LR: 0.000050
[GPU cuda:1][TRAIN] Epoch: [5][1300/2480], Elapsed 6m 9s (remain 5m 35s), Accuracy: 40.000(66.979), Loss: 0.862(0.795), LR: 0.000050
[GPU cuda:1][TRAIN] Epoch: [5][1350/2480], Elapsed 6m 24s (remain 5m 21s), Accuracy: 100.000(67.032), Loss: 0.249(0.795), LR: 0.000050
[GPU cuda:1][TRAIN] Epoch: [5][1400/2480], Elapsed 6m 38s (remain 5m 6s), Accuracy: 100.000(67.152), Loss: 0.425(0.794), LR: 0.000050
[GPU cuda:1][TRAIN] Epoch: [5][1450/2480], Elapsed 6m 52s (remain 4m 52s), Accuracy: 80.000(67.099), Loss: 0.623(0.797), LR: 0.000050
[GPU cuda:1][TRAIN] Epoch: [5][1500/2480], Elapsed 7m 6s (remain 4m 38s), Accuracy: 100.000(66.995), Loss: 0.333(0.798), LR: 0.000050
[GPU cuda:1][TRAIN] Epoch: [5][1550/2480], Elapsed 7m 20s (remain 4m 24s), Accuracy: 80.000(66.899), Loss: 0.337(0.798), LR: 0.000050
[GPU cuda:1][TRAIN] Epoch: [5][1600/2480], Elapsed 7m 34s (remain 4m 9s), Accuracy: 80.000(66.908), Loss: 0.982(0.798), LR: 0.000050
[GPU cuda:1][TRAIN] Epoch: [5][1650/2480], Elapsed 7m 49s (remain 3m 55s), Accuracy: 100.000(67.087), Loss: 0.316(0.793), LR: 0.000050
[GPU cuda:1][TRAIN] Epoch: [5][1700/2480], Elapsed 8m 3s (remain 3m 41s), Accuracy: 80.000(67.102), Loss: 0.563(0.793), LR: 0.000050
[GPU cuda:1][TRAIN] Epoch: [5][1750/2480], Elapsed 8m 17s (remain 3m 27s), Accuracy: 40.000(67.219), Loss: 1.018(0.791), LR: 0.000050
[GPU cuda:1][TRAIN] Epoch: [5][1800/2480], Elapsed 8m 31s (remain 3m 12s), Accuracy: 60.000(67.174), Loss: 0.613(0.791), LR: 0.000050
[GPU cuda:1][TRAIN] Epoch: [5][1850/2480], Elapsed 8m 45s (remain 2m 58s), Accuracy: 60.000(67.196), Loss: 0.732(0.790), LR: 0.000050
[GPU cuda:1][TRAIN] Epoch: [5][1900/2480], Elapsed 8m 59s (remain 2m 44s), Accuracy: 80.000(67.186), Loss: 0.466(0.790), LR: 0.000050
[GPU cuda:1][TRAIN] Epoch: [5][1950/2480], Elapsed 9m 13s (remain 2m 30s), Accuracy: 60.000(67.012), Loss: 0.794(0.792), LR: 0.000050
[GPU cuda:1][TRAIN] Epoch: [5][2000/2480], Elapsed 9m 28s (remain 2m 15s), Accuracy: 80.000(67.066), Loss: 0.774(0.790), LR: 0.000050
[GPU cuda:1][TRAIN] Epoch: [5][2050/2480], Elapsed 9m 42s (remain 2m 1s), Accuracy: 40.000(66.748), Loss: 1.263(0.797), LR: 0.000050
[GPU cuda:1][TRAIN] Epoch: [5][2100/2480], Elapsed 9m 56s (remain 1m 47s), Accuracy: 80.000(66.921), Loss: 0.470(0.794), LR: 0.000050
[GPU cuda:1][TRAIN] Epoch: [5][2150/2480], Elapsed 10m 10s (remain 1m 33s), Accuracy: 20.000(66.918), Loss: 1.935(0.793), LR: 0.000050
[GPU cuda:1][TRAIN] Epoch: [5][2200/2480], Elapsed 10m 24s (remain 1m 19s), Accuracy: 60.000(66.897), Loss: 0.776(0.793), LR: 0.000050
[GPU cuda:1][TRAIN] Epoch: [5][2250/2480], Elapsed 10m 38s (remain 1m 4s), Accuracy: 60.000(66.895), Loss: 0.826(0.794), LR: 0.000050
[GPU cuda:1][TRAIN] Epoch: [5][2300/2480], Elapsed 10m 52s (remain 0m 50s), Accuracy: 80.000(66.988), Loss: 0.587(0.792), LR: 0.000050
[GPU cuda:1][TRAIN] Epoch: [5][2350/2480], Elapsed 11m 6s (remain 0m 36s), Accuracy: 80.000(67.069), Loss: 0.515(0.791), LR: 0.000050
[GPU cuda:1][TRAIN] Epoch: [5][2400/2480], Elapsed 11m 21s (remain 0m 22s), Accuracy: 40.000(67.205), Loss: 1.062(0.790), LR: 0.000050
[GPU cuda:1][TRAIN] Epoch: [5][2450/2480], Elapsed 11m 35s (remain 0m 8s), Accuracy: 80.000(67.303), Loss: 0.433(0.787), LR: 0.000050
[GPU cuda:1][TRAIN] Epoch: [5][2479/2480], Elapsed 11m 43s (remain 0m 0s), Accuracy: 40.000(67.323), Loss: 1.764(0.787), LR: 0.000050
[GPU cuda:1][VALID][0/388], Elapsed 0m 0s (remain 3m 27s), Accuracy: 75.000(75.000), Batch Loss: 0.3632, Average Loss: 0.3632
[GPU cuda:1][VALID][50/388], Elapsed 0m 12s (remain 1m 23s), Accuracy: 62.500(71.569), Batch Loss: 1.2483, Average Loss: 0.7081
[GPU cuda:1][VALID][100/388], Elapsed 0m 24s (remain 1m 10s), Accuracy: 62.500(71.535), Batch Loss: 0.9771, Average Loss: 0.7193
[GPU cuda:1][VALID][150/388], Elapsed 0m 36s (remain 0m 57s), Accuracy: 62.500(69.619), Batch Loss: 1.6718, Average Loss: 0.7659
[GPU cuda:1][VALID][200/388], Elapsed 0m 49s (remain 0m 45s), Accuracy: 87.500(69.403), Batch Loss: 0.3472, Average Loss: 0.7605
[GPU cuda:1][VALID][250/388], Elapsed 1m 1s (remain 0m 33s), Accuracy: 50.000(68.526), Batch Loss: 0.8564, Average Loss: 0.7761
[GPU cuda:1][VALID][300/388], Elapsed 1m 13s (remain 0m 21s), Accuracy: 50.000(68.148), Batch Loss: 0.9145, Average Loss: 0.7810
[GPU cuda:1][VALID][350/388], Elapsed 1m 25s (remain 0m 9s), Accuracy: 62.500(68.554), Batch Loss: 0.8042, Average Loss: 0.7763
[GPU cuda:1][VALID][387/388], Elapsed 1m 34s (remain 0m 0s), Accuracy: 50.000(68.653), Batch Loss: 0.6647, Average Loss: 0.7689
Valid Labels Samples: [2 0 1 4 1 0 3 1 4 3]
Valid Predictions Samples: [2, 0, 1, 3, 1, 1, 3, 1, 3, 4]
Epoch 5 - Train Average Loss: 67.323, Valid Average Loss: 68.653, Epoch Time: 800.288s
Epoch 5 - Accuracy: 0.687, Precision: 0.706, Recall: 0.687
Saved Best Model: 0.69
[GPU cuda:1][TRAIN] Epoch: [6][0/2480], Elapsed 0m 0s (remain 26m 35s), Accuracy: 80.000(80.000), Loss: 0.791(0.791), LR: 0.000050
[GPU cuda:1][TRAIN] Epoch: [6][50/2480], Elapsed 0m 14s (remain 11m 53s), Accuracy: 60.000(69.804), Loss: 1.081(0.665), LR: 0.000050
[GPU cuda:1][TRAIN] Epoch: [6][100/2480], Elapsed 0m 29s (remain 11m 27s), Accuracy: 80.000(70.099), Loss: 0.648(0.689), LR: 0.000050
[GPU cuda:1][TRAIN] Epoch: [6][150/2480], Elapsed 0m 43s (remain 11m 8s), Accuracy: 60.000(70.331), Loss: 0.745(0.691), LR: 0.000050
[GPU cuda:1][TRAIN] Epoch: [6][200/2480], Elapsed 0m 57s (remain 10m 52s), Accuracy: 80.000(69.652), Loss: 0.579(0.718), LR: 0.000050
[GPU cuda:1][TRAIN] Epoch: [6][250/2480], Elapsed 1m 11s (remain 10m 37s), Accuracy: 80.000(69.562), Loss: 0.448(0.723), LR: 0.000050
[GPU cuda:1][TRAIN] Epoch: [6][300/2480], Elapsed 1m 25s (remain 10m 21s), Accuracy: 40.000(69.767), Loss: 1.050(0.721), LR: 0.000050
[GPU cuda:1][TRAIN] Epoch: [6][350/2480], Elapsed 1m 40s (remain 10m 6s), Accuracy: 80.000(69.060), Loss: 0.753(0.733), LR: 0.000050
[GPU cuda:1][TRAIN] Epoch: [6][400/2480], Elapsed 1m 54s (remain 9m 52s), Accuracy: 60.000(69.077), Loss: 0.742(0.730), LR: 0.000050
[GPU cuda:1][TRAIN] Epoch: [6][450/2480], Elapsed 2m 8s (remain 9m 37s), Accuracy: 80.000(69.135), Loss: 0.551(0.735), LR: 0.000049
[GPU cuda:1][TRAIN] Epoch: [6][500/2480], Elapsed 2m 22s (remain 9m 22s), Accuracy: 40.000(69.461), Loss: 1.330(0.727), LR: 0.000049
[GPU cuda:1][TRAIN] Epoch: [6][550/2480], Elapsed 2m 36s (remain 9m 8s), Accuracy: 100.000(69.510), Loss: 0.081(0.732), LR: 0.000049
[GPU cuda:1][TRAIN] Epoch: [6][600/2480], Elapsed 2m 50s (remain 8m 54s), Accuracy: 100.000(69.451), Loss: 0.069(0.733), LR: 0.000049
[GPU cuda:1][TRAIN] Epoch: [6][650/2480], Elapsed 3m 4s (remain 8m 39s), Accuracy: 100.000(69.370), Loss: 0.075(0.736), LR: 0.000049
[GPU cuda:1][TRAIN] Epoch: [6][700/2480], Elapsed 3m 19s (remain 8m 25s), Accuracy: 80.000(69.130), Loss: 0.415(0.743), LR: 0.000049
[GPU cuda:1][TRAIN] Epoch: [6][750/2480], Elapsed 3m 33s (remain 8m 11s), Accuracy: 100.000(69.161), Loss: 0.433(0.746), LR: 0.000049
[GPU cuda:1][TRAIN] Epoch: [6][800/2480], Elapsed 3m 47s (remain 7m 56s), Accuracy: 80.000(69.288), Loss: 0.526(0.743), LR: 0.000049
[GPU cuda:1][TRAIN] Epoch: [6][850/2480], Elapsed 4m 1s (remain 7m 42s), Accuracy: 60.000(69.495), Loss: 0.838(0.739), LR: 0.000049
[GPU cuda:1][TRAIN] Epoch: [6][900/2480], Elapsed 4m 15s (remain 7m 28s), Accuracy: 80.000(69.856), Loss: 0.614(0.732), LR: 0.000049
[GPU cuda:1][TRAIN] Epoch: [6][950/2480], Elapsed 4m 30s (remain 7m 14s), Accuracy: 60.000(69.905), Loss: 1.004(0.729), LR: 0.000049
[GPU cuda:1][TRAIN] Epoch: [6][1000/2480], Elapsed 4m 44s (remain 6m 59s), Accuracy: 60.000(69.930), Loss: 0.911(0.727), LR: 0.000049
[GPU cuda:1][TRAIN] Epoch: [6][1050/2480], Elapsed 4m 58s (remain 6m 45s), Accuracy: 60.000(69.914), Loss: 0.910(0.727), LR: 0.000049
[GPU cuda:1][TRAIN] Epoch: [6][1100/2480], Elapsed 5m 12s (remain 6m 31s), Accuracy: 60.000(70.045), Loss: 0.439(0.721), LR: 0.000049
[GPU cuda:1][TRAIN] Epoch: [6][1150/2480], Elapsed 5m 26s (remain 6m 17s), Accuracy: 80.000(70.009), Loss: 0.767(0.721), LR: 0.000049
[GPU cuda:1][TRAIN] Epoch: [6][1200/2480], Elapsed 5m 41s (remain 6m 3s), Accuracy: 80.000(70.225), Loss: 0.670(0.714), LR: 0.000049
[GPU cuda:1][TRAIN] Epoch: [6][1250/2480], Elapsed 5m 55s (remain 5m 48s), Accuracy: 60.000(70.120), Loss: 0.767(0.715), LR: 0.000049
[GPU cuda:1][TRAIN] Epoch: [6][1300/2480], Elapsed 6m 9s (remain 5m 34s), Accuracy: 60.000(70.346), Loss: 0.641(0.712), LR: 0.000049
[GPU cuda:1][TRAIN] Epoch: [6][1350/2480], Elapsed 6m 23s (remain 5m 20s), Accuracy: 80.000(70.348), Loss: 0.319(0.711), LR: 0.000049
[GPU cuda:1][TRAIN] Epoch: [6][1400/2480], Elapsed 6m 37s (remain 5m 6s), Accuracy: 100.000(70.236), Loss: 0.316(0.714), LR: 0.000049
[GPU cuda:1][TRAIN] Epoch: [6][1450/2480], Elapsed 6m 52s (remain 4m 52s), Accuracy: 100.000(70.255), Loss: 0.381(0.713), LR: 0.000049
[GPU cuda:1][TRAIN] Epoch: [6][1500/2480], Elapsed 7m 6s (remain 4m 38s), Accuracy: 100.000(70.260), Loss: 0.129(0.713), LR: 0.000049
[GPU cuda:1][TRAIN] Epoch: [6][1550/2480], Elapsed 7m 20s (remain 4m 23s), Accuracy: 100.000(70.342), Loss: 0.284(0.712), LR: 0.000049
[GPU cuda:1][TRAIN] Epoch: [6][1600/2480], Elapsed 7m 34s (remain 4m 9s), Accuracy: 100.000(70.369), Loss: 0.288(0.711), LR: 0.000049
[GPU cuda:1][TRAIN] Epoch: [6][1650/2480], Elapsed 7m 48s (remain 3m 55s), Accuracy: 100.000(70.551), Loss: 0.256(0.707), LR: 0.000048
[GPU cuda:1][TRAIN] Epoch: [6][1700/2480], Elapsed 8m 2s (remain 3m 41s), Accuracy: 80.000(70.535), Loss: 0.448(0.708), LR: 0.000048
[GPU cuda:1][TRAIN] Epoch: [6][1750/2480], Elapsed 8m 17s (remain 3m 26s), Accuracy: 40.000(70.645), Loss: 2.099(0.706), LR: 0.000048
[GPU cuda:1][TRAIN] Epoch: [6][1800/2480], Elapsed 8m 31s (remain 3m 12s), Accuracy: 80.000(70.572), Loss: 0.455(0.706), LR: 0.000048
[GPU cuda:1][TRAIN] Epoch: [6][1850/2480], Elapsed 8m 45s (remain 2m 58s), Accuracy: 60.000(70.600), Loss: 0.840(0.704), LR: 0.000048
[GPU cuda:1][TRAIN] Epoch: [6][1900/2480], Elapsed 8m 59s (remain 2m 44s), Accuracy: 80.000(70.594), Loss: 0.585(0.705), LR: 0.000048
[GPU cuda:1][TRAIN] Epoch: [6][1950/2480], Elapsed 9m 13s (remain 2m 30s), Accuracy: 80.000(70.579), Loss: 0.326(0.705), LR: 0.000048
[GPU cuda:1][TRAIN] Epoch: [6][2000/2480], Elapsed 9m 28s (remain 2m 16s), Accuracy: 60.000(70.675), Loss: 0.925(0.704), LR: 0.000048
[GPU cuda:1][TRAIN] Epoch: [6][2050/2480], Elapsed 9m 42s (remain 2m 1s), Accuracy: 40.000(70.561), Loss: 1.150(0.706), LR: 0.000048
[GPU cuda:1][TRAIN] Epoch: [6][2100/2480], Elapsed 9m 56s (remain 1m 47s), Accuracy: 60.000(70.681), Loss: 0.454(0.702), LR: 0.000048
[GPU cuda:1][TRAIN] Epoch: [6][2150/2480], Elapsed 10m 10s (remain 1m 33s), Accuracy: 60.000(70.693), Loss: 0.796(0.703), LR: 0.000048
[GPU cuda:1][TRAIN] Epoch: [6][2200/2480], Elapsed 10m 25s (remain 1m 19s), Accuracy: 80.000(70.741), Loss: 0.622(0.702), LR: 0.000048
[GPU cuda:1][TRAIN] Epoch: [6][2250/2480], Elapsed 10m 39s (remain 1m 5s), Accuracy: 80.000(70.697), Loss: 0.864(0.704), LR: 0.000048
[GPU cuda:1][TRAIN] Epoch: [6][2300/2480], Elapsed 10m 53s (remain 0m 50s), Accuracy: 80.000(70.769), Loss: 0.509(0.704), LR: 0.000048
[GPU cuda:1][TRAIN] Epoch: [6][2350/2480], Elapsed 11m 7s (remain 0m 36s), Accuracy: 100.000(70.736), Loss: 0.439(0.705), LR: 0.000048
[GPU cuda:1][TRAIN] Epoch: [6][2400/2480], Elapsed 11m 21s (remain 0m 22s), Accuracy: 60.000(70.904), Loss: 0.730(0.702), LR: 0.000048
[GPU cuda:1][TRAIN] Epoch: [6][2450/2480], Elapsed 11m 36s (remain 0m 8s), Accuracy: 80.000(70.967), Loss: 0.568(0.699), LR: 0.000048
[GPU cuda:1][TRAIN] Epoch: [6][2479/2480], Elapsed 11m 44s (remain 0m 0s), Accuracy: 40.000(70.968), Loss: 1.240(0.699), LR: 0.000048
[GPU cuda:1][VALID][0/388], Elapsed 0m 0s (remain 3m 28s), Accuracy: 75.000(75.000), Batch Loss: 0.4978, Average Loss: 0.4978
[GPU cuda:1][VALID][50/388], Elapsed 0m 12s (remain 1m 23s), Accuracy: 75.000(71.324), Batch Loss: 0.5935, Average Loss: 0.7631
[GPU cuda:1][VALID][100/388], Elapsed 0m 24s (remain 1m 10s), Accuracy: 62.500(71.040), Batch Loss: 0.9383, Average Loss: 0.7473
[GPU cuda:1][VALID][150/388], Elapsed 0m 37s (remain 0m 58s), Accuracy: 62.500(69.205), Batch Loss: 1.1788, Average Loss: 0.7822
[GPU cuda:1][VALID][200/388], Elapsed 0m 49s (remain 0m 45s), Accuracy: 62.500(68.346), Batch Loss: 0.5387, Average Loss: 0.7790
[GPU cuda:1][VALID][250/388], Elapsed 1m 1s (remain 0m 33s), Accuracy: 50.000(68.078), Batch Loss: 1.0351, Average Loss: 0.7849
[GPU cuda:1][VALID][300/388], Elapsed 1m 14s (remain 0m 21s), Accuracy: 50.000(68.023), Batch Loss: 1.1042, Average Loss: 0.7942
[GPU cuda:1][VALID][350/388], Elapsed 1m 26s (remain 0m 9s), Accuracy: 50.000(68.162), Batch Loss: 0.8895, Average Loss: 0.7918
[GPU cuda:1][VALID][387/388], Elapsed 1m 35s (remain 0m 0s), Accuracy: 75.000(68.460), Batch Loss: 0.8071, Average Loss: 0.7850
Valid Labels Samples: [2 0 1 4 1 0 3 1 4 3]
Valid Predictions Samples: [2, 0, 1, 3, 1, 1, 3, 1, 3, 0]
Epoch 6 - Train Average Loss: 70.968, Valid Average Loss: 68.460, Epoch Time: 802.182s
Epoch 6 - Accuracy: 0.685, Precision: 0.709, Recall: 0.685
[GPU cuda:1][TRAIN] Epoch: [7][0/2480], Elapsed 0m 0s (remain 26m 45s), Accuracy: 80.000(80.000), Loss: 0.625(0.625), LR: 0.000048
[GPU cuda:1][TRAIN] Epoch: [7][50/2480], Elapsed 0m 15s (remain 11m 58s), Accuracy: 60.000(74.118), Loss: 0.728(0.621), LR: 0.000047
[GPU cuda:1][TRAIN] Epoch: [7][100/2480], Elapsed 0m 29s (remain 11m 32s), Accuracy: 80.000(73.465), Loss: 0.999(0.633), LR: 0.000047
[GPU cuda:1][TRAIN] Epoch: [7][150/2480], Elapsed 0m 43s (remain 11m 13s), Accuracy: 60.000(74.172), Loss: 0.908(0.629), LR: 0.000047
[GPU cuda:1][TRAIN] Epoch: [7][200/2480], Elapsed 0m 57s (remain 10m 56s), Accuracy: 40.000(71.144), Loss: 0.904(0.704), LR: 0.000047
[GPU cuda:1][TRAIN] Epoch: [7][250/2480], Elapsed 1m 12s (remain 10m 40s), Accuracy: 100.000(71.155), Loss: 0.175(0.701), LR: 0.000047
[GPU cuda:1][TRAIN] Epoch: [7][300/2480], Elapsed 1m 26s (remain 10m 25s), Accuracy: 40.000(71.296), Loss: 1.030(0.692), LR: 0.000047
[GPU cuda:1][TRAIN] Epoch: [7][350/2480], Elapsed 1m 40s (remain 10m 10s), Accuracy: 100.000(71.282), Loss: 0.256(0.691), LR: 0.000047
[GPU cuda:1][TRAIN] Epoch: [7][400/2480], Elapsed 1m 54s (remain 9m 55s), Accuracy: 60.000(71.521), Loss: 0.604(0.686), LR: 0.000047
[GPU cuda:1][TRAIN] Epoch: [7][450/2480], Elapsed 2m 9s (remain 9m 40s), Accuracy: 80.000(71.840), Loss: 0.557(0.686), LR: 0.000047
[GPU cuda:1][TRAIN] Epoch: [7][500/2480], Elapsed 2m 23s (remain 9m 25s), Accuracy: 40.000(71.896), Loss: 1.012(0.678), LR: 0.000047
[GPU cuda:1][TRAIN] Epoch: [7][550/2480], Elapsed 2m 37s (remain 9m 11s), Accuracy: 100.000(72.015), Loss: 0.168(0.681), LR: 0.000047
[GPU cuda:1][TRAIN] Epoch: [7][600/2480], Elapsed 2m 51s (remain 8m 56s), Accuracy: 100.000(72.113), Loss: 0.047(0.681), LR: 0.000047
[GPU cuda:1][TRAIN] Epoch: [7][650/2480], Elapsed 3m 5s (remain 8m 42s), Accuracy: 100.000(72.166), Loss: 0.066(0.681), LR: 0.000047
[GPU cuda:1][TRAIN] Epoch: [7][700/2480], Elapsed 3m 20s (remain 8m 27s), Accuracy: 60.000(71.812), Loss: 0.476(0.688), LR: 0.000047
[GPU cuda:1][TRAIN] Epoch: [7][750/2480], Elapsed 3m 34s (remain 8m 13s), Accuracy: 80.000(71.877), Loss: 0.516(0.688), LR: 0.000046
[GPU cuda:1][TRAIN] Epoch: [7][800/2480], Elapsed 3m 48s (remain 7m 59s), Accuracy: 80.000(72.060), Loss: 0.423(0.684), LR: 0.000046
[GPU cuda:1][TRAIN] Epoch: [7][850/2480], Elapsed 4m 2s (remain 7m 44s), Accuracy: 60.000(72.197), Loss: 0.898(0.678), LR: 0.000046
[GPU cuda:1][TRAIN] Epoch: [7][900/2480], Elapsed 4m 17s (remain 7m 30s), Accuracy: 60.000(72.186), Loss: 1.668(0.677), LR: 0.000046
[GPU cuda:1][TRAIN] Epoch: [7][950/2480], Elapsed 4m 31s (remain 7m 16s), Accuracy: 20.000(72.114), Loss: 1.084(0.675), LR: 0.000046
[GPU cuda:1][TRAIN] Epoch: [7][1000/2480], Elapsed 4m 45s (remain 7m 1s), Accuracy: 60.000(72.008), Loss: 0.892(0.672), LR: 0.000046
[GPU cuda:1][TRAIN] Epoch: [7][1050/2480], Elapsed 4m 59s (remain 6m 47s), Accuracy: 80.000(72.103), Loss: 0.723(0.671), LR: 0.000046
[GPU cuda:1][TRAIN] Epoch: [7][1100/2480], Elapsed 5m 13s (remain 6m 33s), Accuracy: 80.000(72.134), Loss: 0.347(0.667), LR: 0.000046
[GPU cuda:1][TRAIN] Epoch: [7][1150/2480], Elapsed 5m 28s (remain 6m 18s), Accuracy: 60.000(71.955), Loss: 0.850(0.669), LR: 0.000046
[GPU cuda:1][TRAIN] Epoch: [7][1200/2480], Elapsed 5m 42s (remain 6m 4s), Accuracy: 80.000(72.306), Loss: 0.680(0.662), LR: 0.000046
[GPU cuda:1][TRAIN] Epoch: [7][1250/2480], Elapsed 5m 56s (remain 5m 50s), Accuracy: 40.000(72.406), Loss: 0.916(0.661), LR: 0.000046
[GPU cuda:1][TRAIN] Epoch: [7][1300/2480], Elapsed 6m 10s (remain 5m 35s), Accuracy: 60.000(72.513), Loss: 0.652(0.658), LR: 0.000046
[GPU cuda:1][TRAIN] Epoch: [7][1350/2480], Elapsed 6m 24s (remain 5m 21s), Accuracy: 80.000(72.598), Loss: 0.330(0.657), LR: 0.000045
[GPU cuda:1][TRAIN] Epoch: [7][1400/2480], Elapsed 6m 39s (remain 5m 7s), Accuracy: 80.000(72.520), Loss: 0.421(0.659), LR: 0.000045
[GPU cuda:1][TRAIN] Epoch: [7][1450/2480], Elapsed 6m 53s (remain 4m 53s), Accuracy: 100.000(72.640), Loss: 0.440(0.659), LR: 0.000045
[GPU cuda:1][TRAIN] Epoch: [7][1500/2480], Elapsed 7m 7s (remain 4m 38s), Accuracy: 100.000(72.645), Loss: 0.123(0.659), LR: 0.000045
[GPU cuda:1][TRAIN] Epoch: [7][1550/2480], Elapsed 7m 21s (remain 4m 24s), Accuracy: 100.000(72.740), Loss: 0.249(0.656), LR: 0.000045
[GPU cuda:1][TRAIN] Epoch: [7][1600/2480], Elapsed 7m 35s (remain 4m 10s), Accuracy: 100.000(72.817), Loss: 0.200(0.654), LR: 0.000045
[GPU cuda:1][TRAIN] Epoch: [7][1650/2480], Elapsed 7m 49s (remain 3m 55s), Accuracy: 80.000(72.950), Loss: 0.239(0.650), LR: 0.000045
[GPU cuda:1][TRAIN] Epoch: [7][1700/2480], Elapsed 8m 4s (remain 3m 41s), Accuracy: 60.000(73.110), Loss: 0.705(0.649), LR: 0.000045
[GPU cuda:1][TRAIN] Epoch: [7][1750/2480], Elapsed 8m 18s (remain 3m 27s), Accuracy: 80.000(73.284), Loss: 0.373(0.646), LR: 0.000045
[GPU cuda:1][TRAIN] Epoch: [7][1800/2480], Elapsed 8m 32s (remain 3m 13s), Accuracy: 80.000(73.359), Loss: 0.513(0.644), LR: 0.000045
[GPU cuda:1][TRAIN] Epoch: [7][1850/2480], Elapsed 8m 46s (remain 2m 58s), Accuracy: 80.000(73.323), Loss: 0.475(0.644), LR: 0.000045
[GPU cuda:1][TRAIN] Epoch: [7][1900/2480], Elapsed 9m 0s (remain 2m 44s), Accuracy: 60.000(73.277), Loss: 0.456(0.644), LR: 0.000044
[GPU cuda:1][TRAIN] Epoch: [7][1950/2480], Elapsed 9m 15s (remain 2m 30s), Accuracy: 100.000(73.132), Loss: 0.382(0.646), LR: 0.000044
[GPU cuda:1][TRAIN] Epoch: [7][2000/2480], Elapsed 9m 29s (remain 2m 16s), Accuracy: 80.000(73.233), Loss: 0.535(0.644), LR: 0.000044
[GPU cuda:1][TRAIN] Epoch: [7][2050/2480], Elapsed 9m 43s (remain 2m 2s), Accuracy: 40.000(73.067), Loss: 1.084(0.649), LR: 0.000044
[GPU cuda:1][TRAIN] Epoch: [7][2100/2480], Elapsed 9m 57s (remain 1m 47s), Accuracy: 100.000(73.241), Loss: 0.081(0.646), LR: 0.000044
[GPU cuda:1][TRAIN] Epoch: [7][2150/2480], Elapsed 10m 11s (remain 1m 33s), Accuracy: 80.000(73.287), Loss: 0.521(0.643), LR: 0.000044
[GPU cuda:1][TRAIN] Epoch: [7][2200/2480], Elapsed 10m 25s (remain 1m 19s), Accuracy: 80.000(73.358), Loss: 0.586(0.643), LR: 0.000044
[GPU cuda:1][TRAIN] Epoch: [7][2250/2480], Elapsed 10m 40s (remain 1m 5s), Accuracy: 60.000(73.247), Loss: 0.881(0.644), LR: 0.000044
[GPU cuda:1][TRAIN] Epoch: [7][2300/2480], Elapsed 10m 54s (remain 0m 50s), Accuracy: 40.000(73.307), Loss: 0.909(0.644), LR: 0.000044
[GPU cuda:1][TRAIN] Epoch: [7][2350/2480], Elapsed 11m 8s (remain 0m 36s), Accuracy: 60.000(73.356), Loss: 0.953(0.645), LR: 0.000044
[GPU cuda:1][TRAIN] Epoch: [7][2400/2480], Elapsed 11m 22s (remain 0m 22s), Accuracy: 60.000(73.519), Loss: 0.952(0.642), LR: 0.000043
[GPU cuda:1][TRAIN] Epoch: [7][2450/2480], Elapsed 11m 36s (remain 0m 8s), Accuracy: 80.000(73.733), Loss: 0.517(0.637), LR: 0.000043
[GPU cuda:1][TRAIN] Epoch: [7][2479/2480], Elapsed 11m 44s (remain 0m 0s), Accuracy: 60.000(73.774), Loss: 0.759(0.637), LR: 0.000043
[GPU cuda:1][VALID][0/388], Elapsed 0m 0s (remain 3m 20s), Accuracy: 75.000(75.000), Batch Loss: 0.4502, Average Loss: 0.4502
[GPU cuda:1][VALID][50/388], Elapsed 0m 12s (remain 1m 23s), Accuracy: 75.000(69.363), Batch Loss: 1.0236, Average Loss: 0.8267
[GPU cuda:1][VALID][100/388], Elapsed 0m 24s (remain 1m 10s), Accuracy: 75.000(68.936), Batch Loss: 1.1069, Average Loss: 0.8140
[GPU cuda:1][VALID][150/388], Elapsed 0m 36s (remain 0m 57s), Accuracy: 62.500(67.301), Batch Loss: 1.2869, Average Loss: 0.8406
[GPU cuda:1][VALID][200/388], Elapsed 0m 49s (remain 0m 45s), Accuracy: 100.000(68.159), Batch Loss: 0.1923, Average Loss: 0.8335
[GPU cuda:1][VALID][250/388], Elapsed 1m 1s (remain 0m 33s), Accuracy: 50.000(68.078), Batch Loss: 0.8765, Average Loss: 0.8505
[GPU cuda:1][VALID][300/388], Elapsed 1m 13s (remain 0m 21s), Accuracy: 62.500(67.816), Batch Loss: 0.7482, Average Loss: 0.8640
[GPU cuda:1][VALID][350/388], Elapsed 1m 25s (remain 0m 9s), Accuracy: 50.000(68.127), Batch Loss: 1.1506, Average Loss: 0.8627
[GPU cuda:1][VALID][387/388], Elapsed 1m 34s (remain 0m 0s), Accuracy: 75.000(68.235), Batch Loss: 0.5340, Average Loss: 0.8554
Valid Labels Samples: [2 0 1 4 1 0 3 1 4 3]
Valid Predictions Samples: [2, 0, 1, 3, 1, 1, 3, 1, 3, 4]
Epoch 7 - Train Average Loss: 73.774, Valid Average Loss: 68.235, Epoch Time: 801.661s
Epoch 7 - Accuracy: 0.682, Precision: 0.692, Recall: 0.682
[GPU cuda:1][TRAIN] Epoch: [8][0/2480], Elapsed 0m 0s (remain 27m 26s), Accuracy: 80.000(80.000), Loss: 0.547(0.547), LR: 0.000043
[GPU cuda:1][TRAIN] Epoch: [8][50/2480], Elapsed 0m 15s (remain 11m 55s), Accuracy: 40.000(77.647), Loss: 1.222(0.509), LR: 0.000043
[GPU cuda:1][TRAIN] Epoch: [8][100/2480], Elapsed 0m 29s (remain 11m 27s), Accuracy: 80.000(76.238), Loss: 0.701(0.565), LR: 0.000043
[GPU cuda:1][TRAIN] Epoch: [8][150/2480], Elapsed 0m 43s (remain 11m 8s), Accuracy: 80.000(76.821), Loss: 0.589(0.561), LR: 0.000043
[GPU cuda:1][TRAIN] Epoch: [8][200/2480], Elapsed 0m 57s (remain 10m 52s), Accuracy: 60.000(75.721), Loss: 0.704(0.599), LR: 0.000043
[GPU cuda:1][TRAIN] Epoch: [8][250/2480], Elapsed 1m 11s (remain 10m 36s), Accuracy: 100.000(76.096), Loss: 0.102(0.597), LR: 0.000043
[GPU cuda:1][TRAIN] Epoch: [8][300/2480], Elapsed 1m 25s (remain 10m 21s), Accuracy: 40.000(76.080), Loss: 1.046(0.591), LR: 0.000043
[GPU cuda:1][TRAIN] Epoch: [8][350/2480], Elapsed 1m 39s (remain 10m 6s), Accuracy: 60.000(76.011), Loss: 1.487(0.594), LR: 0.000043
[GPU cuda:1][TRAIN] Epoch: [8][400/2480], Elapsed 1m 54s (remain 9m 51s), Accuracy: 60.000(76.060), Loss: 0.586(0.593), LR: 0.000042
[GPU cuda:1][TRAIN] Epoch: [8][450/2480], Elapsed 2m 8s (remain 9m 37s), Accuracy: 60.000(76.009), Loss: 0.886(0.594), LR: 0.000042
[GPU cuda:1][TRAIN] Epoch: [8][500/2480], Elapsed 2m 22s (remain 9m 22s), Accuracy: 40.000(76.287), Loss: 1.035(0.585), LR: 0.000042
[GPU cuda:1][TRAIN] Epoch: [8][550/2480], Elapsed 2m 36s (remain 9m 8s), Accuracy: 100.000(76.152), Loss: 0.085(0.589), LR: 0.000042
[GPU cuda:1][TRAIN] Epoch: [8][600/2480], Elapsed 2m 50s (remain 8m 53s), Accuracy: 100.000(75.907), Loss: 0.112(0.598), LR: 0.000042
[GPU cuda:1][TRAIN] Epoch: [8][650/2480], Elapsed 3m 4s (remain 8m 39s), Accuracy: 100.000(75.637), Loss: 0.050(0.601), LR: 0.000042
[GPU cuda:1][TRAIN] Epoch: [8][700/2480], Elapsed 3m 19s (remain 8m 25s), Accuracy: 100.000(75.264), Loss: 0.335(0.609), LR: 0.000042
[GPU cuda:1][TRAIN] Epoch: [8][750/2480], Elapsed 3m 33s (remain 8m 10s), Accuracy: 100.000(75.419), Loss: 0.110(0.608), LR: 0.000042
[GPU cuda:1][TRAIN] Epoch: [8][800/2480], Elapsed 3m 47s (remain 7m 56s), Accuracy: 100.000(75.805), Loss: 0.225(0.601), LR: 0.000042
[GPU cuda:1][TRAIN] Epoch: [8][850/2480], Elapsed 4m 1s (remain 7m 42s), Accuracy: 80.000(76.028), Loss: 0.576(0.596), LR: 0.000041
[GPU cuda:1][TRAIN] Epoch: [8][900/2480], Elapsed 4m 15s (remain 7m 27s), Accuracy: 60.000(76.138), Loss: 1.026(0.595), LR: 0.000041
[GPU cuda:1][TRAIN] Epoch: [8][950/2480], Elapsed 4m 29s (remain 7m 13s), Accuracy: 60.000(76.215), Loss: 0.717(0.592), LR: 0.000041
[GPU cuda:1][TRAIN] Epoch: [8][1000/2480], Elapsed 4m 43s (remain 6m 59s), Accuracy: 60.000(76.324), Loss: 0.865(0.590), LR: 0.000041
[GPU cuda:1][TRAIN] Epoch: [8][1050/2480], Elapsed 4m 57s (remain 6m 45s), Accuracy: 60.000(76.594), Loss: 0.779(0.586), LR: 0.000041
[GPU cuda:1][TRAIN] Epoch: [8][1100/2480], Elapsed 5m 12s (remain 6m 30s), Accuracy: 80.000(76.676), Loss: 0.226(0.582), LR: 0.000041
[GPU cuda:1][TRAIN] Epoch: [8][1150/2480], Elapsed 5m 26s (remain 6m 16s), Accuracy: 100.000(76.577), Loss: 0.321(0.583), LR: 0.000041
[GPU cuda:1][TRAIN] Epoch: [8][1200/2480], Elapsed 5m 40s (remain 6m 2s), Accuracy: 100.000(76.703), Loss: 0.133(0.578), LR: 0.000041
[GPU cuda:1][TRAIN] Epoch: [8][1250/2480], Elapsed 5m 54s (remain 5m 48s), Accuracy: 60.000(76.515), Loss: 0.763(0.579), LR: 0.000041
[GPU cuda:1][TRAIN] Epoch: [8][1300/2480], Elapsed 6m 8s (remain 5m 34s), Accuracy: 80.000(76.587), Loss: 0.362(0.579), LR: 0.000040
[GPU cuda:1][TRAIN] Epoch: [8][1350/2480], Elapsed 6m 22s (remain 5m 19s), Accuracy: 100.000(76.610), Loss: 0.046(0.576), LR: 0.000040
[GPU cuda:1][TRAIN] Epoch: [8][1400/2480], Elapsed 6m 36s (remain 5m 5s), Accuracy: 80.000(76.631), Loss: 0.482(0.577), LR: 0.000040
[GPU cuda:1][TRAIN] Epoch: [8][1450/2480], Elapsed 6m 51s (remain 4m 51s), Accuracy: 80.000(76.706), Loss: 0.477(0.576), LR: 0.000040
[GPU cuda:1][TRAIN] Epoch: [8][1500/2480], Elapsed 7m 5s (remain 4m 37s), Accuracy: 100.000(76.696), Loss: 0.104(0.577), LR: 0.000040
[GPU cuda:1][TRAIN] Epoch: [8][1550/2480], Elapsed 7m 19s (remain 4m 23s), Accuracy: 80.000(76.763), Loss: 0.258(0.574), LR: 0.000040
[GPU cuda:1][TRAIN] Epoch: [8][1600/2480], Elapsed 7m 33s (remain 4m 8s), Accuracy: 100.000(76.827), Loss: 0.206(0.572), LR: 0.000040
[GPU cuda:1][TRAIN] Epoch: [8][1650/2480], Elapsed 7m 47s (remain 3m 54s), Accuracy: 80.000(77.032), Loss: 0.341(0.567), LR: 0.000040
[GPU cuda:1][TRAIN] Epoch: [8][1700/2480], Elapsed 8m 1s (remain 3m 40s), Accuracy: 80.000(77.049), Loss: 0.369(0.568), LR: 0.000039
[GPU cuda:1][TRAIN] Epoch: [8][1750/2480], Elapsed 8m 15s (remain 3m 26s), Accuracy: 100.000(77.099), Loss: 0.179(0.565), LR: 0.000039
[GPU cuda:1][TRAIN] Epoch: [8][1800/2480], Elapsed 8m 30s (remain 3m 12s), Accuracy: 100.000(77.157), Loss: 0.096(0.562), LR: 0.000039
[GPU cuda:1][TRAIN] Epoch: [8][1850/2480], Elapsed 8m 44s (remain 2m 58s), Accuracy: 60.000(77.158), Loss: 0.870(0.562), LR: 0.000039
[GPU cuda:1][TRAIN] Epoch: [8][1900/2480], Elapsed 8m 58s (remain 2m 43s), Accuracy: 100.000(77.212), Loss: 0.172(0.560), LR: 0.000039
[GPU cuda:1][TRAIN] Epoch: [8][1950/2480], Elapsed 9m 12s (remain 2m 29s), Accuracy: 80.000(77.007), Loss: 0.492(0.562), LR: 0.000039
[GPU cuda:1][TRAIN] Epoch: [8][2000/2480], Elapsed 9m 26s (remain 2m 15s), Accuracy: 80.000(77.061), Loss: 0.820(0.560), LR: 0.000039
[GPU cuda:1][TRAIN] Epoch: [8][2050/2480], Elapsed 9m 40s (remain 2m 1s), Accuracy: 60.000(77.065), Loss: 0.801(0.560), LR: 0.000039
[GPU cuda:1][TRAIN] Epoch: [8][2100/2480], Elapsed 9m 54s (remain 1m 47s), Accuracy: 100.000(77.335), Loss: 0.127(0.554), LR: 0.000038
[GPU cuda:1][TRAIN] Epoch: [8][2150/2480], Elapsed 10m 8s (remain 1m 33s), Accuracy: 60.000(77.434), Loss: 0.904(0.552), LR: 0.000038
[GPU cuda:1][TRAIN] Epoch: [8][2200/2480], Elapsed 10m 23s (remain 1m 18s), Accuracy: 60.000(77.465), Loss: 0.694(0.551), LR: 0.000038
[GPU cuda:1][TRAIN] Epoch: [8][2250/2480], Elapsed 10m 37s (remain 1m 4s), Accuracy: 60.000(77.450), Loss: 0.819(0.553), LR: 0.000038
[GPU cuda:1][TRAIN] Epoch: [8][2300/2480], Elapsed 10m 51s (remain 0m 50s), Accuracy: 60.000(77.488), Loss: 0.983(0.552), LR: 0.000038
[GPU cuda:1][TRAIN] Epoch: [8][2350/2480], Elapsed 11m 5s (remain 0m 36s), Accuracy: 100.000(77.550), Loss: 0.233(0.552), LR: 0.000038
[GPU cuda:1][TRAIN] Epoch: [8][2400/2480], Elapsed 11m 19s (remain 0m 22s), Accuracy: 60.000(77.734), Loss: 0.816(0.548), LR: 0.000038
[GPU cuda:1][TRAIN] Epoch: [8][2450/2480], Elapsed 11m 33s (remain 0m 8s), Accuracy: 80.000(77.944), Loss: 0.306(0.544), LR: 0.000038
[GPU cuda:1][TRAIN] Epoch: [8][2479/2480], Elapsed 11m 42s (remain 0m 0s), Accuracy: 80.000(77.903), Loss: 0.586(0.544), LR: 0.000037
[GPU cuda:1][VALID][0/388], Elapsed 0m 0s (remain 3m 18s), Accuracy: 87.500(87.500), Batch Loss: 0.3110, Average Loss: 0.3110
[GPU cuda:1][VALID][50/388], Elapsed 0m 12s (remain 1m 23s), Accuracy: 75.000(70.588), Batch Loss: 1.2998, Average Loss: 0.8480
[GPU cuda:1][VALID][100/388], Elapsed 0m 24s (remain 1m 9s), Accuracy: 62.500(69.678), Batch Loss: 0.7010, Average Loss: 0.8510
[GPU cuda:1][VALID][150/388], Elapsed 0m 36s (remain 0m 57s), Accuracy: 87.500(68.460), Batch Loss: 1.2461, Average Loss: 0.9077
[GPU cuda:1][VALID][200/388], Elapsed 0m 48s (remain 0m 45s), Accuracy: 87.500(68.097), Batch Loss: 0.3982, Average Loss: 0.9068
[GPU cuda:1][VALID][250/388], Elapsed 1m 1s (remain 0m 33s), Accuracy: 62.500(67.231), Batch Loss: 1.1116, Average Loss: 0.9311
[GPU cuda:1][VALID][300/388], Elapsed 1m 13s (remain 0m 21s), Accuracy: 62.500(67.193), Batch Loss: 0.8543, Average Loss: 0.9328
[GPU cuda:1][VALID][350/388], Elapsed 1m 25s (remain 0m 9s), Accuracy: 50.000(67.343), Batch Loss: 1.1985, Average Loss: 0.9323
[GPU cuda:1][VALID][387/388], Elapsed 1m 34s (remain 0m 0s), Accuracy: 75.000(67.526), Batch Loss: 0.5462, Average Loss: 0.9225
Valid Labels Samples: [2 0 1 4 1 0 3 1 4 3]
Valid Predictions Samples: [2, 0, 1, 3, 1, 0, 3, 1, 3, 4]
Epoch 8 - Train Average Loss: 77.903, Valid Average Loss: 67.526, Epoch Time: 798.582s
Epoch 8 - Accuracy: 0.675, Precision: 0.702, Recall: 0.675
