[GPU 0]: Config File
{'id': 34, 'model_name': 'swin_large_patch4_window12_384_in22k', 'dropout': 0.5, 'size': 384, 'batch_size_t': 4, 'batch_size_v': 8, 'n_targets': 5, 'criterion': 'CrossEntropyLoss', 'gradient_accumulation_steps': 1, 'max_gradient_norm': None, 'optimizer': 'RangerLars', 'scheduler': 'OneCycleLR', 'LR': 0.0003, 'T_0': 200, 'T_max': 10, 'T_mult': 2, 'min_lr': 1e-06, 'max_lr': 0.0014999999999999998, 'no_batches': 3100, 'warmup_epochs': 1, 'cosine_epochs': 14, 'epochs': 15, 'update_per_batch': True, 'num_workers': 4, 'n_folds': 5, 'train_transforms': [], 'valid_transforms': [], 'observations': None, 'use_swa': True, 'swa_lr': 0.01, 'swa_epoch': 0, 'use_sam': True, 'use_asam': True, 'asam_rho': 0.1, 'print_freq': 50, 'one_fold': True, 'use_apex': True, 'distributed_training': False, 'save_to_log': True}
================================================== Training Fold: 0 ==================================================
[GPU cuda:0][TRAIN] Epoch: [1][0/3100], Elapsed 0m 0s (remain 23m 56s), Accuracy: 0.000(0.000), Loss: 1.718(1.718), LR: 0.000060
[GPU cuda:0][TRAIN] Epoch: [1][50/3100], Elapsed 0m 15s (remain 15m 40s), Accuracy: 50.000(14.706), Loss: 1.544(1.661), LR: 0.000060
[GPU cuda:0][TRAIN] Epoch: [1][100/3100], Elapsed 0m 31s (remain 15m 29s), Accuracy: 50.000(15.347), Loss: 1.512(1.647), LR: 0.000060
[GPU cuda:0][TRAIN] Epoch: [1][150/3100], Elapsed 0m 46s (remain 15m 15s), Accuracy: 50.000(17.881), Loss: 1.472(1.638), LR: 0.000060
[GPU cuda:0][TRAIN] Epoch: [1][200/3100], Elapsed 1m 2s (remain 15m 0s), Accuracy: 25.000(18.532), Loss: 1.567(1.634), LR: 0.000061
[GPU cuda:0][TRAIN] Epoch: [1][250/3100], Elapsed 1m 18s (remain 14m 45s), Accuracy: 25.000(18.725), Loss: 1.622(1.630), LR: 0.000061
[GPU cuda:0][TRAIN] Epoch: [1][300/3100], Elapsed 1m 33s (remain 14m 30s), Accuracy: 0.000(19.352), Loss: 1.718(1.623), LR: 0.000062
[GPU cuda:0][TRAIN] Epoch: [1][350/3100], Elapsed 1m 49s (remain 14m 15s), Accuracy: 25.000(20.228), Loss: 1.664(1.619), LR: 0.000062
[GPU cuda:0][TRAIN] Epoch: [1][400/3100], Elapsed 2m 4s (remain 13m 59s), Accuracy: 25.000(21.197), Loss: 1.717(1.614), LR: 0.000063
[GPU cuda:0][TRAIN] Epoch: [1][450/3100], Elapsed 2m 20s (remain 13m 43s), Accuracy: 75.000(22.395), Loss: 1.393(1.606), LR: 0.000064
[GPU cuda:0][TRAIN] Epoch: [1][500/3100], Elapsed 2m 35s (remain 13m 28s), Accuracy: 0.000(23.054), Loss: 1.653(1.603), LR: 0.000065
[GPU cuda:0][TRAIN] Epoch: [1][550/3100], Elapsed 2m 51s (remain 13m 12s), Accuracy: 25.000(23.730), Loss: 1.403(1.598), LR: 0.000066
[GPU cuda:0][TRAIN] Epoch: [1][600/3100], Elapsed 3m 6s (remain 12m 56s), Accuracy: 50.000(24.168), Loss: 1.476(1.595), LR: 0.000067
[GPU cuda:0][TRAIN] Epoch: [1][650/3100], Elapsed 3m 22s (remain 12m 41s), Accuracy: 25.000(24.386), Loss: 1.451(1.590), LR: 0.000068
[GPU cuda:0][TRAIN] Epoch: [1][700/3100], Elapsed 3m 37s (remain 12m 25s), Accuracy: 100.000(25.428), Loss: 1.216(1.582), LR: 0.000069
[GPU cuda:0][TRAIN] Epoch: [1][750/3100], Elapsed 3m 53s (remain 12m 9s), Accuracy: 75.000(26.897), Loss: 1.010(1.571), LR: 0.000070
[GPU cuda:0][TRAIN] Epoch: [1][800/3100], Elapsed 4m 8s (remain 11m 54s), Accuracy: 50.000(27.903), Loss: 1.189(1.561), LR: 0.000072
[GPU cuda:0][TRAIN] Epoch: [1][850/3100], Elapsed 4m 24s (remain 11m 38s), Accuracy: 50.000(29.142), Loss: 1.064(1.548), LR: 0.000073
[GPU cuda:0][TRAIN] Epoch: [1][900/3100], Elapsed 4m 39s (remain 11m 22s), Accuracy: 75.000(29.495), Loss: 1.172(1.539), LR: 0.000075
[GPU cuda:0][TRAIN] Epoch: [1][950/3100], Elapsed 4m 55s (remain 11m 7s), Accuracy: 75.000(30.363), Loss: 1.018(1.527), LR: 0.000076
[GPU cuda:0][TRAIN] Epoch: [1][1000/3100], Elapsed 5m 10s (remain 10m 51s), Accuracy: 75.000(31.369), Loss: 0.853(1.509), LR: 0.000078
[GPU cuda:0][TRAIN] Epoch: [1][1050/3100], Elapsed 5m 26s (remain 10m 35s), Accuracy: 75.000(32.326), Loss: 1.006(1.493), LR: 0.000080
[GPU cuda:0][TRAIN] Epoch: [1][1100/3100], Elapsed 5m 41s (remain 10m 20s), Accuracy: 0.000(33.311), Loss: 1.898(1.475), LR: 0.000082
[GPU cuda:0][TRAIN] Epoch: [1][1150/3100], Elapsed 5m 57s (remain 10m 4s), Accuracy: 0.000(34.079), Loss: 1.490(1.463), LR: 0.000084
[GPU cuda:0][TRAIN] Epoch: [1][1200/3100], Elapsed 6m 12s (remain 9m 49s), Accuracy: 100.000(35.012), Loss: 0.311(1.445), LR: 0.000086
[GPU cuda:0][TRAIN] Epoch: [1][1250/3100], Elapsed 6m 28s (remain 9m 33s), Accuracy: 0.000(35.612), Loss: 1.835(1.434), LR: 0.000088
[GPU cuda:0][TRAIN] Epoch: [1][1300/3100], Elapsed 6m 43s (remain 9m 18s), Accuracy: 25.000(36.318), Loss: 1.429(1.421), LR: 0.000091
[GPU cuda:0][TRAIN] Epoch: [1][1350/3100], Elapsed 6m 59s (remain 9m 2s), Accuracy: 75.000(36.973), Loss: 0.860(1.408), LR: 0.000093
[GPU cuda:0][TRAIN] Epoch: [1][1400/3100], Elapsed 7m 14s (remain 8m 46s), Accuracy: 50.000(37.598), Loss: 0.901(1.397), LR: 0.000096
[GPU cuda:0][TRAIN] Epoch: [1][1450/3100], Elapsed 7m 29s (remain 8m 31s), Accuracy: 75.000(38.405), Loss: 0.741(1.382), LR: 0.000098
[GPU cuda:0][TRAIN] Epoch: [1][1500/3100], Elapsed 7m 45s (remain 8m 15s), Accuracy: 50.000(39.007), Loss: 0.930(1.369), LR: 0.000101
[GPU cuda:0][TRAIN] Epoch: [1][1550/3100], Elapsed 8m 0s (remain 8m 0s), Accuracy: 50.000(39.458), Loss: 0.614(1.358), LR: 0.000103
[GPU cuda:0][TRAIN] Epoch: [1][1600/3100], Elapsed 8m 16s (remain 7m 44s), Accuracy: 25.000(40.100), Loss: 1.105(1.345), LR: 0.000106
[GPU cuda:0][TRAIN] Epoch: [1][1650/3100], Elapsed 8m 31s (remain 7m 29s), Accuracy: 50.000(40.521), Loss: 0.851(1.335), LR: 0.000109
[GPU cuda:0][TRAIN] Epoch: [1][1700/3100], Elapsed 8m 47s (remain 7m 13s), Accuracy: 50.000(40.961), Loss: 1.387(1.326), LR: 0.000112
[GPU cuda:0][TRAIN] Epoch: [1][1750/3100], Elapsed 9m 2s (remain 6m 58s), Accuracy: 100.000(41.319), Loss: 0.624(1.318), LR: 0.000115
[GPU cuda:0][TRAIN] Epoch: [1][1800/3100], Elapsed 9m 18s (remain 6m 42s), Accuracy: 50.000(41.921), Loss: 0.792(1.306), LR: 0.000118
[GPU cuda:0][TRAIN] Epoch: [1][1850/3100], Elapsed 9m 33s (remain 6m 27s), Accuracy: 75.000(42.180), Loss: 1.086(1.300), LR: 0.000122
[GPU cuda:0][TRAIN] Epoch: [1][1900/3100], Elapsed 9m 49s (remain 6m 11s), Accuracy: 50.000(42.530), Loss: 1.015(1.292), LR: 0.000125
[GPU cuda:0][TRAIN] Epoch: [1][1950/3100], Elapsed 10m 4s (remain 5m 56s), Accuracy: 50.000(42.811), Loss: 0.971(1.284), LR: 0.000128
[GPU cuda:0][TRAIN] Epoch: [1][2000/3100], Elapsed 10m 20s (remain 5m 40s), Accuracy: 75.000(43.266), Loss: 0.794(1.275), LR: 0.000132
[GPU cuda:0][TRAIN] Epoch: [1][2050/3100], Elapsed 10m 35s (remain 5m 25s), Accuracy: 75.000(43.820), Loss: 0.783(1.266), LR: 0.000135
[GPU cuda:0][TRAIN] Epoch: [1][2100/3100], Elapsed 10m 51s (remain 5m 9s), Accuracy: 50.000(44.158), Loss: 2.163(1.259), LR: 0.000139
[GPU cuda:0][TRAIN] Epoch: [1][2150/3100], Elapsed 11m 6s (remain 4m 54s), Accuracy: 50.000(44.630), Loss: 1.107(1.249), LR: 0.000143
[GPU cuda:0][TRAIN] Epoch: [1][2200/3100], Elapsed 11m 22s (remain 4m 38s), Accuracy: 25.000(44.945), Loss: 1.367(1.243), LR: 0.000147
[GPU cuda:0][TRAIN] Epoch: [1][2250/3100], Elapsed 11m 37s (remain 4m 23s), Accuracy: 50.000(45.291), Loss: 1.210(1.235), LR: 0.000151
[GPU cuda:0][TRAIN] Epoch: [1][2300/3100], Elapsed 11m 53s (remain 4m 7s), Accuracy: 0.000(45.589), Loss: 1.881(1.227), LR: 0.000155
[GPU cuda:0][TRAIN] Epoch: [1][2350/3100], Elapsed 12m 8s (remain 3m 52s), Accuracy: 25.000(45.832), Loss: 1.285(1.223), LR: 0.000159
[GPU cuda:0][TRAIN] Epoch: [1][2400/3100], Elapsed 12m 24s (remain 3m 36s), Accuracy: 25.000(46.054), Loss: 1.206(1.220), LR: 0.000163
[GPU cuda:0][TRAIN] Epoch: [1][2450/3100], Elapsed 12m 39s (remain 3m 21s), Accuracy: 25.000(46.226), Loss: 1.312(1.216), LR: 0.000167
[GPU cuda:0][TRAIN] Epoch: [1][2500/3100], Elapsed 12m 55s (remain 3m 5s), Accuracy: 25.000(46.551), Loss: 1.241(1.210), LR: 0.000171
[GPU cuda:0][TRAIN] Epoch: [1][2550/3100], Elapsed 13m 10s (remain 2m 50s), Accuracy: 75.000(46.639), Loss: 0.862(1.207), LR: 0.000176
[GPU cuda:0][TRAIN] Epoch: [1][2600/3100], Elapsed 13m 26s (remain 2m 34s), Accuracy: 50.000(46.982), Loss: 1.157(1.200), LR: 0.000180
[GPU cuda:0][TRAIN] Epoch: [1][2650/3100], Elapsed 13m 41s (remain 2m 19s), Accuracy: 50.000(47.256), Loss: 1.270(1.194), LR: 0.000185
[GPU cuda:0][TRAIN] Epoch: [1][2700/3100], Elapsed 13m 57s (remain 2m 3s), Accuracy: 75.000(47.566), Loss: 0.445(1.188), LR: 0.000189
[GPU cuda:0][TRAIN] Epoch: [1][2750/3100], Elapsed 14m 12s (remain 1m 48s), Accuracy: 50.000(47.892), Loss: 1.043(1.182), LR: 0.000194
[GPU cuda:0][TRAIN] Epoch: [1][2800/3100], Elapsed 14m 28s (remain 1m 32s), Accuracy: 25.000(48.010), Loss: 1.520(1.180), LR: 0.000199
[GPU cuda:0][TRAIN] Epoch: [1][2850/3100], Elapsed 14m 43s (remain 1m 17s), Accuracy: 75.000(48.194), Loss: 0.983(1.175), LR: 0.000203
[GPU cuda:0][TRAIN] Epoch: [1][2900/3100], Elapsed 14m 59s (remain 1m 1s), Accuracy: 100.000(48.406), Loss: 0.792(1.171), LR: 0.000208
[GPU cuda:0][TRAIN] Epoch: [1][2950/3100], Elapsed 15m 14s (remain 0m 46s), Accuracy: 50.000(48.619), Loss: 1.193(1.167), LR: 0.000213
[GPU cuda:0][TRAIN] Epoch: [1][3000/3100], Elapsed 15m 30s (remain 0m 30s), Accuracy: 25.000(48.884), Loss: 1.357(1.163), LR: 0.000218
[GPU cuda:0][TRAIN] Epoch: [1][3050/3100], Elapsed 15m 45s (remain 0m 15s), Accuracy: 75.000(49.123), Loss: 0.638(1.158), LR: 0.000223
[GPU cuda:0][TRAIN] Epoch: [1][3099/3100], Elapsed 16m 0s (remain 0m 0s), Accuracy: 25.000(49.347), Loss: 1.254(1.154), LR: 0.000228
[GPU cuda:0][VALID][0/388], Elapsed 0m 0s (remain 3m 20s), Accuracy: 37.500(37.500), Batch Loss: 1.5087, Average Loss: 1.5087
[GPU cuda:0][VALID][50/388], Elapsed 0m 12s (remain 1m 20s), Accuracy: 50.000(50.735), Batch Loss: 1.0402, Average Loss: 1.0971
[GPU cuda:0][VALID][100/388], Elapsed 0m 23s (remain 1m 7s), Accuracy: 37.500(48.391), Batch Loss: 1.2508, Average Loss: 1.1279
[GPU cuda:0][VALID][150/388], Elapsed 0m 35s (remain 0m 55s), Accuracy: 62.500(48.593), Batch Loss: 1.2386, Average Loss: 1.1274
[GPU cuda:0][VALID][200/388], Elapsed 0m 47s (remain 0m 43s), Accuracy: 87.500(47.139), Batch Loss: 0.5169, Average Loss: 1.1481
[GPU cuda:0][VALID][250/388], Elapsed 0m 58s (remain 0m 32s), Accuracy: 50.000(46.614), Batch Loss: 1.0638, Average Loss: 1.1547
[GPU cuda:0][VALID][300/388], Elapsed 1m 10s (remain 0m 20s), Accuracy: 25.000(46.512), Batch Loss: 1.3754, Average Loss: 1.1524
[GPU cuda:0][VALID][350/388], Elapsed 1m 22s (remain 0m 8s), Accuracy: 37.500(46.546), Batch Loss: 1.3104, Average Loss: 1.1556
[GPU cuda:0][VALID][387/388], Elapsed 1m 30s (remain 0m 0s), Accuracy: 25.000(47.133), Batch Loss: 1.2769, Average Loss: 1.1520
Valid Labels Samples: [2 0 1 4 1 0 3 1 4 3]
Valid Predictions Samples: [3, 0, 2, 4, 2, 0, 4, 2, 4, 4]
Epoch 1 - Train Average Loss: 49.347, Valid Average Loss: 47.133, Epoch Time: 1053.997s
Epoch 1 - Accuracy: 0.472, Precision: 0.465, Recall: 0.472
Saved Best Model: 0.47
[GPU cuda:0][TRAIN] Epoch: [2][0/3100], Elapsed 0m 0s (remain 36m 19s), Accuracy: 75.000(75.000), Loss: 1.035(1.035), LR: 0.000229
[GPU cuda:0][TRAIN] Epoch: [2][50/3100], Elapsed 0m 16s (remain 16m 11s), Accuracy: 50.000(57.843), Loss: 0.888(0.940), LR: 0.000234
[GPU cuda:0][TRAIN] Epoch: [2][100/3100], Elapsed 0m 31s (remain 15m 43s), Accuracy: 0.000(59.653), Loss: 1.571(0.900), LR: 0.000239
[GPU cuda:0][TRAIN] Epoch: [2][150/3100], Elapsed 0m 47s (remain 15m 23s), Accuracy: 100.000(59.768), Loss: 0.129(0.909), LR: 0.000245
[GPU cuda:0][TRAIN] Epoch: [2][200/3100], Elapsed 1m 2s (remain 15m 5s), Accuracy: 75.000(60.697), Loss: 0.546(0.909), LR: 0.000250
[GPU cuda:0][TRAIN] Epoch: [2][250/3100], Elapsed 1m 18s (remain 14m 48s), Accuracy: 25.000(59.861), Loss: 1.404(0.932), LR: 0.000256
[GPU cuda:0][TRAIN] Epoch: [2][300/3100], Elapsed 1m 33s (remain 14m 31s), Accuracy: 0.000(60.631), Loss: 1.974(0.923), LR: 0.000261
[GPU cuda:0][TRAIN] Epoch: [2][350/3100], Elapsed 1m 49s (remain 14m 15s), Accuracy: 25.000(60.613), Loss: 1.600(0.918), LR: 0.000267
[GPU cuda:0][TRAIN] Epoch: [2][400/3100], Elapsed 2m 4s (remain 13m 59s), Accuracy: 25.000(59.975), Loss: 1.162(0.926), LR: 0.000272
[GPU cuda:0][TRAIN] Epoch: [2][450/3100], Elapsed 2m 20s (remain 13m 44s), Accuracy: 50.000(60.033), Loss: 1.362(0.915), LR: 0.000278
[GPU cuda:0][TRAIN] Epoch: [2][500/3100], Elapsed 2m 35s (remain 13m 28s), Accuracy: 50.000(60.030), Loss: 1.007(0.919), LR: 0.000284
[GPU cuda:0][TRAIN] Epoch: [2][550/3100], Elapsed 2m 51s (remain 13m 12s), Accuracy: 25.000(59.619), Loss: 1.519(0.925), LR: 0.000290
[GPU cuda:0][TRAIN] Epoch: [2][600/3100], Elapsed 3m 6s (remain 12m 57s), Accuracy: 25.000(59.734), Loss: 1.224(0.924), LR: 0.000296
[GPU cuda:0][TRAIN] Epoch: [2][650/3100], Elapsed 3m 22s (remain 12m 41s), Accuracy: 75.000(59.716), Loss: 0.737(0.926), LR: 0.000302
[GPU cuda:0][TRAIN] Epoch: [2][700/3100], Elapsed 3m 37s (remain 12m 25s), Accuracy: 50.000(59.807), Loss: 0.807(0.927), LR: 0.000308
[GPU cuda:0][TRAIN] Epoch: [2][750/3100], Elapsed 3m 53s (remain 12m 10s), Accuracy: 100.000(60.020), Loss: 0.146(0.927), LR: 0.000314
[GPU cuda:0][TRAIN] Epoch: [2][800/3100], Elapsed 4m 8s (remain 11m 54s), Accuracy: 100.000(59.956), Loss: 0.600(0.928), LR: 0.000320
[GPU cuda:0][TRAIN] Epoch: [2][850/3100], Elapsed 4m 24s (remain 11m 38s), Accuracy: 100.000(59.959), Loss: 0.512(0.928), LR: 0.000327
[GPU cuda:0][TRAIN] Epoch: [2][900/3100], Elapsed 4m 39s (remain 11m 23s), Accuracy: 75.000(59.628), Loss: 0.744(0.936), LR: 0.000333
[GPU cuda:0][TRAIN] Epoch: [2][950/3100], Elapsed 4m 55s (remain 11m 7s), Accuracy: 50.000(59.727), Loss: 0.918(0.936), LR: 0.000339
[GPU cuda:0][TRAIN] Epoch: [2][1000/3100], Elapsed 5m 10s (remain 10m 52s), Accuracy: 75.000(59.990), Loss: 0.732(0.931), LR: 0.000346
[GPU cuda:0][TRAIN] Epoch: [2][1050/3100], Elapsed 5m 26s (remain 10m 36s), Accuracy: 100.000(60.347), Loss: 0.065(0.923), LR: 0.000352
[GPU cuda:0][TRAIN] Epoch: [2][1100/3100], Elapsed 5m 41s (remain 10m 20s), Accuracy: 25.000(60.173), Loss: 1.570(0.923), LR: 0.000359
[GPU cuda:0][TRAIN] Epoch: [2][1150/3100], Elapsed 5m 57s (remain 10m 5s), Accuracy: 75.000(60.209), Loss: 0.567(0.921), LR: 0.000366
[GPU cuda:0][TRAIN] Epoch: [2][1200/3100], Elapsed 6m 12s (remain 9m 49s), Accuracy: 100.000(60.346), Loss: 0.319(0.917), LR: 0.000372
[GPU cuda:0][TRAIN] Epoch: [2][1250/3100], Elapsed 6m 28s (remain 9m 34s), Accuracy: 75.000(60.272), Loss: 1.138(0.918), LR: 0.000379
[GPU cuda:0][TRAIN] Epoch: [2][1300/3100], Elapsed 6m 43s (remain 9m 18s), Accuracy: 50.000(60.204), Loss: 0.789(0.921), LR: 0.000386
[GPU cuda:0][TRAIN] Epoch: [2][1350/3100], Elapsed 6m 59s (remain 9m 2s), Accuracy: 100.000(60.270), Loss: 0.398(0.918), LR: 0.000392
[GPU cuda:0][TRAIN] Epoch: [2][1400/3100], Elapsed 7m 14s (remain 8m 47s), Accuracy: 50.000(60.046), Loss: 0.676(0.919), LR: 0.000399
[GPU cuda:0][TRAIN] Epoch: [2][1450/3100], Elapsed 7m 30s (remain 8m 31s), Accuracy: 75.000(60.234), Loss: 0.722(0.916), LR: 0.000406
[GPU cuda:0][TRAIN] Epoch: [2][1500/3100], Elapsed 7m 45s (remain 8m 16s), Accuracy: 75.000(60.077), Loss: 1.096(0.921), LR: 0.000413
[GPU cuda:0][TRAIN] Epoch: [2][1550/3100], Elapsed 8m 1s (remain 8m 0s), Accuracy: 100.000(59.994), Loss: 0.239(0.922), LR: 0.000420
[GPU cuda:0][TRAIN] Epoch: [2][1600/3100], Elapsed 8m 16s (remain 7m 45s), Accuracy: 50.000(60.072), Loss: 1.580(0.921), LR: 0.000427
[GPU cuda:0][TRAIN] Epoch: [2][1650/3100], Elapsed 8m 32s (remain 7m 29s), Accuracy: 50.000(60.070), Loss: 0.725(0.921), LR: 0.000434
[GPU cuda:0][TRAIN] Epoch: [2][1700/3100], Elapsed 8m 47s (remain 7m 14s), Accuracy: 75.000(60.215), Loss: 0.917(0.918), LR: 0.000441
[GPU cuda:0][TRAIN] Epoch: [2][1750/3100], Elapsed 9m 3s (remain 6m 58s), Accuracy: 100.000(60.208), Loss: 0.489(0.921), LR: 0.000449
[GPU cuda:0][TRAIN] Epoch: [2][1800/3100], Elapsed 9m 18s (remain 6m 43s), Accuracy: 75.000(60.272), Loss: 0.799(0.921), LR: 0.000456
[GPU cuda:0][TRAIN] Epoch: [2][1850/3100], Elapsed 9m 34s (remain 6m 27s), Accuracy: 0.000(59.941), Loss: 1.411(0.929), LR: 0.000463
[GPU cuda:0][TRAIN] Epoch: [2][1900/3100], Elapsed 9m 49s (remain 6m 11s), Accuracy: 50.000(60.047), Loss: 1.372(0.927), LR: 0.000470
[GPU cuda:0][TRAIN] Epoch: [2][1950/3100], Elapsed 10m 5s (remain 5m 56s), Accuracy: 100.000(60.136), Loss: 0.359(0.926), LR: 0.000478
[GPU cuda:0][TRAIN] Epoch: [2][2000/3100], Elapsed 10m 20s (remain 5m 40s), Accuracy: 100.000(60.145), Loss: 0.660(0.926), LR: 0.000485
[GPU cuda:0][TRAIN] Epoch: [2][2050/3100], Elapsed 10m 36s (remain 5m 25s), Accuracy: 25.000(59.617), Loss: 1.238(0.936), LR: 0.000493
[GPU cuda:0][TRAIN] Epoch: [2][2100/3100], Elapsed 10m 51s (remain 5m 9s), Accuracy: 50.000(58.924), Loss: 1.674(0.949), LR: 0.000500
[GPU cuda:0][TRAIN] Epoch: [2][2150/3100], Elapsed 11m 7s (remain 4m 54s), Accuracy: 25.000(58.938), Loss: 1.370(0.949), LR: 0.000507
[GPU cuda:0][TRAIN] Epoch: [2][2200/3100], Elapsed 11m 22s (remain 4m 38s), Accuracy: 25.000(58.860), Loss: 1.350(0.951), LR: 0.000515
[GPU cuda:0][TRAIN] Epoch: [2][2250/3100], Elapsed 11m 38s (remain 4m 23s), Accuracy: 25.000(58.774), Loss: 1.438(0.952), LR: 0.000523
[GPU cuda:0][TRAIN] Epoch: [2][2300/3100], Elapsed 11m 53s (remain 4m 7s), Accuracy: 25.000(58.811), Loss: 1.315(0.952), LR: 0.000530
[GPU cuda:0][TRAIN] Epoch: [2][2350/3100], Elapsed 12m 9s (remain 3m 52s), Accuracy: 25.000(58.869), Loss: 1.701(0.953), LR: 0.000538
[GPU cuda:0][TRAIN] Epoch: [2][2400/3100], Elapsed 12m 24s (remain 3m 36s), Accuracy: 25.000(58.840), Loss: 1.357(0.955), LR: 0.000545
[GPU cuda:0][TRAIN] Epoch: [2][2450/3100], Elapsed 12m 40s (remain 3m 21s), Accuracy: 50.000(58.813), Loss: 0.958(0.956), LR: 0.000553
[GPU cuda:0][TRAIN] Epoch: [2][2500/3100], Elapsed 12m 55s (remain 3m 5s), Accuracy: 75.000(58.906), Loss: 1.018(0.955), LR: 0.000561
[GPU cuda:0][TRAIN] Epoch: [2][2550/3100], Elapsed 13m 11s (remain 2m 50s), Accuracy: 50.000(58.810), Loss: 1.064(0.956), LR: 0.000569
[GPU cuda:0][TRAIN] Epoch: [2][2600/3100], Elapsed 13m 26s (remain 2m 34s), Accuracy: 50.000(58.987), Loss: 0.886(0.954), LR: 0.000576
[GPU cuda:0][TRAIN] Epoch: [2][2650/3100], Elapsed 13m 42s (remain 2m 19s), Accuracy: 50.000(59.110), Loss: 1.157(0.952), LR: 0.000584
[GPU cuda:0][TRAIN] Epoch: [2][2700/3100], Elapsed 13m 57s (remain 2m 3s), Accuracy: 50.000(59.182), Loss: 0.897(0.950), LR: 0.000592
[GPU cuda:0][TRAIN] Epoch: [2][2750/3100], Elapsed 14m 13s (remain 1m 48s), Accuracy: 25.000(59.188), Loss: 1.260(0.950), LR: 0.000600
[GPU cuda:0][TRAIN] Epoch: [2][2800/3100], Elapsed 14m 28s (remain 1m 32s), Accuracy: 25.000(59.229), Loss: 1.780(0.949), LR: 0.000608
[GPU cuda:0][TRAIN] Epoch: [2][2850/3100], Elapsed 14m 44s (remain 1m 17s), Accuracy: 50.000(59.216), Loss: 0.997(0.949), LR: 0.000615
[GPU cuda:0][TRAIN] Epoch: [2][2900/3100], Elapsed 14m 59s (remain 1m 1s), Accuracy: 25.000(58.730), Loss: 1.620(0.958), LR: 0.000623
[GPU cuda:0][TRAIN] Epoch: [2][2950/3100], Elapsed 15m 15s (remain 0m 46s), Accuracy: 25.000(58.387), Loss: 1.051(0.965), LR: 0.000631
[GPU cuda:0][TRAIN] Epoch: [2][3000/3100], Elapsed 15m 30s (remain 0m 30s), Accuracy: 0.000(58.414), Loss: 1.557(0.965), LR: 0.000639
[GPU cuda:0][TRAIN] Epoch: [2][3050/3100], Elapsed 15m 46s (remain 0m 15s), Accuracy: 75.000(58.497), Loss: 0.610(0.964), LR: 0.000647
[GPU cuda:0][TRAIN] Epoch: [2][3099/3100], Elapsed 16m 1s (remain 0m 0s), Accuracy: 25.000(58.573), Loss: 1.687(0.963), LR: 0.000655
[GPU cuda:0][VALID][0/388], Elapsed 0m 0s (remain 3m 32s), Accuracy: 62.500(62.500), Batch Loss: 0.9321, Average Loss: 0.9321
[GPU cuda:0][VALID][50/388], Elapsed 0m 12s (remain 1m 20s), Accuracy: 87.500(61.520), Batch Loss: 0.6920, Average Loss: 0.8715
[GPU cuda:0][VALID][100/388], Elapsed 0m 23s (remain 1m 7s), Accuracy: 62.500(58.045), Batch Loss: 1.0380, Average Loss: 0.8993
[GPU cuda:0][VALID][150/388], Elapsed 0m 35s (remain 0m 55s), Accuracy: 37.500(56.457), Batch Loss: 1.4745, Average Loss: 0.9325
[GPU cuda:0][VALID][200/388], Elapsed 0m 47s (remain 0m 43s), Accuracy: 75.000(56.716), Batch Loss: 0.6801, Average Loss: 0.9352
[GPU cuda:0][VALID][250/388], Elapsed 0m 58s (remain 0m 32s), Accuracy: 50.000(56.375), Batch Loss: 1.0357, Average Loss: 0.9438
[GPU cuda:0][VALID][300/388], Elapsed 1m 10s (remain 0m 20s), Accuracy: 25.000(56.146), Batch Loss: 1.1800, Average Loss: 0.9431
[GPU cuda:0][VALID][350/388], Elapsed 1m 22s (remain 0m 8s), Accuracy: 62.500(56.232), Batch Loss: 0.8694, Average Loss: 0.9470
[GPU cuda:0][VALID][387/388], Elapsed 1m 30s (remain 0m 0s), Accuracy: 25.000(56.089), Batch Loss: 1.3656, Average Loss: 0.9457
Valid Labels Samples: [2 0 1 4 1 0 3 1 4 3]
Valid Predictions Samples: [3, 0, 0, 4, 1, 0, 4, 1, 4, 0]
Epoch 2 - Train Average Loss: 58.573, Valid Average Loss: 56.089, Epoch Time: 1054.799s
Epoch 2 - Accuracy: 0.561, Precision: 0.540, Recall: 0.561
Saved Best Model: 0.56
[GPU cuda:0][TRAIN] Epoch: [3][0/3100], Elapsed 0m 0s (remain 36m 19s), Accuracy: 75.000(75.000), Loss: 0.903(0.903), LR: 0.000655
[GPU cuda:0][TRAIN] Epoch: [3][50/3100], Elapsed 0m 16s (remain 16m 10s), Accuracy: 50.000(59.804), Loss: 0.579(0.922), LR: 0.000663
[GPU cuda:0][TRAIN] Epoch: [3][100/3100], Elapsed 0m 31s (remain 15m 42s), Accuracy: 0.000(61.139), Loss: 1.850(0.954), LR: 0.000671
[GPU cuda:0][TRAIN] Epoch: [3][150/3100], Elapsed 0m 47s (remain 15m 22s), Accuracy: 100.000(59.768), Loss: 0.223(0.955), LR: 0.000679
[GPU cuda:0][TRAIN] Epoch: [3][200/3100], Elapsed 1m 2s (remain 15m 4s), Accuracy: 75.000(60.323), Loss: 0.304(0.945), LR: 0.000687
[GPU cuda:0][TRAIN] Epoch: [3][250/3100], Elapsed 1m 18s (remain 14m 47s), Accuracy: 25.000(59.761), Loss: 1.094(0.941), LR: 0.000695
[GPU cuda:0][TRAIN] Epoch: [3][300/3100], Elapsed 1m 33s (remain 14m 31s), Accuracy: 50.000(60.216), Loss: 1.172(0.937), LR: 0.000703
[GPU cuda:0][TRAIN] Epoch: [3][350/3100], Elapsed 1m 49s (remain 14m 15s), Accuracy: 50.000(60.399), Loss: 1.084(0.932), LR: 0.000711
[GPU cuda:0][TRAIN] Epoch: [3][400/3100], Elapsed 2m 4s (remain 14m 0s), Accuracy: 50.000(59.850), Loss: 0.870(0.940), LR: 0.000720
[GPU cuda:0][TRAIN] Epoch: [3][450/3100], Elapsed 2m 20s (remain 13m 44s), Accuracy: 50.000(60.532), Loss: 0.889(0.925), LR: 0.000728
[GPU cuda:0][TRAIN] Epoch: [3][500/3100], Elapsed 2m 35s (remain 13m 28s), Accuracy: 25.000(60.329), Loss: 2.091(0.937), LR: 0.000736
[GPU cuda:0][TRAIN] Epoch: [3][550/3100], Elapsed 2m 51s (remain 13m 12s), Accuracy: 25.000(59.891), Loss: 1.568(0.941), LR: 0.000744
[GPU cuda:0][TRAIN] Epoch: [3][600/3100], Elapsed 3m 6s (remain 12m 56s), Accuracy: 50.000(60.358), Loss: 0.629(0.933), LR: 0.000752
[GPU cuda:0][TRAIN] Epoch: [3][650/3100], Elapsed 3m 22s (remain 12m 40s), Accuracy: 75.000(60.023), Loss: 0.802(0.941), LR: 0.000760
[GPU cuda:0][TRAIN] Epoch: [3][700/3100], Elapsed 3m 37s (remain 12m 25s), Accuracy: 100.000(59.344), Loss: 0.731(0.954), LR: 0.000768
[GPU cuda:0][TRAIN] Epoch: [3][750/3100], Elapsed 3m 53s (remain 12m 9s), Accuracy: 75.000(59.820), Loss: 0.503(0.948), LR: 0.000776
[GPU cuda:0][TRAIN] Epoch: [3][800/3100], Elapsed 4m 8s (remain 11m 54s), Accuracy: 50.000(59.519), Loss: 0.883(0.957), LR: 0.000784
[GPU cuda:0][TRAIN] Epoch: [3][850/3100], Elapsed 4m 24s (remain 11m 38s), Accuracy: 100.000(59.577), Loss: 0.594(0.958), LR: 0.000792
[GPU cuda:0][TRAIN] Epoch: [3][900/3100], Elapsed 4m 39s (remain 11m 23s), Accuracy: 75.000(59.240), Loss: 0.756(0.964), LR: 0.000801
[GPU cuda:0][TRAIN] Epoch: [3][950/3100], Elapsed 4m 55s (remain 11m 7s), Accuracy: 50.000(59.227), Loss: 1.077(0.966), LR: 0.000809
[GPU cuda:0][TRAIN] Epoch: [3][1000/3100], Elapsed 5m 11s (remain 10m 52s), Accuracy: 75.000(59.565), Loss: 0.698(0.960), LR: 0.000817
[GPU cuda:0][TRAIN] Epoch: [3][1050/3100], Elapsed 5m 26s (remain 10m 36s), Accuracy: 100.000(59.515), Loss: 0.716(0.962), LR: 0.000825
[GPU cuda:0][TRAIN] Epoch: [3][1100/3100], Elapsed 5m 42s (remain 10m 21s), Accuracy: 25.000(59.787), Loss: 1.187(0.957), LR: 0.000833
[GPU cuda:0][TRAIN] Epoch: [3][1150/3100], Elapsed 5m 57s (remain 10m 5s), Accuracy: 75.000(59.622), Loss: 0.654(0.962), LR: 0.000841
[GPU cuda:0][TRAIN] Epoch: [3][1200/3100], Elapsed 6m 13s (remain 9m 50s), Accuracy: 50.000(59.367), Loss: 0.696(0.961), LR: 0.000849
[GPU cuda:0][TRAIN] Epoch: [3][1250/3100], Elapsed 6m 28s (remain 9m 34s), Accuracy: 75.000(59.213), Loss: 0.980(0.962), LR: 0.000857
[GPU cuda:0][TRAIN] Epoch: [3][1300/3100], Elapsed 6m 44s (remain 9m 19s), Accuracy: 50.000(59.224), Loss: 0.835(0.963), LR: 0.000865
[GPU cuda:0][TRAIN] Epoch: [3][1350/3100], Elapsed 6m 59s (remain 9m 3s), Accuracy: 100.000(59.419), Loss: 0.487(0.956), LR: 0.000873
[GPU cuda:0][TRAIN] Epoch: [3][1400/3100], Elapsed 7m 15s (remain 8m 47s), Accuracy: 75.000(59.333), Loss: 0.886(0.959), LR: 0.000881
[GPU cuda:0][TRAIN] Epoch: [3][1450/3100], Elapsed 7m 30s (remain 8m 32s), Accuracy: 75.000(59.425), Loss: 0.710(0.955), LR: 0.000889
[GPU cuda:0][TRAIN] Epoch: [3][1500/3100], Elapsed 7m 46s (remain 8m 16s), Accuracy: 50.000(59.477), Loss: 1.130(0.954), LR: 0.000897
[GPU cuda:0][TRAIN] Epoch: [3][1550/3100], Elapsed 8m 1s (remain 8m 1s), Accuracy: 75.000(59.365), Loss: 0.333(0.958), LR: 0.000905
[GPU cuda:0][TRAIN] Epoch: [3][1600/3100], Elapsed 8m 17s (remain 7m 45s), Accuracy: 100.000(59.478), Loss: 0.549(0.956), LR: 0.000913
[GPU cuda:0][TRAIN] Epoch: [3][1650/3100], Elapsed 8m 32s (remain 7m 30s), Accuracy: 100.000(59.570), Loss: 0.444(0.956), LR: 0.000921
[GPU cuda:0][TRAIN] Epoch: [3][1700/3100], Elapsed 8m 48s (remain 7m 14s), Accuracy: 50.000(59.730), Loss: 1.297(0.953), LR: 0.000929
[GPU cuda:0][TRAIN] Epoch: [3][1750/3100], Elapsed 9m 3s (remain 6m 59s), Accuracy: 75.000(59.652), Loss: 0.684(0.956), LR: 0.000937
[GPU cuda:0][TRAIN] Epoch: [3][1800/3100], Elapsed 9m 19s (remain 6m 43s), Accuracy: 75.000(59.717), Loss: 0.633(0.954), LR: 0.000945
[GPU cuda:0][TRAIN] Epoch: [3][1850/3100], Elapsed 9m 34s (remain 6m 27s), Accuracy: 50.000(59.670), Loss: 0.841(0.955), LR: 0.000953
[GPU cuda:0][TRAIN] Epoch: [3][1900/3100], Elapsed 9m 50s (remain 6m 12s), Accuracy: 50.000(59.692), Loss: 1.230(0.953), LR: 0.000961
[GPU cuda:0][TRAIN] Epoch: [3][1950/3100], Elapsed 10m 5s (remain 5m 56s), Accuracy: 75.000(59.700), Loss: 0.829(0.952), LR: 0.000969
[GPU cuda:0][TRAIN] Epoch: [3][2000/3100], Elapsed 10m 21s (remain 5m 41s), Accuracy: 75.000(59.708), Loss: 0.754(0.952), LR: 0.000976
[GPU cuda:0][TRAIN] Epoch: [3][2050/3100], Elapsed 10m 36s (remain 5m 25s), Accuracy: 75.000(59.751), Loss: 0.578(0.950), LR: 0.000984
[GPU cuda:0][TRAIN] Epoch: [3][2100/3100], Elapsed 10m 52s (remain 5m 10s), Accuracy: 50.000(59.805), Loss: 2.045(0.950), LR: 0.000992
[GPU cuda:0][TRAIN] Epoch: [3][2150/3100], Elapsed 11m 7s (remain 4m 54s), Accuracy: 25.000(59.856), Loss: 1.593(0.949), LR: 0.001000
[GPU cuda:0][TRAIN] Epoch: [3][2200/3100], Elapsed 11m 23s (remain 4m 39s), Accuracy: 25.000(59.280), Loss: 1.467(0.959), LR: 0.001007
[GPU cuda:0][TRAIN] Epoch: [3][2250/3100], Elapsed 11m 38s (remain 4m 23s), Accuracy: 50.000(59.274), Loss: 0.958(0.960), LR: 0.001015
[GPU cuda:0][TRAIN] Epoch: [3][2300/3100], Elapsed 11m 54s (remain 4m 7s), Accuracy: 50.000(59.213), Loss: 1.726(0.961), LR: 0.001023
[GPU cuda:0][TRAIN] Epoch: [3][2350/3100], Elapsed 12m 9s (remain 3m 52s), Accuracy: 50.000(59.230), Loss: 0.998(0.960), LR: 0.001030
[GPU cuda:0][TRAIN] Epoch: [3][2400/3100], Elapsed 12m 25s (remain 3m 36s), Accuracy: 0.000(59.069), Loss: 1.564(0.962), LR: 0.001038
[GPU cuda:0][TRAIN] Epoch: [3][2450/3100], Elapsed 12m 40s (remain 3m 21s), Accuracy: 25.000(59.027), Loss: 0.910(0.963), LR: 0.001045
[GPU cuda:0][TRAIN] Epoch: [3][2500/3100], Elapsed 12m 56s (remain 3m 5s), Accuracy: 50.000(59.056), Loss: 1.360(0.961), LR: 0.001053
[GPU cuda:0][TRAIN] Epoch: [3][2550/3100], Elapsed 13m 11s (remain 2m 50s), Accuracy: 25.000(58.987), Loss: 1.475(0.961), LR: 0.001060
[GPU cuda:0][TRAIN] Epoch: [3][2600/3100], Elapsed 13m 27s (remain 2m 34s), Accuracy: 25.000(59.170), Loss: 1.854(0.958), LR: 0.001068
[GPU cuda:0][TRAIN] Epoch: [3][2650/3100], Elapsed 13m 42s (remain 2m 19s), Accuracy: 50.000(59.166), Loss: 1.128(0.959), LR: 0.001075
[GPU cuda:0][TRAIN] Epoch: [3][2700/3100], Elapsed 13m 58s (remain 2m 3s), Accuracy: 50.000(59.089), Loss: 2.263(0.961), LR: 0.001083
[GPU cuda:0][TRAIN] Epoch: [3][2750/3100], Elapsed 14m 13s (remain 1m 48s), Accuracy: 25.000(59.124), Loss: 0.986(0.960), LR: 0.001090
[GPU cuda:0][TRAIN] Epoch: [3][2800/3100], Elapsed 14m 28s (remain 1m 32s), Accuracy: 0.000(59.131), Loss: 1.938(0.960), LR: 0.001097
[GPU cuda:0][TRAIN] Epoch: [3][2850/3100], Elapsed 14m 44s (remain 1m 17s), Accuracy: 75.000(59.146), Loss: 0.979(0.960), LR: 0.001105
[GPU cuda:0][TRAIN] Epoch: [3][2900/3100], Elapsed 14m 59s (remain 1m 1s), Accuracy: 50.000(59.161), Loss: 1.560(0.960), LR: 0.001112
[GPU cuda:0][TRAIN] Epoch: [3][2950/3100], Elapsed 15m 15s (remain 0m 46s), Accuracy: 75.000(59.209), Loss: 0.526(0.959), LR: 0.001119
[GPU cuda:0][TRAIN] Epoch: [3][3000/3100], Elapsed 15m 30s (remain 0m 30s), Accuracy: 25.000(59.155), Loss: 1.465(0.959), LR: 0.001126
[GPU cuda:0][TRAIN] Epoch: [3][3050/3100], Elapsed 15m 46s (remain 0m 15s), Accuracy: 50.000(59.218), Loss: 0.674(0.958), LR: 0.001133
[GPU cuda:0][TRAIN] Epoch: [3][3099/3100], Elapsed 16m 1s (remain 0m 0s), Accuracy: 50.000(59.105), Loss: 1.218(0.960), LR: 0.001140
[GPU cuda:0][VALID][0/388], Elapsed 0m 0s (remain 3m 32s), Accuracy: 50.000(50.000), Batch Loss: 0.8593, Average Loss: 0.8593
[GPU cuda:0][VALID][50/388], Elapsed 0m 12s (remain 1m 20s), Accuracy: 62.500(57.353), Batch Loss: 0.7439, Average Loss: 0.9271
[GPU cuda:0][VALID][100/388], Elapsed 0m 23s (remain 1m 7s), Accuracy: 50.000(54.703), Batch Loss: 1.2777, Average Loss: 0.9631
[GPU cuda:0][VALID][150/388], Elapsed 0m 35s (remain 0m 55s), Accuracy: 62.500(54.387), Batch Loss: 1.0656, Average Loss: 0.9848
[GPU cuda:0][VALID][200/388], Elapsed 0m 47s (remain 0m 43s), Accuracy: 75.000(55.100), Batch Loss: 0.9114, Average Loss: 0.9784
[GPU cuda:0][VALID][250/388], Elapsed 0m 58s (remain 0m 32s), Accuracy: 25.000(55.030), Batch Loss: 1.3118, Average Loss: 0.9852
[GPU cuda:0][VALID][300/388], Elapsed 1m 10s (remain 0m 20s), Accuracy: 37.500(55.648), Batch Loss: 1.1663, Average Loss: 0.9841
[GPU cuda:0][VALID][350/388], Elapsed 1m 22s (remain 0m 8s), Accuracy: 62.500(55.805), Batch Loss: 1.0628, Average Loss: 0.9862
[GPU cuda:0][VALID][387/388], Elapsed 1m 30s (remain 0m 0s), Accuracy: 25.000(55.928), Batch Loss: 1.2488, Average Loss: 0.9830
Valid Labels Samples: [2 0 1 4 1 0 3 1 4 3]
Valid Predictions Samples: [2, 0, 0, 4, 0, 0, 4, 2, 4, 0]
Epoch 3 - Train Average Loss: 59.105, Valid Average Loss: 55.928, Epoch Time: 1054.549s
Epoch 3 - Accuracy: 0.560, Precision: 0.576, Recall: 0.560
[GPU cuda:0][TRAIN] Epoch: [4][0/3100], Elapsed 0m 0s (remain 36m 5s), Accuracy: 75.000(75.000), Loss: 0.924(0.924), LR: 0.001140
[GPU cuda:0][TRAIN] Epoch: [4][50/3100], Elapsed 0m 16s (remain 16m 7s), Accuracy: 50.000(61.275), Loss: 1.034(0.962), LR: 0.001147
[GPU cuda:0][TRAIN] Epoch: [4][100/3100], Elapsed 0m 31s (remain 15m 36s), Accuracy: 25.000(60.891), Loss: 1.153(0.958), LR: 0.001154
[GPU cuda:0][TRAIN] Epoch: [4][150/3100], Elapsed 0m 47s (remain 15m 19s), Accuracy: 100.000(59.768), Loss: 0.156(0.945), LR: 0.001161
[GPU cuda:0][TRAIN] Epoch: [4][200/3100], Elapsed 1m 2s (remain 15m 1s), Accuracy: 100.000(60.323), Loss: 0.159(0.939), LR: 0.001168
[GPU cuda:0][TRAIN] Epoch: [4][250/3100], Elapsed 1m 18s (remain 14m 45s), Accuracy: 0.000(58.665), Loss: 1.338(0.971), LR: 0.001175
[GPU cuda:0][TRAIN] Epoch: [4][300/3100], Elapsed 1m 33s (remain 14m 29s), Accuracy: 0.000(59.468), Loss: 1.425(0.964), LR: 0.001182
[GPU cuda:0][TRAIN] Epoch: [4][350/3100], Elapsed 1m 49s (remain 14m 14s), Accuracy: 75.000(60.043), Loss: 1.105(0.943), LR: 0.001188
[GPU cuda:0][TRAIN] Epoch: [4][400/3100], Elapsed 2m 4s (remain 13m 58s), Accuracy: 50.000(59.227), Loss: 1.106(0.955), LR: 0.001195
[GPU cuda:0][TRAIN] Epoch: [4][450/3100], Elapsed 2m 20s (remain 13m 42s), Accuracy: 75.000(60.089), Loss: 0.668(0.933), LR: 0.001201
[GPU cuda:0][TRAIN] Epoch: [4][500/3100], Elapsed 2m 35s (remain 13m 27s), Accuracy: 25.000(57.834), Loss: 1.408(0.985), LR: 0.001208
[GPU cuda:0][TRAIN] Epoch: [4][550/3100], Elapsed 2m 51s (remain 13m 11s), Accuracy: 25.000(57.033), Loss: 2.068(0.996), LR: 0.001214
[GPU cuda:0][TRAIN] Epoch: [4][600/3100], Elapsed 3m 6s (remain 12m 55s), Accuracy: 25.000(57.238), Loss: 0.919(0.993), LR: 0.001221
[GPU cuda:0][TRAIN] Epoch: [4][650/3100], Elapsed 3m 22s (remain 12m 39s), Accuracy: 75.000(57.028), Loss: 0.658(0.996), LR: 0.001227
[GPU cuda:0][TRAIN] Epoch: [4][700/3100], Elapsed 3m 37s (remain 12m 24s), Accuracy: 75.000(56.990), Loss: 0.790(0.998), LR: 0.001234
[GPU cuda:0][TRAIN] Epoch: [4][750/3100], Elapsed 3m 52s (remain 12m 8s), Accuracy: 100.000(57.157), Loss: 0.198(1.000), LR: 0.001240
[GPU cuda:0][TRAIN] Epoch: [4][800/3100], Elapsed 4m 8s (remain 11m 52s), Accuracy: 50.000(57.054), Loss: 0.983(0.999), LR: 0.001246
[GPU cuda:0][TRAIN] Epoch: [4][850/3100], Elapsed 4m 23s (remain 11m 37s), Accuracy: 25.000(57.021), Loss: 1.650(1.001), LR: 0.001252
[GPU cuda:0][TRAIN] Epoch: [4][900/3100], Elapsed 4m 39s (remain 11m 21s), Accuracy: 50.000(57.048), Loss: 0.824(1.004), LR: 0.001258
[GPU cuda:0][TRAIN] Epoch: [4][950/3100], Elapsed 4m 54s (remain 11m 6s), Accuracy: 100.000(57.361), Loss: 0.636(0.999), LR: 0.001264
[GPU cuda:0][TRAIN] Epoch: [4][1000/3100], Elapsed 5m 10s (remain 10m 50s), Accuracy: 75.000(57.742), Loss: 0.658(0.991), LR: 0.001270
[GPU cuda:0][TRAIN] Epoch: [4][1050/3100], Elapsed 5m 25s (remain 10m 35s), Accuracy: 100.000(57.873), Loss: 0.330(0.988), LR: 0.001276
[GPU cuda:0][TRAIN] Epoch: [4][1100/3100], Elapsed 5m 41s (remain 10m 19s), Accuracy: 50.000(58.265), Loss: 1.171(0.981), LR: 0.001282
[GPU cuda:0][TRAIN] Epoch: [4][1150/3100], Elapsed 5m 56s (remain 10m 4s), Accuracy: 75.000(58.471), Loss: 0.573(0.979), LR: 0.001288
[GPU cuda:0][TRAIN] Epoch: [4][1200/3100], Elapsed 6m 12s (remain 9m 48s), Accuracy: 75.000(58.618), Loss: 0.684(0.975), LR: 0.001294
[GPU cuda:0][TRAIN] Epoch: [4][1250/3100], Elapsed 6m 27s (remain 9m 33s), Accuracy: 75.000(58.593), Loss: 1.059(0.977), LR: 0.001299
[GPU cuda:0][TRAIN] Epoch: [4][1300/3100], Elapsed 6m 43s (remain 9m 17s), Accuracy: 75.000(58.782), Loss: 0.814(0.974), LR: 0.001305
[GPU cuda:0][TRAIN] Epoch: [4][1350/3100], Elapsed 6m 58s (remain 9m 2s), Accuracy: 75.000(59.178), Loss: 0.494(0.965), LR: 0.001310
[GPU cuda:0][TRAIN] Epoch: [4][1400/3100], Elapsed 7m 14s (remain 8m 46s), Accuracy: 25.000(58.708), Loss: 1.298(0.975), LR: 0.001316
[GPU cuda:0][TRAIN] Epoch: [4][1450/3100], Elapsed 7m 29s (remain 8m 31s), Accuracy: 50.000(58.580), Loss: 0.974(0.979), LR: 0.001321
[GPU cuda:0][TRAIN] Epoch: [4][1500/3100], Elapsed 7m 45s (remain 8m 15s), Accuracy: 25.000(57.978), Loss: 1.453(0.989), LR: 0.001326
[GPU cuda:0][TRAIN] Epoch: [4][1550/3100], Elapsed 8m 0s (remain 8m 0s), Accuracy: 100.000(57.785), Loss: 0.338(0.990), LR: 0.001332
[GPU cuda:0][TRAIN] Epoch: [4][1600/3100], Elapsed 8m 16s (remain 7m 44s), Accuracy: 75.000(57.979), Loss: 0.440(0.986), LR: 0.001337
[GPU cuda:0][TRAIN] Epoch: [4][1650/3100], Elapsed 8m 31s (remain 7m 29s), Accuracy: 100.000(58.162), Loss: 0.432(0.984), LR: 0.001342
[GPU cuda:0][TRAIN] Epoch: [4][1700/3100], Elapsed 8m 47s (remain 7m 13s), Accuracy: 50.000(58.363), Loss: 1.323(0.983), LR: 0.001347
[GPU cuda:0][TRAIN] Epoch: [4][1750/3100], Elapsed 9m 2s (remain 6m 58s), Accuracy: 100.000(58.438), Loss: 0.427(0.984), LR: 0.001352
[GPU cuda:0][TRAIN] Epoch: [4][1800/3100], Elapsed 9m 18s (remain 6m 42s), Accuracy: 75.000(58.662), Loss: 0.978(0.980), LR: 0.001357
[GPU cuda:0][TRAIN] Epoch: [4][1850/3100], Elapsed 9m 33s (remain 6m 27s), Accuracy: 50.000(58.468), Loss: 0.876(0.984), LR: 0.001362
[GPU cuda:0][TRAIN] Epoch: [4][1900/3100], Elapsed 9m 49s (remain 6m 11s), Accuracy: 75.000(58.509), Loss: 1.069(0.983), LR: 0.001366
[GPU cuda:0][TRAIN] Epoch: [4][1950/3100], Elapsed 10m 4s (remain 5m 55s), Accuracy: 75.000(58.278), Loss: 0.642(0.987), LR: 0.001371
[GPU cuda:0][TRAIN] Epoch: [4][2000/3100], Elapsed 10m 19s (remain 5m 40s), Accuracy: 75.000(58.321), Loss: 0.719(0.987), LR: 0.001376
[GPU cuda:0][TRAIN] Epoch: [4][2050/3100], Elapsed 10m 35s (remain 5m 25s), Accuracy: 75.000(58.179), Loss: 1.522(0.990), LR: 0.001380
[GPU cuda:0][TRAIN] Epoch: [4][2100/3100], Elapsed 10m 50s (remain 5m 9s), Accuracy: 50.000(58.163), Loss: 1.458(0.990), LR: 0.001385
[GPU cuda:0][TRAIN] Epoch: [4][2150/3100], Elapsed 11m 6s (remain 4m 54s), Accuracy: 75.000(58.310), Loss: 1.100(0.987), LR: 0.001389
[GPU cuda:0][TRAIN] Epoch: [4][2200/3100], Elapsed 11m 21s (remain 4m 38s), Accuracy: 25.000(58.144), Loss: 1.452(0.989), LR: 0.001393
[GPU cuda:0][TRAIN] Epoch: [4][2250/3100], Elapsed 11m 37s (remain 4m 23s), Accuracy: 50.000(58.174), Loss: 1.170(0.988), LR: 0.001398
[GPU cuda:0][TRAIN] Epoch: [4][2300/3100], Elapsed 11m 52s (remain 4m 7s), Accuracy: 25.000(58.268), Loss: 1.436(0.985), LR: 0.001402
[GPU cuda:0][TRAIN] Epoch: [4][2350/3100], Elapsed 12m 8s (remain 3m 52s), Accuracy: 50.000(58.401), Loss: 0.884(0.983), LR: 0.001406
[GPU cuda:0][TRAIN] Epoch: [4][2400/3100], Elapsed 12m 24s (remain 3m 36s), Accuracy: 0.000(58.361), Loss: 1.539(0.984), LR: 0.001410
[GPU cuda:0][TRAIN] Epoch: [4][2450/3100], Elapsed 12m 39s (remain 3m 21s), Accuracy: 0.000(57.834), Loss: 1.907(0.993), LR: 0.001414
[GPU cuda:0][TRAIN] Epoch: [4][2500/3100], Elapsed 12m 55s (remain 3m 5s), Accuracy: 0.000(57.027), Loss: 1.748(1.006), LR: 0.001417
[GPU cuda:0][TRAIN] Epoch: [4][2550/3100], Elapsed 13m 10s (remain 2m 50s), Accuracy: 25.000(56.331), Loss: 1.801(1.019), LR: 0.001421
[GPU cuda:0][TRAIN] Epoch: [4][2600/3100], Elapsed 13m 26s (remain 2m 34s), Accuracy: 50.000(55.642), Loss: 1.491(1.030), LR: 0.001425
[GPU cuda:0][TRAIN] Epoch: [4][2650/3100], Elapsed 13m 41s (remain 2m 19s), Accuracy: 0.000(55.008), Loss: 1.605(1.042), LR: 0.001428
[GPU cuda:0][TRAIN] Epoch: [4][2700/3100], Elapsed 13m 57s (remain 2m 3s), Accuracy: 0.000(54.452), Loss: 1.599(1.053), LR: 0.001432
[GPU cuda:0][TRAIN] Epoch: [4][2750/3100], Elapsed 14m 12s (remain 1m 48s), Accuracy: 0.000(53.853), Loss: 1.694(1.063), LR: 0.001435
[GPU cuda:0][TRAIN] Epoch: [4][2800/3100], Elapsed 14m 28s (remain 1m 32s), Accuracy: 25.000(53.160), Loss: 1.583(1.073), LR: 0.001439
[GPU cuda:0][TRAIN] Epoch: [4][2850/3100], Elapsed 14m 43s (remain 1m 17s), Accuracy: 25.000(52.578), Loss: 1.622(1.083), LR: 0.001442
[GPU cuda:0][TRAIN] Epoch: [4][2900/3100], Elapsed 14m 58s (remain 1m 1s), Accuracy: 0.000(51.999), Loss: 1.634(1.092), LR: 0.001445
[GPU cuda:0][TRAIN] Epoch: [4][2950/3100], Elapsed 15m 14s (remain 0m 46s), Accuracy: 0.000(51.423), Loss: 1.770(1.102), LR: 0.001448
[GPU cuda:0][TRAIN] Epoch: [4][3000/3100], Elapsed 15m 29s (remain 0m 30s), Accuracy: 0.000(50.925), Loss: 1.806(1.110), LR: 0.001451
[GPU cuda:0][TRAIN] Epoch: [4][3050/3100], Elapsed 15m 45s (remain 0m 15s), Accuracy: 50.000(50.483), Loss: 1.478(1.118), LR: 0.001454
[GPU cuda:0][TRAIN] Epoch: [4][3099/3100], Elapsed 16m 0s (remain 0m 0s), Accuracy: 0.000(50.048), Loss: 1.677(1.126), LR: 0.001457
[GPU cuda:0][VALID][0/388], Elapsed 0m 0s (remain 3m 25s), Accuracy: 12.500(12.500), Batch Loss: 1.6818, Average Loss: 1.6818
[GPU cuda:0][VALID][50/388], Elapsed 0m 12s (remain 1m 19s), Accuracy: 25.000(19.118), Batch Loss: 1.5473, Average Loss: 1.6067
[GPU cuda:0][VALID][100/388], Elapsed 0m 23s (remain 1m 7s), Accuracy: 12.500(18.936), Batch Loss: 1.6763, Average Loss: 1.6169
[GPU cuda:0][VALID][150/388], Elapsed 0m 35s (remain 0m 55s), Accuracy: 12.500(18.460), Batch Loss: 1.5998, Average Loss: 1.6183
[GPU cuda:0][VALID][200/388], Elapsed 0m 46s (remain 0m 43s), Accuracy: 37.500(18.470), Batch Loss: 1.6287, Average Loss: 1.6157
[GPU cuda:0][VALID][250/388], Elapsed 0m 58s (remain 0m 31s), Accuracy: 12.500(18.725), Batch Loss: 1.6367, Average Loss: 1.6153
[GPU cuda:0][VALID][300/388], Elapsed 1m 10s (remain 0m 20s), Accuracy: 0.000(18.978), Batch Loss: 1.6372, Average Loss: 1.6162
[GPU cuda:0][VALID][350/388], Elapsed 1m 21s (remain 0m 8s), Accuracy: 12.500(19.231), Batch Loss: 1.6844, Average Loss: 1.6175
[GPU cuda:0][VALID][387/388], Elapsed 1m 30s (remain 0m 0s), Accuracy: 25.000(19.362), Batch Loss: 1.6338, Average Loss: 1.6170
Valid Labels Samples: [2 0 1 4 1 0 3 1 4 3]
Valid Predictions Samples: [4, 4, 4, 4, 4, 4, 4, 4, 4, 4]
Epoch 4 - Train Average Loss: 50.048, Valid Average Loss: 19.362, Epoch Time: 1053.251s
Epoch 4 - Accuracy: 0.194, Precision: 0.037, Recall: 0.194
