[GPU 0]: Config File
{'id': 37, 'model_name': 'swin_large_patch4_window12_384_in22k', 'dropout': 0.5, 'size': 384, 'batch_size_t': 4, 'batch_size_v': 8, 'n_targets': 5, 'criterion': 'CrossEntropyLoss', 'gradient_accumulation_steps': 1, 'max_gradient_norm': None, 'optimizer': 'RangerLars', 'scheduler': 'OneCycleLR', 'LR': 3e-05, 'T_0': 200, 'T_max': 10, 'T_mult': 2, 'min_lr': 1e-06, 'max_lr': 0.00015000000000000001, 'no_batches': 3100, 'warmup_epochs': 1, 'cosine_epochs': 14, 'epochs': 15, 'update_per_batch': True, 'num_workers': 4, 'n_folds': 5, 'train_transforms': [HorizontalFlip(always_apply=False, p=0.5), VerticalFlip(always_apply=False, p=0.5), RandomRotate90(always_apply=False, p=0.5)], 'valid_transforms': [], 'observations': None, 'use_swa': True, 'swa_lr': 0.01, 'swa_epoch': 0, 'use_sam': True, 'use_asam': True, 'asam_rho': 0.1, 'print_freq': 50, 'one_fold': True, 'use_apex': True, 'distributed_training': False, 'save_to_log': True}
================================================== Training Fold: 0 ==================================================
[GPU cuda:0][TRAIN] Epoch: [1][0/3100], Elapsed 0m 0s (remain 24m 46s), Accuracy: 0.000(0.000), Loss: 1.683(1.683), LR: 0.000006
[GPU cuda:0][TRAIN] Epoch: [1][50/3100], Elapsed 0m 16s (remain 16m 46s), Accuracy: 50.000(15.196), Loss: 1.605(1.658), LR: 0.000006
[GPU cuda:0][TRAIN] Epoch: [1][100/3100], Elapsed 0m 33s (remain 16m 28s), Accuracy: 25.000(16.584), Loss: 1.498(1.650), LR: 0.000006
[GPU cuda:0][TRAIN] Epoch: [1][150/3100], Elapsed 0m 49s (remain 16m 10s), Accuracy: 25.000(16.556), Loss: 1.456(1.651), LR: 0.000006
[GPU cuda:0][TRAIN] Epoch: [1][200/3100], Elapsed 1m 6s (remain 15m 56s), Accuracy: 0.000(17.040), Loss: 1.640(1.656), LR: 0.000006
[GPU cuda:0][TRAIN] Epoch: [1][250/3100], Elapsed 1m 22s (remain 15m 39s), Accuracy: 25.000(17.430), Loss: 1.704(1.654), LR: 0.000006
[GPU cuda:0][TRAIN] Epoch: [1][300/3100], Elapsed 1m 39s (remain 15m 23s), Accuracy: 25.000(17.608), Loss: 1.539(1.651), LR: 0.000006
[GPU cuda:0][TRAIN] Epoch: [1][350/3100], Elapsed 1m 55s (remain 15m 6s), Accuracy: 50.000(18.590), Loss: 1.571(1.648), LR: 0.000006
[GPU cuda:0][TRAIN] Epoch: [1][400/3100], Elapsed 2m 12s (remain 14m 49s), Accuracy: 0.000(18.703), Loss: 1.829(1.646), LR: 0.000006
[GPU cuda:0][TRAIN] Epoch: [1][450/3100], Elapsed 2m 28s (remain 14m 33s), Accuracy: 50.000(19.512), Loss: 1.470(1.640), LR: 0.000006
[GPU cuda:0][TRAIN] Epoch: [1][500/3100], Elapsed 2m 45s (remain 14m 16s), Accuracy: 25.000(19.511), Loss: 1.712(1.639), LR: 0.000006
[GPU cuda:0][TRAIN] Epoch: [1][550/3100], Elapsed 3m 1s (remain 14m 0s), Accuracy: 0.000(19.102), Loss: 1.773(1.639), LR: 0.000007
[GPU cuda:0][TRAIN] Epoch: [1][600/3100], Elapsed 3m 18s (remain 13m 43s), Accuracy: 0.000(18.968), Loss: 1.697(1.638), LR: 0.000007
[GPU cuda:0][TRAIN] Epoch: [1][650/3100], Elapsed 3m 34s (remain 13m 26s), Accuracy: 25.000(19.163), Loss: 1.724(1.636), LR: 0.000007
[GPU cuda:0][TRAIN] Epoch: [1][700/3100], Elapsed 3m 50s (remain 13m 10s), Accuracy: 75.000(19.116), Loss: 1.468(1.635), LR: 0.000007
[GPU cuda:0][TRAIN] Epoch: [1][750/3100], Elapsed 4m 7s (remain 12m 52s), Accuracy: 25.000(19.407), Loss: 1.573(1.633), LR: 0.000007
[GPU cuda:0][TRAIN] Epoch: [1][800/3100], Elapsed 4m 23s (remain 12m 35s), Accuracy: 25.000(19.382), Loss: 1.597(1.632), LR: 0.000007
[GPU cuda:0][TRAIN] Epoch: [1][850/3100], Elapsed 4m 39s (remain 12m 18s), Accuracy: 25.000(19.771), Loss: 1.589(1.630), LR: 0.000007
[GPU cuda:0][TRAIN] Epoch: [1][900/3100], Elapsed 4m 55s (remain 12m 1s), Accuracy: 50.000(19.867), Loss: 1.545(1.629), LR: 0.000007
[GPU cuda:0][TRAIN] Epoch: [1][950/3100], Elapsed 5m 11s (remain 11m 44s), Accuracy: 50.000(20.084), Loss: 1.587(1.628), LR: 0.000008
[GPU cuda:0][TRAIN] Epoch: [1][1000/3100], Elapsed 5m 27s (remain 11m 27s), Accuracy: 50.000(20.554), Loss: 1.543(1.626), LR: 0.000008
[GPU cuda:0][TRAIN] Epoch: [1][1050/3100], Elapsed 5m 44s (remain 11m 11s), Accuracy: 50.000(20.695), Loss: 1.548(1.625), LR: 0.000008
[GPU cuda:0][TRAIN] Epoch: [1][1100/3100], Elapsed 6m 0s (remain 10m 54s), Accuracy: 25.000(20.913), Loss: 1.580(1.625), LR: 0.000008
[GPU cuda:0][TRAIN] Epoch: [1][1150/3100], Elapsed 6m 16s (remain 10m 37s), Accuracy: 0.000(21.112), Loss: 1.724(1.624), LR: 0.000008
[GPU cuda:0][TRAIN] Epoch: [1][1200/3100], Elapsed 6m 33s (remain 10m 21s), Accuracy: 50.000(21.357), Loss: 1.536(1.622), LR: 0.000009
[GPU cuda:0][TRAIN] Epoch: [1][1250/3100], Elapsed 6m 49s (remain 10m 4s), Accuracy: 25.000(21.523), Loss: 1.631(1.621), LR: 0.000009
[GPU cuda:0][TRAIN] Epoch: [1][1300/3100], Elapsed 7m 5s (remain 9m 48s), Accuracy: 0.000(21.945), Loss: 1.708(1.620), LR: 0.000009
[GPU cuda:0][TRAIN] Epoch: [1][1350/3100], Elapsed 7m 21s (remain 9m 31s), Accuracy: 75.000(22.169), Loss: 1.435(1.618), LR: 0.000009
[GPU cuda:0][TRAIN] Epoch: [1][1400/3100], Elapsed 7m 37s (remain 9m 15s), Accuracy: 25.000(22.323), Loss: 1.596(1.617), LR: 0.000010
[GPU cuda:0][TRAIN] Epoch: [1][1450/3100], Elapsed 7m 54s (remain 8m 58s), Accuracy: 25.000(22.484), Loss: 1.397(1.616), LR: 0.000010
[GPU cuda:0][TRAIN] Epoch: [1][1500/3100], Elapsed 8m 10s (remain 8m 42s), Accuracy: 50.000(22.618), Loss: 1.432(1.615), LR: 0.000010
[GPU cuda:0][TRAIN] Epoch: [1][1550/3100], Elapsed 8m 26s (remain 8m 25s), Accuracy: 25.000(22.598), Loss: 1.509(1.614), LR: 0.000010
[GPU cuda:0][TRAIN] Epoch: [1][1600/3100], Elapsed 8m 42s (remain 8m 9s), Accuracy: 50.000(22.954), Loss: 1.490(1.612), LR: 0.000011
[GPU cuda:0][TRAIN] Epoch: [1][1650/3100], Elapsed 8m 58s (remain 7m 52s), Accuracy: 25.000(22.971), Loss: 1.644(1.611), LR: 0.000011
[GPU cuda:0][TRAIN] Epoch: [1][1700/3100], Elapsed 9m 14s (remain 7m 36s), Accuracy: 25.000(23.178), Loss: 1.619(1.610), LR: 0.000011
[GPU cuda:0][TRAIN] Epoch: [1][1750/3100], Elapsed 9m 31s (remain 7m 20s), Accuracy: 50.000(23.272), Loss: 1.526(1.609), LR: 0.000012
[GPU cuda:0][TRAIN] Epoch: [1][1800/3100], Elapsed 9m 47s (remain 7m 3s), Accuracy: 50.000(23.501), Loss: 1.498(1.608), LR: 0.000012
[GPU cuda:0][TRAIN] Epoch: [1][1850/3100], Elapsed 10m 3s (remain 6m 47s), Accuracy: 0.000(23.717), Loss: 1.618(1.606), LR: 0.000012
[GPU cuda:0][TRAIN] Epoch: [1][1900/3100], Elapsed 10m 19s (remain 6m 30s), Accuracy: 25.000(23.961), Loss: 1.601(1.605), LR: 0.000012
[GPU cuda:0][TRAIN] Epoch: [1][1950/3100], Elapsed 10m 36s (remain 6m 14s), Accuracy: 50.000(23.975), Loss: 1.393(1.604), LR: 0.000013
[GPU cuda:0][TRAIN] Epoch: [1][2000/3100], Elapsed 10m 51s (remain 5m 57s), Accuracy: 0.000(24.188), Loss: 1.603(1.603), LR: 0.000013
[GPU cuda:0][TRAIN] Epoch: [1][2050/3100], Elapsed 11m 7s (remain 5m 41s), Accuracy: 50.000(24.427), Loss: 1.468(1.601), LR: 0.000014
[GPU cuda:0][TRAIN] Epoch: [1][2100/3100], Elapsed 11m 23s (remain 5m 25s), Accuracy: 50.000(24.726), Loss: 1.522(1.599), LR: 0.000014
[GPU cuda:0][TRAIN] Epoch: [1][2150/3100], Elapsed 11m 39s (remain 5m 8s), Accuracy: 25.000(25.070), Loss: 1.720(1.597), LR: 0.000014
[GPU cuda:0][TRAIN] Epoch: [1][2200/3100], Elapsed 11m 56s (remain 4m 52s), Accuracy: 0.000(25.250), Loss: 1.670(1.596), LR: 0.000015
[GPU cuda:0][TRAIN] Epoch: [1][2250/3100], Elapsed 12m 12s (remain 4m 36s), Accuracy: 25.000(25.466), Loss: 1.556(1.594), LR: 0.000015
[GPU cuda:0][TRAIN] Epoch: [1][2300/3100], Elapsed 12m 29s (remain 4m 20s), Accuracy: 0.000(25.598), Loss: 1.693(1.593), LR: 0.000015
[GPU cuda:0][TRAIN] Epoch: [1][2350/3100], Elapsed 12m 45s (remain 4m 3s), Accuracy: 25.000(25.766), Loss: 1.665(1.591), LR: 0.000016
[GPU cuda:0][TRAIN] Epoch: [1][2400/3100], Elapsed 13m 2s (remain 3m 47s), Accuracy: 25.000(25.927), Loss: 1.536(1.589), LR: 0.000016
[GPU cuda:0][TRAIN] Epoch: [1][2450/3100], Elapsed 13m 18s (remain 3m 31s), Accuracy: 50.000(26.102), Loss: 1.438(1.587), LR: 0.000017
[GPU cuda:0][TRAIN] Epoch: [1][2500/3100], Elapsed 13m 35s (remain 3m 15s), Accuracy: 0.000(26.319), Loss: 1.717(1.585), LR: 0.000017
[GPU cuda:0][TRAIN] Epoch: [1][2550/3100], Elapsed 13m 51s (remain 2m 58s), Accuracy: 25.000(26.480), Loss: 1.558(1.582), LR: 0.000018
[GPU cuda:0][TRAIN] Epoch: [1][2600/3100], Elapsed 14m 7s (remain 2m 42s), Accuracy: 25.000(26.749), Loss: 1.464(1.579), LR: 0.000018
[GPU cuda:0][TRAIN] Epoch: [1][2650/3100], Elapsed 14m 23s (remain 2m 26s), Accuracy: 0.000(26.914), Loss: 1.614(1.577), LR: 0.000018
[GPU cuda:0][TRAIN] Epoch: [1][2700/3100], Elapsed 14m 40s (remain 2m 10s), Accuracy: 75.000(27.305), Loss: 1.140(1.573), LR: 0.000019
[GPU cuda:0][TRAIN] Epoch: [1][2750/3100], Elapsed 14m 56s (remain 1m 53s), Accuracy: 50.000(27.654), Loss: 1.474(1.569), LR: 0.000019
[GPU cuda:0][TRAIN] Epoch: [1][2800/3100], Elapsed 15m 12s (remain 1m 37s), Accuracy: 0.000(27.847), Loss: 1.629(1.565), LR: 0.000020
[GPU cuda:0][TRAIN] Epoch: [1][2850/3100], Elapsed 15m 28s (remain 1m 21s), Accuracy: 25.000(28.095), Loss: 1.607(1.561), LR: 0.000020
[GPU cuda:0][TRAIN] Epoch: [1][2900/3100], Elapsed 15m 44s (remain 1m 4s), Accuracy: 75.000(28.240), Loss: 1.034(1.558), LR: 0.000021
[GPU cuda:0][TRAIN] Epoch: [1][2950/3100], Elapsed 16m 1s (remain 0m 48s), Accuracy: 25.000(28.499), Loss: 1.600(1.554), LR: 0.000021
[GPU cuda:0][TRAIN] Epoch: [1][3000/3100], Elapsed 16m 17s (remain 0m 32s), Accuracy: 0.000(28.890), Loss: 1.943(1.548), LR: 0.000022
[GPU cuda:0][TRAIN] Epoch: [1][3050/3100], Elapsed 16m 33s (remain 0m 15s), Accuracy: 50.000(29.154), Loss: 1.229(1.543), LR: 0.000022
[GPU cuda:0][TRAIN] Epoch: [1][3099/3100], Elapsed 16m 49s (remain 0m 0s), Accuracy: 25.000(29.492), Loss: 1.491(1.539), LR: 0.000023
[GPU cuda:0][VALID][0/388], Elapsed 0m 0s (remain 3m 28s), Accuracy: 50.000(50.000), Batch Loss: 1.2495, Average Loss: 1.2495
[GPU cuda:0][VALID][50/388], Elapsed 0m 12s (remain 1m 20s), Accuracy: 75.000(57.843), Batch Loss: 0.9858, Average Loss: 1.1020
[GPU cuda:0][VALID][100/388], Elapsed 0m 23s (remain 1m 8s), Accuracy: 62.500(52.847), Batch Loss: 1.2033, Average Loss: 1.1411
[GPU cuda:0][VALID][150/388], Elapsed 0m 35s (remain 0m 56s), Accuracy: 50.000(51.407), Batch Loss: 1.2993, Average Loss: 1.1606
[GPU cuda:0][VALID][200/388], Elapsed 0m 47s (remain 0m 44s), Accuracy: 50.000(50.311), Batch Loss: 1.1249, Average Loss: 1.1654
[GPU cuda:0][VALID][250/388], Elapsed 0m 59s (remain 0m 32s), Accuracy: 12.500(49.950), Batch Loss: 1.3314, Average Loss: 1.1628
[GPU cuda:0][VALID][300/388], Elapsed 1m 11s (remain 0m 20s), Accuracy: 37.500(50.000), Batch Loss: 1.2501, Average Loss: 1.1577
[GPU cuda:0][VALID][350/388], Elapsed 1m 22s (remain 0m 8s), Accuracy: 37.500(49.822), Batch Loss: 1.1443, Average Loss: 1.1610
[GPU cuda:0][VALID][387/388], Elapsed 1m 31s (remain 0m 0s), Accuracy: 25.000(49.871), Batch Loss: 1.4699, Average Loss: 1.1613
Valid Labels Samples: [2 0 1 4 1 0 3 1 4 3]
Valid Predictions Samples: [4, 0, 0, 4, 1, 0, 2, 3, 3, 0]
Epoch 1 - Train Average Loss: 29.492, Valid Average Loss: 49.871, Epoch Time: 1103.093s
Epoch 1 - Accuracy: 0.499, Precision: 0.503, Recall: 0.499
Saved Best Model: 0.50
[GPU cuda:0][TRAIN] Epoch: [2][0/3100], Elapsed 0m 0s (remain 37m 46s), Accuracy: 50.000(50.000), Loss: 1.191(1.191), LR: 0.000023
[GPU cuda:0][TRAIN] Epoch: [2][50/3100], Elapsed 0m 17s (remain 16m 57s), Accuracy: 50.000(41.667), Loss: 1.143(1.268), LR: 0.000023
[GPU cuda:0][TRAIN] Epoch: [2][100/3100], Elapsed 0m 33s (remain 16m 28s), Accuracy: 25.000(46.287), Loss: 1.695(1.214), LR: 0.000024
[GPU cuda:0][TRAIN] Epoch: [2][150/3100], Elapsed 0m 49s (remain 16m 8s), Accuracy: 75.000(47.185), Loss: 0.730(1.218), LR: 0.000024
[GPU cuda:0][TRAIN] Epoch: [2][200/3100], Elapsed 1m 5s (remain 15m 48s), Accuracy: 75.000(48.632), Loss: 1.014(1.210), LR: 0.000025
[GPU cuda:0][TRAIN] Epoch: [2][250/3100], Elapsed 1m 21s (remain 15m 30s), Accuracy: 25.000(48.108), Loss: 1.277(1.210), LR: 0.000026
[GPU cuda:0][TRAIN] Epoch: [2][300/3100], Elapsed 1m 38s (remain 15m 13s), Accuracy: 25.000(48.671), Loss: 1.256(1.196), LR: 0.000026
[GPU cuda:0][TRAIN] Epoch: [2][350/3100], Elapsed 1m 54s (remain 14m 56s), Accuracy: 50.000(48.647), Loss: 1.177(1.191), LR: 0.000027
[GPU cuda:0][TRAIN] Epoch: [2][400/3100], Elapsed 2m 10s (remain 14m 38s), Accuracy: 25.000(49.190), Loss: 1.220(1.188), LR: 0.000027
[GPU cuda:0][TRAIN] Epoch: [2][450/3100], Elapsed 2m 26s (remain 14m 18s), Accuracy: 75.000(49.834), Loss: 0.897(1.174), LR: 0.000028
[GPU cuda:0][TRAIN] Epoch: [2][500/3100], Elapsed 2m 41s (remain 13m 59s), Accuracy: 50.000(49.850), Loss: 1.120(1.173), LR: 0.000028
[GPU cuda:0][TRAIN] Epoch: [2][550/3100], Elapsed 2m 57s (remain 13m 42s), Accuracy: 25.000(50.181), Loss: 1.348(1.167), LR: 0.000029
[GPU cuda:0][TRAIN] Epoch: [2][600/3100], Elapsed 3m 14s (remain 13m 27s), Accuracy: 50.000(50.707), Loss: 1.308(1.159), LR: 0.000030
[GPU cuda:0][TRAIN] Epoch: [2][650/3100], Elapsed 3m 30s (remain 13m 12s), Accuracy: 50.000(50.845), Loss: 0.930(1.158), LR: 0.000030
[GPU cuda:0][TRAIN] Epoch: [2][700/3100], Elapsed 3m 47s (remain 12m 57s), Accuracy: 75.000(51.106), Loss: 0.771(1.151), LR: 0.000031
[GPU cuda:0][TRAIN] Epoch: [2][750/3100], Elapsed 4m 3s (remain 12m 41s), Accuracy: 100.000(51.565), Loss: 0.480(1.144), LR: 0.000031
[GPU cuda:0][TRAIN] Epoch: [2][800/3100], Elapsed 4m 19s (remain 12m 25s), Accuracy: 75.000(51.966), Loss: 0.955(1.139), LR: 0.000032
[GPU cuda:0][TRAIN] Epoch: [2][850/3100], Elapsed 4m 36s (remain 12m 10s), Accuracy: 100.000(52.262), Loss: 0.677(1.134), LR: 0.000033
[GPU cuda:0][TRAIN] Epoch: [2][900/3100], Elapsed 4m 52s (remain 11m 54s), Accuracy: 50.000(51.998), Loss: 1.217(1.135), LR: 0.000033
[GPU cuda:0][TRAIN] Epoch: [2][950/3100], Elapsed 5m 8s (remain 11m 38s), Accuracy: 75.000(52.103), Loss: 1.023(1.134), LR: 0.000034
[GPU cuda:0][TRAIN] Epoch: [2][1000/3100], Elapsed 5m 25s (remain 11m 22s), Accuracy: 25.000(52.348), Loss: 1.062(1.126), LR: 0.000035
[GPU cuda:0][TRAIN] Epoch: [2][1050/3100], Elapsed 5m 41s (remain 11m 5s), Accuracy: 100.000(52.854), Loss: 0.551(1.118), LR: 0.000035
[GPU cuda:0][TRAIN] Epoch: [2][1100/3100], Elapsed 5m 57s (remain 10m 48s), Accuracy: 25.000(53.179), Loss: 1.547(1.112), LR: 0.000036
[GPU cuda:0][TRAIN] Epoch: [2][1150/3100], Elapsed 6m 13s (remain 10m 32s), Accuracy: 50.000(53.584), Loss: 0.814(1.106), LR: 0.000037
[GPU cuda:0][TRAIN] Epoch: [2][1200/3100], Elapsed 6m 29s (remain 10m 16s), Accuracy: 100.000(54.038), Loss: 0.298(1.100), LR: 0.000037
[GPU cuda:0][TRAIN] Epoch: [2][1250/3100], Elapsed 6m 45s (remain 9m 59s), Accuracy: 25.000(53.797), Loss: 1.246(1.098), LR: 0.000038
[GPU cuda:0][TRAIN] Epoch: [2][1300/3100], Elapsed 7m 2s (remain 9m 43s), Accuracy: 25.000(53.939), Loss: 0.989(1.096), LR: 0.000039
[GPU cuda:0][TRAIN] Epoch: [2][1350/3100], Elapsed 7m 18s (remain 9m 27s), Accuracy: 75.000(54.275), Loss: 0.714(1.091), LR: 0.000039
[GPU cuda:0][TRAIN] Epoch: [2][1400/3100], Elapsed 7m 34s (remain 9m 11s), Accuracy: 75.000(54.283), Loss: 0.757(1.088), LR: 0.000040
[GPU cuda:0][TRAIN] Epoch: [2][1450/3100], Elapsed 7m 50s (remain 8m 54s), Accuracy: 75.000(54.462), Loss: 0.900(1.083), LR: 0.000041
[GPU cuda:0][TRAIN] Epoch: [2][1500/3100], Elapsed 8m 6s (remain 8m 38s), Accuracy: 75.000(54.580), Loss: 0.900(1.079), LR: 0.000041
[GPU cuda:0][TRAIN] Epoch: [2][1550/3100], Elapsed 8m 22s (remain 8m 22s), Accuracy: 75.000(54.674), Loss: 0.598(1.075), LR: 0.000042
[GPU cuda:0][TRAIN] Epoch: [2][1600/3100], Elapsed 8m 38s (remain 8m 5s), Accuracy: 100.000(54.981), Loss: 0.579(1.070), LR: 0.000043
[GPU cuda:0][TRAIN] Epoch: [2][1650/3100], Elapsed 8m 54s (remain 7m 49s), Accuracy: 75.000(55.012), Loss: 0.914(1.068), LR: 0.000043
[GPU cuda:0][TRAIN] Epoch: [2][1700/3100], Elapsed 9m 11s (remain 7m 33s), Accuracy: 25.000(55.115), Loss: 1.432(1.067), LR: 0.000044
[GPU cuda:0][TRAIN] Epoch: [2][1750/3100], Elapsed 9m 27s (remain 7m 17s), Accuracy: 50.000(55.226), Loss: 1.216(1.066), LR: 0.000045
[GPU cuda:0][TRAIN] Epoch: [2][1800/3100], Elapsed 9m 43s (remain 7m 0s), Accuracy: 50.000(55.358), Loss: 0.768(1.063), LR: 0.000046
[GPU cuda:0][TRAIN] Epoch: [2][1850/3100], Elapsed 9m 59s (remain 6m 44s), Accuracy: 75.000(55.416), Loss: 0.756(1.062), LR: 0.000046
[GPU cuda:0][TRAIN] Epoch: [2][1900/3100], Elapsed 10m 15s (remain 6m 28s), Accuracy: 50.000(55.681), Loss: 1.022(1.056), LR: 0.000047
[GPU cuda:0][TRAIN] Epoch: [2][1950/3100], Elapsed 10m 31s (remain 6m 11s), Accuracy: 50.000(55.702), Loss: 1.135(1.055), LR: 0.000048
[GPU cuda:0][TRAIN] Epoch: [2][2000/3100], Elapsed 10m 47s (remain 5m 55s), Accuracy: 75.000(55.772), Loss: 0.772(1.052), LR: 0.000049
[GPU cuda:0][TRAIN] Epoch: [2][2050/3100], Elapsed 11m 3s (remain 5m 39s), Accuracy: 75.000(55.973), Loss: 0.570(1.048), LR: 0.000049
[GPU cuda:0][TRAIN] Epoch: [2][2100/3100], Elapsed 11m 19s (remain 5m 23s), Accuracy: 25.000(56.140), Loss: 1.999(1.045), LR: 0.000050
[GPU cuda:0][TRAIN] Epoch: [2][2150/3100], Elapsed 11m 36s (remain 5m 7s), Accuracy: 25.000(56.288), Loss: 1.324(1.041), LR: 0.000051
[GPU cuda:0][TRAIN] Epoch: [2][2200/3100], Elapsed 11m 52s (remain 4m 50s), Accuracy: 25.000(56.236), Loss: 1.525(1.041), LR: 0.000052
[GPU cuda:0][TRAIN] Epoch: [2][2250/3100], Elapsed 12m 8s (remain 4m 34s), Accuracy: 50.000(56.386), Loss: 0.772(1.038), LR: 0.000052
[GPU cuda:0][TRAIN] Epoch: [2][2300/3100], Elapsed 12m 23s (remain 4m 18s), Accuracy: 50.000(56.475), Loss: 1.791(1.035), LR: 0.000053
[GPU cuda:0][TRAIN] Epoch: [2][2350/3100], Elapsed 12m 39s (remain 4m 1s), Accuracy: 75.000(56.550), Loss: 0.752(1.033), LR: 0.000054
[GPU cuda:0][TRAIN] Epoch: [2][2400/3100], Elapsed 12m 55s (remain 3m 45s), Accuracy: 25.000(56.549), Loss: 1.098(1.032), LR: 0.000055
[GPU cuda:0][TRAIN] Epoch: [2][2450/3100], Elapsed 13m 11s (remain 3m 29s), Accuracy: 25.000(56.599), Loss: 0.986(1.030), LR: 0.000055
[GPU cuda:0][TRAIN] Epoch: [2][2500/3100], Elapsed 13m 28s (remain 3m 13s), Accuracy: 25.000(56.787), Loss: 1.166(1.026), LR: 0.000056
[GPU cuda:0][TRAIN] Epoch: [2][2550/3100], Elapsed 13m 44s (remain 2m 57s), Accuracy: 75.000(56.782), Loss: 0.830(1.026), LR: 0.000057
[GPU cuda:0][TRAIN] Epoch: [2][2600/3100], Elapsed 14m 0s (remain 2m 41s), Accuracy: 50.000(56.978), Loss: 0.887(1.022), LR: 0.000058
[GPU cuda:0][TRAIN] Epoch: [2][2650/3100], Elapsed 14m 17s (remain 2m 25s), Accuracy: 25.000(56.978), Loss: 1.511(1.022), LR: 0.000058
[GPU cuda:0][TRAIN] Epoch: [2][2700/3100], Elapsed 14m 33s (remain 2m 9s), Accuracy: 50.000(57.136), Loss: 0.564(1.019), LR: 0.000059
[GPU cuda:0][TRAIN] Epoch: [2][2750/3100], Elapsed 14m 49s (remain 1m 52s), Accuracy: 75.000(57.243), Loss: 0.790(1.017), LR: 0.000060
[GPU cuda:0][TRAIN] Epoch: [2][2800/3100], Elapsed 15m 6s (remain 1m 36s), Accuracy: 25.000(57.283), Loss: 1.995(1.016), LR: 0.000061
[GPU cuda:0][TRAIN] Epoch: [2][2850/3100], Elapsed 15m 22s (remain 1m 20s), Accuracy: 50.000(57.340), Loss: 0.904(1.013), LR: 0.000062
[GPU cuda:0][TRAIN] Epoch: [2][2900/3100], Elapsed 15m 38s (remain 1m 4s), Accuracy: 50.000(57.368), Loss: 0.855(1.013), LR: 0.000062
[GPU cuda:0][TRAIN] Epoch: [2][2950/3100], Elapsed 15m 55s (remain 0m 48s), Accuracy: 75.000(57.497), Loss: 0.843(1.012), LR: 0.000063
[GPU cuda:0][TRAIN] Epoch: [2][3000/3100], Elapsed 16m 11s (remain 0m 32s), Accuracy: 25.000(57.539), Loss: 1.444(1.010), LR: 0.000064
[GPU cuda:0][TRAIN] Epoch: [2][3050/3100], Elapsed 16m 27s (remain 0m 15s), Accuracy: 50.000(57.653), Loss: 0.821(1.008), LR: 0.000065
[GPU cuda:0][TRAIN] Epoch: [2][3099/3100], Elapsed 16m 43s (remain 0m 0s), Accuracy: 25.000(57.750), Loss: 2.281(1.006), LR: 0.000066
[GPU cuda:0][VALID][0/388], Elapsed 0m 0s (remain 3m 26s), Accuracy: 87.500(87.500), Batch Loss: 0.4125, Average Loss: 0.4125
[GPU cuda:0][VALID][50/388], Elapsed 0m 12s (remain 1m 20s), Accuracy: 75.000(71.078), Batch Loss: 0.7877, Average Loss: 0.7377
[GPU cuda:0][VALID][100/388], Elapsed 0m 23s (remain 1m 7s), Accuracy: 37.500(69.431), Batch Loss: 1.0640, Average Loss: 0.7620
[GPU cuda:0][VALID][150/388], Elapsed 0m 35s (remain 0m 55s), Accuracy: 62.500(67.881), Batch Loss: 1.1023, Average Loss: 0.7907
[GPU cuda:0][VALID][200/388], Elapsed 0m 47s (remain 0m 44s), Accuracy: 62.500(67.537), Batch Loss: 0.6051, Average Loss: 0.7956
[GPU cuda:0][VALID][250/388], Elapsed 0m 59s (remain 0m 32s), Accuracy: 37.500(67.331), Batch Loss: 1.1208, Average Loss: 0.8005
[GPU cuda:0][VALID][300/388], Elapsed 1m 10s (remain 0m 20s), Accuracy: 37.500(67.317), Batch Loss: 1.0990, Average Loss: 0.7997
[GPU cuda:0][VALID][350/388], Elapsed 1m 22s (remain 0m 8s), Accuracy: 62.500(67.272), Batch Loss: 0.8010, Average Loss: 0.7982
[GPU cuda:0][VALID][387/388], Elapsed 1m 31s (remain 0m 0s), Accuracy: 50.000(67.236), Batch Loss: 1.1635, Average Loss: 0.7972
Valid Labels Samples: [2 0 1 4 1 0 3 1 4 3]
Valid Predictions Samples: [2, 0, 1, 4, 1, 0, 3, 2, 3, 0]
Epoch 2 - Train Average Loss: 57.750, Valid Average Loss: 67.236, Epoch Time: 1097.685s
Epoch 2 - Accuracy: 0.673, Precision: 0.687, Recall: 0.673
Saved Best Model: 0.67
[GPU cuda:0][TRAIN] Epoch: [3][0/3100], Elapsed 0m 0s (remain 38m 29s), Accuracy: 75.000(75.000), Loss: 0.942(0.942), LR: 0.000066
[GPU cuda:0][TRAIN] Epoch: [3][50/3100], Elapsed 0m 17s (remain 17m 3s), Accuracy: 50.000(64.216), Loss: 1.232(0.878), LR: 0.000066
[GPU cuda:0][TRAIN] Epoch: [3][100/3100], Elapsed 0m 33s (remain 16m 34s), Accuracy: 25.000(63.614), Loss: 1.398(0.858), LR: 0.000067
[GPU cuda:0][TRAIN] Epoch: [3][150/3100], Elapsed 0m 49s (remain 16m 13s), Accuracy: 75.000(63.245), Loss: 0.532(0.866), LR: 0.000068
[GPU cuda:0][TRAIN] Epoch: [3][200/3100], Elapsed 1m 6s (remain 15m 55s), Accuracy: 75.000(62.811), Loss: 0.382(0.884), LR: 0.000069
[GPU cuda:0][TRAIN] Epoch: [3][250/3100], Elapsed 1m 22s (remain 15m 37s), Accuracy: 50.000(61.753), Loss: 1.131(0.900), LR: 0.000070
[GPU cuda:0][TRAIN] Epoch: [3][300/3100], Elapsed 1m 38s (remain 15m 20s), Accuracy: 50.000(62.458), Loss: 1.027(0.892), LR: 0.000070
[GPU cuda:0][TRAIN] Epoch: [3][350/3100], Elapsed 1m 55s (remain 15m 3s), Accuracy: 25.000(62.464), Loss: 1.294(0.884), LR: 0.000071
[GPU cuda:0][TRAIN] Epoch: [3][400/3100], Elapsed 2m 11s (remain 14m 46s), Accuracy: 50.000(61.596), Loss: 1.096(0.895), LR: 0.000072
[GPU cuda:0][TRAIN] Epoch: [3][450/3100], Elapsed 2m 28s (remain 14m 29s), Accuracy: 75.000(62.084), Loss: 0.822(0.887), LR: 0.000073
[GPU cuda:0][TRAIN] Epoch: [3][500/3100], Elapsed 2m 44s (remain 14m 12s), Accuracy: 50.000(62.226), Loss: 0.928(0.890), LR: 0.000074
[GPU cuda:0][TRAIN] Epoch: [3][550/3100], Elapsed 3m 0s (remain 13m 56s), Accuracy: 75.000(62.931), Loss: 0.998(0.883), LR: 0.000074
[GPU cuda:0][TRAIN] Epoch: [3][600/3100], Elapsed 3m 17s (remain 13m 39s), Accuracy: 75.000(62.687), Loss: 0.575(0.884), LR: 0.000075
[GPU cuda:0][TRAIN] Epoch: [3][650/3100], Elapsed 3m 33s (remain 13m 22s), Accuracy: 75.000(62.788), Loss: 0.468(0.885), LR: 0.000076
[GPU cuda:0][TRAIN] Epoch: [3][700/3100], Elapsed 3m 49s (remain 13m 6s), Accuracy: 100.000(62.839), Loss: 0.624(0.886), LR: 0.000077
[GPU cuda:0][TRAIN] Epoch: [3][750/3100], Elapsed 4m 6s (remain 12m 49s), Accuracy: 100.000(63.149), Loss: 0.095(0.883), LR: 0.000078
[GPU cuda:0][TRAIN] Epoch: [3][800/3100], Elapsed 4m 22s (remain 12m 33s), Accuracy: 50.000(63.109), Loss: 0.967(0.882), LR: 0.000078
[GPU cuda:0][TRAIN] Epoch: [3][850/3100], Elapsed 4m 38s (remain 12m 16s), Accuracy: 100.000(63.132), Loss: 0.521(0.881), LR: 0.000079
[GPU cuda:0][TRAIN] Epoch: [3][900/3100], Elapsed 4m 55s (remain 12m 0s), Accuracy: 50.000(62.653), Loss: 0.965(0.890), LR: 0.000080
[GPU cuda:0][TRAIN] Epoch: [3][950/3100], Elapsed 5m 11s (remain 11m 44s), Accuracy: 50.000(62.618), Loss: 1.141(0.891), LR: 0.000081
[GPU cuda:0][TRAIN] Epoch: [3][1000/3100], Elapsed 5m 27s (remain 11m 27s), Accuracy: 50.000(62.837), Loss: 1.044(0.887), LR: 0.000082
[GPU cuda:0][TRAIN] Epoch: [3][1050/3100], Elapsed 5m 44s (remain 11m 11s), Accuracy: 100.000(63.059), Loss: 0.160(0.883), LR: 0.000082
[GPU cuda:0][TRAIN] Epoch: [3][1100/3100], Elapsed 6m 0s (remain 10m 54s), Accuracy: 25.000(63.193), Loss: 1.344(0.877), LR: 0.000083
[GPU cuda:0][TRAIN] Epoch: [3][1150/3100], Elapsed 6m 17s (remain 10m 38s), Accuracy: 50.000(63.380), Loss: 0.994(0.877), LR: 0.000084
[GPU cuda:0][TRAIN] Epoch: [3][1200/3100], Elapsed 6m 33s (remain 10m 22s), Accuracy: 100.000(63.385), Loss: 0.139(0.876), LR: 0.000085
[GPU cuda:0][TRAIN] Epoch: [3][1250/3100], Elapsed 6m 49s (remain 10m 5s), Accuracy: 50.000(63.169), Loss: 0.890(0.878), LR: 0.000086
[GPU cuda:0][TRAIN] Epoch: [3][1300/3100], Elapsed 7m 6s (remain 9m 49s), Accuracy: 50.000(63.259), Loss: 1.200(0.878), LR: 0.000087
[GPU cuda:0][TRAIN] Epoch: [3][1350/3100], Elapsed 7m 22s (remain 9m 32s), Accuracy: 100.000(63.546), Loss: 0.423(0.872), LR: 0.000087
[GPU cuda:0][TRAIN] Epoch: [3][1400/3100], Elapsed 7m 38s (remain 9m 15s), Accuracy: 75.000(63.580), Loss: 0.839(0.872), LR: 0.000088
[GPU cuda:0][TRAIN] Epoch: [3][1450/3100], Elapsed 7m 54s (remain 8m 58s), Accuracy: 100.000(63.749), Loss: 0.519(0.867), LR: 0.000089
[GPU cuda:0][TRAIN] Epoch: [3][1500/3100], Elapsed 8m 10s (remain 8m 42s), Accuracy: 100.000(63.757), Loss: 0.708(0.867), LR: 0.000090
[GPU cuda:0][TRAIN] Epoch: [3][1550/3100], Elapsed 8m 26s (remain 8m 25s), Accuracy: 100.000(63.652), Loss: 0.189(0.868), LR: 0.000091
[GPU cuda:0][TRAIN] Epoch: [3][1600/3100], Elapsed 8m 42s (remain 8m 9s), Accuracy: 100.000(63.804), Loss: 0.334(0.866), LR: 0.000091
[GPU cuda:0][TRAIN] Epoch: [3][1650/3100], Elapsed 8m 58s (remain 7m 52s), Accuracy: 100.000(63.734), Loss: 0.383(0.868), LR: 0.000092
[GPU cuda:0][TRAIN] Epoch: [3][1700/3100], Elapsed 9m 14s (remain 7m 36s), Accuracy: 50.000(63.713), Loss: 1.145(0.866), LR: 0.000093
[GPU cuda:0][TRAIN] Epoch: [3][1750/3100], Elapsed 9m 30s (remain 7m 19s), Accuracy: 100.000(63.678), Loss: 0.488(0.867), LR: 0.000094
[GPU cuda:0][TRAIN] Epoch: [3][1800/3100], Elapsed 9m 46s (remain 7m 3s), Accuracy: 100.000(63.784), Loss: 0.190(0.865), LR: 0.000094
[GPU cuda:0][TRAIN] Epoch: [3][1850/3100], Elapsed 10m 2s (remain 6m 46s), Accuracy: 50.000(63.533), Loss: 0.977(0.868), LR: 0.000095
[GPU cuda:0][TRAIN] Epoch: [3][1900/3100], Elapsed 10m 19s (remain 6m 30s), Accuracy: 50.000(63.611), Loss: 1.025(0.865), LR: 0.000096
[GPU cuda:0][TRAIN] Epoch: [3][1950/3100], Elapsed 10m 35s (remain 6m 14s), Accuracy: 75.000(63.519), Loss: 0.778(0.866), LR: 0.000097
[GPU cuda:0][TRAIN] Epoch: [3][2000/3100], Elapsed 10m 51s (remain 5m 57s), Accuracy: 100.000(63.618), Loss: 0.640(0.864), LR: 0.000098
[GPU cuda:0][TRAIN] Epoch: [3][2050/3100], Elapsed 11m 7s (remain 5m 41s), Accuracy: 75.000(63.749), Loss: 0.576(0.861), LR: 0.000098
[GPU cuda:0][TRAIN] Epoch: [3][2100/3100], Elapsed 11m 23s (remain 5m 24s), Accuracy: 50.000(63.827), Loss: 1.976(0.861), LR: 0.000099
[GPU cuda:0][TRAIN] Epoch: [3][2150/3100], Elapsed 11m 39s (remain 5m 8s), Accuracy: 25.000(63.970), Loss: 1.483(0.858), LR: 0.000100
[GPU cuda:0][TRAIN] Epoch: [3][2200/3100], Elapsed 11m 55s (remain 4m 52s), Accuracy: 25.000(63.835), Loss: 1.422(0.861), LR: 0.000101
[GPU cuda:0][TRAIN] Epoch: [3][2250/3100], Elapsed 12m 11s (remain 4m 35s), Accuracy: 50.000(63.872), Loss: 0.660(0.859), LR: 0.000102
[GPU cuda:0][TRAIN] Epoch: [3][2300/3100], Elapsed 12m 27s (remain 4m 19s), Accuracy: 25.000(63.853), Loss: 1.851(0.859), LR: 0.000102
[GPU cuda:0][TRAIN] Epoch: [3][2350/3100], Elapsed 12m 43s (remain 4m 3s), Accuracy: 75.000(63.877), Loss: 0.683(0.858), LR: 0.000103
[GPU cuda:0][TRAIN] Epoch: [3][2400/3100], Elapsed 12m 59s (remain 3m 47s), Accuracy: 50.000(63.776), Loss: 1.064(0.859), LR: 0.000104
[GPU cuda:0][TRAIN] Epoch: [3][2450/3100], Elapsed 13m 16s (remain 3m 30s), Accuracy: 50.000(63.739), Loss: 0.803(0.859), LR: 0.000105
[GPU cuda:0][TRAIN] Epoch: [3][2500/3100], Elapsed 13m 32s (remain 3m 14s), Accuracy: 50.000(63.735), Loss: 1.172(0.861), LR: 0.000105
[GPU cuda:0][TRAIN] Epoch: [3][2550/3100], Elapsed 13m 47s (remain 2m 58s), Accuracy: 50.000(63.622), Loss: 1.128(0.862), LR: 0.000106
[GPU cuda:0][TRAIN] Epoch: [3][2600/3100], Elapsed 14m 3s (remain 2m 41s), Accuracy: 50.000(63.783), Loss: 0.846(0.858), LR: 0.000107
[GPU cuda:0][TRAIN] Epoch: [3][2650/3100], Elapsed 14m 18s (remain 2m 25s), Accuracy: 0.000(63.750), Loss: 2.080(0.859), LR: 0.000108
[GPU cuda:0][TRAIN] Epoch: [3][2700/3100], Elapsed 14m 35s (remain 2m 9s), Accuracy: 75.000(63.773), Loss: 0.490(0.858), LR: 0.000108
[GPU cuda:0][TRAIN] Epoch: [3][2750/3100], Elapsed 14m 51s (remain 1m 53s), Accuracy: 50.000(63.868), Loss: 1.012(0.857), LR: 0.000109
[GPU cuda:0][TRAIN] Epoch: [3][2800/3100], Elapsed 15m 7s (remain 1m 36s), Accuracy: 0.000(63.799), Loss: 2.258(0.858), LR: 0.000110
[GPU cuda:0][TRAIN] Epoch: [3][2850/3100], Elapsed 15m 23s (remain 1m 20s), Accuracy: 75.000(63.767), Loss: 1.040(0.858), LR: 0.000110
[GPU cuda:0][TRAIN] Epoch: [3][2900/3100], Elapsed 15m 40s (remain 1m 4s), Accuracy: 50.000(63.668), Loss: 0.971(0.860), LR: 0.000111
[GPU cuda:0][TRAIN] Epoch: [3][2950/3100], Elapsed 15m 56s (remain 0m 48s), Accuracy: 75.000(63.758), Loss: 0.732(0.858), LR: 0.000112
[GPU cuda:0][TRAIN] Epoch: [3][3000/3100], Elapsed 16m 12s (remain 0m 32s), Accuracy: 25.000(63.787), Loss: 1.828(0.857), LR: 0.000113
[GPU cuda:0][TRAIN] Epoch: [3][3050/3100], Elapsed 16m 29s (remain 0m 15s), Accuracy: 75.000(63.864), Loss: 0.633(0.857), LR: 0.000113
[GPU cuda:0][TRAIN] Epoch: [3][3099/3100], Elapsed 16m 45s (remain 0m 0s), Accuracy: 25.000(63.895), Loss: 2.032(0.856), LR: 0.000114
[GPU cuda:0][VALID][0/388], Elapsed 0m 0s (remain 3m 25s), Accuracy: 62.500(62.500), Batch Loss: 0.6151, Average Loss: 0.6151
[GPU cuda:0][VALID][50/388], Elapsed 0m 12s (remain 1m 20s), Accuracy: 62.500(64.951), Batch Loss: 0.9590, Average Loss: 0.8007
[GPU cuda:0][VALID][100/388], Elapsed 0m 23s (remain 1m 7s), Accuracy: 50.000(63.243), Batch Loss: 1.1420, Average Loss: 0.8103
[GPU cuda:0][VALID][150/388], Elapsed 0m 35s (remain 0m 55s), Accuracy: 62.500(62.914), Batch Loss: 1.0855, Average Loss: 0.8218
[GPU cuda:0][VALID][200/388], Elapsed 0m 47s (remain 0m 44s), Accuracy: 75.000(62.500), Batch Loss: 0.3635, Average Loss: 0.8306
[GPU cuda:0][VALID][250/388], Elapsed 0m 59s (remain 0m 32s), Accuracy: 62.500(62.351), Batch Loss: 0.8815, Average Loss: 0.8346
[GPU cuda:0][VALID][300/388], Elapsed 1m 10s (remain 0m 20s), Accuracy: 50.000(62.458), Batch Loss: 1.2341, Average Loss: 0.8334
[GPU cuda:0][VALID][350/388], Elapsed 1m 22s (remain 0m 8s), Accuracy: 62.500(62.144), Batch Loss: 0.8358, Average Loss: 0.8321
[GPU cuda:0][VALID][387/388], Elapsed 1m 31s (remain 0m 0s), Accuracy: 50.000(62.436), Batch Loss: 1.0061, Average Loss: 0.8276
Valid Labels Samples: [2 0 1 4 1 0 3 1 4 3]
Valid Predictions Samples: [3, 0, 2, 4, 1, 0, 4, 1, 3, 0]
Epoch 3 - Train Average Loss: 63.895, Valid Average Loss: 62.436, Epoch Time: 1098.924s
Epoch 3 - Accuracy: 0.625, Precision: 0.630, Recall: 0.625
[GPU cuda:0][TRAIN] Epoch: [4][0/3100], Elapsed 0m 0s (remain 36m 40s), Accuracy: 75.000(75.000), Loss: 1.007(1.007), LR: 0.000114
[GPU cuda:0][TRAIN] Epoch: [4][50/3100], Elapsed 0m 17s (remain 17m 2s), Accuracy: 50.000(66.667), Loss: 0.730(0.780), LR: 0.000115
[GPU cuda:0][TRAIN] Epoch: [4][100/3100], Elapsed 0m 33s (remain 16m 31s), Accuracy: 25.000(67.079), Loss: 1.448(0.766), LR: 0.000115
[GPU cuda:0][TRAIN] Epoch: [4][150/3100], Elapsed 0m 49s (remain 16m 10s), Accuracy: 100.000(65.728), Loss: 0.167(0.793), LR: 0.000116
[GPU cuda:0][TRAIN] Epoch: [4][200/3100], Elapsed 1m 6s (remain 15m 52s), Accuracy: 100.000(66.915), Loss: 0.349(0.789), LR: 0.000117
[GPU cuda:0][TRAIN] Epoch: [4][250/3100], Elapsed 1m 22s (remain 15m 34s), Accuracy: 25.000(65.339), Loss: 1.294(0.816), LR: 0.000117
[GPU cuda:0][TRAIN] Epoch: [4][300/3100], Elapsed 1m 38s (remain 15m 17s), Accuracy: 0.000(65.698), Loss: 1.924(0.820), LR: 0.000118
[GPU cuda:0][TRAIN] Epoch: [4][350/3100], Elapsed 1m 55s (remain 15m 1s), Accuracy: 50.000(65.670), Loss: 1.020(0.816), LR: 0.000119
[GPU cuda:0][TRAIN] Epoch: [4][400/3100], Elapsed 2m 11s (remain 14m 44s), Accuracy: 0.000(64.713), Loss: 1.730(0.830), LR: 0.000119
[GPU cuda:0][TRAIN] Epoch: [4][450/3100], Elapsed 2m 27s (remain 14m 27s), Accuracy: 75.000(64.080), Loss: 0.672(0.838), LR: 0.000120
[GPU cuda:0][TRAIN] Epoch: [4][500/3100], Elapsed 2m 44s (remain 14m 11s), Accuracy: 50.000(63.323), Loss: 1.104(0.852), LR: 0.000121
[GPU cuda:0][TRAIN] Epoch: [4][550/3100], Elapsed 3m 0s (remain 13m 54s), Accuracy: 50.000(63.566), Loss: 1.295(0.848), LR: 0.000121
[GPU cuda:0][TRAIN] Epoch: [4][600/3100], Elapsed 3m 16s (remain 13m 38s), Accuracy: 100.000(63.602), Loss: 0.494(0.846), LR: 0.000122
[GPU cuda:0][TRAIN] Epoch: [4][650/3100], Elapsed 3m 33s (remain 13m 21s), Accuracy: 75.000(64.055), Loss: 0.421(0.844), LR: 0.000123
[GPU cuda:0][TRAIN] Epoch: [4][700/3100], Elapsed 3m 49s (remain 13m 5s), Accuracy: 50.000(63.909), Loss: 1.285(0.848), LR: 0.000123
[GPU cuda:0][TRAIN] Epoch: [4][750/3100], Elapsed 4m 5s (remain 12m 49s), Accuracy: 100.000(64.447), Loss: 0.055(0.842), LR: 0.000124
[GPU cuda:0][TRAIN] Epoch: [4][800/3100], Elapsed 4m 22s (remain 12m 32s), Accuracy: 100.000(64.513), Loss: 0.514(0.842), LR: 0.000125
[GPU cuda:0][TRAIN] Epoch: [4][850/3100], Elapsed 4m 38s (remain 12m 16s), Accuracy: 100.000(64.512), Loss: 0.558(0.840), LR: 0.000125
[GPU cuda:0][TRAIN] Epoch: [4][900/3100], Elapsed 4m 54s (remain 11m 59s), Accuracy: 75.000(64.095), Loss: 0.833(0.845), LR: 0.000126
[GPU cuda:0][TRAIN] Epoch: [4][950/3100], Elapsed 5m 11s (remain 11m 43s), Accuracy: 50.000(64.169), Loss: 1.142(0.847), LR: 0.000126
[GPU cuda:0][TRAIN] Epoch: [4][1000/3100], Elapsed 5m 27s (remain 11m 26s), Accuracy: 75.000(64.635), Loss: 0.520(0.837), LR: 0.000127
[GPU cuda:0][TRAIN] Epoch: [4][1050/3100], Elapsed 5m 43s (remain 11m 10s), Accuracy: 100.000(64.914), Loss: 0.123(0.833), LR: 0.000128
[GPU cuda:0][TRAIN] Epoch: [4][1100/3100], Elapsed 6m 0s (remain 10m 54s), Accuracy: 25.000(64.964), Loss: 1.278(0.830), LR: 0.000128
[GPU cuda:0][TRAIN] Epoch: [4][1150/3100], Elapsed 6m 16s (remain 10m 37s), Accuracy: 50.000(65.009), Loss: 0.683(0.827), LR: 0.000129
[GPU cuda:0][TRAIN] Epoch: [4][1200/3100], Elapsed 6m 33s (remain 10m 21s), Accuracy: 100.000(65.071), Loss: 0.199(0.824), LR: 0.000129
[GPU cuda:0][TRAIN] Epoch: [4][1250/3100], Elapsed 6m 49s (remain 10m 5s), Accuracy: 75.000(65.008), Loss: 0.765(0.824), LR: 0.000130
[GPU cuda:0][TRAIN] Epoch: [4][1300/3100], Elapsed 7m 5s (remain 9m 48s), Accuracy: 75.000(65.085), Loss: 0.647(0.824), LR: 0.000130
[GPU cuda:0][TRAIN] Epoch: [4][1350/3100], Elapsed 7m 22s (remain 9m 32s), Accuracy: 100.000(65.340), Loss: 0.357(0.820), LR: 0.000131
[GPU cuda:0][TRAIN] Epoch: [4][1400/3100], Elapsed 7m 38s (remain 9m 16s), Accuracy: 75.000(65.310), Loss: 0.794(0.820), LR: 0.000132
[GPU cuda:0][TRAIN] Epoch: [4][1450/3100], Elapsed 7m 54s (remain 8m 59s), Accuracy: 75.000(65.644), Loss: 0.580(0.814), LR: 0.000132
[GPU cuda:0][TRAIN] Epoch: [4][1500/3100], Elapsed 8m 11s (remain 8m 43s), Accuracy: 50.000(65.640), Loss: 1.158(0.813), LR: 0.000133
[GPU cuda:0][TRAIN] Epoch: [4][1550/3100], Elapsed 8m 27s (remain 8m 26s), Accuracy: 100.000(65.667), Loss: 0.092(0.812), LR: 0.000133
[GPU cuda:0][TRAIN] Epoch: [4][1600/3100], Elapsed 8m 43s (remain 8m 10s), Accuracy: 100.000(65.740), Loss: 0.190(0.810), LR: 0.000134
[GPU cuda:0][TRAIN] Epoch: [4][1650/3100], Elapsed 9m 0s (remain 7m 54s), Accuracy: 100.000(65.793), Loss: 0.190(0.808), LR: 0.000134
[GPU cuda:0][TRAIN] Epoch: [4][1700/3100], Elapsed 9m 16s (remain 7m 37s), Accuracy: 25.000(66.108), Loss: 1.144(0.803), LR: 0.000135
[GPU cuda:0][TRAIN] Epoch: [4][1750/3100], Elapsed 9m 32s (remain 7m 20s), Accuracy: 100.000(65.948), Loss: 0.602(0.808), LR: 0.000135
[GPU cuda:0][TRAIN] Epoch: [4][1800/3100], Elapsed 9m 48s (remain 7m 4s), Accuracy: 100.000(66.116), Loss: 0.233(0.807), LR: 0.000136
[GPU cuda:0][TRAIN] Epoch: [4][1850/3100], Elapsed 10m 4s (remain 6m 47s), Accuracy: 50.000(65.978), Loss: 1.043(0.809), LR: 0.000136
[GPU cuda:0][TRAIN] Epoch: [4][1900/3100], Elapsed 10m 20s (remain 6m 31s), Accuracy: 50.000(66.018), Loss: 0.984(0.808), LR: 0.000137
[GPU cuda:0][TRAIN] Epoch: [4][1950/3100], Elapsed 10m 36s (remain 6m 14s), Accuracy: 75.000(66.017), Loss: 0.545(0.807), LR: 0.000137
[GPU cuda:0][TRAIN] Epoch: [4][2000/3100], Elapsed 10m 52s (remain 5m 58s), Accuracy: 75.000(66.079), Loss: 1.091(0.806), LR: 0.000138
[GPU cuda:0][TRAIN] Epoch: [4][2050/3100], Elapsed 11m 8s (remain 5m 41s), Accuracy: 75.000(66.199), Loss: 0.527(0.803), LR: 0.000138
[GPU cuda:0][TRAIN] Epoch: [4][2100/3100], Elapsed 11m 24s (remain 5m 25s), Accuracy: 50.000(66.052), Loss: 2.477(0.805), LR: 0.000138
[GPU cuda:0][TRAIN] Epoch: [4][2150/3100], Elapsed 11m 40s (remain 5m 9s), Accuracy: 25.000(66.109), Loss: 1.270(0.804), LR: 0.000139
[GPU cuda:0][TRAIN] Epoch: [4][2200/3100], Elapsed 11m 56s (remain 4m 52s), Accuracy: 25.000(66.084), Loss: 1.345(0.804), LR: 0.000139
[GPU cuda:0][TRAIN] Epoch: [4][2250/3100], Elapsed 12m 13s (remain 4m 36s), Accuracy: 50.000(66.182), Loss: 0.870(0.802), LR: 0.000140
[GPU cuda:0][TRAIN] Epoch: [4][2300/3100], Elapsed 12m 29s (remain 4m 20s), Accuracy: 25.000(66.178), Loss: 1.700(0.800), LR: 0.000140
[GPU cuda:0][TRAIN] Epoch: [4][2350/3100], Elapsed 12m 45s (remain 4m 3s), Accuracy: 75.000(66.238), Loss: 0.595(0.800), LR: 0.000141
[GPU cuda:0][TRAIN] Epoch: [4][2400/3100], Elapsed 13m 1s (remain 3m 47s), Accuracy: 25.000(66.160), Loss: 1.362(0.801), LR: 0.000141
[GPU cuda:0][TRAIN] Epoch: [4][2450/3100], Elapsed 13m 17s (remain 3m 31s), Accuracy: 50.000(66.065), Loss: 1.120(0.802), LR: 0.000141
[GPU cuda:0][TRAIN] Epoch: [4][2500/3100], Elapsed 13m 33s (remain 3m 14s), Accuracy: 25.000(66.134), Loss: 1.057(0.801), LR: 0.000142
[GPU cuda:0][TRAIN] Epoch: [4][2550/3100], Elapsed 13m 49s (remain 2m 58s), Accuracy: 50.000(66.033), Loss: 1.141(0.804), LR: 0.000142
[GPU cuda:0][TRAIN] Epoch: [4][2600/3100], Elapsed 14m 5s (remain 2m 42s), Accuracy: 50.000(66.282), Loss: 0.829(0.799), LR: 0.000142
[GPU cuda:0][TRAIN] Epoch: [4][2650/3100], Elapsed 14m 21s (remain 2m 25s), Accuracy: 0.000(66.258), Loss: 1.368(0.799), LR: 0.000143
[GPU cuda:0][TRAIN] Epoch: [4][2700/3100], Elapsed 14m 37s (remain 2m 9s), Accuracy: 75.000(66.355), Loss: 0.449(0.798), LR: 0.000143
[GPU cuda:0][TRAIN] Epoch: [4][2750/3100], Elapsed 14m 54s (remain 1m 53s), Accuracy: 50.000(66.421), Loss: 1.019(0.797), LR: 0.000144
[GPU cuda:0][TRAIN] Epoch: [4][2800/3100], Elapsed 15m 10s (remain 1m 37s), Accuracy: 25.000(66.503), Loss: 1.786(0.796), LR: 0.000144
[GPU cuda:0][TRAIN] Epoch: [4][2850/3100], Elapsed 15m 25s (remain 1m 20s), Accuracy: 75.000(66.538), Loss: 0.828(0.797), LR: 0.000144
[GPU cuda:0][TRAIN] Epoch: [4][2900/3100], Elapsed 15m 41s (remain 1m 4s), Accuracy: 75.000(66.468), Loss: 0.882(0.798), LR: 0.000144
[GPU cuda:0][TRAIN] Epoch: [4][2950/3100], Elapsed 15m 57s (remain 0m 48s), Accuracy: 75.000(66.511), Loss: 0.513(0.798), LR: 0.000145
[GPU cuda:0][TRAIN] Epoch: [4][3000/3100], Elapsed 16m 13s (remain 0m 32s), Accuracy: 50.000(66.603), Loss: 1.263(0.796), LR: 0.000145
[GPU cuda:0][TRAIN] Epoch: [4][3050/3100], Elapsed 16m 29s (remain 0m 15s), Accuracy: 50.000(66.609), Loss: 1.086(0.797), LR: 0.000145
[GPU cuda:0][TRAIN] Epoch: [4][3099/3100], Elapsed 16m 45s (remain 0m 0s), Accuracy: 25.000(66.645), Loss: 2.507(0.797), LR: 0.000146
[GPU cuda:0][VALID][0/388], Elapsed 0m 0s (remain 3m 40s), Accuracy: 87.500(87.500), Batch Loss: 0.2282, Average Loss: 0.2282
[GPU cuda:0][VALID][50/388], Elapsed 0m 12s (remain 1m 20s), Accuracy: 75.000(68.137), Batch Loss: 0.9190, Average Loss: 0.7275
[GPU cuda:0][VALID][100/388], Elapsed 0m 23s (remain 1m 7s), Accuracy: 62.500(69.431), Batch Loss: 0.8970, Average Loss: 0.7130
[GPU cuda:0][VALID][150/388], Elapsed 0m 35s (remain 0m 55s), Accuracy: 62.500(67.798), Batch Loss: 1.0724, Average Loss: 0.7465
[GPU cuda:0][VALID][200/388], Elapsed 0m 47s (remain 0m 44s), Accuracy: 100.000(67.848), Batch Loss: 0.2665, Average Loss: 0.7424
[GPU cuda:0][VALID][250/388], Elapsed 0m 59s (remain 0m 32s), Accuracy: 62.500(68.028), Batch Loss: 0.8002, Average Loss: 0.7466
[GPU cuda:0][VALID][300/388], Elapsed 1m 10s (remain 0m 20s), Accuracy: 62.500(67.982), Batch Loss: 0.9180, Average Loss: 0.7460
[GPU cuda:0][VALID][350/388], Elapsed 1m 22s (remain 0m 8s), Accuracy: 62.500(68.412), Batch Loss: 0.7703, Average Loss: 0.7436
[GPU cuda:0][VALID][387/388], Elapsed 1m 31s (remain 0m 0s), Accuracy: 50.000(68.363), Batch Loss: 0.7385, Average Loss: 0.7413
Valid Labels Samples: [2 0 1 4 1 0 3 1 4 3]
Valid Predictions Samples: [2, 0, 1, 4, 1, 0, 4, 1, 3, 0]
Epoch 4 - Train Average Loss: 66.645, Valid Average Loss: 68.363, Epoch Time: 1099.432s
Epoch 4 - Accuracy: 0.684, Precision: 0.688, Recall: 0.684
Saved Best Model: 0.68
[GPU cuda:0][TRAIN] Epoch: [5][0/3100], Elapsed 0m 0s (remain 37m 15s), Accuracy: 75.000(75.000), Loss: 1.182(1.182), LR: 0.000146
[GPU cuda:0][TRAIN] Epoch: [5][50/3100], Elapsed 0m 17s (remain 17m 0s), Accuracy: 50.000(67.157), Loss: 0.701(0.742), LR: 0.000146
[GPU cuda:0][TRAIN] Epoch: [5][100/3100], Elapsed 0m 33s (remain 16m 30s), Accuracy: 25.000(66.832), Loss: 1.388(0.749), LR: 0.000146
[GPU cuda:0][TRAIN] Epoch: [5][150/3100], Elapsed 0m 49s (remain 16m 4s), Accuracy: 100.000(65.397), Loss: 0.075(0.774), LR: 0.000146
[GPU cuda:0][TRAIN] Epoch: [5][200/3100], Elapsed 1m 5s (remain 15m 43s), Accuracy: 100.000(66.294), Loss: 0.193(0.762), LR: 0.000147
[GPU cuda:0][TRAIN] Epoch: [5][250/3100], Elapsed 1m 21s (remain 15m 25s), Accuracy: 50.000(65.936), Loss: 0.888(0.766), LR: 0.000147
[GPU cuda:0][TRAIN] Epoch: [5][300/3100], Elapsed 1m 37s (remain 15m 7s), Accuracy: 50.000(66.944), Loss: 1.120(0.771), LR: 0.000147
[GPU cuda:0][TRAIN] Epoch: [5][350/3100], Elapsed 1m 53s (remain 14m 50s), Accuracy: 25.000(66.809), Loss: 1.651(0.770), LR: 0.000147
[GPU cuda:0][TRAIN] Epoch: [5][400/3100], Elapsed 2m 9s (remain 14m 32s), Accuracy: 50.000(66.584), Loss: 0.896(0.779), LR: 0.000148
[GPU cuda:0][TRAIN] Epoch: [5][450/3100], Elapsed 2m 25s (remain 14m 16s), Accuracy: 50.000(66.796), Loss: 0.672(0.775), LR: 0.000148
[GPU cuda:0][TRAIN] Epoch: [5][500/3100], Elapsed 2m 41s (remain 14m 0s), Accuracy: 25.000(66.717), Loss: 1.462(0.778), LR: 0.000148
[GPU cuda:0][TRAIN] Epoch: [5][550/3100], Elapsed 2m 58s (remain 13m 43s), Accuracy: 50.000(67.151), Loss: 1.447(0.777), LR: 0.000148
[GPU cuda:0][TRAIN] Epoch: [5][600/3100], Elapsed 3m 14s (remain 13m 27s), Accuracy: 75.000(67.097), Loss: 0.420(0.781), LR: 0.000148
[GPU cuda:0][TRAIN] Epoch: [5][650/3100], Elapsed 3m 30s (remain 13m 10s), Accuracy: 75.000(67.166), Loss: 0.638(0.782), LR: 0.000149
[GPU cuda:0][TRAIN] Epoch: [5][700/3100], Elapsed 3m 46s (remain 12m 53s), Accuracy: 100.000(66.904), Loss: 0.534(0.788), LR: 0.000149
[GPU cuda:0][TRAIN] Epoch: [5][750/3100], Elapsed 4m 2s (remain 12m 37s), Accuracy: 100.000(67.244), Loss: 0.140(0.788), LR: 0.000149
[GPU cuda:0][TRAIN] Epoch: [5][800/3100], Elapsed 4m 18s (remain 12m 21s), Accuracy: 75.000(67.353), Loss: 0.614(0.786), LR: 0.000149
[GPU cuda:0][TRAIN] Epoch: [5][850/3100], Elapsed 4m 34s (remain 12m 5s), Accuracy: 100.000(67.421), Loss: 0.520(0.786), LR: 0.000149
[GPU cuda:0][TRAIN] Epoch: [5][900/3100], Elapsed 4m 50s (remain 11m 49s), Accuracy: 75.000(67.259), Loss: 0.793(0.788), LR: 0.000149
[GPU cuda:0][TRAIN] Epoch: [5][950/3100], Elapsed 5m 6s (remain 11m 32s), Accuracy: 100.000(67.166), Loss: 0.463(0.790), LR: 0.000149
[GPU cuda:0][TRAIN] Epoch: [5][1000/3100], Elapsed 5m 22s (remain 11m 16s), Accuracy: 100.000(67.532), Loss: 0.517(0.784), LR: 0.000149
[GPU cuda:0][TRAIN] Epoch: [5][1050/3100], Elapsed 5m 38s (remain 11m 0s), Accuracy: 100.000(67.864), Loss: 0.140(0.777), LR: 0.000150
[GPU cuda:0][TRAIN] Epoch: [5][1100/3100], Elapsed 5m 54s (remain 10m 44s), Accuracy: 25.000(67.893), Loss: 1.474(0.774), LR: 0.000150
[GPU cuda:0][TRAIN] Epoch: [5][1150/3100], Elapsed 6m 11s (remain 10m 28s), Accuracy: 75.000(67.463), Loss: 0.469(0.785), LR: 0.000150
[GPU cuda:0][TRAIN] Epoch: [5][1200/3100], Elapsed 6m 27s (remain 10m 12s), Accuracy: 100.000(67.444), Loss: 0.183(0.780), LR: 0.000150
[GPU cuda:0][TRAIN] Epoch: [5][1250/3100], Elapsed 6m 43s (remain 9m 56s), Accuracy: 75.000(67.226), Loss: 0.781(0.781), LR: 0.000150
[GPU cuda:0][TRAIN] Epoch: [5][1300/3100], Elapsed 6m 59s (remain 9m 39s), Accuracy: 50.000(67.064), Loss: 1.076(0.784), LR: 0.000150
[GPU cuda:0][TRAIN] Epoch: [5][1350/3100], Elapsed 7m 15s (remain 9m 23s), Accuracy: 100.000(67.376), Loss: 0.367(0.777), LR: 0.000150
[GPU cuda:0][TRAIN] Epoch: [5][1400/3100], Elapsed 7m 30s (remain 9m 6s), Accuracy: 100.000(67.363), Loss: 0.537(0.776), LR: 0.000150
[GPU cuda:0][TRAIN] Epoch: [5][1450/3100], Elapsed 7m 46s (remain 8m 49s), Accuracy: 100.000(67.557), Loss: 0.409(0.771), LR: 0.000150
[GPU cuda:0][TRAIN] Epoch: [5][1500/3100], Elapsed 8m 2s (remain 8m 34s), Accuracy: 100.000(67.522), Loss: 0.511(0.771), LR: 0.000150
[GPU cuda:0][TRAIN] Epoch: [5][1550/3100], Elapsed 8m 18s (remain 8m 18s), Accuracy: 100.000(67.489), Loss: 0.088(0.771), LR: 0.000150
[GPU cuda:0][TRAIN] Epoch: [5][1600/3100], Elapsed 8m 35s (remain 8m 2s), Accuracy: 100.000(67.661), Loss: 0.168(0.769), LR: 0.000150
[GPU cuda:0][TRAIN] Epoch: [5][1650/3100], Elapsed 8m 51s (remain 7m 46s), Accuracy: 75.000(67.777), Loss: 0.371(0.768), LR: 0.000150
[GPU cuda:0][TRAIN] Epoch: [5][1700/3100], Elapsed 9m 7s (remain 7m 30s), Accuracy: 50.000(68.019), Loss: 0.960(0.764), LR: 0.000150
[GPU cuda:0][TRAIN] Epoch: [5][1750/3100], Elapsed 9m 24s (remain 7m 14s), Accuracy: 100.000(67.933), Loss: 0.374(0.766), LR: 0.000150
[GPU cuda:0][TRAIN] Epoch: [5][1800/3100], Elapsed 9m 40s (remain 6m 58s), Accuracy: 100.000(68.073), Loss: 0.182(0.764), LR: 0.000150
[GPU cuda:0][TRAIN] Epoch: [5][1850/3100], Elapsed 9m 56s (remain 6m 42s), Accuracy: 50.000(67.977), Loss: 0.896(0.765), LR: 0.000150
[GPU cuda:0][TRAIN] Epoch: [5][1900/3100], Elapsed 10m 13s (remain 6m 26s), Accuracy: 50.000(68.227), Loss: 0.732(0.763), LR: 0.000150
[GPU cuda:0][TRAIN] Epoch: [5][1950/3100], Elapsed 10m 29s (remain 6m 10s), Accuracy: 100.000(68.273), Loss: 0.277(0.762), LR: 0.000150
[GPU cuda:0][TRAIN] Epoch: [5][2000/3100], Elapsed 10m 45s (remain 5m 54s), Accuracy: 100.000(68.328), Loss: 0.399(0.760), LR: 0.000150
[GPU cuda:0][TRAIN] Epoch: [5][2050/3100], Elapsed 11m 1s (remain 5m 38s), Accuracy: 75.000(68.528), Loss: 0.553(0.756), LR: 0.000150
[GPU cuda:0][TRAIN] Epoch: [5][2100/3100], Elapsed 11m 17s (remain 5m 22s), Accuracy: 75.000(68.551), Loss: 2.138(0.756), LR: 0.000150
[GPU cuda:0][TRAIN] Epoch: [5][2150/3100], Elapsed 11m 33s (remain 5m 6s), Accuracy: 50.000(68.677), Loss: 1.272(0.754), LR: 0.000150
[GPU cuda:0][TRAIN] Epoch: [5][2200/3100], Elapsed 11m 49s (remain 4m 49s), Accuracy: 25.000(68.696), Loss: 1.392(0.753), LR: 0.000150
[GPU cuda:0][TRAIN] Epoch: [5][2250/3100], Elapsed 12m 5s (remain 4m 33s), Accuracy: 50.000(68.836), Loss: 0.561(0.750), LR: 0.000150
[GPU cuda:0][TRAIN] Epoch: [5][2300/3100], Elapsed 12m 22s (remain 4m 17s), Accuracy: 50.000(68.840), Loss: 1.077(0.749), LR: 0.000150
[GPU cuda:0][TRAIN] Epoch: [5][2350/3100], Elapsed 12m 38s (remain 4m 1s), Accuracy: 50.000(68.801), Loss: 0.944(0.749), LR: 0.000150
[GPU cuda:0][TRAIN] Epoch: [5][2400/3100], Elapsed 12m 54s (remain 3m 45s), Accuracy: 50.000(68.763), Loss: 0.819(0.750), LR: 0.000150
[GPU cuda:0][TRAIN] Epoch: [5][2450/3100], Elapsed 13m 10s (remain 3m 29s), Accuracy: 25.000(68.717), Loss: 0.981(0.750), LR: 0.000150
[GPU cuda:0][TRAIN] Epoch: [5][2500/3100], Elapsed 13m 26s (remain 3m 13s), Accuracy: 50.000(68.792), Loss: 1.067(0.749), LR: 0.000150
[GPU cuda:0][TRAIN] Epoch: [5][2550/3100], Elapsed 13m 42s (remain 2m 56s), Accuracy: 50.000(68.699), Loss: 1.031(0.750), LR: 0.000150
[GPU cuda:0][TRAIN] Epoch: [5][2600/3100], Elapsed 13m 58s (remain 2m 40s), Accuracy: 50.000(68.887), Loss: 0.876(0.747), LR: 0.000150
[GPU cuda:0][TRAIN] Epoch: [5][2650/3100], Elapsed 14m 14s (remain 2m 24s), Accuracy: 50.000(69.021), Loss: 0.896(0.744), LR: 0.000150
[GPU cuda:0][TRAIN] Epoch: [5][2700/3100], Elapsed 14m 30s (remain 2m 8s), Accuracy: 75.000(69.058), Loss: 0.585(0.742), LR: 0.000150
[GPU cuda:0][TRAIN] Epoch: [5][2750/3100], Elapsed 14m 46s (remain 1m 52s), Accuracy: 50.000(69.093), Loss: 0.896(0.741), LR: 0.000149
[GPU cuda:0][TRAIN] Epoch: [5][2800/3100], Elapsed 15m 2s (remain 1m 36s), Accuracy: 25.000(69.065), Loss: 2.224(0.742), LR: 0.000149
[GPU cuda:0][TRAIN] Epoch: [5][2850/3100], Elapsed 15m 18s (remain 1m 20s), Accuracy: 75.000(69.125), Loss: 0.835(0.742), LR: 0.000149
[GPU cuda:0][TRAIN] Epoch: [5][2900/3100], Elapsed 15m 35s (remain 1m 4s), Accuracy: 75.000(69.045), Loss: 0.747(0.744), LR: 0.000149
[GPU cuda:0][TRAIN] Epoch: [5][2950/3100], Elapsed 15m 51s (remain 0m 48s), Accuracy: 100.000(69.121), Loss: 0.366(0.743), LR: 0.000149
[GPU cuda:0][TRAIN] Epoch: [5][3000/3100], Elapsed 16m 7s (remain 0m 31s), Accuracy: 50.000(69.235), Loss: 0.854(0.741), LR: 0.000149
[GPU cuda:0][TRAIN] Epoch: [5][3050/3100], Elapsed 16m 23s (remain 0m 15s), Accuracy: 75.000(69.223), Loss: 0.482(0.741), LR: 0.000149
[GPU cuda:0][TRAIN] Epoch: [5][3099/3100], Elapsed 16m 39s (remain 0m 0s), Accuracy: 25.000(69.290), Loss: 2.283(0.741), LR: 0.000149
[GPU cuda:0][VALID][0/388], Elapsed 0m 0s (remain 3m 24s), Accuracy: 75.000(75.000), Batch Loss: 0.5032, Average Loss: 0.5032
[GPU cuda:0][VALID][50/388], Elapsed 0m 12s (remain 1m 20s), Accuracy: 75.000(66.176), Batch Loss: 0.9148, Average Loss: 0.8937
[GPU cuda:0][VALID][100/388], Elapsed 0m 23s (remain 1m 7s), Accuracy: 50.000(65.842), Batch Loss: 1.5891, Average Loss: 0.9231
[GPU cuda:0][VALID][150/388], Elapsed 0m 35s (remain 0m 55s), Accuracy: 50.000(64.404), Batch Loss: 1.2683, Average Loss: 0.9220
[GPU cuda:0][VALID][200/388], Elapsed 0m 47s (remain 0m 43s), Accuracy: 87.500(64.925), Batch Loss: 0.2719, Average Loss: 0.8999
[GPU cuda:0][VALID][250/388], Elapsed 0m 58s (remain 0m 32s), Accuracy: 62.500(64.691), Batch Loss: 0.7709, Average Loss: 0.9002
[GPU cuda:0][VALID][300/388], Elapsed 1m 10s (remain 0m 20s), Accuracy: 62.500(64.950), Batch Loss: 1.0022, Average Loss: 0.8903
[GPU cuda:0][VALID][350/388], Elapsed 1m 22s (remain 0m 8s), Accuracy: 37.500(65.349), Batch Loss: 1.4994, Average Loss: 0.8822
[GPU cuda:0][VALID][387/388], Elapsed 1m 31s (remain 0m 0s), Accuracy: 50.000(65.722), Batch Loss: 1.4890, Average Loss: 0.8742
Valid Labels Samples: [2 0 1 4 1 0 3 1 4 3]
Valid Predictions Samples: [3, 0, 1, 4, 1, 1, 3, 1, 3, 0]
Epoch 5 - Train Average Loss: 69.290, Valid Average Loss: 65.722, Epoch Time: 1092.839s
Epoch 5 - Accuracy: 0.657, Precision: 0.670, Recall: 0.657
[GPU cuda:0][TRAIN] Epoch: [6][0/3100], Elapsed 0m 0s (remain 37m 9s), Accuracy: 75.000(75.000), Loss: 0.470(0.470), LR: 0.000149
[GPU cuda:0][TRAIN] Epoch: [6][50/3100], Elapsed 0m 17s (remain 17m 0s), Accuracy: 50.000(70.588), Loss: 0.576(0.662), LR: 0.000149
[GPU cuda:0][TRAIN] Epoch: [6][100/3100], Elapsed 0m 33s (remain 16m 28s), Accuracy: 25.000(70.792), Loss: 1.045(0.648), LR: 0.000149
[GPU cuda:0][TRAIN] Epoch: [6][150/3100], Elapsed 0m 49s (remain 16m 8s), Accuracy: 100.000(68.874), Loss: 0.133(0.682), LR: 0.000149
[GPU cuda:0][TRAIN] Epoch: [6][200/3100], Elapsed 1m 6s (remain 15m 51s), Accuracy: 75.000(69.900), Loss: 0.335(0.684), LR: 0.000149
[GPU cuda:0][TRAIN] Epoch: [6][250/3100], Elapsed 1m 22s (remain 15m 34s), Accuracy: 50.000(69.920), Loss: 0.758(0.694), LR: 0.000149
[GPU cuda:0][TRAIN] Epoch: [6][300/3100], Elapsed 1m 38s (remain 15m 16s), Accuracy: 75.000(70.515), Loss: 0.475(0.695), LR: 0.000149
[GPU cuda:0][TRAIN] Epoch: [6][350/3100], Elapsed 1m 54s (remain 15m 0s), Accuracy: 25.000(70.370), Loss: 1.720(0.691), LR: 0.000149
[GPU cuda:0][TRAIN] Epoch: [6][400/3100], Elapsed 2m 11s (remain 14m 43s), Accuracy: 50.000(69.451), Loss: 0.775(0.711), LR: 0.000149
[GPU cuda:0][TRAIN] Epoch: [6][450/3100], Elapsed 2m 27s (remain 14m 26s), Accuracy: 50.000(69.568), Loss: 0.775(0.710), LR: 0.000149
[GPU cuda:0][TRAIN] Epoch: [6][500/3100], Elapsed 2m 43s (remain 14m 6s), Accuracy: 75.000(69.661), Loss: 0.759(0.712), LR: 0.000149
[GPU cuda:0][TRAIN] Epoch: [6][550/3100], Elapsed 2m 59s (remain 13m 48s), Accuracy: 50.000(70.281), Loss: 1.024(0.703), LR: 0.000148
[GPU cuda:0][TRAIN] Epoch: [6][600/3100], Elapsed 3m 15s (remain 13m 31s), Accuracy: 100.000(70.258), Loss: 0.176(0.704), LR: 0.000148
[GPU cuda:0][TRAIN] Epoch: [6][650/3100], Elapsed 3m 31s (remain 13m 14s), Accuracy: 75.000(70.353), Loss: 0.624(0.706), LR: 0.000148
[GPU cuda:0][TRAIN] Epoch: [6][700/3100], Elapsed 3m 47s (remain 12m 57s), Accuracy: 75.000(70.364), Loss: 0.599(0.714), LR: 0.000148
[GPU cuda:0][TRAIN] Epoch: [6][750/3100], Elapsed 4m 3s (remain 12m 41s), Accuracy: 100.000(70.373), Loss: 0.077(0.717), LR: 0.000148
[GPU cuda:0][TRAIN] Epoch: [6][800/3100], Elapsed 4m 19s (remain 12m 24s), Accuracy: 100.000(70.474), Loss: 0.326(0.715), LR: 0.000148
[GPU cuda:0][TRAIN] Epoch: [6][850/3100], Elapsed 4m 35s (remain 12m 8s), Accuracy: 100.000(70.535), Loss: 0.650(0.716), LR: 0.000148
[GPU cuda:0][TRAIN] Epoch: [6][900/3100], Elapsed 4m 51s (remain 11m 51s), Accuracy: 50.000(70.033), Loss: 0.674(0.721), LR: 0.000148
[GPU cuda:0][TRAIN] Epoch: [6][950/3100], Elapsed 5m 7s (remain 11m 35s), Accuracy: 75.000(70.110), Loss: 0.444(0.721), LR: 0.000148
[GPU cuda:0][TRAIN] Epoch: [6][1000/3100], Elapsed 5m 23s (remain 11m 18s), Accuracy: 75.000(70.430), Loss: 0.504(0.716), LR: 0.000148
[GPU cuda:0][TRAIN] Epoch: [6][1050/3100], Elapsed 5m 39s (remain 11m 2s), Accuracy: 100.000(70.885), Loss: 0.257(0.708), LR: 0.000148
[GPU cuda:0][TRAIN] Epoch: [6][1100/3100], Elapsed 5m 55s (remain 10m 46s), Accuracy: 50.000(70.890), Loss: 1.187(0.705), LR: 0.000148
[GPU cuda:0][TRAIN] Epoch: [6][1150/3100], Elapsed 6m 12s (remain 10m 29s), Accuracy: 100.000(70.830), Loss: 0.186(0.707), LR: 0.000147
[GPU cuda:0][TRAIN] Epoch: [6][1200/3100], Elapsed 6m 28s (remain 10m 13s), Accuracy: 75.000(71.003), Loss: 0.463(0.702), LR: 0.000147
[GPU cuda:0][TRAIN] Epoch: [6][1250/3100], Elapsed 6m 44s (remain 9m 57s), Accuracy: 75.000(70.803), Loss: 0.706(0.705), LR: 0.000147
[GPU cuda:0][TRAIN] Epoch: [6][1300/3100], Elapsed 7m 0s (remain 9m 41s), Accuracy: 75.000(70.926), Loss: 0.778(0.706), LR: 0.000147
[GPU cuda:0][TRAIN] Epoch: [6][1350/3100], Elapsed 7m 16s (remain 9m 25s), Accuracy: 100.000(71.225), Loss: 0.398(0.699), LR: 0.000147
[GPU cuda:0][TRAIN] Epoch: [6][1400/3100], Elapsed 7m 32s (remain 9m 8s), Accuracy: 100.000(71.074), Loss: 0.543(0.702), LR: 0.000147
[GPU cuda:0][TRAIN] Epoch: [6][1450/3100], Elapsed 7m 48s (remain 8m 52s), Accuracy: 75.000(71.278), Loss: 0.424(0.697), LR: 0.000147
[GPU cuda:0][TRAIN] Epoch: [6][1500/3100], Elapsed 8m 4s (remain 8m 36s), Accuracy: 100.000(71.402), Loss: 0.420(0.693), LR: 0.000147
[GPU cuda:0][TRAIN] Epoch: [6][1550/3100], Elapsed 8m 20s (remain 8m 20s), Accuracy: 100.000(71.196), Loss: 0.101(0.695), LR: 0.000147
[GPU cuda:0][TRAIN] Epoch: [6][1600/3100], Elapsed 8m 36s (remain 8m 3s), Accuracy: 75.000(71.268), Loss: 0.333(0.693), LR: 0.000147
[GPU cuda:0][TRAIN] Epoch: [6][1650/3100], Elapsed 8m 52s (remain 7m 47s), Accuracy: 100.000(71.366), Loss: 0.219(0.691), LR: 0.000146
[GPU cuda:0][TRAIN] Epoch: [6][1700/3100], Elapsed 9m 8s (remain 7m 30s), Accuracy: 50.000(71.458), Loss: 1.012(0.689), LR: 0.000146
[GPU cuda:0][TRAIN] Epoch: [6][1750/3100], Elapsed 9m 23s (remain 7m 14s), Accuracy: 100.000(71.459), Loss: 0.288(0.689), LR: 0.000146
[GPU cuda:0][TRAIN] Epoch: [6][1800/3100], Elapsed 9m 39s (remain 6m 58s), Accuracy: 100.000(71.585), Loss: 0.019(0.688), LR: 0.000146
[GPU cuda:0][TRAIN] Epoch: [6][1850/3100], Elapsed 9m 56s (remain 6m 42s), Accuracy: 50.000(71.515), Loss: 0.609(0.689), LR: 0.000146
[GPU cuda:0][TRAIN] Epoch: [6][1900/3100], Elapsed 10m 12s (remain 6m 26s), Accuracy: 50.000(71.423), Loss: 0.966(0.690), LR: 0.000146
[GPU cuda:0][TRAIN] Epoch: [6][1950/3100], Elapsed 10m 28s (remain 6m 10s), Accuracy: 100.000(71.348), Loss: 0.355(0.691), LR: 0.000146
[GPU cuda:0][TRAIN] Epoch: [6][2000/3100], Elapsed 10m 45s (remain 5m 54s), Accuracy: 100.000(71.352), Loss: 0.338(0.689), LR: 0.000146
[GPU cuda:0][TRAIN] Epoch: [6][2050/3100], Elapsed 11m 1s (remain 5m 38s), Accuracy: 75.000(71.538), Loss: 0.582(0.685), LR: 0.000146
[GPU cuda:0][TRAIN] Epoch: [6][2100/3100], Elapsed 11m 17s (remain 5m 22s), Accuracy: 75.000(71.561), Loss: 2.136(0.686), LR: 0.000145
[GPU cuda:0][TRAIN] Epoch: [6][2150/3100], Elapsed 11m 34s (remain 5m 6s), Accuracy: 50.000(71.676), Loss: 1.179(0.683), LR: 0.000145
[GPU cuda:0][TRAIN] Epoch: [6][2200/3100], Elapsed 11m 50s (remain 4m 50s), Accuracy: 25.000(71.695), Loss: 1.197(0.683), LR: 0.000145
[GPU cuda:0][TRAIN] Epoch: [6][2250/3100], Elapsed 12m 6s (remain 4m 34s), Accuracy: 75.000(71.724), Loss: 0.588(0.680), LR: 0.000145
[GPU cuda:0][TRAIN] Epoch: [6][2300/3100], Elapsed 12m 23s (remain 4m 18s), Accuracy: 50.000(71.795), Loss: 1.040(0.678), LR: 0.000145
[GPU cuda:0][TRAIN] Epoch: [6][2350/3100], Elapsed 12m 39s (remain 4m 1s), Accuracy: 75.000(71.831), Loss: 0.563(0.677), LR: 0.000145
[GPU cuda:0][TRAIN] Epoch: [6][2400/3100], Elapsed 12m 55s (remain 3m 45s), Accuracy: 75.000(71.793), Loss: 0.740(0.678), LR: 0.000145
[GPU cuda:0][TRAIN] Epoch: [6][2450/3100], Elapsed 13m 12s (remain 3m 29s), Accuracy: 50.000(71.685), Loss: 0.937(0.679), LR: 0.000144
[GPU cuda:0][TRAIN] Epoch: [6][2500/3100], Elapsed 13m 28s (remain 3m 13s), Accuracy: 25.000(71.681), Loss: 1.470(0.679), LR: 0.000144
[GPU cuda:0][TRAIN] Epoch: [6][2550/3100], Elapsed 13m 44s (remain 2m 57s), Accuracy: 75.000(71.619), Loss: 0.764(0.681), LR: 0.000144
[GPU cuda:0][TRAIN] Epoch: [6][2600/3100], Elapsed 14m 1s (remain 2m 41s), Accuracy: 50.000(71.790), Loss: 0.816(0.678), LR: 0.000144
[GPU cuda:0][TRAIN] Epoch: [6][2650/3100], Elapsed 14m 17s (remain 2m 25s), Accuracy: 75.000(71.954), Loss: 0.870(0.675), LR: 0.000144
[GPU cuda:0][TRAIN] Epoch: [6][2700/3100], Elapsed 14m 33s (remain 2m 9s), Accuracy: 75.000(72.094), Loss: 0.510(0.674), LR: 0.000144
[GPU cuda:0][TRAIN] Epoch: [6][2750/3100], Elapsed 14m 50s (remain 1m 52s), Accuracy: 75.000(72.146), Loss: 0.746(0.673), LR: 0.000144
[GPU cuda:0][TRAIN] Epoch: [6][2800/3100], Elapsed 15m 6s (remain 1m 36s), Accuracy: 0.000(72.126), Loss: 2.379(0.674), LR: 0.000143
[GPU cuda:0][TRAIN] Epoch: [6][2850/3100], Elapsed 15m 22s (remain 1m 20s), Accuracy: 75.000(72.220), Loss: 1.035(0.673), LR: 0.000143
[GPU cuda:0][TRAIN] Epoch: [6][2900/3100], Elapsed 15m 39s (remain 1m 4s), Accuracy: 100.000(72.122), Loss: 0.498(0.674), LR: 0.000143
[GPU cuda:0][TRAIN] Epoch: [6][2950/3100], Elapsed 15m 55s (remain 0m 48s), Accuracy: 50.000(72.145), Loss: 0.580(0.674), LR: 0.000143
[GPU cuda:0][TRAIN] Epoch: [6][3000/3100], Elapsed 16m 11s (remain 0m 32s), Accuracy: 75.000(72.184), Loss: 0.766(0.674), LR: 0.000143
[GPU cuda:0][TRAIN] Epoch: [6][3050/3100], Elapsed 16m 28s (remain 0m 15s), Accuracy: 75.000(72.312), Loss: 0.546(0.672), LR: 0.000143
[GPU cuda:0][TRAIN] Epoch: [6][3099/3100], Elapsed 16m 44s (remain 0m 0s), Accuracy: 25.000(72.363), Loss: 3.110(0.671), LR: 0.000143
[GPU cuda:0][VALID][0/388], Elapsed 0m 0s (remain 3m 40s), Accuracy: 87.500(87.500), Batch Loss: 0.2193, Average Loss: 0.2193
[GPU cuda:0][VALID][50/388], Elapsed 0m 12s (remain 1m 21s), Accuracy: 62.500(73.284), Batch Loss: 1.2149, Average Loss: 0.6665
[GPU cuda:0][VALID][100/388], Elapsed 0m 24s (remain 1m 8s), Accuracy: 75.000(73.515), Batch Loss: 0.7169, Average Loss: 0.6649
[GPU cuda:0][VALID][150/388], Elapsed 0m 35s (remain 0m 56s), Accuracy: 75.000(71.606), Batch Loss: 1.3814, Average Loss: 0.7183
[GPU cuda:0][VALID][200/388], Elapsed 0m 47s (remain 0m 44s), Accuracy: 100.000(71.953), Batch Loss: 0.2561, Average Loss: 0.7029
[GPU cuda:0][VALID][250/388], Elapsed 0m 59s (remain 0m 32s), Accuracy: 50.000(71.713), Batch Loss: 0.8036, Average Loss: 0.7159
[GPU cuda:0][VALID][300/388], Elapsed 1m 11s (remain 0m 20s), Accuracy: 62.500(71.512), Batch Loss: 0.8364, Average Loss: 0.7192
[GPU cuda:0][VALID][350/388], Elapsed 1m 22s (remain 0m 8s), Accuracy: 62.500(71.546), Batch Loss: 0.6754, Average Loss: 0.7147
[GPU cuda:0][VALID][387/388], Elapsed 1m 31s (remain 0m 0s), Accuracy: 75.000(71.843), Batch Loss: 0.5987, Average Loss: 0.7083
Valid Labels Samples: [2 0 1 4 1 0 3 1 4 3]
Valid Predictions Samples: [2, 0, 1, 3, 1, 0, 3, 1, 3, 0]
Epoch 6 - Train Average Loss: 72.363, Valid Average Loss: 71.843, Epoch Time: 1098.248s
Epoch 6 - Accuracy: 0.718, Precision: 0.719, Recall: 0.718
Saved Best Model: 0.72
[GPU cuda:0][TRAIN] Epoch: [7][0/3100], Elapsed 0m 0s (remain 38m 43s), Accuracy: 75.000(75.000), Loss: 1.175(1.175), LR: 0.000143
[GPU cuda:0][TRAIN] Epoch: [7][50/3100], Elapsed 0m 17s (remain 17m 7s), Accuracy: 75.000(77.941), Loss: 1.159(0.574), LR: 0.000142
[GPU cuda:0][TRAIN] Epoch: [7][100/3100], Elapsed 0m 33s (remain 16m 39s), Accuracy: 25.000(75.990), Loss: 2.246(0.588), LR: 0.000142
[GPU cuda:0][TRAIN] Epoch: [7][150/3100], Elapsed 0m 50s (remain 16m 17s), Accuracy: 100.000(74.007), Loss: 0.060(0.625), LR: 0.000142
[GPU cuda:0][TRAIN] Epoch: [7][200/3100], Elapsed 1m 6s (remain 15m 58s), Accuracy: 100.000(74.129), Loss: 0.108(0.614), LR: 0.000142
[GPU cuda:0][TRAIN] Epoch: [7][250/3100], Elapsed 1m 22s (remain 15m 40s), Accuracy: 50.000(74.004), Loss: 0.714(0.621), LR: 0.000142
[GPU cuda:0][TRAIN] Epoch: [7][300/3100], Elapsed 1m 39s (remain 15m 23s), Accuracy: 75.000(74.169), Loss: 0.317(0.621), LR: 0.000142
[GPU cuda:0][TRAIN] Epoch: [7][350/3100], Elapsed 1m 55s (remain 15m 5s), Accuracy: 0.000(74.003), Loss: 1.264(0.617), LR: 0.000141
[GPU cuda:0][TRAIN] Epoch: [7][400/3100], Elapsed 2m 11s (remain 14m 48s), Accuracy: 75.000(73.254), Loss: 0.897(0.634), LR: 0.000141
[GPU cuda:0][TRAIN] Epoch: [7][450/3100], Elapsed 2m 28s (remain 14m 30s), Accuracy: 75.000(73.392), Loss: 0.414(0.634), LR: 0.000141
[GPU cuda:0][TRAIN] Epoch: [7][500/3100], Elapsed 2m 44s (remain 14m 13s), Accuracy: 100.000(73.303), Loss: 0.704(0.637), LR: 0.000141
[GPU cuda:0][TRAIN] Epoch: [7][550/3100], Elapsed 3m 0s (remain 13m 57s), Accuracy: 25.000(73.820), Loss: 2.176(0.633), LR: 0.000141
[GPU cuda:0][TRAIN] Epoch: [7][600/3100], Elapsed 3m 17s (remain 13m 40s), Accuracy: 50.000(74.085), Loss: 0.726(0.628), LR: 0.000141
[GPU cuda:0][TRAIN] Epoch: [7][650/3100], Elapsed 3m 33s (remain 13m 23s), Accuracy: 100.000(74.078), Loss: 0.144(0.631), LR: 0.000140
[GPU cuda:0][TRAIN] Epoch: [7][700/3100], Elapsed 3m 49s (remain 13m 6s), Accuracy: 100.000(73.466), Loss: 0.509(0.645), LR: 0.000140
[GPU cuda:0][TRAIN] Epoch: [7][750/3100], Elapsed 4m 6s (remain 12m 50s), Accuracy: 100.000(73.535), Loss: 0.213(0.644), LR: 0.000140
[GPU cuda:0][TRAIN] Epoch: [7][800/3100], Elapsed 4m 22s (remain 12m 32s), Accuracy: 100.000(73.502), Loss: 0.260(0.647), LR: 0.000140
[GPU cuda:0][TRAIN] Epoch: [7][850/3100], Elapsed 4m 38s (remain 12m 15s), Accuracy: 100.000(73.649), Loss: 0.137(0.645), LR: 0.000140
[GPU cuda:0][TRAIN] Epoch: [7][900/3100], Elapsed 4m 54s (remain 11m 58s), Accuracy: 75.000(73.058), Loss: 0.501(0.652), LR: 0.000139
[GPU cuda:0][TRAIN] Epoch: [7][950/3100], Elapsed 5m 10s (remain 11m 41s), Accuracy: 100.000(73.160), Loss: 0.312(0.651), LR: 0.000139
[GPU cuda:0][TRAIN] Epoch: [7][1000/3100], Elapsed 5m 26s (remain 11m 24s), Accuracy: 100.000(73.601), Loss: 0.467(0.645), LR: 0.000139
[GPU cuda:0][TRAIN] Epoch: [7][1050/3100], Elapsed 5m 42s (remain 11m 8s), Accuracy: 100.000(73.811), Loss: 0.129(0.640), LR: 0.000139
[GPU cuda:0][TRAIN] Epoch: [7][1100/3100], Elapsed 5m 58s (remain 10m 51s), Accuracy: 50.000(73.887), Loss: 1.189(0.638), LR: 0.000139
[GPU cuda:0][TRAIN] Epoch: [7][1150/3100], Elapsed 6m 15s (remain 10m 35s), Accuracy: 100.000(73.871), Loss: 0.100(0.639), LR: 0.000139
[GPU cuda:0][TRAIN] Epoch: [7][1200/3100], Elapsed 6m 31s (remain 10m 18s), Accuracy: 100.000(74.022), Loss: 0.104(0.635), LR: 0.000138
[GPU cuda:0][TRAIN] Epoch: [7][1250/3100], Elapsed 6m 47s (remain 10m 1s), Accuracy: 75.000(74.021), Loss: 0.720(0.637), LR: 0.000138
[GPU cuda:0][TRAIN] Epoch: [7][1300/3100], Elapsed 7m 3s (remain 9m 45s), Accuracy: 75.000(73.924), Loss: 0.589(0.637), LR: 0.000138
[GPU cuda:0][TRAIN] Epoch: [7][1350/3100], Elapsed 7m 19s (remain 9m 28s), Accuracy: 100.000(74.112), Loss: 0.285(0.633), LR: 0.000138
[GPU cuda:0][TRAIN] Epoch: [7][1400/3100], Elapsed 7m 35s (remain 9m 12s), Accuracy: 100.000(73.894), Loss: 0.467(0.638), LR: 0.000138
[GPU cuda:0][TRAIN] Epoch: [7][1450/3100], Elapsed 7m 51s (remain 8m 56s), Accuracy: 100.000(74.173), Loss: 0.434(0.633), LR: 0.000137
[GPU cuda:0][TRAIN] Epoch: [7][1500/3100], Elapsed 8m 7s (remain 8m 39s), Accuracy: 100.000(74.284), Loss: 0.444(0.630), LR: 0.000137
[GPU cuda:0][TRAIN] Epoch: [7][1550/3100], Elapsed 8m 23s (remain 8m 23s), Accuracy: 100.000(74.355), Loss: 0.042(0.628), LR: 0.000137
[GPU cuda:0][TRAIN] Epoch: [7][1600/3100], Elapsed 8m 39s (remain 8m 6s), Accuracy: 100.000(74.407), Loss: 0.097(0.626), LR: 0.000137
[GPU cuda:0][TRAIN] Epoch: [7][1650/3100], Elapsed 8m 56s (remain 7m 50s), Accuracy: 100.000(74.485), Loss: 0.042(0.625), LR: 0.000137
[GPU cuda:0][TRAIN] Epoch: [7][1700/3100], Elapsed 9m 12s (remain 7m 34s), Accuracy: 50.000(74.691), Loss: 1.219(0.621), LR: 0.000136
[GPU cuda:0][TRAIN] Epoch: [7][1750/3100], Elapsed 9m 28s (remain 7m 17s), Accuracy: 100.000(74.529), Loss: 0.191(0.623), LR: 0.000136
[GPU cuda:0][TRAIN] Epoch: [7][1800/3100], Elapsed 9m 44s (remain 7m 1s), Accuracy: 100.000(74.611), Loss: 0.050(0.622), LR: 0.000136
[GPU cuda:0][TRAIN] Epoch: [7][1850/3100], Elapsed 10m 0s (remain 6m 45s), Accuracy: 75.000(74.460), Loss: 0.682(0.623), LR: 0.000136
[GPU cuda:0][TRAIN] Epoch: [7][1900/3100], Elapsed 10m 16s (remain 6m 28s), Accuracy: 75.000(74.579), Loss: 0.646(0.623), LR: 0.000135
[GPU cuda:0][TRAIN] Epoch: [7][1950/3100], Elapsed 10m 32s (remain 6m 12s), Accuracy: 50.000(74.552), Loss: 0.870(0.623), LR: 0.000135
[GPU cuda:0][TRAIN] Epoch: [7][2000/3100], Elapsed 10m 48s (remain 5m 55s), Accuracy: 100.000(74.525), Loss: 0.250(0.622), LR: 0.000135
[GPU cuda:0][TRAIN] Epoch: [7][2050/3100], Elapsed 11m 3s (remain 5m 39s), Accuracy: 75.000(74.695), Loss: 0.311(0.619), LR: 0.000135
[GPU cuda:0][TRAIN] Epoch: [7][2100/3100], Elapsed 11m 19s (remain 5m 23s), Accuracy: 75.000(74.595), Loss: 2.324(0.620), LR: 0.000135
[GPU cuda:0][TRAIN] Epoch: [7][2150/3100], Elapsed 11m 35s (remain 5m 6s), Accuracy: 50.000(74.709), Loss: 1.076(0.619), LR: 0.000134
[GPU cuda:0][TRAIN] Epoch: [7][2200/3100], Elapsed 11m 52s (remain 4m 50s), Accuracy: 50.000(74.739), Loss: 1.090(0.619), LR: 0.000134
[GPU cuda:0][TRAIN] Epoch: [7][2250/3100], Elapsed 12m 8s (remain 4m 34s), Accuracy: 75.000(74.800), Loss: 0.353(0.616), LR: 0.000134
[GPU cuda:0][TRAIN] Epoch: [7][2300/3100], Elapsed 12m 24s (remain 4m 18s), Accuracy: 50.000(74.870), Loss: 1.080(0.615), LR: 0.000134
[GPU cuda:0][TRAIN] Epoch: [7][2350/3100], Elapsed 12m 41s (remain 4m 2s), Accuracy: 75.000(74.904), Loss: 0.435(0.614), LR: 0.000134
[GPU cuda:0][TRAIN] Epoch: [7][2400/3100], Elapsed 12m 57s (remain 3m 46s), Accuracy: 25.000(74.833), Loss: 1.547(0.615), LR: 0.000133
[GPU cuda:0][TRAIN] Epoch: [7][2450/3100], Elapsed 13m 13s (remain 3m 30s), Accuracy: 75.000(74.786), Loss: 0.421(0.616), LR: 0.000133
[GPU cuda:0][TRAIN] Epoch: [7][2500/3100], Elapsed 13m 29s (remain 3m 13s), Accuracy: 50.000(74.820), Loss: 1.309(0.616), LR: 0.000133
[GPU cuda:0][TRAIN] Epoch: [7][2550/3100], Elapsed 13m 46s (remain 2m 57s), Accuracy: 75.000(74.824), Loss: 0.740(0.616), LR: 0.000133
[GPU cuda:0][TRAIN] Epoch: [7][2600/3100], Elapsed 14m 2s (remain 2m 41s), Accuracy: 50.000(74.990), Loss: 0.674(0.612), LR: 0.000132
[GPU cuda:0][TRAIN] Epoch: [7][2650/3100], Elapsed 14m 18s (remain 2m 25s), Accuracy: 50.000(75.104), Loss: 1.063(0.609), LR: 0.000132
[GPU cuda:0][TRAIN] Epoch: [7][2700/3100], Elapsed 14m 34s (remain 2m 9s), Accuracy: 100.000(75.130), Loss: 0.349(0.609), LR: 0.000132
[GPU cuda:0][TRAIN] Epoch: [7][2750/3100], Elapsed 14m 50s (remain 1m 52s), Accuracy: 50.000(75.145), Loss: 0.871(0.608), LR: 0.000132
[GPU cuda:0][TRAIN] Epoch: [7][2800/3100], Elapsed 15m 6s (remain 1m 36s), Accuracy: 0.000(75.036), Loss: 1.853(0.608), LR: 0.000131
[GPU cuda:0][TRAIN] Epoch: [7][2850/3100], Elapsed 15m 22s (remain 1m 20s), Accuracy: 75.000(75.114), Loss: 0.870(0.608), LR: 0.000131
[GPU cuda:0][TRAIN] Epoch: [7][2900/3100], Elapsed 15m 38s (remain 1m 4s), Accuracy: 100.000(75.112), Loss: 0.412(0.609), LR: 0.000131
[GPU cuda:0][TRAIN] Epoch: [7][2950/3100], Elapsed 15m 54s (remain 0m 48s), Accuracy: 75.000(75.229), Loss: 0.325(0.609), LR: 0.000131
[GPU cuda:0][TRAIN] Epoch: [7][3000/3100], Elapsed 16m 10s (remain 0m 32s), Accuracy: 50.000(75.292), Loss: 1.564(0.607), LR: 0.000130
[GPU cuda:0][TRAIN] Epoch: [7][3050/3100], Elapsed 16m 26s (remain 0m 15s), Accuracy: 100.000(75.352), Loss: 0.307(0.606), LR: 0.000130
[GPU cuda:0][TRAIN] Epoch: [7][3099/3100], Elapsed 16m 42s (remain 0m 0s), Accuracy: 25.000(75.395), Loss: 2.422(0.606), LR: 0.000130
[GPU cuda:0][VALID][0/388], Elapsed 0m 0s (remain 3m 36s), Accuracy: 87.500(87.500), Batch Loss: 0.2661, Average Loss: 0.2661
[GPU cuda:0][VALID][50/388], Elapsed 0m 12s (remain 1m 20s), Accuracy: 62.500(72.549), Batch Loss: 1.2738, Average Loss: 0.7440
[GPU cuda:0][VALID][100/388], Elapsed 0m 23s (remain 1m 8s), Accuracy: 75.000(72.525), Batch Loss: 0.9316, Average Loss: 0.7518
[GPU cuda:0][VALID][150/388], Elapsed 0m 35s (remain 0m 55s), Accuracy: 62.500(70.613), Batch Loss: 1.3370, Average Loss: 0.7939
[GPU cuda:0][VALID][200/388], Elapsed 0m 47s (remain 0m 44s), Accuracy: 87.500(70.087), Batch Loss: 0.6095, Average Loss: 0.7834
[GPU cuda:0][VALID][250/388], Elapsed 0m 59s (remain 0m 32s), Accuracy: 50.000(70.020), Batch Loss: 0.9395, Average Loss: 0.7869
[GPU cuda:0][VALID][300/388], Elapsed 1m 10s (remain 0m 20s), Accuracy: 50.000(70.141), Batch Loss: 0.8514, Average Loss: 0.7875
[GPU cuda:0][VALID][350/388], Elapsed 1m 22s (remain 0m 8s), Accuracy: 62.500(70.513), Batch Loss: 0.7136, Average Loss: 0.7753
[GPU cuda:0][VALID][387/388], Elapsed 1m 31s (remain 0m 0s), Accuracy: 75.000(70.683), Batch Loss: 0.6867, Average Loss: 0.7688
Valid Labels Samples: [2 0 1 4 1 0 3 1 4 3]
Valid Predictions Samples: [2, 0, 1, 3, 1, 0, 3, 1, 3, 0]
Epoch 7 - Train Average Loss: 75.395, Valid Average Loss: 70.683, Epoch Time: 1096.482s
Epoch 7 - Accuracy: 0.707, Precision: 0.715, Recall: 0.707
[GPU cuda:0][TRAIN] Epoch: [8][0/3100], Elapsed 0m 0s (remain 38m 22s), Accuracy: 75.000(75.000), Loss: 1.065(1.065), LR: 0.000130
[GPU cuda:0][TRAIN] Epoch: [8][50/3100], Elapsed 0m 16s (remain 16m 49s), Accuracy: 75.000(77.451), Loss: 0.451(0.538), LR: 0.000130
[GPU cuda:0][TRAIN] Epoch: [8][100/3100], Elapsed 0m 32s (remain 16m 18s), Accuracy: 25.000(76.238), Loss: 1.732(0.538), LR: 0.000129
[GPU cuda:0][TRAIN] Epoch: [8][150/3100], Elapsed 0m 49s (remain 15m 58s), Accuracy: 100.000(75.993), Loss: 0.111(0.561), LR: 0.000129
[GPU cuda:0][TRAIN] Epoch: [8][200/3100], Elapsed 1m 5s (remain 15m 40s), Accuracy: 100.000(75.995), Loss: 0.049(0.564), LR: 0.000129
[GPU cuda:0][TRAIN] Epoch: [8][250/3100], Elapsed 1m 21s (remain 15m 23s), Accuracy: 75.000(75.498), Loss: 0.584(0.585), LR: 0.000129
[GPU cuda:0][TRAIN] Epoch: [8][300/3100], Elapsed 1m 37s (remain 15m 5s), Accuracy: 100.000(75.664), Loss: 0.241(0.584), LR: 0.000128
[GPU cuda:0][TRAIN] Epoch: [8][350/3100], Elapsed 1m 53s (remain 14m 49s), Accuracy: 50.000(75.783), Loss: 0.896(0.578), LR: 0.000128
[GPU cuda:0][TRAIN] Epoch: [8][400/3100], Elapsed 2m 9s (remain 14m 32s), Accuracy: 50.000(75.436), Loss: 0.913(0.592), LR: 0.000128
[GPU cuda:0][TRAIN] Epoch: [8][450/3100], Elapsed 2m 25s (remain 14m 12s), Accuracy: 75.000(75.443), Loss: 0.330(0.588), LR: 0.000128
[GPU cuda:0][TRAIN] Epoch: [8][500/3100], Elapsed 2m 40s (remain 13m 53s), Accuracy: 100.000(75.299), Loss: 0.632(0.594), LR: 0.000127
[GPU cuda:0][TRAIN] Epoch: [8][550/3100], Elapsed 2m 56s (remain 13m 36s), Accuracy: 75.000(75.817), Loss: 0.724(0.583), LR: 0.000127
[GPU cuda:0][TRAIN] Epoch: [8][600/3100], Elapsed 3m 12s (remain 13m 22s), Accuracy: 100.000(76.373), Loss: 0.111(0.574), LR: 0.000127
[GPU cuda:0][TRAIN] Epoch: [8][650/3100], Elapsed 3m 29s (remain 13m 6s), Accuracy: 100.000(76.344), Loss: 0.272(0.577), LR: 0.000127
[GPU cuda:0][TRAIN] Epoch: [8][700/3100], Elapsed 3m 45s (remain 12m 51s), Accuracy: 75.000(75.749), Loss: 0.581(0.591), LR: 0.000126
[GPU cuda:0][TRAIN] Epoch: [8][750/3100], Elapsed 4m 1s (remain 12m 36s), Accuracy: 100.000(75.999), Loss: 0.058(0.590), LR: 0.000126
[GPU cuda:0][TRAIN] Epoch: [8][800/3100], Elapsed 4m 18s (remain 12m 21s), Accuracy: 75.000(76.092), Loss: 0.501(0.591), LR: 0.000126
[GPU cuda:0][TRAIN] Epoch: [8][850/3100], Elapsed 4m 34s (remain 12m 5s), Accuracy: 100.000(76.175), Loss: 0.203(0.591), LR: 0.000126
[GPU cuda:0][TRAIN] Epoch: [8][900/3100], Elapsed 4m 50s (remain 11m 49s), Accuracy: 75.000(76.110), Loss: 0.394(0.595), LR: 0.000125
[GPU cuda:0][TRAIN] Epoch: [8][950/3100], Elapsed 5m 7s (remain 11m 34s), Accuracy: 75.000(76.183), Loss: 0.439(0.597), LR: 0.000125
[GPU cuda:0][TRAIN] Epoch: [8][1000/3100], Elapsed 5m 23s (remain 11m 18s), Accuracy: 75.000(76.449), Loss: 0.506(0.591), LR: 0.000125
[GPU cuda:0][TRAIN] Epoch: [8][1050/3100], Elapsed 5m 39s (remain 11m 2s), Accuracy: 100.000(76.594), Loss: 0.243(0.585), LR: 0.000125
[GPU cuda:0][TRAIN] Epoch: [8][1100/3100], Elapsed 5m 56s (remain 10m 46s), Accuracy: 25.000(76.658), Loss: 1.316(0.585), LR: 0.000124
[GPU cuda:0][TRAIN] Epoch: [8][1150/3100], Elapsed 6m 11s (remain 10m 29s), Accuracy: 100.000(76.716), Loss: 0.097(0.583), LR: 0.000124
[GPU cuda:0][TRAIN] Epoch: [8][1200/3100], Elapsed 6m 27s (remain 10m 13s), Accuracy: 100.000(76.686), Loss: 0.086(0.579), LR: 0.000124
[GPU cuda:0][TRAIN] Epoch: [8][1250/3100], Elapsed 6m 44s (remain 9m 57s), Accuracy: 75.000(76.439), Loss: 0.681(0.583), LR: 0.000123
[GPU cuda:0][TRAIN] Epoch: [8][1300/3100], Elapsed 7m 0s (remain 9m 40s), Accuracy: 75.000(76.499), Loss: 0.799(0.582), LR: 0.000123
[GPU cuda:0][TRAIN] Epoch: [8][1350/3100], Elapsed 7m 16s (remain 9m 24s), Accuracy: 100.000(76.795), Loss: 0.303(0.576), LR: 0.000123
[GPU cuda:0][TRAIN] Epoch: [8][1400/3100], Elapsed 7m 32s (remain 9m 8s), Accuracy: 100.000(76.642), Loss: 0.273(0.578), LR: 0.000123
[GPU cuda:0][TRAIN] Epoch: [8][1450/3100], Elapsed 7m 48s (remain 8m 52s), Accuracy: 100.000(76.792), Loss: 0.283(0.576), LR: 0.000122
[GPU cuda:0][TRAIN] Epoch: [8][1500/3100], Elapsed 8m 4s (remain 8m 36s), Accuracy: 100.000(76.832), Loss: 0.328(0.572), LR: 0.000122
[GPU cuda:0][TRAIN] Epoch: [8][1550/3100], Elapsed 8m 20s (remain 8m 20s), Accuracy: 100.000(76.757), Loss: 0.115(0.571), LR: 0.000122
[GPU cuda:0][TRAIN] Epoch: [8][1600/3100], Elapsed 8m 36s (remain 8m 3s), Accuracy: 100.000(76.905), Loss: 0.162(0.569), LR: 0.000121
[GPU cuda:0][TRAIN] Epoch: [8][1650/3100], Elapsed 8m 53s (remain 7m 47s), Accuracy: 100.000(77.014), Loss: 0.111(0.567), LR: 0.000121
[GPU cuda:0][TRAIN] Epoch: [8][1700/3100], Elapsed 9m 9s (remain 7m 31s), Accuracy: 75.000(77.116), Loss: 0.610(0.564), LR: 0.000121
[GPU cuda:0][TRAIN] Epoch: [8][1750/3100], Elapsed 9m 25s (remain 7m 15s), Accuracy: 75.000(77.070), Loss: 0.713(0.564), LR: 0.000121
[GPU cuda:0][TRAIN] Epoch: [8][1800/3100], Elapsed 9m 41s (remain 6m 59s), Accuracy: 100.000(77.179), Loss: 0.009(0.561), LR: 0.000120
[GPU cuda:0][TRAIN] Epoch: [8][1850/3100], Elapsed 9m 57s (remain 6m 43s), Accuracy: 75.000(77.066), Loss: 0.600(0.563), LR: 0.000120
[GPU cuda:0][TRAIN] Epoch: [8][1900/3100], Elapsed 10m 13s (remain 6m 27s), Accuracy: 75.000(77.183), Loss: 0.831(0.560), LR: 0.000120
[GPU cuda:0][TRAIN] Epoch: [8][1950/3100], Elapsed 10m 29s (remain 6m 10s), Accuracy: 100.000(77.204), Loss: 0.089(0.559), LR: 0.000119
[GPU cuda:0][TRAIN] Epoch: [8][2000/3100], Elapsed 10m 45s (remain 5m 54s), Accuracy: 100.000(77.236), Loss: 0.189(0.559), LR: 0.000119
[GPU cuda:0][TRAIN] Epoch: [8][2050/3100], Elapsed 11m 1s (remain 5m 38s), Accuracy: 75.000(77.438), Loss: 0.464(0.555), LR: 0.000119
[GPU cuda:0][TRAIN] Epoch: [8][2100/3100], Elapsed 11m 17s (remain 5m 22s), Accuracy: 75.000(77.356), Loss: 1.407(0.557), LR: 0.000119
[GPU cuda:0][TRAIN] Epoch: [8][2150/3100], Elapsed 11m 34s (remain 5m 6s), Accuracy: 50.000(77.452), Loss: 0.881(0.556), LR: 0.000118
[GPU cuda:0][TRAIN] Epoch: [8][2200/3100], Elapsed 11m 50s (remain 4m 50s), Accuracy: 50.000(77.556), Loss: 0.857(0.555), LR: 0.000118
[GPU cuda:0][TRAIN] Epoch: [8][2250/3100], Elapsed 12m 6s (remain 4m 33s), Accuracy: 100.000(77.665), Loss: 0.091(0.552), LR: 0.000118
[GPU cuda:0][TRAIN] Epoch: [8][2300/3100], Elapsed 12m 21s (remain 4m 17s), Accuracy: 25.000(77.651), Loss: 1.080(0.552), LR: 0.000117
[GPU cuda:0][TRAIN] Epoch: [8][2350/3100], Elapsed 12m 37s (remain 4m 1s), Accuracy: 75.000(77.680), Loss: 0.548(0.551), LR: 0.000117
[GPU cuda:0][TRAIN] Epoch: [8][2400/3100], Elapsed 12m 52s (remain 3m 45s), Accuracy: 75.000(77.582), Loss: 0.713(0.552), LR: 0.000117
[GPU cuda:0][TRAIN] Epoch: [8][2450/3100], Elapsed 13m 9s (remain 3m 28s), Accuracy: 75.000(77.519), Loss: 0.357(0.552), LR: 0.000116
[GPU cuda:0][TRAIN] Epoch: [8][2500/3100], Elapsed 13m 25s (remain 3m 12s), Accuracy: 75.000(77.519), Loss: 0.742(0.552), LR: 0.000116
[GPU cuda:0][TRAIN] Epoch: [8][2550/3100], Elapsed 13m 41s (remain 2m 56s), Accuracy: 50.000(77.538), Loss: 0.856(0.552), LR: 0.000116
[GPU cuda:0][TRAIN] Epoch: [8][2600/3100], Elapsed 13m 58s (remain 2m 40s), Accuracy: 75.000(77.672), Loss: 0.626(0.548), LR: 0.000116
[GPU cuda:0][TRAIN] Epoch: [8][2650/3100], Elapsed 14m 14s (remain 2m 24s), Accuracy: 50.000(77.773), Loss: 1.133(0.546), LR: 0.000115
[GPU cuda:0][TRAIN] Epoch: [8][2700/3100], Elapsed 14m 30s (remain 2m 8s), Accuracy: 50.000(77.842), Loss: 0.613(0.545), LR: 0.000115
[GPU cuda:0][TRAIN] Epoch: [8][2750/3100], Elapsed 14m 47s (remain 1m 52s), Accuracy: 75.000(77.872), Loss: 0.574(0.544), LR: 0.000115
[GPU cuda:0][TRAIN] Epoch: [8][2800/3100], Elapsed 15m 3s (remain 1m 36s), Accuracy: 50.000(77.847), Loss: 0.974(0.544), LR: 0.000114
[GPU cuda:0][TRAIN] Epoch: [8][2850/3100], Elapsed 15m 19s (remain 1m 20s), Accuracy: 75.000(77.859), Loss: 1.174(0.544), LR: 0.000114
[GPU cuda:0][TRAIN] Epoch: [8][2900/3100], Elapsed 15m 35s (remain 1m 4s), Accuracy: 100.000(77.801), Loss: 0.154(0.546), LR: 0.000114
[GPU cuda:0][TRAIN] Epoch: [8][2950/3100], Elapsed 15m 52s (remain 0m 48s), Accuracy: 75.000(77.804), Loss: 0.316(0.546), LR: 0.000113
[GPU cuda:0][TRAIN] Epoch: [8][3000/3100], Elapsed 16m 8s (remain 0m 31s), Accuracy: 50.000(77.916), Loss: 0.662(0.544), LR: 0.000113
[GPU cuda:0][TRAIN] Epoch: [8][3050/3100], Elapsed 16m 24s (remain 0m 15s), Accuracy: 100.000(78.024), Loss: 0.162(0.541), LR: 0.000113
[GPU cuda:0][TRAIN] Epoch: [8][3099/3100], Elapsed 16m 40s (remain 0m 0s), Accuracy: 25.000(78.073), Loss: 2.333(0.541), LR: 0.000112
[GPU cuda:0][VALID][0/388], Elapsed 0m 0s (remain 3m 28s), Accuracy: 87.500(87.500), Batch Loss: 0.1635, Average Loss: 0.1635
[GPU cuda:0][VALID][50/388], Elapsed 0m 12s (remain 1m 20s), Accuracy: 62.500(72.059), Batch Loss: 1.0268, Average Loss: 0.7403
[GPU cuda:0][VALID][100/388], Elapsed 0m 23s (remain 1m 7s), Accuracy: 75.000(73.391), Batch Loss: 0.8395, Average Loss: 0.7417
[GPU cuda:0][VALID][150/388], Elapsed 0m 35s (remain 0m 55s), Accuracy: 62.500(72.268), Batch Loss: 1.3848, Average Loss: 0.7706
[GPU cuda:0][VALID][200/388], Elapsed 0m 47s (remain 0m 44s), Accuracy: 75.000(72.201), Batch Loss: 0.3052, Average Loss: 0.7642
[GPU cuda:0][VALID][250/388], Elapsed 0m 59s (remain 0m 32s), Accuracy: 62.500(72.062), Batch Loss: 0.7672, Average Loss: 0.7773
[GPU cuda:0][VALID][300/388], Elapsed 1m 10s (remain 0m 20s), Accuracy: 37.500(71.429), Batch Loss: 0.9052, Average Loss: 0.7839
[GPU cuda:0][VALID][350/388], Elapsed 1m 22s (remain 0m 8s), Accuracy: 62.500(71.332), Batch Loss: 0.7350, Average Loss: 0.7795
[GPU cuda:0][VALID][387/388], Elapsed 1m 31s (remain 0m 0s), Accuracy: 75.000(71.553), Batch Loss: 0.3808, Average Loss: 0.7703
Valid Labels Samples: [2 0 1 4 1 0 3 1 4 3]
Valid Predictions Samples: [2, 0, 1, 3, 1, 0, 3, 1, 3, 0]
Epoch 8 - Train Average Loss: 78.073, Valid Average Loss: 71.553, Epoch Time: 1094.596s
Epoch 8 - Accuracy: 0.715, Precision: 0.717, Recall: 0.715
[GPU cuda:0][TRAIN] Epoch: [9][0/3100], Elapsed 0m 0s (remain 39m 14s), Accuracy: 75.000(75.000), Loss: 0.379(0.379), LR: 0.000112
[GPU cuda:0][TRAIN] Epoch: [9][50/3100], Elapsed 0m 17s (remain 17m 3s), Accuracy: 75.000(77.941), Loss: 0.404(0.494), LR: 0.000112
[GPU cuda:0][TRAIN] Epoch: [9][100/3100], Elapsed 0m 33s (remain 16m 30s), Accuracy: 25.000(81.188), Loss: 2.592(0.456), LR: 0.000112
[GPU cuda:0][TRAIN] Epoch: [9][150/3100], Elapsed 0m 49s (remain 16m 10s), Accuracy: 100.000(79.967), Loss: 0.011(0.482), LR: 0.000112
[GPU cuda:0][TRAIN] Epoch: [9][200/3100], Elapsed 1m 6s (remain 15m 52s), Accuracy: 100.000(80.348), Loss: 0.055(0.482), LR: 0.000111
[GPU cuda:0][TRAIN] Epoch: [9][250/3100], Elapsed 1m 22s (remain 15m 35s), Accuracy: 75.000(80.179), Loss: 0.543(0.494), LR: 0.000111
[GPU cuda:0][TRAIN] Epoch: [9][300/3100], Elapsed 1m 38s (remain 15m 17s), Accuracy: 100.000(80.897), Loss: 0.104(0.483), LR: 0.000111
[GPU cuda:0][TRAIN] Epoch: [9][350/3100], Elapsed 1m 54s (remain 15m 0s), Accuracy: 25.000(80.413), Loss: 1.449(0.489), LR: 0.000110
[GPU cuda:0][TRAIN] Epoch: [9][400/3100], Elapsed 2m 11s (remain 14m 43s), Accuracy: 50.000(79.489), Loss: 0.955(0.503), LR: 0.000110
[GPU cuda:0][TRAIN] Epoch: [9][450/3100], Elapsed 2m 27s (remain 14m 27s), Accuracy: 100.000(79.545), Loss: 0.160(0.499), LR: 0.000110
[GPU cuda:0][TRAIN] Epoch: [9][500/3100], Elapsed 2m 44s (remain 14m 10s), Accuracy: 75.000(79.491), Loss: 0.556(0.502), LR: 0.000109
[GPU cuda:0][TRAIN] Epoch: [9][550/3100], Elapsed 3m 0s (remain 13m 54s), Accuracy: 75.000(79.719), Loss: 0.767(0.499), LR: 0.000109
[GPU cuda:0][TRAIN] Epoch: [9][600/3100], Elapsed 3m 16s (remain 13m 37s), Accuracy: 100.000(80.283), Loss: 0.119(0.492), LR: 0.000109
[GPU cuda:0][TRAIN] Epoch: [9][650/3100], Elapsed 3m 33s (remain 13m 21s), Accuracy: 100.000(80.338), Loss: 0.100(0.495), LR: 0.000108
[GPU cuda:0][TRAIN] Epoch: [9][700/3100], Elapsed 3m 49s (remain 13m 4s), Accuracy: 75.000(79.743), Loss: 0.852(0.511), LR: 0.000108
[GPU cuda:0][TRAIN] Epoch: [9][750/3100], Elapsed 4m 5s (remain 12m 48s), Accuracy: 100.000(79.960), Loss: 0.074(0.509), LR: 0.000108
[GPU cuda:0][TRAIN] Epoch: [9][800/3100], Elapsed 4m 21s (remain 12m 31s), Accuracy: 100.000(79.963), Loss: 0.252(0.509), LR: 0.000107
[GPU cuda:0][TRAIN] Epoch: [9][850/3100], Elapsed 4m 38s (remain 12m 15s), Accuracy: 100.000(80.053), Loss: 0.023(0.507), LR: 0.000107
[GPU cuda:0][TRAIN] Epoch: [9][900/3100], Elapsed 4m 54s (remain 11m 58s), Accuracy: 75.000(80.022), Loss: 0.499(0.510), LR: 0.000107
[GPU cuda:0][TRAIN] Epoch: [9][950/3100], Elapsed 5m 10s (remain 11m 42s), Accuracy: 75.000(80.126), Loss: 0.423(0.509), LR: 0.000106
[GPU cuda:0][TRAIN] Epoch: [9][1000/3100], Elapsed 5m 27s (remain 11m 26s), Accuracy: 100.000(80.270), Loss: 0.218(0.506), LR: 0.000106
[GPU cuda:0][TRAIN] Epoch: [9][1050/3100], Elapsed 5m 43s (remain 11m 9s), Accuracy: 100.000(80.566), Loss: 0.060(0.498), LR: 0.000106
[GPU cuda:0][TRAIN] Epoch: [9][1100/3100], Elapsed 5m 59s (remain 10m 53s), Accuracy: 25.000(80.586), Loss: 1.473(0.496), LR: 0.000105
[GPU cuda:0][TRAIN] Epoch: [9][1150/3100], Elapsed 6m 16s (remain 10m 36s), Accuracy: 100.000(80.647), Loss: 0.244(0.495), LR: 0.000105
[GPU cuda:0][TRAIN] Epoch: [9][1200/3100], Elapsed 6m 32s (remain 10m 20s), Accuracy: 100.000(80.579), Loss: 0.029(0.493), LR: 0.000105
[GPU cuda:0][TRAIN] Epoch: [9][1250/3100], Elapsed 6m 48s (remain 10m 4s), Accuracy: 50.000(80.396), Loss: 1.471(0.495), LR: 0.000104
[GPU cuda:0][TRAIN] Epoch: [9][1300/3100], Elapsed 7m 5s (remain 9m 47s), Accuracy: 75.000(80.227), Loss: 0.640(0.497), LR: 0.000104
[GPU cuda:0][TRAIN] Epoch: [9][1350/3100], Elapsed 7m 21s (remain 9m 31s), Accuracy: 100.000(80.422), Loss: 0.181(0.492), LR: 0.000104
[GPU cuda:0][TRAIN] Epoch: [9][1400/3100], Elapsed 7m 37s (remain 9m 15s), Accuracy: 75.000(80.389), Loss: 0.680(0.492), LR: 0.000103
[GPU cuda:0][TRAIN] Epoch: [9][1450/3100], Elapsed 7m 53s (remain 8m 58s), Accuracy: 100.000(80.479), Loss: 0.184(0.490), LR: 0.000103
[GPU cuda:0][TRAIN] Epoch: [9][1500/3100], Elapsed 8m 9s (remain 8m 41s), Accuracy: 100.000(80.630), Loss: 0.297(0.485), LR: 0.000103
[GPU cuda:0][TRAIN] Epoch: [9][1550/3100], Elapsed 8m 25s (remain 8m 25s), Accuracy: 100.000(80.674), Loss: 0.031(0.485), LR: 0.000102
[GPU cuda:0][TRAIN] Epoch: [9][1600/3100], Elapsed 8m 41s (remain 8m 8s), Accuracy: 100.000(80.746), Loss: 0.045(0.483), LR: 0.000102
[GPU cuda:0][TRAIN] Epoch: [9][1650/3100], Elapsed 8m 58s (remain 7m 52s), Accuracy: 100.000(80.784), Loss: 0.045(0.481), LR: 0.000102
[GPU cuda:0][TRAIN] Epoch: [9][1700/3100], Elapsed 9m 14s (remain 7m 35s), Accuracy: 50.000(80.732), Loss: 0.677(0.481), LR: 0.000101
[GPU cuda:0][TRAIN] Epoch: [9][1750/3100], Elapsed 9m 30s (remain 7m 19s), Accuracy: 100.000(80.682), Loss: 0.122(0.481), LR: 0.000101
[GPU cuda:0][TRAIN] Epoch: [9][1800/3100], Elapsed 9m 46s (remain 7m 2s), Accuracy: 100.000(80.761), Loss: 0.012(0.479), LR: 0.000101
[GPU cuda:0][TRAIN] Epoch: [9][1850/3100], Elapsed 10m 2s (remain 6m 46s), Accuracy: 75.000(80.646), Loss: 0.581(0.481), LR: 0.000100
[GPU cuda:0][TRAIN] Epoch: [9][1900/3100], Elapsed 10m 18s (remain 6m 29s), Accuracy: 50.000(80.642), Loss: 0.816(0.480), LR: 0.000100
[GPU cuda:0][TRAIN] Epoch: [9][1950/3100], Elapsed 10m 34s (remain 6m 13s), Accuracy: 75.000(80.561), Loss: 0.424(0.480), LR: 0.000100
[GPU cuda:0][TRAIN] Epoch: [9][2000/3100], Elapsed 10m 50s (remain 5m 57s), Accuracy: 100.000(80.535), Loss: 0.181(0.481), LR: 0.000099
[GPU cuda:0][TRAIN] Epoch: [9][2050/3100], Elapsed 11m 6s (remain 5m 40s), Accuracy: 75.000(80.644), Loss: 0.511(0.479), LR: 0.000099
[GPU cuda:0][TRAIN] Epoch: [9][2100/3100], Elapsed 11m 22s (remain 5m 24s), Accuracy: 75.000(80.557), Loss: 1.602(0.481), LR: 0.000099
[GPU cuda:0][TRAIN] Epoch: [9][2150/3100], Elapsed 11m 38s (remain 5m 8s), Accuracy: 50.000(80.579), Loss: 0.882(0.480), LR: 0.000098
[GPU cuda:0][TRAIN] Epoch: [9][2200/3100], Elapsed 11m 55s (remain 4m 52s), Accuracy: 75.000(80.577), Loss: 0.706(0.480), LR: 0.000098
[GPU cuda:0][TRAIN] Epoch: [9][2250/3100], Elapsed 12m 11s (remain 4m 35s), Accuracy: 100.000(80.720), Loss: 0.089(0.477), LR: 0.000098
[GPU cuda:0][TRAIN] Epoch: [9][2300/3100], Elapsed 12m 27s (remain 4m 19s), Accuracy: 100.000(80.791), Loss: 0.290(0.475), LR: 0.000097
[GPU cuda:0][TRAIN] Epoch: [9][2350/3100], Elapsed 12m 43s (remain 4m 3s), Accuracy: 75.000(80.764), Loss: 0.439(0.475), LR: 0.000097
[GPU cuda:0][TRAIN] Epoch: [9][2400/3100], Elapsed 12m 59s (remain 3m 46s), Accuracy: 50.000(80.779), Loss: 0.949(0.475), LR: 0.000097
[GPU cuda:0][TRAIN] Epoch: [9][2450/3100], Elapsed 13m 15s (remain 3m 30s), Accuracy: 75.000(80.824), Loss: 0.452(0.474), LR: 0.000096
[GPU cuda:0][TRAIN] Epoch: [9][2500/3100], Elapsed 13m 31s (remain 3m 14s), Accuracy: 75.000(80.848), Loss: 0.832(0.473), LR: 0.000096
[GPU cuda:0][TRAIN] Epoch: [9][2550/3100], Elapsed 13m 47s (remain 2m 58s), Accuracy: 75.000(80.939), Loss: 0.719(0.472), LR: 0.000096
[GPU cuda:0][TRAIN] Epoch: [9][2600/3100], Elapsed 14m 3s (remain 2m 41s), Accuracy: 50.000(81.103), Loss: 0.578(0.469), LR: 0.000095
[GPU cuda:0][TRAIN] Epoch: [9][2650/3100], Elapsed 14m 19s (remain 2m 25s), Accuracy: 75.000(81.149), Loss: 0.577(0.467), LR: 0.000095
[GPU cuda:0][TRAIN] Epoch: [9][2700/3100], Elapsed 14m 34s (remain 2m 9s), Accuracy: 100.000(81.238), Loss: 0.212(0.465), LR: 0.000094
[GPU cuda:0][TRAIN] Epoch: [9][2750/3100], Elapsed 14m 50s (remain 1m 53s), Accuracy: 50.000(81.270), Loss: 1.079(0.465), LR: 0.000094
[GPU cuda:0][TRAIN] Epoch: [9][2800/3100], Elapsed 15m 7s (remain 1m 36s), Accuracy: 25.000(81.221), Loss: 1.180(0.465), LR: 0.000094
[GPU cuda:0][TRAIN] Epoch: [9][2850/3100], Elapsed 15m 23s (remain 1m 20s), Accuracy: 75.000(81.235), Loss: 1.032(0.464), LR: 0.000093
[GPU cuda:0][TRAIN] Epoch: [9][2900/3100], Elapsed 15m 39s (remain 1m 4s), Accuracy: 100.000(81.196), Loss: 0.185(0.465), LR: 0.000093
[GPU cuda:0][TRAIN] Epoch: [9][2950/3100], Elapsed 15m 56s (remain 0m 48s), Accuracy: 50.000(81.184), Loss: 0.574(0.465), LR: 0.000093
[GPU cuda:0][TRAIN] Epoch: [9][3000/3100], Elapsed 16m 12s (remain 0m 32s), Accuracy: 75.000(81.306), Loss: 0.935(0.463), LR: 0.000092
[GPU cuda:0][TRAIN] Epoch: [9][3050/3100], Elapsed 16m 28s (remain 0m 15s), Accuracy: 100.000(81.432), Loss: 0.064(0.460), LR: 0.000092
[GPU cuda:0][TRAIN] Epoch: [9][3099/3100], Elapsed 16m 44s (remain 0m 0s), Accuracy: 50.000(81.516), Loss: 2.140(0.459), LR: 0.000092
[GPU cuda:0][VALID][0/388], Elapsed 0m 0s (remain 3m 33s), Accuracy: 75.000(75.000), Batch Loss: 0.4134, Average Loss: 0.4134
[GPU cuda:0][VALID][50/388], Elapsed 0m 12s (remain 1m 20s), Accuracy: 75.000(72.794), Batch Loss: 1.2247, Average Loss: 0.8610
[GPU cuda:0][VALID][100/388], Elapsed 0m 23s (remain 1m 8s), Accuracy: 75.000(72.649), Batch Loss: 1.0913, Average Loss: 0.8776
[GPU cuda:0][VALID][150/388], Elapsed 0m 35s (remain 0m 56s), Accuracy: 50.000(71.440), Batch Loss: 2.0128, Average Loss: 0.9165
[GPU cuda:0][VALID][200/388], Elapsed 0m 47s (remain 0m 44s), Accuracy: 75.000(71.891), Batch Loss: 0.2226, Average Loss: 0.8894
[GPU cuda:0][VALID][250/388], Elapsed 0m 59s (remain 0m 32s), Accuracy: 62.500(71.564), Batch Loss: 1.1397, Average Loss: 0.9077
[GPU cuda:0][VALID][300/388], Elapsed 1m 11s (remain 0m 20s), Accuracy: 37.500(71.262), Batch Loss: 0.9055, Average Loss: 0.9182
[GPU cuda:0][VALID][350/388], Elapsed 1m 22s (remain 0m 8s), Accuracy: 62.500(71.546), Batch Loss: 0.8311, Average Loss: 0.9061
[GPU cuda:0][VALID][387/388], Elapsed 1m 31s (remain 0m 0s), Accuracy: 75.000(71.778), Batch Loss: 0.8448, Average Loss: 0.8935
Valid Labels Samples: [2 0 1 4 1 0 3 1 4 3]
Valid Predictions Samples: [2, 0, 1, 3, 1, 1, 3, 1, 3, 0]
Epoch 9 - Train Average Loss: 81.516, Valid Average Loss: 71.778, Epoch Time: 1098.788s
Epoch 9 - Accuracy: 0.718, Precision: 0.723, Recall: 0.718
[GPU cuda:0][TRAIN] Epoch: [10][0/3100], Elapsed 0m 0s (remain 38m 44s), Accuracy: 100.000(100.000), Loss: 0.409(0.409), LR: 0.000092
[GPU cuda:0][TRAIN] Epoch: [10][50/3100], Elapsed 0m 16s (remain 16m 51s), Accuracy: 75.000(87.255), Loss: 0.370(0.348), LR: 0.000091
[GPU cuda:0][TRAIN] Epoch: [10][100/3100], Elapsed 0m 33s (remain 16m 21s), Accuracy: 50.000(85.644), Loss: 1.723(0.370), LR: 0.000091
[GPU cuda:0][TRAIN] Epoch: [10][150/3100], Elapsed 0m 49s (remain 16m 0s), Accuracy: 100.000(82.450), Loss: 0.006(0.437), LR: 0.000091
[GPU cuda:0][TRAIN] Epoch: [10][200/3100], Elapsed 1m 5s (remain 15m 42s), Accuracy: 100.000(82.836), Loss: 0.107(0.438), LR: 0.000090
[GPU cuda:0][TRAIN] Epoch: [10][250/3100], Elapsed 1m 21s (remain 15m 24s), Accuracy: 75.000(82.171), Loss: 0.422(0.449), LR: 0.000090
[GPU cuda:0][TRAIN] Epoch: [10][300/3100], Elapsed 1m 37s (remain 15m 7s), Accuracy: 100.000(82.558), Loss: 0.163(0.443), LR: 0.000090
[GPU cuda:0][TRAIN] Epoch: [10][350/3100], Elapsed 1m 53s (remain 14m 50s), Accuracy: 75.000(82.621), Loss: 0.737(0.441), LR: 0.000089
[GPU cuda:0][TRAIN] Epoch: [10][400/3100], Elapsed 2m 9s (remain 14m 32s), Accuracy: 75.000(82.045), Loss: 0.463(0.453), LR: 0.000089
[GPU cuda:0][TRAIN] Epoch: [10][450/3100], Elapsed 2m 25s (remain 14m 16s), Accuracy: 100.000(82.373), Loss: 0.100(0.443), LR: 0.000088
[GPU cuda:0][TRAIN] Epoch: [10][500/3100], Elapsed 2m 41s (remain 13m 59s), Accuracy: 75.000(82.635), Loss: 0.517(0.439), LR: 0.000088
[GPU cuda:0][TRAIN] Epoch: [10][550/3100], Elapsed 2m 58s (remain 13m 43s), Accuracy: 75.000(83.076), Loss: 0.619(0.433), LR: 0.000088
[GPU cuda:0][TRAIN] Epoch: [10][600/3100], Elapsed 3m 14s (remain 13m 27s), Accuracy: 75.000(83.236), Loss: 0.409(0.430), LR: 0.000087
[GPU cuda:0][TRAIN] Epoch: [10][650/3100], Elapsed 3m 30s (remain 13m 10s), Accuracy: 100.000(82.949), Loss: 0.003(0.435), LR: 0.000087
[GPU cuda:0][TRAIN] Epoch: [10][700/3100], Elapsed 3m 46s (remain 12m 54s), Accuracy: 100.000(83.024), Loss: 0.318(0.439), LR: 0.000087
[GPU cuda:0][TRAIN] Epoch: [10][750/3100], Elapsed 4m 2s (remain 12m 37s), Accuracy: 100.000(83.123), Loss: 0.032(0.439), LR: 0.000086
[GPU cuda:0][TRAIN] Epoch: [10][800/3100], Elapsed 4m 18s (remain 12m 21s), Accuracy: 75.000(83.084), Loss: 0.400(0.439), LR: 0.000086
[GPU cuda:0][TRAIN] Epoch: [10][850/3100], Elapsed 4m 34s (remain 12m 5s), Accuracy: 100.000(83.108), Loss: 0.025(0.438), LR: 0.000086
[GPU cuda:0][TRAIN] Epoch: [10][900/3100], Elapsed 4m 50s (remain 11m 49s), Accuracy: 75.000(82.991), Loss: 0.455(0.441), LR: 0.000085
[GPU cuda:0][TRAIN] Epoch: [10][950/3100], Elapsed 5m 6s (remain 11m 32s), Accuracy: 75.000(83.254), Loss: 0.222(0.438), LR: 0.000085
[GPU cuda:0][TRAIN] Epoch: [10][1000/3100], Elapsed 5m 22s (remain 11m 16s), Accuracy: 75.000(83.492), Loss: 0.257(0.432), LR: 0.000085
[GPU cuda:0][TRAIN] Epoch: [10][1050/3100], Elapsed 5m 38s (remain 11m 0s), Accuracy: 100.000(83.539), Loss: 0.042(0.427), LR: 0.000084
[GPU cuda:0][TRAIN] Epoch: [10][1100/3100], Elapsed 5m 54s (remain 10m 43s), Accuracy: 50.000(83.538), Loss: 1.125(0.428), LR: 0.000084
[GPU cuda:0][TRAIN] Epoch: [10][1150/3100], Elapsed 6m 9s (remain 10m 26s), Accuracy: 100.000(83.623), Loss: 0.014(0.428), LR: 0.000083
[GPU cuda:0][TRAIN] Epoch: [10][1200/3100], Elapsed 6m 25s (remain 10m 9s), Accuracy: 100.000(83.722), Loss: 0.016(0.425), LR: 0.000083
[GPU cuda:0][TRAIN] Epoch: [10][1250/3100], Elapsed 6m 42s (remain 9m 54s), Accuracy: 75.000(83.413), Loss: 0.614(0.427), LR: 0.000083
[GPU cuda:0][TRAIN] Epoch: [10][1300/3100], Elapsed 6m 58s (remain 9m 38s), Accuracy: 75.000(83.301), Loss: 0.608(0.429), LR: 0.000082
[GPU cuda:0][TRAIN] Epoch: [10][1350/3100], Elapsed 7m 14s (remain 9m 22s), Accuracy: 75.000(83.383), Loss: 0.539(0.426), LR: 0.000082
[GPU cuda:0][TRAIN] Epoch: [10][1400/3100], Elapsed 7m 31s (remain 9m 7s), Accuracy: 100.000(83.315), Loss: 0.160(0.426), LR: 0.000082
[GPU cuda:0][TRAIN] Epoch: [10][1450/3100], Elapsed 7m 47s (remain 8m 51s), Accuracy: 100.000(83.374), Loss: 0.180(0.424), LR: 0.000081
[GPU cuda:0][TRAIN] Epoch: [10][1500/3100], Elapsed 8m 3s (remain 8m 35s), Accuracy: 100.000(83.594), Loss: 0.268(0.419), LR: 0.000081
[GPU cuda:0][TRAIN] Epoch: [10][1550/3100], Elapsed 8m 20s (remain 8m 19s), Accuracy: 100.000(83.607), Loss: 0.015(0.419), LR: 0.000081
[GPU cuda:0][TRAIN] Epoch: [10][1600/3100], Elapsed 8m 36s (remain 8m 3s), Accuracy: 100.000(83.760), Loss: 0.045(0.417), LR: 0.000080
[GPU cuda:0][TRAIN] Epoch: [10][1650/3100], Elapsed 8m 52s (remain 7m 47s), Accuracy: 75.000(83.843), Loss: 0.439(0.414), LR: 0.000080
[GPU cuda:0][TRAIN] Epoch: [10][1700/3100], Elapsed 9m 8s (remain 7m 31s), Accuracy: 75.000(83.936), Loss: 0.404(0.412), LR: 0.000080
[GPU cuda:0][TRAIN] Epoch: [10][1750/3100], Elapsed 9m 25s (remain 7m 15s), Accuracy: 100.000(83.895), Loss: 0.111(0.412), LR: 0.000079
[GPU cuda:0][TRAIN] Epoch: [10][1800/3100], Elapsed 9m 40s (remain 6m 59s), Accuracy: 100.000(83.967), Loss: 0.003(0.410), LR: 0.000079
[GPU cuda:0][TRAIN] Epoch: [10][1850/3100], Elapsed 9m 57s (remain 6m 42s), Accuracy: 75.000(83.860), Loss: 0.277(0.412), LR: 0.000078
[GPU cuda:0][TRAIN] Epoch: [10][1900/3100], Elapsed 10m 13s (remain 6m 26s), Accuracy: 75.000(83.837), Loss: 0.365(0.412), LR: 0.000078
[GPU cuda:0][TRAIN] Epoch: [10][1950/3100], Elapsed 10m 29s (remain 6m 10s), Accuracy: 100.000(83.803), Loss: 0.053(0.413), LR: 0.000078
[GPU cuda:0][TRAIN] Epoch: [10][2000/3100], Elapsed 10m 45s (remain 5m 54s), Accuracy: 75.000(83.771), Loss: 0.525(0.413), LR: 0.000077
[GPU cuda:0][TRAIN] Epoch: [10][2050/3100], Elapsed 11m 1s (remain 5m 38s), Accuracy: 100.000(83.849), Loss: 0.284(0.412), LR: 0.000077
[GPU cuda:0][TRAIN] Epoch: [10][2100/3100], Elapsed 11m 17s (remain 5m 22s), Accuracy: 75.000(83.841), Loss: 1.681(0.412), LR: 0.000077
[GPU cuda:0][TRAIN] Epoch: [10][2150/3100], Elapsed 11m 33s (remain 5m 5s), Accuracy: 50.000(83.868), Loss: 0.964(0.412), LR: 0.000076
[GPU cuda:0][TRAIN] Epoch: [10][2200/3100], Elapsed 11m 49s (remain 4m 49s), Accuracy: 75.000(83.928), Loss: 0.522(0.412), LR: 0.000076
[GPU cuda:0][TRAIN] Epoch: [10][2250/3100], Elapsed 12m 5s (remain 4m 33s), Accuracy: 100.000(84.029), Loss: 0.072(0.409), LR: 0.000076
[GPU cuda:0][TRAIN] Epoch: [10][2300/3100], Elapsed 12m 21s (remain 4m 17s), Accuracy: 75.000(84.105), Loss: 0.344(0.407), LR: 0.000075
[GPU cuda:0][TRAIN] Epoch: [10][2350/3100], Elapsed 12m 37s (remain 4m 1s), Accuracy: 75.000(84.177), Loss: 0.606(0.407), LR: 0.000075
[GPU cuda:0][TRAIN] Epoch: [10][2400/3100], Elapsed 12m 53s (remain 3m 45s), Accuracy: 100.000(84.173), Loss: 0.447(0.407), LR: 0.000074
[GPU cuda:0][TRAIN] Epoch: [10][2450/3100], Elapsed 13m 9s (remain 3m 29s), Accuracy: 75.000(84.221), Loss: 0.938(0.406), LR: 0.000074
[GPU cuda:0][TRAIN] Epoch: [10][2500/3100], Elapsed 13m 26s (remain 3m 13s), Accuracy: 75.000(84.256), Loss: 0.272(0.404), LR: 0.000074
[GPU cuda:0][TRAIN] Epoch: [10][2550/3100], Elapsed 13m 42s (remain 2m 56s), Accuracy: 50.000(84.310), Loss: 0.574(0.403), LR: 0.000073
[GPU cuda:0][TRAIN] Epoch: [10][2600/3100], Elapsed 13m 58s (remain 2m 40s), Accuracy: 75.000(84.458), Loss: 0.615(0.399), LR: 0.000073
[GPU cuda:0][TRAIN] Epoch: [10][2650/3100], Elapsed 14m 14s (remain 2m 24s), Accuracy: 100.000(84.534), Loss: 0.321(0.397), LR: 0.000073
[GPU cuda:0][TRAIN] Epoch: [10][2700/3100], Elapsed 14m 30s (remain 2m 8s), Accuracy: 100.000(84.571), Loss: 0.097(0.395), LR: 0.000072
[GPU cuda:0][TRAIN] Epoch: [10][2750/3100], Elapsed 14m 46s (remain 1m 52s), Accuracy: 50.000(84.597), Loss: 0.532(0.394), LR: 0.000072
[GPU cuda:0][TRAIN] Epoch: [10][2800/3100], Elapsed 15m 2s (remain 1m 36s), Accuracy: 50.000(84.523), Loss: 0.693(0.396), LR: 0.000072
[GPU cuda:0][TRAIN] Epoch: [10][2850/3100], Elapsed 15m 18s (remain 1m 20s), Accuracy: 50.000(84.576), Loss: 1.387(0.395), LR: 0.000071
[GPU cuda:0][TRAIN] Epoch: [10][2900/3100], Elapsed 15m 34s (remain 1m 4s), Accuracy: 100.000(84.592), Loss: 0.110(0.395), LR: 0.000071
[GPU cuda:0][TRAIN] Epoch: [10][2950/3100], Elapsed 15m 50s (remain 0m 47s), Accuracy: 100.000(84.598), Loss: 0.199(0.394), LR: 0.000070
[GPU cuda:0][TRAIN] Epoch: [10][3000/3100], Elapsed 16m 6s (remain 0m 31s), Accuracy: 50.000(84.772), Loss: 0.672(0.391), LR: 0.000070
[GPU cuda:0][TRAIN] Epoch: [10][3050/3100], Elapsed 16m 21s (remain 0m 15s), Accuracy: 100.000(84.849), Loss: 0.037(0.389), LR: 0.000070
[GPU cuda:0][TRAIN] Epoch: [10][3099/3100], Elapsed 16m 37s (remain 0m 0s), Accuracy: 50.000(84.911), Loss: 2.403(0.388), LR: 0.000069
[GPU cuda:0][VALID][0/388], Elapsed 0m 0s (remain 3m 34s), Accuracy: 87.500(87.500), Batch Loss: 0.4479, Average Loss: 0.4479
[GPU cuda:0][VALID][50/388], Elapsed 0m 12s (remain 1m 20s), Accuracy: 62.500(74.510), Batch Loss: 1.1899, Average Loss: 0.8804
[GPU cuda:0][VALID][100/388], Elapsed 0m 23s (remain 1m 8s), Accuracy: 62.500(73.886), Batch Loss: 1.5839, Average Loss: 0.9257
[GPU cuda:0][VALID][150/388], Elapsed 0m 35s (remain 0m 55s), Accuracy: 75.000(72.268), Batch Loss: 1.3156, Average Loss: 0.9571
[GPU cuda:0][VALID][200/388], Elapsed 0m 47s (remain 0m 44s), Accuracy: 75.000(72.139), Batch Loss: 0.4119, Average Loss: 0.9351
[GPU cuda:0][VALID][250/388], Elapsed 0m 59s (remain 0m 32s), Accuracy: 62.500(71.962), Batch Loss: 0.9623, Average Loss: 0.9508
[GPU cuda:0][VALID][300/388], Elapsed 1m 10s (remain 0m 20s), Accuracy: 50.000(71.636), Batch Loss: 1.1854, Average Loss: 0.9682
[GPU cuda:0][VALID][350/388], Elapsed 1m 22s (remain 0m 8s), Accuracy: 75.000(72.080), Batch Loss: 0.8168, Average Loss: 0.9542
[GPU cuda:0][VALID][387/388], Elapsed 1m 31s (remain 0m 0s), Accuracy: 75.000(72.262), Batch Loss: 0.5821, Average Loss: 0.9434
Valid Labels Samples: [2 0 1 4 1 0 3 1 4 3]
Valid Predictions Samples: [2, 0, 1, 3, 1, 0, 3, 1, 3, 1]
Epoch 10 - Train Average Loss: 84.911, Valid Average Loss: 72.262, Epoch Time: 1091.563s
Epoch 10 - Accuracy: 0.723, Precision: 0.728, Recall: 0.723
Saved Best Model: 0.72
