[GPU 1]: Config File
{'id': 21, 'model_name': 'swin_large_patch4_window12_384_in22k', 'dropout': 0.5, 'size': 384, 'batch_size_t': 5, 'batch_size_v': 32, 'n_targets': 5, 'criterion': 'CrossEntropyLoss', 'gradient_accumulation_steps': 1, 'max_gradient_norm': None, 'optimizer': 'AdamW', 'scheduler': 'CosineAnnealingWarmRestarts', 'LR': 7e-06, 'T_0': 500, 'T_max': 10, 'T_mult': 5, 'min_lr': 1e-06, 'max_lr': 0.0001, 'no_batches': 'NA', 'warmup_epochs': 1, 'cosine_epochs': 14, 'epochs': 15, 'update_per_batch': True, 'num_workers': 4, 'n_folds': 5, 'train_transforms': [HorizontalFlip(always_apply=False, p=0.5), VerticalFlip(always_apply=False, p=0.5), RandomRotate90(always_apply=False, p=0.5)], 'valid_transforms': [], 'observations': None, 'use_swa': True, 'swa_lr': 0.01, 'swa_epoch': 0, 'use_sam': True, 'use_asam': True, 'asam_rho': 0.1, 'print_freq': 50, 'one_fold': True, 'use_apex': True, 'distributed_training': False, 'save_to_log': True}
================================================== Training Fold: 0 ==================================================
[GPU cuda:1][TRAIN] Epoch: [1][0/2480], Elapsed 0m 0s (remain 21m 4s), Accuracy: 0.000(0.000), Loss: 1.750(1.750), LR: 0.000007
[GPU cuda:1][TRAIN] Epoch: [1][50/2480], Elapsed 0m 14s (remain 11m 32s), Accuracy: 20.000(19.608), Loss: 1.539(1.643), LR: 0.000007
[GPU cuda:1][TRAIN] Epoch: [1][100/2480], Elapsed 0m 28s (remain 11m 15s), Accuracy: 60.000(23.168), Loss: 1.433(1.614), LR: 0.000006
[GPU cuda:1][TRAIN] Epoch: [1][150/2480], Elapsed 0m 42s (remain 11m 1s), Accuracy: 0.000(24.238), Loss: 1.640(1.607), LR: 0.000006
[GPU cuda:1][TRAIN] Epoch: [1][200/2480], Elapsed 0m 57s (remain 10m 47s), Accuracy: 0.000(24.776), Loss: 1.619(1.597), LR: 0.000005
[GPU cuda:1][TRAIN] Epoch: [1][250/2480], Elapsed 1m 11s (remain 10m 33s), Accuracy: 20.000(25.737), Loss: 1.465(1.582), LR: 0.000004
[GPU cuda:1][TRAIN] Epoch: [1][300/2480], Elapsed 1m 25s (remain 10m 19s), Accuracy: 0.000(27.043), Loss: 1.700(1.566), LR: 0.000003
[GPU cuda:1][TRAIN] Epoch: [1][350/2480], Elapsed 1m 39s (remain 10m 4s), Accuracy: 80.000(28.661), Loss: 1.163(1.549), LR: 0.000002
[GPU cuda:1][TRAIN] Epoch: [1][400/2480], Elapsed 1m 53s (remain 9m 50s), Accuracy: 60.000(29.975), Loss: 1.091(1.531), LR: 0.000002
[GPU cuda:1][TRAIN] Epoch: [1][450/2480], Elapsed 2m 8s (remain 9m 36s), Accuracy: 60.000(30.953), Loss: 1.200(1.513), LR: 0.000001
[GPU cuda:1][TRAIN] Epoch: [1][500/2480], Elapsed 2m 22s (remain 9m 21s), Accuracy: 20.000(32.056), Loss: 1.540(1.496), LR: 0.000007
[GPU cuda:1][TRAIN] Epoch: [1][550/2480], Elapsed 2m 36s (remain 9m 7s), Accuracy: 40.000(33.067), Loss: 1.170(1.482), LR: 0.000007
[GPU cuda:1][TRAIN] Epoch: [1][600/2480], Elapsed 2m 50s (remain 8m 53s), Accuracy: 100.000(34.176), Loss: 0.549(1.463), LR: 0.000007
[GPU cuda:1][TRAIN] Epoch: [1][650/2480], Elapsed 3m 4s (remain 8m 39s), Accuracy: 60.000(35.115), Loss: 0.843(1.444), LR: 0.000007
[GPU cuda:1][TRAIN] Epoch: [1][700/2480], Elapsed 3m 18s (remain 8m 24s), Accuracy: 60.000(36.006), Loss: 1.152(1.428), LR: 0.000007
[GPU cuda:1][TRAIN] Epoch: [1][750/2480], Elapsed 3m 33s (remain 8m 10s), Accuracy: 80.000(36.804), Loss: 1.071(1.412), LR: 0.000007
[GPU cuda:1][TRAIN] Epoch: [1][800/2480], Elapsed 3m 47s (remain 7m 56s), Accuracy: 40.000(37.928), Loss: 1.188(1.394), LR: 0.000007
[GPU cuda:1][TRAIN] Epoch: [1][850/2480], Elapsed 4m 1s (remain 7m 42s), Accuracy: 20.000(38.942), Loss: 1.500(1.372), LR: 0.000007
[GPU cuda:1][TRAIN] Epoch: [1][900/2480], Elapsed 4m 15s (remain 7m 27s), Accuracy: 80.000(39.778), Loss: 1.030(1.354), LR: 0.000007
[GPU cuda:1][TRAIN] Epoch: [1][950/2480], Elapsed 4m 29s (remain 7m 13s), Accuracy: 20.000(40.694), Loss: 1.183(1.337), LR: 0.000007
[GPU cuda:1][TRAIN] Epoch: [1][1000/2480], Elapsed 4m 43s (remain 6m 59s), Accuracy: 20.000(41.319), Loss: 1.751(1.322), LR: 0.000006
[GPU cuda:1][TRAIN] Epoch: [1][1050/2480], Elapsed 4m 58s (remain 6m 45s), Accuracy: 40.000(41.960), Loss: 1.299(1.309), LR: 0.000006
[GPU cuda:1][TRAIN] Epoch: [1][1100/2480], Elapsed 5m 12s (remain 6m 30s), Accuracy: 60.000(42.779), Loss: 0.989(1.293), LR: 0.000006
[GPU cuda:1][TRAIN] Epoch: [1][1150/2480], Elapsed 5m 26s (remain 6m 16s), Accuracy: 60.000(43.267), Loss: 0.942(1.279), LR: 0.000006
[GPU cuda:1][TRAIN] Epoch: [1][1200/2480], Elapsed 5m 40s (remain 6m 2s), Accuracy: 60.000(44.097), Loss: 1.166(1.263), LR: 0.000006
[GPU cuda:1][TRAIN] Epoch: [1][1250/2480], Elapsed 5m 54s (remain 5m 48s), Accuracy: 40.000(44.572), Loss: 0.921(1.253), LR: 0.000006
[GPU cuda:1][TRAIN] Epoch: [1][1300/2480], Elapsed 6m 8s (remain 5m 34s), Accuracy: 20.000(45.288), Loss: 1.565(1.239), LR: 0.000006
[GPU cuda:1][TRAIN] Epoch: [1][1350/2480], Elapsed 6m 22s (remain 5m 20s), Accuracy: 80.000(45.833), Loss: 0.608(1.228), LR: 0.000005
[GPU cuda:1][TRAIN] Epoch: [1][1400/2480], Elapsed 6m 37s (remain 5m 5s), Accuracy: 60.000(46.224), Loss: 0.951(1.220), LR: 0.000005
[GPU cuda:1][TRAIN] Epoch: [1][1450/2480], Elapsed 6m 51s (remain 4m 51s), Accuracy: 60.000(46.547), Loss: 0.925(1.212), LR: 0.000005
[GPU cuda:1][TRAIN] Epoch: [1][1500/2480], Elapsed 7m 5s (remain 4m 37s), Accuracy: 100.000(46.862), Loss: 0.237(1.204), LR: 0.000005
[GPU cuda:1][TRAIN] Epoch: [1][1550/2480], Elapsed 7m 19s (remain 4m 23s), Accuracy: 40.000(47.286), Loss: 1.018(1.195), LR: 0.000005
[GPU cuda:1][TRAIN] Epoch: [1][1600/2480], Elapsed 7m 33s (remain 4m 9s), Accuracy: 60.000(47.595), Loss: 1.045(1.188), LR: 0.000005
[GPU cuda:1][TRAIN] Epoch: [1][1650/2480], Elapsed 7m 48s (remain 3m 55s), Accuracy: 80.000(48.201), Loss: 0.340(1.176), LR: 0.000004
[GPU cuda:1][TRAIN] Epoch: [1][1700/2480], Elapsed 8m 2s (remain 3m 40s), Accuracy: 60.000(48.665), Loss: 0.723(1.167), LR: 0.000004
[GPU cuda:1][TRAIN] Epoch: [1][1750/2480], Elapsed 8m 16s (remain 3m 26s), Accuracy: 40.000(49.092), Loss: 1.433(1.159), LR: 0.000004
[GPU cuda:1][TRAIN] Epoch: [1][1800/2480], Elapsed 8m 30s (remain 3m 12s), Accuracy: 60.000(49.495), Loss: 1.244(1.151), LR: 0.000004
[GPU cuda:1][TRAIN] Epoch: [1][1850/2480], Elapsed 8m 44s (remain 2m 58s), Accuracy: 40.000(49.757), Loss: 1.253(1.144), LR: 0.000004
[GPU cuda:1][TRAIN] Epoch: [1][1900/2480], Elapsed 8m 58s (remain 2m 44s), Accuracy: 60.000(50.142), Loss: 0.609(1.136), LR: 0.000003
[GPU cuda:1][TRAIN] Epoch: [1][1950/2480], Elapsed 9m 13s (remain 2m 29s), Accuracy: 60.000(50.405), Loss: 0.862(1.133), LR: 0.000003
[GPU cuda:1][TRAIN] Epoch: [1][2000/2480], Elapsed 9m 27s (remain 2m 15s), Accuracy: 40.000(50.765), Loss: 0.920(1.125), LR: 0.000003
[GPU cuda:1][TRAIN] Epoch: [1][2050/2480], Elapsed 9m 41s (remain 2m 1s), Accuracy: 20.000(50.892), Loss: 1.689(1.121), LR: 0.000003
[GPU cuda:1][TRAIN] Epoch: [1][2100/2480], Elapsed 9m 55s (remain 1m 47s), Accuracy: 60.000(51.376), Loss: 0.815(1.112), LR: 0.000003
[GPU cuda:1][TRAIN] Epoch: [1][2150/2480], Elapsed 10m 9s (remain 1m 33s), Accuracy: 40.000(51.706), Loss: 1.270(1.106), LR: 0.000003
[GPU cuda:1][TRAIN] Epoch: [1][2200/2480], Elapsed 10m 23s (remain 1m 19s), Accuracy: 60.000(52.013), Loss: 0.668(1.099), LR: 0.000002
[GPU cuda:1][TRAIN] Epoch: [1][2250/2480], Elapsed 10m 37s (remain 1m 4s), Accuracy: 40.000(52.235), Loss: 1.158(1.095), LR: 0.000002
[GPU cuda:1][TRAIN] Epoch: [1][2300/2480], Elapsed 10m 52s (remain 0m 50s), Accuracy: 60.000(52.499), Loss: 0.790(1.089), LR: 0.000002
[GPU cuda:1][TRAIN] Epoch: [1][2350/2480], Elapsed 11m 6s (remain 0m 36s), Accuracy: 80.000(52.786), Loss: 0.809(1.085), LR: 0.000002
[GPU cuda:1][TRAIN] Epoch: [1][2400/2480], Elapsed 11m 20s (remain 0m 22s), Accuracy: 40.000(53.028), Loss: 1.058(1.080), LR: 0.000002
[GPU cuda:1][TRAIN] Epoch: [1][2450/2480], Elapsed 11m 34s (remain 0m 8s), Accuracy: 80.000(53.325), Loss: 0.649(1.074), LR: 0.000002
[GPU cuda:1][TRAIN] Epoch: [1][2479/2480], Elapsed 11m 42s (remain 0m 0s), Accuracy: 40.000(53.419), Loss: 1.795(1.072), LR: 0.000002
[GPU cuda:1][VALID][0/97], Elapsed 0m 1s (remain 2m 19s), Accuracy: 68.750(68.750), Batch Loss: 0.7414, Average Loss: 0.7414
[GPU cuda:1][VALID][50/97], Elapsed 0m 48s (remain 0m 43s), Accuracy: 65.625(68.995), Batch Loss: 0.6218, Average Loss: 0.7577
[GPU cuda:1][VALID][96/97], Elapsed 1m 32s (remain 0m 0s), Accuracy: 71.429(69.647), Batch Loss: 0.6807, Average Loss: 0.7592
Valid Labels Samples: [2 0 1 4 1 0 3 1 4 3]
Valid Predictions Samples: [2, 0, 1, 4, 1, 0, 3, 1, 3, 0]
Epoch 1 - Train Average Loss: 53.419, Valid Average Loss: 69.647, Epoch Time: 796.911s
Epoch 1 - Accuracy: 0.696, Precision: 0.709, Recall: 0.696
Saved Best Model: 0.70
[GPU cuda:1][TRAIN] Epoch: [2][0/2480], Elapsed 0m 0s (remain 25m 43s), Accuracy: 60.000(60.000), Loss: 1.267(1.267), LR: 0.000002
[GPU cuda:1][TRAIN] Epoch: [2][50/2480], Elapsed 0m 15s (remain 11m 54s), Accuracy: 60.000(68.235), Loss: 0.915(0.726), LR: 0.000002
[GPU cuda:1][TRAIN] Epoch: [2][100/2480], Elapsed 0m 29s (remain 11m 29s), Accuracy: 80.000(68.119), Loss: 0.826(0.749), LR: 0.000001
[GPU cuda:1][TRAIN] Epoch: [2][150/2480], Elapsed 0m 43s (remain 11m 11s), Accuracy: 40.000(67.947), Loss: 1.074(0.759), LR: 0.000001
[GPU cuda:1][TRAIN] Epoch: [2][200/2480], Elapsed 0m 57s (remain 10m 54s), Accuracy: 80.000(67.065), Loss: 0.553(0.791), LR: 0.000001
[GPU cuda:1][TRAIN] Epoch: [2][250/2480], Elapsed 1m 11s (remain 10m 38s), Accuracy: 80.000(67.251), Loss: 0.440(0.791), LR: 0.000001
[GPU cuda:1][TRAIN] Epoch: [2][300/2480], Elapsed 1m 26s (remain 10m 23s), Accuracy: 20.000(66.844), Loss: 1.500(0.792), LR: 0.000001
[GPU cuda:1][TRAIN] Epoch: [2][350/2480], Elapsed 1m 40s (remain 10m 8s), Accuracy: 80.000(66.667), Loss: 0.671(0.801), LR: 0.000001
[GPU cuda:1][TRAIN] Epoch: [2][400/2480], Elapsed 1m 54s (remain 9m 54s), Accuracy: 60.000(66.384), Loss: 0.761(0.804), LR: 0.000001
[GPU cuda:1][TRAIN] Epoch: [2][450/2480], Elapsed 2m 8s (remain 9m 39s), Accuracy: 60.000(66.341), Loss: 0.901(0.804), LR: 0.000001
[GPU cuda:1][TRAIN] Epoch: [2][500/2480], Elapsed 2m 22s (remain 9m 24s), Accuracy: 40.000(66.307), Loss: 1.120(0.803), LR: 0.000001
[GPU cuda:1][TRAIN] Epoch: [2][550/2480], Elapsed 2m 37s (remain 9m 10s), Accuracy: 100.000(66.207), Loss: 0.299(0.808), LR: 0.000007
[GPU cuda:1][TRAIN] Epoch: [2][600/2480], Elapsed 2m 51s (remain 8m 55s), Accuracy: 100.000(66.256), Loss: 0.097(0.812), LR: 0.000007
[GPU cuda:1][TRAIN] Epoch: [2][650/2480], Elapsed 3m 5s (remain 8m 41s), Accuracy: 100.000(66.206), Loss: 0.179(0.816), LR: 0.000007
[GPU cuda:1][TRAIN] Epoch: [2][700/2480], Elapsed 3m 19s (remain 8m 26s), Accuracy: 60.000(65.963), Loss: 0.815(0.822), LR: 0.000007
[GPU cuda:1][TRAIN] Epoch: [2][750/2480], Elapsed 3m 33s (remain 8m 12s), Accuracy: 80.000(65.992), Loss: 0.689(0.826), LR: 0.000007
[GPU cuda:1][TRAIN] Epoch: [2][800/2480], Elapsed 3m 48s (remain 7m 57s), Accuracy: 100.000(66.167), Loss: 0.367(0.823), LR: 0.000007
[GPU cuda:1][TRAIN] Epoch: [2][850/2480], Elapsed 4m 2s (remain 7m 43s), Accuracy: 40.000(66.204), Loss: 1.203(0.820), LR: 0.000007
[GPU cuda:1][TRAIN] Epoch: [2][900/2480], Elapsed 4m 16s (remain 7m 29s), Accuracy: 80.000(66.304), Loss: 1.070(0.817), LR: 0.000007
[GPU cuda:1][TRAIN] Epoch: [2][950/2480], Elapsed 4m 30s (remain 7m 14s), Accuracy: 60.000(66.414), Loss: 0.932(0.814), LR: 0.000007
[GPU cuda:1][TRAIN] Epoch: [2][1000/2480], Elapsed 4m 44s (remain 7m 0s), Accuracy: 80.000(66.414), Loss: 0.942(0.814), LR: 0.000007
[GPU cuda:1][TRAIN] Epoch: [2][1050/2480], Elapsed 4m 58s (remain 6m 46s), Accuracy: 40.000(66.318), Loss: 1.277(0.815), LR: 0.000007
[GPU cuda:1][TRAIN] Epoch: [2][1100/2480], Elapsed 5m 13s (remain 6m 32s), Accuracy: 80.000(66.322), Loss: 0.572(0.813), LR: 0.000007
[GPU cuda:1][TRAIN] Epoch: [2][1150/2480], Elapsed 5m 27s (remain 6m 17s), Accuracy: 80.000(66.238), Loss: 0.712(0.812), LR: 0.000007
[GPU cuda:1][TRAIN] Epoch: [2][1200/2480], Elapsed 5m 41s (remain 6m 3s), Accuracy: 80.000(66.361), Loss: 0.713(0.809), LR: 0.000007
[GPU cuda:1][TRAIN] Epoch: [2][1250/2480], Elapsed 5m 55s (remain 5m 49s), Accuracy: 40.000(66.203), Loss: 1.200(0.810), LR: 0.000007
[GPU cuda:1][TRAIN] Epoch: [2][1300/2480], Elapsed 6m 9s (remain 5m 35s), Accuracy: 60.000(66.287), Loss: 1.419(0.808), LR: 0.000007
[GPU cuda:1][TRAIN] Epoch: [2][1350/2480], Elapsed 6m 23s (remain 5m 20s), Accuracy: 100.000(66.292), Loss: 0.247(0.808), LR: 0.000007
[GPU cuda:1][TRAIN] Epoch: [2][1400/2480], Elapsed 6m 38s (remain 5m 6s), Accuracy: 100.000(66.381), Loss: 0.235(0.808), LR: 0.000007
[GPU cuda:1][TRAIN] Epoch: [2][1450/2480], Elapsed 6m 52s (remain 4m 52s), Accuracy: 80.000(66.478), Loss: 0.797(0.807), LR: 0.000007
[GPU cuda:1][TRAIN] Epoch: [2][1500/2480], Elapsed 7m 6s (remain 4m 38s), Accuracy: 100.000(66.356), Loss: 0.198(0.808), LR: 0.000007
[GPU cuda:1][TRAIN] Epoch: [2][1550/2480], Elapsed 7m 20s (remain 4m 23s), Accuracy: 60.000(66.215), Loss: 0.808(0.810), LR: 0.000007
[GPU cuda:1][TRAIN] Epoch: [2][1600/2480], Elapsed 7m 34s (remain 4m 9s), Accuracy: 100.000(66.221), Loss: 0.645(0.809), LR: 0.000007
[GPU cuda:1][TRAIN] Epoch: [2][1650/2480], Elapsed 7m 48s (remain 3m 55s), Accuracy: 100.000(66.408), Loss: 0.274(0.805), LR: 0.000007
[GPU cuda:1][TRAIN] Epoch: [2][1700/2480], Elapsed 8m 3s (remain 3m 41s), Accuracy: 40.000(66.384), Loss: 0.961(0.806), LR: 0.000007
[GPU cuda:1][TRAIN] Epoch: [2][1750/2480], Elapsed 8m 17s (remain 3m 27s), Accuracy: 60.000(66.396), Loss: 0.836(0.806), LR: 0.000007
[GPU cuda:1][TRAIN] Epoch: [2][1800/2480], Elapsed 8m 31s (remain 3m 12s), Accuracy: 80.000(66.474), Loss: 0.967(0.804), LR: 0.000007
[GPU cuda:1][TRAIN] Epoch: [2][1850/2480], Elapsed 8m 45s (remain 2m 58s), Accuracy: 40.000(66.451), Loss: 0.872(0.804), LR: 0.000007
[GPU cuda:1][TRAIN] Epoch: [2][1900/2480], Elapsed 8m 59s (remain 2m 44s), Accuracy: 60.000(66.428), Loss: 0.480(0.804), LR: 0.000007
[GPU cuda:1][TRAIN] Epoch: [2][1950/2480], Elapsed 9m 13s (remain 2m 30s), Accuracy: 60.000(66.274), Loss: 0.876(0.807), LR: 0.000007
[GPU cuda:1][TRAIN] Epoch: [2][2000/2480], Elapsed 9m 28s (remain 2m 15s), Accuracy: 60.000(66.417), Loss: 0.795(0.805), LR: 0.000007
[GPU cuda:1][TRAIN] Epoch: [2][2050/2480], Elapsed 9m 42s (remain 2m 1s), Accuracy: 40.000(66.309), Loss: 1.187(0.807), LR: 0.000007
[GPU cuda:1][TRAIN] Epoch: [2][2100/2480], Elapsed 9m 56s (remain 1m 47s), Accuracy: 80.000(66.406), Loss: 0.536(0.805), LR: 0.000007
[GPU cuda:1][TRAIN] Epoch: [2][2150/2480], Elapsed 10m 10s (remain 1m 33s), Accuracy: 60.000(66.453), Loss: 1.047(0.803), LR: 0.000007
[GPU cuda:1][TRAIN] Epoch: [2][2200/2480], Elapsed 10m 24s (remain 1m 19s), Accuracy: 60.000(66.542), Loss: 0.732(0.803), LR: 0.000007
[GPU cuda:1][TRAIN] Epoch: [2][2250/2480], Elapsed 10m 38s (remain 1m 5s), Accuracy: 60.000(66.486), Loss: 1.137(0.803), LR: 0.000007
[GPU cuda:1][TRAIN] Epoch: [2][2300/2480], Elapsed 10m 53s (remain 0m 50s), Accuracy: 80.000(66.510), Loss: 0.447(0.803), LR: 0.000007
[GPU cuda:1][TRAIN] Epoch: [2][2350/2480], Elapsed 11m 7s (remain 0m 36s), Accuracy: 80.000(66.457), Loss: 0.692(0.806), LR: 0.000007
[GPU cuda:1][TRAIN] Epoch: [2][2400/2480], Elapsed 11m 21s (remain 0m 22s), Accuracy: 60.000(66.514), Loss: 1.054(0.806), LR: 0.000007
[GPU cuda:1][TRAIN] Epoch: [2][2450/2480], Elapsed 11m 35s (remain 0m 8s), Accuracy: 100.000(66.561), Loss: 0.565(0.804), LR: 0.000007
[GPU cuda:1][TRAIN] Epoch: [2][2479/2480], Elapsed 11m 43s (remain 0m 0s), Accuracy: 40.000(66.532), Loss: 1.362(0.805), LR: 0.000007
[GPU cuda:1][VALID][0/97], Elapsed 0m 1s (remain 2m 11s), Accuracy: 71.875(71.875), Batch Loss: 0.7835, Average Loss: 0.7835
[GPU cuda:1][VALID][50/97], Elapsed 0m 48s (remain 0m 43s), Accuracy: 68.750(68.934), Batch Loss: 0.6450, Average Loss: 0.7329
[GPU cuda:1][VALID][96/97], Elapsed 1m 32s (remain 0m 0s), Accuracy: 75.000(68.396), Batch Loss: 0.5704, Average Loss: 0.7358
Valid Labels Samples: [2 0 1 4 1 0 3 1 4 3]
Valid Predictions Samples: [2, 0, 1, 4, 1, 0, 3, 1, 3, 0]
Epoch 2 - Train Average Loss: 66.532, Valid Average Loss: 68.396, Epoch Time: 798.112s
Epoch 2 - Accuracy: 0.684, Precision: 0.698, Recall: 0.684
[GPU cuda:1][TRAIN] Epoch: [3][0/2480], Elapsed 0m 0s (remain 26m 3s), Accuracy: 80.000(80.000), Loss: 1.063(1.063), LR: 0.000007
[GPU cuda:1][TRAIN] Epoch: [3][50/2480], Elapsed 0m 15s (remain 11m 54s), Accuracy: 60.000(71.765), Loss: 0.956(0.704), LR: 0.000007
[GPU cuda:1][TRAIN] Epoch: [3][100/2480], Elapsed 0m 29s (remain 11m 27s), Accuracy: 80.000(68.911), Loss: 0.895(0.748), LR: 0.000007
[GPU cuda:1][TRAIN] Epoch: [3][150/2480], Elapsed 0m 43s (remain 11m 9s), Accuracy: 40.000(68.609), Loss: 1.046(0.761), LR: 0.000007
[GPU cuda:1][TRAIN] Epoch: [3][200/2480], Elapsed 0m 57s (remain 10m 52s), Accuracy: 60.000(67.363), Loss: 0.709(0.786), LR: 0.000007
[GPU cuda:1][TRAIN] Epoch: [3][250/2480], Elapsed 1m 11s (remain 10m 37s), Accuracy: 60.000(67.171), Loss: 0.522(0.788), LR: 0.000007
[GPU cuda:1][TRAIN] Epoch: [3][300/2480], Elapsed 1m 25s (remain 10m 21s), Accuracy: 20.000(67.110), Loss: 1.468(0.790), LR: 0.000007
[GPU cuda:1][TRAIN] Epoch: [3][350/2480], Elapsed 1m 40s (remain 10m 6s), Accuracy: 80.000(66.553), Loss: 0.688(0.797), LR: 0.000007
[GPU cuda:1][TRAIN] Epoch: [3][400/2480], Elapsed 1m 54s (remain 9m 52s), Accuracy: 60.000(66.683), Loss: 0.780(0.793), LR: 0.000006
[GPU cuda:1][TRAIN] Epoch: [3][450/2480], Elapsed 2m 8s (remain 9m 37s), Accuracy: 40.000(66.918), Loss: 1.297(0.791), LR: 0.000006
[GPU cuda:1][TRAIN] Epoch: [3][500/2480], Elapsed 2m 22s (remain 9m 23s), Accuracy: 40.000(67.186), Loss: 1.035(0.784), LR: 0.000006
[GPU cuda:1][TRAIN] Epoch: [3][550/2480], Elapsed 2m 36s (remain 9m 8s), Accuracy: 100.000(67.114), Loss: 0.181(0.786), LR: 0.000006
[GPU cuda:1][TRAIN] Epoch: [3][600/2480], Elapsed 2m 50s (remain 8m 54s), Accuracy: 100.000(67.288), Loss: 0.172(0.788), LR: 0.000006
[GPU cuda:1][TRAIN] Epoch: [3][650/2480], Elapsed 3m 5s (remain 8m 39s), Accuracy: 100.000(67.435), Loss: 0.041(0.786), LR: 0.000006
[GPU cuda:1][TRAIN] Epoch: [3][700/2480], Elapsed 3m 19s (remain 8m 25s), Accuracy: 100.000(67.304), Loss: 0.489(0.789), LR: 0.000006
[GPU cuda:1][TRAIN] Epoch: [3][750/2480], Elapsed 3m 33s (remain 8m 11s), Accuracy: 80.000(67.244), Loss: 0.416(0.789), LR: 0.000006
[GPU cuda:1][TRAIN] Epoch: [3][800/2480], Elapsed 3m 47s (remain 7m 56s), Accuracy: 100.000(67.640), Loss: 0.221(0.781), LR: 0.000006
[GPU cuda:1][TRAIN] Epoch: [3][850/2480], Elapsed 4m 1s (remain 7m 42s), Accuracy: 40.000(67.967), Loss: 1.262(0.773), LR: 0.000006
[GPU cuda:1][TRAIN] Epoch: [3][900/2480], Elapsed 4m 15s (remain 7m 28s), Accuracy: 80.000(68.169), Loss: 1.005(0.769), LR: 0.000006
[GPU cuda:1][TRAIN] Epoch: [3][950/2480], Elapsed 4m 29s (remain 7m 13s), Accuracy: 60.000(68.223), Loss: 0.883(0.765), LR: 0.000006
[GPU cuda:1][TRAIN] Epoch: [3][1000/2480], Elapsed 4m 44s (remain 6m 59s), Accuracy: 60.000(68.312), Loss: 0.960(0.760), LR: 0.000006
[GPU cuda:1][TRAIN] Epoch: [3][1050/2480], Elapsed 4m 58s (remain 6m 45s), Accuracy: 60.000(68.373), Loss: 0.897(0.760), LR: 0.000006
[GPU cuda:1][TRAIN] Epoch: [3][1100/2480], Elapsed 5m 12s (remain 6m 31s), Accuracy: 80.000(68.520), Loss: 0.514(0.756), LR: 0.000006
[GPU cuda:1][TRAIN] Epoch: [3][1150/2480], Elapsed 5m 26s (remain 6m 17s), Accuracy: 80.000(68.636), Loss: 0.594(0.753), LR: 0.000006
[GPU cuda:1][TRAIN] Epoch: [3][1200/2480], Elapsed 5m 40s (remain 6m 2s), Accuracy: 100.000(68.743), Loss: 0.549(0.749), LR: 0.000006
[GPU cuda:1][TRAIN] Epoch: [3][1250/2480], Elapsed 5m 55s (remain 5m 48s), Accuracy: 60.000(68.633), Loss: 0.667(0.750), LR: 0.000006
[GPU cuda:1][TRAIN] Epoch: [3][1300/2480], Elapsed 6m 9s (remain 5m 34s), Accuracy: 80.000(68.809), Loss: 0.726(0.745), LR: 0.000006
[GPU cuda:1][TRAIN] Epoch: [3][1350/2480], Elapsed 6m 23s (remain 5m 20s), Accuracy: 100.000(69.030), Loss: 0.089(0.742), LR: 0.000006
[GPU cuda:1][TRAIN] Epoch: [3][1400/2480], Elapsed 6m 37s (remain 5m 6s), Accuracy: 100.000(69.108), Loss: 0.261(0.742), LR: 0.000006
[GPU cuda:1][TRAIN] Epoch: [3][1450/2480], Elapsed 6m 51s (remain 4m 52s), Accuracy: 100.000(69.318), Loss: 0.540(0.741), LR: 0.000006
[GPU cuda:1][TRAIN] Epoch: [3][1500/2480], Elapsed 7m 6s (remain 4m 37s), Accuracy: 100.000(69.300), Loss: 0.189(0.740), LR: 0.000006
[GPU cuda:1][TRAIN] Epoch: [3][1550/2480], Elapsed 7m 20s (remain 4m 23s), Accuracy: 100.000(69.246), Loss: 0.497(0.739), LR: 0.000006
[GPU cuda:1][TRAIN] Epoch: [3][1600/2480], Elapsed 7m 34s (remain 4m 9s), Accuracy: 80.000(69.344), Loss: 0.437(0.738), LR: 0.000006
[GPU cuda:1][TRAIN] Epoch: [3][1650/2480], Elapsed 7m 48s (remain 3m 55s), Accuracy: 80.000(69.534), Loss: 0.312(0.733), LR: 0.000006
[GPU cuda:1][TRAIN] Epoch: [3][1700/2480], Elapsed 8m 2s (remain 3m 41s), Accuracy: 80.000(69.606), Loss: 0.408(0.734), LR: 0.000006
[GPU cuda:1][TRAIN] Epoch: [3][1750/2480], Elapsed 8m 17s (remain 3m 27s), Accuracy: 60.000(69.663), Loss: 1.231(0.734), LR: 0.000006
[GPU cuda:1][TRAIN] Epoch: [3][1800/2480], Elapsed 8m 31s (remain 3m 12s), Accuracy: 60.000(69.684), Loss: 0.762(0.732), LR: 0.000006
[GPU cuda:1][TRAIN] Epoch: [3][1850/2480], Elapsed 8m 45s (remain 2m 58s), Accuracy: 60.000(69.616), Loss: 0.907(0.732), LR: 0.000006
[GPU cuda:1][TRAIN] Epoch: [3][1900/2480], Elapsed 8m 59s (remain 2m 44s), Accuracy: 60.000(69.669), Loss: 0.762(0.730), LR: 0.000006
[GPU cuda:1][TRAIN] Epoch: [3][1950/2480], Elapsed 9m 14s (remain 2m 30s), Accuracy: 60.000(69.564), Loss: 0.580(0.733), LR: 0.000006
[GPU cuda:1][TRAIN] Epoch: [3][2000/2480], Elapsed 9m 28s (remain 2m 16s), Accuracy: 60.000(69.605), Loss: 0.724(0.731), LR: 0.000006
[GPU cuda:1][TRAIN] Epoch: [3][2050/2480], Elapsed 9m 42s (remain 2m 1s), Accuracy: 60.000(69.459), Loss: 0.921(0.734), LR: 0.000006
[GPU cuda:1][TRAIN] Epoch: [3][2100/2480], Elapsed 9m 56s (remain 1m 47s), Accuracy: 100.000(69.672), Loss: 0.208(0.731), LR: 0.000006
[GPU cuda:1][TRAIN] Epoch: [3][2150/2480], Elapsed 10m 11s (remain 1m 33s), Accuracy: 80.000(69.735), Loss: 0.740(0.729), LR: 0.000006
[GPU cuda:1][TRAIN] Epoch: [3][2200/2480], Elapsed 10m 25s (remain 1m 19s), Accuracy: 80.000(69.859), Loss: 0.533(0.727), LR: 0.000006
[GPU cuda:1][TRAIN] Epoch: [3][2250/2480], Elapsed 10m 39s (remain 1m 5s), Accuracy: 40.000(69.800), Loss: 0.823(0.729), LR: 0.000005
[GPU cuda:1][TRAIN] Epoch: [3][2300/2480], Elapsed 10m 53s (remain 0m 50s), Accuracy: 80.000(69.839), Loss: 0.537(0.729), LR: 0.000005
[GPU cuda:1][TRAIN] Epoch: [3][2350/2480], Elapsed 11m 8s (remain 0m 36s), Accuracy: 100.000(69.809), Loss: 0.535(0.731), LR: 0.000005
[GPU cuda:1][TRAIN] Epoch: [3][2400/2480], Elapsed 11m 22s (remain 0m 22s), Accuracy: 60.000(69.888), Loss: 1.019(0.730), LR: 0.000005
[GPU cuda:1][TRAIN] Epoch: [3][2450/2480], Elapsed 11m 36s (remain 0m 8s), Accuracy: 80.000(69.955), Loss: 0.426(0.729), LR: 0.000005
[GPU cuda:1][TRAIN] Epoch: [3][2479/2480], Elapsed 11m 44s (remain 0m 0s), Accuracy: 40.000(69.968), Loss: 2.073(0.729), LR: 0.000005
[GPU cuda:1][VALID][0/97], Elapsed 0m 1s (remain 2m 18s), Accuracy: 75.000(75.000), Batch Loss: 0.7580, Average Loss: 0.7580
[GPU cuda:1][VALID][50/97], Elapsed 0m 48s (remain 0m 43s), Accuracy: 71.875(72.181), Batch Loss: 0.5778, Average Loss: 0.6750
[GPU cuda:1][VALID][96/97], Elapsed 1m 32s (remain 0m 0s), Accuracy: 85.714(72.372), Batch Loss: 0.4865, Average Loss: 0.6834
Valid Labels Samples: [2 0 1 4 1 0 3 1 4 3]
Valid Predictions Samples: [2, 0, 1, 4, 1, 0, 3, 1, 3, 0]
Epoch 3 - Train Average Loss: 69.968, Valid Average Loss: 72.372, Epoch Time: 799.680s
Epoch 3 - Accuracy: 0.724, Precision: 0.732, Recall: 0.724
Saved Best Model: 0.72
[GPU cuda:1][TRAIN] Epoch: [4][0/2480], Elapsed 0m 0s (remain 26m 0s), Accuracy: 80.000(80.000), Loss: 0.935(0.935), LR: 0.000005
[GPU cuda:1][TRAIN] Epoch: [4][50/2480], Elapsed 0m 15s (remain 11m 56s), Accuracy: 60.000(74.510), Loss: 0.961(0.621), LR: 0.000005
[GPU cuda:1][TRAIN] Epoch: [4][100/2480], Elapsed 0m 29s (remain 11m 29s), Accuracy: 80.000(72.871), Loss: 0.782(0.661), LR: 0.000005
[GPU cuda:1][TRAIN] Epoch: [4][150/2480], Elapsed 0m 43s (remain 11m 11s), Accuracy: 80.000(72.980), Loss: 0.791(0.665), LR: 0.000005
[GPU cuda:1][TRAIN] Epoch: [4][200/2480], Elapsed 0m 57s (remain 10m 54s), Accuracy: 60.000(71.642), Loss: 0.664(0.701), LR: 0.000005
[GPU cuda:1][TRAIN] Epoch: [4][250/2480], Elapsed 1m 11s (remain 10m 38s), Accuracy: 80.000(71.554), Loss: 0.210(0.700), LR: 0.000005
[GPU cuda:1][TRAIN] Epoch: [4][300/2480], Elapsed 1m 26s (remain 10m 23s), Accuracy: 20.000(71.628), Loss: 1.453(0.700), LR: 0.000005
[GPU cuda:1][TRAIN] Epoch: [4][350/2480], Elapsed 1m 40s (remain 10m 8s), Accuracy: 80.000(71.396), Loss: 0.706(0.708), LR: 0.000005
[GPU cuda:1][TRAIN] Epoch: [4][400/2480], Elapsed 1m 54s (remain 9m 53s), Accuracy: 60.000(71.421), Loss: 0.671(0.704), LR: 0.000005
[GPU cuda:1][TRAIN] Epoch: [4][450/2480], Elapsed 2m 8s (remain 9m 39s), Accuracy: 100.000(71.574), Loss: 0.588(0.703), LR: 0.000005
[GPU cuda:1][TRAIN] Epoch: [4][500/2480], Elapsed 2m 22s (remain 9m 24s), Accuracy: 40.000(71.936), Loss: 1.105(0.694), LR: 0.000005
[GPU cuda:1][TRAIN] Epoch: [4][550/2480], Elapsed 2m 37s (remain 9m 10s), Accuracy: 80.000(71.869), Loss: 0.268(0.695), LR: 0.000005
[GPU cuda:1][TRAIN] Epoch: [4][600/2480], Elapsed 2m 51s (remain 8m 55s), Accuracy: 100.000(72.113), Loss: 0.035(0.694), LR: 0.000005
[GPU cuda:1][TRAIN] Epoch: [4][650/2480], Elapsed 3m 5s (remain 8m 41s), Accuracy: 100.000(71.674), Loss: 0.060(0.696), LR: 0.000005
[GPU cuda:1][TRAIN] Epoch: [4][700/2480], Elapsed 3m 19s (remain 8m 26s), Accuracy: 100.000(71.469), Loss: 0.351(0.698), LR: 0.000005
[GPU cuda:1][TRAIN] Epoch: [4][750/2480], Elapsed 3m 33s (remain 8m 12s), Accuracy: 100.000(71.372), Loss: 0.141(0.700), LR: 0.000005
[GPU cuda:1][TRAIN] Epoch: [4][800/2480], Elapsed 3m 48s (remain 7m 58s), Accuracy: 100.000(71.760), Loss: 0.339(0.693), LR: 0.000005
[GPU cuda:1][TRAIN] Epoch: [4][850/2480], Elapsed 4m 2s (remain 7m 43s), Accuracy: 60.000(71.962), Loss: 0.701(0.686), LR: 0.000005
[GPU cuda:1][TRAIN] Epoch: [4][900/2480], Elapsed 4m 16s (remain 7m 29s), Accuracy: 60.000(72.075), Loss: 1.099(0.682), LR: 0.000005
[GPU cuda:1][TRAIN] Epoch: [4][950/2480], Elapsed 4m 30s (remain 7m 15s), Accuracy: 80.000(72.429), Loss: 0.777(0.676), LR: 0.000005
[GPU cuda:1][TRAIN] Epoch: [4][1000/2480], Elapsed 4m 44s (remain 7m 0s), Accuracy: 80.000(72.527), Loss: 0.787(0.676), LR: 0.000005
[GPU cuda:1][TRAIN] Epoch: [4][1050/2480], Elapsed 4m 59s (remain 6m 46s), Accuracy: 60.000(72.636), Loss: 0.846(0.675), LR: 0.000005
[GPU cuda:1][TRAIN] Epoch: [4][1100/2480], Elapsed 5m 13s (remain 6m 32s), Accuracy: 100.000(72.679), Loss: 0.398(0.672), LR: 0.000005
[GPU cuda:1][TRAIN] Epoch: [4][1150/2480], Elapsed 5m 27s (remain 6m 18s), Accuracy: 60.000(72.615), Loss: 0.779(0.671), LR: 0.000004
[GPU cuda:1][TRAIN] Epoch: [4][1200/2480], Elapsed 5m 41s (remain 6m 3s), Accuracy: 80.000(72.789), Loss: 0.697(0.667), LR: 0.000004
[GPU cuda:1][TRAIN] Epoch: [4][1250/2480], Elapsed 5m 55s (remain 5m 49s), Accuracy: 40.000(72.534), Loss: 0.909(0.670), LR: 0.000004
[GPU cuda:1][TRAIN] Epoch: [4][1300/2480], Elapsed 6m 9s (remain 5m 35s), Accuracy: 80.000(72.713), Loss: 0.718(0.666), LR: 0.000004
[GPU cuda:1][TRAIN] Epoch: [4][1350/2480], Elapsed 6m 24s (remain 5m 21s), Accuracy: 100.000(72.731), Loss: 0.108(0.664), LR: 0.000004
[GPU cuda:1][TRAIN] Epoch: [4][1400/2480], Elapsed 6m 38s (remain 5m 6s), Accuracy: 80.000(72.591), Loss: 0.353(0.666), LR: 0.000004
[GPU cuda:1][TRAIN] Epoch: [4][1450/2480], Elapsed 6m 52s (remain 4m 52s), Accuracy: 100.000(72.819), Loss: 0.330(0.664), LR: 0.000004
[GPU cuda:1][TRAIN] Epoch: [4][1500/2480], Elapsed 7m 6s (remain 4m 38s), Accuracy: 80.000(72.765), Loss: 0.265(0.663), LR: 0.000004
[GPU cuda:1][TRAIN] Epoch: [4][1550/2480], Elapsed 7m 20s (remain 4m 24s), Accuracy: 100.000(72.753), Loss: 0.388(0.663), LR: 0.000004
[GPU cuda:1][TRAIN] Epoch: [4][1600/2480], Elapsed 7m 35s (remain 4m 9s), Accuracy: 100.000(72.804), Loss: 0.304(0.662), LR: 0.000004
[GPU cuda:1][TRAIN] Epoch: [4][1650/2480], Elapsed 7m 49s (remain 3m 55s), Accuracy: 100.000(73.047), Loss: 0.254(0.656), LR: 0.000004
[GPU cuda:1][TRAIN] Epoch: [4][1700/2480], Elapsed 8m 3s (remain 3m 41s), Accuracy: 80.000(73.098), Loss: 0.343(0.658), LR: 0.000004
[GPU cuda:1][TRAIN] Epoch: [4][1750/2480], Elapsed 8m 17s (remain 3m 27s), Accuracy: 60.000(73.181), Loss: 0.739(0.656), LR: 0.000004
[GPU cuda:1][TRAIN] Epoch: [4][1800/2480], Elapsed 8m 31s (remain 3m 12s), Accuracy: 80.000(73.348), Loss: 0.252(0.653), LR: 0.000004
[GPU cuda:1][TRAIN] Epoch: [4][1850/2480], Elapsed 8m 45s (remain 2m 58s), Accuracy: 60.000(73.387), Loss: 0.733(0.654), LR: 0.000004
[GPU cuda:1][TRAIN] Epoch: [4][1900/2480], Elapsed 9m 0s (remain 2m 44s), Accuracy: 60.000(73.414), Loss: 0.729(0.653), LR: 0.000004
[GPU cuda:1][TRAIN] Epoch: [4][1950/2480], Elapsed 9m 14s (remain 2m 30s), Accuracy: 80.000(73.398), Loss: 0.470(0.654), LR: 0.000004
[GPU cuda:1][TRAIN] Epoch: [4][2000/2480], Elapsed 9m 28s (remain 2m 16s), Accuracy: 80.000(73.493), Loss: 0.720(0.653), LR: 0.000004
[GPU cuda:1][TRAIN] Epoch: [4][2050/2480], Elapsed 9m 42s (remain 2m 1s), Accuracy: 60.000(73.545), Loss: 0.861(0.652), LR: 0.000004
[GPU cuda:1][TRAIN] Epoch: [4][2100/2480], Elapsed 9m 56s (remain 1m 47s), Accuracy: 80.000(73.679), Loss: 0.284(0.649), LR: 0.000004
[GPU cuda:1][TRAIN] Epoch: [4][2150/2480], Elapsed 10m 11s (remain 1m 33s), Accuracy: 80.000(73.798), Loss: 0.600(0.647), LR: 0.000004
[GPU cuda:1][TRAIN] Epoch: [4][2200/2480], Elapsed 10m 25s (remain 1m 19s), Accuracy: 80.000(73.866), Loss: 0.484(0.645), LR: 0.000004
[GPU cuda:1][TRAIN] Epoch: [4][2250/2480], Elapsed 10m 39s (remain 1m 5s), Accuracy: 60.000(73.789), Loss: 1.041(0.646), LR: 0.000004
[GPU cuda:1][TRAIN] Epoch: [4][2300/2480], Elapsed 10m 53s (remain 0m 50s), Accuracy: 80.000(73.794), Loss: 0.453(0.646), LR: 0.000004
[GPU cuda:1][TRAIN] Epoch: [4][2350/2480], Elapsed 11m 7s (remain 0m 36s), Accuracy: 80.000(73.747), Loss: 0.584(0.647), LR: 0.000004
[GPU cuda:1][TRAIN] Epoch: [4][2400/2480], Elapsed 11m 21s (remain 0m 22s), Accuracy: 60.000(73.828), Loss: 0.876(0.646), LR: 0.000004
[GPU cuda:1][TRAIN] Epoch: [4][2450/2480], Elapsed 11m 36s (remain 0m 8s), Accuracy: 100.000(73.921), Loss: 0.364(0.645), LR: 0.000004
[GPU cuda:1][TRAIN] Epoch: [4][2479/2480], Elapsed 11m 44s (remain 0m 0s), Accuracy: 40.000(73.960), Loss: 2.093(0.645), LR: 0.000003
[GPU cuda:1][VALID][0/97], Elapsed 0m 1s (remain 2m 21s), Accuracy: 75.000(75.000), Batch Loss: 0.7521, Average Loss: 0.7521
[GPU cuda:1][VALID][50/97], Elapsed 0m 48s (remain 0m 43s), Accuracy: 71.875(72.243), Batch Loss: 0.4794, Average Loss: 0.7080
[GPU cuda:1][VALID][96/97], Elapsed 1m 32s (remain 0m 0s), Accuracy: 85.714(72.404), Batch Loss: 0.4788, Average Loss: 0.7199
Valid Labels Samples: [2 0 1 4 1 0 3 1 4 3]
Valid Predictions Samples: [2, 0, 1, 3, 1, 0, 3, 1, 3, 0]
Epoch 4 - Train Average Loss: 73.960, Valid Average Loss: 72.404, Epoch Time: 798.744s
Epoch 4 - Accuracy: 0.724, Precision: 0.731, Recall: 0.724
Saved Best Model: 0.72
[GPU cuda:1][TRAIN] Epoch: [5][0/2480], Elapsed 0m 0s (remain 25m 56s), Accuracy: 80.000(80.000), Loss: 0.681(0.681), LR: 0.000003
[GPU cuda:1][TRAIN] Epoch: [5][50/2480], Elapsed 0m 15s (remain 11m 55s), Accuracy: 60.000(76.078), Loss: 0.826(0.532), LR: 0.000003
[GPU cuda:1][TRAIN] Epoch: [5][100/2480], Elapsed 0m 29s (remain 11m 28s), Accuracy: 80.000(75.644), Loss: 0.663(0.569), LR: 0.000003
[GPU cuda:1][TRAIN] Epoch: [5][150/2480], Elapsed 0m 43s (remain 11m 9s), Accuracy: 40.000(74.305), Loss: 0.961(0.583), LR: 0.000003
[GPU cuda:1][TRAIN] Epoch: [5][200/2480], Elapsed 0m 57s (remain 10m 53s), Accuracy: 60.000(73.632), Loss: 0.564(0.614), LR: 0.000003
[GPU cuda:1][TRAIN] Epoch: [5][250/2480], Elapsed 1m 11s (remain 10m 37s), Accuracy: 80.000(74.422), Loss: 0.229(0.610), LR: 0.000003
[GPU cuda:1][TRAIN] Epoch: [5][300/2480], Elapsed 1m 25s (remain 10m 22s), Accuracy: 20.000(74.352), Loss: 1.386(0.611), LR: 0.000003
[GPU cuda:1][TRAIN] Epoch: [5][350/2480], Elapsed 1m 40s (remain 10m 7s), Accuracy: 80.000(73.561), Loss: 0.683(0.626), LR: 0.000003
[GPU cuda:1][TRAIN] Epoch: [5][400/2480], Elapsed 1m 54s (remain 9m 52s), Accuracy: 60.000(74.165), Loss: 0.592(0.622), LR: 0.000003
[GPU cuda:1][TRAIN] Epoch: [5][450/2480], Elapsed 2m 8s (remain 9m 37s), Accuracy: 80.000(74.279), Loss: 0.538(0.621), LR: 0.000003
[GPU cuda:1][TRAIN] Epoch: [5][500/2480], Elapsed 2m 22s (remain 9m 23s), Accuracy: 40.000(74.371), Loss: 1.001(0.617), LR: 0.000003
[GPU cuda:1][TRAIN] Epoch: [5][550/2480], Elapsed 2m 36s (remain 9m 8s), Accuracy: 100.000(74.555), Loss: 0.104(0.615), LR: 0.000003
[GPU cuda:1][TRAIN] Epoch: [5][600/2480], Elapsed 2m 50s (remain 8m 54s), Accuracy: 100.000(74.476), Loss: 0.054(0.619), LR: 0.000003
[GPU cuda:1][TRAIN] Epoch: [5][650/2480], Elapsed 3m 5s (remain 8m 39s), Accuracy: 100.000(74.409), Loss: 0.029(0.620), LR: 0.000003
[GPU cuda:1][TRAIN] Epoch: [5][700/2480], Elapsed 3m 19s (remain 8m 25s), Accuracy: 80.000(74.265), Loss: 0.317(0.625), LR: 0.000003
[GPU cuda:1][TRAIN] Epoch: [5][750/2480], Elapsed 3m 33s (remain 8m 11s), Accuracy: 100.000(74.141), Loss: 0.107(0.626), LR: 0.000003
[GPU cuda:1][TRAIN] Epoch: [5][800/2480], Elapsed 3m 47s (remain 7m 56s), Accuracy: 100.000(74.307), Loss: 0.271(0.622), LR: 0.000003
[GPU cuda:1][TRAIN] Epoch: [5][850/2480], Elapsed 4m 1s (remain 7m 42s), Accuracy: 60.000(74.689), Loss: 0.787(0.615), LR: 0.000003
[GPU cuda:1][TRAIN] Epoch: [5][900/2480], Elapsed 4m 15s (remain 7m 28s), Accuracy: 80.000(74.872), Loss: 0.853(0.611), LR: 0.000003
[GPU cuda:1][TRAIN] Epoch: [5][950/2480], Elapsed 4m 30s (remain 7m 14s), Accuracy: 80.000(75.163), Loss: 0.676(0.606), LR: 0.000003
[GPU cuda:1][TRAIN] Epoch: [5][1000/2480], Elapsed 4m 44s (remain 6m 59s), Accuracy: 80.000(75.145), Loss: 0.806(0.605), LR: 0.000003
[GPU cuda:1][TRAIN] Epoch: [5][1050/2480], Elapsed 4m 58s (remain 6m 45s), Accuracy: 40.000(75.243), Loss: 0.840(0.604), LR: 0.000003
[GPU cuda:1][TRAIN] Epoch: [5][1100/2480], Elapsed 5m 12s (remain 6m 31s), Accuracy: 100.000(75.350), Loss: 0.407(0.601), LR: 0.000003
[GPU cuda:1][TRAIN] Epoch: [5][1150/2480], Elapsed 5m 26s (remain 6m 17s), Accuracy: 100.000(75.413), Loss: 0.240(0.598), LR: 0.000003
[GPU cuda:1][TRAIN] Epoch: [5][1200/2480], Elapsed 5m 40s (remain 6m 3s), Accuracy: 100.000(75.670), Loss: 0.306(0.593), LR: 0.000003
[GPU cuda:1][TRAIN] Epoch: [5][1250/2480], Elapsed 5m 55s (remain 5m 48s), Accuracy: 40.000(75.635), Loss: 0.803(0.595), LR: 0.000003
[GPU cuda:1][TRAIN] Epoch: [5][1300/2480], Elapsed 6m 9s (remain 5m 34s), Accuracy: 80.000(75.772), Loss: 0.452(0.592), LR: 0.000003
[GPU cuda:1][TRAIN] Epoch: [5][1350/2480], Elapsed 6m 23s (remain 5m 20s), Accuracy: 100.000(75.914), Loss: 0.064(0.588), LR: 0.000003
[GPU cuda:1][TRAIN] Epoch: [5][1400/2480], Elapsed 6m 37s (remain 5m 6s), Accuracy: 100.000(75.931), Loss: 0.211(0.588), LR: 0.000003
[GPU cuda:1][TRAIN] Epoch: [5][1450/2480], Elapsed 6m 51s (remain 4m 52s), Accuracy: 100.000(76.058), Loss: 0.290(0.586), LR: 0.000002
[GPU cuda:1][TRAIN] Epoch: [5][1500/2480], Elapsed 7m 6s (remain 4m 37s), Accuracy: 80.000(76.109), Loss: 0.281(0.586), LR: 0.000002
[GPU cuda:1][TRAIN] Epoch: [5][1550/2480], Elapsed 7m 20s (remain 4m 23s), Accuracy: 60.000(76.106), Loss: 0.721(0.586), LR: 0.000002
[GPU cuda:1][TRAIN] Epoch: [5][1600/2480], Elapsed 7m 34s (remain 4m 9s), Accuracy: 80.000(76.140), Loss: 0.290(0.585), LR: 0.000002
[GPU cuda:1][TRAIN] Epoch: [5][1650/2480], Elapsed 7m 48s (remain 3m 55s), Accuracy: 100.000(76.354), Loss: 0.206(0.581), LR: 0.000002
[GPU cuda:1][TRAIN] Epoch: [5][1700/2480], Elapsed 8m 3s (remain 3m 41s), Accuracy: 80.000(76.320), Loss: 0.361(0.582), LR: 0.000002
[GPU cuda:1][TRAIN] Epoch: [5][1750/2480], Elapsed 8m 17s (remain 3m 27s), Accuracy: 60.000(76.448), Loss: 0.797(0.581), LR: 0.000002
[GPU cuda:1][TRAIN] Epoch: [5][1800/2480], Elapsed 8m 31s (remain 3m 12s), Accuracy: 100.000(76.524), Loss: 0.300(0.580), LR: 0.000002
[GPU cuda:1][TRAIN] Epoch: [5][1850/2480], Elapsed 8m 45s (remain 2m 58s), Accuracy: 60.000(76.532), Loss: 0.627(0.579), LR: 0.000002
[GPU cuda:1][TRAIN] Epoch: [5][1900/2480], Elapsed 9m 0s (remain 2m 44s), Accuracy: 60.000(76.560), Loss: 0.626(0.577), LR: 0.000002
[GPU cuda:1][TRAIN] Epoch: [5][1950/2480], Elapsed 9m 14s (remain 2m 30s), Accuracy: 100.000(76.402), Loss: 0.165(0.579), LR: 0.000002
[GPU cuda:1][TRAIN] Epoch: [5][2000/2480], Elapsed 9m 28s (remain 2m 16s), Accuracy: 60.000(76.392), Loss: 0.620(0.578), LR: 0.000002
[GPU cuda:1][TRAIN] Epoch: [5][2050/2480], Elapsed 9m 42s (remain 2m 1s), Accuracy: 40.000(76.373), Loss: 1.152(0.578), LR: 0.000002
[GPU cuda:1][TRAIN] Epoch: [5][2100/2480], Elapsed 9m 56s (remain 1m 47s), Accuracy: 80.000(76.564), Loss: 0.409(0.575), LR: 0.000002
[GPU cuda:1][TRAIN] Epoch: [5][2150/2480], Elapsed 10m 11s (remain 1m 33s), Accuracy: 80.000(76.569), Loss: 0.467(0.574), LR: 0.000002
[GPU cuda:1][TRAIN] Epoch: [5][2200/2480], Elapsed 10m 25s (remain 1m 19s), Accuracy: 60.000(76.665), Loss: 0.676(0.573), LR: 0.000002
[GPU cuda:1][TRAIN] Epoch: [5][2250/2480], Elapsed 10m 39s (remain 1m 5s), Accuracy: 60.000(76.597), Loss: 0.875(0.574), LR: 0.000002
[GPU cuda:1][TRAIN] Epoch: [5][2300/2480], Elapsed 10m 53s (remain 0m 50s), Accuracy: 80.000(76.567), Loss: 0.546(0.575), LR: 0.000002
[GPU cuda:1][TRAIN] Epoch: [5][2350/2480], Elapsed 11m 8s (remain 0m 36s), Accuracy: 100.000(76.580), Loss: 0.427(0.576), LR: 0.000002
[GPU cuda:1][TRAIN] Epoch: [5][2400/2480], Elapsed 11m 22s (remain 0m 22s), Accuracy: 60.000(76.685), Loss: 0.768(0.575), LR: 0.000002
[GPU cuda:1][TRAIN] Epoch: [5][2450/2480], Elapsed 11m 36s (remain 0m 8s), Accuracy: 100.000(76.720), Loss: 0.375(0.575), LR: 0.000002
[GPU cuda:1][TRAIN] Epoch: [5][2479/2480], Elapsed 11m 44s (remain 0m 0s), Accuracy: 40.000(76.734), Loss: 1.773(0.574), LR: 0.000002
[GPU cuda:1][VALID][0/97], Elapsed 0m 1s (remain 2m 14s), Accuracy: 71.875(71.875), Batch Loss: 0.8390, Average Loss: 0.8390
[GPU cuda:1][VALID][50/97], Elapsed 0m 48s (remain 0m 43s), Accuracy: 71.875(73.284), Batch Loss: 0.4959, Average Loss: 0.6880
[GPU cuda:1][VALID][96/97], Elapsed 1m 32s (remain 0m 0s), Accuracy: 85.714(73.242), Batch Loss: 0.3775, Average Loss: 0.6978
Valid Labels Samples: [2 0 1 4 1 0 3 1 4 3]
Valid Predictions Samples: [2, 0, 1, 3, 1, 0, 3, 1, 3, 0]
Epoch 5 - Train Average Loss: 76.734, Valid Average Loss: 73.242, Epoch Time: 799.379s
Epoch 5 - Accuracy: 0.732, Precision: 0.736, Recall: 0.732
Saved Best Model: 0.73
[GPU cuda:1][TRAIN] Epoch: [6][0/2480], Elapsed 0m 0s (remain 25m 35s), Accuracy: 80.000(80.000), Loss: 0.549(0.549), LR: 0.000002
[GPU cuda:1][TRAIN] Epoch: [6][50/2480], Elapsed 0m 15s (remain 11m 56s), Accuracy: 60.000(80.000), Loss: 0.823(0.464), LR: 0.000002
[GPU cuda:1][TRAIN] Epoch: [6][100/2480], Elapsed 0m 29s (remain 11m 30s), Accuracy: 60.000(78.416), Loss: 1.044(0.503), LR: 0.000002
[GPU cuda:1][TRAIN] Epoch: [6][150/2480], Elapsed 0m 43s (remain 11m 11s), Accuracy: 80.000(78.411), Loss: 0.769(0.516), LR: 0.000002
[GPU cuda:1][TRAIN] Epoch: [6][200/2480], Elapsed 0m 57s (remain 10m 55s), Accuracy: 80.000(77.413), Loss: 0.478(0.536), LR: 0.000002
[GPU cuda:1][TRAIN] Epoch: [6][250/2480], Elapsed 1m 12s (remain 10m 39s), Accuracy: 100.000(78.088), Loss: 0.074(0.535), LR: 0.000002
[GPU cuda:1][TRAIN] Epoch: [6][300/2480], Elapsed 1m 26s (remain 10m 24s), Accuracy: 40.000(77.807), Loss: 1.183(0.541), LR: 0.000002
[GPU cuda:1][TRAIN] Epoch: [6][350/2480], Elapsed 1m 40s (remain 10m 9s), Accuracy: 80.000(77.664), Loss: 0.501(0.550), LR: 0.000002
[GPU cuda:1][TRAIN] Epoch: [6][400/2480], Elapsed 1m 54s (remain 9m 54s), Accuracy: 100.000(77.706), Loss: 0.401(0.551), LR: 0.000002
[GPU cuda:1][TRAIN] Epoch: [6][450/2480], Elapsed 2m 8s (remain 9m 40s), Accuracy: 60.000(77.605), Loss: 0.753(0.556), LR: 0.000002
[GPU cuda:1][TRAIN] Epoch: [6][500/2480], Elapsed 2m 23s (remain 9m 25s), Accuracy: 40.000(77.645), Loss: 0.911(0.551), LR: 0.000002
[GPU cuda:1][TRAIN] Epoch: [6][550/2480], Elapsed 2m 37s (remain 9m 11s), Accuracy: 100.000(77.604), Loss: 0.042(0.556), LR: 0.000002
[GPU cuda:1][TRAIN] Epoch: [6][600/2480], Elapsed 2m 51s (remain 8m 56s), Accuracy: 100.000(77.304), Loss: 0.018(0.562), LR: 0.000002
[GPU cuda:1][TRAIN] Epoch: [6][650/2480], Elapsed 3m 5s (remain 8m 42s), Accuracy: 100.000(77.174), Loss: 0.019(0.563), LR: 0.000002
[GPU cuda:1][TRAIN] Epoch: [6][700/2480], Elapsed 3m 20s (remain 8m 27s), Accuracy: 80.000(77.061), Loss: 0.257(0.567), LR: 0.000002
[GPU cuda:1][TRAIN] Epoch: [6][750/2480], Elapsed 3m 34s (remain 8m 13s), Accuracy: 100.000(77.071), Loss: 0.095(0.567), LR: 0.000002
[GPU cuda:1][TRAIN] Epoch: [6][800/2480], Elapsed 3m 48s (remain 7m 58s), Accuracy: 80.000(77.154), Loss: 0.336(0.565), LR: 0.000001
[GPU cuda:1][TRAIN] Epoch: [6][850/2480], Elapsed 4m 2s (remain 7m 44s), Accuracy: 60.000(77.415), Loss: 0.685(0.558), LR: 0.000001
[GPU cuda:1][TRAIN] Epoch: [6][900/2480], Elapsed 4m 16s (remain 7m 30s), Accuracy: 80.000(77.558), Loss: 0.770(0.556), LR: 0.000001
[GPU cuda:1][TRAIN] Epoch: [6][950/2480], Elapsed 4m 30s (remain 7m 15s), Accuracy: 80.000(77.771), Loss: 0.684(0.552), LR: 0.000001
[GPU cuda:1][TRAIN] Epoch: [6][1000/2480], Elapsed 4m 45s (remain 7m 1s), Accuracy: 60.000(77.742), Loss: 1.033(0.553), LR: 0.000001
[GPU cuda:1][TRAIN] Epoch: [6][1050/2480], Elapsed 4m 59s (remain 6m 47s), Accuracy: 80.000(77.831), Loss: 0.695(0.551), LR: 0.000001
[GPU cuda:1][TRAIN] Epoch: [6][1100/2480], Elapsed 5m 13s (remain 6m 32s), Accuracy: 80.000(77.965), Loss: 0.386(0.548), LR: 0.000001
[GPU cuda:1][TRAIN] Epoch: [6][1150/2480], Elapsed 5m 27s (remain 6m 18s), Accuracy: 100.000(78.071), Loss: 0.270(0.546), LR: 0.000001
[GPU cuda:1][TRAIN] Epoch: [6][1200/2480], Elapsed 5m 41s (remain 6m 4s), Accuracy: 100.000(78.285), Loss: 0.299(0.540), LR: 0.000001
[GPU cuda:1][TRAIN] Epoch: [6][1250/2480], Elapsed 5m 56s (remain 5m 49s), Accuracy: 60.000(78.257), Loss: 0.808(0.541), LR: 0.000001
[GPU cuda:1][TRAIN] Epoch: [6][1300/2480], Elapsed 6m 10s (remain 5m 35s), Accuracy: 80.000(78.324), Loss: 0.675(0.538), LR: 0.000001
[GPU cuda:1][TRAIN] Epoch: [6][1350/2480], Elapsed 6m 24s (remain 5m 21s), Accuracy: 100.000(78.475), Loss: 0.064(0.534), LR: 0.000001
[GPU cuda:1][TRAIN] Epoch: [6][1400/2480], Elapsed 6m 38s (remain 5m 6s), Accuracy: 100.000(78.387), Loss: 0.210(0.536), LR: 0.000001
[GPU cuda:1][TRAIN] Epoch: [6][1450/2480], Elapsed 6m 52s (remain 4m 52s), Accuracy: 100.000(78.594), Loss: 0.323(0.533), LR: 0.000001
[GPU cuda:1][TRAIN] Epoch: [6][1500/2480], Elapsed 7m 6s (remain 4m 38s), Accuracy: 100.000(78.574), Loss: 0.115(0.534), LR: 0.000001
[GPU cuda:1][TRAIN] Epoch: [6][1550/2480], Elapsed 7m 21s (remain 4m 24s), Accuracy: 100.000(78.530), Loss: 0.152(0.533), LR: 0.000001
[GPU cuda:1][TRAIN] Epoch: [6][1600/2480], Elapsed 7m 35s (remain 4m 9s), Accuracy: 80.000(78.551), Loss: 0.290(0.533), LR: 0.000001
[GPU cuda:1][TRAIN] Epoch: [6][1650/2480], Elapsed 7m 49s (remain 3m 55s), Accuracy: 100.000(78.789), Loss: 0.237(0.529), LR: 0.000001
[GPU cuda:1][TRAIN] Epoch: [6][1700/2480], Elapsed 8m 3s (remain 3m 41s), Accuracy: 80.000(78.742), Loss: 0.310(0.530), LR: 0.000001
[GPU cuda:1][TRAIN] Epoch: [6][1750/2480], Elapsed 8m 17s (remain 3m 27s), Accuracy: 60.000(78.789), Loss: 1.172(0.530), LR: 0.000001
[GPU cuda:1][TRAIN] Epoch: [6][1800/2480], Elapsed 8m 31s (remain 3m 12s), Accuracy: 100.000(78.845), Loss: 0.179(0.527), LR: 0.000001
[GPU cuda:1][TRAIN] Epoch: [6][1850/2480], Elapsed 8m 46s (remain 2m 58s), Accuracy: 60.000(78.855), Loss: 0.770(0.527), LR: 0.000001
[GPU cuda:1][TRAIN] Epoch: [6][1900/2480], Elapsed 9m 0s (remain 2m 44s), Accuracy: 60.000(78.979), Loss: 0.684(0.525), LR: 0.000001
[GPU cuda:1][TRAIN] Epoch: [6][1950/2480], Elapsed 9m 14s (remain 2m 30s), Accuracy: 100.000(78.883), Loss: 0.107(0.527), LR: 0.000001
[GPU cuda:1][TRAIN] Epoch: [6][2000/2480], Elapsed 9m 28s (remain 2m 16s), Accuracy: 60.000(78.871), Loss: 0.640(0.527), LR: 0.000001
[GPU cuda:1][TRAIN] Epoch: [6][2050/2480], Elapsed 9m 42s (remain 2m 1s), Accuracy: 40.000(78.879), Loss: 0.953(0.526), LR: 0.000001
[GPU cuda:1][TRAIN] Epoch: [6][2100/2480], Elapsed 9m 56s (remain 1m 47s), Accuracy: 100.000(79.096), Loss: 0.151(0.523), LR: 0.000001
[GPU cuda:1][TRAIN] Epoch: [6][2150/2480], Elapsed 10m 10s (remain 1m 33s), Accuracy: 60.000(79.098), Loss: 0.593(0.522), LR: 0.000001
[GPU cuda:1][TRAIN] Epoch: [6][2200/2480], Elapsed 10m 25s (remain 1m 19s), Accuracy: 80.000(79.209), Loss: 0.482(0.521), LR: 0.000001
[GPU cuda:1][TRAIN] Epoch: [6][2250/2480], Elapsed 10m 39s (remain 1m 5s), Accuracy: 60.000(79.094), Loss: 0.966(0.523), LR: 0.000001
[GPU cuda:1][TRAIN] Epoch: [6][2300/2480], Elapsed 10m 53s (remain 0m 50s), Accuracy: 80.000(79.000), Loss: 0.510(0.524), LR: 0.000001
[GPU cuda:1][TRAIN] Epoch: [6][2350/2480], Elapsed 11m 7s (remain 0m 36s), Accuracy: 100.000(78.996), Loss: 0.287(0.526), LR: 0.000001
[GPU cuda:1][TRAIN] Epoch: [6][2400/2480], Elapsed 11m 21s (remain 0m 22s), Accuracy: 60.000(79.059), Loss: 0.623(0.526), LR: 0.000001
[GPU cuda:1][TRAIN] Epoch: [6][2450/2480], Elapsed 11m 36s (remain 0m 8s), Accuracy: 80.000(79.127), Loss: 0.504(0.525), LR: 0.000001
[GPU cuda:1][TRAIN] Epoch: [6][2479/2480], Elapsed 11m 44s (remain 0m 0s), Accuracy: 40.000(79.097), Loss: 1.392(0.525), LR: 0.000001
[GPU cuda:1][VALID][0/97], Elapsed 0m 1s (remain 2m 16s), Accuracy: 68.750(68.750), Batch Loss: 0.9475, Average Loss: 0.9475
[GPU cuda:1][VALID][50/97], Elapsed 0m 48s (remain 0m 43s), Accuracy: 78.125(73.407), Batch Loss: 0.4552, Average Loss: 0.6853
[GPU cuda:1][VALID][96/97], Elapsed 1m 32s (remain 0m 0s), Accuracy: 75.000(73.196), Batch Loss: 0.3724, Average Loss: 0.6993
Valid Labels Samples: [2 0 1 4 1 0 3 1 4 3]
Valid Predictions Samples: [2, 0, 1, 3, 1, 0, 3, 1, 3, 0]
Epoch 6 - Train Average Loss: 79.097, Valid Average Loss: 73.196, Epoch Time: 799.148s
Epoch 6 - Accuracy: 0.732, Precision: 0.738, Recall: 0.732
[GPU cuda:1][TRAIN] Epoch: [7][0/2480], Elapsed 0m 0s (remain 26m 27s), Accuracy: 100.000(100.000), Loss: 0.332(0.332), LR: 0.000001
[GPU cuda:1][TRAIN] Epoch: [7][50/2480], Elapsed 0m 15s (remain 11m 58s), Accuracy: 60.000(81.569), Loss: 0.808(0.431), LR: 0.000001
[GPU cuda:1][TRAIN] Epoch: [7][100/2480], Elapsed 0m 29s (remain 11m 31s), Accuracy: 80.000(79.802), Loss: 0.642(0.466), LR: 0.000001
[GPU cuda:1][TRAIN] Epoch: [7][150/2480], Elapsed 0m 43s (remain 11m 13s), Accuracy: 80.000(79.470), Loss: 0.593(0.485), LR: 0.000001
[GPU cuda:1][TRAIN] Epoch: [7][200/2480], Elapsed 0m 57s (remain 10m 56s), Accuracy: 80.000(78.607), Loss: 0.455(0.517), LR: 0.000001
[GPU cuda:1][TRAIN] Epoch: [7][250/2480], Elapsed 1m 12s (remain 10m 40s), Accuracy: 100.000(78.884), Loss: 0.039(0.516), LR: 0.000001
[GPU cuda:1][TRAIN] Epoch: [7][300/2480], Elapsed 1m 26s (remain 10m 25s), Accuracy: 40.000(78.738), Loss: 1.196(0.521), LR: 0.000001
[GPU cuda:1][TRAIN] Epoch: [7][350/2480], Elapsed 1m 40s (remain 10m 10s), Accuracy: 80.000(78.689), Loss: 0.436(0.530), LR: 0.000001
[GPU cuda:1][TRAIN] Epoch: [7][400/2480], Elapsed 1m 54s (remain 9m 55s), Accuracy: 80.000(78.554), Loss: 0.432(0.529), LR: 0.000001
[GPU cuda:1][TRAIN] Epoch: [7][450/2480], Elapsed 2m 9s (remain 9m 41s), Accuracy: 80.000(78.714), Loss: 0.398(0.531), LR: 0.000001
[GPU cuda:1][TRAIN] Epoch: [7][500/2480], Elapsed 2m 23s (remain 9m 26s), Accuracy: 60.000(78.922), Loss: 0.776(0.526), LR: 0.000001
[GPU cuda:1][TRAIN] Epoch: [7][550/2480], Elapsed 2m 37s (remain 9m 12s), Accuracy: 100.000(78.947), Loss: 0.045(0.527), LR: 0.000001
[GPU cuda:1][TRAIN] Epoch: [7][600/2480], Elapsed 2m 51s (remain 8m 57s), Accuracy: 100.000(78.769), Loss: 0.016(0.533), LR: 0.000001
[GPU cuda:1][TRAIN] Epoch: [7][650/2480], Elapsed 3m 6s (remain 8m 43s), Accuracy: 100.000(78.372), Loss: 0.038(0.536), LR: 0.000007
[GPU cuda:1][TRAIN] Epoch: [7][700/2480], Elapsed 3m 20s (remain 8m 28s), Accuracy: 80.000(78.088), Loss: 0.592(0.543), LR: 0.000007
[GPU cuda:1][TRAIN] Epoch: [7][750/2480], Elapsed 3m 34s (remain 8m 14s), Accuracy: 100.000(77.896), Loss: 0.198(0.546), LR: 0.000007
[GPU cuda:1][TRAIN] Epoch: [7][800/2480], Elapsed 3m 48s (remain 7m 59s), Accuracy: 80.000(77.703), Loss: 0.363(0.550), LR: 0.000007
[GPU cuda:1][TRAIN] Epoch: [7][850/2480], Elapsed 4m 3s (remain 7m 45s), Accuracy: 60.000(77.955), Loss: 0.646(0.547), LR: 0.000007
[GPU cuda:1][TRAIN] Epoch: [7][900/2480], Elapsed 4m 17s (remain 7m 31s), Accuracy: 80.000(78.202), Loss: 0.876(0.544), LR: 0.000007
[GPU cuda:1][TRAIN] Epoch: [7][950/2480], Elapsed 4m 31s (remain 7m 16s), Accuracy: 80.000(78.486), Loss: 0.625(0.540), LR: 0.000007
[GPU cuda:1][TRAIN] Epoch: [7][1000/2480], Elapsed 4m 45s (remain 7m 2s), Accuracy: 60.000(78.382), Loss: 0.971(0.543), LR: 0.000007
[GPU cuda:1][TRAIN] Epoch: [7][1050/2480], Elapsed 5m 0s (remain 6m 48s), Accuracy: 40.000(78.344), Loss: 1.044(0.543), LR: 0.000007
[GPU cuda:1][TRAIN] Epoch: [7][1100/2480], Elapsed 5m 14s (remain 6m 33s), Accuracy: 80.000(78.274), Loss: 0.429(0.544), LR: 0.000007
[GPU cuda:1][TRAIN] Epoch: [7][1150/2480], Elapsed 5m 28s (remain 6m 19s), Accuracy: 80.000(78.158), Loss: 0.610(0.544), LR: 0.000007
[GPU cuda:1][TRAIN] Epoch: [7][1200/2480], Elapsed 5m 43s (remain 6m 5s), Accuracy: 100.000(78.168), Loss: 0.253(0.543), LR: 0.000007
[GPU cuda:1][TRAIN] Epoch: [7][1250/2480], Elapsed 5m 57s (remain 5m 51s), Accuracy: 60.000(78.050), Loss: 0.648(0.547), LR: 0.000007
[GPU cuda:1][TRAIN] Epoch: [7][1300/2480], Elapsed 6m 11s (remain 5m 36s), Accuracy: 80.000(78.125), Loss: 0.656(0.546), LR: 0.000007
[GPU cuda:1][TRAIN] Epoch: [7][1350/2480], Elapsed 6m 26s (remain 5m 22s), Accuracy: 100.000(78.031), Loss: 0.125(0.546), LR: 0.000007
[GPU cuda:1][TRAIN] Epoch: [7][1400/2480], Elapsed 6m 40s (remain 5m 8s), Accuracy: 100.000(77.930), Loss: 0.253(0.550), LR: 0.000007
[GPU cuda:1][TRAIN] Epoch: [7][1450/2480], Elapsed 6m 54s (remain 4m 54s), Accuracy: 100.000(78.070), Loss: 0.193(0.548), LR: 0.000007
[GPU cuda:1][TRAIN] Epoch: [7][1500/2480], Elapsed 7m 8s (remain 4m 39s), Accuracy: 100.000(77.975), Loss: 0.131(0.549), LR: 0.000007
[GPU cuda:1][TRAIN] Epoch: [7][1550/2480], Elapsed 7m 23s (remain 4m 25s), Accuracy: 100.000(77.911), Loss: 0.314(0.550), LR: 0.000007
[GPU cuda:1][TRAIN] Epoch: [7][1600/2480], Elapsed 7m 37s (remain 4m 11s), Accuracy: 100.000(77.939), Loss: 0.334(0.550), LR: 0.000007
[GPU cuda:1][TRAIN] Epoch: [7][1650/2480], Elapsed 7m 51s (remain 3m 56s), Accuracy: 100.000(78.025), Loss: 0.206(0.547), LR: 0.000007
[GPU cuda:1][TRAIN] Epoch: [7][1700/2480], Elapsed 8m 6s (remain 3m 42s), Accuracy: 100.000(77.966), Loss: 0.314(0.549), LR: 0.000007
[GPU cuda:1][TRAIN] Epoch: [7][1750/2480], Elapsed 8m 20s (remain 3m 28s), Accuracy: 80.000(77.944), Loss: 0.762(0.549), LR: 0.000007
[GPU cuda:1][TRAIN] Epoch: [7][1800/2480], Elapsed 8m 34s (remain 3m 14s), Accuracy: 100.000(77.957), Loss: 0.292(0.548), LR: 0.000007
[GPU cuda:1][TRAIN] Epoch: [7][1850/2480], Elapsed 8m 48s (remain 2m 59s), Accuracy: 100.000(77.979), Loss: 0.457(0.550), LR: 0.000007
[GPU cuda:1][TRAIN] Epoch: [7][1900/2480], Elapsed 9m 3s (remain 2m 45s), Accuracy: 60.000(78.012), Loss: 0.645(0.549), LR: 0.000007
[GPU cuda:1][TRAIN] Epoch: [7][1950/2480], Elapsed 9m 17s (remain 2m 31s), Accuracy: 80.000(77.868), Loss: 0.398(0.552), LR: 0.000007
[GPU cuda:1][TRAIN] Epoch: [7][2000/2480], Elapsed 9m 31s (remain 2m 16s), Accuracy: 60.000(77.851), Loss: 0.733(0.552), LR: 0.000007
[GPU cuda:1][TRAIN] Epoch: [7][2050/2480], Elapsed 9m 46s (remain 2m 2s), Accuracy: 40.000(77.679), Loss: 1.031(0.556), LR: 0.000007
[GPU cuda:1][TRAIN] Epoch: [7][2100/2480], Elapsed 10m 0s (remain 1m 48s), Accuracy: 80.000(77.763), Loss: 0.414(0.554), LR: 0.000007
[GPU cuda:1][TRAIN] Epoch: [7][2150/2480], Elapsed 10m 14s (remain 1m 34s), Accuracy: 60.000(77.759), Loss: 0.481(0.553), LR: 0.000007
[GPU cuda:1][TRAIN] Epoch: [7][2200/2480], Elapsed 10m 28s (remain 1m 19s), Accuracy: 80.000(77.792), Loss: 0.381(0.552), LR: 0.000007
[GPU cuda:1][TRAIN] Epoch: [7][2250/2480], Elapsed 10m 43s (remain 1m 5s), Accuracy: 60.000(77.557), Loss: 1.089(0.556), LR: 0.000007
[GPU cuda:1][TRAIN] Epoch: [7][2300/2480], Elapsed 10m 57s (remain 0m 51s), Accuracy: 60.000(77.497), Loss: 0.776(0.557), LR: 0.000007
[GPU cuda:1][TRAIN] Epoch: [7][2350/2480], Elapsed 11m 11s (remain 0m 36s), Accuracy: 100.000(77.422), Loss: 0.334(0.560), LR: 0.000007
[GPU cuda:1][TRAIN] Epoch: [7][2400/2480], Elapsed 11m 25s (remain 0m 22s), Accuracy: 80.000(77.501), Loss: 0.805(0.560), LR: 0.000007
[GPU cuda:1][TRAIN] Epoch: [7][2450/2480], Elapsed 11m 39s (remain 0m 8s), Accuracy: 100.000(77.568), Loss: 0.302(0.559), LR: 0.000007
[GPU cuda:1][TRAIN] Epoch: [7][2479/2480], Elapsed 11m 48s (remain 0m 0s), Accuracy: 40.000(77.508), Loss: 2.267(0.561), LR: 0.000007
[GPU cuda:1][VALID][0/97], Elapsed 0m 1s (remain 2m 12s), Accuracy: 65.625(65.625), Batch Loss: 1.0020, Average Loss: 1.0020
[GPU cuda:1][VALID][50/97], Elapsed 0m 48s (remain 0m 44s), Accuracy: 78.125(71.507), Batch Loss: 0.6008, Average Loss: 0.7576
[GPU cuda:1][VALID][96/97], Elapsed 1m 32s (remain 0m 0s), Accuracy: 82.143(71.433), Batch Loss: 0.4353, Average Loss: 0.7686
Valid Labels Samples: [2 0 1 4 1 0 3 1 4 3]
Valid Predictions Samples: [2, 0, 1, 3, 1, 1, 3, 1, 2, 0]
Epoch 7 - Train Average Loss: 77.508, Valid Average Loss: 71.433, Epoch Time: 803.169s
Epoch 7 - Accuracy: 0.714, Precision: 0.718, Recall: 0.714
[GPU cuda:1][TRAIN] Epoch: [8][0/2480], Elapsed 0m 0s (remain 26m 44s), Accuracy: 100.000(100.000), Loss: 0.436(0.436), LR: 0.000007
[GPU cuda:1][TRAIN] Epoch: [8][50/2480], Elapsed 0m 15s (remain 11m 58s), Accuracy: 60.000(81.569), Loss: 0.852(0.471), LR: 0.000007
[GPU cuda:1][TRAIN] Epoch: [8][100/2480], Elapsed 0m 29s (remain 11m 31s), Accuracy: 60.000(79.406), Loss: 1.103(0.507), LR: 0.000007
[GPU cuda:1][TRAIN] Epoch: [8][150/2480], Elapsed 0m 43s (remain 11m 12s), Accuracy: 60.000(77.881), Loss: 0.829(0.535), LR: 0.000007
[GPU cuda:1][TRAIN] Epoch: [8][200/2480], Elapsed 0m 57s (remain 10m 55s), Accuracy: 60.000(75.721), Loss: 0.795(0.587), LR: 0.000007
[GPU cuda:1][TRAIN] Epoch: [8][250/2480], Elapsed 1m 12s (remain 10m 40s), Accuracy: 100.000(76.335), Loss: 0.085(0.582), LR: 0.000007
[GPU cuda:1][TRAIN] Epoch: [8][300/2480], Elapsed 1m 26s (remain 10m 24s), Accuracy: 20.000(75.681), Loss: 1.486(0.592), LR: 0.000007
[GPU cuda:1][TRAIN] Epoch: [8][350/2480], Elapsed 1m 40s (remain 10m 9s), Accuracy: 80.000(75.442), Loss: 0.541(0.605), LR: 0.000007
[GPU cuda:1][TRAIN] Epoch: [8][400/2480], Elapsed 1m 54s (remain 9m 54s), Accuracy: 80.000(75.362), Loss: 0.504(0.599), LR: 0.000007
[GPU cuda:1][TRAIN] Epoch: [8][450/2480], Elapsed 2m 8s (remain 9m 39s), Accuracy: 80.000(75.344), Loss: 0.456(0.601), LR: 0.000007
[GPU cuda:1][TRAIN] Epoch: [8][500/2480], Elapsed 2m 23s (remain 9m 25s), Accuracy: 40.000(75.409), Loss: 1.074(0.600), LR: 0.000007
[GPU cuda:1][TRAIN] Epoch: [8][550/2480], Elapsed 2m 37s (remain 9m 10s), Accuracy: 100.000(75.354), Loss: 0.115(0.603), LR: 0.000007
[GPU cuda:1][TRAIN] Epoch: [8][600/2480], Elapsed 2m 51s (remain 8m 56s), Accuracy: 100.000(75.441), Loss: 0.010(0.606), LR: 0.000007
[GPU cuda:1][TRAIN] Epoch: [8][650/2480], Elapsed 3m 5s (remain 8m 41s), Accuracy: 100.000(75.330), Loss: 0.012(0.606), LR: 0.000007
[GPU cuda:1][TRAIN] Epoch: [8][700/2480], Elapsed 3m 19s (remain 8m 27s), Accuracy: 100.000(75.350), Loss: 0.188(0.606), LR: 0.000007
[GPU cuda:1][TRAIN] Epoch: [8][750/2480], Elapsed 3m 34s (remain 8m 12s), Accuracy: 100.000(75.340), Loss: 0.090(0.606), LR: 0.000007
[GPU cuda:1][TRAIN] Epoch: [8][800/2480], Elapsed 3m 48s (remain 7m 58s), Accuracy: 100.000(75.531), Loss: 0.200(0.600), LR: 0.000007
[GPU cuda:1][TRAIN] Epoch: [8][850/2480], Elapsed 4m 2s (remain 7m 44s), Accuracy: 60.000(75.887), Loss: 0.655(0.594), LR: 0.000007
[GPU cuda:1][TRAIN] Epoch: [8][900/2480], Elapsed 4m 16s (remain 7m 29s), Accuracy: 80.000(76.093), Loss: 0.618(0.589), LR: 0.000007
[GPU cuda:1][TRAIN] Epoch: [8][950/2480], Elapsed 4m 30s (remain 7m 15s), Accuracy: 80.000(76.172), Loss: 0.502(0.585), LR: 0.000007
[GPU cuda:1][TRAIN] Epoch: [8][1000/2480], Elapsed 4m 45s (remain 7m 1s), Accuracy: 60.000(76.224), Loss: 0.976(0.582), LR: 0.000007
[GPU cuda:1][TRAIN] Epoch: [8][1050/2480], Elapsed 4m 59s (remain 6m 47s), Accuracy: 60.000(76.384), Loss: 0.778(0.580), LR: 0.000007
[GPU cuda:1][TRAIN] Epoch: [8][1100/2480], Elapsed 5m 13s (remain 6m 32s), Accuracy: 100.000(76.658), Loss: 0.309(0.575), LR: 0.000007
[GPU cuda:1][TRAIN] Epoch: [8][1150/2480], Elapsed 5m 27s (remain 6m 18s), Accuracy: 100.000(76.768), Loss: 0.309(0.571), LR: 0.000007
[GPU cuda:1][TRAIN] Epoch: [8][1200/2480], Elapsed 5m 41s (remain 6m 4s), Accuracy: 100.000(76.886), Loss: 0.288(0.568), LR: 0.000007
[GPU cuda:1][TRAIN] Epoch: [8][1250/2480], Elapsed 5m 56s (remain 5m 49s), Accuracy: 40.000(76.675), Loss: 0.814(0.571), LR: 0.000007
[GPU cuda:1][TRAIN] Epoch: [8][1300/2480], Elapsed 6m 10s (remain 5m 35s), Accuracy: 60.000(76.741), Loss: 0.675(0.568), LR: 0.000007
[GPU cuda:1][TRAIN] Epoch: [8][1350/2480], Elapsed 6m 24s (remain 5m 21s), Accuracy: 100.000(77.084), Loss: 0.045(0.563), LR: 0.000007
[GPU cuda:1][TRAIN] Epoch: [8][1400/2480], Elapsed 6m 38s (remain 5m 7s), Accuracy: 100.000(77.159), Loss: 0.205(0.562), LR: 0.000007
[GPU cuda:1][TRAIN] Epoch: [8][1450/2480], Elapsed 6m 52s (remain 4m 52s), Accuracy: 100.000(77.395), Loss: 0.137(0.560), LR: 0.000007
[GPU cuda:1][TRAIN] Epoch: [8][1500/2480], Elapsed 7m 7s (remain 4m 38s), Accuracy: 100.000(77.442), Loss: 0.163(0.560), LR: 0.000007
[GPU cuda:1][TRAIN] Epoch: [8][1550/2480], Elapsed 7m 21s (remain 4m 24s), Accuracy: 80.000(77.357), Loss: 0.646(0.560), LR: 0.000007
[GPU cuda:1][TRAIN] Epoch: [8][1600/2480], Elapsed 7m 35s (remain 4m 10s), Accuracy: 80.000(77.352), Loss: 0.289(0.560), LR: 0.000007
[GPU cuda:1][TRAIN] Epoch: [8][1650/2480], Elapsed 7m 49s (remain 3m 55s), Accuracy: 80.000(77.553), Loss: 0.212(0.556), LR: 0.000007
[GPU cuda:1][TRAIN] Epoch: [8][1700/2480], Elapsed 8m 3s (remain 3m 41s), Accuracy: 100.000(77.531), Loss: 0.312(0.556), LR: 0.000007
[GPU cuda:1][TRAIN] Epoch: [8][1750/2480], Elapsed 8m 17s (remain 3m 27s), Accuracy: 60.000(77.579), Loss: 0.417(0.555), LR: 0.000007
[GPU cuda:1][TRAIN] Epoch: [8][1800/2480], Elapsed 8m 32s (remain 3m 13s), Accuracy: 80.000(77.712), Loss: 0.338(0.551), LR: 0.000007
[GPU cuda:1][TRAIN] Epoch: [8][1850/2480], Elapsed 8m 46s (remain 2m 58s), Accuracy: 80.000(77.720), Loss: 0.683(0.551), LR: 0.000007
[GPU cuda:1][TRAIN] Epoch: [8][1900/2480], Elapsed 9m 0s (remain 2m 44s), Accuracy: 60.000(77.759), Loss: 0.670(0.549), LR: 0.000007
[GPU cuda:1][TRAIN] Epoch: [8][1950/2480], Elapsed 9m 14s (remain 2m 30s), Accuracy: 60.000(77.652), Loss: 1.109(0.552), LR: 0.000007
[GPU cuda:1][TRAIN] Epoch: [8][2000/2480], Elapsed 9m 28s (remain 2m 16s), Accuracy: 60.000(77.621), Loss: 0.687(0.551), LR: 0.000007
[GPU cuda:1][TRAIN] Epoch: [8][2050/2480], Elapsed 9m 43s (remain 2m 1s), Accuracy: 40.000(77.640), Loss: 0.946(0.551), LR: 0.000007
[GPU cuda:1][TRAIN] Epoch: [8][2100/2480], Elapsed 9m 57s (remain 1m 47s), Accuracy: 100.000(77.830), Loss: 0.130(0.548), LR: 0.000007
[GPU cuda:1][TRAIN] Epoch: [8][2150/2480], Elapsed 10m 11s (remain 1m 33s), Accuracy: 80.000(77.908), Loss: 0.599(0.546), LR: 0.000007
[GPU cuda:1][TRAIN] Epoch: [8][2200/2480], Elapsed 10m 25s (remain 1m 19s), Accuracy: 80.000(78.001), Loss: 0.513(0.543), LR: 0.000007
[GPU cuda:1][TRAIN] Epoch: [8][2250/2480], Elapsed 10m 40s (remain 1m 5s), Accuracy: 60.000(77.894), Loss: 0.695(0.545), LR: 0.000007
[GPU cuda:1][TRAIN] Epoch: [8][2300/2480], Elapsed 10m 54s (remain 0m 50s), Accuracy: 80.000(77.862), Loss: 0.232(0.545), LR: 0.000007
[GPU cuda:1][TRAIN] Epoch: [8][2350/2480], Elapsed 11m 8s (remain 0m 36s), Accuracy: 100.000(77.890), Loss: 0.417(0.546), LR: 0.000007
[GPU cuda:1][TRAIN] Epoch: [8][2400/2480], Elapsed 11m 22s (remain 0m 22s), Accuracy: 60.000(77.918), Loss: 0.877(0.546), LR: 0.000007
[GPU cuda:1][TRAIN] Epoch: [8][2450/2480], Elapsed 11m 37s (remain 0m 8s), Accuracy: 80.000(78.001), Loss: 0.470(0.545), LR: 0.000007
[GPU cuda:1][TRAIN] Epoch: [8][2479/2480], Elapsed 11m 45s (remain 0m 0s), Accuracy: 40.000(77.984), Loss: 1.238(0.546), LR: 0.000007
[GPU cuda:1][VALID][0/97], Elapsed 0m 1s (remain 2m 11s), Accuracy: 71.875(71.875), Batch Loss: 0.8747, Average Loss: 0.8747
[GPU cuda:1][VALID][50/97], Elapsed 0m 49s (remain 0m 44s), Accuracy: 71.875(72.610), Batch Loss: 0.5878, Average Loss: 0.7060
[GPU cuda:1][VALID][96/97], Elapsed 1m 33s (remain 0m 0s), Accuracy: 82.143(72.303), Batch Loss: 0.4142, Average Loss: 0.7262
Valid Labels Samples: [2 0 1 4 1 0 3 1 4 3]
Valid Predictions Samples: [2, 0, 1, 3, 1, 0, 3, 1, 3, 0]
Epoch 8 - Train Average Loss: 77.984, Valid Average Loss: 72.303, Epoch Time: 801.131s
Epoch 8 - Accuracy: 0.723, Precision: 0.730, Recall: 0.723
[GPU cuda:1][TRAIN] Epoch: [9][0/2480], Elapsed 0m 0s (remain 26m 23s), Accuracy: 100.000(100.000), Loss: 0.287(0.287), LR: 0.000007
[GPU cuda:1][TRAIN] Epoch: [9][50/2480], Elapsed 0m 15s (remain 12m 0s), Accuracy: 60.000(80.392), Loss: 0.798(0.482), LR: 0.000007
[GPU cuda:1][TRAIN] Epoch: [9][100/2480], Elapsed 0m 29s (remain 11m 35s), Accuracy: 80.000(80.198), Loss: 0.782(0.500), LR: 0.000007
[GPU cuda:1][TRAIN] Epoch: [9][150/2480], Elapsed 0m 43s (remain 11m 17s), Accuracy: 80.000(79.338), Loss: 0.663(0.525), LR: 0.000007
[GPU cuda:1][TRAIN] Epoch: [9][200/2480], Elapsed 0m 58s (remain 11m 0s), Accuracy: 60.000(78.507), Loss: 0.577(0.551), LR: 0.000007
[GPU cuda:1][TRAIN] Epoch: [9][250/2480], Elapsed 1m 12s (remain 10m 44s), Accuracy: 100.000(78.884), Loss: 0.113(0.544), LR: 0.000007
[GPU cuda:1][TRAIN] Epoch: [9][300/2480], Elapsed 1m 26s (remain 10m 29s), Accuracy: 80.000(79.003), Loss: 1.003(0.546), LR: 0.000007
[GPU cuda:1][TRAIN] Epoch: [9][350/2480], Elapsed 1m 41s (remain 10m 14s), Accuracy: 80.000(78.632), Loss: 0.501(0.558), LR: 0.000007
[GPU cuda:1][TRAIN] Epoch: [9][400/2480], Elapsed 1m 55s (remain 9m 59s), Accuracy: 100.000(78.903), Loss: 0.282(0.548), LR: 0.000007
[GPU cuda:1][TRAIN] Epoch: [9][450/2480], Elapsed 2m 9s (remain 9m 44s), Accuracy: 80.000(78.670), Loss: 0.597(0.553), LR: 0.000007
[GPU cuda:1][TRAIN] Epoch: [9][500/2480], Elapsed 2m 24s (remain 9m 29s), Accuracy: 40.000(78.922), Loss: 1.063(0.549), LR: 0.000007
[GPU cuda:1][TRAIN] Epoch: [9][550/2480], Elapsed 2m 38s (remain 9m 14s), Accuracy: 100.000(78.875), Loss: 0.022(0.547), LR: 0.000007
[GPU cuda:1][TRAIN] Epoch: [9][600/2480], Elapsed 2m 52s (remain 9m 0s), Accuracy: 100.000(78.536), Loss: 0.018(0.551), LR: 0.000007
[GPU cuda:1][TRAIN] Epoch: [9][650/2480], Elapsed 3m 7s (remain 8m 45s), Accuracy: 100.000(78.495), Loss: 0.028(0.550), LR: 0.000007
[GPU cuda:1][TRAIN] Epoch: [9][700/2480], Elapsed 3m 21s (remain 8m 31s), Accuracy: 80.000(78.174), Loss: 0.267(0.555), LR: 0.000007
[GPU cuda:1][TRAIN] Epoch: [9][750/2480], Elapsed 3m 35s (remain 8m 16s), Accuracy: 100.000(78.162), Loss: 0.040(0.552), LR: 0.000007
[GPU cuda:1][TRAIN] Epoch: [9][800/2480], Elapsed 3m 49s (remain 8m 2s), Accuracy: 100.000(78.402), Loss: 0.165(0.547), LR: 0.000007
[GPU cuda:1][TRAIN] Epoch: [9][850/2480], Elapsed 4m 4s (remain 7m 47s), Accuracy: 60.000(78.566), Loss: 0.695(0.539), LR: 0.000007
[GPU cuda:1][TRAIN] Epoch: [9][900/2480], Elapsed 4m 18s (remain 7m 33s), Accuracy: 80.000(78.824), Loss: 0.574(0.534), LR: 0.000007
[GPU cuda:1][TRAIN] Epoch: [9][950/2480], Elapsed 4m 32s (remain 7m 18s), Accuracy: 80.000(79.075), Loss: 0.399(0.529), LR: 0.000007
[GPU cuda:1][TRAIN] Epoch: [9][1000/2480], Elapsed 4m 47s (remain 7m 4s), Accuracy: 60.000(79.161), Loss: 0.783(0.526), LR: 0.000007
[GPU cuda:1][TRAIN] Epoch: [9][1050/2480], Elapsed 5m 1s (remain 6m 49s), Accuracy: 60.000(79.201), Loss: 0.706(0.525), LR: 0.000007
[GPU cuda:1][TRAIN] Epoch: [9][1100/2480], Elapsed 5m 15s (remain 6m 35s), Accuracy: 100.000(79.364), Loss: 0.278(0.520), LR: 0.000007
[GPU cuda:1][TRAIN] Epoch: [9][1150/2480], Elapsed 5m 29s (remain 6m 21s), Accuracy: 100.000(79.374), Loss: 0.112(0.519), LR: 0.000007
[GPU cuda:1][TRAIN] Epoch: [9][1200/2480], Elapsed 5m 44s (remain 6m 6s), Accuracy: 100.000(79.600), Loss: 0.281(0.514), LR: 0.000007
[GPU cuda:1][TRAIN] Epoch: [9][1250/2480], Elapsed 5m 58s (remain 5m 52s), Accuracy: 40.000(79.552), Loss: 0.774(0.513), LR: 0.000007
[GPU cuda:1][TRAIN] Epoch: [9][1300/2480], Elapsed 6m 12s (remain 5m 37s), Accuracy: 60.000(79.646), Loss: 0.531(0.511), LR: 0.000007
[GPU cuda:1][TRAIN] Epoch: [9][1350/2480], Elapsed 6m 27s (remain 5m 23s), Accuracy: 100.000(79.970), Loss: 0.063(0.505), LR: 0.000007
[GPU cuda:1][TRAIN] Epoch: [9][1400/2480], Elapsed 6m 41s (remain 5m 9s), Accuracy: 100.000(79.943), Loss: 0.111(0.506), LR: 0.000007
[GPU cuda:1][TRAIN] Epoch: [9][1450/2480], Elapsed 6m 55s (remain 4m 54s), Accuracy: 100.000(80.152), Loss: 0.157(0.501), LR: 0.000007
[GPU cuda:1][TRAIN] Epoch: [9][1500/2480], Elapsed 7m 9s (remain 4m 40s), Accuracy: 100.000(80.067), Loss: 0.136(0.501), LR: 0.000007
[GPU cuda:1][TRAIN] Epoch: [9][1550/2480], Elapsed 7m 24s (remain 4m 26s), Accuracy: 100.000(80.090), Loss: 0.160(0.500), LR: 0.000007
[GPU cuda:1][TRAIN] Epoch: [9][1600/2480], Elapsed 7m 38s (remain 4m 11s), Accuracy: 100.000(80.037), Loss: 0.199(0.499), LR: 0.000007
[GPU cuda:1][TRAIN] Epoch: [9][1650/2480], Elapsed 7m 52s (remain 3m 57s), Accuracy: 80.000(80.194), Loss: 0.246(0.494), LR: 0.000007
[GPU cuda:1][TRAIN] Epoch: [9][1700/2480], Elapsed 8m 6s (remain 3m 42s), Accuracy: 80.000(80.141), Loss: 0.283(0.495), LR: 0.000007
[GPU cuda:1][TRAIN] Epoch: [9][1750/2480], Elapsed 8m 21s (remain 3m 28s), Accuracy: 60.000(80.251), Loss: 1.198(0.494), LR: 0.000007
[GPU cuda:1][TRAIN] Epoch: [9][1800/2480], Elapsed 8m 35s (remain 3m 14s), Accuracy: 80.000(80.344), Loss: 0.253(0.492), LR: 0.000007
[GPU cuda:1][TRAIN] Epoch: [9][1850/2480], Elapsed 8m 49s (remain 2m 59s), Accuracy: 100.000(80.400), Loss: 0.328(0.490), LR: 0.000007
[GPU cuda:1][TRAIN] Epoch: [9][1900/2480], Elapsed 9m 3s (remain 2m 45s), Accuracy: 80.000(80.484), Loss: 0.361(0.488), LR: 0.000007
[GPU cuda:1][TRAIN] Epoch: [9][1950/2480], Elapsed 9m 18s (remain 2m 31s), Accuracy: 60.000(80.338), Loss: 0.478(0.490), LR: 0.000007
[GPU cuda:1][TRAIN] Epoch: [9][2000/2480], Elapsed 9m 32s (remain 2m 16s), Accuracy: 60.000(80.400), Loss: 0.698(0.489), LR: 0.000007
[GPU cuda:1][TRAIN] Epoch: [9][2050/2480], Elapsed 9m 46s (remain 2m 2s), Accuracy: 60.000(80.400), Loss: 0.654(0.489), LR: 0.000007
[GPU cuda:1][TRAIN] Epoch: [9][2100/2480], Elapsed 10m 0s (remain 1m 48s), Accuracy: 100.000(80.495), Loss: 0.153(0.486), LR: 0.000007
[GPU cuda:1][TRAIN] Epoch: [9][2150/2480], Elapsed 10m 14s (remain 1m 34s), Accuracy: 80.000(80.539), Loss: 0.802(0.485), LR: 0.000007
[GPU cuda:1][TRAIN] Epoch: [9][2200/2480], Elapsed 10m 29s (remain 1m 19s), Accuracy: 80.000(80.600), Loss: 0.361(0.484), LR: 0.000007
[GPU cuda:1][TRAIN] Epoch: [9][2250/2480], Elapsed 10m 43s (remain 1m 5s), Accuracy: 60.000(80.542), Loss: 0.663(0.485), LR: 0.000007
[GPU cuda:1][TRAIN] Epoch: [9][2300/2480], Elapsed 10m 57s (remain 0m 51s), Accuracy: 80.000(80.530), Loss: 0.531(0.486), LR: 0.000007
[GPU cuda:1][TRAIN] Epoch: [9][2350/2480], Elapsed 11m 11s (remain 0m 36s), Accuracy: 100.000(80.502), Loss: 0.214(0.487), LR: 0.000007
[GPU cuda:1][TRAIN] Epoch: [9][2400/2480], Elapsed 11m 25s (remain 0m 22s), Accuracy: 80.000(80.616), Loss: 0.525(0.486), LR: 0.000007
[GPU cuda:1][TRAIN] Epoch: [9][2450/2480], Elapsed 11m 40s (remain 0m 8s), Accuracy: 100.000(80.653), Loss: 0.206(0.485), LR: 0.000007
[GPU cuda:1][TRAIN] Epoch: [9][2479/2480], Elapsed 11m 48s (remain 0m 0s), Accuracy: 40.000(80.613), Loss: 2.085(0.486), LR: 0.000007
[GPU cuda:1][VALID][0/97], Elapsed 0m 1s (remain 2m 20s), Accuracy: 71.875(71.875), Batch Loss: 0.7977, Average Loss: 0.7977
[GPU cuda:1][VALID][50/97], Elapsed 0m 48s (remain 0m 43s), Accuracy: 62.500(69.363), Batch Loss: 0.9675, Average Loss: 0.8834
[GPU cuda:1][VALID][96/97], Elapsed 1m 32s (remain 0m 0s), Accuracy: 71.429(69.680), Batch Loss: 0.6704, Average Loss: 0.8905
Valid Labels Samples: [2 0 1 4 1 0 3 1 4 3]
Valid Predictions Samples: [2, 0, 1, 3, 1, 0, 3, 1, 3, 0]
Epoch 9 - Train Average Loss: 80.613, Valid Average Loss: 69.680, Epoch Time: 803.011s
Epoch 9 - Accuracy: 0.697, Precision: 0.714, Recall: 0.697
