[GPU 0]: Config File
{'id': 40, 'model_name': 'swin_large_patch4_window12_384_in22k', 'dropout': 0.5, 'size': 384, 'batch_size_t': 4, 'batch_size_v': 8, 'n_targets': 5, 'criterion': 'CrossEntropyLoss', 'gradient_accumulation_steps': 1, 'max_gradient_norm': None, 'optimizer': 'RangerLars', 'scheduler': 'OneCycleLR', 'LR': 0.0001, 'T_0': 200, 'T_max': 10, 'T_mult': 2, 'min_lr': 1e-06, 'max_lr': 0.0005, 'no_batches': 3100, 'warmup_epochs': 1, 'cosine_epochs': 14, 'epochs': 15, 'update_per_batch': True, 'num_workers': 4, 'n_folds': 5, 'train_transforms': [HorizontalFlip(always_apply=False, p=0.5), VerticalFlip(always_apply=False, p=0.5), RandomRotate90(always_apply=False, p=0.5)], 'valid_transforms': [], 'observations': None, 'use_swa': True, 'swa_lr': 0.01, 'swa_epoch': 0, 'use_sam': True, 'use_asam': True, 'asam_rho': 0.1, 'print_freq': 50, 'one_fold': True, 'use_apex': True, 'distributed_training': False, 'save_to_log': True}
================================================== Training Fold: 0 ==================================================
[GPU cuda:0][TRAIN] Epoch: [1][0/3100], Elapsed 0m 0s (remain 25m 11s), Accuracy: 0.000(0.000), Loss: 1.683(1.683), LR: 0.000020
[GPU cuda:0][TRAIN] Epoch: [1][50/3100], Elapsed 0m 16s (remain 16m 29s), Accuracy: 50.000(14.706), Loss: 1.596(1.656), LR: 0.000020
[GPU cuda:0][TRAIN] Epoch: [1][100/3100], Elapsed 0m 32s (remain 16m 1s), Accuracy: 25.000(16.584), Loss: 1.503(1.648), LR: 0.000020
[GPU cuda:0][TRAIN] Epoch: [1][150/3100], Elapsed 0m 48s (remain 15m 48s), Accuracy: 25.000(16.391), Loss: 1.447(1.646), LR: 0.000020
[GPU cuda:0][TRAIN] Epoch: [1][200/3100], Elapsed 1m 4s (remain 15m 33s), Accuracy: 0.000(16.418), Loss: 1.628(1.647), LR: 0.000020
[GPU cuda:0][TRAIN] Epoch: [1][250/3100], Elapsed 1m 20s (remain 15m 17s), Accuracy: 25.000(16.833), Loss: 1.654(1.645), LR: 0.000020
[GPU cuda:0][TRAIN] Epoch: [1][300/3100], Elapsed 1m 36s (remain 15m 1s), Accuracy: 25.000(17.857), Loss: 1.571(1.639), LR: 0.000021
[GPU cuda:0][TRAIN] Epoch: [1][350/3100], Elapsed 1m 53s (remain 14m 45s), Accuracy: 50.000(18.875), Loss: 1.595(1.636), LR: 0.000021
[GPU cuda:0][TRAIN] Epoch: [1][400/3100], Elapsed 2m 9s (remain 14m 29s), Accuracy: 0.000(19.077), Loss: 1.697(1.633), LR: 0.000021
[GPU cuda:0][TRAIN] Epoch: [1][450/3100], Elapsed 2m 25s (remain 14m 13s), Accuracy: 50.000(20.067), Loss: 1.460(1.627), LR: 0.000021
[GPU cuda:0][TRAIN] Epoch: [1][500/3100], Elapsed 2m 41s (remain 13m 56s), Accuracy: 25.000(20.110), Loss: 1.663(1.625), LR: 0.000022
[GPU cuda:0][TRAIN] Epoch: [1][550/3100], Elapsed 2m 57s (remain 13m 40s), Accuracy: 25.000(20.372), Loss: 1.611(1.624), LR: 0.000022
[GPU cuda:0][TRAIN] Epoch: [1][600/3100], Elapsed 3m 13s (remain 13m 24s), Accuracy: 0.000(20.632), Loss: 1.716(1.623), LR: 0.000022
[GPU cuda:0][TRAIN] Epoch: [1][650/3100], Elapsed 3m 29s (remain 13m 7s), Accuracy: 25.000(21.275), Loss: 1.625(1.620), LR: 0.000023
[GPU cuda:0][TRAIN] Epoch: [1][700/3100], Elapsed 3m 45s (remain 12m 51s), Accuracy: 75.000(21.790), Loss: 1.298(1.618), LR: 0.000023
[GPU cuda:0][TRAIN] Epoch: [1][750/3100], Elapsed 4m 1s (remain 12m 35s), Accuracy: 50.000(22.570), Loss: 1.474(1.615), LR: 0.000023
[GPU cuda:0][TRAIN] Epoch: [1][800/3100], Elapsed 4m 17s (remain 12m 19s), Accuracy: 50.000(23.159), Loss: 1.440(1.613), LR: 0.000024
[GPU cuda:0][TRAIN] Epoch: [1][850/3100], Elapsed 4m 33s (remain 12m 3s), Accuracy: 50.000(23.796), Loss: 1.428(1.610), LR: 0.000024
[GPU cuda:0][TRAIN] Epoch: [1][900/3100], Elapsed 4m 49s (remain 11m 47s), Accuracy: 50.000(23.946), Loss: 1.498(1.609), LR: 0.000025
[GPU cuda:0][TRAIN] Epoch: [1][950/3100], Elapsed 5m 5s (remain 11m 31s), Accuracy: 50.000(24.054), Loss: 1.413(1.608), LR: 0.000025
[GPU cuda:0][TRAIN] Epoch: [1][1000/3100], Elapsed 5m 22s (remain 11m 15s), Accuracy: 50.000(24.550), Loss: 1.601(1.604), LR: 0.000026
[GPU cuda:0][TRAIN] Epoch: [1][1050/3100], Elapsed 5m 38s (remain 10m 59s), Accuracy: 25.000(24.667), Loss: 1.593(1.602), LR: 0.000027
[GPU cuda:0][TRAIN] Epoch: [1][1100/3100], Elapsed 5m 54s (remain 10m 43s), Accuracy: 0.000(25.114), Loss: 1.702(1.600), LR: 0.000027
[GPU cuda:0][TRAIN] Epoch: [1][1150/3100], Elapsed 6m 9s (remain 10m 26s), Accuracy: 25.000(25.282), Loss: 1.592(1.598), LR: 0.000028
[GPU cuda:0][TRAIN] Epoch: [1][1200/3100], Elapsed 6m 25s (remain 10m 9s), Accuracy: 75.000(25.708), Loss: 1.470(1.595), LR: 0.000029
[GPU cuda:0][TRAIN] Epoch: [1][1250/3100], Elapsed 6m 41s (remain 9m 53s), Accuracy: 25.000(26.079), Loss: 1.715(1.592), LR: 0.000029
[GPU cuda:0][TRAIN] Epoch: [1][1300/3100], Elapsed 6m 57s (remain 9m 37s), Accuracy: 0.000(26.556), Loss: 1.731(1.589), LR: 0.000030
[GPU cuda:0][TRAIN] Epoch: [1][1350/3100], Elapsed 7m 13s (remain 9m 21s), Accuracy: 50.000(26.832), Loss: 1.138(1.585), LR: 0.000031
[GPU cuda:0][TRAIN] Epoch: [1][1400/3100], Elapsed 7m 30s (remain 9m 5s), Accuracy: 25.000(26.963), Loss: 1.443(1.582), LR: 0.000032
[GPU cuda:0][TRAIN] Epoch: [1][1450/3100], Elapsed 7m 46s (remain 8m 50s), Accuracy: 75.000(27.516), Loss: 1.216(1.578), LR: 0.000033
[GPU cuda:0][TRAIN] Epoch: [1][1500/3100], Elapsed 8m 2s (remain 8m 34s), Accuracy: 50.000(27.798), Loss: 1.160(1.573), LR: 0.000034
[GPU cuda:0][TRAIN] Epoch: [1][1550/3100], Elapsed 8m 19s (remain 8m 18s), Accuracy: 100.000(28.224), Loss: 1.137(1.568), LR: 0.000034
[GPU cuda:0][TRAIN] Epoch: [1][1600/3100], Elapsed 8m 35s (remain 8m 2s), Accuracy: 75.000(28.670), Loss: 1.306(1.561), LR: 0.000035
[GPU cuda:0][TRAIN] Epoch: [1][1650/3100], Elapsed 8m 51s (remain 7m 46s), Accuracy: 50.000(28.937), Loss: 1.357(1.555), LR: 0.000036
[GPU cuda:0][TRAIN] Epoch: [1][1700/3100], Elapsed 9m 8s (remain 7m 30s), Accuracy: 25.000(29.394), Loss: 1.540(1.548), LR: 0.000037
[GPU cuda:0][TRAIN] Epoch: [1][1750/3100], Elapsed 9m 24s (remain 7m 14s), Accuracy: 75.000(29.754), Loss: 1.070(1.542), LR: 0.000038
[GPU cuda:0][TRAIN] Epoch: [1][1800/3100], Elapsed 9m 40s (remain 6m 58s), Accuracy: 50.000(30.386), Loss: 1.085(1.532), LR: 0.000039
[GPU cuda:0][TRAIN] Epoch: [1][1850/3100], Elapsed 9m 56s (remain 6m 42s), Accuracy: 50.000(30.605), Loss: 1.327(1.527), LR: 0.000041
[GPU cuda:0][TRAIN] Epoch: [1][1900/3100], Elapsed 10m 12s (remain 6m 26s), Accuracy: 50.000(31.036), Loss: 1.250(1.517), LR: 0.000042
[GPU cuda:0][TRAIN] Epoch: [1][1950/3100], Elapsed 10m 28s (remain 6m 10s), Accuracy: 100.000(31.292), Loss: 0.976(1.512), LR: 0.000043
[GPU cuda:0][TRAIN] Epoch: [1][2000/3100], Elapsed 10m 44s (remain 5m 54s), Accuracy: 50.000(31.634), Loss: 1.296(1.504), LR: 0.000044
[GPU cuda:0][TRAIN] Epoch: [1][2050/3100], Elapsed 11m 0s (remain 5m 37s), Accuracy: 100.000(32.155), Loss: 0.858(1.494), LR: 0.000045
[GPU cuda:0][TRAIN] Epoch: [1][2100/3100], Elapsed 11m 16s (remain 5m 21s), Accuracy: 25.000(32.556), Loss: 1.595(1.485), LR: 0.000046
[GPU cuda:0][TRAIN] Epoch: [1][2150/3100], Elapsed 11m 32s (remain 5m 5s), Accuracy: 50.000(33.089), Loss: 1.345(1.476), LR: 0.000048
[GPU cuda:0][TRAIN] Epoch: [1][2200/3100], Elapsed 11m 48s (remain 4m 49s), Accuracy: 25.000(33.383), Loss: 1.549(1.470), LR: 0.000049
[GPU cuda:0][TRAIN] Epoch: [1][2250/3100], Elapsed 12m 5s (remain 4m 33s), Accuracy: 25.000(33.696), Loss: 1.098(1.462), LR: 0.000050
[GPU cuda:0][TRAIN] Epoch: [1][2300/3100], Elapsed 12m 21s (remain 4m 17s), Accuracy: 25.000(34.159), Loss: 1.592(1.453), LR: 0.000052
[GPU cuda:0][TRAIN] Epoch: [1][2350/3100], Elapsed 12m 37s (remain 4m 1s), Accuracy: 25.000(34.485), Loss: 1.194(1.445), LR: 0.000053
[GPU cuda:0][TRAIN] Epoch: [1][2400/3100], Elapsed 12m 53s (remain 3m 45s), Accuracy: 25.000(34.777), Loss: 1.189(1.439), LR: 0.000054
[GPU cuda:0][TRAIN] Epoch: [1][2450/3100], Elapsed 13m 9s (remain 3m 29s), Accuracy: 25.000(35.118), Loss: 0.963(1.432), LR: 0.000056
[GPU cuda:0][TRAIN] Epoch: [1][2500/3100], Elapsed 13m 25s (remain 3m 12s), Accuracy: 25.000(35.686), Loss: 1.358(1.424), LR: 0.000057
[GPU cuda:0][TRAIN] Epoch: [1][2550/3100], Elapsed 13m 41s (remain 2m 56s), Accuracy: 50.000(35.976), Loss: 1.084(1.418), LR: 0.000059
[GPU cuda:0][TRAIN] Epoch: [1][2600/3100], Elapsed 13m 57s (remain 2m 40s), Accuracy: 50.000(36.323), Loss: 1.013(1.410), LR: 0.000060
[GPU cuda:0][TRAIN] Epoch: [1][2650/3100], Elapsed 14m 13s (remain 2m 24s), Accuracy: 0.000(36.581), Loss: 1.744(1.404), LR: 0.000062
[GPU cuda:0][TRAIN] Epoch: [1][2700/3100], Elapsed 14m 30s (remain 2m 8s), Accuracy: 75.000(36.996), Loss: 1.114(1.396), LR: 0.000063
[GPU cuda:0][TRAIN] Epoch: [1][2750/3100], Elapsed 14m 46s (remain 1m 52s), Accuracy: 50.000(37.314), Loss: 1.027(1.389), LR: 0.000065
[GPU cuda:0][TRAIN] Epoch: [1][2800/3100], Elapsed 15m 2s (remain 1m 36s), Accuracy: 0.000(37.504), Loss: 1.841(1.384), LR: 0.000066
[GPU cuda:0][TRAIN] Epoch: [1][2850/3100], Elapsed 15m 18s (remain 1m 20s), Accuracy: 50.000(37.811), Loss: 1.224(1.379), LR: 0.000068
[GPU cuda:0][TRAIN] Epoch: [1][2900/3100], Elapsed 15m 34s (remain 1m 4s), Accuracy: 100.000(38.047), Loss: 0.742(1.373), LR: 0.000069
[GPU cuda:0][TRAIN] Epoch: [1][2950/3100], Elapsed 15m 50s (remain 0m 47s), Accuracy: 75.000(38.385), Loss: 0.956(1.367), LR: 0.000071
[GPU cuda:0][TRAIN] Epoch: [1][3000/3100], Elapsed 16m 6s (remain 0m 31s), Accuracy: 25.000(38.787), Loss: 2.124(1.360), LR: 0.000073
[GPU cuda:0][TRAIN] Epoch: [1][3050/3100], Elapsed 16m 21s (remain 0m 15s), Accuracy: 50.000(39.159), Loss: 0.713(1.353), LR: 0.000074
[GPU cuda:0][TRAIN] Epoch: [1][3099/3100], Elapsed 16m 37s (remain 0m 0s), Accuracy: 25.000(39.427), Loss: 1.837(1.348), LR: 0.000076
[GPU cuda:0][VALID][0/388], Elapsed 0m 0s (remain 3m 36s), Accuracy: 87.500(87.500), Batch Loss: 0.5806, Average Loss: 0.5806
[GPU cuda:0][VALID][50/388], Elapsed 0m 12s (remain 1m 20s), Accuracy: 62.500(68.382), Batch Loss: 0.7524, Average Loss: 0.8246
[GPU cuda:0][VALID][100/388], Elapsed 0m 23s (remain 1m 8s), Accuracy: 37.500(65.594), Batch Loss: 1.3964, Average Loss: 0.8661
[GPU cuda:0][VALID][150/388], Elapsed 0m 35s (remain 0m 56s), Accuracy: 50.000(63.742), Batch Loss: 1.1628, Average Loss: 0.8849
[GPU cuda:0][VALID][200/388], Elapsed 0m 47s (remain 0m 44s), Accuracy: 50.000(62.811), Batch Loss: 0.7220, Average Loss: 0.8901
[GPU cuda:0][VALID][250/388], Elapsed 0m 59s (remain 0m 32s), Accuracy: 37.500(62.998), Batch Loss: 1.1523, Average Loss: 0.8891
[GPU cuda:0][VALID][300/388], Elapsed 1m 11s (remain 0m 20s), Accuracy: 50.000(62.874), Batch Loss: 1.1425, Average Loss: 0.8873
[GPU cuda:0][VALID][350/388], Elapsed 1m 22s (remain 0m 8s), Accuracy: 62.500(62.999), Batch Loss: 0.9226, Average Loss: 0.8871
[GPU cuda:0][VALID][387/388], Elapsed 1m 31s (remain 0m 0s), Accuracy: 25.000(63.209), Batch Loss: 1.0489, Average Loss: 0.8833
Valid Labels Samples: [2 0 1 4 1 0 3 1 4 3]
Valid Predictions Samples: [2, 0, 1, 4, 1, 0, 3, 2, 3, 0]
Epoch 1 - Train Average Loss: 39.427, Valid Average Loss: 63.209, Epoch Time: 1090.736s
Epoch 1 - Accuracy: 0.633, Precision: 0.646, Recall: 0.633
Saved Best Model: 0.63
[GPU cuda:0][TRAIN] Epoch: [2][0/3100], Elapsed 0m 0s (remain 38m 54s), Accuracy: 75.000(75.000), Loss: 1.045(1.045), LR: 0.000076
[GPU cuda:0][TRAIN] Epoch: [2][50/3100], Elapsed 0m 17s (remain 17m 1s), Accuracy: 50.000(53.922), Loss: 0.806(1.005), LR: 0.000078
[GPU cuda:0][TRAIN] Epoch: [2][100/3100], Elapsed 0m 33s (remain 16m 32s), Accuracy: 25.000(54.950), Loss: 1.142(0.947), LR: 0.000080
[GPU cuda:0][TRAIN] Epoch: [2][150/3100], Elapsed 0m 49s (remain 16m 12s), Accuracy: 75.000(55.960), Loss: 0.342(0.955), LR: 0.000082
[GPU cuda:0][TRAIN] Epoch: [2][200/3100], Elapsed 1m 6s (remain 15m 53s), Accuracy: 75.000(55.721), Loss: 0.641(0.969), LR: 0.000083
[GPU cuda:0][TRAIN] Epoch: [2][250/3100], Elapsed 1m 22s (remain 15m 36s), Accuracy: 25.000(55.279), Loss: 1.531(0.990), LR: 0.000085
[GPU cuda:0][TRAIN] Epoch: [2][300/3100], Elapsed 1m 38s (remain 15m 16s), Accuracy: 0.000(55.399), Loss: 1.656(0.994), LR: 0.000087
[GPU cuda:0][TRAIN] Epoch: [2][350/3100], Elapsed 1m 54s (remain 14m 56s), Accuracy: 0.000(56.125), Loss: 1.433(0.985), LR: 0.000089
[GPU cuda:0][TRAIN] Epoch: [2][400/3100], Elapsed 2m 10s (remain 14m 39s), Accuracy: 50.000(56.110), Loss: 1.115(0.986), LR: 0.000091
[GPU cuda:0][TRAIN] Epoch: [2][450/3100], Elapsed 2m 26s (remain 14m 22s), Accuracy: 75.000(56.486), Loss: 1.244(0.980), LR: 0.000093
[GPU cuda:0][TRAIN] Epoch: [2][500/3100], Elapsed 2m 42s (remain 14m 4s), Accuracy: 50.000(56.786), Loss: 0.922(0.980), LR: 0.000095
[GPU cuda:0][TRAIN] Epoch: [2][550/3100], Elapsed 2m 58s (remain 13m 47s), Accuracy: 50.000(57.350), Loss: 1.361(0.975), LR: 0.000097
[GPU cuda:0][TRAIN] Epoch: [2][600/3100], Elapsed 3m 15s (remain 13m 31s), Accuracy: 75.000(57.737), Loss: 0.764(0.970), LR: 0.000099
[GPU cuda:0][TRAIN] Epoch: [2][650/3100], Elapsed 3m 31s (remain 13m 14s), Accuracy: 75.000(58.065), Loss: 0.786(0.969), LR: 0.000101
[GPU cuda:0][TRAIN] Epoch: [2][700/3100], Elapsed 3m 47s (remain 12m 58s), Accuracy: 100.000(58.203), Loss: 0.576(0.967), LR: 0.000103
[GPU cuda:0][TRAIN] Epoch: [2][750/3100], Elapsed 4m 3s (remain 12m 41s), Accuracy: 100.000(58.589), Loss: 0.170(0.965), LR: 0.000105
[GPU cuda:0][TRAIN] Epoch: [2][800/3100], Elapsed 4m 19s (remain 12m 25s), Accuracy: 100.000(58.833), Loss: 0.756(0.965), LR: 0.000107
[GPU cuda:0][TRAIN] Epoch: [2][850/3100], Elapsed 4m 35s (remain 12m 8s), Accuracy: 75.000(58.960), Loss: 0.525(0.962), LR: 0.000109
[GPU cuda:0][TRAIN] Epoch: [2][900/3100], Elapsed 4m 51s (remain 11m 52s), Accuracy: 75.000(58.435), Loss: 1.083(0.972), LR: 0.000111
[GPU cuda:0][TRAIN] Epoch: [2][950/3100], Elapsed 5m 7s (remain 11m 35s), Accuracy: 50.000(58.491), Loss: 1.041(0.974), LR: 0.000113
[GPU cuda:0][TRAIN] Epoch: [2][1000/3100], Elapsed 5m 23s (remain 11m 19s), Accuracy: 50.000(58.691), Loss: 0.902(0.968), LR: 0.000115
[GPU cuda:0][TRAIN] Epoch: [2][1050/3100], Elapsed 5m 39s (remain 11m 2s), Accuracy: 100.000(59.039), Loss: 0.381(0.961), LR: 0.000117
[GPU cuda:0][TRAIN] Epoch: [2][1100/3100], Elapsed 5m 56s (remain 10m 46s), Accuracy: 25.000(59.287), Loss: 1.372(0.956), LR: 0.000120
[GPU cuda:0][TRAIN] Epoch: [2][1150/3100], Elapsed 6m 12s (remain 10m 30s), Accuracy: 75.000(59.427), Loss: 0.689(0.954), LR: 0.000122
[GPU cuda:0][TRAIN] Epoch: [2][1200/3100], Elapsed 6m 28s (remain 10m 13s), Accuracy: 100.000(59.513), Loss: 0.206(0.951), LR: 0.000124
[GPU cuda:0][TRAIN] Epoch: [2][1250/3100], Elapsed 6m 44s (remain 9m 57s), Accuracy: 75.000(59.193), Loss: 0.944(0.953), LR: 0.000126
[GPU cuda:0][TRAIN] Epoch: [2][1300/3100], Elapsed 7m 0s (remain 9m 41s), Accuracy: 50.000(59.262), Loss: 1.083(0.953), LR: 0.000129
[GPU cuda:0][TRAIN] Epoch: [2][1350/3100], Elapsed 7m 16s (remain 9m 25s), Accuracy: 100.000(59.400), Loss: 0.556(0.949), LR: 0.000131
[GPU cuda:0][TRAIN] Epoch: [2][1400/3100], Elapsed 7m 32s (remain 9m 8s), Accuracy: 50.000(59.350), Loss: 1.235(0.950), LR: 0.000133
[GPU cuda:0][TRAIN] Epoch: [2][1450/3100], Elapsed 7m 48s (remain 8m 52s), Accuracy: 75.000(59.442), Loss: 0.798(0.948), LR: 0.000135
[GPU cuda:0][TRAIN] Epoch: [2][1500/3100], Elapsed 8m 4s (remain 8m 36s), Accuracy: 50.000(59.444), Loss: 1.173(0.946), LR: 0.000138
[GPU cuda:0][TRAIN] Epoch: [2][1550/3100], Elapsed 8m 20s (remain 8m 19s), Accuracy: 100.000(59.381), Loss: 0.208(0.946), LR: 0.000140
[GPU cuda:0][TRAIN] Epoch: [2][1600/3100], Elapsed 8m 35s (remain 8m 2s), Accuracy: 100.000(59.494), Loss: 0.338(0.943), LR: 0.000142
[GPU cuda:0][TRAIN] Epoch: [2][1650/3100], Elapsed 8m 51s (remain 7m 46s), Accuracy: 75.000(59.403), Loss: 0.766(0.944), LR: 0.000145
[GPU cuda:0][TRAIN] Epoch: [2][1700/3100], Elapsed 9m 8s (remain 7m 30s), Accuracy: 50.000(59.641), Loss: 1.193(0.941), LR: 0.000147
[GPU cuda:0][TRAIN] Epoch: [2][1750/3100], Elapsed 9m 24s (remain 7m 14s), Accuracy: 50.000(59.595), Loss: 0.922(0.943), LR: 0.000150
[GPU cuda:0][TRAIN] Epoch: [2][1800/3100], Elapsed 9m 40s (remain 6m 58s), Accuracy: 100.000(59.717), Loss: 0.420(0.941), LR: 0.000152
[GPU cuda:0][TRAIN] Epoch: [2][1850/3100], Elapsed 9m 57s (remain 6m 43s), Accuracy: 75.000(59.441), Loss: 0.798(0.943), LR: 0.000154
[GPU cuda:0][TRAIN] Epoch: [2][1900/3100], Elapsed 10m 13s (remain 6m 26s), Accuracy: 50.000(59.666), Loss: 1.225(0.940), LR: 0.000157
[GPU cuda:0][TRAIN] Epoch: [2][1950/3100], Elapsed 10m 29s (remain 6m 10s), Accuracy: 75.000(59.610), Loss: 1.038(0.941), LR: 0.000159
[GPU cuda:0][TRAIN] Epoch: [2][2000/3100], Elapsed 10m 46s (remain 5m 54s), Accuracy: 100.000(59.770), Loss: 0.629(0.939), LR: 0.000162
[GPU cuda:0][TRAIN] Epoch: [2][2050/3100], Elapsed 11m 2s (remain 5m 38s), Accuracy: 75.000(59.983), Loss: 0.430(0.935), LR: 0.000164
[GPU cuda:0][TRAIN] Epoch: [2][2100/3100], Elapsed 11m 18s (remain 5m 22s), Accuracy: 25.000(60.055), Loss: 2.343(0.934), LR: 0.000167
[GPU cuda:0][TRAIN] Epoch: [2][2150/3100], Elapsed 11m 35s (remain 5m 6s), Accuracy: 50.000(60.216), Loss: 1.208(0.931), LR: 0.000169
[GPU cuda:0][TRAIN] Epoch: [2][2200/3100], Elapsed 11m 50s (remain 4m 50s), Accuracy: 25.000(60.064), Loss: 1.384(0.932), LR: 0.000172
[GPU cuda:0][TRAIN] Epoch: [2][2250/3100], Elapsed 12m 6s (remain 4m 34s), Accuracy: 50.000(60.173), Loss: 0.835(0.930), LR: 0.000174
[GPU cuda:0][TRAIN] Epoch: [2][2300/3100], Elapsed 12m 23s (remain 4m 18s), Accuracy: 0.000(60.224), Loss: 2.209(0.928), LR: 0.000177
[GPU cuda:0][TRAIN] Epoch: [2][2350/3100], Elapsed 12m 39s (remain 4m 1s), Accuracy: 75.000(60.187), Loss: 0.768(0.927), LR: 0.000179
[GPU cuda:0][TRAIN] Epoch: [2][2400/3100], Elapsed 12m 55s (remain 3m 45s), Accuracy: 50.000(60.110), Loss: 1.178(0.929), LR: 0.000182
[GPU cuda:0][TRAIN] Epoch: [2][2450/3100], Elapsed 13m 11s (remain 3m 29s), Accuracy: 25.000(60.108), Loss: 1.042(0.928), LR: 0.000184
[GPU cuda:0][TRAIN] Epoch: [2][2500/3100], Elapsed 13m 27s (remain 3m 13s), Accuracy: 50.000(60.296), Loss: 1.009(0.926), LR: 0.000187
[GPU cuda:0][TRAIN] Epoch: [2][2550/3100], Elapsed 13m 43s (remain 2m 57s), Accuracy: 50.000(60.202), Loss: 1.106(0.928), LR: 0.000190
[GPU cuda:0][TRAIN] Epoch: [2][2600/3100], Elapsed 13m 59s (remain 2m 41s), Accuracy: 50.000(60.390), Loss: 0.997(0.926), LR: 0.000192
[GPU cuda:0][TRAIN] Epoch: [2][2650/3100], Elapsed 14m 15s (remain 2m 24s), Accuracy: 0.000(60.402), Loss: 1.776(0.925), LR: 0.000195
[GPU cuda:0][TRAIN] Epoch: [2][2700/3100], Elapsed 14m 31s (remain 2m 8s), Accuracy: 75.000(60.524), Loss: 0.460(0.924), LR: 0.000197
[GPU cuda:0][TRAIN] Epoch: [2][2750/3100], Elapsed 14m 47s (remain 1m 52s), Accuracy: 75.000(60.514), Loss: 0.890(0.924), LR: 0.000200
[GPU cuda:0][TRAIN] Epoch: [2][2800/3100], Elapsed 15m 4s (remain 1m 36s), Accuracy: 25.000(60.532), Loss: 1.478(0.924), LR: 0.000203
[GPU cuda:0][TRAIN] Epoch: [2][2850/3100], Elapsed 15m 20s (remain 1m 20s), Accuracy: 75.000(60.549), Loss: 0.881(0.923), LR: 0.000205
[GPU cuda:0][TRAIN] Epoch: [2][2900/3100], Elapsed 15m 36s (remain 1m 4s), Accuracy: 75.000(60.488), Loss: 0.806(0.924), LR: 0.000208
[GPU cuda:0][TRAIN] Epoch: [2][2950/3100], Elapsed 15m 52s (remain 0m 48s), Accuracy: 50.000(60.556), Loss: 0.927(0.924), LR: 0.000210
[GPU cuda:0][TRAIN] Epoch: [2][3000/3100], Elapsed 16m 8s (remain 0m 31s), Accuracy: 50.000(60.646), Loss: 1.511(0.923), LR: 0.000213
[GPU cuda:0][TRAIN] Epoch: [2][3050/3100], Elapsed 16m 24s (remain 0m 15s), Accuracy: 75.000(60.734), Loss: 0.685(0.922), LR: 0.000216
[GPU cuda:0][TRAIN] Epoch: [2][3099/3100], Elapsed 16m 40s (remain 0m 0s), Accuracy: 25.000(60.726), Loss: 2.073(0.921), LR: 0.000218
[GPU cuda:0][VALID][0/388], Elapsed 0m 0s (remain 3m 30s), Accuracy: 50.000(50.000), Batch Loss: 0.8702, Average Loss: 0.8702
[GPU cuda:0][VALID][50/388], Elapsed 0m 12s (remain 1m 20s), Accuracy: 87.500(62.255), Batch Loss: 0.8645, Average Loss: 0.8603
[GPU cuda:0][VALID][100/388], Elapsed 0m 23s (remain 1m 7s), Accuracy: 37.500(63.861), Batch Loss: 1.2327, Average Loss: 0.8549
[GPU cuda:0][VALID][150/388], Elapsed 0m 35s (remain 0m 55s), Accuracy: 37.500(62.914), Batch Loss: 1.4469, Average Loss: 0.8679
[GPU cuda:0][VALID][200/388], Elapsed 0m 47s (remain 0m 44s), Accuracy: 75.000(62.127), Batch Loss: 0.5776, Average Loss: 0.8764
[GPU cuda:0][VALID][250/388], Elapsed 0m 59s (remain 0m 32s), Accuracy: 50.000(61.554), Batch Loss: 0.9856, Average Loss: 0.8837
[GPU cuda:0][VALID][300/388], Elapsed 1m 10s (remain 0m 20s), Accuracy: 37.500(61.462), Batch Loss: 1.0831, Average Loss: 0.8828
[GPU cuda:0][VALID][350/388], Elapsed 1m 22s (remain 0m 8s), Accuracy: 62.500(61.538), Batch Loss: 0.8574, Average Loss: 0.8817
[GPU cuda:0][VALID][387/388], Elapsed 1m 31s (remain 0m 0s), Accuracy: 75.000(61.598), Batch Loss: 0.7557, Average Loss: 0.8783
Valid Labels Samples: [2 0 1 4 1 0 3 1 4 3]
Valid Predictions Samples: [3, 0, 2, 4, 2, 0, 4, 1, 4, 0]
Epoch 2 - Train Average Loss: 60.726, Valid Average Loss: 61.598, Epoch Time: 1094.017s
Epoch 2 - Accuracy: 0.616, Precision: 0.603, Recall: 0.616
[GPU cuda:0][TRAIN] Epoch: [3][0/3100], Elapsed 0m 0s (remain 36m 11s), Accuracy: 75.000(75.000), Loss: 1.213(1.213), LR: 0.000218
[GPU cuda:0][TRAIN] Epoch: [3][50/3100], Elapsed 0m 16s (remain 16m 14s), Accuracy: 75.000(61.275), Loss: 0.668(0.886), LR: 0.000221
[GPU cuda:0][TRAIN] Epoch: [3][100/3100], Elapsed 0m 32s (remain 16m 6s), Accuracy: 25.000(63.366), Loss: 1.206(0.860), LR: 0.000224
[GPU cuda:0][TRAIN] Epoch: [3][150/3100], Elapsed 0m 48s (remain 15m 54s), Accuracy: 75.000(62.252), Loss: 0.242(0.892), LR: 0.000226
[GPU cuda:0][TRAIN] Epoch: [3][200/3100], Elapsed 1m 5s (remain 15m 41s), Accuracy: 75.000(63.060), Loss: 0.563(0.897), LR: 0.000229
[GPU cuda:0][TRAIN] Epoch: [3][250/3100], Elapsed 1m 21s (remain 15m 25s), Accuracy: 50.000(62.450), Loss: 1.300(0.903), LR: 0.000232
[GPU cuda:0][TRAIN] Epoch: [3][300/3100], Elapsed 1m 37s (remain 15m 10s), Accuracy: 50.000(63.372), Loss: 1.397(0.896), LR: 0.000234
[GPU cuda:0][TRAIN] Epoch: [3][350/3100], Elapsed 1m 54s (remain 14m 54s), Accuracy: 25.000(62.536), Loss: 1.946(0.892), LR: 0.000237
[GPU cuda:0][TRAIN] Epoch: [3][400/3100], Elapsed 2m 10s (remain 14m 39s), Accuracy: 50.000(62.157), Loss: 0.871(0.899), LR: 0.000240
[GPU cuda:0][TRAIN] Epoch: [3][450/3100], Elapsed 2m 26s (remain 14m 23s), Accuracy: 75.000(62.472), Loss: 0.644(0.890), LR: 0.000243
[GPU cuda:0][TRAIN] Epoch: [3][500/3100], Elapsed 2m 43s (remain 14m 7s), Accuracy: 25.000(62.575), Loss: 1.135(0.893), LR: 0.000245
[GPU cuda:0][TRAIN] Epoch: [3][550/3100], Elapsed 2m 59s (remain 13m 51s), Accuracy: 25.000(62.432), Loss: 1.438(0.894), LR: 0.000248
[GPU cuda:0][TRAIN] Epoch: [3][600/3100], Elapsed 3m 16s (remain 13m 35s), Accuracy: 75.000(62.188), Loss: 0.401(0.890), LR: 0.000251
[GPU cuda:0][TRAIN] Epoch: [3][650/3100], Elapsed 3m 31s (remain 13m 16s), Accuracy: 75.000(61.982), Loss: 0.465(0.893), LR: 0.000253
[GPU cuda:0][TRAIN] Epoch: [3][700/3100], Elapsed 3m 47s (remain 12m 59s), Accuracy: 75.000(61.876), Loss: 0.589(0.897), LR: 0.000256
[GPU cuda:0][TRAIN] Epoch: [3][750/3100], Elapsed 4m 4s (remain 12m 43s), Accuracy: 100.000(62.117), Loss: 0.123(0.897), LR: 0.000259
[GPU cuda:0][TRAIN] Epoch: [3][800/3100], Elapsed 4m 20s (remain 12m 26s), Accuracy: 75.000(62.047), Loss: 0.743(0.899), LR: 0.000261
[GPU cuda:0][TRAIN] Epoch: [3][850/3100], Elapsed 4m 36s (remain 12m 10s), Accuracy: 100.000(62.250), Loss: 0.508(0.898), LR: 0.000264
[GPU cuda:0][TRAIN] Epoch: [3][900/3100], Elapsed 4m 52s (remain 11m 53s), Accuracy: 75.000(61.959), Loss: 0.880(0.901), LR: 0.000267
[GPU cuda:0][TRAIN] Epoch: [3][950/3100], Elapsed 5m 8s (remain 11m 37s), Accuracy: 75.000(61.882), Loss: 0.729(0.906), LR: 0.000270
[GPU cuda:0][TRAIN] Epoch: [3][1000/3100], Elapsed 5m 24s (remain 11m 20s), Accuracy: 75.000(61.838), Loss: 0.671(0.904), LR: 0.000272
[GPU cuda:0][TRAIN] Epoch: [3][1050/3100], Elapsed 5m 40s (remain 11m 4s), Accuracy: 100.000(62.060), Loss: 0.220(0.901), LR: 0.000275
[GPU cuda:0][TRAIN] Epoch: [3][1100/3100], Elapsed 5m 56s (remain 10m 47s), Accuracy: 50.000(62.307), Loss: 1.279(0.894), LR: 0.000278
[GPU cuda:0][TRAIN] Epoch: [3][1150/3100], Elapsed 6m 12s (remain 10m 31s), Accuracy: 50.000(62.272), Loss: 0.881(0.893), LR: 0.000280
[GPU cuda:0][TRAIN] Epoch: [3][1200/3100], Elapsed 6m 29s (remain 10m 15s), Accuracy: 100.000(62.052), Loss: 0.287(0.895), LR: 0.000283
[GPU cuda:0][TRAIN] Epoch: [3][1250/3100], Elapsed 6m 45s (remain 9m 58s), Accuracy: 50.000(61.591), Loss: 1.310(0.900), LR: 0.000286
[GPU cuda:0][TRAIN] Epoch: [3][1300/3100], Elapsed 7m 1s (remain 9m 42s), Accuracy: 75.000(61.760), Loss: 0.450(0.900), LR: 0.000288
[GPU cuda:0][TRAIN] Epoch: [3][1350/3100], Elapsed 7m 17s (remain 9m 26s), Accuracy: 50.000(62.028), Loss: 0.888(0.895), LR: 0.000291
[GPU cuda:0][TRAIN] Epoch: [3][1400/3100], Elapsed 7m 33s (remain 9m 9s), Accuracy: 50.000(61.849), Loss: 0.733(0.897), LR: 0.000294
[GPU cuda:0][TRAIN] Epoch: [3][1450/3100], Elapsed 7m 49s (remain 8m 53s), Accuracy: 75.000(62.164), Loss: 0.545(0.893), LR: 0.000296
[GPU cuda:0][TRAIN] Epoch: [3][1500/3100], Elapsed 8m 5s (remain 8m 37s), Accuracy: 100.000(62.192), Loss: 0.759(0.894), LR: 0.000299
[GPU cuda:0][TRAIN] Epoch: [3][1550/3100], Elapsed 8m 21s (remain 8m 21s), Accuracy: 100.000(62.137), Loss: 0.159(0.894), LR: 0.000302
[GPU cuda:0][TRAIN] Epoch: [3][1600/3100], Elapsed 8m 37s (remain 8m 4s), Accuracy: 100.000(62.352), Loss: 0.389(0.892), LR: 0.000304
[GPU cuda:0][TRAIN] Epoch: [3][1650/3100], Elapsed 8m 53s (remain 7m 48s), Accuracy: 100.000(62.402), Loss: 0.328(0.893), LR: 0.000307
[GPU cuda:0][TRAIN] Epoch: [3][1700/3100], Elapsed 9m 9s (remain 7m 32s), Accuracy: 50.000(62.581), Loss: 1.178(0.890), LR: 0.000310
[GPU cuda:0][TRAIN] Epoch: [3][1750/3100], Elapsed 9m 25s (remain 7m 16s), Accuracy: 50.000(62.450), Loss: 0.805(0.892), LR: 0.000312
[GPU cuda:0][TRAIN] Epoch: [3][1800/3100], Elapsed 9m 41s (remain 6m 59s), Accuracy: 100.000(62.521), Loss: 0.200(0.890), LR: 0.000315
[GPU cuda:0][TRAIN] Epoch: [3][1850/3100], Elapsed 9m 57s (remain 6m 43s), Accuracy: 75.000(62.250), Loss: 1.359(0.895), LR: 0.000318
[GPU cuda:0][TRAIN] Epoch: [3][1900/3100], Elapsed 10m 12s (remain 6m 26s), Accuracy: 50.000(62.270), Loss: 1.149(0.895), LR: 0.000320
[GPU cuda:0][TRAIN] Epoch: [3][1950/3100], Elapsed 10m 29s (remain 6m 10s), Accuracy: 100.000(62.019), Loss: 0.539(0.899), LR: 0.000323
[GPU cuda:0][TRAIN] Epoch: [3][2000/3100], Elapsed 10m 45s (remain 5m 54s), Accuracy: 100.000(61.969), Loss: 0.721(0.899), LR: 0.000325
[GPU cuda:0][TRAIN] Epoch: [3][2050/3100], Elapsed 11m 1s (remain 5m 38s), Accuracy: 50.000(62.019), Loss: 1.013(0.898), LR: 0.000328
[GPU cuda:0][TRAIN] Epoch: [3][2100/3100], Elapsed 11m 18s (remain 5m 22s), Accuracy: 50.000(61.935), Loss: 1.802(0.900), LR: 0.000331
[GPU cuda:0][TRAIN] Epoch: [3][2150/3100], Elapsed 11m 34s (remain 5m 6s), Accuracy: 25.000(61.971), Loss: 1.369(0.900), LR: 0.000333
[GPU cuda:0][TRAIN] Epoch: [3][2200/3100], Elapsed 11m 50s (remain 4m 50s), Accuracy: 25.000(61.881), Loss: 1.528(0.901), LR: 0.000336
[GPU cuda:0][TRAIN] Epoch: [3][2250/3100], Elapsed 12m 7s (remain 4m 34s), Accuracy: 50.000(61.917), Loss: 0.720(0.900), LR: 0.000338
[GPU cuda:0][TRAIN] Epoch: [3][2300/3100], Elapsed 12m 23s (remain 4m 18s), Accuracy: 0.000(61.821), Loss: 2.003(0.899), LR: 0.000341
[GPU cuda:0][TRAIN] Epoch: [3][2350/3100], Elapsed 12m 39s (remain 4m 2s), Accuracy: 50.000(61.687), Loss: 0.854(0.901), LR: 0.000343
[GPU cuda:0][TRAIN] Epoch: [3][2400/3100], Elapsed 12m 56s (remain 3m 45s), Accuracy: 25.000(61.579), Loss: 1.124(0.904), LR: 0.000346
[GPU cuda:0][TRAIN] Epoch: [3][2450/3100], Elapsed 13m 12s (remain 3m 29s), Accuracy: 25.000(61.495), Loss: 0.909(0.906), LR: 0.000348
[GPU cuda:0][TRAIN] Epoch: [3][2500/3100], Elapsed 13m 28s (remain 3m 13s), Accuracy: 50.000(61.545), Loss: 1.255(0.905), LR: 0.000351
[GPU cuda:0][TRAIN] Epoch: [3][2550/3100], Elapsed 13m 44s (remain 2m 57s), Accuracy: 50.000(61.476), Loss: 1.106(0.905), LR: 0.000353
[GPU cuda:0][TRAIN] Epoch: [3][2600/3100], Elapsed 14m 0s (remain 2m 41s), Accuracy: 50.000(61.717), Loss: 0.819(0.901), LR: 0.000356
[GPU cuda:0][TRAIN] Epoch: [3][2650/3100], Elapsed 14m 16s (remain 2m 25s), Accuracy: 50.000(61.750), Loss: 1.406(0.901), LR: 0.000358
[GPU cuda:0][TRAIN] Epoch: [3][2700/3100], Elapsed 14m 32s (remain 2m 8s), Accuracy: 100.000(61.829), Loss: 0.438(0.900), LR: 0.000361
[GPU cuda:0][TRAIN] Epoch: [3][2750/3100], Elapsed 14m 49s (remain 1m 52s), Accuracy: 50.000(61.877), Loss: 0.863(0.898), LR: 0.000363
[GPU cuda:0][TRAIN] Epoch: [3][2800/3100], Elapsed 15m 5s (remain 1m 36s), Accuracy: 0.000(61.817), Loss: 1.828(0.900), LR: 0.000366
[GPU cuda:0][TRAIN] Epoch: [3][2850/3100], Elapsed 15m 21s (remain 1m 20s), Accuracy: 75.000(61.838), Loss: 0.905(0.899), LR: 0.000368
[GPU cuda:0][TRAIN] Epoch: [3][2900/3100], Elapsed 15m 37s (remain 1m 4s), Accuracy: 50.000(61.832), Loss: 0.964(0.900), LR: 0.000371
[GPU cuda:0][TRAIN] Epoch: [3][2950/3100], Elapsed 15m 53s (remain 0m 48s), Accuracy: 75.000(61.962), Loss: 0.834(0.899), LR: 0.000373
[GPU cuda:0][TRAIN] Epoch: [3][3000/3100], Elapsed 16m 9s (remain 0m 31s), Accuracy: 50.000(62.079), Loss: 1.437(0.897), LR: 0.000375
[GPU cuda:0][TRAIN] Epoch: [3][3050/3100], Elapsed 16m 25s (remain 0m 15s), Accuracy: 50.000(62.160), Loss: 0.969(0.896), LR: 0.000378
[GPU cuda:0][TRAIN] Epoch: [3][3099/3100], Elapsed 16m 41s (remain 0m 0s), Accuracy: 25.000(62.185), Loss: 1.641(0.896), LR: 0.000380
[GPU cuda:0][VALID][0/388], Elapsed 0m 0s (remain 3m 30s), Accuracy: 50.000(50.000), Batch Loss: 1.3980, Average Loss: 1.3980
[GPU cuda:0][VALID][50/388], Elapsed 0m 12s (remain 1m 20s), Accuracy: 75.000(58.824), Batch Loss: 0.8199, Average Loss: 0.9244
[GPU cuda:0][VALID][100/388], Elapsed 0m 23s (remain 1m 8s), Accuracy: 62.500(59.653), Batch Loss: 0.8431, Average Loss: 0.9080
[GPU cuda:0][VALID][150/388], Elapsed 0m 35s (remain 0m 55s), Accuracy: 50.000(58.444), Batch Loss: 1.1476, Average Loss: 0.9343
[GPU cuda:0][VALID][200/388], Elapsed 0m 47s (remain 0m 44s), Accuracy: 75.000(58.085), Batch Loss: 0.4194, Average Loss: 0.9370
[GPU cuda:0][VALID][250/388], Elapsed 0m 59s (remain 0m 32s), Accuracy: 50.000(57.570), Batch Loss: 1.0056, Average Loss: 0.9367
[GPU cuda:0][VALID][300/388], Elapsed 1m 10s (remain 0m 20s), Accuracy: 25.000(57.558), Batch Loss: 1.3358, Average Loss: 0.9349
[GPU cuda:0][VALID][350/388], Elapsed 1m 22s (remain 0m 8s), Accuracy: 62.500(57.728), Batch Loss: 0.9613, Average Loss: 0.9314
[GPU cuda:0][VALID][387/388], Elapsed 1m 31s (remain 0m 0s), Accuracy: 25.000(57.635), Batch Loss: 1.1389, Average Loss: 0.9311
Valid Labels Samples: [2 0 1 4 1 0 3 1 4 3]
Valid Predictions Samples: [2, 0, 2, 4, 2, 0, 4, 2, 4, 0]
Epoch 3 - Train Average Loss: 62.185, Valid Average Loss: 57.635, Epoch Time: 1095.166s
Epoch 3 - Accuracy: 0.577, Precision: 0.568, Recall: 0.577
[GPU cuda:0][TRAIN] Epoch: [4][0/3100], Elapsed 0m 0s (remain 38m 38s), Accuracy: 75.000(75.000), Loss: 1.012(1.012), LR: 0.000380
[GPU cuda:0][TRAIN] Epoch: [4][50/3100], Elapsed 0m 16s (remain 16m 47s), Accuracy: 50.000(64.216), Loss: 0.775(0.866), LR: 0.000382
[GPU cuda:0][TRAIN] Epoch: [4][100/3100], Elapsed 0m 32s (remain 16m 19s), Accuracy: 25.000(64.356), Loss: 1.136(0.845), LR: 0.000385
[GPU cuda:0][TRAIN] Epoch: [4][150/3100], Elapsed 0m 49s (remain 15m 58s), Accuracy: 100.000(63.576), Loss: 0.238(0.880), LR: 0.000387
[GPU cuda:0][TRAIN] Epoch: [4][200/3100], Elapsed 1m 5s (remain 15m 40s), Accuracy: 100.000(62.811), Loss: 0.325(0.887), LR: 0.000389
[GPU cuda:0][TRAIN] Epoch: [4][250/3100], Elapsed 1m 21s (remain 15m 22s), Accuracy: 50.000(62.450), Loss: 0.944(0.901), LR: 0.000392
[GPU cuda:0][TRAIN] Epoch: [4][300/3100], Elapsed 1m 36s (remain 15m 0s), Accuracy: 0.000(63.538), Loss: 3.226(0.897), LR: 0.000394
[GPU cuda:0][TRAIN] Epoch: [4][350/3100], Elapsed 1m 52s (remain 14m 40s), Accuracy: 25.000(62.678), Loss: 0.985(0.894), LR: 0.000396
[GPU cuda:0][TRAIN] Epoch: [4][400/3100], Elapsed 2m 8s (remain 14m 22s), Accuracy: 50.000(62.469), Loss: 0.959(0.899), LR: 0.000398
[GPU cuda:0][TRAIN] Epoch: [4][450/3100], Elapsed 2m 24s (remain 14m 7s), Accuracy: 75.000(62.805), Loss: 0.821(0.889), LR: 0.000400
[GPU cuda:0][TRAIN] Epoch: [4][500/3100], Elapsed 2m 40s (remain 13m 53s), Accuracy: 50.000(62.126), Loss: 1.145(0.899), LR: 0.000403
[GPU cuda:0][TRAIN] Epoch: [4][550/3100], Elapsed 2m 56s (remain 13m 38s), Accuracy: 50.000(62.659), Loss: 1.219(0.890), LR: 0.000405
[GPU cuda:0][TRAIN] Epoch: [4][600/3100], Elapsed 3m 13s (remain 13m 23s), Accuracy: 50.000(63.145), Loss: 0.731(0.884), LR: 0.000407
[GPU cuda:0][TRAIN] Epoch: [4][650/3100], Elapsed 3m 29s (remain 13m 7s), Accuracy: 50.000(62.865), Loss: 1.061(0.891), LR: 0.000409
[GPU cuda:0][TRAIN] Epoch: [4][700/3100], Elapsed 3m 45s (remain 12m 52s), Accuracy: 100.000(62.589), Loss: 0.452(0.896), LR: 0.000411
[GPU cuda:0][TRAIN] Epoch: [4][750/3100], Elapsed 4m 2s (remain 12m 37s), Accuracy: 100.000(62.284), Loss: 0.235(0.899), LR: 0.000413
[GPU cuda:0][TRAIN] Epoch: [4][800/3100], Elapsed 4m 18s (remain 12m 21s), Accuracy: 100.000(62.235), Loss: 0.722(0.901), LR: 0.000415
[GPU cuda:0][TRAIN] Epoch: [4][850/3100], Elapsed 4m 34s (remain 12m 5s), Accuracy: 100.000(62.632), Loss: 0.515(0.898), LR: 0.000417
[GPU cuda:0][TRAIN] Epoch: [4][900/3100], Elapsed 4m 51s (remain 11m 50s), Accuracy: 75.000(62.014), Loss: 0.803(0.906), LR: 0.000419
[GPU cuda:0][TRAIN] Epoch: [4][950/3100], Elapsed 5m 7s (remain 11m 34s), Accuracy: 50.000(62.329), Loss: 0.874(0.904), LR: 0.000421
[GPU cuda:0][TRAIN] Epoch: [4][1000/3100], Elapsed 5m 23s (remain 11m 17s), Accuracy: 75.000(62.612), Loss: 0.531(0.896), LR: 0.000423
[GPU cuda:0][TRAIN] Epoch: [4][1050/3100], Elapsed 5m 39s (remain 11m 1s), Accuracy: 75.000(62.869), Loss: 0.722(0.891), LR: 0.000425
[GPU cuda:0][TRAIN] Epoch: [4][1100/3100], Elapsed 5m 55s (remain 10m 45s), Accuracy: 50.000(62.852), Loss: 1.170(0.889), LR: 0.000427
[GPU cuda:0][TRAIN] Epoch: [4][1150/3100], Elapsed 6m 11s (remain 10m 28s), Accuracy: 75.000(62.576), Loss: 0.685(0.893), LR: 0.000429
[GPU cuda:0][TRAIN] Epoch: [4][1200/3100], Elapsed 6m 27s (remain 10m 12s), Accuracy: 75.000(62.614), Loss: 0.654(0.891), LR: 0.000431
[GPU cuda:0][TRAIN] Epoch: [4][1250/3100], Elapsed 6m 43s (remain 9m 56s), Accuracy: 50.000(62.370), Loss: 1.344(0.894), LR: 0.000433
[GPU cuda:0][TRAIN] Epoch: [4][1300/3100], Elapsed 6m 59s (remain 9m 39s), Accuracy: 75.000(62.337), Loss: 0.484(0.893), LR: 0.000435
[GPU cuda:0][TRAIN] Epoch: [4][1350/3100], Elapsed 7m 15s (remain 9m 23s), Accuracy: 100.000(62.546), Loss: 0.390(0.889), LR: 0.000437
[GPU cuda:0][TRAIN] Epoch: [4][1400/3100], Elapsed 7m 31s (remain 9m 7s), Accuracy: 25.000(62.509), Loss: 0.967(0.889), LR: 0.000439
[GPU cuda:0][TRAIN] Epoch: [4][1450/3100], Elapsed 7m 47s (remain 8m 51s), Accuracy: 75.000(62.646), Loss: 0.485(0.885), LR: 0.000440
[GPU cuda:0][TRAIN] Epoch: [4][1500/3100], Elapsed 8m 3s (remain 8m 35s), Accuracy: 100.000(62.692), Loss: 0.696(0.884), LR: 0.000442
[GPU cuda:0][TRAIN] Epoch: [4][1550/3100], Elapsed 8m 19s (remain 8m 19s), Accuracy: 100.000(62.685), Loss: 0.441(0.884), LR: 0.000444
[GPU cuda:0][TRAIN] Epoch: [4][1600/3100], Elapsed 8m 35s (remain 8m 3s), Accuracy: 100.000(62.758), Loss: 0.253(0.881), LR: 0.000446
[GPU cuda:0][TRAIN] Epoch: [4][1650/3100], Elapsed 8m 52s (remain 7m 46s), Accuracy: 100.000(62.856), Loss: 0.297(0.880), LR: 0.000447
[GPU cuda:0][TRAIN] Epoch: [4][1700/3100], Elapsed 9m 8s (remain 7m 30s), Accuracy: 25.000(63.095), Loss: 1.254(0.875), LR: 0.000449
[GPU cuda:0][TRAIN] Epoch: [4][1750/3100], Elapsed 9m 24s (remain 7m 14s), Accuracy: 75.000(63.064), Loss: 0.583(0.877), LR: 0.000451
[GPU cuda:0][TRAIN] Epoch: [4][1800/3100], Elapsed 9m 40s (remain 6m 58s), Accuracy: 25.000(63.118), Loss: 1.215(0.876), LR: 0.000452
[GPU cuda:0][TRAIN] Epoch: [4][1850/3100], Elapsed 9m 56s (remain 6m 42s), Accuracy: 50.000(62.871), Loss: 0.778(0.881), LR: 0.000454
[GPU cuda:0][TRAIN] Epoch: [4][1900/3100], Elapsed 10m 12s (remain 6m 26s), Accuracy: 50.000(62.967), Loss: 0.854(0.879), LR: 0.000455
[GPU cuda:0][TRAIN] Epoch: [4][1950/3100], Elapsed 10m 28s (remain 6m 10s), Accuracy: 75.000(62.814), Loss: 0.650(0.881), LR: 0.000457
[GPU cuda:0][TRAIN] Epoch: [4][2000/3100], Elapsed 10m 44s (remain 5m 54s), Accuracy: 50.000(62.681), Loss: 0.845(0.881), LR: 0.000459
[GPU cuda:0][TRAIN] Epoch: [4][2050/3100], Elapsed 11m 0s (remain 5m 37s), Accuracy: 75.000(62.762), Loss: 0.487(0.879), LR: 0.000460
[GPU cuda:0][TRAIN] Epoch: [4][2100/3100], Elapsed 11m 16s (remain 5m 21s), Accuracy: 75.000(62.732), Loss: 1.988(0.880), LR: 0.000462
[GPU cuda:0][TRAIN] Epoch: [4][2150/3100], Elapsed 11m 32s (remain 5m 5s), Accuracy: 50.000(62.866), Loss: 0.994(0.877), LR: 0.000463
[GPU cuda:0][TRAIN] Epoch: [4][2200/3100], Elapsed 11m 48s (remain 4m 49s), Accuracy: 25.000(62.801), Loss: 1.301(0.877), LR: 0.000464
[GPU cuda:0][TRAIN] Epoch: [4][2250/3100], Elapsed 12m 3s (remain 4m 32s), Accuracy: 50.000(62.805), Loss: 1.499(0.876), LR: 0.000466
[GPU cuda:0][TRAIN] Epoch: [4][2300/3100], Elapsed 12m 20s (remain 4m 16s), Accuracy: 0.000(62.842), Loss: 1.468(0.876), LR: 0.000467
[GPU cuda:0][TRAIN] Epoch: [4][2350/3100], Elapsed 12m 36s (remain 4m 0s), Accuracy: 0.000(62.644), Loss: 1.302(0.878), LR: 0.000469
[GPU cuda:0][TRAIN] Epoch: [4][2400/3100], Elapsed 12m 52s (remain 3m 44s), Accuracy: 50.000(62.599), Loss: 1.006(0.879), LR: 0.000470
[GPU cuda:0][TRAIN] Epoch: [4][2450/3100], Elapsed 13m 8s (remain 3m 28s), Accuracy: 50.000(62.536), Loss: 0.881(0.881), LR: 0.000471
[GPU cuda:0][TRAIN] Epoch: [4][2500/3100], Elapsed 13m 25s (remain 3m 12s), Accuracy: 50.000(62.605), Loss: 1.324(0.879), LR: 0.000472
[GPU cuda:0][TRAIN] Epoch: [4][2550/3100], Elapsed 13m 41s (remain 2m 56s), Accuracy: 25.000(62.623), Loss: 1.216(0.881), LR: 0.000474
[GPU cuda:0][TRAIN] Epoch: [4][2600/3100], Elapsed 13m 57s (remain 2m 40s), Accuracy: 50.000(62.851), Loss: 0.906(0.877), LR: 0.000475
[GPU cuda:0][TRAIN] Epoch: [4][2650/3100], Elapsed 14m 14s (remain 2m 24s), Accuracy: 50.000(62.891), Loss: 1.084(0.876), LR: 0.000476
[GPU cuda:0][TRAIN] Epoch: [4][2700/3100], Elapsed 14m 30s (remain 2m 8s), Accuracy: 100.000(62.875), Loss: 0.433(0.875), LR: 0.000477
[GPU cuda:0][TRAIN] Epoch: [4][2750/3100], Elapsed 14m 46s (remain 1m 52s), Accuracy: 50.000(62.923), Loss: 0.869(0.875), LR: 0.000478
[GPU cuda:0][TRAIN] Epoch: [4][2800/3100], Elapsed 15m 3s (remain 1m 36s), Accuracy: 25.000(62.799), Loss: 1.874(0.876), LR: 0.000480
[GPU cuda:0][TRAIN] Epoch: [4][2850/3100], Elapsed 15m 18s (remain 1m 20s), Accuracy: 75.000(62.855), Loss: 0.772(0.876), LR: 0.000481
[GPU cuda:0][TRAIN] Epoch: [4][2900/3100], Elapsed 15m 34s (remain 1m 4s), Accuracy: 75.000(62.806), Loss: 1.061(0.877), LR: 0.000482
[GPU cuda:0][TRAIN] Epoch: [4][2950/3100], Elapsed 15m 50s (remain 0m 48s), Accuracy: 75.000(62.784), Loss: 0.696(0.877), LR: 0.000483
[GPU cuda:0][TRAIN] Epoch: [4][3000/3100], Elapsed 16m 7s (remain 0m 31s), Accuracy: 50.000(62.887), Loss: 1.671(0.876), LR: 0.000484
[GPU cuda:0][TRAIN] Epoch: [4][3050/3100], Elapsed 16m 23s (remain 0m 15s), Accuracy: 75.000(62.906), Loss: 0.523(0.875), LR: 0.000485
[GPU cuda:0][TRAIN] Epoch: [4][3099/3100], Elapsed 16m 38s (remain 0m 0s), Accuracy: 25.000(62.702), Loss: 1.843(0.879), LR: 0.000486
[GPU cuda:0][VALID][0/388], Elapsed 0m 0s (remain 3m 37s), Accuracy: 75.000(75.000), Batch Loss: 0.9351, Average Loss: 0.9351
[GPU cuda:0][VALID][50/388], Elapsed 0m 12s (remain 1m 20s), Accuracy: 87.500(63.235), Batch Loss: 0.5237, Average Loss: 0.9041
[GPU cuda:0][VALID][100/388], Elapsed 0m 23s (remain 1m 7s), Accuracy: 37.500(60.025), Batch Loss: 1.1357, Average Loss: 0.9375
[GPU cuda:0][VALID][150/388], Elapsed 0m 35s (remain 0m 55s), Accuracy: 37.500(58.361), Batch Loss: 1.4282, Average Loss: 0.9574
[GPU cuda:0][VALID][200/388], Elapsed 0m 47s (remain 0m 44s), Accuracy: 50.000(57.898), Batch Loss: 0.8388, Average Loss: 0.9517
[GPU cuda:0][VALID][250/388], Elapsed 0m 59s (remain 0m 32s), Accuracy: 37.500(57.918), Batch Loss: 1.2726, Average Loss: 0.9575
[GPU cuda:0][VALID][300/388], Elapsed 1m 10s (remain 0m 20s), Accuracy: 37.500(58.181), Batch Loss: 1.2352, Average Loss: 0.9545
[GPU cuda:0][VALID][350/388], Elapsed 1m 22s (remain 0m 8s), Accuracy: 62.500(58.084), Batch Loss: 0.8770, Average Loss: 0.9503
[GPU cuda:0][VALID][387/388], Elapsed 1m 31s (remain 0m 0s), Accuracy: 25.000(57.829), Batch Loss: 1.4831, Average Loss: 0.9498
Valid Labels Samples: [2 0 1 4 1 0 3 1 4 3]
Valid Predictions Samples: [2, 0, 0, 4, 1, 0, 3, 2, 4, 0]
Epoch 4 - Train Average Loss: 62.702, Valid Average Loss: 57.829, Epoch Time: 1092.686s
Epoch 4 - Accuracy: 0.579, Precision: 0.615, Recall: 0.579
[GPU cuda:0][TRAIN] Epoch: [5][0/3100], Elapsed 0m 0s (remain 38m 41s), Accuracy: 75.000(75.000), Loss: 1.027(1.027), LR: 0.000486
[GPU cuda:0][TRAIN] Epoch: [5][50/3100], Elapsed 0m 16s (remain 16m 50s), Accuracy: 50.000(66.176), Loss: 1.813(0.826), LR: 0.000486
[GPU cuda:0][TRAIN] Epoch: [5][100/3100], Elapsed 0m 33s (remain 16m 21s), Accuracy: 25.000(56.188), Loss: 1.301(0.970), LR: 0.000487
[GPU cuda:0][TRAIN] Epoch: [5][150/3100], Elapsed 0m 49s (remain 15m 59s), Accuracy: 100.000(57.947), Loss: 0.093(0.938), LR: 0.000488
[GPU cuda:0][TRAIN] Epoch: [5][200/3100], Elapsed 1m 5s (remain 15m 40s), Accuracy: 100.000(58.955), Loss: 0.235(0.937), LR: 0.000489
[GPU cuda:0][TRAIN] Epoch: [5][250/3100], Elapsed 1m 21s (remain 15m 23s), Accuracy: 25.000(59.562), Loss: 1.189(0.938), LR: 0.000490
[GPU cuda:0][TRAIN] Epoch: [5][300/3100], Elapsed 1m 37s (remain 15m 6s), Accuracy: 0.000(60.050), Loss: 1.149(0.933), LR: 0.000491
[GPU cuda:0][TRAIN] Epoch: [5][350/3100], Elapsed 1m 53s (remain 14m 49s), Accuracy: 0.000(60.470), Loss: 1.125(0.926), LR: 0.000491
[GPU cuda:0][TRAIN] Epoch: [5][400/3100], Elapsed 2m 9s (remain 14m 33s), Accuracy: 50.000(60.224), Loss: 0.854(0.923), LR: 0.000492
[GPU cuda:0][TRAIN] Epoch: [5][450/3100], Elapsed 2m 25s (remain 14m 16s), Accuracy: 75.000(60.477), Loss: 0.755(0.921), LR: 0.000493
[GPU cuda:0][TRAIN] Epoch: [5][500/3100], Elapsed 2m 41s (remain 13m 59s), Accuracy: 25.000(60.978), Loss: 1.271(0.917), LR: 0.000493
[GPU cuda:0][TRAIN] Epoch: [5][550/3100], Elapsed 2m 58s (remain 13m 43s), Accuracy: 50.000(61.842), Loss: 1.344(0.904), LR: 0.000494
[GPU cuda:0][TRAIN] Epoch: [5][600/3100], Elapsed 3m 13s (remain 13m 26s), Accuracy: 75.000(61.814), Loss: 0.551(0.907), LR: 0.000495
[GPU cuda:0][TRAIN] Epoch: [5][650/3100], Elapsed 3m 29s (remain 13m 8s), Accuracy: 75.000(62.020), Loss: 0.435(0.906), LR: 0.000495
[GPU cuda:0][TRAIN] Epoch: [5][700/3100], Elapsed 3m 45s (remain 12m 50s), Accuracy: 75.000(62.019), Loss: 0.981(0.906), LR: 0.000496
[GPU cuda:0][TRAIN] Epoch: [5][750/3100], Elapsed 4m 1s (remain 12m 34s), Accuracy: 100.000(62.350), Loss: 0.076(0.901), LR: 0.000496
[GPU cuda:0][TRAIN] Epoch: [5][800/3100], Elapsed 4m 17s (remain 12m 19s), Accuracy: 75.000(62.578), Loss: 0.605(0.897), LR: 0.000497
[GPU cuda:0][TRAIN] Epoch: [5][850/3100], Elapsed 4m 34s (remain 12m 4s), Accuracy: 75.000(62.838), Loss: 0.837(0.894), LR: 0.000497
[GPU cuda:0][TRAIN] Epoch: [5][900/3100], Elapsed 4m 50s (remain 11m 48s), Accuracy: 75.000(62.181), Loss: 0.852(0.906), LR: 0.000497
[GPU cuda:0][TRAIN] Epoch: [5][950/3100], Elapsed 5m 6s (remain 11m 33s), Accuracy: 100.000(62.329), Loss: 0.639(0.904), LR: 0.000498
[GPU cuda:0][TRAIN] Epoch: [5][1000/3100], Elapsed 5m 23s (remain 11m 17s), Accuracy: 50.000(62.762), Loss: 0.608(0.895), LR: 0.000498
[GPU cuda:0][TRAIN] Epoch: [5][1050/3100], Elapsed 5m 39s (remain 11m 1s), Accuracy: 100.000(63.059), Loss: 0.166(0.884), LR: 0.000498
[GPU cuda:0][TRAIN] Epoch: [5][1100/3100], Elapsed 5m 55s (remain 10m 45s), Accuracy: 25.000(63.238), Loss: 1.086(0.880), LR: 0.000499
[GPU cuda:0][TRAIN] Epoch: [5][1150/3100], Elapsed 6m 11s (remain 10m 29s), Accuracy: 25.000(63.249), Loss: 0.795(0.877), LR: 0.000499
[GPU cuda:0][TRAIN] Epoch: [5][1200/3100], Elapsed 6m 28s (remain 10m 13s), Accuracy: 100.000(62.989), Loss: 0.302(0.884), LR: 0.000499
[GPU cuda:0][TRAIN] Epoch: [5][1250/3100], Elapsed 6m 44s (remain 9m 57s), Accuracy: 50.000(62.610), Loss: 1.204(0.887), LR: 0.000499
[GPU cuda:0][TRAIN] Epoch: [5][1300/3100], Elapsed 7m 0s (remain 9m 41s), Accuracy: 75.000(62.567), Loss: 0.549(0.890), LR: 0.000500
[GPU cuda:0][TRAIN] Epoch: [5][1350/3100], Elapsed 7m 16s (remain 9m 25s), Accuracy: 100.000(62.861), Loss: 0.306(0.884), LR: 0.000500
[GPU cuda:0][TRAIN] Epoch: [5][1400/3100], Elapsed 7m 32s (remain 9m 8s), Accuracy: 50.000(62.777), Loss: 0.846(0.884), LR: 0.000500
[GPU cuda:0][TRAIN] Epoch: [5][1450/3100], Elapsed 7m 48s (remain 8m 52s), Accuracy: 75.000(63.146), Loss: 0.677(0.879), LR: 0.000500
[GPU cuda:0][TRAIN] Epoch: [5][1500/3100], Elapsed 8m 4s (remain 8m 36s), Accuracy: 100.000(63.191), Loss: 0.499(0.878), LR: 0.000500
[GPU cuda:0][TRAIN] Epoch: [5][1550/3100], Elapsed 8m 20s (remain 8m 20s), Accuracy: 100.000(63.233), Loss: 0.114(0.875), LR: 0.000500
[GPU cuda:0][TRAIN] Epoch: [5][1600/3100], Elapsed 8m 37s (remain 8m 4s), Accuracy: 75.000(63.210), Loss: 0.451(0.875), LR: 0.000500
[GPU cuda:0][TRAIN] Epoch: [5][1650/3100], Elapsed 8m 53s (remain 7m 47s), Accuracy: 100.000(63.204), Loss: 0.188(0.876), LR: 0.000500
[GPU cuda:0][TRAIN] Epoch: [5][1700/3100], Elapsed 9m 9s (remain 7m 31s), Accuracy: 75.000(63.419), Loss: 1.092(0.871), LR: 0.000500
[GPU cuda:0][TRAIN] Epoch: [5][1750/3100], Elapsed 9m 25s (remain 7m 15s), Accuracy: 75.000(63.350), Loss: 0.568(0.872), LR: 0.000500
[GPU cuda:0][TRAIN] Epoch: [5][1800/3100], Elapsed 9m 41s (remain 6m 59s), Accuracy: 50.000(63.534), Loss: 0.668(0.868), LR: 0.000500
[GPU cuda:0][TRAIN] Epoch: [5][1850/3100], Elapsed 9m 57s (remain 6m 43s), Accuracy: 25.000(63.385), Loss: 1.431(0.869), LR: 0.000500
[GPU cuda:0][TRAIN] Epoch: [5][1900/3100], Elapsed 10m 13s (remain 6m 26s), Accuracy: 75.000(63.388), Loss: 0.806(0.868), LR: 0.000500
[GPU cuda:0][TRAIN] Epoch: [5][1950/3100], Elapsed 10m 29s (remain 6m 10s), Accuracy: 75.000(63.493), Loss: 0.795(0.867), LR: 0.000500
[GPU cuda:0][TRAIN] Epoch: [5][2000/3100], Elapsed 10m 45s (remain 5m 54s), Accuracy: 75.000(63.493), Loss: 0.618(0.867), LR: 0.000500
[GPU cuda:0][TRAIN] Epoch: [5][2050/3100], Elapsed 11m 1s (remain 5m 38s), Accuracy: 75.000(63.579), Loss: 0.474(0.865), LR: 0.000500
[GPU cuda:0][TRAIN] Epoch: [5][2100/3100], Elapsed 11m 17s (remain 5m 22s), Accuracy: 75.000(63.708), Loss: 1.811(0.863), LR: 0.000500
[GPU cuda:0][TRAIN] Epoch: [5][2150/3100], Elapsed 11m 33s (remain 5m 6s), Accuracy: 50.000(63.901), Loss: 1.020(0.859), LR: 0.000500
[GPU cuda:0][TRAIN] Epoch: [5][2200/3100], Elapsed 11m 50s (remain 4m 50s), Accuracy: 25.000(63.812), Loss: 1.256(0.860), LR: 0.000500
[GPU cuda:0][TRAIN] Epoch: [5][2250/3100], Elapsed 12m 6s (remain 4m 33s), Accuracy: 75.000(63.927), Loss: 0.619(0.857), LR: 0.000499
[GPU cuda:0][TRAIN] Epoch: [5][2300/3100], Elapsed 12m 22s (remain 4m 17s), Accuracy: 25.000(63.896), Loss: 1.570(0.856), LR: 0.000499
[GPU cuda:0][TRAIN] Epoch: [5][2350/3100], Elapsed 12m 38s (remain 4m 1s), Accuracy: 50.000(63.696), Loss: 0.978(0.857), LR: 0.000499
[GPU cuda:0][TRAIN] Epoch: [5][2400/3100], Elapsed 12m 54s (remain 3m 45s), Accuracy: 50.000(63.661), Loss: 1.316(0.857), LR: 0.000499
[GPU cuda:0][TRAIN] Epoch: [5][2450/3100], Elapsed 13m 10s (remain 3m 29s), Accuracy: 25.000(63.596), Loss: 1.346(0.857), LR: 0.000499
[GPU cuda:0][TRAIN] Epoch: [5][2500/3100], Elapsed 13m 26s (remain 3m 13s), Accuracy: 50.000(63.784), Loss: 0.923(0.855), LR: 0.000499
[GPU cuda:0][TRAIN] Epoch: [5][2550/3100], Elapsed 13m 41s (remain 2m 56s), Accuracy: 50.000(63.740), Loss: 1.067(0.856), LR: 0.000499
[GPU cuda:0][TRAIN] Epoch: [5][2600/3100], Elapsed 13m 57s (remain 2m 40s), Accuracy: 50.000(63.927), Loss: 0.758(0.852), LR: 0.000499
[GPU cuda:0][TRAIN] Epoch: [5][2650/3100], Elapsed 14m 13s (remain 2m 24s), Accuracy: 25.000(64.051), Loss: 1.374(0.851), LR: 0.000499
[GPU cuda:0][TRAIN] Epoch: [5][2700/3100], Elapsed 14m 30s (remain 2m 8s), Accuracy: 50.000(64.050), Loss: 0.741(0.850), LR: 0.000498
[GPU cuda:0][TRAIN] Epoch: [5][2750/3100], Elapsed 14m 46s (remain 1m 52s), Accuracy: 50.000(64.149), Loss: 0.995(0.848), LR: 0.000498
[GPU cuda:0][TRAIN] Epoch: [5][2800/3100], Elapsed 15m 2s (remain 1m 36s), Accuracy: 25.000(64.182), Loss: 1.362(0.848), LR: 0.000498
[GPU cuda:0][TRAIN] Epoch: [5][2850/3100], Elapsed 15m 18s (remain 1m 20s), Accuracy: 75.000(64.241), Loss: 0.822(0.847), LR: 0.000498
[GPU cuda:0][TRAIN] Epoch: [5][2900/3100], Elapsed 15m 35s (remain 1m 4s), Accuracy: 100.000(64.228), Loss: 0.620(0.848), LR: 0.000498
[GPU cuda:0][TRAIN] Epoch: [5][2950/3100], Elapsed 15m 51s (remain 0m 48s), Accuracy: 75.000(64.317), Loss: 0.866(0.848), LR: 0.000498
[GPU cuda:0][TRAIN] Epoch: [5][3000/3100], Elapsed 16m 7s (remain 0m 31s), Accuracy: 50.000(64.420), Loss: 1.411(0.846), LR: 0.000498
[GPU cuda:0][TRAIN] Epoch: [5][3050/3100], Elapsed 16m 24s (remain 0m 15s), Accuracy: 75.000(64.430), Loss: 0.419(0.846), LR: 0.000497
[GPU cuda:0][TRAIN] Epoch: [5][3099/3100], Elapsed 16m 40s (remain 0m 0s), Accuracy: 50.000(64.468), Loss: 1.867(0.845), LR: 0.000497
[GPU cuda:0][VALID][0/388], Elapsed 0m 0s (remain 3m 29s), Accuracy: 75.000(75.000), Batch Loss: 0.4492, Average Loss: 0.4492
[GPU cuda:0][VALID][50/388], Elapsed 0m 12s (remain 1m 20s), Accuracy: 75.000(68.382), Batch Loss: 0.6077, Average Loss: 0.7338
[GPU cuda:0][VALID][100/388], Elapsed 0m 23s (remain 1m 7s), Accuracy: 62.500(68.812), Batch Loss: 0.9031, Average Loss: 0.7281
[GPU cuda:0][VALID][150/388], Elapsed 0m 35s (remain 0m 55s), Accuracy: 75.000(68.626), Batch Loss: 0.9900, Average Loss: 0.7588
[GPU cuda:0][VALID][200/388], Elapsed 0m 47s (remain 0m 43s), Accuracy: 100.000(67.973), Batch Loss: 0.2888, Average Loss: 0.7631
[GPU cuda:0][VALID][250/388], Elapsed 0m 59s (remain 0m 32s), Accuracy: 50.000(67.331), Batch Loss: 1.3145, Average Loss: 0.7771
[GPU cuda:0][VALID][300/388], Elapsed 1m 10s (remain 0m 20s), Accuracy: 50.000(67.442), Batch Loss: 1.1321, Average Loss: 0.7732
[GPU cuda:0][VALID][350/388], Elapsed 1m 22s (remain 0m 8s), Accuracy: 62.500(67.557), Batch Loss: 0.8592, Average Loss: 0.7787
[GPU cuda:0][VALID][387/388], Elapsed 1m 31s (remain 0m 0s), Accuracy: 25.000(67.719), Batch Loss: 0.9968, Average Loss: 0.7739
Valid Labels Samples: [2 0 1 4 1 0 3 1 4 3]
Valid Predictions Samples: [2, 0, 2, 4, 1, 0, 3, 2, 3, 0]
Epoch 5 - Train Average Loss: 64.468, Valid Average Loss: 67.719, Epoch Time: 1093.901s
Epoch 5 - Accuracy: 0.678, Precision: 0.692, Recall: 0.678
Saved Best Model: 0.68
[GPU cuda:0][TRAIN] Epoch: [6][0/3100], Elapsed 0m 0s (remain 38m 11s), Accuracy: 75.000(75.000), Loss: 0.817(0.817), LR: 0.000497
[GPU cuda:0][TRAIN] Epoch: [6][50/3100], Elapsed 0m 16s (remain 16m 49s), Accuracy: 75.000(71.078), Loss: 1.223(0.701), LR: 0.000497
[GPU cuda:0][TRAIN] Epoch: [6][100/3100], Elapsed 0m 33s (remain 16m 20s), Accuracy: 25.000(67.822), Loss: 1.355(0.758), LR: 0.000497
[GPU cuda:0][TRAIN] Epoch: [6][150/3100], Elapsed 0m 49s (remain 16m 0s), Accuracy: 100.000(66.887), Loss: 0.120(0.787), LR: 0.000497
[GPU cuda:0][TRAIN] Epoch: [6][200/3100], Elapsed 1m 5s (remain 15m 41s), Accuracy: 75.000(67.537), Loss: 0.373(0.784), LR: 0.000496
[GPU cuda:0][TRAIN] Epoch: [6][250/3100], Elapsed 1m 21s (remain 15m 23s), Accuracy: 50.000(66.733), Loss: 1.260(0.802), LR: 0.000496
[GPU cuda:0][TRAIN] Epoch: [6][300/3100], Elapsed 1m 37s (remain 15m 6s), Accuracy: 50.000(67.110), Loss: 0.694(0.803), LR: 0.000496
[GPU cuda:0][TRAIN] Epoch: [6][350/3100], Elapsed 1m 53s (remain 14m 50s), Accuracy: 50.000(67.949), Loss: 0.875(0.787), LR: 0.000496
[GPU cuda:0][TRAIN] Epoch: [6][400/3100], Elapsed 2m 9s (remain 14m 34s), Accuracy: 50.000(66.895), Loss: 0.938(0.799), LR: 0.000496
[GPU cuda:0][TRAIN] Epoch: [6][450/3100], Elapsed 2m 26s (remain 14m 17s), Accuracy: 75.000(67.129), Loss: 0.534(0.793), LR: 0.000495
[GPU cuda:0][TRAIN] Epoch: [6][500/3100], Elapsed 2m 42s (remain 14m 0s), Accuracy: 75.000(67.166), Loss: 0.785(0.794), LR: 0.000495
[GPU cuda:0][TRAIN] Epoch: [6][550/3100], Elapsed 2m 58s (remain 13m 44s), Accuracy: 25.000(67.332), Loss: 1.529(0.789), LR: 0.000495
[GPU cuda:0][TRAIN] Epoch: [6][600/3100], Elapsed 3m 14s (remain 13m 28s), Accuracy: 75.000(67.388), Loss: 0.467(0.785), LR: 0.000495
[GPU cuda:0][TRAIN] Epoch: [6][650/3100], Elapsed 3m 30s (remain 13m 11s), Accuracy: 75.000(67.012), Loss: 0.839(0.796), LR: 0.000494
[GPU cuda:0][TRAIN] Epoch: [6][700/3100], Elapsed 3m 46s (remain 12m 55s), Accuracy: 75.000(67.047), Loss: 0.711(0.797), LR: 0.000494
[GPU cuda:0][TRAIN] Epoch: [6][750/3100], Elapsed 4m 2s (remain 12m 39s), Accuracy: 100.000(67.177), Loss: 0.092(0.793), LR: 0.000494
[GPU cuda:0][TRAIN] Epoch: [6][800/3100], Elapsed 4m 18s (remain 12m 22s), Accuracy: 100.000(67.291), Loss: 0.496(0.790), LR: 0.000494
[GPU cuda:0][TRAIN] Epoch: [6][850/3100], Elapsed 4m 34s (remain 12m 6s), Accuracy: 75.000(67.333), Loss: 0.552(0.792), LR: 0.000493
[GPU cuda:0][TRAIN] Epoch: [6][900/3100], Elapsed 4m 50s (remain 11m 50s), Accuracy: 75.000(66.926), Loss: 0.606(0.800), LR: 0.000493
[GPU cuda:0][TRAIN] Epoch: [6][950/3100], Elapsed 5m 6s (remain 11m 33s), Accuracy: 75.000(67.114), Loss: 0.604(0.800), LR: 0.000493
[GPU cuda:0][TRAIN] Epoch: [6][1000/3100], Elapsed 5m 22s (remain 11m 15s), Accuracy: 75.000(67.657), Loss: 0.524(0.790), LR: 0.000492
[GPU cuda:0][TRAIN] Epoch: [6][1050/3100], Elapsed 5m 37s (remain 10m 58s), Accuracy: 75.000(67.935), Loss: 0.468(0.786), LR: 0.000492
[GPU cuda:0][TRAIN] Epoch: [6][1100/3100], Elapsed 5m 54s (remain 10m 42s), Accuracy: 50.000(67.916), Loss: 1.197(0.784), LR: 0.000492
[GPU cuda:0][TRAIN] Epoch: [6][1150/3100], Elapsed 6m 10s (remain 10m 27s), Accuracy: 75.000(67.550), Loss: 0.579(0.789), LR: 0.000492
[GPU cuda:0][TRAIN] Epoch: [6][1200/3100], Elapsed 6m 26s (remain 10m 11s), Accuracy: 75.000(67.236), Loss: 0.487(0.791), LR: 0.000491
[GPU cuda:0][TRAIN] Epoch: [6][1250/3100], Elapsed 6m 43s (remain 9m 55s), Accuracy: 75.000(67.046), Loss: 0.894(0.794), LR: 0.000491
[GPU cuda:0][TRAIN] Epoch: [6][1300/3100], Elapsed 6m 59s (remain 9m 39s), Accuracy: 50.000(67.083), Loss: 0.608(0.794), LR: 0.000491
[GPU cuda:0][TRAIN] Epoch: [6][1350/3100], Elapsed 7m 15s (remain 9m 24s), Accuracy: 100.000(67.209), Loss: 0.422(0.790), LR: 0.000490
[GPU cuda:0][TRAIN] Epoch: [6][1400/3100], Elapsed 7m 32s (remain 9m 8s), Accuracy: 100.000(67.184), Loss: 0.646(0.791), LR: 0.000490
[GPU cuda:0][TRAIN] Epoch: [6][1450/3100], Elapsed 7m 48s (remain 8m 52s), Accuracy: 75.000(67.436), Loss: 0.532(0.786), LR: 0.000490
[GPU cuda:0][TRAIN] Epoch: [6][1500/3100], Elapsed 8m 4s (remain 8m 36s), Accuracy: 100.000(67.355), Loss: 0.974(0.792), LR: 0.000489
[GPU cuda:0][TRAIN] Epoch: [6][1550/3100], Elapsed 8m 21s (remain 8m 20s), Accuracy: 75.000(67.166), Loss: 0.452(0.794), LR: 0.000489
[GPU cuda:0][TRAIN] Epoch: [6][1600/3100], Elapsed 8m 37s (remain 8m 4s), Accuracy: 100.000(67.208), Loss: 0.277(0.792), LR: 0.000489
[GPU cuda:0][TRAIN] Epoch: [6][1650/3100], Elapsed 8m 53s (remain 7m 47s), Accuracy: 100.000(67.156), Loss: 0.062(0.792), LR: 0.000488
[GPU cuda:0][TRAIN] Epoch: [6][1700/3100], Elapsed 9m 9s (remain 7m 31s), Accuracy: 75.000(67.284), Loss: 0.939(0.790), LR: 0.000488
[GPU cuda:0][TRAIN] Epoch: [6][1750/3100], Elapsed 9m 25s (remain 7m 15s), Accuracy: 100.000(67.119), Loss: 0.375(0.794), LR: 0.000487
[GPU cuda:0][TRAIN] Epoch: [6][1800/3100], Elapsed 9m 41s (remain 6m 59s), Accuracy: 75.000(67.296), Loss: 0.939(0.791), LR: 0.000487
[GPU cuda:0][TRAIN] Epoch: [6][1850/3100], Elapsed 9m 57s (remain 6m 43s), Accuracy: 50.000(67.247), Loss: 0.547(0.792), LR: 0.000487
[GPU cuda:0][TRAIN] Epoch: [6][1900/3100], Elapsed 10m 13s (remain 6m 27s), Accuracy: 50.000(67.254), Loss: 1.093(0.790), LR: 0.000486
[GPU cuda:0][TRAIN] Epoch: [6][1950/3100], Elapsed 10m 29s (remain 6m 10s), Accuracy: 100.000(67.273), Loss: 0.464(0.790), LR: 0.000486
[GPU cuda:0][TRAIN] Epoch: [6][2000/3100], Elapsed 10m 45s (remain 5m 54s), Accuracy: 100.000(67.366), Loss: 0.528(0.788), LR: 0.000485
[GPU cuda:0][TRAIN] Epoch: [6][2050/3100], Elapsed 11m 2s (remain 5m 38s), Accuracy: 50.000(67.577), Loss: 0.676(0.784), LR: 0.000485
[GPU cuda:0][TRAIN] Epoch: [6][2100/3100], Elapsed 11m 18s (remain 5m 22s), Accuracy: 75.000(67.646), Loss: 1.748(0.783), LR: 0.000485
[GPU cuda:0][TRAIN] Epoch: [6][2150/3100], Elapsed 11m 34s (remain 5m 6s), Accuracy: 50.000(67.689), Loss: 1.042(0.780), LR: 0.000484
[GPU cuda:0][TRAIN] Epoch: [6][2200/3100], Elapsed 11m 50s (remain 4m 50s), Accuracy: 25.000(67.719), Loss: 1.319(0.779), LR: 0.000484
[GPU cuda:0][TRAIN] Epoch: [6][2250/3100], Elapsed 12m 6s (remain 4m 33s), Accuracy: 75.000(67.859), Loss: 0.522(0.776), LR: 0.000483
[GPU cuda:0][TRAIN] Epoch: [6][2300/3100], Elapsed 12m 22s (remain 4m 17s), Accuracy: 25.000(67.884), Loss: 1.490(0.773), LR: 0.000483
[GPU cuda:0][TRAIN] Epoch: [6][2350/3100], Elapsed 12m 38s (remain 4m 1s), Accuracy: 50.000(67.960), Loss: 1.077(0.773), LR: 0.000482
[GPU cuda:0][TRAIN] Epoch: [6][2400/3100], Elapsed 12m 54s (remain 3m 45s), Accuracy: 25.000(67.909), Loss: 1.256(0.774), LR: 0.000482
[GPU cuda:0][TRAIN] Epoch: [6][2450/3100], Elapsed 13m 10s (remain 3m 29s), Accuracy: 25.000(67.789), Loss: 1.076(0.776), LR: 0.000482
[GPU cuda:0][TRAIN] Epoch: [6][2500/3100], Elapsed 13m 26s (remain 3m 13s), Accuracy: 75.000(67.893), Loss: 0.922(0.775), LR: 0.000481
[GPU cuda:0][TRAIN] Epoch: [6][2550/3100], Elapsed 13m 42s (remain 2m 57s), Accuracy: 25.000(67.875), Loss: 1.449(0.775), LR: 0.000481
[GPU cuda:0][TRAIN] Epoch: [6][2600/3100], Elapsed 13m 59s (remain 2m 40s), Accuracy: 50.000(68.003), Loss: 0.788(0.773), LR: 0.000480
[GPU cuda:0][TRAIN] Epoch: [6][2650/3100], Elapsed 14m 15s (remain 2m 24s), Accuracy: 75.000(68.050), Loss: 1.108(0.771), LR: 0.000480
[GPU cuda:0][TRAIN] Epoch: [6][2700/3100], Elapsed 14m 31s (remain 2m 8s), Accuracy: 75.000(68.178), Loss: 0.529(0.768), LR: 0.000479
[GPU cuda:0][TRAIN] Epoch: [6][2750/3100], Elapsed 14m 47s (remain 1m 52s), Accuracy: 75.000(68.230), Loss: 0.857(0.768), LR: 0.000479
[GPU cuda:0][TRAIN] Epoch: [6][2800/3100], Elapsed 15m 3s (remain 1m 36s), Accuracy: 0.000(68.181), Loss: 1.978(0.768), LR: 0.000478
[GPU cuda:0][TRAIN] Epoch: [6][2850/3100], Elapsed 15m 18s (remain 1m 20s), Accuracy: 75.000(68.222), Loss: 0.930(0.768), LR: 0.000478
[GPU cuda:0][TRAIN] Epoch: [6][2900/3100], Elapsed 15m 34s (remain 1m 4s), Accuracy: 100.000(68.235), Loss: 0.581(0.768), LR: 0.000477
[GPU cuda:0][TRAIN] Epoch: [6][2950/3100], Elapsed 15m 50s (remain 0m 47s), Accuracy: 75.000(68.257), Loss: 0.462(0.768), LR: 0.000477
[GPU cuda:0][TRAIN] Epoch: [6][3000/3100], Elapsed 16m 6s (remain 0m 31s), Accuracy: 50.000(68.269), Loss: 1.259(0.767), LR: 0.000476
[GPU cuda:0][TRAIN] Epoch: [6][3050/3100], Elapsed 16m 23s (remain 0m 15s), Accuracy: 75.000(68.338), Loss: 0.603(0.766), LR: 0.000476
[GPU cuda:0][TRAIN] Epoch: [6][3099/3100], Elapsed 16m 39s (remain 0m 0s), Accuracy: 25.000(68.411), Loss: 2.657(0.765), LR: 0.000475
[GPU cuda:0][VALID][0/388], Elapsed 0m 0s (remain 3m 42s), Accuracy: 100.000(100.000), Batch Loss: 0.3617, Average Loss: 0.3617
[GPU cuda:0][VALID][50/388], Elapsed 0m 12s (remain 1m 20s), Accuracy: 62.500(70.098), Batch Loss: 0.8942, Average Loss: 0.7235
[GPU cuda:0][VALID][100/388], Elapsed 0m 23s (remain 1m 7s), Accuracy: 75.000(70.916), Batch Loss: 0.8033, Average Loss: 0.7044
[GPU cuda:0][VALID][150/388], Elapsed 0m 35s (remain 0m 55s), Accuracy: 75.000(69.040), Batch Loss: 0.9629, Average Loss: 0.7380
[GPU cuda:0][VALID][200/388], Elapsed 0m 47s (remain 0m 44s), Accuracy: 75.000(69.838), Batch Loss: 0.3783, Average Loss: 0.7270
[GPU cuda:0][VALID][250/388], Elapsed 0m 59s (remain 0m 32s), Accuracy: 37.500(69.422), Batch Loss: 1.1446, Average Loss: 0.7332
[GPU cuda:0][VALID][300/388], Elapsed 1m 10s (remain 0m 20s), Accuracy: 50.000(69.186), Batch Loss: 0.8874, Average Loss: 0.7309
[GPU cuda:0][VALID][350/388], Elapsed 1m 22s (remain 0m 8s), Accuracy: 50.000(69.124), Batch Loss: 0.9263, Average Loss: 0.7343
[GPU cuda:0][VALID][387/388], Elapsed 1m 31s (remain 0m 0s), Accuracy: 75.000(69.491), Batch Loss: 0.6838, Average Loss: 0.7286
Valid Labels Samples: [2 0 1 4 1 0 3 1 4 3]
Valid Predictions Samples: [2, 0, 1, 4, 1, 0, 3, 1, 3, 0]
Epoch 6 - Train Average Loss: 68.411, Valid Average Loss: 69.491, Epoch Time: 1093.008s
Epoch 6 - Accuracy: 0.695, Precision: 0.695, Recall: 0.695
Saved Best Model: 0.69
[GPU cuda:0][TRAIN] Epoch: [7][0/3100], Elapsed 0m 0s (remain 39m 0s), Accuracy: 50.000(50.000), Loss: 1.055(1.055), LR: 0.000475
[GPU cuda:0][TRAIN] Epoch: [7][50/3100], Elapsed 0m 17s (remain 17m 2s), Accuracy: 100.000(74.510), Loss: 0.502(0.641), LR: 0.000475
[GPU cuda:0][TRAIN] Epoch: [7][100/3100], Elapsed 0m 33s (remain 16m 21s), Accuracy: 25.000(70.792), Loss: 1.970(0.713), LR: 0.000474
[GPU cuda:0][TRAIN] Epoch: [7][150/3100], Elapsed 0m 49s (remain 15m 58s), Accuracy: 100.000(70.033), Loss: 0.060(0.712), LR: 0.000474
[GPU cuda:0][TRAIN] Epoch: [7][200/3100], Elapsed 1m 5s (remain 15m 40s), Accuracy: 100.000(70.522), Loss: 0.115(0.705), LR: 0.000473
[GPU cuda:0][TRAIN] Epoch: [7][250/3100], Elapsed 1m 21s (remain 15m 23s), Accuracy: 50.000(69.622), Loss: 0.794(0.719), LR: 0.000473
[GPU cuda:0][TRAIN] Epoch: [7][300/3100], Elapsed 1m 37s (remain 15m 5s), Accuracy: 100.000(69.934), Loss: 0.505(0.724), LR: 0.000472
[GPU cuda:0][TRAIN] Epoch: [7][350/3100], Elapsed 1m 53s (remain 14m 49s), Accuracy: 50.000(70.726), Loss: 0.973(0.709), LR: 0.000471
[GPU cuda:0][TRAIN] Epoch: [7][400/3100], Elapsed 2m 9s (remain 14m 32s), Accuracy: 50.000(69.701), Loss: 0.970(0.726), LR: 0.000471
[GPU cuda:0][TRAIN] Epoch: [7][450/3100], Elapsed 2m 25s (remain 14m 16s), Accuracy: 75.000(69.623), Loss: 0.435(0.725), LR: 0.000470
[GPU cuda:0][TRAIN] Epoch: [7][500/3100], Elapsed 2m 41s (remain 13m 59s), Accuracy: 50.000(70.060), Loss: 0.918(0.716), LR: 0.000470
[GPU cuda:0][TRAIN] Epoch: [7][550/3100], Elapsed 2m 57s (remain 13m 42s), Accuracy: 50.000(70.191), Loss: 1.239(0.715), LR: 0.000469
[GPU cuda:0][TRAIN] Epoch: [7][600/3100], Elapsed 3m 13s (remain 13m 26s), Accuracy: 100.000(70.507), Loss: 0.160(0.708), LR: 0.000469
[GPU cuda:0][TRAIN] Epoch: [7][650/3100], Elapsed 3m 29s (remain 13m 9s), Accuracy: 75.000(70.046), Loss: 0.502(0.714), LR: 0.000468
[GPU cuda:0][TRAIN] Epoch: [7][700/3100], Elapsed 3m 46s (remain 12m 53s), Accuracy: 100.000(70.114), Loss: 0.357(0.717), LR: 0.000467
[GPU cuda:0][TRAIN] Epoch: [7][750/3100], Elapsed 4m 2s (remain 12m 37s), Accuracy: 75.000(70.206), Loss: 0.327(0.715), LR: 0.000467
[GPU cuda:0][TRAIN] Epoch: [7][800/3100], Elapsed 4m 18s (remain 12m 20s), Accuracy: 75.000(70.225), Loss: 0.757(0.716), LR: 0.000466
[GPU cuda:0][TRAIN] Epoch: [7][850/3100], Elapsed 4m 34s (remain 12m 4s), Accuracy: 100.000(70.153), Loss: 0.522(0.719), LR: 0.000466
[GPU cuda:0][TRAIN] Epoch: [7][900/3100], Elapsed 4m 50s (remain 11m 48s), Accuracy: 75.000(69.784), Loss: 0.622(0.725), LR: 0.000465
[GPU cuda:0][TRAIN] Epoch: [7][950/3100], Elapsed 5m 6s (remain 11m 32s), Accuracy: 75.000(69.637), Loss: 0.421(0.729), LR: 0.000464
[GPU cuda:0][TRAIN] Epoch: [7][1000/3100], Elapsed 5m 22s (remain 11m 16s), Accuracy: 50.000(69.980), Loss: 0.480(0.721), LR: 0.000464
[GPU cuda:0][TRAIN] Epoch: [7][1050/3100], Elapsed 5m 38s (remain 10m 59s), Accuracy: 100.000(70.266), Loss: 0.129(0.714), LR: 0.000463
[GPU cuda:0][TRAIN] Epoch: [7][1100/3100], Elapsed 5m 54s (remain 10m 43s), Accuracy: 50.000(70.436), Loss: 1.244(0.709), LR: 0.000462
[GPU cuda:0][TRAIN] Epoch: [7][1150/3100], Elapsed 6m 10s (remain 10m 27s), Accuracy: 75.000(70.395), Loss: 0.703(0.709), LR: 0.000462
[GPU cuda:0][TRAIN] Epoch: [7][1200/3100], Elapsed 6m 26s (remain 10m 11s), Accuracy: 100.000(70.420), Loss: 0.110(0.706), LR: 0.000461
[GPU cuda:0][TRAIN] Epoch: [7][1250/3100], Elapsed 6m 42s (remain 9m 55s), Accuracy: 75.000(70.064), Loss: 0.804(0.709), LR: 0.000461
[GPU cuda:0][TRAIN] Epoch: [7][1300/3100], Elapsed 6m 58s (remain 9m 38s), Accuracy: 75.000(70.215), Loss: 0.610(0.707), LR: 0.000460
[GPU cuda:0][TRAIN] Epoch: [7][1350/3100], Elapsed 7m 13s (remain 9m 21s), Accuracy: 75.000(70.152), Loss: 0.740(0.707), LR: 0.000459
[GPU cuda:0][TRAIN] Epoch: [7][1400/3100], Elapsed 7m 29s (remain 9m 5s), Accuracy: 75.000(69.986), Loss: 0.590(0.712), LR: 0.000459
[GPU cuda:0][TRAIN] Epoch: [7][1450/3100], Elapsed 7m 46s (remain 8m 49s), Accuracy: 75.000(70.193), Loss: 0.634(0.708), LR: 0.000458
[GPU cuda:0][TRAIN] Epoch: [7][1500/3100], Elapsed 8m 2s (remain 8m 34s), Accuracy: 75.000(70.286), Loss: 1.039(0.705), LR: 0.000457
[GPU cuda:0][TRAIN] Epoch: [7][1550/3100], Elapsed 8m 18s (remain 8m 18s), Accuracy: 100.000(70.164), Loss: 0.075(0.706), LR: 0.000457
[GPU cuda:0][TRAIN] Epoch: [7][1600/3100], Elapsed 8m 35s (remain 8m 2s), Accuracy: 100.000(70.237), Loss: 0.143(0.705), LR: 0.000456
[GPU cuda:0][TRAIN] Epoch: [7][1650/3100], Elapsed 8m 51s (remain 7m 46s), Accuracy: 100.000(70.472), Loss: 0.102(0.701), LR: 0.000455
[GPU cuda:0][TRAIN] Epoch: [7][1700/3100], Elapsed 9m 7s (remain 7m 30s), Accuracy: 50.000(70.694), Loss: 0.885(0.697), LR: 0.000454
[GPU cuda:0][TRAIN] Epoch: [7][1750/3100], Elapsed 9m 24s (remain 7m 14s), Accuracy: 50.000(70.503), Loss: 0.687(0.701), LR: 0.000454
[GPU cuda:0][TRAIN] Epoch: [7][1800/3100], Elapsed 9m 40s (remain 6m 58s), Accuracy: 100.000(70.669), Loss: 0.100(0.699), LR: 0.000453
[GPU cuda:0][TRAIN] Epoch: [7][1850/3100], Elapsed 9m 56s (remain 6m 42s), Accuracy: 25.000(70.421), Loss: 0.831(0.703), LR: 0.000452
[GPU cuda:0][TRAIN] Epoch: [7][1900/3100], Elapsed 10m 13s (remain 6m 26s), Accuracy: 100.000(70.555), Loss: 0.372(0.700), LR: 0.000452
[GPU cuda:0][TRAIN] Epoch: [7][1950/3100], Elapsed 10m 29s (remain 6m 10s), Accuracy: 75.000(70.489), Loss: 0.838(0.701), LR: 0.000451
[GPU cuda:0][TRAIN] Epoch: [7][2000/3100], Elapsed 10m 44s (remain 5m 54s), Accuracy: 100.000(70.540), Loss: 0.525(0.701), LR: 0.000450
[GPU cuda:0][TRAIN] Epoch: [7][2050/3100], Elapsed 11m 0s (remain 5m 38s), Accuracy: 75.000(70.758), Loss: 0.498(0.697), LR: 0.000449
[GPU cuda:0][TRAIN] Epoch: [7][2100/3100], Elapsed 11m 17s (remain 5m 21s), Accuracy: 75.000(70.800), Loss: 1.750(0.697), LR: 0.000449
[GPU cuda:0][TRAIN] Epoch: [7][2150/3100], Elapsed 11m 33s (remain 5m 5s), Accuracy: 50.000(70.990), Loss: 0.843(0.695), LR: 0.000448
[GPU cuda:0][TRAIN] Epoch: [7][2200/3100], Elapsed 11m 49s (remain 4m 49s), Accuracy: 25.000(71.059), Loss: 1.285(0.694), LR: 0.000447
[GPU cuda:0][TRAIN] Epoch: [7][2250/3100], Elapsed 12m 5s (remain 4m 33s), Accuracy: 75.000(71.257), Loss: 0.408(0.690), LR: 0.000447
[GPU cuda:0][TRAIN] Epoch: [7][2300/3100], Elapsed 12m 21s (remain 4m 17s), Accuracy: 25.000(71.186), Loss: 1.742(0.690), LR: 0.000446
[GPU cuda:0][TRAIN] Epoch: [7][2350/3100], Elapsed 12m 37s (remain 4m 1s), Accuracy: 50.000(71.172), Loss: 0.898(0.690), LR: 0.000445
[GPU cuda:0][TRAIN] Epoch: [7][2400/3100], Elapsed 12m 53s (remain 3m 45s), Accuracy: 50.000(71.106), Loss: 1.140(0.692), LR: 0.000444
[GPU cuda:0][TRAIN] Epoch: [7][2450/3100], Elapsed 13m 9s (remain 3m 29s), Accuracy: 50.000(71.032), Loss: 0.671(0.694), LR: 0.000444
[GPU cuda:0][TRAIN] Epoch: [7][2500/3100], Elapsed 13m 26s (remain 3m 13s), Accuracy: 75.000(71.152), Loss: 0.719(0.693), LR: 0.000443
[GPU cuda:0][TRAIN] Epoch: [7][2550/3100], Elapsed 13m 42s (remain 2m 56s), Accuracy: 50.000(71.119), Loss: 1.422(0.694), LR: 0.000442
[GPU cuda:0][TRAIN] Epoch: [7][2600/3100], Elapsed 13m 58s (remain 2m 40s), Accuracy: 50.000(71.357), Loss: 0.761(0.690), LR: 0.000441
[GPU cuda:0][TRAIN] Epoch: [7][2650/3100], Elapsed 14m 14s (remain 2m 24s), Accuracy: 75.000(71.407), Loss: 0.883(0.688), LR: 0.000440
[GPU cuda:0][TRAIN] Epoch: [7][2700/3100], Elapsed 14m 30s (remain 2m 8s), Accuracy: 75.000(71.520), Loss: 0.678(0.686), LR: 0.000440
[GPU cuda:0][TRAIN] Epoch: [7][2750/3100], Elapsed 14m 46s (remain 1m 52s), Accuracy: 75.000(71.529), Loss: 0.908(0.686), LR: 0.000439
[GPU cuda:0][TRAIN] Epoch: [7][2800/3100], Elapsed 15m 2s (remain 1m 36s), Accuracy: 0.000(71.466), Loss: 2.367(0.687), LR: 0.000438
[GPU cuda:0][TRAIN] Epoch: [7][2850/3100], Elapsed 15m 18s (remain 1m 20s), Accuracy: 75.000(71.563), Loss: 0.736(0.686), LR: 0.000437
[GPU cuda:0][TRAIN] Epoch: [7][2900/3100], Elapsed 15m 34s (remain 1m 4s), Accuracy: 100.000(71.501), Loss: 0.549(0.687), LR: 0.000436
[GPU cuda:0][TRAIN] Epoch: [7][2950/3100], Elapsed 15m 50s (remain 0m 48s), Accuracy: 75.000(71.594), Loss: 0.477(0.686), LR: 0.000436
[GPU cuda:0][TRAIN] Epoch: [7][3000/3100], Elapsed 16m 7s (remain 0m 31s), Accuracy: 50.000(71.659), Loss: 1.041(0.685), LR: 0.000435
[GPU cuda:0][TRAIN] Epoch: [7][3050/3100], Elapsed 16m 23s (remain 0m 15s), Accuracy: 75.000(71.788), Loss: 0.378(0.683), LR: 0.000434
[GPU cuda:0][TRAIN] Epoch: [7][3099/3100], Elapsed 16m 38s (remain 0m 0s), Accuracy: 25.000(71.790), Loss: 1.818(0.683), LR: 0.000433
[GPU cuda:0][VALID][0/388], Elapsed 0m 0s (remain 3m 37s), Accuracy: 37.500(37.500), Batch Loss: 2.4638, Average Loss: 2.4638
[GPU cuda:0][VALID][50/388], Elapsed 0m 12s (remain 1m 20s), Accuracy: 62.500(46.078), Batch Loss: 1.2768, Average Loss: 1.9458
[GPU cuda:0][VALID][100/388], Elapsed 0m 23s (remain 1m 7s), Accuracy: 25.000(47.401), Batch Loss: 2.8331, Average Loss: 1.9479
[GPU cuda:0][VALID][150/388], Elapsed 0m 35s (remain 0m 55s), Accuracy: 50.000(46.854), Batch Loss: 2.4887, Average Loss: 1.8982
[GPU cuda:0][VALID][200/388], Elapsed 0m 47s (remain 0m 44s), Accuracy: 75.000(46.642), Batch Loss: 1.1019, Average Loss: 1.8869
[GPU cuda:0][VALID][250/388], Elapsed 0m 59s (remain 0m 32s), Accuracy: 25.000(46.464), Batch Loss: 1.4386, Average Loss: 1.8813
[GPU cuda:0][VALID][300/388], Elapsed 1m 10s (remain 0m 20s), Accuracy: 12.500(46.719), Batch Loss: 2.3459, Average Loss: 1.8612
[GPU cuda:0][VALID][350/388], Elapsed 1m 22s (remain 0m 8s), Accuracy: 25.000(46.795), Batch Loss: 1.3397, Average Loss: 1.8493
[GPU cuda:0][VALID][387/388], Elapsed 1m 31s (remain 0m 0s), Accuracy: 25.000(47.165), Batch Loss: 2.7172, Average Loss: 1.8349
Valid Labels Samples: [2 0 1 4 1 0 3 1 4 3]
Valid Predictions Samples: [2, 0, 4, 4, 2, 1, 4, 4, 4, 0]
Epoch 7 - Train Average Loss: 71.790, Valid Average Loss: 47.165, Epoch Time: 1092.593s
Epoch 7 - Accuracy: 0.472, Precision: 0.482, Recall: 0.472
