[GPU 1]: Config File
{'id': 16, 'model_name': 'swin_large_patch4_window12_384_in22k', 'dropout': 0.5, 'size': 384, 'batch_size_t': 5, 'batch_size_v': 32, 'n_targets': 5, 'criterion': 'CrossEntropyLoss', 'gradient_accumulation_steps': 1, 'max_gradient_norm': None, 'optimizer': 'AdamW', 'scheduler': 'CosineAnnealingWarmRestarts', 'LR': 3e-05, 'T_0': 500, 'T_max': 10, 'T_mult': 5, 'min_lr': 1e-06, 'max_lr': 0.0001, 'no_batches': 'NA', 'warmup_epochs': 1, 'cosine_epochs': 14, 'epochs': 15, 'update_per_batch': True, 'num_workers': 4, 'n_folds': 5, 'train_transforms': [], 'valid_transforms': [], 'observations': None, 'use_swa': True, 'swa_lr': 0.01, 'swa_epoch': 0, 'use_sam': True, 'use_asam': True, 'asam_rho': 0.1, 'print_freq': 50, 'one_fold': True, 'use_apex': True, 'distributed_training': False, 'save_to_log': True}
================================================== Training Fold: 0 ==================================================
[GPU cuda:1][TRAIN] Epoch: [1][0/2480], Elapsed 0m 0s (remain 20m 54s), Accuracy: 0.000(0.000), Loss: 1.758(1.758), LR: 0.000030
[GPU cuda:1][TRAIN] Epoch: [1][50/2480], Elapsed 0m 14s (remain 11m 36s), Accuracy: 40.000(18.824), Loss: 1.586(1.653), LR: 0.000029
[GPU cuda:1][TRAIN] Epoch: [1][100/2480], Elapsed 0m 28s (remain 11m 18s), Accuracy: 60.000(21.188), Loss: 1.382(1.627), LR: 0.000027
[GPU cuda:1][TRAIN] Epoch: [1][150/2480], Elapsed 0m 42s (remain 11m 3s), Accuracy: 40.000(22.781), Loss: 1.656(1.603), LR: 0.000024
[GPU cuda:1][TRAIN] Epoch: [1][200/2480], Elapsed 0m 57s (remain 10m 47s), Accuracy: 0.000(26.269), Loss: 1.621(1.555), LR: 0.000020
[GPU cuda:1][TRAIN] Epoch: [1][250/2480], Elapsed 1m 11s (remain 10m 33s), Accuracy: 40.000(29.880), Loss: 1.123(1.497), LR: 0.000015
[GPU cuda:1][TRAIN] Epoch: [1][300/2480], Elapsed 1m 25s (remain 10m 18s), Accuracy: 20.000(32.425), Loss: 1.386(1.445), LR: 0.000011
[GPU cuda:1][TRAIN] Epoch: [1][350/2480], Elapsed 1m 39s (remain 10m 4s), Accuracy: 80.000(35.442), Loss: 0.786(1.388), LR: 0.000007
[GPU cuda:1][TRAIN] Epoch: [1][400/2480], Elapsed 1m 53s (remain 9m 50s), Accuracy: 60.000(37.955), Loss: 0.835(1.345), LR: 0.000004
[GPU cuda:1][TRAIN] Epoch: [1][450/2480], Elapsed 2m 8s (remain 9m 35s), Accuracy: 40.000(40.310), Loss: 1.619(1.304), LR: 0.000002
[GPU cuda:1][TRAIN] Epoch: [1][500/2480], Elapsed 2m 22s (remain 9m 21s), Accuracy: 20.000(41.996), Loss: 1.526(1.270), LR: 0.000030
[GPU cuda:1][TRAIN] Epoch: [1][550/2480], Elapsed 2m 36s (remain 9m 7s), Accuracy: 80.000(42.759), Loss: 0.600(1.260), LR: 0.000030
[GPU cuda:1][TRAIN] Epoch: [1][600/2480], Elapsed 2m 50s (remain 8m 53s), Accuracy: 100.000(43.527), Loss: 0.328(1.254), LR: 0.000030
[GPU cuda:1][TRAIN] Epoch: [1][650/2480], Elapsed 3m 4s (remain 8m 39s), Accuracy: 60.000(44.270), Loss: 0.866(1.240), LR: 0.000030
[GPU cuda:1][TRAIN] Epoch: [1][700/2480], Elapsed 3m 19s (remain 8m 25s), Accuracy: 100.000(44.593), Loss: 0.911(1.237), LR: 0.000030
[GPU cuda:1][TRAIN] Epoch: [1][750/2480], Elapsed 3m 33s (remain 8m 11s), Accuracy: 40.000(44.767), Loss: 1.135(1.235), LR: 0.000029
[GPU cuda:1][TRAIN] Epoch: [1][800/2480], Elapsed 3m 47s (remain 7m 56s), Accuracy: 60.000(45.718), Loss: 0.947(1.218), LR: 0.000029
[GPU cuda:1][TRAIN] Epoch: [1][850/2480], Elapsed 4m 1s (remain 7m 42s), Accuracy: 60.000(47.027), Loss: 1.018(1.195), LR: 0.000029
[GPU cuda:1][TRAIN] Epoch: [1][900/2480], Elapsed 4m 15s (remain 7m 28s), Accuracy: 40.000(47.902), Loss: 1.530(1.179), LR: 0.000028
[GPU cuda:1][TRAIN] Epoch: [1][950/2480], Elapsed 4m 30s (remain 7m 14s), Accuracy: 40.000(48.160), Loss: 1.060(1.170), LR: 0.000028
[GPU cuda:1][TRAIN] Epoch: [1][1000/2480], Elapsed 4m 44s (remain 7m 0s), Accuracy: 60.000(48.432), Loss: 1.323(1.160), LR: 0.000027
[GPU cuda:1][TRAIN] Epoch: [1][1050/2480], Elapsed 4m 58s (remain 6m 46s), Accuracy: 20.000(48.620), Loss: 1.939(1.157), LR: 0.000027
[GPU cuda:1][TRAIN] Epoch: [1][1100/2480], Elapsed 5m 12s (remain 6m 31s), Accuracy: 60.000(49.301), Loss: 0.880(1.144), LR: 0.000026
[GPU cuda:1][TRAIN] Epoch: [1][1150/2480], Elapsed 5m 27s (remain 6m 17s), Accuracy: 40.000(49.800), Loss: 1.704(1.135), LR: 0.000025
[GPU cuda:1][TRAIN] Epoch: [1][1200/2480], Elapsed 5m 41s (remain 6m 3s), Accuracy: 60.000(50.258), Loss: 0.862(1.125), LR: 0.000025
[GPU cuda:1][TRAIN] Epoch: [1][1250/2480], Elapsed 5m 55s (remain 5m 49s), Accuracy: 40.000(50.536), Loss: 1.028(1.118), LR: 0.000024
[GPU cuda:1][TRAIN] Epoch: [1][1300/2480], Elapsed 6m 9s (remain 5m 35s), Accuracy: 20.000(51.191), Loss: 2.014(1.107), LR: 0.000023
[GPU cuda:1][TRAIN] Epoch: [1][1350/2480], Elapsed 6m 23s (remain 5m 20s), Accuracy: 80.000(51.503), Loss: 0.367(1.099), LR: 0.000022
[GPU cuda:1][TRAIN] Epoch: [1][1400/2480], Elapsed 6m 38s (remain 5m 6s), Accuracy: 60.000(51.863), Loss: 0.626(1.094), LR: 0.000022
[GPU cuda:1][TRAIN] Epoch: [1][1450/2480], Elapsed 6m 52s (remain 4m 52s), Accuracy: 80.000(52.309), Loss: 0.597(1.085), LR: 0.000021
[GPU cuda:1][TRAIN] Epoch: [1][1500/2480], Elapsed 7m 6s (remain 4m 38s), Accuracy: 80.000(52.632), Loss: 0.499(1.078), LR: 0.000020
[GPU cuda:1][TRAIN] Epoch: [1][1550/2480], Elapsed 7m 20s (remain 4m 24s), Accuracy: 60.000(53.011), Loss: 0.636(1.071), LR: 0.000019
[GPU cuda:1][TRAIN] Epoch: [1][1600/2480], Elapsed 7m 35s (remain 4m 9s), Accuracy: 80.000(53.429), Loss: 0.648(1.062), LR: 0.000018
[GPU cuda:1][TRAIN] Epoch: [1][1650/2480], Elapsed 7m 49s (remain 3m 55s), Accuracy: 100.000(53.931), Loss: 0.262(1.051), LR: 0.000017
[GPU cuda:1][TRAIN] Epoch: [1][1700/2480], Elapsed 8m 3s (remain 3m 41s), Accuracy: 80.000(54.262), Loss: 0.521(1.045), LR: 0.000016
[GPU cuda:1][TRAIN] Epoch: [1][1750/2480], Elapsed 8m 17s (remain 3m 27s), Accuracy: 40.000(54.712), Loss: 1.114(1.038), LR: 0.000015
[GPU cuda:1][TRAIN] Epoch: [1][1800/2480], Elapsed 8m 32s (remain 3m 13s), Accuracy: 80.000(55.036), Loss: 1.012(1.031), LR: 0.000015
[GPU cuda:1][TRAIN] Epoch: [1][1850/2480], Elapsed 8m 46s (remain 2m 58s), Accuracy: 60.000(55.203), Loss: 0.916(1.025), LR: 0.000014
[GPU cuda:1][TRAIN] Epoch: [1][1900/2480], Elapsed 9m 0s (remain 2m 44s), Accuracy: 60.000(55.518), Loss: 0.748(1.018), LR: 0.000013
[GPU cuda:1][TRAIN] Epoch: [1][1950/2480], Elapsed 9m 14s (remain 2m 30s), Accuracy: 60.000(55.684), Loss: 0.806(1.015), LR: 0.000012
[GPU cuda:1][TRAIN] Epoch: [1][2000/2480], Elapsed 9m 29s (remain 2m 16s), Accuracy: 40.000(56.082), Loss: 0.926(1.008), LR: 0.000011
[GPU cuda:1][TRAIN] Epoch: [1][2050/2480], Elapsed 9m 43s (remain 2m 2s), Accuracy: 60.000(56.226), Loss: 1.037(1.006), LR: 0.000010
[GPU cuda:1][TRAIN] Epoch: [1][2100/2480], Elapsed 9m 57s (remain 1m 47s), Accuracy: 80.000(56.716), Loss: 0.449(0.997), LR: 0.000009
[GPU cuda:1][TRAIN] Epoch: [1][2150/2480], Elapsed 10m 11s (remain 1m 33s), Accuracy: 60.000(57.034), Loss: 1.130(0.990), LR: 0.000008
[GPU cuda:1][TRAIN] Epoch: [1][2200/2480], Elapsed 10m 26s (remain 1m 19s), Accuracy: 60.000(57.374), Loss: 0.844(0.984), LR: 0.000008
[GPU cuda:1][TRAIN] Epoch: [1][2250/2480], Elapsed 10m 40s (remain 1m 5s), Accuracy: 60.000(57.601), Loss: 1.175(0.979), LR: 0.000007
[GPU cuda:1][TRAIN] Epoch: [1][2300/2480], Elapsed 10m 54s (remain 0m 50s), Accuracy: 60.000(57.888), Loss: 0.729(0.974), LR: 0.000006
[GPU cuda:1][TRAIN] Epoch: [1][2350/2480], Elapsed 11m 8s (remain 0m 36s), Accuracy: 80.000(58.179), Loss: 0.684(0.969), LR: 0.000006
[GPU cuda:1][TRAIN] Epoch: [1][2400/2480], Elapsed 11m 23s (remain 0m 22s), Accuracy: 60.000(58.509), Loss: 1.263(0.964), LR: 0.000005
[GPU cuda:1][TRAIN] Epoch: [1][2450/2480], Elapsed 11m 37s (remain 0m 8s), Accuracy: 60.000(58.784), Loss: 0.605(0.958), LR: 0.000004
[GPU cuda:1][TRAIN] Epoch: [1][2479/2480], Elapsed 11m 45s (remain 0m 0s), Accuracy: 40.000(58.927), Loss: 1.873(0.955), LR: 0.000004
[GPU cuda:1][VALID][0/97], Elapsed 0m 1s (remain 2m 12s), Accuracy: 75.000(75.000), Batch Loss: 0.6877, Average Loss: 0.6877
[GPU cuda:1][VALID][50/97], Elapsed 0m 48s (remain 0m 44s), Accuracy: 75.000(73.775), Batch Loss: 0.4798, Average Loss: 0.6661
[GPU cuda:1][VALID][96/97], Elapsed 1m 33s (remain 0m 0s), Accuracy: 78.571(74.006), Batch Loss: 0.5225, Average Loss: 0.6707
Valid Labels Samples: [2 0 1 4 1 0 3 1 4 3]
Valid Predictions Samples: [2, 0, 1, 3, 1, 0, 3, 1, 3, 0]
Epoch 1 - Train Average Loss: 58.927, Valid Average Loss: 74.006, Epoch Time: 800.481s
Epoch 1 - Accuracy: 0.740, Precision: 0.754, Recall: 0.740
Saved Best Model: 0.74
[GPU cuda:1][TRAIN] Epoch: [2][0/2480], Elapsed 0m 0s (remain 25m 45s), Accuracy: 80.000(80.000), Loss: 0.920(0.920), LR: 0.000004
[GPU cuda:1][TRAIN] Epoch: [2][50/2480], Elapsed 0m 15s (remain 11m 59s), Accuracy: 60.000(73.725), Loss: 0.879(0.602), LR: 0.000003
[GPU cuda:1][TRAIN] Epoch: [2][100/2480], Elapsed 0m 29s (remain 11m 32s), Accuracy: 80.000(72.475), Loss: 0.851(0.649), LR: 0.000003
[GPU cuda:1][TRAIN] Epoch: [2][150/2480], Elapsed 0m 43s (remain 11m 13s), Accuracy: 60.000(72.318), Loss: 0.973(0.656), LR: 0.000003
[GPU cuda:1][TRAIN] Epoch: [2][200/2480], Elapsed 0m 57s (remain 10m 56s), Accuracy: 80.000(71.642), Loss: 0.686(0.681), LR: 0.000002
[GPU cuda:1][TRAIN] Epoch: [2][250/2480], Elapsed 1m 12s (remain 10m 40s), Accuracy: 100.000(72.271), Loss: 0.135(0.673), LR: 0.000002
[GPU cuda:1][TRAIN] Epoch: [2][300/2480], Elapsed 1m 26s (remain 10m 25s), Accuracy: 40.000(72.159), Loss: 1.079(0.678), LR: 0.000002
[GPU cuda:1][TRAIN] Epoch: [2][350/2480], Elapsed 1m 40s (remain 10m 9s), Accuracy: 80.000(71.567), Loss: 0.652(0.691), LR: 0.000001
[GPU cuda:1][TRAIN] Epoch: [2][400/2480], Elapsed 1m 54s (remain 9m 55s), Accuracy: 80.000(71.920), Loss: 0.585(0.686), LR: 0.000001
[GPU cuda:1][TRAIN] Epoch: [2][450/2480], Elapsed 2m 9s (remain 9m 40s), Accuracy: 80.000(72.239), Loss: 0.578(0.686), LR: 0.000001
[GPU cuda:1][TRAIN] Epoch: [2][500/2480], Elapsed 2m 23s (remain 9m 25s), Accuracy: 60.000(72.695), Loss: 0.849(0.678), LR: 0.000001
[GPU cuda:1][TRAIN] Epoch: [2][550/2480], Elapsed 2m 37s (remain 9m 11s), Accuracy: 100.000(71.942), Loss: 0.277(0.691), LR: 0.000030
[GPU cuda:1][TRAIN] Epoch: [2][600/2480], Elapsed 2m 51s (remain 8m 56s), Accuracy: 100.000(71.148), Loss: 0.128(0.709), LR: 0.000030
[GPU cuda:1][TRAIN] Epoch: [2][650/2480], Elapsed 3m 5s (remain 8m 42s), Accuracy: 100.000(70.968), Loss: 0.093(0.715), LR: 0.000030
[GPU cuda:1][TRAIN] Epoch: [2][700/2480], Elapsed 3m 20s (remain 8m 27s), Accuracy: 80.000(70.243), Loss: 0.859(0.731), LR: 0.000030
[GPU cuda:1][TRAIN] Epoch: [2][750/2480], Elapsed 3m 34s (remain 8m 13s), Accuracy: 80.000(69.720), Loss: 0.541(0.742), LR: 0.000030
[GPU cuda:1][TRAIN] Epoch: [2][800/2480], Elapsed 3m 48s (remain 7m 58s), Accuracy: 60.000(69.838), Loss: 0.774(0.739), LR: 0.000030
[GPU cuda:1][TRAIN] Epoch: [2][850/2480], Elapsed 4m 2s (remain 7m 44s), Accuracy: 60.000(69.941), Loss: 1.001(0.738), LR: 0.000030
[GPU cuda:1][TRAIN] Epoch: [2][900/2480], Elapsed 4m 16s (remain 7m 30s), Accuracy: 80.000(69.745), Loss: 1.237(0.744), LR: 0.000030
[GPU cuda:1][TRAIN] Epoch: [2][950/2480], Elapsed 4m 31s (remain 7m 15s), Accuracy: 80.000(69.821), Loss: 0.830(0.744), LR: 0.000030
[GPU cuda:1][TRAIN] Epoch: [2][1000/2480], Elapsed 4m 45s (remain 7m 1s), Accuracy: 60.000(69.231), Loss: 1.165(0.750), LR: 0.000030
[GPU cuda:1][TRAIN] Epoch: [2][1050/2480], Elapsed 4m 59s (remain 6m 47s), Accuracy: 60.000(69.191), Loss: 1.221(0.752), LR: 0.000030
[GPU cuda:1][TRAIN] Epoch: [2][1100/2480], Elapsed 5m 13s (remain 6m 32s), Accuracy: 80.000(69.319), Loss: 0.340(0.747), LR: 0.000030
[GPU cuda:1][TRAIN] Epoch: [2][1150/2480], Elapsed 5m 27s (remain 6m 18s), Accuracy: 80.000(69.175), Loss: 0.845(0.750), LR: 0.000030
[GPU cuda:1][TRAIN] Epoch: [2][1200/2480], Elapsed 5m 41s (remain 6m 4s), Accuracy: 60.000(69.092), Loss: 1.106(0.748), LR: 0.000030
[GPU cuda:1][TRAIN] Epoch: [2][1250/2480], Elapsed 5m 56s (remain 5m 49s), Accuracy: 40.000(68.937), Loss: 0.971(0.751), LR: 0.000030
[GPU cuda:1][TRAIN] Epoch: [2][1300/2480], Elapsed 6m 10s (remain 5m 35s), Accuracy: 80.000(68.962), Loss: 0.774(0.751), LR: 0.000030
[GPU cuda:1][TRAIN] Epoch: [2][1350/2480], Elapsed 6m 24s (remain 5m 21s), Accuracy: 100.000(68.956), Loss: 0.207(0.750), LR: 0.000030
[GPU cuda:1][TRAIN] Epoch: [2][1400/2480], Elapsed 6m 38s (remain 5m 7s), Accuracy: 80.000(68.694), Loss: 0.440(0.753), LR: 0.000030
[GPU cuda:1][TRAIN] Epoch: [2][1450/2480], Elapsed 6m 52s (remain 4m 52s), Accuracy: 80.000(68.629), Loss: 0.691(0.754), LR: 0.000030
[GPU cuda:1][TRAIN] Epoch: [2][1500/2480], Elapsed 7m 7s (remain 4m 38s), Accuracy: 100.000(68.528), Loss: 0.225(0.755), LR: 0.000030
[GPU cuda:1][TRAIN] Epoch: [2][1550/2480], Elapsed 7m 21s (remain 4m 24s), Accuracy: 80.000(68.407), Loss: 0.522(0.755), LR: 0.000030
[GPU cuda:1][TRAIN] Epoch: [2][1600/2480], Elapsed 7m 35s (remain 4m 10s), Accuracy: 60.000(68.395), Loss: 0.646(0.755), LR: 0.000029
[GPU cuda:1][TRAIN] Epoch: [2][1650/2480], Elapsed 7m 49s (remain 3m 55s), Accuracy: 80.000(68.528), Loss: 0.442(0.752), LR: 0.000029
[GPU cuda:1][TRAIN] Epoch: [2][1700/2480], Elapsed 8m 3s (remain 3m 41s), Accuracy: 80.000(68.536), Loss: 0.520(0.753), LR: 0.000029
[GPU cuda:1][TRAIN] Epoch: [2][1750/2480], Elapsed 8m 17s (remain 3m 27s), Accuracy: 40.000(68.418), Loss: 1.210(0.756), LR: 0.000029
[GPU cuda:1][TRAIN] Epoch: [2][1800/2480], Elapsed 8m 32s (remain 3m 13s), Accuracy: 60.000(68.495), Loss: 1.185(0.755), LR: 0.000029
[GPU cuda:1][TRAIN] Epoch: [2][1850/2480], Elapsed 8m 46s (remain 2m 58s), Accuracy: 20.000(68.428), Loss: 1.340(0.756), LR: 0.000029
[GPU cuda:1][TRAIN] Epoch: [2][1900/2480], Elapsed 9m 0s (remain 2m 44s), Accuracy: 60.000(68.448), Loss: 0.596(0.756), LR: 0.000029
[GPU cuda:1][TRAIN] Epoch: [2][1950/2480], Elapsed 9m 14s (remain 2m 30s), Accuracy: 100.000(68.303), Loss: 0.524(0.759), LR: 0.000029
[GPU cuda:1][TRAIN] Epoch: [2][2000/2480], Elapsed 9m 28s (remain 2m 16s), Accuracy: 80.000(68.356), Loss: 0.844(0.758), LR: 0.000029
[GPU cuda:1][TRAIN] Epoch: [2][2050/2480], Elapsed 9m 42s (remain 2m 1s), Accuracy: 40.000(68.172), Loss: 1.050(0.762), LR: 0.000029
[GPU cuda:1][TRAIN] Epoch: [2][2100/2480], Elapsed 9m 57s (remain 1m 47s), Accuracy: 60.000(68.367), Loss: 0.823(0.759), LR: 0.000029
[GPU cuda:1][TRAIN] Epoch: [2][2150/2480], Elapsed 10m 11s (remain 1m 33s), Accuracy: 60.000(68.443), Loss: 0.905(0.758), LR: 0.000029
[GPU cuda:1][TRAIN] Epoch: [2][2200/2480], Elapsed 10m 25s (remain 1m 19s), Accuracy: 80.000(68.505), Loss: 0.631(0.757), LR: 0.000029
[GPU cuda:1][TRAIN] Epoch: [2][2250/2480], Elapsed 10m 39s (remain 1m 5s), Accuracy: 60.000(68.423), Loss: 0.911(0.757), LR: 0.000029
[GPU cuda:1][TRAIN] Epoch: [2][2300/2480], Elapsed 10m 53s (remain 0m 50s), Accuracy: 80.000(68.492), Loss: 0.486(0.756), LR: 0.000029
[GPU cuda:1][TRAIN] Epoch: [2][2350/2480], Elapsed 11m 7s (remain 0m 36s), Accuracy: 80.000(68.567), Loss: 0.696(0.756), LR: 0.000028
[GPU cuda:1][TRAIN] Epoch: [2][2400/2480], Elapsed 11m 21s (remain 0m 22s), Accuracy: 60.000(68.555), Loss: 1.499(0.757), LR: 0.000028
[GPU cuda:1][TRAIN] Epoch: [2][2450/2480], Elapsed 11m 36s (remain 0m 8s), Accuracy: 80.000(68.519), Loss: 0.658(0.757), LR: 0.000028
[GPU cuda:1][TRAIN] Epoch: [2][2479/2480], Elapsed 11m 44s (remain 0m 0s), Accuracy: 40.000(68.516), Loss: 2.265(0.757), LR: 0.000028
[GPU cuda:1][VALID][0/97], Elapsed 0m 1s (remain 2m 13s), Accuracy: 68.750(68.750), Batch Loss: 0.8181, Average Loss: 0.8181
[GPU cuda:1][VALID][50/97], Elapsed 0m 48s (remain 0m 43s), Accuracy: 71.875(72.610), Batch Loss: 0.5426, Average Loss: 0.6856
[GPU cuda:1][VALID][96/97], Elapsed 1m 32s (remain 0m 0s), Accuracy: 75.000(72.455), Batch Loss: 0.5138, Average Loss: 0.6877
Valid Labels Samples: [2 0 1 4 1 0 3 1 4 3]
Valid Predictions Samples: [2, 0, 1, 3, 1, 0, 3, 1, 3, 0]
Epoch 2 - Train Average Loss: 68.516, Valid Average Loss: 72.455, Epoch Time: 798.625s
Epoch 2 - Accuracy: 0.725, Precision: 0.737, Recall: 0.725
[GPU cuda:1][TRAIN] Epoch: [3][0/2480], Elapsed 0m 0s (remain 25m 48s), Accuracy: 80.000(80.000), Loss: 0.879(0.879), LR: 0.000028
[GPU cuda:1][TRAIN] Epoch: [3][50/2480], Elapsed 0m 15s (remain 11m 54s), Accuracy: 60.000(70.196), Loss: 0.813(0.670), LR: 0.000028
[GPU cuda:1][TRAIN] Epoch: [3][100/2480], Elapsed 0m 29s (remain 11m 28s), Accuracy: 80.000(71.485), Loss: 0.987(0.680), LR: 0.000028
[GPU cuda:1][TRAIN] Epoch: [3][150/2480], Elapsed 0m 43s (remain 11m 9s), Accuracy: 40.000(70.728), Loss: 1.112(0.691), LR: 0.000028
[GPU cuda:1][TRAIN] Epoch: [3][200/2480], Elapsed 0m 57s (remain 10m 53s), Accuracy: 60.000(69.453), Loss: 0.689(0.730), LR: 0.000028
[GPU cuda:1][TRAIN] Epoch: [3][250/2480], Elapsed 1m 11s (remain 10m 37s), Accuracy: 100.000(70.120), Loss: 0.242(0.722), LR: 0.000028
[GPU cuda:1][TRAIN] Epoch: [3][300/2480], Elapsed 1m 25s (remain 10m 22s), Accuracy: 40.000(69.767), Loss: 1.340(0.729), LR: 0.000028
[GPU cuda:1][TRAIN] Epoch: [3][350/2480], Elapsed 1m 40s (remain 10m 7s), Accuracy: 80.000(68.775), Loss: 0.654(0.745), LR: 0.000028
[GPU cuda:1][TRAIN] Epoch: [3][400/2480], Elapsed 1m 54s (remain 9m 53s), Accuracy: 60.000(68.928), Loss: 0.742(0.745), LR: 0.000028
[GPU cuda:1][TRAIN] Epoch: [3][450/2480], Elapsed 2m 8s (remain 9m 38s), Accuracy: 60.000(69.091), Loss: 0.982(0.740), LR: 0.000027
[GPU cuda:1][TRAIN] Epoch: [3][500/2480], Elapsed 2m 22s (remain 9m 24s), Accuracy: 20.000(69.661), Loss: 1.037(0.731), LR: 0.000027
[GPU cuda:1][TRAIN] Epoch: [3][550/2480], Elapsed 2m 37s (remain 9m 9s), Accuracy: 100.000(69.546), Loss: 0.163(0.736), LR: 0.000027
[GPU cuda:1][TRAIN] Epoch: [3][600/2480], Elapsed 2m 51s (remain 8m 55s), Accuracy: 100.000(69.151), Loss: 0.046(0.743), LR: 0.000027
[GPU cuda:1][TRAIN] Epoch: [3][650/2480], Elapsed 3m 5s (remain 8m 41s), Accuracy: 100.000(69.247), Loss: 0.095(0.744), LR: 0.000027
[GPU cuda:1][TRAIN] Epoch: [3][700/2480], Elapsed 3m 19s (remain 8m 26s), Accuracy: 100.000(69.044), Loss: 0.495(0.747), LR: 0.000027
[GPU cuda:1][TRAIN] Epoch: [3][750/2480], Elapsed 3m 33s (remain 8m 12s), Accuracy: 100.000(69.081), Loss: 0.397(0.747), LR: 0.000027
[GPU cuda:1][TRAIN] Epoch: [3][800/2480], Elapsed 3m 48s (remain 7m 58s), Accuracy: 60.000(69.513), Loss: 1.077(0.741), LR: 0.000027
[GPU cuda:1][TRAIN] Epoch: [3][850/2480], Elapsed 4m 2s (remain 7m 44s), Accuracy: 60.000(69.777), Loss: 0.747(0.734), LR: 0.000027
[GPU cuda:1][TRAIN] Epoch: [3][900/2480], Elapsed 4m 16s (remain 7m 29s), Accuracy: 80.000(69.922), Loss: 0.923(0.730), LR: 0.000026
[GPU cuda:1][TRAIN] Epoch: [3][950/2480], Elapsed 4m 31s (remain 7m 15s), Accuracy: 80.000(70.158), Loss: 0.681(0.724), LR: 0.000026
[GPU cuda:1][TRAIN] Epoch: [3][1000/2480], Elapsed 4m 45s (remain 7m 1s), Accuracy: 80.000(70.050), Loss: 0.804(0.723), LR: 0.000026
[GPU cuda:1][TRAIN] Epoch: [3][1050/2480], Elapsed 4m 59s (remain 6m 47s), Accuracy: 60.000(70.257), Loss: 0.845(0.719), LR: 0.000026
[GPU cuda:1][TRAIN] Epoch: [3][1100/2480], Elapsed 5m 13s (remain 6m 32s), Accuracy: 80.000(70.463), Loss: 0.328(0.714), LR: 0.000026
[GPU cuda:1][TRAIN] Epoch: [3][1150/2480], Elapsed 5m 27s (remain 6m 18s), Accuracy: 60.000(70.582), Loss: 0.968(0.711), LR: 0.000026
[GPU cuda:1][TRAIN] Epoch: [3][1200/2480], Elapsed 5m 42s (remain 6m 4s), Accuracy: 80.000(70.908), Loss: 0.822(0.704), LR: 0.000026
[GPU cuda:1][TRAIN] Epoch: [3][1250/2480], Elapsed 5m 56s (remain 5m 50s), Accuracy: 40.000(70.775), Loss: 1.137(0.705), LR: 0.000026
[GPU cuda:1][TRAIN] Epoch: [3][1300/2480], Elapsed 6m 10s (remain 5m 35s), Accuracy: 60.000(70.899), Loss: 0.691(0.702), LR: 0.000025
[GPU cuda:1][TRAIN] Epoch: [3][1350/2480], Elapsed 6m 24s (remain 5m 21s), Accuracy: 100.000(71.044), Loss: 0.098(0.698), LR: 0.000025
[GPU cuda:1][TRAIN] Epoch: [3][1400/2480], Elapsed 6m 39s (remain 5m 7s), Accuracy: 80.000(71.006), Loss: 0.426(0.700), LR: 0.000025
[GPU cuda:1][TRAIN] Epoch: [3][1450/2480], Elapsed 6m 53s (remain 4m 53s), Accuracy: 80.000(71.123), Loss: 0.663(0.698), LR: 0.000025
[GPU cuda:1][TRAIN] Epoch: [3][1500/2480], Elapsed 7m 7s (remain 4m 38s), Accuracy: 80.000(71.153), Loss: 0.233(0.697), LR: 0.000025
[GPU cuda:1][TRAIN] Epoch: [3][1550/2480], Elapsed 7m 21s (remain 4m 24s), Accuracy: 100.000(71.231), Loss: 0.296(0.695), LR: 0.000025
[GPU cuda:1][TRAIN] Epoch: [3][1600/2480], Elapsed 7m 35s (remain 4m 10s), Accuracy: 80.000(71.380), Loss: 0.464(0.694), LR: 0.000025
[GPU cuda:1][TRAIN] Epoch: [3][1650/2480], Elapsed 7m 50s (remain 3m 56s), Accuracy: 100.000(71.520), Loss: 0.294(0.690), LR: 0.000024
[GPU cuda:1][TRAIN] Epoch: [3][1700/2480], Elapsed 8m 4s (remain 3m 41s), Accuracy: 80.000(71.523), Loss: 0.416(0.690), LR: 0.000024
[GPU cuda:1][TRAIN] Epoch: [3][1750/2480], Elapsed 8m 18s (remain 3m 27s), Accuracy: 60.000(71.582), Loss: 1.222(0.690), LR: 0.000024
[GPU cuda:1][TRAIN] Epoch: [3][1800/2480], Elapsed 8m 32s (remain 3m 13s), Accuracy: 100.000(71.705), Loss: 0.358(0.687), LR: 0.000024
[GPU cuda:1][TRAIN] Epoch: [3][1850/2480], Elapsed 8m 46s (remain 2m 59s), Accuracy: 80.000(71.691), Loss: 0.736(0.687), LR: 0.000024
[GPU cuda:1][TRAIN] Epoch: [3][1900/2480], Elapsed 9m 1s (remain 2m 44s), Accuracy: 60.000(71.741), Loss: 0.504(0.686), LR: 0.000024
[GPU cuda:1][TRAIN] Epoch: [3][1950/2480], Elapsed 9m 15s (remain 2m 30s), Accuracy: 80.000(71.553), Loss: 0.699(0.689), LR: 0.000024
[GPU cuda:1][TRAIN] Epoch: [3][2000/2480], Elapsed 9m 29s (remain 2m 16s), Accuracy: 60.000(71.604), Loss: 1.378(0.688), LR: 0.000023
[GPU cuda:1][TRAIN] Epoch: [3][2050/2480], Elapsed 9m 43s (remain 2m 2s), Accuracy: 60.000(71.536), Loss: 0.948(0.689), LR: 0.000023
[GPU cuda:1][TRAIN] Epoch: [3][2100/2480], Elapsed 9m 57s (remain 1m 47s), Accuracy: 80.000(71.804), Loss: 0.677(0.685), LR: 0.000023
[GPU cuda:1][TRAIN] Epoch: [3][2150/2480], Elapsed 10m 12s (remain 1m 33s), Accuracy: 80.000(71.929), Loss: 0.636(0.683), LR: 0.000023
[GPU cuda:1][TRAIN] Epoch: [3][2200/2480], Elapsed 10m 26s (remain 1m 19s), Accuracy: 80.000(71.976), Loss: 0.497(0.681), LR: 0.000023
[GPU cuda:1][TRAIN] Epoch: [3][2250/2480], Elapsed 10m 40s (remain 1m 5s), Accuracy: 80.000(71.959), Loss: 0.736(0.680), LR: 0.000023
[GPU cuda:1][TRAIN] Epoch: [3][2300/2480], Elapsed 10m 54s (remain 0m 50s), Accuracy: 60.000(71.969), Loss: 0.619(0.680), LR: 0.000022
[GPU cuda:1][TRAIN] Epoch: [3][2350/2480], Elapsed 11m 8s (remain 0m 36s), Accuracy: 80.000(71.986), Loss: 0.600(0.680), LR: 0.000022
[GPU cuda:1][TRAIN] Epoch: [3][2400/2480], Elapsed 11m 22s (remain 0m 22s), Accuracy: 60.000(72.128), Loss: 1.015(0.679), LR: 0.000022
[GPU cuda:1][TRAIN] Epoch: [3][2450/2480], Elapsed 11m 37s (remain 0m 8s), Accuracy: 40.000(72.191), Loss: 0.791(0.678), LR: 0.000022
[GPU cuda:1][TRAIN] Epoch: [3][2479/2480], Elapsed 11m 45s (remain 0m 0s), Accuracy: 40.000(72.210), Loss: 1.787(0.678), LR: 0.000022
[GPU cuda:1][VALID][0/97], Elapsed 0m 1s (remain 2m 21s), Accuracy: 78.125(78.125), Batch Loss: 0.7140, Average Loss: 0.7140
[GPU cuda:1][VALID][50/97], Elapsed 0m 48s (remain 0m 43s), Accuracy: 81.250(75.061), Batch Loss: 0.4970, Average Loss: 0.6373
[GPU cuda:1][VALID][96/97], Elapsed 1m 32s (remain 0m 0s), Accuracy: 78.571(74.715), Batch Loss: 0.5162, Average Loss: 0.6418
Valid Labels Samples: [2 0 1 4 1 0 3 1 4 3]
Valid Predictions Samples: [2, 0, 1, 3, 1, 0, 3, 1, 3, 1]
Epoch 3 - Train Average Loss: 72.210, Valid Average Loss: 74.715, Epoch Time: 799.784s
Epoch 3 - Accuracy: 0.747, Precision: 0.752, Recall: 0.747
Saved Best Model: 0.75
[GPU cuda:1][TRAIN] Epoch: [4][0/2480], Elapsed 0m 0s (remain 26m 31s), Accuracy: 80.000(80.000), Loss: 0.686(0.686), LR: 0.000022
[GPU cuda:1][TRAIN] Epoch: [4][50/2480], Elapsed 0m 15s (remain 11m 56s), Accuracy: 60.000(76.863), Loss: 0.885(0.575), LR: 0.000022
[GPU cuda:1][TRAIN] Epoch: [4][100/2480], Elapsed 0m 29s (remain 11m 28s), Accuracy: 80.000(75.842), Loss: 0.551(0.601), LR: 0.000022
[GPU cuda:1][TRAIN] Epoch: [4][150/2480], Elapsed 0m 43s (remain 11m 10s), Accuracy: 80.000(74.702), Loss: 0.663(0.616), LR: 0.000021
[GPU cuda:1][TRAIN] Epoch: [4][200/2480], Elapsed 0m 57s (remain 10m 53s), Accuracy: 100.000(74.129), Loss: 0.442(0.640), LR: 0.000021
[GPU cuda:1][TRAIN] Epoch: [4][250/2480], Elapsed 1m 11s (remain 10m 37s), Accuracy: 100.000(74.343), Loss: 0.213(0.640), LR: 0.000021
[GPU cuda:1][TRAIN] Epoch: [4][300/2480], Elapsed 1m 25s (remain 10m 22s), Accuracy: 20.000(74.286), Loss: 1.451(0.642), LR: 0.000021
[GPU cuda:1][TRAIN] Epoch: [4][350/2480], Elapsed 1m 40s (remain 10m 7s), Accuracy: 80.000(73.675), Loss: 0.738(0.651), LR: 0.000021
[GPU cuda:1][TRAIN] Epoch: [4][400/2480], Elapsed 1m 54s (remain 9m 52s), Accuracy: 60.000(73.766), Loss: 0.707(0.651), LR: 0.000021
[GPU cuda:1][TRAIN] Epoch: [4][450/2480], Elapsed 2m 8s (remain 9m 37s), Accuracy: 80.000(74.235), Loss: 0.473(0.646), LR: 0.000020
[GPU cuda:1][TRAIN] Epoch: [4][500/2480], Elapsed 2m 22s (remain 9m 23s), Accuracy: 20.000(74.651), Loss: 1.375(0.636), LR: 0.000020
[GPU cuda:1][TRAIN] Epoch: [4][550/2480], Elapsed 2m 36s (remain 9m 8s), Accuracy: 100.000(74.519), Loss: 0.059(0.637), LR: 0.000020
[GPU cuda:1][TRAIN] Epoch: [4][600/2480], Elapsed 2m 50s (remain 8m 54s), Accuracy: 100.000(74.542), Loss: 0.050(0.639), LR: 0.000020
[GPU cuda:1][TRAIN] Epoch: [4][650/2480], Elapsed 3m 5s (remain 8m 40s), Accuracy: 100.000(74.470), Loss: 0.036(0.640), LR: 0.000020
[GPU cuda:1][TRAIN] Epoch: [4][700/2480], Elapsed 3m 19s (remain 8m 25s), Accuracy: 100.000(74.265), Loss: 0.249(0.644), LR: 0.000019
[GPU cuda:1][TRAIN] Epoch: [4][750/2480], Elapsed 3m 33s (remain 8m 11s), Accuracy: 80.000(74.194), Loss: 0.366(0.646), LR: 0.000019
[GPU cuda:1][TRAIN] Epoch: [4][800/2480], Elapsed 3m 47s (remain 7m 56s), Accuracy: 80.000(74.607), Loss: 0.382(0.638), LR: 0.000019
[GPU cuda:1][TRAIN] Epoch: [4][850/2480], Elapsed 4m 1s (remain 7m 42s), Accuracy: 60.000(74.712), Loss: 0.574(0.633), LR: 0.000019
[GPU cuda:1][TRAIN] Epoch: [4][900/2480], Elapsed 4m 15s (remain 7m 28s), Accuracy: 80.000(74.917), Loss: 0.880(0.629), LR: 0.000019
[GPU cuda:1][TRAIN] Epoch: [4][950/2480], Elapsed 4m 30s (remain 7m 14s), Accuracy: 80.000(75.016), Loss: 0.652(0.626), LR: 0.000019
[GPU cuda:1][TRAIN] Epoch: [4][1000/2480], Elapsed 4m 44s (remain 6m 59s), Accuracy: 80.000(74.965), Loss: 0.765(0.626), LR: 0.000018
[GPU cuda:1][TRAIN] Epoch: [4][1050/2480], Elapsed 4m 58s (remain 6m 45s), Accuracy: 60.000(75.052), Loss: 0.648(0.624), LR: 0.000018
[GPU cuda:1][TRAIN] Epoch: [4][1100/2480], Elapsed 5m 12s (remain 6m 31s), Accuracy: 80.000(75.277), Loss: 0.277(0.619), LR: 0.000018
[GPU cuda:1][TRAIN] Epoch: [4][1150/2480], Elapsed 5m 26s (remain 6m 17s), Accuracy: 80.000(75.308), Loss: 0.479(0.618), LR: 0.000018
[GPU cuda:1][TRAIN] Epoch: [4][1200/2480], Elapsed 5m 40s (remain 6m 3s), Accuracy: 60.000(75.354), Loss: 1.438(0.616), LR: 0.000018
[GPU cuda:1][TRAIN] Epoch: [4][1250/2480], Elapsed 5m 55s (remain 5m 48s), Accuracy: 40.000(75.252), Loss: 1.100(0.616), LR: 0.000018
[GPU cuda:1][TRAIN] Epoch: [4][1300/2480], Elapsed 6m 9s (remain 5m 34s), Accuracy: 80.000(75.404), Loss: 0.730(0.613), LR: 0.000017
[GPU cuda:1][TRAIN] Epoch: [4][1350/2480], Elapsed 6m 23s (remain 5m 20s), Accuracy: 100.000(75.677), Loss: 0.086(0.608), LR: 0.000017
[GPU cuda:1][TRAIN] Epoch: [4][1400/2480], Elapsed 6m 37s (remain 5m 6s), Accuracy: 80.000(75.646), Loss: 0.224(0.609), LR: 0.000017
[GPU cuda:1][TRAIN] Epoch: [4][1450/2480], Elapsed 6m 52s (remain 4m 52s), Accuracy: 80.000(75.727), Loss: 0.405(0.608), LR: 0.000017
[GPU cuda:1][TRAIN] Epoch: [4][1500/2480], Elapsed 7m 6s (remain 4m 38s), Accuracy: 100.000(75.776), Loss: 0.120(0.607), LR: 0.000017
[GPU cuda:1][TRAIN] Epoch: [4][1550/2480], Elapsed 7m 20s (remain 4m 23s), Accuracy: 100.000(75.835), Loss: 0.228(0.604), LR: 0.000016
[GPU cuda:1][TRAIN] Epoch: [4][1600/2480], Elapsed 7m 34s (remain 4m 9s), Accuracy: 80.000(75.915), Loss: 0.353(0.602), LR: 0.000016
[GPU cuda:1][TRAIN] Epoch: [4][1650/2480], Elapsed 7m 48s (remain 3m 55s), Accuracy: 100.000(76.075), Loss: 0.226(0.598), LR: 0.000016
[GPU cuda:1][TRAIN] Epoch: [4][1700/2480], Elapsed 8m 3s (remain 3m 41s), Accuracy: 80.000(76.096), Loss: 0.395(0.599), LR: 0.000016
[GPU cuda:1][TRAIN] Epoch: [4][1750/2480], Elapsed 8m 17s (remain 3m 27s), Accuracy: 60.000(76.151), Loss: 0.627(0.596), LR: 0.000016
[GPU cuda:1][TRAIN] Epoch: [4][1800/2480], Elapsed 8m 31s (remain 3m 12s), Accuracy: 80.000(76.224), Loss: 0.220(0.594), LR: 0.000016
[GPU cuda:1][TRAIN] Epoch: [4][1850/2480], Elapsed 8m 45s (remain 2m 58s), Accuracy: 100.000(76.229), Loss: 0.364(0.593), LR: 0.000015
[GPU cuda:1][TRAIN] Epoch: [4][1900/2480], Elapsed 9m 0s (remain 2m 44s), Accuracy: 60.000(76.213), Loss: 0.774(0.594), LR: 0.000015
[GPU cuda:1][TRAIN] Epoch: [4][1950/2480], Elapsed 9m 14s (remain 2m 30s), Accuracy: 80.000(76.084), Loss: 0.460(0.596), LR: 0.000015
[GPU cuda:1][TRAIN] Epoch: [4][2000/2480], Elapsed 9m 28s (remain 2m 16s), Accuracy: 80.000(76.162), Loss: 0.711(0.595), LR: 0.000015
[GPU cuda:1][TRAIN] Epoch: [4][2050/2480], Elapsed 9m 42s (remain 2m 1s), Accuracy: 40.000(76.148), Loss: 1.284(0.596), LR: 0.000015
[GPU cuda:1][TRAIN] Epoch: [4][2100/2480], Elapsed 9m 56s (remain 1m 47s), Accuracy: 80.000(76.392), Loss: 0.369(0.591), LR: 0.000014
[GPU cuda:1][TRAIN] Epoch: [4][2150/2480], Elapsed 10m 11s (remain 1m 33s), Accuracy: 80.000(76.541), Loss: 0.503(0.588), LR: 0.000014
[GPU cuda:1][TRAIN] Epoch: [4][2200/2480], Elapsed 10m 25s (remain 1m 19s), Accuracy: 80.000(76.620), Loss: 0.424(0.586), LR: 0.000014
[GPU cuda:1][TRAIN] Epoch: [4][2250/2480], Elapsed 10m 39s (remain 1m 5s), Accuracy: 80.000(76.526), Loss: 0.862(0.587), LR: 0.000014
[GPU cuda:1][TRAIN] Epoch: [4][2300/2480], Elapsed 10m 53s (remain 0m 50s), Accuracy: 80.000(76.515), Loss: 0.416(0.587), LR: 0.000014
[GPU cuda:1][TRAIN] Epoch: [4][2350/2480], Elapsed 11m 8s (remain 0m 36s), Accuracy: 80.000(76.546), Loss: 0.435(0.587), LR: 0.000014
[GPU cuda:1][TRAIN] Epoch: [4][2400/2480], Elapsed 11m 22s (remain 0m 22s), Accuracy: 60.000(76.643), Loss: 0.978(0.585), LR: 0.000013
[GPU cuda:1][TRAIN] Epoch: [4][2450/2480], Elapsed 11m 36s (remain 0m 8s), Accuracy: 80.000(76.720), Loss: 0.531(0.584), LR: 0.000013
[GPU cuda:1][TRAIN] Epoch: [4][2479/2480], Elapsed 11m 44s (remain 0m 0s), Accuracy: 40.000(76.726), Loss: 1.878(0.584), LR: 0.000013
[GPU cuda:1][VALID][0/97], Elapsed 0m 1s (remain 2m 11s), Accuracy: 78.125(78.125), Batch Loss: 0.7759, Average Loss: 0.7759
[GPU cuda:1][VALID][50/97], Elapsed 0m 48s (remain 0m 44s), Accuracy: 87.500(75.735), Batch Loss: 0.3125, Average Loss: 0.6315
[GPU cuda:1][VALID][96/97], Elapsed 1m 33s (remain 0m 0s), Accuracy: 78.571(75.262), Batch Loss: 0.4839, Average Loss: 0.6311
Valid Labels Samples: [2 0 1 4 1 0 3 1 4 3]
Valid Predictions Samples: [2, 0, 1, 3, 1, 0, 3, 1, 3, 0]
Epoch 4 - Train Average Loss: 76.726, Valid Average Loss: 75.262, Epoch Time: 799.971s
Epoch 4 - Accuracy: 0.753, Precision: 0.754, Recall: 0.753
Saved Best Model: 0.75
[GPU cuda:1][TRAIN] Epoch: [5][0/2480], Elapsed 0m 0s (remain 25m 47s), Accuracy: 80.000(80.000), Loss: 0.526(0.526), LR: 0.000013
[GPU cuda:1][TRAIN] Epoch: [5][50/2480], Elapsed 0m 15s (remain 11m 59s), Accuracy: 60.000(78.039), Loss: 0.851(0.471), LR: 0.000013
[GPU cuda:1][TRAIN] Epoch: [5][100/2480], Elapsed 0m 29s (remain 11m 32s), Accuracy: 80.000(78.812), Loss: 0.445(0.489), LR: 0.000013
[GPU cuda:1][TRAIN] Epoch: [5][150/2480], Elapsed 0m 43s (remain 11m 14s), Accuracy: 80.000(79.073), Loss: 0.639(0.507), LR: 0.000013
[GPU cuda:1][TRAIN] Epoch: [5][200/2480], Elapsed 0m 58s (remain 10m 57s), Accuracy: 80.000(78.209), Loss: 0.352(0.542), LR: 0.000012
[GPU cuda:1][TRAIN] Epoch: [5][250/2480], Elapsed 1m 12s (remain 10m 42s), Accuracy: 100.000(78.725), Loss: 0.061(0.536), LR: 0.000012
[GPU cuda:1][TRAIN] Epoch: [5][300/2480], Elapsed 1m 26s (remain 10m 26s), Accuracy: 40.000(78.804), Loss: 1.086(0.536), LR: 0.000012
[GPU cuda:1][TRAIN] Epoch: [5][350/2480], Elapsed 1m 40s (remain 10m 11s), Accuracy: 80.000(78.234), Loss: 0.431(0.544), LR: 0.000012
[GPU cuda:1][TRAIN] Epoch: [5][400/2480], Elapsed 1m 55s (remain 9m 56s), Accuracy: 80.000(78.454), Loss: 0.645(0.549), LR: 0.000012
[GPU cuda:1][TRAIN] Epoch: [5][450/2480], Elapsed 2m 9s (remain 9m 42s), Accuracy: 80.000(78.537), Loss: 0.472(0.546), LR: 0.000011
[GPU cuda:1][TRAIN] Epoch: [5][500/2480], Elapsed 2m 23s (remain 9m 27s), Accuracy: 40.000(78.523), Loss: 0.815(0.539), LR: 0.000011
[GPU cuda:1][TRAIN] Epoch: [5][550/2480], Elapsed 2m 37s (remain 9m 12s), Accuracy: 100.000(78.403), Loss: 0.055(0.544), LR: 0.000011
[GPU cuda:1][TRAIN] Epoch: [5][600/2480], Elapsed 2m 52s (remain 8m 58s), Accuracy: 100.000(78.236), Loss: 0.090(0.550), LR: 0.000011
[GPU cuda:1][TRAIN] Epoch: [5][650/2480], Elapsed 3m 6s (remain 8m 43s), Accuracy: 100.000(78.218), Loss: 0.030(0.550), LR: 0.000011
[GPU cuda:1][TRAIN] Epoch: [5][700/2480], Elapsed 3m 20s (remain 8m 29s), Accuracy: 80.000(78.060), Loss: 0.377(0.555), LR: 0.000011
[GPU cuda:1][TRAIN] Epoch: [5][750/2480], Elapsed 3m 34s (remain 8m 14s), Accuracy: 100.000(78.162), Loss: 0.250(0.555), LR: 0.000010
[GPU cuda:1][TRAIN] Epoch: [5][800/2480], Elapsed 3m 49s (remain 8m 0s), Accuracy: 80.000(78.452), Loss: 0.327(0.549), LR: 0.000010
[GPU cuda:1][TRAIN] Epoch: [5][850/2480], Elapsed 4m 3s (remain 7m 45s), Accuracy: 60.000(78.543), Loss: 0.622(0.545), LR: 0.000010
[GPU cuda:1][TRAIN] Epoch: [5][900/2480], Elapsed 4m 17s (remain 7m 31s), Accuracy: 80.000(78.779), Loss: 0.661(0.541), LR: 0.000010
[GPU cuda:1][TRAIN] Epoch: [5][950/2480], Elapsed 4m 31s (remain 7m 16s), Accuracy: 80.000(79.075), Loss: 0.575(0.534), LR: 0.000010
[GPU cuda:1][TRAIN] Epoch: [5][1000/2480], Elapsed 4m 46s (remain 7m 2s), Accuracy: 60.000(79.041), Loss: 0.772(0.533), LR: 0.000010
[GPU cuda:1][TRAIN] Epoch: [5][1050/2480], Elapsed 5m 0s (remain 6m 48s), Accuracy: 60.000(79.087), Loss: 0.653(0.531), LR: 0.000009
[GPU cuda:1][TRAIN] Epoch: [5][1100/2480], Elapsed 5m 14s (remain 6m 33s), Accuracy: 80.000(79.219), Loss: 0.252(0.527), LR: 0.000009
[GPU cuda:1][TRAIN] Epoch: [5][1150/2480], Elapsed 5m 28s (remain 6m 19s), Accuracy: 100.000(79.201), Loss: 0.293(0.526), LR: 0.000009
[GPU cuda:1][TRAIN] Epoch: [5][1200/2480], Elapsed 5m 42s (remain 6m 5s), Accuracy: 100.000(79.434), Loss: 0.275(0.520), LR: 0.000009
[GPU cuda:1][TRAIN] Epoch: [5][1250/2480], Elapsed 5m 57s (remain 5m 50s), Accuracy: 40.000(79.376), Loss: 0.856(0.520), LR: 0.000009
[GPU cuda:1][TRAIN] Epoch: [5][1300/2480], Elapsed 6m 11s (remain 5m 36s), Accuracy: 80.000(79.462), Loss: 0.414(0.516), LR: 0.000009
[GPU cuda:1][TRAIN] Epoch: [5][1350/2480], Elapsed 6m 25s (remain 5m 22s), Accuracy: 100.000(79.734), Loss: 0.025(0.511), LR: 0.000008
[GPU cuda:1][TRAIN] Epoch: [5][1400/2480], Elapsed 6m 39s (remain 5m 7s), Accuracy: 100.000(79.757), Loss: 0.106(0.511), LR: 0.000008
[GPU cuda:1][TRAIN] Epoch: [5][1450/2480], Elapsed 6m 53s (remain 4m 53s), Accuracy: 80.000(79.821), Loss: 0.307(0.510), LR: 0.000008
[GPU cuda:1][TRAIN] Epoch: [5][1500/2480], Elapsed 7m 8s (remain 4m 39s), Accuracy: 100.000(79.853), Loss: 0.123(0.509), LR: 0.000008
[GPU cuda:1][TRAIN] Epoch: [5][1550/2480], Elapsed 7m 22s (remain 4m 24s), Accuracy: 100.000(79.897), Loss: 0.157(0.506), LR: 0.000008
[GPU cuda:1][TRAIN] Epoch: [5][1600/2480], Elapsed 7m 36s (remain 4m 10s), Accuracy: 100.000(79.925), Loss: 0.176(0.506), LR: 0.000008
[GPU cuda:1][TRAIN] Epoch: [5][1650/2480], Elapsed 7m 50s (remain 3m 56s), Accuracy: 100.000(80.194), Loss: 0.170(0.501), LR: 0.000008
[GPU cuda:1][TRAIN] Epoch: [5][1700/2480], Elapsed 8m 4s (remain 3m 42s), Accuracy: 60.000(80.141), Loss: 0.499(0.502), LR: 0.000007
[GPU cuda:1][TRAIN] Epoch: [5][1750/2480], Elapsed 8m 19s (remain 3m 27s), Accuracy: 60.000(80.217), Loss: 0.714(0.500), LR: 0.000007
[GPU cuda:1][TRAIN] Epoch: [5][1800/2480], Elapsed 8m 33s (remain 3m 13s), Accuracy: 80.000(80.355), Loss: 0.440(0.497), LR: 0.000007
[GPU cuda:1][TRAIN] Epoch: [5][1850/2480], Elapsed 8m 47s (remain 2m 59s), Accuracy: 100.000(80.497), Loss: 0.326(0.494), LR: 0.000007
[GPU cuda:1][TRAIN] Epoch: [5][1900/2480], Elapsed 9m 1s (remain 2m 44s), Accuracy: 60.000(80.526), Loss: 0.788(0.492), LR: 0.000007
[GPU cuda:1][TRAIN] Epoch: [5][1950/2480], Elapsed 9m 15s (remain 2m 30s), Accuracy: 80.000(80.379), Loss: 0.442(0.495), LR: 0.000007
[GPU cuda:1][TRAIN] Epoch: [5][2000/2480], Elapsed 9m 29s (remain 2m 16s), Accuracy: 80.000(80.450), Loss: 0.770(0.495), LR: 0.000006
[GPU cuda:1][TRAIN] Epoch: [5][2050/2480], Elapsed 9m 44s (remain 2m 2s), Accuracy: 40.000(80.497), Loss: 0.968(0.494), LR: 0.000006
[GPU cuda:1][TRAIN] Epoch: [5][2100/2480], Elapsed 9m 58s (remain 1m 47s), Accuracy: 100.000(80.695), Loss: 0.039(0.489), LR: 0.000006
[GPU cuda:1][TRAIN] Epoch: [5][2150/2480], Elapsed 10m 12s (remain 1m 33s), Accuracy: 80.000(80.790), Loss: 0.372(0.486), LR: 0.000006
[GPU cuda:1][TRAIN] Epoch: [5][2200/2480], Elapsed 10m 26s (remain 1m 19s), Accuracy: 60.000(80.854), Loss: 0.522(0.485), LR: 0.000006
[GPU cuda:1][TRAIN] Epoch: [5][2250/2480], Elapsed 10m 40s (remain 1m 5s), Accuracy: 80.000(80.809), Loss: 0.578(0.485), LR: 0.000006
[GPU cuda:1][TRAIN] Epoch: [5][2300/2480], Elapsed 10m 54s (remain 0m 50s), Accuracy: 80.000(80.826), Loss: 0.327(0.485), LR: 0.000006
[GPU cuda:1][TRAIN] Epoch: [5][2350/2480], Elapsed 11m 9s (remain 0m 36s), Accuracy: 100.000(80.851), Loss: 0.261(0.484), LR: 0.000006
[GPU cuda:1][TRAIN] Epoch: [5][2400/2480], Elapsed 11m 23s (remain 0m 22s), Accuracy: 60.000(80.933), Loss: 0.816(0.484), LR: 0.000005
[GPU cuda:1][TRAIN] Epoch: [5][2450/2480], Elapsed 11m 37s (remain 0m 8s), Accuracy: 60.000(80.971), Loss: 0.672(0.482), LR: 0.000005
[GPU cuda:1][TRAIN] Epoch: [5][2479/2480], Elapsed 11m 45s (remain 0m 0s), Accuracy: 40.000(80.984), Loss: 2.069(0.483), LR: 0.000005
[GPU cuda:1][VALID][0/97], Elapsed 0m 1s (remain 2m 12s), Accuracy: 78.125(78.125), Batch Loss: 0.6230, Average Loss: 0.6230
[GPU cuda:1][VALID][50/97], Elapsed 0m 48s (remain 0m 43s), Accuracy: 93.750(75.858), Batch Loss: 0.2564, Average Loss: 0.6467
[GPU cuda:1][VALID][96/97], Elapsed 1m 32s (remain 0m 0s), Accuracy: 75.000(75.451), Batch Loss: 0.4837, Average Loss: 0.6503
Valid Labels Samples: [2 0 1 4 1 0 3 1 4 3]
Valid Predictions Samples: [2, 0, 1, 3, 1, 0, 3, 1, 3, 1]
Epoch 5 - Train Average Loss: 80.984, Valid Average Loss: 75.451, Epoch Time: 800.272s
Epoch 5 - Accuracy: 0.755, Precision: 0.756, Recall: 0.755
Saved Best Model: 0.75
[GPU cuda:1][TRAIN] Epoch: [6][0/2480], Elapsed 0m 0s (remain 25m 47s), Accuracy: 80.000(80.000), Loss: 0.483(0.483), LR: 0.000005
[GPU cuda:1][TRAIN] Epoch: [6][50/2480], Elapsed 0m 14s (remain 11m 53s), Accuracy: 60.000(84.314), Loss: 0.810(0.377), LR: 0.000005
[GPU cuda:1][TRAIN] Epoch: [6][100/2480], Elapsed 0m 29s (remain 11m 28s), Accuracy: 100.000(82.970), Loss: 0.297(0.414), LR: 0.000005
[GPU cuda:1][TRAIN] Epoch: [6][150/2480], Elapsed 0m 43s (remain 11m 9s), Accuracy: 80.000(82.517), Loss: 0.592(0.417), LR: 0.000005
[GPU cuda:1][TRAIN] Epoch: [6][200/2480], Elapsed 0m 57s (remain 10m 52s), Accuracy: 100.000(82.289), Loss: 0.143(0.423), LR: 0.000005
[GPU cuda:1][TRAIN] Epoch: [6][250/2480], Elapsed 1m 11s (remain 10m 37s), Accuracy: 100.000(82.709), Loss: 0.039(0.423), LR: 0.000005
[GPU cuda:1][TRAIN] Epoch: [6][300/2480], Elapsed 1m 25s (remain 10m 22s), Accuracy: 60.000(82.193), Loss: 0.742(0.431), LR: 0.000004
[GPU cuda:1][TRAIN] Epoch: [6][350/2480], Elapsed 1m 40s (remain 10m 7s), Accuracy: 100.000(81.880), Loss: 0.143(0.436), LR: 0.000004
[GPU cuda:1][TRAIN] Epoch: [6][400/2480], Elapsed 1m 54s (remain 9m 52s), Accuracy: 80.000(81.746), Loss: 0.660(0.442), LR: 0.000004
[GPU cuda:1][TRAIN] Epoch: [6][450/2480], Elapsed 2m 8s (remain 9m 37s), Accuracy: 100.000(81.863), Loss: 0.302(0.445), LR: 0.000004
[GPU cuda:1][TRAIN] Epoch: [6][500/2480], Elapsed 2m 22s (remain 9m 23s), Accuracy: 60.000(82.076), Loss: 0.636(0.438), LR: 0.000004
[GPU cuda:1][TRAIN] Epoch: [6][550/2480], Elapsed 2m 36s (remain 9m 8s), Accuracy: 100.000(81.815), Loss: 0.057(0.444), LR: 0.000004
[GPU cuda:1][TRAIN] Epoch: [6][600/2480], Elapsed 2m 50s (remain 8m 54s), Accuracy: 100.000(81.730), Loss: 0.021(0.449), LR: 0.000004
[GPU cuda:1][TRAIN] Epoch: [6][650/2480], Elapsed 3m 4s (remain 8m 39s), Accuracy: 100.000(81.751), Loss: 0.019(0.449), LR: 0.000004
[GPU cuda:1][TRAIN] Epoch: [6][700/2480], Elapsed 3m 19s (remain 8m 25s), Accuracy: 80.000(81.569), Loss: 0.421(0.453), LR: 0.000004
[GPU cuda:1][TRAIN] Epoch: [6][750/2480], Elapsed 3m 33s (remain 8m 10s), Accuracy: 100.000(81.625), Loss: 0.144(0.454), LR: 0.000003
[GPU cuda:1][TRAIN] Epoch: [6][800/2480], Elapsed 3m 47s (remain 7m 56s), Accuracy: 80.000(81.823), Loss: 0.234(0.448), LR: 0.000003
[GPU cuda:1][TRAIN] Epoch: [6][850/2480], Elapsed 4m 1s (remain 7m 42s), Accuracy: 80.000(81.927), Loss: 0.559(0.446), LR: 0.000003
[GPU cuda:1][TRAIN] Epoch: [6][900/2480], Elapsed 4m 15s (remain 7m 27s), Accuracy: 80.000(82.087), Loss: 0.446(0.444), LR: 0.000003
[GPU cuda:1][TRAIN] Epoch: [6][950/2480], Elapsed 4m 29s (remain 7m 13s), Accuracy: 80.000(82.419), Loss: 0.561(0.437), LR: 0.000003
[GPU cuda:1][TRAIN] Epoch: [6][1000/2480], Elapsed 4m 43s (remain 6m 59s), Accuracy: 80.000(82.398), Loss: 0.675(0.436), LR: 0.000003
[GPU cuda:1][TRAIN] Epoch: [6][1050/2480], Elapsed 4m 58s (remain 6m 45s), Accuracy: 80.000(82.512), Loss: 0.500(0.436), LR: 0.000003
[GPU cuda:1][TRAIN] Epoch: [6][1100/2480], Elapsed 5m 12s (remain 6m 31s), Accuracy: 80.000(82.598), Loss: 0.205(0.432), LR: 0.000003
[GPU cuda:1][TRAIN] Epoch: [6][1150/2480], Elapsed 5m 26s (remain 6m 16s), Accuracy: 80.000(82.659), Loss: 0.233(0.430), LR: 0.000003
[GPU cuda:1][TRAIN] Epoch: [6][1200/2480], Elapsed 5m 40s (remain 6m 2s), Accuracy: 100.000(82.914), Loss: 0.292(0.424), LR: 0.000003
[GPU cuda:1][TRAIN] Epoch: [6][1250/2480], Elapsed 5m 54s (remain 5m 48s), Accuracy: 80.000(82.974), Loss: 0.582(0.422), LR: 0.000003
[GPU cuda:1][TRAIN] Epoch: [6][1300/2480], Elapsed 6m 8s (remain 5m 34s), Accuracy: 80.000(83.136), Loss: 0.337(0.418), LR: 0.000002
[GPU cuda:1][TRAIN] Epoch: [6][1350/2480], Elapsed 6m 23s (remain 5m 20s), Accuracy: 100.000(83.331), Loss: 0.046(0.414), LR: 0.000002
[GPU cuda:1][TRAIN] Epoch: [6][1400/2480], Elapsed 6m 37s (remain 5m 5s), Accuracy: 100.000(83.283), Loss: 0.030(0.414), LR: 0.000002
[GPU cuda:1][TRAIN] Epoch: [6][1450/2480], Elapsed 6m 51s (remain 4m 51s), Accuracy: 100.000(83.391), Loss: 0.207(0.413), LR: 0.000002
[GPU cuda:1][TRAIN] Epoch: [6][1500/2480], Elapsed 7m 5s (remain 4m 37s), Accuracy: 100.000(83.478), Loss: 0.107(0.412), LR: 0.000002
[GPU cuda:1][TRAIN] Epoch: [6][1550/2480], Elapsed 7m 19s (remain 4m 23s), Accuracy: 100.000(83.559), Loss: 0.080(0.409), LR: 0.000002
[GPU cuda:1][TRAIN] Epoch: [6][1600/2480], Elapsed 7m 34s (remain 4m 9s), Accuracy: 100.000(83.573), Loss: 0.184(0.409), LR: 0.000002
[GPU cuda:1][TRAIN] Epoch: [6][1650/2480], Elapsed 7m 48s (remain 3m 55s), Accuracy: 100.000(83.671), Loss: 0.183(0.406), LR: 0.000002
[GPU cuda:1][TRAIN] Epoch: [6][1700/2480], Elapsed 8m 2s (remain 3m 40s), Accuracy: 80.000(83.680), Loss: 0.289(0.407), LR: 0.000002
[GPU cuda:1][TRAIN] Epoch: [6][1750/2480], Elapsed 8m 16s (remain 3m 26s), Accuracy: 60.000(83.769), Loss: 0.469(0.405), LR: 0.000002
[GPU cuda:1][TRAIN] Epoch: [6][1800/2480], Elapsed 8m 30s (remain 3m 12s), Accuracy: 100.000(83.865), Loss: 0.040(0.402), LR: 0.000002
[GPU cuda:1][TRAIN] Epoch: [6][1850/2480], Elapsed 8m 45s (remain 2m 58s), Accuracy: 80.000(84.063), Loss: 0.312(0.400), LR: 0.000002
[GPU cuda:1][TRAIN] Epoch: [6][1900/2480], Elapsed 8m 59s (remain 2m 44s), Accuracy: 80.000(84.187), Loss: 0.303(0.397), LR: 0.000002
[GPU cuda:1][TRAIN] Epoch: [6][1950/2480], Elapsed 9m 13s (remain 2m 30s), Accuracy: 100.000(84.111), Loss: 0.051(0.399), LR: 0.000002
[GPU cuda:1][TRAIN] Epoch: [6][2000/2480], Elapsed 9m 27s (remain 2m 15s), Accuracy: 80.000(84.088), Loss: 0.393(0.399), LR: 0.000002
[GPU cuda:1][TRAIN] Epoch: [6][2050/2480], Elapsed 9m 41s (remain 2m 1s), Accuracy: 60.000(84.174), Loss: 0.666(0.398), LR: 0.000002
[GPU cuda:1][TRAIN] Epoch: [6][2100/2480], Elapsed 9m 56s (remain 1m 47s), Accuracy: 100.000(84.293), Loss: 0.026(0.394), LR: 0.000001
[GPU cuda:1][TRAIN] Epoch: [6][2150/2480], Elapsed 10m 10s (remain 1m 33s), Accuracy: 80.000(84.426), Loss: 0.331(0.391), LR: 0.000001
[GPU cuda:1][TRAIN] Epoch: [6][2200/2480], Elapsed 10m 24s (remain 1m 19s), Accuracy: 60.000(84.443), Loss: 0.534(0.391), LR: 0.000001
[GPU cuda:1][TRAIN] Epoch: [6][2250/2480], Elapsed 10m 38s (remain 1m 4s), Accuracy: 80.000(84.336), Loss: 0.485(0.392), LR: 0.000001
[GPU cuda:1][TRAIN] Epoch: [6][2300/2480], Elapsed 10m 52s (remain 0m 50s), Accuracy: 80.000(84.372), Loss: 0.378(0.391), LR: 0.000001
[GPU cuda:1][TRAIN] Epoch: [6][2350/2480], Elapsed 11m 7s (remain 0m 36s), Accuracy: 100.000(84.441), Loss: 0.153(0.391), LR: 0.000001
[GPU cuda:1][TRAIN] Epoch: [6][2400/2480], Elapsed 11m 21s (remain 0m 22s), Accuracy: 80.000(84.515), Loss: 0.461(0.390), LR: 0.000001
[GPU cuda:1][TRAIN] Epoch: [6][2450/2480], Elapsed 11m 35s (remain 0m 8s), Accuracy: 100.000(84.553), Loss: 0.261(0.389), LR: 0.000001
[GPU cuda:1][TRAIN] Epoch: [6][2479/2480], Elapsed 11m 43s (remain 0m 0s), Accuracy: 40.000(84.540), Loss: 1.709(0.389), LR: 0.000001
[GPU cuda:1][VALID][0/97], Elapsed 0m 1s (remain 2m 13s), Accuracy: 78.125(78.125), Batch Loss: 0.7177, Average Loss: 0.7177
[GPU cuda:1][VALID][50/97], Elapsed 0m 48s (remain 0m 44s), Accuracy: 90.625(76.103), Batch Loss: 0.2696, Average Loss: 0.7139
[GPU cuda:1][VALID][96/97], Elapsed 1m 33s (remain 0m 0s), Accuracy: 75.000(75.612), Batch Loss: 0.4972, Average Loss: 0.7159
Valid Labels Samples: [2 0 1 4 1 0 3 1 4 3]
Valid Predictions Samples: [2, 0, 1, 3, 1, 0, 3, 1, 3, 1]
Epoch 6 - Train Average Loss: 84.540, Valid Average Loss: 75.612, Epoch Time: 799.048s
Epoch 6 - Accuracy: 0.756, Precision: 0.761, Recall: 0.756
Saved Best Model: 0.76
[GPU cuda:1][TRAIN] Epoch: [7][0/2480], Elapsed 0m 0s (remain 26m 35s), Accuracy: 80.000(80.000), Loss: 0.395(0.395), LR: 0.000001
[GPU cuda:1][TRAIN] Epoch: [7][50/2480], Elapsed 0m 15s (remain 12m 0s), Accuracy: 60.000(86.275), Loss: 0.797(0.340), LR: 0.000001
[GPU cuda:1][TRAIN] Epoch: [7][100/2480], Elapsed 0m 29s (remain 11m 33s), Accuracy: 80.000(86.139), Loss: 0.376(0.349), LR: 0.000001
[GPU cuda:1][TRAIN] Epoch: [7][150/2480], Elapsed 0m 43s (remain 11m 15s), Accuracy: 80.000(85.695), Loss: 0.467(0.368), LR: 0.000001
[GPU cuda:1][TRAIN] Epoch: [7][200/2480], Elapsed 0m 58s (remain 10m 58s), Accuracy: 100.000(85.174), Loss: 0.085(0.380), LR: 0.000001
[GPU cuda:1][TRAIN] Epoch: [7][250/2480], Elapsed 1m 12s (remain 10m 42s), Accuracy: 100.000(85.418), Loss: 0.025(0.376), LR: 0.000001
[GPU cuda:1][TRAIN] Epoch: [7][300/2480], Elapsed 1m 26s (remain 10m 27s), Accuracy: 60.000(84.651), Loss: 0.520(0.383), LR: 0.000001
[GPU cuda:1][TRAIN] Epoch: [7][350/2480], Elapsed 1m 40s (remain 10m 12s), Accuracy: 100.000(84.217), Loss: 0.055(0.387), LR: 0.000001
[GPU cuda:1][TRAIN] Epoch: [7][400/2480], Elapsed 1m 55s (remain 9m 57s), Accuracy: 80.000(84.389), Loss: 0.363(0.386), LR: 0.000001
[GPU cuda:1][TRAIN] Epoch: [7][450/2480], Elapsed 2m 9s (remain 9m 42s), Accuracy: 100.000(84.479), Loss: 0.156(0.387), LR: 0.000001
[GPU cuda:1][TRAIN] Epoch: [7][500/2480], Elapsed 2m 23s (remain 9m 28s), Accuracy: 60.000(84.750), Loss: 0.650(0.381), LR: 0.000001
[GPU cuda:1][TRAIN] Epoch: [7][550/2480], Elapsed 2m 38s (remain 9m 13s), Accuracy: 100.000(84.828), Loss: 0.041(0.384), LR: 0.000001
[GPU cuda:1][TRAIN] Epoch: [7][600/2480], Elapsed 2m 52s (remain 8m 59s), Accuracy: 100.000(84.692), Loss: 0.014(0.389), LR: 0.000001
[GPU cuda:1][TRAIN] Epoch: [7][650/2480], Elapsed 3m 6s (remain 8m 44s), Accuracy: 100.000(84.455), Loss: 0.036(0.393), LR: 0.000030
[GPU cuda:1][TRAIN] Epoch: [7][700/2480], Elapsed 3m 20s (remain 8m 29s), Accuracy: 80.000(83.738), Loss: 0.236(0.407), LR: 0.000030
[GPU cuda:1][TRAIN] Epoch: [7][750/2480], Elapsed 3m 35s (remain 8m 15s), Accuracy: 100.000(83.409), Loss: 0.158(0.418), LR: 0.000030
[GPU cuda:1][TRAIN] Epoch: [7][800/2480], Elapsed 3m 49s (remain 8m 0s), Accuracy: 80.000(83.371), Loss: 0.475(0.422), LR: 0.000030
[GPU cuda:1][TRAIN] Epoch: [7][850/2480], Elapsed 4m 3s (remain 7m 46s), Accuracy: 60.000(83.220), Loss: 0.749(0.425), LR: 0.000030
[GPU cuda:1][TRAIN] Epoch: [7][900/2480], Elapsed 4m 17s (remain 7m 31s), Accuracy: 80.000(83.307), Loss: 0.645(0.426), LR: 0.000030
[GPU cuda:1][TRAIN] Epoch: [7][950/2480], Elapsed 4m 32s (remain 7m 17s), Accuracy: 80.000(83.365), Loss: 0.611(0.426), LR: 0.000030
[GPU cuda:1][TRAIN] Epoch: [7][1000/2480], Elapsed 4m 46s (remain 7m 3s), Accuracy: 80.000(83.017), Loss: 0.760(0.430), LR: 0.000030
[GPU cuda:1][TRAIN] Epoch: [7][1050/2480], Elapsed 5m 0s (remain 6m 48s), Accuracy: 80.000(83.007), Loss: 0.580(0.435), LR: 0.000030
[GPU cuda:1][TRAIN] Epoch: [7][1100/2480], Elapsed 5m 14s (remain 6m 34s), Accuracy: 80.000(82.797), Loss: 0.246(0.437), LR: 0.000030
[GPU cuda:1][TRAIN] Epoch: [7][1150/2480], Elapsed 5m 29s (remain 6m 19s), Accuracy: 80.000(82.676), Loss: 0.767(0.441), LR: 0.000030
[GPU cuda:1][TRAIN] Epoch: [7][1200/2480], Elapsed 5m 43s (remain 6m 5s), Accuracy: 100.000(82.764), Loss: 0.368(0.439), LR: 0.000030
[GPU cuda:1][TRAIN] Epoch: [7][1250/2480], Elapsed 5m 57s (remain 5m 51s), Accuracy: 40.000(82.526), Loss: 0.953(0.444), LR: 0.000030
[GPU cuda:1][TRAIN] Epoch: [7][1300/2480], Elapsed 6m 11s (remain 5m 36s), Accuracy: 80.000(82.490), Loss: 0.426(0.447), LR: 0.000030
[GPU cuda:1][TRAIN] Epoch: [7][1350/2480], Elapsed 6m 26s (remain 5m 22s), Accuracy: 80.000(82.324), Loss: 1.166(0.452), LR: 0.000030
[GPU cuda:1][TRAIN] Epoch: [7][1400/2480], Elapsed 6m 40s (remain 5m 8s), Accuracy: 80.000(82.127), Loss: 0.376(0.457), LR: 0.000030
[GPU cuda:1][TRAIN] Epoch: [7][1450/2480], Elapsed 6m 54s (remain 4m 53s), Accuracy: 80.000(82.081), Loss: 0.569(0.458), LR: 0.000030
[GPU cuda:1][TRAIN] Epoch: [7][1500/2480], Elapsed 7m 8s (remain 4m 39s), Accuracy: 100.000(81.892), Loss: 0.104(0.461), LR: 0.000030
[GPU cuda:1][TRAIN] Epoch: [7][1550/2480], Elapsed 7m 22s (remain 4m 25s), Accuracy: 80.000(81.779), Loss: 0.714(0.462), LR: 0.000030
[GPU cuda:1][TRAIN] Epoch: [7][1600/2480], Elapsed 7m 37s (remain 4m 10s), Accuracy: 80.000(81.724), Loss: 0.452(0.462), LR: 0.000030
[GPU cuda:1][TRAIN] Epoch: [7][1650/2480], Elapsed 7m 51s (remain 3m 56s), Accuracy: 60.000(81.769), Loss: 0.471(0.461), LR: 0.000030
[GPU cuda:1][TRAIN] Epoch: [7][1700/2480], Elapsed 8m 5s (remain 3m 42s), Accuracy: 80.000(81.599), Loss: 0.381(0.465), LR: 0.000030
[GPU cuda:1][TRAIN] Epoch: [7][1750/2480], Elapsed 8m 19s (remain 3m 28s), Accuracy: 80.000(81.485), Loss: 0.405(0.467), LR: 0.000030
[GPU cuda:1][TRAIN] Epoch: [7][1800/2480], Elapsed 8m 33s (remain 3m 13s), Accuracy: 80.000(81.455), Loss: 0.432(0.467), LR: 0.000030
[GPU cuda:1][TRAIN] Epoch: [7][1850/2480], Elapsed 8m 48s (remain 2m 59s), Accuracy: 60.000(81.437), Loss: 0.565(0.468), LR: 0.000030
[GPU cuda:1][TRAIN] Epoch: [7][1900/2480], Elapsed 9m 2s (remain 2m 45s), Accuracy: 60.000(81.420), Loss: 0.635(0.469), LR: 0.000030
[GPU cuda:1][TRAIN] Epoch: [7][1950/2480], Elapsed 9m 16s (remain 2m 30s), Accuracy: 80.000(81.179), Loss: 0.459(0.474), LR: 0.000030
[GPU cuda:1][TRAIN] Epoch: [7][2000/2480], Elapsed 9m 30s (remain 2m 16s), Accuracy: 80.000(81.059), Loss: 0.808(0.476), LR: 0.000030
[GPU cuda:1][TRAIN] Epoch: [7][2050/2480], Elapsed 9m 44s (remain 2m 2s), Accuracy: 60.000(80.965), Loss: 0.821(0.479), LR: 0.000030
[GPU cuda:1][TRAIN] Epoch: [7][2100/2480], Elapsed 9m 58s (remain 1m 48s), Accuracy: 80.000(81.028), Loss: 0.265(0.478), LR: 0.000030
[GPU cuda:1][TRAIN] Epoch: [7][2150/2480], Elapsed 10m 13s (remain 1m 33s), Accuracy: 80.000(81.106), Loss: 0.406(0.476), LR: 0.000030
[GPU cuda:1][TRAIN] Epoch: [7][2200/2480], Elapsed 10m 27s (remain 1m 19s), Accuracy: 80.000(81.081), Loss: 0.476(0.477), LR: 0.000030
[GPU cuda:1][TRAIN] Epoch: [7][2250/2480], Elapsed 10m 41s (remain 1m 5s), Accuracy: 80.000(80.933), Loss: 0.972(0.480), LR: 0.000030
[GPU cuda:1][TRAIN] Epoch: [7][2300/2480], Elapsed 10m 55s (remain 0m 51s), Accuracy: 100.000(80.817), Loss: 0.230(0.482), LR: 0.000030
[GPU cuda:1][TRAIN] Epoch: [7][2350/2480], Elapsed 11m 9s (remain 0m 36s), Accuracy: 100.000(80.783), Loss: 0.199(0.483), LR: 0.000030
[GPU cuda:1][TRAIN] Epoch: [7][2400/2480], Elapsed 11m 23s (remain 0m 22s), Accuracy: 60.000(80.800), Loss: 0.817(0.484), LR: 0.000030
[GPU cuda:1][TRAIN] Epoch: [7][2450/2480], Elapsed 11m 38s (remain 0m 8s), Accuracy: 100.000(80.840), Loss: 0.291(0.484), LR: 0.000030
[GPU cuda:1][TRAIN] Epoch: [7][2479/2480], Elapsed 11m 46s (remain 0m 0s), Accuracy: 40.000(80.782), Loss: 2.230(0.486), LR: 0.000030
[GPU cuda:1][VALID][0/97], Elapsed 0m 1s (remain 2m 16s), Accuracy: 71.875(71.875), Batch Loss: 0.7581, Average Loss: 0.7581
[GPU cuda:1][VALID][50/97], Elapsed 0m 48s (remain 0m 43s), Accuracy: 81.250(72.733), Batch Loss: 0.5451, Average Loss: 0.7089
[GPU cuda:1][VALID][96/97], Elapsed 1m 32s (remain 0m 0s), Accuracy: 78.571(72.749), Batch Loss: 0.5587, Average Loss: 0.7107
Valid Labels Samples: [2 0 1 4 1 0 3 1 4 3]
Valid Predictions Samples: [2, 0, 1, 3, 1, 1, 3, 1, 3, 0]
Epoch 7 - Train Average Loss: 80.782, Valid Average Loss: 72.749, Epoch Time: 800.746s
Epoch 7 - Accuracy: 0.727, Precision: 0.727, Recall: 0.727
[GPU cuda:1][TRAIN] Epoch: [8][0/2480], Elapsed 0m 0s (remain 26m 23s), Accuracy: 60.000(60.000), Loss: 0.843(0.843), LR: 0.000030
[GPU cuda:1][TRAIN] Epoch: [8][50/2480], Elapsed 0m 15s (remain 11m 55s), Accuracy: 60.000(80.392), Loss: 0.778(0.437), LR: 0.000030
[GPU cuda:1][TRAIN] Epoch: [8][100/2480], Elapsed 0m 29s (remain 11m 28s), Accuracy: 80.000(80.396), Loss: 0.695(0.468), LR: 0.000030
[GPU cuda:1][TRAIN] Epoch: [8][150/2480], Elapsed 0m 43s (remain 11m 9s), Accuracy: 60.000(79.603), Loss: 0.740(0.501), LR: 0.000030
[GPU cuda:1][TRAIN] Epoch: [8][200/2480], Elapsed 0m 57s (remain 10m 53s), Accuracy: 40.000(78.209), Loss: 0.765(0.538), LR: 0.000030
[GPU cuda:1][TRAIN] Epoch: [8][250/2480], Elapsed 1m 11s (remain 10m 37s), Accuracy: 80.000(77.849), Loss: 0.314(0.542), LR: 0.000030
[GPU cuda:1][TRAIN] Epoch: [8][300/2480], Elapsed 1m 25s (remain 10m 22s), Accuracy: 60.000(77.542), Loss: 0.940(0.547), LR: 0.000030
[GPU cuda:1][TRAIN] Epoch: [8][350/2480], Elapsed 1m 40s (remain 10m 7s), Accuracy: 80.000(77.208), Loss: 0.535(0.561), LR: 0.000030
[GPU cuda:1][TRAIN] Epoch: [8][400/2480], Elapsed 1m 54s (remain 9m 52s), Accuracy: 80.000(77.157), Loss: 0.646(0.563), LR: 0.000030
[GPU cuda:1][TRAIN] Epoch: [8][450/2480], Elapsed 2m 8s (remain 9m 37s), Accuracy: 40.000(77.073), Loss: 1.124(0.561), LR: 0.000030
[GPU cuda:1][TRAIN] Epoch: [8][500/2480], Elapsed 2m 22s (remain 9m 23s), Accuracy: 60.000(77.006), Loss: 0.944(0.560), LR: 0.000030
[GPU cuda:1][TRAIN] Epoch: [8][550/2480], Elapsed 2m 36s (remain 9m 8s), Accuracy: 100.000(77.024), Loss: 0.044(0.561), LR: 0.000030
[GPU cuda:1][TRAIN] Epoch: [8][600/2480], Elapsed 2m 50s (remain 8m 54s), Accuracy: 100.000(76.972), Loss: 0.049(0.566), LR: 0.000030
[GPU cuda:1][TRAIN] Epoch: [8][650/2480], Elapsed 3m 5s (remain 8m 40s), Accuracy: 100.000(77.266), Loss: 0.105(0.560), LR: 0.000030
[GPU cuda:1][TRAIN] Epoch: [8][700/2480], Elapsed 3m 19s (remain 8m 25s), Accuracy: 100.000(77.261), Loss: 0.243(0.562), LR: 0.000030
[GPU cuda:1][TRAIN] Epoch: [8][750/2480], Elapsed 3m 33s (remain 8m 11s), Accuracy: 80.000(77.417), Loss: 0.439(0.559), LR: 0.000030
[GPU cuda:1][TRAIN] Epoch: [8][800/2480], Elapsed 3m 47s (remain 7m 57s), Accuracy: 80.000(77.803), Loss: 0.676(0.551), LR: 0.000030
[GPU cuda:1][TRAIN] Epoch: [8][850/2480], Elapsed 4m 1s (remain 7m 42s), Accuracy: 60.000(78.049), Loss: 0.847(0.545), LR: 0.000030
[GPU cuda:1][TRAIN] Epoch: [8][900/2480], Elapsed 4m 16s (remain 7m 28s), Accuracy: 80.000(78.357), Loss: 0.583(0.541), LR: 0.000030
[GPU cuda:1][TRAIN] Epoch: [8][950/2480], Elapsed 4m 30s (remain 7m 14s), Accuracy: 60.000(78.759), Loss: 0.774(0.535), LR: 0.000030
[GPU cuda:1][TRAIN] Epoch: [8][1000/2480], Elapsed 4m 44s (remain 7m 0s), Accuracy: 80.000(78.841), Loss: 0.702(0.534), LR: 0.000030
[GPU cuda:1][TRAIN] Epoch: [8][1050/2480], Elapsed 4m 58s (remain 6m 46s), Accuracy: 60.000(79.049), Loss: 0.586(0.532), LR: 0.000030
[GPU cuda:1][TRAIN] Epoch: [8][1100/2480], Elapsed 5m 12s (remain 6m 31s), Accuracy: 80.000(79.201), Loss: 0.234(0.527), LR: 0.000030
[GPU cuda:1][TRAIN] Epoch: [8][1150/2480], Elapsed 5m 27s (remain 6m 17s), Accuracy: 80.000(79.218), Loss: 0.306(0.526), LR: 0.000030
[GPU cuda:1][TRAIN] Epoch: [8][1200/2480], Elapsed 5m 41s (remain 6m 3s), Accuracy: 100.000(79.367), Loss: 0.303(0.523), LR: 0.000030
[GPU cuda:1][TRAIN] Epoch: [8][1250/2480], Elapsed 5m 55s (remain 5m 49s), Accuracy: 80.000(79.297), Loss: 0.544(0.522), LR: 0.000030
[GPU cuda:1][TRAIN] Epoch: [8][1300/2480], Elapsed 6m 9s (remain 5m 35s), Accuracy: 80.000(79.247), Loss: 0.614(0.522), LR: 0.000030
[GPU cuda:1][TRAIN] Epoch: [8][1350/2480], Elapsed 6m 23s (remain 5m 20s), Accuracy: 100.000(79.408), Loss: 0.062(0.520), LR: 0.000030
[GPU cuda:1][TRAIN] Epoch: [8][1400/2480], Elapsed 6m 38s (remain 5m 6s), Accuracy: 100.000(79.415), Loss: 0.069(0.519), LR: 0.000030
[GPU cuda:1][TRAIN] Epoch: [8][1450/2480], Elapsed 6m 52s (remain 4m 52s), Accuracy: 80.000(79.476), Loss: 0.355(0.517), LR: 0.000030
[GPU cuda:1][TRAIN] Epoch: [8][1500/2480], Elapsed 7m 6s (remain 4m 38s), Accuracy: 80.000(79.480), Loss: 0.413(0.518), LR: 0.000030
[GPU cuda:1][TRAIN] Epoch: [8][1550/2480], Elapsed 7m 20s (remain 4m 24s), Accuracy: 100.000(79.600), Loss: 0.106(0.515), LR: 0.000030
[GPU cuda:1][TRAIN] Epoch: [8][1600/2480], Elapsed 7m 35s (remain 4m 9s), Accuracy: 100.000(79.700), Loss: 0.160(0.512), LR: 0.000030
[GPU cuda:1][TRAIN] Epoch: [8][1650/2480], Elapsed 7m 49s (remain 3m 55s), Accuracy: 100.000(79.867), Loss: 0.243(0.509), LR: 0.000030
[GPU cuda:1][TRAIN] Epoch: [8][1700/2480], Elapsed 8m 3s (remain 3m 41s), Accuracy: 80.000(79.835), Loss: 0.425(0.510), LR: 0.000030
[GPU cuda:1][TRAIN] Epoch: [8][1750/2480], Elapsed 8m 17s (remain 3m 27s), Accuracy: 60.000(79.931), Loss: 1.462(0.509), LR: 0.000030
[GPU cuda:1][TRAIN] Epoch: [8][1800/2480], Elapsed 8m 32s (remain 3m 13s), Accuracy: 100.000(80.078), Loss: 0.220(0.506), LR: 0.000030
[GPU cuda:1][TRAIN] Epoch: [8][1850/2480], Elapsed 8m 46s (remain 2m 58s), Accuracy: 100.000(80.162), Loss: 0.431(0.504), LR: 0.000030
[GPU cuda:1][TRAIN] Epoch: [8][1900/2480], Elapsed 9m 0s (remain 2m 44s), Accuracy: 60.000(80.221), Loss: 0.445(0.504), LR: 0.000030
[GPU cuda:1][TRAIN] Epoch: [8][1950/2480], Elapsed 9m 14s (remain 2m 30s), Accuracy: 60.000(80.123), Loss: 0.773(0.506), LR: 0.000030
[GPU cuda:1][TRAIN] Epoch: [8][2000/2480], Elapsed 9m 29s (remain 2m 16s), Accuracy: 80.000(80.140), Loss: 1.458(0.505), LR: 0.000030
[GPU cuda:1][TRAIN] Epoch: [8][2050/2480], Elapsed 9m 43s (remain 2m 2s), Accuracy: 40.000(80.137), Loss: 0.970(0.506), LR: 0.000030
[GPU cuda:1][TRAIN] Epoch: [8][2100/2480], Elapsed 9m 57s (remain 1m 47s), Accuracy: 100.000(80.257), Loss: 0.180(0.503), LR: 0.000030
[GPU cuda:1][TRAIN] Epoch: [8][2150/2480], Elapsed 10m 11s (remain 1m 33s), Accuracy: 80.000(80.316), Loss: 0.512(0.501), LR: 0.000030
[GPU cuda:1][TRAIN] Epoch: [8][2200/2480], Elapsed 10m 26s (remain 1m 19s), Accuracy: 40.000(80.291), Loss: 0.946(0.502), LR: 0.000030
[GPU cuda:1][TRAIN] Epoch: [8][2250/2480], Elapsed 10m 40s (remain 1m 5s), Accuracy: 80.000(80.240), Loss: 0.529(0.502), LR: 0.000030
[GPU cuda:1][TRAIN] Epoch: [8][2300/2480], Elapsed 10m 54s (remain 0m 50s), Accuracy: 80.000(80.183), Loss: 0.421(0.503), LR: 0.000030
[GPU cuda:1][TRAIN] Epoch: [8][2350/2480], Elapsed 11m 8s (remain 0m 36s), Accuracy: 100.000(80.230), Loss: 0.524(0.502), LR: 0.000030
[GPU cuda:1][TRAIN] Epoch: [8][2400/2480], Elapsed 11m 23s (remain 0m 22s), Accuracy: 60.000(80.275), Loss: 1.092(0.502), LR: 0.000030
[GPU cuda:1][TRAIN] Epoch: [8][2450/2480], Elapsed 11m 37s (remain 0m 8s), Accuracy: 60.000(80.326), Loss: 0.461(0.500), LR: 0.000030
[GPU cuda:1][TRAIN] Epoch: [8][2479/2480], Elapsed 11m 45s (remain 0m 0s), Accuracy: 40.000(80.323), Loss: 1.858(0.501), LR: 0.000030
[GPU cuda:1][VALID][0/97], Elapsed 0m 1s (remain 2m 11s), Accuracy: 75.000(75.000), Batch Loss: 0.7962, Average Loss: 0.7962
[GPU cuda:1][VALID][50/97], Elapsed 0m 48s (remain 0m 44s), Accuracy: 71.875(71.691), Batch Loss: 0.4495, Average Loss: 0.7467
[GPU cuda:1][VALID][96/97], Elapsed 1m 33s (remain 0m 0s), Accuracy: 71.429(72.225), Batch Loss: 0.5432, Average Loss: 0.7377
Valid Labels Samples: [2 0 1 4 1 0 3 1 4 3]
Valid Predictions Samples: [2, 0, 1, 3, 1, 1, 3, 1, 3, 0]
Epoch 8 - Train Average Loss: 80.323, Valid Average Loss: 72.225, Epoch Time: 800.985s
Epoch 8 - Accuracy: 0.722, Precision: 0.729, Recall: 0.722
[GPU cuda:1][TRAIN] Epoch: [9][0/2480], Elapsed 0m 0s (remain 26m 4s), Accuracy: 100.000(100.000), Loss: 0.096(0.096), LR: 0.000030
[GPU cuda:1][TRAIN] Epoch: [9][50/2480], Elapsed 0m 15s (remain 11m 59s), Accuracy: 60.000(83.137), Loss: 0.672(0.417), LR: 0.000030
[GPU cuda:1][TRAIN] Epoch: [9][100/2480], Elapsed 0m 29s (remain 11m 33s), Accuracy: 100.000(83.762), Loss: 0.282(0.422), LR: 0.000030
[GPU cuda:1][TRAIN] Epoch: [9][150/2480], Elapsed 0m 43s (remain 11m 14s), Accuracy: 60.000(81.722), Loss: 0.669(0.463), LR: 0.000030
[GPU cuda:1][TRAIN] Epoch: [9][200/2480], Elapsed 0m 58s (remain 10m 58s), Accuracy: 100.000(80.498), Loss: 0.241(0.487), LR: 0.000030
[GPU cuda:1][TRAIN] Epoch: [9][250/2480], Elapsed 1m 12s (remain 10m 42s), Accuracy: 100.000(80.956), Loss: 0.062(0.472), LR: 0.000030
[GPU cuda:1][TRAIN] Epoch: [9][300/2480], Elapsed 1m 26s (remain 10m 26s), Accuracy: 40.000(80.266), Loss: 1.114(0.486), LR: 0.000030
[GPU cuda:1][TRAIN] Epoch: [9][350/2480], Elapsed 1m 40s (remain 10m 11s), Accuracy: 100.000(79.430), Loss: 0.262(0.506), LR: 0.000030
[GPU cuda:1][TRAIN] Epoch: [9][400/2480], Elapsed 1m 55s (remain 9m 56s), Accuracy: 80.000(79.601), Loss: 0.701(0.514), LR: 0.000030
[GPU cuda:1][TRAIN] Epoch: [9][450/2480], Elapsed 2m 9s (remain 9m 41s), Accuracy: 100.000(79.601), Loss: 0.238(0.515), LR: 0.000030
[GPU cuda:1][TRAIN] Epoch: [9][500/2480], Elapsed 2m 23s (remain 9m 26s), Accuracy: 40.000(79.840), Loss: 1.063(0.508), LR: 0.000030
[GPU cuda:1][TRAIN] Epoch: [9][550/2480], Elapsed 2m 37s (remain 9m 12s), Accuracy: 100.000(79.855), Loss: 0.045(0.511), LR: 0.000030
[GPU cuda:1][TRAIN] Epoch: [9][600/2480], Elapsed 2m 52s (remain 8m 57s), Accuracy: 100.000(79.634), Loss: 0.029(0.515), LR: 0.000030
[GPU cuda:1][TRAIN] Epoch: [9][650/2480], Elapsed 3m 6s (remain 8m 43s), Accuracy: 100.000(79.693), Loss: 0.044(0.512), LR: 0.000030
[GPU cuda:1][TRAIN] Epoch: [9][700/2480], Elapsed 3m 20s (remain 8m 28s), Accuracy: 100.000(79.829), Loss: 0.139(0.510), LR: 0.000030
[GPU cuda:1][TRAIN] Epoch: [9][750/2480], Elapsed 3m 34s (remain 8m 14s), Accuracy: 80.000(80.107), Loss: 0.539(0.504), LR: 0.000030
[GPU cuda:1][TRAIN] Epoch: [9][800/2480], Elapsed 3m 49s (remain 8m 0s), Accuracy: 100.000(80.350), Loss: 0.036(0.495), LR: 0.000030
[GPU cuda:1][TRAIN] Epoch: [9][850/2480], Elapsed 4m 3s (remain 7m 45s), Accuracy: 60.000(80.494), Loss: 0.555(0.491), LR: 0.000030
[GPU cuda:1][TRAIN] Epoch: [9][900/2480], Elapsed 4m 17s (remain 7m 31s), Accuracy: 100.000(80.844), Loss: 0.235(0.483), LR: 0.000029
[GPU cuda:1][TRAIN] Epoch: [9][950/2480], Elapsed 4m 31s (remain 7m 16s), Accuracy: 60.000(81.094), Loss: 0.550(0.477), LR: 0.000029
[GPU cuda:1][TRAIN] Epoch: [9][1000/2480], Elapsed 4m 45s (remain 7m 2s), Accuracy: 80.000(81.079), Loss: 0.733(0.477), LR: 0.000029
[GPU cuda:1][TRAIN] Epoch: [9][1050/2480], Elapsed 5m 0s (remain 6m 48s), Accuracy: 60.000(81.313), Loss: 0.566(0.473), LR: 0.000029
[GPU cuda:1][TRAIN] Epoch: [9][1100/2480], Elapsed 5m 14s (remain 6m 33s), Accuracy: 80.000(81.435), Loss: 0.306(0.471), LR: 0.000029
[GPU cuda:1][TRAIN] Epoch: [9][1150/2480], Elapsed 5m 28s (remain 6m 19s), Accuracy: 60.000(81.442), Loss: 0.568(0.470), LR: 0.000029
[GPU cuda:1][TRAIN] Epoch: [9][1200/2480], Elapsed 5m 42s (remain 6m 5s), Accuracy: 80.000(81.532), Loss: 1.312(0.468), LR: 0.000029
[GPU cuda:1][TRAIN] Epoch: [9][1250/2480], Elapsed 5m 56s (remain 5m 50s), Accuracy: 80.000(81.567), Loss: 0.566(0.467), LR: 0.000029
[GPU cuda:1][TRAIN] Epoch: [9][1300/2480], Elapsed 6m 11s (remain 5m 36s), Accuracy: 80.000(81.630), Loss: 0.435(0.465), LR: 0.000029
[GPU cuda:1][TRAIN] Epoch: [9][1350/2480], Elapsed 6m 25s (remain 5m 22s), Accuracy: 100.000(81.939), Loss: 0.011(0.459), LR: 0.000029
[GPU cuda:1][TRAIN] Epoch: [9][1400/2480], Elapsed 6m 39s (remain 5m 7s), Accuracy: 100.000(81.870), Loss: 0.066(0.462), LR: 0.000029
[GPU cuda:1][TRAIN] Epoch: [9][1450/2480], Elapsed 6m 53s (remain 4m 53s), Accuracy: 100.000(82.068), Loss: 0.220(0.458), LR: 0.000029
[GPU cuda:1][TRAIN] Epoch: [9][1500/2480], Elapsed 7m 8s (remain 4m 39s), Accuracy: 80.000(82.105), Loss: 0.233(0.457), LR: 0.000029
[GPU cuda:1][TRAIN] Epoch: [9][1550/2480], Elapsed 7m 22s (remain 4m 24s), Accuracy: 80.000(82.179), Loss: 0.488(0.454), LR: 0.000029
[GPU cuda:1][TRAIN] Epoch: [9][1600/2480], Elapsed 7m 36s (remain 4m 10s), Accuracy: 80.000(82.311), Loss: 1.117(0.452), LR: 0.000029
[GPU cuda:1][TRAIN] Epoch: [9][1650/2480], Elapsed 7m 50s (remain 3m 56s), Accuracy: 80.000(82.471), Loss: 0.230(0.449), LR: 0.000029
[GPU cuda:1][TRAIN] Epoch: [9][1700/2480], Elapsed 8m 4s (remain 3m 42s), Accuracy: 80.000(82.457), Loss: 0.370(0.451), LR: 0.000029
[GPU cuda:1][TRAIN] Epoch: [9][1750/2480], Elapsed 8m 19s (remain 3m 27s), Accuracy: 100.000(82.570), Loss: 0.222(0.449), LR: 0.000029
[GPU cuda:1][TRAIN] Epoch: [9][1800/2480], Elapsed 8m 33s (remain 3m 13s), Accuracy: 80.000(82.587), Loss: 0.364(0.447), LR: 0.000029
[GPU cuda:1][TRAIN] Epoch: [9][1850/2480], Elapsed 8m 47s (remain 2m 59s), Accuracy: 100.000(82.669), Loss: 0.238(0.446), LR: 0.000029
[GPU cuda:1][TRAIN] Epoch: [9][1900/2480], Elapsed 9m 1s (remain 2m 44s), Accuracy: 60.000(82.630), Loss: 0.505(0.446), LR: 0.000029
[GPU cuda:1][TRAIN] Epoch: [9][1950/2480], Elapsed 9m 15s (remain 2m 30s), Accuracy: 60.000(82.450), Loss: 0.670(0.452), LR: 0.000029
[GPU cuda:1][TRAIN] Epoch: [9][2000/2480], Elapsed 9m 30s (remain 2m 16s), Accuracy: 80.000(82.429), Loss: 0.838(0.452), LR: 0.000029
[GPU cuda:1][TRAIN] Epoch: [9][2050/2480], Elapsed 9m 44s (remain 2m 2s), Accuracy: 60.000(82.477), Loss: 0.648(0.452), LR: 0.000029
[GPU cuda:1][TRAIN] Epoch: [9][2100/2480], Elapsed 9m 58s (remain 1m 47s), Accuracy: 100.000(82.675), Loss: 0.056(0.449), LR: 0.000029
[GPU cuda:1][TRAIN] Epoch: [9][2150/2480], Elapsed 10m 12s (remain 1m 33s), Accuracy: 80.000(82.808), Loss: 0.393(0.446), LR: 0.000029
[GPU cuda:1][TRAIN] Epoch: [9][2200/2480], Elapsed 10m 26s (remain 1m 19s), Accuracy: 60.000(82.862), Loss: 0.677(0.445), LR: 0.000029
[GPU cuda:1][TRAIN] Epoch: [9][2250/2480], Elapsed 10m 41s (remain 1m 5s), Accuracy: 80.000(82.772), Loss: 0.821(0.447), LR: 0.000029
[GPU cuda:1][TRAIN] Epoch: [9][2300/2480], Elapsed 10m 55s (remain 0m 50s), Accuracy: 100.000(82.712), Loss: 0.197(0.448), LR: 0.000029
[GPU cuda:1][TRAIN] Epoch: [9][2350/2480], Elapsed 11m 9s (remain 0m 36s), Accuracy: 100.000(82.722), Loss: 0.190(0.448), LR: 0.000029
[GPU cuda:1][TRAIN] Epoch: [9][2400/2480], Elapsed 11m 23s (remain 0m 22s), Accuracy: 40.000(82.707), Loss: 1.081(0.447), LR: 0.000029
[GPU cuda:1][TRAIN] Epoch: [9][2450/2480], Elapsed 11m 37s (remain 0m 8s), Accuracy: 100.000(82.783), Loss: 0.216(0.445), LR: 0.000029
[GPU cuda:1][TRAIN] Epoch: [9][2479/2480], Elapsed 11m 46s (remain 0m 0s), Accuracy: 40.000(82.718), Loss: 1.586(0.446), LR: 0.000029
[GPU cuda:1][VALID][0/97], Elapsed 0m 1s (remain 2m 13s), Accuracy: 81.250(81.250), Batch Loss: 0.6409, Average Loss: 0.6409
[GPU cuda:1][VALID][50/97], Elapsed 0m 48s (remain 0m 43s), Accuracy: 87.500(73.958), Batch Loss: 0.2999, Average Loss: 0.7497
[GPU cuda:1][VALID][96/97], Elapsed 1m 32s (remain 0m 0s), Accuracy: 71.429(73.191), Batch Loss: 0.6141, Average Loss: 0.7470
Valid Labels Samples: [2 0 1 4 1 0 3 1 4 3]
Valid Predictions Samples: [2, 0, 1, 3, 1, 0, 3, 1, 3, 0]
Epoch 9 - Train Average Loss: 82.718, Valid Average Loss: 73.191, Epoch Time: 801.079s
Epoch 9 - Accuracy: 0.732, Precision: 0.731, Recall: 0.732
[GPU cuda:1][TRAIN] Epoch: [10][0/2480], Elapsed 0m 0s (remain 26m 17s), Accuracy: 60.000(60.000), Loss: 0.827(0.827), LR: 0.000029
[GPU cuda:1][TRAIN] Epoch: [10][50/2480], Elapsed 0m 15s (remain 11m 56s), Accuracy: 60.000(83.922), Loss: 0.681(0.384), LR: 0.000029
[GPU cuda:1][TRAIN] Epoch: [10][100/2480], Elapsed 0m 29s (remain 11m 30s), Accuracy: 60.000(83.960), Loss: 0.351(0.400), LR: 0.000029
[GPU cuda:1][TRAIN] Epoch: [10][150/2480], Elapsed 0m 43s (remain 11m 12s), Accuracy: 60.000(83.709), Loss: 1.193(0.398), LR: 0.000029
[GPU cuda:1][TRAIN] Epoch: [10][200/2480], Elapsed 0m 57s (remain 10m 55s), Accuracy: 100.000(82.687), Loss: 0.295(0.425), LR: 0.000029
[GPU cuda:1][TRAIN] Epoch: [10][250/2480], Elapsed 1m 12s (remain 10m 39s), Accuracy: 100.000(83.028), Loss: 0.025(0.420), LR: 0.000029
[GPU cuda:1][TRAIN] Epoch: [10][300/2480], Elapsed 1m 26s (remain 10m 24s), Accuracy: 60.000(82.724), Loss: 0.623(0.419), LR: 0.000029
[GPU cuda:1][TRAIN] Epoch: [10][350/2480], Elapsed 1m 40s (remain 10m 9s), Accuracy: 100.000(82.678), Loss: 0.125(0.427), LR: 0.000029
[GPU cuda:1][TRAIN] Epoch: [10][400/2480], Elapsed 1m 54s (remain 9m 55s), Accuracy: 80.000(82.793), Loss: 0.397(0.429), LR: 0.000029
[GPU cuda:1][TRAIN] Epoch: [10][450/2480], Elapsed 2m 9s (remain 9m 40s), Accuracy: 100.000(82.749), Loss: 0.280(0.437), LR: 0.000029
[GPU cuda:1][TRAIN] Epoch: [10][500/2480], Elapsed 2m 23s (remain 9m 25s), Accuracy: 40.000(82.794), Loss: 0.742(0.432), LR: 0.000029
[GPU cuda:1][TRAIN] Epoch: [10][550/2480], Elapsed 2m 37s (remain 9m 11s), Accuracy: 100.000(82.759), Loss: 0.097(0.434), LR: 0.000029
[GPU cuda:1][TRAIN] Epoch: [10][600/2480], Elapsed 2m 51s (remain 8m 56s), Accuracy: 100.000(82.795), Loss: 0.098(0.438), LR: 0.000029
[GPU cuda:1][TRAIN] Epoch: [10][650/2480], Elapsed 3m 5s (remain 8m 42s), Accuracy: 100.000(82.611), Loss: 0.059(0.441), LR: 0.000029
[GPU cuda:1][TRAIN] Epoch: [10][700/2480], Elapsed 3m 20s (remain 8m 27s), Accuracy: 100.000(82.939), Loss: 0.040(0.437), LR: 0.000029
[GPU cuda:1][TRAIN] Epoch: [10][750/2480], Elapsed 3m 34s (remain 8m 13s), Accuracy: 80.000(83.063), Loss: 0.350(0.435), LR: 0.000029
[GPU cuda:1][TRAIN] Epoch: [10][800/2480], Elapsed 3m 48s (remain 7m 59s), Accuracy: 80.000(83.346), Loss: 0.304(0.427), LR: 0.000029
[GPU cuda:1][TRAIN] Epoch: [10][850/2480], Elapsed 4m 2s (remain 7m 44s), Accuracy: 80.000(83.478), Loss: 0.334(0.425), LR: 0.000029
[GPU cuda:1][TRAIN] Epoch: [10][900/2480], Elapsed 4m 16s (remain 7m 30s), Accuracy: 60.000(83.574), Loss: 0.627(0.421), LR: 0.000029
[GPU cuda:1][TRAIN] Epoch: [10][950/2480], Elapsed 4m 31s (remain 7m 16s), Accuracy: 80.000(83.701), Loss: 0.391(0.416), LR: 0.000029
[GPU cuda:1][TRAIN] Epoch: [10][1000/2480], Elapsed 4m 45s (remain 7m 1s), Accuracy: 60.000(83.876), Loss: 0.753(0.413), LR: 0.000029
[GPU cuda:1][TRAIN] Epoch: [10][1050/2480], Elapsed 4m 59s (remain 6m 47s), Accuracy: 100.000(83.939), Loss: 0.293(0.411), LR: 0.000029
[GPU cuda:1][TRAIN] Epoch: [10][1100/2480], Elapsed 5m 13s (remain 6m 33s), Accuracy: 100.000(84.251), Loss: 0.124(0.403), LR: 0.000029
[GPU cuda:1][TRAIN] Epoch: [10][1150/2480], Elapsed 5m 28s (remain 6m 18s), Accuracy: 80.000(84.205), Loss: 0.259(0.404), LR: 0.000029
[GPU cuda:1][TRAIN] Epoch: [10][1200/2480], Elapsed 5m 42s (remain 6m 4s), Accuracy: 80.000(84.263), Loss: 0.541(0.402), LR: 0.000029
[GPU cuda:1][TRAIN] Epoch: [10][1250/2480], Elapsed 5m 56s (remain 5m 50s), Accuracy: 60.000(84.269), Loss: 0.671(0.403), LR: 0.000029
[GPU cuda:1][TRAIN] Epoch: [10][1300/2480], Elapsed 6m 10s (remain 5m 36s), Accuracy: 80.000(84.366), Loss: 0.648(0.402), LR: 0.000029
[GPU cuda:1][TRAIN] Epoch: [10][1350/2480], Elapsed 6m 24s (remain 5m 21s), Accuracy: 100.000(84.426), Loss: 0.034(0.399), LR: 0.000029
[GPU cuda:1][TRAIN] Epoch: [10][1400/2480], Elapsed 6m 39s (remain 5m 7s), Accuracy: 100.000(84.354), Loss: 0.132(0.400), LR: 0.000029
[GPU cuda:1][TRAIN] Epoch: [10][1450/2480], Elapsed 6m 53s (remain 4m 53s), Accuracy: 80.000(84.466), Loss: 0.229(0.398), LR: 0.000029
[GPU cuda:1][TRAIN] Epoch: [10][1500/2480], Elapsed 7m 7s (remain 4m 38s), Accuracy: 80.000(84.597), Loss: 0.193(0.396), LR: 0.000029
[GPU cuda:1][TRAIN] Epoch: [10][1550/2480], Elapsed 7m 21s (remain 4m 24s), Accuracy: 100.000(84.629), Loss: 0.016(0.394), LR: 0.000029
[GPU cuda:1][TRAIN] Epoch: [10][1600/2480], Elapsed 7m 36s (remain 4m 10s), Accuracy: 100.000(84.797), Loss: 0.106(0.391), LR: 0.000029
[GPU cuda:1][TRAIN] Epoch: [10][1650/2480], Elapsed 7m 50s (remain 3m 56s), Accuracy: 80.000(84.991), Loss: 0.348(0.387), LR: 0.000029
[GPU cuda:1][TRAIN] Epoch: [10][1700/2480], Elapsed 8m 4s (remain 3m 41s), Accuracy: 80.000(84.962), Loss: 0.343(0.389), LR: 0.000029
[GPU cuda:1][TRAIN] Epoch: [10][1750/2480], Elapsed 8m 18s (remain 3m 27s), Accuracy: 100.000(85.083), Loss: 0.075(0.386), LR: 0.000029
[GPU cuda:1][TRAIN] Epoch: [10][1800/2480], Elapsed 8m 33s (remain 3m 13s), Accuracy: 100.000(85.119), Loss: 0.088(0.385), LR: 0.000029
[GPU cuda:1][TRAIN] Epoch: [10][1850/2480], Elapsed 8m 47s (remain 2m 59s), Accuracy: 100.000(85.100), Loss: 0.043(0.384), LR: 0.000029
[GPU cuda:1][TRAIN] Epoch: [10][1900/2480], Elapsed 9m 1s (remain 2m 44s), Accuracy: 100.000(85.271), Loss: 0.113(0.381), LR: 0.000029
[GPU cuda:1][TRAIN] Epoch: [10][1950/2480], Elapsed 9m 15s (remain 2m 30s), Accuracy: 100.000(85.136), Loss: 0.067(0.385), LR: 0.000029
[GPU cuda:1][TRAIN] Epoch: [10][2000/2480], Elapsed 9m 29s (remain 2m 16s), Accuracy: 60.000(85.177), Loss: 0.599(0.384), LR: 0.000029
[GPU cuda:1][TRAIN] Epoch: [10][2050/2480], Elapsed 9m 44s (remain 2m 2s), Accuracy: 60.000(85.207), Loss: 0.591(0.384), LR: 0.000029
[GPU cuda:1][TRAIN] Epoch: [10][2100/2480], Elapsed 9m 58s (remain 1m 47s), Accuracy: 100.000(85.340), Loss: 0.069(0.381), LR: 0.000029
[GPU cuda:1][TRAIN] Epoch: [10][2150/2480], Elapsed 10m 12s (remain 1m 33s), Accuracy: 100.000(85.458), Loss: 0.181(0.378), LR: 0.000029
[GPU cuda:1][TRAIN] Epoch: [10][2200/2480], Elapsed 10m 26s (remain 1m 19s), Accuracy: 60.000(85.443), Loss: 0.501(0.378), LR: 0.000029
[GPU cuda:1][TRAIN] Epoch: [10][2250/2480], Elapsed 10m 40s (remain 1m 5s), Accuracy: 80.000(85.340), Loss: 0.308(0.380), LR: 0.000029
[GPU cuda:1][TRAIN] Epoch: [10][2300/2480], Elapsed 10m 55s (remain 0m 50s), Accuracy: 80.000(85.354), Loss: 0.277(0.380), LR: 0.000029
[GPU cuda:1][TRAIN] Epoch: [10][2350/2480], Elapsed 11m 9s (remain 0m 36s), Accuracy: 100.000(85.368), Loss: 0.077(0.380), LR: 0.000028
[GPU cuda:1][TRAIN] Epoch: [10][2400/2480], Elapsed 11m 23s (remain 0m 22s), Accuracy: 80.000(85.431), Loss: 1.141(0.380), LR: 0.000028
[GPU cuda:1][TRAIN] Epoch: [10][2450/2480], Elapsed 11m 37s (remain 0m 8s), Accuracy: 100.000(85.516), Loss: 0.138(0.378), LR: 0.000028
[GPU cuda:1][TRAIN] Epoch: [10][2479/2480], Elapsed 11m 45s (remain 0m 0s), Accuracy: 60.000(85.556), Loss: 0.767(0.378), LR: 0.000028
[GPU cuda:1][VALID][0/97], Elapsed 0m 1s (remain 2m 16s), Accuracy: 81.250(81.250), Batch Loss: 0.7658, Average Loss: 0.7658
[GPU cuda:1][VALID][50/97], Elapsed 0m 48s (remain 0m 43s), Accuracy: 78.125(72.610), Batch Loss: 0.3760, Average Loss: 0.9362
[GPU cuda:1][VALID][96/97], Elapsed 1m 32s (remain 0m 0s), Accuracy: 64.286(71.732), Batch Loss: 0.6744, Average Loss: 0.9398
Valid Labels Samples: [2 0 1 4 1 0 3 1 4 3]
Valid Predictions Samples: [2, 0, 1, 3, 1, 0, 3, 1, 3, 0]
Epoch 10 - Train Average Loss: 85.556, Valid Average Loss: 71.732, Epoch Time: 800.245s
Epoch 10 - Accuracy: 0.717, Precision: 0.722, Recall: 0.717
