[GPU 1]: Config File
{'id': 2, 'model_name': 'swin_large_patch4_window12_384_in22k', 'dropout': 0.5, 'size': 384, 'batch_size_t': 5, 'batch_size_v': 32, 'n_targets': 5, 'criterion': 'CrossEntropyLoss', 'gradient_accumulation_steps': 1, 'max_gradient_norm': None, 'optimizer': 'AdamW', 'scheduler': 'CosineAnnealingWarmRestarts', 'LR': 3e-05, 'T_0': 200, 'T_max': 10, 'T_mult': 2, 'min_lr': 1e-06, 'max_lr': 0.0001, 'no_batches': 'NA', 'warmup_epochs': 1, 'cosine_epochs': 14, 'epochs': 15, 'update_per_batch': True, 'num_workers': 4, 'n_folds': 5, 'train_transforms': [], 'valid_transforms': [], 'observations': None, 'use_swa': True, 'swa_lr': 0.01, 'swa_epoch': 0, 'use_sam': True, 'use_asam': True, 'asam_rho': 0.1, 'print_freq': 50, 'one_fold': True, 'use_apex': True, 'distributed_training': False, 'save_to_log': True}
================================================== Training Fold: 0 ==================================================
[GPU cuda:1][TRAIN] Epoch: [1][0/2480], Elapsed 0m 0s (remain 20m 32s), Accuracy: 0.000(0.000), Loss: 1.758(1.758), LR: 0.000030
[GPU cuda:1][TRAIN] Epoch: [1][50/2480], Elapsed 0m 14s (remain 11m 34s), Accuracy: 40.000(18.039), Loss: 1.580(1.655), LR: 0.000026
[GPU cuda:1][TRAIN] Epoch: [1][100/2480], Elapsed 0m 28s (remain 11m 18s), Accuracy: 60.000(20.396), Loss: 1.449(1.629), LR: 0.000015
[GPU cuda:1][TRAIN] Epoch: [1][150/2480], Elapsed 0m 43s (remain 11m 3s), Accuracy: 40.000(25.430), Loss: 1.565(1.578), LR: 0.000005
[GPU cuda:1][TRAIN] Epoch: [1][200/2480], Elapsed 0m 57s (remain 10m 48s), Accuracy: 20.000(29.552), Loss: 1.523(1.519), LR: 0.000030
[GPU cuda:1][TRAIN] Epoch: [1][250/2480], Elapsed 1m 11s (remain 10m 33s), Accuracy: 40.000(31.394), Loss: 1.337(1.495), LR: 0.000029
[GPU cuda:1][TRAIN] Epoch: [1][300/2480], Elapsed 1m 25s (remain 10m 19s), Accuracy: 40.000(32.757), Loss: 1.334(1.455), LR: 0.000026
[GPU cuda:1][TRAIN] Epoch: [1][350/2480], Elapsed 1m 39s (remain 10m 5s), Accuracy: 80.000(35.385), Loss: 0.701(1.407), LR: 0.000021
[GPU cuda:1][TRAIN] Epoch: [1][400/2480], Elapsed 1m 54s (remain 9m 51s), Accuracy: 60.000(37.157), Loss: 0.948(1.378), LR: 0.000015
[GPU cuda:1][TRAIN] Epoch: [1][450/2480], Elapsed 2m 8s (remain 9m 36s), Accuracy: 40.000(39.202), Loss: 1.250(1.343), LR: 0.000010
[GPU cuda:1][TRAIN] Epoch: [1][500/2480], Elapsed 2m 22s (remain 9m 22s), Accuracy: 20.000(40.998), Loss: 1.766(1.308), LR: 0.000005
[GPU cuda:1][TRAIN] Epoch: [1][550/2480], Elapsed 2m 36s (remain 9m 8s), Accuracy: 100.000(42.976), Loss: 0.295(1.276), LR: 0.000002
[GPU cuda:1][TRAIN] Epoch: [1][600/2480], Elapsed 2m 50s (remain 8m 54s), Accuracy: 80.000(44.626), Loss: 0.303(1.245), LR: 0.000030
[GPU cuda:1][TRAIN] Epoch: [1][650/2480], Elapsed 3m 5s (remain 8m 40s), Accuracy: 80.000(45.653), Loss: 0.733(1.227), LR: 0.000030
[GPU cuda:1][TRAIN] Epoch: [1][700/2480], Elapsed 3m 19s (remain 8m 25s), Accuracy: 80.000(45.792), Loss: 0.972(1.229), LR: 0.000029
[GPU cuda:1][TRAIN] Epoch: [1][750/2480], Elapsed 3m 33s (remain 8m 11s), Accuracy: 80.000(46.578), Loss: 0.731(1.219), LR: 0.000028
[GPU cuda:1][TRAIN] Epoch: [1][800/2480], Elapsed 3m 47s (remain 7m 57s), Accuracy: 60.000(47.266), Loss: 1.100(1.203), LR: 0.000026
[GPU cuda:1][TRAIN] Epoch: [1][850/2480], Elapsed 4m 1s (remain 7m 43s), Accuracy: 40.000(48.108), Loss: 1.079(1.184), LR: 0.000024
[GPU cuda:1][TRAIN] Epoch: [1][900/2480], Elapsed 4m 16s (remain 7m 28s), Accuracy: 60.000(48.901), Loss: 1.205(1.169), LR: 0.000021
[GPU cuda:1][TRAIN] Epoch: [1][950/2480], Elapsed 4m 30s (remain 7m 14s), Accuracy: 60.000(49.590), Loss: 0.959(1.154), LR: 0.000018
[GPU cuda:1][TRAIN] Epoch: [1][1000/2480], Elapsed 4m 44s (remain 7m 0s), Accuracy: 60.000(49.970), Loss: 0.986(1.140), LR: 0.000015
[GPU cuda:1][TRAIN] Epoch: [1][1050/2480], Elapsed 4m 58s (remain 6m 46s), Accuracy: 60.000(50.504), Loss: 1.062(1.130), LR: 0.000013
[GPU cuda:1][TRAIN] Epoch: [1][1100/2480], Elapsed 5m 13s (remain 6m 32s), Accuracy: 80.000(51.390), Loss: 0.513(1.112), LR: 0.000010
[GPU cuda:1][TRAIN] Epoch: [1][1150/2480], Elapsed 5m 27s (remain 6m 17s), Accuracy: 60.000(52.076), Loss: 0.948(1.099), LR: 0.000007
[GPU cuda:1][TRAIN] Epoch: [1][1200/2480], Elapsed 5m 41s (remain 6m 3s), Accuracy: 60.000(52.789), Loss: 0.735(1.085), LR: 0.000005
[GPU cuda:1][TRAIN] Epoch: [1][1250/2480], Elapsed 5m 55s (remain 5m 49s), Accuracy: 40.000(53.253), Loss: 0.893(1.073), LR: 0.000003
[GPU cuda:1][TRAIN] Epoch: [1][1300/2480], Elapsed 6m 9s (remain 5m 35s), Accuracy: 40.000(53.943), Loss: 1.690(1.060), LR: 0.000002
[GPU cuda:1][TRAIN] Epoch: [1][1350/2480], Elapsed 6m 24s (remain 5m 20s), Accuracy: 100.000(54.419), Loss: 0.282(1.049), LR: 0.000001
[GPU cuda:1][TRAIN] Epoch: [1][1400/2480], Elapsed 6m 38s (remain 5m 6s), Accuracy: 80.000(54.789), Loss: 0.393(1.042), LR: 0.000030
[GPU cuda:1][TRAIN] Epoch: [1][1450/2480], Elapsed 6m 52s (remain 4m 52s), Accuracy: 60.000(54.914), Loss: 0.843(1.038), LR: 0.000030
[GPU cuda:1][TRAIN] Epoch: [1][1500/2480], Elapsed 7m 6s (remain 4m 38s), Accuracy: 80.000(54.910), Loss: 0.714(1.037), LR: 0.000030
[GPU cuda:1][TRAIN] Epoch: [1][1550/2480], Elapsed 7m 20s (remain 4m 24s), Accuracy: 60.000(54.984), Loss: 0.713(1.035), LR: 0.000029
[GPU cuda:1][TRAIN] Epoch: [1][1600/2480], Elapsed 7m 35s (remain 4m 9s), Accuracy: 100.000(55.191), Loss: 0.583(1.029), LR: 0.000029
[GPU cuda:1][TRAIN] Epoch: [1][1650/2480], Elapsed 7m 49s (remain 3m 55s), Accuracy: 80.000(55.433), Loss: 0.823(1.023), LR: 0.000028
[GPU cuda:1][TRAIN] Epoch: [1][1700/2480], Elapsed 8m 3s (remain 3m 41s), Accuracy: 80.000(55.638), Loss: 0.646(1.021), LR: 0.000028
[GPU cuda:1][TRAIN] Epoch: [1][1750/2480], Elapsed 8m 17s (remain 3m 27s), Accuracy: 20.000(55.854), Loss: 1.986(1.018), LR: 0.000027
[GPU cuda:1][TRAIN] Epoch: [1][1800/2480], Elapsed 8m 31s (remain 3m 12s), Accuracy: 60.000(55.625), Loss: 0.999(1.020), LR: 0.000026
[GPU cuda:1][TRAIN] Epoch: [1][1850/2480], Elapsed 8m 45s (remain 2m 58s), Accuracy: 60.000(55.635), Loss: 0.943(1.019), LR: 0.000025
[GPU cuda:1][TRAIN] Epoch: [1][1900/2480], Elapsed 9m 0s (remain 2m 44s), Accuracy: 60.000(55.865), Loss: 0.866(1.015), LR: 0.000024
[GPU cuda:1][TRAIN] Epoch: [1][1950/2480], Elapsed 9m 14s (remain 2m 30s), Accuracy: 40.000(55.961), Loss: 0.765(1.013), LR: 0.000022
[GPU cuda:1][TRAIN] Epoch: [1][2000/2480], Elapsed 9m 28s (remain 2m 16s), Accuracy: 40.000(56.222), Loss: 1.207(1.008), LR: 0.000021
[GPU cuda:1][TRAIN] Epoch: [1][2050/2480], Elapsed 9m 42s (remain 2m 1s), Accuracy: 40.000(56.265), Loss: 1.197(1.008), LR: 0.000020
[GPU cuda:1][TRAIN] Epoch: [1][2100/2480], Elapsed 9m 56s (remain 1m 47s), Accuracy: 80.000(56.621), Loss: 0.773(1.000), LR: 0.000018
[GPU cuda:1][TRAIN] Epoch: [1][2150/2480], Elapsed 10m 10s (remain 1m 33s), Accuracy: 60.000(56.792), Loss: 0.924(0.997), LR: 0.000017
[GPU cuda:1][TRAIN] Epoch: [1][2200/2480], Elapsed 10m 25s (remain 1m 19s), Accuracy: 60.000(56.983), Loss: 0.776(0.993), LR: 0.000015
[GPU cuda:1][TRAIN] Epoch: [1][2250/2480], Elapsed 10m 39s (remain 1m 5s), Accuracy: 60.000(57.255), Loss: 1.018(0.988), LR: 0.000014
[GPU cuda:1][TRAIN] Epoch: [1][2300/2480], Elapsed 10m 53s (remain 0m 50s), Accuracy: 60.000(57.497), Loss: 0.709(0.984), LR: 0.000013
[GPU cuda:1][TRAIN] Epoch: [1][2350/2480], Elapsed 11m 7s (remain 0m 36s), Accuracy: 80.000(57.729), Loss: 0.714(0.980), LR: 0.000011
[GPU cuda:1][TRAIN] Epoch: [1][2400/2480], Elapsed 11m 21s (remain 0m 22s), Accuracy: 60.000(58.017), Loss: 1.201(0.975), LR: 0.000010
[GPU cuda:1][TRAIN] Epoch: [1][2450/2480], Elapsed 11m 35s (remain 0m 8s), Accuracy: 100.000(58.319), Loss: 0.462(0.969), LR: 0.000009
[GPU cuda:1][TRAIN] Epoch: [1][2479/2480], Elapsed 11m 44s (remain 0m 0s), Accuracy: 40.000(58.476), Loss: 1.811(0.967), LR: 0.000008
[GPU cuda:1][VALID][0/97], Elapsed 0m 1s (remain 2m 14s), Accuracy: 78.125(78.125), Batch Loss: 0.5962, Average Loss: 0.5962
[GPU cuda:1][VALID][50/97], Elapsed 0m 48s (remain 0m 43s), Accuracy: 81.250(71.936), Batch Loss: 0.4648, Average Loss: 0.6899
[GPU cuda:1][VALID][96/97], Elapsed 1m 32s (remain 0m 0s), Accuracy: 67.857(71.801), Batch Loss: 0.6097, Average Loss: 0.6990
Valid Labels Samples: [2 0 1 4 1 0 3 1 4 3]
Valid Predictions Samples: [2, 0, 1, 4, 1, 0, 3, 1, 3, 0]
Epoch 1 - Train Average Loss: 58.476, Valid Average Loss: 71.801, Epoch Time: 798.362s
Epoch 1 - Accuracy: 0.718, Precision: 0.734, Recall: 0.718
Saved Best Model: 0.72
[GPU cuda:1][TRAIN] Epoch: [2][0/2480], Elapsed 0m 0s (remain 25m 22s), Accuracy: 80.000(80.000), Loss: 1.007(1.007), LR: 0.000008
[GPU cuda:1][TRAIN] Epoch: [2][50/2480], Elapsed 0m 14s (remain 11m 52s), Accuracy: 40.000(73.333), Loss: 0.920(0.637), LR: 0.000007
[GPU cuda:1][TRAIN] Epoch: [2][100/2480], Elapsed 0m 29s (remain 11m 27s), Accuracy: 80.000(71.683), Loss: 0.670(0.688), LR: 0.000006
[GPU cuda:1][TRAIN] Epoch: [2][150/2480], Elapsed 0m 43s (remain 11m 8s), Accuracy: 60.000(71.656), Loss: 0.880(0.686), LR: 0.000005
[GPU cuda:1][TRAIN] Epoch: [2][200/2480], Elapsed 0m 57s (remain 10m 52s), Accuracy: 80.000(70.846), Loss: 0.709(0.713), LR: 0.000004
[GPU cuda:1][TRAIN] Epoch: [2][250/2480], Elapsed 1m 11s (remain 10m 37s), Accuracy: 100.000(71.474), Loss: 0.204(0.702), LR: 0.000003
[GPU cuda:1][TRAIN] Epoch: [2][300/2480], Elapsed 1m 25s (remain 10m 21s), Accuracy: 40.000(71.229), Loss: 1.106(0.705), LR: 0.000002
[GPU cuda:1][TRAIN] Epoch: [2][350/2480], Elapsed 1m 40s (remain 10m 6s), Accuracy: 80.000(70.712), Loss: 0.816(0.713), LR: 0.000002
[GPU cuda:1][TRAIN] Epoch: [2][400/2480], Elapsed 1m 54s (remain 9m 52s), Accuracy: 80.000(71.072), Loss: 0.595(0.709), LR: 0.000001
[GPU cuda:1][TRAIN] Epoch: [2][450/2480], Elapsed 2m 8s (remain 9m 37s), Accuracy: 80.000(71.353), Loss: 0.699(0.706), LR: 0.000001
[GPU cuda:1][TRAIN] Epoch: [2][500/2480], Elapsed 2m 22s (remain 9m 23s), Accuracy: 40.000(71.936), Loss: 0.922(0.696), LR: 0.000001
[GPU cuda:1][TRAIN] Epoch: [2][550/2480], Elapsed 2m 36s (remain 9m 8s), Accuracy: 100.000(71.579), Loss: 0.221(0.706), LR: 0.000030
[GPU cuda:1][TRAIN] Epoch: [2][600/2480], Elapsed 2m 50s (remain 8m 54s), Accuracy: 80.000(70.549), Loss: 0.483(0.723), LR: 0.000030
[GPU cuda:1][TRAIN] Epoch: [2][650/2480], Elapsed 3m 5s (remain 8m 39s), Accuracy: 100.000(69.800), Loss: 0.129(0.737), LR: 0.000030
[GPU cuda:1][TRAIN] Epoch: [2][700/2480], Elapsed 3m 19s (remain 8m 25s), Accuracy: 100.000(69.272), Loss: 0.598(0.750), LR: 0.000030
[GPU cuda:1][TRAIN] Epoch: [2][750/2480], Elapsed 3m 33s (remain 8m 11s), Accuracy: 100.000(69.081), Loss: 0.405(0.758), LR: 0.000030
[GPU cuda:1][TRAIN] Epoch: [2][800/2480], Elapsed 3m 47s (remain 7m 56s), Accuracy: 60.000(69.064), Loss: 0.952(0.758), LR: 0.000029
[GPU cuda:1][TRAIN] Epoch: [2][850/2480], Elapsed 4m 1s (remain 7m 42s), Accuracy: 80.000(69.166), Loss: 0.748(0.754), LR: 0.000029
[GPU cuda:1][TRAIN] Epoch: [2][900/2480], Elapsed 4m 15s (remain 7m 28s), Accuracy: 60.000(68.990), Loss: 1.528(0.757), LR: 0.000029
[GPU cuda:1][TRAIN] Epoch: [2][950/2480], Elapsed 4m 29s (remain 7m 14s), Accuracy: 60.000(68.833), Loss: 0.954(0.756), LR: 0.000029
[GPU cuda:1][TRAIN] Epoch: [2][1000/2480], Elapsed 4m 44s (remain 6m 59s), Accuracy: 80.000(68.452), Loss: 0.780(0.762), LR: 0.000028
[GPU cuda:1][TRAIN] Epoch: [2][1050/2480], Elapsed 4m 58s (remain 6m 45s), Accuracy: 60.000(68.335), Loss: 1.019(0.765), LR: 0.000028
[GPU cuda:1][TRAIN] Epoch: [2][1100/2480], Elapsed 5m 12s (remain 6m 31s), Accuracy: 80.000(68.483), Loss: 0.397(0.760), LR: 0.000028
[GPU cuda:1][TRAIN] Epoch: [2][1150/2480], Elapsed 5m 26s (remain 6m 17s), Accuracy: 40.000(68.132), Loss: 0.960(0.765), LR: 0.000027
[GPU cuda:1][TRAIN] Epoch: [2][1200/2480], Elapsed 5m 40s (remain 6m 2s), Accuracy: 60.000(67.977), Loss: 0.885(0.767), LR: 0.000027
[GPU cuda:1][TRAIN] Epoch: [2][1250/2480], Elapsed 5m 54s (remain 5m 48s), Accuracy: 40.000(67.834), Loss: 0.961(0.769), LR: 0.000026
[GPU cuda:1][TRAIN] Epoch: [2][1300/2480], Elapsed 6m 9s (remain 5m 34s), Accuracy: 60.000(67.871), Loss: 1.153(0.768), LR: 0.000026
[GPU cuda:1][TRAIN] Epoch: [2][1350/2480], Elapsed 6m 23s (remain 5m 20s), Accuracy: 100.000(67.994), Loss: 0.179(0.768), LR: 0.000025
[GPU cuda:1][TRAIN] Epoch: [2][1400/2480], Elapsed 6m 37s (remain 5m 6s), Accuracy: 80.000(67.894), Loss: 0.422(0.770), LR: 0.000025
[GPU cuda:1][TRAIN] Epoch: [2][1450/2480], Elapsed 6m 51s (remain 4m 51s), Accuracy: 80.000(67.912), Loss: 0.662(0.769), LR: 0.000024
[GPU cuda:1][TRAIN] Epoch: [2][1500/2480], Elapsed 7m 5s (remain 4m 37s), Accuracy: 80.000(67.955), Loss: 0.254(0.768), LR: 0.000024
[GPU cuda:1][TRAIN] Epoch: [2][1550/2480], Elapsed 7m 19s (remain 4m 23s), Accuracy: 60.000(67.982), Loss: 0.733(0.767), LR: 0.000023
[GPU cuda:1][TRAIN] Epoch: [2][1600/2480], Elapsed 7m 34s (remain 4m 9s), Accuracy: 80.000(68.095), Loss: 0.468(0.764), LR: 0.000023
[GPU cuda:1][TRAIN] Epoch: [2][1650/2480], Elapsed 7m 48s (remain 3m 55s), Accuracy: 80.000(68.274), Loss: 0.392(0.760), LR: 0.000022
[GPU cuda:1][TRAIN] Epoch: [2][1700/2480], Elapsed 8m 2s (remain 3m 40s), Accuracy: 80.000(68.242), Loss: 0.422(0.760), LR: 0.000021
[GPU cuda:1][TRAIN] Epoch: [2][1750/2480], Elapsed 8m 16s (remain 3m 26s), Accuracy: 40.000(68.292), Loss: 1.474(0.759), LR: 0.000021
[GPU cuda:1][TRAIN] Epoch: [2][1800/2480], Elapsed 8m 30s (remain 3m 12s), Accuracy: 60.000(68.395), Loss: 0.693(0.756), LR: 0.000020
[GPU cuda:1][TRAIN] Epoch: [2][1850/2480], Elapsed 8m 44s (remain 2m 58s), Accuracy: 60.000(68.395), Loss: 0.819(0.755), LR: 0.000019
[GPU cuda:1][TRAIN] Epoch: [2][1900/2480], Elapsed 8m 59s (remain 2m 44s), Accuracy: 80.000(68.480), Loss: 0.423(0.753), LR: 0.000019
[GPU cuda:1][TRAIN] Epoch: [2][1950/2480], Elapsed 9m 13s (remain 2m 30s), Accuracy: 100.000(68.416), Loss: 0.465(0.755), LR: 0.000018
[GPU cuda:1][TRAIN] Epoch: [2][2000/2480], Elapsed 9m 27s (remain 2m 15s), Accuracy: 80.000(68.526), Loss: 0.765(0.752), LR: 0.000017
[GPU cuda:1][TRAIN] Epoch: [2][2050/2480], Elapsed 9m 41s (remain 2m 1s), Accuracy: 60.000(68.503), Loss: 0.873(0.753), LR: 0.000016
[GPU cuda:1][TRAIN] Epoch: [2][2100/2480], Elapsed 9m 55s (remain 1m 47s), Accuracy: 60.000(68.815), Loss: 0.996(0.747), LR: 0.000016
[GPU cuda:1][TRAIN] Epoch: [2][2150/2480], Elapsed 10m 10s (remain 1m 33s), Accuracy: 80.000(68.907), Loss: 0.705(0.745), LR: 0.000015
[GPU cuda:1][TRAIN] Epoch: [2][2200/2480], Elapsed 10m 24s (remain 1m 19s), Accuracy: 60.000(69.023), Loss: 0.853(0.743), LR: 0.000014
[GPU cuda:1][TRAIN] Epoch: [2][2250/2480], Elapsed 10m 38s (remain 1m 4s), Accuracy: 80.000(69.080), Loss: 0.823(0.742), LR: 0.000014
[GPU cuda:1][TRAIN] Epoch: [2][2300/2480], Elapsed 10m 52s (remain 0m 50s), Accuracy: 80.000(69.196), Loss: 0.448(0.740), LR: 0.000013
[GPU cuda:1][TRAIN] Epoch: [2][2350/2480], Elapsed 11m 6s (remain 0m 36s), Accuracy: 80.000(69.264), Loss: 0.594(0.739), LR: 0.000012
[GPU cuda:1][TRAIN] Epoch: [2][2400/2480], Elapsed 11m 21s (remain 0m 22s), Accuracy: 60.000(69.396), Loss: 1.080(0.738), LR: 0.000012
[GPU cuda:1][TRAIN] Epoch: [2][2450/2480], Elapsed 11m 35s (remain 0m 8s), Accuracy: 80.000(69.563), Loss: 0.448(0.735), LR: 0.000011
[GPU cuda:1][TRAIN] Epoch: [2][2479/2480], Elapsed 11m 43s (remain 0m 0s), Accuracy: 40.000(69.645), Loss: 2.044(0.734), LR: 0.000010
[GPU cuda:1][VALID][0/97], Elapsed 0m 1s (remain 2m 12s), Accuracy: 81.250(81.250), Batch Loss: 0.6657, Average Loss: 0.6657
[GPU cuda:1][VALID][50/97], Elapsed 0m 48s (remain 0m 43s), Accuracy: 87.500(76.225), Batch Loss: 0.3314, Average Loss: 0.6173
[GPU cuda:1][VALID][96/97], Elapsed 1m 32s (remain 0m 0s), Accuracy: 82.143(76.008), Batch Loss: 0.4900, Average Loss: 0.6262
Valid Labels Samples: [2 0 1 4 1 0 3 1 4 3]
Valid Predictions Samples: [2, 0, 1, 3, 1, 0, 3, 1, 3, 0]
Epoch 2 - Train Average Loss: 69.645, Valid Average Loss: 76.008, Epoch Time: 798.147s
Epoch 2 - Accuracy: 0.760, Precision: 0.765, Recall: 0.760
Saved Best Model: 0.76
[GPU cuda:1][TRAIN] Epoch: [3][0/2480], Elapsed 0m 0s (remain 26m 29s), Accuracy: 80.000(80.000), Loss: 0.689(0.689), LR: 0.000010
[GPU cuda:1][TRAIN] Epoch: [3][50/2480], Elapsed 0m 14s (remain 11m 54s), Accuracy: 60.000(76.863), Loss: 0.804(0.557), LR: 0.000010
[GPU cuda:1][TRAIN] Epoch: [3][100/2480], Elapsed 0m 29s (remain 11m 28s), Accuracy: 80.000(73.465), Loss: 0.706(0.633), LR: 0.000009
[GPU cuda:1][TRAIN] Epoch: [3][150/2480], Elapsed 0m 43s (remain 11m 9s), Accuracy: 60.000(73.377), Loss: 0.775(0.631), LR: 0.000009
[GPU cuda:1][TRAIN] Epoch: [3][200/2480], Elapsed 0m 57s (remain 10m 53s), Accuracy: 100.000(72.637), Loss: 0.466(0.655), LR: 0.000008
[GPU cuda:1][TRAIN] Epoch: [3][250/2480], Elapsed 1m 11s (remain 10m 37s), Accuracy: 100.000(73.147), Loss: 0.124(0.650), LR: 0.000007
[GPU cuda:1][TRAIN] Epoch: [3][300/2480], Elapsed 1m 25s (remain 10m 22s), Accuracy: 20.000(73.156), Loss: 1.307(0.653), LR: 0.000007
[GPU cuda:1][TRAIN] Epoch: [3][350/2480], Elapsed 1m 40s (remain 10m 7s), Accuracy: 60.000(72.536), Loss: 0.961(0.668), LR: 0.000006
[GPU cuda:1][TRAIN] Epoch: [3][400/2480], Elapsed 1m 54s (remain 9m 52s), Accuracy: 60.000(72.618), Loss: 0.633(0.663), LR: 0.000006
[GPU cuda:1][TRAIN] Epoch: [3][450/2480], Elapsed 2m 8s (remain 9m 37s), Accuracy: 60.000(72.993), Loss: 0.741(0.662), LR: 0.000005
[GPU cuda:1][TRAIN] Epoch: [3][500/2480], Elapsed 2m 22s (remain 9m 23s), Accuracy: 40.000(73.413), Loss: 0.892(0.653), LR: 0.000005
[GPU cuda:1][TRAIN] Epoch: [3][550/2480], Elapsed 2m 36s (remain 9m 8s), Accuracy: 100.000(73.394), Loss: 0.095(0.654), LR: 0.000004
[GPU cuda:1][TRAIN] Epoch: [3][600/2480], Elapsed 2m 50s (remain 8m 54s), Accuracy: 100.000(73.378), Loss: 0.033(0.655), LR: 0.000004
[GPU cuda:1][TRAIN] Epoch: [3][650/2480], Elapsed 3m 5s (remain 8m 40s), Accuracy: 100.000(73.487), Loss: 0.038(0.654), LR: 0.000003
[GPU cuda:1][TRAIN] Epoch: [3][700/2480], Elapsed 3m 19s (remain 8m 25s), Accuracy: 100.000(73.438), Loss: 0.299(0.654), LR: 0.000003
[GPU cuda:1][TRAIN] Epoch: [3][750/2480], Elapsed 3m 33s (remain 8m 11s), Accuracy: 100.000(73.475), Loss: 0.262(0.652), LR: 0.000003
[GPU cuda:1][TRAIN] Epoch: [3][800/2480], Elapsed 3m 47s (remain 7m 57s), Accuracy: 80.000(73.858), Loss: 0.449(0.645), LR: 0.000002
[GPU cuda:1][TRAIN] Epoch: [3][850/2480], Elapsed 4m 1s (remain 7m 42s), Accuracy: 80.000(74.078), Loss: 0.606(0.638), LR: 0.000002
[GPU cuda:1][TRAIN] Epoch: [3][900/2480], Elapsed 4m 15s (remain 7m 28s), Accuracy: 80.000(74.384), Loss: 0.562(0.633), LR: 0.000002
[GPU cuda:1][TRAIN] Epoch: [3][950/2480], Elapsed 4m 30s (remain 7m 14s), Accuracy: 80.000(74.679), Loss: 0.776(0.625), LR: 0.000002
[GPU cuda:1][TRAIN] Epoch: [3][1000/2480], Elapsed 4m 44s (remain 6m 59s), Accuracy: 80.000(74.545), Loss: 0.768(0.626), LR: 0.000001
[GPU cuda:1][TRAIN] Epoch: [3][1050/2480], Elapsed 4m 58s (remain 6m 45s), Accuracy: 80.000(74.786), Loss: 0.711(0.623), LR: 0.000001
[GPU cuda:1][TRAIN] Epoch: [3][1100/2480], Elapsed 5m 12s (remain 6m 31s), Accuracy: 80.000(74.859), Loss: 0.272(0.618), LR: 0.000001
[GPU cuda:1][TRAIN] Epoch: [3][1150/2480], Elapsed 5m 26s (remain 6m 17s), Accuracy: 60.000(74.839), Loss: 0.738(0.617), LR: 0.000001
[GPU cuda:1][TRAIN] Epoch: [3][1200/2480], Elapsed 5m 40s (remain 6m 2s), Accuracy: 100.000(75.154), Loss: 0.413(0.610), LR: 0.000001
[GPU cuda:1][TRAIN] Epoch: [3][1250/2480], Elapsed 5m 54s (remain 5m 48s), Accuracy: 40.000(75.092), Loss: 0.880(0.609), LR: 0.000030
[GPU cuda:1][TRAIN] Epoch: [3][1300/2480], Elapsed 6m 9s (remain 5m 34s), Accuracy: 80.000(74.958), Loss: 0.683(0.612), LR: 0.000030
[GPU cuda:1][TRAIN] Epoch: [3][1350/2480], Elapsed 6m 23s (remain 5m 20s), Accuracy: 100.000(74.878), Loss: 0.244(0.613), LR: 0.000030
[GPU cuda:1][TRAIN] Epoch: [3][1400/2480], Elapsed 6m 37s (remain 5m 6s), Accuracy: 100.000(74.661), Loss: 0.278(0.617), LR: 0.000030
[GPU cuda:1][TRAIN] Epoch: [3][1450/2480], Elapsed 6m 51s (remain 4m 51s), Accuracy: 80.000(74.528), Loss: 0.483(0.620), LR: 0.000030
[GPU cuda:1][TRAIN] Epoch: [3][1500/2480], Elapsed 7m 5s (remain 4m 37s), Accuracy: 80.000(74.270), Loss: 0.447(0.626), LR: 0.000030
[GPU cuda:1][TRAIN] Epoch: [3][1550/2480], Elapsed 7m 19s (remain 4m 23s), Accuracy: 100.000(74.159), Loss: 0.321(0.630), LR: 0.000030
[GPU cuda:1][TRAIN] Epoch: [3][1600/2480], Elapsed 7m 34s (remain 4m 9s), Accuracy: 60.000(74.066), Loss: 0.522(0.631), LR: 0.000030
[GPU cuda:1][TRAIN] Epoch: [3][1650/2480], Elapsed 7m 48s (remain 3m 55s), Accuracy: 100.000(74.149), Loss: 0.264(0.629), LR: 0.000030
[GPU cuda:1][TRAIN] Epoch: [3][1700/2480], Elapsed 8m 2s (remain 3m 40s), Accuracy: 80.000(73.933), Loss: 0.418(0.635), LR: 0.000030
[GPU cuda:1][TRAIN] Epoch: [3][1750/2480], Elapsed 8m 16s (remain 3m 26s), Accuracy: 40.000(73.821), Loss: 1.288(0.636), LR: 0.000030
[GPU cuda:1][TRAIN] Epoch: [3][1800/2480], Elapsed 8m 30s (remain 3m 12s), Accuracy: 80.000(73.670), Loss: 0.537(0.639), LR: 0.000029
[GPU cuda:1][TRAIN] Epoch: [3][1850/2480], Elapsed 8m 44s (remain 2m 58s), Accuracy: 80.000(73.582), Loss: 0.803(0.640), LR: 0.000029
[GPU cuda:1][TRAIN] Epoch: [3][1900/2480], Elapsed 8m 58s (remain 2m 44s), Accuracy: 60.000(73.467), Loss: 0.520(0.641), LR: 0.000029
[GPU cuda:1][TRAIN] Epoch: [3][1950/2480], Elapsed 9m 13s (remain 2m 29s), Accuracy: 100.000(73.265), Loss: 0.331(0.645), LR: 0.000029
[GPU cuda:1][TRAIN] Epoch: [3][2000/2480], Elapsed 9m 27s (remain 2m 15s), Accuracy: 80.000(73.213), Loss: 0.716(0.645), LR: 0.000029
[GPU cuda:1][TRAIN] Epoch: [3][2050/2480], Elapsed 9m 41s (remain 2m 1s), Accuracy: 60.000(72.882), Loss: 0.990(0.652), LR: 0.000029
[GPU cuda:1][TRAIN] Epoch: [3][2100/2480], Elapsed 9m 55s (remain 1m 47s), Accuracy: 80.000(73.089), Loss: 0.719(0.649), LR: 0.000029
[GPU cuda:1][TRAIN] Epoch: [3][2150/2480], Elapsed 10m 9s (remain 1m 33s), Accuracy: 80.000(73.045), Loss: 0.822(0.650), LR: 0.000029
[GPU cuda:1][TRAIN] Epoch: [3][2200/2480], Elapsed 10m 23s (remain 1m 19s), Accuracy: 40.000(72.994), Loss: 0.842(0.650), LR: 0.000028
[GPU cuda:1][TRAIN] Epoch: [3][2250/2480], Elapsed 10m 37s (remain 1m 4s), Accuracy: 80.000(72.919), Loss: 0.579(0.651), LR: 0.000028
[GPU cuda:1][TRAIN] Epoch: [3][2300/2480], Elapsed 10m 52s (remain 0m 50s), Accuracy: 80.000(72.916), Loss: 0.456(0.652), LR: 0.000028
[GPU cuda:1][TRAIN] Epoch: [3][2350/2480], Elapsed 11m 6s (remain 0m 36s), Accuracy: 80.000(72.854), Loss: 0.515(0.654), LR: 0.000028
[GPU cuda:1][TRAIN] Epoch: [3][2400/2480], Elapsed 11m 20s (remain 0m 22s), Accuracy: 60.000(72.886), Loss: 0.821(0.654), LR: 0.000028
[GPU cuda:1][TRAIN] Epoch: [3][2450/2480], Elapsed 11m 34s (remain 0m 8s), Accuracy: 80.000(72.893), Loss: 0.454(0.654), LR: 0.000028
[GPU cuda:1][TRAIN] Epoch: [3][2479/2480], Elapsed 11m 42s (remain 0m 0s), Accuracy: 40.000(72.887), Loss: 1.936(0.655), LR: 0.000027
[GPU cuda:1][VALID][0/97], Elapsed 0m 1s (remain 2m 15s), Accuracy: 68.750(68.750), Batch Loss: 0.6411, Average Loss: 0.6411
[GPU cuda:1][VALID][50/97], Elapsed 0m 48s (remain 0m 43s), Accuracy: 71.875(71.875), Batch Loss: 0.5406, Average Loss: 0.6951
[GPU cuda:1][VALID][96/97], Elapsed 1m 32s (remain 0m 0s), Accuracy: 71.429(71.742), Batch Loss: 0.6328, Average Loss: 0.7004
Valid Labels Samples: [2 0 1 4 1 0 3 1 4 3]
Valid Predictions Samples: [2, 0, 1, 3, 1, 0, 3, 1, 3, 0]
Epoch 3 - Train Average Loss: 72.887, Valid Average Loss: 71.742, Epoch Time: 797.283s
Epoch 3 - Accuracy: 0.717, Precision: 0.722, Recall: 0.717
[GPU cuda:1][TRAIN] Epoch: [4][0/2480], Elapsed 0m 0s (remain 25m 43s), Accuracy: 80.000(80.000), Loss: 0.637(0.637), LR: 0.000027
[GPU cuda:1][TRAIN] Epoch: [4][50/2480], Elapsed 0m 14s (remain 11m 51s), Accuracy: 60.000(75.686), Loss: 0.767(0.612), LR: 0.000027
[GPU cuda:1][TRAIN] Epoch: [4][100/2480], Elapsed 0m 29s (remain 11m 25s), Accuracy: 80.000(74.059), Loss: 0.864(0.633), LR: 0.000027
[GPU cuda:1][TRAIN] Epoch: [4][150/2480], Elapsed 0m 43s (remain 11m 7s), Accuracy: 80.000(72.450), Loss: 0.724(0.650), LR: 0.000027
[GPU cuda:1][TRAIN] Epoch: [4][200/2480], Elapsed 0m 57s (remain 10m 51s), Accuracy: 100.000(71.741), Loss: 0.489(0.681), LR: 0.000027
[GPU cuda:1][TRAIN] Epoch: [4][250/2480], Elapsed 1m 11s (remain 10m 36s), Accuracy: 100.000(72.430), Loss: 0.143(0.676), LR: 0.000026
[GPU cuda:1][TRAIN] Epoch: [4][300/2480], Elapsed 1m 25s (remain 10m 21s), Accuracy: 20.000(71.694), Loss: 1.446(0.697), LR: 0.000026
[GPU cuda:1][TRAIN] Epoch: [4][350/2480], Elapsed 1m 39s (remain 10m 6s), Accuracy: 60.000(70.940), Loss: 1.170(0.712), LR: 0.000026
[GPU cuda:1][TRAIN] Epoch: [4][400/2480], Elapsed 1m 54s (remain 9m 51s), Accuracy: 60.000(70.773), Loss: 0.681(0.712), LR: 0.000026
[GPU cuda:1][TRAIN] Epoch: [4][450/2480], Elapsed 2m 8s (remain 9m 37s), Accuracy: 80.000(70.998), Loss: 0.708(0.712), LR: 0.000025
[GPU cuda:1][TRAIN] Epoch: [4][500/2480], Elapsed 2m 22s (remain 9m 22s), Accuracy: 40.000(71.537), Loss: 1.198(0.699), LR: 0.000025
[GPU cuda:1][TRAIN] Epoch: [4][550/2480], Elapsed 2m 36s (remain 9m 8s), Accuracy: 100.000(71.434), Loss: 0.140(0.702), LR: 0.000025
[GPU cuda:1][TRAIN] Epoch: [4][600/2480], Elapsed 2m 50s (remain 8m 54s), Accuracy: 100.000(71.514), Loss: 0.048(0.703), LR: 0.000024
[GPU cuda:1][TRAIN] Epoch: [4][650/2480], Elapsed 3m 5s (remain 8m 39s), Accuracy: 100.000(71.490), Loss: 0.051(0.704), LR: 0.000024
[GPU cuda:1][TRAIN] Epoch: [4][700/2480], Elapsed 3m 19s (remain 8m 25s), Accuracy: 100.000(71.384), Loss: 0.326(0.705), LR: 0.000024
[GPU cuda:1][TRAIN] Epoch: [4][750/2480], Elapsed 3m 33s (remain 8m 11s), Accuracy: 100.000(71.398), Loss: 0.291(0.704), LR: 0.000024
[GPU cuda:1][TRAIN] Epoch: [4][800/2480], Elapsed 3m 47s (remain 7m 56s), Accuracy: 60.000(71.810), Loss: 0.592(0.698), LR: 0.000023
[GPU cuda:1][TRAIN] Epoch: [4][850/2480], Elapsed 4m 1s (remain 7m 42s), Accuracy: 80.000(71.962), Loss: 0.727(0.696), LR: 0.000023
[GPU cuda:1][TRAIN] Epoch: [4][900/2480], Elapsed 4m 15s (remain 7m 28s), Accuracy: 80.000(72.075), Loss: 1.059(0.693), LR: 0.000023
[GPU cuda:1][TRAIN] Epoch: [4][950/2480], Elapsed 4m 29s (remain 7m 14s), Accuracy: 80.000(72.324), Loss: 0.613(0.686), LR: 0.000022
[GPU cuda:1][TRAIN] Epoch: [4][1000/2480], Elapsed 4m 44s (remain 6m 59s), Accuracy: 60.000(72.248), Loss: 0.805(0.687), LR: 0.000022
[GPU cuda:1][TRAIN] Epoch: [4][1050/2480], Elapsed 4m 58s (remain 6m 45s), Accuracy: 60.000(72.331), Loss: 0.710(0.687), LR: 0.000022
[GPU cuda:1][TRAIN] Epoch: [4][1100/2480], Elapsed 5m 12s (remain 6m 31s), Accuracy: 80.000(72.498), Loss: 0.393(0.680), LR: 0.000021
[GPU cuda:1][TRAIN] Epoch: [4][1150/2480], Elapsed 5m 26s (remain 6m 17s), Accuracy: 60.000(72.459), Loss: 0.739(0.681), LR: 0.000021
[GPU cuda:1][TRAIN] Epoch: [4][1200/2480], Elapsed 5m 40s (remain 6m 2s), Accuracy: 40.000(72.556), Loss: 1.053(0.677), LR: 0.000021
[GPU cuda:1][TRAIN] Epoch: [4][1250/2480], Elapsed 5m 54s (remain 5m 48s), Accuracy: 40.000(72.358), Loss: 1.067(0.678), LR: 0.000020
[GPU cuda:1][TRAIN] Epoch: [4][1300/2480], Elapsed 6m 9s (remain 5m 34s), Accuracy: 60.000(72.529), Loss: 0.668(0.674), LR: 0.000020
[GPU cuda:1][TRAIN] Epoch: [4][1350/2480], Elapsed 6m 23s (remain 5m 20s), Accuracy: 100.000(72.746), Loss: 0.071(0.668), LR: 0.000020
[GPU cuda:1][TRAIN] Epoch: [4][1400/2480], Elapsed 6m 37s (remain 5m 5s), Accuracy: 100.000(72.891), Loss: 0.283(0.667), LR: 0.000019
[GPU cuda:1][TRAIN] Epoch: [4][1450/2480], Elapsed 6m 51s (remain 4m 51s), Accuracy: 80.000(73.081), Loss: 0.542(0.662), LR: 0.000019
[GPU cuda:1][TRAIN] Epoch: [4][1500/2480], Elapsed 7m 5s (remain 4m 37s), Accuracy: 80.000(73.125), Loss: 0.212(0.662), LR: 0.000019
[GPU cuda:1][TRAIN] Epoch: [4][1550/2480], Elapsed 7m 19s (remain 4m 23s), Accuracy: 80.000(73.166), Loss: 0.388(0.660), LR: 0.000018
[GPU cuda:1][TRAIN] Epoch: [4][1600/2480], Elapsed 7m 33s (remain 4m 9s), Accuracy: 80.000(73.254), Loss: 0.462(0.658), LR: 0.000018
[GPU cuda:1][TRAIN] Epoch: [4][1650/2480], Elapsed 7m 47s (remain 3m 54s), Accuracy: 100.000(73.422), Loss: 0.212(0.653), LR: 0.000018
[GPU cuda:1][TRAIN] Epoch: [4][1700/2480], Elapsed 8m 2s (remain 3m 40s), Accuracy: 80.000(73.404), Loss: 0.369(0.653), LR: 0.000017
[GPU cuda:1][TRAIN] Epoch: [4][1750/2480], Elapsed 8m 16s (remain 3m 26s), Accuracy: 60.000(73.467), Loss: 0.788(0.651), LR: 0.000017
[GPU cuda:1][TRAIN] Epoch: [4][1800/2480], Elapsed 8m 30s (remain 3m 12s), Accuracy: 80.000(73.626), Loss: 0.567(0.647), LR: 0.000017
[GPU cuda:1][TRAIN] Epoch: [4][1850/2480], Elapsed 8m 44s (remain 2m 58s), Accuracy: 80.000(73.679), Loss: 0.593(0.646), LR: 0.000016
[GPU cuda:1][TRAIN] Epoch: [4][1900/2480], Elapsed 8m 58s (remain 2m 44s), Accuracy: 60.000(73.751), Loss: 0.760(0.645), LR: 0.000016
[GPU cuda:1][TRAIN] Epoch: [4][1950/2480], Elapsed 9m 12s (remain 2m 29s), Accuracy: 80.000(73.716), Loss: 0.447(0.646), LR: 0.000016
[GPU cuda:1][TRAIN] Epoch: [4][2000/2480], Elapsed 9m 27s (remain 2m 15s), Accuracy: 80.000(73.823), Loss: 0.665(0.643), LR: 0.000015
[GPU cuda:1][TRAIN] Epoch: [4][2050/2480], Elapsed 9m 41s (remain 2m 1s), Accuracy: 40.000(73.876), Loss: 1.162(0.643), LR: 0.000015
[GPU cuda:1][TRAIN] Epoch: [4][2100/2480], Elapsed 9m 55s (remain 1m 47s), Accuracy: 80.000(74.089), Loss: 0.458(0.638), LR: 0.000014
[GPU cuda:1][TRAIN] Epoch: [4][2150/2480], Elapsed 10m 9s (remain 1m 33s), Accuracy: 60.000(74.235), Loss: 0.666(0.633), LR: 0.000014
[GPU cuda:1][TRAIN] Epoch: [4][2200/2480], Elapsed 10m 23s (remain 1m 19s), Accuracy: 80.000(74.366), Loss: 0.519(0.632), LR: 0.000014
[GPU cuda:1][TRAIN] Epoch: [4][2250/2480], Elapsed 10m 37s (remain 1m 4s), Accuracy: 80.000(74.411), Loss: 0.655(0.631), LR: 0.000013
[GPU cuda:1][TRAIN] Epoch: [4][2300/2480], Elapsed 10m 52s (remain 0m 50s), Accuracy: 60.000(74.446), Loss: 0.550(0.630), LR: 0.000013
[GPU cuda:1][TRAIN] Epoch: [4][2350/2480], Elapsed 11m 6s (remain 0m 36s), Accuracy: 100.000(74.521), Loss: 0.416(0.629), LR: 0.000013
[GPU cuda:1][TRAIN] Epoch: [4][2400/2480], Elapsed 11m 20s (remain 0m 22s), Accuracy: 60.000(74.719), Loss: 1.211(0.627), LR: 0.000012
[GPU cuda:1][TRAIN] Epoch: [4][2450/2480], Elapsed 11m 34s (remain 0m 8s), Accuracy: 80.000(74.884), Loss: 0.473(0.624), LR: 0.000012
[GPU cuda:1][TRAIN] Epoch: [4][2479/2480], Elapsed 11m 42s (remain 0m 0s), Accuracy: 40.000(74.919), Loss: 2.251(0.624), LR: 0.000012
[GPU cuda:1][VALID][0/97], Elapsed 0m 1s (remain 2m 16s), Accuracy: 84.375(84.375), Batch Loss: 0.6144, Average Loss: 0.6144
[GPU cuda:1][VALID][50/97], Elapsed 0m 48s (remain 0m 43s), Accuracy: 84.375(74.755), Batch Loss: 0.2935, Average Loss: 0.6333
[GPU cuda:1][VALID][96/97], Elapsed 1m 32s (remain 0m 0s), Accuracy: 75.000(74.356), Batch Loss: 0.5457, Average Loss: 0.6378
Valid Labels Samples: [2 0 1 4 1 0 3 1 4 3]
Valid Predictions Samples: [2, 0, 1, 3, 1, 0, 3, 1, 3, 0]
Epoch 4 - Train Average Loss: 74.919, Valid Average Loss: 74.356, Epoch Time: 797.896s
Epoch 4 - Accuracy: 0.744, Precision: 0.748, Recall: 0.744
[GPU cuda:1][TRAIN] Epoch: [5][0/2480], Elapsed 0m 0s (remain 25m 41s), Accuracy: 80.000(80.000), Loss: 0.483(0.483), LR: 0.000012
[GPU cuda:1][TRAIN] Epoch: [5][50/2480], Elapsed 0m 15s (remain 11m 56s), Accuracy: 60.000(80.000), Loss: 0.764(0.446), LR: 0.000011
[GPU cuda:1][TRAIN] Epoch: [5][100/2480], Elapsed 0m 29s (remain 11m 30s), Accuracy: 80.000(79.010), Loss: 0.655(0.492), LR: 0.000011
[GPU cuda:1][TRAIN] Epoch: [5][150/2480], Elapsed 0m 43s (remain 11m 12s), Accuracy: 60.000(78.411), Loss: 0.816(0.520), LR: 0.000011
[GPU cuda:1][TRAIN] Epoch: [5][200/2480], Elapsed 0m 57s (remain 10m 55s), Accuracy: 80.000(77.711), Loss: 0.430(0.548), LR: 0.000010
[GPU cuda:1][TRAIN] Epoch: [5][250/2480], Elapsed 1m 12s (remain 10m 39s), Accuracy: 100.000(78.247), Loss: 0.071(0.540), LR: 0.000010
[GPU cuda:1][TRAIN] Epoch: [5][300/2480], Elapsed 1m 26s (remain 10m 24s), Accuracy: 20.000(77.874), Loss: 1.282(0.546), LR: 0.000010
[GPU cuda:1][TRAIN] Epoch: [5][350/2480], Elapsed 1m 40s (remain 10m 9s), Accuracy: 60.000(76.980), Loss: 0.932(0.559), LR: 0.000009
[GPU cuda:1][TRAIN] Epoch: [5][400/2480], Elapsed 1m 54s (remain 9m 54s), Accuracy: 60.000(76.808), Loss: 0.763(0.563), LR: 0.000009
[GPU cuda:1][TRAIN] Epoch: [5][450/2480], Elapsed 2m 8s (remain 9m 40s), Accuracy: 100.000(76.896), Loss: 0.489(0.564), LR: 0.000009
[GPU cuda:1][TRAIN] Epoch: [5][500/2480], Elapsed 2m 23s (remain 9m 25s), Accuracy: 60.000(77.086), Loss: 0.765(0.559), LR: 0.000009
[GPU cuda:1][TRAIN] Epoch: [5][550/2480], Elapsed 2m 37s (remain 9m 11s), Accuracy: 100.000(77.024), Loss: 0.044(0.560), LR: 0.000008
[GPU cuda:1][TRAIN] Epoch: [5][600/2480], Elapsed 2m 51s (remain 8m 56s), Accuracy: 100.000(77.138), Loss: 0.078(0.561), LR: 0.000008
[GPU cuda:1][TRAIN] Epoch: [5][650/2480], Elapsed 3m 5s (remain 8m 42s), Accuracy: 100.000(77.174), Loss: 0.039(0.562), LR: 0.000008
[GPU cuda:1][TRAIN] Epoch: [5][700/2480], Elapsed 3m 20s (remain 8m 27s), Accuracy: 80.000(76.919), Loss: 0.335(0.569), LR: 0.000007
[GPU cuda:1][TRAIN] Epoch: [5][750/2480], Elapsed 3m 34s (remain 8m 13s), Accuracy: 100.000(77.124), Loss: 0.246(0.566), LR: 0.000007
[GPU cuda:1][TRAIN] Epoch: [5][800/2480], Elapsed 3m 48s (remain 7m 59s), Accuracy: 100.000(77.328), Loss: 0.226(0.564), LR: 0.000007
[GPU cuda:1][TRAIN] Epoch: [5][850/2480], Elapsed 4m 2s (remain 7m 44s), Accuracy: 80.000(77.462), Loss: 0.492(0.558), LR: 0.000006
[GPU cuda:1][TRAIN] Epoch: [5][900/2480], Elapsed 4m 17s (remain 7m 30s), Accuracy: 80.000(77.492), Loss: 0.508(0.556), LR: 0.000006
[GPU cuda:1][TRAIN] Epoch: [5][950/2480], Elapsed 4m 31s (remain 7m 16s), Accuracy: 60.000(77.624), Loss: 0.572(0.550), LR: 0.000006
[GPU cuda:1][TRAIN] Epoch: [5][1000/2480], Elapsed 4m 45s (remain 7m 1s), Accuracy: 60.000(77.582), Loss: 0.871(0.549), LR: 0.000006
[GPU cuda:1][TRAIN] Epoch: [5][1050/2480], Elapsed 4m 59s (remain 6m 47s), Accuracy: 60.000(77.640), Loss: 0.684(0.547), LR: 0.000005
[GPU cuda:1][TRAIN] Epoch: [5][1100/2480], Elapsed 5m 14s (remain 6m 33s), Accuracy: 80.000(77.675), Loss: 0.268(0.544), LR: 0.000005
[GPU cuda:1][TRAIN] Epoch: [5][1150/2480], Elapsed 5m 28s (remain 6m 19s), Accuracy: 80.000(77.706), Loss: 0.488(0.544), LR: 0.000005
[GPU cuda:1][TRAIN] Epoch: [5][1200/2480], Elapsed 5m 42s (remain 6m 4s), Accuracy: 100.000(77.918), Loss: 0.352(0.539), LR: 0.000005
[GPU cuda:1][TRAIN] Epoch: [5][1250/2480], Elapsed 5m 56s (remain 5m 50s), Accuracy: 60.000(77.986), Loss: 0.641(0.537), LR: 0.000004
[GPU cuda:1][TRAIN] Epoch: [5][1300/2480], Elapsed 6m 11s (remain 5m 36s), Accuracy: 80.000(78.186), Loss: 0.384(0.533), LR: 0.000004
[GPU cuda:1][TRAIN] Epoch: [5][1350/2480], Elapsed 6m 25s (remain 5m 22s), Accuracy: 100.000(78.357), Loss: 0.048(0.529), LR: 0.000004
[GPU cuda:1][TRAIN] Epoch: [5][1400/2480], Elapsed 6m 39s (remain 5m 7s), Accuracy: 100.000(78.373), Loss: 0.116(0.528), LR: 0.000004
[GPU cuda:1][TRAIN] Epoch: [5][1450/2480], Elapsed 6m 54s (remain 4m 53s), Accuracy: 100.000(78.498), Loss: 0.288(0.525), LR: 0.000004
[GPU cuda:1][TRAIN] Epoch: [5][1500/2480], Elapsed 7m 8s (remain 4m 39s), Accuracy: 100.000(78.454), Loss: 0.143(0.526), LR: 0.000003
[GPU cuda:1][TRAIN] Epoch: [5][1550/2480], Elapsed 7m 22s (remain 4m 25s), Accuracy: 100.000(78.517), Loss: 0.209(0.525), LR: 0.000003
[GPU cuda:1][TRAIN] Epoch: [5][1600/2480], Elapsed 7m 37s (remain 4m 10s), Accuracy: 80.000(78.663), Loss: 0.271(0.523), LR: 0.000003
[GPU cuda:1][TRAIN] Epoch: [5][1650/2480], Elapsed 7m 51s (remain 3m 56s), Accuracy: 80.000(78.813), Loss: 0.262(0.519), LR: 0.000003
[GPU cuda:1][TRAIN] Epoch: [5][1700/2480], Elapsed 8m 5s (remain 3m 42s), Accuracy: 100.000(78.907), Loss: 0.315(0.518), LR: 0.000003
[GPU cuda:1][TRAIN] Epoch: [5][1750/2480], Elapsed 8m 19s (remain 3m 28s), Accuracy: 60.000(78.949), Loss: 0.508(0.516), LR: 0.000002
[GPU cuda:1][TRAIN] Epoch: [5][1800/2480], Elapsed 8m 34s (remain 3m 13s), Accuracy: 100.000(79.056), Loss: 0.139(0.514), LR: 0.000002
[GPU cuda:1][TRAIN] Epoch: [5][1850/2480], Elapsed 8m 48s (remain 2m 59s), Accuracy: 60.000(79.125), Loss: 0.518(0.512), LR: 0.000002
[GPU cuda:1][TRAIN] Epoch: [5][1900/2480], Elapsed 9m 2s (remain 2m 45s), Accuracy: 60.000(79.232), Loss: 0.704(0.508), LR: 0.000002
[GPU cuda:1][TRAIN] Epoch: [5][1950/2480], Elapsed 9m 16s (remain 2m 31s), Accuracy: 80.000(79.118), Loss: 0.250(0.510), LR: 0.000002
[GPU cuda:1][TRAIN] Epoch: [5][2000/2480], Elapsed 9m 31s (remain 2m 16s), Accuracy: 100.000(79.190), Loss: 0.351(0.508), LR: 0.000002
[GPU cuda:1][TRAIN] Epoch: [5][2050/2480], Elapsed 9m 45s (remain 2m 2s), Accuracy: 60.000(79.239), Loss: 0.820(0.507), LR: 0.000002
[GPU cuda:1][TRAIN] Epoch: [5][2100/2480], Elapsed 9m 59s (remain 1m 48s), Accuracy: 100.000(79.515), Loss: 0.088(0.502), LR: 0.000002
[GPU cuda:1][TRAIN] Epoch: [5][2150/2480], Elapsed 10m 13s (remain 1m 33s), Accuracy: 80.000(79.675), Loss: 0.469(0.498), LR: 0.000001
[GPU cuda:1][TRAIN] Epoch: [5][2200/2480], Elapsed 10m 28s (remain 1m 19s), Accuracy: 80.000(79.755), Loss: 0.411(0.497), LR: 0.000001
[GPU cuda:1][TRAIN] Epoch: [5][2250/2480], Elapsed 10m 42s (remain 1m 5s), Accuracy: 80.000(79.769), Loss: 0.584(0.497), LR: 0.000001
[GPU cuda:1][TRAIN] Epoch: [5][2300/2480], Elapsed 10m 56s (remain 0m 51s), Accuracy: 80.000(79.844), Loss: 0.234(0.496), LR: 0.000001
[GPU cuda:1][TRAIN] Epoch: [5][2350/2480], Elapsed 11m 10s (remain 0m 36s), Accuracy: 100.000(79.906), Loss: 0.254(0.495), LR: 0.000001
[GPU cuda:1][TRAIN] Epoch: [5][2400/2480], Elapsed 11m 25s (remain 0m 22s), Accuracy: 60.000(80.017), Loss: 0.882(0.493), LR: 0.000001
[GPU cuda:1][TRAIN] Epoch: [5][2450/2480], Elapsed 11m 39s (remain 0m 8s), Accuracy: 80.000(80.122), Loss: 0.444(0.491), LR: 0.000001
[GPU cuda:1][TRAIN] Epoch: [5][2479/2480], Elapsed 11m 47s (remain 0m 0s), Accuracy: 40.000(80.113), Loss: 2.309(0.491), LR: 0.000001
[GPU cuda:1][VALID][0/97], Elapsed 0m 1s (remain 2m 12s), Accuracy: 84.375(84.375), Batch Loss: 0.6191, Average Loss: 0.6191
[GPU cuda:1][VALID][50/97], Elapsed 0m 48s (remain 0m 43s), Accuracy: 90.625(75.919), Batch Loss: 0.2517, Average Loss: 0.6278
[GPU cuda:1][VALID][96/97], Elapsed 1m 32s (remain 0m 0s), Accuracy: 78.571(75.391), Batch Loss: 0.4783, Average Loss: 0.6388
Valid Labels Samples: [2 0 1 4 1 0 3 1 4 3]
Valid Predictions Samples: [2, 0, 1, 3, 1, 0, 3, 1, 3, 0]
Epoch 5 - Train Average Loss: 80.113, Valid Average Loss: 75.391, Epoch Time: 802.734s
Epoch 5 - Accuracy: 0.754, Precision: 0.759, Recall: 0.754
[GPU cuda:1][TRAIN] Epoch: [6][0/2480], Elapsed 0m 0s (remain 25m 46s), Accuracy: 80.000(80.000), Loss: 0.418(0.418), LR: 0.000001
[GPU cuda:1][TRAIN] Epoch: [6][50/2480], Elapsed 0m 15s (remain 11m 56s), Accuracy: 60.000(84.314), Loss: 0.656(0.361), LR: 0.000001
[GPU cuda:1][TRAIN] Epoch: [6][100/2480], Elapsed 0m 29s (remain 11m 30s), Accuracy: 80.000(82.970), Loss: 0.367(0.401), LR: 0.000001
[GPU cuda:1][TRAIN] Epoch: [6][150/2480], Elapsed 0m 43s (remain 11m 11s), Accuracy: 60.000(82.914), Loss: 0.741(0.413), LR: 0.000001
[GPU cuda:1][TRAIN] Epoch: [6][200/2480], Elapsed 0m 57s (remain 10m 54s), Accuracy: 80.000(81.692), Loss: 0.265(0.439), LR: 0.000030
[GPU cuda:1][TRAIN] Epoch: [6][250/2480], Elapsed 1m 11s (remain 10m 39s), Accuracy: 80.000(81.355), Loss: 0.646(0.457), LR: 0.000030
[GPU cuda:1][TRAIN] Epoch: [6][300/2480], Elapsed 1m 26s (remain 10m 24s), Accuracy: 60.000(79.867), Loss: 1.211(0.487), LR: 0.000030
[GPU cuda:1][TRAIN] Epoch: [6][350/2480], Elapsed 1m 40s (remain 10m 9s), Accuracy: 80.000(79.544), Loss: 0.405(0.499), LR: 0.000030
[GPU cuda:1][TRAIN] Epoch: [6][400/2480], Elapsed 1m 54s (remain 9m 54s), Accuracy: 60.000(79.252), Loss: 0.711(0.510), LR: 0.000030
[GPU cuda:1][TRAIN] Epoch: [6][450/2480], Elapsed 2m 8s (remain 9m 39s), Accuracy: 60.000(78.803), Loss: 0.827(0.522), LR: 0.000030
[GPU cuda:1][TRAIN] Epoch: [6][500/2480], Elapsed 2m 23s (remain 9m 24s), Accuracy: 40.000(78.563), Loss: 1.238(0.526), LR: 0.000030
[GPU cuda:1][TRAIN] Epoch: [6][550/2480], Elapsed 2m 37s (remain 9m 10s), Accuracy: 100.000(78.367), Loss: 0.113(0.535), LR: 0.000030
[GPU cuda:1][TRAIN] Epoch: [6][600/2480], Elapsed 2m 51s (remain 8m 55s), Accuracy: 100.000(78.136), Loss: 0.070(0.545), LR: 0.000030
[GPU cuda:1][TRAIN] Epoch: [6][650/2480], Elapsed 3m 5s (remain 8m 41s), Accuracy: 100.000(77.665), Loss: 0.096(0.551), LR: 0.000030
[GPU cuda:1][TRAIN] Epoch: [6][700/2480], Elapsed 3m 19s (remain 8m 26s), Accuracy: 100.000(77.261), Loss: 0.202(0.560), LR: 0.000030
[GPU cuda:1][TRAIN] Epoch: [6][750/2480], Elapsed 3m 33s (remain 8m 12s), Accuracy: 100.000(77.071), Loss: 0.266(0.568), LR: 0.000030
[GPU cuda:1][TRAIN] Epoch: [6][800/2480], Elapsed 3m 48s (remain 7m 58s), Accuracy: 60.000(77.203), Loss: 0.731(0.566), LR: 0.000030
[GPU cuda:1][TRAIN] Epoch: [6][850/2480], Elapsed 4m 2s (remain 7m 43s), Accuracy: 60.000(77.156), Loss: 0.634(0.564), LR: 0.000030
[GPU cuda:1][TRAIN] Epoch: [6][900/2480], Elapsed 4m 16s (remain 7m 29s), Accuracy: 60.000(77.270), Loss: 1.058(0.564), LR: 0.000030
[GPU cuda:1][TRAIN] Epoch: [6][950/2480], Elapsed 4m 30s (remain 7m 15s), Accuracy: 80.000(77.455), Loss: 0.678(0.562), LR: 0.000030
[GPU cuda:1][TRAIN] Epoch: [6][1000/2480], Elapsed 4m 44s (remain 7m 0s), Accuracy: 80.000(77.183), Loss: 0.780(0.566), LR: 0.000030
[GPU cuda:1][TRAIN] Epoch: [6][1050/2480], Elapsed 4m 59s (remain 6m 46s), Accuracy: 60.000(77.203), Loss: 0.515(0.566), LR: 0.000030
[GPU cuda:1][TRAIN] Epoch: [6][1100/2480], Elapsed 5m 13s (remain 6m 32s), Accuracy: 80.000(77.221), Loss: 0.324(0.563), LR: 0.000030
[GPU cuda:1][TRAIN] Epoch: [6][1150/2480], Elapsed 5m 27s (remain 6m 18s), Accuracy: 100.000(77.150), Loss: 0.433(0.566), LR: 0.000030
[GPU cuda:1][TRAIN] Epoch: [6][1200/2480], Elapsed 5m 41s (remain 6m 3s), Accuracy: 100.000(77.336), Loss: 0.456(0.563), LR: 0.000030
[GPU cuda:1][TRAIN] Epoch: [6][1250/2480], Elapsed 5m 55s (remain 5m 49s), Accuracy: 40.000(77.250), Loss: 0.941(0.563), LR: 0.000030
[GPU cuda:1][TRAIN] Epoch: [6][1300/2480], Elapsed 6m 10s (remain 5m 35s), Accuracy: 80.000(77.187), Loss: 0.562(0.565), LR: 0.000029
[GPU cuda:1][TRAIN] Epoch: [6][1350/2480], Elapsed 6m 24s (remain 5m 21s), Accuracy: 100.000(77.246), Loss: 0.057(0.564), LR: 0.000029
[GPU cuda:1][TRAIN] Epoch: [6][1400/2480], Elapsed 6m 38s (remain 5m 6s), Accuracy: 80.000(77.216), Loss: 0.958(0.567), LR: 0.000029
[GPU cuda:1][TRAIN] Epoch: [6][1450/2480], Elapsed 6m 52s (remain 4m 52s), Accuracy: 100.000(77.354), Loss: 0.236(0.565), LR: 0.000029
[GPU cuda:1][TRAIN] Epoch: [6][1500/2480], Elapsed 7m 6s (remain 4m 38s), Accuracy: 100.000(77.255), Loss: 0.097(0.568), LR: 0.000029
[GPU cuda:1][TRAIN] Epoch: [6][1550/2480], Elapsed 7m 20s (remain 4m 24s), Accuracy: 80.000(77.176), Loss: 0.404(0.570), LR: 0.000029
[GPU cuda:1][TRAIN] Epoch: [6][1600/2480], Elapsed 7m 35s (remain 4m 9s), Accuracy: 80.000(77.277), Loss: 0.330(0.569), LR: 0.000029
[GPU cuda:1][TRAIN] Epoch: [6][1650/2480], Elapsed 7m 49s (remain 3m 55s), Accuracy: 100.000(77.444), Loss: 0.266(0.565), LR: 0.000029
[GPU cuda:1][TRAIN] Epoch: [6][1700/2480], Elapsed 8m 3s (remain 3m 41s), Accuracy: 80.000(77.354), Loss: 0.363(0.567), LR: 0.000029
[GPU cuda:1][TRAIN] Epoch: [6][1750/2480], Elapsed 8m 17s (remain 3m 27s), Accuracy: 60.000(77.282), Loss: 0.636(0.569), LR: 0.000029
[GPU cuda:1][TRAIN] Epoch: [6][1800/2480], Elapsed 8m 31s (remain 3m 12s), Accuracy: 80.000(77.301), Loss: 0.557(0.567), LR: 0.000029
[GPU cuda:1][TRAIN] Epoch: [6][1850/2480], Elapsed 8m 46s (remain 2m 58s), Accuracy: 60.000(77.299), Loss: 0.902(0.568), LR: 0.000029
[GPU cuda:1][TRAIN] Epoch: [6][1900/2480], Elapsed 9m 0s (remain 2m 44s), Accuracy: 60.000(77.359), Loss: 0.431(0.567), LR: 0.000029
[GPU cuda:1][TRAIN] Epoch: [6][1950/2480], Elapsed 9m 14s (remain 2m 30s), Accuracy: 100.000(77.160), Loss: 0.299(0.570), LR: 0.000029
[GPU cuda:1][TRAIN] Epoch: [6][2000/2480], Elapsed 9m 28s (remain 2m 16s), Accuracy: 80.000(77.171), Loss: 0.561(0.569), LR: 0.000029
[GPU cuda:1][TRAIN] Epoch: [6][2050/2480], Elapsed 9m 42s (remain 2m 1s), Accuracy: 60.000(77.104), Loss: 0.939(0.572), LR: 0.000029
[GPU cuda:1][TRAIN] Epoch: [6][2100/2480], Elapsed 9m 56s (remain 1m 47s), Accuracy: 80.000(77.268), Loss: 0.683(0.569), LR: 0.000028
[GPU cuda:1][TRAIN] Epoch: [6][2150/2480], Elapsed 10m 11s (remain 1m 33s), Accuracy: 80.000(77.369), Loss: 0.568(0.566), LR: 0.000028
[GPU cuda:1][TRAIN] Epoch: [6][2200/2480], Elapsed 10m 25s (remain 1m 19s), Accuracy: 60.000(77.410), Loss: 0.858(0.566), LR: 0.000028
[GPU cuda:1][TRAIN] Epoch: [6][2250/2480], Elapsed 10m 39s (remain 1m 5s), Accuracy: 80.000(77.397), Loss: 0.644(0.567), LR: 0.000028
[GPU cuda:1][TRAIN] Epoch: [6][2300/2480], Elapsed 10m 53s (remain 0m 50s), Accuracy: 60.000(77.340), Loss: 0.483(0.568), LR: 0.000028
[GPU cuda:1][TRAIN] Epoch: [6][2350/2480], Elapsed 11m 7s (remain 0m 36s), Accuracy: 100.000(77.244), Loss: 0.475(0.570), LR: 0.000028
[GPU cuda:1][TRAIN] Epoch: [6][2400/2480], Elapsed 11m 22s (remain 0m 22s), Accuracy: 60.000(77.259), Loss: 1.512(0.570), LR: 0.000028
[GPU cuda:1][TRAIN] Epoch: [6][2450/2480], Elapsed 11m 36s (remain 0m 8s), Accuracy: 80.000(77.283), Loss: 0.552(0.570), LR: 0.000028
[GPU cuda:1][TRAIN] Epoch: [6][2479/2480], Elapsed 11m 44s (remain 0m 0s), Accuracy: 40.000(77.274), Loss: 2.231(0.570), LR: 0.000028
[GPU cuda:1][VALID][0/97], Elapsed 0m 1s (remain 2m 10s), Accuracy: 65.625(65.625), Batch Loss: 0.7885, Average Loss: 0.7885
[GPU cuda:1][VALID][50/97], Elapsed 0m 48s (remain 0m 43s), Accuracy: 87.500(72.855), Batch Loss: 0.3523, Average Loss: 0.6958
[GPU cuda:1][VALID][96/97], Elapsed 1m 32s (remain 0m 0s), Accuracy: 71.429(72.740), Batch Loss: 0.5324, Average Loss: 0.7026
Valid Labels Samples: [2 0 1 4 1 0 3 1 4 3]
Valid Predictions Samples: [2, 0, 1, 3, 1, 1, 3, 1, 3, 1]
Epoch 6 - Train Average Loss: 77.274, Valid Average Loss: 72.740, Epoch Time: 799.277s
Epoch 6 - Accuracy: 0.727, Precision: 0.727, Recall: 0.727
[GPU cuda:1][TRAIN] Epoch: [7][0/2480], Elapsed 0m 0s (remain 25m 27s), Accuracy: 80.000(80.000), Loss: 0.482(0.482), LR: 0.000028
[GPU cuda:1][TRAIN] Epoch: [7][50/2480], Elapsed 0m 14s (remain 11m 53s), Accuracy: 60.000(80.000), Loss: 0.653(0.469), LR: 0.000028
[GPU cuda:1][TRAIN] Epoch: [7][100/2480], Elapsed 0m 29s (remain 11m 25s), Accuracy: 80.000(78.020), Loss: 0.428(0.571), LR: 0.000028
[GPU cuda:1][TRAIN] Epoch: [7][150/2480], Elapsed 0m 43s (remain 11m 7s), Accuracy: 60.000(77.086), Loss: 0.714(0.584), LR: 0.000027
[GPU cuda:1][TRAIN] Epoch: [7][200/2480], Elapsed 0m 57s (remain 10m 51s), Accuracy: 100.000(75.920), Loss: 0.344(0.603), LR: 0.000027
[GPU cuda:1][TRAIN] Epoch: [7][250/2480], Elapsed 1m 11s (remain 10m 36s), Accuracy: 80.000(77.131), Loss: 0.715(0.582), LR: 0.000027
[GPU cuda:1][TRAIN] Epoch: [7][300/2480], Elapsed 1m 25s (remain 10m 21s), Accuracy: 40.000(77.076), Loss: 1.416(0.582), LR: 0.000027
[GPU cuda:1][TRAIN] Epoch: [7][350/2480], Elapsed 1m 40s (remain 10m 6s), Accuracy: 100.000(76.353), Loss: 0.282(0.590), LR: 0.000027
[GPU cuda:1][TRAIN] Epoch: [7][400/2480], Elapsed 1m 54s (remain 9m 51s), Accuracy: 80.000(76.359), Loss: 0.606(0.588), LR: 0.000027
[GPU cuda:1][TRAIN] Epoch: [7][450/2480], Elapsed 2m 8s (remain 9m 37s), Accuracy: 80.000(76.630), Loss: 0.525(0.584), LR: 0.000027
[GPU cuda:1][TRAIN] Epoch: [7][500/2480], Elapsed 2m 22s (remain 9m 22s), Accuracy: 60.000(76.926), Loss: 0.671(0.572), LR: 0.000027
[GPU cuda:1][TRAIN] Epoch: [7][550/2480], Elapsed 2m 36s (remain 9m 8s), Accuracy: 100.000(76.806), Loss: 0.057(0.575), LR: 0.000027
[GPU cuda:1][TRAIN] Epoch: [7][600/2480], Elapsed 2m 50s (remain 8m 54s), Accuracy: 100.000(77.038), Loss: 0.028(0.572), LR: 0.000027
[GPU cuda:1][TRAIN] Epoch: [7][650/2480], Elapsed 3m 4s (remain 8m 39s), Accuracy: 100.000(77.020), Loss: 0.057(0.574), LR: 0.000026
[GPU cuda:1][TRAIN] Epoch: [7][700/2480], Elapsed 3m 19s (remain 8m 25s), Accuracy: 80.000(76.862), Loss: 0.448(0.578), LR: 0.000026
[GPU cuda:1][TRAIN] Epoch: [7][750/2480], Elapsed 3m 33s (remain 8m 10s), Accuracy: 100.000(76.911), Loss: 0.292(0.577), LR: 0.000026
[GPU cuda:1][TRAIN] Epoch: [7][800/2480], Elapsed 3m 47s (remain 7m 56s), Accuracy: 80.000(77.253), Loss: 0.296(0.570), LR: 0.000026
[GPU cuda:1][TRAIN] Epoch: [7][850/2480], Elapsed 4m 1s (remain 7m 42s), Accuracy: 60.000(77.391), Loss: 0.721(0.567), LR: 0.000026
[GPU cuda:1][TRAIN] Epoch: [7][900/2480], Elapsed 4m 15s (remain 7m 28s), Accuracy: 80.000(77.514), Loss: 0.619(0.567), LR: 0.000026
[GPU cuda:1][TRAIN] Epoch: [7][950/2480], Elapsed 4m 29s (remain 7m 13s), Accuracy: 60.000(77.729), Loss: 0.748(0.562), LR: 0.000026
[GPU cuda:1][TRAIN] Epoch: [7][1000/2480], Elapsed 4m 44s (remain 6m 59s), Accuracy: 80.000(77.722), Loss: 0.626(0.561), LR: 0.000026
[GPU cuda:1][TRAIN] Epoch: [7][1050/2480], Elapsed 4m 58s (remain 6m 45s), Accuracy: 60.000(77.793), Loss: 0.734(0.560), LR: 0.000025
[GPU cuda:1][TRAIN] Epoch: [7][1100/2480], Elapsed 5m 12s (remain 6m 31s), Accuracy: 80.000(77.911), Loss: 0.257(0.556), LR: 0.000025
[GPU cuda:1][TRAIN] Epoch: [7][1150/2480], Elapsed 5m 26s (remain 6m 16s), Accuracy: 60.000(77.845), Loss: 0.813(0.556), LR: 0.000025
[GPU cuda:1][TRAIN] Epoch: [7][1200/2480], Elapsed 5m 40s (remain 6m 2s), Accuracy: 80.000(77.902), Loss: 0.436(0.553), LR: 0.000025
[GPU cuda:1][TRAIN] Epoch: [7][1250/2480], Elapsed 5m 54s (remain 5m 48s), Accuracy: 80.000(77.826), Loss: 0.569(0.555), LR: 0.000025
[GPU cuda:1][TRAIN] Epoch: [7][1300/2480], Elapsed 6m 9s (remain 5m 34s), Accuracy: 80.000(77.940), Loss: 0.464(0.552), LR: 0.000025
[GPU cuda:1][TRAIN] Epoch: [7][1350/2480], Elapsed 6m 23s (remain 5m 20s), Accuracy: 100.000(78.164), Loss: 0.026(0.548), LR: 0.000025
[GPU cuda:1][TRAIN] Epoch: [7][1400/2480], Elapsed 6m 37s (remain 5m 6s), Accuracy: 100.000(78.173), Loss: 0.074(0.547), LR: 0.000024
[GPU cuda:1][TRAIN] Epoch: [7][1450/2480], Elapsed 6m 51s (remain 4m 51s), Accuracy: 100.000(78.318), Loss: 0.279(0.544), LR: 0.000024
[GPU cuda:1][TRAIN] Epoch: [7][1500/2480], Elapsed 7m 5s (remain 4m 37s), Accuracy: 80.000(78.308), Loss: 0.170(0.544), LR: 0.000024
[GPU cuda:1][TRAIN] Epoch: [7][1550/2480], Elapsed 7m 20s (remain 4m 23s), Accuracy: 80.000(78.362), Loss: 0.480(0.542), LR: 0.000024
[GPU cuda:1][TRAIN] Epoch: [7][1600/2480], Elapsed 7m 34s (remain 4m 9s), Accuracy: 60.000(78.376), Loss: 0.787(0.541), LR: 0.000024
[GPU cuda:1][TRAIN] Epoch: [7][1650/2480], Elapsed 7m 48s (remain 3m 55s), Accuracy: 80.000(78.583), Loss: 0.270(0.536), LR: 0.000024
[GPU cuda:1][TRAIN] Epoch: [7][1700/2480], Elapsed 8m 2s (remain 3m 41s), Accuracy: 100.000(78.577), Loss: 0.338(0.537), LR: 0.000024
[GPU cuda:1][TRAIN] Epoch: [7][1750/2480], Elapsed 8m 16s (remain 3m 26s), Accuracy: 60.000(78.675), Loss: 1.114(0.534), LR: 0.000023
[GPU cuda:1][TRAIN] Epoch: [7][1800/2480], Elapsed 8m 31s (remain 3m 12s), Accuracy: 60.000(78.767), Loss: 0.517(0.530), LR: 0.000023
[GPU cuda:1][TRAIN] Epoch: [7][1850/2480], Elapsed 8m 45s (remain 2m 58s), Accuracy: 80.000(78.876), Loss: 0.432(0.528), LR: 0.000023
[GPU cuda:1][TRAIN] Epoch: [7][1900/2480], Elapsed 8m 59s (remain 2m 44s), Accuracy: 100.000(78.979), Loss: 0.212(0.526), LR: 0.000023
[GPU cuda:1][TRAIN] Epoch: [7][1950/2480], Elapsed 9m 13s (remain 2m 30s), Accuracy: 80.000(78.862), Loss: 0.687(0.529), LR: 0.000023
[GPU cuda:1][TRAIN] Epoch: [7][2000/2480], Elapsed 9m 27s (remain 2m 15s), Accuracy: 80.000(78.901), Loss: 0.504(0.528), LR: 0.000023
[GPU cuda:1][TRAIN] Epoch: [7][2050/2480], Elapsed 9m 42s (remain 2m 1s), Accuracy: 40.000(78.898), Loss: 0.862(0.528), LR: 0.000023
[GPU cuda:1][TRAIN] Epoch: [7][2100/2480], Elapsed 9m 56s (remain 1m 47s), Accuracy: 80.000(79.096), Loss: 0.196(0.525), LR: 0.000022
[GPU cuda:1][TRAIN] Epoch: [7][2150/2480], Elapsed 10m 10s (remain 1m 33s), Accuracy: 80.000(79.200), Loss: 0.964(0.521), LR: 0.000022
[GPU cuda:1][TRAIN] Epoch: [7][2200/2480], Elapsed 10m 24s (remain 1m 19s), Accuracy: 80.000(79.264), Loss: 0.450(0.520), LR: 0.000022
[GPU cuda:1][TRAIN] Epoch: [7][2250/2480], Elapsed 10m 38s (remain 1m 5s), Accuracy: 60.000(79.227), Loss: 0.788(0.521), LR: 0.000022
[GPU cuda:1][TRAIN] Epoch: [7][2300/2480], Elapsed 10m 53s (remain 0m 50s), Accuracy: 100.000(79.252), Loss: 0.176(0.521), LR: 0.000022
[GPU cuda:1][TRAIN] Epoch: [7][2350/2480], Elapsed 11m 7s (remain 0m 36s), Accuracy: 80.000(79.260), Loss: 0.404(0.521), LR: 0.000022
[GPU cuda:1][TRAIN] Epoch: [7][2400/2480], Elapsed 11m 21s (remain 0m 22s), Accuracy: 80.000(79.334), Loss: 1.154(0.519), LR: 0.000021
[GPU cuda:1][TRAIN] Epoch: [7][2450/2480], Elapsed 11m 35s (remain 0m 8s), Accuracy: 80.000(79.421), Loss: 0.479(0.517), LR: 0.000021
[GPU cuda:1][TRAIN] Epoch: [7][2479/2480], Elapsed 11m 44s (remain 0m 0s), Accuracy: 40.000(79.419), Loss: 2.118(0.517), LR: 0.000021
[GPU cuda:1][VALID][0/97], Elapsed 0m 1s (remain 2m 15s), Accuracy: 71.875(71.875), Batch Loss: 0.9011, Average Loss: 0.9011
[GPU cuda:1][VALID][50/97], Elapsed 0m 48s (remain 0m 44s), Accuracy: 90.625(71.078), Batch Loss: 0.2970, Average Loss: 0.8582
[GPU cuda:1][VALID][96/97], Elapsed 1m 33s (remain 0m 0s), Accuracy: 71.429(70.517), Batch Loss: 0.6533, Average Loss: 0.8701
Valid Labels Samples: [2 0 1 4 1 0 3 1 4 3]
Valid Predictions Samples: [2, 0, 1, 3, 1, 1, 3, 2, 3, 3]
Epoch 7 - Train Average Loss: 79.419, Valid Average Loss: 70.517, Epoch Time: 799.770s
Epoch 7 - Accuracy: 0.705, Precision: 0.715, Recall: 0.705
[GPU cuda:1][TRAIN] Epoch: [8][0/2480], Elapsed 0m 0s (remain 26m 14s), Accuracy: 100.000(100.000), Loss: 0.271(0.271), LR: 0.000021
[GPU cuda:1][TRAIN] Epoch: [8][50/2480], Elapsed 0m 15s (remain 11m 59s), Accuracy: 60.000(84.314), Loss: 0.795(0.409), LR: 0.000021
[GPU cuda:1][TRAIN] Epoch: [8][100/2480], Elapsed 0m 29s (remain 11m 33s), Accuracy: 60.000(80.990), Loss: 0.725(0.480), LR: 0.000021
[GPU cuda:1][TRAIN] Epoch: [8][150/2480], Elapsed 0m 43s (remain 11m 15s), Accuracy: 80.000(80.265), Loss: 0.652(0.491), LR: 0.000021
[GPU cuda:1][TRAIN] Epoch: [8][200/2480], Elapsed 0m 58s (remain 10m 58s), Accuracy: 80.000(79.502), Loss: 0.386(0.508), LR: 0.000021
[GPU cuda:1][TRAIN] Epoch: [8][250/2480], Elapsed 1m 12s (remain 10m 43s), Accuracy: 100.000(80.478), Loss: 0.128(0.490), LR: 0.000020
[GPU cuda:1][TRAIN] Epoch: [8][300/2480], Elapsed 1m 26s (remain 10m 28s), Accuracy: 60.000(80.199), Loss: 0.872(0.489), LR: 0.000020
[GPU cuda:1][TRAIN] Epoch: [8][350/2480], Elapsed 1m 41s (remain 10m 13s), Accuracy: 80.000(79.829), Loss: 0.369(0.489), LR: 0.000020
[GPU cuda:1][TRAIN] Epoch: [8][400/2480], Elapsed 1m 55s (remain 9m 58s), Accuracy: 60.000(80.100), Loss: 1.115(0.484), LR: 0.000020
[GPU cuda:1][TRAIN] Epoch: [8][450/2480], Elapsed 2m 9s (remain 9m 43s), Accuracy: 100.000(80.222), Loss: 0.174(0.485), LR: 0.000020
[GPU cuda:1][TRAIN] Epoch: [8][500/2480], Elapsed 2m 24s (remain 9m 28s), Accuracy: 60.000(80.519), Loss: 0.530(0.477), LR: 0.000020
[GPU cuda:1][TRAIN] Epoch: [8][550/2480], Elapsed 2m 38s (remain 9m 14s), Accuracy: 100.000(80.907), Loss: 0.118(0.473), LR: 0.000019
[GPU cuda:1][TRAIN] Epoch: [8][600/2480], Elapsed 2m 52s (remain 8m 59s), Accuracy: 100.000(81.265), Loss: 0.070(0.467), LR: 0.000019
[GPU cuda:1][TRAIN] Epoch: [8][650/2480], Elapsed 3m 6s (remain 8m 44s), Accuracy: 100.000(81.290), Loss: 0.052(0.467), LR: 0.000019
[GPU cuda:1][TRAIN] Epoch: [8][700/2480], Elapsed 3m 21s (remain 8m 30s), Accuracy: 100.000(81.284), Loss: 0.129(0.471), LR: 0.000019
[GPU cuda:1][TRAIN] Epoch: [8][750/2480], Elapsed 3m 35s (remain 8m 15s), Accuracy: 80.000(81.438), Loss: 0.495(0.472), LR: 0.000019
[GPU cuda:1][TRAIN] Epoch: [8][800/2480], Elapsed 3m 49s (remain 8m 1s), Accuracy: 100.000(81.673), Loss: 0.142(0.466), LR: 0.000018
[GPU cuda:1][TRAIN] Epoch: [8][850/2480], Elapsed 4m 3s (remain 7m 46s), Accuracy: 100.000(81.951), Loss: 0.346(0.461), LR: 0.000018
[GPU cuda:1][TRAIN] Epoch: [8][900/2480], Elapsed 4m 18s (remain 7m 32s), Accuracy: 80.000(81.887), Loss: 0.354(0.461), LR: 0.000018
[GPU cuda:1][TRAIN] Epoch: [8][950/2480], Elapsed 4m 32s (remain 7m 17s), Accuracy: 80.000(82.082), Loss: 0.671(0.454), LR: 0.000018
[GPU cuda:1][TRAIN] Epoch: [8][1000/2480], Elapsed 4m 46s (remain 7m 3s), Accuracy: 60.000(82.058), Loss: 1.085(0.455), LR: 0.000018
[GPU cuda:1][TRAIN] Epoch: [8][1050/2480], Elapsed 5m 0s (remain 6m 49s), Accuracy: 60.000(82.093), Loss: 0.685(0.455), LR: 0.000018
[GPU cuda:1][TRAIN] Epoch: [8][1100/2480], Elapsed 5m 15s (remain 6m 34s), Accuracy: 80.000(82.198), Loss: 0.332(0.451), LR: 0.000017
[GPU cuda:1][TRAIN] Epoch: [8][1150/2480], Elapsed 5m 29s (remain 6m 20s), Accuracy: 100.000(82.155), Loss: 0.269(0.452), LR: 0.000017
[GPU cuda:1][TRAIN] Epoch: [8][1200/2480], Elapsed 5m 43s (remain 6m 5s), Accuracy: 80.000(82.248), Loss: 0.318(0.450), LR: 0.000017
[GPU cuda:1][TRAIN] Epoch: [8][1250/2480], Elapsed 5m 57s (remain 5m 51s), Accuracy: 60.000(82.062), Loss: 0.849(0.451), LR: 0.000017
[GPU cuda:1][TRAIN] Epoch: [8][1300/2480], Elapsed 6m 11s (remain 5m 37s), Accuracy: 80.000(82.183), Loss: 0.242(0.447), LR: 0.000017
[GPU cuda:1][TRAIN] Epoch: [8][1350/2480], Elapsed 6m 26s (remain 5m 22s), Accuracy: 100.000(82.369), Loss: 0.093(0.443), LR: 0.000017
[GPU cuda:1][TRAIN] Epoch: [8][1400/2480], Elapsed 6m 40s (remain 5m 8s), Accuracy: 100.000(82.512), Loss: 0.072(0.440), LR: 0.000016
[GPU cuda:1][TRAIN] Epoch: [8][1450/2480], Elapsed 6m 54s (remain 4m 54s), Accuracy: 100.000(82.633), Loss: 0.210(0.438), LR: 0.000016
[GPU cuda:1][TRAIN] Epoch: [8][1500/2480], Elapsed 7m 8s (remain 4m 39s), Accuracy: 100.000(82.718), Loss: 0.053(0.438), LR: 0.000016
[GPU cuda:1][TRAIN] Epoch: [8][1550/2480], Elapsed 7m 23s (remain 4m 25s), Accuracy: 100.000(82.785), Loss: 0.083(0.437), LR: 0.000016
[GPU cuda:1][TRAIN] Epoch: [8][1600/2480], Elapsed 7m 37s (remain 4m 11s), Accuracy: 100.000(82.923), Loss: 0.207(0.434), LR: 0.000016
[GPU cuda:1][TRAIN] Epoch: [8][1650/2480], Elapsed 7m 51s (remain 3m 56s), Accuracy: 100.000(83.113), Loss: 0.153(0.429), LR: 0.000015
[GPU cuda:1][TRAIN] Epoch: [8][1700/2480], Elapsed 8m 5s (remain 3m 42s), Accuracy: 100.000(83.092), Loss: 0.203(0.429), LR: 0.000015
[GPU cuda:1][TRAIN] Epoch: [8][1750/2480], Elapsed 8m 19s (remain 3m 28s), Accuracy: 80.000(83.210), Loss: 0.573(0.427), LR: 0.000015
[GPU cuda:1][TRAIN] Epoch: [8][1800/2480], Elapsed 8m 34s (remain 3m 13s), Accuracy: 100.000(83.320), Loss: 0.051(0.423), LR: 0.000015
[GPU cuda:1][TRAIN] Epoch: [8][1850/2480], Elapsed 8m 48s (remain 2m 59s), Accuracy: 80.000(83.404), Loss: 0.383(0.420), LR: 0.000015
[GPU cuda:1][TRAIN] Epoch: [8][1900/2480], Elapsed 9m 2s (remain 2m 45s), Accuracy: 80.000(83.440), Loss: 0.213(0.418), LR: 0.000015
[GPU cuda:1][TRAIN] Epoch: [8][1950/2480], Elapsed 9m 16s (remain 2m 30s), Accuracy: 60.000(83.403), Loss: 1.010(0.419), LR: 0.000014
[GPU cuda:1][TRAIN] Epoch: [8][2000/2480], Elapsed 9m 30s (remain 2m 16s), Accuracy: 100.000(83.438), Loss: 0.476(0.418), LR: 0.000014
[GPU cuda:1][TRAIN] Epoch: [8][2050/2480], Elapsed 9m 45s (remain 2m 2s), Accuracy: 60.000(83.413), Loss: 0.544(0.418), LR: 0.000014
[GPU cuda:1][TRAIN] Epoch: [8][2100/2480], Elapsed 9m 59s (remain 1m 48s), Accuracy: 100.000(83.579), Loss: 0.022(0.414), LR: 0.000014
[GPU cuda:1][TRAIN] Epoch: [8][2150/2480], Elapsed 10m 13s (remain 1m 33s), Accuracy: 100.000(83.812), Loss: 0.278(0.410), LR: 0.000014
[GPU cuda:1][TRAIN] Epoch: [8][2200/2480], Elapsed 10m 27s (remain 1m 19s), Accuracy: 100.000(83.844), Loss: 0.328(0.410), LR: 0.000014
[GPU cuda:1][TRAIN] Epoch: [8][2250/2480], Elapsed 10m 41s (remain 1m 5s), Accuracy: 100.000(83.749), Loss: 0.213(0.411), LR: 0.000013
[GPU cuda:1][TRAIN] Epoch: [8][2300/2480], Elapsed 10m 55s (remain 0m 51s), Accuracy: 100.000(83.790), Loss: 0.038(0.411), LR: 0.000013
[GPU cuda:1][TRAIN] Epoch: [8][2350/2480], Elapsed 11m 10s (remain 0m 36s), Accuracy: 100.000(83.820), Loss: 0.255(0.410), LR: 0.000013
[GPU cuda:1][TRAIN] Epoch: [8][2400/2480], Elapsed 11m 24s (remain 0m 22s), Accuracy: 100.000(83.973), Loss: 0.525(0.408), LR: 0.000013
[GPU cuda:1][TRAIN] Epoch: [8][2450/2480], Elapsed 11m 38s (remain 0m 8s), Accuracy: 100.000(84.096), Loss: 0.065(0.406), LR: 0.000013
[GPU cuda:1][TRAIN] Epoch: [8][2479/2480], Elapsed 11m 46s (remain 0m 0s), Accuracy: 40.000(84.097), Loss: 2.092(0.406), LR: 0.000013
[GPU cuda:1][VALID][0/97], Elapsed 0m 1s (remain 2m 11s), Accuracy: 75.000(75.000), Batch Loss: 0.7509, Average Loss: 0.7509
[GPU cuda:1][VALID][50/97], Elapsed 0m 48s (remain 0m 43s), Accuracy: 87.500(73.468), Batch Loss: 0.3791, Average Loss: 0.8095
[GPU cuda:1][VALID][96/97], Elapsed 1m 32s (remain 0m 0s), Accuracy: 75.000(72.906), Batch Loss: 0.6011, Average Loss: 0.8023
Valid Labels Samples: [2 0 1 4 1 0 3 1 4 3]
Valid Predictions Samples: [2, 0, 1, 3, 1, 1, 3, 1, 3, 1]
Epoch 8 - Train Average Loss: 84.097, Valid Average Loss: 72.906, Epoch Time: 801.583s
Epoch 8 - Accuracy: 0.729, Precision: 0.731, Recall: 0.729
