[GPU 1]: Config File
{'id': 29, 'model_name': 'swin_large_patch4_window12_384_in22k', 'dropout': 0.5, 'size': 384, 'batch_size_t': 5, 'batch_size_v': 24, 'n_targets': 5, 'criterion': 'CrossEntropyLoss', 'gradient_accumulation_steps': 1, 'max_gradient_norm': None, 'optimizer': 'AdamW', 'scheduler': 'OneCycleLR', 'LR': 1e-05, 'T_0': 200, 'T_max': 10, 'T_mult': 2, 'min_lr': 1e-06, 'max_lr': 5e-05, 'no_batches': 2480, 'warmup_epochs': 1, 'cosine_epochs': 14, 'epochs': 15, 'update_per_batch': True, 'num_workers': 4, 'n_folds': 5, 'train_transforms': [], 'valid_transforms': [], 'observations': None, 'use_swa': True, 'swa_lr': 0.01, 'swa_epoch': 0, 'use_sam': True, 'use_asam': True, 'asam_rho': 0.1, 'print_freq': 50, 'one_fold': True, 'use_apex': True, 'distributed_training': False, 'save_to_log': True}
================================================== Training Fold: 0 ==================================================
[GPU cuda:1][TRAIN] Epoch: [1][0/2480], Elapsed 0m 0s (remain 30m 33s), Accuracy: 0.000(0.000), Loss: 1.758(1.758), LR: 0.000002
[GPU cuda:1][TRAIN] Epoch: [1][50/2480], Elapsed 0m 14s (remain 11m 20s), Accuracy: 20.000(19.216), Loss: 1.574(1.658), LR: 0.000002
[GPU cuda:1][TRAIN] Epoch: [1][100/2480], Elapsed 0m 27s (remain 10m 58s), Accuracy: 20.000(20.792), Loss: 1.492(1.634), LR: 0.000002
[GPU cuda:1][TRAIN] Epoch: [1][150/2480], Elapsed 0m 41s (remain 10m 42s), Accuracy: 0.000(22.517), Loss: 1.621(1.625), LR: 0.000002
[GPU cuda:1][TRAIN] Epoch: [1][200/2480], Elapsed 0m 55s (remain 10m 28s), Accuracy: 20.000(22.289), Loss: 1.632(1.621), LR: 0.000002
[GPU cuda:1][TRAIN] Epoch: [1][250/2480], Elapsed 1m 9s (remain 10m 14s), Accuracy: 0.000(23.267), Loss: 1.555(1.613), LR: 0.000002
[GPU cuda:1][TRAIN] Epoch: [1][300/2480], Elapsed 1m 23s (remain 10m 1s), Accuracy: 0.000(23.920), Loss: 1.604(1.605), LR: 0.000002
[GPU cuda:1][TRAIN] Epoch: [1][350/2480], Elapsed 1m 36s (remain 9m 47s), Accuracy: 40.000(24.615), Loss: 1.549(1.601), LR: 0.000002
[GPU cuda:1][TRAIN] Epoch: [1][400/2480], Elapsed 1m 50s (remain 9m 33s), Accuracy: 40.000(25.287), Loss: 1.468(1.595), LR: 0.000002
[GPU cuda:1][TRAIN] Epoch: [1][450/2480], Elapsed 2m 4s (remain 9m 20s), Accuracy: 40.000(26.031), Loss: 1.418(1.589), LR: 0.000002
[GPU cuda:1][TRAIN] Epoch: [1][500/2480], Elapsed 2m 18s (remain 9m 6s), Accuracy: 0.000(26.387), Loss: 1.557(1.584), LR: 0.000002
[GPU cuda:1][TRAIN] Epoch: [1][550/2480], Elapsed 2m 32s (remain 8m 53s), Accuracy: 40.000(27.514), Loss: 1.406(1.575), LR: 0.000002
[GPU cuda:1][TRAIN] Epoch: [1][600/2480], Elapsed 2m 46s (remain 8m 39s), Accuracy: 80.000(28.453), Loss: 1.150(1.565), LR: 0.000002
[GPU cuda:1][TRAIN] Epoch: [1][650/2480], Elapsed 3m 0s (remain 8m 26s), Accuracy: 60.000(29.432), Loss: 1.246(1.553), LR: 0.000002
[GPU cuda:1][TRAIN] Epoch: [1][700/2480], Elapsed 3m 14s (remain 8m 12s), Accuracy: 60.000(30.185), Loss: 1.286(1.543), LR: 0.000002
[GPU cuda:1][TRAIN] Epoch: [1][750/2480], Elapsed 3m 28s (remain 7m 59s), Accuracy: 20.000(30.999), Loss: 1.399(1.531), LR: 0.000003
[GPU cuda:1][TRAIN] Epoch: [1][800/2480], Elapsed 3m 42s (remain 7m 45s), Accuracy: 40.000(32.010), Loss: 1.352(1.514), LR: 0.000003
[GPU cuda:1][TRAIN] Epoch: [1][850/2480], Elapsed 3m 56s (remain 7m 31s), Accuracy: 20.000(33.067), Loss: 1.717(1.495), LR: 0.000003
[GPU cuda:1][TRAIN] Epoch: [1][900/2480], Elapsed 4m 10s (remain 7m 18s), Accuracy: 80.000(34.229), Loss: 1.164(1.476), LR: 0.000003
[GPU cuda:1][TRAIN] Epoch: [1][950/2480], Elapsed 4m 24s (remain 7m 4s), Accuracy: 40.000(35.184), Loss: 1.265(1.457), LR: 0.000003
[GPU cuda:1][TRAIN] Epoch: [1][1000/2480], Elapsed 4m 38s (remain 6m 51s), Accuracy: 20.000(36.024), Loss: 1.452(1.439), LR: 0.000003
[GPU cuda:1][TRAIN] Epoch: [1][1050/2480], Elapsed 4m 52s (remain 6m 37s), Accuracy: 40.000(36.860), Loss: 1.218(1.423), LR: 0.000003
[GPU cuda:1][TRAIN] Epoch: [1][1100/2480], Elapsed 5m 6s (remain 6m 23s), Accuracy: 80.000(37.838), Loss: 1.032(1.402), LR: 0.000003
[GPU cuda:1][TRAIN] Epoch: [1][1150/2480], Elapsed 5m 20s (remain 6m 10s), Accuracy: 60.000(38.471), Loss: 0.830(1.387), LR: 0.000003
[GPU cuda:1][TRAIN] Epoch: [1][1200/2480], Elapsed 5m 34s (remain 5m 56s), Accuracy: 80.000(39.334), Loss: 0.838(1.370), LR: 0.000003
[GPU cuda:1][TRAIN] Epoch: [1][1250/2480], Elapsed 5m 48s (remain 5m 42s), Accuracy: 40.000(40.112), Loss: 1.058(1.355), LR: 0.000003
[GPU cuda:1][TRAIN] Epoch: [1][1300/2480], Elapsed 6m 3s (remain 5m 28s), Accuracy: 20.000(40.922), Loss: 1.794(1.339), LR: 0.000004
[GPU cuda:1][TRAIN] Epoch: [1][1350/2480], Elapsed 6m 17s (remain 5m 15s), Accuracy: 80.000(41.554), Loss: 0.614(1.326), LR: 0.000004
[GPU cuda:1][TRAIN] Epoch: [1][1400/2480], Elapsed 6m 31s (remain 5m 1s), Accuracy: 80.000(42.113), Loss: 0.694(1.317), LR: 0.000004
[GPU cuda:1][TRAIN] Epoch: [1][1450/2480], Elapsed 6m 45s (remain 4m 47s), Accuracy: 60.000(42.798), Loss: 0.962(1.303), LR: 0.000004
[GPU cuda:1][TRAIN] Epoch: [1][1500/2480], Elapsed 6m 59s (remain 4m 33s), Accuracy: 100.000(43.198), Loss: 0.262(1.294), LR: 0.000004
[GPU cuda:1][TRAIN] Epoch: [1][1550/2480], Elapsed 7m 14s (remain 4m 19s), Accuracy: 40.000(43.662), Loss: 1.132(1.283), LR: 0.000004
[GPU cuda:1][TRAIN] Epoch: [1][1600/2480], Elapsed 7m 28s (remain 4m 6s), Accuracy: 80.000(44.235), Loss: 0.714(1.271), LR: 0.000004
[GPU cuda:1][TRAIN] Epoch: [1][1650/2480], Elapsed 7m 42s (remain 3m 52s), Accuracy: 80.000(44.967), Loss: 0.412(1.257), LR: 0.000005
[GPU cuda:1][TRAIN] Epoch: [1][1700/2480], Elapsed 7m 56s (remain 3m 38s), Accuracy: 60.000(45.526), Loss: 0.885(1.247), LR: 0.000005
[GPU cuda:1][TRAIN] Epoch: [1][1750/2480], Elapsed 8m 10s (remain 3m 24s), Accuracy: 20.000(46.042), Loss: 2.470(1.238), LR: 0.000005
[GPU cuda:1][TRAIN] Epoch: [1][1800/2480], Elapsed 8m 25s (remain 3m 10s), Accuracy: 40.000(46.430), Loss: 1.114(1.230), LR: 0.000005
[GPU cuda:1][TRAIN] Epoch: [1][1850/2480], Elapsed 8m 39s (remain 2m 56s), Accuracy: 80.000(46.688), Loss: 0.914(1.223), LR: 0.000005
[GPU cuda:1][TRAIN] Epoch: [1][1900/2480], Elapsed 8m 53s (remain 2m 42s), Accuracy: 60.000(47.070), Loss: 0.647(1.216), LR: 0.000005
[GPU cuda:1][TRAIN] Epoch: [1][1950/2480], Elapsed 9m 7s (remain 2m 28s), Accuracy: 40.000(47.289), Loss: 0.966(1.211), LR: 0.000006
[GPU cuda:1][TRAIN] Epoch: [1][2000/2480], Elapsed 9m 22s (remain 2m 14s), Accuracy: 60.000(47.606), Loss: 1.064(1.203), LR: 0.000006
[GPU cuda:1][TRAIN] Epoch: [1][2050/2480], Elapsed 9m 36s (remain 2m 0s), Accuracy: 20.000(47.791), Loss: 1.421(1.199), LR: 0.000006
[GPU cuda:1][TRAIN] Epoch: [1][2100/2480], Elapsed 9m 50s (remain 1m 46s), Accuracy: 80.000(48.253), Loss: 0.821(1.190), LR: 0.000006
[GPU cuda:1][TRAIN] Epoch: [1][2150/2480], Elapsed 10m 4s (remain 1m 32s), Accuracy: 20.000(48.638), Loss: 1.309(1.182), LR: 0.000006
[GPU cuda:1][TRAIN] Epoch: [1][2200/2480], Elapsed 10m 18s (remain 1m 18s), Accuracy: 60.000(48.969), Loss: 0.756(1.175), LR: 0.000006
[GPU cuda:1][TRAIN] Epoch: [1][2250/2480], Elapsed 10m 33s (remain 1m 4s), Accuracy: 40.000(49.231), Loss: 1.198(1.170), LR: 0.000007
[GPU cuda:1][TRAIN] Epoch: [1][2300/2480], Elapsed 10m 47s (remain 0m 50s), Accuracy: 80.000(49.552), Loss: 0.648(1.163), LR: 0.000007
[GPU cuda:1][TRAIN] Epoch: [1][2350/2480], Elapsed 11m 1s (remain 0m 36s), Accuracy: 80.000(49.732), Loss: 0.794(1.159), LR: 0.000007
[GPU cuda:1][TRAIN] Epoch: [1][2400/2480], Elapsed 11m 15s (remain 0m 22s), Accuracy: 0.000(50.037), Loss: 1.852(1.153), LR: 0.000007
[GPU cuda:1][TRAIN] Epoch: [1][2450/2480], Elapsed 11m 30s (remain 0m 8s), Accuracy: 80.000(50.347), Loss: 0.718(1.147), LR: 0.000007
[GPU cuda:1][TRAIN] Epoch: [1][2479/2480], Elapsed 11m 38s (remain 0m 0s), Accuracy: 40.000(50.524), Loss: 1.731(1.143), LR: 0.000008
[GPU cuda:1][VALID][0/130], Elapsed 0m 1s (remain 2m 32s), Accuracy: 62.500(62.500), Batch Loss: 0.7720, Average Loss: 0.7720
[GPU cuda:1][VALID][50/130], Elapsed 0m 36s (remain 0m 57s), Accuracy: 37.500(67.075), Batch Loss: 1.1268, Average Loss: 0.8052
[GPU cuda:1][VALID][100/130], Elapsed 1m 12s (remain 0m 20s), Accuracy: 62.500(66.337), Batch Loss: 0.8394, Average Loss: 0.8090
[GPU cuda:1][VALID][129/130], Elapsed 1m 33s (remain 0m 0s), Accuracy: 50.000(66.282), Batch Loss: 0.9257, Average Loss: 0.8032
Valid Labels Samples: [2 0 1 4 1 0 3 1 4 3]
Valid Predictions Samples: [2, 0, 1, 4, 1, 0, 4, 2, 3, 0]
Epoch 1 - Train Average Loss: 50.524, Valid Average Loss: 66.282, Epoch Time: 793.572s
Epoch 1 - Accuracy: 0.664, Precision: 0.683, Recall: 0.664
Saved Best Model: 0.66
[GPU cuda:1][TRAIN] Epoch: [2][0/2480], Elapsed 0m 0s (remain 24m 42s), Accuracy: 80.000(80.000), Loss: 0.905(0.905), LR: 0.000008
[GPU cuda:1][TRAIN] Epoch: [2][50/2480], Elapsed 0m 14s (remain 11m 53s), Accuracy: 60.000(69.020), Loss: 0.829(0.768), LR: 0.000008
[GPU cuda:1][TRAIN] Epoch: [2][100/2480], Elapsed 0m 29s (remain 11m 27s), Accuracy: 80.000(63.366), Loss: 0.926(0.872), LR: 0.000008
[GPU cuda:1][TRAIN] Epoch: [2][150/2480], Elapsed 0m 43s (remain 11m 9s), Accuracy: 60.000(62.781), Loss: 1.038(0.885), LR: 0.000008
[GPU cuda:1][TRAIN] Epoch: [2][200/2480], Elapsed 0m 57s (remain 10m 53s), Accuracy: 60.000(62.189), Loss: 0.778(0.897), LR: 0.000009
[GPU cuda:1][TRAIN] Epoch: [2][250/2480], Elapsed 1m 11s (remain 10m 38s), Accuracy: 60.000(62.869), Loss: 0.603(0.884), LR: 0.000009
[GPU cuda:1][TRAIN] Epoch: [2][300/2480], Elapsed 1m 26s (remain 10m 23s), Accuracy: 40.000(62.924), Loss: 1.368(0.877), LR: 0.000009
[GPU cuda:1][TRAIN] Epoch: [2][350/2480], Elapsed 1m 40s (remain 10m 8s), Accuracy: 100.000(62.621), Loss: 0.534(0.886), LR: 0.000009
[GPU cuda:1][TRAIN] Epoch: [2][400/2480], Elapsed 1m 54s (remain 9m 53s), Accuracy: 60.000(62.643), Loss: 0.725(0.882), LR: 0.000009
[GPU cuda:1][TRAIN] Epoch: [2][450/2480], Elapsed 2m 8s (remain 9m 39s), Accuracy: 80.000(63.060), Loss: 0.560(0.877), LR: 0.000010
[GPU cuda:1][TRAIN] Epoch: [2][500/2480], Elapsed 2m 22s (remain 9m 24s), Accuracy: 20.000(63.313), Loss: 1.768(0.873), LR: 0.000010
[GPU cuda:1][TRAIN] Epoch: [2][550/2480], Elapsed 2m 37s (remain 9m 9s), Accuracy: 100.000(63.485), Loss: 0.262(0.879), LR: 0.000010
[GPU cuda:1][TRAIN] Epoch: [2][600/2480], Elapsed 2m 51s (remain 8m 55s), Accuracy: 100.000(63.428), Loss: 0.085(0.877), LR: 0.000010
[GPU cuda:1][TRAIN] Epoch: [2][650/2480], Elapsed 3m 5s (remain 8m 40s), Accuracy: 100.000(63.349), Loss: 0.078(0.873), LR: 0.000011
[GPU cuda:1][TRAIN] Epoch: [2][700/2480], Elapsed 3m 19s (remain 8m 26s), Accuracy: 80.000(62.910), Loss: 0.662(0.882), LR: 0.000011
[GPU cuda:1][TRAIN] Epoch: [2][750/2480], Elapsed 3m 33s (remain 8m 12s), Accuracy: 60.000(62.796), Loss: 0.749(0.886), LR: 0.000011
[GPU cuda:1][TRAIN] Epoch: [2][800/2480], Elapsed 3m 47s (remain 7m 57s), Accuracy: 100.000(63.296), Loss: 0.409(0.879), LR: 0.000012
[GPU cuda:1][TRAIN] Epoch: [2][850/2480], Elapsed 4m 2s (remain 7m 43s), Accuracy: 60.000(63.361), Loss: 0.964(0.873), LR: 0.000012
[GPU cuda:1][TRAIN] Epoch: [2][900/2480], Elapsed 4m 16s (remain 7m 29s), Accuracy: 60.000(63.485), Loss: 1.342(0.869), LR: 0.000012
[GPU cuda:1][TRAIN] Epoch: [2][950/2480], Elapsed 4m 30s (remain 7m 14s), Accuracy: 80.000(63.701), Loss: 0.931(0.864), LR: 0.000012
[GPU cuda:1][TRAIN] Epoch: [2][1000/2480], Elapsed 4m 44s (remain 7m 0s), Accuracy: 20.000(63.337), Loss: 1.115(0.868), LR: 0.000013
[GPU cuda:1][TRAIN] Epoch: [2][1050/2480], Elapsed 4m 58s (remain 6m 46s), Accuracy: 20.000(63.216), Loss: 1.299(0.870), LR: 0.000013
[GPU cuda:1][TRAIN] Epoch: [2][1100/2480], Elapsed 5m 13s (remain 6m 32s), Accuracy: 80.000(63.488), Loss: 0.394(0.864), LR: 0.000013
[GPU cuda:1][TRAIN] Epoch: [2][1150/2480], Elapsed 5m 27s (remain 6m 17s), Accuracy: 60.000(63.562), Loss: 0.892(0.864), LR: 0.000013
[GPU cuda:1][TRAIN] Epoch: [2][1200/2480], Elapsed 5m 41s (remain 6m 3s), Accuracy: 80.000(63.697), Loss: 1.306(0.861), LR: 0.000014
[GPU cuda:1][TRAIN] Epoch: [2][1250/2480], Elapsed 5m 55s (remain 5m 49s), Accuracy: 40.000(63.565), Loss: 1.089(0.862), LR: 0.000014
[GPU cuda:1][TRAIN] Epoch: [2][1300/2480], Elapsed 6m 9s (remain 5m 35s), Accuracy: 60.000(63.797), Loss: 1.100(0.859), LR: 0.000014
[GPU cuda:1][TRAIN] Epoch: [2][1350/2480], Elapsed 6m 24s (remain 5m 20s), Accuracy: 100.000(63.982), Loss: 0.123(0.856), LR: 0.000015
[GPU cuda:1][TRAIN] Epoch: [2][1400/2480], Elapsed 6m 38s (remain 5m 6s), Accuracy: 100.000(64.011), Loss: 0.345(0.857), LR: 0.000015
[GPU cuda:1][TRAIN] Epoch: [2][1450/2480], Elapsed 6m 52s (remain 4m 52s), Accuracy: 80.000(64.176), Loss: 0.768(0.854), LR: 0.000015
[GPU cuda:1][TRAIN] Epoch: [2][1500/2480], Elapsed 7m 6s (remain 4m 38s), Accuracy: 100.000(64.184), Loss: 0.388(0.855), LR: 0.000016
[GPU cuda:1][TRAIN] Epoch: [2][1550/2480], Elapsed 7m 20s (remain 4m 23s), Accuracy: 60.000(64.049), Loss: 0.755(0.855), LR: 0.000016
[GPU cuda:1][TRAIN] Epoch: [2][1600/2480], Elapsed 7m 34s (remain 4m 9s), Accuracy: 60.000(64.047), Loss: 0.712(0.853), LR: 0.000016
[GPU cuda:1][TRAIN] Epoch: [2][1650/2480], Elapsed 7m 49s (remain 3m 55s), Accuracy: 80.000(64.228), Loss: 0.334(0.848), LR: 0.000016
[GPU cuda:1][TRAIN] Epoch: [2][1700/2480], Elapsed 8m 3s (remain 3m 41s), Accuracy: 60.000(64.174), Loss: 0.687(0.849), LR: 0.000017
[GPU cuda:1][TRAIN] Epoch: [2][1750/2480], Elapsed 8m 17s (remain 3m 27s), Accuracy: 60.000(64.215), Loss: 1.036(0.849), LR: 0.000017
[GPU cuda:1][TRAIN] Epoch: [2][1800/2480], Elapsed 8m 31s (remain 3m 12s), Accuracy: 60.000(64.187), Loss: 1.032(0.848), LR: 0.000017
[GPU cuda:1][TRAIN] Epoch: [2][1850/2480], Elapsed 8m 45s (remain 2m 58s), Accuracy: 40.000(64.084), Loss: 1.248(0.848), LR: 0.000018
[GPU cuda:1][TRAIN] Epoch: [2][1900/2480], Elapsed 8m 59s (remain 2m 44s), Accuracy: 60.000(64.166), Loss: 0.627(0.846), LR: 0.000018
[GPU cuda:1][TRAIN] Epoch: [2][1950/2480], Elapsed 9m 14s (remain 2m 30s), Accuracy: 100.000(64.090), Loss: 0.706(0.848), LR: 0.000018
[GPU cuda:1][TRAIN] Epoch: [2][2000/2480], Elapsed 9m 28s (remain 2m 16s), Accuracy: 80.000(64.208), Loss: 0.771(0.844), LR: 0.000019
[GPU cuda:1][TRAIN] Epoch: [2][2050/2480], Elapsed 9m 42s (remain 2m 1s), Accuracy: 20.000(64.105), Loss: 1.298(0.848), LR: 0.000019
[GPU cuda:1][TRAIN] Epoch: [2][2100/2480], Elapsed 9m 56s (remain 1m 47s), Accuracy: 60.000(64.246), Loss: 1.092(0.846), LR: 0.000019
[GPU cuda:1][TRAIN] Epoch: [2][2150/2480], Elapsed 10m 10s (remain 1m 33s), Accuracy: 60.000(64.296), Loss: 1.140(0.845), LR: 0.000020
[GPU cuda:1][TRAIN] Epoch: [2][2200/2480], Elapsed 10m 24s (remain 1m 19s), Accuracy: 60.000(64.316), Loss: 0.789(0.844), LR: 0.000020
[GPU cuda:1][TRAIN] Epoch: [2][2250/2480], Elapsed 10m 39s (remain 1m 5s), Accuracy: 80.000(64.318), Loss: 0.830(0.844), LR: 0.000020
[GPU cuda:1][TRAIN] Epoch: [2][2300/2480], Elapsed 10m 53s (remain 0m 50s), Accuracy: 20.000(64.276), Loss: 0.950(0.844), LR: 0.000021
[GPU cuda:1][TRAIN] Epoch: [2][2350/2480], Elapsed 11m 7s (remain 0m 36s), Accuracy: 80.000(64.330), Loss: 0.809(0.845), LR: 0.000021
[GPU cuda:1][TRAIN] Epoch: [2][2400/2480], Elapsed 11m 21s (remain 0m 22s), Accuracy: 60.000(64.357), Loss: 1.018(0.845), LR: 0.000021
[GPU cuda:1][TRAIN] Epoch: [2][2450/2480], Elapsed 11m 35s (remain 0m 8s), Accuracy: 60.000(64.431), Loss: 0.638(0.844), LR: 0.000022
[GPU cuda:1][TRAIN] Epoch: [2][2479/2480], Elapsed 11m 44s (remain 0m 0s), Accuracy: 40.000(64.427), Loss: 1.864(0.844), LR: 0.000022
[GPU cuda:1][VALID][0/130], Elapsed 0m 1s (remain 2m 18s), Accuracy: 70.833(70.833), Batch Loss: 0.6396, Average Loss: 0.6396
[GPU cuda:1][VALID][50/130], Elapsed 0m 36s (remain 0m 56s), Accuracy: 45.833(67.484), Batch Loss: 1.1503, Average Loss: 0.7802
[GPU cuda:1][VALID][100/130], Elapsed 1m 12s (remain 0m 20s), Accuracy: 66.667(67.904), Batch Loss: 0.6828, Average Loss: 0.7724
[GPU cuda:1][VALID][129/130], Elapsed 1m 33s (remain 0m 0s), Accuracy: 50.000(67.917), Batch Loss: 0.8983, Average Loss: 0.7700
Valid Labels Samples: [2 0 1 4 1 0 3 1 4 3]
Valid Predictions Samples: [2, 0, 1, 4, 1, 0, 4, 1, 3, 0]
Epoch 2 - Train Average Loss: 64.427, Valid Average Loss: 67.917, Epoch Time: 799.694s
Epoch 2 - Accuracy: 0.680, Precision: 0.697, Recall: 0.680
Saved Best Model: 0.68
[GPU cuda:1][TRAIN] Epoch: [3][0/2480], Elapsed 0m 0s (remain 25m 33s), Accuracy: 80.000(80.000), Loss: 1.179(1.179), LR: 0.000022
[GPU cuda:1][TRAIN] Epoch: [3][50/2480], Elapsed 0m 15s (remain 11m 56s), Accuracy: 60.000(65.098), Loss: 0.784(0.738), LR: 0.000022
[GPU cuda:1][TRAIN] Epoch: [3][100/2480], Elapsed 0m 29s (remain 11m 31s), Accuracy: 80.000(67.129), Loss: 1.018(0.761), LR: 0.000023
[GPU cuda:1][TRAIN] Epoch: [3][150/2480], Elapsed 0m 43s (remain 11m 12s), Accuracy: 60.000(65.960), Loss: 0.943(0.790), LR: 0.000023
[GPU cuda:1][TRAIN] Epoch: [3][200/2480], Elapsed 0m 57s (remain 10m 55s), Accuracy: 60.000(65.373), Loss: 0.857(0.808), LR: 0.000023
[GPU cuda:1][TRAIN] Epoch: [3][250/2480], Elapsed 1m 11s (remain 10m 39s), Accuracy: 80.000(66.295), Loss: 0.536(0.800), LR: 0.000024
[GPU cuda:1][TRAIN] Epoch: [3][300/2480], Elapsed 1m 26s (remain 10m 24s), Accuracy: 20.000(66.047), Loss: 1.347(0.800), LR: 0.000024
[GPU cuda:1][TRAIN] Epoch: [3][350/2480], Elapsed 1m 40s (remain 10m 8s), Accuracy: 80.000(64.615), Loss: 0.960(0.817), LR: 0.000024
[GPU cuda:1][TRAIN] Epoch: [3][400/2480], Elapsed 1m 54s (remain 9m 54s), Accuracy: 60.000(64.638), Loss: 0.662(0.823), LR: 0.000025
[GPU cuda:1][TRAIN] Epoch: [3][450/2480], Elapsed 2m 8s (remain 9m 39s), Accuracy: 40.000(64.523), Loss: 1.166(0.825), LR: 0.000025
[GPU cuda:1][TRAIN] Epoch: [3][500/2480], Elapsed 2m 22s (remain 9m 24s), Accuracy: 20.000(65.110), Loss: 1.339(0.814), LR: 0.000025
[GPU cuda:1][TRAIN] Epoch: [3][550/2480], Elapsed 2m 37s (remain 9m 10s), Accuracy: 100.000(64.900), Loss: 0.220(0.822), LR: 0.000026
[GPU cuda:1][TRAIN] Epoch: [3][600/2480], Elapsed 2m 51s (remain 8m 55s), Accuracy: 100.000(65.125), Loss: 0.237(0.819), LR: 0.000026
[GPU cuda:1][TRAIN] Epoch: [3][650/2480], Elapsed 3m 5s (remain 8m 41s), Accuracy: 100.000(65.253), Loss: 0.102(0.820), LR: 0.000026
[GPU cuda:1][TRAIN] Epoch: [3][700/2480], Elapsed 3m 19s (remain 8m 26s), Accuracy: 100.000(65.107), Loss: 0.515(0.828), LR: 0.000027
[GPU cuda:1][TRAIN] Epoch: [3][750/2480], Elapsed 3m 33s (remain 8m 12s), Accuracy: 100.000(64.980), Loss: 0.466(0.830), LR: 0.000027
[GPU cuda:1][TRAIN] Epoch: [3][800/2480], Elapsed 3m 48s (remain 7m 58s), Accuracy: 60.000(65.318), Loss: 1.056(0.827), LR: 0.000027
[GPU cuda:1][TRAIN] Epoch: [3][850/2480], Elapsed 4m 2s (remain 7m 43s), Accuracy: 60.000(65.429), Loss: 0.831(0.824), LR: 0.000028
[GPU cuda:1][TRAIN] Epoch: [3][900/2480], Elapsed 4m 16s (remain 7m 29s), Accuracy: 60.000(65.638), Loss: 1.302(0.818), LR: 0.000028
[GPU cuda:1][TRAIN] Epoch: [3][950/2480], Elapsed 4m 30s (remain 7m 14s), Accuracy: 80.000(65.468), Loss: 0.797(0.817), LR: 0.000028
[GPU cuda:1][TRAIN] Epoch: [3][1000/2480], Elapsed 4m 44s (remain 7m 0s), Accuracy: 60.000(65.235), Loss: 0.959(0.815), LR: 0.000029
[GPU cuda:1][TRAIN] Epoch: [3][1050/2480], Elapsed 4m 58s (remain 6m 46s), Accuracy: 80.000(65.423), Loss: 0.896(0.812), LR: 0.000029
[GPU cuda:1][TRAIN] Epoch: [3][1100/2480], Elapsed 5m 13s (remain 6m 32s), Accuracy: 80.000(65.704), Loss: 0.350(0.807), LR: 0.000029
[GPU cuda:1][TRAIN] Epoch: [3][1150/2480], Elapsed 5m 27s (remain 6m 17s), Accuracy: 60.000(65.977), Loss: 1.025(0.806), LR: 0.000030
[GPU cuda:1][TRAIN] Epoch: [3][1200/2480], Elapsed 5m 41s (remain 6m 3s), Accuracy: 80.000(66.112), Loss: 0.854(0.802), LR: 0.000030
[GPU cuda:1][TRAIN] Epoch: [3][1250/2480], Elapsed 5m 55s (remain 5m 49s), Accuracy: 40.000(65.995), Loss: 0.962(0.803), LR: 0.000030
[GPU cuda:1][TRAIN] Epoch: [3][1300/2480], Elapsed 6m 9s (remain 5m 34s), Accuracy: 20.000(65.995), Loss: 1.320(0.803), LR: 0.000031
[GPU cuda:1][TRAIN] Epoch: [3][1350/2480], Elapsed 6m 23s (remain 5m 20s), Accuracy: 100.000(66.232), Loss: 0.182(0.800), LR: 0.000031
[GPU cuda:1][TRAIN] Epoch: [3][1400/2480], Elapsed 6m 37s (remain 5m 6s), Accuracy: 80.000(66.224), Loss: 0.568(0.802), LR: 0.000031
[GPU cuda:1][TRAIN] Epoch: [3][1450/2480], Elapsed 6m 51s (remain 4m 52s), Accuracy: 80.000(66.354), Loss: 0.442(0.799), LR: 0.000032
[GPU cuda:1][TRAIN] Epoch: [3][1500/2480], Elapsed 7m 6s (remain 4m 37s), Accuracy: 60.000(66.356), Loss: 0.436(0.798), LR: 0.000032
[GPU cuda:1][TRAIN] Epoch: [3][1550/2480], Elapsed 7m 20s (remain 4m 23s), Accuracy: 80.000(66.435), Loss: 0.477(0.798), LR: 0.000032
[GPU cuda:1][TRAIN] Epoch: [3][1600/2480], Elapsed 7m 34s (remain 4m 9s), Accuracy: 100.000(66.508), Loss: 0.486(0.797), LR: 0.000033
[GPU cuda:1][TRAIN] Epoch: [3][1650/2480], Elapsed 7m 48s (remain 3m 55s), Accuracy: 80.000(66.651), Loss: 0.407(0.794), LR: 0.000033
[GPU cuda:1][TRAIN] Epoch: [3][1700/2480], Elapsed 8m 2s (remain 3m 41s), Accuracy: 80.000(66.737), Loss: 0.414(0.794), LR: 0.000033
[GPU cuda:1][TRAIN] Epoch: [3][1750/2480], Elapsed 8m 16s (remain 3m 26s), Accuracy: 40.000(66.591), Loss: 1.136(0.797), LR: 0.000034
[GPU cuda:1][TRAIN] Epoch: [3][1800/2480], Elapsed 8m 30s (remain 3m 12s), Accuracy: 60.000(66.563), Loss: 1.036(0.797), LR: 0.000034
[GPU cuda:1][TRAIN] Epoch: [3][1850/2480], Elapsed 8m 45s (remain 2m 58s), Accuracy: 20.000(66.386), Loss: 1.358(0.800), LR: 0.000034
[GPU cuda:1][TRAIN] Epoch: [3][1900/2480], Elapsed 8m 59s (remain 2m 44s), Accuracy: 60.000(66.460), Loss: 0.641(0.799), LR: 0.000034
[GPU cuda:1][TRAIN] Epoch: [3][1950/2480], Elapsed 9m 13s (remain 2m 30s), Accuracy: 80.000(66.407), Loss: 0.484(0.801), LR: 0.000035
[GPU cuda:1][TRAIN] Epoch: [3][2000/2480], Elapsed 9m 27s (remain 2m 15s), Accuracy: 60.000(66.537), Loss: 0.913(0.799), LR: 0.000035
[GPU cuda:1][TRAIN] Epoch: [3][2050/2480], Elapsed 9m 41s (remain 2m 1s), Accuracy: 40.000(66.319), Loss: 1.206(0.804), LR: 0.000035
[GPU cuda:1][TRAIN] Epoch: [3][2100/2480], Elapsed 9m 55s (remain 1m 47s), Accuracy: 80.000(66.502), Loss: 0.694(0.800), LR: 0.000036
[GPU cuda:1][TRAIN] Epoch: [3][2150/2480], Elapsed 10m 9s (remain 1m 33s), Accuracy: 80.000(66.583), Loss: 0.785(0.797), LR: 0.000036
[GPU cuda:1][TRAIN] Epoch: [3][2200/2480], Elapsed 10m 24s (remain 1m 19s), Accuracy: 40.000(66.624), Loss: 1.012(0.797), LR: 0.000036
[GPU cuda:1][TRAIN] Epoch: [3][2250/2480], Elapsed 10m 38s (remain 1m 4s), Accuracy: 40.000(66.557), Loss: 1.058(0.798), LR: 0.000037
[GPU cuda:1][TRAIN] Epoch: [3][2300/2480], Elapsed 10m 52s (remain 0m 50s), Accuracy: 80.000(66.649), Loss: 0.464(0.796), LR: 0.000037
[GPU cuda:1][TRAIN] Epoch: [3][2350/2480], Elapsed 11m 6s (remain 0m 36s), Accuracy: 80.000(66.721), Loss: 0.666(0.796), LR: 0.000037
[GPU cuda:1][TRAIN] Epoch: [3][2400/2480], Elapsed 11m 20s (remain 0m 22s), Accuracy: 60.000(66.739), Loss: 0.953(0.796), LR: 0.000038
[GPU cuda:1][TRAIN] Epoch: [3][2450/2480], Elapsed 11m 34s (remain 0m 8s), Accuracy: 100.000(66.879), Loss: 0.445(0.794), LR: 0.000038
[GPU cuda:1][TRAIN] Epoch: [3][2479/2480], Elapsed 11m 43s (remain 0m 0s), Accuracy: 40.000(66.911), Loss: 1.900(0.794), LR: 0.000038
[GPU cuda:1][VALID][0/130], Elapsed 0m 1s (remain 2m 20s), Accuracy: 79.167(79.167), Batch Loss: 0.4945, Average Loss: 0.4945
[GPU cuda:1][VALID][50/130], Elapsed 0m 36s (remain 0m 56s), Accuracy: 54.167(69.281), Batch Loss: 0.9594, Average Loss: 0.7353
[GPU cuda:1][VALID][100/130], Elapsed 1m 12s (remain 0m 20s), Accuracy: 70.833(69.018), Batch Loss: 0.7928, Average Loss: 0.7492
[GPU cuda:1][VALID][129/130], Elapsed 1m 33s (remain 0m 0s), Accuracy: 50.000(68.974), Batch Loss: 0.8627, Average Loss: 0.7424
Valid Labels Samples: [2 0 1 4 1 0 3 1 4 3]
Valid Predictions Samples: [2, 0, 1, 4, 1, 0, 3, 1, 3, 0]
Epoch 3 - Train Average Loss: 66.911, Valid Average Loss: 68.974, Epoch Time: 798.828s
Epoch 3 - Accuracy: 0.691, Precision: 0.695, Recall: 0.691
Saved Best Model: 0.69
[GPU cuda:1][TRAIN] Epoch: [4][0/2480], Elapsed 0m 0s (remain 25m 18s), Accuracy: 80.000(80.000), Loss: 0.850(0.850), LR: 0.000038
[GPU cuda:1][TRAIN] Epoch: [4][50/2480], Elapsed 0m 15s (remain 11m 55s), Accuracy: 60.000(66.667), Loss: 0.786(0.831), LR: 0.000038
[GPU cuda:1][TRAIN] Epoch: [4][100/2480], Elapsed 0m 29s (remain 11m 29s), Accuracy: 80.000(67.129), Loss: 0.972(0.789), LR: 0.000039
[GPU cuda:1][TRAIN] Epoch: [4][150/2480], Elapsed 0m 43s (remain 11m 10s), Accuracy: 80.000(67.682), Loss: 0.708(0.771), LR: 0.000039
[GPU cuda:1][TRAIN] Epoch: [4][200/2480], Elapsed 0m 57s (remain 10m 54s), Accuracy: 80.000(66.667), Loss: 0.854(0.795), LR: 0.000039
[GPU cuda:1][TRAIN] Epoch: [4][250/2480], Elapsed 1m 11s (remain 10m 39s), Accuracy: 80.000(66.693), Loss: 0.548(0.787), LR: 0.000039
[GPU cuda:1][TRAIN] Epoch: [4][300/2480], Elapsed 1m 26s (remain 10m 24s), Accuracy: 40.000(67.110), Loss: 1.091(0.784), LR: 0.000040
[GPU cuda:1][TRAIN] Epoch: [4][350/2480], Elapsed 1m 40s (remain 10m 9s), Accuracy: 80.000(66.610), Loss: 0.722(0.795), LR: 0.000040
[GPU cuda:1][TRAIN] Epoch: [4][400/2480], Elapsed 1m 54s (remain 9m 54s), Accuracy: 40.000(66.833), Loss: 0.912(0.797), LR: 0.000040
[GPU cuda:1][TRAIN] Epoch: [4][450/2480], Elapsed 2m 8s (remain 9m 39s), Accuracy: 40.000(67.539), Loss: 1.294(0.789), LR: 0.000041
[GPU cuda:1][TRAIN] Epoch: [4][500/2480], Elapsed 2m 23s (remain 9m 25s), Accuracy: 20.000(67.625), Loss: 1.193(0.785), LR: 0.000041
[GPU cuda:1][TRAIN] Epoch: [4][550/2480], Elapsed 2m 37s (remain 9m 10s), Accuracy: 100.000(67.368), Loss: 0.161(0.793), LR: 0.000041
[GPU cuda:1][TRAIN] Epoch: [4][600/2480], Elapsed 2m 51s (remain 8m 56s), Accuracy: 100.000(67.421), Loss: 0.068(0.791), LR: 0.000041
[GPU cuda:1][TRAIN] Epoch: [4][650/2480], Elapsed 3m 5s (remain 8m 41s), Accuracy: 100.000(67.220), Loss: 0.054(0.791), LR: 0.000042
[GPU cuda:1][TRAIN] Epoch: [4][700/2480], Elapsed 3m 19s (remain 8m 27s), Accuracy: 80.000(66.961), Loss: 0.579(0.796), LR: 0.000042
[GPU cuda:1][TRAIN] Epoch: [4][750/2480], Elapsed 3m 34s (remain 8m 13s), Accuracy: 100.000(66.924), Loss: 0.340(0.797), LR: 0.000042
[GPU cuda:1][TRAIN] Epoch: [4][800/2480], Elapsed 3m 48s (remain 7m 58s), Accuracy: 60.000(67.241), Loss: 0.815(0.792), LR: 0.000042
[GPU cuda:1][TRAIN] Epoch: [4][850/2480], Elapsed 4m 2s (remain 7m 44s), Accuracy: 60.000(67.309), Loss: 0.877(0.788), LR: 0.000043
[GPU cuda:1][TRAIN] Epoch: [4][900/2480], Elapsed 4m 17s (remain 7m 30s), Accuracy: 60.000(67.592), Loss: 1.089(0.783), LR: 0.000043
[GPU cuda:1][TRAIN] Epoch: [4][950/2480], Elapsed 4m 31s (remain 7m 16s), Accuracy: 60.000(67.697), Loss: 0.769(0.777), LR: 0.000043
[GPU cuda:1][TRAIN] Epoch: [4][1000/2480], Elapsed 4m 45s (remain 7m 1s), Accuracy: 60.000(67.532), Loss: 0.999(0.778), LR: 0.000043
[GPU cuda:1][TRAIN] Epoch: [4][1050/2480], Elapsed 4m 59s (remain 6m 47s), Accuracy: 40.000(67.402), Loss: 0.923(0.779), LR: 0.000044
[GPU cuda:1][TRAIN] Epoch: [4][1100/2480], Elapsed 5m 14s (remain 6m 33s), Accuracy: 80.000(67.611), Loss: 0.342(0.772), LR: 0.000044
[GPU cuda:1][TRAIN] Epoch: [4][1150/2480], Elapsed 5m 28s (remain 6m 19s), Accuracy: 40.000(67.507), Loss: 1.696(0.774), LR: 0.000044
[GPU cuda:1][TRAIN] Epoch: [4][1200/2480], Elapsed 5m 42s (remain 6m 5s), Accuracy: 40.000(67.477), Loss: 1.780(0.773), LR: 0.000044
[GPU cuda:1][TRAIN] Epoch: [4][1250/2480], Elapsed 5m 57s (remain 5m 50s), Accuracy: 40.000(67.306), Loss: 0.973(0.776), LR: 0.000044
[GPU cuda:1][TRAIN] Epoch: [4][1300/2480], Elapsed 6m 11s (remain 5m 36s), Accuracy: 60.000(67.548), Loss: 1.069(0.773), LR: 0.000045
[GPU cuda:1][TRAIN] Epoch: [4][1350/2480], Elapsed 6m 25s (remain 5m 22s), Accuracy: 100.000(67.506), Loss: 0.147(0.773), LR: 0.000045
[GPU cuda:1][TRAIN] Epoch: [4][1400/2480], Elapsed 6m 40s (remain 5m 8s), Accuracy: 100.000(67.409), Loss: 0.270(0.776), LR: 0.000045
[GPU cuda:1][TRAIN] Epoch: [4][1450/2480], Elapsed 6m 54s (remain 4m 53s), Accuracy: 100.000(67.567), Loss: 0.291(0.773), LR: 0.000045
[GPU cuda:1][TRAIN] Epoch: [4][1500/2480], Elapsed 7m 8s (remain 4m 39s), Accuracy: 100.000(67.648), Loss: 0.247(0.771), LR: 0.000045
[GPU cuda:1][TRAIN] Epoch: [4][1550/2480], Elapsed 7m 22s (remain 4m 25s), Accuracy: 100.000(67.466), Loss: 0.312(0.774), LR: 0.000046
[GPU cuda:1][TRAIN] Epoch: [4][1600/2480], Elapsed 7m 37s (remain 4m 10s), Accuracy: 60.000(67.558), Loss: 0.621(0.774), LR: 0.000046
[GPU cuda:1][TRAIN] Epoch: [4][1650/2480], Elapsed 7m 51s (remain 3m 56s), Accuracy: 80.000(67.523), Loss: 0.267(0.772), LR: 0.000046
[GPU cuda:1][TRAIN] Epoch: [4][1700/2480], Elapsed 8m 5s (remain 3m 42s), Accuracy: 80.000(67.549), Loss: 0.406(0.773), LR: 0.000046
[GPU cuda:1][TRAIN] Epoch: [4][1750/2480], Elapsed 8m 19s (remain 3m 28s), Accuracy: 60.000(67.619), Loss: 1.683(0.773), LR: 0.000046
[GPU cuda:1][TRAIN] Epoch: [4][1800/2480], Elapsed 8m 34s (remain 3m 13s), Accuracy: 60.000(67.662), Loss: 0.817(0.772), LR: 0.000047
[GPU cuda:1][TRAIN] Epoch: [4][1850/2480], Elapsed 8m 48s (remain 2m 59s), Accuracy: 60.000(67.563), Loss: 1.043(0.773), LR: 0.000047
[GPU cuda:1][TRAIN] Epoch: [4][1900/2480], Elapsed 9m 2s (remain 2m 45s), Accuracy: 60.000(67.659), Loss: 0.725(0.773), LR: 0.000047
[GPU cuda:1][TRAIN] Epoch: [4][1950/2480], Elapsed 9m 16s (remain 2m 30s), Accuracy: 80.000(67.555), Loss: 0.702(0.775), LR: 0.000047
[GPU cuda:1][TRAIN] Epoch: [4][2000/2480], Elapsed 9m 31s (remain 2m 16s), Accuracy: 80.000(67.696), Loss: 0.729(0.773), LR: 0.000047
[GPU cuda:1][TRAIN] Epoch: [4][2050/2480], Elapsed 9m 45s (remain 2m 2s), Accuracy: 40.000(67.733), Loss: 1.313(0.774), LR: 0.000047
[GPU cuda:1][TRAIN] Epoch: [4][2100/2480], Elapsed 9m 59s (remain 1m 48s), Accuracy: 80.000(67.882), Loss: 0.866(0.772), LR: 0.000048
[GPU cuda:1][TRAIN] Epoch: [4][2150/2480], Elapsed 10m 13s (remain 1m 33s), Accuracy: 80.000(67.996), Loss: 0.785(0.768), LR: 0.000048
[GPU cuda:1][TRAIN] Epoch: [4][2200/2480], Elapsed 10m 28s (remain 1m 19s), Accuracy: 80.000(68.096), Loss: 0.664(0.767), LR: 0.000048
[GPU cuda:1][TRAIN] Epoch: [4][2250/2480], Elapsed 10m 42s (remain 1m 5s), Accuracy: 60.000(68.112), Loss: 1.112(0.767), LR: 0.000048
[GPU cuda:1][TRAIN] Epoch: [4][2300/2480], Elapsed 10m 56s (remain 0m 51s), Accuracy: 80.000(68.170), Loss: 0.509(0.766), LR: 0.000048
[GPU cuda:1][TRAIN] Epoch: [4][2350/2480], Elapsed 11m 10s (remain 0m 36s), Accuracy: 80.000(68.150), Loss: 0.655(0.767), LR: 0.000048
[GPU cuda:1][TRAIN] Epoch: [4][2400/2480], Elapsed 11m 24s (remain 0m 22s), Accuracy: 40.000(68.247), Loss: 0.961(0.765), LR: 0.000048
[GPU cuda:1][TRAIN] Epoch: [4][2450/2480], Elapsed 11m 39s (remain 0m 8s), Accuracy: 100.000(68.388), Loss: 0.299(0.763), LR: 0.000048
[GPU cuda:1][TRAIN] Epoch: [4][2479/2480], Elapsed 11m 47s (remain 0m 0s), Accuracy: 40.000(68.371), Loss: 1.654(0.764), LR: 0.000049
[GPU cuda:1][VALID][0/130], Elapsed 0m 1s (remain 2m 24s), Accuracy: 58.333(58.333), Batch Loss: 0.7129, Average Loss: 0.7129
[GPU cuda:1][VALID][50/130], Elapsed 0m 36s (remain 0m 56s), Accuracy: 41.667(63.562), Batch Loss: 1.2074, Average Loss: 0.8064
[GPU cuda:1][VALID][100/130], Elapsed 1m 12s (remain 0m 20s), Accuracy: 54.167(63.490), Batch Loss: 0.8847, Average Loss: 0.8163
[GPU cuda:1][VALID][129/130], Elapsed 1m 33s (remain 0m 0s), Accuracy: 75.000(64.263), Batch Loss: 0.7102, Average Loss: 0.8082
Valid Labels Samples: [2 0 1 4 1 0 3 1 4 3]
Valid Predictions Samples: [3, 0, 1, 3, 1, 0, 4, 1, 3, 4]
Epoch 4 - Train Average Loss: 68.371, Valid Average Loss: 64.263, Epoch Time: 803.154s
Epoch 4 - Accuracy: 0.642, Precision: 0.684, Recall: 0.642
[GPU cuda:1][TRAIN] Epoch: [5][0/2480], Elapsed 0m 0s (remain 24m 50s), Accuracy: 80.000(80.000), Loss: 0.728(0.728), LR: 0.000049
[GPU cuda:1][TRAIN] Epoch: [5][50/2480], Elapsed 0m 15s (remain 11m 54s), Accuracy: 40.000(68.235), Loss: 1.069(0.707), LR: 0.000049
[GPU cuda:1][TRAIN] Epoch: [5][100/2480], Elapsed 0m 29s (remain 11m 29s), Accuracy: 80.000(70.693), Loss: 0.772(0.689), LR: 0.000049
[GPU cuda:1][TRAIN] Epoch: [5][150/2480], Elapsed 0m 43s (remain 11m 10s), Accuracy: 40.000(69.669), Loss: 1.007(0.701), LR: 0.000049
[GPU cuda:1][TRAIN] Epoch: [5][200/2480], Elapsed 0m 57s (remain 10m 54s), Accuracy: 80.000(69.154), Loss: 0.683(0.732), LR: 0.000049
[GPU cuda:1][TRAIN] Epoch: [5][250/2480], Elapsed 1m 11s (remain 10m 38s), Accuracy: 80.000(69.960), Loss: 0.379(0.726), LR: 0.000049
[GPU cuda:1][TRAIN] Epoch: [5][300/2480], Elapsed 1m 26s (remain 10m 23s), Accuracy: 60.000(69.435), Loss: 1.158(0.729), LR: 0.000049
[GPU cuda:1][TRAIN] Epoch: [5][350/2480], Elapsed 1m 40s (remain 10m 8s), Accuracy: 100.000(69.060), Loss: 0.289(0.732), LR: 0.000049
[GPU cuda:1][TRAIN] Epoch: [5][400/2480], Elapsed 1m 54s (remain 9m 54s), Accuracy: 60.000(68.828), Loss: 0.685(0.736), LR: 0.000049
[GPU cuda:1][TRAIN] Epoch: [5][450/2480], Elapsed 2m 8s (remain 9m 39s), Accuracy: 80.000(69.047), Loss: 0.647(0.736), LR: 0.000049
[GPU cuda:1][TRAIN] Epoch: [5][500/2480], Elapsed 2m 22s (remain 9m 24s), Accuracy: 20.000(69.261), Loss: 1.895(0.729), LR: 0.000049
[GPU cuda:1][TRAIN] Epoch: [5][550/2480], Elapsed 2m 37s (remain 9m 10s), Accuracy: 100.000(68.966), Loss: 0.213(0.740), LR: 0.000050
[GPU cuda:1][TRAIN] Epoch: [5][600/2480], Elapsed 2m 51s (remain 8m 55s), Accuracy: 100.000(69.052), Loss: 0.108(0.741), LR: 0.000050
[GPU cuda:1][TRAIN] Epoch: [5][650/2480], Elapsed 3m 5s (remain 8m 41s), Accuracy: 100.000(69.278), Loss: 0.075(0.739), LR: 0.000050
[GPU cuda:1][TRAIN] Epoch: [5][700/2480], Elapsed 3m 19s (remain 8m 27s), Accuracy: 80.000(69.044), Loss: 0.473(0.746), LR: 0.000050
[GPU cuda:1][TRAIN] Epoch: [5][750/2480], Elapsed 3m 33s (remain 8m 12s), Accuracy: 80.000(69.108), Loss: 0.417(0.747), LR: 0.000050
[GPU cuda:1][TRAIN] Epoch: [5][800/2480], Elapsed 3m 48s (remain 7m 58s), Accuracy: 60.000(69.388), Loss: 0.994(0.746), LR: 0.000050
[GPU cuda:1][TRAIN] Epoch: [5][850/2480], Elapsed 4m 2s (remain 7m 43s), Accuracy: 60.000(69.471), Loss: 0.704(0.742), LR: 0.000050
[GPU cuda:1][TRAIN] Epoch: [5][900/2480], Elapsed 4m 16s (remain 7m 29s), Accuracy: 40.000(69.523), Loss: 1.334(0.741), LR: 0.000050
[GPU cuda:1][TRAIN] Epoch: [5][950/2480], Elapsed 4m 30s (remain 7m 15s), Accuracy: 80.000(69.590), Loss: 0.735(0.738), LR: 0.000050
[GPU cuda:1][TRAIN] Epoch: [5][1000/2480], Elapsed 4m 44s (remain 7m 0s), Accuracy: 60.000(69.431), Loss: 0.843(0.740), LR: 0.000050
[GPU cuda:1][TRAIN] Epoch: [5][1050/2480], Elapsed 4m 59s (remain 6m 46s), Accuracy: 40.000(69.420), Loss: 1.106(0.741), LR: 0.000050
[GPU cuda:1][TRAIN] Epoch: [5][1100/2480], Elapsed 5m 13s (remain 6m 32s), Accuracy: 80.000(69.664), Loss: 0.318(0.735), LR: 0.000050
[GPU cuda:1][TRAIN] Epoch: [5][1150/2480], Elapsed 5m 27s (remain 6m 18s), Accuracy: 60.000(69.713), Loss: 0.980(0.735), LR: 0.000050
[GPU cuda:1][TRAIN] Epoch: [5][1200/2480], Elapsed 5m 41s (remain 6m 3s), Accuracy: 60.000(69.858), Loss: 0.850(0.729), LR: 0.000050
[GPU cuda:1][TRAIN] Epoch: [5][1250/2480], Elapsed 5m 55s (remain 5m 49s), Accuracy: 40.000(69.704), Loss: 1.008(0.731), LR: 0.000050
[GPU cuda:1][TRAIN] Epoch: [5][1300/2480], Elapsed 6m 9s (remain 5m 35s), Accuracy: 60.000(69.915), Loss: 0.696(0.727), LR: 0.000050
[GPU cuda:1][TRAIN] Epoch: [5][1350/2480], Elapsed 6m 24s (remain 5m 21s), Accuracy: 100.000(70.052), Loss: 0.137(0.726), LR: 0.000050
[GPU cuda:1][TRAIN] Epoch: [5][1400/2480], Elapsed 6m 38s (remain 5m 6s), Accuracy: 80.000(70.064), Loss: 0.554(0.727), LR: 0.000050
[GPU cuda:1][TRAIN] Epoch: [5][1450/2480], Elapsed 6m 52s (remain 4m 52s), Accuracy: 80.000(70.241), Loss: 0.467(0.725), LR: 0.000050
[GPU cuda:1][TRAIN] Epoch: [5][1500/2480], Elapsed 7m 6s (remain 4m 38s), Accuracy: 100.000(70.313), Loss: 0.227(0.724), LR: 0.000050
[GPU cuda:1][TRAIN] Epoch: [5][1550/2480], Elapsed 7m 20s (remain 4m 24s), Accuracy: 100.000(70.368), Loss: 0.377(0.724), LR: 0.000050
[GPU cuda:1][TRAIN] Epoch: [5][1600/2480], Elapsed 7m 35s (remain 4m 9s), Accuracy: 80.000(70.493), Loss: 0.501(0.721), LR: 0.000050
[GPU cuda:1][TRAIN] Epoch: [5][1650/2480], Elapsed 7m 49s (remain 3m 55s), Accuracy: 100.000(70.575), Loss: 0.253(0.718), LR: 0.000050
[GPU cuda:1][TRAIN] Epoch: [5][1700/2480], Elapsed 8m 3s (remain 3m 41s), Accuracy: 80.000(70.511), Loss: 0.538(0.720), LR: 0.000050
[GPU cuda:1][TRAIN] Epoch: [5][1750/2480], Elapsed 8m 17s (remain 3m 27s), Accuracy: 60.000(70.531), Loss: 0.657(0.719), LR: 0.000050
[GPU cuda:1][TRAIN] Epoch: [5][1800/2480], Elapsed 8m 31s (remain 3m 12s), Accuracy: 80.000(70.539), Loss: 0.482(0.717), LR: 0.000050
[GPU cuda:1][TRAIN] Epoch: [5][1850/2480], Elapsed 8m 45s (remain 2m 58s), Accuracy: 80.000(70.438), Loss: 0.859(0.719), LR: 0.000050
[GPU cuda:1][TRAIN] Epoch: [5][1900/2480], Elapsed 9m 0s (remain 2m 44s), Accuracy: 60.000(70.584), Loss: 0.672(0.718), LR: 0.000050
[GPU cuda:1][TRAIN] Epoch: [5][1950/2480], Elapsed 9m 14s (remain 2m 30s), Accuracy: 80.000(70.477), Loss: 0.413(0.720), LR: 0.000050
[GPU cuda:1][TRAIN] Epoch: [5][2000/2480], Elapsed 9m 28s (remain 2m 16s), Accuracy: 60.000(70.595), Loss: 1.215(0.719), LR: 0.000050
[GPU cuda:1][TRAIN] Epoch: [5][2050/2480], Elapsed 9m 42s (remain 2m 1s), Accuracy: 60.000(70.522), Loss: 1.077(0.721), LR: 0.000050
[GPU cuda:1][TRAIN] Epoch: [5][2100/2480], Elapsed 9m 56s (remain 1m 47s), Accuracy: 80.000(70.728), Loss: 0.560(0.719), LR: 0.000050
[GPU cuda:1][TRAIN] Epoch: [5][2150/2480], Elapsed 10m 11s (remain 1m 33s), Accuracy: 60.000(70.814), Loss: 1.069(0.715), LR: 0.000050
[GPU cuda:1][TRAIN] Epoch: [5][2200/2480], Elapsed 10m 25s (remain 1m 19s), Accuracy: 60.000(70.841), Loss: 0.945(0.715), LR: 0.000050
[GPU cuda:1][TRAIN] Epoch: [5][2250/2480], Elapsed 10m 39s (remain 1m 5s), Accuracy: 80.000(70.840), Loss: 0.607(0.714), LR: 0.000050
[GPU cuda:1][TRAIN] Epoch: [5][2300/2480], Elapsed 10m 53s (remain 0m 50s), Accuracy: 60.000(70.960), Loss: 0.516(0.713), LR: 0.000050
[GPU cuda:1][TRAIN] Epoch: [5][2350/2480], Elapsed 11m 7s (remain 0m 36s), Accuracy: 80.000(71.008), Loss: 0.665(0.713), LR: 0.000050
[GPU cuda:1][TRAIN] Epoch: [5][2400/2480], Elapsed 11m 22s (remain 0m 22s), Accuracy: 60.000(71.079), Loss: 0.814(0.713), LR: 0.000050
[GPU cuda:1][TRAIN] Epoch: [5][2450/2480], Elapsed 11m 36s (remain 0m 8s), Accuracy: 100.000(71.138), Loss: 0.484(0.710), LR: 0.000050
[GPU cuda:1][TRAIN] Epoch: [5][2479/2480], Elapsed 11m 44s (remain 0m 0s), Accuracy: 40.000(71.194), Loss: 1.733(0.710), LR: 0.000050
[GPU cuda:1][VALID][0/130], Elapsed 0m 1s (remain 2m 13s), Accuracy: 75.000(75.000), Batch Loss: 0.4467, Average Loss: 0.4467
[GPU cuda:1][VALID][50/130], Elapsed 0m 36s (remain 0m 56s), Accuracy: 62.500(66.340), Batch Loss: 0.9516, Average Loss: 0.8187
[GPU cuda:1][VALID][100/130], Elapsed 1m 12s (remain 0m 20s), Accuracy: 54.167(66.584), Batch Loss: 0.8241, Average Loss: 0.8095
[GPU cuda:1][VALID][129/130], Elapsed 1m 32s (remain 0m 0s), Accuracy: 100.000(67.051), Batch Loss: 0.4580, Average Loss: 0.8043
Valid Labels Samples: [2 0 1 4 1 0 3 1 4 3]
Valid Predictions Samples: [2, 0, 1, 3, 1, 0, 3, 1, 3, 4]
Epoch 5 - Train Average Loss: 71.194, Valid Average Loss: 67.051, Epoch Time: 799.641s
Epoch 5 - Accuracy: 0.668, Precision: 0.725, Recall: 0.668
[GPU cuda:1][TRAIN] Epoch: [6][0/2480], Elapsed 0m 0s (remain 25m 14s), Accuracy: 60.000(60.000), Loss: 0.844(0.844), LR: 0.000050
[GPU cuda:1][TRAIN] Epoch: [6][50/2480], Elapsed 0m 14s (remain 11m 52s), Accuracy: 60.000(74.510), Loss: 0.775(0.585), LR: 0.000050
[GPU cuda:1][TRAIN] Epoch: [6][100/2480], Elapsed 0m 29s (remain 11m 27s), Accuracy: 80.000(73.069), Loss: 0.770(0.627), LR: 0.000050
[GPU cuda:1][TRAIN] Epoch: [6][150/2480], Elapsed 0m 43s (remain 11m 8s), Accuracy: 60.000(73.510), Loss: 0.912(0.634), LR: 0.000050
[GPU cuda:1][TRAIN] Epoch: [6][200/2480], Elapsed 0m 57s (remain 10m 52s), Accuracy: 60.000(72.040), Loss: 0.890(0.669), LR: 0.000050
[GPU cuda:1][TRAIN] Epoch: [6][250/2480], Elapsed 1m 11s (remain 10m 36s), Accuracy: 100.000(72.430), Loss: 0.142(0.668), LR: 0.000050
[GPU cuda:1][TRAIN] Epoch: [6][300/2480], Elapsed 1m 25s (remain 10m 21s), Accuracy: 40.000(71.561), Loss: 1.217(0.680), LR: 0.000050
[GPU cuda:1][TRAIN] Epoch: [6][350/2480], Elapsed 1m 40s (remain 10m 6s), Accuracy: 100.000(71.225), Loss: 0.198(0.684), LR: 0.000050
[GPU cuda:1][TRAIN] Epoch: [6][400/2480], Elapsed 1m 54s (remain 9m 52s), Accuracy: 80.000(71.022), Loss: 0.768(0.684), LR: 0.000050
[GPU cuda:1][TRAIN] Epoch: [6][450/2480], Elapsed 2m 8s (remain 9m 37s), Accuracy: 60.000(71.530), Loss: 0.458(0.676), LR: 0.000049
[GPU cuda:1][TRAIN] Epoch: [6][500/2480], Elapsed 2m 22s (remain 9m 23s), Accuracy: 40.000(71.737), Loss: 1.011(0.674), LR: 0.000049
[GPU cuda:1][TRAIN] Epoch: [6][550/2480], Elapsed 2m 36s (remain 9m 8s), Accuracy: 100.000(71.470), Loss: 0.232(0.685), LR: 0.000049
[GPU cuda:1][TRAIN] Epoch: [6][600/2480], Elapsed 2m 50s (remain 8m 54s), Accuracy: 60.000(71.514), Loss: 0.696(0.691), LR: 0.000049
[GPU cuda:1][TRAIN] Epoch: [6][650/2480], Elapsed 3m 5s (remain 8m 39s), Accuracy: 100.000(71.644), Loss: 0.035(0.693), LR: 0.000049
[GPU cuda:1][TRAIN] Epoch: [6][700/2480], Elapsed 3m 19s (remain 8m 25s), Accuracy: 80.000(71.384), Loss: 0.379(0.697), LR: 0.000049
[GPU cuda:1][TRAIN] Epoch: [6][750/2480], Elapsed 3m 33s (remain 8m 11s), Accuracy: 100.000(71.451), Loss: 0.255(0.698), LR: 0.000049
[GPU cuda:1][TRAIN] Epoch: [6][800/2480], Elapsed 3m 47s (remain 7m 56s), Accuracy: 60.000(71.461), Loss: 0.452(0.695), LR: 0.000049
[GPU cuda:1][TRAIN] Epoch: [6][850/2480], Elapsed 4m 1s (remain 7m 42s), Accuracy: 60.000(71.586), Loss: 0.654(0.691), LR: 0.000049
[GPU cuda:1][TRAIN] Epoch: [6][900/2480], Elapsed 4m 15s (remain 7m 28s), Accuracy: 80.000(71.853), Loss: 1.169(0.685), LR: 0.000049
[GPU cuda:1][TRAIN] Epoch: [6][950/2480], Elapsed 4m 29s (remain 7m 13s), Accuracy: 80.000(71.945), Loss: 0.657(0.682), LR: 0.000049
[GPU cuda:1][TRAIN] Epoch: [6][1000/2480], Elapsed 4m 44s (remain 6m 59s), Accuracy: 40.000(71.748), Loss: 1.030(0.683), LR: 0.000049
[GPU cuda:1][TRAIN] Epoch: [6][1050/2480], Elapsed 4m 58s (remain 6m 45s), Accuracy: 60.000(71.893), Loss: 0.801(0.681), LR: 0.000049
[GPU cuda:1][TRAIN] Epoch: [6][1100/2480], Elapsed 5m 12s (remain 6m 31s), Accuracy: 80.000(72.153), Loss: 0.608(0.677), LR: 0.000049
[GPU cuda:1][TRAIN] Epoch: [6][1150/2480], Elapsed 5m 26s (remain 6m 17s), Accuracy: 60.000(72.111), Loss: 0.866(0.679), LR: 0.000049
[GPU cuda:1][TRAIN] Epoch: [6][1200/2480], Elapsed 5m 40s (remain 6m 2s), Accuracy: 80.000(72.323), Loss: 0.895(0.678), LR: 0.000049
[GPU cuda:1][TRAIN] Epoch: [6][1250/2480], Elapsed 5m 54s (remain 5m 48s), Accuracy: 40.000(72.134), Loss: 1.059(0.680), LR: 0.000049
[GPU cuda:1][TRAIN] Epoch: [6][1300/2480], Elapsed 6m 8s (remain 5m 34s), Accuracy: 60.000(72.237), Loss: 0.820(0.677), LR: 0.000049
[GPU cuda:1][TRAIN] Epoch: [6][1350/2480], Elapsed 6m 23s (remain 5m 20s), Accuracy: 100.000(72.361), Loss: 0.155(0.674), LR: 0.000049
[GPU cuda:1][TRAIN] Epoch: [6][1400/2480], Elapsed 6m 37s (remain 5m 5s), Accuracy: 100.000(72.334), Loss: 0.267(0.676), LR: 0.000049
[GPU cuda:1][TRAIN] Epoch: [6][1450/2480], Elapsed 6m 51s (remain 4m 51s), Accuracy: 80.000(72.502), Loss: 0.444(0.673), LR: 0.000049
[GPU cuda:1][TRAIN] Epoch: [6][1500/2480], Elapsed 7m 5s (remain 4m 37s), Accuracy: 100.000(72.565), Loss: 0.092(0.673), LR: 0.000049
[GPU cuda:1][TRAIN] Epoch: [6][1550/2480], Elapsed 7m 19s (remain 4m 23s), Accuracy: 80.000(72.547), Loss: 0.295(0.672), LR: 0.000049
[GPU cuda:1][TRAIN] Epoch: [6][1600/2480], Elapsed 7m 33s (remain 4m 9s), Accuracy: 100.000(72.642), Loss: 0.292(0.671), LR: 0.000049
[GPU cuda:1][TRAIN] Epoch: [6][1650/2480], Elapsed 7m 48s (remain 3m 55s), Accuracy: 100.000(72.877), Loss: 0.236(0.666), LR: 0.000048
[GPU cuda:1][TRAIN] Epoch: [6][1700/2480], Elapsed 8m 2s (remain 3m 40s), Accuracy: 80.000(72.828), Loss: 0.369(0.667), LR: 0.000048
[GPU cuda:1][TRAIN] Epoch: [6][1750/2480], Elapsed 8m 16s (remain 3m 26s), Accuracy: 60.000(72.941), Loss: 1.224(0.664), LR: 0.000048
[GPU cuda:1][TRAIN] Epoch: [6][1800/2480], Elapsed 8m 30s (remain 3m 12s), Accuracy: 80.000(72.959), Loss: 0.328(0.664), LR: 0.000048
[GPU cuda:1][TRAIN] Epoch: [6][1850/2480], Elapsed 8m 44s (remain 2m 58s), Accuracy: 80.000(72.966), Loss: 0.588(0.663), LR: 0.000048
[GPU cuda:1][TRAIN] Epoch: [6][1900/2480], Elapsed 8m 58s (remain 2m 44s), Accuracy: 60.000(72.993), Loss: 0.729(0.663), LR: 0.000048
[GPU cuda:1][TRAIN] Epoch: [6][1950/2480], Elapsed 9m 13s (remain 2m 29s), Accuracy: 100.000(72.927), Loss: 0.241(0.664), LR: 0.000048
[GPU cuda:1][TRAIN] Epoch: [6][2000/2480], Elapsed 9m 27s (remain 2m 15s), Accuracy: 80.000(72.974), Loss: 0.710(0.664), LR: 0.000048
[GPU cuda:1][TRAIN] Epoch: [6][2050/2480], Elapsed 9m 41s (remain 2m 1s), Accuracy: 40.000(72.901), Loss: 1.027(0.664), LR: 0.000048
[GPU cuda:1][TRAIN] Epoch: [6][2100/2480], Elapsed 9m 55s (remain 1m 47s), Accuracy: 80.000(73.089), Loss: 0.950(0.661), LR: 0.000048
[GPU cuda:1][TRAIN] Epoch: [6][2150/2480], Elapsed 10m 9s (remain 1m 33s), Accuracy: 60.000(73.166), Loss: 0.745(0.658), LR: 0.000048
[GPU cuda:1][TRAIN] Epoch: [6][2200/2480], Elapsed 10m 23s (remain 1m 19s), Accuracy: 60.000(73.239), Loss: 0.724(0.657), LR: 0.000048
[GPU cuda:1][TRAIN] Epoch: [6][2250/2480], Elapsed 10m 37s (remain 1m 4s), Accuracy: 80.000(73.212), Loss: 0.896(0.657), LR: 0.000048
[GPU cuda:1][TRAIN] Epoch: [6][2300/2480], Elapsed 10m 52s (remain 0m 50s), Accuracy: 80.000(73.272), Loss: 0.397(0.657), LR: 0.000048
[GPU cuda:1][TRAIN] Epoch: [6][2350/2480], Elapsed 11m 6s (remain 0m 36s), Accuracy: 80.000(73.262), Loss: 0.611(0.657), LR: 0.000048
[GPU cuda:1][TRAIN] Epoch: [6][2400/2480], Elapsed 11m 20s (remain 0m 22s), Accuracy: 60.000(73.378), Loss: 0.646(0.655), LR: 0.000048
[GPU cuda:1][TRAIN] Epoch: [6][2450/2480], Elapsed 11m 34s (remain 0m 8s), Accuracy: 60.000(73.513), Loss: 0.918(0.652), LR: 0.000048
[GPU cuda:1][TRAIN] Epoch: [6][2479/2480], Elapsed 11m 42s (remain 0m 0s), Accuracy: 40.000(73.500), Loss: 1.370(0.652), LR: 0.000048
[GPU cuda:1][VALID][0/130], Elapsed 0m 1s (remain 2m 24s), Accuracy: 75.000(75.000), Batch Loss: 0.5939, Average Loss: 0.5939
[GPU cuda:1][VALID][50/130], Elapsed 0m 36s (remain 0m 56s), Accuracy: 62.500(72.059), Batch Loss: 0.8089, Average Loss: 0.7029
[GPU cuda:1][VALID][100/130], Elapsed 1m 12s (remain 0m 20s), Accuracy: 62.500(71.906), Batch Loss: 0.6137, Average Loss: 0.7017
[GPU cuda:1][VALID][129/130], Elapsed 1m 32s (remain 0m 0s), Accuracy: 75.000(72.179), Batch Loss: 0.6644, Average Loss: 0.6927
Valid Labels Samples: [2 0 1 4 1 0 3 1 4 3]
Valid Predictions Samples: [2, 0, 1, 3, 1, 1, 3, 1, 3, 4]
Epoch 6 - Train Average Loss: 73.500, Valid Average Loss: 72.179, Epoch Time: 798.007s
Epoch 6 - Accuracy: 0.722, Precision: 0.728, Recall: 0.722
Saved Best Model: 0.72
[GPU cuda:1][TRAIN] Epoch: [7][0/2480], Elapsed 0m 0s (remain 26m 12s), Accuracy: 80.000(80.000), Loss: 0.509(0.509), LR: 0.000048
[GPU cuda:1][TRAIN] Epoch: [7][50/2480], Elapsed 0m 14s (remain 11m 54s), Accuracy: 60.000(75.294), Loss: 0.760(0.554), LR: 0.000047
[GPU cuda:1][TRAIN] Epoch: [7][100/2480], Elapsed 0m 29s (remain 11m 28s), Accuracy: 80.000(76.040), Loss: 0.731(0.577), LR: 0.000047
[GPU cuda:1][TRAIN] Epoch: [7][150/2480], Elapsed 0m 43s (remain 11m 9s), Accuracy: 40.000(75.629), Loss: 0.874(0.592), LR: 0.000047
[GPU cuda:1][TRAIN] Epoch: [7][200/2480], Elapsed 0m 57s (remain 10m 53s), Accuracy: 60.000(74.925), Loss: 0.789(0.614), LR: 0.000047
[GPU cuda:1][TRAIN] Epoch: [7][250/2480], Elapsed 1m 11s (remain 10m 37s), Accuracy: 100.000(75.299), Loss: 0.132(0.611), LR: 0.000047
[GPU cuda:1][TRAIN] Epoch: [7][300/2480], Elapsed 1m 25s (remain 10m 22s), Accuracy: 60.000(75.415), Loss: 0.974(0.606), LR: 0.000047
[GPU cuda:1][TRAIN] Epoch: [7][350/2480], Elapsed 1m 40s (remain 10m 7s), Accuracy: 80.000(74.815), Loss: 0.536(0.614), LR: 0.000047
[GPU cuda:1][TRAIN] Epoch: [7][400/2480], Elapsed 1m 54s (remain 9m 52s), Accuracy: 80.000(75.062), Loss: 0.760(0.611), LR: 0.000047
[GPU cuda:1][TRAIN] Epoch: [7][450/2480], Elapsed 2m 8s (remain 9m 37s), Accuracy: 80.000(75.122), Loss: 0.431(0.607), LR: 0.000047
[GPU cuda:1][TRAIN] Epoch: [7][500/2480], Elapsed 2m 22s (remain 9m 23s), Accuracy: 40.000(75.369), Loss: 0.862(0.600), LR: 0.000047
[GPU cuda:1][TRAIN] Epoch: [7][550/2480], Elapsed 2m 36s (remain 9m 8s), Accuracy: 100.000(75.064), Loss: 0.163(0.612), LR: 0.000047
[GPU cuda:1][TRAIN] Epoch: [7][600/2480], Elapsed 2m 50s (remain 8m 54s), Accuracy: 100.000(74.875), Loss: 0.081(0.619), LR: 0.000047
[GPU cuda:1][TRAIN] Epoch: [7][650/2480], Elapsed 3m 5s (remain 8m 39s), Accuracy: 100.000(74.931), Loss: 0.044(0.621), LR: 0.000047
[GPU cuda:1][TRAIN] Epoch: [7][700/2480], Elapsed 3m 19s (remain 8m 25s), Accuracy: 100.000(74.750), Loss: 0.347(0.629), LR: 0.000047
[GPU cuda:1][TRAIN] Epoch: [7][750/2480], Elapsed 3m 33s (remain 8m 11s), Accuracy: 100.000(74.780), Loss: 0.292(0.629), LR: 0.000046
[GPU cuda:1][TRAIN] Epoch: [7][800/2480], Elapsed 3m 47s (remain 7m 56s), Accuracy: 80.000(75.256), Loss: 0.298(0.623), LR: 0.000046
[GPU cuda:1][TRAIN] Epoch: [7][850/2480], Elapsed 4m 1s (remain 7m 42s), Accuracy: 40.000(75.441), Loss: 1.322(0.619), LR: 0.000046
[GPU cuda:1][TRAIN] Epoch: [7][900/2480], Elapsed 4m 15s (remain 7m 28s), Accuracy: 60.000(75.671), Loss: 0.776(0.616), LR: 0.000046
[GPU cuda:1][TRAIN] Epoch: [7][950/2480], Elapsed 4m 29s (remain 7m 13s), Accuracy: 80.000(75.752), Loss: 0.623(0.613), LR: 0.000046
[GPU cuda:1][TRAIN] Epoch: [7][1000/2480], Elapsed 4m 44s (remain 6m 59s), Accuracy: 60.000(75.465), Loss: 0.890(0.617), LR: 0.000046
[GPU cuda:1][TRAIN] Epoch: [7][1050/2480], Elapsed 4m 58s (remain 6m 45s), Accuracy: 60.000(75.547), Loss: 0.776(0.616), LR: 0.000046
[GPU cuda:1][TRAIN] Epoch: [7][1100/2480], Elapsed 5m 12s (remain 6m 31s), Accuracy: 100.000(75.804), Loss: 0.256(0.610), LR: 0.000046
[GPU cuda:1][TRAIN] Epoch: [7][1150/2480], Elapsed 5m 26s (remain 6m 16s), Accuracy: 80.000(75.708), Loss: 0.486(0.612), LR: 0.000046
[GPU cuda:1][TRAIN] Epoch: [7][1200/2480], Elapsed 5m 40s (remain 6m 2s), Accuracy: 100.000(75.737), Loss: 0.442(0.609), LR: 0.000046
[GPU cuda:1][TRAIN] Epoch: [7][1250/2480], Elapsed 5m 54s (remain 5m 48s), Accuracy: 60.000(75.620), Loss: 1.004(0.610), LR: 0.000046
[GPU cuda:1][TRAIN] Epoch: [7][1300/2480], Elapsed 6m 8s (remain 5m 34s), Accuracy: 60.000(75.696), Loss: 0.719(0.608), LR: 0.000046
[GPU cuda:1][TRAIN] Epoch: [7][1350/2480], Elapsed 6m 23s (remain 5m 20s), Accuracy: 100.000(75.929), Loss: 0.037(0.605), LR: 0.000045
[GPU cuda:1][TRAIN] Epoch: [7][1400/2480], Elapsed 6m 37s (remain 5m 5s), Accuracy: 100.000(75.846), Loss: 0.193(0.608), LR: 0.000045
[GPU cuda:1][TRAIN] Epoch: [7][1450/2480], Elapsed 6m 51s (remain 4m 51s), Accuracy: 80.000(75.865), Loss: 0.730(0.607), LR: 0.000045
[GPU cuda:1][TRAIN] Epoch: [7][1500/2480], Elapsed 7m 5s (remain 4m 37s), Accuracy: 100.000(75.869), Loss: 0.047(0.606), LR: 0.000045
[GPU cuda:1][TRAIN] Epoch: [7][1550/2480], Elapsed 7m 19s (remain 4m 23s), Accuracy: 80.000(75.874), Loss: 0.275(0.606), LR: 0.000045
[GPU cuda:1][TRAIN] Epoch: [7][1600/2480], Elapsed 7m 33s (remain 4m 9s), Accuracy: 80.000(75.928), Loss: 0.593(0.605), LR: 0.000045
[GPU cuda:1][TRAIN] Epoch: [7][1650/2480], Elapsed 7m 47s (remain 3m 54s), Accuracy: 80.000(76.111), Loss: 0.271(0.602), LR: 0.000045
[GPU cuda:1][TRAIN] Epoch: [7][1700/2480], Elapsed 8m 1s (remain 3m 40s), Accuracy: 80.000(75.991), Loss: 0.426(0.606), LR: 0.000045
[GPU cuda:1][TRAIN] Epoch: [7][1750/2480], Elapsed 8m 16s (remain 3m 26s), Accuracy: 60.000(76.082), Loss: 0.787(0.604), LR: 0.000045
[GPU cuda:1][TRAIN] Epoch: [7][1800/2480], Elapsed 8m 30s (remain 3m 12s), Accuracy: 80.000(76.135), Loss: 0.304(0.602), LR: 0.000045
[GPU cuda:1][TRAIN] Epoch: [7][1850/2480], Elapsed 8m 44s (remain 2m 58s), Accuracy: 60.000(76.045), Loss: 0.658(0.604), LR: 0.000045
[GPU cuda:1][TRAIN] Epoch: [7][1900/2480], Elapsed 8m 58s (remain 2m 43s), Accuracy: 60.000(76.055), Loss: 0.767(0.604), LR: 0.000044
[GPU cuda:1][TRAIN] Epoch: [7][1950/2480], Elapsed 9m 12s (remain 2m 29s), Accuracy: 80.000(75.930), Loss: 0.453(0.607), LR: 0.000044
[GPU cuda:1][TRAIN] Epoch: [7][2000/2480], Elapsed 9m 26s (remain 2m 15s), Accuracy: 80.000(75.972), Loss: 0.667(0.605), LR: 0.000044
[GPU cuda:1][TRAIN] Epoch: [7][2050/2480], Elapsed 9m 40s (remain 2m 1s), Accuracy: 80.000(75.904), Loss: 0.718(0.607), LR: 0.000044
[GPU cuda:1][TRAIN] Epoch: [7][2100/2480], Elapsed 9m 54s (remain 1m 47s), Accuracy: 80.000(76.088), Loss: 0.441(0.603), LR: 0.000044
[GPU cuda:1][TRAIN] Epoch: [7][2150/2480], Elapsed 10m 9s (remain 1m 33s), Accuracy: 80.000(76.253), Loss: 0.701(0.600), LR: 0.000044
[GPU cuda:1][TRAIN] Epoch: [7][2200/2480], Elapsed 10m 23s (remain 1m 19s), Accuracy: 80.000(76.284), Loss: 0.509(0.598), LR: 0.000044
[GPU cuda:1][TRAIN] Epoch: [7][2250/2480], Elapsed 10m 37s (remain 1m 4s), Accuracy: 80.000(76.242), Loss: 0.763(0.599), LR: 0.000044
[GPU cuda:1][TRAIN] Epoch: [7][2300/2480], Elapsed 10m 51s (remain 0m 50s), Accuracy: 80.000(76.280), Loss: 0.333(0.598), LR: 0.000044
[GPU cuda:1][TRAIN] Epoch: [7][2350/2480], Elapsed 11m 5s (remain 0m 36s), Accuracy: 80.000(76.316), Loss: 0.858(0.597), LR: 0.000044
[GPU cuda:1][TRAIN] Epoch: [7][2400/2480], Elapsed 11m 19s (remain 0m 22s), Accuracy: 60.000(76.426), Loss: 0.815(0.595), LR: 0.000043
[GPU cuda:1][TRAIN] Epoch: [7][2450/2480], Elapsed 11m 33s (remain 0m 8s), Accuracy: 80.000(76.589), Loss: 0.429(0.592), LR: 0.000043
[GPU cuda:1][TRAIN] Epoch: [7][2479/2480], Elapsed 11m 42s (remain 0m 0s), Accuracy: 40.000(76.573), Loss: 1.682(0.592), LR: 0.000043
[GPU cuda:1][VALID][0/130], Elapsed 0m 1s (remain 2m 24s), Accuracy: 70.833(70.833), Batch Loss: 0.7591, Average Loss: 0.7591
[GPU cuda:1][VALID][50/130], Elapsed 0m 36s (remain 0m 56s), Accuracy: 62.500(70.915), Batch Loss: 0.8359, Average Loss: 0.7781
[GPU cuda:1][VALID][100/130], Elapsed 1m 12s (remain 0m 20s), Accuracy: 58.333(70.008), Batch Loss: 0.8204, Average Loss: 0.7850
[GPU cuda:1][VALID][129/130], Elapsed 1m 32s (remain 0m 0s), Accuracy: 75.000(70.385), Batch Loss: 0.5797, Average Loss: 0.7719
Valid Labels Samples: [2 0 1 4 1 0 3 1 4 3]
Valid Predictions Samples: [2, 0, 1, 3, 1, 1, 3, 1, 3, 1]
Epoch 7 - Train Average Loss: 76.573, Valid Average Loss: 70.385, Epoch Time: 797.061s
Epoch 7 - Accuracy: 0.704, Precision: 0.711, Recall: 0.704
[GPU cuda:1][TRAIN] Epoch: [8][0/2480], Elapsed 0m 0s (remain 24m 49s), Accuracy: 100.000(100.000), Loss: 0.305(0.305), LR: 0.000043
[GPU cuda:1][TRAIN] Epoch: [8][50/2480], Elapsed 0m 14s (remain 11m 50s), Accuracy: 60.000(81.176), Loss: 0.703(0.425), LR: 0.000043
[GPU cuda:1][TRAIN] Epoch: [8][100/2480], Elapsed 0m 29s (remain 11m 24s), Accuracy: 80.000(79.010), Loss: 0.409(0.487), LR: 0.000043
[GPU cuda:1][TRAIN] Epoch: [8][150/2480], Elapsed 0m 43s (remain 11m 6s), Accuracy: 80.000(78.543), Loss: 0.553(0.510), LR: 0.000043
[GPU cuda:1][TRAIN] Epoch: [8][200/2480], Elapsed 0m 57s (remain 10m 51s), Accuracy: 80.000(77.811), Loss: 0.526(0.533), LR: 0.000043
[GPU cuda:1][TRAIN] Epoch: [8][250/2480], Elapsed 1m 11s (remain 10m 35s), Accuracy: 100.000(78.088), Loss: 0.104(0.535), LR: 0.000043
[GPU cuda:1][TRAIN] Epoch: [8][300/2480], Elapsed 1m 25s (remain 10m 20s), Accuracy: 40.000(78.007), Loss: 1.066(0.534), LR: 0.000043
[GPU cuda:1][TRAIN] Epoch: [8][350/2480], Elapsed 1m 39s (remain 10m 5s), Accuracy: 100.000(77.493), Loss: 0.084(0.552), LR: 0.000043
[GPU cuda:1][TRAIN] Epoch: [8][400/2480], Elapsed 1m 54s (remain 9m 51s), Accuracy: 60.000(77.805), Loss: 0.791(0.551), LR: 0.000042
[GPU cuda:1][TRAIN] Epoch: [8][450/2480], Elapsed 2m 8s (remain 9m 36s), Accuracy: 100.000(77.871), Loss: 0.209(0.551), LR: 0.000042
[GPU cuda:1][TRAIN] Epoch: [8][500/2480], Elapsed 2m 22s (remain 9m 22s), Accuracy: 60.000(78.323), Loss: 0.800(0.541), LR: 0.000042
[GPU cuda:1][TRAIN] Epoch: [8][550/2480], Elapsed 2m 36s (remain 9m 7s), Accuracy: 100.000(78.004), Loss: 0.083(0.550), LR: 0.000042
[GPU cuda:1][TRAIN] Epoch: [8][600/2480], Elapsed 2m 50s (remain 8m 53s), Accuracy: 100.000(77.770), Loss: 0.033(0.558), LR: 0.000042
[GPU cuda:1][TRAIN] Epoch: [8][650/2480], Elapsed 3m 4s (remain 8m 39s), Accuracy: 100.000(77.880), Loss: 0.070(0.555), LR: 0.000042
[GPU cuda:1][TRAIN] Epoch: [8][700/2480], Elapsed 3m 18s (remain 8m 24s), Accuracy: 80.000(77.660), Loss: 0.368(0.562), LR: 0.000042
[GPU cuda:1][TRAIN] Epoch: [8][750/2480], Elapsed 3m 33s (remain 8m 10s), Accuracy: 80.000(77.656), Loss: 1.051(0.565), LR: 0.000042
[GPU cuda:1][TRAIN] Epoch: [8][800/2480], Elapsed 3m 47s (remain 7m 56s), Accuracy: 60.000(77.678), Loss: 0.699(0.564), LR: 0.000042
[GPU cuda:1][TRAIN] Epoch: [8][850/2480], Elapsed 4m 1s (remain 7m 41s), Accuracy: 80.000(77.744), Loss: 0.447(0.561), LR: 0.000041
[GPU cuda:1][TRAIN] Epoch: [8][900/2480], Elapsed 4m 15s (remain 7m 27s), Accuracy: 80.000(77.736), Loss: 0.620(0.561), LR: 0.000041
[GPU cuda:1][TRAIN] Epoch: [8][950/2480], Elapsed 4m 29s (remain 7m 13s), Accuracy: 80.000(77.834), Loss: 0.629(0.561), LR: 0.000041
[GPU cuda:1][TRAIN] Epoch: [8][1000/2480], Elapsed 4m 43s (remain 6m 59s), Accuracy: 60.000(77.542), Loss: 0.900(0.563), LR: 0.000041
[GPU cuda:1][TRAIN] Epoch: [8][1050/2480], Elapsed 4m 57s (remain 6m 45s), Accuracy: 60.000(77.678), Loss: 0.676(0.560), LR: 0.000041
[GPU cuda:1][TRAIN] Epoch: [8][1100/2480], Elapsed 5m 12s (remain 6m 30s), Accuracy: 80.000(77.802), Loss: 0.183(0.555), LR: 0.000041
[GPU cuda:1][TRAIN] Epoch: [8][1150/2480], Elapsed 5m 26s (remain 6m 16s), Accuracy: 80.000(77.706), Loss: 0.729(0.557), LR: 0.000041
[GPU cuda:1][TRAIN] Epoch: [8][1200/2480], Elapsed 5m 40s (remain 6m 2s), Accuracy: 100.000(77.885), Loss: 0.392(0.553), LR: 0.000041
[GPU cuda:1][TRAIN] Epoch: [8][1250/2480], Elapsed 5m 54s (remain 5m 48s), Accuracy: 40.000(77.794), Loss: 0.916(0.554), LR: 0.000041
[GPU cuda:1][TRAIN] Epoch: [8][1300/2480], Elapsed 6m 8s (remain 5m 34s), Accuracy: 80.000(78.048), Loss: 0.402(0.551), LR: 0.000040
[GPU cuda:1][TRAIN] Epoch: [8][1350/2480], Elapsed 6m 22s (remain 5m 19s), Accuracy: 100.000(78.268), Loss: 0.033(0.548), LR: 0.000040
[GPU cuda:1][TRAIN] Epoch: [8][1400/2480], Elapsed 6m 36s (remain 5m 5s), Accuracy: 100.000(78.244), Loss: 0.124(0.548), LR: 0.000040
[GPU cuda:1][TRAIN] Epoch: [8][1450/2480], Elapsed 6m 51s (remain 4m 51s), Accuracy: 80.000(78.318), Loss: 0.317(0.547), LR: 0.000040
[GPU cuda:1][TRAIN] Epoch: [8][1500/2480], Elapsed 7m 5s (remain 4m 37s), Accuracy: 80.000(78.388), Loss: 0.166(0.546), LR: 0.000040
[GPU cuda:1][TRAIN] Epoch: [8][1550/2480], Elapsed 7m 19s (remain 4m 23s), Accuracy: 100.000(78.414), Loss: 0.184(0.545), LR: 0.000040
[GPU cuda:1][TRAIN] Epoch: [8][1600/2480], Elapsed 7m 33s (remain 4m 8s), Accuracy: 100.000(78.463), Loss: 0.248(0.544), LR: 0.000040
[GPU cuda:1][TRAIN] Epoch: [8][1650/2480], Elapsed 7m 47s (remain 3m 54s), Accuracy: 80.000(78.583), Loss: 0.270(0.541), LR: 0.000040
[GPU cuda:1][TRAIN] Epoch: [8][1700/2480], Elapsed 8m 1s (remain 3m 40s), Accuracy: 80.000(78.519), Loss: 0.391(0.542), LR: 0.000039
[GPU cuda:1][TRAIN] Epoch: [8][1750/2480], Elapsed 8m 15s (remain 3m 26s), Accuracy: 80.000(78.652), Loss: 0.476(0.539), LR: 0.000039
[GPU cuda:1][TRAIN] Epoch: [8][1800/2480], Elapsed 8m 29s (remain 3m 12s), Accuracy: 60.000(78.645), Loss: 0.909(0.538), LR: 0.000039
[GPU cuda:1][TRAIN] Epoch: [8][1850/2480], Elapsed 8m 44s (remain 2m 58s), Accuracy: 80.000(78.585), Loss: 0.649(0.540), LR: 0.000039
[GPU cuda:1][TRAIN] Epoch: [8][1900/2480], Elapsed 8m 58s (remain 2m 43s), Accuracy: 60.000(78.611), Loss: 0.460(0.540), LR: 0.000039
[GPU cuda:1][TRAIN] Epoch: [8][1950/2480], Elapsed 9m 12s (remain 2m 29s), Accuracy: 80.000(78.575), Loss: 0.349(0.542), LR: 0.000039
[GPU cuda:1][TRAIN] Epoch: [8][2000/2480], Elapsed 9m 26s (remain 2m 15s), Accuracy: 80.000(78.751), Loss: 0.371(0.540), LR: 0.000039
[GPU cuda:1][TRAIN] Epoch: [8][2050/2480], Elapsed 9m 40s (remain 2m 1s), Accuracy: 60.000(78.723), Loss: 0.782(0.541), LR: 0.000039
[GPU cuda:1][TRAIN] Epoch: [8][2100/2480], Elapsed 9m 54s (remain 1m 47s), Accuracy: 100.000(78.896), Loss: 0.097(0.536), LR: 0.000038
[GPU cuda:1][TRAIN] Epoch: [8][2150/2480], Elapsed 10m 8s (remain 1m 33s), Accuracy: 80.000(78.968), Loss: 0.554(0.534), LR: 0.000038
[GPU cuda:1][TRAIN] Epoch: [8][2200/2480], Elapsed 10m 22s (remain 1m 18s), Accuracy: 60.000(79.046), Loss: 0.665(0.533), LR: 0.000038
[GPU cuda:1][TRAIN] Epoch: [8][2250/2480], Elapsed 10m 37s (remain 1m 4s), Accuracy: 80.000(79.040), Loss: 0.652(0.533), LR: 0.000038
[GPU cuda:1][TRAIN] Epoch: [8][2300/2480], Elapsed 10m 51s (remain 0m 50s), Accuracy: 80.000(79.035), Loss: 0.346(0.533), LR: 0.000038
[GPU cuda:1][TRAIN] Epoch: [8][2350/2480], Elapsed 11m 5s (remain 0m 36s), Accuracy: 100.000(79.098), Loss: 0.165(0.531), LR: 0.000038
[GPU cuda:1][TRAIN] Epoch: [8][2400/2480], Elapsed 11m 19s (remain 0m 22s), Accuracy: 80.000(79.150), Loss: 0.485(0.530), LR: 0.000038
[GPU cuda:1][TRAIN] Epoch: [8][2450/2480], Elapsed 11m 33s (remain 0m 8s), Accuracy: 60.000(79.241), Loss: 0.640(0.528), LR: 0.000038
[GPU cuda:1][TRAIN] Epoch: [8][2479/2480], Elapsed 11m 41s (remain 0m 0s), Accuracy: 60.000(79.250), Loss: 1.167(0.527), LR: 0.000037
[GPU cuda:1][VALID][0/130], Elapsed 0m 1s (remain 2m 12s), Accuracy: 79.167(79.167), Batch Loss: 0.7751, Average Loss: 0.7751
[GPU cuda:1][VALID][50/130], Elapsed 0m 36s (remain 0m 56s), Accuracy: 66.667(71.405), Batch Loss: 0.8217, Average Loss: 0.7905
[GPU cuda:1][VALID][100/130], Elapsed 1m 12s (remain 0m 20s), Accuracy: 66.667(70.132), Batch Loss: 0.6760, Average Loss: 0.8008
[GPU cuda:1][VALID][129/130], Elapsed 1m 32s (remain 0m 0s), Accuracy: 25.000(69.712), Batch Loss: 1.3778, Average Loss: 0.7948
Valid Labels Samples: [2 0 1 4 1 0 3 1 4 3]
Valid Predictions Samples: [2, 0, 1, 3, 1, 1, 3, 1, 3, 3]
Epoch 8 - Train Average Loss: 79.250, Valid Average Loss: 69.712, Epoch Time: 796.636s
Epoch 8 - Accuracy: 0.700, Precision: 0.707, Recall: 0.700
[GPU cuda:1][TRAIN] Epoch: [9][0/2480], Elapsed 0m 0s (remain 24m 37s), Accuracy: 100.000(100.000), Loss: 0.219(0.219), LR: 0.000037
[GPU cuda:1][TRAIN] Epoch: [9][50/2480], Elapsed 0m 14s (remain 11m 50s), Accuracy: 60.000(85.882), Loss: 0.687(0.349), LR: 0.000037
[GPU cuda:1][TRAIN] Epoch: [9][100/2480], Elapsed 0m 29s (remain 11m 25s), Accuracy: 80.000(81.980), Loss: 0.598(0.432), LR: 0.000037
[GPU cuda:1][TRAIN] Epoch: [9][150/2480], Elapsed 0m 43s (remain 11m 7s), Accuracy: 80.000(82.119), Loss: 0.550(0.442), LR: 0.000037
[GPU cuda:1][TRAIN] Epoch: [9][200/2480], Elapsed 0m 57s (remain 10m 51s), Accuracy: 80.000(80.896), Loss: 0.432(0.474), LR: 0.000037
[GPU cuda:1][TRAIN] Epoch: [9][250/2480], Elapsed 1m 11s (remain 10m 36s), Accuracy: 100.000(81.514), Loss: 0.055(0.463), LR: 0.000037
[GPU cuda:1][TRAIN] Epoch: [9][300/2480], Elapsed 1m 25s (remain 10m 20s), Accuracy: 60.000(81.063), Loss: 0.814(0.472), LR: 0.000037
[GPU cuda:1][TRAIN] Epoch: [9][350/2480], Elapsed 1m 39s (remain 10m 6s), Accuracy: 100.000(80.000), Loss: 0.073(0.491), LR: 0.000037
[GPU cuda:1][TRAIN] Epoch: [9][400/2480], Elapsed 1m 54s (remain 9m 51s), Accuracy: 80.000(80.249), Loss: 0.437(0.481), LR: 0.000036
[GPU cuda:1][TRAIN] Epoch: [9][450/2480], Elapsed 2m 8s (remain 9m 36s), Accuracy: 100.000(80.665), Loss: 0.236(0.478), LR: 0.000036
[GPU cuda:1][TRAIN] Epoch: [9][500/2480], Elapsed 2m 22s (remain 9m 22s), Accuracy: 80.000(80.998), Loss: 0.845(0.470), LR: 0.000036
[GPU cuda:1][TRAIN] Epoch: [9][550/2480], Elapsed 2m 36s (remain 9m 7s), Accuracy: 100.000(80.581), Loss: 0.139(0.482), LR: 0.000036
[GPU cuda:1][TRAIN] Epoch: [9][600/2480], Elapsed 2m 50s (remain 8m 53s), Accuracy: 100.000(80.466), Loss: 0.035(0.489), LR: 0.000036
[GPU cuda:1][TRAIN] Epoch: [9][650/2480], Elapsed 3m 4s (remain 8m 39s), Accuracy: 100.000(80.276), Loss: 0.030(0.487), LR: 0.000036
[GPU cuda:1][TRAIN] Epoch: [9][700/2480], Elapsed 3m 19s (remain 8m 25s), Accuracy: 100.000(80.057), Loss: 0.219(0.495), LR: 0.000036
[GPU cuda:1][TRAIN] Epoch: [9][750/2480], Elapsed 3m 33s (remain 8m 10s), Accuracy: 100.000(80.266), Loss: 0.246(0.496), LR: 0.000035
[GPU cuda:1][TRAIN] Epoch: [9][800/2480], Elapsed 3m 47s (remain 7m 56s), Accuracy: 100.000(80.549), Loss: 0.153(0.492), LR: 0.000035
[GPU cuda:1][TRAIN] Epoch: [9][850/2480], Elapsed 4m 1s (remain 7m 42s), Accuracy: 80.000(80.729), Loss: 0.489(0.490), LR: 0.000035
[GPU cuda:1][TRAIN] Epoch: [9][900/2480], Elapsed 4m 15s (remain 7m 28s), Accuracy: 100.000(80.910), Loss: 0.340(0.486), LR: 0.000035
[GPU cuda:1][TRAIN] Epoch: [9][950/2480], Elapsed 4m 29s (remain 7m 13s), Accuracy: 80.000(81.178), Loss: 0.571(0.480), LR: 0.000035
[GPU cuda:1][TRAIN] Epoch: [9][1000/2480], Elapsed 4m 44s (remain 6m 59s), Accuracy: 80.000(81.059), Loss: 0.729(0.481), LR: 0.000035
[GPU cuda:1][TRAIN] Epoch: [9][1050/2480], Elapsed 4m 58s (remain 6m 45s), Accuracy: 60.000(81.199), Loss: 0.505(0.479), LR: 0.000035
[GPU cuda:1][TRAIN] Epoch: [9][1100/2480], Elapsed 5m 12s (remain 6m 31s), Accuracy: 100.000(81.526), Loss: 0.185(0.473), LR: 0.000035
[GPU cuda:1][TRAIN] Epoch: [9][1150/2480], Elapsed 5m 26s (remain 6m 17s), Accuracy: 100.000(81.494), Loss: 0.316(0.473), LR: 0.000034
[GPU cuda:1][TRAIN] Epoch: [9][1200/2480], Elapsed 5m 40s (remain 6m 2s), Accuracy: 80.000(81.449), Loss: 0.462(0.473), LR: 0.000034
[GPU cuda:1][TRAIN] Epoch: [9][1250/2480], Elapsed 5m 55s (remain 5m 48s), Accuracy: 60.000(81.407), Loss: 0.836(0.473), LR: 0.000034
[GPU cuda:1][TRAIN] Epoch: [9][1300/2480], Elapsed 6m 9s (remain 5m 34s), Accuracy: 80.000(81.522), Loss: 0.536(0.469), LR: 0.000034
[GPU cuda:1][TRAIN] Epoch: [9][1350/2480], Elapsed 6m 23s (remain 5m 20s), Accuracy: 100.000(81.673), Loss: 0.070(0.468), LR: 0.000034
[GPU cuda:1][TRAIN] Epoch: [9][1400/2480], Elapsed 6m 37s (remain 5m 6s), Accuracy: 100.000(81.513), Loss: 0.084(0.471), LR: 0.000034
[GPU cuda:1][TRAIN] Epoch: [9][1450/2480], Elapsed 6m 51s (remain 4m 51s), Accuracy: 100.000(81.571), Loss: 0.198(0.470), LR: 0.000034
[GPU cuda:1][TRAIN] Epoch: [9][1500/2480], Elapsed 7m 5s (remain 4m 37s), Accuracy: 100.000(81.639), Loss: 0.050(0.468), LR: 0.000033
[GPU cuda:1][TRAIN] Epoch: [9][1550/2480], Elapsed 7m 20s (remain 4m 23s), Accuracy: 100.000(81.599), Loss: 0.218(0.471), LR: 0.000033
[GPU cuda:1][TRAIN] Epoch: [9][1600/2480], Elapsed 7m 34s (remain 4m 9s), Accuracy: 60.000(81.599), Loss: 0.679(0.470), LR: 0.000033
[GPU cuda:1][TRAIN] Epoch: [9][1650/2480], Elapsed 7m 48s (remain 3m 55s), Accuracy: 80.000(81.781), Loss: 0.470(0.466), LR: 0.000033
[GPU cuda:1][TRAIN] Epoch: [9][1700/2480], Elapsed 8m 2s (remain 3m 41s), Accuracy: 80.000(81.775), Loss: 0.400(0.469), LR: 0.000033
[GPU cuda:1][TRAIN] Epoch: [9][1750/2480], Elapsed 8m 16s (remain 3m 26s), Accuracy: 80.000(81.850), Loss: 0.462(0.466), LR: 0.000033
[GPU cuda:1][TRAIN] Epoch: [9][1800/2480], Elapsed 8m 31s (remain 3m 12s), Accuracy: 80.000(81.921), Loss: 0.256(0.464), LR: 0.000033
[GPU cuda:1][TRAIN] Epoch: [9][1850/2480], Elapsed 8m 45s (remain 2m 58s), Accuracy: 60.000(81.923), Loss: 0.620(0.464), LR: 0.000032
[GPU cuda:1][TRAIN] Epoch: [9][1900/2480], Elapsed 8m 59s (remain 2m 44s), Accuracy: 80.000(81.831), Loss: 0.438(0.465), LR: 0.000032
[GPU cuda:1][TRAIN] Epoch: [9][1950/2480], Elapsed 9m 13s (remain 2m 30s), Accuracy: 80.000(81.773), Loss: 0.528(0.466), LR: 0.000032
[GPU cuda:1][TRAIN] Epoch: [9][2000/2480], Elapsed 9m 28s (remain 2m 16s), Accuracy: 80.000(81.849), Loss: 0.351(0.464), LR: 0.000032
[GPU cuda:1][TRAIN] Epoch: [9][2050/2480], Elapsed 9m 42s (remain 2m 1s), Accuracy: 40.000(81.892), Loss: 1.076(0.463), LR: 0.000032
[GPU cuda:1][TRAIN] Epoch: [9][2100/2480], Elapsed 9m 56s (remain 1m 47s), Accuracy: 80.000(82.094), Loss: 0.205(0.458), LR: 0.000032
[GPU cuda:1][TRAIN] Epoch: [9][2150/2480], Elapsed 10m 10s (remain 1m 33s), Accuracy: 80.000(82.213), Loss: 0.229(0.455), LR: 0.000032
[GPU cuda:1][TRAIN] Epoch: [9][2200/2480], Elapsed 10m 25s (remain 1m 19s), Accuracy: 80.000(82.244), Loss: 0.455(0.454), LR: 0.000031
[GPU cuda:1][TRAIN] Epoch: [9][2250/2480], Elapsed 10m 39s (remain 1m 5s), Accuracy: 80.000(82.186), Loss: 0.592(0.454), LR: 0.000031
[GPU cuda:1][TRAIN] Epoch: [9][2300/2480], Elapsed 10m 53s (remain 0m 50s), Accuracy: 80.000(82.208), Loss: 0.350(0.453), LR: 0.000031
[GPU cuda:1][TRAIN] Epoch: [9][2350/2480], Elapsed 11m 8s (remain 0m 36s), Accuracy: 80.000(82.254), Loss: 0.620(0.453), LR: 0.000031
[GPU cuda:1][TRAIN] Epoch: [9][2400/2480], Elapsed 11m 22s (remain 0m 22s), Accuracy: 60.000(82.357), Loss: 1.147(0.451), LR: 0.000031
[GPU cuda:1][TRAIN] Epoch: [9][2450/2480], Elapsed 11m 36s (remain 0m 8s), Accuracy: 80.000(82.481), Loss: 0.361(0.448), LR: 0.000031
[GPU cuda:1][TRAIN] Epoch: [9][2479/2480], Elapsed 11m 44s (remain 0m 0s), Accuracy: 60.000(82.532), Loss: 1.134(0.446), LR: 0.000031
[GPU cuda:1][VALID][0/130], Elapsed 0m 1s (remain 2m 15s), Accuracy: 70.833(70.833), Batch Loss: 0.9527, Average Loss: 0.9527
[GPU cuda:1][VALID][50/130], Elapsed 0m 36s (remain 0m 57s), Accuracy: 66.667(72.549), Batch Loss: 0.7671, Average Loss: 0.8297
[GPU cuda:1][VALID][100/130], Elapsed 1m 13s (remain 0m 21s), Accuracy: 62.500(71.246), Batch Loss: 0.8645, Average Loss: 0.8467
[GPU cuda:1][VALID][129/130], Elapsed 1m 33s (remain 0m 0s), Accuracy: 75.000(71.346), Batch Loss: 0.4931, Average Loss: 0.8373
Valid Labels Samples: [2 0 1 4 1 0 3 1 4 3]
Valid Predictions Samples: [2, 0, 1, 3, 1, 1, 3, 1, 3, 0]
Epoch 9 - Train Average Loss: 82.532, Valid Average Loss: 71.346, Epoch Time: 800.866s
Epoch 9 - Accuracy: 0.713, Precision: 0.724, Recall: 0.713
