[GPU 1]: Config File
{'id': 9, 'model_name': 'swin_large_patch4_window12_384_in22k', 'dropout': 0.5, 'size': 384, 'batch_size_t': 5, 'batch_size_v': 32, 'n_targets': 5, 'criterion': 'CrossEntropyLoss', 'gradient_accumulation_steps': 1, 'max_gradient_norm': None, 'optimizer': 'AdamW', 'scheduler': 'CosineAnnealingWarmRestarts', 'LR': 3e-05, 'T_0': 200, 'T_max': 10, 'T_mult': 2, 'min_lr': 1e-06, 'max_lr': 0.0001, 'no_batches': 'NA', 'warmup_epochs': 1, 'cosine_epochs': 14, 'epochs': 15, 'update_per_batch': True, 'num_workers': 4, 'n_folds': 5, 'train_transforms': [HorizontalFlip(always_apply=False, p=0.5), VerticalFlip(always_apply=False, p=0.5), RandomRotate90(always_apply=False, p=0.5)], 'valid_transforms': [], 'observations': None, 'use_swa': True, 'swa_lr': 0.01, 'swa_epoch': 0, 'use_sam': True, 'use_asam': True, 'asam_rho': 0.1, 'print_freq': 50, 'one_fold': True, 'use_apex': True, 'distributed_training': False, 'save_to_log': True}
================================================== Training Fold: 0 ==================================================
[GPU cuda:1][TRAIN] Epoch: [1][0/2480], Elapsed 0m 0s (remain 21m 50s), Accuracy: 0.000(0.000), Loss: 1.750(1.750), LR: 0.000030
[GPU cuda:1][TRAIN] Epoch: [1][50/2480], Elapsed 0m 14s (remain 11m 36s), Accuracy: 40.000(15.294), Loss: 1.585(1.654), LR: 0.000026
[GPU cuda:1][TRAIN] Epoch: [1][100/2480], Elapsed 0m 28s (remain 11m 18s), Accuracy: 60.000(17.426), Loss: 1.542(1.636), LR: 0.000015
[GPU cuda:1][TRAIN] Epoch: [1][150/2480], Elapsed 0m 43s (remain 11m 3s), Accuracy: 20.000(18.543), Loss: 1.633(1.626), LR: 0.000005
[GPU cuda:1][TRAIN] Epoch: [1][200/2480], Elapsed 0m 57s (remain 10m 49s), Accuracy: 0.000(21.194), Loss: 1.640(1.620), LR: 0.000030
[GPU cuda:1][TRAIN] Epoch: [1][250/2480], Elapsed 1m 11s (remain 10m 34s), Accuracy: 20.000(22.390), Loss: 1.626(1.605), LR: 0.000029
[GPU cuda:1][TRAIN] Epoch: [1][300/2480], Elapsed 1m 25s (remain 10m 19s), Accuracy: 40.000(24.053), Loss: 1.545(1.579), LR: 0.000026
[GPU cuda:1][TRAIN] Epoch: [1][350/2480], Elapsed 1m 39s (remain 10m 5s), Accuracy: 40.000(25.299), Loss: 1.157(1.550), LR: 0.000021
[GPU cuda:1][TRAIN] Epoch: [1][400/2480], Elapsed 1m 53s (remain 9m 50s), Accuracy: 80.000(27.481), Loss: 0.858(1.516), LR: 0.000015
[GPU cuda:1][TRAIN] Epoch: [1][450/2480], Elapsed 2m 8s (remain 9m 36s), Accuracy: 40.000(29.978), Loss: 1.610(1.480), LR: 0.000010
[GPU cuda:1][TRAIN] Epoch: [1][500/2480], Elapsed 2m 22s (remain 9m 21s), Accuracy: 20.000(31.856), Loss: 1.417(1.445), LR: 0.000005
[GPU cuda:1][TRAIN] Epoch: [1][550/2480], Elapsed 2m 36s (remain 9m 7s), Accuracy: 100.000(33.975), Loss: 0.512(1.412), LR: 0.000002
[GPU cuda:1][TRAIN] Epoch: [1][600/2480], Elapsed 2m 50s (remain 8m 53s), Accuracy: 100.000(35.940), Loss: 0.393(1.379), LR: 0.000030
[GPU cuda:1][TRAIN] Epoch: [1][650/2480], Elapsed 3m 4s (remain 8m 39s), Accuracy: 60.000(36.959), Loss: 0.795(1.363), LR: 0.000030
[GPU cuda:1][TRAIN] Epoch: [1][700/2480], Elapsed 3m 18s (remain 8m 24s), Accuracy: 80.000(37.603), Loss: 0.977(1.355), LR: 0.000029
[GPU cuda:1][TRAIN] Epoch: [1][750/2480], Elapsed 3m 33s (remain 8m 10s), Accuracy: 40.000(38.455), Loss: 0.980(1.344), LR: 0.000028
[GPU cuda:1][TRAIN] Epoch: [1][800/2480], Elapsed 3m 47s (remain 7m 56s), Accuracy: 40.000(39.251), Loss: 1.233(1.326), LR: 0.000026
[GPU cuda:1][TRAIN] Epoch: [1][850/2480], Elapsed 4m 1s (remain 7m 42s), Accuracy: 40.000(40.376), Loss: 1.420(1.305), LR: 0.000024
[GPU cuda:1][TRAIN] Epoch: [1][900/2480], Elapsed 4m 15s (remain 7m 27s), Accuracy: 60.000(41.265), Loss: 1.067(1.289), LR: 0.000021
[GPU cuda:1][TRAIN] Epoch: [1][950/2480], Elapsed 4m 29s (remain 7m 13s), Accuracy: 40.000(41.935), Loss: 1.065(1.277), LR: 0.000018
[GPU cuda:1][TRAIN] Epoch: [1][1000/2480], Elapsed 4m 43s (remain 6m 59s), Accuracy: 60.000(42.478), Loss: 0.965(1.263), LR: 0.000015
[GPU cuda:1][TRAIN] Epoch: [1][1050/2480], Elapsed 4m 58s (remain 6m 45s), Accuracy: 20.000(43.368), Loss: 1.491(1.248), LR: 0.000013
[GPU cuda:1][TRAIN] Epoch: [1][1100/2480], Elapsed 5m 12s (remain 6m 31s), Accuracy: 60.000(44.251), Loss: 0.658(1.231), LR: 0.000010
[GPU cuda:1][TRAIN] Epoch: [1][1150/2480], Elapsed 5m 26s (remain 6m 16s), Accuracy: 60.000(45.004), Loss: 0.801(1.217), LR: 0.000007
[GPU cuda:1][TRAIN] Epoch: [1][1200/2480], Elapsed 5m 40s (remain 6m 2s), Accuracy: 80.000(46.012), Loss: 0.806(1.199), LR: 0.000005
[GPU cuda:1][TRAIN] Epoch: [1][1250/2480], Elapsed 5m 54s (remain 5m 48s), Accuracy: 40.000(46.539), Loss: 1.008(1.187), LR: 0.000003
[GPU cuda:1][TRAIN] Epoch: [1][1300/2480], Elapsed 6m 8s (remain 5m 34s), Accuracy: 60.000(47.425), Loss: 1.171(1.171), LR: 0.000002
[GPU cuda:1][TRAIN] Epoch: [1][1350/2480], Elapsed 6m 23s (remain 5m 20s), Accuracy: 100.000(48.127), Loss: 0.285(1.158), LR: 0.000001
[GPU cuda:1][TRAIN] Epoch: [1][1400/2480], Elapsed 6m 37s (remain 5m 5s), Accuracy: 80.000(48.794), Loss: 0.463(1.147), LR: 0.000030
[GPU cuda:1][TRAIN] Epoch: [1][1450/2480], Elapsed 6m 51s (remain 4m 51s), Accuracy: 80.000(49.207), Loss: 0.885(1.142), LR: 0.000030
[GPU cuda:1][TRAIN] Epoch: [1][1500/2480], Elapsed 7m 5s (remain 4m 37s), Accuracy: 80.000(49.314), Loss: 0.924(1.141), LR: 0.000030
[GPU cuda:1][TRAIN] Epoch: [1][1550/2480], Elapsed 7m 19s (remain 4m 23s), Accuracy: 80.000(49.529), Loss: 0.805(1.137), LR: 0.000029
[GPU cuda:1][TRAIN] Epoch: [1][1600/2480], Elapsed 7m 33s (remain 4m 9s), Accuracy: 80.000(49.819), Loss: 0.727(1.132), LR: 0.000029
[GPU cuda:1][TRAIN] Epoch: [1][1650/2480], Elapsed 7m 47s (remain 3m 54s), Accuracy: 80.000(50.042), Loss: 0.381(1.126), LR: 0.000028
[GPU cuda:1][TRAIN] Epoch: [1][1700/2480], Elapsed 8m 2s (remain 3m 40s), Accuracy: 40.000(50.182), Loss: 1.012(1.124), LR: 0.000028
[GPU cuda:1][TRAIN] Epoch: [1][1750/2480], Elapsed 8m 16s (remain 3m 26s), Accuracy: 40.000(50.405), Loss: 1.751(1.120), LR: 0.000027
[GPU cuda:1][TRAIN] Epoch: [1][1800/2480], Elapsed 8m 30s (remain 3m 12s), Accuracy: 40.000(50.539), Loss: 1.153(1.117), LR: 0.000026
[GPU cuda:1][TRAIN] Epoch: [1][1850/2480], Elapsed 8m 44s (remain 2m 58s), Accuracy: 20.000(50.686), Loss: 1.741(1.113), LR: 0.000025
[GPU cuda:1][TRAIN] Epoch: [1][1900/2480], Elapsed 8m 58s (remain 2m 44s), Accuracy: 60.000(51.026), Loss: 0.527(1.107), LR: 0.000024
[GPU cuda:1][TRAIN] Epoch: [1][1950/2480], Elapsed 9m 12s (remain 2m 29s), Accuracy: 80.000(51.061), Loss: 0.660(1.104), LR: 0.000022
[GPU cuda:1][TRAIN] Epoch: [1][2000/2480], Elapsed 9m 27s (remain 2m 15s), Accuracy: 20.000(51.334), Loss: 1.358(1.098), LR: 0.000021
[GPU cuda:1][TRAIN] Epoch: [1][2050/2480], Elapsed 9m 41s (remain 2m 1s), Accuracy: 20.000(51.360), Loss: 1.360(1.097), LR: 0.000020
[GPU cuda:1][TRAIN] Epoch: [1][2100/2480], Elapsed 9m 55s (remain 1m 47s), Accuracy: 60.000(51.823), Loss: 1.039(1.090), LR: 0.000018
[GPU cuda:1][TRAIN] Epoch: [1][2150/2480], Elapsed 10m 9s (remain 1m 33s), Accuracy: 40.000(52.162), Loss: 1.049(1.083), LR: 0.000017
[GPU cuda:1][TRAIN] Epoch: [1][2200/2480], Elapsed 10m 23s (remain 1m 19s), Accuracy: 40.000(52.494), Loss: 0.849(1.078), LR: 0.000015
[GPU cuda:1][TRAIN] Epoch: [1][2250/2480], Elapsed 10m 37s (remain 1m 4s), Accuracy: 40.000(52.643), Loss: 1.024(1.074), LR: 0.000014
[GPU cuda:1][TRAIN] Epoch: [1][2300/2480], Elapsed 10m 51s (remain 0m 50s), Accuracy: 60.000(52.890), Loss: 0.651(1.069), LR: 0.000013
[GPU cuda:1][TRAIN] Epoch: [1][2350/2480], Elapsed 11m 6s (remain 0m 36s), Accuracy: 80.000(53.135), Loss: 0.755(1.065), LR: 0.000011
[GPU cuda:1][TRAIN] Epoch: [1][2400/2480], Elapsed 11m 20s (remain 0m 22s), Accuracy: 60.000(53.453), Loss: 1.119(1.059), LR: 0.000010
[GPU cuda:1][TRAIN] Epoch: [1][2450/2480], Elapsed 11m 34s (remain 0m 8s), Accuracy: 80.000(53.766), Loss: 0.602(1.053), LR: 0.000009
[GPU cuda:1][TRAIN] Epoch: [1][2479/2480], Elapsed 11m 42s (remain 0m 0s), Accuracy: 40.000(53.895), Loss: 1.508(1.050), LR: 0.000008
[GPU cuda:1][VALID][0/97], Elapsed 0m 1s (remain 2m 12s), Accuracy: 78.125(78.125), Batch Loss: 0.5950, Average Loss: 0.5950
[GPU cuda:1][VALID][50/97], Elapsed 0m 48s (remain 0m 43s), Accuracy: 68.750(68.382), Batch Loss: 0.6014, Average Loss: 0.7348
[GPU cuda:1][VALID][96/97], Elapsed 1m 32s (remain 0m 0s), Accuracy: 71.429(68.681), Batch Loss: 0.5809, Average Loss: 0.7437
Valid Labels Samples: [2 0 1 4 1 0 3 1 4 3]
Valid Predictions Samples: [2, 0, 1, 4, 1, 0, 4, 1, 3, 0]
Epoch 1 - Train Average Loss: 53.895, Valid Average Loss: 68.681, Epoch Time: 796.637s
Epoch 1 - Accuracy: 0.687, Precision: 0.696, Recall: 0.687
Saved Best Model: 0.69
[GPU cuda:1][TRAIN] Epoch: [2][0/2480], Elapsed 0m 0s (remain 26m 5s), Accuracy: 80.000(80.000), Loss: 1.158(1.158), LR: 0.000008
[GPU cuda:1][TRAIN] Epoch: [2][50/2480], Elapsed 0m 15s (remain 11m 55s), Accuracy: 60.000(72.549), Loss: 0.972(0.667), LR: 0.000007
[GPU cuda:1][TRAIN] Epoch: [2][100/2480], Elapsed 0m 29s (remain 11m 28s), Accuracy: 80.000(69.505), Loss: 0.675(0.740), LR: 0.000006
[GPU cuda:1][TRAIN] Epoch: [2][150/2480], Elapsed 0m 43s (remain 11m 9s), Accuracy: 20.000(68.344), Loss: 1.145(0.747), LR: 0.000005
[GPU cuda:1][TRAIN] Epoch: [2][200/2480], Elapsed 0m 57s (remain 10m 53s), Accuracy: 60.000(67.960), Loss: 0.821(0.765), LR: 0.000004
[GPU cuda:1][TRAIN] Epoch: [2][250/2480], Elapsed 1m 11s (remain 10m 37s), Accuracy: 100.000(68.765), Loss: 0.280(0.756), LR: 0.000003
[GPU cuda:1][TRAIN] Epoch: [2][300/2480], Elapsed 1m 25s (remain 10m 22s), Accuracy: 20.000(68.837), Loss: 1.297(0.752), LR: 0.000002
[GPU cuda:1][TRAIN] Epoch: [2][350/2480], Elapsed 1m 40s (remain 10m 7s), Accuracy: 80.000(68.319), Loss: 0.668(0.759), LR: 0.000002
[GPU cuda:1][TRAIN] Epoch: [2][400/2480], Elapsed 1m 54s (remain 9m 52s), Accuracy: 80.000(68.379), Loss: 0.638(0.753), LR: 0.000001
[GPU cuda:1][TRAIN] Epoch: [2][450/2480], Elapsed 2m 8s (remain 9m 37s), Accuracy: 80.000(68.914), Loss: 0.604(0.752), LR: 0.000001
[GPU cuda:1][TRAIN] Epoch: [2][500/2480], Elapsed 2m 22s (remain 9m 23s), Accuracy: 40.000(69.062), Loss: 0.953(0.741), LR: 0.000001
[GPU cuda:1][TRAIN] Epoch: [2][550/2480], Elapsed 2m 36s (remain 9m 9s), Accuracy: 60.000(68.784), Loss: 0.617(0.753), LR: 0.000030
[GPU cuda:1][TRAIN] Epoch: [2][600/2480], Elapsed 2m 51s (remain 8m 54s), Accuracy: 100.000(68.253), Loss: 0.125(0.767), LR: 0.000030
[GPU cuda:1][TRAIN] Epoch: [2][650/2480], Elapsed 3m 5s (remain 8m 40s), Accuracy: 100.000(68.233), Loss: 0.135(0.773), LR: 0.000030
[GPU cuda:1][TRAIN] Epoch: [2][700/2480], Elapsed 3m 19s (remain 8m 26s), Accuracy: 100.000(67.646), Loss: 0.615(0.785), LR: 0.000030
[GPU cuda:1][TRAIN] Epoch: [2][750/2480], Elapsed 3m 33s (remain 8m 11s), Accuracy: 80.000(67.190), Loss: 0.467(0.795), LR: 0.000030
[GPU cuda:1][TRAIN] Epoch: [2][800/2480], Elapsed 3m 47s (remain 7m 57s), Accuracy: 80.000(67.416), Loss: 0.742(0.795), LR: 0.000029
[GPU cuda:1][TRAIN] Epoch: [2][850/2480], Elapsed 4m 2s (remain 7m 43s), Accuracy: 60.000(66.910), Loss: 1.006(0.801), LR: 0.000029
[GPU cuda:1][TRAIN] Epoch: [2][900/2480], Elapsed 4m 16s (remain 7m 29s), Accuracy: 60.000(66.881), Loss: 1.066(0.802), LR: 0.000029
[GPU cuda:1][TRAIN] Epoch: [2][950/2480], Elapsed 4m 30s (remain 7m 14s), Accuracy: 60.000(66.498), Loss: 0.981(0.807), LR: 0.000029
[GPU cuda:1][TRAIN] Epoch: [2][1000/2480], Elapsed 4m 44s (remain 7m 0s), Accuracy: 80.000(66.254), Loss: 0.849(0.808), LR: 0.000028
[GPU cuda:1][TRAIN] Epoch: [2][1050/2480], Elapsed 4m 58s (remain 6m 46s), Accuracy: 40.000(66.070), Loss: 1.580(0.810), LR: 0.000028
[GPU cuda:1][TRAIN] Epoch: [2][1100/2480], Elapsed 5m 13s (remain 6m 32s), Accuracy: 80.000(66.176), Loss: 0.420(0.806), LR: 0.000028
[GPU cuda:1][TRAIN] Epoch: [2][1150/2480], Elapsed 5m 27s (remain 6m 17s), Accuracy: 40.000(65.908), Loss: 1.319(0.809), LR: 0.000027
[GPU cuda:1][TRAIN] Epoch: [2][1200/2480], Elapsed 5m 41s (remain 6m 3s), Accuracy: 60.000(65.978), Loss: 0.828(0.806), LR: 0.000027
[GPU cuda:1][TRAIN] Epoch: [2][1250/2480], Elapsed 5m 55s (remain 5m 49s), Accuracy: 40.000(65.835), Loss: 1.047(0.810), LR: 0.000026
[GPU cuda:1][TRAIN] Epoch: [2][1300/2480], Elapsed 6m 10s (remain 5m 35s), Accuracy: 60.000(65.934), Loss: 0.891(0.808), LR: 0.000026
[GPU cuda:1][TRAIN] Epoch: [2][1350/2480], Elapsed 6m 24s (remain 5m 21s), Accuracy: 100.000(65.936), Loss: 0.267(0.809), LR: 0.000025
[GPU cuda:1][TRAIN] Epoch: [2][1400/2480], Elapsed 6m 38s (remain 5m 6s), Accuracy: 80.000(65.824), Loss: 0.439(0.812), LR: 0.000025
[GPU cuda:1][TRAIN] Epoch: [2][1450/2480], Elapsed 6m 52s (remain 4m 52s), Accuracy: 80.000(65.941), Loss: 0.631(0.810), LR: 0.000024
[GPU cuda:1][TRAIN] Epoch: [2][1500/2480], Elapsed 7m 6s (remain 4m 38s), Accuracy: 100.000(65.849), Loss: 0.198(0.810), LR: 0.000024
[GPU cuda:1][TRAIN] Epoch: [2][1550/2480], Elapsed 7m 21s (remain 4m 24s), Accuracy: 60.000(65.738), Loss: 0.707(0.811), LR: 0.000023
[GPU cuda:1][TRAIN] Epoch: [2][1600/2480], Elapsed 7m 35s (remain 4m 9s), Accuracy: 100.000(65.884), Loss: 0.365(0.808), LR: 0.000023
[GPU cuda:1][TRAIN] Epoch: [2][1650/2480], Elapsed 7m 49s (remain 3m 55s), Accuracy: 80.000(66.118), Loss: 0.283(0.803), LR: 0.000022
[GPU cuda:1][TRAIN] Epoch: [2][1700/2480], Elapsed 8m 3s (remain 3m 41s), Accuracy: 40.000(65.985), Loss: 0.993(0.805), LR: 0.000021
[GPU cuda:1][TRAIN] Epoch: [2][1750/2480], Elapsed 8m 17s (remain 3m 27s), Accuracy: 20.000(66.168), Loss: 1.853(0.804), LR: 0.000021
[GPU cuda:1][TRAIN] Epoch: [2][1800/2480], Elapsed 8m 32s (remain 3m 13s), Accuracy: 60.000(66.208), Loss: 0.708(0.804), LR: 0.000020
[GPU cuda:1][TRAIN] Epoch: [2][1850/2480], Elapsed 8m 46s (remain 2m 58s), Accuracy: 60.000(66.137), Loss: 1.234(0.804), LR: 0.000019
[GPU cuda:1][TRAIN] Epoch: [2][1900/2480], Elapsed 9m 0s (remain 2m 44s), Accuracy: 80.000(66.334), Loss: 0.405(0.801), LR: 0.000019
[GPU cuda:1][TRAIN] Epoch: [2][1950/2480], Elapsed 9m 14s (remain 2m 30s), Accuracy: 80.000(66.222), Loss: 0.635(0.802), LR: 0.000018
[GPU cuda:1][TRAIN] Epoch: [2][2000/2480], Elapsed 9m 29s (remain 2m 16s), Accuracy: 40.000(66.277), Loss: 1.083(0.801), LR: 0.000017
[GPU cuda:1][TRAIN] Epoch: [2][2050/2480], Elapsed 9m 43s (remain 2m 2s), Accuracy: 40.000(66.212), Loss: 1.025(0.801), LR: 0.000016
[GPU cuda:1][TRAIN] Epoch: [2][2100/2480], Elapsed 9m 57s (remain 1m 47s), Accuracy: 80.000(66.454), Loss: 0.489(0.795), LR: 0.000016
[GPU cuda:1][TRAIN] Epoch: [2][2150/2480], Elapsed 10m 11s (remain 1m 33s), Accuracy: 60.000(66.629), Loss: 0.947(0.792), LR: 0.000015
[GPU cuda:1][TRAIN] Epoch: [2][2200/2480], Elapsed 10m 26s (remain 1m 19s), Accuracy: 60.000(66.715), Loss: 0.713(0.790), LR: 0.000014
[GPU cuda:1][TRAIN] Epoch: [2][2250/2480], Elapsed 10m 40s (remain 1m 5s), Accuracy: 40.000(66.664), Loss: 0.777(0.790), LR: 0.000014
[GPU cuda:1][TRAIN] Epoch: [2][2300/2480], Elapsed 10m 54s (remain 0m 50s), Accuracy: 80.000(66.754), Loss: 0.455(0.788), LR: 0.000013
[GPU cuda:1][TRAIN] Epoch: [2][2350/2480], Elapsed 11m 8s (remain 0m 36s), Accuracy: 80.000(66.874), Loss: 0.565(0.788), LR: 0.000012
[GPU cuda:1][TRAIN] Epoch: [2][2400/2480], Elapsed 11m 23s (remain 0m 22s), Accuracy: 60.000(67.030), Loss: 0.935(0.786), LR: 0.000012
[GPU cuda:1][TRAIN] Epoch: [2][2450/2480], Elapsed 11m 37s (remain 0m 8s), Accuracy: 80.000(67.173), Loss: 0.534(0.783), LR: 0.000011
[GPU cuda:1][TRAIN] Epoch: [2][2479/2480], Elapsed 11m 45s (remain 0m 0s), Accuracy: 40.000(67.202), Loss: 2.504(0.783), LR: 0.000010
[GPU cuda:1][VALID][0/97], Elapsed 0m 1s (remain 2m 19s), Accuracy: 75.000(75.000), Batch Loss: 0.6680, Average Loss: 0.6680
[GPU cuda:1][VALID][50/97], Elapsed 0m 48s (remain 0m 44s), Accuracy: 78.125(72.978), Batch Loss: 0.5428, Average Loss: 0.6531
[GPU cuda:1][VALID][96/97], Elapsed 1m 33s (remain 0m 0s), Accuracy: 75.000(72.680), Batch Loss: 0.4965, Average Loss: 0.6748
Valid Labels Samples: [2 0 1 4 1 0 3 1 4 3]
Valid Predictions Samples: [2, 0, 1, 4, 1, 0, 3, 1, 3, 0]
Epoch 2 - Train Average Loss: 67.202, Valid Average Loss: 72.680, Epoch Time: 800.773s
Epoch 2 - Accuracy: 0.727, Precision: 0.735, Recall: 0.727
Saved Best Model: 0.73
[GPU cuda:1][TRAIN] Epoch: [3][0/2480], Elapsed 0m 0s (remain 25m 54s), Accuracy: 80.000(80.000), Loss: 0.907(0.907), LR: 0.000010
[GPU cuda:1][TRAIN] Epoch: [3][50/2480], Elapsed 0m 15s (remain 11m 58s), Accuracy: 60.000(71.765), Loss: 0.852(0.631), LR: 0.000010
[GPU cuda:1][TRAIN] Epoch: [3][100/2480], Elapsed 0m 29s (remain 11m 32s), Accuracy: 80.000(70.693), Loss: 0.542(0.687), LR: 0.000009
[GPU cuda:1][TRAIN] Epoch: [3][150/2480], Elapsed 0m 43s (remain 11m 13s), Accuracy: 60.000(69.536), Loss: 0.832(0.698), LR: 0.000009
[GPU cuda:1][TRAIN] Epoch: [3][200/2480], Elapsed 0m 57s (remain 10m 56s), Accuracy: 80.000(69.453), Loss: 0.565(0.712), LR: 0.000008
[GPU cuda:1][TRAIN] Epoch: [3][250/2480], Elapsed 1m 12s (remain 10m 40s), Accuracy: 100.000(69.721), Loss: 0.175(0.709), LR: 0.000007
[GPU cuda:1][TRAIN] Epoch: [3][300/2480], Elapsed 1m 26s (remain 10m 25s), Accuracy: 20.000(69.767), Loss: 1.374(0.709), LR: 0.000007
[GPU cuda:1][TRAIN] Epoch: [3][350/2480], Elapsed 1m 40s (remain 10m 10s), Accuracy: 80.000(69.231), Loss: 0.694(0.716), LR: 0.000006
[GPU cuda:1][TRAIN] Epoch: [3][400/2480], Elapsed 1m 54s (remain 9m 55s), Accuracy: 60.000(69.426), Loss: 0.706(0.710), LR: 0.000006
[GPU cuda:1][TRAIN] Epoch: [3][450/2480], Elapsed 2m 9s (remain 9m 40s), Accuracy: 80.000(69.978), Loss: 0.489(0.707), LR: 0.000005
[GPU cuda:1][TRAIN] Epoch: [3][500/2480], Elapsed 2m 23s (remain 9m 26s), Accuracy: 40.000(70.379), Loss: 0.922(0.700), LR: 0.000005
[GPU cuda:1][TRAIN] Epoch: [3][550/2480], Elapsed 2m 37s (remain 9m 11s), Accuracy: 100.000(70.672), Loss: 0.118(0.700), LR: 0.000004
[GPU cuda:1][TRAIN] Epoch: [3][600/2480], Elapsed 2m 51s (remain 8m 57s), Accuracy: 100.000(70.782), Loss: 0.057(0.700), LR: 0.000004
[GPU cuda:1][TRAIN] Epoch: [3][650/2480], Elapsed 3m 6s (remain 8m 42s), Accuracy: 100.000(70.691), Loss: 0.043(0.699), LR: 0.000003
[GPU cuda:1][TRAIN] Epoch: [3][700/2480], Elapsed 3m 20s (remain 8m 28s), Accuracy: 100.000(70.756), Loss: 0.317(0.700), LR: 0.000003
[GPU cuda:1][TRAIN] Epoch: [3][750/2480], Elapsed 3m 34s (remain 8m 13s), Accuracy: 100.000(70.866), Loss: 0.191(0.697), LR: 0.000003
[GPU cuda:1][TRAIN] Epoch: [3][800/2480], Elapsed 3m 48s (remain 7m 59s), Accuracy: 100.000(71.511), Loss: 0.322(0.689), LR: 0.000002
[GPU cuda:1][TRAIN] Epoch: [3][850/2480], Elapsed 4m 2s (remain 7m 45s), Accuracy: 60.000(71.868), Loss: 0.828(0.681), LR: 0.000002
[GPU cuda:1][TRAIN] Epoch: [3][900/2480], Elapsed 4m 17s (remain 7m 30s), Accuracy: 80.000(72.209), Loss: 0.624(0.676), LR: 0.000002
[GPU cuda:1][TRAIN] Epoch: [3][950/2480], Elapsed 4m 31s (remain 7m 16s), Accuracy: 60.000(72.492), Loss: 0.878(0.670), LR: 0.000002
[GPU cuda:1][TRAIN] Epoch: [3][1000/2480], Elapsed 4m 45s (remain 7m 2s), Accuracy: 80.000(72.567), Loss: 0.754(0.668), LR: 0.000001
[GPU cuda:1][TRAIN] Epoch: [3][1050/2480], Elapsed 4m 59s (remain 6m 47s), Accuracy: 60.000(72.807), Loss: 0.657(0.665), LR: 0.000001
[GPU cuda:1][TRAIN] Epoch: [3][1100/2480], Elapsed 5m 14s (remain 6m 33s), Accuracy: 80.000(73.043), Loss: 0.355(0.659), LR: 0.000001
[GPU cuda:1][TRAIN] Epoch: [3][1150/2480], Elapsed 5m 28s (remain 6m 19s), Accuracy: 80.000(73.102), Loss: 0.660(0.657), LR: 0.000001
[GPU cuda:1][TRAIN] Epoch: [3][1200/2480], Elapsed 5m 42s (remain 6m 4s), Accuracy: 100.000(73.455), Loss: 0.395(0.651), LR: 0.000001
[GPU cuda:1][TRAIN] Epoch: [3][1250/2480], Elapsed 5m 56s (remain 5m 50s), Accuracy: 40.000(73.205), Loss: 1.032(0.652), LR: 0.000030
[GPU cuda:1][TRAIN] Epoch: [3][1300/2480], Elapsed 6m 10s (remain 5m 36s), Accuracy: 60.000(73.144), Loss: 1.610(0.653), LR: 0.000030
[GPU cuda:1][TRAIN] Epoch: [3][1350/2480], Elapsed 6m 25s (remain 5m 21s), Accuracy: 80.000(73.027), Loss: 0.539(0.656), LR: 0.000030
[GPU cuda:1][TRAIN] Epoch: [3][1400/2480], Elapsed 6m 39s (remain 5m 7s), Accuracy: 100.000(72.834), Loss: 0.393(0.663), LR: 0.000030
[GPU cuda:1][TRAIN] Epoch: [3][1450/2480], Elapsed 6m 53s (remain 4m 53s), Accuracy: 80.000(72.791), Loss: 0.558(0.666), LR: 0.000030
[GPU cuda:1][TRAIN] Epoch: [3][1500/2480], Elapsed 7m 7s (remain 4m 38s), Accuracy: 80.000(72.578), Loss: 0.348(0.669), LR: 0.000030
[GPU cuda:1][TRAIN] Epoch: [3][1550/2480], Elapsed 7m 21s (remain 4m 24s), Accuracy: 100.000(72.508), Loss: 0.410(0.670), LR: 0.000030
[GPU cuda:1][TRAIN] Epoch: [3][1600/2480], Elapsed 7m 36s (remain 4m 10s), Accuracy: 100.000(72.380), Loss: 0.260(0.672), LR: 0.000030
[GPU cuda:1][TRAIN] Epoch: [3][1650/2480], Elapsed 7m 50s (remain 3m 56s), Accuracy: 100.000(72.502), Loss: 0.251(0.670), LR: 0.000030
[GPU cuda:1][TRAIN] Epoch: [3][1700/2480], Elapsed 8m 4s (remain 3m 41s), Accuracy: 80.000(72.310), Loss: 0.587(0.676), LR: 0.000030
[GPU cuda:1][TRAIN] Epoch: [3][1750/2480], Elapsed 8m 18s (remain 3m 27s), Accuracy: 80.000(72.347), Loss: 0.728(0.677), LR: 0.000030
[GPU cuda:1][TRAIN] Epoch: [3][1800/2480], Elapsed 8m 32s (remain 3m 13s), Accuracy: 80.000(72.282), Loss: 0.517(0.677), LR: 0.000029
[GPU cuda:1][TRAIN] Epoch: [3][1850/2480], Elapsed 8m 46s (remain 2m 59s), Accuracy: 80.000(72.134), Loss: 0.806(0.679), LR: 0.000029
[GPU cuda:1][TRAIN] Epoch: [3][1900/2480], Elapsed 9m 1s (remain 2m 44s), Accuracy: 60.000(72.078), Loss: 0.633(0.679), LR: 0.000029
[GPU cuda:1][TRAIN] Epoch: [3][1950/2480], Elapsed 9m 15s (remain 2m 30s), Accuracy: 40.000(71.830), Loss: 0.904(0.684), LR: 0.000029
[GPU cuda:1][TRAIN] Epoch: [3][2000/2480], Elapsed 9m 29s (remain 2m 16s), Accuracy: 60.000(71.844), Loss: 0.902(0.683), LR: 0.000029
[GPU cuda:1][TRAIN] Epoch: [3][2050/2480], Elapsed 9m 43s (remain 2m 2s), Accuracy: 60.000(71.614), Loss: 1.106(0.688), LR: 0.000029
[GPU cuda:1][TRAIN] Epoch: [3][2100/2480], Elapsed 9m 57s (remain 1m 47s), Accuracy: 100.000(71.747), Loss: 0.260(0.686), LR: 0.000029
[GPU cuda:1][TRAIN] Epoch: [3][2150/2480], Elapsed 10m 12s (remain 1m 33s), Accuracy: 60.000(71.734), Loss: 0.731(0.686), LR: 0.000029
[GPU cuda:1][TRAIN] Epoch: [3][2200/2480], Elapsed 10m 26s (remain 1m 19s), Accuracy: 40.000(71.677), Loss: 0.830(0.687), LR: 0.000028
[GPU cuda:1][TRAIN] Epoch: [3][2250/2480], Elapsed 10m 40s (remain 1m 5s), Accuracy: 60.000(71.577), Loss: 1.105(0.690), LR: 0.000028
[GPU cuda:1][TRAIN] Epoch: [3][2300/2480], Elapsed 10m 54s (remain 0m 50s), Accuracy: 80.000(71.508), Loss: 0.535(0.691), LR: 0.000028
[GPU cuda:1][TRAIN] Epoch: [3][2350/2480], Elapsed 11m 8s (remain 0m 36s), Accuracy: 80.000(71.476), Loss: 0.585(0.693), LR: 0.000028
[GPU cuda:1][TRAIN] Epoch: [3][2400/2480], Elapsed 11m 22s (remain 0m 22s), Accuracy: 60.000(71.579), Loss: 0.885(0.692), LR: 0.000028
[GPU cuda:1][TRAIN] Epoch: [3][2450/2480], Elapsed 11m 36s (remain 0m 8s), Accuracy: 80.000(71.579), Loss: 0.409(0.692), LR: 0.000028
[GPU cuda:1][TRAIN] Epoch: [3][2479/2480], Elapsed 11m 45s (remain 0m 0s), Accuracy: 60.000(71.532), Loss: 1.634(0.693), LR: 0.000027
[GPU cuda:1][VALID][0/97], Elapsed 0m 1s (remain 2m 10s), Accuracy: 65.625(65.625), Batch Loss: 0.9854, Average Loss: 0.9854
[GPU cuda:1][VALID][50/97], Elapsed 0m 48s (remain 0m 43s), Accuracy: 56.250(68.137), Batch Loss: 0.9772, Average Loss: 0.7827
[GPU cuda:1][VALID][96/97], Elapsed 1m 32s (remain 0m 0s), Accuracy: 67.857(68.451), Batch Loss: 0.5910, Average Loss: 0.7900
Valid Labels Samples: [2 0 1 4 1 0 3 1 4 3]
Valid Predictions Samples: [2, 0, 1, 3, 1, 0, 4, 1, 3, 0]
Epoch 3 - Train Average Loss: 71.532, Valid Average Loss: 68.451, Epoch Time: 799.520s
Epoch 3 - Accuracy: 0.685, Precision: 0.695, Recall: 0.685
[GPU cuda:1][TRAIN] Epoch: [4][0/2480], Elapsed 0m 0s (remain 26m 43s), Accuracy: 80.000(80.000), Loss: 0.849(0.849), LR: 0.000027
[GPU cuda:1][TRAIN] Epoch: [4][50/2480], Elapsed 0m 14s (remain 11m 52s), Accuracy: 60.000(69.804), Loss: 0.799(0.683), LR: 0.000027
[GPU cuda:1][TRAIN] Epoch: [4][100/2480], Elapsed 0m 29s (remain 11m 27s), Accuracy: 60.000(70.297), Loss: 0.872(0.704), LR: 0.000027
[GPU cuda:1][TRAIN] Epoch: [4][150/2480], Elapsed 0m 43s (remain 11m 9s), Accuracy: 60.000(70.199), Loss: 0.797(0.711), LR: 0.000027
[GPU cuda:1][TRAIN] Epoch: [4][200/2480], Elapsed 0m 57s (remain 10m 52s), Accuracy: 100.000(69.652), Loss: 0.512(0.737), LR: 0.000027
[GPU cuda:1][TRAIN] Epoch: [4][250/2480], Elapsed 1m 11s (remain 10m 37s), Accuracy: 80.000(69.641), Loss: 0.300(0.742), LR: 0.000026
[GPU cuda:1][TRAIN] Epoch: [4][300/2480], Elapsed 1m 25s (remain 10m 22s), Accuracy: 20.000(69.169), Loss: 1.403(0.752), LR: 0.000026
[GPU cuda:1][TRAIN] Epoch: [4][350/2480], Elapsed 1m 40s (remain 10m 7s), Accuracy: 100.000(68.832), Loss: 0.494(0.760), LR: 0.000026
[GPU cuda:1][TRAIN] Epoch: [4][400/2480], Elapsed 1m 54s (remain 9m 52s), Accuracy: 60.000(68.978), Loss: 0.692(0.758), LR: 0.000026
[GPU cuda:1][TRAIN] Epoch: [4][450/2480], Elapsed 2m 8s (remain 9m 38s), Accuracy: 80.000(68.780), Loss: 0.608(0.768), LR: 0.000025
[GPU cuda:1][TRAIN] Epoch: [4][500/2480], Elapsed 2m 22s (remain 9m 23s), Accuracy: 40.000(68.782), Loss: 1.166(0.762), LR: 0.000025
[GPU cuda:1][TRAIN] Epoch: [4][550/2480], Elapsed 2m 36s (remain 9m 9s), Accuracy: 100.000(68.893), Loss: 0.168(0.766), LR: 0.000025
[GPU cuda:1][TRAIN] Epoch: [4][600/2480], Elapsed 2m 51s (remain 8m 55s), Accuracy: 100.000(68.785), Loss: 0.110(0.768), LR: 0.000024
[GPU cuda:1][TRAIN] Epoch: [4][650/2480], Elapsed 3m 5s (remain 8m 40s), Accuracy: 100.000(68.909), Loss: 0.060(0.765), LR: 0.000024
[GPU cuda:1][TRAIN] Epoch: [4][700/2480], Elapsed 3m 19s (remain 8m 26s), Accuracy: 80.000(68.531), Loss: 0.539(0.767), LR: 0.000024
[GPU cuda:1][TRAIN] Epoch: [4][750/2480], Elapsed 3m 33s (remain 8m 12s), Accuracy: 100.000(68.522), Loss: 0.395(0.767), LR: 0.000024
[GPU cuda:1][TRAIN] Epoch: [4][800/2480], Elapsed 3m 48s (remain 7m 57s), Accuracy: 100.000(68.889), Loss: 0.332(0.762), LR: 0.000023
[GPU cuda:1][TRAIN] Epoch: [4][850/2480], Elapsed 4m 2s (remain 7m 43s), Accuracy: 20.000(68.884), Loss: 1.185(0.760), LR: 0.000023
[GPU cuda:1][TRAIN] Epoch: [4][900/2480], Elapsed 4m 16s (remain 7m 29s), Accuracy: 60.000(68.968), Loss: 0.806(0.758), LR: 0.000023
[GPU cuda:1][TRAIN] Epoch: [4][950/2480], Elapsed 4m 30s (remain 7m 15s), Accuracy: 60.000(69.127), Loss: 1.156(0.753), LR: 0.000022
[GPU cuda:1][TRAIN] Epoch: [4][1000/2480], Elapsed 4m 44s (remain 7m 0s), Accuracy: 80.000(69.071), Loss: 0.808(0.753), LR: 0.000022
[GPU cuda:1][TRAIN] Epoch: [4][1050/2480], Elapsed 4m 59s (remain 6m 46s), Accuracy: 80.000(69.343), Loss: 0.742(0.749), LR: 0.000022
[GPU cuda:1][TRAIN] Epoch: [4][1100/2480], Elapsed 5m 13s (remain 6m 32s), Accuracy: 80.000(69.482), Loss: 0.386(0.743), LR: 0.000021
[GPU cuda:1][TRAIN] Epoch: [4][1150/2480], Elapsed 5m 27s (remain 6m 18s), Accuracy: 60.000(69.366), Loss: 0.904(0.744), LR: 0.000021
[GPU cuda:1][TRAIN] Epoch: [4][1200/2480], Elapsed 5m 41s (remain 6m 4s), Accuracy: 100.000(69.709), Loss: 0.475(0.737), LR: 0.000021
[GPU cuda:1][TRAIN] Epoch: [4][1250/2480], Elapsed 5m 56s (remain 5m 49s), Accuracy: 40.000(69.720), Loss: 1.067(0.737), LR: 0.000020
[GPU cuda:1][TRAIN] Epoch: [4][1300/2480], Elapsed 6m 10s (remain 5m 35s), Accuracy: 80.000(69.931), Loss: 0.666(0.731), LR: 0.000020
[GPU cuda:1][TRAIN] Epoch: [4][1350/2480], Elapsed 6m 24s (remain 5m 21s), Accuracy: 80.000(70.185), Loss: 0.227(0.727), LR: 0.000020
[GPU cuda:1][TRAIN] Epoch: [4][1400/2480], Elapsed 6m 38s (remain 5m 7s), Accuracy: 80.000(70.136), Loss: 0.608(0.728), LR: 0.000019
[GPU cuda:1][TRAIN] Epoch: [4][1450/2480], Elapsed 6m 52s (remain 4m 52s), Accuracy: 80.000(70.420), Loss: 0.557(0.723), LR: 0.000019
[GPU cuda:1][TRAIN] Epoch: [4][1500/2480], Elapsed 7m 7s (remain 4m 38s), Accuracy: 100.000(70.446), Loss: 0.159(0.721), LR: 0.000019
[GPU cuda:1][TRAIN] Epoch: [4][1550/2480], Elapsed 7m 21s (remain 4m 24s), Accuracy: 100.000(70.509), Loss: 0.315(0.718), LR: 0.000018
[GPU cuda:1][TRAIN] Epoch: [4][1600/2480], Elapsed 7m 35s (remain 4m 10s), Accuracy: 100.000(70.668), Loss: 0.221(0.715), LR: 0.000018
[GPU cuda:1][TRAIN] Epoch: [4][1650/2480], Elapsed 7m 50s (remain 3m 55s), Accuracy: 100.000(71.012), Loss: 0.183(0.708), LR: 0.000018
[GPU cuda:1][TRAIN] Epoch: [4][1700/2480], Elapsed 8m 4s (remain 3m 41s), Accuracy: 60.000(71.005), Loss: 0.602(0.708), LR: 0.000017
[GPU cuda:1][TRAIN] Epoch: [4][1750/2480], Elapsed 8m 18s (remain 3m 27s), Accuracy: 80.000(71.159), Loss: 0.429(0.705), LR: 0.000017
[GPU cuda:1][TRAIN] Epoch: [4][1800/2480], Elapsed 8m 32s (remain 3m 13s), Accuracy: 60.000(71.316), Loss: 0.666(0.700), LR: 0.000017
[GPU cuda:1][TRAIN] Epoch: [4][1850/2480], Elapsed 8m 47s (remain 2m 59s), Accuracy: 60.000(71.183), Loss: 0.660(0.701), LR: 0.000016
[GPU cuda:1][TRAIN] Epoch: [4][1900/2480], Elapsed 9m 1s (remain 2m 44s), Accuracy: 60.000(71.289), Loss: 0.943(0.698), LR: 0.000016
[GPU cuda:1][TRAIN] Epoch: [4][1950/2480], Elapsed 9m 15s (remain 2m 30s), Accuracy: 80.000(71.256), Loss: 0.570(0.698), LR: 0.000016
[GPU cuda:1][TRAIN] Epoch: [4][2000/2480], Elapsed 9m 30s (remain 2m 16s), Accuracy: 60.000(71.334), Loss: 0.772(0.695), LR: 0.000015
[GPU cuda:1][TRAIN] Epoch: [4][2050/2480], Elapsed 9m 44s (remain 2m 2s), Accuracy: 20.000(71.321), Loss: 1.083(0.695), LR: 0.000015
[GPU cuda:1][TRAIN] Epoch: [4][2100/2480], Elapsed 9m 58s (remain 1m 47s), Accuracy: 100.000(71.614), Loss: 0.149(0.689), LR: 0.000014
[GPU cuda:1][TRAIN] Epoch: [4][2150/2480], Elapsed 10m 12s (remain 1m 33s), Accuracy: 60.000(71.808), Loss: 0.775(0.684), LR: 0.000014
[GPU cuda:1][TRAIN] Epoch: [4][2200/2480], Elapsed 10m 27s (remain 1m 19s), Accuracy: 60.000(71.867), Loss: 0.597(0.682), LR: 0.000014
[GPU cuda:1][TRAIN] Epoch: [4][2250/2480], Elapsed 10m 41s (remain 1m 5s), Accuracy: 60.000(71.915), Loss: 0.863(0.682), LR: 0.000013
[GPU cuda:1][TRAIN] Epoch: [4][2300/2480], Elapsed 10m 55s (remain 0m 51s), Accuracy: 80.000(72.047), Loss: 0.367(0.680), LR: 0.000013
[GPU cuda:1][TRAIN] Epoch: [4][2350/2480], Elapsed 11m 10s (remain 0m 36s), Accuracy: 80.000(72.123), Loss: 0.621(0.678), LR: 0.000013
[GPU cuda:1][TRAIN] Epoch: [4][2400/2480], Elapsed 11m 24s (remain 0m 22s), Accuracy: 60.000(72.295), Loss: 0.591(0.676), LR: 0.000012
[GPU cuda:1][TRAIN] Epoch: [4][2450/2480], Elapsed 11m 38s (remain 0m 8s), Accuracy: 80.000(72.517), Loss: 0.467(0.672), LR: 0.000012
[GPU cuda:1][TRAIN] Epoch: [4][2479/2480], Elapsed 11m 46s (remain 0m 0s), Accuracy: 40.000(72.540), Loss: 2.389(0.672), LR: 0.000012
[GPU cuda:1][VALID][0/97], Elapsed 0m 1s (remain 2m 13s), Accuracy: 75.000(75.000), Batch Loss: 0.7549, Average Loss: 0.7549
[GPU cuda:1][VALID][50/97], Elapsed 0m 48s (remain 0m 44s), Accuracy: 84.375(74.203), Batch Loss: 0.4338, Average Loss: 0.6542
[GPU cuda:1][VALID][96/97], Elapsed 1m 33s (remain 0m 0s), Accuracy: 78.571(73.716), Batch Loss: 0.4313, Average Loss: 0.6691
Valid Labels Samples: [2 0 1 4 1 0 3 1 4 3]
Valid Predictions Samples: [2, 0, 1, 3, 1, 0, 3, 1, 3, 0]
Epoch 4 - Train Average Loss: 72.540, Valid Average Loss: 73.716, Epoch Time: 801.993s
Epoch 4 - Accuracy: 0.737, Precision: 0.740, Recall: 0.737
Saved Best Model: 0.74
[GPU cuda:1][TRAIN] Epoch: [5][0/2480], Elapsed 0m 0s (remain 25m 50s), Accuracy: 80.000(80.000), Loss: 0.587(0.587), LR: 0.000012
[GPU cuda:1][TRAIN] Epoch: [5][50/2480], Elapsed 0m 15s (remain 11m 59s), Accuracy: 60.000(79.608), Loss: 0.987(0.497), LR: 0.000011
[GPU cuda:1][TRAIN] Epoch: [5][100/2480], Elapsed 0m 29s (remain 11m 32s), Accuracy: 80.000(78.218), Loss: 0.587(0.548), LR: 0.000011
[GPU cuda:1][TRAIN] Epoch: [5][150/2480], Elapsed 0m 43s (remain 11m 13s), Accuracy: 80.000(76.689), Loss: 0.657(0.568), LR: 0.000011
[GPU cuda:1][TRAIN] Epoch: [5][200/2480], Elapsed 0m 57s (remain 10m 56s), Accuracy: 60.000(75.622), Loss: 0.742(0.592), LR: 0.000010
[GPU cuda:1][TRAIN] Epoch: [5][250/2480], Elapsed 1m 12s (remain 10m 41s), Accuracy: 100.000(75.618), Loss: 0.054(0.589), LR: 0.000010
[GPU cuda:1][TRAIN] Epoch: [5][300/2480], Elapsed 1m 26s (remain 10m 25s), Accuracy: 20.000(75.017), Loss: 1.298(0.591), LR: 0.000010
[GPU cuda:1][TRAIN] Epoch: [5][350/2480], Elapsed 1m 40s (remain 10m 10s), Accuracy: 60.000(74.416), Loss: 0.786(0.600), LR: 0.000009
[GPU cuda:1][TRAIN] Epoch: [5][400/2480], Elapsed 1m 54s (remain 9m 55s), Accuracy: 80.000(74.813), Loss: 0.622(0.595), LR: 0.000009
[GPU cuda:1][TRAIN] Epoch: [5][450/2480], Elapsed 2m 9s (remain 9m 41s), Accuracy: 80.000(75.033), Loss: 0.471(0.599), LR: 0.000009
[GPU cuda:1][TRAIN] Epoch: [5][500/2480], Elapsed 2m 23s (remain 9m 26s), Accuracy: 40.000(75.210), Loss: 0.828(0.595), LR: 0.000009
[GPU cuda:1][TRAIN] Epoch: [5][550/2480], Elapsed 2m 37s (remain 9m 11s), Accuracy: 100.000(75.100), Loss: 0.065(0.602), LR: 0.000008
[GPU cuda:1][TRAIN] Epoch: [5][600/2480], Elapsed 2m 51s (remain 8m 57s), Accuracy: 100.000(74.975), Loss: 0.067(0.606), LR: 0.000008
[GPU cuda:1][TRAIN] Epoch: [5][650/2480], Elapsed 3m 6s (remain 8m 42s), Accuracy: 100.000(74.839), Loss: 0.035(0.607), LR: 0.000008
[GPU cuda:1][TRAIN] Epoch: [5][700/2480], Elapsed 3m 20s (remain 8m 28s), Accuracy: 80.000(74.807), Loss: 0.283(0.611), LR: 0.000007
[GPU cuda:1][TRAIN] Epoch: [5][750/2480], Elapsed 3m 34s (remain 8m 13s), Accuracy: 100.000(74.700), Loss: 0.132(0.612), LR: 0.000007
[GPU cuda:1][TRAIN] Epoch: [5][800/2480], Elapsed 3m 48s (remain 7m 59s), Accuracy: 100.000(75.131), Loss: 0.222(0.606), LR: 0.000007
[GPU cuda:1][TRAIN] Epoch: [5][850/2480], Elapsed 4m 2s (remain 7m 45s), Accuracy: 60.000(75.394), Loss: 0.669(0.599), LR: 0.000006
[GPU cuda:1][TRAIN] Epoch: [5][900/2480], Elapsed 4m 17s (remain 7m 30s), Accuracy: 80.000(75.516), Loss: 0.532(0.597), LR: 0.000006
[GPU cuda:1][TRAIN] Epoch: [5][950/2480], Elapsed 4m 31s (remain 7m 16s), Accuracy: 80.000(75.752), Loss: 0.721(0.591), LR: 0.000006
[GPU cuda:1][TRAIN] Epoch: [5][1000/2480], Elapsed 4m 45s (remain 7m 1s), Accuracy: 60.000(75.724), Loss: 0.788(0.590), LR: 0.000006
[GPU cuda:1][TRAIN] Epoch: [5][1050/2480], Elapsed 4m 59s (remain 6m 47s), Accuracy: 80.000(75.852), Loss: 0.659(0.588), LR: 0.000005
[GPU cuda:1][TRAIN] Epoch: [5][1100/2480], Elapsed 5m 13s (remain 6m 33s), Accuracy: 80.000(75.949), Loss: 0.308(0.584), LR: 0.000005
[GPU cuda:1][TRAIN] Epoch: [5][1150/2480], Elapsed 5m 28s (remain 6m 18s), Accuracy: 80.000(75.882), Loss: 0.518(0.584), LR: 0.000005
[GPU cuda:1][TRAIN] Epoch: [5][1200/2480], Elapsed 5m 42s (remain 6m 4s), Accuracy: 100.000(76.187), Loss: 0.337(0.578), LR: 0.000005
[GPU cuda:1][TRAIN] Epoch: [5][1250/2480], Elapsed 5m 56s (remain 5m 50s), Accuracy: 60.000(76.227), Loss: 0.931(0.577), LR: 0.000004
[GPU cuda:1][TRAIN] Epoch: [5][1300/2480], Elapsed 6m 10s (remain 5m 36s), Accuracy: 80.000(76.495), Loss: 0.211(0.572), LR: 0.000004
[GPU cuda:1][TRAIN] Epoch: [5][1350/2480], Elapsed 6m 25s (remain 5m 21s), Accuracy: 100.000(76.669), Loss: 0.036(0.568), LR: 0.000004
[GPU cuda:1][TRAIN] Epoch: [5][1400/2480], Elapsed 6m 39s (remain 5m 7s), Accuracy: 80.000(76.645), Loss: 0.437(0.568), LR: 0.000004
[GPU cuda:1][TRAIN] Epoch: [5][1450/2480], Elapsed 6m 53s (remain 4m 53s), Accuracy: 100.000(76.926), Loss: 0.313(0.564), LR: 0.000004
[GPU cuda:1][TRAIN] Epoch: [5][1500/2480], Elapsed 7m 7s (remain 4m 38s), Accuracy: 100.000(77.002), Loss: 0.114(0.562), LR: 0.000003
[GPU cuda:1][TRAIN] Epoch: [5][1550/2480], Elapsed 7m 21s (remain 4m 24s), Accuracy: 100.000(77.150), Loss: 0.105(0.558), LR: 0.000003
[GPU cuda:1][TRAIN] Epoch: [5][1600/2480], Elapsed 7m 35s (remain 4m 10s), Accuracy: 100.000(77.314), Loss: 0.204(0.556), LR: 0.000003
[GPU cuda:1][TRAIN] Epoch: [5][1650/2480], Elapsed 7m 50s (remain 3m 56s), Accuracy: 100.000(77.614), Loss: 0.198(0.550), LR: 0.000003
[GPU cuda:1][TRAIN] Epoch: [5][1700/2480], Elapsed 8m 4s (remain 3m 41s), Accuracy: 100.000(77.648), Loss: 0.281(0.550), LR: 0.000003
[GPU cuda:1][TRAIN] Epoch: [5][1750/2480], Elapsed 8m 18s (remain 3m 27s), Accuracy: 80.000(77.818), Loss: 0.616(0.548), LR: 0.000002
[GPU cuda:1][TRAIN] Epoch: [5][1800/2480], Elapsed 8m 32s (remain 3m 13s), Accuracy: 80.000(77.835), Loss: 0.342(0.546), LR: 0.000002
[GPU cuda:1][TRAIN] Epoch: [5][1850/2480], Elapsed 8m 46s (remain 2m 59s), Accuracy: 60.000(77.904), Loss: 0.492(0.545), LR: 0.000002
[GPU cuda:1][TRAIN] Epoch: [5][1900/2480], Elapsed 9m 0s (remain 2m 44s), Accuracy: 80.000(78.085), Loss: 0.365(0.541), LR: 0.000002
[GPU cuda:1][TRAIN] Epoch: [5][1950/2480], Elapsed 9m 15s (remain 2m 30s), Accuracy: 80.000(78.124), Loss: 0.705(0.540), LR: 0.000002
[GPU cuda:1][TRAIN] Epoch: [5][2000/2480], Elapsed 9m 29s (remain 2m 16s), Accuracy: 100.000(78.221), Loss: 0.493(0.538), LR: 0.000002
[GPU cuda:1][TRAIN] Epoch: [5][2050/2480], Elapsed 9m 43s (remain 2m 2s), Accuracy: 60.000(78.225), Loss: 0.775(0.537), LR: 0.000002
[GPU cuda:1][TRAIN] Epoch: [5][2100/2480], Elapsed 9m 57s (remain 1m 47s), Accuracy: 100.000(78.515), Loss: 0.078(0.531), LR: 0.000002
[GPU cuda:1][TRAIN] Epoch: [5][2150/2480], Elapsed 10m 11s (remain 1m 33s), Accuracy: 80.000(78.596), Loss: 0.577(0.528), LR: 0.000001
[GPU cuda:1][TRAIN] Epoch: [5][2200/2480], Elapsed 10m 26s (remain 1m 19s), Accuracy: 60.000(78.664), Loss: 0.492(0.526), LR: 0.000001
[GPU cuda:1][TRAIN] Epoch: [5][2250/2480], Elapsed 10m 40s (remain 1m 5s), Accuracy: 80.000(78.623), Loss: 0.798(0.527), LR: 0.000001
[GPU cuda:1][TRAIN] Epoch: [5][2300/2480], Elapsed 10m 54s (remain 0m 50s), Accuracy: 80.000(78.688), Loss: 0.380(0.525), LR: 0.000001
[GPU cuda:1][TRAIN] Epoch: [5][2350/2480], Elapsed 11m 8s (remain 0m 36s), Accuracy: 100.000(78.766), Loss: 0.363(0.524), LR: 0.000001
[GPU cuda:1][TRAIN] Epoch: [5][2400/2480], Elapsed 11m 22s (remain 0m 22s), Accuracy: 80.000(78.925), Loss: 0.487(0.522), LR: 0.000001
[GPU cuda:1][TRAIN] Epoch: [5][2450/2480], Elapsed 11m 36s (remain 0m 8s), Accuracy: 100.000(79.070), Loss: 0.166(0.519), LR: 0.000001
[GPU cuda:1][TRAIN] Epoch: [5][2479/2480], Elapsed 11m 45s (remain 0m 0s), Accuracy: 60.000(79.121), Loss: 1.115(0.518), LR: 0.000001
[GPU cuda:1][VALID][0/97], Elapsed 0m 1s (remain 2m 12s), Accuracy: 78.125(78.125), Batch Loss: 0.7308, Average Loss: 0.7308
[GPU cuda:1][VALID][50/97], Elapsed 0m 48s (remain 0m 43s), Accuracy: 84.375(75.000), Batch Loss: 0.3604, Average Loss: 0.6477
[GPU cuda:1][VALID][96/97], Elapsed 1m 32s (remain 0m 0s), Accuracy: 82.143(74.945), Batch Loss: 0.3880, Average Loss: 0.6662
Valid Labels Samples: [2 0 1 4 1 0 3 1 4 3]
Valid Predictions Samples: [2, 0, 1, 3, 1, 0, 3, 1, 3, 0]
Epoch 5 - Train Average Loss: 79.121, Valid Average Loss: 74.945, Epoch Time: 799.635s
Epoch 5 - Accuracy: 0.749, Precision: 0.755, Recall: 0.749
Saved Best Model: 0.75
[GPU cuda:1][TRAIN] Epoch: [6][0/2480], Elapsed 0m 0s (remain 26m 9s), Accuracy: 80.000(80.000), Loss: 0.332(0.332), LR: 0.000001
[GPU cuda:1][TRAIN] Epoch: [6][50/2480], Elapsed 0m 15s (remain 11m 54s), Accuracy: 60.000(82.745), Loss: 0.929(0.404), LR: 0.000001
[GPU cuda:1][TRAIN] Epoch: [6][100/2480], Elapsed 0m 29s (remain 11m 28s), Accuracy: 80.000(81.782), Loss: 0.658(0.410), LR: 0.000001
[GPU cuda:1][TRAIN] Epoch: [6][150/2480], Elapsed 0m 43s (remain 11m 9s), Accuracy: 60.000(81.192), Loss: 0.752(0.431), LR: 0.000001
[GPU cuda:1][TRAIN] Epoch: [6][200/2480], Elapsed 0m 57s (remain 10m 53s), Accuracy: 80.000(80.199), Loss: 0.653(0.465), LR: 0.000030
[GPU cuda:1][TRAIN] Epoch: [6][250/2480], Elapsed 1m 11s (remain 10m 37s), Accuracy: 80.000(79.602), Loss: 0.363(0.480), LR: 0.000030
[GPU cuda:1][TRAIN] Epoch: [6][300/2480], Elapsed 1m 25s (remain 10m 22s), Accuracy: 40.000(78.804), Loss: 1.301(0.493), LR: 0.000030
[GPU cuda:1][TRAIN] Epoch: [6][350/2480], Elapsed 1m 40s (remain 10m 7s), Accuracy: 80.000(76.239), Loss: 0.545(0.551), LR: 0.000030
[GPU cuda:1][TRAIN] Epoch: [6][400/2480], Elapsed 1m 54s (remain 9m 52s), Accuracy: 40.000(75.362), Loss: 1.044(0.574), LR: 0.000030
[GPU cuda:1][TRAIN] Epoch: [6][450/2480], Elapsed 2m 8s (remain 9m 38s), Accuracy: 60.000(75.122), Loss: 1.257(0.587), LR: 0.000030
[GPU cuda:1][TRAIN] Epoch: [6][500/2480], Elapsed 2m 22s (remain 9m 23s), Accuracy: 40.000(74.970), Loss: 1.011(0.592), LR: 0.000030
[GPU cuda:1][TRAIN] Epoch: [6][550/2480], Elapsed 2m 36s (remain 9m 9s), Accuracy: 100.000(74.955), Loss: 0.231(0.604), LR: 0.000030
[GPU cuda:1][TRAIN] Epoch: [6][600/2480], Elapsed 2m 51s (remain 8m 54s), Accuracy: 100.000(74.709), Loss: 0.056(0.610), LR: 0.000030
[GPU cuda:1][TRAIN] Epoch: [6][650/2480], Elapsed 3m 5s (remain 8m 40s), Accuracy: 100.000(74.347), Loss: 0.065(0.617), LR: 0.000030
[GPU cuda:1][TRAIN] Epoch: [6][700/2480], Elapsed 3m 19s (remain 8m 25s), Accuracy: 100.000(73.980), Loss: 0.240(0.625), LR: 0.000030
[GPU cuda:1][TRAIN] Epoch: [6][750/2480], Elapsed 3m 33s (remain 8m 11s), Accuracy: 100.000(73.981), Loss: 0.210(0.630), LR: 0.000030
[GPU cuda:1][TRAIN] Epoch: [6][800/2480], Elapsed 3m 47s (remain 7m 57s), Accuracy: 100.000(74.157), Loss: 0.293(0.628), LR: 0.000030
[GPU cuda:1][TRAIN] Epoch: [6][850/2480], Elapsed 4m 1s (remain 7m 43s), Accuracy: 60.000(74.007), Loss: 0.870(0.630), LR: 0.000030
[GPU cuda:1][TRAIN] Epoch: [6][900/2480], Elapsed 4m 16s (remain 7m 28s), Accuracy: 80.000(74.095), Loss: 0.643(0.629), LR: 0.000030
[GPU cuda:1][TRAIN] Epoch: [6][950/2480], Elapsed 4m 30s (remain 7m 14s), Accuracy: 40.000(74.090), Loss: 1.248(0.628), LR: 0.000030
[GPU cuda:1][TRAIN] Epoch: [6][1000/2480], Elapsed 4m 44s (remain 7m 0s), Accuracy: 60.000(74.026), Loss: 0.956(0.629), LR: 0.000030
[GPU cuda:1][TRAIN] Epoch: [6][1050/2480], Elapsed 4m 58s (remain 6m 46s), Accuracy: 80.000(74.120), Loss: 0.686(0.629), LR: 0.000030
[GPU cuda:1][TRAIN] Epoch: [6][1100/2480], Elapsed 5m 12s (remain 6m 31s), Accuracy: 80.000(74.223), Loss: 0.492(0.625), LR: 0.000030
[GPU cuda:1][TRAIN] Epoch: [6][1150/2480], Elapsed 5m 26s (remain 6m 17s), Accuracy: 80.000(74.092), Loss: 0.549(0.627), LR: 0.000030
[GPU cuda:1][TRAIN] Epoch: [6][1200/2480], Elapsed 5m 41s (remain 6m 3s), Accuracy: 80.000(74.255), Loss: 0.417(0.623), LR: 0.000030
[GPU cuda:1][TRAIN] Epoch: [6][1250/2480], Elapsed 5m 55s (remain 5m 49s), Accuracy: 40.000(74.165), Loss: 0.829(0.627), LR: 0.000030
[GPU cuda:1][TRAIN] Epoch: [6][1300/2480], Elapsed 6m 9s (remain 5m 34s), Accuracy: 60.000(74.266), Loss: 0.847(0.625), LR: 0.000029
[GPU cuda:1][TRAIN] Epoch: [6][1350/2480], Elapsed 6m 23s (remain 5m 20s), Accuracy: 100.000(74.330), Loss: 0.082(0.623), LR: 0.000029
[GPU cuda:1][TRAIN] Epoch: [6][1400/2480], Elapsed 6m 37s (remain 5m 6s), Accuracy: 60.000(74.318), Loss: 0.579(0.625), LR: 0.000029
[GPU cuda:1][TRAIN] Epoch: [6][1450/2480], Elapsed 6m 52s (remain 4m 52s), Accuracy: 100.000(74.473), Loss: 0.368(0.623), LR: 0.000029
[GPU cuda:1][TRAIN] Epoch: [6][1500/2480], Elapsed 7m 6s (remain 4m 38s), Accuracy: 80.000(74.524), Loss: 0.397(0.622), LR: 0.000029
[GPU cuda:1][TRAIN] Epoch: [6][1550/2480], Elapsed 7m 20s (remain 4m 23s), Accuracy: 80.000(74.442), Loss: 0.396(0.621), LR: 0.000029
[GPU cuda:1][TRAIN] Epoch: [6][1600/2480], Elapsed 7m 34s (remain 4m 9s), Accuracy: 100.000(74.478), Loss: 0.321(0.621), LR: 0.000029
[GPU cuda:1][TRAIN] Epoch: [6][1650/2480], Elapsed 7m 49s (remain 3m 55s), Accuracy: 100.000(74.730), Loss: 0.227(0.616), LR: 0.000029
[GPU cuda:1][TRAIN] Epoch: [6][1700/2480], Elapsed 8m 3s (remain 3m 41s), Accuracy: 100.000(74.721), Loss: 0.394(0.618), LR: 0.000029
[GPU cuda:1][TRAIN] Epoch: [6][1750/2480], Elapsed 8m 17s (remain 3m 27s), Accuracy: 60.000(74.723), Loss: 1.025(0.619), LR: 0.000029
[GPU cuda:1][TRAIN] Epoch: [6][1800/2480], Elapsed 8m 31s (remain 3m 12s), Accuracy: 80.000(74.736), Loss: 0.294(0.618), LR: 0.000029
[GPU cuda:1][TRAIN] Epoch: [6][1850/2480], Elapsed 8m 45s (remain 2m 58s), Accuracy: 80.000(74.652), Loss: 0.467(0.618), LR: 0.000029
[GPU cuda:1][TRAIN] Epoch: [6][1900/2480], Elapsed 9m 0s (remain 2m 44s), Accuracy: 60.000(74.687), Loss: 0.709(0.618), LR: 0.000029
[GPU cuda:1][TRAIN] Epoch: [6][1950/2480], Elapsed 9m 14s (remain 2m 30s), Accuracy: 100.000(74.608), Loss: 0.221(0.620), LR: 0.000029
[GPU cuda:1][TRAIN] Epoch: [6][2000/2480], Elapsed 9m 28s (remain 2m 16s), Accuracy: 60.000(74.633), Loss: 0.828(0.618), LR: 0.000029
[GPU cuda:1][TRAIN] Epoch: [6][2050/2480], Elapsed 9m 42s (remain 2m 1s), Accuracy: 60.000(74.412), Loss: 1.046(0.623), LR: 0.000029
[GPU cuda:1][TRAIN] Epoch: [6][2100/2480], Elapsed 9m 57s (remain 1m 47s), Accuracy: 100.000(74.536), Loss: 0.214(0.621), LR: 0.000028
[GPU cuda:1][TRAIN] Epoch: [6][2150/2480], Elapsed 10m 11s (remain 1m 33s), Accuracy: 80.000(74.616), Loss: 0.608(0.618), LR: 0.000028
[GPU cuda:1][TRAIN] Epoch: [6][2200/2480], Elapsed 10m 25s (remain 1m 19s), Accuracy: 60.000(74.612), Loss: 0.662(0.619), LR: 0.000028
[GPU cuda:1][TRAIN] Epoch: [6][2250/2480], Elapsed 10m 39s (remain 1m 5s), Accuracy: 80.000(74.500), Loss: 0.758(0.621), LR: 0.000028
[GPU cuda:1][TRAIN] Epoch: [6][2300/2480], Elapsed 10m 54s (remain 0m 50s), Accuracy: 60.000(74.533), Loss: 0.577(0.620), LR: 0.000028
[GPU cuda:1][TRAIN] Epoch: [6][2350/2480], Elapsed 11m 8s (remain 0m 36s), Accuracy: 100.000(74.513), Loss: 0.356(0.621), LR: 0.000028
[GPU cuda:1][TRAIN] Epoch: [6][2400/2480], Elapsed 11m 22s (remain 0m 22s), Accuracy: 80.000(74.602), Loss: 0.752(0.619), LR: 0.000028
[GPU cuda:1][TRAIN] Epoch: [6][2450/2480], Elapsed 11m 36s (remain 0m 8s), Accuracy: 80.000(74.688), Loss: 0.618(0.618), LR: 0.000028
[GPU cuda:1][TRAIN] Epoch: [6][2479/2480], Elapsed 11m 45s (remain 0m 0s), Accuracy: 40.000(74.661), Loss: 2.112(0.619), LR: 0.000028
[GPU cuda:1][VALID][0/97], Elapsed 0m 1s (remain 2m 12s), Accuracy: 75.000(75.000), Batch Loss: 0.7241, Average Loss: 0.7241
[GPU cuda:1][VALID][50/97], Elapsed 0m 48s (remain 0m 44s), Accuracy: 81.250(73.836), Batch Loss: 0.3912, Average Loss: 0.6745
[GPU cuda:1][VALID][96/97], Elapsed 1m 33s (remain 0m 0s), Accuracy: 78.571(73.394), Batch Loss: 0.4429, Average Loss: 0.6861
Valid Labels Samples: [2 0 1 4 1 0 3 1 4 3]
Valid Predictions Samples: [2, 0, 1, 3, 1, 0, 3, 1, 3, 0]
Epoch 6 - Train Average Loss: 74.661, Valid Average Loss: 73.394, Epoch Time: 800.292s
Epoch 6 - Accuracy: 0.734, Precision: 0.741, Recall: 0.734
[GPU cuda:1][TRAIN] Epoch: [7][0/2480], Elapsed 0m 0s (remain 26m 23s), Accuracy: 80.000(80.000), Loss: 0.435(0.435), LR: 0.000028
[GPU cuda:1][TRAIN] Epoch: [7][50/2480], Elapsed 0m 15s (remain 12m 0s), Accuracy: 80.000(78.039), Loss: 0.692(0.529), LR: 0.000028
[GPU cuda:1][TRAIN] Epoch: [7][100/2480], Elapsed 0m 29s (remain 11m 33s), Accuracy: 80.000(75.842), Loss: 0.678(0.587), LR: 0.000028
[GPU cuda:1][TRAIN] Epoch: [7][150/2480], Elapsed 0m 43s (remain 11m 14s), Accuracy: 80.000(75.364), Loss: 0.696(0.617), LR: 0.000027
[GPU cuda:1][TRAIN] Epoch: [7][200/2480], Elapsed 0m 57s (remain 10m 57s), Accuracy: 60.000(74.328), Loss: 0.692(0.644), LR: 0.000027
[GPU cuda:1][TRAIN] Epoch: [7][250/2480], Elapsed 1m 12s (remain 10m 41s), Accuracy: 100.000(74.263), Loss: 0.176(0.643), LR: 0.000027
[GPU cuda:1][TRAIN] Epoch: [7][300/2480], Elapsed 1m 26s (remain 10m 26s), Accuracy: 60.000(74.485), Loss: 0.955(0.635), LR: 0.000027
[GPU cuda:1][TRAIN] Epoch: [7][350/2480], Elapsed 1m 40s (remain 10m 10s), Accuracy: 100.000(74.359), Loss: 0.152(0.634), LR: 0.000027
[GPU cuda:1][TRAIN] Epoch: [7][400/2480], Elapsed 1m 54s (remain 9m 56s), Accuracy: 80.000(74.514), Loss: 0.565(0.631), LR: 0.000027
[GPU cuda:1][TRAIN] Epoch: [7][450/2480], Elapsed 2m 9s (remain 9m 41s), Accuracy: 100.000(74.412), Loss: 0.269(0.634), LR: 0.000027
[GPU cuda:1][TRAIN] Epoch: [7][500/2480], Elapsed 2m 23s (remain 9m 26s), Accuracy: 20.000(74.890), Loss: 1.037(0.622), LR: 0.000027
[GPU cuda:1][TRAIN] Epoch: [7][550/2480], Elapsed 2m 37s (remain 9m 12s), Accuracy: 100.000(74.592), Loss: 0.068(0.627), LR: 0.000027
[GPU cuda:1][TRAIN] Epoch: [7][600/2480], Elapsed 2m 51s (remain 8m 57s), Accuracy: 100.000(74.309), Loss: 0.073(0.629), LR: 0.000027
[GPU cuda:1][TRAIN] Epoch: [7][650/2480], Elapsed 3m 6s (remain 8m 42s), Accuracy: 100.000(74.224), Loss: 0.056(0.630), LR: 0.000026
[GPU cuda:1][TRAIN] Epoch: [7][700/2480], Elapsed 3m 20s (remain 8m 28s), Accuracy: 80.000(74.237), Loss: 0.392(0.631), LR: 0.000026
[GPU cuda:1][TRAIN] Epoch: [7][750/2480], Elapsed 3m 34s (remain 8m 14s), Accuracy: 100.000(74.088), Loss: 0.128(0.633), LR: 0.000026
[GPU cuda:1][TRAIN] Epoch: [7][800/2480], Elapsed 3m 48s (remain 7m 59s), Accuracy: 80.000(74.532), Loss: 0.251(0.624), LR: 0.000026
[GPU cuda:1][TRAIN] Epoch: [7][850/2480], Elapsed 4m 3s (remain 7m 45s), Accuracy: 80.000(74.994), Loss: 0.523(0.616), LR: 0.000026
[GPU cuda:1][TRAIN] Epoch: [7][900/2480], Elapsed 4m 17s (remain 7m 31s), Accuracy: 80.000(75.117), Loss: 0.725(0.614), LR: 0.000026
[GPU cuda:1][TRAIN] Epoch: [7][950/2480], Elapsed 4m 31s (remain 7m 16s), Accuracy: 60.000(75.394), Loss: 0.837(0.609), LR: 0.000026
[GPU cuda:1][TRAIN] Epoch: [7][1000/2480], Elapsed 4m 45s (remain 7m 2s), Accuracy: 40.000(75.185), Loss: 0.915(0.609), LR: 0.000026
[GPU cuda:1][TRAIN] Epoch: [7][1050/2480], Elapsed 5m 0s (remain 6m 48s), Accuracy: 80.000(75.357), Loss: 0.645(0.605), LR: 0.000025
[GPU cuda:1][TRAIN] Epoch: [7][1100/2480], Elapsed 5m 14s (remain 6m 33s), Accuracy: 80.000(75.404), Loss: 0.468(0.601), LR: 0.000025
[GPU cuda:1][TRAIN] Epoch: [7][1150/2480], Elapsed 5m 28s (remain 6m 19s), Accuracy: 60.000(75.361), Loss: 0.631(0.601), LR: 0.000025
[GPU cuda:1][TRAIN] Epoch: [7][1200/2480], Elapsed 5m 42s (remain 6m 5s), Accuracy: 100.000(75.637), Loss: 0.319(0.595), LR: 0.000025
[GPU cuda:1][TRAIN] Epoch: [7][1250/2480], Elapsed 5m 57s (remain 5m 50s), Accuracy: 80.000(75.604), Loss: 0.580(0.596), LR: 0.000025
[GPU cuda:1][TRAIN] Epoch: [7][1300/2480], Elapsed 6m 11s (remain 5m 36s), Accuracy: 60.000(75.603), Loss: 0.602(0.595), LR: 0.000025
[GPU cuda:1][TRAIN] Epoch: [7][1350/2480], Elapsed 6m 25s (remain 5m 22s), Accuracy: 100.000(75.840), Loss: 0.031(0.589), LR: 0.000025
[GPU cuda:1][TRAIN] Epoch: [7][1400/2480], Elapsed 6m 39s (remain 5m 7s), Accuracy: 60.000(75.803), Loss: 0.430(0.591), LR: 0.000024
[GPU cuda:1][TRAIN] Epoch: [7][1450/2480], Elapsed 6m 53s (remain 4m 53s), Accuracy: 100.000(76.058), Loss: 0.411(0.587), LR: 0.000024
[GPU cuda:1][TRAIN] Epoch: [7][1500/2480], Elapsed 7m 8s (remain 4m 39s), Accuracy: 100.000(76.189), Loss: 0.071(0.584), LR: 0.000024
[GPU cuda:1][TRAIN] Epoch: [7][1550/2480], Elapsed 7m 22s (remain 4m 24s), Accuracy: 100.000(76.273), Loss: 0.191(0.582), LR: 0.000024
[GPU cuda:1][TRAIN] Epoch: [7][1600/2480], Elapsed 7m 36s (remain 4m 10s), Accuracy: 100.000(76.390), Loss: 0.180(0.579), LR: 0.000024
[GPU cuda:1][TRAIN] Epoch: [7][1650/2480], Elapsed 7m 50s (remain 3m 56s), Accuracy: 100.000(76.620), Loss: 0.191(0.574), LR: 0.000024
[GPU cuda:1][TRAIN] Epoch: [7][1700/2480], Elapsed 8m 4s (remain 3m 42s), Accuracy: 80.000(76.696), Loss: 0.453(0.573), LR: 0.000024
[GPU cuda:1][TRAIN] Epoch: [7][1750/2480], Elapsed 8m 19s (remain 3m 27s), Accuracy: 60.000(76.893), Loss: 0.368(0.569), LR: 0.000023
[GPU cuda:1][TRAIN] Epoch: [7][1800/2480], Elapsed 8m 33s (remain 3m 13s), Accuracy: 60.000(76.968), Loss: 0.748(0.568), LR: 0.000023
[GPU cuda:1][TRAIN] Epoch: [7][1850/2480], Elapsed 8m 47s (remain 2m 59s), Accuracy: 100.000(76.985), Loss: 0.253(0.568), LR: 0.000023
[GPU cuda:1][TRAIN] Epoch: [7][1900/2480], Elapsed 9m 1s (remain 2m 44s), Accuracy: 60.000(77.012), Loss: 0.952(0.567), LR: 0.000023
[GPU cuda:1][TRAIN] Epoch: [7][1950/2480], Elapsed 9m 15s (remain 2m 30s), Accuracy: 80.000(76.986), Loss: 0.747(0.568), LR: 0.000023
[GPU cuda:1][TRAIN] Epoch: [7][2000/2480], Elapsed 9m 30s (remain 2m 16s), Accuracy: 60.000(77.071), Loss: 0.539(0.565), LR: 0.000023
[GPU cuda:1][TRAIN] Epoch: [7][2050/2480], Elapsed 9m 44s (remain 2m 2s), Accuracy: 60.000(77.016), Loss: 0.777(0.567), LR: 0.000023
[GPU cuda:1][TRAIN] Epoch: [7][2100/2480], Elapsed 9m 58s (remain 1m 47s), Accuracy: 100.000(77.220), Loss: 0.073(0.563), LR: 0.000022
[GPU cuda:1][TRAIN] Epoch: [7][2150/2480], Elapsed 10m 12s (remain 1m 33s), Accuracy: 80.000(77.406), Loss: 0.578(0.559), LR: 0.000022
[GPU cuda:1][TRAIN] Epoch: [7][2200/2480], Elapsed 10m 26s (remain 1m 19s), Accuracy: 40.000(77.410), Loss: 0.695(0.558), LR: 0.000022
[GPU cuda:1][TRAIN] Epoch: [7][2250/2480], Elapsed 10m 41s (remain 1m 5s), Accuracy: 80.000(77.352), Loss: 0.602(0.560), LR: 0.000022
[GPU cuda:1][TRAIN] Epoch: [7][2300/2480], Elapsed 10m 55s (remain 0m 50s), Accuracy: 80.000(77.392), Loss: 0.294(0.559), LR: 0.000022
[GPU cuda:1][TRAIN] Epoch: [7][2350/2480], Elapsed 11m 9s (remain 0m 36s), Accuracy: 100.000(77.439), Loss: 0.237(0.558), LR: 0.000022
[GPU cuda:1][TRAIN] Epoch: [7][2400/2480], Elapsed 11m 23s (remain 0m 22s), Accuracy: 60.000(77.576), Loss: 0.857(0.557), LR: 0.000021
[GPU cuda:1][TRAIN] Epoch: [7][2450/2480], Elapsed 11m 37s (remain 0m 8s), Accuracy: 100.000(77.772), Loss: 0.215(0.553), LR: 0.000021
[GPU cuda:1][TRAIN] Epoch: [7][2479/2480], Elapsed 11m 46s (remain 0m 0s), Accuracy: 60.000(77.782), Loss: 1.510(0.553), LR: 0.000021
[GPU cuda:1][VALID][0/97], Elapsed 0m 1s (remain 2m 20s), Accuracy: 84.375(84.375), Batch Loss: 0.7626, Average Loss: 0.7626
[GPU cuda:1][VALID][50/97], Elapsed 0m 48s (remain 0m 43s), Accuracy: 81.250(73.039), Batch Loss: 0.4910, Average Loss: 0.7394
[GPU cuda:1][VALID][96/97], Elapsed 1m 32s (remain 0m 0s), Accuracy: 71.429(72.740), Batch Loss: 0.4463, Average Loss: 0.7624
Valid Labels Samples: [2 0 1 4 1 0 3 1 4 3]
Valid Predictions Samples: [2, 0, 1, 3, 1, 0, 3, 1, 3, 0]
Epoch 7 - Train Average Loss: 77.782, Valid Average Loss: 72.740, Epoch Time: 800.621s
Epoch 7 - Accuracy: 0.727, Precision: 0.732, Recall: 0.727
[GPU cuda:1][TRAIN] Epoch: [8][0/2480], Elapsed 0m 0s (remain 25m 41s), Accuracy: 80.000(80.000), Loss: 0.451(0.451), LR: 0.000021
[GPU cuda:1][TRAIN] Epoch: [8][50/2480], Elapsed 0m 15s (remain 11m 55s), Accuracy: 40.000(82.353), Loss: 0.976(0.438), LR: 0.000021
[GPU cuda:1][TRAIN] Epoch: [8][100/2480], Elapsed 0m 29s (remain 11m 28s), Accuracy: 80.000(80.594), Loss: 0.748(0.468), LR: 0.000021
[GPU cuda:1][TRAIN] Epoch: [8][150/2480], Elapsed 0m 43s (remain 11m 9s), Accuracy: 60.000(79.073), Loss: 0.664(0.493), LR: 0.000021
[GPU cuda:1][TRAIN] Epoch: [8][200/2480], Elapsed 0m 57s (remain 10m 53s), Accuracy: 80.000(79.303), Loss: 0.414(0.506), LR: 0.000021
[GPU cuda:1][TRAIN] Epoch: [8][250/2480], Elapsed 1m 11s (remain 10m 37s), Accuracy: 100.000(80.558), Loss: 0.034(0.492), LR: 0.000020
[GPU cuda:1][TRAIN] Epoch: [8][300/2480], Elapsed 1m 26s (remain 10m 22s), Accuracy: 80.000(80.864), Loss: 0.632(0.482), LR: 0.000020
[GPU cuda:1][TRAIN] Epoch: [8][350/2480], Elapsed 1m 40s (remain 10m 7s), Accuracy: 100.000(80.570), Loss: 0.179(0.492), LR: 0.000020
[GPU cuda:1][TRAIN] Epoch: [8][400/2480], Elapsed 1m 54s (remain 9m 53s), Accuracy: 80.000(80.449), Loss: 0.631(0.493), LR: 0.000020
[GPU cuda:1][TRAIN] Epoch: [8][450/2480], Elapsed 2m 8s (remain 9m 38s), Accuracy: 80.000(80.266), Loss: 0.297(0.497), LR: 0.000020
[GPU cuda:1][TRAIN] Epoch: [8][500/2480], Elapsed 2m 22s (remain 9m 23s), Accuracy: 60.000(80.120), Loss: 0.817(0.497), LR: 0.000020
[GPU cuda:1][TRAIN] Epoch: [8][550/2480], Elapsed 2m 36s (remain 9m 9s), Accuracy: 100.000(79.891), Loss: 0.038(0.500), LR: 0.000019
[GPU cuda:1][TRAIN] Epoch: [8][600/2480], Elapsed 2m 51s (remain 8m 54s), Accuracy: 100.000(79.700), Loss: 0.260(0.504), LR: 0.000019
[GPU cuda:1][TRAIN] Epoch: [8][650/2480], Elapsed 3m 5s (remain 8m 40s), Accuracy: 100.000(79.508), Loss: 0.053(0.508), LR: 0.000019
[GPU cuda:1][TRAIN] Epoch: [8][700/2480], Elapsed 3m 19s (remain 8m 26s), Accuracy: 100.000(79.572), Loss: 0.222(0.509), LR: 0.000019
[GPU cuda:1][TRAIN] Epoch: [8][750/2480], Elapsed 3m 33s (remain 8m 11s), Accuracy: 100.000(79.601), Loss: 0.101(0.510), LR: 0.000019
[GPU cuda:1][TRAIN] Epoch: [8][800/2480], Elapsed 3m 47s (remain 7m 57s), Accuracy: 80.000(79.875), Loss: 0.230(0.505), LR: 0.000018
[GPU cuda:1][TRAIN] Epoch: [8][850/2480], Elapsed 4m 1s (remain 7m 42s), Accuracy: 80.000(80.118), Loss: 0.441(0.498), LR: 0.000018
[GPU cuda:1][TRAIN] Epoch: [8][900/2480], Elapsed 4m 16s (remain 7m 28s), Accuracy: 80.000(80.289), Loss: 1.114(0.494), LR: 0.000018
[GPU cuda:1][TRAIN] Epoch: [8][950/2480], Elapsed 4m 30s (remain 7m 14s), Accuracy: 80.000(80.463), Loss: 0.594(0.490), LR: 0.000018
[GPU cuda:1][TRAIN] Epoch: [8][1000/2480], Elapsed 4m 44s (remain 7m 0s), Accuracy: 80.000(80.340), Loss: 0.960(0.490), LR: 0.000018
[GPU cuda:1][TRAIN] Epoch: [8][1050/2480], Elapsed 4m 58s (remain 6m 45s), Accuracy: 100.000(80.571), Loss: 0.411(0.487), LR: 0.000018
[GPU cuda:1][TRAIN] Epoch: [8][1100/2480], Elapsed 5m 12s (remain 6m 31s), Accuracy: 100.000(80.708), Loss: 0.179(0.483), LR: 0.000017
[GPU cuda:1][TRAIN] Epoch: [8][1150/2480], Elapsed 5m 26s (remain 6m 17s), Accuracy: 80.000(80.695), Loss: 0.302(0.483), LR: 0.000017
[GPU cuda:1][TRAIN] Epoch: [8][1200/2480], Elapsed 5m 41s (remain 6m 3s), Accuracy: 100.000(80.949), Loss: 0.283(0.478), LR: 0.000017
[GPU cuda:1][TRAIN] Epoch: [8][1250/2480], Elapsed 5m 55s (remain 5m 48s), Accuracy: 60.000(80.719), Loss: 0.634(0.483), LR: 0.000017
[GPU cuda:1][TRAIN] Epoch: [8][1300/2480], Elapsed 6m 9s (remain 5m 34s), Accuracy: 80.000(80.846), Loss: 0.240(0.480), LR: 0.000017
[GPU cuda:1][TRAIN] Epoch: [8][1350/2480], Elapsed 6m 23s (remain 5m 20s), Accuracy: 100.000(81.051), Loss: 0.018(0.476), LR: 0.000017
[GPU cuda:1][TRAIN] Epoch: [8][1400/2480], Elapsed 6m 37s (remain 5m 6s), Accuracy: 80.000(81.085), Loss: 0.243(0.476), LR: 0.000016
[GPU cuda:1][TRAIN] Epoch: [8][1450/2480], Elapsed 6m 51s (remain 4m 52s), Accuracy: 80.000(81.282), Loss: 0.469(0.473), LR: 0.000016
[GPU cuda:1][TRAIN] Epoch: [8][1500/2480], Elapsed 7m 6s (remain 4m 37s), Accuracy: 100.000(81.399), Loss: 0.033(0.471), LR: 0.000016
[GPU cuda:1][TRAIN] Epoch: [8][1550/2480], Elapsed 7m 20s (remain 4m 23s), Accuracy: 100.000(81.470), Loss: 0.123(0.468), LR: 0.000016
[GPU cuda:1][TRAIN] Epoch: [8][1600/2480], Elapsed 7m 34s (remain 4m 9s), Accuracy: 80.000(81.449), Loss: 0.207(0.468), LR: 0.000016
[GPU cuda:1][TRAIN] Epoch: [8][1650/2480], Elapsed 7m 48s (remain 3m 55s), Accuracy: 100.000(81.684), Loss: 0.083(0.463), LR: 0.000015
[GPU cuda:1][TRAIN] Epoch: [8][1700/2480], Elapsed 8m 2s (remain 3m 41s), Accuracy: 80.000(81.764), Loss: 0.323(0.462), LR: 0.000015
[GPU cuda:1][TRAIN] Epoch: [8][1750/2480], Elapsed 8m 16s (remain 3m 26s), Accuracy: 100.000(81.873), Loss: 0.168(0.459), LR: 0.000015
[GPU cuda:1][TRAIN] Epoch: [8][1800/2480], Elapsed 8m 31s (remain 3m 12s), Accuracy: 80.000(81.977), Loss: 0.591(0.457), LR: 0.000015
[GPU cuda:1][TRAIN] Epoch: [8][1850/2480], Elapsed 8m 45s (remain 2m 58s), Accuracy: 100.000(82.053), Loss: 0.208(0.455), LR: 0.000015
[GPU cuda:1][TRAIN] Epoch: [8][1900/2480], Elapsed 8m 59s (remain 2m 44s), Accuracy: 80.000(82.104), Loss: 0.359(0.454), LR: 0.000015
[GPU cuda:1][TRAIN] Epoch: [8][1950/2480], Elapsed 9m 13s (remain 2m 30s), Accuracy: 60.000(82.081), Loss: 0.684(0.455), LR: 0.000014
[GPU cuda:1][TRAIN] Epoch: [8][2000/2480], Elapsed 9m 27s (remain 2m 15s), Accuracy: 60.000(82.149), Loss: 0.610(0.452), LR: 0.000014
[GPU cuda:1][TRAIN] Epoch: [8][2050/2480], Elapsed 9m 41s (remain 2m 1s), Accuracy: 60.000(82.175), Loss: 0.874(0.452), LR: 0.000014
[GPU cuda:1][TRAIN] Epoch: [8][2100/2480], Elapsed 9m 56s (remain 1m 47s), Accuracy: 100.000(82.351), Loss: 0.058(0.448), LR: 0.000014
[GPU cuda:1][TRAIN] Epoch: [8][2150/2480], Elapsed 10m 10s (remain 1m 33s), Accuracy: 100.000(82.464), Loss: 0.325(0.445), LR: 0.000014
[GPU cuda:1][TRAIN] Epoch: [8][2200/2480], Elapsed 10m 24s (remain 1m 19s), Accuracy: 80.000(82.572), Loss: 0.576(0.443), LR: 0.000014
[GPU cuda:1][TRAIN] Epoch: [8][2250/2480], Elapsed 10m 38s (remain 1m 4s), Accuracy: 80.000(82.470), Loss: 0.292(0.445), LR: 0.000013
[GPU cuda:1][TRAIN] Epoch: [8][2300/2480], Elapsed 10m 52s (remain 0m 50s), Accuracy: 100.000(82.555), Loss: 0.122(0.444), LR: 0.000013
[GPU cuda:1][TRAIN] Epoch: [8][2350/2480], Elapsed 11m 6s (remain 0m 36s), Accuracy: 100.000(82.603), Loss: 0.174(0.443), LR: 0.000013
[GPU cuda:1][TRAIN] Epoch: [8][2400/2480], Elapsed 11m 21s (remain 0m 22s), Accuracy: 100.000(82.699), Loss: 0.490(0.442), LR: 0.000013
[GPU cuda:1][TRAIN] Epoch: [8][2450/2480], Elapsed 11m 35s (remain 0m 8s), Accuracy: 100.000(82.872), Loss: 0.070(0.438), LR: 0.000013
[GPU cuda:1][TRAIN] Epoch: [8][2479/2480], Elapsed 11m 43s (remain 0m 0s), Accuracy: 80.000(82.919), Loss: 0.266(0.437), LR: 0.000013
[GPU cuda:1][VALID][0/97], Elapsed 0m 1s (remain 2m 10s), Accuracy: 75.000(75.000), Batch Loss: 0.7693, Average Loss: 0.7693
[GPU cuda:1][VALID][50/97], Elapsed 0m 48s (remain 0m 43s), Accuracy: 75.000(72.365), Batch Loss: 0.6877, Average Loss: 0.8142
[GPU cuda:1][VALID][96/97], Elapsed 1m 32s (remain 0m 0s), Accuracy: 85.714(72.050), Batch Loss: 0.3432, Average Loss: 0.8279
Valid Labels Samples: [2 0 1 4 1 0 3 1 4 3]
Valid Predictions Samples: [2, 0, 1, 3, 1, 0, 3, 1, 3, 0]
Epoch 8 - Train Average Loss: 82.919, Valid Average Loss: 72.050, Epoch Time: 797.747s
Epoch 8 - Accuracy: 0.720, Precision: 0.720, Recall: 0.720
